[2023-11-22T18:18:41.919+0000] {taskinstance.py:1165} INFO - Dependencies all met for <TaskInstance: user_processing.store_user scheduled__2023-11-21T00:00:00+00:00 [queued]>
[2023-11-22T18:18:42.017+0000] {taskinstance.py:1165} INFO - Dependencies all met for <TaskInstance: user_processing.store_user scheduled__2023-11-21T00:00:00+00:00 [queued]>
[2023-11-22T18:18:42.018+0000] {taskinstance.py:1362} INFO - 
--------------------------------------------------------------------------------
[2023-11-22T18:18:42.018+0000] {taskinstance.py:1363} INFO - Starting attempt 1 of 1
[2023-11-22T18:18:42.018+0000] {taskinstance.py:1364} INFO - 
--------------------------------------------------------------------------------
[2023-11-22T18:18:42.066+0000] {taskinstance.py:1383} INFO - Executing <Task(PythonOperator): store_user> on 2023-11-21 00:00:00+00:00
[2023-11-22T18:18:42.087+0000] {standard_task_runner.py:55} INFO - Started process 109 to run task
[2023-11-22T18:18:42.091+0000] {standard_task_runner.py:82} INFO - Running: ['***', 'tasks', 'run', 'user_processing', 'store_user', 'scheduled__2023-11-21T00:00:00+00:00', '--job-id', '74', '--raw', '--subdir', 'DAGS_FOLDER/user_processing.py', '--cfg-path', '/tmp/tmpkqdx5ztc']
[2023-11-22T18:18:42.102+0000] {standard_task_runner.py:83} INFO - Job 74: Subtask store_user
[2023-11-22T18:18:42.222+0000] {task_command.py:376} INFO - Running <TaskInstance: user_processing.store_user scheduled__2023-11-21T00:00:00+00:00 [running]> on host a2be93f5fdfa
[2023-11-22T18:18:42.370+0000] {taskinstance.py:1592} INFO - Exporting the following env vars:
AIRFLOW_CTX_DAG_OWNER=***
AIRFLOW_CTX_DAG_ID=user_processing
AIRFLOW_CTX_TASK_ID=store_user
AIRFLOW_CTX_EXECUTION_DATE=2023-11-21T00:00:00+00:00
AIRFLOW_CTX_TRY_NUMBER=1
AIRFLOW_CTX_DAG_RUN_ID=scheduled__2023-11-21T00:00:00+00:00
[2023-11-22T18:18:42.371+0000] {postgres.py:129} INFO - Running copy expert: COPY users FROM stdin WITH delimiter as ',', filename: /tmp/processed_user.csv
[2023-11-22T18:18:42.385+0000] {base.py:71} INFO - Using connection ID 'postgres' for task execution.
[2023-11-22T18:18:42.398+0000] {python.py:177} INFO - Done. Returned value was: None
[2023-11-22T18:18:42.411+0000] {taskinstance.py:1406} INFO - Marking task as SUCCESS. dag_id=user_processing, task_id=store_user, execution_date=20231121T000000, start_date=20231122T181841, end_date=20231122T181842
[2023-11-22T18:18:42.468+0000] {local_task_job.py:164} INFO - Task exited with return code 0
[2023-11-22T18:18:42.506+0000] {local_task_job.py:273} INFO - 0 downstream tasks scheduled from follow-on schedule check
