[2023-12-05T19:34:51.395+0000] {taskinstance.py:1165} INFO - Dependencies all met for <TaskInstance: xcom_dag.branch manual__2023-12-05T19:34:49.476512+00:00 [queued]>
[2023-12-05T19:34:51.403+0000] {taskinstance.py:1165} INFO - Dependencies all met for <TaskInstance: xcom_dag.branch manual__2023-12-05T19:34:49.476512+00:00 [queued]>
[2023-12-05T19:34:51.403+0000] {taskinstance.py:1362} INFO - 
--------------------------------------------------------------------------------
[2023-12-05T19:34:51.403+0000] {taskinstance.py:1363} INFO - Starting attempt 1 of 1
[2023-12-05T19:34:51.403+0000] {taskinstance.py:1364} INFO - 
--------------------------------------------------------------------------------
[2023-12-05T19:34:51.421+0000] {taskinstance.py:1383} INFO - Executing <Task(BranchPythonOperator): branch> on 2023-12-05 19:34:49.476512+00:00
[2023-12-05T19:34:51.427+0000] {standard_task_runner.py:55} INFO - Started process 5109 to run task
[2023-12-05T19:34:51.430+0000] {standard_task_runner.py:82} INFO - Running: ['***', 'tasks', 'run', 'xcom_dag', 'branch', 'manual__2023-12-05T19:34:49.476512+00:00', '--job-id', '261', '--raw', '--subdir', 'DAGS_FOLDER/xcom_dag.py', '--cfg-path', '/tmp/tmpalcvq3vk']
[2023-12-05T19:34:51.430+0000] {standard_task_runner.py:83} INFO - Job 261: Subtask branch
[2023-12-05T19:34:51.486+0000] {task_command.py:376} INFO - Running <TaskInstance: xcom_dag.branch manual__2023-12-05T19:34:49.476512+00:00 [running]> on host 29305dc74afc
[2023-12-05T19:34:51.555+0000] {taskinstance.py:1592} INFO - Exporting the following env vars:
AIRFLOW_CTX_DAG_OWNER=***
AIRFLOW_CTX_DAG_ID=xcom_dag
AIRFLOW_CTX_TASK_ID=branch
AIRFLOW_CTX_EXECUTION_DATE=2023-12-05T19:34:49.476512+00:00
AIRFLOW_CTX_TRY_NUMBER=1
AIRFLOW_CTX_DAG_RUN_ID=manual__2023-12-05T19:34:49.476512+00:00
[2023-12-05T19:34:51.565+0000] {python.py:177} INFO - Done. Returned value was: None
[2023-12-05T19:34:51.566+0000] {skipmixin.py:155} INFO - Following branch None
[2023-12-05T19:34:51.566+0000] {skipmixin.py:190} INFO - Skipping tasks ['t3', 't2']
[2023-12-05T19:34:51.606+0000] {taskinstance.py:1406} INFO - Marking task as SUCCESS. dag_id=xcom_dag, task_id=branch, execution_date=20231205T193449, start_date=20231205T193451, end_date=20231205T193451
[2023-12-05T19:34:51.641+0000] {local_task_job.py:164} INFO - Task exited with return code 0
[2023-12-05T19:34:51.664+0000] {local_task_job.py:273} INFO - 0 downstream tasks scheduled from follow-on schedule check
