[2023-12-03T07:56:34.812+0000] {taskinstance.py:1165} INFO - Dependencies all met for <TaskInstance: parallel_dag.extract_b scheduled__2023-11-25T00:00:00+00:00 [queued]>
[2023-12-03T07:56:34.965+0000] {taskinstance.py:1165} INFO - Dependencies all met for <TaskInstance: parallel_dag.extract_b scheduled__2023-11-25T00:00:00+00:00 [queued]>
[2023-12-03T07:56:34.967+0000] {taskinstance.py:1362} INFO - 
--------------------------------------------------------------------------------
[2023-12-03T07:56:34.978+0000] {taskinstance.py:1363} INFO - Starting attempt 1 of 1
[2023-12-03T07:56:34.979+0000] {taskinstance.py:1364} INFO - 
--------------------------------------------------------------------------------
[2023-12-03T07:56:35.152+0000] {taskinstance.py:1383} INFO - Executing <Task(BashOperator): extract_b> on 2023-11-25 00:00:00+00:00
[2023-12-03T07:56:35.258+0000] {standard_task_runner.py:55} INFO - Started process 87 to run task
[2023-12-03T07:56:35.290+0000] {standard_task_runner.py:82} INFO - Running: ['***', 'tasks', 'run', 'parallel_dag', 'extract_b', 'scheduled__2023-11-25T00:00:00+00:00', '--job-id', '168', '--raw', '--subdir', 'DAGS_FOLDER/parallel_dag.py', '--cfg-path', '/tmp/tmpbj1wu33f']
[2023-12-03T07:56:35.308+0000] {standard_task_runner.py:83} INFO - Job 168: Subtask extract_b
[2023-12-03T07:56:36.235+0000] {task_command.py:376} INFO - Running <TaskInstance: parallel_dag.extract_b scheduled__2023-11-25T00:00:00+00:00 [running]> on host 29305dc74afc
[2023-12-03T07:56:37.332+0000] {taskinstance.py:1592} INFO - Exporting the following env vars:
AIRFLOW_CTX_DAG_OWNER=***
AIRFLOW_CTX_DAG_ID=parallel_dag
AIRFLOW_CTX_TASK_ID=extract_b
AIRFLOW_CTX_EXECUTION_DATE=2023-11-25T00:00:00+00:00
AIRFLOW_CTX_TRY_NUMBER=1
AIRFLOW_CTX_DAG_RUN_ID=scheduled__2023-11-25T00:00:00+00:00
[2023-12-03T07:56:37.336+0000] {subprocess.py:63} INFO - Tmp dir root location: 
 /tmp
[2023-12-03T07:56:37.346+0000] {subprocess.py:75} INFO - Running command: ['/bin/bash', '-c', 'sleep 10']
[2023-12-03T07:56:37.630+0000] {subprocess.py:86} INFO - Output:
[2023-12-03T07:56:47.700+0000] {subprocess.py:97} INFO - Command exited with return code 0
[2023-12-03T07:56:47.906+0000] {taskinstance.py:1406} INFO - Marking task as SUCCESS. dag_id=parallel_dag, task_id=extract_b, execution_date=20231125T000000, start_date=20231203T075634, end_date=20231203T075647
[2023-12-03T07:56:48.101+0000] {local_task_job.py:164} INFO - Task exited with return code 0
[2023-12-03T07:56:48.263+0000] {local_task_job.py:273} INFO - 1 downstream tasks scheduled from follow-on schedule check
