[2023-11-25T20:03:56.277+0000] {taskinstance.py:1165} INFO - Dependencies all met for <TaskInstance: parallel_dag.transform scheduled__2023-11-23T00:00:00+00:00 [queued]>
[2023-11-25T20:03:56.297+0000] {taskinstance.py:1165} INFO - Dependencies all met for <TaskInstance: parallel_dag.transform scheduled__2023-11-23T00:00:00+00:00 [queued]>
[2023-11-25T20:03:56.298+0000] {taskinstance.py:1362} INFO - 
--------------------------------------------------------------------------------
[2023-11-25T20:03:56.298+0000] {taskinstance.py:1363} INFO - Starting attempt 1 of 1
[2023-11-25T20:03:56.299+0000] {taskinstance.py:1364} INFO - 
--------------------------------------------------------------------------------
[2023-11-25T20:03:56.397+0000] {taskinstance.py:1383} INFO - Executing <Task(BashOperator): transform> on 2023-11-23 00:00:00+00:00
[2023-11-25T20:03:56.419+0000] {standard_task_runner.py:55} INFO - Started process 147 to run task
[2023-11-25T20:03:56.426+0000] {standard_task_runner.py:82} INFO - Running: ['***', 'tasks', 'run', 'parallel_dag', 'transform', 'scheduled__2023-11-23T00:00:00+00:00', '--job-id', '128', '--raw', '--subdir', 'DAGS_FOLDER/parallel_dag.py', '--cfg-path', '/tmp/tmp1xikyi6_']
[2023-11-25T20:03:56.435+0000] {standard_task_runner.py:83} INFO - Job 128: Subtask transform
[2023-11-25T20:03:56.645+0000] {task_command.py:376} INFO - Running <TaskInstance: parallel_dag.transform scheduled__2023-11-23T00:00:00+00:00 [running]> on host bf9b25df297d
[2023-11-25T20:03:56.834+0000] {taskinstance.py:1592} INFO - Exporting the following env vars:
AIRFLOW_CTX_DAG_OWNER=***
AIRFLOW_CTX_DAG_ID=parallel_dag
AIRFLOW_CTX_TASK_ID=transform
AIRFLOW_CTX_EXECUTION_DATE=2023-11-23T00:00:00+00:00
AIRFLOW_CTX_TRY_NUMBER=1
AIRFLOW_CTX_DAG_RUN_ID=scheduled__2023-11-23T00:00:00+00:00
[2023-11-25T20:03:56.835+0000] {subprocess.py:63} INFO - Tmp dir root location: 
 /tmp
[2023-11-25T20:03:56.836+0000] {subprocess.py:75} INFO - Running command: ['/bin/bash', '-c', 'sleep 30']
[2023-11-25T20:03:56.859+0000] {subprocess.py:86} INFO - Output:
[2023-11-25T20:04:26.865+0000] {subprocess.py:97} INFO - Command exited with return code 0
[2023-11-25T20:04:26.897+0000] {taskinstance.py:1406} INFO - Marking task as SUCCESS. dag_id=parallel_dag, task_id=transform, execution_date=20231123T000000, start_date=20231125T200356, end_date=20231125T200426
[2023-11-25T20:04:26.956+0000] {local_task_job.py:164} INFO - Task exited with return code 0
[2023-11-25T20:04:26.990+0000] {local_task_job.py:273} INFO - 0 downstream tasks scheduled from follow-on schedule check
