[2023-12-05T18:54:39.731+0000] {taskinstance.py:1165} INFO - Dependencies all met for <TaskInstance: group_dag.transforms.transform_c scheduled__2023-12-04T00:00:00+00:00 [None]>
[2023-12-05T18:54:39.738+0000] {taskinstance.py:1165} INFO - Dependencies all met for <TaskInstance: group_dag.transforms.transform_c scheduled__2023-12-04T00:00:00+00:00 [None]>
[2023-12-05T18:54:39.738+0000] {taskinstance.py:1362} INFO - 
--------------------------------------------------------------------------------
[2023-12-05T18:54:39.738+0000] {taskinstance.py:1363} INFO - Starting attempt 1 of 1
[2023-12-05T18:54:39.738+0000] {taskinstance.py:1364} INFO - 
--------------------------------------------------------------------------------
[2023-12-05T18:54:39.756+0000] {taskinstance.py:1383} INFO - Executing <Task(BashOperator): transform_c> on 2023-12-04 00:00:00+00:00
[2023-12-05T18:54:39.763+0000] {standard_task_runner.py:55} INFO - Started process 3152 to run task
[2023-12-05T18:54:39.766+0000] {standard_task_runner.py:82} INFO - Running: ['***', 'tasks', 'run', 'group_dag.transforms', 'transform_c', 'scheduled__2023-12-04T00:00:00+00:00', '--job-id', '243', '--pool', 'default_pool', '--raw', '--subdir', 'DAGS_FOLDER/group_dag.py', '--cfg-path', '/tmp/tmpkp_xhjh4']
[2023-12-05T18:54:39.766+0000] {standard_task_runner.py:83} INFO - Job 243: Subtask transform_c
[2023-12-05T18:54:39.825+0000] {task_command.py:376} INFO - Running <TaskInstance: group_dag.transforms.transform_c scheduled__2023-12-04T00:00:00+00:00 [running]> on host 29305dc74afc
[2023-12-05T18:54:39.917+0000] {taskinstance.py:1592} INFO - Exporting the following env vars:
AIRFLOW_CTX_DAG_OWNER=***
AIRFLOW_CTX_DAG_ID=group_dag.transforms
AIRFLOW_CTX_TASK_ID=transform_c
AIRFLOW_CTX_EXECUTION_DATE=2023-12-04T00:00:00+00:00
AIRFLOW_CTX_TRY_NUMBER=1
AIRFLOW_CTX_DAG_RUN_ID=scheduled__2023-12-04T00:00:00+00:00
[2023-12-05T18:54:39.919+0000] {subprocess.py:63} INFO - Tmp dir root location: 
 /tmp
[2023-12-05T18:54:39.919+0000] {subprocess.py:75} INFO - Running command: ['/bin/bash', '-c', 'sleep 10']
[2023-12-05T18:54:39.938+0000] {subprocess.py:86} INFO - Output:
[2023-12-05T18:54:49.944+0000] {subprocess.py:97} INFO - Command exited with return code 0
[2023-12-05T18:54:49.973+0000] {taskinstance.py:1406} INFO - Marking task as SUCCESS. dag_id=group_dag.transforms, task_id=transform_c, execution_date=20231204T000000, start_date=20231205T185439, end_date=20231205T185449
[2023-12-05T18:54:50.002+0000] {local_task_job.py:164} INFO - Task exited with return code 0
[2023-12-05T18:54:50.024+0000] {local_task_job.py:273} INFO - 0 downstream tasks scheduled from follow-on schedule check
