[2023-12-21T12:34:29.091+0000] {taskinstance.py:1165} INFO - Dependencies all met for <TaskInstance: xcom_dag.t1 scheduled__2023-12-18T00:00:00+00:00 [queued]>
[2023-12-21T12:34:29.166+0000] {taskinstance.py:1165} INFO - Dependencies all met for <TaskInstance: xcom_dag.t1 scheduled__2023-12-18T00:00:00+00:00 [queued]>
[2023-12-21T12:34:29.166+0000] {taskinstance.py:1362} INFO - 
--------------------------------------------------------------------------------
[2023-12-21T12:34:29.166+0000] {taskinstance.py:1363} INFO - Starting attempt 1 of 1
[2023-12-21T12:34:29.166+0000] {taskinstance.py:1364} INFO - 
--------------------------------------------------------------------------------
[2023-12-21T12:34:29.402+0000] {taskinstance.py:1383} INFO - Executing <Task(PythonOperator): t1> on 2023-12-18 00:00:00+00:00
[2023-12-21T12:34:29.436+0000] {standard_task_runner.py:55} INFO - Started process 95 to run task
[2023-12-21T12:34:29.474+0000] {standard_task_runner.py:82} INFO - Running: ['***', 'tasks', 'run', 'xcom_dag', 't1', 'scheduled__2023-12-18T00:00:00+00:00', '--job-id', '302', '--raw', '--subdir', 'DAGS_FOLDER/xcom_dag.py', '--cfg-path', '/tmp/tmpmg472jcw']
[2023-12-21T12:34:29.491+0000] {standard_task_runner.py:83} INFO - Job 302: Subtask t1
[2023-12-21T12:34:29.861+0000] {task_command.py:376} INFO - Running <TaskInstance: xcom_dag.t1 scheduled__2023-12-18T00:00:00+00:00 [running]> on host facebf18dc20
[2023-12-21T12:34:30.434+0000] {taskinstance.py:1592} INFO - Exporting the following env vars:
AIRFLOW_CTX_DAG_OWNER=***
AIRFLOW_CTX_DAG_ID=xcom_dag
AIRFLOW_CTX_TASK_ID=t1
AIRFLOW_CTX_EXECUTION_DATE=2023-12-18T00:00:00+00:00
AIRFLOW_CTX_TRY_NUMBER=1
AIRFLOW_CTX_DAG_RUN_ID=scheduled__2023-12-18T00:00:00+00:00
[2023-12-21T12:34:30.566+0000] {logging_mixin.py:120} INFO - None
[2023-12-21T12:34:30.566+0000] {python.py:177} INFO - Done. Returned value was: None
[2023-12-21T12:34:30.659+0000] {taskinstance.py:1406} INFO - Marking task as SUCCESS. dag_id=xcom_dag, task_id=t1, execution_date=20231218T000000, start_date=20231221T123429, end_date=20231221T123430
[2023-12-21T12:34:30.970+0000] {local_task_job.py:164} INFO - Task exited with return code 0
[2023-12-21T12:34:31.309+0000] {local_task_job.py:273} INFO - 1 downstream tasks scheduled from follow-on schedule check
