[2023-12-05T19:07:39.134+0000] {taskinstance.py:1165} INFO - Dependencies all met for <TaskInstance: taskgroup_dag.downloads.download_c scheduled__2023-12-04T00:00:00+00:00 [queued]>
[2023-12-05T19:07:39.144+0000] {taskinstance.py:1165} INFO - Dependencies all met for <TaskInstance: taskgroup_dag.downloads.download_c scheduled__2023-12-04T00:00:00+00:00 [queued]>
[2023-12-05T19:07:39.144+0000] {taskinstance.py:1362} INFO - 
--------------------------------------------------------------------------------
[2023-12-05T19:07:39.144+0000] {taskinstance.py:1363} INFO - Starting attempt 1 of 1
[2023-12-05T19:07:39.144+0000] {taskinstance.py:1364} INFO - 
--------------------------------------------------------------------------------
[2023-12-05T19:07:39.162+0000] {taskinstance.py:1383} INFO - Executing <Task(BashOperator): downloads.download_c> on 2023-12-04 00:00:00+00:00
[2023-12-05T19:07:39.170+0000] {standard_task_runner.py:55} INFO - Started process 3784 to run task
[2023-12-05T19:07:39.174+0000] {standard_task_runner.py:82} INFO - Running: ['***', 'tasks', 'run', 'taskgroup_dag', 'downloads.download_c', 'scheduled__2023-12-04T00:00:00+00:00', '--job-id', '246', '--raw', '--subdir', 'DAGS_FOLDER/taskgroup_dag.py', '--cfg-path', '/tmp/tmpgrsacf5t']
[2023-12-05T19:07:39.174+0000] {standard_task_runner.py:83} INFO - Job 246: Subtask downloads.download_c
[2023-12-05T19:07:39.244+0000] {task_command.py:376} INFO - Running <TaskInstance: taskgroup_dag.downloads.download_c scheduled__2023-12-04T00:00:00+00:00 [running]> on host 29305dc74afc
[2023-12-05T19:07:39.333+0000] {taskinstance.py:1592} INFO - Exporting the following env vars:
AIRFLOW_CTX_DAG_OWNER=***
AIRFLOW_CTX_DAG_ID=taskgroup_dag
AIRFLOW_CTX_TASK_ID=downloads.download_c
AIRFLOW_CTX_EXECUTION_DATE=2023-12-04T00:00:00+00:00
AIRFLOW_CTX_TRY_NUMBER=1
AIRFLOW_CTX_DAG_RUN_ID=scheduled__2023-12-04T00:00:00+00:00
[2023-12-05T19:07:39.333+0000] {subprocess.py:63} INFO - Tmp dir root location: 
 /tmp
[2023-12-05T19:07:39.334+0000] {subprocess.py:75} INFO - Running command: ['/bin/bash', '-c', 'sleep 10']
[2023-12-05T19:07:39.345+0000] {subprocess.py:86} INFO - Output:
[2023-12-05T19:07:49.349+0000] {subprocess.py:97} INFO - Command exited with return code 0
[2023-12-05T19:07:49.382+0000] {taskinstance.py:1406} INFO - Marking task as SUCCESS. dag_id=taskgroup_dag, task_id=downloads.download_c, execution_date=20231204T000000, start_date=20231205T190739, end_date=20231205T190749
[2023-12-05T19:07:49.443+0000] {local_task_job.py:164} INFO - Task exited with return code 0
[2023-12-05T19:07:49.491+0000] {local_task_job.py:273} INFO - 0 downstream tasks scheduled from follow-on schedule check
