[2023-12-05T19:19:45.757+0000] {taskinstance.py:1165} INFO - Dependencies all met for <TaskInstance: xcom_dag.t3 scheduled__2023-12-04T00:00:00+00:00 [queued]>
[2023-12-05T19:19:45.764+0000] {taskinstance.py:1165} INFO - Dependencies all met for <TaskInstance: xcom_dag.t3 scheduled__2023-12-04T00:00:00+00:00 [queued]>
[2023-12-05T19:19:45.764+0000] {taskinstance.py:1362} INFO - 
--------------------------------------------------------------------------------
[2023-12-05T19:19:45.764+0000] {taskinstance.py:1363} INFO - Starting attempt 1 of 1
[2023-12-05T19:19:45.765+0000] {taskinstance.py:1364} INFO - 
--------------------------------------------------------------------------------
[2023-12-05T19:19:45.784+0000] {taskinstance.py:1383} INFO - Executing <Task(BashOperator): t3> on 2023-12-04 00:00:00+00:00
[2023-12-05T19:19:45.807+0000] {standard_task_runner.py:55} INFO - Started process 4384 to run task
[2023-12-05T19:19:45.813+0000] {standard_task_runner.py:82} INFO - Running: ['***', 'tasks', 'run', 'xcom_dag', 't3', 'scheduled__2023-12-04T00:00:00+00:00', '--job-id', '253', '--raw', '--subdir', 'DAGS_FOLDER/xcom_dag.py', '--cfg-path', '/tmp/tmp_7lzp8dx']
[2023-12-05T19:19:45.813+0000] {standard_task_runner.py:83} INFO - Job 253: Subtask t3
[2023-12-05T19:19:45.895+0000] {task_command.py:376} INFO - Running <TaskInstance: xcom_dag.t3 scheduled__2023-12-04T00:00:00+00:00 [running]> on host 29305dc74afc
[2023-12-05T19:19:46.005+0000] {taskinstance.py:1592} INFO - Exporting the following env vars:
AIRFLOW_CTX_DAG_OWNER=***
AIRFLOW_CTX_DAG_ID=xcom_dag
AIRFLOW_CTX_TASK_ID=t3
AIRFLOW_CTX_EXECUTION_DATE=2023-12-04T00:00:00+00:00
AIRFLOW_CTX_TRY_NUMBER=1
AIRFLOW_CTX_DAG_RUN_ID=scheduled__2023-12-04T00:00:00+00:00
[2023-12-05T19:19:46.008+0000] {subprocess.py:63} INFO - Tmp dir root location: 
 /tmp
[2023-12-05T19:19:46.009+0000] {subprocess.py:75} INFO - Running command: ['/bin/bash', '-c', "echo ''"]
[2023-12-05T19:19:46.030+0000] {subprocess.py:86} INFO - Output:
[2023-12-05T19:19:46.033+0000] {subprocess.py:93} INFO - 
[2023-12-05T19:19:46.034+0000] {subprocess.py:97} INFO - Command exited with return code 0
[2023-12-05T19:19:46.081+0000] {taskinstance.py:1406} INFO - Marking task as SUCCESS. dag_id=xcom_dag, task_id=t3, execution_date=20231204T000000, start_date=20231205T191945, end_date=20231205T191946
[2023-12-05T19:19:46.146+0000] {local_task_job.py:164} INFO - Task exited with return code 0
[2023-12-05T19:19:46.178+0000] {local_task_job.py:273} INFO - 0 downstream tasks scheduled from follow-on schedule check
