[2023-12-05T19:43:43.312+0000] {taskinstance.py:1165} INFO - Dependencies all met for <TaskInstance: xcom_dag.t4 manual__2023-12-05T19:43:39.874175+00:00 [queued]>
[2023-12-05T19:43:43.320+0000] {taskinstance.py:1165} INFO - Dependencies all met for <TaskInstance: xcom_dag.t4 manual__2023-12-05T19:43:39.874175+00:00 [queued]>
[2023-12-05T19:43:43.320+0000] {taskinstance.py:1362} INFO - 
--------------------------------------------------------------------------------
[2023-12-05T19:43:43.320+0000] {taskinstance.py:1363} INFO - Starting attempt 1 of 1
[2023-12-05T19:43:43.320+0000] {taskinstance.py:1364} INFO - 
--------------------------------------------------------------------------------
[2023-12-05T19:43:43.339+0000] {taskinstance.py:1383} INFO - Executing <Task(BashOperator): t4> on 2023-12-05 19:43:39.874175+00:00
[2023-12-05T19:43:43.346+0000] {standard_task_runner.py:55} INFO - Started process 5549 to run task
[2023-12-05T19:43:43.349+0000] {standard_task_runner.py:82} INFO - Running: ['***', 'tasks', 'run', 'xcom_dag', 't4', 'manual__2023-12-05T19:43:39.874175+00:00', '--job-id', '268', '--raw', '--subdir', 'DAGS_FOLDER/xcom_dag.py', '--cfg-path', '/tmp/tmp8bked2ah']
[2023-12-05T19:43:43.349+0000] {standard_task_runner.py:83} INFO - Job 268: Subtask t4
[2023-12-05T19:43:43.404+0000] {task_command.py:376} INFO - Running <TaskInstance: xcom_dag.t4 manual__2023-12-05T19:43:39.874175+00:00 [running]> on host 29305dc74afc
[2023-12-05T19:43:43.482+0000] {taskinstance.py:1592} INFO - Exporting the following env vars:
AIRFLOW_CTX_DAG_OWNER=***
AIRFLOW_CTX_DAG_ID=xcom_dag
AIRFLOW_CTX_TASK_ID=t4
AIRFLOW_CTX_EXECUTION_DATE=2023-12-05T19:43:39.874175+00:00
AIRFLOW_CTX_TRY_NUMBER=1
AIRFLOW_CTX_DAG_RUN_ID=manual__2023-12-05T19:43:39.874175+00:00
[2023-12-05T19:43:43.484+0000] {subprocess.py:63} INFO - Tmp dir root location: 
 /tmp
[2023-12-05T19:43:43.484+0000] {subprocess.py:75} INFO - Running command: ['/bin/bash', '-c', "echo ''"]
[2023-12-05T19:43:43.498+0000] {subprocess.py:86} INFO - Output:
[2023-12-05T19:43:43.500+0000] {subprocess.py:93} INFO - 
[2023-12-05T19:43:43.501+0000] {subprocess.py:97} INFO - Command exited with return code 0
[2023-12-05T19:43:43.531+0000] {taskinstance.py:1406} INFO - Marking task as SUCCESS. dag_id=xcom_dag, task_id=t4, execution_date=20231205T194339, start_date=20231205T194343, end_date=20231205T194343
[2023-12-05T19:43:43.600+0000] {local_task_job.py:164} INFO - Task exited with return code 0
[2023-12-05T19:43:43.626+0000] {local_task_job.py:273} INFO - 0 downstream tasks scheduled from follow-on schedule check
