[2023-11-22T20:19:34.133+0000] {taskinstance.py:1165} INFO - Dependencies all met for <TaskInstance: parallel_dag.load_b manual__2023-11-22T20:19:21.529541+00:00 [queued]>
[2023-11-22T20:19:34.144+0000] {taskinstance.py:1165} INFO - Dependencies all met for <TaskInstance: parallel_dag.load_b manual__2023-11-22T20:19:21.529541+00:00 [queued]>
[2023-11-22T20:19:34.144+0000] {taskinstance.py:1362} INFO - 
--------------------------------------------------------------------------------
[2023-11-22T20:19:34.144+0000] {taskinstance.py:1363} INFO - Starting attempt 1 of 1
[2023-11-22T20:19:34.145+0000] {taskinstance.py:1364} INFO - 
--------------------------------------------------------------------------------
[2023-11-22T20:19:34.169+0000] {taskinstance.py:1383} INFO - Executing <Task(BashOperator): load_b> on 2023-11-22 20:19:21.529541+00:00
[2023-11-22T20:19:34.176+0000] {standard_task_runner.py:55} INFO - Started process 341 to run task
[2023-11-22T20:19:34.180+0000] {standard_task_runner.py:82} INFO - Running: ['***', 'tasks', 'run', 'parallel_dag', 'load_b', 'manual__2023-11-22T20:19:21.529541+00:00', '--job-id', '99', '--raw', '--subdir', 'DAGS_FOLDER/parallel_dag.py', '--cfg-path', '/tmp/tmpjoxquh69']
[2023-11-22T20:19:34.180+0000] {standard_task_runner.py:83} INFO - Job 99: Subtask load_b
[2023-11-22T20:19:34.239+0000] {task_command.py:376} INFO - Running <TaskInstance: parallel_dag.load_b manual__2023-11-22T20:19:21.529541+00:00 [running]> on host 29305dc74afc
[2023-11-22T20:19:34.318+0000] {taskinstance.py:1592} INFO - Exporting the following env vars:
AIRFLOW_CTX_DAG_OWNER=***
AIRFLOW_CTX_DAG_ID=parallel_dag
AIRFLOW_CTX_TASK_ID=load_b
AIRFLOW_CTX_EXECUTION_DATE=2023-11-22T20:19:21.529541+00:00
AIRFLOW_CTX_TRY_NUMBER=1
AIRFLOW_CTX_DAG_RUN_ID=manual__2023-11-22T20:19:21.529541+00:00
[2023-11-22T20:19:34.319+0000] {subprocess.py:63} INFO - Tmp dir root location: 
 /tmp
[2023-11-22T20:19:34.319+0000] {subprocess.py:75} INFO - Running command: ['/bin/bash', '-c', 'sleep 10']
[2023-11-22T20:19:34.334+0000] {subprocess.py:86} INFO - Output:
[2023-11-22T20:19:44.338+0000] {subprocess.py:97} INFO - Command exited with return code 0
[2023-11-22T20:19:44.367+0000] {taskinstance.py:1406} INFO - Marking task as SUCCESS. dag_id=parallel_dag, task_id=load_b, execution_date=20231122T201921, start_date=20231122T201934, end_date=20231122T201944
[2023-11-22T20:19:44.427+0000] {local_task_job.py:164} INFO - Task exited with return code 0
[2023-11-22T20:19:44.452+0000] {local_task_job.py:273} INFO - 1 downstream tasks scheduled from follow-on schedule check
