[2023-12-03T07:57:03.317+0000] {taskinstance.py:1165} INFO - Dependencies all met for <TaskInstance: parallel_dag.transform scheduled__2023-11-25T00:00:00+00:00 [queued]>
[2023-12-03T07:57:03.355+0000] {taskinstance.py:1165} INFO - Dependencies all met for <TaskInstance: parallel_dag.transform scheduled__2023-11-25T00:00:00+00:00 [queued]>
[2023-12-03T07:57:03.355+0000] {taskinstance.py:1362} INFO - 
--------------------------------------------------------------------------------
[2023-12-03T07:57:03.356+0000] {taskinstance.py:1363} INFO - Starting attempt 1 of 1
[2023-12-03T07:57:03.356+0000] {taskinstance.py:1364} INFO - 
--------------------------------------------------------------------------------
[2023-12-03T07:57:03.387+0000] {taskinstance.py:1383} INFO - Executing <Task(BashOperator): transform> on 2023-11-25 00:00:00+00:00
[2023-12-03T07:57:03.412+0000] {standard_task_runner.py:55} INFO - Started process 105 to run task
[2023-12-03T07:57:03.436+0000] {standard_task_runner.py:82} INFO - Running: ['***', 'tasks', 'run', 'parallel_dag', 'transform', 'scheduled__2023-11-25T00:00:00+00:00', '--job-id', '178', '--raw', '--subdir', 'DAGS_FOLDER/parallel_dag.py', '--cfg-path', '/tmp/tmpnhke1o46']
[2023-12-03T07:57:03.437+0000] {standard_task_runner.py:83} INFO - Job 178: Subtask transform
[2023-12-03T07:57:03.725+0000] {task_command.py:376} INFO - Running <TaskInstance: parallel_dag.transform scheduled__2023-11-25T00:00:00+00:00 [running]> on host bf9b25df297d
[2023-12-03T07:57:03.978+0000] {taskinstance.py:1592} INFO - Exporting the following env vars:
AIRFLOW_CTX_DAG_OWNER=***
AIRFLOW_CTX_DAG_ID=parallel_dag
AIRFLOW_CTX_TASK_ID=transform
AIRFLOW_CTX_EXECUTION_DATE=2023-11-25T00:00:00+00:00
AIRFLOW_CTX_TRY_NUMBER=1
AIRFLOW_CTX_DAG_RUN_ID=scheduled__2023-11-25T00:00:00+00:00
[2023-12-03T07:57:03.982+0000] {subprocess.py:63} INFO - Tmp dir root location: 
 /tmp
[2023-12-03T07:57:03.982+0000] {subprocess.py:75} INFO - Running command: ['/bin/bash', '-c', 'sleep 30']
[2023-12-03T07:57:04.041+0000] {subprocess.py:86} INFO - Output:
[2023-12-03T07:57:34.047+0000] {subprocess.py:97} INFO - Command exited with return code 0
[2023-12-03T07:57:34.077+0000] {taskinstance.py:1406} INFO - Marking task as SUCCESS. dag_id=parallel_dag, task_id=transform, execution_date=20231125T000000, start_date=20231203T075703, end_date=20231203T075734
[2023-12-03T07:57:34.122+0000] {local_task_job.py:164} INFO - Task exited with return code 0
[2023-12-03T07:57:34.143+0000] {local_task_job.py:273} INFO - 0 downstream tasks scheduled from follow-on schedule check
