[2023-12-18T16:41:49.335+0000] {taskinstance.py:1165} INFO - Dependencies all met for <TaskInstance: xcom_dag.t2 scheduled__2023-12-17T00:00:00+00:00 [queued]>
[2023-12-18T16:41:49.387+0000] {taskinstance.py:1165} INFO - Dependencies all met for <TaskInstance: xcom_dag.t2 scheduled__2023-12-17T00:00:00+00:00 [queued]>
[2023-12-18T16:41:49.391+0000] {taskinstance.py:1362} INFO - 
--------------------------------------------------------------------------------
[2023-12-18T16:41:49.391+0000] {taskinstance.py:1363} INFO - Starting attempt 1 of 1
[2023-12-18T16:41:49.391+0000] {taskinstance.py:1364} INFO - 
--------------------------------------------------------------------------------
[2023-12-18T16:41:49.462+0000] {taskinstance.py:1383} INFO - Executing <Task(PythonOperator): t2> on 2023-12-17 00:00:00+00:00
[2023-12-18T16:41:49.488+0000] {standard_task_runner.py:55} INFO - Started process 105 to run task
[2023-12-18T16:41:49.500+0000] {standard_task_runner.py:82} INFO - Running: ['***', 'tasks', 'run', 'xcom_dag', 't2', 'scheduled__2023-12-17T00:00:00+00:00', '--job-id', '294', '--raw', '--subdir', 'DAGS_FOLDER/xcom_dag.py', '--cfg-path', '/tmp/tmpsa4pr_a2']
[2023-12-18T16:41:49.507+0000] {standard_task_runner.py:83} INFO - Job 294: Subtask t2
[2023-12-18T16:41:49.671+0000] {task_command.py:376} INFO - Running <TaskInstance: xcom_dag.t2 scheduled__2023-12-17T00:00:00+00:00 [running]> on host facebf18dc20
[2023-12-18T16:41:49.892+0000] {taskinstance.py:1592} INFO - Exporting the following env vars:
AIRFLOW_CTX_DAG_OWNER=***
AIRFLOW_CTX_DAG_ID=xcom_dag
AIRFLOW_CTX_TASK_ID=t2
AIRFLOW_CTX_EXECUTION_DATE=2023-12-17T00:00:00+00:00
AIRFLOW_CTX_TRY_NUMBER=1
AIRFLOW_CTX_DAG_RUN_ID=scheduled__2023-12-17T00:00:00+00:00
[2023-12-18T16:41:49.913+0000] {python.py:177} INFO - Done. Returned value was: None
[2023-12-18T16:41:49.929+0000] {taskinstance.py:1406} INFO - Marking task as SUCCESS. dag_id=xcom_dag, task_id=t2, execution_date=20231217T000000, start_date=20231218T164149, end_date=20231218T164149
[2023-12-18T16:41:50.079+0000] {local_task_job.py:164} INFO - Task exited with return code 0
[2023-12-18T16:41:50.182+0000] {local_task_job.py:273} INFO - 1 downstream tasks scheduled from follow-on schedule check
