[2023-12-06T10:16:48.785+0000] {processor.py:154} INFO - Started process (PID=60) to work on /opt/airflow/dags/groups/group_downloads.py
[2023-12-06T10:16:48.786+0000] {processor.py:756} INFO - Processing file /opt/airflow/dags/groups/group_downloads.py for tasks to queue
[2023-12-06T10:16:48.787+0000] {logging_mixin.py:120} INFO - [2023-12-06T10:16:48.787+0000] {dagbag.py:537} INFO - Filling up the DagBag from /opt/airflow/dags/groups/group_downloads.py
[2023-12-06T10:16:48.793+0000] {processor.py:768} WARNING - No viable dags retrieved from /opt/airflow/dags/groups/group_downloads.py
[2023-12-06T10:16:48.808+0000] {processor.py:176} INFO - Processing /opt/airflow/dags/groups/group_downloads.py took 0.027 seconds
[2023-12-06T10:17:19.447+0000] {processor.py:154} INFO - Started process (PID=101) to work on /opt/airflow/dags/groups/group_downloads.py
[2023-12-06T10:17:19.447+0000] {processor.py:756} INFO - Processing file /opt/airflow/dags/groups/group_downloads.py for tasks to queue
[2023-12-06T10:17:19.448+0000] {logging_mixin.py:120} INFO - [2023-12-06T10:17:19.448+0000] {dagbag.py:537} INFO - Filling up the DagBag from /opt/airflow/dags/groups/group_downloads.py
[2023-12-06T10:17:19.453+0000] {processor.py:768} WARNING - No viable dags retrieved from /opt/airflow/dags/groups/group_downloads.py
[2023-12-06T10:17:19.465+0000] {processor.py:176} INFO - Processing /opt/airflow/dags/groups/group_downloads.py took 0.021 seconds
[2023-12-06T10:17:49.946+0000] {processor.py:154} INFO - Started process (PID=136) to work on /opt/airflow/dags/groups/group_downloads.py
[2023-12-06T10:17:49.947+0000] {processor.py:756} INFO - Processing file /opt/airflow/dags/groups/group_downloads.py for tasks to queue
[2023-12-06T10:17:49.947+0000] {logging_mixin.py:120} INFO - [2023-12-06T10:17:49.947+0000] {dagbag.py:537} INFO - Filling up the DagBag from /opt/airflow/dags/groups/group_downloads.py
[2023-12-06T10:17:49.951+0000] {processor.py:768} WARNING - No viable dags retrieved from /opt/airflow/dags/groups/group_downloads.py
[2023-12-06T10:17:49.965+0000] {processor.py:176} INFO - Processing /opt/airflow/dags/groups/group_downloads.py took 0.021 seconds
[2023-12-06T10:18:20.618+0000] {processor.py:154} INFO - Started process (PID=177) to work on /opt/airflow/dags/groups/group_downloads.py
[2023-12-06T10:18:20.619+0000] {processor.py:756} INFO - Processing file /opt/airflow/dags/groups/group_downloads.py for tasks to queue
[2023-12-06T10:18:20.620+0000] {logging_mixin.py:120} INFO - [2023-12-06T10:18:20.620+0000] {dagbag.py:537} INFO - Filling up the DagBag from /opt/airflow/dags/groups/group_downloads.py
[2023-12-06T10:18:20.626+0000] {processor.py:768} WARNING - No viable dags retrieved from /opt/airflow/dags/groups/group_downloads.py
[2023-12-06T10:18:20.645+0000] {processor.py:176} INFO - Processing /opt/airflow/dags/groups/group_downloads.py took 0.030 seconds
[2023-12-06T10:18:50.790+0000] {processor.py:154} INFO - Started process (PID=225) to work on /opt/airflow/dags/groups/group_downloads.py
[2023-12-06T10:18:50.791+0000] {processor.py:756} INFO - Processing file /opt/airflow/dags/groups/group_downloads.py for tasks to queue
[2023-12-06T10:18:50.792+0000] {logging_mixin.py:120} INFO - [2023-12-06T10:18:50.792+0000] {dagbag.py:537} INFO - Filling up the DagBag from /opt/airflow/dags/groups/group_downloads.py
[2023-12-06T10:18:50.802+0000] {processor.py:768} WARNING - No viable dags retrieved from /opt/airflow/dags/groups/group_downloads.py
[2023-12-06T10:18:50.818+0000] {processor.py:176} INFO - Processing /opt/airflow/dags/groups/group_downloads.py took 0.031 seconds
[2023-12-06T10:19:20.877+0000] {processor.py:154} INFO - Started process (PID=260) to work on /opt/airflow/dags/groups/group_downloads.py
[2023-12-06T10:19:20.878+0000] {processor.py:756} INFO - Processing file /opt/airflow/dags/groups/group_downloads.py for tasks to queue
[2023-12-06T10:19:20.878+0000] {logging_mixin.py:120} INFO - [2023-12-06T10:19:20.878+0000] {dagbag.py:537} INFO - Filling up the DagBag from /opt/airflow/dags/groups/group_downloads.py
[2023-12-06T10:19:20.882+0000] {processor.py:768} WARNING - No viable dags retrieved from /opt/airflow/dags/groups/group_downloads.py
[2023-12-06T10:19:20.894+0000] {processor.py:176} INFO - Processing /opt/airflow/dags/groups/group_downloads.py took 0.019 seconds
[2023-12-06T10:19:51.053+0000] {processor.py:154} INFO - Started process (PID=303) to work on /opt/airflow/dags/groups/group_downloads.py
[2023-12-06T10:19:51.054+0000] {processor.py:756} INFO - Processing file /opt/airflow/dags/groups/group_downloads.py for tasks to queue
[2023-12-06T10:19:51.055+0000] {logging_mixin.py:120} INFO - [2023-12-06T10:19:51.055+0000] {dagbag.py:537} INFO - Filling up the DagBag from /opt/airflow/dags/groups/group_downloads.py
[2023-12-06T10:19:51.059+0000] {processor.py:768} WARNING - No viable dags retrieved from /opt/airflow/dags/groups/group_downloads.py
[2023-12-06T10:19:51.071+0000] {processor.py:176} INFO - Processing /opt/airflow/dags/groups/group_downloads.py took 0.020 seconds
[2023-12-06T10:20:21.237+0000] {processor.py:154} INFO - Started process (PID=345) to work on /opt/airflow/dags/groups/group_downloads.py
[2023-12-06T10:20:21.237+0000] {processor.py:756} INFO - Processing file /opt/airflow/dags/groups/group_downloads.py for tasks to queue
[2023-12-06T10:20:21.238+0000] {logging_mixin.py:120} INFO - [2023-12-06T10:20:21.238+0000] {dagbag.py:537} INFO - Filling up the DagBag from /opt/airflow/dags/groups/group_downloads.py
[2023-12-06T10:20:21.242+0000] {processor.py:768} WARNING - No viable dags retrieved from /opt/airflow/dags/groups/group_downloads.py
[2023-12-06T10:20:21.254+0000] {processor.py:176} INFO - Processing /opt/airflow/dags/groups/group_downloads.py took 0.019 seconds
[2023-12-06T10:20:51.394+0000] {processor.py:154} INFO - Started process (PID=378) to work on /opt/airflow/dags/groups/group_downloads.py
[2023-12-06T10:20:51.394+0000] {processor.py:756} INFO - Processing file /opt/airflow/dags/groups/group_downloads.py for tasks to queue
[2023-12-06T10:20:51.395+0000] {logging_mixin.py:120} INFO - [2023-12-06T10:20:51.395+0000] {dagbag.py:537} INFO - Filling up the DagBag from /opt/airflow/dags/groups/group_downloads.py
[2023-12-06T10:20:51.399+0000] {processor.py:768} WARNING - No viable dags retrieved from /opt/airflow/dags/groups/group_downloads.py
[2023-12-06T10:20:51.410+0000] {processor.py:176} INFO - Processing /opt/airflow/dags/groups/group_downloads.py took 0.019 seconds
[2023-12-06T10:21:21.880+0000] {processor.py:154} INFO - Started process (PID=420) to work on /opt/airflow/dags/groups/group_downloads.py
[2023-12-06T10:21:21.880+0000] {processor.py:756} INFO - Processing file /opt/airflow/dags/groups/group_downloads.py for tasks to queue
[2023-12-06T10:21:21.881+0000] {logging_mixin.py:120} INFO - [2023-12-06T10:21:21.881+0000] {dagbag.py:537} INFO - Filling up the DagBag from /opt/airflow/dags/groups/group_downloads.py
[2023-12-06T10:21:21.884+0000] {processor.py:768} WARNING - No viable dags retrieved from /opt/airflow/dags/groups/group_downloads.py
[2023-12-06T10:21:21.895+0000] {processor.py:176} INFO - Processing /opt/airflow/dags/groups/group_downloads.py took 0.019 seconds
[2023-12-06T10:21:52.056+0000] {processor.py:154} INFO - Started process (PID=462) to work on /opt/airflow/dags/groups/group_downloads.py
[2023-12-06T10:21:52.056+0000] {processor.py:756} INFO - Processing file /opt/airflow/dags/groups/group_downloads.py for tasks to queue
[2023-12-06T10:21:52.057+0000] {logging_mixin.py:120} INFO - [2023-12-06T10:21:52.057+0000] {dagbag.py:537} INFO - Filling up the DagBag from /opt/airflow/dags/groups/group_downloads.py
[2023-12-06T10:21:52.061+0000] {processor.py:768} WARNING - No viable dags retrieved from /opt/airflow/dags/groups/group_downloads.py
[2023-12-06T10:21:52.072+0000] {processor.py:176} INFO - Processing /opt/airflow/dags/groups/group_downloads.py took 0.019 seconds
[2023-12-06T10:22:22.102+0000] {processor.py:154} INFO - Started process (PID=495) to work on /opt/airflow/dags/groups/group_downloads.py
[2023-12-06T10:22:22.103+0000] {processor.py:756} INFO - Processing file /opt/airflow/dags/groups/group_downloads.py for tasks to queue
[2023-12-06T10:22:22.103+0000] {logging_mixin.py:120} INFO - [2023-12-06T10:22:22.103+0000] {dagbag.py:537} INFO - Filling up the DagBag from /opt/airflow/dags/groups/group_downloads.py
[2023-12-06T10:22:22.108+0000] {processor.py:768} WARNING - No viable dags retrieved from /opt/airflow/dags/groups/group_downloads.py
[2023-12-06T10:22:22.119+0000] {processor.py:176} INFO - Processing /opt/airflow/dags/groups/group_downloads.py took 0.020 seconds
[2023-12-06T10:22:52.803+0000] {processor.py:154} INFO - Started process (PID=538) to work on /opt/airflow/dags/groups/group_downloads.py
[2023-12-06T10:22:52.803+0000] {processor.py:756} INFO - Processing file /opt/airflow/dags/groups/group_downloads.py for tasks to queue
[2023-12-06T10:22:52.804+0000] {logging_mixin.py:120} INFO - [2023-12-06T10:22:52.804+0000] {dagbag.py:537} INFO - Filling up the DagBag from /opt/airflow/dags/groups/group_downloads.py
[2023-12-06T10:22:52.809+0000] {processor.py:768} WARNING - No viable dags retrieved from /opt/airflow/dags/groups/group_downloads.py
[2023-12-06T10:22:52.822+0000] {processor.py:176} INFO - Processing /opt/airflow/dags/groups/group_downloads.py took 0.021 seconds
[2023-12-06T10:23:23.099+0000] {processor.py:154} INFO - Started process (PID=580) to work on /opt/airflow/dags/groups/group_downloads.py
[2023-12-06T10:23:23.100+0000] {processor.py:756} INFO - Processing file /opt/airflow/dags/groups/group_downloads.py for tasks to queue
[2023-12-06T10:23:23.100+0000] {logging_mixin.py:120} INFO - [2023-12-06T10:23:23.100+0000] {dagbag.py:537} INFO - Filling up the DagBag from /opt/airflow/dags/groups/group_downloads.py
[2023-12-06T10:23:23.104+0000] {processor.py:768} WARNING - No viable dags retrieved from /opt/airflow/dags/groups/group_downloads.py
[2023-12-06T10:23:23.116+0000] {processor.py:176} INFO - Processing /opt/airflow/dags/groups/group_downloads.py took 0.019 seconds
[2023-12-06T10:23:53.555+0000] {processor.py:154} INFO - Started process (PID=622) to work on /opt/airflow/dags/groups/group_downloads.py
[2023-12-06T10:23:53.556+0000] {processor.py:756} INFO - Processing file /opt/airflow/dags/groups/group_downloads.py for tasks to queue
[2023-12-06T10:23:53.556+0000] {logging_mixin.py:120} INFO - [2023-12-06T10:23:53.556+0000] {dagbag.py:537} INFO - Filling up the DagBag from /opt/airflow/dags/groups/group_downloads.py
[2023-12-06T10:23:53.560+0000] {processor.py:768} WARNING - No viable dags retrieved from /opt/airflow/dags/groups/group_downloads.py
[2023-12-06T10:23:53.571+0000] {processor.py:176} INFO - Processing /opt/airflow/dags/groups/group_downloads.py took 0.019 seconds
[2023-12-06T10:24:23.758+0000] {processor.py:154} INFO - Started process (PID=655) to work on /opt/airflow/dags/groups/group_downloads.py
[2023-12-06T10:24:23.758+0000] {processor.py:756} INFO - Processing file /opt/airflow/dags/groups/group_downloads.py for tasks to queue
[2023-12-06T10:24:23.759+0000] {logging_mixin.py:120} INFO - [2023-12-06T10:24:23.759+0000] {dagbag.py:537} INFO - Filling up the DagBag from /opt/airflow/dags/groups/group_downloads.py
[2023-12-06T10:24:23.764+0000] {processor.py:768} WARNING - No viable dags retrieved from /opt/airflow/dags/groups/group_downloads.py
[2023-12-06T10:24:23.778+0000] {processor.py:176} INFO - Processing /opt/airflow/dags/groups/group_downloads.py took 0.026 seconds
[2023-12-06T10:24:53.977+0000] {processor.py:154} INFO - Started process (PID=697) to work on /opt/airflow/dags/groups/group_downloads.py
[2023-12-06T10:24:53.977+0000] {processor.py:756} INFO - Processing file /opt/airflow/dags/groups/group_downloads.py for tasks to queue
[2023-12-06T10:24:53.978+0000] {logging_mixin.py:120} INFO - [2023-12-06T10:24:53.978+0000] {dagbag.py:537} INFO - Filling up the DagBag from /opt/airflow/dags/groups/group_downloads.py
[2023-12-06T10:24:53.982+0000] {processor.py:768} WARNING - No viable dags retrieved from /opt/airflow/dags/groups/group_downloads.py
[2023-12-06T10:24:53.994+0000] {processor.py:176} INFO - Processing /opt/airflow/dags/groups/group_downloads.py took 0.019 seconds
[2023-12-06T10:25:24.626+0000] {processor.py:154} INFO - Started process (PID=739) to work on /opt/airflow/dags/groups/group_downloads.py
[2023-12-06T10:25:24.627+0000] {processor.py:756} INFO - Processing file /opt/airflow/dags/groups/group_downloads.py for tasks to queue
[2023-12-06T10:25:24.627+0000] {logging_mixin.py:120} INFO - [2023-12-06T10:25:24.627+0000] {dagbag.py:537} INFO - Filling up the DagBag from /opt/airflow/dags/groups/group_downloads.py
[2023-12-06T10:25:24.631+0000] {processor.py:768} WARNING - No viable dags retrieved from /opt/airflow/dags/groups/group_downloads.py
[2023-12-06T10:25:24.642+0000] {processor.py:176} INFO - Processing /opt/airflow/dags/groups/group_downloads.py took 0.019 seconds
[2023-12-06T10:25:55.251+0000] {processor.py:154} INFO - Started process (PID=779) to work on /opt/airflow/dags/groups/group_downloads.py
[2023-12-06T10:25:55.252+0000] {processor.py:756} INFO - Processing file /opt/airflow/dags/groups/group_downloads.py for tasks to queue
[2023-12-06T10:25:55.253+0000] {logging_mixin.py:120} INFO - [2023-12-06T10:25:55.253+0000] {dagbag.py:537} INFO - Filling up the DagBag from /opt/airflow/dags/groups/group_downloads.py
[2023-12-06T10:25:55.258+0000] {processor.py:768} WARNING - No viable dags retrieved from /opt/airflow/dags/groups/group_downloads.py
[2023-12-06T10:25:55.273+0000] {processor.py:176} INFO - Processing /opt/airflow/dags/groups/group_downloads.py took 0.025 seconds
[2023-12-06T10:26:25.765+0000] {processor.py:154} INFO - Started process (PID=815) to work on /opt/airflow/dags/groups/group_downloads.py
[2023-12-06T10:26:25.765+0000] {processor.py:756} INFO - Processing file /opt/airflow/dags/groups/group_downloads.py for tasks to queue
[2023-12-06T10:26:25.766+0000] {logging_mixin.py:120} INFO - [2023-12-06T10:26:25.766+0000] {dagbag.py:537} INFO - Filling up the DagBag from /opt/airflow/dags/groups/group_downloads.py
[2023-12-06T10:26:25.769+0000] {processor.py:768} WARNING - No viable dags retrieved from /opt/airflow/dags/groups/group_downloads.py
[2023-12-06T10:26:25.781+0000] {processor.py:176} INFO - Processing /opt/airflow/dags/groups/group_downloads.py took 0.020 seconds
[2023-12-06T10:26:56.774+0000] {processor.py:154} INFO - Started process (PID=857) to work on /opt/airflow/dags/groups/group_downloads.py
[2023-12-06T10:26:56.775+0000] {processor.py:756} INFO - Processing file /opt/airflow/dags/groups/group_downloads.py for tasks to queue
[2023-12-06T10:26:56.775+0000] {logging_mixin.py:120} INFO - [2023-12-06T10:26:56.775+0000] {dagbag.py:537} INFO - Filling up the DagBag from /opt/airflow/dags/groups/group_downloads.py
[2023-12-06T10:26:56.779+0000] {processor.py:768} WARNING - No viable dags retrieved from /opt/airflow/dags/groups/group_downloads.py
[2023-12-06T10:26:56.791+0000] {processor.py:176} INFO - Processing /opt/airflow/dags/groups/group_downloads.py took 0.019 seconds
[2023-12-06T10:27:27.223+0000] {processor.py:154} INFO - Started process (PID=900) to work on /opt/airflow/dags/groups/group_downloads.py
[2023-12-06T10:27:27.224+0000] {processor.py:756} INFO - Processing file /opt/airflow/dags/groups/group_downloads.py for tasks to queue
[2023-12-06T10:27:27.224+0000] {logging_mixin.py:120} INFO - [2023-12-06T10:27:27.224+0000] {dagbag.py:537} INFO - Filling up the DagBag from /opt/airflow/dags/groups/group_downloads.py
[2023-12-06T10:27:27.229+0000] {processor.py:768} WARNING - No viable dags retrieved from /opt/airflow/dags/groups/group_downloads.py
[2023-12-06T10:27:27.245+0000] {processor.py:176} INFO - Processing /opt/airflow/dags/groups/group_downloads.py took 0.025 seconds
[2023-12-06T10:27:57.318+0000] {processor.py:154} INFO - Started process (PID=933) to work on /opt/airflow/dags/groups/group_downloads.py
[2023-12-06T10:27:57.319+0000] {processor.py:756} INFO - Processing file /opt/airflow/dags/groups/group_downloads.py for tasks to queue
[2023-12-06T10:27:57.320+0000] {logging_mixin.py:120} INFO - [2023-12-06T10:27:57.320+0000] {dagbag.py:537} INFO - Filling up the DagBag from /opt/airflow/dags/groups/group_downloads.py
[2023-12-06T10:27:57.325+0000] {processor.py:768} WARNING - No viable dags retrieved from /opt/airflow/dags/groups/group_downloads.py
[2023-12-06T10:27:57.342+0000] {processor.py:176} INFO - Processing /opt/airflow/dags/groups/group_downloads.py took 0.028 seconds
[2023-12-06T10:28:27.570+0000] {processor.py:154} INFO - Started process (PID=977) to work on /opt/airflow/dags/groups/group_downloads.py
[2023-12-06T10:28:27.571+0000] {processor.py:756} INFO - Processing file /opt/airflow/dags/groups/group_downloads.py for tasks to queue
[2023-12-06T10:28:27.571+0000] {logging_mixin.py:120} INFO - [2023-12-06T10:28:27.571+0000] {dagbag.py:537} INFO - Filling up the DagBag from /opt/airflow/dags/groups/group_downloads.py
[2023-12-06T10:28:27.575+0000] {processor.py:768} WARNING - No viable dags retrieved from /opt/airflow/dags/groups/group_downloads.py
[2023-12-06T10:28:27.587+0000] {processor.py:176} INFO - Processing /opt/airflow/dags/groups/group_downloads.py took 0.019 seconds
[2023-12-06T10:28:57.622+0000] {processor.py:154} INFO - Started process (PID=1018) to work on /opt/airflow/dags/groups/group_downloads.py
[2023-12-06T10:28:57.622+0000] {processor.py:756} INFO - Processing file /opt/airflow/dags/groups/group_downloads.py for tasks to queue
[2023-12-06T10:28:57.623+0000] {logging_mixin.py:120} INFO - [2023-12-06T10:28:57.623+0000] {dagbag.py:537} INFO - Filling up the DagBag from /opt/airflow/dags/groups/group_downloads.py
[2023-12-06T10:28:57.626+0000] {processor.py:768} WARNING - No viable dags retrieved from /opt/airflow/dags/groups/group_downloads.py
[2023-12-06T10:28:57.638+0000] {processor.py:176} INFO - Processing /opt/airflow/dags/groups/group_downloads.py took 0.019 seconds
[2023-12-06T20:11:04.535+0000] {processor.py:154} INFO - Started process (PID=54) to work on /opt/airflow/dags/groups/group_downloads.py
[2023-12-06T20:11:04.539+0000] {processor.py:756} INFO - Processing file /opt/airflow/dags/groups/group_downloads.py for tasks to queue
[2023-12-06T20:11:04.544+0000] {logging_mixin.py:120} INFO - [2023-12-06T20:11:04.543+0000] {dagbag.py:537} INFO - Filling up the DagBag from /opt/airflow/dags/groups/group_downloads.py
[2023-12-06T20:11:04.572+0000] {processor.py:768} WARNING - No viable dags retrieved from /opt/airflow/dags/groups/group_downloads.py
[2023-12-06T20:11:04.607+0000] {processor.py:176} INFO - Processing /opt/airflow/dags/groups/group_downloads.py took 0.094 seconds
[2023-12-06T20:11:34.871+0000] {processor.py:154} INFO - Started process (PID=85) to work on /opt/airflow/dags/groups/group_downloads.py
[2023-12-06T20:11:34.872+0000] {processor.py:756} INFO - Processing file /opt/airflow/dags/groups/group_downloads.py for tasks to queue
[2023-12-06T20:11:34.877+0000] {logging_mixin.py:120} INFO - [2023-12-06T20:11:34.877+0000] {dagbag.py:537} INFO - Filling up the DagBag from /opt/airflow/dags/groups/group_downloads.py
[2023-12-06T20:11:34.893+0000] {processor.py:768} WARNING - No viable dags retrieved from /opt/airflow/dags/groups/group_downloads.py
[2023-12-06T20:11:35.024+0000] {processor.py:176} INFO - Processing /opt/airflow/dags/groups/group_downloads.py took 0.185 seconds
[2023-12-06T20:12:05.990+0000] {processor.py:154} INFO - Started process (PID=119) to work on /opt/airflow/dags/groups/group_downloads.py
[2023-12-06T20:12:05.999+0000] {processor.py:756} INFO - Processing file /opt/airflow/dags/groups/group_downloads.py for tasks to queue
[2023-12-06T20:12:06.007+0000] {logging_mixin.py:120} INFO - [2023-12-06T20:12:06.007+0000] {dagbag.py:537} INFO - Filling up the DagBag from /opt/airflow/dags/groups/group_downloads.py
[2023-12-06T20:12:06.020+0000] {processor.py:768} WARNING - No viable dags retrieved from /opt/airflow/dags/groups/group_downloads.py
[2023-12-06T20:12:06.079+0000] {processor.py:176} INFO - Processing /opt/airflow/dags/groups/group_downloads.py took 0.093 seconds
[2023-12-06T20:12:36.346+0000] {processor.py:154} INFO - Started process (PID=151) to work on /opt/airflow/dags/groups/group_downloads.py
[2023-12-06T20:12:36.349+0000] {processor.py:756} INFO - Processing file /opt/airflow/dags/groups/group_downloads.py for tasks to queue
[2023-12-06T20:12:36.350+0000] {logging_mixin.py:120} INFO - [2023-12-06T20:12:36.350+0000] {dagbag.py:537} INFO - Filling up the DagBag from /opt/airflow/dags/groups/group_downloads.py
[2023-12-06T20:12:36.369+0000] {processor.py:768} WARNING - No viable dags retrieved from /opt/airflow/dags/groups/group_downloads.py
[2023-12-06T20:12:36.464+0000] {processor.py:176} INFO - Processing /opt/airflow/dags/groups/group_downloads.py took 0.129 seconds
[2023-12-06T20:13:06.912+0000] {processor.py:154} INFO - Started process (PID=185) to work on /opt/airflow/dags/groups/group_downloads.py
[2023-12-06T20:13:06.914+0000] {processor.py:756} INFO - Processing file /opt/airflow/dags/groups/group_downloads.py for tasks to queue
[2023-12-06T20:13:06.915+0000] {logging_mixin.py:120} INFO - [2023-12-06T20:13:06.915+0000] {dagbag.py:537} INFO - Filling up the DagBag from /opt/airflow/dags/groups/group_downloads.py
[2023-12-06T20:13:06.924+0000] {processor.py:768} WARNING - No viable dags retrieved from /opt/airflow/dags/groups/group_downloads.py
[2023-12-06T20:13:06.949+0000] {processor.py:176} INFO - Processing /opt/airflow/dags/groups/group_downloads.py took 0.045 seconds
[2023-12-06T20:13:37.370+0000] {processor.py:154} INFO - Started process (PID=227) to work on /opt/airflow/dags/groups/group_downloads.py
[2023-12-06T20:13:37.375+0000] {processor.py:756} INFO - Processing file /opt/airflow/dags/groups/group_downloads.py for tasks to queue
[2023-12-06T20:13:37.387+0000] {logging_mixin.py:120} INFO - [2023-12-06T20:13:37.376+0000] {dagbag.py:537} INFO - Filling up the DagBag from /opt/airflow/dags/groups/group_downloads.py
[2023-12-06T20:13:37.408+0000] {processor.py:768} WARNING - No viable dags retrieved from /opt/airflow/dags/groups/group_downloads.py
[2023-12-06T20:13:37.445+0000] {processor.py:176} INFO - Processing /opt/airflow/dags/groups/group_downloads.py took 0.097 seconds
[2023-12-06T20:14:07.726+0000] {processor.py:154} INFO - Started process (PID=259) to work on /opt/airflow/dags/groups/group_downloads.py
[2023-12-06T20:14:07.727+0000] {processor.py:756} INFO - Processing file /opt/airflow/dags/groups/group_downloads.py for tasks to queue
[2023-12-06T20:14:07.728+0000] {logging_mixin.py:120} INFO - [2023-12-06T20:14:07.728+0000] {dagbag.py:537} INFO - Filling up the DagBag from /opt/airflow/dags/groups/group_downloads.py
[2023-12-06T20:14:07.734+0000] {processor.py:768} WARNING - No viable dags retrieved from /opt/airflow/dags/groups/group_downloads.py
[2023-12-06T20:14:07.747+0000] {processor.py:176} INFO - Processing /opt/airflow/dags/groups/group_downloads.py took 0.023 seconds
[2023-12-06T20:14:38.452+0000] {processor.py:154} INFO - Started process (PID=294) to work on /opt/airflow/dags/groups/group_downloads.py
[2023-12-06T20:14:38.453+0000] {processor.py:756} INFO - Processing file /opt/airflow/dags/groups/group_downloads.py for tasks to queue
[2023-12-06T20:14:38.453+0000] {logging_mixin.py:120} INFO - [2023-12-06T20:14:38.453+0000] {dagbag.py:537} INFO - Filling up the DagBag from /opt/airflow/dags/groups/group_downloads.py
[2023-12-06T20:14:38.460+0000] {processor.py:768} WARNING - No viable dags retrieved from /opt/airflow/dags/groups/group_downloads.py
[2023-12-06T20:14:38.512+0000] {processor.py:176} INFO - Processing /opt/airflow/dags/groups/group_downloads.py took 0.064 seconds
[2023-12-06T20:15:08.982+0000] {processor.py:154} INFO - Started process (PID=335) to work on /opt/airflow/dags/groups/group_downloads.py
[2023-12-06T20:15:08.983+0000] {processor.py:756} INFO - Processing file /opt/airflow/dags/groups/group_downloads.py for tasks to queue
[2023-12-06T20:15:08.984+0000] {logging_mixin.py:120} INFO - [2023-12-06T20:15:08.984+0000] {dagbag.py:537} INFO - Filling up the DagBag from /opt/airflow/dags/groups/group_downloads.py
[2023-12-06T20:15:09.000+0000] {processor.py:768} WARNING - No viable dags retrieved from /opt/airflow/dags/groups/group_downloads.py
[2023-12-06T20:15:09.022+0000] {processor.py:176} INFO - Processing /opt/airflow/dags/groups/group_downloads.py took 0.044 seconds
[2023-12-06T20:15:39.659+0000] {processor.py:154} INFO - Started process (PID=367) to work on /opt/airflow/dags/groups/group_downloads.py
[2023-12-06T20:15:39.660+0000] {processor.py:756} INFO - Processing file /opt/airflow/dags/groups/group_downloads.py for tasks to queue
[2023-12-06T20:15:39.661+0000] {logging_mixin.py:120} INFO - [2023-12-06T20:15:39.661+0000] {dagbag.py:537} INFO - Filling up the DagBag from /opt/airflow/dags/groups/group_downloads.py
[2023-12-06T20:15:39.676+0000] {processor.py:768} WARNING - No viable dags retrieved from /opt/airflow/dags/groups/group_downloads.py
[2023-12-06T20:15:39.703+0000] {processor.py:176} INFO - Processing /opt/airflow/dags/groups/group_downloads.py took 0.048 seconds
[2023-12-06T20:16:10.540+0000] {processor.py:154} INFO - Started process (PID=409) to work on /opt/airflow/dags/groups/group_downloads.py
[2023-12-06T20:16:10.547+0000] {processor.py:756} INFO - Processing file /opt/airflow/dags/groups/group_downloads.py for tasks to queue
[2023-12-06T20:16:10.548+0000] {logging_mixin.py:120} INFO - [2023-12-06T20:16:10.548+0000] {dagbag.py:537} INFO - Filling up the DagBag from /opt/airflow/dags/groups/group_downloads.py
[2023-12-06T20:16:10.553+0000] {processor.py:768} WARNING - No viable dags retrieved from /opt/airflow/dags/groups/group_downloads.py
[2023-12-06T20:16:10.584+0000] {processor.py:176} INFO - Processing /opt/airflow/dags/groups/group_downloads.py took 0.048 seconds
[2023-12-06T20:16:41.606+0000] {processor.py:154} INFO - Started process (PID=451) to work on /opt/airflow/dags/groups/group_downloads.py
[2023-12-06T20:16:41.615+0000] {processor.py:756} INFO - Processing file /opt/airflow/dags/groups/group_downloads.py for tasks to queue
[2023-12-06T20:16:41.616+0000] {logging_mixin.py:120} INFO - [2023-12-06T20:16:41.616+0000] {dagbag.py:537} INFO - Filling up the DagBag from /opt/airflow/dags/groups/group_downloads.py
[2023-12-06T20:16:41.624+0000] {processor.py:768} WARNING - No viable dags retrieved from /opt/airflow/dags/groups/group_downloads.py
[2023-12-06T20:16:41.641+0000] {processor.py:176} INFO - Processing /opt/airflow/dags/groups/group_downloads.py took 0.037 seconds
[2023-12-06T20:17:11.984+0000] {processor.py:154} INFO - Started process (PID=484) to work on /opt/airflow/dags/groups/group_downloads.py
[2023-12-06T20:17:11.987+0000] {processor.py:756} INFO - Processing file /opt/airflow/dags/groups/group_downloads.py for tasks to queue
[2023-12-06T20:17:11.988+0000] {logging_mixin.py:120} INFO - [2023-12-06T20:17:11.988+0000] {dagbag.py:537} INFO - Filling up the DagBag from /opt/airflow/dags/groups/group_downloads.py
[2023-12-06T20:17:12.005+0000] {processor.py:768} WARNING - No viable dags retrieved from /opt/airflow/dags/groups/group_downloads.py
[2023-12-06T20:17:12.056+0000] {processor.py:176} INFO - Processing /opt/airflow/dags/groups/group_downloads.py took 0.079 seconds
[2023-12-06T20:17:42.731+0000] {processor.py:154} INFO - Started process (PID=525) to work on /opt/airflow/dags/groups/group_downloads.py
[2023-12-06T20:17:42.732+0000] {processor.py:756} INFO - Processing file /opt/airflow/dags/groups/group_downloads.py for tasks to queue
[2023-12-06T20:17:42.733+0000] {logging_mixin.py:120} INFO - [2023-12-06T20:17:42.732+0000] {dagbag.py:537} INFO - Filling up the DagBag from /opt/airflow/dags/groups/group_downloads.py
[2023-12-06T20:17:42.741+0000] {processor.py:768} WARNING - No viable dags retrieved from /opt/airflow/dags/groups/group_downloads.py
[2023-12-06T20:17:42.771+0000] {processor.py:176} INFO - Processing /opt/airflow/dags/groups/group_downloads.py took 0.051 seconds
[2023-12-06T20:18:13.663+0000] {processor.py:154} INFO - Started process (PID=568) to work on /opt/airflow/dags/groups/group_downloads.py
[2023-12-06T20:18:13.664+0000] {processor.py:756} INFO - Processing file /opt/airflow/dags/groups/group_downloads.py for tasks to queue
[2023-12-06T20:18:13.665+0000] {logging_mixin.py:120} INFO - [2023-12-06T20:18:13.665+0000] {dagbag.py:537} INFO - Filling up the DagBag from /opt/airflow/dags/groups/group_downloads.py
[2023-12-06T20:18:13.670+0000] {processor.py:768} WARNING - No viable dags retrieved from /opt/airflow/dags/groups/group_downloads.py
[2023-12-06T20:18:13.694+0000] {processor.py:176} INFO - Processing /opt/airflow/dags/groups/group_downloads.py took 0.034 seconds
[2023-12-06T20:18:43.837+0000] {processor.py:154} INFO - Started process (PID=602) to work on /opt/airflow/dags/groups/group_downloads.py
[2023-12-06T20:18:43.839+0000] {processor.py:756} INFO - Processing file /opt/airflow/dags/groups/group_downloads.py for tasks to queue
[2023-12-06T20:18:43.841+0000] {logging_mixin.py:120} INFO - [2023-12-06T20:18:43.841+0000] {dagbag.py:537} INFO - Filling up the DagBag from /opt/airflow/dags/groups/group_downloads.py
[2023-12-06T20:18:43.853+0000] {processor.py:768} WARNING - No viable dags retrieved from /opt/airflow/dags/groups/group_downloads.py
[2023-12-06T20:18:43.883+0000] {processor.py:176} INFO - Processing /opt/airflow/dags/groups/group_downloads.py took 0.050 seconds
[2023-12-06T20:19:14.765+0000] {processor.py:154} INFO - Started process (PID=644) to work on /opt/airflow/dags/groups/group_downloads.py
[2023-12-06T20:19:14.775+0000] {processor.py:756} INFO - Processing file /opt/airflow/dags/groups/group_downloads.py for tasks to queue
[2023-12-06T20:19:14.776+0000] {logging_mixin.py:120} INFO - [2023-12-06T20:19:14.776+0000] {dagbag.py:537} INFO - Filling up the DagBag from /opt/airflow/dags/groups/group_downloads.py
[2023-12-06T20:19:14.781+0000] {processor.py:768} WARNING - No viable dags retrieved from /opt/airflow/dags/groups/group_downloads.py
[2023-12-06T20:19:14.815+0000] {processor.py:176} INFO - Processing /opt/airflow/dags/groups/group_downloads.py took 0.053 seconds
[2023-12-06T20:19:44.845+0000] {processor.py:154} INFO - Started process (PID=686) to work on /opt/airflow/dags/groups/group_downloads.py
[2023-12-06T20:19:44.846+0000] {processor.py:756} INFO - Processing file /opt/airflow/dags/groups/group_downloads.py for tasks to queue
[2023-12-06T20:19:44.846+0000] {logging_mixin.py:120} INFO - [2023-12-06T20:19:44.846+0000] {dagbag.py:537} INFO - Filling up the DagBag from /opt/airflow/dags/groups/group_downloads.py
[2023-12-06T20:19:44.850+0000] {processor.py:768} WARNING - No viable dags retrieved from /opt/airflow/dags/groups/group_downloads.py
[2023-12-06T20:19:44.861+0000] {processor.py:176} INFO - Processing /opt/airflow/dags/groups/group_downloads.py took 0.018 seconds
[2023-12-06T20:20:15.515+0000] {processor.py:154} INFO - Started process (PID=731) to work on /opt/airflow/dags/groups/group_downloads.py
[2023-12-06T20:20:15.516+0000] {processor.py:756} INFO - Processing file /opt/airflow/dags/groups/group_downloads.py for tasks to queue
[2023-12-06T20:20:15.517+0000] {logging_mixin.py:120} INFO - [2023-12-06T20:20:15.516+0000] {dagbag.py:537} INFO - Filling up the DagBag from /opt/airflow/dags/groups/group_downloads.py
[2023-12-06T20:20:15.520+0000] {processor.py:768} WARNING - No viable dags retrieved from /opt/airflow/dags/groups/group_downloads.py
[2023-12-06T20:20:15.531+0000] {processor.py:176} INFO - Processing /opt/airflow/dags/groups/group_downloads.py took 0.019 seconds
[2023-12-06T20:20:45.776+0000] {processor.py:154} INFO - Started process (PID=764) to work on /opt/airflow/dags/groups/group_downloads.py
[2023-12-06T20:20:45.777+0000] {processor.py:756} INFO - Processing file /opt/airflow/dags/groups/group_downloads.py for tasks to queue
[2023-12-06T20:20:45.778+0000] {logging_mixin.py:120} INFO - [2023-12-06T20:20:45.778+0000] {dagbag.py:537} INFO - Filling up the DagBag from /opt/airflow/dags/groups/group_downloads.py
[2023-12-06T20:20:45.782+0000] {processor.py:768} WARNING - No viable dags retrieved from /opt/airflow/dags/groups/group_downloads.py
[2023-12-06T20:20:45.822+0000] {processor.py:176} INFO - Processing /opt/airflow/dags/groups/group_downloads.py took 0.054 seconds
[2023-12-06T20:21:16.444+0000] {processor.py:154} INFO - Started process (PID=807) to work on /opt/airflow/dags/groups/group_downloads.py
[2023-12-06T20:21:16.445+0000] {processor.py:756} INFO - Processing file /opt/airflow/dags/groups/group_downloads.py for tasks to queue
[2023-12-06T20:21:16.445+0000] {logging_mixin.py:120} INFO - [2023-12-06T20:21:16.445+0000] {dagbag.py:537} INFO - Filling up the DagBag from /opt/airflow/dags/groups/group_downloads.py
[2023-12-06T20:21:16.449+0000] {processor.py:768} WARNING - No viable dags retrieved from /opt/airflow/dags/groups/group_downloads.py
[2023-12-06T20:21:16.461+0000] {processor.py:176} INFO - Processing /opt/airflow/dags/groups/group_downloads.py took 0.020 seconds
[2023-12-06T20:21:47.221+0000] {processor.py:154} INFO - Started process (PID=846) to work on /opt/airflow/dags/groups/group_downloads.py
[2023-12-06T20:21:47.222+0000] {processor.py:756} INFO - Processing file /opt/airflow/dags/groups/group_downloads.py for tasks to queue
[2023-12-06T20:21:47.223+0000] {logging_mixin.py:120} INFO - [2023-12-06T20:21:47.223+0000] {dagbag.py:537} INFO - Filling up the DagBag from /opt/airflow/dags/groups/group_downloads.py
[2023-12-06T20:21:47.228+0000] {processor.py:768} WARNING - No viable dags retrieved from /opt/airflow/dags/groups/group_downloads.py
[2023-12-06T20:21:47.244+0000] {processor.py:176} INFO - Processing /opt/airflow/dags/groups/group_downloads.py took 0.025 seconds
[2023-12-06T20:22:17.478+0000] {processor.py:154} INFO - Started process (PID=879) to work on /opt/airflow/dags/groups/group_downloads.py
[2023-12-06T20:22:17.479+0000] {processor.py:756} INFO - Processing file /opt/airflow/dags/groups/group_downloads.py for tasks to queue
[2023-12-06T20:22:17.479+0000] {logging_mixin.py:120} INFO - [2023-12-06T20:22:17.479+0000] {dagbag.py:537} INFO - Filling up the DagBag from /opt/airflow/dags/groups/group_downloads.py
[2023-12-06T20:22:17.484+0000] {processor.py:768} WARNING - No viable dags retrieved from /opt/airflow/dags/groups/group_downloads.py
[2023-12-06T20:22:17.497+0000] {processor.py:176} INFO - Processing /opt/airflow/dags/groups/group_downloads.py took 0.023 seconds
[2023-12-06T20:22:47.545+0000] {processor.py:154} INFO - Started process (PID=921) to work on /opt/airflow/dags/groups/group_downloads.py
[2023-12-06T20:22:47.546+0000] {processor.py:756} INFO - Processing file /opt/airflow/dags/groups/group_downloads.py for tasks to queue
[2023-12-06T20:22:47.547+0000] {logging_mixin.py:120} INFO - [2023-12-06T20:22:47.547+0000] {dagbag.py:537} INFO - Filling up the DagBag from /opt/airflow/dags/groups/group_downloads.py
[2023-12-06T20:22:47.552+0000] {processor.py:768} WARNING - No viable dags retrieved from /opt/airflow/dags/groups/group_downloads.py
[2023-12-06T20:22:47.568+0000] {processor.py:176} INFO - Processing /opt/airflow/dags/groups/group_downloads.py took 0.026 seconds
[2023-12-06T20:23:17.628+0000] {processor.py:154} INFO - Started process (PID=959) to work on /opt/airflow/dags/groups/group_downloads.py
[2023-12-06T20:23:17.630+0000] {processor.py:756} INFO - Processing file /opt/airflow/dags/groups/group_downloads.py for tasks to queue
[2023-12-06T20:23:17.639+0000] {logging_mixin.py:120} INFO - [2023-12-06T20:23:17.631+0000] {dagbag.py:537} INFO - Filling up the DagBag from /opt/airflow/dags/groups/group_downloads.py
[2023-12-06T20:23:17.644+0000] {processor.py:768} WARNING - No viable dags retrieved from /opt/airflow/dags/groups/group_downloads.py
[2023-12-06T20:23:17.683+0000] {processor.py:176} INFO - Processing /opt/airflow/dags/groups/group_downloads.py took 0.072 seconds
[2023-12-06T20:23:48.681+0000] {processor.py:154} INFO - Started process (PID=994) to work on /opt/airflow/dags/groups/group_downloads.py
[2023-12-06T20:23:48.682+0000] {processor.py:756} INFO - Processing file /opt/airflow/dags/groups/group_downloads.py for tasks to queue
[2023-12-06T20:23:48.683+0000] {logging_mixin.py:120} INFO - [2023-12-06T20:23:48.683+0000] {dagbag.py:537} INFO - Filling up the DagBag from /opt/airflow/dags/groups/group_downloads.py
[2023-12-06T20:23:48.688+0000] {processor.py:768} WARNING - No viable dags retrieved from /opt/airflow/dags/groups/group_downloads.py
[2023-12-06T20:23:48.747+0000] {processor.py:176} INFO - Processing /opt/airflow/dags/groups/group_downloads.py took 0.070 seconds
[2023-12-06T20:24:19.302+0000] {processor.py:154} INFO - Started process (PID=1037) to work on /opt/airflow/dags/groups/group_downloads.py
[2023-12-06T20:24:19.308+0000] {processor.py:756} INFO - Processing file /opt/airflow/dags/groups/group_downloads.py for tasks to queue
[2023-12-06T20:24:19.308+0000] {logging_mixin.py:120} INFO - [2023-12-06T20:24:19.308+0000] {dagbag.py:537} INFO - Filling up the DagBag from /opt/airflow/dags/groups/group_downloads.py
[2023-12-06T20:24:19.314+0000] {processor.py:768} WARNING - No viable dags retrieved from /opt/airflow/dags/groups/group_downloads.py
[2023-12-06T20:24:19.337+0000] {processor.py:176} INFO - Processing /opt/airflow/dags/groups/group_downloads.py took 0.038 seconds
[2023-12-06T20:24:49.433+0000] {processor.py:154} INFO - Started process (PID=1079) to work on /opt/airflow/dags/groups/group_downloads.py
[2023-12-06T20:24:49.439+0000] {processor.py:756} INFO - Processing file /opt/airflow/dags/groups/group_downloads.py for tasks to queue
[2023-12-06T20:24:49.440+0000] {logging_mixin.py:120} INFO - [2023-12-06T20:24:49.440+0000] {dagbag.py:537} INFO - Filling up the DagBag from /opt/airflow/dags/groups/group_downloads.py
[2023-12-06T20:24:49.445+0000] {processor.py:768} WARNING - No viable dags retrieved from /opt/airflow/dags/groups/group_downloads.py
[2023-12-06T20:24:49.478+0000] {processor.py:176} INFO - Processing /opt/airflow/dags/groups/group_downloads.py took 0.048 seconds
[2023-12-06T20:25:19.924+0000] {processor.py:154} INFO - Started process (PID=1113) to work on /opt/airflow/dags/groups/group_downloads.py
[2023-12-06T20:25:19.925+0000] {processor.py:756} INFO - Processing file /opt/airflow/dags/groups/group_downloads.py for tasks to queue
[2023-12-06T20:25:19.926+0000] {logging_mixin.py:120} INFO - [2023-12-06T20:25:19.925+0000] {dagbag.py:537} INFO - Filling up the DagBag from /opt/airflow/dags/groups/group_downloads.py
[2023-12-06T20:25:19.931+0000] {processor.py:768} WARNING - No viable dags retrieved from /opt/airflow/dags/groups/group_downloads.py
[2023-12-06T20:25:19.946+0000] {processor.py:176} INFO - Processing /opt/airflow/dags/groups/group_downloads.py took 0.024 seconds
[2023-12-06T20:25:50.130+0000] {processor.py:154} INFO - Started process (PID=1155) to work on /opt/airflow/dags/groups/group_downloads.py
[2023-12-06T20:25:50.138+0000] {processor.py:756} INFO - Processing file /opt/airflow/dags/groups/group_downloads.py for tasks to queue
[2023-12-06T20:25:50.139+0000] {logging_mixin.py:120} INFO - [2023-12-06T20:25:50.139+0000] {dagbag.py:537} INFO - Filling up the DagBag from /opt/airflow/dags/groups/group_downloads.py
[2023-12-06T20:25:50.143+0000] {processor.py:768} WARNING - No viable dags retrieved from /opt/airflow/dags/groups/group_downloads.py
[2023-12-06T20:25:50.171+0000] {processor.py:176} INFO - Processing /opt/airflow/dags/groups/group_downloads.py took 0.045 seconds
[2023-12-06T20:26:20.543+0000] {processor.py:154} INFO - Started process (PID=1196) to work on /opt/airflow/dags/groups/group_downloads.py
[2023-12-06T20:26:20.544+0000] {processor.py:756} INFO - Processing file /opt/airflow/dags/groups/group_downloads.py for tasks to queue
[2023-12-06T20:26:20.545+0000] {logging_mixin.py:120} INFO - [2023-12-06T20:26:20.544+0000] {dagbag.py:537} INFO - Filling up the DagBag from /opt/airflow/dags/groups/group_downloads.py
[2023-12-06T20:26:20.576+0000] {processor.py:768} WARNING - No viable dags retrieved from /opt/airflow/dags/groups/group_downloads.py
[2023-12-06T20:26:20.644+0000] {processor.py:176} INFO - Processing /opt/airflow/dags/groups/group_downloads.py took 0.117 seconds
[2023-12-06T20:26:50.686+0000] {processor.py:154} INFO - Started process (PID=1232) to work on /opt/airflow/dags/groups/group_downloads.py
[2023-12-06T20:26:50.686+0000] {processor.py:756} INFO - Processing file /opt/airflow/dags/groups/group_downloads.py for tasks to queue
[2023-12-06T20:26:50.687+0000] {logging_mixin.py:120} INFO - [2023-12-06T20:26:50.687+0000] {dagbag.py:537} INFO - Filling up the DagBag from /opt/airflow/dags/groups/group_downloads.py
[2023-12-06T20:26:50.691+0000] {processor.py:768} WARNING - No viable dags retrieved from /opt/airflow/dags/groups/group_downloads.py
[2023-12-06T20:26:50.701+0000] {processor.py:176} INFO - Processing /opt/airflow/dags/groups/group_downloads.py took 0.018 seconds
[2023-12-06T20:27:20.863+0000] {processor.py:154} INFO - Started process (PID=1273) to work on /opt/airflow/dags/groups/group_downloads.py
[2023-12-06T20:27:20.867+0000] {processor.py:756} INFO - Processing file /opt/airflow/dags/groups/group_downloads.py for tasks to queue
[2023-12-06T20:27:20.868+0000] {logging_mixin.py:120} INFO - [2023-12-06T20:27:20.868+0000] {dagbag.py:537} INFO - Filling up the DagBag from /opt/airflow/dags/groups/group_downloads.py
[2023-12-06T20:27:20.885+0000] {processor.py:768} WARNING - No viable dags retrieved from /opt/airflow/dags/groups/group_downloads.py
[2023-12-06T20:27:20.969+0000] {processor.py:176} INFO - Processing /opt/airflow/dags/groups/group_downloads.py took 0.118 seconds
[2023-12-06T20:27:51.445+0000] {processor.py:154} INFO - Started process (PID=1306) to work on /opt/airflow/dags/groups/group_downloads.py
[2023-12-06T20:27:51.446+0000] {processor.py:756} INFO - Processing file /opt/airflow/dags/groups/group_downloads.py for tasks to queue
[2023-12-06T20:27:51.446+0000] {logging_mixin.py:120} INFO - [2023-12-06T20:27:51.446+0000] {dagbag.py:537} INFO - Filling up the DagBag from /opt/airflow/dags/groups/group_downloads.py
[2023-12-06T20:27:51.451+0000] {processor.py:768} WARNING - No viable dags retrieved from /opt/airflow/dags/groups/group_downloads.py
[2023-12-06T20:27:51.469+0000] {processor.py:176} INFO - Processing /opt/airflow/dags/groups/group_downloads.py took 0.027 seconds
[2023-12-06T20:28:21.521+0000] {processor.py:154} INFO - Started process (PID=1351) to work on /opt/airflow/dags/groups/group_downloads.py
[2023-12-06T20:28:21.522+0000] {processor.py:756} INFO - Processing file /opt/airflow/dags/groups/group_downloads.py for tasks to queue
[2023-12-06T20:28:21.523+0000] {logging_mixin.py:120} INFO - [2023-12-06T20:28:21.523+0000] {dagbag.py:537} INFO - Filling up the DagBag from /opt/airflow/dags/groups/group_downloads.py
[2023-12-06T20:28:21.529+0000] {processor.py:768} WARNING - No viable dags retrieved from /opt/airflow/dags/groups/group_downloads.py
[2023-12-06T20:28:21.558+0000] {processor.py:176} INFO - Processing /opt/airflow/dags/groups/group_downloads.py took 0.040 seconds
[2023-12-06T20:28:51.700+0000] {processor.py:154} INFO - Started process (PID=1385) to work on /opt/airflow/dags/groups/group_downloads.py
[2023-12-06T20:28:51.700+0000] {processor.py:756} INFO - Processing file /opt/airflow/dags/groups/group_downloads.py for tasks to queue
[2023-12-06T20:28:51.701+0000] {logging_mixin.py:120} INFO - [2023-12-06T20:28:51.701+0000] {dagbag.py:537} INFO - Filling up the DagBag from /opt/airflow/dags/groups/group_downloads.py
[2023-12-06T20:28:51.706+0000] {processor.py:768} WARNING - No viable dags retrieved from /opt/airflow/dags/groups/group_downloads.py
[2023-12-06T20:28:51.721+0000] {processor.py:176} INFO - Processing /opt/airflow/dags/groups/group_downloads.py took 0.024 seconds
[2023-12-06T20:29:22.558+0000] {processor.py:154} INFO - Started process (PID=1428) to work on /opt/airflow/dags/groups/group_downloads.py
[2023-12-06T20:29:22.559+0000] {processor.py:756} INFO - Processing file /opt/airflow/dags/groups/group_downloads.py for tasks to queue
[2023-12-06T20:29:22.559+0000] {logging_mixin.py:120} INFO - [2023-12-06T20:29:22.559+0000] {dagbag.py:537} INFO - Filling up the DagBag from /opt/airflow/dags/groups/group_downloads.py
[2023-12-06T20:29:22.565+0000] {processor.py:768} WARNING - No viable dags retrieved from /opt/airflow/dags/groups/group_downloads.py
[2023-12-06T20:29:22.582+0000] {processor.py:176} INFO - Processing /opt/airflow/dags/groups/group_downloads.py took 0.028 seconds
[2023-12-06T20:29:52.735+0000] {processor.py:154} INFO - Started process (PID=1463) to work on /opt/airflow/dags/groups/group_downloads.py
[2023-12-06T20:29:52.736+0000] {processor.py:756} INFO - Processing file /opt/airflow/dags/groups/group_downloads.py for tasks to queue
[2023-12-06T20:29:52.736+0000] {logging_mixin.py:120} INFO - [2023-12-06T20:29:52.736+0000] {dagbag.py:537} INFO - Filling up the DagBag from /opt/airflow/dags/groups/group_downloads.py
[2023-12-06T20:29:52.754+0000] {processor.py:768} WARNING - No viable dags retrieved from /opt/airflow/dags/groups/group_downloads.py
[2023-12-06T20:29:52.797+0000] {processor.py:176} INFO - Processing /opt/airflow/dags/groups/group_downloads.py took 0.072 seconds
[2023-12-06T20:30:22.909+0000] {processor.py:154} INFO - Started process (PID=1504) to work on /opt/airflow/dags/groups/group_downloads.py
[2023-12-06T20:30:22.911+0000] {processor.py:756} INFO - Processing file /opt/airflow/dags/groups/group_downloads.py for tasks to queue
[2023-12-06T20:30:22.912+0000] {logging_mixin.py:120} INFO - [2023-12-06T20:30:22.912+0000] {dagbag.py:537} INFO - Filling up the DagBag from /opt/airflow/dags/groups/group_downloads.py
[2023-12-06T20:30:22.921+0000] {processor.py:768} WARNING - No viable dags retrieved from /opt/airflow/dags/groups/group_downloads.py
[2023-12-06T20:30:22.960+0000] {processor.py:176} INFO - Processing /opt/airflow/dags/groups/group_downloads.py took 0.058 seconds
[2023-12-06T20:30:53.856+0000] {processor.py:154} INFO - Started process (PID=1548) to work on /opt/airflow/dags/groups/group_downloads.py
[2023-12-06T20:30:53.856+0000] {processor.py:756} INFO - Processing file /opt/airflow/dags/groups/group_downloads.py for tasks to queue
[2023-12-06T20:30:53.857+0000] {logging_mixin.py:120} INFO - [2023-12-06T20:30:53.857+0000] {dagbag.py:537} INFO - Filling up the DagBag from /opt/airflow/dags/groups/group_downloads.py
[2023-12-06T20:30:53.862+0000] {processor.py:768} WARNING - No viable dags retrieved from /opt/airflow/dags/groups/group_downloads.py
[2023-12-06T20:30:53.878+0000] {processor.py:176} INFO - Processing /opt/airflow/dags/groups/group_downloads.py took 0.026 seconds
[2023-12-06T20:31:24.403+0000] {processor.py:154} INFO - Started process (PID=1591) to work on /opt/airflow/dags/groups/group_downloads.py
[2023-12-06T20:31:24.404+0000] {processor.py:756} INFO - Processing file /opt/airflow/dags/groups/group_downloads.py for tasks to queue
[2023-12-06T20:31:24.404+0000] {logging_mixin.py:120} INFO - [2023-12-06T20:31:24.404+0000] {dagbag.py:537} INFO - Filling up the DagBag from /opt/airflow/dags/groups/group_downloads.py
[2023-12-06T20:31:24.409+0000] {processor.py:768} WARNING - No viable dags retrieved from /opt/airflow/dags/groups/group_downloads.py
[2023-12-06T20:31:24.424+0000] {processor.py:176} INFO - Processing /opt/airflow/dags/groups/group_downloads.py took 0.024 seconds
[2023-12-06T20:31:54.537+0000] {processor.py:154} INFO - Started process (PID=1625) to work on /opt/airflow/dags/groups/group_downloads.py
[2023-12-06T20:31:54.540+0000] {processor.py:756} INFO - Processing file /opt/airflow/dags/groups/group_downloads.py for tasks to queue
[2023-12-06T20:31:54.552+0000] {logging_mixin.py:120} INFO - [2023-12-06T20:31:54.552+0000] {dagbag.py:537} INFO - Filling up the DagBag from /opt/airflow/dags/groups/group_downloads.py
[2023-12-06T20:31:54.572+0000] {processor.py:768} WARNING - No viable dags retrieved from /opt/airflow/dags/groups/group_downloads.py
[2023-12-06T20:31:54.591+0000] {processor.py:176} INFO - Processing /opt/airflow/dags/groups/group_downloads.py took 0.056 seconds
[2023-12-06T20:32:25.049+0000] {processor.py:154} INFO - Started process (PID=1667) to work on /opt/airflow/dags/groups/group_downloads.py
[2023-12-06T20:32:25.050+0000] {processor.py:756} INFO - Processing file /opt/airflow/dags/groups/group_downloads.py for tasks to queue
[2023-12-06T20:32:25.050+0000] {logging_mixin.py:120} INFO - [2023-12-06T20:32:25.050+0000] {dagbag.py:537} INFO - Filling up the DagBag from /opt/airflow/dags/groups/group_downloads.py
[2023-12-06T20:32:25.056+0000] {processor.py:768} WARNING - No viable dags retrieved from /opt/airflow/dags/groups/group_downloads.py
[2023-12-06T20:32:25.073+0000] {processor.py:176} INFO - Processing /opt/airflow/dags/groups/group_downloads.py took 0.027 seconds
[2023-12-06T20:32:55.291+0000] {processor.py:154} INFO - Started process (PID=1700) to work on /opt/airflow/dags/groups/group_downloads.py
[2023-12-06T20:32:55.292+0000] {processor.py:756} INFO - Processing file /opt/airflow/dags/groups/group_downloads.py for tasks to queue
[2023-12-06T20:32:55.292+0000] {logging_mixin.py:120} INFO - [2023-12-06T20:32:55.292+0000] {dagbag.py:537} INFO - Filling up the DagBag from /opt/airflow/dags/groups/group_downloads.py
[2023-12-06T20:32:55.297+0000] {processor.py:768} WARNING - No viable dags retrieved from /opt/airflow/dags/groups/group_downloads.py
[2023-12-06T20:32:55.314+0000] {processor.py:176} INFO - Processing /opt/airflow/dags/groups/group_downloads.py took 0.026 seconds
[2023-12-06T20:33:25.477+0000] {processor.py:154} INFO - Started process (PID=1745) to work on /opt/airflow/dags/groups/group_downloads.py
[2023-12-06T20:33:25.478+0000] {processor.py:756} INFO - Processing file /opt/airflow/dags/groups/group_downloads.py for tasks to queue
[2023-12-06T20:33:25.479+0000] {logging_mixin.py:120} INFO - [2023-12-06T20:33:25.479+0000] {dagbag.py:537} INFO - Filling up the DagBag from /opt/airflow/dags/groups/group_downloads.py
[2023-12-06T20:33:25.483+0000] {processor.py:768} WARNING - No viable dags retrieved from /opt/airflow/dags/groups/group_downloads.py
[2023-12-06T20:33:25.506+0000] {processor.py:176} INFO - Processing /opt/airflow/dags/groups/group_downloads.py took 0.032 seconds
[2023-12-06T20:33:55.907+0000] {processor.py:154} INFO - Started process (PID=1789) to work on /opt/airflow/dags/groups/group_downloads.py
[2023-12-06T20:33:55.908+0000] {processor.py:756} INFO - Processing file /opt/airflow/dags/groups/group_downloads.py for tasks to queue
[2023-12-06T20:33:55.908+0000] {logging_mixin.py:120} INFO - [2023-12-06T20:33:55.908+0000] {dagbag.py:537} INFO - Filling up the DagBag from /opt/airflow/dags/groups/group_downloads.py
[2023-12-06T20:33:55.913+0000] {processor.py:768} WARNING - No viable dags retrieved from /opt/airflow/dags/groups/group_downloads.py
[2023-12-06T20:33:55.927+0000] {processor.py:176} INFO - Processing /opt/airflow/dags/groups/group_downloads.py took 0.024 seconds
[2023-12-06T20:34:25.955+0000] {processor.py:154} INFO - Started process (PID=1823) to work on /opt/airflow/dags/groups/group_downloads.py
[2023-12-06T20:34:25.955+0000] {processor.py:756} INFO - Processing file /opt/airflow/dags/groups/group_downloads.py for tasks to queue
[2023-12-06T20:34:25.956+0000] {logging_mixin.py:120} INFO - [2023-12-06T20:34:25.956+0000] {dagbag.py:537} INFO - Filling up the DagBag from /opt/airflow/dags/groups/group_downloads.py
[2023-12-06T20:34:25.960+0000] {processor.py:768} WARNING - No viable dags retrieved from /opt/airflow/dags/groups/group_downloads.py
[2023-12-06T20:34:25.970+0000] {processor.py:176} INFO - Processing /opt/airflow/dags/groups/group_downloads.py took 0.018 seconds
[2023-12-06T20:34:56.074+0000] {processor.py:154} INFO - Started process (PID=1865) to work on /opt/airflow/dags/groups/group_downloads.py
[2023-12-06T20:34:56.074+0000] {processor.py:756} INFO - Processing file /opt/airflow/dags/groups/group_downloads.py for tasks to queue
[2023-12-06T20:34:56.075+0000] {logging_mixin.py:120} INFO - [2023-12-06T20:34:56.075+0000] {dagbag.py:537} INFO - Filling up the DagBag from /opt/airflow/dags/groups/group_downloads.py
[2023-12-06T20:34:56.080+0000] {processor.py:768} WARNING - No viable dags retrieved from /opt/airflow/dags/groups/group_downloads.py
[2023-12-06T20:34:56.094+0000] {processor.py:176} INFO - Processing /opt/airflow/dags/groups/group_downloads.py took 0.023 seconds
[2023-12-06T20:35:26.644+0000] {processor.py:154} INFO - Started process (PID=1906) to work on /opt/airflow/dags/groups/group_downloads.py
[2023-12-06T20:35:26.646+0000] {processor.py:756} INFO - Processing file /opt/airflow/dags/groups/group_downloads.py for tasks to queue
[2023-12-06T20:35:26.647+0000] {logging_mixin.py:120} INFO - [2023-12-06T20:35:26.647+0000] {dagbag.py:537} INFO - Filling up the DagBag from /opt/airflow/dags/groups/group_downloads.py
[2023-12-06T20:35:26.658+0000] {processor.py:768} WARNING - No viable dags retrieved from /opt/airflow/dags/groups/group_downloads.py
[2023-12-06T20:35:26.689+0000] {processor.py:176} INFO - Processing /opt/airflow/dags/groups/group_downloads.py took 0.050 seconds
[2023-12-06T20:35:57.005+0000] {processor.py:154} INFO - Started process (PID=1938) to work on /opt/airflow/dags/groups/group_downloads.py
[2023-12-06T20:35:57.006+0000] {processor.py:756} INFO - Processing file /opt/airflow/dags/groups/group_downloads.py for tasks to queue
[2023-12-06T20:35:57.006+0000] {logging_mixin.py:120} INFO - [2023-12-06T20:35:57.006+0000] {dagbag.py:537} INFO - Filling up the DagBag from /opt/airflow/dags/groups/group_downloads.py
[2023-12-06T20:35:57.011+0000] {processor.py:768} WARNING - No viable dags retrieved from /opt/airflow/dags/groups/group_downloads.py
[2023-12-06T20:35:57.042+0000] {processor.py:176} INFO - Processing /opt/airflow/dags/groups/group_downloads.py took 0.040 seconds
[2023-12-06T20:36:27.166+0000] {processor.py:154} INFO - Started process (PID=1971) to work on /opt/airflow/dags/groups/group_downloads.py
[2023-12-06T20:36:27.170+0000] {processor.py:756} INFO - Processing file /opt/airflow/dags/groups/group_downloads.py for tasks to queue
[2023-12-06T20:36:27.170+0000] {logging_mixin.py:120} INFO - [2023-12-06T20:36:27.170+0000] {dagbag.py:537} INFO - Filling up the DagBag from /opt/airflow/dags/groups/group_downloads.py
[2023-12-06T20:36:27.183+0000] {processor.py:768} WARNING - No viable dags retrieved from /opt/airflow/dags/groups/group_downloads.py
[2023-12-06T20:36:27.228+0000] {processor.py:176} INFO - Processing /opt/airflow/dags/groups/group_downloads.py took 0.064 seconds
[2023-12-06T20:36:58.236+0000] {processor.py:154} INFO - Started process (PID=2013) to work on /opt/airflow/dags/groups/group_downloads.py
[2023-12-06T20:36:58.237+0000] {processor.py:756} INFO - Processing file /opt/airflow/dags/groups/group_downloads.py for tasks to queue
[2023-12-06T20:36:58.237+0000] {logging_mixin.py:120} INFO - [2023-12-06T20:36:58.237+0000] {dagbag.py:537} INFO - Filling up the DagBag from /opt/airflow/dags/groups/group_downloads.py
[2023-12-06T20:36:58.242+0000] {processor.py:768} WARNING - No viable dags retrieved from /opt/airflow/dags/groups/group_downloads.py
[2023-12-06T20:36:58.261+0000] {processor.py:176} INFO - Processing /opt/airflow/dags/groups/group_downloads.py took 0.028 seconds
[2023-12-06T20:37:28.952+0000] {processor.py:154} INFO - Started process (PID=2045) to work on /opt/airflow/dags/groups/group_downloads.py
[2023-12-06T20:37:28.953+0000] {processor.py:756} INFO - Processing file /opt/airflow/dags/groups/group_downloads.py for tasks to queue
[2023-12-06T20:37:28.954+0000] {logging_mixin.py:120} INFO - [2023-12-06T20:37:28.954+0000] {dagbag.py:537} INFO - Filling up the DagBag from /opt/airflow/dags/groups/group_downloads.py
[2023-12-06T20:37:28.959+0000] {processor.py:768} WARNING - No viable dags retrieved from /opt/airflow/dags/groups/group_downloads.py
[2023-12-06T20:37:28.974+0000] {processor.py:176} INFO - Processing /opt/airflow/dags/groups/group_downloads.py took 0.025 seconds
[2023-12-06T20:37:59.315+0000] {processor.py:154} INFO - Started process (PID=2089) to work on /opt/airflow/dags/groups/group_downloads.py
[2023-12-06T20:37:59.316+0000] {processor.py:756} INFO - Processing file /opt/airflow/dags/groups/group_downloads.py for tasks to queue
[2023-12-06T20:37:59.317+0000] {logging_mixin.py:120} INFO - [2023-12-06T20:37:59.317+0000] {dagbag.py:537} INFO - Filling up the DagBag from /opt/airflow/dags/groups/group_downloads.py
[2023-12-06T20:37:59.322+0000] {processor.py:768} WARNING - No viable dags retrieved from /opt/airflow/dags/groups/group_downloads.py
[2023-12-06T20:37:59.337+0000] {processor.py:176} INFO - Processing /opt/airflow/dags/groups/group_downloads.py took 0.025 seconds
[2023-12-06T20:38:29.826+0000] {processor.py:154} INFO - Started process (PID=2132) to work on /opt/airflow/dags/groups/group_downloads.py
[2023-12-06T20:38:29.841+0000] {processor.py:756} INFO - Processing file /opt/airflow/dags/groups/group_downloads.py for tasks to queue
[2023-12-06T20:38:29.848+0000] {logging_mixin.py:120} INFO - [2023-12-06T20:38:29.847+0000] {dagbag.py:537} INFO - Filling up the DagBag from /opt/airflow/dags/groups/group_downloads.py
[2023-12-06T20:38:29.881+0000] {processor.py:768} WARNING - No viable dags retrieved from /opt/airflow/dags/groups/group_downloads.py
[2023-12-06T20:38:29.948+0000] {processor.py:176} INFO - Processing /opt/airflow/dags/groups/group_downloads.py took 0.130 seconds
[2023-12-06T20:39:00.094+0000] {processor.py:154} INFO - Started process (PID=2164) to work on /opt/airflow/dags/groups/group_downloads.py
[2023-12-06T20:39:00.095+0000] {processor.py:756} INFO - Processing file /opt/airflow/dags/groups/group_downloads.py for tasks to queue
[2023-12-06T20:39:00.095+0000] {logging_mixin.py:120} INFO - [2023-12-06T20:39:00.095+0000] {dagbag.py:537} INFO - Filling up the DagBag from /opt/airflow/dags/groups/group_downloads.py
[2023-12-06T20:39:00.099+0000] {processor.py:768} WARNING - No viable dags retrieved from /opt/airflow/dags/groups/group_downloads.py
[2023-12-06T20:39:00.110+0000] {processor.py:176} INFO - Processing /opt/airflow/dags/groups/group_downloads.py took 0.018 seconds
[2023-12-06T20:39:30.197+0000] {processor.py:154} INFO - Started process (PID=2197) to work on /opt/airflow/dags/groups/group_downloads.py
[2023-12-06T20:39:30.198+0000] {processor.py:756} INFO - Processing file /opt/airflow/dags/groups/group_downloads.py for tasks to queue
[2023-12-06T20:39:30.198+0000] {logging_mixin.py:120} INFO - [2023-12-06T20:39:30.198+0000] {dagbag.py:537} INFO - Filling up the DagBag from /opt/airflow/dags/groups/group_downloads.py
[2023-12-06T20:39:30.205+0000] {processor.py:768} WARNING - No viable dags retrieved from /opt/airflow/dags/groups/group_downloads.py
[2023-12-06T20:39:30.239+0000] {processor.py:176} INFO - Processing /opt/airflow/dags/groups/group_downloads.py took 0.046 seconds
[2023-12-06T20:40:00.960+0000] {processor.py:154} INFO - Started process (PID=2239) to work on /opt/airflow/dags/groups/group_downloads.py
[2023-12-06T20:40:00.963+0000] {processor.py:756} INFO - Processing file /opt/airflow/dags/groups/group_downloads.py for tasks to queue
[2023-12-06T20:40:00.964+0000] {logging_mixin.py:120} INFO - [2023-12-06T20:40:00.964+0000] {dagbag.py:537} INFO - Filling up the DagBag from /opt/airflow/dags/groups/group_downloads.py
[2023-12-06T20:40:00.975+0000] {processor.py:768} WARNING - No viable dags retrieved from /opt/airflow/dags/groups/group_downloads.py
[2023-12-06T20:40:01.018+0000] {processor.py:176} INFO - Processing /opt/airflow/dags/groups/group_downloads.py took 0.064 seconds
[2023-12-06T20:40:31.564+0000] {processor.py:154} INFO - Started process (PID=2282) to work on /opt/airflow/dags/groups/group_downloads.py
[2023-12-06T20:40:31.565+0000] {processor.py:756} INFO - Processing file /opt/airflow/dags/groups/group_downloads.py for tasks to queue
[2023-12-06T20:40:31.566+0000] {logging_mixin.py:120} INFO - [2023-12-06T20:40:31.566+0000] {dagbag.py:537} INFO - Filling up the DagBag from /opt/airflow/dags/groups/group_downloads.py
[2023-12-06T20:40:31.570+0000] {processor.py:768} WARNING - No viable dags retrieved from /opt/airflow/dags/groups/group_downloads.py
[2023-12-06T20:40:31.586+0000] {processor.py:176} INFO - Processing /opt/airflow/dags/groups/group_downloads.py took 0.026 seconds
[2023-12-06T20:41:01.800+0000] {processor.py:154} INFO - Started process (PID=2315) to work on /opt/airflow/dags/groups/group_downloads.py
[2023-12-06T20:41:01.801+0000] {processor.py:756} INFO - Processing file /opt/airflow/dags/groups/group_downloads.py for tasks to queue
[2023-12-06T20:41:01.802+0000] {logging_mixin.py:120} INFO - [2023-12-06T20:41:01.802+0000] {dagbag.py:537} INFO - Filling up the DagBag from /opt/airflow/dags/groups/group_downloads.py
[2023-12-06T20:41:01.806+0000] {processor.py:768} WARNING - No viable dags retrieved from /opt/airflow/dags/groups/group_downloads.py
[2023-12-06T20:41:01.822+0000] {processor.py:176} INFO - Processing /opt/airflow/dags/groups/group_downloads.py took 0.025 seconds
[2023-12-06T20:41:32.633+0000] {processor.py:154} INFO - Started process (PID=2357) to work on /opt/airflow/dags/groups/group_downloads.py
[2023-12-06T20:41:32.639+0000] {processor.py:756} INFO - Processing file /opt/airflow/dags/groups/group_downloads.py for tasks to queue
[2023-12-06T20:41:32.640+0000] {logging_mixin.py:120} INFO - [2023-12-06T20:41:32.640+0000] {dagbag.py:537} INFO - Filling up the DagBag from /opt/airflow/dags/groups/group_downloads.py
[2023-12-06T20:41:32.648+0000] {processor.py:768} WARNING - No viable dags retrieved from /opt/airflow/dags/groups/group_downloads.py
[2023-12-06T20:41:32.673+0000] {processor.py:176} INFO - Processing /opt/airflow/dags/groups/group_downloads.py took 0.053 seconds
[2023-12-06T20:42:03.005+0000] {processor.py:154} INFO - Started process (PID=2397) to work on /opt/airflow/dags/groups/group_downloads.py
[2023-12-06T20:42:03.005+0000] {processor.py:756} INFO - Processing file /opt/airflow/dags/groups/group_downloads.py for tasks to queue
[2023-12-06T20:42:03.006+0000] {logging_mixin.py:120} INFO - [2023-12-06T20:42:03.006+0000] {dagbag.py:537} INFO - Filling up the DagBag from /opt/airflow/dags/groups/group_downloads.py
[2023-12-06T20:42:03.010+0000] {processor.py:768} WARNING - No viable dags retrieved from /opt/airflow/dags/groups/group_downloads.py
[2023-12-06T20:42:03.029+0000] {processor.py:176} INFO - Processing /opt/airflow/dags/groups/group_downloads.py took 0.027 seconds
[2023-12-06T20:42:33.317+0000] {processor.py:154} INFO - Started process (PID=2431) to work on /opt/airflow/dags/groups/group_downloads.py
[2023-12-06T20:42:33.326+0000] {processor.py:756} INFO - Processing file /opt/airflow/dags/groups/group_downloads.py for tasks to queue
[2023-12-06T20:42:33.327+0000] {logging_mixin.py:120} INFO - [2023-12-06T20:42:33.327+0000] {dagbag.py:537} INFO - Filling up the DagBag from /opt/airflow/dags/groups/group_downloads.py
[2023-12-06T20:42:33.332+0000] {processor.py:768} WARNING - No viable dags retrieved from /opt/airflow/dags/groups/group_downloads.py
[2023-12-06T20:42:33.349+0000] {processor.py:176} INFO - Processing /opt/airflow/dags/groups/group_downloads.py took 0.035 seconds
[2023-12-06T20:43:03.776+0000] {processor.py:154} INFO - Started process (PID=2473) to work on /opt/airflow/dags/groups/group_downloads.py
[2023-12-06T20:43:03.777+0000] {processor.py:756} INFO - Processing file /opt/airflow/dags/groups/group_downloads.py for tasks to queue
[2023-12-06T20:43:03.777+0000] {logging_mixin.py:120} INFO - [2023-12-06T20:43:03.777+0000] {dagbag.py:537} INFO - Filling up the DagBag from /opt/airflow/dags/groups/group_downloads.py
[2023-12-06T20:43:03.783+0000] {processor.py:768} WARNING - No viable dags retrieved from /opt/airflow/dags/groups/group_downloads.py
[2023-12-06T20:43:03.807+0000] {processor.py:176} INFO - Processing /opt/airflow/dags/groups/group_downloads.py took 0.041 seconds
