[2023-12-18T16:41:19.618+0000] {processor.py:154} INFO - Started process (PID=58) to work on /opt/airflow/dags/subdags/subdag_downloads.py
[2023-12-18T16:41:19.623+0000] {processor.py:756} INFO - Processing file /opt/airflow/dags/subdags/subdag_downloads.py for tasks to queue
[2023-12-18T16:41:19.635+0000] {logging_mixin.py:120} INFO - [2023-12-18T16:41:19.635+0000] {dagbag.py:537} INFO - Filling up the DagBag from /opt/airflow/dags/subdags/subdag_downloads.py
[2023-12-18T16:41:19.656+0000] {processor.py:768} WARNING - No viable dags retrieved from /opt/airflow/dags/subdags/subdag_downloads.py
[2023-12-18T16:41:19.782+0000] {processor.py:176} INFO - Processing /opt/airflow/dags/subdags/subdag_downloads.py took 0.166 seconds
[2023-12-18T16:41:50.017+0000] {processor.py:154} INFO - Started process (PID=87) to work on /opt/airflow/dags/subdags/subdag_downloads.py
[2023-12-18T16:41:50.031+0000] {processor.py:756} INFO - Processing file /opt/airflow/dags/subdags/subdag_downloads.py for tasks to queue
[2023-12-18T16:41:50.031+0000] {logging_mixin.py:120} INFO - [2023-12-18T16:41:50.031+0000] {dagbag.py:537} INFO - Filling up the DagBag from /opt/airflow/dags/subdags/subdag_downloads.py
[2023-12-18T16:41:50.044+0000] {processor.py:768} WARNING - No viable dags retrieved from /opt/airflow/dags/subdags/subdag_downloads.py
[2023-12-18T16:41:50.066+0000] {processor.py:176} INFO - Processing /opt/airflow/dags/subdags/subdag_downloads.py took 0.084 seconds
[2023-12-18T16:42:20.636+0000] {processor.py:154} INFO - Started process (PID=127) to work on /opt/airflow/dags/subdags/subdag_downloads.py
[2023-12-18T16:42:20.643+0000] {processor.py:756} INFO - Processing file /opt/airflow/dags/subdags/subdag_downloads.py for tasks to queue
[2023-12-18T16:42:20.644+0000] {logging_mixin.py:120} INFO - [2023-12-18T16:42:20.644+0000] {dagbag.py:537} INFO - Filling up the DagBag from /opt/airflow/dags/subdags/subdag_downloads.py
[2023-12-18T16:42:20.654+0000] {processor.py:768} WARNING - No viable dags retrieved from /opt/airflow/dags/subdags/subdag_downloads.py
[2023-12-18T16:42:20.692+0000] {processor.py:176} INFO - Processing /opt/airflow/dags/subdags/subdag_downloads.py took 0.070 seconds
[2023-12-18T16:42:51.334+0000] {processor.py:154} INFO - Started process (PID=162) to work on /opt/airflow/dags/subdags/subdag_downloads.py
[2023-12-18T16:42:51.335+0000] {processor.py:756} INFO - Processing file /opt/airflow/dags/subdags/subdag_downloads.py for tasks to queue
[2023-12-18T16:42:51.335+0000] {logging_mixin.py:120} INFO - [2023-12-18T16:42:51.335+0000] {dagbag.py:537} INFO - Filling up the DagBag from /opt/airflow/dags/subdags/subdag_downloads.py
[2023-12-18T16:42:51.339+0000] {processor.py:768} WARNING - No viable dags retrieved from /opt/airflow/dags/subdags/subdag_downloads.py
[2023-12-18T16:42:51.349+0000] {processor.py:176} INFO - Processing /opt/airflow/dags/subdags/subdag_downloads.py took 0.018 seconds
[2023-12-18T16:43:21.457+0000] {processor.py:154} INFO - Started process (PID=203) to work on /opt/airflow/dags/subdags/subdag_downloads.py
[2023-12-18T16:43:21.458+0000] {processor.py:756} INFO - Processing file /opt/airflow/dags/subdags/subdag_downloads.py for tasks to queue
[2023-12-18T16:43:21.459+0000] {logging_mixin.py:120} INFO - [2023-12-18T16:43:21.459+0000] {dagbag.py:537} INFO - Filling up the DagBag from /opt/airflow/dags/subdags/subdag_downloads.py
[2023-12-18T16:43:21.462+0000] {processor.py:768} WARNING - No viable dags retrieved from /opt/airflow/dags/subdags/subdag_downloads.py
[2023-12-18T16:43:21.473+0000] {processor.py:176} INFO - Processing /opt/airflow/dags/subdags/subdag_downloads.py took 0.018 seconds
[2023-12-18T16:43:51.741+0000] {processor.py:154} INFO - Started process (PID=236) to work on /opt/airflow/dags/subdags/subdag_downloads.py
[2023-12-18T16:43:51.742+0000] {processor.py:756} INFO - Processing file /opt/airflow/dags/subdags/subdag_downloads.py for tasks to queue
[2023-12-18T16:43:51.742+0000] {logging_mixin.py:120} INFO - [2023-12-18T16:43:51.742+0000] {dagbag.py:537} INFO - Filling up the DagBag from /opt/airflow/dags/subdags/subdag_downloads.py
[2023-12-18T16:43:51.746+0000] {processor.py:768} WARNING - No viable dags retrieved from /opt/airflow/dags/subdags/subdag_downloads.py
[2023-12-18T16:43:51.756+0000] {processor.py:176} INFO - Processing /opt/airflow/dags/subdags/subdag_downloads.py took 0.018 seconds
[2023-12-18T16:44:22.511+0000] {processor.py:154} INFO - Started process (PID=278) to work on /opt/airflow/dags/subdags/subdag_downloads.py
[2023-12-18T16:44:22.519+0000] {processor.py:756} INFO - Processing file /opt/airflow/dags/subdags/subdag_downloads.py for tasks to queue
[2023-12-18T16:44:22.520+0000] {logging_mixin.py:120} INFO - [2023-12-18T16:44:22.520+0000] {dagbag.py:537} INFO - Filling up the DagBag from /opt/airflow/dags/subdags/subdag_downloads.py
[2023-12-18T16:44:22.526+0000] {processor.py:768} WARNING - No viable dags retrieved from /opt/airflow/dags/subdags/subdag_downloads.py
[2023-12-18T16:44:22.549+0000] {processor.py:176} INFO - Processing /opt/airflow/dags/subdags/subdag_downloads.py took 0.042 seconds
[2023-12-18T16:44:53.487+0000] {processor.py:154} INFO - Started process (PID=317) to work on /opt/airflow/dags/subdags/subdag_downloads.py
[2023-12-18T16:44:53.492+0000] {processor.py:756} INFO - Processing file /opt/airflow/dags/subdags/subdag_downloads.py for tasks to queue
[2023-12-18T16:44:53.506+0000] {logging_mixin.py:120} INFO - [2023-12-18T16:44:53.493+0000] {dagbag.py:537} INFO - Filling up the DagBag from /opt/airflow/dags/subdags/subdag_downloads.py
[2023-12-18T16:44:53.515+0000] {processor.py:768} WARNING - No viable dags retrieved from /opt/airflow/dags/subdags/subdag_downloads.py
[2023-12-18T16:44:53.545+0000] {processor.py:176} INFO - Processing /opt/airflow/dags/subdags/subdag_downloads.py took 0.066 seconds
[2023-12-18T16:45:24.159+0000] {processor.py:154} INFO - Started process (PID=354) to work on /opt/airflow/dags/subdags/subdag_downloads.py
[2023-12-18T16:45:24.160+0000] {processor.py:756} INFO - Processing file /opt/airflow/dags/subdags/subdag_downloads.py for tasks to queue
[2023-12-18T16:45:24.160+0000] {logging_mixin.py:120} INFO - [2023-12-18T16:45:24.160+0000] {dagbag.py:537} INFO - Filling up the DagBag from /opt/airflow/dags/subdags/subdag_downloads.py
[2023-12-18T16:45:24.164+0000] {processor.py:768} WARNING - No viable dags retrieved from /opt/airflow/dags/subdags/subdag_downloads.py
[2023-12-18T16:45:24.175+0000] {processor.py:176} INFO - Processing /opt/airflow/dags/subdags/subdag_downloads.py took 0.019 seconds
[2023-12-18T16:45:54.660+0000] {processor.py:154} INFO - Started process (PID=394) to work on /opt/airflow/dags/subdags/subdag_downloads.py
[2023-12-18T16:45:54.667+0000] {processor.py:756} INFO - Processing file /opt/airflow/dags/subdags/subdag_downloads.py for tasks to queue
[2023-12-18T16:45:54.668+0000] {logging_mixin.py:120} INFO - [2023-12-18T16:45:54.668+0000] {dagbag.py:537} INFO - Filling up the DagBag from /opt/airflow/dags/subdags/subdag_downloads.py
[2023-12-18T16:45:54.677+0000] {processor.py:768} WARNING - No viable dags retrieved from /opt/airflow/dags/subdags/subdag_downloads.py
[2023-12-18T16:45:54.711+0000] {processor.py:176} INFO - Processing /opt/airflow/dags/subdags/subdag_downloads.py took 0.058 seconds
[2023-12-18T16:46:24.847+0000] {processor.py:154} INFO - Started process (PID=430) to work on /opt/airflow/dags/subdags/subdag_downloads.py
[2023-12-18T16:46:24.848+0000] {processor.py:756} INFO - Processing file /opt/airflow/dags/subdags/subdag_downloads.py for tasks to queue
[2023-12-18T16:46:24.848+0000] {logging_mixin.py:120} INFO - [2023-12-18T16:46:24.848+0000] {dagbag.py:537} INFO - Filling up the DagBag from /opt/airflow/dags/subdags/subdag_downloads.py
[2023-12-18T16:46:24.852+0000] {processor.py:768} WARNING - No viable dags retrieved from /opt/airflow/dags/subdags/subdag_downloads.py
[2023-12-18T16:46:24.863+0000] {processor.py:176} INFO - Processing /opt/airflow/dags/subdags/subdag_downloads.py took 0.019 seconds
[2023-12-18T16:46:55.270+0000] {processor.py:154} INFO - Started process (PID=473) to work on /opt/airflow/dags/subdags/subdag_downloads.py
[2023-12-18T16:46:55.270+0000] {processor.py:756} INFO - Processing file /opt/airflow/dags/subdags/subdag_downloads.py for tasks to queue
[2023-12-18T16:46:55.271+0000] {logging_mixin.py:120} INFO - [2023-12-18T16:46:55.271+0000] {dagbag.py:537} INFO - Filling up the DagBag from /opt/airflow/dags/subdags/subdag_downloads.py
[2023-12-18T16:46:55.274+0000] {processor.py:768} WARNING - No viable dags retrieved from /opt/airflow/dags/subdags/subdag_downloads.py
[2023-12-18T16:46:55.285+0000] {processor.py:176} INFO - Processing /opt/airflow/dags/subdags/subdag_downloads.py took 0.018 seconds
[2023-12-18T16:47:25.788+0000] {processor.py:154} INFO - Started process (PID=507) to work on /opt/airflow/dags/subdags/subdag_downloads.py
[2023-12-18T16:47:25.789+0000] {processor.py:756} INFO - Processing file /opt/airflow/dags/subdags/subdag_downloads.py for tasks to queue
[2023-12-18T16:47:25.790+0000] {logging_mixin.py:120} INFO - [2023-12-18T16:47:25.790+0000] {dagbag.py:537} INFO - Filling up the DagBag from /opt/airflow/dags/subdags/subdag_downloads.py
[2023-12-18T16:47:25.795+0000] {processor.py:768} WARNING - No viable dags retrieved from /opt/airflow/dags/subdags/subdag_downloads.py
[2023-12-18T16:47:25.810+0000] {processor.py:176} INFO - Processing /opt/airflow/dags/subdags/subdag_downloads.py took 0.025 seconds
[2023-12-18T16:47:55.993+0000] {processor.py:154} INFO - Started process (PID=550) to work on /opt/airflow/dags/subdags/subdag_downloads.py
[2023-12-18T16:47:55.993+0000] {processor.py:756} INFO - Processing file /opt/airflow/dags/subdags/subdag_downloads.py for tasks to queue
[2023-12-18T16:47:55.994+0000] {logging_mixin.py:120} INFO - [2023-12-18T16:47:55.994+0000] {dagbag.py:537} INFO - Filling up the DagBag from /opt/airflow/dags/subdags/subdag_downloads.py
[2023-12-18T16:47:55.997+0000] {processor.py:768} WARNING - No viable dags retrieved from /opt/airflow/dags/subdags/subdag_downloads.py
[2023-12-18T16:47:56.008+0000] {processor.py:176} INFO - Processing /opt/airflow/dags/subdags/subdag_downloads.py took 0.018 seconds
[2023-12-18T16:48:26.373+0000] {processor.py:154} INFO - Started process (PID=591) to work on /opt/airflow/dags/subdags/subdag_downloads.py
[2023-12-18T16:48:26.374+0000] {processor.py:756} INFO - Processing file /opt/airflow/dags/subdags/subdag_downloads.py for tasks to queue
[2023-12-18T16:48:26.375+0000] {logging_mixin.py:120} INFO - [2023-12-18T16:48:26.375+0000] {dagbag.py:537} INFO - Filling up the DagBag from /opt/airflow/dags/subdags/subdag_downloads.py
[2023-12-18T16:48:26.380+0000] {processor.py:768} WARNING - No viable dags retrieved from /opt/airflow/dags/subdags/subdag_downloads.py
[2023-12-18T16:48:26.395+0000] {processor.py:176} INFO - Processing /opt/airflow/dags/subdags/subdag_downloads.py took 0.025 seconds
[2023-12-18T16:48:57.010+0000] {processor.py:154} INFO - Started process (PID=624) to work on /opt/airflow/dags/subdags/subdag_downloads.py
[2023-12-18T16:48:57.010+0000] {processor.py:756} INFO - Processing file /opt/airflow/dags/subdags/subdag_downloads.py for tasks to queue
[2023-12-18T16:48:57.011+0000] {logging_mixin.py:120} INFO - [2023-12-18T16:48:57.011+0000] {dagbag.py:537} INFO - Filling up the DagBag from /opt/airflow/dags/subdags/subdag_downloads.py
[2023-12-18T16:48:57.015+0000] {processor.py:768} WARNING - No viable dags retrieved from /opt/airflow/dags/subdags/subdag_downloads.py
[2023-12-18T16:48:57.027+0000] {processor.py:176} INFO - Processing /opt/airflow/dags/subdags/subdag_downloads.py took 0.019 seconds
[2023-12-18T16:49:27.411+0000] {processor.py:154} INFO - Started process (PID=666) to work on /opt/airflow/dags/subdags/subdag_downloads.py
[2023-12-18T16:49:27.412+0000] {processor.py:756} INFO - Processing file /opt/airflow/dags/subdags/subdag_downloads.py for tasks to queue
[2023-12-18T16:49:27.413+0000] {logging_mixin.py:120} INFO - [2023-12-18T16:49:27.413+0000] {dagbag.py:537} INFO - Filling up the DagBag from /opt/airflow/dags/subdags/subdag_downloads.py
[2023-12-18T16:49:27.418+0000] {processor.py:768} WARNING - No viable dags retrieved from /opt/airflow/dags/subdags/subdag_downloads.py
[2023-12-18T16:49:27.434+0000] {processor.py:176} INFO - Processing /opt/airflow/dags/subdags/subdag_downloads.py took 0.026 seconds
[2023-12-18T16:49:57.474+0000] {processor.py:154} INFO - Started process (PID=700) to work on /opt/airflow/dags/subdags/subdag_downloads.py
[2023-12-18T16:49:57.474+0000] {processor.py:756} INFO - Processing file /opt/airflow/dags/subdags/subdag_downloads.py for tasks to queue
[2023-12-18T16:49:57.495+0000] {logging_mixin.py:120} INFO - [2023-12-18T16:49:57.495+0000] {dagbag.py:537} INFO - Filling up the DagBag from /opt/airflow/dags/subdags/subdag_downloads.py
[2023-12-18T16:49:57.504+0000] {processor.py:768} WARNING - No viable dags retrieved from /opt/airflow/dags/subdags/subdag_downloads.py
[2023-12-18T16:49:57.569+0000] {processor.py:176} INFO - Processing /opt/airflow/dags/subdags/subdag_downloads.py took 0.099 seconds
[2023-12-18T16:50:27.640+0000] {processor.py:154} INFO - Started process (PID=742) to work on /opt/airflow/dags/subdags/subdag_downloads.py
[2023-12-18T16:50:27.641+0000] {processor.py:756} INFO - Processing file /opt/airflow/dags/subdags/subdag_downloads.py for tasks to queue
[2023-12-18T16:50:27.642+0000] {logging_mixin.py:120} INFO - [2023-12-18T16:50:27.642+0000] {dagbag.py:537} INFO - Filling up the DagBag from /opt/airflow/dags/subdags/subdag_downloads.py
[2023-12-18T16:50:27.647+0000] {processor.py:768} WARNING - No viable dags retrieved from /opt/airflow/dags/subdags/subdag_downloads.py
[2023-12-18T16:50:27.660+0000] {processor.py:176} INFO - Processing /opt/airflow/dags/subdags/subdag_downloads.py took 0.023 seconds
[2023-12-18T16:50:58.070+0000] {processor.py:154} INFO - Started process (PID=785) to work on /opt/airflow/dags/subdags/subdag_downloads.py
[2023-12-18T16:50:58.071+0000] {processor.py:756} INFO - Processing file /opt/airflow/dags/subdags/subdag_downloads.py for tasks to queue
[2023-12-18T16:50:58.071+0000] {logging_mixin.py:120} INFO - [2023-12-18T16:50:58.071+0000] {dagbag.py:537} INFO - Filling up the DagBag from /opt/airflow/dags/subdags/subdag_downloads.py
[2023-12-18T16:50:58.085+0000] {processor.py:768} WARNING - No viable dags retrieved from /opt/airflow/dags/subdags/subdag_downloads.py
[2023-12-18T16:50:58.113+0000] {processor.py:176} INFO - Processing /opt/airflow/dags/subdags/subdag_downloads.py took 0.046 seconds
[2023-12-18T16:51:28.508+0000] {processor.py:154} INFO - Started process (PID=819) to work on /opt/airflow/dags/subdags/subdag_downloads.py
[2023-12-18T16:51:28.519+0000] {processor.py:756} INFO - Processing file /opt/airflow/dags/subdags/subdag_downloads.py for tasks to queue
[2023-12-18T16:51:28.520+0000] {logging_mixin.py:120} INFO - [2023-12-18T16:51:28.520+0000] {dagbag.py:537} INFO - Filling up the DagBag from /opt/airflow/dags/subdags/subdag_downloads.py
[2023-12-18T16:51:28.525+0000] {processor.py:768} WARNING - No viable dags retrieved from /opt/airflow/dags/subdags/subdag_downloads.py
[2023-12-18T16:51:28.548+0000] {processor.py:176} INFO - Processing /opt/airflow/dags/subdags/subdag_downloads.py took 0.046 seconds
[2023-12-18T16:51:59.256+0000] {processor.py:154} INFO - Started process (PID=857) to work on /opt/airflow/dags/subdags/subdag_downloads.py
[2023-12-18T16:51:59.258+0000] {processor.py:756} INFO - Processing file /opt/airflow/dags/subdags/subdag_downloads.py for tasks to queue
[2023-12-18T16:51:59.263+0000] {logging_mixin.py:120} INFO - [2023-12-18T16:51:59.263+0000] {dagbag.py:537} INFO - Filling up the DagBag from /opt/airflow/dags/subdags/subdag_downloads.py
[2023-12-18T16:51:59.304+0000] {processor.py:768} WARNING - No viable dags retrieved from /opt/airflow/dags/subdags/subdag_downloads.py
[2023-12-18T16:51:59.357+0000] {processor.py:176} INFO - Processing /opt/airflow/dags/subdags/subdag_downloads.py took 0.114 seconds
[2023-12-18T16:52:30.201+0000] {processor.py:154} INFO - Started process (PID=890) to work on /opt/airflow/dags/subdags/subdag_downloads.py
[2023-12-18T16:52:30.202+0000] {processor.py:756} INFO - Processing file /opt/airflow/dags/subdags/subdag_downloads.py for tasks to queue
[2023-12-18T16:52:30.202+0000] {logging_mixin.py:120} INFO - [2023-12-18T16:52:30.202+0000] {dagbag.py:537} INFO - Filling up the DagBag from /opt/airflow/dags/subdags/subdag_downloads.py
[2023-12-18T16:52:30.212+0000] {processor.py:768} WARNING - No viable dags retrieved from /opt/airflow/dags/subdags/subdag_downloads.py
[2023-12-18T16:52:30.226+0000] {processor.py:176} INFO - Processing /opt/airflow/dags/subdags/subdag_downloads.py took 0.028 seconds
[2023-12-18T16:53:00.805+0000] {processor.py:154} INFO - Started process (PID=935) to work on /opt/airflow/dags/subdags/subdag_downloads.py
[2023-12-18T16:53:00.810+0000] {processor.py:756} INFO - Processing file /opt/airflow/dags/subdags/subdag_downloads.py for tasks to queue
[2023-12-18T16:53:00.810+0000] {logging_mixin.py:120} INFO - [2023-12-18T16:53:00.810+0000] {dagbag.py:537} INFO - Filling up the DagBag from /opt/airflow/dags/subdags/subdag_downloads.py
[2023-12-18T16:53:00.819+0000] {processor.py:768} WARNING - No viable dags retrieved from /opt/airflow/dags/subdags/subdag_downloads.py
[2023-12-18T16:53:00.847+0000] {processor.py:176} INFO - Processing /opt/airflow/dags/subdags/subdag_downloads.py took 0.046 seconds
[2023-12-18T16:53:31.867+0000] {processor.py:154} INFO - Started process (PID=968) to work on /opt/airflow/dags/subdags/subdag_downloads.py
[2023-12-18T16:53:31.868+0000] {processor.py:756} INFO - Processing file /opt/airflow/dags/subdags/subdag_downloads.py for tasks to queue
[2023-12-18T16:53:31.869+0000] {logging_mixin.py:120} INFO - [2023-12-18T16:53:31.869+0000] {dagbag.py:537} INFO - Filling up the DagBag from /opt/airflow/dags/subdags/subdag_downloads.py
[2023-12-18T16:53:31.886+0000] {processor.py:768} WARNING - No viable dags retrieved from /opt/airflow/dags/subdags/subdag_downloads.py
[2023-12-18T16:53:31.940+0000] {processor.py:176} INFO - Processing /opt/airflow/dags/subdags/subdag_downloads.py took 0.092 seconds
[2023-12-18T16:54:02.097+0000] {processor.py:154} INFO - Started process (PID=1011) to work on /opt/airflow/dags/subdags/subdag_downloads.py
[2023-12-18T16:54:02.106+0000] {processor.py:756} INFO - Processing file /opt/airflow/dags/subdags/subdag_downloads.py for tasks to queue
[2023-12-18T16:54:02.107+0000] {logging_mixin.py:120} INFO - [2023-12-18T16:54:02.107+0000] {dagbag.py:537} INFO - Filling up the DagBag from /opt/airflow/dags/subdags/subdag_downloads.py
[2023-12-18T16:54:02.116+0000] {processor.py:768} WARNING - No viable dags retrieved from /opt/airflow/dags/subdags/subdag_downloads.py
[2023-12-18T16:54:02.171+0000] {processor.py:176} INFO - Processing /opt/airflow/dags/subdags/subdag_downloads.py took 0.105 seconds
[2023-12-18T16:54:33.175+0000] {processor.py:154} INFO - Started process (PID=1054) to work on /opt/airflow/dags/subdags/subdag_downloads.py
[2023-12-18T16:54:33.176+0000] {processor.py:756} INFO - Processing file /opt/airflow/dags/subdags/subdag_downloads.py for tasks to queue
[2023-12-18T16:54:33.176+0000] {logging_mixin.py:120} INFO - [2023-12-18T16:54:33.176+0000] {dagbag.py:537} INFO - Filling up the DagBag from /opt/airflow/dags/subdags/subdag_downloads.py
[2023-12-18T16:54:33.181+0000] {processor.py:768} WARNING - No viable dags retrieved from /opt/airflow/dags/subdags/subdag_downloads.py
[2023-12-18T16:54:33.195+0000] {processor.py:176} INFO - Processing /opt/airflow/dags/subdags/subdag_downloads.py took 0.028 seconds
[2023-12-18T16:55:03.281+0000] {processor.py:154} INFO - Started process (PID=1086) to work on /opt/airflow/dags/subdags/subdag_downloads.py
[2023-12-18T16:55:03.282+0000] {processor.py:756} INFO - Processing file /opt/airflow/dags/subdags/subdag_downloads.py for tasks to queue
[2023-12-18T16:55:03.283+0000] {logging_mixin.py:120} INFO - [2023-12-18T16:55:03.283+0000] {dagbag.py:537} INFO - Filling up the DagBag from /opt/airflow/dags/subdags/subdag_downloads.py
[2023-12-18T16:55:03.290+0000] {processor.py:768} WARNING - No viable dags retrieved from /opt/airflow/dags/subdags/subdag_downloads.py
[2023-12-18T16:55:03.317+0000] {processor.py:176} INFO - Processing /opt/airflow/dags/subdags/subdag_downloads.py took 0.038 seconds
[2023-12-18T16:55:33.612+0000] {processor.py:154} INFO - Started process (PID=1127) to work on /opt/airflow/dags/subdags/subdag_downloads.py
[2023-12-18T16:55:33.613+0000] {processor.py:756} INFO - Processing file /opt/airflow/dags/subdags/subdag_downloads.py for tasks to queue
[2023-12-18T16:55:33.613+0000] {logging_mixin.py:120} INFO - [2023-12-18T16:55:33.613+0000] {dagbag.py:537} INFO - Filling up the DagBag from /opt/airflow/dags/subdags/subdag_downloads.py
[2023-12-18T16:55:33.617+0000] {processor.py:768} WARNING - No viable dags retrieved from /opt/airflow/dags/subdags/subdag_downloads.py
[2023-12-18T16:55:33.627+0000] {processor.py:176} INFO - Processing /opt/airflow/dags/subdags/subdag_downloads.py took 0.018 seconds
[2023-12-18T16:56:03.837+0000] {processor.py:154} INFO - Started process (PID=1159) to work on /opt/airflow/dags/subdags/subdag_downloads.py
[2023-12-18T16:56:03.837+0000] {processor.py:756} INFO - Processing file /opt/airflow/dags/subdags/subdag_downloads.py for tasks to queue
[2023-12-18T16:56:03.838+0000] {logging_mixin.py:120} INFO - [2023-12-18T16:56:03.838+0000] {dagbag.py:537} INFO - Filling up the DagBag from /opt/airflow/dags/subdags/subdag_downloads.py
[2023-12-18T16:56:03.843+0000] {processor.py:768} WARNING - No viable dags retrieved from /opt/airflow/dags/subdags/subdag_downloads.py
[2023-12-18T16:56:03.861+0000] {processor.py:176} INFO - Processing /opt/airflow/dags/subdags/subdag_downloads.py took 0.028 seconds
[2023-12-18T16:56:34.206+0000] {processor.py:154} INFO - Started process (PID=1202) to work on /opt/airflow/dags/subdags/subdag_downloads.py
[2023-12-18T16:56:34.207+0000] {processor.py:756} INFO - Processing file /opt/airflow/dags/subdags/subdag_downloads.py for tasks to queue
[2023-12-18T16:56:34.208+0000] {logging_mixin.py:120} INFO - [2023-12-18T16:56:34.207+0000] {dagbag.py:537} INFO - Filling up the DagBag from /opt/airflow/dags/subdags/subdag_downloads.py
[2023-12-18T16:56:34.212+0000] {processor.py:768} WARNING - No viable dags retrieved from /opt/airflow/dags/subdags/subdag_downloads.py
[2023-12-18T16:56:34.222+0000] {processor.py:176} INFO - Processing /opt/airflow/dags/subdags/subdag_downloads.py took 0.018 seconds
[2023-12-18T16:57:04.480+0000] {processor.py:154} INFO - Started process (PID=1245) to work on /opt/airflow/dags/subdags/subdag_downloads.py
[2023-12-18T16:57:04.480+0000] {processor.py:756} INFO - Processing file /opt/airflow/dags/subdags/subdag_downloads.py for tasks to queue
[2023-12-18T16:57:04.481+0000] {logging_mixin.py:120} INFO - [2023-12-18T16:57:04.481+0000] {dagbag.py:537} INFO - Filling up the DagBag from /opt/airflow/dags/subdags/subdag_downloads.py
[2023-12-18T16:57:04.485+0000] {processor.py:768} WARNING - No viable dags retrieved from /opt/airflow/dags/subdags/subdag_downloads.py
[2023-12-18T16:57:04.495+0000] {processor.py:176} INFO - Processing /opt/airflow/dags/subdags/subdag_downloads.py took 0.018 seconds
[2023-12-18T16:57:35.208+0000] {processor.py:154} INFO - Started process (PID=1279) to work on /opt/airflow/dags/subdags/subdag_downloads.py
[2023-12-18T16:57:35.209+0000] {processor.py:756} INFO - Processing file /opt/airflow/dags/subdags/subdag_downloads.py for tasks to queue
[2023-12-18T16:57:35.210+0000] {logging_mixin.py:120} INFO - [2023-12-18T16:57:35.210+0000] {dagbag.py:537} INFO - Filling up the DagBag from /opt/airflow/dags/subdags/subdag_downloads.py
[2023-12-18T16:57:35.215+0000] {processor.py:768} WARNING - No viable dags retrieved from /opt/airflow/dags/subdags/subdag_downloads.py
[2023-12-18T16:57:35.229+0000] {processor.py:176} INFO - Processing /opt/airflow/dags/subdags/subdag_downloads.py took 0.024 seconds
[2023-12-18T16:58:05.265+0000] {processor.py:154} INFO - Started process (PID=1321) to work on /opt/airflow/dags/subdags/subdag_downloads.py
[2023-12-18T16:58:05.265+0000] {processor.py:756} INFO - Processing file /opt/airflow/dags/subdags/subdag_downloads.py for tasks to queue
[2023-12-18T16:58:05.266+0000] {logging_mixin.py:120} INFO - [2023-12-18T16:58:05.266+0000] {dagbag.py:537} INFO - Filling up the DagBag from /opt/airflow/dags/subdags/subdag_downloads.py
[2023-12-18T16:58:05.270+0000] {processor.py:768} WARNING - No viable dags retrieved from /opt/airflow/dags/subdags/subdag_downloads.py
[2023-12-18T16:58:05.281+0000] {processor.py:176} INFO - Processing /opt/airflow/dags/subdags/subdag_downloads.py took 0.020 seconds
[2023-12-18T16:58:35.442+0000] {processor.py:154} INFO - Started process (PID=1363) to work on /opt/airflow/dags/subdags/subdag_downloads.py
[2023-12-18T16:58:35.443+0000] {processor.py:756} INFO - Processing file /opt/airflow/dags/subdags/subdag_downloads.py for tasks to queue
[2023-12-18T16:58:35.447+0000] {logging_mixin.py:120} INFO - [2023-12-18T16:58:35.446+0000] {dagbag.py:537} INFO - Filling up the DagBag from /opt/airflow/dags/subdags/subdag_downloads.py
[2023-12-18T16:58:35.473+0000] {processor.py:768} WARNING - No viable dags retrieved from /opt/airflow/dags/subdags/subdag_downloads.py
[2023-12-18T16:58:35.531+0000] {processor.py:176} INFO - Processing /opt/airflow/dags/subdags/subdag_downloads.py took 0.107 seconds
[2023-12-18T16:59:05.974+0000] {processor.py:154} INFO - Started process (PID=1397) to work on /opt/airflow/dags/subdags/subdag_downloads.py
[2023-12-18T16:59:05.975+0000] {processor.py:756} INFO - Processing file /opt/airflow/dags/subdags/subdag_downloads.py for tasks to queue
[2023-12-18T16:59:05.975+0000] {logging_mixin.py:120} INFO - [2023-12-18T16:59:05.975+0000] {dagbag.py:537} INFO - Filling up the DagBag from /opt/airflow/dags/subdags/subdag_downloads.py
[2023-12-18T16:59:05.979+0000] {processor.py:768} WARNING - No viable dags retrieved from /opt/airflow/dags/subdags/subdag_downloads.py
[2023-12-18T16:59:05.990+0000] {processor.py:176} INFO - Processing /opt/airflow/dags/subdags/subdag_downloads.py took 0.018 seconds
[2023-12-18T16:59:36.444+0000] {processor.py:154} INFO - Started process (PID=1440) to work on /opt/airflow/dags/subdags/subdag_downloads.py
[2023-12-18T16:59:36.445+0000] {processor.py:756} INFO - Processing file /opt/airflow/dags/subdags/subdag_downloads.py for tasks to queue
[2023-12-18T16:59:36.446+0000] {logging_mixin.py:120} INFO - [2023-12-18T16:59:36.446+0000] {dagbag.py:537} INFO - Filling up the DagBag from /opt/airflow/dags/subdags/subdag_downloads.py
[2023-12-18T16:59:36.456+0000] {processor.py:768} WARNING - No viable dags retrieved from /opt/airflow/dags/subdags/subdag_downloads.py
[2023-12-18T16:59:36.473+0000] {processor.py:176} INFO - Processing /opt/airflow/dags/subdags/subdag_downloads.py took 0.033 seconds
[2023-12-18T17:00:06.521+0000] {processor.py:154} INFO - Started process (PID=1475) to work on /opt/airflow/dags/subdags/subdag_downloads.py
[2023-12-18T17:00:06.522+0000] {processor.py:756} INFO - Processing file /opt/airflow/dags/subdags/subdag_downloads.py for tasks to queue
[2023-12-18T17:00:06.523+0000] {logging_mixin.py:120} INFO - [2023-12-18T17:00:06.523+0000] {dagbag.py:537} INFO - Filling up the DagBag from /opt/airflow/dags/subdags/subdag_downloads.py
[2023-12-18T17:00:06.530+0000] {processor.py:768} WARNING - No viable dags retrieved from /opt/airflow/dags/subdags/subdag_downloads.py
[2023-12-18T17:00:06.548+0000] {processor.py:176} INFO - Processing /opt/airflow/dags/subdags/subdag_downloads.py took 0.030 seconds
[2023-12-18T17:00:36.684+0000] {processor.py:154} INFO - Started process (PID=1518) to work on /opt/airflow/dags/subdags/subdag_downloads.py
[2023-12-18T17:00:36.685+0000] {processor.py:756} INFO - Processing file /opt/airflow/dags/subdags/subdag_downloads.py for tasks to queue
[2023-12-18T17:00:36.686+0000] {logging_mixin.py:120} INFO - [2023-12-18T17:00:36.686+0000] {dagbag.py:537} INFO - Filling up the DagBag from /opt/airflow/dags/subdags/subdag_downloads.py
[2023-12-18T17:00:36.690+0000] {processor.py:768} WARNING - No viable dags retrieved from /opt/airflow/dags/subdags/subdag_downloads.py
[2023-12-18T17:00:36.700+0000] {processor.py:176} INFO - Processing /opt/airflow/dags/subdags/subdag_downloads.py took 0.019 seconds
[2023-12-18T17:01:06.776+0000] {processor.py:154} INFO - Started process (PID=1560) to work on /opt/airflow/dags/subdags/subdag_downloads.py
[2023-12-18T17:01:06.777+0000] {processor.py:756} INFO - Processing file /opt/airflow/dags/subdags/subdag_downloads.py for tasks to queue
[2023-12-18T17:01:06.778+0000] {logging_mixin.py:120} INFO - [2023-12-18T17:01:06.778+0000] {dagbag.py:537} INFO - Filling up the DagBag from /opt/airflow/dags/subdags/subdag_downloads.py
[2023-12-18T17:01:06.783+0000] {processor.py:768} WARNING - No viable dags retrieved from /opt/airflow/dags/subdags/subdag_downloads.py
[2023-12-18T17:01:06.798+0000] {processor.py:176} INFO - Processing /opt/airflow/dags/subdags/subdag_downloads.py took 0.025 seconds
[2023-12-18T17:01:37.505+0000] {processor.py:154} INFO - Started process (PID=1593) to work on /opt/airflow/dags/subdags/subdag_downloads.py
[2023-12-18T17:01:37.506+0000] {processor.py:756} INFO - Processing file /opt/airflow/dags/subdags/subdag_downloads.py for tasks to queue
[2023-12-18T17:01:37.506+0000] {logging_mixin.py:120} INFO - [2023-12-18T17:01:37.506+0000] {dagbag.py:537} INFO - Filling up the DagBag from /opt/airflow/dags/subdags/subdag_downloads.py
[2023-12-18T17:01:37.511+0000] {processor.py:768} WARNING - No viable dags retrieved from /opt/airflow/dags/subdags/subdag_downloads.py
[2023-12-18T17:01:37.527+0000] {processor.py:176} INFO - Processing /opt/airflow/dags/subdags/subdag_downloads.py took 0.025 seconds
[2023-12-18T17:02:07.703+0000] {processor.py:154} INFO - Started process (PID=1635) to work on /opt/airflow/dags/subdags/subdag_downloads.py
[2023-12-18T17:02:07.704+0000] {processor.py:756} INFO - Processing file /opt/airflow/dags/subdags/subdag_downloads.py for tasks to queue
[2023-12-18T17:02:07.704+0000] {logging_mixin.py:120} INFO - [2023-12-18T17:02:07.704+0000] {dagbag.py:537} INFO - Filling up the DagBag from /opt/airflow/dags/subdags/subdag_downloads.py
[2023-12-18T17:02:07.709+0000] {processor.py:768} WARNING - No viable dags retrieved from /opt/airflow/dags/subdags/subdag_downloads.py
[2023-12-18T17:02:07.721+0000] {processor.py:176} INFO - Processing /opt/airflow/dags/subdags/subdag_downloads.py took 0.020 seconds
[2023-12-18T17:02:37.977+0000] {processor.py:154} INFO - Started process (PID=1677) to work on /opt/airflow/dags/subdags/subdag_downloads.py
[2023-12-18T17:02:37.978+0000] {processor.py:756} INFO - Processing file /opt/airflow/dags/subdags/subdag_downloads.py for tasks to queue
[2023-12-18T17:02:37.979+0000] {logging_mixin.py:120} INFO - [2023-12-18T17:02:37.979+0000] {dagbag.py:537} INFO - Filling up the DagBag from /opt/airflow/dags/subdags/subdag_downloads.py
[2023-12-18T17:02:37.984+0000] {processor.py:768} WARNING - No viable dags retrieved from /opt/airflow/dags/subdags/subdag_downloads.py
[2023-12-18T17:02:37.998+0000] {processor.py:176} INFO - Processing /opt/airflow/dags/subdags/subdag_downloads.py took 0.024 seconds
[2023-12-18T17:03:08.577+0000] {processor.py:154} INFO - Started process (PID=1713) to work on /opt/airflow/dags/subdags/subdag_downloads.py
[2023-12-18T17:03:08.583+0000] {processor.py:756} INFO - Processing file /opt/airflow/dags/subdags/subdag_downloads.py for tasks to queue
[2023-12-18T17:03:08.584+0000] {logging_mixin.py:120} INFO - [2023-12-18T17:03:08.584+0000] {dagbag.py:537} INFO - Filling up the DagBag from /opt/airflow/dags/subdags/subdag_downloads.py
[2023-12-18T17:03:08.592+0000] {processor.py:768} WARNING - No viable dags retrieved from /opt/airflow/dags/subdags/subdag_downloads.py
[2023-12-18T17:03:08.622+0000] {processor.py:176} INFO - Processing /opt/airflow/dags/subdags/subdag_downloads.py took 0.055 seconds
[2023-12-18T17:03:39.192+0000] {processor.py:154} INFO - Started process (PID=1756) to work on /opt/airflow/dags/subdags/subdag_downloads.py
[2023-12-18T17:03:39.193+0000] {processor.py:756} INFO - Processing file /opt/airflow/dags/subdags/subdag_downloads.py for tasks to queue
[2023-12-18T17:03:39.193+0000] {logging_mixin.py:120} INFO - [2023-12-18T17:03:39.193+0000] {dagbag.py:537} INFO - Filling up the DagBag from /opt/airflow/dags/subdags/subdag_downloads.py
[2023-12-18T17:03:39.197+0000] {processor.py:768} WARNING - No viable dags retrieved from /opt/airflow/dags/subdags/subdag_downloads.py
[2023-12-18T17:03:39.208+0000] {processor.py:176} INFO - Processing /opt/airflow/dags/subdags/subdag_downloads.py took 0.019 seconds
[2023-12-18T17:04:09.858+0000] {processor.py:154} INFO - Started process (PID=1799) to work on /opt/airflow/dags/subdags/subdag_downloads.py
[2023-12-18T17:04:09.859+0000] {processor.py:756} INFO - Processing file /opt/airflow/dags/subdags/subdag_downloads.py for tasks to queue
[2023-12-18T17:04:09.860+0000] {logging_mixin.py:120} INFO - [2023-12-18T17:04:09.860+0000] {dagbag.py:537} INFO - Filling up the DagBag from /opt/airflow/dags/subdags/subdag_downloads.py
[2023-12-18T17:04:09.866+0000] {processor.py:768} WARNING - No viable dags retrieved from /opt/airflow/dags/subdags/subdag_downloads.py
[2023-12-18T17:04:09.882+0000] {processor.py:176} INFO - Processing /opt/airflow/dags/subdags/subdag_downloads.py took 0.028 seconds
[2023-12-18T17:04:40.009+0000] {processor.py:154} INFO - Started process (PID=1832) to work on /opt/airflow/dags/subdags/subdag_downloads.py
[2023-12-18T17:04:40.011+0000] {processor.py:756} INFO - Processing file /opt/airflow/dags/subdags/subdag_downloads.py for tasks to queue
[2023-12-18T17:04:40.011+0000] {logging_mixin.py:120} INFO - [2023-12-18T17:04:40.011+0000] {dagbag.py:537} INFO - Filling up the DagBag from /opt/airflow/dags/subdags/subdag_downloads.py
[2023-12-18T17:04:40.017+0000] {processor.py:768} WARNING - No viable dags retrieved from /opt/airflow/dags/subdags/subdag_downloads.py
[2023-12-18T17:04:40.031+0000] {processor.py:176} INFO - Processing /opt/airflow/dags/subdags/subdag_downloads.py took 0.025 seconds
[2023-12-18T17:05:10.338+0000] {processor.py:154} INFO - Started process (PID=1874) to work on /opt/airflow/dags/subdags/subdag_downloads.py
[2023-12-18T17:05:10.339+0000] {processor.py:756} INFO - Processing file /opt/airflow/dags/subdags/subdag_downloads.py for tasks to queue
[2023-12-18T17:05:10.340+0000] {logging_mixin.py:120} INFO - [2023-12-18T17:05:10.340+0000] {dagbag.py:537} INFO - Filling up the DagBag from /opt/airflow/dags/subdags/subdag_downloads.py
[2023-12-18T17:05:10.347+0000] {processor.py:768} WARNING - No viable dags retrieved from /opt/airflow/dags/subdags/subdag_downloads.py
[2023-12-18T17:05:10.363+0000] {processor.py:176} INFO - Processing /opt/airflow/dags/subdags/subdag_downloads.py took 0.028 seconds
[2023-12-18T17:05:40.658+0000] {processor.py:154} INFO - Started process (PID=1908) to work on /opt/airflow/dags/subdags/subdag_downloads.py
[2023-12-18T17:05:40.659+0000] {processor.py:756} INFO - Processing file /opt/airflow/dags/subdags/subdag_downloads.py for tasks to queue
[2023-12-18T17:05:40.659+0000] {logging_mixin.py:120} INFO - [2023-12-18T17:05:40.659+0000] {dagbag.py:537} INFO - Filling up the DagBag from /opt/airflow/dags/subdags/subdag_downloads.py
[2023-12-18T17:05:40.664+0000] {processor.py:768} WARNING - No viable dags retrieved from /opt/airflow/dags/subdags/subdag_downloads.py
[2023-12-18T17:05:40.681+0000] {processor.py:176} INFO - Processing /opt/airflow/dags/subdags/subdag_downloads.py took 0.026 seconds
[2023-12-18T17:06:10.718+0000] {processor.py:154} INFO - Started process (PID=1952) to work on /opt/airflow/dags/subdags/subdag_downloads.py
[2023-12-18T17:06:10.718+0000] {processor.py:756} INFO - Processing file /opt/airflow/dags/subdags/subdag_downloads.py for tasks to queue
[2023-12-18T17:06:10.719+0000] {logging_mixin.py:120} INFO - [2023-12-18T17:06:10.719+0000] {dagbag.py:537} INFO - Filling up the DagBag from /opt/airflow/dags/subdags/subdag_downloads.py
[2023-12-18T17:06:10.723+0000] {processor.py:768} WARNING - No viable dags retrieved from /opt/airflow/dags/subdags/subdag_downloads.py
[2023-12-18T17:06:10.735+0000] {processor.py:176} INFO - Processing /opt/airflow/dags/subdags/subdag_downloads.py took 0.020 seconds
[2023-12-18T17:06:40.986+0000] {processor.py:154} INFO - Started process (PID=1986) to work on /opt/airflow/dags/subdags/subdag_downloads.py
[2023-12-18T17:06:40.987+0000] {processor.py:756} INFO - Processing file /opt/airflow/dags/subdags/subdag_downloads.py for tasks to queue
[2023-12-18T17:06:40.988+0000] {logging_mixin.py:120} INFO - [2023-12-18T17:06:40.988+0000] {dagbag.py:537} INFO - Filling up the DagBag from /opt/airflow/dags/subdags/subdag_downloads.py
[2023-12-18T17:06:40.993+0000] {processor.py:768} WARNING - No viable dags retrieved from /opt/airflow/dags/subdags/subdag_downloads.py
[2023-12-18T17:06:41.009+0000] {processor.py:176} INFO - Processing /opt/airflow/dags/subdags/subdag_downloads.py took 0.026 seconds
[2023-12-18T17:07:11.635+0000] {processor.py:154} INFO - Started process (PID=2029) to work on /opt/airflow/dags/subdags/subdag_downloads.py
[2023-12-18T17:07:11.636+0000] {processor.py:756} INFO - Processing file /opt/airflow/dags/subdags/subdag_downloads.py for tasks to queue
[2023-12-18T17:07:11.637+0000] {logging_mixin.py:120} INFO - [2023-12-18T17:07:11.637+0000] {dagbag.py:537} INFO - Filling up the DagBag from /opt/airflow/dags/subdags/subdag_downloads.py
[2023-12-18T17:07:11.642+0000] {processor.py:768} WARNING - No viable dags retrieved from /opt/airflow/dags/subdags/subdag_downloads.py
[2023-12-18T17:07:11.657+0000] {processor.py:176} INFO - Processing /opt/airflow/dags/subdags/subdag_downloads.py took 0.025 seconds
[2023-12-18T17:07:41.860+0000] {processor.py:154} INFO - Started process (PID=2072) to work on /opt/airflow/dags/subdags/subdag_downloads.py
[2023-12-18T17:07:41.861+0000] {processor.py:756} INFO - Processing file /opt/airflow/dags/subdags/subdag_downloads.py for tasks to queue
[2023-12-18T17:07:41.862+0000] {logging_mixin.py:120} INFO - [2023-12-18T17:07:41.862+0000] {dagbag.py:537} INFO - Filling up the DagBag from /opt/airflow/dags/subdags/subdag_downloads.py
[2023-12-18T17:07:41.867+0000] {processor.py:768} WARNING - No viable dags retrieved from /opt/airflow/dags/subdags/subdag_downloads.py
[2023-12-18T17:07:41.883+0000] {processor.py:176} INFO - Processing /opt/airflow/dags/subdags/subdag_downloads.py took 0.026 seconds
[2023-12-18T17:08:12.289+0000] {processor.py:154} INFO - Started process (PID=2107) to work on /opt/airflow/dags/subdags/subdag_downloads.py
[2023-12-18T17:08:12.292+0000] {processor.py:756} INFO - Processing file /opt/airflow/dags/subdags/subdag_downloads.py for tasks to queue
[2023-12-18T17:08:12.292+0000] {logging_mixin.py:120} INFO - [2023-12-18T17:08:12.292+0000] {dagbag.py:537} INFO - Filling up the DagBag from /opt/airflow/dags/subdags/subdag_downloads.py
[2023-12-18T17:08:12.297+0000] {processor.py:768} WARNING - No viable dags retrieved from /opt/airflow/dags/subdags/subdag_downloads.py
[2023-12-18T17:08:12.334+0000] {processor.py:176} INFO - Processing /opt/airflow/dags/subdags/subdag_downloads.py took 0.052 seconds
[2023-12-18T17:08:42.714+0000] {processor.py:154} INFO - Started process (PID=2150) to work on /opt/airflow/dags/subdags/subdag_downloads.py
[2023-12-18T17:08:42.737+0000] {processor.py:756} INFO - Processing file /opt/airflow/dags/subdags/subdag_downloads.py for tasks to queue
[2023-12-18T17:08:42.738+0000] {logging_mixin.py:120} INFO - [2023-12-18T17:08:42.738+0000] {dagbag.py:537} INFO - Filling up the DagBag from /opt/airflow/dags/subdags/subdag_downloads.py
[2023-12-18T17:08:42.762+0000] {processor.py:768} WARNING - No viable dags retrieved from /opt/airflow/dags/subdags/subdag_downloads.py
[2023-12-18T17:08:42.807+0000] {processor.py:176} INFO - Processing /opt/airflow/dags/subdags/subdag_downloads.py took 0.096 seconds
[2023-12-18T17:09:13.832+0000] {processor.py:154} INFO - Started process (PID=2192) to work on /opt/airflow/dags/subdags/subdag_downloads.py
[2023-12-18T17:09:13.833+0000] {processor.py:756} INFO - Processing file /opt/airflow/dags/subdags/subdag_downloads.py for tasks to queue
[2023-12-18T17:09:13.833+0000] {logging_mixin.py:120} INFO - [2023-12-18T17:09:13.833+0000] {dagbag.py:537} INFO - Filling up the DagBag from /opt/airflow/dags/subdags/subdag_downloads.py
[2023-12-18T17:09:13.838+0000] {processor.py:768} WARNING - No viable dags retrieved from /opt/airflow/dags/subdags/subdag_downloads.py
[2023-12-18T17:09:13.857+0000] {processor.py:176} INFO - Processing /opt/airflow/dags/subdags/subdag_downloads.py took 0.029 seconds
[2023-12-18T17:09:44.298+0000] {processor.py:154} INFO - Started process (PID=2232) to work on /opt/airflow/dags/subdags/subdag_downloads.py
[2023-12-18T17:09:44.307+0000] {processor.py:756} INFO - Processing file /opt/airflow/dags/subdags/subdag_downloads.py for tasks to queue
[2023-12-18T17:09:44.319+0000] {logging_mixin.py:120} INFO - [2023-12-18T17:09:44.319+0000] {dagbag.py:537} INFO - Filling up the DagBag from /opt/airflow/dags/subdags/subdag_downloads.py
[2023-12-18T17:09:44.341+0000] {processor.py:768} WARNING - No viable dags retrieved from /opt/airflow/dags/subdags/subdag_downloads.py
[2023-12-18T17:09:44.433+0000] {processor.py:176} INFO - Processing /opt/airflow/dags/subdags/subdag_downloads.py took 0.138 seconds
[2023-12-18T17:10:15.199+0000] {processor.py:154} INFO - Started process (PID=2267) to work on /opt/airflow/dags/subdags/subdag_downloads.py
[2023-12-18T17:10:15.199+0000] {processor.py:756} INFO - Processing file /opt/airflow/dags/subdags/subdag_downloads.py for tasks to queue
[2023-12-18T17:10:15.200+0000] {logging_mixin.py:120} INFO - [2023-12-18T17:10:15.200+0000] {dagbag.py:537} INFO - Filling up the DagBag from /opt/airflow/dags/subdags/subdag_downloads.py
[2023-12-18T17:10:15.205+0000] {processor.py:768} WARNING - No viable dags retrieved from /opt/airflow/dags/subdags/subdag_downloads.py
[2023-12-18T17:10:15.220+0000] {processor.py:176} INFO - Processing /opt/airflow/dags/subdags/subdag_downloads.py took 0.025 seconds
[2023-12-18T17:44:56.430+0000] {processor.py:154} INFO - Started process (PID=57) to work on /opt/airflow/dags/subdags/subdag_downloads.py
[2023-12-18T17:44:56.449+0000] {processor.py:756} INFO - Processing file /opt/airflow/dags/subdags/subdag_downloads.py for tasks to queue
[2023-12-18T17:44:56.452+0000] {logging_mixin.py:120} INFO - [2023-12-18T17:44:56.451+0000] {dagbag.py:537} INFO - Filling up the DagBag from /opt/airflow/dags/subdags/subdag_downloads.py
[2023-12-18T17:44:56.472+0000] {processor.py:768} WARNING - No viable dags retrieved from /opt/airflow/dags/subdags/subdag_downloads.py
[2023-12-18T17:44:56.550+0000] {processor.py:176} INFO - Processing /opt/airflow/dags/subdags/subdag_downloads.py took 0.127 seconds
[2023-12-18T17:45:26.959+0000] {processor.py:154} INFO - Started process (PID=85) to work on /opt/airflow/dags/subdags/subdag_downloads.py
[2023-12-18T17:45:26.963+0000] {processor.py:756} INFO - Processing file /opt/airflow/dags/subdags/subdag_downloads.py for tasks to queue
[2023-12-18T17:45:26.964+0000] {logging_mixin.py:120} INFO - [2023-12-18T17:45:26.964+0000] {dagbag.py:537} INFO - Filling up the DagBag from /opt/airflow/dags/subdags/subdag_downloads.py
[2023-12-18T17:45:26.976+0000] {processor.py:768} WARNING - No viable dags retrieved from /opt/airflow/dags/subdags/subdag_downloads.py
[2023-12-18T17:45:27.000+0000] {processor.py:176} INFO - Processing /opt/airflow/dags/subdags/subdag_downloads.py took 0.058 seconds
[2023-12-18T17:45:57.135+0000] {processor.py:154} INFO - Started process (PID=117) to work on /opt/airflow/dags/subdags/subdag_downloads.py
[2023-12-18T17:45:57.136+0000] {processor.py:756} INFO - Processing file /opt/airflow/dags/subdags/subdag_downloads.py for tasks to queue
[2023-12-18T17:45:57.136+0000] {logging_mixin.py:120} INFO - [2023-12-18T17:45:57.136+0000] {dagbag.py:537} INFO - Filling up the DagBag from /opt/airflow/dags/subdags/subdag_downloads.py
[2023-12-18T17:45:57.144+0000] {processor.py:768} WARNING - No viable dags retrieved from /opt/airflow/dags/subdags/subdag_downloads.py
[2023-12-18T17:45:57.214+0000] {processor.py:176} INFO - Processing /opt/airflow/dags/subdags/subdag_downloads.py took 0.082 seconds
[2023-12-18T17:46:28.107+0000] {processor.py:154} INFO - Started process (PID=159) to work on /opt/airflow/dags/subdags/subdag_downloads.py
[2023-12-18T17:46:28.108+0000] {processor.py:756} INFO - Processing file /opt/airflow/dags/subdags/subdag_downloads.py for tasks to queue
[2023-12-18T17:46:28.109+0000] {logging_mixin.py:120} INFO - [2023-12-18T17:46:28.108+0000] {dagbag.py:537} INFO - Filling up the DagBag from /opt/airflow/dags/subdags/subdag_downloads.py
[2023-12-18T17:46:28.124+0000] {processor.py:768} WARNING - No viable dags retrieved from /opt/airflow/dags/subdags/subdag_downloads.py
[2023-12-18T17:46:28.169+0000] {processor.py:176} INFO - Processing /opt/airflow/dags/subdags/subdag_downloads.py took 0.075 seconds
[2023-12-18T17:46:59.047+0000] {processor.py:154} INFO - Started process (PID=192) to work on /opt/airflow/dags/subdags/subdag_downloads.py
[2023-12-18T17:46:59.048+0000] {processor.py:756} INFO - Processing file /opt/airflow/dags/subdags/subdag_downloads.py for tasks to queue
[2023-12-18T17:46:59.049+0000] {logging_mixin.py:120} INFO - [2023-12-18T17:46:59.048+0000] {dagbag.py:537} INFO - Filling up the DagBag from /opt/airflow/dags/subdags/subdag_downloads.py
[2023-12-18T17:46:59.053+0000] {processor.py:768} WARNING - No viable dags retrieved from /opt/airflow/dags/subdags/subdag_downloads.py
[2023-12-18T17:46:59.068+0000] {processor.py:176} INFO - Processing /opt/airflow/dags/subdags/subdag_downloads.py took 0.025 seconds
[2023-12-18T17:47:29.783+0000] {processor.py:154} INFO - Started process (PID=225) to work on /opt/airflow/dags/subdags/subdag_downloads.py
[2023-12-18T17:47:29.786+0000] {processor.py:756} INFO - Processing file /opt/airflow/dags/subdags/subdag_downloads.py for tasks to queue
[2023-12-18T17:47:29.787+0000] {logging_mixin.py:120} INFO - [2023-12-18T17:47:29.786+0000] {dagbag.py:537} INFO - Filling up the DagBag from /opt/airflow/dags/subdags/subdag_downloads.py
[2023-12-18T17:47:29.792+0000] {processor.py:768} WARNING - No viable dags retrieved from /opt/airflow/dags/subdags/subdag_downloads.py
[2023-12-18T17:47:29.807+0000] {processor.py:176} INFO - Processing /opt/airflow/dags/subdags/subdag_downloads.py took 0.027 seconds
[2023-12-18T17:48:00.354+0000] {processor.py:154} INFO - Started process (PID=267) to work on /opt/airflow/dags/subdags/subdag_downloads.py
[2023-12-18T17:48:00.355+0000] {processor.py:756} INFO - Processing file /opt/airflow/dags/subdags/subdag_downloads.py for tasks to queue
[2023-12-18T17:48:00.355+0000] {logging_mixin.py:120} INFO - [2023-12-18T17:48:00.355+0000] {dagbag.py:537} INFO - Filling up the DagBag from /opt/airflow/dags/subdags/subdag_downloads.py
[2023-12-18T17:48:00.359+0000] {processor.py:768} WARNING - No viable dags retrieved from /opt/airflow/dags/subdags/subdag_downloads.py
[2023-12-18T17:48:00.368+0000] {processor.py:176} INFO - Processing /opt/airflow/dags/subdags/subdag_downloads.py took 0.018 seconds
[2023-12-18T17:48:31.159+0000] {processor.py:154} INFO - Started process (PID=309) to work on /opt/airflow/dags/subdags/subdag_downloads.py
[2023-12-18T17:48:31.159+0000] {processor.py:756} INFO - Processing file /opt/airflow/dags/subdags/subdag_downloads.py for tasks to queue
[2023-12-18T17:48:31.160+0000] {logging_mixin.py:120} INFO - [2023-12-18T17:48:31.160+0000] {dagbag.py:537} INFO - Filling up the DagBag from /opt/airflow/dags/subdags/subdag_downloads.py
[2023-12-18T17:48:31.165+0000] {processor.py:768} WARNING - No viable dags retrieved from /opt/airflow/dags/subdags/subdag_downloads.py
[2023-12-18T17:48:31.179+0000] {processor.py:176} INFO - Processing /opt/airflow/dags/subdags/subdag_downloads.py took 0.026 seconds
[2023-12-18T17:49:01.281+0000] {processor.py:154} INFO - Started process (PID=342) to work on /opt/airflow/dags/subdags/subdag_downloads.py
[2023-12-18T17:49:01.281+0000] {processor.py:756} INFO - Processing file /opt/airflow/dags/subdags/subdag_downloads.py for tasks to queue
[2023-12-18T17:49:01.282+0000] {logging_mixin.py:120} INFO - [2023-12-18T17:49:01.282+0000] {dagbag.py:537} INFO - Filling up the DagBag from /opt/airflow/dags/subdags/subdag_downloads.py
[2023-12-18T17:49:01.287+0000] {processor.py:768} WARNING - No viable dags retrieved from /opt/airflow/dags/subdags/subdag_downloads.py
[2023-12-18T17:49:01.299+0000] {processor.py:176} INFO - Processing /opt/airflow/dags/subdags/subdag_downloads.py took 0.022 seconds
[2023-12-18T17:49:31.440+0000] {processor.py:154} INFO - Started process (PID=384) to work on /opt/airflow/dags/subdags/subdag_downloads.py
[2023-12-18T17:49:31.441+0000] {processor.py:756} INFO - Processing file /opt/airflow/dags/subdags/subdag_downloads.py for tasks to queue
[2023-12-18T17:49:31.442+0000] {logging_mixin.py:120} INFO - [2023-12-18T17:49:31.441+0000] {dagbag.py:537} INFO - Filling up the DagBag from /opt/airflow/dags/subdags/subdag_downloads.py
[2023-12-18T17:49:31.445+0000] {processor.py:768} WARNING - No viable dags retrieved from /opt/airflow/dags/subdags/subdag_downloads.py
[2023-12-18T17:49:31.455+0000] {processor.py:176} INFO - Processing /opt/airflow/dags/subdags/subdag_downloads.py took 0.017 seconds
[2023-12-18T17:50:01.779+0000] {processor.py:154} INFO - Started process (PID=426) to work on /opt/airflow/dags/subdags/subdag_downloads.py
[2023-12-18T17:50:01.780+0000] {processor.py:756} INFO - Processing file /opt/airflow/dags/subdags/subdag_downloads.py for tasks to queue
[2023-12-18T17:50:01.781+0000] {logging_mixin.py:120} INFO - [2023-12-18T17:50:01.780+0000] {dagbag.py:537} INFO - Filling up the DagBag from /opt/airflow/dags/subdags/subdag_downloads.py
[2023-12-18T17:50:01.786+0000] {processor.py:768} WARNING - No viable dags retrieved from /opt/airflow/dags/subdags/subdag_downloads.py
[2023-12-18T17:50:01.829+0000] {processor.py:176} INFO - Processing /opt/airflow/dags/subdags/subdag_downloads.py took 0.059 seconds
[2023-12-18T17:50:32.621+0000] {processor.py:154} INFO - Started process (PID=460) to work on /opt/airflow/dags/subdags/subdag_downloads.py
[2023-12-18T17:50:32.624+0000] {processor.py:756} INFO - Processing file /opt/airflow/dags/subdags/subdag_downloads.py for tasks to queue
[2023-12-18T17:50:32.625+0000] {logging_mixin.py:120} INFO - [2023-12-18T17:50:32.625+0000] {dagbag.py:537} INFO - Filling up the DagBag from /opt/airflow/dags/subdags/subdag_downloads.py
[2023-12-18T17:50:32.633+0000] {processor.py:768} WARNING - No viable dags retrieved from /opt/airflow/dags/subdags/subdag_downloads.py
[2023-12-18T17:50:32.651+0000] {processor.py:176} INFO - Processing /opt/airflow/dags/subdags/subdag_downloads.py took 0.046 seconds
[2023-12-18T17:51:02.978+0000] {processor.py:154} INFO - Started process (PID=502) to work on /opt/airflow/dags/subdags/subdag_downloads.py
[2023-12-18T17:51:02.979+0000] {processor.py:756} INFO - Processing file /opt/airflow/dags/subdags/subdag_downloads.py for tasks to queue
[2023-12-18T17:51:02.979+0000] {logging_mixin.py:120} INFO - [2023-12-18T17:51:02.979+0000] {dagbag.py:537} INFO - Filling up the DagBag from /opt/airflow/dags/subdags/subdag_downloads.py
[2023-12-18T17:51:02.984+0000] {processor.py:768} WARNING - No viable dags retrieved from /opt/airflow/dags/subdags/subdag_downloads.py
[2023-12-18T17:51:02.996+0000] {processor.py:176} INFO - Processing /opt/airflow/dags/subdags/subdag_downloads.py took 0.020 seconds
[2023-12-18T17:51:33.286+0000] {processor.py:154} INFO - Started process (PID=544) to work on /opt/airflow/dags/subdags/subdag_downloads.py
[2023-12-18T17:51:33.287+0000] {processor.py:756} INFO - Processing file /opt/airflow/dags/subdags/subdag_downloads.py for tasks to queue
[2023-12-18T17:51:33.287+0000] {logging_mixin.py:120} INFO - [2023-12-18T17:51:33.287+0000] {dagbag.py:537} INFO - Filling up the DagBag from /opt/airflow/dags/subdags/subdag_downloads.py
[2023-12-18T17:51:33.292+0000] {processor.py:768} WARNING - No viable dags retrieved from /opt/airflow/dags/subdags/subdag_downloads.py
[2023-12-18T17:51:33.310+0000] {processor.py:176} INFO - Processing /opt/airflow/dags/subdags/subdag_downloads.py took 0.028 seconds
[2023-12-18T17:52:03.388+0000] {processor.py:154} INFO - Started process (PID=577) to work on /opt/airflow/dags/subdags/subdag_downloads.py
[2023-12-18T17:52:03.396+0000] {processor.py:756} INFO - Processing file /opt/airflow/dags/subdags/subdag_downloads.py for tasks to queue
[2023-12-18T17:52:03.397+0000] {logging_mixin.py:120} INFO - [2023-12-18T17:52:03.397+0000] {dagbag.py:537} INFO - Filling up the DagBag from /opt/airflow/dags/subdags/subdag_downloads.py
[2023-12-18T17:52:03.402+0000] {processor.py:768} WARNING - No viable dags retrieved from /opt/airflow/dags/subdags/subdag_downloads.py
[2023-12-18T17:52:03.433+0000] {processor.py:176} INFO - Processing /opt/airflow/dags/subdags/subdag_downloads.py took 0.047 seconds
[2023-12-18T17:52:33.731+0000] {processor.py:154} INFO - Started process (PID=620) to work on /opt/airflow/dags/subdags/subdag_downloads.py
[2023-12-18T17:52:33.732+0000] {processor.py:756} INFO - Processing file /opt/airflow/dags/subdags/subdag_downloads.py for tasks to queue
[2023-12-18T17:52:33.732+0000] {logging_mixin.py:120} INFO - [2023-12-18T17:52:33.732+0000] {dagbag.py:537} INFO - Filling up the DagBag from /opt/airflow/dags/subdags/subdag_downloads.py
[2023-12-18T17:52:33.736+0000] {processor.py:768} WARNING - No viable dags retrieved from /opt/airflow/dags/subdags/subdag_downloads.py
[2023-12-18T17:52:33.748+0000] {processor.py:176} INFO - Processing /opt/airflow/dags/subdags/subdag_downloads.py took 0.020 seconds
[2023-12-18T17:53:04.481+0000] {processor.py:154} INFO - Started process (PID=663) to work on /opt/airflow/dags/subdags/subdag_downloads.py
[2023-12-18T17:53:04.482+0000] {processor.py:756} INFO - Processing file /opt/airflow/dags/subdags/subdag_downloads.py for tasks to queue
[2023-12-18T17:53:04.495+0000] {logging_mixin.py:120} INFO - [2023-12-18T17:53:04.495+0000] {dagbag.py:537} INFO - Filling up the DagBag from /opt/airflow/dags/subdags/subdag_downloads.py
[2023-12-18T17:53:04.509+0000] {processor.py:768} WARNING - No viable dags retrieved from /opt/airflow/dags/subdags/subdag_downloads.py
[2023-12-18T17:53:04.538+0000] {processor.py:176} INFO - Processing /opt/airflow/dags/subdags/subdag_downloads.py took 0.060 seconds
[2023-12-18T17:53:35.450+0000] {processor.py:154} INFO - Started process (PID=695) to work on /opt/airflow/dags/subdags/subdag_downloads.py
[2023-12-18T17:53:35.451+0000] {processor.py:756} INFO - Processing file /opt/airflow/dags/subdags/subdag_downloads.py for tasks to queue
[2023-12-18T17:53:35.452+0000] {logging_mixin.py:120} INFO - [2023-12-18T17:53:35.451+0000] {dagbag.py:537} INFO - Filling up the DagBag from /opt/airflow/dags/subdags/subdag_downloads.py
[2023-12-18T17:53:35.456+0000] {processor.py:768} WARNING - No viable dags retrieved from /opt/airflow/dags/subdags/subdag_downloads.py
[2023-12-18T17:53:35.468+0000] {processor.py:176} INFO - Processing /opt/airflow/dags/subdags/subdag_downloads.py took 0.021 seconds
[2023-12-18T17:54:06.331+0000] {processor.py:154} INFO - Started process (PID=739) to work on /opt/airflow/dags/subdags/subdag_downloads.py
[2023-12-18T17:54:06.331+0000] {processor.py:756} INFO - Processing file /opt/airflow/dags/subdags/subdag_downloads.py for tasks to queue
[2023-12-18T17:54:06.332+0000] {logging_mixin.py:120} INFO - [2023-12-18T17:54:06.332+0000] {dagbag.py:537} INFO - Filling up the DagBag from /opt/airflow/dags/subdags/subdag_downloads.py
[2023-12-18T17:54:06.337+0000] {processor.py:768} WARNING - No viable dags retrieved from /opt/airflow/dags/subdags/subdag_downloads.py
[2023-12-18T17:54:06.351+0000] {processor.py:176} INFO - Processing /opt/airflow/dags/subdags/subdag_downloads.py took 0.024 seconds
[2023-12-18T17:54:37.299+0000] {processor.py:154} INFO - Started process (PID=782) to work on /opt/airflow/dags/subdags/subdag_downloads.py
[2023-12-18T17:54:37.300+0000] {processor.py:756} INFO - Processing file /opt/airflow/dags/subdags/subdag_downloads.py for tasks to queue
[2023-12-18T17:54:37.300+0000] {logging_mixin.py:120} INFO - [2023-12-18T17:54:37.300+0000] {dagbag.py:537} INFO - Filling up the DagBag from /opt/airflow/dags/subdags/subdag_downloads.py
[2023-12-18T17:54:37.315+0000] {processor.py:768} WARNING - No viable dags retrieved from /opt/airflow/dags/subdags/subdag_downloads.py
[2023-12-18T17:54:37.337+0000] {processor.py:176} INFO - Processing /opt/airflow/dags/subdags/subdag_downloads.py took 0.046 seconds
[2023-12-18T17:55:08.489+0000] {processor.py:154} INFO - Started process (PID=825) to work on /opt/airflow/dags/subdags/subdag_downloads.py
[2023-12-18T17:55:08.499+0000] {processor.py:756} INFO - Processing file /opt/airflow/dags/subdags/subdag_downloads.py for tasks to queue
[2023-12-18T17:55:08.500+0000] {logging_mixin.py:120} INFO - [2023-12-18T17:55:08.500+0000] {dagbag.py:537} INFO - Filling up the DagBag from /opt/airflow/dags/subdags/subdag_downloads.py
[2023-12-18T17:55:08.508+0000] {processor.py:768} WARNING - No viable dags retrieved from /opt/airflow/dags/subdags/subdag_downloads.py
[2023-12-18T17:55:08.521+0000] {processor.py:176} INFO - Processing /opt/airflow/dags/subdags/subdag_downloads.py took 0.035 seconds
[2023-12-18T17:55:39.217+0000] {processor.py:154} INFO - Started process (PID=858) to work on /opt/airflow/dags/subdags/subdag_downloads.py
[2023-12-18T17:55:39.218+0000] {processor.py:756} INFO - Processing file /opt/airflow/dags/subdags/subdag_downloads.py for tasks to queue
[2023-12-18T17:55:39.218+0000] {logging_mixin.py:120} INFO - [2023-12-18T17:55:39.218+0000] {dagbag.py:537} INFO - Filling up the DagBag from /opt/airflow/dags/subdags/subdag_downloads.py
[2023-12-18T17:55:39.244+0000] {processor.py:768} WARNING - No viable dags retrieved from /opt/airflow/dags/subdags/subdag_downloads.py
[2023-12-18T17:55:39.264+0000] {processor.py:176} INFO - Processing /opt/airflow/dags/subdags/subdag_downloads.py took 0.062 seconds
[2023-12-18T17:56:09.985+0000] {processor.py:154} INFO - Started process (PID=900) to work on /opt/airflow/dags/subdags/subdag_downloads.py
[2023-12-18T17:56:09.986+0000] {processor.py:756} INFO - Processing file /opt/airflow/dags/subdags/subdag_downloads.py for tasks to queue
[2023-12-18T17:56:09.987+0000] {logging_mixin.py:120} INFO - [2023-12-18T17:56:09.987+0000] {dagbag.py:537} INFO - Filling up the DagBag from /opt/airflow/dags/subdags/subdag_downloads.py
[2023-12-18T17:56:09.992+0000] {processor.py:768} WARNING - No viable dags retrieved from /opt/airflow/dags/subdags/subdag_downloads.py
[2023-12-18T17:56:10.002+0000] {processor.py:176} INFO - Processing /opt/airflow/dags/subdags/subdag_downloads.py took 0.020 seconds
[2023-12-18T17:56:40.597+0000] {processor.py:154} INFO - Started process (PID=945) to work on /opt/airflow/dags/subdags/subdag_downloads.py
[2023-12-18T17:56:40.597+0000] {processor.py:756} INFO - Processing file /opt/airflow/dags/subdags/subdag_downloads.py for tasks to queue
[2023-12-18T17:56:40.598+0000] {logging_mixin.py:120} INFO - [2023-12-18T17:56:40.598+0000] {dagbag.py:537} INFO - Filling up the DagBag from /opt/airflow/dags/subdags/subdag_downloads.py
[2023-12-18T17:56:40.604+0000] {processor.py:768} WARNING - No viable dags retrieved from /opt/airflow/dags/subdags/subdag_downloads.py
[2023-12-18T17:56:40.619+0000] {processor.py:176} INFO - Processing /opt/airflow/dags/subdags/subdag_downloads.py took 0.026 seconds
[2023-12-18T17:57:11.751+0000] {processor.py:154} INFO - Started process (PID=987) to work on /opt/airflow/dags/subdags/subdag_downloads.py
[2023-12-18T17:57:11.752+0000] {processor.py:756} INFO - Processing file /opt/airflow/dags/subdags/subdag_downloads.py for tasks to queue
[2023-12-18T17:57:11.753+0000] {logging_mixin.py:120} INFO - [2023-12-18T17:57:11.752+0000] {dagbag.py:537} INFO - Filling up the DagBag from /opt/airflow/dags/subdags/subdag_downloads.py
[2023-12-18T17:57:11.757+0000] {processor.py:768} WARNING - No viable dags retrieved from /opt/airflow/dags/subdags/subdag_downloads.py
[2023-12-18T17:57:11.787+0000] {processor.py:176} INFO - Processing /opt/airflow/dags/subdags/subdag_downloads.py took 0.039 seconds
[2023-12-18T17:57:42.775+0000] {processor.py:154} INFO - Started process (PID=1021) to work on /opt/airflow/dags/subdags/subdag_downloads.py
[2023-12-18T17:57:42.776+0000] {processor.py:756} INFO - Processing file /opt/airflow/dags/subdags/subdag_downloads.py for tasks to queue
[2023-12-18T17:57:42.777+0000] {logging_mixin.py:120} INFO - [2023-12-18T17:57:42.777+0000] {dagbag.py:537} INFO - Filling up the DagBag from /opt/airflow/dags/subdags/subdag_downloads.py
[2023-12-18T17:57:42.796+0000] {processor.py:768} WARNING - No viable dags retrieved from /opt/airflow/dags/subdags/subdag_downloads.py
[2023-12-18T17:57:42.825+0000] {processor.py:176} INFO - Processing /opt/airflow/dags/subdags/subdag_downloads.py took 0.077 seconds
[2023-12-18T17:58:12.952+0000] {processor.py:154} INFO - Started process (PID=1063) to work on /opt/airflow/dags/subdags/subdag_downloads.py
[2023-12-18T17:58:12.953+0000] {processor.py:756} INFO - Processing file /opt/airflow/dags/subdags/subdag_downloads.py for tasks to queue
[2023-12-18T17:58:12.953+0000] {logging_mixin.py:120} INFO - [2023-12-18T17:58:12.953+0000] {dagbag.py:537} INFO - Filling up the DagBag from /opt/airflow/dags/subdags/subdag_downloads.py
[2023-12-18T17:58:12.957+0000] {processor.py:768} WARNING - No viable dags retrieved from /opt/airflow/dags/subdags/subdag_downloads.py
[2023-12-18T17:58:12.966+0000] {processor.py:176} INFO - Processing /opt/airflow/dags/subdags/subdag_downloads.py took 0.017 seconds
[2023-12-18T17:58:43.430+0000] {processor.py:154} INFO - Started process (PID=1104) to work on /opt/airflow/dags/subdags/subdag_downloads.py
[2023-12-18T17:58:43.431+0000] {processor.py:756} INFO - Processing file /opt/airflow/dags/subdags/subdag_downloads.py for tasks to queue
[2023-12-18T17:58:43.441+0000] {logging_mixin.py:120} INFO - [2023-12-18T17:58:43.433+0000] {dagbag.py:537} INFO - Filling up the DagBag from /opt/airflow/dags/subdags/subdag_downloads.py
[2023-12-18T17:58:43.448+0000] {processor.py:768} WARNING - No viable dags retrieved from /opt/airflow/dags/subdags/subdag_downloads.py
[2023-12-18T17:58:43.464+0000] {processor.py:176} INFO - Processing /opt/airflow/dags/subdags/subdag_downloads.py took 0.039 seconds
[2023-12-18T17:59:13.581+0000] {processor.py:154} INFO - Started process (PID=1136) to work on /opt/airflow/dags/subdags/subdag_downloads.py
[2023-12-18T17:59:13.582+0000] {processor.py:756} INFO - Processing file /opt/airflow/dags/subdags/subdag_downloads.py for tasks to queue
[2023-12-18T17:59:13.583+0000] {logging_mixin.py:120} INFO - [2023-12-18T17:59:13.582+0000] {dagbag.py:537} INFO - Filling up the DagBag from /opt/airflow/dags/subdags/subdag_downloads.py
[2023-12-18T17:59:13.586+0000] {processor.py:768} WARNING - No viable dags retrieved from /opt/airflow/dags/subdags/subdag_downloads.py
[2023-12-18T17:59:13.595+0000] {processor.py:176} INFO - Processing /opt/airflow/dags/subdags/subdag_downloads.py took 0.017 seconds
[2023-12-18T17:59:44.879+0000] {processor.py:154} INFO - Started process (PID=1168) to work on /opt/airflow/dags/subdags/subdag_downloads.py
[2023-12-18T17:59:44.880+0000] {processor.py:756} INFO - Processing file /opt/airflow/dags/subdags/subdag_downloads.py for tasks to queue
[2023-12-18T17:59:44.880+0000] {logging_mixin.py:120} INFO - [2023-12-18T17:59:44.880+0000] {dagbag.py:537} INFO - Filling up the DagBag from /opt/airflow/dags/subdags/subdag_downloads.py
[2023-12-18T17:59:44.885+0000] {processor.py:768} WARNING - No viable dags retrieved from /opt/airflow/dags/subdags/subdag_downloads.py
[2023-12-18T17:59:44.897+0000] {processor.py:176} INFO - Processing /opt/airflow/dags/subdags/subdag_downloads.py took 0.021 seconds
[2023-12-18T18:00:15.536+0000] {processor.py:154} INFO - Started process (PID=1209) to work on /opt/airflow/dags/subdags/subdag_downloads.py
[2023-12-18T18:00:15.548+0000] {processor.py:756} INFO - Processing file /opt/airflow/dags/subdags/subdag_downloads.py for tasks to queue
[2023-12-18T18:00:15.548+0000] {logging_mixin.py:120} INFO - [2023-12-18T18:00:15.548+0000] {dagbag.py:537} INFO - Filling up the DagBag from /opt/airflow/dags/subdags/subdag_downloads.py
[2023-12-18T18:00:15.553+0000] {processor.py:768} WARNING - No viable dags retrieved from /opt/airflow/dags/subdags/subdag_downloads.py
[2023-12-18T18:00:15.582+0000] {processor.py:176} INFO - Processing /opt/airflow/dags/subdags/subdag_downloads.py took 0.049 seconds
[2023-12-18T18:00:46.006+0000] {processor.py:154} INFO - Started process (PID=1244) to work on /opt/airflow/dags/subdags/subdag_downloads.py
[2023-12-18T18:00:46.007+0000] {processor.py:756} INFO - Processing file /opt/airflow/dags/subdags/subdag_downloads.py for tasks to queue
[2023-12-18T18:00:46.007+0000] {logging_mixin.py:120} INFO - [2023-12-18T18:00:46.007+0000] {dagbag.py:537} INFO - Filling up the DagBag from /opt/airflow/dags/subdags/subdag_downloads.py
[2023-12-18T18:00:46.011+0000] {processor.py:768} WARNING - No viable dags retrieved from /opt/airflow/dags/subdags/subdag_downloads.py
[2023-12-18T18:00:46.020+0000] {processor.py:176} INFO - Processing /opt/airflow/dags/subdags/subdag_downloads.py took 0.017 seconds
[2023-12-18T18:01:18.099+0000] {processor.py:154} INFO - Started process (PID=1283) to work on /opt/airflow/dags/subdags/subdag_downloads.py
[2023-12-18T18:01:18.113+0000] {processor.py:756} INFO - Processing file /opt/airflow/dags/subdags/subdag_downloads.py for tasks to queue
[2023-12-18T18:01:18.120+0000] {logging_mixin.py:120} INFO - [2023-12-18T18:01:18.119+0000] {dagbag.py:537} INFO - Filling up the DagBag from /opt/airflow/dags/subdags/subdag_downloads.py
[2023-12-18T18:01:18.126+0000] {processor.py:768} WARNING - No viable dags retrieved from /opt/airflow/dags/subdags/subdag_downloads.py
[2023-12-18T18:01:18.202+0000] {processor.py:176} INFO - Processing /opt/airflow/dags/subdags/subdag_downloads.py took 0.138 seconds
[2023-12-18T18:01:49.091+0000] {processor.py:154} INFO - Started process (PID=1318) to work on /opt/airflow/dags/subdags/subdag_downloads.py
[2023-12-18T18:01:49.092+0000] {processor.py:756} INFO - Processing file /opt/airflow/dags/subdags/subdag_downloads.py for tasks to queue
[2023-12-18T18:01:49.093+0000] {logging_mixin.py:120} INFO - [2023-12-18T18:01:49.092+0000] {dagbag.py:537} INFO - Filling up the DagBag from /opt/airflow/dags/subdags/subdag_downloads.py
[2023-12-18T18:01:49.098+0000] {processor.py:768} WARNING - No viable dags retrieved from /opt/airflow/dags/subdags/subdag_downloads.py
[2023-12-18T18:01:49.110+0000] {processor.py:176} INFO - Processing /opt/airflow/dags/subdags/subdag_downloads.py took 0.022 seconds
[2023-12-18T18:02:19.443+0000] {processor.py:154} INFO - Started process (PID=1351) to work on /opt/airflow/dags/subdags/subdag_downloads.py
[2023-12-18T18:02:19.444+0000] {processor.py:756} INFO - Processing file /opt/airflow/dags/subdags/subdag_downloads.py for tasks to queue
[2023-12-18T18:02:19.444+0000] {logging_mixin.py:120} INFO - [2023-12-18T18:02:19.444+0000] {dagbag.py:537} INFO - Filling up the DagBag from /opt/airflow/dags/subdags/subdag_downloads.py
[2023-12-18T18:02:19.449+0000] {processor.py:768} WARNING - No viable dags retrieved from /opt/airflow/dags/subdags/subdag_downloads.py
[2023-12-18T18:02:19.461+0000] {processor.py:176} INFO - Processing /opt/airflow/dags/subdags/subdag_downloads.py took 0.022 seconds
[2023-12-18T18:02:50.049+0000] {processor.py:154} INFO - Started process (PID=1395) to work on /opt/airflow/dags/subdags/subdag_downloads.py
[2023-12-18T18:02:50.055+0000] {processor.py:756} INFO - Processing file /opt/airflow/dags/subdags/subdag_downloads.py for tasks to queue
[2023-12-18T18:02:50.055+0000] {logging_mixin.py:120} INFO - [2023-12-18T18:02:50.055+0000] {dagbag.py:537} INFO - Filling up the DagBag from /opt/airflow/dags/subdags/subdag_downloads.py
[2023-12-18T18:02:50.070+0000] {processor.py:768} WARNING - No viable dags retrieved from /opt/airflow/dags/subdags/subdag_downloads.py
[2023-12-18T18:02:50.102+0000] {processor.py:176} INFO - Processing /opt/airflow/dags/subdags/subdag_downloads.py took 0.072 seconds
[2023-12-18T18:03:20.563+0000] {processor.py:154} INFO - Started process (PID=1428) to work on /opt/airflow/dags/subdags/subdag_downloads.py
[2023-12-18T18:03:20.563+0000] {processor.py:756} INFO - Processing file /opt/airflow/dags/subdags/subdag_downloads.py for tasks to queue
[2023-12-18T18:03:20.564+0000] {logging_mixin.py:120} INFO - [2023-12-18T18:03:20.564+0000] {dagbag.py:537} INFO - Filling up the DagBag from /opt/airflow/dags/subdags/subdag_downloads.py
[2023-12-18T18:03:20.569+0000] {processor.py:768} WARNING - No viable dags retrieved from /opt/airflow/dags/subdags/subdag_downloads.py
[2023-12-18T18:03:20.581+0000] {processor.py:176} INFO - Processing /opt/airflow/dags/subdags/subdag_downloads.py took 0.022 seconds
[2023-12-18T18:03:51.357+0000] {processor.py:154} INFO - Started process (PID=1470) to work on /opt/airflow/dags/subdags/subdag_downloads.py
[2023-12-18T18:03:51.357+0000] {processor.py:756} INFO - Processing file /opt/airflow/dags/subdags/subdag_downloads.py for tasks to queue
[2023-12-18T18:03:51.358+0000] {logging_mixin.py:120} INFO - [2023-12-18T18:03:51.358+0000] {dagbag.py:537} INFO - Filling up the DagBag from /opt/airflow/dags/subdags/subdag_downloads.py
[2023-12-18T18:03:51.361+0000] {processor.py:768} WARNING - No viable dags retrieved from /opt/airflow/dags/subdags/subdag_downloads.py
[2023-12-18T18:03:51.372+0000] {processor.py:176} INFO - Processing /opt/airflow/dags/subdags/subdag_downloads.py took 0.018 seconds
[2023-12-18T18:04:22.334+0000] {processor.py:154} INFO - Started process (PID=1504) to work on /opt/airflow/dags/subdags/subdag_downloads.py
[2023-12-18T18:04:22.334+0000] {processor.py:756} INFO - Processing file /opt/airflow/dags/subdags/subdag_downloads.py for tasks to queue
[2023-12-18T18:04:22.335+0000] {logging_mixin.py:120} INFO - [2023-12-18T18:04:22.335+0000] {dagbag.py:537} INFO - Filling up the DagBag from /opt/airflow/dags/subdags/subdag_downloads.py
[2023-12-18T18:04:22.340+0000] {processor.py:768} WARNING - No viable dags retrieved from /opt/airflow/dags/subdags/subdag_downloads.py
[2023-12-18T18:04:22.354+0000] {processor.py:176} INFO - Processing /opt/airflow/dags/subdags/subdag_downloads.py took 0.023 seconds
[2023-12-18T18:04:53.073+0000] {processor.py:154} INFO - Started process (PID=1547) to work on /opt/airflow/dags/subdags/subdag_downloads.py
[2023-12-18T18:04:53.074+0000] {processor.py:756} INFO - Processing file /opt/airflow/dags/subdags/subdag_downloads.py for tasks to queue
[2023-12-18T18:04:53.074+0000] {logging_mixin.py:120} INFO - [2023-12-18T18:04:53.074+0000] {dagbag.py:537} INFO - Filling up the DagBag from /opt/airflow/dags/subdags/subdag_downloads.py
[2023-12-18T18:04:53.079+0000] {processor.py:768} WARNING - No viable dags retrieved from /opt/airflow/dags/subdags/subdag_downloads.py
[2023-12-18T18:04:53.097+0000] {processor.py:176} INFO - Processing /opt/airflow/dags/subdags/subdag_downloads.py took 0.028 seconds
[2023-12-18T18:05:24.964+0000] {processor.py:154} INFO - Started process (PID=1590) to work on /opt/airflow/dags/subdags/subdag_downloads.py
[2023-12-18T18:05:24.965+0000] {processor.py:756} INFO - Processing file /opt/airflow/dags/subdags/subdag_downloads.py for tasks to queue
[2023-12-18T18:05:24.966+0000] {logging_mixin.py:120} INFO - [2023-12-18T18:05:24.966+0000] {dagbag.py:537} INFO - Filling up the DagBag from /opt/airflow/dags/subdags/subdag_downloads.py
[2023-12-18T18:05:24.979+0000] {processor.py:768} WARNING - No viable dags retrieved from /opt/airflow/dags/subdags/subdag_downloads.py
[2023-12-18T18:05:25.003+0000] {processor.py:176} INFO - Processing /opt/airflow/dags/subdags/subdag_downloads.py took 0.047 seconds
[2023-12-18T18:05:55.732+0000] {processor.py:154} INFO - Started process (PID=1619) to work on /opt/airflow/dags/subdags/subdag_downloads.py
[2023-12-18T18:05:55.733+0000] {processor.py:756} INFO - Processing file /opt/airflow/dags/subdags/subdag_downloads.py for tasks to queue
[2023-12-18T18:05:55.733+0000] {logging_mixin.py:120} INFO - [2023-12-18T18:05:55.733+0000] {dagbag.py:537} INFO - Filling up the DagBag from /opt/airflow/dags/subdags/subdag_downloads.py
[2023-12-18T18:05:55.738+0000] {processor.py:768} WARNING - No viable dags retrieved from /opt/airflow/dags/subdags/subdag_downloads.py
[2023-12-18T18:05:55.751+0000] {processor.py:176} INFO - Processing /opt/airflow/dags/subdags/subdag_downloads.py took 0.021 seconds
[2023-12-18T18:06:26.022+0000] {processor.py:154} INFO - Started process (PID=1661) to work on /opt/airflow/dags/subdags/subdag_downloads.py
[2023-12-18T18:06:26.024+0000] {processor.py:756} INFO - Processing file /opt/airflow/dags/subdags/subdag_downloads.py for tasks to queue
[2023-12-18T18:06:26.032+0000] {logging_mixin.py:120} INFO - [2023-12-18T18:06:26.030+0000] {dagbag.py:537} INFO - Filling up the DagBag from /opt/airflow/dags/subdags/subdag_downloads.py
[2023-12-18T18:06:26.056+0000] {processor.py:768} WARNING - No viable dags retrieved from /opt/airflow/dags/subdags/subdag_downloads.py
[2023-12-18T18:06:26.141+0000] {processor.py:176} INFO - Processing /opt/airflow/dags/subdags/subdag_downloads.py took 0.145 seconds
[2023-12-18T18:06:56.729+0000] {processor.py:154} INFO - Started process (PID=1694) to work on /opt/airflow/dags/subdags/subdag_downloads.py
[2023-12-18T18:06:56.730+0000] {processor.py:756} INFO - Processing file /opt/airflow/dags/subdags/subdag_downloads.py for tasks to queue
[2023-12-18T18:06:56.730+0000] {logging_mixin.py:120} INFO - [2023-12-18T18:06:56.730+0000] {dagbag.py:537} INFO - Filling up the DagBag from /opt/airflow/dags/subdags/subdag_downloads.py
[2023-12-18T18:06:56.733+0000] {processor.py:768} WARNING - No viable dags retrieved from /opt/airflow/dags/subdags/subdag_downloads.py
[2023-12-18T18:06:56.743+0000] {processor.py:176} INFO - Processing /opt/airflow/dags/subdags/subdag_downloads.py took 0.016 seconds
[2023-12-18T18:07:26.889+0000] {processor.py:154} INFO - Started process (PID=1736) to work on /opt/airflow/dags/subdags/subdag_downloads.py
[2023-12-18T18:07:26.889+0000] {processor.py:756} INFO - Processing file /opt/airflow/dags/subdags/subdag_downloads.py for tasks to queue
[2023-12-18T18:07:26.890+0000] {logging_mixin.py:120} INFO - [2023-12-18T18:07:26.890+0000] {dagbag.py:537} INFO - Filling up the DagBag from /opt/airflow/dags/subdags/subdag_downloads.py
[2023-12-18T18:07:26.893+0000] {processor.py:768} WARNING - No viable dags retrieved from /opt/airflow/dags/subdags/subdag_downloads.py
[2023-12-18T18:07:26.903+0000] {processor.py:176} INFO - Processing /opt/airflow/dags/subdags/subdag_downloads.py took 0.017 seconds
[2023-12-18T18:07:56.943+0000] {processor.py:154} INFO - Started process (PID=1770) to work on /opt/airflow/dags/subdags/subdag_downloads.py
[2023-12-18T18:07:56.943+0000] {processor.py:756} INFO - Processing file /opt/airflow/dags/subdags/subdag_downloads.py for tasks to queue
[2023-12-18T18:07:56.944+0000] {logging_mixin.py:120} INFO - [2023-12-18T18:07:56.944+0000] {dagbag.py:537} INFO - Filling up the DagBag from /opt/airflow/dags/subdags/subdag_downloads.py
[2023-12-18T18:07:56.949+0000] {processor.py:768} WARNING - No viable dags retrieved from /opt/airflow/dags/subdags/subdag_downloads.py
[2023-12-18T18:07:56.962+0000] {processor.py:176} INFO - Processing /opt/airflow/dags/subdags/subdag_downloads.py took 0.023 seconds
[2023-12-18T18:08:27.647+0000] {processor.py:154} INFO - Started process (PID=1812) to work on /opt/airflow/dags/subdags/subdag_downloads.py
[2023-12-18T18:08:27.656+0000] {processor.py:756} INFO - Processing file /opt/airflow/dags/subdags/subdag_downloads.py for tasks to queue
[2023-12-18T18:08:27.657+0000] {logging_mixin.py:120} INFO - [2023-12-18T18:08:27.656+0000] {dagbag.py:537} INFO - Filling up the DagBag from /opt/airflow/dags/subdags/subdag_downloads.py
[2023-12-18T18:08:27.662+0000] {processor.py:768} WARNING - No viable dags retrieved from /opt/airflow/dags/subdags/subdag_downloads.py
[2023-12-18T18:08:27.693+0000] {processor.py:176} INFO - Processing /opt/airflow/dags/subdags/subdag_downloads.py took 0.056 seconds
[2023-12-18T18:08:58.255+0000] {processor.py:154} INFO - Started process (PID=1856) to work on /opt/airflow/dags/subdags/subdag_downloads.py
[2023-12-18T18:08:58.257+0000] {processor.py:756} INFO - Processing file /opt/airflow/dags/subdags/subdag_downloads.py for tasks to queue
[2023-12-18T18:08:58.257+0000] {logging_mixin.py:120} INFO - [2023-12-18T18:08:58.257+0000] {dagbag.py:537} INFO - Filling up the DagBag from /opt/airflow/dags/subdags/subdag_downloads.py
[2023-12-18T18:08:58.262+0000] {processor.py:768} WARNING - No viable dags retrieved from /opt/airflow/dags/subdags/subdag_downloads.py
[2023-12-18T18:08:58.275+0000] {processor.py:176} INFO - Processing /opt/airflow/dags/subdags/subdag_downloads.py took 0.023 seconds
[2023-12-18T18:09:28.695+0000] {processor.py:154} INFO - Started process (PID=1901) to work on /opt/airflow/dags/subdags/subdag_downloads.py
[2023-12-18T18:09:28.706+0000] {processor.py:756} INFO - Processing file /opt/airflow/dags/subdags/subdag_downloads.py for tasks to queue
[2023-12-18T18:09:28.707+0000] {logging_mixin.py:120} INFO - [2023-12-18T18:09:28.707+0000] {dagbag.py:537} INFO - Filling up the DagBag from /opt/airflow/dags/subdags/subdag_downloads.py
[2023-12-18T18:09:28.713+0000] {processor.py:768} WARNING - No viable dags retrieved from /opt/airflow/dags/subdags/subdag_downloads.py
[2023-12-18T18:09:28.731+0000] {processor.py:176} INFO - Processing /opt/airflow/dags/subdags/subdag_downloads.py took 0.043 seconds
[2023-12-18T18:09:59.377+0000] {processor.py:154} INFO - Started process (PID=1934) to work on /opt/airflow/dags/subdags/subdag_downloads.py
[2023-12-18T18:09:59.378+0000] {processor.py:756} INFO - Processing file /opt/airflow/dags/subdags/subdag_downloads.py for tasks to queue
[2023-12-18T18:09:59.378+0000] {logging_mixin.py:120} INFO - [2023-12-18T18:09:59.378+0000] {dagbag.py:537} INFO - Filling up the DagBag from /opt/airflow/dags/subdags/subdag_downloads.py
[2023-12-18T18:09:59.383+0000] {processor.py:768} WARNING - No viable dags retrieved from /opt/airflow/dags/subdags/subdag_downloads.py
[2023-12-18T18:09:59.398+0000] {processor.py:176} INFO - Processing /opt/airflow/dags/subdags/subdag_downloads.py took 0.024 seconds
[2023-12-18T18:10:29.615+0000] {processor.py:154} INFO - Started process (PID=1977) to work on /opt/airflow/dags/subdags/subdag_downloads.py
[2023-12-18T18:10:29.616+0000] {processor.py:756} INFO - Processing file /opt/airflow/dags/subdags/subdag_downloads.py for tasks to queue
[2023-12-18T18:10:29.617+0000] {logging_mixin.py:120} INFO - [2023-12-18T18:10:29.617+0000] {dagbag.py:537} INFO - Filling up the DagBag from /opt/airflow/dags/subdags/subdag_downloads.py
[2023-12-18T18:10:29.626+0000] {processor.py:768} WARNING - No viable dags retrieved from /opt/airflow/dags/subdags/subdag_downloads.py
[2023-12-18T18:10:29.639+0000] {processor.py:176} INFO - Processing /opt/airflow/dags/subdags/subdag_downloads.py took 0.026 seconds
[2023-12-18T18:11:00.180+0000] {processor.py:154} INFO - Started process (PID=2019) to work on /opt/airflow/dags/subdags/subdag_downloads.py
[2023-12-18T18:11:00.181+0000] {processor.py:756} INFO - Processing file /opt/airflow/dags/subdags/subdag_downloads.py for tasks to queue
[2023-12-18T18:11:00.182+0000] {logging_mixin.py:120} INFO - [2023-12-18T18:11:00.182+0000] {dagbag.py:537} INFO - Filling up the DagBag from /opt/airflow/dags/subdags/subdag_downloads.py
[2023-12-18T18:11:00.186+0000] {processor.py:768} WARNING - No viable dags retrieved from /opt/airflow/dags/subdags/subdag_downloads.py
[2023-12-18T18:11:00.217+0000] {processor.py:176} INFO - Processing /opt/airflow/dags/subdags/subdag_downloads.py took 0.044 seconds
[2023-12-18T18:11:30.891+0000] {processor.py:154} INFO - Started process (PID=2052) to work on /opt/airflow/dags/subdags/subdag_downloads.py
[2023-12-18T18:11:30.891+0000] {processor.py:756} INFO - Processing file /opt/airflow/dags/subdags/subdag_downloads.py for tasks to queue
[2023-12-18T18:11:30.892+0000] {logging_mixin.py:120} INFO - [2023-12-18T18:11:30.892+0000] {dagbag.py:537} INFO - Filling up the DagBag from /opt/airflow/dags/subdags/subdag_downloads.py
[2023-12-18T18:11:30.896+0000] {processor.py:768} WARNING - No viable dags retrieved from /opt/airflow/dags/subdags/subdag_downloads.py
[2023-12-18T18:11:30.910+0000] {processor.py:176} INFO - Processing /opt/airflow/dags/subdags/subdag_downloads.py took 0.023 seconds
[2023-12-18T18:12:01.812+0000] {processor.py:154} INFO - Started process (PID=2093) to work on /opt/airflow/dags/subdags/subdag_downloads.py
[2023-12-18T18:12:01.813+0000] {processor.py:756} INFO - Processing file /opt/airflow/dags/subdags/subdag_downloads.py for tasks to queue
[2023-12-18T18:12:01.813+0000] {logging_mixin.py:120} INFO - [2023-12-18T18:12:01.813+0000] {dagbag.py:537} INFO - Filling up the DagBag from /opt/airflow/dags/subdags/subdag_downloads.py
[2023-12-18T18:12:01.818+0000] {processor.py:768} WARNING - No viable dags retrieved from /opt/airflow/dags/subdags/subdag_downloads.py
[2023-12-18T18:12:01.833+0000] {processor.py:176} INFO - Processing /opt/airflow/dags/subdags/subdag_downloads.py took 0.024 seconds
[2023-12-18T18:12:32.139+0000] {processor.py:154} INFO - Started process (PID=2135) to work on /opt/airflow/dags/subdags/subdag_downloads.py
[2023-12-18T18:12:32.140+0000] {processor.py:756} INFO - Processing file /opt/airflow/dags/subdags/subdag_downloads.py for tasks to queue
[2023-12-18T18:12:32.141+0000] {logging_mixin.py:120} INFO - [2023-12-18T18:12:32.141+0000] {dagbag.py:537} INFO - Filling up the DagBag from /opt/airflow/dags/subdags/subdag_downloads.py
[2023-12-18T18:12:32.146+0000] {processor.py:768} WARNING - No viable dags retrieved from /opt/airflow/dags/subdags/subdag_downloads.py
[2023-12-18T18:12:32.160+0000] {processor.py:176} INFO - Processing /opt/airflow/dags/subdags/subdag_downloads.py took 0.024 seconds
[2023-12-18T18:13:03.029+0000] {processor.py:154} INFO - Started process (PID=2178) to work on /opt/airflow/dags/subdags/subdag_downloads.py
[2023-12-18T18:13:03.029+0000] {processor.py:756} INFO - Processing file /opt/airflow/dags/subdags/subdag_downloads.py for tasks to queue
[2023-12-18T18:13:03.030+0000] {logging_mixin.py:120} INFO - [2023-12-18T18:13:03.030+0000] {dagbag.py:537} INFO - Filling up the DagBag from /opt/airflow/dags/subdags/subdag_downloads.py
[2023-12-18T18:13:03.038+0000] {processor.py:768} WARNING - No viable dags retrieved from /opt/airflow/dags/subdags/subdag_downloads.py
[2023-12-18T18:13:03.065+0000] {processor.py:176} INFO - Processing /opt/airflow/dags/subdags/subdag_downloads.py took 0.047 seconds
[2023-12-18T18:13:33.851+0000] {processor.py:154} INFO - Started process (PID=2212) to work on /opt/airflow/dags/subdags/subdag_downloads.py
[2023-12-18T18:13:33.851+0000] {processor.py:756} INFO - Processing file /opt/airflow/dags/subdags/subdag_downloads.py for tasks to queue
[2023-12-18T18:13:33.852+0000] {logging_mixin.py:120} INFO - [2023-12-18T18:13:33.852+0000] {dagbag.py:537} INFO - Filling up the DagBag from /opt/airflow/dags/subdags/subdag_downloads.py
[2023-12-18T18:13:33.856+0000] {processor.py:768} WARNING - No viable dags retrieved from /opt/airflow/dags/subdags/subdag_downloads.py
[2023-12-18T18:13:33.871+0000] {processor.py:176} INFO - Processing /opt/airflow/dags/subdags/subdag_downloads.py took 0.023 seconds
