[2023-11-22T20:19:34.140+0000] {taskinstance.py:1165} INFO - Dependencies all met for <TaskInstance: parallel_dag.load_a manual__2023-11-22T20:19:21.529541+00:00 [queued]>
[2023-11-22T20:19:34.150+0000] {taskinstance.py:1165} INFO - Dependencies all met for <TaskInstance: parallel_dag.load_a manual__2023-11-22T20:19:21.529541+00:00 [queued]>
[2023-11-22T20:19:34.151+0000] {taskinstance.py:1362} INFO - 
--------------------------------------------------------------------------------
[2023-11-22T20:19:34.151+0000] {taskinstance.py:1363} INFO - Starting attempt 1 of 1
[2023-11-22T20:19:34.151+0000] {taskinstance.py:1364} INFO - 
--------------------------------------------------------------------------------
[2023-11-22T20:19:34.180+0000] {taskinstance.py:1383} INFO - Executing <Task(BashOperator): load_a> on 2023-11-22 20:19:21.529541+00:00
[2023-11-22T20:19:34.190+0000] {standard_task_runner.py:55} INFO - Started process 342 to run task
[2023-11-22T20:19:34.193+0000] {standard_task_runner.py:82} INFO - Running: ['***', 'tasks', 'run', 'parallel_dag', 'load_a', 'manual__2023-11-22T20:19:21.529541+00:00', '--job-id', '100', '--raw', '--subdir', 'DAGS_FOLDER/parallel_dag.py', '--cfg-path', '/tmp/tmpwl1gs80k']
[2023-11-22T20:19:34.193+0000] {standard_task_runner.py:83} INFO - Job 100: Subtask load_a
[2023-11-22T20:19:34.254+0000] {task_command.py:376} INFO - Running <TaskInstance: parallel_dag.load_a manual__2023-11-22T20:19:21.529541+00:00 [running]> on host 29305dc74afc
[2023-11-22T20:19:34.333+0000] {taskinstance.py:1592} INFO - Exporting the following env vars:
AIRFLOW_CTX_DAG_OWNER=***
AIRFLOW_CTX_DAG_ID=parallel_dag
AIRFLOW_CTX_TASK_ID=load_a
AIRFLOW_CTX_EXECUTION_DATE=2023-11-22T20:19:21.529541+00:00
AIRFLOW_CTX_TRY_NUMBER=1
AIRFLOW_CTX_DAG_RUN_ID=manual__2023-11-22T20:19:21.529541+00:00
[2023-11-22T20:19:34.334+0000] {subprocess.py:63} INFO - Tmp dir root location: 
 /tmp
[2023-11-22T20:19:34.335+0000] {subprocess.py:75} INFO - Running command: ['/bin/bash', '-c', 'sleep 10']
[2023-11-22T20:19:34.349+0000] {subprocess.py:86} INFO - Output:
[2023-11-22T20:19:44.354+0000] {subprocess.py:97} INFO - Command exited with return code 0
[2023-11-22T20:19:44.382+0000] {taskinstance.py:1406} INFO - Marking task as SUCCESS. dag_id=parallel_dag, task_id=load_a, execution_date=20231122T201921, start_date=20231122T201934, end_date=20231122T201944
[2023-11-22T20:19:44.433+0000] {local_task_job.py:164} INFO - Task exited with return code 0
[2023-11-22T20:19:44.474+0000] {local_task_job.py:273} INFO - 0 downstream tasks scheduled from follow-on schedule check
