[2023-11-22T18:18:39.478+0000] {taskinstance.py:1165} INFO - Dependencies all met for <TaskInstance: user_processing.process_user scheduled__2023-11-21T00:00:00+00:00 [queued]>
[2023-11-22T18:18:39.515+0000] {taskinstance.py:1165} INFO - Dependencies all met for <TaskInstance: user_processing.process_user scheduled__2023-11-21T00:00:00+00:00 [queued]>
[2023-11-22T18:18:39.515+0000] {taskinstance.py:1362} INFO - 
--------------------------------------------------------------------------------
[2023-11-22T18:18:39.516+0000] {taskinstance.py:1363} INFO - Starting attempt 1 of 1
[2023-11-22T18:18:39.516+0000] {taskinstance.py:1364} INFO - 
--------------------------------------------------------------------------------
[2023-11-22T18:18:39.546+0000] {taskinstance.py:1383} INFO - Executing <Task(PythonOperator): process_user> on 2023-11-21 00:00:00+00:00
[2023-11-22T18:18:39.562+0000] {standard_task_runner.py:55} INFO - Started process 103 to run task
[2023-11-22T18:18:39.570+0000] {standard_task_runner.py:82} INFO - Running: ['***', 'tasks', 'run', 'user_processing', 'process_user', 'scheduled__2023-11-21T00:00:00+00:00', '--job-id', '72', '--raw', '--subdir', 'DAGS_FOLDER/user_processing.py', '--cfg-path', '/tmp/tmp4wa9k_t3']
[2023-11-22T18:18:39.573+0000] {standard_task_runner.py:83} INFO - Job 72: Subtask process_user
[2023-11-22T18:18:39.676+0000] {task_command.py:376} INFO - Running <TaskInstance: user_processing.process_user scheduled__2023-11-21T00:00:00+00:00 [running]> on host a2be93f5fdfa
[2023-11-22T18:18:39.814+0000] {taskinstance.py:1592} INFO - Exporting the following env vars:
AIRFLOW_CTX_DAG_OWNER=***
AIRFLOW_CTX_DAG_ID=user_processing
AIRFLOW_CTX_TASK_ID=process_user
AIRFLOW_CTX_EXECUTION_DATE=2023-11-21T00:00:00+00:00
AIRFLOW_CTX_TRY_NUMBER=1
AIRFLOW_CTX_DAG_RUN_ID=scheduled__2023-11-21T00:00:00+00:00
[2023-11-22T18:18:39.858+0000] {python.py:177} INFO - Done. Returned value was: None
[2023-11-22T18:18:39.876+0000] {taskinstance.py:1406} INFO - Marking task as SUCCESS. dag_id=user_processing, task_id=process_user, execution_date=20231121T000000, start_date=20231122T181839, end_date=20231122T181839
[2023-11-22T18:18:39.946+0000] {local_task_job.py:164} INFO - Task exited with return code 0
[2023-11-22T18:18:40.012+0000] {local_task_job.py:273} INFO - 1 downstream tasks scheduled from follow-on schedule check
