[2023-11-25T20:03:18.275+0000] {taskinstance.py:1165} INFO - Dependencies all met for <TaskInstance: parallel_dag.extract_b scheduled__2023-11-23T00:00:00+00:00 [queued]>
[2023-11-25T20:03:18.450+0000] {taskinstance.py:1165} INFO - Dependencies all met for <TaskInstance: parallel_dag.extract_b scheduled__2023-11-23T00:00:00+00:00 [queued]>
[2023-11-25T20:03:18.467+0000] {taskinstance.py:1362} INFO - 
--------------------------------------------------------------------------------
[2023-11-25T20:03:18.487+0000] {taskinstance.py:1363} INFO - Starting attempt 1 of 1
[2023-11-25T20:03:18.488+0000] {taskinstance.py:1364} INFO - 
--------------------------------------------------------------------------------
[2023-11-25T20:03:18.773+0000] {taskinstance.py:1383} INFO - Executing <Task(BashOperator): extract_b> on 2023-11-23 00:00:00+00:00
[2023-11-25T20:03:18.846+0000] {standard_task_runner.py:55} INFO - Started process 65 to run task
[2023-11-25T20:03:18.936+0000] {standard_task_runner.py:82} INFO - Running: ['***', 'tasks', 'run', 'parallel_dag', 'extract_b', 'scheduled__2023-11-23T00:00:00+00:00', '--job-id', '114', '--raw', '--subdir', 'DAGS_FOLDER/parallel_dag.py', '--cfg-path', '/tmp/tmpznnspk33']
[2023-11-25T20:03:18.968+0000] {standard_task_runner.py:83} INFO - Job 114: Subtask extract_b
[2023-11-25T20:03:20.357+0000] {task_command.py:376} INFO - Running <TaskInstance: parallel_dag.extract_b scheduled__2023-11-23T00:00:00+00:00 [running]> on host 29305dc74afc
[2023-11-25T20:03:22.157+0000] {taskinstance.py:1592} INFO - Exporting the following env vars:
AIRFLOW_CTX_DAG_OWNER=***
AIRFLOW_CTX_DAG_ID=parallel_dag
AIRFLOW_CTX_TASK_ID=extract_b
AIRFLOW_CTX_EXECUTION_DATE=2023-11-23T00:00:00+00:00
AIRFLOW_CTX_TRY_NUMBER=1
AIRFLOW_CTX_DAG_RUN_ID=scheduled__2023-11-23T00:00:00+00:00
[2023-11-25T20:03:22.329+0000] {subprocess.py:63} INFO - Tmp dir root location: 
 /tmp
[2023-11-25T20:03:22.416+0000] {subprocess.py:75} INFO - Running command: ['/bin/bash', '-c', 'sleep 10']
[2023-11-25T20:03:23.066+0000] {subprocess.py:86} INFO - Output:
[2023-11-25T20:03:33.371+0000] {subprocess.py:97} INFO - Command exited with return code 0
[2023-11-25T20:03:33.545+0000] {taskinstance.py:1406} INFO - Marking task as SUCCESS. dag_id=parallel_dag, task_id=extract_b, execution_date=20231123T000000, start_date=20231125T200318, end_date=20231125T200333
[2023-11-25T20:03:33.723+0000] {local_task_job.py:164} INFO - Task exited with return code 0
[2023-11-25T20:03:33.895+0000] {local_task_job.py:273} INFO - 1 downstream tasks scheduled from follow-on schedule check
