[2023-12-21T12:34:04.222+0000] {processor.py:154} INFO - Started process (PID=54) to work on /opt/airflow/dags/subdags/subdag_transforms.py
[2023-12-21T12:34:04.231+0000] {processor.py:756} INFO - Processing file /opt/airflow/dags/subdags/subdag_transforms.py for tasks to queue
[2023-12-21T12:34:04.233+0000] {logging_mixin.py:120} INFO - [2023-12-21T12:34:04.233+0000] {dagbag.py:537} INFO - Filling up the DagBag from /opt/airflow/dags/subdags/subdag_transforms.py
[2023-12-21T12:34:04.264+0000] {processor.py:768} WARNING - No viable dags retrieved from /opt/airflow/dags/subdags/subdag_transforms.py
[2023-12-21T12:34:04.400+0000] {processor.py:176} INFO - Processing /opt/airflow/dags/subdags/subdag_transforms.py took 0.193 seconds
[2023-12-21T12:34:34.984+0000] {processor.py:154} INFO - Started process (PID=84) to work on /opt/airflow/dags/subdags/subdag_transforms.py
[2023-12-21T12:34:34.996+0000] {processor.py:756} INFO - Processing file /opt/airflow/dags/subdags/subdag_transforms.py for tasks to queue
[2023-12-21T12:34:34.998+0000] {logging_mixin.py:120} INFO - [2023-12-21T12:34:34.998+0000] {dagbag.py:537} INFO - Filling up the DagBag from /opt/airflow/dags/subdags/subdag_transforms.py
[2023-12-21T12:34:35.017+0000] {processor.py:768} WARNING - No viable dags retrieved from /opt/airflow/dags/subdags/subdag_transforms.py
[2023-12-21T12:34:35.118+0000] {processor.py:176} INFO - Processing /opt/airflow/dags/subdags/subdag_transforms.py took 0.167 seconds
[2023-12-21T12:35:05.485+0000] {processor.py:154} INFO - Started process (PID=116) to work on /opt/airflow/dags/subdags/subdag_transforms.py
[2023-12-21T12:35:05.490+0000] {processor.py:756} INFO - Processing file /opt/airflow/dags/subdags/subdag_transforms.py for tasks to queue
[2023-12-21T12:35:05.506+0000] {logging_mixin.py:120} INFO - [2023-12-21T12:35:05.491+0000] {dagbag.py:537} INFO - Filling up the DagBag from /opt/airflow/dags/subdags/subdag_transforms.py
[2023-12-21T12:35:05.535+0000] {processor.py:768} WARNING - No viable dags retrieved from /opt/airflow/dags/subdags/subdag_transforms.py
[2023-12-21T12:35:05.615+0000] {processor.py:176} INFO - Processing /opt/airflow/dags/subdags/subdag_transforms.py took 0.140 seconds
[2023-12-21T12:35:35.762+0000] {processor.py:154} INFO - Started process (PID=149) to work on /opt/airflow/dags/subdags/subdag_transforms.py
[2023-12-21T12:35:35.764+0000] {processor.py:756} INFO - Processing file /opt/airflow/dags/subdags/subdag_transforms.py for tasks to queue
[2023-12-21T12:35:35.765+0000] {logging_mixin.py:120} INFO - [2023-12-21T12:35:35.765+0000] {dagbag.py:537} INFO - Filling up the DagBag from /opt/airflow/dags/subdags/subdag_transforms.py
[2023-12-21T12:35:35.770+0000] {processor.py:768} WARNING - No viable dags retrieved from /opt/airflow/dags/subdags/subdag_transforms.py
[2023-12-21T12:35:35.795+0000] {processor.py:176} INFO - Processing /opt/airflow/dags/subdags/subdag_transforms.py took 0.035 seconds
[2023-12-21T12:36:06.257+0000] {processor.py:154} INFO - Started process (PID=190) to work on /opt/airflow/dags/subdags/subdag_transforms.py
[2023-12-21T12:36:06.274+0000] {processor.py:756} INFO - Processing file /opt/airflow/dags/subdags/subdag_transforms.py for tasks to queue
[2023-12-21T12:36:06.275+0000] {logging_mixin.py:120} INFO - [2023-12-21T12:36:06.275+0000] {dagbag.py:537} INFO - Filling up the DagBag from /opt/airflow/dags/subdags/subdag_transforms.py
[2023-12-21T12:36:06.293+0000] {processor.py:768} WARNING - No viable dags retrieved from /opt/airflow/dags/subdags/subdag_transforms.py
[2023-12-21T12:36:06.339+0000] {processor.py:176} INFO - Processing /opt/airflow/dags/subdags/subdag_transforms.py took 0.098 seconds
[2023-12-21T12:36:36.403+0000] {processor.py:154} INFO - Started process (PID=223) to work on /opt/airflow/dags/subdags/subdag_transforms.py
[2023-12-21T12:36:36.404+0000] {processor.py:756} INFO - Processing file /opt/airflow/dags/subdags/subdag_transforms.py for tasks to queue
[2023-12-21T12:36:36.404+0000] {logging_mixin.py:120} INFO - [2023-12-21T12:36:36.404+0000] {dagbag.py:537} INFO - Filling up the DagBag from /opt/airflow/dags/subdags/subdag_transforms.py
[2023-12-21T12:36:36.408+0000] {processor.py:768} WARNING - No viable dags retrieved from /opt/airflow/dags/subdags/subdag_transforms.py
[2023-12-21T12:36:36.419+0000] {processor.py:176} INFO - Processing /opt/airflow/dags/subdags/subdag_transforms.py took 0.018 seconds
[2023-12-21T12:37:06.897+0000] {processor.py:154} INFO - Started process (PID=265) to work on /opt/airflow/dags/subdags/subdag_transforms.py
[2023-12-21T12:37:06.911+0000] {processor.py:756} INFO - Processing file /opt/airflow/dags/subdags/subdag_transforms.py for tasks to queue
[2023-12-21T12:37:06.912+0000] {logging_mixin.py:120} INFO - [2023-12-21T12:37:06.912+0000] {dagbag.py:537} INFO - Filling up the DagBag from /opt/airflow/dags/subdags/subdag_transforms.py
[2023-12-21T12:37:06.921+0000] {processor.py:768} WARNING - No viable dags retrieved from /opt/airflow/dags/subdags/subdag_transforms.py
[2023-12-21T12:37:07.013+0000] {processor.py:176} INFO - Processing /opt/airflow/dags/subdags/subdag_transforms.py took 0.119 seconds
[2023-12-21T12:37:37.935+0000] {processor.py:154} INFO - Started process (PID=298) to work on /opt/airflow/dags/subdags/subdag_transforms.py
[2023-12-21T12:37:37.950+0000] {processor.py:756} INFO - Processing file /opt/airflow/dags/subdags/subdag_transforms.py for tasks to queue
[2023-12-21T12:37:37.950+0000] {logging_mixin.py:120} INFO - [2023-12-21T12:37:37.950+0000] {dagbag.py:537} INFO - Filling up the DagBag from /opt/airflow/dags/subdags/subdag_transforms.py
[2023-12-21T12:37:37.963+0000] {processor.py:768} WARNING - No viable dags retrieved from /opt/airflow/dags/subdags/subdag_transforms.py
[2023-12-21T12:37:38.013+0000] {processor.py:176} INFO - Processing /opt/airflow/dags/subdags/subdag_transforms.py took 0.092 seconds
[2023-12-21T12:38:08.460+0000] {processor.py:154} INFO - Started process (PID=342) to work on /opt/airflow/dags/subdags/subdag_transforms.py
[2023-12-21T12:38:08.462+0000] {processor.py:756} INFO - Processing file /opt/airflow/dags/subdags/subdag_transforms.py for tasks to queue
[2023-12-21T12:38:08.464+0000] {logging_mixin.py:120} INFO - [2023-12-21T12:38:08.464+0000] {dagbag.py:537} INFO - Filling up the DagBag from /opt/airflow/dags/subdags/subdag_transforms.py
[2023-12-21T12:38:08.474+0000] {processor.py:768} WARNING - No viable dags retrieved from /opt/airflow/dags/subdags/subdag_transforms.py
[2023-12-21T12:38:08.499+0000] {processor.py:176} INFO - Processing /opt/airflow/dags/subdags/subdag_transforms.py took 0.053 seconds
[2023-12-21T12:38:38.657+0000] {processor.py:154} INFO - Started process (PID=376) to work on /opt/airflow/dags/subdags/subdag_transforms.py
[2023-12-21T12:38:38.666+0000] {processor.py:756} INFO - Processing file /opt/airflow/dags/subdags/subdag_transforms.py for tasks to queue
[2023-12-21T12:38:38.667+0000] {logging_mixin.py:120} INFO - [2023-12-21T12:38:38.667+0000] {dagbag.py:537} INFO - Filling up the DagBag from /opt/airflow/dags/subdags/subdag_transforms.py
[2023-12-21T12:38:38.673+0000] {processor.py:768} WARNING - No viable dags retrieved from /opt/airflow/dags/subdags/subdag_transforms.py
[2023-12-21T12:38:38.721+0000] {processor.py:176} INFO - Processing /opt/airflow/dags/subdags/subdag_transforms.py took 0.068 seconds
[2023-12-21T12:40:33.885+0000] {processor.py:154} INFO - Started process (PID=57) to work on /opt/airflow/dags/subdags/subdag_transforms.py
[2023-12-21T12:40:33.900+0000] {processor.py:756} INFO - Processing file /opt/airflow/dags/subdags/subdag_transforms.py for tasks to queue
[2023-12-21T12:40:33.901+0000] {logging_mixin.py:120} INFO - [2023-12-21T12:40:33.900+0000] {dagbag.py:537} INFO - Filling up the DagBag from /opt/airflow/dags/subdags/subdag_transforms.py
[2023-12-21T12:40:33.907+0000] {processor.py:768} WARNING - No viable dags retrieved from /opt/airflow/dags/subdags/subdag_transforms.py
[2023-12-21T12:40:33.946+0000] {processor.py:176} INFO - Processing /opt/airflow/dags/subdags/subdag_transforms.py took 0.065 seconds
