[2023-12-05T17:24:11.173+0000] {taskinstance.py:1165} INFO - Dependencies all met for <TaskInstance: parallel_dag.load_b scheduled__2023-12-03T00:00:00+00:00 [queued]>
[2023-12-05T17:24:11.221+0000] {taskinstance.py:1165} INFO - Dependencies all met for <TaskInstance: parallel_dag.load_b scheduled__2023-12-03T00:00:00+00:00 [queued]>
[2023-12-05T17:24:11.222+0000] {taskinstance.py:1362} INFO - 
--------------------------------------------------------------------------------
[2023-12-05T17:24:11.226+0000] {taskinstance.py:1363} INFO - Starting attempt 1 of 1
[2023-12-05T17:24:11.226+0000] {taskinstance.py:1364} INFO - 
--------------------------------------------------------------------------------
[2023-12-05T17:24:11.358+0000] {taskinstance.py:1383} INFO - Executing <Task(BashOperator): load_b> on 2023-12-03 00:00:00+00:00
[2023-12-05T17:24:11.420+0000] {standard_task_runner.py:55} INFO - Started process 92 to run task
[2023-12-05T17:24:11.440+0000] {standard_task_runner.py:82} INFO - Running: ['***', 'tasks', 'run', 'parallel_dag', 'load_b', 'scheduled__2023-12-03T00:00:00+00:00', '--job-id', '192', '--raw', '--subdir', 'DAGS_FOLDER/parallel_dag.py', '--cfg-path', '/tmp/tmpxq0jruj2']
[2023-12-05T17:24:11.440+0000] {standard_task_runner.py:83} INFO - Job 192: Subtask load_b
[2023-12-05T17:24:11.873+0000] {task_command.py:376} INFO - Running <TaskInstance: parallel_dag.load_b scheduled__2023-12-03T00:00:00+00:00 [running]> on host 29305dc74afc
[2023-12-05T17:24:12.185+0000] {taskinstance.py:1592} INFO - Exporting the following env vars:
AIRFLOW_CTX_DAG_OWNER=***
AIRFLOW_CTX_DAG_ID=parallel_dag
AIRFLOW_CTX_TASK_ID=load_b
AIRFLOW_CTX_EXECUTION_DATE=2023-12-03T00:00:00+00:00
AIRFLOW_CTX_TRY_NUMBER=1
AIRFLOW_CTX_DAG_RUN_ID=scheduled__2023-12-03T00:00:00+00:00
[2023-12-05T17:24:12.194+0000] {subprocess.py:63} INFO - Tmp dir root location: 
 /tmp
[2023-12-05T17:24:12.201+0000] {subprocess.py:75} INFO - Running command: ['/bin/bash', '-c', 'sleep 10']
[2023-12-05T17:24:12.239+0000] {subprocess.py:86} INFO - Output:
[2023-12-05T17:24:22.256+0000] {subprocess.py:97} INFO - Command exited with return code 0
[2023-12-05T17:24:22.324+0000] {taskinstance.py:1406} INFO - Marking task as SUCCESS. dag_id=parallel_dag, task_id=load_b, execution_date=20231203T000000, start_date=20231205T172411, end_date=20231205T172422
[2023-12-05T17:24:22.394+0000] {local_task_job.py:164} INFO - Task exited with return code 0
[2023-12-05T17:24:22.426+0000] {local_task_job.py:273} INFO - 1 downstream tasks scheduled from follow-on schedule check
