[2023-11-22T20:19:45.333+0000] {taskinstance.py:1165} INFO - Dependencies all met for <TaskInstance: parallel_dag.transform manual__2023-11-22T20:19:21.529541+00:00 [queued]>
[2023-11-22T20:19:45.341+0000] {taskinstance.py:1165} INFO - Dependencies all met for <TaskInstance: parallel_dag.transform manual__2023-11-22T20:19:21.529541+00:00 [queued]>
[2023-11-22T20:19:45.341+0000] {taskinstance.py:1362} INFO - 
--------------------------------------------------------------------------------
[2023-11-22T20:19:45.341+0000] {taskinstance.py:1363} INFO - Starting attempt 1 of 1
[2023-11-22T20:19:45.341+0000] {taskinstance.py:1364} INFO - 
--------------------------------------------------------------------------------
[2023-11-22T20:19:45.360+0000] {taskinstance.py:1383} INFO - Executing <Task(BashOperator): transform> on 2023-11-22 20:19:21.529541+00:00
[2023-11-22T20:19:45.365+0000] {standard_task_runner.py:55} INFO - Started process 338 to run task
[2023-11-22T20:19:45.368+0000] {standard_task_runner.py:82} INFO - Running: ['***', 'tasks', 'run', 'parallel_dag', 'transform', 'manual__2023-11-22T20:19:21.529541+00:00', '--job-id', '101', '--raw', '--subdir', 'DAGS_FOLDER/parallel_dag.py', '--cfg-path', '/tmp/tmp_rl_0rrc']
[2023-11-22T20:19:45.368+0000] {standard_task_runner.py:83} INFO - Job 101: Subtask transform
[2023-11-22T20:19:45.421+0000] {task_command.py:376} INFO - Running <TaskInstance: parallel_dag.transform manual__2023-11-22T20:19:21.529541+00:00 [running]> on host bf9b25df297d
[2023-11-22T20:19:45.489+0000] {taskinstance.py:1592} INFO - Exporting the following env vars:
AIRFLOW_CTX_DAG_OWNER=***
AIRFLOW_CTX_DAG_ID=parallel_dag
AIRFLOW_CTX_TASK_ID=transform
AIRFLOW_CTX_EXECUTION_DATE=2023-11-22T20:19:21.529541+00:00
AIRFLOW_CTX_TRY_NUMBER=1
AIRFLOW_CTX_DAG_RUN_ID=manual__2023-11-22T20:19:21.529541+00:00
[2023-11-22T20:19:45.490+0000] {subprocess.py:63} INFO - Tmp dir root location: 
 /tmp
[2023-11-22T20:19:45.490+0000] {subprocess.py:75} INFO - Running command: ['/bin/bash', '-c', 'sleep 30']
[2023-11-22T20:19:45.504+0000] {subprocess.py:86} INFO - Output:
[2023-11-22T20:20:15.508+0000] {subprocess.py:97} INFO - Command exited with return code 0
[2023-11-22T20:20:15.547+0000] {taskinstance.py:1406} INFO - Marking task as SUCCESS. dag_id=parallel_dag, task_id=transform, execution_date=20231122T201921, start_date=20231122T201945, end_date=20231122T202015
[2023-11-22T20:20:15.585+0000] {local_task_job.py:164} INFO - Task exited with return code 0
[2023-11-22T20:20:15.614+0000] {local_task_job.py:273} INFO - 0 downstream tasks scheduled from follow-on schedule check
