[2023-12-05T19:23:27.280+0000] {taskinstance.py:1165} INFO - Dependencies all met for <TaskInstance: xcom_dag.t1 scheduled__2023-12-04T00:00:00+00:00 [queued]>
[2023-12-05T19:23:27.287+0000] {taskinstance.py:1165} INFO - Dependencies all met for <TaskInstance: xcom_dag.t1 scheduled__2023-12-04T00:00:00+00:00 [queued]>
[2023-12-05T19:23:27.287+0000] {taskinstance.py:1362} INFO - 
--------------------------------------------------------------------------------
[2023-12-05T19:23:27.287+0000] {taskinstance.py:1363} INFO - Starting attempt 2 of 2
[2023-12-05T19:23:27.287+0000] {taskinstance.py:1364} INFO - 
--------------------------------------------------------------------------------
[2023-12-05T19:23:27.304+0000] {taskinstance.py:1383} INFO - Executing <Task(PythonOperator): t1> on 2023-12-04 00:00:00+00:00
[2023-12-05T19:23:27.310+0000] {standard_task_runner.py:55} INFO - Started process 4559 to run task
[2023-12-05T19:23:27.312+0000] {standard_task_runner.py:82} INFO - Running: ['***', 'tasks', 'run', 'xcom_dag', 't1', 'scheduled__2023-12-04T00:00:00+00:00', '--job-id', '254', '--raw', '--subdir', 'DAGS_FOLDER/xcom_dag.py', '--cfg-path', '/tmp/tmpm5oseoql']
[2023-12-05T19:23:27.313+0000] {standard_task_runner.py:83} INFO - Job 254: Subtask t1
[2023-12-05T19:23:27.369+0000] {task_command.py:376} INFO - Running <TaskInstance: xcom_dag.t1 scheduled__2023-12-04T00:00:00+00:00 [running]> on host 29305dc74afc
[2023-12-05T19:23:27.447+0000] {taskinstance.py:1592} INFO - Exporting the following env vars:
AIRFLOW_CTX_DAG_OWNER=***
AIRFLOW_CTX_DAG_ID=xcom_dag
AIRFLOW_CTX_TASK_ID=t1
AIRFLOW_CTX_EXECUTION_DATE=2023-12-04T00:00:00+00:00
AIRFLOW_CTX_TRY_NUMBER=2
AIRFLOW_CTX_DAG_RUN_ID=scheduled__2023-12-04T00:00:00+00:00
[2023-12-05T19:23:27.465+0000] {python.py:177} INFO - Done. Returned value was: None
[2023-12-05T19:23:27.474+0000] {taskinstance.py:1406} INFO - Marking task as SUCCESS. dag_id=xcom_dag, task_id=t1, execution_date=20231204T000000, start_date=20231205T192327, end_date=20231205T192327
[2023-12-05T19:23:27.524+0000] {local_task_job.py:164} INFO - Task exited with return code 0
[2023-12-05T19:23:27.554+0000] {local_task_job.py:273} INFO - 1 downstream tasks scheduled from follow-on schedule check
