[2023-11-25T20:00:26.738+0000] {processor.py:154} INFO - Started process (PID=50) to work on /opt/airflow/dags/producer.py
[2023-11-25T20:00:26.764+0000] {processor.py:756} INFO - Processing file /opt/airflow/dags/producer.py for tasks to queue
[2023-11-25T20:00:26.765+0000] {logging_mixin.py:120} INFO - [2023-11-25T20:00:26.765+0000] {dagbag.py:537} INFO - Filling up the DagBag from /opt/airflow/dags/producer.py
[2023-11-25T20:00:26.992+0000] {processor.py:766} INFO - DAG(s) dict_keys(['producer']) retrieved from /opt/airflow/dags/producer.py
[2023-11-25T20:00:27.547+0000] {logging_mixin.py:120} INFO - [2023-11-25T20:00:27.547+0000] {dag.py:2585} INFO - Sync 1 DAGs
[2023-11-25T20:00:27.761+0000] {logging_mixin.py:120} INFO - [2023-11-25T20:00:27.761+0000] {dag.py:3340} INFO - Setting next_dagrun for producer to 2023-11-24T00:00:00+00:00, run_after=2023-11-25T00:00:00+00:00
[2023-11-25T20:00:27.889+0000] {processor.py:176} INFO - Processing /opt/airflow/dags/producer.py took 1.175 seconds
[2023-11-25T20:00:58.297+0000] {processor.py:154} INFO - Started process (PID=73) to work on /opt/airflow/dags/producer.py
[2023-11-25T20:00:58.315+0000] {processor.py:756} INFO - Processing file /opt/airflow/dags/producer.py for tasks to queue
[2023-11-25T20:00:58.316+0000] {logging_mixin.py:120} INFO - [2023-11-25T20:00:58.315+0000] {dagbag.py:537} INFO - Filling up the DagBag from /opt/airflow/dags/producer.py
[2023-11-25T20:00:58.511+0000] {processor.py:766} INFO - DAG(s) dict_keys(['producer']) retrieved from /opt/airflow/dags/producer.py
[2023-11-25T20:00:58.684+0000] {logging_mixin.py:120} INFO - [2023-11-25T20:00:58.684+0000] {dag.py:2585} INFO - Sync 1 DAGs
[2023-11-25T20:00:58.880+0000] {logging_mixin.py:120} INFO - [2023-11-25T20:00:58.880+0000] {dag.py:3340} INFO - Setting next_dagrun for producer to 2023-11-25T00:00:00+00:00, run_after=2023-11-26T00:00:00+00:00
[2023-11-25T20:00:59.064+0000] {processor.py:176} INFO - Processing /opt/airflow/dags/producer.py took 0.770 seconds
[2023-11-25T20:01:30.015+0000] {processor.py:154} INFO - Started process (PID=96) to work on /opt/airflow/dags/producer.py
[2023-11-25T20:01:30.016+0000] {processor.py:756} INFO - Processing file /opt/airflow/dags/producer.py for tasks to queue
[2023-11-25T20:01:30.017+0000] {logging_mixin.py:120} INFO - [2023-11-25T20:01:30.016+0000] {dagbag.py:537} INFO - Filling up the DagBag from /opt/airflow/dags/producer.py
[2023-11-25T20:01:30.142+0000] {processor.py:766} INFO - DAG(s) dict_keys(['producer']) retrieved from /opt/airflow/dags/producer.py
[2023-11-25T20:01:30.339+0000] {logging_mixin.py:120} INFO - [2023-11-25T20:01:30.339+0000] {dag.py:2585} INFO - Sync 1 DAGs
[2023-11-25T20:01:30.503+0000] {logging_mixin.py:120} INFO - [2023-11-25T20:01:30.498+0000] {dag.py:3340} INFO - Setting next_dagrun for producer to 2023-11-25T00:00:00+00:00, run_after=2023-11-26T00:00:00+00:00
[2023-11-25T20:01:30.627+0000] {processor.py:176} INFO - Processing /opt/airflow/dags/producer.py took 0.628 seconds
[2023-11-25T20:02:01.372+0000] {processor.py:154} INFO - Started process (PID=118) to work on /opt/airflow/dags/producer.py
[2023-11-25T20:02:01.379+0000] {processor.py:756} INFO - Processing file /opt/airflow/dags/producer.py for tasks to queue
[2023-11-25T20:02:01.380+0000] {logging_mixin.py:120} INFO - [2023-11-25T20:02:01.380+0000] {dagbag.py:537} INFO - Filling up the DagBag from /opt/airflow/dags/producer.py
[2023-11-25T20:02:01.469+0000] {processor.py:766} INFO - DAG(s) dict_keys(['producer']) retrieved from /opt/airflow/dags/producer.py
[2023-11-25T20:02:01.563+0000] {logging_mixin.py:120} INFO - [2023-11-25T20:02:01.563+0000] {dag.py:2585} INFO - Sync 1 DAGs
[2023-11-25T20:02:01.625+0000] {logging_mixin.py:120} INFO - [2023-11-25T20:02:01.625+0000] {dag.py:3340} INFO - Setting next_dagrun for producer to 2023-11-25T00:00:00+00:00, run_after=2023-11-26T00:00:00+00:00
[2023-11-25T20:02:01.676+0000] {processor.py:176} INFO - Processing /opt/airflow/dags/producer.py took 0.322 seconds
[2023-11-25T20:02:31.901+0000] {processor.py:154} INFO - Started process (PID=149) to work on /opt/airflow/dags/producer.py
[2023-11-25T20:02:31.915+0000] {processor.py:756} INFO - Processing file /opt/airflow/dags/producer.py for tasks to queue
[2023-11-25T20:02:31.917+0000] {logging_mixin.py:120} INFO - [2023-11-25T20:02:31.916+0000] {dagbag.py:537} INFO - Filling up the DagBag from /opt/airflow/dags/producer.py
[2023-11-25T20:02:32.006+0000] {processor.py:766} INFO - DAG(s) dict_keys(['producer']) retrieved from /opt/airflow/dags/producer.py
[2023-11-25T20:02:32.096+0000] {logging_mixin.py:120} INFO - [2023-11-25T20:02:32.096+0000] {dag.py:2585} INFO - Sync 1 DAGs
[2023-11-25T20:02:32.187+0000] {logging_mixin.py:120} INFO - [2023-11-25T20:02:32.187+0000] {dag.py:3340} INFO - Setting next_dagrun for producer to 2023-11-25T00:00:00+00:00, run_after=2023-11-26T00:00:00+00:00
[2023-11-25T20:02:32.271+0000] {processor.py:176} INFO - Processing /opt/airflow/dags/producer.py took 0.385 seconds
[2023-11-25T20:03:02.433+0000] {processor.py:154} INFO - Started process (PID=171) to work on /opt/airflow/dags/producer.py
[2023-11-25T20:03:02.439+0000] {processor.py:756} INFO - Processing file /opt/airflow/dags/producer.py for tasks to queue
[2023-11-25T20:03:02.440+0000] {logging_mixin.py:120} INFO - [2023-11-25T20:03:02.440+0000] {dagbag.py:537} INFO - Filling up the DagBag from /opt/airflow/dags/producer.py
[2023-11-25T20:03:02.497+0000] {processor.py:766} INFO - DAG(s) dict_keys(['producer']) retrieved from /opt/airflow/dags/producer.py
[2023-11-25T20:03:02.686+0000] {logging_mixin.py:120} INFO - [2023-11-25T20:03:02.685+0000] {dag.py:2585} INFO - Sync 1 DAGs
[2023-11-25T20:03:02.782+0000] {logging_mixin.py:120} INFO - [2023-11-25T20:03:02.782+0000] {dag.py:3340} INFO - Setting next_dagrun for producer to 2023-11-25T00:00:00+00:00, run_after=2023-11-26T00:00:00+00:00
[2023-11-25T20:03:02.839+0000] {processor.py:176} INFO - Processing /opt/airflow/dags/producer.py took 0.417 seconds
[2023-11-25T20:03:33.488+0000] {processor.py:154} INFO - Started process (PID=192) to work on /opt/airflow/dags/producer.py
[2023-11-25T20:03:33.495+0000] {processor.py:756} INFO - Processing file /opt/airflow/dags/producer.py for tasks to queue
[2023-11-25T20:03:33.496+0000] {logging_mixin.py:120} INFO - [2023-11-25T20:03:33.495+0000] {dagbag.py:537} INFO - Filling up the DagBag from /opt/airflow/dags/producer.py
[2023-11-25T20:03:33.739+0000] {processor.py:766} INFO - DAG(s) dict_keys(['producer']) retrieved from /opt/airflow/dags/producer.py
[2023-11-25T20:03:33.971+0000] {logging_mixin.py:120} INFO - [2023-11-25T20:03:33.971+0000] {dag.py:2585} INFO - Sync 1 DAGs
[2023-11-25T20:03:34.173+0000] {logging_mixin.py:120} INFO - [2023-11-25T20:03:34.173+0000] {dag.py:3340} INFO - Setting next_dagrun for producer to 2023-11-25T00:00:00+00:00, run_after=2023-11-26T00:00:00+00:00
[2023-11-25T20:03:34.418+0000] {processor.py:176} INFO - Processing /opt/airflow/dags/producer.py took 0.962 seconds
[2023-11-25T20:04:04.738+0000] {processor.py:154} INFO - Started process (PID=215) to work on /opt/airflow/dags/producer.py
[2023-11-25T20:04:04.752+0000] {processor.py:756} INFO - Processing file /opt/airflow/dags/producer.py for tasks to queue
[2023-11-25T20:04:04.754+0000] {logging_mixin.py:120} INFO - [2023-11-25T20:04:04.754+0000] {dagbag.py:537} INFO - Filling up the DagBag from /opt/airflow/dags/producer.py
[2023-11-25T20:04:04.785+0000] {processor.py:766} INFO - DAG(s) dict_keys(['producer']) retrieved from /opt/airflow/dags/producer.py
[2023-11-25T20:04:04.865+0000] {logging_mixin.py:120} INFO - [2023-11-25T20:04:04.865+0000] {dag.py:2585} INFO - Sync 1 DAGs
[2023-11-25T20:04:04.893+0000] {logging_mixin.py:120} INFO - [2023-11-25T20:04:04.893+0000] {dag.py:3340} INFO - Setting next_dagrun for producer to 2023-11-25T00:00:00+00:00, run_after=2023-11-26T00:00:00+00:00
[2023-11-25T20:04:04.923+0000] {processor.py:176} INFO - Processing /opt/airflow/dags/producer.py took 0.188 seconds
[2023-11-25T20:04:35.325+0000] {processor.py:154} INFO - Started process (PID=245) to work on /opt/airflow/dags/producer.py
[2023-11-25T20:04:35.326+0000] {processor.py:756} INFO - Processing file /opt/airflow/dags/producer.py for tasks to queue
[2023-11-25T20:04:35.327+0000] {logging_mixin.py:120} INFO - [2023-11-25T20:04:35.326+0000] {dagbag.py:537} INFO - Filling up the DagBag from /opt/airflow/dags/producer.py
[2023-11-25T20:04:35.354+0000] {processor.py:766} INFO - DAG(s) dict_keys(['producer']) retrieved from /opt/airflow/dags/producer.py
[2023-11-25T20:04:35.401+0000] {logging_mixin.py:120} INFO - [2023-11-25T20:04:35.401+0000] {dag.py:2585} INFO - Sync 1 DAGs
[2023-11-25T20:04:35.443+0000] {logging_mixin.py:120} INFO - [2023-11-25T20:04:35.443+0000] {dag.py:3340} INFO - Setting next_dagrun for producer to 2023-11-25T00:00:00+00:00, run_after=2023-11-26T00:00:00+00:00
[2023-11-25T20:04:35.489+0000] {processor.py:176} INFO - Processing /opt/airflow/dags/producer.py took 0.167 seconds
[2023-11-25T20:05:05.560+0000] {processor.py:154} INFO - Started process (PID=267) to work on /opt/airflow/dags/producer.py
[2023-11-25T20:05:05.561+0000] {processor.py:756} INFO - Processing file /opt/airflow/dags/producer.py for tasks to queue
[2023-11-25T20:05:05.562+0000] {logging_mixin.py:120} INFO - [2023-11-25T20:05:05.562+0000] {dagbag.py:537} INFO - Filling up the DagBag from /opt/airflow/dags/producer.py
[2023-11-25T20:05:05.594+0000] {processor.py:766} INFO - DAG(s) dict_keys(['producer']) retrieved from /opt/airflow/dags/producer.py
[2023-11-25T20:05:05.642+0000] {logging_mixin.py:120} INFO - [2023-11-25T20:05:05.641+0000] {dag.py:2585} INFO - Sync 1 DAGs
[2023-11-25T20:05:05.672+0000] {logging_mixin.py:120} INFO - [2023-11-25T20:05:05.672+0000] {dag.py:3340} INFO - Setting next_dagrun for producer to 2023-11-25T00:00:00+00:00, run_after=2023-11-26T00:00:00+00:00
[2023-11-25T20:05:05.700+0000] {processor.py:176} INFO - Processing /opt/airflow/dags/producer.py took 0.144 seconds
[2023-11-25T20:05:35.735+0000] {processor.py:154} INFO - Started process (PID=299) to work on /opt/airflow/dags/producer.py
[2023-11-25T20:05:35.736+0000] {processor.py:756} INFO - Processing file /opt/airflow/dags/producer.py for tasks to queue
[2023-11-25T20:05:35.737+0000] {logging_mixin.py:120} INFO - [2023-11-25T20:05:35.737+0000] {dagbag.py:537} INFO - Filling up the DagBag from /opt/airflow/dags/producer.py
[2023-11-25T20:05:35.763+0000] {processor.py:766} INFO - DAG(s) dict_keys(['producer']) retrieved from /opt/airflow/dags/producer.py
[2023-11-25T20:05:35.831+0000] {logging_mixin.py:120} INFO - [2023-11-25T20:05:35.831+0000] {dag.py:2585} INFO - Sync 1 DAGs
[2023-11-25T20:05:35.865+0000] {logging_mixin.py:120} INFO - [2023-11-25T20:05:35.864+0000] {dag.py:3340} INFO - Setting next_dagrun for producer to 2023-11-25T00:00:00+00:00, run_after=2023-11-26T00:00:00+00:00
[2023-11-25T20:05:35.934+0000] {processor.py:176} INFO - Processing /opt/airflow/dags/producer.py took 0.203 seconds
[2023-11-25T20:06:06.180+0000] {processor.py:154} INFO - Started process (PID=321) to work on /opt/airflow/dags/producer.py
[2023-11-25T20:06:06.182+0000] {processor.py:756} INFO - Processing file /opt/airflow/dags/producer.py for tasks to queue
[2023-11-25T20:06:06.183+0000] {logging_mixin.py:120} INFO - [2023-11-25T20:06:06.183+0000] {dagbag.py:537} INFO - Filling up the DagBag from /opt/airflow/dags/producer.py
[2023-11-25T20:06:06.212+0000] {processor.py:766} INFO - DAG(s) dict_keys(['producer']) retrieved from /opt/airflow/dags/producer.py
[2023-11-25T20:06:06.260+0000] {logging_mixin.py:120} INFO - [2023-11-25T20:06:06.260+0000] {dag.py:2585} INFO - Sync 1 DAGs
[2023-11-25T20:06:06.290+0000] {logging_mixin.py:120} INFO - [2023-11-25T20:06:06.290+0000] {dag.py:3340} INFO - Setting next_dagrun for producer to 2023-11-25T00:00:00+00:00, run_after=2023-11-26T00:00:00+00:00
[2023-11-25T20:06:06.329+0000] {processor.py:176} INFO - Processing /opt/airflow/dags/producer.py took 0.152 seconds
[2023-11-25T20:06:36.758+0000] {processor.py:154} INFO - Started process (PID=353) to work on /opt/airflow/dags/producer.py
[2023-11-25T20:06:36.759+0000] {processor.py:756} INFO - Processing file /opt/airflow/dags/producer.py for tasks to queue
[2023-11-25T20:06:36.760+0000] {logging_mixin.py:120} INFO - [2023-11-25T20:06:36.760+0000] {dagbag.py:537} INFO - Filling up the DagBag from /opt/airflow/dags/producer.py
[2023-11-25T20:06:36.789+0000] {processor.py:766} INFO - DAG(s) dict_keys(['producer']) retrieved from /opt/airflow/dags/producer.py
[2023-11-25T20:06:36.834+0000] {logging_mixin.py:120} INFO - [2023-11-25T20:06:36.834+0000] {dag.py:2585} INFO - Sync 1 DAGs
[2023-11-25T20:06:36.866+0000] {logging_mixin.py:120} INFO - [2023-11-25T20:06:36.866+0000] {dag.py:3340} INFO - Setting next_dagrun for producer to 2023-11-25T00:00:00+00:00, run_after=2023-11-26T00:00:00+00:00
[2023-11-25T20:06:36.895+0000] {processor.py:176} INFO - Processing /opt/airflow/dags/producer.py took 0.140 seconds
[2023-11-25T20:07:07.156+0000] {processor.py:154} INFO - Started process (PID=386) to work on /opt/airflow/dags/producer.py
[2023-11-25T20:07:07.159+0000] {processor.py:756} INFO - Processing file /opt/airflow/dags/producer.py for tasks to queue
[2023-11-25T20:07:07.160+0000] {logging_mixin.py:120} INFO - [2023-11-25T20:07:07.160+0000] {dagbag.py:537} INFO - Filling up the DagBag from /opt/airflow/dags/producer.py
[2023-11-25T20:07:07.216+0000] {processor.py:766} INFO - DAG(s) dict_keys(['producer']) retrieved from /opt/airflow/dags/producer.py
[2023-11-25T20:07:07.309+0000] {logging_mixin.py:120} INFO - [2023-11-25T20:07:07.309+0000] {dag.py:2585} INFO - Sync 1 DAGs
[2023-11-25T20:07:07.367+0000] {logging_mixin.py:120} INFO - [2023-11-25T20:07:07.367+0000] {dag.py:3340} INFO - Setting next_dagrun for producer to 2023-11-25T00:00:00+00:00, run_after=2023-11-26T00:00:00+00:00
[2023-11-25T20:07:07.414+0000] {processor.py:176} INFO - Processing /opt/airflow/dags/producer.py took 0.273 seconds
[2023-11-25T20:07:37.621+0000] {processor.py:154} INFO - Started process (PID=411) to work on /opt/airflow/dags/producer.py
[2023-11-25T20:07:37.622+0000] {processor.py:756} INFO - Processing file /opt/airflow/dags/producer.py for tasks to queue
[2023-11-25T20:07:37.623+0000] {logging_mixin.py:120} INFO - [2023-11-25T20:07:37.623+0000] {dagbag.py:537} INFO - Filling up the DagBag from /opt/airflow/dags/producer.py
[2023-11-25T20:07:37.650+0000] {processor.py:766} INFO - DAG(s) dict_keys(['producer']) retrieved from /opt/airflow/dags/producer.py
[2023-11-25T20:07:37.696+0000] {logging_mixin.py:120} INFO - [2023-11-25T20:07:37.696+0000] {dag.py:2585} INFO - Sync 1 DAGs
[2023-11-25T20:07:37.732+0000] {logging_mixin.py:120} INFO - [2023-11-25T20:07:37.732+0000] {dag.py:3340} INFO - Setting next_dagrun for producer to 2023-11-25T00:00:00+00:00, run_after=2023-11-26T00:00:00+00:00
[2023-11-25T20:07:37.763+0000] {processor.py:176} INFO - Processing /opt/airflow/dags/producer.py took 0.145 seconds
[2023-11-25T20:08:07.947+0000] {processor.py:154} INFO - Started process (PID=444) to work on /opt/airflow/dags/producer.py
[2023-11-25T20:08:07.948+0000] {processor.py:756} INFO - Processing file /opt/airflow/dags/producer.py for tasks to queue
[2023-11-25T20:08:07.949+0000] {logging_mixin.py:120} INFO - [2023-11-25T20:08:07.949+0000] {dagbag.py:537} INFO - Filling up the DagBag from /opt/airflow/dags/producer.py
[2023-11-25T20:08:07.975+0000] {processor.py:766} INFO - DAG(s) dict_keys(['producer']) retrieved from /opt/airflow/dags/producer.py
[2023-11-25T20:08:08.031+0000] {logging_mixin.py:120} INFO - [2023-11-25T20:08:08.031+0000] {dag.py:2585} INFO - Sync 1 DAGs
[2023-11-25T20:08:08.062+0000] {logging_mixin.py:120} INFO - [2023-11-25T20:08:08.062+0000] {dag.py:3340} INFO - Setting next_dagrun for producer to 2023-11-25T00:00:00+00:00, run_after=2023-11-26T00:00:00+00:00
[2023-11-25T20:08:08.089+0000] {processor.py:176} INFO - Processing /opt/airflow/dags/producer.py took 0.145 seconds
[2023-11-25T20:08:38.351+0000] {processor.py:154} INFO - Started process (PID=476) to work on /opt/airflow/dags/producer.py
[2023-11-25T20:08:38.359+0000] {processor.py:756} INFO - Processing file /opt/airflow/dags/producer.py for tasks to queue
[2023-11-25T20:08:38.360+0000] {logging_mixin.py:120} INFO - [2023-11-25T20:08:38.360+0000] {dagbag.py:537} INFO - Filling up the DagBag from /opt/airflow/dags/producer.py
[2023-11-25T20:08:38.420+0000] {processor.py:766} INFO - DAG(s) dict_keys(['producer']) retrieved from /opt/airflow/dags/producer.py
[2023-11-25T20:08:38.518+0000] {logging_mixin.py:120} INFO - [2023-11-25T20:08:38.518+0000] {dag.py:2585} INFO - Sync 1 DAGs
[2023-11-25T20:08:38.556+0000] {logging_mixin.py:120} INFO - [2023-11-25T20:08:38.556+0000] {dag.py:3340} INFO - Setting next_dagrun for producer to 2023-11-25T00:00:00+00:00, run_after=2023-11-26T00:00:00+00:00
[2023-11-25T20:08:38.587+0000] {processor.py:176} INFO - Processing /opt/airflow/dags/producer.py took 0.239 seconds
[2023-11-25T20:09:08.911+0000] {processor.py:154} INFO - Started process (PID=499) to work on /opt/airflow/dags/producer.py
[2023-11-25T20:09:08.923+0000] {processor.py:756} INFO - Processing file /opt/airflow/dags/producer.py for tasks to queue
[2023-11-25T20:09:08.923+0000] {logging_mixin.py:120} INFO - [2023-11-25T20:09:08.923+0000] {dagbag.py:537} INFO - Filling up the DagBag from /opt/airflow/dags/producer.py
[2023-11-25T20:09:08.968+0000] {processor.py:766} INFO - DAG(s) dict_keys(['producer']) retrieved from /opt/airflow/dags/producer.py
[2023-11-25T20:09:09.062+0000] {logging_mixin.py:120} INFO - [2023-11-25T20:09:09.062+0000] {dag.py:2585} INFO - Sync 1 DAGs
[2023-11-25T20:09:09.095+0000] {logging_mixin.py:120} INFO - [2023-11-25T20:09:09.095+0000] {dag.py:3340} INFO - Setting next_dagrun for producer to 2023-11-25T00:00:00+00:00, run_after=2023-11-26T00:00:00+00:00
[2023-11-25T20:09:09.125+0000] {processor.py:176} INFO - Processing /opt/airflow/dags/producer.py took 0.218 seconds
[2023-11-25T20:09:39.356+0000] {processor.py:154} INFO - Started process (PID=531) to work on /opt/airflow/dags/producer.py
[2023-11-25T20:09:39.356+0000] {processor.py:756} INFO - Processing file /opt/airflow/dags/producer.py for tasks to queue
[2023-11-25T20:09:39.357+0000] {logging_mixin.py:120} INFO - [2023-11-25T20:09:39.357+0000] {dagbag.py:537} INFO - Filling up the DagBag from /opt/airflow/dags/producer.py
[2023-11-25T20:09:39.394+0000] {processor.py:766} INFO - DAG(s) dict_keys(['producer']) retrieved from /opt/airflow/dags/producer.py
[2023-11-25T20:09:39.456+0000] {logging_mixin.py:120} INFO - [2023-11-25T20:09:39.456+0000] {dag.py:2585} INFO - Sync 1 DAGs
[2023-11-25T20:09:39.486+0000] {logging_mixin.py:120} INFO - [2023-11-25T20:09:39.486+0000] {dag.py:3340} INFO - Setting next_dagrun for producer to 2023-11-25T00:00:00+00:00, run_after=2023-11-26T00:00:00+00:00
[2023-11-25T20:09:39.514+0000] {processor.py:176} INFO - Processing /opt/airflow/dags/producer.py took 0.162 seconds
[2023-11-25T20:10:09.620+0000] {processor.py:154} INFO - Started process (PID=554) to work on /opt/airflow/dags/producer.py
[2023-11-25T20:10:09.623+0000] {processor.py:756} INFO - Processing file /opt/airflow/dags/producer.py for tasks to queue
[2023-11-25T20:10:09.624+0000] {logging_mixin.py:120} INFO - [2023-11-25T20:10:09.624+0000] {dagbag.py:537} INFO - Filling up the DagBag from /opt/airflow/dags/producer.py
[2023-11-25T20:10:09.680+0000] {processor.py:766} INFO - DAG(s) dict_keys(['producer']) retrieved from /opt/airflow/dags/producer.py
[2023-11-25T20:10:09.792+0000] {logging_mixin.py:120} INFO - [2023-11-25T20:10:09.791+0000] {dag.py:2585} INFO - Sync 1 DAGs
[2023-11-25T20:10:09.848+0000] {logging_mixin.py:120} INFO - [2023-11-25T20:10:09.848+0000] {dag.py:3340} INFO - Setting next_dagrun for producer to 2023-11-25T00:00:00+00:00, run_after=2023-11-26T00:00:00+00:00
[2023-11-25T20:10:09.878+0000] {processor.py:176} INFO - Processing /opt/airflow/dags/producer.py took 0.265 seconds
[2023-11-25T20:10:40.146+0000] {processor.py:154} INFO - Started process (PID=587) to work on /opt/airflow/dags/producer.py
[2023-11-25T20:10:40.153+0000] {processor.py:756} INFO - Processing file /opt/airflow/dags/producer.py for tasks to queue
[2023-11-25T20:10:40.154+0000] {logging_mixin.py:120} INFO - [2023-11-25T20:10:40.154+0000] {dagbag.py:537} INFO - Filling up the DagBag from /opt/airflow/dags/producer.py
[2023-11-25T20:10:40.182+0000] {processor.py:766} INFO - DAG(s) dict_keys(['producer']) retrieved from /opt/airflow/dags/producer.py
[2023-11-25T20:10:40.267+0000] {logging_mixin.py:120} INFO - [2023-11-25T20:10:40.267+0000] {dag.py:2585} INFO - Sync 1 DAGs
[2023-11-25T20:10:40.334+0000] {logging_mixin.py:120} INFO - [2023-11-25T20:10:40.334+0000] {dag.py:3340} INFO - Setting next_dagrun for producer to 2023-11-25T00:00:00+00:00, run_after=2023-11-26T00:00:00+00:00
[2023-11-25T20:10:40.391+0000] {processor.py:176} INFO - Processing /opt/airflow/dags/producer.py took 0.255 seconds
[2023-11-25T20:11:10.652+0000] {processor.py:154} INFO - Started process (PID=619) to work on /opt/airflow/dags/producer.py
[2023-11-25T20:11:10.654+0000] {processor.py:756} INFO - Processing file /opt/airflow/dags/producer.py for tasks to queue
[2023-11-25T20:11:10.657+0000] {logging_mixin.py:120} INFO - [2023-11-25T20:11:10.657+0000] {dagbag.py:537} INFO - Filling up the DagBag from /opt/airflow/dags/producer.py
[2023-11-25T20:11:10.685+0000] {processor.py:766} INFO - DAG(s) dict_keys(['producer']) retrieved from /opt/airflow/dags/producer.py
[2023-11-25T20:11:10.811+0000] {logging_mixin.py:120} INFO - [2023-11-25T20:11:10.811+0000] {dag.py:2585} INFO - Sync 1 DAGs
[2023-11-25T20:11:10.840+0000] {logging_mixin.py:120} INFO - [2023-11-25T20:11:10.840+0000] {dag.py:3340} INFO - Setting next_dagrun for producer to 2023-11-25T00:00:00+00:00, run_after=2023-11-26T00:00:00+00:00
[2023-11-25T20:11:10.868+0000] {processor.py:176} INFO - Processing /opt/airflow/dags/producer.py took 0.220 seconds
[2023-11-25T20:11:41.088+0000] {processor.py:154} INFO - Started process (PID=642) to work on /opt/airflow/dags/producer.py
[2023-11-25T20:11:41.089+0000] {processor.py:756} INFO - Processing file /opt/airflow/dags/producer.py for tasks to queue
[2023-11-25T20:11:41.090+0000] {logging_mixin.py:120} INFO - [2023-11-25T20:11:41.090+0000] {dagbag.py:537} INFO - Filling up the DagBag from /opt/airflow/dags/producer.py
[2023-11-25T20:11:41.117+0000] {processor.py:766} INFO - DAG(s) dict_keys(['producer']) retrieved from /opt/airflow/dags/producer.py
[2023-11-25T20:11:41.165+0000] {logging_mixin.py:120} INFO - [2023-11-25T20:11:41.165+0000] {dag.py:2585} INFO - Sync 1 DAGs
[2023-11-25T20:11:41.196+0000] {logging_mixin.py:120} INFO - [2023-11-25T20:11:41.195+0000] {dag.py:3340} INFO - Setting next_dagrun for producer to 2023-11-25T00:00:00+00:00, run_after=2023-11-26T00:00:00+00:00
[2023-11-25T20:11:41.224+0000] {processor.py:176} INFO - Processing /opt/airflow/dags/producer.py took 0.139 seconds
[2023-11-25T20:12:11.472+0000] {processor.py:154} INFO - Started process (PID=674) to work on /opt/airflow/dags/producer.py
[2023-11-25T20:12:11.483+0000] {processor.py:756} INFO - Processing file /opt/airflow/dags/producer.py for tasks to queue
[2023-11-25T20:12:11.484+0000] {logging_mixin.py:120} INFO - [2023-11-25T20:12:11.484+0000] {dagbag.py:537} INFO - Filling up the DagBag from /opt/airflow/dags/producer.py
[2023-11-25T20:12:11.535+0000] {processor.py:766} INFO - DAG(s) dict_keys(['producer']) retrieved from /opt/airflow/dags/producer.py
[2023-11-25T20:12:11.649+0000] {logging_mixin.py:120} INFO - [2023-11-25T20:12:11.649+0000] {dag.py:2585} INFO - Sync 1 DAGs
[2023-11-25T20:12:11.690+0000] {logging_mixin.py:120} INFO - [2023-11-25T20:12:11.690+0000] {dag.py:3340} INFO - Setting next_dagrun for producer to 2023-11-25T00:00:00+00:00, run_after=2023-11-26T00:00:00+00:00
[2023-11-25T20:12:11.726+0000] {processor.py:176} INFO - Processing /opt/airflow/dags/producer.py took 0.258 seconds
[2023-11-25T20:12:42.049+0000] {processor.py:154} INFO - Started process (PID=704) to work on /opt/airflow/dags/producer.py
[2023-11-25T20:12:42.066+0000] {processor.py:756} INFO - Processing file /opt/airflow/dags/producer.py for tasks to queue
[2023-11-25T20:12:42.074+0000] {logging_mixin.py:120} INFO - [2023-11-25T20:12:42.074+0000] {dagbag.py:537} INFO - Filling up the DagBag from /opt/airflow/dags/producer.py
[2023-11-25T20:12:42.144+0000] {processor.py:766} INFO - DAG(s) dict_keys(['producer']) retrieved from /opt/airflow/dags/producer.py
[2023-11-25T20:12:42.268+0000] {logging_mixin.py:120} INFO - [2023-11-25T20:12:42.268+0000] {dag.py:2585} INFO - Sync 1 DAGs
[2023-11-25T20:12:42.336+0000] {logging_mixin.py:120} INFO - [2023-11-25T20:12:42.336+0000] {dag.py:3340} INFO - Setting next_dagrun for producer to 2023-11-25T00:00:00+00:00, run_after=2023-11-26T00:00:00+00:00
[2023-11-25T20:12:42.383+0000] {processor.py:176} INFO - Processing /opt/airflow/dags/producer.py took 0.337 seconds
[2023-11-25T20:13:12.696+0000] {processor.py:154} INFO - Started process (PID=731) to work on /opt/airflow/dags/producer.py
[2023-11-25T20:13:12.696+0000] {processor.py:756} INFO - Processing file /opt/airflow/dags/producer.py for tasks to queue
[2023-11-25T20:13:12.697+0000] {logging_mixin.py:120} INFO - [2023-11-25T20:13:12.697+0000] {dagbag.py:537} INFO - Filling up the DagBag from /opt/airflow/dags/producer.py
[2023-11-25T20:13:12.724+0000] {processor.py:766} INFO - DAG(s) dict_keys(['producer']) retrieved from /opt/airflow/dags/producer.py
[2023-11-25T20:13:12.770+0000] {logging_mixin.py:120} INFO - [2023-11-25T20:13:12.770+0000] {dag.py:2585} INFO - Sync 1 DAGs
[2023-11-25T20:13:12.803+0000] {logging_mixin.py:120} INFO - [2023-11-25T20:13:12.803+0000] {dag.py:3340} INFO - Setting next_dagrun for producer to 2023-11-25T00:00:00+00:00, run_after=2023-11-26T00:00:00+00:00
[2023-11-25T20:13:12.830+0000] {processor.py:176} INFO - Processing /opt/airflow/dags/producer.py took 0.138 seconds
[2023-11-25T20:13:43.001+0000] {processor.py:154} INFO - Started process (PID=762) to work on /opt/airflow/dags/producer.py
[2023-11-25T20:13:43.004+0000] {processor.py:756} INFO - Processing file /opt/airflow/dags/producer.py for tasks to queue
[2023-11-25T20:13:43.005+0000] {logging_mixin.py:120} INFO - [2023-11-25T20:13:43.005+0000] {dagbag.py:537} INFO - Filling up the DagBag from /opt/airflow/dags/producer.py
[2023-11-25T20:13:43.053+0000] {processor.py:766} INFO - DAG(s) dict_keys(['producer']) retrieved from /opt/airflow/dags/producer.py
[2023-11-25T20:13:43.136+0000] {logging_mixin.py:120} INFO - [2023-11-25T20:13:43.135+0000] {dag.py:2585} INFO - Sync 1 DAGs
[2023-11-25T20:13:43.210+0000] {logging_mixin.py:120} INFO - [2023-11-25T20:13:43.210+0000] {dag.py:3340} INFO - Setting next_dagrun for producer to 2023-11-25T00:00:00+00:00, run_after=2023-11-26T00:00:00+00:00
[2023-11-25T20:13:43.281+0000] {processor.py:176} INFO - Processing /opt/airflow/dags/producer.py took 0.283 seconds
[2023-11-25T20:14:13.485+0000] {processor.py:154} INFO - Started process (PID=783) to work on /opt/airflow/dags/producer.py
[2023-11-25T20:14:13.485+0000] {processor.py:756} INFO - Processing file /opt/airflow/dags/producer.py for tasks to queue
[2023-11-25T20:14:13.486+0000] {logging_mixin.py:120} INFO - [2023-11-25T20:14:13.486+0000] {dagbag.py:537} INFO - Filling up the DagBag from /opt/airflow/dags/producer.py
[2023-11-25T20:14:13.517+0000] {processor.py:766} INFO - DAG(s) dict_keys(['producer']) retrieved from /opt/airflow/dags/producer.py
[2023-11-25T20:14:13.571+0000] {logging_mixin.py:120} INFO - [2023-11-25T20:14:13.571+0000] {dag.py:2585} INFO - Sync 1 DAGs
[2023-11-25T20:14:13.607+0000] {logging_mixin.py:120} INFO - [2023-11-25T20:14:13.607+0000] {dag.py:3340} INFO - Setting next_dagrun for producer to 2023-11-25T00:00:00+00:00, run_after=2023-11-26T00:00:00+00:00
[2023-11-25T20:14:13.647+0000] {processor.py:176} INFO - Processing /opt/airflow/dags/producer.py took 0.178 seconds
[2023-11-25T20:14:43.909+0000] {processor.py:154} INFO - Started process (PID=815) to work on /opt/airflow/dags/producer.py
[2023-11-25T20:14:43.910+0000] {processor.py:756} INFO - Processing file /opt/airflow/dags/producer.py for tasks to queue
[2023-11-25T20:14:43.911+0000] {logging_mixin.py:120} INFO - [2023-11-25T20:14:43.911+0000] {dagbag.py:537} INFO - Filling up the DagBag from /opt/airflow/dags/producer.py
[2023-11-25T20:14:43.973+0000] {processor.py:766} INFO - DAG(s) dict_keys(['producer']) retrieved from /opt/airflow/dags/producer.py
[2023-11-25T20:14:44.159+0000] {logging_mixin.py:120} INFO - [2023-11-25T20:14:44.159+0000] {dag.py:2585} INFO - Sync 1 DAGs
[2023-11-25T20:14:44.224+0000] {logging_mixin.py:120} INFO - [2023-11-25T20:14:44.224+0000] {dag.py:3340} INFO - Setting next_dagrun for producer to 2023-11-25T00:00:00+00:00, run_after=2023-11-26T00:00:00+00:00
[2023-11-25T20:14:44.326+0000] {processor.py:176} INFO - Processing /opt/airflow/dags/producer.py took 0.421 seconds
[2023-11-25T20:15:14.574+0000] {processor.py:154} INFO - Started process (PID=837) to work on /opt/airflow/dags/producer.py
[2023-11-25T20:15:14.577+0000] {processor.py:756} INFO - Processing file /opt/airflow/dags/producer.py for tasks to queue
[2023-11-25T20:15:14.578+0000] {logging_mixin.py:120} INFO - [2023-11-25T20:15:14.578+0000] {dagbag.py:537} INFO - Filling up the DagBag from /opt/airflow/dags/producer.py
[2023-11-25T20:15:14.660+0000] {processor.py:766} INFO - DAG(s) dict_keys(['producer']) retrieved from /opt/airflow/dags/producer.py
[2023-11-25T20:15:14.836+0000] {logging_mixin.py:120} INFO - [2023-11-25T20:15:14.836+0000] {dag.py:2585} INFO - Sync 1 DAGs
[2023-11-25T20:15:14.989+0000] {logging_mixin.py:120} INFO - [2023-11-25T20:15:14.989+0000] {dag.py:3340} INFO - Setting next_dagrun for producer to 2023-11-25T00:00:00+00:00, run_after=2023-11-26T00:00:00+00:00
[2023-11-25T20:15:15.053+0000] {processor.py:176} INFO - Processing /opt/airflow/dags/producer.py took 0.483 seconds
[2023-11-25T20:15:46.111+0000] {processor.py:154} INFO - Started process (PID=868) to work on /opt/airflow/dags/producer.py
[2023-11-25T20:15:46.143+0000] {processor.py:756} INFO - Processing file /opt/airflow/dags/producer.py for tasks to queue
[2023-11-25T20:15:46.147+0000] {logging_mixin.py:120} INFO - [2023-11-25T20:15:46.147+0000] {dagbag.py:537} INFO - Filling up the DagBag from /opt/airflow/dags/producer.py
[2023-11-25T20:15:46.916+0000] {processor.py:766} INFO - DAG(s) dict_keys(['producer']) retrieved from /opt/airflow/dags/producer.py
[2023-11-25T20:15:47.510+0000] {logging_mixin.py:120} INFO - [2023-11-25T20:15:47.507+0000] {dag.py:2585} INFO - Sync 1 DAGs
[2023-11-25T20:15:47.700+0000] {logging_mixin.py:120} INFO - [2023-11-25T20:15:47.700+0000] {dag.py:3340} INFO - Setting next_dagrun for producer to 2023-11-25T00:00:00+00:00, run_after=2023-11-26T00:00:00+00:00
[2023-11-25T20:15:48.035+0000] {processor.py:176} INFO - Processing /opt/airflow/dags/producer.py took 2.014 seconds
[2023-11-25T20:16:18.970+0000] {processor.py:154} INFO - Started process (PID=889) to work on /opt/airflow/dags/producer.py
[2023-11-25T20:16:18.979+0000] {processor.py:756} INFO - Processing file /opt/airflow/dags/producer.py for tasks to queue
[2023-11-25T20:16:18.980+0000] {logging_mixin.py:120} INFO - [2023-11-25T20:16:18.980+0000] {dagbag.py:537} INFO - Filling up the DagBag from /opt/airflow/dags/producer.py
[2023-11-25T20:16:19.209+0000] {processor.py:766} INFO - DAG(s) dict_keys(['producer']) retrieved from /opt/airflow/dags/producer.py
[2023-11-25T20:16:19.593+0000] {logging_mixin.py:120} INFO - [2023-11-25T20:16:19.593+0000] {dag.py:2585} INFO - Sync 1 DAGs
[2023-11-25T20:16:19.825+0000] {logging_mixin.py:120} INFO - [2023-11-25T20:16:19.825+0000] {dag.py:3340} INFO - Setting next_dagrun for producer to 2023-11-25T00:00:00+00:00, run_after=2023-11-26T00:00:00+00:00
[2023-11-25T20:16:20.047+0000] {processor.py:176} INFO - Processing /opt/airflow/dags/producer.py took 1.089 seconds
