[2023-11-25T20:03:42.804+0000] {taskinstance.py:1165} INFO - Dependencies all met for <TaskInstance: parallel_dag.load_a scheduled__2023-11-24T00:00:00+00:00 [queued]>
[2023-11-25T20:03:42.875+0000] {taskinstance.py:1165} INFO - Dependencies all met for <TaskInstance: parallel_dag.load_a scheduled__2023-11-24T00:00:00+00:00 [queued]>
[2023-11-25T20:03:42.875+0000] {taskinstance.py:1362} INFO - 
--------------------------------------------------------------------------------
[2023-11-25T20:03:42.876+0000] {taskinstance.py:1363} INFO - Starting attempt 1 of 1
[2023-11-25T20:03:42.876+0000] {taskinstance.py:1364} INFO - 
--------------------------------------------------------------------------------
[2023-11-25T20:03:43.006+0000] {taskinstance.py:1383} INFO - Executing <Task(BashOperator): load_a> on 2023-11-24 00:00:00+00:00
[2023-11-25T20:03:43.097+0000] {standard_task_runner.py:55} INFO - Started process 96 to run task
[2023-11-25T20:03:43.122+0000] {standard_task_runner.py:82} INFO - Running: ['***', 'tasks', 'run', 'parallel_dag', 'load_a', 'scheduled__2023-11-24T00:00:00+00:00', '--job-id', '125', '--raw', '--subdir', 'DAGS_FOLDER/parallel_dag.py', '--cfg-path', '/tmp/tmpr_s1h64l']
[2023-11-25T20:03:43.128+0000] {standard_task_runner.py:83} INFO - Job 125: Subtask load_a
[2023-11-25T20:03:43.421+0000] {task_command.py:376} INFO - Running <TaskInstance: parallel_dag.load_a scheduled__2023-11-24T00:00:00+00:00 [running]> on host 29305dc74afc
[2023-11-25T20:03:43.637+0000] {taskinstance.py:1592} INFO - Exporting the following env vars:
AIRFLOW_CTX_DAG_OWNER=***
AIRFLOW_CTX_DAG_ID=parallel_dag
AIRFLOW_CTX_TASK_ID=load_a
AIRFLOW_CTX_EXECUTION_DATE=2023-11-24T00:00:00+00:00
AIRFLOW_CTX_TRY_NUMBER=1
AIRFLOW_CTX_DAG_RUN_ID=scheduled__2023-11-24T00:00:00+00:00
[2023-11-25T20:03:43.641+0000] {subprocess.py:63} INFO - Tmp dir root location: 
 /tmp
[2023-11-25T20:03:43.641+0000] {subprocess.py:75} INFO - Running command: ['/bin/bash', '-c', 'sleep 10']
[2023-11-25T20:03:43.714+0000] {subprocess.py:86} INFO - Output:
[2023-11-25T20:03:53.751+0000] {subprocess.py:97} INFO - Command exited with return code 0
[2023-11-25T20:03:53.798+0000] {taskinstance.py:1406} INFO - Marking task as SUCCESS. dag_id=parallel_dag, task_id=load_a, execution_date=20231124T000000, start_date=20231125T200342, end_date=20231125T200353
[2023-11-25T20:03:53.887+0000] {local_task_job.py:164} INFO - Task exited with return code 0
[2023-11-25T20:03:53.944+0000] {local_task_job.py:273} INFO - 0 downstream tasks scheduled from follow-on schedule check
