[2023-12-06T10:16:51.527+0000] {processor.py:154} INFO - Started process (PID=75) to work on /opt/airflow/dags/consumer.py
[2023-12-06T10:16:51.540+0000] {processor.py:756} INFO - Processing file /opt/airflow/dags/consumer.py for tasks to queue
[2023-12-06T10:16:51.541+0000] {logging_mixin.py:120} INFO - [2023-12-06T10:16:51.541+0000] {dagbag.py:537} INFO - Filling up the DagBag from /opt/airflow/dags/consumer.py
[2023-12-06T10:16:51.649+0000] {processor.py:766} INFO - DAG(s) dict_keys(['consumer']) retrieved from /opt/airflow/dags/consumer.py
[2023-12-06T10:16:52.037+0000] {logging_mixin.py:120} INFO - [2023-12-06T10:16:52.037+0000] {dag.py:2585} INFO - Sync 1 DAGs
[2023-12-06T10:16:52.098+0000] {logging_mixin.py:120} INFO - [2023-12-06T10:16:52.098+0000] {dag.py:3340} INFO - Setting next_dagrun for consumer to None, run_after=None
[2023-12-06T10:16:52.164+0000] {processor.py:176} INFO - Processing /opt/airflow/dags/consumer.py took 0.641 seconds
[2023-12-06T10:17:23.045+0000] {processor.py:154} INFO - Started process (PID=110) to work on /opt/airflow/dags/consumer.py
[2023-12-06T10:17:23.046+0000] {processor.py:756} INFO - Processing file /opt/airflow/dags/consumer.py for tasks to queue
[2023-12-06T10:17:23.046+0000] {logging_mixin.py:120} INFO - [2023-12-06T10:17:23.046+0000] {dagbag.py:537} INFO - Filling up the DagBag from /opt/airflow/dags/consumer.py
[2023-12-06T10:17:23.064+0000] {processor.py:766} INFO - DAG(s) dict_keys(['consumer']) retrieved from /opt/airflow/dags/consumer.py
[2023-12-06T10:17:23.099+0000] {logging_mixin.py:120} INFO - [2023-12-06T10:17:23.098+0000] {dag.py:2585} INFO - Sync 1 DAGs
[2023-12-06T10:17:23.119+0000] {logging_mixin.py:120} INFO - [2023-12-06T10:17:23.119+0000] {dag.py:3340} INFO - Setting next_dagrun for consumer to None, run_after=None
[2023-12-06T10:17:23.144+0000] {processor.py:176} INFO - Processing /opt/airflow/dags/consumer.py took 0.102 seconds
[2023-12-06T10:17:53.590+0000] {processor.py:154} INFO - Started process (PID=154) to work on /opt/airflow/dags/consumer.py
[2023-12-06T10:17:53.590+0000] {processor.py:756} INFO - Processing file /opt/airflow/dags/consumer.py for tasks to queue
[2023-12-06T10:17:53.591+0000] {logging_mixin.py:120} INFO - [2023-12-06T10:17:53.591+0000] {dagbag.py:537} INFO - Filling up the DagBag from /opt/airflow/dags/consumer.py
[2023-12-06T10:17:53.607+0000] {processor.py:766} INFO - DAG(s) dict_keys(['consumer']) retrieved from /opt/airflow/dags/consumer.py
[2023-12-06T10:17:53.652+0000] {logging_mixin.py:120} INFO - [2023-12-06T10:17:53.651+0000] {dag.py:2585} INFO - Sync 1 DAGs
[2023-12-06T10:17:53.673+0000] {logging_mixin.py:120} INFO - [2023-12-06T10:17:53.673+0000] {dag.py:3340} INFO - Setting next_dagrun for consumer to None, run_after=None
[2023-12-06T10:17:53.701+0000] {processor.py:176} INFO - Processing /opt/airflow/dags/consumer.py took 0.114 seconds
[2023-12-06T10:18:24.139+0000] {processor.py:154} INFO - Started process (PID=186) to work on /opt/airflow/dags/consumer.py
[2023-12-06T10:18:24.140+0000] {processor.py:756} INFO - Processing file /opt/airflow/dags/consumer.py for tasks to queue
[2023-12-06T10:18:24.141+0000] {logging_mixin.py:120} INFO - [2023-12-06T10:18:24.141+0000] {dagbag.py:537} INFO - Filling up the DagBag from /opt/airflow/dags/consumer.py
[2023-12-06T10:18:24.159+0000] {processor.py:766} INFO - DAG(s) dict_keys(['consumer']) retrieved from /opt/airflow/dags/consumer.py
[2023-12-06T10:18:24.267+0000] {logging_mixin.py:120} INFO - [2023-12-06T10:18:24.267+0000] {dag.py:2585} INFO - Sync 1 DAGs
[2023-12-06T10:18:24.301+0000] {logging_mixin.py:120} INFO - [2023-12-06T10:18:24.301+0000] {dag.py:3340} INFO - Setting next_dagrun for consumer to None, run_after=None
[2023-12-06T10:18:24.346+0000] {processor.py:176} INFO - Processing /opt/airflow/dags/consumer.py took 0.209 seconds
[2023-12-06T10:18:54.682+0000] {processor.py:154} INFO - Started process (PID=235) to work on /opt/airflow/dags/consumer.py
[2023-12-06T10:18:54.683+0000] {processor.py:756} INFO - Processing file /opt/airflow/dags/consumer.py for tasks to queue
[2023-12-06T10:18:54.684+0000] {logging_mixin.py:120} INFO - [2023-12-06T10:18:54.684+0000] {dagbag.py:537} INFO - Filling up the DagBag from /opt/airflow/dags/consumer.py
[2023-12-06T10:18:54.701+0000] {processor.py:766} INFO - DAG(s) dict_keys(['consumer']) retrieved from /opt/airflow/dags/consumer.py
[2023-12-06T10:18:54.735+0000] {logging_mixin.py:120} INFO - [2023-12-06T10:18:54.735+0000] {dag.py:2585} INFO - Sync 1 DAGs
[2023-12-06T10:18:54.755+0000] {logging_mixin.py:120} INFO - [2023-12-06T10:18:54.755+0000] {dag.py:3340} INFO - Setting next_dagrun for consumer to None, run_after=None
[2023-12-06T10:18:54.781+0000] {processor.py:176} INFO - Processing /opt/airflow/dags/consumer.py took 0.101 seconds
[2023-12-06T10:19:25.724+0000] {processor.py:154} INFO - Started process (PID=278) to work on /opt/airflow/dags/consumer.py
[2023-12-06T10:19:25.725+0000] {processor.py:756} INFO - Processing file /opt/airflow/dags/consumer.py for tasks to queue
[2023-12-06T10:19:25.726+0000] {logging_mixin.py:120} INFO - [2023-12-06T10:19:25.726+0000] {dagbag.py:537} INFO - Filling up the DagBag from /opt/airflow/dags/consumer.py
[2023-12-06T10:19:25.748+0000] {processor.py:766} INFO - DAG(s) dict_keys(['consumer']) retrieved from /opt/airflow/dags/consumer.py
[2023-12-06T10:19:25.793+0000] {logging_mixin.py:120} INFO - [2023-12-06T10:19:25.792+0000] {dag.py:2585} INFO - Sync 1 DAGs
[2023-12-06T10:19:25.826+0000] {logging_mixin.py:120} INFO - [2023-12-06T10:19:25.825+0000] {dag.py:3340} INFO - Setting next_dagrun for consumer to None, run_after=None
[2023-12-06T10:19:25.859+0000] {processor.py:176} INFO - Processing /opt/airflow/dags/consumer.py took 0.138 seconds
[2023-12-06T10:19:56.920+0000] {processor.py:154} INFO - Started process (PID=322) to work on /opt/airflow/dags/consumer.py
[2023-12-06T10:19:56.921+0000] {processor.py:756} INFO - Processing file /opt/airflow/dags/consumer.py for tasks to queue
[2023-12-06T10:19:56.922+0000] {logging_mixin.py:120} INFO - [2023-12-06T10:19:56.922+0000] {dagbag.py:537} INFO - Filling up the DagBag from /opt/airflow/dags/consumer.py
[2023-12-06T10:19:56.946+0000] {processor.py:766} INFO - DAG(s) dict_keys(['consumer']) retrieved from /opt/airflow/dags/consumer.py
[2023-12-06T10:19:57.001+0000] {logging_mixin.py:120} INFO - [2023-12-06T10:19:57.001+0000] {dag.py:2585} INFO - Sync 1 DAGs
[2023-12-06T10:19:57.048+0000] {logging_mixin.py:120} INFO - [2023-12-06T10:19:57.048+0000] {dag.py:3340} INFO - Setting next_dagrun for consumer to None, run_after=None
[2023-12-06T10:19:57.077+0000] {processor.py:176} INFO - Processing /opt/airflow/dags/consumer.py took 0.163 seconds
[2023-12-06T10:20:28.147+0000] {processor.py:154} INFO - Started process (PID=355) to work on /opt/airflow/dags/consumer.py
[2023-12-06T10:20:28.147+0000] {processor.py:756} INFO - Processing file /opt/airflow/dags/consumer.py for tasks to queue
[2023-12-06T10:20:28.148+0000] {logging_mixin.py:120} INFO - [2023-12-06T10:20:28.148+0000] {dagbag.py:537} INFO - Filling up the DagBag from /opt/airflow/dags/consumer.py
[2023-12-06T10:20:28.168+0000] {processor.py:766} INFO - DAG(s) dict_keys(['consumer']) retrieved from /opt/airflow/dags/consumer.py
[2023-12-06T10:20:28.202+0000] {logging_mixin.py:120} INFO - [2023-12-06T10:20:28.202+0000] {dag.py:2585} INFO - Sync 1 DAGs
[2023-12-06T10:20:28.221+0000] {logging_mixin.py:120} INFO - [2023-12-06T10:20:28.221+0000] {dag.py:3340} INFO - Setting next_dagrun for consumer to None, run_after=None
[2023-12-06T10:20:28.245+0000] {processor.py:176} INFO - Processing /opt/airflow/dags/consumer.py took 0.102 seconds
[2023-12-06T10:20:59.164+0000] {processor.py:154} INFO - Started process (PID=397) to work on /opt/airflow/dags/consumer.py
[2023-12-06T10:20:59.164+0000] {processor.py:756} INFO - Processing file /opt/airflow/dags/consumer.py for tasks to queue
[2023-12-06T10:20:59.165+0000] {logging_mixin.py:120} INFO - [2023-12-06T10:20:59.165+0000] {dagbag.py:537} INFO - Filling up the DagBag from /opt/airflow/dags/consumer.py
[2023-12-06T10:20:59.183+0000] {processor.py:766} INFO - DAG(s) dict_keys(['consumer']) retrieved from /opt/airflow/dags/consumer.py
[2023-12-06T10:20:59.221+0000] {logging_mixin.py:120} INFO - [2023-12-06T10:20:59.221+0000] {dag.py:2585} INFO - Sync 1 DAGs
[2023-12-06T10:20:59.242+0000] {logging_mixin.py:120} INFO - [2023-12-06T10:20:59.242+0000] {dag.py:3340} INFO - Setting next_dagrun for consumer to None, run_after=None
[2023-12-06T10:20:59.267+0000] {processor.py:176} INFO - Processing /opt/airflow/dags/consumer.py took 0.106 seconds
[2023-12-06T10:21:29.744+0000] {processor.py:154} INFO - Started process (PID=439) to work on /opt/airflow/dags/consumer.py
[2023-12-06T10:21:29.745+0000] {processor.py:756} INFO - Processing file /opt/airflow/dags/consumer.py for tasks to queue
[2023-12-06T10:21:29.745+0000] {logging_mixin.py:120} INFO - [2023-12-06T10:21:29.745+0000] {dagbag.py:537} INFO - Filling up the DagBag from /opt/airflow/dags/consumer.py
[2023-12-06T10:21:29.771+0000] {processor.py:766} INFO - DAG(s) dict_keys(['consumer']) retrieved from /opt/airflow/dags/consumer.py
[2023-12-06T10:21:29.812+0000] {logging_mixin.py:120} INFO - [2023-12-06T10:21:29.812+0000] {dag.py:2585} INFO - Sync 1 DAGs
[2023-12-06T10:21:29.832+0000] {logging_mixin.py:120} INFO - [2023-12-06T10:21:29.832+0000] {dag.py:3340} INFO - Setting next_dagrun for consumer to None, run_after=None
[2023-12-06T10:21:29.862+0000] {processor.py:176} INFO - Processing /opt/airflow/dags/consumer.py took 0.121 seconds
[2023-12-06T10:22:00.894+0000] {processor.py:154} INFO - Started process (PID=481) to work on /opt/airflow/dags/consumer.py
[2023-12-06T10:22:00.895+0000] {processor.py:756} INFO - Processing file /opt/airflow/dags/consumer.py for tasks to queue
[2023-12-06T10:22:00.895+0000] {logging_mixin.py:120} INFO - [2023-12-06T10:22:00.895+0000] {dagbag.py:537} INFO - Filling up the DagBag from /opt/airflow/dags/consumer.py
[2023-12-06T10:22:00.917+0000] {processor.py:766} INFO - DAG(s) dict_keys(['consumer']) retrieved from /opt/airflow/dags/consumer.py
[2023-12-06T10:22:00.951+0000] {logging_mixin.py:120} INFO - [2023-12-06T10:22:00.951+0000] {dag.py:2585} INFO - Sync 1 DAGs
[2023-12-06T10:22:00.975+0000] {logging_mixin.py:120} INFO - [2023-12-06T10:22:00.974+0000] {dag.py:3340} INFO - Setting next_dagrun for consumer to None, run_after=None
[2023-12-06T10:22:01.000+0000] {processor.py:176} INFO - Processing /opt/airflow/dags/consumer.py took 0.110 seconds
[2023-12-06T10:22:31.893+0000] {processor.py:154} INFO - Started process (PID=515) to work on /opt/airflow/dags/consumer.py
[2023-12-06T10:22:31.894+0000] {processor.py:756} INFO - Processing file /opt/airflow/dags/consumer.py for tasks to queue
[2023-12-06T10:22:31.895+0000] {logging_mixin.py:120} INFO - [2023-12-06T10:22:31.894+0000] {dagbag.py:537} INFO - Filling up the DagBag from /opt/airflow/dags/consumer.py
[2023-12-06T10:22:31.918+0000] {processor.py:766} INFO - DAG(s) dict_keys(['consumer']) retrieved from /opt/airflow/dags/consumer.py
[2023-12-06T10:22:31.953+0000] {logging_mixin.py:120} INFO - [2023-12-06T10:22:31.953+0000] {dag.py:2585} INFO - Sync 1 DAGs
[2023-12-06T10:22:31.978+0000] {logging_mixin.py:120} INFO - [2023-12-06T10:22:31.978+0000] {dag.py:3340} INFO - Setting next_dagrun for consumer to None, run_after=None
[2023-12-06T10:22:32.005+0000] {processor.py:176} INFO - Processing /opt/airflow/dags/consumer.py took 0.115 seconds
[2023-12-06T10:23:02.771+0000] {processor.py:154} INFO - Started process (PID=557) to work on /opt/airflow/dags/consumer.py
[2023-12-06T10:23:02.772+0000] {processor.py:756} INFO - Processing file /opt/airflow/dags/consumer.py for tasks to queue
[2023-12-06T10:23:02.773+0000] {logging_mixin.py:120} INFO - [2023-12-06T10:23:02.772+0000] {dagbag.py:537} INFO - Filling up the DagBag from /opt/airflow/dags/consumer.py
[2023-12-06T10:23:02.797+0000] {processor.py:766} INFO - DAG(s) dict_keys(['consumer']) retrieved from /opt/airflow/dags/consumer.py
[2023-12-06T10:23:02.847+0000] {logging_mixin.py:120} INFO - [2023-12-06T10:23:02.847+0000] {dag.py:2585} INFO - Sync 1 DAGs
[2023-12-06T10:23:02.881+0000] {logging_mixin.py:120} INFO - [2023-12-06T10:23:02.881+0000] {dag.py:3340} INFO - Setting next_dagrun for consumer to None, run_after=None
[2023-12-06T10:23:02.916+0000] {processor.py:176} INFO - Processing /opt/airflow/dags/consumer.py took 0.149 seconds
[2023-12-06T10:23:33.810+0000] {processor.py:154} INFO - Started process (PID=599) to work on /opt/airflow/dags/consumer.py
[2023-12-06T10:23:33.811+0000] {processor.py:756} INFO - Processing file /opt/airflow/dags/consumer.py for tasks to queue
[2023-12-06T10:23:33.811+0000] {logging_mixin.py:120} INFO - [2023-12-06T10:23:33.811+0000] {dagbag.py:537} INFO - Filling up the DagBag from /opt/airflow/dags/consumer.py
[2023-12-06T10:23:33.828+0000] {processor.py:766} INFO - DAG(s) dict_keys(['consumer']) retrieved from /opt/airflow/dags/consumer.py
[2023-12-06T10:23:33.862+0000] {logging_mixin.py:120} INFO - [2023-12-06T10:23:33.862+0000] {dag.py:2585} INFO - Sync 1 DAGs
[2023-12-06T10:23:33.883+0000] {logging_mixin.py:120} INFO - [2023-12-06T10:23:33.882+0000] {dag.py:3340} INFO - Setting next_dagrun for consumer to None, run_after=None
[2023-12-06T10:23:33.907+0000] {processor.py:176} INFO - Processing /opt/airflow/dags/consumer.py took 0.100 seconds
[2023-12-06T10:24:04.419+0000] {processor.py:154} INFO - Started process (PID=641) to work on /opt/airflow/dags/consumer.py
[2023-12-06T10:24:04.420+0000] {processor.py:756} INFO - Processing file /opt/airflow/dags/consumer.py for tasks to queue
[2023-12-06T10:24:04.421+0000] {logging_mixin.py:120} INFO - [2023-12-06T10:24:04.421+0000] {dagbag.py:537} INFO - Filling up the DagBag from /opt/airflow/dags/consumer.py
[2023-12-06T10:24:04.439+0000] {processor.py:766} INFO - DAG(s) dict_keys(['consumer']) retrieved from /opt/airflow/dags/consumer.py
[2023-12-06T10:24:04.474+0000] {logging_mixin.py:120} INFO - [2023-12-06T10:24:04.474+0000] {dag.py:2585} INFO - Sync 1 DAGs
[2023-12-06T10:24:04.495+0000] {logging_mixin.py:120} INFO - [2023-12-06T10:24:04.495+0000] {dag.py:3340} INFO - Setting next_dagrun for consumer to None, run_after=None
[2023-12-06T10:24:04.522+0000] {processor.py:176} INFO - Processing /opt/airflow/dags/consumer.py took 0.106 seconds
[2023-12-06T10:24:35.742+0000] {processor.py:154} INFO - Started process (PID=674) to work on /opt/airflow/dags/consumer.py
[2023-12-06T10:24:35.743+0000] {processor.py:756} INFO - Processing file /opt/airflow/dags/consumer.py for tasks to queue
[2023-12-06T10:24:35.743+0000] {logging_mixin.py:120} INFO - [2023-12-06T10:24:35.743+0000] {dagbag.py:537} INFO - Filling up the DagBag from /opt/airflow/dags/consumer.py
[2023-12-06T10:24:35.761+0000] {processor.py:766} INFO - DAG(s) dict_keys(['consumer']) retrieved from /opt/airflow/dags/consumer.py
[2023-12-06T10:24:35.801+0000] {logging_mixin.py:120} INFO - [2023-12-06T10:24:35.801+0000] {dag.py:2585} INFO - Sync 1 DAGs
[2023-12-06T10:24:35.823+0000] {logging_mixin.py:120} INFO - [2023-12-06T10:24:35.822+0000] {dag.py:3340} INFO - Setting next_dagrun for consumer to None, run_after=None
[2023-12-06T10:24:35.847+0000] {processor.py:176} INFO - Processing /opt/airflow/dags/consumer.py took 0.108 seconds
[2023-12-06T10:25:06.676+0000] {processor.py:154} INFO - Started process (PID=716) to work on /opt/airflow/dags/consumer.py
[2023-12-06T10:25:06.676+0000] {processor.py:756} INFO - Processing file /opt/airflow/dags/consumer.py for tasks to queue
[2023-12-06T10:25:06.677+0000] {logging_mixin.py:120} INFO - [2023-12-06T10:25:06.677+0000] {dagbag.py:537} INFO - Filling up the DagBag from /opt/airflow/dags/consumer.py
[2023-12-06T10:25:06.693+0000] {processor.py:766} INFO - DAG(s) dict_keys(['consumer']) retrieved from /opt/airflow/dags/consumer.py
[2023-12-06T10:25:06.729+0000] {logging_mixin.py:120} INFO - [2023-12-06T10:25:06.729+0000] {dag.py:2585} INFO - Sync 1 DAGs
[2023-12-06T10:25:06.754+0000] {logging_mixin.py:120} INFO - [2023-12-06T10:25:06.754+0000] {dag.py:3340} INFO - Setting next_dagrun for consumer to None, run_after=None
[2023-12-06T10:25:06.780+0000] {processor.py:176} INFO - Processing /opt/airflow/dags/consumer.py took 0.107 seconds
[2023-12-06T10:25:37.342+0000] {processor.py:154} INFO - Started process (PID=758) to work on /opt/airflow/dags/consumer.py
[2023-12-06T10:25:37.343+0000] {processor.py:756} INFO - Processing file /opt/airflow/dags/consumer.py for tasks to queue
[2023-12-06T10:25:37.343+0000] {logging_mixin.py:120} INFO - [2023-12-06T10:25:37.343+0000] {dagbag.py:537} INFO - Filling up the DagBag from /opt/airflow/dags/consumer.py
[2023-12-06T10:25:37.363+0000] {processor.py:766} INFO - DAG(s) dict_keys(['consumer']) retrieved from /opt/airflow/dags/consumer.py
[2023-12-06T10:25:37.408+0000] {logging_mixin.py:120} INFO - [2023-12-06T10:25:37.408+0000] {dag.py:2585} INFO - Sync 1 DAGs
[2023-12-06T10:25:37.431+0000] {logging_mixin.py:120} INFO - [2023-12-06T10:25:37.430+0000] {dag.py:3340} INFO - Setting next_dagrun for consumer to None, run_after=None
[2023-12-06T10:25:37.456+0000] {processor.py:176} INFO - Processing /opt/airflow/dags/consumer.py took 0.117 seconds
[2023-12-06T10:26:07.924+0000] {processor.py:154} INFO - Started process (PID=800) to work on /opt/airflow/dags/consumer.py
[2023-12-06T10:26:07.925+0000] {processor.py:756} INFO - Processing file /opt/airflow/dags/consumer.py for tasks to queue
[2023-12-06T10:26:07.926+0000] {logging_mixin.py:120} INFO - [2023-12-06T10:26:07.925+0000] {dagbag.py:537} INFO - Filling up the DagBag from /opt/airflow/dags/consumer.py
[2023-12-06T10:26:07.945+0000] {processor.py:766} INFO - DAG(s) dict_keys(['consumer']) retrieved from /opt/airflow/dags/consumer.py
[2023-12-06T10:26:07.992+0000] {logging_mixin.py:120} INFO - [2023-12-06T10:26:07.991+0000] {dag.py:2585} INFO - Sync 1 DAGs
[2023-12-06T10:26:08.014+0000] {logging_mixin.py:120} INFO - [2023-12-06T10:26:08.014+0000] {dag.py:3340} INFO - Setting next_dagrun for consumer to None, run_after=None
[2023-12-06T10:26:08.041+0000] {processor.py:176} INFO - Processing /opt/airflow/dags/consumer.py took 0.119 seconds
[2023-12-06T10:26:38.525+0000] {processor.py:154} INFO - Started process (PID=834) to work on /opt/airflow/dags/consumer.py
[2023-12-06T10:26:38.526+0000] {processor.py:756} INFO - Processing file /opt/airflow/dags/consumer.py for tasks to queue
[2023-12-06T10:26:38.527+0000] {logging_mixin.py:120} INFO - [2023-12-06T10:26:38.526+0000] {dagbag.py:537} INFO - Filling up the DagBag from /opt/airflow/dags/consumer.py
[2023-12-06T10:26:38.552+0000] {processor.py:766} INFO - DAG(s) dict_keys(['consumer']) retrieved from /opt/airflow/dags/consumer.py
[2023-12-06T10:26:38.609+0000] {logging_mixin.py:120} INFO - [2023-12-06T10:26:38.609+0000] {dag.py:2585} INFO - Sync 1 DAGs
[2023-12-06T10:26:38.642+0000] {logging_mixin.py:120} INFO - [2023-12-06T10:26:38.641+0000] {dag.py:3340} INFO - Setting next_dagrun for consumer to None, run_after=None
[2023-12-06T10:26:38.673+0000] {processor.py:176} INFO - Processing /opt/airflow/dags/consumer.py took 0.152 seconds
[2023-12-06T10:27:09.472+0000] {processor.py:154} INFO - Started process (PID=876) to work on /opt/airflow/dags/consumer.py
[2023-12-06T10:27:09.473+0000] {processor.py:756} INFO - Processing file /opt/airflow/dags/consumer.py for tasks to queue
[2023-12-06T10:27:09.473+0000] {logging_mixin.py:120} INFO - [2023-12-06T10:27:09.473+0000] {dagbag.py:537} INFO - Filling up the DagBag from /opt/airflow/dags/consumer.py
[2023-12-06T10:27:09.490+0000] {processor.py:766} INFO - DAG(s) dict_keys(['consumer']) retrieved from /opt/airflow/dags/consumer.py
[2023-12-06T10:27:09.526+0000] {logging_mixin.py:120} INFO - [2023-12-06T10:27:09.525+0000] {dag.py:2585} INFO - Sync 1 DAGs
[2023-12-06T10:27:09.547+0000] {logging_mixin.py:120} INFO - [2023-12-06T10:27:09.547+0000] {dag.py:3340} INFO - Setting next_dagrun for consumer to None, run_after=None
[2023-12-06T10:27:09.572+0000] {processor.py:176} INFO - Processing /opt/airflow/dags/consumer.py took 0.103 seconds
[2023-12-06T10:27:39.985+0000] {processor.py:154} INFO - Started process (PID=920) to work on /opt/airflow/dags/consumer.py
[2023-12-06T10:27:39.986+0000] {processor.py:756} INFO - Processing file /opt/airflow/dags/consumer.py for tasks to queue
[2023-12-06T10:27:39.987+0000] {logging_mixin.py:120} INFO - [2023-12-06T10:27:39.986+0000] {dagbag.py:537} INFO - Filling up the DagBag from /opt/airflow/dags/consumer.py
[2023-12-06T10:27:40.002+0000] {processor.py:766} INFO - DAG(s) dict_keys(['consumer']) retrieved from /opt/airflow/dags/consumer.py
[2023-12-06T10:27:40.042+0000] {logging_mixin.py:120} INFO - [2023-12-06T10:27:40.041+0000] {dag.py:2585} INFO - Sync 1 DAGs
[2023-12-06T10:27:40.073+0000] {logging_mixin.py:120} INFO - [2023-12-06T10:27:40.073+0000] {dag.py:3340} INFO - Setting next_dagrun for consumer to None, run_after=None
[2023-12-06T10:27:40.106+0000] {processor.py:176} INFO - Processing /opt/airflow/dags/consumer.py took 0.124 seconds
[2023-12-06T10:28:11.367+0000] {processor.py:154} INFO - Started process (PID=963) to work on /opt/airflow/dags/consumer.py
[2023-12-06T10:28:11.367+0000] {processor.py:756} INFO - Processing file /opt/airflow/dags/consumer.py for tasks to queue
[2023-12-06T10:28:11.368+0000] {logging_mixin.py:120} INFO - [2023-12-06T10:28:11.368+0000] {dagbag.py:537} INFO - Filling up the DagBag from /opt/airflow/dags/consumer.py
[2023-12-06T10:28:11.391+0000] {processor.py:766} INFO - DAG(s) dict_keys(['consumer']) retrieved from /opt/airflow/dags/consumer.py
[2023-12-06T10:28:11.425+0000] {logging_mixin.py:120} INFO - [2023-12-06T10:28:11.425+0000] {dag.py:2585} INFO - Sync 1 DAGs
[2023-12-06T10:28:11.449+0000] {logging_mixin.py:120} INFO - [2023-12-06T10:28:11.449+0000] {dag.py:3340} INFO - Setting next_dagrun for consumer to None, run_after=None
[2023-12-06T10:28:11.481+0000] {processor.py:176} INFO - Processing /opt/airflow/dags/consumer.py took 0.118 seconds
[2023-12-06T10:28:42.405+0000] {processor.py:154} INFO - Started process (PID=996) to work on /opt/airflow/dags/consumer.py
[2023-12-06T10:28:42.405+0000] {processor.py:756} INFO - Processing file /opt/airflow/dags/consumer.py for tasks to queue
[2023-12-06T10:28:42.406+0000] {logging_mixin.py:120} INFO - [2023-12-06T10:28:42.406+0000] {dagbag.py:537} INFO - Filling up the DagBag from /opt/airflow/dags/consumer.py
[2023-12-06T10:28:42.430+0000] {processor.py:766} INFO - DAG(s) dict_keys(['consumer']) retrieved from /opt/airflow/dags/consumer.py
[2023-12-06T10:28:42.482+0000] {logging_mixin.py:120} INFO - [2023-12-06T10:28:42.481+0000] {dag.py:2585} INFO - Sync 1 DAGs
[2023-12-06T10:28:42.513+0000] {logging_mixin.py:120} INFO - [2023-12-06T10:28:42.512+0000] {dag.py:3340} INFO - Setting next_dagrun for consumer to None, run_after=None
[2023-12-06T10:28:42.539+0000] {processor.py:176} INFO - Processing /opt/airflow/dags/consumer.py took 0.138 seconds
[2023-12-06T10:29:13.336+0000] {processor.py:154} INFO - Started process (PID=1038) to work on /opt/airflow/dags/consumer.py
[2023-12-06T10:29:13.337+0000] {processor.py:756} INFO - Processing file /opt/airflow/dags/consumer.py for tasks to queue
[2023-12-06T10:29:13.337+0000] {logging_mixin.py:120} INFO - [2023-12-06T10:29:13.337+0000] {dagbag.py:537} INFO - Filling up the DagBag from /opt/airflow/dags/consumer.py
[2023-12-06T10:29:13.355+0000] {processor.py:766} INFO - DAG(s) dict_keys(['consumer']) retrieved from /opt/airflow/dags/consumer.py
[2023-12-06T10:29:13.389+0000] {logging_mixin.py:120} INFO - [2023-12-06T10:29:13.389+0000] {dag.py:2585} INFO - Sync 1 DAGs
[2023-12-06T10:29:13.410+0000] {logging_mixin.py:120} INFO - [2023-12-06T10:29:13.410+0000] {dag.py:3340} INFO - Setting next_dagrun for consumer to None, run_after=None
[2023-12-06T10:29:13.433+0000] {processor.py:176} INFO - Processing /opt/airflow/dags/consumer.py took 0.099 seconds
[2023-12-06T20:11:07.548+0000] {processor.py:154} INFO - Started process (PID=61) to work on /opt/airflow/dags/consumer.py
[2023-12-06T20:11:07.561+0000] {processor.py:756} INFO - Processing file /opt/airflow/dags/consumer.py for tasks to queue
[2023-12-06T20:11:07.563+0000] {logging_mixin.py:120} INFO - [2023-12-06T20:11:07.562+0000] {dagbag.py:537} INFO - Filling up the DagBag from /opt/airflow/dags/consumer.py
[2023-12-06T20:11:07.618+0000] {processor.py:766} INFO - DAG(s) dict_keys(['consumer']) retrieved from /opt/airflow/dags/consumer.py
[2023-12-06T20:11:07.933+0000] {logging_mixin.py:120} INFO - [2023-12-06T20:11:07.933+0000] {dag.py:2585} INFO - Sync 1 DAGs
[2023-12-06T20:11:08.067+0000] {logging_mixin.py:120} INFO - [2023-12-06T20:11:08.067+0000] {dag.py:3340} INFO - Setting next_dagrun for consumer to None, run_after=None
[2023-12-06T20:11:08.173+0000] {processor.py:176} INFO - Processing /opt/airflow/dags/consumer.py took 0.643 seconds
[2023-12-06T20:11:38.949+0000] {processor.py:154} INFO - Started process (PID=94) to work on /opt/airflow/dags/consumer.py
[2023-12-06T20:11:38.959+0000] {processor.py:756} INFO - Processing file /opt/airflow/dags/consumer.py for tasks to queue
[2023-12-06T20:11:38.962+0000] {logging_mixin.py:120} INFO - [2023-12-06T20:11:38.962+0000] {dagbag.py:537} INFO - Filling up the DagBag from /opt/airflow/dags/consumer.py
[2023-12-06T20:11:39.096+0000] {processor.py:766} INFO - DAG(s) dict_keys(['consumer']) retrieved from /opt/airflow/dags/consumer.py
[2023-12-06T20:11:39.392+0000] {logging_mixin.py:120} INFO - [2023-12-06T20:11:39.383+0000] {dag.py:2585} INFO - Sync 1 DAGs
[2023-12-06T20:11:39.604+0000] {logging_mixin.py:120} INFO - [2023-12-06T20:11:39.603+0000] {dag.py:3340} INFO - Setting next_dagrun for consumer to None, run_after=None
[2023-12-06T20:11:39.731+0000] {processor.py:176} INFO - Processing /opt/airflow/dags/consumer.py took 0.813 seconds
[2023-12-06T20:12:10.314+0000] {processor.py:154} INFO - Started process (PID=126) to work on /opt/airflow/dags/consumer.py
[2023-12-06T20:12:10.316+0000] {processor.py:756} INFO - Processing file /opt/airflow/dags/consumer.py for tasks to queue
[2023-12-06T20:12:10.316+0000] {logging_mixin.py:120} INFO - [2023-12-06T20:12:10.316+0000] {dagbag.py:537} INFO - Filling up the DagBag from /opt/airflow/dags/consumer.py
[2023-12-06T20:12:10.361+0000] {processor.py:766} INFO - DAG(s) dict_keys(['consumer']) retrieved from /opt/airflow/dags/consumer.py
[2023-12-06T20:12:10.528+0000] {logging_mixin.py:120} INFO - [2023-12-06T20:12:10.528+0000] {dag.py:2585} INFO - Sync 1 DAGs
[2023-12-06T20:12:10.656+0000] {logging_mixin.py:120} INFO - [2023-12-06T20:12:10.656+0000] {dag.py:3340} INFO - Setting next_dagrun for consumer to None, run_after=None
[2023-12-06T20:12:10.719+0000] {processor.py:176} INFO - Processing /opt/airflow/dags/consumer.py took 0.408 seconds
[2023-12-06T20:12:41.680+0000] {processor.py:154} INFO - Started process (PID=167) to work on /opt/airflow/dags/consumer.py
[2023-12-06T20:12:41.689+0000] {processor.py:756} INFO - Processing file /opt/airflow/dags/consumer.py for tasks to queue
[2023-12-06T20:12:41.690+0000] {logging_mixin.py:120} INFO - [2023-12-06T20:12:41.690+0000] {dagbag.py:537} INFO - Filling up the DagBag from /opt/airflow/dags/consumer.py
[2023-12-06T20:12:41.779+0000] {processor.py:766} INFO - DAG(s) dict_keys(['consumer']) retrieved from /opt/airflow/dags/consumer.py
[2023-12-06T20:12:41.988+0000] {logging_mixin.py:120} INFO - [2023-12-06T20:12:41.988+0000] {dag.py:2585} INFO - Sync 1 DAGs
[2023-12-06T20:12:42.097+0000] {logging_mixin.py:120} INFO - [2023-12-06T20:12:42.097+0000] {dag.py:3340} INFO - Setting next_dagrun for consumer to None, run_after=None
[2023-12-06T20:12:42.167+0000] {processor.py:176} INFO - Processing /opt/airflow/dags/consumer.py took 0.498 seconds
[2023-12-06T20:13:12.390+0000] {processor.py:154} INFO - Started process (PID=203) to work on /opt/airflow/dags/consumer.py
[2023-12-06T20:13:12.394+0000] {processor.py:756} INFO - Processing file /opt/airflow/dags/consumer.py for tasks to queue
[2023-12-06T20:13:12.397+0000] {logging_mixin.py:120} INFO - [2023-12-06T20:13:12.397+0000] {dagbag.py:537} INFO - Filling up the DagBag from /opt/airflow/dags/consumer.py
[2023-12-06T20:13:12.440+0000] {processor.py:766} INFO - DAG(s) dict_keys(['consumer']) retrieved from /opt/airflow/dags/consumer.py
[2023-12-06T20:13:12.568+0000] {logging_mixin.py:120} INFO - [2023-12-06T20:13:12.567+0000] {dag.py:2585} INFO - Sync 1 DAGs
[2023-12-06T20:13:12.653+0000] {logging_mixin.py:120} INFO - [2023-12-06T20:13:12.652+0000] {dag.py:3340} INFO - Setting next_dagrun for consumer to None, run_after=None
[2023-12-06T20:13:12.789+0000] {processor.py:176} INFO - Processing /opt/airflow/dags/consumer.py took 0.407 seconds
[2023-12-06T20:13:43.081+0000] {processor.py:154} INFO - Started process (PID=235) to work on /opt/airflow/dags/consumer.py
[2023-12-06T20:13:43.083+0000] {processor.py:756} INFO - Processing file /opt/airflow/dags/consumer.py for tasks to queue
[2023-12-06T20:13:43.084+0000] {logging_mixin.py:120} INFO - [2023-12-06T20:13:43.084+0000] {dagbag.py:537} INFO - Filling up the DagBag from /opt/airflow/dags/consumer.py
[2023-12-06T20:13:43.129+0000] {processor.py:766} INFO - DAG(s) dict_keys(['consumer']) retrieved from /opt/airflow/dags/consumer.py
[2023-12-06T20:13:43.277+0000] {logging_mixin.py:120} INFO - [2023-12-06T20:13:43.277+0000] {dag.py:2585} INFO - Sync 1 DAGs
[2023-12-06T20:13:43.364+0000] {logging_mixin.py:120} INFO - [2023-12-06T20:13:43.364+0000] {dag.py:3340} INFO - Setting next_dagrun for consumer to None, run_after=None
[2023-12-06T20:13:43.417+0000] {processor.py:176} INFO - Processing /opt/airflow/dags/consumer.py took 0.350 seconds
[2023-12-06T20:14:14.185+0000] {processor.py:154} INFO - Started process (PID=267) to work on /opt/airflow/dags/consumer.py
[2023-12-06T20:14:14.188+0000] {processor.py:756} INFO - Processing file /opt/airflow/dags/consumer.py for tasks to queue
[2023-12-06T20:14:14.189+0000] {logging_mixin.py:120} INFO - [2023-12-06T20:14:14.189+0000] {dagbag.py:537} INFO - Filling up the DagBag from /opt/airflow/dags/consumer.py
[2023-12-06T20:14:14.212+0000] {processor.py:766} INFO - DAG(s) dict_keys(['consumer']) retrieved from /opt/airflow/dags/consumer.py
[2023-12-06T20:14:14.272+0000] {logging_mixin.py:120} INFO - [2023-12-06T20:14:14.272+0000] {dag.py:2585} INFO - Sync 1 DAGs
[2023-12-06T20:14:14.306+0000] {logging_mixin.py:120} INFO - [2023-12-06T20:14:14.306+0000] {dag.py:3340} INFO - Setting next_dagrun for consumer to None, run_after=None
[2023-12-06T20:14:14.341+0000] {processor.py:176} INFO - Processing /opt/airflow/dags/consumer.py took 0.161 seconds
[2023-12-06T20:14:44.732+0000] {processor.py:154} INFO - Started process (PID=310) to work on /opt/airflow/dags/consumer.py
[2023-12-06T20:14:44.733+0000] {processor.py:756} INFO - Processing file /opt/airflow/dags/consumer.py for tasks to queue
[2023-12-06T20:14:44.734+0000] {logging_mixin.py:120} INFO - [2023-12-06T20:14:44.733+0000] {dagbag.py:537} INFO - Filling up the DagBag from /opt/airflow/dags/consumer.py
[2023-12-06T20:14:44.756+0000] {processor.py:766} INFO - DAG(s) dict_keys(['consumer']) retrieved from /opt/airflow/dags/consumer.py
[2023-12-06T20:14:44.808+0000] {logging_mixin.py:120} INFO - [2023-12-06T20:14:44.808+0000] {dag.py:2585} INFO - Sync 1 DAGs
[2023-12-06T20:14:44.841+0000] {logging_mixin.py:120} INFO - [2023-12-06T20:14:44.841+0000] {dag.py:3340} INFO - Setting next_dagrun for consumer to None, run_after=None
[2023-12-06T20:14:44.886+0000] {processor.py:176} INFO - Processing /opt/airflow/dags/consumer.py took 0.157 seconds
[2023-12-06T20:15:15.440+0000] {processor.py:154} INFO - Started process (PID=342) to work on /opt/airflow/dags/consumer.py
[2023-12-06T20:15:15.441+0000] {processor.py:756} INFO - Processing file /opt/airflow/dags/consumer.py for tasks to queue
[2023-12-06T20:15:15.441+0000] {logging_mixin.py:120} INFO - [2023-12-06T20:15:15.441+0000] {dagbag.py:537} INFO - Filling up the DagBag from /opt/airflow/dags/consumer.py
[2023-12-06T20:15:15.483+0000] {processor.py:766} INFO - DAG(s) dict_keys(['consumer']) retrieved from /opt/airflow/dags/consumer.py
[2023-12-06T20:15:15.548+0000] {logging_mixin.py:120} INFO - [2023-12-06T20:15:15.548+0000] {dag.py:2585} INFO - Sync 1 DAGs
[2023-12-06T20:15:15.581+0000] {logging_mixin.py:120} INFO - [2023-12-06T20:15:15.581+0000] {dag.py:3340} INFO - Setting next_dagrun for consumer to None, run_after=None
[2023-12-06T20:15:15.617+0000] {processor.py:176} INFO - Processing /opt/airflow/dags/consumer.py took 0.195 seconds
[2023-12-06T20:15:46.018+0000] {processor.py:154} INFO - Started process (PID=383) to work on /opt/airflow/dags/consumer.py
[2023-12-06T20:15:46.019+0000] {processor.py:756} INFO - Processing file /opt/airflow/dags/consumer.py for tasks to queue
[2023-12-06T20:15:46.019+0000] {logging_mixin.py:120} INFO - [2023-12-06T20:15:46.019+0000] {dagbag.py:537} INFO - Filling up the DagBag from /opt/airflow/dags/consumer.py
[2023-12-06T20:15:46.042+0000] {processor.py:766} INFO - DAG(s) dict_keys(['consumer']) retrieved from /opt/airflow/dags/consumer.py
[2023-12-06T20:15:46.110+0000] {logging_mixin.py:120} INFO - [2023-12-06T20:15:46.109+0000] {dag.py:2585} INFO - Sync 1 DAGs
[2023-12-06T20:15:46.155+0000] {logging_mixin.py:120} INFO - [2023-12-06T20:15:46.155+0000] {dag.py:3340} INFO - Setting next_dagrun for consumer to None, run_after=None
[2023-12-06T20:15:46.193+0000] {processor.py:176} INFO - Processing /opt/airflow/dags/consumer.py took 0.178 seconds
[2023-12-06T20:16:16.377+0000] {processor.py:154} INFO - Started process (PID=422) to work on /opt/airflow/dags/consumer.py
[2023-12-06T20:16:16.378+0000] {processor.py:756} INFO - Processing file /opt/airflow/dags/consumer.py for tasks to queue
[2023-12-06T20:16:16.380+0000] {logging_mixin.py:120} INFO - [2023-12-06T20:16:16.380+0000] {dagbag.py:537} INFO - Filling up the DagBag from /opt/airflow/dags/consumer.py
[2023-12-06T20:16:16.405+0000] {processor.py:766} INFO - DAG(s) dict_keys(['consumer']) retrieved from /opt/airflow/dags/consumer.py
[2023-12-06T20:16:16.451+0000] {logging_mixin.py:120} INFO - [2023-12-06T20:16:16.451+0000] {dag.py:2585} INFO - Sync 1 DAGs
[2023-12-06T20:16:16.483+0000] {logging_mixin.py:120} INFO - [2023-12-06T20:16:16.483+0000] {dag.py:3340} INFO - Setting next_dagrun for consumer to None, run_after=None
[2023-12-06T20:16:16.515+0000] {processor.py:176} INFO - Processing /opt/airflow/dags/consumer.py took 0.143 seconds
[2023-12-06T20:16:47.011+0000] {processor.py:154} INFO - Started process (PID=457) to work on /opt/airflow/dags/consumer.py
[2023-12-06T20:16:47.014+0000] {processor.py:756} INFO - Processing file /opt/airflow/dags/consumer.py for tasks to queue
[2023-12-06T20:16:47.024+0000] {logging_mixin.py:120} INFO - [2023-12-06T20:16:47.023+0000] {dagbag.py:537} INFO - Filling up the DagBag from /opt/airflow/dags/consumer.py
[2023-12-06T20:16:47.053+0000] {processor.py:766} INFO - DAG(s) dict_keys(['consumer']) retrieved from /opt/airflow/dags/consumer.py
[2023-12-06T20:16:47.103+0000] {logging_mixin.py:120} INFO - [2023-12-06T20:16:47.103+0000] {dag.py:2585} INFO - Sync 1 DAGs
[2023-12-06T20:16:47.137+0000] {logging_mixin.py:120} INFO - [2023-12-06T20:16:47.136+0000] {dag.py:3340} INFO - Setting next_dagrun for consumer to None, run_after=None
[2023-12-06T20:16:47.173+0000] {processor.py:176} INFO - Processing /opt/airflow/dags/consumer.py took 0.173 seconds
[2023-12-06T20:17:17.506+0000] {processor.py:154} INFO - Started process (PID=499) to work on /opt/airflow/dags/consumer.py
[2023-12-06T20:17:17.506+0000] {processor.py:756} INFO - Processing file /opt/airflow/dags/consumer.py for tasks to queue
[2023-12-06T20:17:17.507+0000] {logging_mixin.py:120} INFO - [2023-12-06T20:17:17.507+0000] {dagbag.py:537} INFO - Filling up the DagBag from /opt/airflow/dags/consumer.py
[2023-12-06T20:17:17.530+0000] {processor.py:766} INFO - DAG(s) dict_keys(['consumer']) retrieved from /opt/airflow/dags/consumer.py
[2023-12-06T20:17:17.578+0000] {logging_mixin.py:120} INFO - [2023-12-06T20:17:17.578+0000] {dag.py:2585} INFO - Sync 1 DAGs
[2023-12-06T20:17:17.611+0000] {logging_mixin.py:120} INFO - [2023-12-06T20:17:17.611+0000] {dag.py:3340} INFO - Setting next_dagrun for consumer to None, run_after=None
[2023-12-06T20:17:17.653+0000] {processor.py:176} INFO - Processing /opt/airflow/dags/consumer.py took 0.150 seconds
[2023-12-06T20:17:48.493+0000] {processor.py:154} INFO - Started process (PID=543) to work on /opt/airflow/dags/consumer.py
[2023-12-06T20:17:48.501+0000] {processor.py:756} INFO - Processing file /opt/airflow/dags/consumer.py for tasks to queue
[2023-12-06T20:17:48.502+0000] {logging_mixin.py:120} INFO - [2023-12-06T20:17:48.502+0000] {dagbag.py:537} INFO - Filling up the DagBag from /opt/airflow/dags/consumer.py
[2023-12-06T20:17:48.542+0000] {processor.py:766} INFO - DAG(s) dict_keys(['consumer']) retrieved from /opt/airflow/dags/consumer.py
[2023-12-06T20:17:48.643+0000] {logging_mixin.py:120} INFO - [2023-12-06T20:17:48.642+0000] {dag.py:2585} INFO - Sync 1 DAGs
[2023-12-06T20:17:48.712+0000] {logging_mixin.py:120} INFO - [2023-12-06T20:17:48.712+0000] {dag.py:3340} INFO - Setting next_dagrun for consumer to None, run_after=None
[2023-12-06T20:17:48.756+0000] {processor.py:176} INFO - Processing /opt/airflow/dags/consumer.py took 0.266 seconds
[2023-12-06T20:18:19.176+0000] {processor.py:154} INFO - Started process (PID=576) to work on /opt/airflow/dags/consumer.py
[2023-12-06T20:18:19.186+0000] {processor.py:756} INFO - Processing file /opt/airflow/dags/consumer.py for tasks to queue
[2023-12-06T20:18:19.187+0000] {logging_mixin.py:120} INFO - [2023-12-06T20:18:19.187+0000] {dagbag.py:537} INFO - Filling up the DagBag from /opt/airflow/dags/consumer.py
[2023-12-06T20:18:19.216+0000] {processor.py:766} INFO - DAG(s) dict_keys(['consumer']) retrieved from /opt/airflow/dags/consumer.py
[2023-12-06T20:18:19.274+0000] {logging_mixin.py:120} INFO - [2023-12-06T20:18:19.274+0000] {dag.py:2585} INFO - Sync 1 DAGs
[2023-12-06T20:18:19.307+0000] {logging_mixin.py:120} INFO - [2023-12-06T20:18:19.307+0000] {dag.py:3340} INFO - Setting next_dagrun for consumer to None, run_after=None
[2023-12-06T20:18:19.346+0000] {processor.py:176} INFO - Processing /opt/airflow/dags/consumer.py took 0.173 seconds
[2023-12-06T20:18:50.304+0000] {processor.py:154} INFO - Started process (PID=618) to work on /opt/airflow/dags/consumer.py
[2023-12-06T20:18:50.304+0000] {processor.py:756} INFO - Processing file /opt/airflow/dags/consumer.py for tasks to queue
[2023-12-06T20:18:50.305+0000] {logging_mixin.py:120} INFO - [2023-12-06T20:18:50.305+0000] {dagbag.py:537} INFO - Filling up the DagBag from /opt/airflow/dags/consumer.py
[2023-12-06T20:18:50.327+0000] {processor.py:766} INFO - DAG(s) dict_keys(['consumer']) retrieved from /opt/airflow/dags/consumer.py
[2023-12-06T20:18:50.376+0000] {logging_mixin.py:120} INFO - [2023-12-06T20:18:50.376+0000] {dag.py:2585} INFO - Sync 1 DAGs
[2023-12-06T20:18:50.432+0000] {logging_mixin.py:120} INFO - [2023-12-06T20:18:50.432+0000] {dag.py:3340} INFO - Setting next_dagrun for consumer to None, run_after=None
[2023-12-06T20:18:50.465+0000] {processor.py:176} INFO - Processing /opt/airflow/dags/consumer.py took 0.165 seconds
[2023-12-06T20:19:21.382+0000] {processor.py:154} INFO - Started process (PID=661) to work on /opt/airflow/dags/consumer.py
[2023-12-06T20:19:21.384+0000] {processor.py:756} INFO - Processing file /opt/airflow/dags/consumer.py for tasks to queue
[2023-12-06T20:19:21.391+0000] {logging_mixin.py:120} INFO - [2023-12-06T20:19:21.389+0000] {dagbag.py:537} INFO - Filling up the DagBag from /opt/airflow/dags/consumer.py
[2023-12-06T20:19:21.452+0000] {processor.py:766} INFO - DAG(s) dict_keys(['consumer']) retrieved from /opt/airflow/dags/consumer.py
[2023-12-06T20:19:21.519+0000] {logging_mixin.py:120} INFO - [2023-12-06T20:19:21.519+0000] {dag.py:2585} INFO - Sync 1 DAGs
[2023-12-06T20:19:21.552+0000] {logging_mixin.py:120} INFO - [2023-12-06T20:19:21.552+0000] {dag.py:3340} INFO - Setting next_dagrun for consumer to None, run_after=None
[2023-12-06T20:19:21.585+0000] {processor.py:176} INFO - Processing /opt/airflow/dags/consumer.py took 0.206 seconds
[2023-12-06T20:19:52.176+0000] {processor.py:154} INFO - Started process (PID=704) to work on /opt/airflow/dags/consumer.py
[2023-12-06T20:19:52.187+0000] {processor.py:756} INFO - Processing file /opt/airflow/dags/consumer.py for tasks to queue
[2023-12-06T20:19:52.188+0000] {logging_mixin.py:120} INFO - [2023-12-06T20:19:52.188+0000] {dagbag.py:537} INFO - Filling up the DagBag from /opt/airflow/dags/consumer.py
[2023-12-06T20:19:52.231+0000] {processor.py:766} INFO - DAG(s) dict_keys(['consumer']) retrieved from /opt/airflow/dags/consumer.py
[2023-12-06T20:19:52.282+0000] {logging_mixin.py:120} INFO - [2023-12-06T20:19:52.282+0000] {dag.py:2585} INFO - Sync 1 DAGs
[2023-12-06T20:19:52.317+0000] {logging_mixin.py:120} INFO - [2023-12-06T20:19:52.317+0000] {dag.py:3340} INFO - Setting next_dagrun for consumer to None, run_after=None
[2023-12-06T20:19:52.355+0000] {processor.py:176} INFO - Processing /opt/airflow/dags/consumer.py took 0.182 seconds
[2023-12-06T20:20:22.852+0000] {processor.py:154} INFO - Started process (PID=739) to work on /opt/airflow/dags/consumer.py
[2023-12-06T20:20:22.853+0000] {processor.py:756} INFO - Processing file /opt/airflow/dags/consumer.py for tasks to queue
[2023-12-06T20:20:22.854+0000] {logging_mixin.py:120} INFO - [2023-12-06T20:20:22.854+0000] {dagbag.py:537} INFO - Filling up the DagBag from /opt/airflow/dags/consumer.py
[2023-12-06T20:20:22.882+0000] {processor.py:766} INFO - DAG(s) dict_keys(['consumer']) retrieved from /opt/airflow/dags/consumer.py
[2023-12-06T20:20:22.943+0000] {logging_mixin.py:120} INFO - [2023-12-06T20:20:22.943+0000] {dag.py:2585} INFO - Sync 1 DAGs
[2023-12-06T20:20:22.987+0000] {logging_mixin.py:120} INFO - [2023-12-06T20:20:22.987+0000] {dag.py:3340} INFO - Setting next_dagrun for consumer to None, run_after=None
[2023-12-06T20:20:23.039+0000] {processor.py:176} INFO - Processing /opt/airflow/dags/consumer.py took 0.190 seconds
[2023-12-06T20:20:53.226+0000] {processor.py:154} INFO - Started process (PID=781) to work on /opt/airflow/dags/consumer.py
[2023-12-06T20:20:53.227+0000] {processor.py:756} INFO - Processing file /opt/airflow/dags/consumer.py for tasks to queue
[2023-12-06T20:20:53.227+0000] {logging_mixin.py:120} INFO - [2023-12-06T20:20:53.227+0000] {dagbag.py:537} INFO - Filling up the DagBag from /opt/airflow/dags/consumer.py
[2023-12-06T20:20:53.244+0000] {processor.py:766} INFO - DAG(s) dict_keys(['consumer']) retrieved from /opt/airflow/dags/consumer.py
[2023-12-06T20:20:53.278+0000] {logging_mixin.py:120} INFO - [2023-12-06T20:20:53.278+0000] {dag.py:2585} INFO - Sync 1 DAGs
[2023-12-06T20:20:53.297+0000] {logging_mixin.py:120} INFO - [2023-12-06T20:20:53.297+0000] {dag.py:3340} INFO - Setting next_dagrun for consumer to None, run_after=None
[2023-12-06T20:20:53.324+0000] {processor.py:176} INFO - Processing /opt/airflow/dags/consumer.py took 0.100 seconds
[2023-12-06T20:21:23.995+0000] {processor.py:154} INFO - Started process (PID=822) to work on /opt/airflow/dags/consumer.py
[2023-12-06T20:21:23.996+0000] {processor.py:756} INFO - Processing file /opt/airflow/dags/consumer.py for tasks to queue
[2023-12-06T20:21:23.996+0000] {logging_mixin.py:120} INFO - [2023-12-06T20:21:23.996+0000] {dagbag.py:537} INFO - Filling up the DagBag from /opt/airflow/dags/consumer.py
[2023-12-06T20:21:24.013+0000] {processor.py:766} INFO - DAG(s) dict_keys(['consumer']) retrieved from /opt/airflow/dags/consumer.py
[2023-12-06T20:21:24.047+0000] {logging_mixin.py:120} INFO - [2023-12-06T20:21:24.047+0000] {dag.py:2585} INFO - Sync 1 DAGs
[2023-12-06T20:21:24.068+0000] {logging_mixin.py:120} INFO - [2023-12-06T20:21:24.068+0000] {dag.py:3340} INFO - Setting next_dagrun for consumer to None, run_after=None
[2023-12-06T20:21:24.094+0000] {processor.py:176} INFO - Processing /opt/airflow/dags/consumer.py took 0.101 seconds
[2023-12-06T20:21:54.131+0000] {processor.py:154} INFO - Started process (PID=855) to work on /opt/airflow/dags/consumer.py
[2023-12-06T20:21:54.132+0000] {processor.py:756} INFO - Processing file /opt/airflow/dags/consumer.py for tasks to queue
[2023-12-06T20:21:54.133+0000] {logging_mixin.py:120} INFO - [2023-12-06T20:21:54.132+0000] {dagbag.py:537} INFO - Filling up the DagBag from /opt/airflow/dags/consumer.py
[2023-12-06T20:21:54.160+0000] {processor.py:766} INFO - DAG(s) dict_keys(['consumer']) retrieved from /opt/airflow/dags/consumer.py
[2023-12-06T20:21:54.211+0000] {logging_mixin.py:120} INFO - [2023-12-06T20:21:54.211+0000] {dag.py:2585} INFO - Sync 1 DAGs
[2023-12-06T20:21:54.246+0000] {logging_mixin.py:120} INFO - [2023-12-06T20:21:54.245+0000] {dag.py:3340} INFO - Setting next_dagrun for consumer to None, run_after=None
[2023-12-06T20:21:54.279+0000] {processor.py:176} INFO - Processing /opt/airflow/dags/consumer.py took 0.152 seconds
[2023-12-06T20:22:24.821+0000] {processor.py:154} INFO - Started process (PID=897) to work on /opt/airflow/dags/consumer.py
[2023-12-06T20:22:24.822+0000] {processor.py:756} INFO - Processing file /opt/airflow/dags/consumer.py for tasks to queue
[2023-12-06T20:22:24.823+0000] {logging_mixin.py:120} INFO - [2023-12-06T20:22:24.823+0000] {dagbag.py:537} INFO - Filling up the DagBag from /opt/airflow/dags/consumer.py
[2023-12-06T20:22:24.840+0000] {processor.py:766} INFO - DAG(s) dict_keys(['consumer']) retrieved from /opt/airflow/dags/consumer.py
[2023-12-06T20:22:24.873+0000] {logging_mixin.py:120} INFO - [2023-12-06T20:22:24.873+0000] {dag.py:2585} INFO - Sync 1 DAGs
[2023-12-06T20:22:24.894+0000] {logging_mixin.py:120} INFO - [2023-12-06T20:22:24.894+0000] {dag.py:3340} INFO - Setting next_dagrun for consumer to None, run_after=None
[2023-12-06T20:22:24.919+0000] {processor.py:176} INFO - Processing /opt/airflow/dags/consumer.py took 0.100 seconds
[2023-12-06T20:22:55.250+0000] {processor.py:154} INFO - Started process (PID=939) to work on /opt/airflow/dags/consumer.py
[2023-12-06T20:22:55.251+0000] {processor.py:756} INFO - Processing file /opt/airflow/dags/consumer.py for tasks to queue
[2023-12-06T20:22:55.252+0000] {logging_mixin.py:120} INFO - [2023-12-06T20:22:55.252+0000] {dagbag.py:537} INFO - Filling up the DagBag from /opt/airflow/dags/consumer.py
[2023-12-06T20:22:55.275+0000] {processor.py:766} INFO - DAG(s) dict_keys(['consumer']) retrieved from /opt/airflow/dags/consumer.py
[2023-12-06T20:22:55.324+0000] {logging_mixin.py:120} INFO - [2023-12-06T20:22:55.324+0000] {dag.py:2585} INFO - Sync 1 DAGs
[2023-12-06T20:22:55.363+0000] {logging_mixin.py:120} INFO - [2023-12-06T20:22:55.362+0000] {dag.py:3340} INFO - Setting next_dagrun for consumer to None, run_after=None
[2023-12-06T20:22:55.394+0000] {processor.py:176} INFO - Processing /opt/airflow/dags/consumer.py took 0.149 seconds
[2023-12-06T20:23:26.028+0000] {processor.py:154} INFO - Started process (PID=972) to work on /opt/airflow/dags/consumer.py
[2023-12-06T20:23:26.035+0000] {processor.py:756} INFO - Processing file /opt/airflow/dags/consumer.py for tasks to queue
[2023-12-06T20:23:26.036+0000] {logging_mixin.py:120} INFO - [2023-12-06T20:23:26.036+0000] {dagbag.py:537} INFO - Filling up the DagBag from /opt/airflow/dags/consumer.py
[2023-12-06T20:23:26.067+0000] {processor.py:766} INFO - DAG(s) dict_keys(['consumer']) retrieved from /opt/airflow/dags/consumer.py
[2023-12-06T20:23:26.115+0000] {logging_mixin.py:120} INFO - [2023-12-06T20:23:26.115+0000] {dag.py:2585} INFO - Sync 1 DAGs
[2023-12-06T20:23:26.148+0000] {logging_mixin.py:120} INFO - [2023-12-06T20:23:26.147+0000] {dag.py:3340} INFO - Setting next_dagrun for consumer to None, run_after=None
[2023-12-06T20:23:26.182+0000] {processor.py:176} INFO - Processing /opt/airflow/dags/consumer.py took 0.157 seconds
[2023-12-06T20:23:56.398+0000] {processor.py:154} INFO - Started process (PID=1014) to work on /opt/airflow/dags/consumer.py
[2023-12-06T20:23:56.399+0000] {processor.py:756} INFO - Processing file /opt/airflow/dags/consumer.py for tasks to queue
[2023-12-06T20:23:56.399+0000] {logging_mixin.py:120} INFO - [2023-12-06T20:23:56.399+0000] {dagbag.py:537} INFO - Filling up the DagBag from /opt/airflow/dags/consumer.py
[2023-12-06T20:23:56.416+0000] {processor.py:766} INFO - DAG(s) dict_keys(['consumer']) retrieved from /opt/airflow/dags/consumer.py
[2023-12-06T20:23:56.449+0000] {logging_mixin.py:120} INFO - [2023-12-06T20:23:56.449+0000] {dag.py:2585} INFO - Sync 1 DAGs
[2023-12-06T20:23:56.469+0000] {logging_mixin.py:120} INFO - [2023-12-06T20:23:56.469+0000] {dag.py:3340} INFO - Setting next_dagrun for consumer to None, run_after=None
[2023-12-06T20:23:56.493+0000] {processor.py:176} INFO - Processing /opt/airflow/dags/consumer.py took 0.097 seconds
[2023-12-06T20:24:26.839+0000] {processor.py:154} INFO - Started process (PID=1057) to work on /opt/airflow/dags/consumer.py
[2023-12-06T20:24:26.840+0000] {processor.py:756} INFO - Processing file /opt/airflow/dags/consumer.py for tasks to queue
[2023-12-06T20:24:26.841+0000] {logging_mixin.py:120} INFO - [2023-12-06T20:24:26.841+0000] {dagbag.py:537} INFO - Filling up the DagBag from /opt/airflow/dags/consumer.py
[2023-12-06T20:24:26.864+0000] {processor.py:766} INFO - DAG(s) dict_keys(['consumer']) retrieved from /opt/airflow/dags/consumer.py
[2023-12-06T20:24:26.924+0000] {logging_mixin.py:120} INFO - [2023-12-06T20:24:26.924+0000] {dag.py:2585} INFO - Sync 1 DAGs
[2023-12-06T20:24:26.964+0000] {logging_mixin.py:120} INFO - [2023-12-06T20:24:26.963+0000] {dag.py:3340} INFO - Setting next_dagrun for consumer to None, run_after=None
[2023-12-06T20:24:27.022+0000] {processor.py:176} INFO - Processing /opt/airflow/dags/consumer.py took 0.186 seconds
[2023-12-06T20:24:57.232+0000] {processor.py:154} INFO - Started process (PID=1090) to work on /opt/airflow/dags/consumer.py
[2023-12-06T20:24:57.233+0000] {processor.py:756} INFO - Processing file /opt/airflow/dags/consumer.py for tasks to queue
[2023-12-06T20:24:57.233+0000] {logging_mixin.py:120} INFO - [2023-12-06T20:24:57.233+0000] {dagbag.py:537} INFO - Filling up the DagBag from /opt/airflow/dags/consumer.py
[2023-12-06T20:24:57.250+0000] {processor.py:766} INFO - DAG(s) dict_keys(['consumer']) retrieved from /opt/airflow/dags/consumer.py
[2023-12-06T20:24:57.282+0000] {logging_mixin.py:120} INFO - [2023-12-06T20:24:57.282+0000] {dag.py:2585} INFO - Sync 1 DAGs
[2023-12-06T20:24:57.303+0000] {logging_mixin.py:120} INFO - [2023-12-06T20:24:57.303+0000] {dag.py:3340} INFO - Setting next_dagrun for consumer to None, run_after=None
[2023-12-06T20:24:57.346+0000] {processor.py:176} INFO - Processing /opt/airflow/dags/consumer.py took 0.116 seconds
[2023-12-06T20:25:27.532+0000] {processor.py:154} INFO - Started process (PID=1133) to work on /opt/airflow/dags/consumer.py
[2023-12-06T20:25:27.532+0000] {processor.py:756} INFO - Processing file /opt/airflow/dags/consumer.py for tasks to queue
[2023-12-06T20:25:27.533+0000] {logging_mixin.py:120} INFO - [2023-12-06T20:25:27.533+0000] {dagbag.py:537} INFO - Filling up the DagBag from /opt/airflow/dags/consumer.py
[2023-12-06T20:25:27.551+0000] {processor.py:766} INFO - DAG(s) dict_keys(['consumer']) retrieved from /opt/airflow/dags/consumer.py
[2023-12-06T20:25:27.584+0000] {logging_mixin.py:120} INFO - [2023-12-06T20:25:27.584+0000] {dag.py:2585} INFO - Sync 1 DAGs
[2023-12-06T20:25:27.605+0000] {logging_mixin.py:120} INFO - [2023-12-06T20:25:27.605+0000] {dag.py:3340} INFO - Setting next_dagrun for consumer to None, run_after=None
[2023-12-06T20:25:27.630+0000] {processor.py:176} INFO - Processing /opt/airflow/dags/consumer.py took 0.101 seconds
[2023-12-06T20:25:58.136+0000] {processor.py:154} INFO - Started process (PID=1173) to work on /opt/airflow/dags/consumer.py
[2023-12-06T20:25:58.143+0000] {processor.py:756} INFO - Processing file /opt/airflow/dags/consumer.py for tasks to queue
[2023-12-06T20:25:58.143+0000] {logging_mixin.py:120} INFO - [2023-12-06T20:25:58.143+0000] {dagbag.py:537} INFO - Filling up the DagBag from /opt/airflow/dags/consumer.py
[2023-12-06T20:25:58.167+0000] {processor.py:766} INFO - DAG(s) dict_keys(['consumer']) retrieved from /opt/airflow/dags/consumer.py
[2023-12-06T20:25:58.241+0000] {logging_mixin.py:120} INFO - [2023-12-06T20:25:58.241+0000] {dag.py:2585} INFO - Sync 1 DAGs
[2023-12-06T20:25:58.302+0000] {logging_mixin.py:120} INFO - [2023-12-06T20:25:58.302+0000] {dag.py:3340} INFO - Setting next_dagrun for consumer to None, run_after=None
[2023-12-06T20:25:58.356+0000] {processor.py:176} INFO - Processing /opt/airflow/dags/consumer.py took 0.223 seconds
[2023-12-06T20:26:28.462+0000] {processor.py:154} INFO - Started process (PID=1207) to work on /opt/airflow/dags/consumer.py
[2023-12-06T20:26:28.462+0000] {processor.py:756} INFO - Processing file /opt/airflow/dags/consumer.py for tasks to queue
[2023-12-06T20:26:28.463+0000] {logging_mixin.py:120} INFO - [2023-12-06T20:26:28.463+0000] {dagbag.py:537} INFO - Filling up the DagBag from /opt/airflow/dags/consumer.py
[2023-12-06T20:26:28.478+0000] {processor.py:766} INFO - DAG(s) dict_keys(['consumer']) retrieved from /opt/airflow/dags/consumer.py
[2023-12-06T20:26:28.512+0000] {logging_mixin.py:120} INFO - [2023-12-06T20:26:28.512+0000] {dag.py:2585} INFO - Sync 1 DAGs
[2023-12-06T20:26:28.532+0000] {logging_mixin.py:120} INFO - [2023-12-06T20:26:28.532+0000] {dag.py:3340} INFO - Setting next_dagrun for consumer to None, run_after=None
[2023-12-06T20:26:28.556+0000] {processor.py:176} INFO - Processing /opt/airflow/dags/consumer.py took 0.097 seconds
[2023-12-06T20:26:58.724+0000] {processor.py:154} INFO - Started process (PID=1249) to work on /opt/airflow/dags/consumer.py
[2023-12-06T20:26:58.725+0000] {processor.py:756} INFO - Processing file /opt/airflow/dags/consumer.py for tasks to queue
[2023-12-06T20:26:58.726+0000] {logging_mixin.py:120} INFO - [2023-12-06T20:26:58.726+0000] {dagbag.py:537} INFO - Filling up the DagBag from /opt/airflow/dags/consumer.py
[2023-12-06T20:26:58.744+0000] {processor.py:766} INFO - DAG(s) dict_keys(['consumer']) retrieved from /opt/airflow/dags/consumer.py
[2023-12-06T20:26:58.778+0000] {logging_mixin.py:120} INFO - [2023-12-06T20:26:58.778+0000] {dag.py:2585} INFO - Sync 1 DAGs
[2023-12-06T20:26:58.798+0000] {logging_mixin.py:120} INFO - [2023-12-06T20:26:58.798+0000] {dag.py:3340} INFO - Setting next_dagrun for consumer to None, run_after=None
[2023-12-06T20:26:58.822+0000] {processor.py:176} INFO - Processing /opt/airflow/dags/consumer.py took 0.101 seconds
[2023-12-06T20:27:29.040+0000] {processor.py:154} INFO - Started process (PID=1282) to work on /opt/airflow/dags/consumer.py
[2023-12-06T20:27:29.040+0000] {processor.py:756} INFO - Processing file /opt/airflow/dags/consumer.py for tasks to queue
[2023-12-06T20:27:29.041+0000] {logging_mixin.py:120} INFO - [2023-12-06T20:27:29.041+0000] {dagbag.py:537} INFO - Filling up the DagBag from /opt/airflow/dags/consumer.py
[2023-12-06T20:27:29.058+0000] {processor.py:766} INFO - DAG(s) dict_keys(['consumer']) retrieved from /opt/airflow/dags/consumer.py
[2023-12-06T20:27:29.092+0000] {logging_mixin.py:120} INFO - [2023-12-06T20:27:29.092+0000] {dag.py:2585} INFO - Sync 1 DAGs
[2023-12-06T20:27:29.112+0000] {logging_mixin.py:120} INFO - [2023-12-06T20:27:29.111+0000] {dag.py:3340} INFO - Setting next_dagrun for consumer to None, run_after=None
[2023-12-06T20:27:29.138+0000] {processor.py:176} INFO - Processing /opt/airflow/dags/consumer.py took 0.101 seconds
[2023-12-06T20:27:59.713+0000] {processor.py:154} INFO - Started process (PID=1325) to work on /opt/airflow/dags/consumer.py
[2023-12-06T20:27:59.713+0000] {processor.py:756} INFO - Processing file /opt/airflow/dags/consumer.py for tasks to queue
[2023-12-06T20:27:59.714+0000] {logging_mixin.py:120} INFO - [2023-12-06T20:27:59.714+0000] {dagbag.py:537} INFO - Filling up the DagBag from /opt/airflow/dags/consumer.py
[2023-12-06T20:27:59.734+0000] {processor.py:766} INFO - DAG(s) dict_keys(['consumer']) retrieved from /opt/airflow/dags/consumer.py
[2023-12-06T20:27:59.768+0000] {logging_mixin.py:120} INFO - [2023-12-06T20:27:59.768+0000] {dag.py:2585} INFO - Sync 1 DAGs
[2023-12-06T20:27:59.788+0000] {logging_mixin.py:120} INFO - [2023-12-06T20:27:59.788+0000] {dag.py:3340} INFO - Setting next_dagrun for consumer to None, run_after=None
[2023-12-06T20:27:59.813+0000] {processor.py:176} INFO - Processing /opt/airflow/dags/consumer.py took 0.103 seconds
[2023-12-06T20:28:30.005+0000] {processor.py:154} INFO - Started process (PID=1359) to work on /opt/airflow/dags/consumer.py
[2023-12-06T20:28:30.006+0000] {processor.py:756} INFO - Processing file /opt/airflow/dags/consumer.py for tasks to queue
[2023-12-06T20:28:30.006+0000] {logging_mixin.py:120} INFO - [2023-12-06T20:28:30.006+0000] {dagbag.py:537} INFO - Filling up the DagBag from /opt/airflow/dags/consumer.py
[2023-12-06T20:28:30.076+0000] {processor.py:766} INFO - DAG(s) dict_keys(['consumer']) retrieved from /opt/airflow/dags/consumer.py
[2023-12-06T20:28:30.198+0000] {logging_mixin.py:120} INFO - [2023-12-06T20:28:30.197+0000] {dag.py:2585} INFO - Sync 1 DAGs
[2023-12-06T20:28:30.291+0000] {logging_mixin.py:120} INFO - [2023-12-06T20:28:30.291+0000] {dag.py:3340} INFO - Setting next_dagrun for consumer to None, run_after=None
[2023-12-06T20:28:30.342+0000] {processor.py:176} INFO - Processing /opt/airflow/dags/consumer.py took 0.341 seconds
[2023-12-06T20:29:00.839+0000] {processor.py:154} INFO - Started process (PID=1402) to work on /opt/airflow/dags/consumer.py
[2023-12-06T20:29:00.839+0000] {processor.py:756} INFO - Processing file /opt/airflow/dags/consumer.py for tasks to queue
[2023-12-06T20:29:00.840+0000] {logging_mixin.py:120} INFO - [2023-12-06T20:29:00.840+0000] {dagbag.py:537} INFO - Filling up the DagBag from /opt/airflow/dags/consumer.py
[2023-12-06T20:29:00.856+0000] {processor.py:766} INFO - DAG(s) dict_keys(['consumer']) retrieved from /opt/airflow/dags/consumer.py
[2023-12-06T20:29:00.891+0000] {logging_mixin.py:120} INFO - [2023-12-06T20:29:00.891+0000] {dag.py:2585} INFO - Sync 1 DAGs
[2023-12-06T20:29:00.921+0000] {logging_mixin.py:120} INFO - [2023-12-06T20:29:00.921+0000] {dag.py:3340} INFO - Setting next_dagrun for consumer to None, run_after=None
[2023-12-06T20:29:00.948+0000] {processor.py:176} INFO - Processing /opt/airflow/dags/consumer.py took 0.112 seconds
[2023-12-06T20:29:31.139+0000] {processor.py:154} INFO - Started process (PID=1445) to work on /opt/airflow/dags/consumer.py
[2023-12-06T20:29:31.140+0000] {processor.py:756} INFO - Processing file /opt/airflow/dags/consumer.py for tasks to queue
[2023-12-06T20:29:31.140+0000] {logging_mixin.py:120} INFO - [2023-12-06T20:29:31.140+0000] {dagbag.py:537} INFO - Filling up the DagBag from /opt/airflow/dags/consumer.py
[2023-12-06T20:29:31.164+0000] {processor.py:766} INFO - DAG(s) dict_keys(['consumer']) retrieved from /opt/airflow/dags/consumer.py
[2023-12-06T20:29:31.214+0000] {logging_mixin.py:120} INFO - [2023-12-06T20:29:31.214+0000] {dag.py:2585} INFO - Sync 1 DAGs
[2023-12-06T20:29:31.247+0000] {logging_mixin.py:120} INFO - [2023-12-06T20:29:31.247+0000] {dag.py:3340} INFO - Setting next_dagrun for consumer to None, run_after=None
[2023-12-06T20:29:31.281+0000] {processor.py:176} INFO - Processing /opt/airflow/dags/consumer.py took 0.151 seconds
[2023-12-06T20:30:01.438+0000] {processor.py:154} INFO - Started process (PID=1479) to work on /opt/airflow/dags/consumer.py
[2023-12-06T20:30:01.439+0000] {processor.py:756} INFO - Processing file /opt/airflow/dags/consumer.py for tasks to queue
[2023-12-06T20:30:01.440+0000] {logging_mixin.py:120} INFO - [2023-12-06T20:30:01.440+0000] {dagbag.py:537} INFO - Filling up the DagBag from /opt/airflow/dags/consumer.py
[2023-12-06T20:30:01.458+0000] {processor.py:766} INFO - DAG(s) dict_keys(['consumer']) retrieved from /opt/airflow/dags/consumer.py
[2023-12-06T20:30:01.499+0000] {logging_mixin.py:120} INFO - [2023-12-06T20:30:01.499+0000] {dag.py:2585} INFO - Sync 1 DAGs
[2023-12-06T20:30:01.525+0000] {logging_mixin.py:120} INFO - [2023-12-06T20:30:01.525+0000] {dag.py:3340} INFO - Setting next_dagrun for consumer to None, run_after=None
[2023-12-06T20:30:01.558+0000] {processor.py:176} INFO - Processing /opt/airflow/dags/consumer.py took 0.123 seconds
[2023-12-06T20:30:31.582+0000] {processor.py:154} INFO - Started process (PID=1521) to work on /opt/airflow/dags/consumer.py
[2023-12-06T20:30:31.583+0000] {processor.py:756} INFO - Processing file /opt/airflow/dags/consumer.py for tasks to queue
[2023-12-06T20:30:31.583+0000] {logging_mixin.py:120} INFO - [2023-12-06T20:30:31.583+0000] {dagbag.py:537} INFO - Filling up the DagBag from /opt/airflow/dags/consumer.py
[2023-12-06T20:30:31.600+0000] {processor.py:766} INFO - DAG(s) dict_keys(['consumer']) retrieved from /opt/airflow/dags/consumer.py
[2023-12-06T20:30:31.634+0000] {logging_mixin.py:120} INFO - [2023-12-06T20:30:31.633+0000] {dag.py:2585} INFO - Sync 1 DAGs
[2023-12-06T20:30:31.655+0000] {logging_mixin.py:120} INFO - [2023-12-06T20:30:31.655+0000] {dag.py:3340} INFO - Setting next_dagrun for consumer to None, run_after=None
[2023-12-06T20:30:31.686+0000] {processor.py:176} INFO - Processing /opt/airflow/dags/consumer.py took 0.106 seconds
[2023-12-06T20:31:02.303+0000] {processor.py:154} INFO - Started process (PID=1564) to work on /opt/airflow/dags/consumer.py
[2023-12-06T20:31:02.303+0000] {processor.py:756} INFO - Processing file /opt/airflow/dags/consumer.py for tasks to queue
[2023-12-06T20:31:02.304+0000] {logging_mixin.py:120} INFO - [2023-12-06T20:31:02.304+0000] {dagbag.py:537} INFO - Filling up the DagBag from /opt/airflow/dags/consumer.py
[2023-12-06T20:31:02.327+0000] {processor.py:766} INFO - DAG(s) dict_keys(['consumer']) retrieved from /opt/airflow/dags/consumer.py
[2023-12-06T20:31:02.363+0000] {logging_mixin.py:120} INFO - [2023-12-06T20:31:02.363+0000] {dag.py:2585} INFO - Sync 1 DAGs
[2023-12-06T20:31:02.384+0000] {logging_mixin.py:120} INFO - [2023-12-06T20:31:02.384+0000] {dag.py:3340} INFO - Setting next_dagrun for consumer to None, run_after=None
[2023-12-06T20:31:02.409+0000] {processor.py:176} INFO - Processing /opt/airflow/dags/consumer.py took 0.109 seconds
[2023-12-06T20:31:32.772+0000] {processor.py:154} INFO - Started process (PID=1598) to work on /opt/airflow/dags/consumer.py
[2023-12-06T20:31:32.783+0000] {processor.py:756} INFO - Processing file /opt/airflow/dags/consumer.py for tasks to queue
[2023-12-06T20:31:32.784+0000] {logging_mixin.py:120} INFO - [2023-12-06T20:31:32.784+0000] {dagbag.py:537} INFO - Filling up the DagBag from /opt/airflow/dags/consumer.py
[2023-12-06T20:31:32.835+0000] {processor.py:766} INFO - DAG(s) dict_keys(['consumer']) retrieved from /opt/airflow/dags/consumer.py
[2023-12-06T20:31:32.940+0000] {logging_mixin.py:120} INFO - [2023-12-06T20:31:32.939+0000] {dag.py:2585} INFO - Sync 1 DAGs
[2023-12-06T20:31:32.999+0000] {logging_mixin.py:120} INFO - [2023-12-06T20:31:32.999+0000] {dag.py:3340} INFO - Setting next_dagrun for consumer to None, run_after=None
[2023-12-06T20:31:33.043+0000] {processor.py:176} INFO - Processing /opt/airflow/dags/consumer.py took 0.274 seconds
[2023-12-06T20:32:03.924+0000] {processor.py:154} INFO - Started process (PID=1641) to work on /opt/airflow/dags/consumer.py
[2023-12-06T20:32:03.925+0000] {processor.py:756} INFO - Processing file /opt/airflow/dags/consumer.py for tasks to queue
[2023-12-06T20:32:03.925+0000] {logging_mixin.py:120} INFO - [2023-12-06T20:32:03.925+0000] {dagbag.py:537} INFO - Filling up the DagBag from /opt/airflow/dags/consumer.py
[2023-12-06T20:32:03.941+0000] {processor.py:766} INFO - DAG(s) dict_keys(['consumer']) retrieved from /opt/airflow/dags/consumer.py
[2023-12-06T20:32:03.974+0000] {logging_mixin.py:120} INFO - [2023-12-06T20:32:03.974+0000] {dag.py:2585} INFO - Sync 1 DAGs
[2023-12-06T20:32:03.994+0000] {logging_mixin.py:120} INFO - [2023-12-06T20:32:03.994+0000] {dag.py:3340} INFO - Setting next_dagrun for consumer to None, run_after=None
[2023-12-06T20:32:04.018+0000] {processor.py:176} INFO - Processing /opt/airflow/dags/consumer.py took 0.096 seconds
[2023-12-06T20:32:34.355+0000] {processor.py:154} INFO - Started process (PID=1683) to work on /opt/airflow/dags/consumer.py
[2023-12-06T20:32:34.359+0000] {processor.py:756} INFO - Processing file /opt/airflow/dags/consumer.py for tasks to queue
[2023-12-06T20:32:34.360+0000] {logging_mixin.py:120} INFO - [2023-12-06T20:32:34.360+0000] {dagbag.py:537} INFO - Filling up the DagBag from /opt/airflow/dags/consumer.py
[2023-12-06T20:32:34.407+0000] {processor.py:766} INFO - DAG(s) dict_keys(['consumer']) retrieved from /opt/airflow/dags/consumer.py
[2023-12-06T20:32:34.512+0000] {logging_mixin.py:120} INFO - [2023-12-06T20:32:34.511+0000] {dag.py:2585} INFO - Sync 1 DAGs
[2023-12-06T20:32:34.580+0000] {logging_mixin.py:120} INFO - [2023-12-06T20:32:34.579+0000] {dag.py:3340} INFO - Setting next_dagrun for consumer to None, run_after=None
[2023-12-06T20:32:34.639+0000] {processor.py:176} INFO - Processing /opt/airflow/dags/consumer.py took 0.289 seconds
[2023-12-06T20:33:04.838+0000] {processor.py:154} INFO - Started process (PID=1718) to work on /opt/airflow/dags/consumer.py
[2023-12-06T20:33:04.839+0000] {processor.py:756} INFO - Processing file /opt/airflow/dags/consumer.py for tasks to queue
[2023-12-06T20:33:04.840+0000] {logging_mixin.py:120} INFO - [2023-12-06T20:33:04.839+0000] {dagbag.py:537} INFO - Filling up the DagBag from /opt/airflow/dags/consumer.py
[2023-12-06T20:33:04.865+0000] {processor.py:766} INFO - DAG(s) dict_keys(['consumer']) retrieved from /opt/airflow/dags/consumer.py
[2023-12-06T20:33:04.913+0000] {logging_mixin.py:120} INFO - [2023-12-06T20:33:04.913+0000] {dag.py:2585} INFO - Sync 1 DAGs
[2023-12-06T20:33:04.948+0000] {logging_mixin.py:120} INFO - [2023-12-06T20:33:04.948+0000] {dag.py:3340} INFO - Setting next_dagrun for consumer to None, run_after=None
[2023-12-06T20:33:05.014+0000] {processor.py:176} INFO - Processing /opt/airflow/dags/consumer.py took 0.181 seconds
[2023-12-06T20:33:35.898+0000] {processor.py:154} INFO - Started process (PID=1761) to work on /opt/airflow/dags/consumer.py
[2023-12-06T20:33:35.903+0000] {processor.py:756} INFO - Processing file /opt/airflow/dags/consumer.py for tasks to queue
[2023-12-06T20:33:35.904+0000] {logging_mixin.py:120} INFO - [2023-12-06T20:33:35.904+0000] {dagbag.py:537} INFO - Filling up the DagBag from /opt/airflow/dags/consumer.py
[2023-12-06T20:33:35.950+0000] {processor.py:766} INFO - DAG(s) dict_keys(['consumer']) retrieved from /opt/airflow/dags/consumer.py
[2023-12-06T20:33:35.999+0000] {logging_mixin.py:120} INFO - [2023-12-06T20:33:35.999+0000] {dag.py:2585} INFO - Sync 1 DAGs
[2023-12-06T20:33:36.032+0000] {logging_mixin.py:120} INFO - [2023-12-06T20:33:36.032+0000] {dag.py:3340} INFO - Setting next_dagrun for consumer to None, run_after=None
[2023-12-06T20:33:36.063+0000] {processor.py:176} INFO - Processing /opt/airflow/dags/consumer.py took 0.169 seconds
[2023-12-06T20:34:06.403+0000] {processor.py:154} INFO - Started process (PID=1806) to work on /opt/airflow/dags/consumer.py
[2023-12-06T20:34:06.404+0000] {processor.py:756} INFO - Processing file /opt/airflow/dags/consumer.py for tasks to queue
[2023-12-06T20:34:06.404+0000] {logging_mixin.py:120} INFO - [2023-12-06T20:34:06.404+0000] {dagbag.py:537} INFO - Filling up the DagBag from /opt/airflow/dags/consumer.py
[2023-12-06T20:34:06.421+0000] {processor.py:766} INFO - DAG(s) dict_keys(['consumer']) retrieved from /opt/airflow/dags/consumer.py
[2023-12-06T20:34:06.454+0000] {logging_mixin.py:120} INFO - [2023-12-06T20:34:06.454+0000] {dag.py:2585} INFO - Sync 1 DAGs
[2023-12-06T20:34:06.476+0000] {logging_mixin.py:120} INFO - [2023-12-06T20:34:06.475+0000] {dag.py:3340} INFO - Setting next_dagrun for consumer to None, run_after=None
[2023-12-06T20:34:06.500+0000] {processor.py:176} INFO - Processing /opt/airflow/dags/consumer.py took 0.100 seconds
[2023-12-06T20:34:37.371+0000] {processor.py:154} INFO - Started process (PID=1839) to work on /opt/airflow/dags/consumer.py
[2023-12-06T20:34:37.371+0000] {processor.py:756} INFO - Processing file /opt/airflow/dags/consumer.py for tasks to queue
[2023-12-06T20:34:37.372+0000] {logging_mixin.py:120} INFO - [2023-12-06T20:34:37.372+0000] {dagbag.py:537} INFO - Filling up the DagBag from /opt/airflow/dags/consumer.py
[2023-12-06T20:34:37.388+0000] {processor.py:766} INFO - DAG(s) dict_keys(['consumer']) retrieved from /opt/airflow/dags/consumer.py
[2023-12-06T20:34:37.422+0000] {logging_mixin.py:120} INFO - [2023-12-06T20:34:37.421+0000] {dag.py:2585} INFO - Sync 1 DAGs
[2023-12-06T20:34:37.442+0000] {logging_mixin.py:120} INFO - [2023-12-06T20:34:37.442+0000] {dag.py:3340} INFO - Setting next_dagrun for consumer to None, run_after=None
[2023-12-06T20:34:37.467+0000] {processor.py:176} INFO - Processing /opt/airflow/dags/consumer.py took 0.099 seconds
[2023-12-06T20:35:07.495+0000] {processor.py:154} INFO - Started process (PID=1881) to work on /opt/airflow/dags/consumer.py
[2023-12-06T20:35:07.496+0000] {processor.py:756} INFO - Processing file /opt/airflow/dags/consumer.py for tasks to queue
[2023-12-06T20:35:07.496+0000] {logging_mixin.py:120} INFO - [2023-12-06T20:35:07.496+0000] {dagbag.py:537} INFO - Filling up the DagBag from /opt/airflow/dags/consumer.py
[2023-12-06T20:35:07.512+0000] {processor.py:766} INFO - DAG(s) dict_keys(['consumer']) retrieved from /opt/airflow/dags/consumer.py
[2023-12-06T20:35:07.546+0000] {logging_mixin.py:120} INFO - [2023-12-06T20:35:07.546+0000] {dag.py:2585} INFO - Sync 1 DAGs
[2023-12-06T20:35:07.567+0000] {logging_mixin.py:120} INFO - [2023-12-06T20:35:07.567+0000] {dag.py:3340} INFO - Setting next_dagrun for consumer to None, run_after=None
[2023-12-06T20:35:07.593+0000] {processor.py:176} INFO - Processing /opt/airflow/dags/consumer.py took 0.101 seconds
[2023-12-06T20:35:38.101+0000] {processor.py:154} INFO - Started process (PID=1922) to work on /opt/airflow/dags/consumer.py
[2023-12-06T20:35:38.103+0000] {processor.py:756} INFO - Processing file /opt/airflow/dags/consumer.py for tasks to queue
[2023-12-06T20:35:38.104+0000] {logging_mixin.py:120} INFO - [2023-12-06T20:35:38.104+0000] {dagbag.py:537} INFO - Filling up the DagBag from /opt/airflow/dags/consumer.py
[2023-12-06T20:35:38.160+0000] {processor.py:766} INFO - DAG(s) dict_keys(['consumer']) retrieved from /opt/airflow/dags/consumer.py
[2023-12-06T20:35:38.309+0000] {logging_mixin.py:120} INFO - [2023-12-06T20:35:38.309+0000] {dag.py:2585} INFO - Sync 1 DAGs
[2023-12-06T20:35:38.460+0000] {logging_mixin.py:120} INFO - [2023-12-06T20:35:38.460+0000] {dag.py:3340} INFO - Setting next_dagrun for consumer to None, run_after=None
[2023-12-06T20:35:38.532+0000] {processor.py:176} INFO - Processing /opt/airflow/dags/consumer.py took 0.438 seconds
[2023-12-06T20:36:08.760+0000] {processor.py:154} INFO - Started process (PID=1954) to work on /opt/airflow/dags/consumer.py
[2023-12-06T20:36:08.761+0000] {processor.py:756} INFO - Processing file /opt/airflow/dags/consumer.py for tasks to queue
[2023-12-06T20:36:08.761+0000] {logging_mixin.py:120} INFO - [2023-12-06T20:36:08.761+0000] {dagbag.py:537} INFO - Filling up the DagBag from /opt/airflow/dags/consumer.py
[2023-12-06T20:36:08.778+0000] {processor.py:766} INFO - DAG(s) dict_keys(['consumer']) retrieved from /opt/airflow/dags/consumer.py
[2023-12-06T20:36:08.810+0000] {logging_mixin.py:120} INFO - [2023-12-06T20:36:08.810+0000] {dag.py:2585} INFO - Sync 1 DAGs
[2023-12-06T20:36:08.831+0000] {logging_mixin.py:120} INFO - [2023-12-06T20:36:08.830+0000] {dag.py:3340} INFO - Setting next_dagrun for consumer to None, run_after=None
[2023-12-06T20:36:08.857+0000] {processor.py:176} INFO - Processing /opt/airflow/dags/consumer.py took 0.099 seconds
[2023-12-06T20:36:39.714+0000] {processor.py:154} INFO - Started process (PID=1987) to work on /opt/airflow/dags/consumer.py
[2023-12-06T20:36:39.723+0000] {processor.py:756} INFO - Processing file /opt/airflow/dags/consumer.py for tasks to queue
[2023-12-06T20:36:39.724+0000] {logging_mixin.py:120} INFO - [2023-12-06T20:36:39.724+0000] {dagbag.py:537} INFO - Filling up the DagBag from /opt/airflow/dags/consumer.py
[2023-12-06T20:36:39.771+0000] {processor.py:766} INFO - DAG(s) dict_keys(['consumer']) retrieved from /opt/airflow/dags/consumer.py
[2023-12-06T20:36:39.842+0000] {logging_mixin.py:120} INFO - [2023-12-06T20:36:39.842+0000] {dag.py:2585} INFO - Sync 1 DAGs
[2023-12-06T20:36:39.899+0000] {logging_mixin.py:120} INFO - [2023-12-06T20:36:39.898+0000] {dag.py:3340} INFO - Setting next_dagrun for consumer to None, run_after=None
[2023-12-06T20:36:39.948+0000] {processor.py:176} INFO - Processing /opt/airflow/dags/consumer.py took 0.250 seconds
[2023-12-06T20:37:10.585+0000] {processor.py:154} INFO - Started process (PID=2029) to work on /opt/airflow/dags/consumer.py
[2023-12-06T20:37:10.585+0000] {processor.py:756} INFO - Processing file /opt/airflow/dags/consumer.py for tasks to queue
[2023-12-06T20:37:10.586+0000] {logging_mixin.py:120} INFO - [2023-12-06T20:37:10.586+0000] {dagbag.py:537} INFO - Filling up the DagBag from /opt/airflow/dags/consumer.py
[2023-12-06T20:37:10.602+0000] {processor.py:766} INFO - DAG(s) dict_keys(['consumer']) retrieved from /opt/airflow/dags/consumer.py
[2023-12-06T20:37:10.637+0000] {logging_mixin.py:120} INFO - [2023-12-06T20:37:10.636+0000] {dag.py:2585} INFO - Sync 1 DAGs
[2023-12-06T20:37:10.658+0000] {logging_mixin.py:120} INFO - [2023-12-06T20:37:10.658+0000] {dag.py:3340} INFO - Setting next_dagrun for consumer to None, run_after=None
[2023-12-06T20:37:10.683+0000] {processor.py:176} INFO - Processing /opt/airflow/dags/consumer.py took 0.102 seconds
[2023-12-06T20:37:41.451+0000] {processor.py:154} INFO - Started process (PID=2062) to work on /opt/airflow/dags/consumer.py
[2023-12-06T20:37:41.452+0000] {processor.py:756} INFO - Processing file /opt/airflow/dags/consumer.py for tasks to queue
[2023-12-06T20:37:41.452+0000] {logging_mixin.py:120} INFO - [2023-12-06T20:37:41.452+0000] {dagbag.py:537} INFO - Filling up the DagBag from /opt/airflow/dags/consumer.py
[2023-12-06T20:37:41.469+0000] {processor.py:766} INFO - DAG(s) dict_keys(['consumer']) retrieved from /opt/airflow/dags/consumer.py
[2023-12-06T20:37:41.504+0000] {logging_mixin.py:120} INFO - [2023-12-06T20:37:41.504+0000] {dag.py:2585} INFO - Sync 1 DAGs
[2023-12-06T20:37:41.530+0000] {logging_mixin.py:120} INFO - [2023-12-06T20:37:41.530+0000] {dag.py:3340} INFO - Setting next_dagrun for consumer to None, run_after=None
[2023-12-06T20:37:41.555+0000] {processor.py:176} INFO - Processing /opt/airflow/dags/consumer.py took 0.106 seconds
[2023-12-06T20:38:11.832+0000] {processor.py:154} INFO - Started process (PID=2106) to work on /opt/airflow/dags/consumer.py
[2023-12-06T20:38:11.833+0000] {processor.py:756} INFO - Processing file /opt/airflow/dags/consumer.py for tasks to queue
[2023-12-06T20:38:11.833+0000] {logging_mixin.py:120} INFO - [2023-12-06T20:38:11.833+0000] {dagbag.py:537} INFO - Filling up the DagBag from /opt/airflow/dags/consumer.py
[2023-12-06T20:38:11.851+0000] {processor.py:766} INFO - DAG(s) dict_keys(['consumer']) retrieved from /opt/airflow/dags/consumer.py
[2023-12-06T20:38:11.885+0000] {logging_mixin.py:120} INFO - [2023-12-06T20:38:11.885+0000] {dag.py:2585} INFO - Sync 1 DAGs
[2023-12-06T20:38:11.906+0000] {logging_mixin.py:120} INFO - [2023-12-06T20:38:11.906+0000] {dag.py:3340} INFO - Setting next_dagrun for consumer to None, run_after=None
[2023-12-06T20:38:11.931+0000] {processor.py:176} INFO - Processing /opt/airflow/dags/consumer.py took 0.101 seconds
[2023-12-06T20:38:41.990+0000] {processor.py:154} INFO - Started process (PID=2149) to work on /opt/airflow/dags/consumer.py
[2023-12-06T20:38:42.001+0000] {processor.py:756} INFO - Processing file /opt/airflow/dags/consumer.py for tasks to queue
[2023-12-06T20:38:42.002+0000] {logging_mixin.py:120} INFO - [2023-12-06T20:38:42.001+0000] {dagbag.py:537} INFO - Filling up the DagBag from /opt/airflow/dags/consumer.py
[2023-12-06T20:38:42.050+0000] {processor.py:766} INFO - DAG(s) dict_keys(['consumer']) retrieved from /opt/airflow/dags/consumer.py
[2023-12-06T20:38:42.140+0000] {logging_mixin.py:120} INFO - [2023-12-06T20:38:42.140+0000] {dag.py:2585} INFO - Sync 1 DAGs
[2023-12-06T20:38:42.217+0000] {logging_mixin.py:120} INFO - [2023-12-06T20:38:42.217+0000] {dag.py:3340} INFO - Setting next_dagrun for consumer to None, run_after=None
[2023-12-06T20:38:42.273+0000] {processor.py:176} INFO - Processing /opt/airflow/dags/consumer.py took 0.286 seconds
[2023-12-06T20:39:13.025+0000] {processor.py:154} INFO - Started process (PID=2182) to work on /opt/airflow/dags/consumer.py
[2023-12-06T20:39:13.025+0000] {processor.py:756} INFO - Processing file /opt/airflow/dags/consumer.py for tasks to queue
[2023-12-06T20:39:13.026+0000] {logging_mixin.py:120} INFO - [2023-12-06T20:39:13.026+0000] {dagbag.py:537} INFO - Filling up the DagBag from /opt/airflow/dags/consumer.py
[2023-12-06T20:39:13.042+0000] {processor.py:766} INFO - DAG(s) dict_keys(['consumer']) retrieved from /opt/airflow/dags/consumer.py
[2023-12-06T20:39:13.075+0000] {logging_mixin.py:120} INFO - [2023-12-06T20:39:13.075+0000] {dag.py:2585} INFO - Sync 1 DAGs
[2023-12-06T20:39:13.095+0000] {logging_mixin.py:120} INFO - [2023-12-06T20:39:13.095+0000] {dag.py:3340} INFO - Setting next_dagrun for consumer to None, run_after=None
[2023-12-06T20:39:13.122+0000] {processor.py:176} INFO - Processing /opt/airflow/dags/consumer.py took 0.100 seconds
[2023-12-06T20:39:43.254+0000] {processor.py:154} INFO - Started process (PID=2223) to work on /opt/airflow/dags/consumer.py
[2023-12-06T20:39:43.263+0000] {processor.py:756} INFO - Processing file /opt/airflow/dags/consumer.py for tasks to queue
[2023-12-06T20:39:43.266+0000] {logging_mixin.py:120} INFO - [2023-12-06T20:39:43.266+0000] {dagbag.py:537} INFO - Filling up the DagBag from /opt/airflow/dags/consumer.py
[2023-12-06T20:39:43.396+0000] {processor.py:766} INFO - DAG(s) dict_keys(['consumer']) retrieved from /opt/airflow/dags/consumer.py
[2023-12-06T20:39:43.507+0000] {logging_mixin.py:120} INFO - [2023-12-06T20:39:43.507+0000] {dag.py:2585} INFO - Sync 1 DAGs
[2023-12-06T20:39:43.590+0000] {logging_mixin.py:120} INFO - [2023-12-06T20:39:43.590+0000] {dag.py:3340} INFO - Setting next_dagrun for consumer to None, run_after=None
[2023-12-06T20:39:43.642+0000] {processor.py:176} INFO - Processing /opt/airflow/dags/consumer.py took 0.390 seconds
[2023-12-06T20:40:13.740+0000] {processor.py:154} INFO - Started process (PID=2258) to work on /opt/airflow/dags/consumer.py
[2023-12-06T20:40:13.741+0000] {processor.py:756} INFO - Processing file /opt/airflow/dags/consumer.py for tasks to queue
[2023-12-06T20:40:13.741+0000] {logging_mixin.py:120} INFO - [2023-12-06T20:40:13.741+0000] {dagbag.py:537} INFO - Filling up the DagBag from /opt/airflow/dags/consumer.py
[2023-12-06T20:40:13.757+0000] {processor.py:766} INFO - DAG(s) dict_keys(['consumer']) retrieved from /opt/airflow/dags/consumer.py
[2023-12-06T20:40:13.791+0000] {logging_mixin.py:120} INFO - [2023-12-06T20:40:13.791+0000] {dag.py:2585} INFO - Sync 1 DAGs
[2023-12-06T20:40:13.811+0000] {logging_mixin.py:120} INFO - [2023-12-06T20:40:13.811+0000] {dag.py:3340} INFO - Setting next_dagrun for consumer to None, run_after=None
[2023-12-06T20:40:13.837+0000] {processor.py:176} INFO - Processing /opt/airflow/dags/consumer.py took 0.099 seconds
[2023-12-06T20:40:44.267+0000] {processor.py:154} INFO - Started process (PID=2300) to work on /opt/airflow/dags/consumer.py
[2023-12-06T20:40:44.267+0000] {processor.py:756} INFO - Processing file /opt/airflow/dags/consumer.py for tasks to queue
[2023-12-06T20:40:44.268+0000] {logging_mixin.py:120} INFO - [2023-12-06T20:40:44.268+0000] {dagbag.py:537} INFO - Filling up the DagBag from /opt/airflow/dags/consumer.py
[2023-12-06T20:40:44.291+0000] {processor.py:766} INFO - DAG(s) dict_keys(['consumer']) retrieved from /opt/airflow/dags/consumer.py
[2023-12-06T20:40:44.341+0000] {logging_mixin.py:120} INFO - [2023-12-06T20:40:44.341+0000] {dag.py:2585} INFO - Sync 1 DAGs
[2023-12-06T20:40:44.371+0000] {logging_mixin.py:120} INFO - [2023-12-06T20:40:44.371+0000] {dag.py:3340} INFO - Setting next_dagrun for consumer to None, run_after=None
[2023-12-06T20:40:44.403+0000] {processor.py:176} INFO - Processing /opt/airflow/dags/consumer.py took 0.140 seconds
[2023-12-06T20:41:14.639+0000] {processor.py:154} INFO - Started process (PID=2333) to work on /opt/airflow/dags/consumer.py
[2023-12-06T20:41:14.640+0000] {processor.py:756} INFO - Processing file /opt/airflow/dags/consumer.py for tasks to queue
[2023-12-06T20:41:14.640+0000] {logging_mixin.py:120} INFO - [2023-12-06T20:41:14.640+0000] {dagbag.py:537} INFO - Filling up the DagBag from /opt/airflow/dags/consumer.py
[2023-12-06T20:41:14.656+0000] {processor.py:766} INFO - DAG(s) dict_keys(['consumer']) retrieved from /opt/airflow/dags/consumer.py
[2023-12-06T20:41:14.690+0000] {logging_mixin.py:120} INFO - [2023-12-06T20:41:14.690+0000] {dag.py:2585} INFO - Sync 1 DAGs
[2023-12-06T20:41:14.710+0000] {logging_mixin.py:120} INFO - [2023-12-06T20:41:14.710+0000] {dag.py:3340} INFO - Setting next_dagrun for consumer to None, run_after=None
[2023-12-06T20:41:14.735+0000] {processor.py:176} INFO - Processing /opt/airflow/dags/consumer.py took 0.098 seconds
[2023-12-06T20:41:44.914+0000] {processor.py:154} INFO - Started process (PID=2375) to work on /opt/airflow/dags/consumer.py
[2023-12-06T20:41:44.915+0000] {processor.py:756} INFO - Processing file /opt/airflow/dags/consumer.py for tasks to queue
[2023-12-06T20:41:44.916+0000] {logging_mixin.py:120} INFO - [2023-12-06T20:41:44.916+0000] {dagbag.py:537} INFO - Filling up the DagBag from /opt/airflow/dags/consumer.py
[2023-12-06T20:41:44.939+0000] {processor.py:766} INFO - DAG(s) dict_keys(['consumer']) retrieved from /opt/airflow/dags/consumer.py
[2023-12-06T20:41:44.989+0000] {logging_mixin.py:120} INFO - [2023-12-06T20:41:44.989+0000] {dag.py:2585} INFO - Sync 1 DAGs
[2023-12-06T20:41:45.036+0000] {logging_mixin.py:120} INFO - [2023-12-06T20:41:45.036+0000] {dag.py:3340} INFO - Setting next_dagrun for consumer to None, run_after=None
[2023-12-06T20:41:45.078+0000] {processor.py:176} INFO - Processing /opt/airflow/dags/consumer.py took 0.168 seconds
[2023-12-06T20:42:15.224+0000] {processor.py:154} INFO - Started process (PID=2419) to work on /opt/airflow/dags/consumer.py
[2023-12-06T20:42:15.225+0000] {processor.py:756} INFO - Processing file /opt/airflow/dags/consumer.py for tasks to queue
[2023-12-06T20:42:15.225+0000] {logging_mixin.py:120} INFO - [2023-12-06T20:42:15.225+0000] {dagbag.py:537} INFO - Filling up the DagBag from /opt/airflow/dags/consumer.py
[2023-12-06T20:42:15.241+0000] {processor.py:766} INFO - DAG(s) dict_keys(['consumer']) retrieved from /opt/airflow/dags/consumer.py
[2023-12-06T20:42:15.277+0000] {logging_mixin.py:120} INFO - [2023-12-06T20:42:15.277+0000] {dag.py:2585} INFO - Sync 1 DAGs
[2023-12-06T20:42:15.298+0000] {logging_mixin.py:120} INFO - [2023-12-06T20:42:15.298+0000] {dag.py:3340} INFO - Setting next_dagrun for consumer to None, run_after=None
[2023-12-06T20:42:15.323+0000] {processor.py:176} INFO - Processing /opt/airflow/dags/consumer.py took 0.102 seconds
[2023-12-06T20:42:45.668+0000] {processor.py:154} INFO - Started process (PID=2452) to work on /opt/airflow/dags/consumer.py
[2023-12-06T20:42:45.669+0000] {processor.py:756} INFO - Processing file /opt/airflow/dags/consumer.py for tasks to queue
[2023-12-06T20:42:45.670+0000] {logging_mixin.py:120} INFO - [2023-12-06T20:42:45.669+0000] {dagbag.py:537} INFO - Filling up the DagBag from /opt/airflow/dags/consumer.py
[2023-12-06T20:42:45.694+0000] {processor.py:766} INFO - DAG(s) dict_keys(['consumer']) retrieved from /opt/airflow/dags/consumer.py
[2023-12-06T20:42:45.746+0000] {logging_mixin.py:120} INFO - [2023-12-06T20:42:45.746+0000] {dag.py:2585} INFO - Sync 1 DAGs
[2023-12-06T20:42:45.780+0000] {logging_mixin.py:120} INFO - [2023-12-06T20:42:45.780+0000] {dag.py:3340} INFO - Setting next_dagrun for consumer to None, run_after=None
[2023-12-06T20:42:45.816+0000] {processor.py:176} INFO - Processing /opt/airflow/dags/consumer.py took 0.153 seconds
[2023-12-06T20:43:16.593+0000] {processor.py:154} INFO - Started process (PID=2495) to work on /opt/airflow/dags/consumer.py
[2023-12-06T20:43:16.594+0000] {processor.py:756} INFO - Processing file /opt/airflow/dags/consumer.py for tasks to queue
[2023-12-06T20:43:16.594+0000] {logging_mixin.py:120} INFO - [2023-12-06T20:43:16.594+0000] {dagbag.py:537} INFO - Filling up the DagBag from /opt/airflow/dags/consumer.py
[2023-12-06T20:43:16.619+0000] {processor.py:766} INFO - DAG(s) dict_keys(['consumer']) retrieved from /opt/airflow/dags/consumer.py
[2023-12-06T20:43:16.657+0000] {logging_mixin.py:120} INFO - [2023-12-06T20:43:16.657+0000] {dag.py:2585} INFO - Sync 1 DAGs
[2023-12-06T20:43:16.678+0000] {logging_mixin.py:120} INFO - [2023-12-06T20:43:16.678+0000] {dag.py:3340} INFO - Setting next_dagrun for consumer to None, run_after=None
[2023-12-06T20:43:16.702+0000] {processor.py:176} INFO - Processing /opt/airflow/dags/consumer.py took 0.112 seconds
