[2023-12-06T10:16:48.074+0000] {processor.py:154} INFO - Started process (PID=52) to work on /opt/airflow/dags/elastic_dag.py
[2023-12-06T10:16:48.088+0000] {processor.py:756} INFO - Processing file /opt/airflow/dags/elastic_dag.py for tasks to queue
[2023-12-06T10:16:48.089+0000] {logging_mixin.py:120} INFO - [2023-12-06T10:16:48.089+0000] {dagbag.py:537} INFO - Filling up the DagBag from /opt/airflow/dags/elastic_dag.py
[2023-12-06T10:16:50.600+0000] {processor.py:766} INFO - DAG(s) dict_keys(['elastic_dag']) retrieved from /opt/airflow/dags/elastic_dag.py
[2023-12-06T10:16:50.708+0000] {logging_mixin.py:120} INFO - [2023-12-06T10:16:50.707+0000] {dag.py:2585} INFO - Sync 1 DAGs
[2023-12-06T10:16:50.769+0000] {logging_mixin.py:120} INFO - [2023-12-06T10:16:50.769+0000] {dag.py:3340} INFO - Setting next_dagrun for elastic_dag to 2023-12-06T00:00:00+00:00, run_after=2023-12-07T00:00:00+00:00
[2023-12-06T10:16:50.852+0000] {processor.py:176} INFO - Processing /opt/airflow/dags/elastic_dag.py took 2.782 seconds
[2023-12-06T10:17:21.493+0000] {processor.py:154} INFO - Started process (PID=103) to work on /opt/airflow/dags/elastic_dag.py
[2023-12-06T10:17:21.494+0000] {processor.py:756} INFO - Processing file /opt/airflow/dags/elastic_dag.py for tasks to queue
[2023-12-06T10:17:21.494+0000] {logging_mixin.py:120} INFO - [2023-12-06T10:17:21.494+0000] {dagbag.py:537} INFO - Filling up the DagBag from /opt/airflow/dags/elastic_dag.py
[2023-12-06T10:17:21.730+0000] {processor.py:766} INFO - DAG(s) dict_keys(['elastic_dag']) retrieved from /opt/airflow/dags/elastic_dag.py
[2023-12-06T10:17:21.793+0000] {logging_mixin.py:120} INFO - [2023-12-06T10:17:21.793+0000] {dag.py:2585} INFO - Sync 1 DAGs
[2023-12-06T10:17:21.831+0000] {logging_mixin.py:120} INFO - [2023-12-06T10:17:21.830+0000] {dag.py:3340} INFO - Setting next_dagrun for elastic_dag to 2023-12-06T00:00:00+00:00, run_after=2023-12-07T00:00:00+00:00
[2023-12-06T10:17:21.860+0000] {processor.py:176} INFO - Processing /opt/airflow/dags/elastic_dag.py took 0.370 seconds
[2023-12-06T10:17:51.964+0000] {processor.py:154} INFO - Started process (PID=147) to work on /opt/airflow/dags/elastic_dag.py
[2023-12-06T10:17:51.965+0000] {processor.py:756} INFO - Processing file /opt/airflow/dags/elastic_dag.py for tasks to queue
[2023-12-06T10:17:51.966+0000] {logging_mixin.py:120} INFO - [2023-12-06T10:17:51.966+0000] {dagbag.py:537} INFO - Filling up the DagBag from /opt/airflow/dags/elastic_dag.py
[2023-12-06T10:17:52.202+0000] {processor.py:766} INFO - DAG(s) dict_keys(['elastic_dag']) retrieved from /opt/airflow/dags/elastic_dag.py
[2023-12-06T10:17:52.236+0000] {logging_mixin.py:120} INFO - [2023-12-06T10:17:52.236+0000] {dag.py:2585} INFO - Sync 1 DAGs
[2023-12-06T10:17:52.271+0000] {logging_mixin.py:120} INFO - [2023-12-06T10:17:52.270+0000] {dag.py:3340} INFO - Setting next_dagrun for elastic_dag to 2023-12-06T00:00:00+00:00, run_after=2023-12-07T00:00:00+00:00
[2023-12-06T10:17:52.298+0000] {processor.py:176} INFO - Processing /opt/airflow/dags/elastic_dag.py took 0.337 seconds
[2023-12-06T10:18:22.677+0000] {processor.py:154} INFO - Started process (PID=179) to work on /opt/airflow/dags/elastic_dag.py
[2023-12-06T10:18:22.678+0000] {processor.py:756} INFO - Processing file /opt/airflow/dags/elastic_dag.py for tasks to queue
[2023-12-06T10:18:22.679+0000] {logging_mixin.py:120} INFO - [2023-12-06T10:18:22.679+0000] {dagbag.py:537} INFO - Filling up the DagBag from /opt/airflow/dags/elastic_dag.py
[2023-12-06T10:18:23.025+0000] {processor.py:766} INFO - DAG(s) dict_keys(['elastic_dag']) retrieved from /opt/airflow/dags/elastic_dag.py
[2023-12-06T10:18:23.147+0000] {logging_mixin.py:120} INFO - [2023-12-06T10:18:23.146+0000] {dag.py:2585} INFO - Sync 1 DAGs
[2023-12-06T10:18:23.182+0000] {logging_mixin.py:120} INFO - [2023-12-06T10:18:23.182+0000] {dag.py:3340} INFO - Setting next_dagrun for elastic_dag to 2023-12-06T00:00:00+00:00, run_after=2023-12-07T00:00:00+00:00
[2023-12-06T10:18:23.222+0000] {processor.py:176} INFO - Processing /opt/airflow/dags/elastic_dag.py took 0.548 seconds
[2023-12-06T10:18:53.900+0000] {processor.py:154} INFO - Started process (PID=229) to work on /opt/airflow/dags/elastic_dag.py
[2023-12-06T10:18:53.901+0000] {processor.py:756} INFO - Processing file /opt/airflow/dags/elastic_dag.py for tasks to queue
[2023-12-06T10:18:53.902+0000] {logging_mixin.py:120} INFO - [2023-12-06T10:18:53.902+0000] {dagbag.py:537} INFO - Filling up the DagBag from /opt/airflow/dags/elastic_dag.py
[2023-12-06T10:18:54.158+0000] {processor.py:766} INFO - DAG(s) dict_keys(['elastic_dag']) retrieved from /opt/airflow/dags/elastic_dag.py
[2023-12-06T10:18:54.192+0000] {logging_mixin.py:120} INFO - [2023-12-06T10:18:54.191+0000] {dag.py:2585} INFO - Sync 1 DAGs
[2023-12-06T10:18:54.218+0000] {logging_mixin.py:120} INFO - [2023-12-06T10:18:54.217+0000] {dag.py:3340} INFO - Setting next_dagrun for elastic_dag to 2023-12-06T00:00:00+00:00, run_after=2023-12-07T00:00:00+00:00
[2023-12-06T10:18:54.240+0000] {processor.py:176} INFO - Processing /opt/airflow/dags/elastic_dag.py took 0.342 seconds
[2023-12-06T10:19:24.989+0000] {processor.py:154} INFO - Started process (PID=272) to work on /opt/airflow/dags/elastic_dag.py
[2023-12-06T10:19:24.991+0000] {processor.py:756} INFO - Processing file /opt/airflow/dags/elastic_dag.py for tasks to queue
[2023-12-06T10:19:24.992+0000] {logging_mixin.py:120} INFO - [2023-12-06T10:19:24.992+0000] {dagbag.py:537} INFO - Filling up the DagBag from /opt/airflow/dags/elastic_dag.py
[2023-12-06T10:19:25.358+0000] {processor.py:766} INFO - DAG(s) dict_keys(['elastic_dag']) retrieved from /opt/airflow/dags/elastic_dag.py
[2023-12-06T10:19:25.411+0000] {logging_mixin.py:120} INFO - [2023-12-06T10:19:25.410+0000] {dag.py:2585} INFO - Sync 1 DAGs
[2023-12-06T10:19:25.448+0000] {logging_mixin.py:120} INFO - [2023-12-06T10:19:25.448+0000] {dag.py:3340} INFO - Setting next_dagrun for elastic_dag to 2023-12-06T00:00:00+00:00, run_after=2023-12-07T00:00:00+00:00
[2023-12-06T10:19:25.484+0000] {processor.py:176} INFO - Processing /opt/airflow/dags/elastic_dag.py took 0.499 seconds
[2023-12-06T10:19:56.179+0000] {processor.py:154} INFO - Started process (PID=307) to work on /opt/airflow/dags/elastic_dag.py
[2023-12-06T10:19:56.179+0000] {processor.py:756} INFO - Processing file /opt/airflow/dags/elastic_dag.py for tasks to queue
[2023-12-06T10:19:56.180+0000] {logging_mixin.py:120} INFO - [2023-12-06T10:19:56.180+0000] {dagbag.py:537} INFO - Filling up the DagBag from /opt/airflow/dags/elastic_dag.py
[2023-12-06T10:19:56.478+0000] {processor.py:766} INFO - DAG(s) dict_keys(['elastic_dag']) retrieved from /opt/airflow/dags/elastic_dag.py
[2023-12-06T10:19:56.509+0000] {logging_mixin.py:120} INFO - [2023-12-06T10:19:56.508+0000] {dag.py:2585} INFO - Sync 1 DAGs
[2023-12-06T10:19:56.530+0000] {logging_mixin.py:120} INFO - [2023-12-06T10:19:56.530+0000] {dag.py:3340} INFO - Setting next_dagrun for elastic_dag to 2023-12-06T00:00:00+00:00, run_after=2023-12-07T00:00:00+00:00
[2023-12-06T10:19:56.554+0000] {processor.py:176} INFO - Processing /opt/airflow/dags/elastic_dag.py took 0.377 seconds
[2023-12-06T10:20:27.368+0000] {processor.py:154} INFO - Started process (PID=349) to work on /opt/airflow/dags/elastic_dag.py
[2023-12-06T10:20:27.369+0000] {processor.py:756} INFO - Processing file /opt/airflow/dags/elastic_dag.py for tasks to queue
[2023-12-06T10:20:27.370+0000] {logging_mixin.py:120} INFO - [2023-12-06T10:20:27.370+0000] {dagbag.py:537} INFO - Filling up the DagBag from /opt/airflow/dags/elastic_dag.py
[2023-12-06T10:20:27.605+0000] {processor.py:766} INFO - DAG(s) dict_keys(['elastic_dag']) retrieved from /opt/airflow/dags/elastic_dag.py
[2023-12-06T10:20:27.642+0000] {logging_mixin.py:120} INFO - [2023-12-06T10:20:27.641+0000] {dag.py:2585} INFO - Sync 1 DAGs
[2023-12-06T10:20:27.684+0000] {logging_mixin.py:120} INFO - [2023-12-06T10:20:27.684+0000] {dag.py:3340} INFO - Setting next_dagrun for elastic_dag to 2023-12-06T00:00:00+00:00, run_after=2023-12-07T00:00:00+00:00
[2023-12-06T10:20:27.711+0000] {processor.py:176} INFO - Processing /opt/airflow/dags/elastic_dag.py took 0.345 seconds
[2023-12-06T10:20:58.552+0000] {processor.py:154} INFO - Started process (PID=391) to work on /opt/airflow/dags/elastic_dag.py
[2023-12-06T10:20:58.554+0000] {processor.py:756} INFO - Processing file /opt/airflow/dags/elastic_dag.py for tasks to queue
[2023-12-06T10:20:58.554+0000] {logging_mixin.py:120} INFO - [2023-12-06T10:20:58.554+0000] {dagbag.py:537} INFO - Filling up the DagBag from /opt/airflow/dags/elastic_dag.py
[2023-12-06T10:20:58.823+0000] {processor.py:766} INFO - DAG(s) dict_keys(['elastic_dag']) retrieved from /opt/airflow/dags/elastic_dag.py
[2023-12-06T10:20:58.857+0000] {logging_mixin.py:120} INFO - [2023-12-06T10:20:58.857+0000] {dag.py:2585} INFO - Sync 1 DAGs
[2023-12-06T10:20:58.880+0000] {logging_mixin.py:120} INFO - [2023-12-06T10:20:58.880+0000] {dag.py:3340} INFO - Setting next_dagrun for elastic_dag to 2023-12-06T00:00:00+00:00, run_after=2023-12-07T00:00:00+00:00
[2023-12-06T10:20:58.901+0000] {processor.py:176} INFO - Processing /opt/airflow/dags/elastic_dag.py took 0.352 seconds
[2023-12-06T10:21:29.014+0000] {processor.py:154} INFO - Started process (PID=433) to work on /opt/airflow/dags/elastic_dag.py
[2023-12-06T10:21:29.015+0000] {processor.py:756} INFO - Processing file /opt/airflow/dags/elastic_dag.py for tasks to queue
[2023-12-06T10:21:29.016+0000] {logging_mixin.py:120} INFO - [2023-12-06T10:21:29.016+0000] {dagbag.py:537} INFO - Filling up the DagBag from /opt/airflow/dags/elastic_dag.py
[2023-12-06T10:21:29.240+0000] {processor.py:766} INFO - DAG(s) dict_keys(['elastic_dag']) retrieved from /opt/airflow/dags/elastic_dag.py
[2023-12-06T10:21:29.271+0000] {logging_mixin.py:120} INFO - [2023-12-06T10:21:29.270+0000] {dag.py:2585} INFO - Sync 1 DAGs
[2023-12-06T10:21:29.292+0000] {logging_mixin.py:120} INFO - [2023-12-06T10:21:29.292+0000] {dag.py:3340} INFO - Setting next_dagrun for elastic_dag to 2023-12-06T00:00:00+00:00, run_after=2023-12-07T00:00:00+00:00
[2023-12-06T10:21:29.313+0000] {processor.py:176} INFO - Processing /opt/airflow/dags/elastic_dag.py took 0.302 seconds
[2023-12-06T10:22:00.201+0000] {processor.py:154} INFO - Started process (PID=475) to work on /opt/airflow/dags/elastic_dag.py
[2023-12-06T10:22:00.201+0000] {processor.py:756} INFO - Processing file /opt/airflow/dags/elastic_dag.py for tasks to queue
[2023-12-06T10:22:00.202+0000] {logging_mixin.py:120} INFO - [2023-12-06T10:22:00.202+0000] {dagbag.py:537} INFO - Filling up the DagBag from /opt/airflow/dags/elastic_dag.py
[2023-12-06T10:22:00.513+0000] {processor.py:766} INFO - DAG(s) dict_keys(['elastic_dag']) retrieved from /opt/airflow/dags/elastic_dag.py
[2023-12-06T10:22:00.558+0000] {logging_mixin.py:120} INFO - [2023-12-06T10:22:00.557+0000] {dag.py:2585} INFO - Sync 1 DAGs
[2023-12-06T10:22:00.593+0000] {logging_mixin.py:120} INFO - [2023-12-06T10:22:00.593+0000] {dag.py:3340} INFO - Setting next_dagrun for elastic_dag to 2023-12-06T00:00:00+00:00, run_after=2023-12-07T00:00:00+00:00
[2023-12-06T10:22:00.621+0000] {processor.py:176} INFO - Processing /opt/airflow/dags/elastic_dag.py took 0.423 seconds
[2023-12-06T10:22:31.342+0000] {processor.py:154} INFO - Started process (PID=509) to work on /opt/airflow/dags/elastic_dag.py
[2023-12-06T10:22:31.343+0000] {processor.py:756} INFO - Processing file /opt/airflow/dags/elastic_dag.py for tasks to queue
[2023-12-06T10:22:31.344+0000] {logging_mixin.py:120} INFO - [2023-12-06T10:22:31.344+0000] {dagbag.py:537} INFO - Filling up the DagBag from /opt/airflow/dags/elastic_dag.py
[2023-12-06T10:22:31.601+0000] {processor.py:766} INFO - DAG(s) dict_keys(['elastic_dag']) retrieved from /opt/airflow/dags/elastic_dag.py
[2023-12-06T10:22:31.639+0000] {logging_mixin.py:120} INFO - [2023-12-06T10:22:31.638+0000] {dag.py:2585} INFO - Sync 1 DAGs
[2023-12-06T10:22:31.670+0000] {logging_mixin.py:120} INFO - [2023-12-06T10:22:31.670+0000] {dag.py:3340} INFO - Setting next_dagrun for elastic_dag to 2023-12-06T00:00:00+00:00, run_after=2023-12-07T00:00:00+00:00
[2023-12-06T10:22:31.696+0000] {processor.py:176} INFO - Processing /opt/airflow/dags/elastic_dag.py took 0.357 seconds
[2023-12-06T10:23:01.959+0000] {processor.py:154} INFO - Started process (PID=551) to work on /opt/airflow/dags/elastic_dag.py
[2023-12-06T10:23:01.960+0000] {processor.py:756} INFO - Processing file /opt/airflow/dags/elastic_dag.py for tasks to queue
[2023-12-06T10:23:01.961+0000] {logging_mixin.py:120} INFO - [2023-12-06T10:23:01.961+0000] {dagbag.py:537} INFO - Filling up the DagBag from /opt/airflow/dags/elastic_dag.py
[2023-12-06T10:23:02.328+0000] {processor.py:766} INFO - DAG(s) dict_keys(['elastic_dag']) retrieved from /opt/airflow/dags/elastic_dag.py
[2023-12-06T10:23:02.377+0000] {logging_mixin.py:120} INFO - [2023-12-06T10:23:02.377+0000] {dag.py:2585} INFO - Sync 1 DAGs
[2023-12-06T10:23:02.413+0000] {logging_mixin.py:120} INFO - [2023-12-06T10:23:02.413+0000] {dag.py:3340} INFO - Setting next_dagrun for elastic_dag to 2023-12-06T00:00:00+00:00, run_after=2023-12-07T00:00:00+00:00
[2023-12-06T10:23:02.497+0000] {processor.py:176} INFO - Processing /opt/airflow/dags/elastic_dag.py took 0.542 seconds
[2023-12-06T10:23:33.270+0000] {processor.py:154} INFO - Started process (PID=593) to work on /opt/airflow/dags/elastic_dag.py
[2023-12-06T10:23:33.270+0000] {processor.py:756} INFO - Processing file /opt/airflow/dags/elastic_dag.py for tasks to queue
[2023-12-06T10:23:33.271+0000] {logging_mixin.py:120} INFO - [2023-12-06T10:23:33.271+0000] {dagbag.py:537} INFO - Filling up the DagBag from /opt/airflow/dags/elastic_dag.py
[2023-12-06T10:23:33.538+0000] {processor.py:766} INFO - DAG(s) dict_keys(['elastic_dag']) retrieved from /opt/airflow/dags/elastic_dag.py
[2023-12-06T10:23:33.569+0000] {logging_mixin.py:120} INFO - [2023-12-06T10:23:33.568+0000] {dag.py:2585} INFO - Sync 1 DAGs
[2023-12-06T10:23:33.591+0000] {logging_mixin.py:120} INFO - [2023-12-06T10:23:33.591+0000] {dag.py:3340} INFO - Setting next_dagrun for elastic_dag to 2023-12-06T00:00:00+00:00, run_after=2023-12-07T00:00:00+00:00
[2023-12-06T10:23:33.615+0000] {processor.py:176} INFO - Processing /opt/airflow/dags/elastic_dag.py took 0.348 seconds
[2023-12-06T10:24:03.694+0000] {processor.py:154} INFO - Started process (PID=635) to work on /opt/airflow/dags/elastic_dag.py
[2023-12-06T10:24:03.695+0000] {processor.py:756} INFO - Processing file /opt/airflow/dags/elastic_dag.py for tasks to queue
[2023-12-06T10:24:03.695+0000] {logging_mixin.py:120} INFO - [2023-12-06T10:24:03.695+0000] {dagbag.py:537} INFO - Filling up the DagBag from /opt/airflow/dags/elastic_dag.py
[2023-12-06T10:24:03.920+0000] {processor.py:766} INFO - DAG(s) dict_keys(['elastic_dag']) retrieved from /opt/airflow/dags/elastic_dag.py
[2023-12-06T10:24:03.951+0000] {logging_mixin.py:120} INFO - [2023-12-06T10:24:03.951+0000] {dag.py:2585} INFO - Sync 1 DAGs
[2023-12-06T10:24:03.975+0000] {logging_mixin.py:120} INFO - [2023-12-06T10:24:03.974+0000] {dag.py:3340} INFO - Setting next_dagrun for elastic_dag to 2023-12-06T00:00:00+00:00, run_after=2023-12-07T00:00:00+00:00
[2023-12-06T10:24:04.000+0000] {processor.py:176} INFO - Processing /opt/airflow/dags/elastic_dag.py took 0.308 seconds
[2023-12-06T10:24:34.928+0000] {processor.py:154} INFO - Started process (PID=668) to work on /opt/airflow/dags/elastic_dag.py
[2023-12-06T10:24:34.929+0000] {processor.py:756} INFO - Processing file /opt/airflow/dags/elastic_dag.py for tasks to queue
[2023-12-06T10:24:34.930+0000] {logging_mixin.py:120} INFO - [2023-12-06T10:24:34.930+0000] {dagbag.py:537} INFO - Filling up the DagBag from /opt/airflow/dags/elastic_dag.py
[2023-12-06T10:24:35.308+0000] {processor.py:766} INFO - DAG(s) dict_keys(['elastic_dag']) retrieved from /opt/airflow/dags/elastic_dag.py
[2023-12-06T10:24:35.385+0000] {logging_mixin.py:120} INFO - [2023-12-06T10:24:35.384+0000] {dag.py:2585} INFO - Sync 1 DAGs
[2023-12-06T10:24:35.420+0000] {logging_mixin.py:120} INFO - [2023-12-06T10:24:35.419+0000] {dag.py:3340} INFO - Setting next_dagrun for elastic_dag to 2023-12-06T00:00:00+00:00, run_after=2023-12-07T00:00:00+00:00
[2023-12-06T10:24:35.445+0000] {processor.py:176} INFO - Processing /opt/airflow/dags/elastic_dag.py took 0.520 seconds
[2023-12-06T10:25:06.114+0000] {processor.py:154} INFO - Started process (PID=710) to work on /opt/airflow/dags/elastic_dag.py
[2023-12-06T10:25:06.115+0000] {processor.py:756} INFO - Processing file /opt/airflow/dags/elastic_dag.py for tasks to queue
[2023-12-06T10:25:06.115+0000] {logging_mixin.py:120} INFO - [2023-12-06T10:25:06.115+0000] {dagbag.py:537} INFO - Filling up the DagBag from /opt/airflow/dags/elastic_dag.py
[2023-12-06T10:25:06.365+0000] {processor.py:766} INFO - DAG(s) dict_keys(['elastic_dag']) retrieved from /opt/airflow/dags/elastic_dag.py
[2023-12-06T10:25:06.403+0000] {logging_mixin.py:120} INFO - [2023-12-06T10:25:06.403+0000] {dag.py:2585} INFO - Sync 1 DAGs
[2023-12-06T10:25:06.426+0000] {logging_mixin.py:120} INFO - [2023-12-06T10:25:06.426+0000] {dag.py:3340} INFO - Setting next_dagrun for elastic_dag to 2023-12-06T00:00:00+00:00, run_after=2023-12-07T00:00:00+00:00
[2023-12-06T10:25:06.454+0000] {processor.py:176} INFO - Processing /opt/airflow/dags/elastic_dag.py took 0.342 seconds
[2023-12-06T10:25:36.773+0000] {processor.py:154} INFO - Started process (PID=752) to work on /opt/airflow/dags/elastic_dag.py
[2023-12-06T10:25:36.773+0000] {processor.py:756} INFO - Processing file /opt/airflow/dags/elastic_dag.py for tasks to queue
[2023-12-06T10:25:36.774+0000] {logging_mixin.py:120} INFO - [2023-12-06T10:25:36.774+0000] {dagbag.py:537} INFO - Filling up the DagBag from /opt/airflow/dags/elastic_dag.py
[2023-12-06T10:25:36.995+0000] {processor.py:766} INFO - DAG(s) dict_keys(['elastic_dag']) retrieved from /opt/airflow/dags/elastic_dag.py
[2023-12-06T10:25:37.031+0000] {logging_mixin.py:120} INFO - [2023-12-06T10:25:37.030+0000] {dag.py:2585} INFO - Sync 1 DAGs
[2023-12-06T10:25:37.064+0000] {logging_mixin.py:120} INFO - [2023-12-06T10:25:37.064+0000] {dag.py:3340} INFO - Setting next_dagrun for elastic_dag to 2023-12-06T00:00:00+00:00, run_after=2023-12-07T00:00:00+00:00
[2023-12-06T10:25:37.091+0000] {processor.py:176} INFO - Processing /opt/airflow/dags/elastic_dag.py took 0.321 seconds
[2023-12-06T10:26:07.384+0000] {processor.py:154} INFO - Started process (PID=794) to work on /opt/airflow/dags/elastic_dag.py
[2023-12-06T10:26:07.385+0000] {processor.py:756} INFO - Processing file /opt/airflow/dags/elastic_dag.py for tasks to queue
[2023-12-06T10:26:07.386+0000] {logging_mixin.py:120} INFO - [2023-12-06T10:26:07.386+0000] {dagbag.py:537} INFO - Filling up the DagBag from /opt/airflow/dags/elastic_dag.py
[2023-12-06T10:26:07.649+0000] {processor.py:766} INFO - DAG(s) dict_keys(['elastic_dag']) retrieved from /opt/airflow/dags/elastic_dag.py
[2023-12-06T10:26:07.682+0000] {logging_mixin.py:120} INFO - [2023-12-06T10:26:07.682+0000] {dag.py:2585} INFO - Sync 1 DAGs
[2023-12-06T10:26:07.705+0000] {logging_mixin.py:120} INFO - [2023-12-06T10:26:07.705+0000] {dag.py:3340} INFO - Setting next_dagrun for elastic_dag to 2023-12-06T00:00:00+00:00, run_after=2023-12-07T00:00:00+00:00
[2023-12-06T10:26:07.727+0000] {processor.py:176} INFO - Processing /opt/airflow/dags/elastic_dag.py took 0.346 seconds
[2023-12-06T10:26:37.927+0000] {processor.py:154} INFO - Started process (PID=828) to work on /opt/airflow/dags/elastic_dag.py
[2023-12-06T10:26:37.928+0000] {processor.py:756} INFO - Processing file /opt/airflow/dags/elastic_dag.py for tasks to queue
[2023-12-06T10:26:37.928+0000] {logging_mixin.py:120} INFO - [2023-12-06T10:26:37.928+0000] {dagbag.py:537} INFO - Filling up the DagBag from /opt/airflow/dags/elastic_dag.py
[2023-12-06T10:26:38.173+0000] {processor.py:766} INFO - DAG(s) dict_keys(['elastic_dag']) retrieved from /opt/airflow/dags/elastic_dag.py
[2023-12-06T10:26:38.210+0000] {logging_mixin.py:120} INFO - [2023-12-06T10:26:38.209+0000] {dag.py:2585} INFO - Sync 1 DAGs
[2023-12-06T10:26:38.243+0000] {logging_mixin.py:120} INFO - [2023-12-06T10:26:38.243+0000] {dag.py:3340} INFO - Setting next_dagrun for elastic_dag to 2023-12-06T00:00:00+00:00, run_after=2023-12-07T00:00:00+00:00
[2023-12-06T10:26:38.268+0000] {processor.py:176} INFO - Processing /opt/airflow/dags/elastic_dag.py took 0.343 seconds
[2023-12-06T10:27:08.965+0000] {processor.py:154} INFO - Started process (PID=870) to work on /opt/airflow/dags/elastic_dag.py
[2023-12-06T10:27:08.966+0000] {processor.py:756} INFO - Processing file /opt/airflow/dags/elastic_dag.py for tasks to queue
[2023-12-06T10:27:08.966+0000] {logging_mixin.py:120} INFO - [2023-12-06T10:27:08.966+0000] {dagbag.py:537} INFO - Filling up the DagBag from /opt/airflow/dags/elastic_dag.py
[2023-12-06T10:27:09.197+0000] {processor.py:766} INFO - DAG(s) dict_keys(['elastic_dag']) retrieved from /opt/airflow/dags/elastic_dag.py
[2023-12-06T10:27:09.229+0000] {logging_mixin.py:120} INFO - [2023-12-06T10:27:09.228+0000] {dag.py:2585} INFO - Sync 1 DAGs
[2023-12-06T10:27:09.250+0000] {logging_mixin.py:120} INFO - [2023-12-06T10:27:09.250+0000] {dag.py:3340} INFO - Setting next_dagrun for elastic_dag to 2023-12-06T00:00:00+00:00, run_after=2023-12-07T00:00:00+00:00
[2023-12-06T10:27:09.273+0000] {processor.py:176} INFO - Processing /opt/airflow/dags/elastic_dag.py took 0.310 seconds
[2023-12-06T10:27:39.394+0000] {processor.py:154} INFO - Started process (PID=914) to work on /opt/airflow/dags/elastic_dag.py
[2023-12-06T10:27:39.394+0000] {processor.py:756} INFO - Processing file /opt/airflow/dags/elastic_dag.py for tasks to queue
[2023-12-06T10:27:39.395+0000] {logging_mixin.py:120} INFO - [2023-12-06T10:27:39.395+0000] {dagbag.py:537} INFO - Filling up the DagBag from /opt/airflow/dags/elastic_dag.py
[2023-12-06T10:27:39.620+0000] {processor.py:766} INFO - DAG(s) dict_keys(['elastic_dag']) retrieved from /opt/airflow/dags/elastic_dag.py
[2023-12-06T10:27:39.651+0000] {logging_mixin.py:120} INFO - [2023-12-06T10:27:39.650+0000] {dag.py:2585} INFO - Sync 1 DAGs
[2023-12-06T10:27:39.672+0000] {logging_mixin.py:120} INFO - [2023-12-06T10:27:39.671+0000] {dag.py:3340} INFO - Setting next_dagrun for elastic_dag to 2023-12-06T00:00:00+00:00, run_after=2023-12-07T00:00:00+00:00
[2023-12-06T10:27:39.691+0000] {processor.py:176} INFO - Processing /opt/airflow/dags/elastic_dag.py took 0.300 seconds
[2023-12-06T10:28:10.468+0000] {processor.py:154} INFO - Started process (PID=955) to work on /opt/airflow/dags/elastic_dag.py
[2023-12-06T10:28:10.469+0000] {processor.py:756} INFO - Processing file /opt/airflow/dags/elastic_dag.py for tasks to queue
[2023-12-06T10:28:10.470+0000] {logging_mixin.py:120} INFO - [2023-12-06T10:28:10.470+0000] {dagbag.py:537} INFO - Filling up the DagBag from /opt/airflow/dags/elastic_dag.py
[2023-12-06T10:28:10.874+0000] {processor.py:766} INFO - DAG(s) dict_keys(['elastic_dag']) retrieved from /opt/airflow/dags/elastic_dag.py
[2023-12-06T10:28:10.918+0000] {logging_mixin.py:120} INFO - [2023-12-06T10:28:10.917+0000] {dag.py:2585} INFO - Sync 1 DAGs
[2023-12-06T10:28:10.955+0000] {logging_mixin.py:120} INFO - [2023-12-06T10:28:10.955+0000] {dag.py:3340} INFO - Setting next_dagrun for elastic_dag to 2023-12-06T00:00:00+00:00, run_after=2023-12-07T00:00:00+00:00
[2023-12-06T10:28:10.985+0000] {processor.py:176} INFO - Processing /opt/airflow/dags/elastic_dag.py took 0.521 seconds
[2023-12-06T10:28:41.727+0000] {processor.py:154} INFO - Started process (PID=990) to work on /opt/airflow/dags/elastic_dag.py
[2023-12-06T10:28:41.727+0000] {processor.py:756} INFO - Processing file /opt/airflow/dags/elastic_dag.py for tasks to queue
[2023-12-06T10:28:41.728+0000] {logging_mixin.py:120} INFO - [2023-12-06T10:28:41.728+0000] {dagbag.py:537} INFO - Filling up the DagBag from /opt/airflow/dags/elastic_dag.py
[2023-12-06T10:28:41.959+0000] {processor.py:766} INFO - DAG(s) dict_keys(['elastic_dag']) retrieved from /opt/airflow/dags/elastic_dag.py
[2023-12-06T10:28:41.990+0000] {logging_mixin.py:120} INFO - [2023-12-06T10:28:41.990+0000] {dag.py:2585} INFO - Sync 1 DAGs
[2023-12-06T10:28:42.012+0000] {logging_mixin.py:120} INFO - [2023-12-06T10:28:42.012+0000] {dag.py:3340} INFO - Setting next_dagrun for elastic_dag to 2023-12-06T00:00:00+00:00, run_after=2023-12-07T00:00:00+00:00
[2023-12-06T10:28:42.033+0000] {processor.py:176} INFO - Processing /opt/airflow/dags/elastic_dag.py took 0.309 seconds
[2023-12-06T10:29:12.786+0000] {processor.py:154} INFO - Started process (PID=1032) to work on /opt/airflow/dags/elastic_dag.py
[2023-12-06T10:29:12.786+0000] {processor.py:756} INFO - Processing file /opt/airflow/dags/elastic_dag.py for tasks to queue
[2023-12-06T10:29:12.787+0000] {logging_mixin.py:120} INFO - [2023-12-06T10:29:12.787+0000] {dagbag.py:537} INFO - Filling up the DagBag from /opt/airflow/dags/elastic_dag.py
[2023-12-06T10:29:13.007+0000] {processor.py:766} INFO - DAG(s) dict_keys(['elastic_dag']) retrieved from /opt/airflow/dags/elastic_dag.py
[2023-12-06T10:29:13.047+0000] {logging_mixin.py:120} INFO - [2023-12-06T10:29:13.047+0000] {dag.py:2585} INFO - Sync 1 DAGs
[2023-12-06T10:29:13.075+0000] {logging_mixin.py:120} INFO - [2023-12-06T10:29:13.075+0000] {dag.py:3340} INFO - Setting next_dagrun for elastic_dag to 2023-12-06T00:00:00+00:00, run_after=2023-12-07T00:00:00+00:00
[2023-12-06T10:29:13.099+0000] {processor.py:176} INFO - Processing /opt/airflow/dags/elastic_dag.py took 0.315 seconds
[2023-12-06T20:11:02.647+0000] {processor.py:154} INFO - Started process (PID=50) to work on /opt/airflow/dags/elastic_dag.py
[2023-12-06T20:11:02.655+0000] {processor.py:756} INFO - Processing file /opt/airflow/dags/elastic_dag.py for tasks to queue
[2023-12-06T20:11:02.656+0000] {logging_mixin.py:120} INFO - [2023-12-06T20:11:02.656+0000] {dagbag.py:537} INFO - Filling up the DagBag from /opt/airflow/dags/elastic_dag.py
[2023-12-06T20:11:05.285+0000] {processor.py:766} INFO - DAG(s) dict_keys(['elastic_dag']) retrieved from /opt/airflow/dags/elastic_dag.py
[2023-12-06T20:11:05.384+0000] {logging_mixin.py:120} INFO - [2023-12-06T20:11:05.383+0000] {dag.py:2585} INFO - Sync 1 DAGs
[2023-12-06T20:11:05.475+0000] {logging_mixin.py:120} INFO - [2023-12-06T20:11:05.475+0000] {dag.py:3340} INFO - Setting next_dagrun for elastic_dag to 2023-12-06T00:00:00+00:00, run_after=2023-12-07T00:00:00+00:00
[2023-12-06T20:11:05.564+0000] {processor.py:176} INFO - Processing /opt/airflow/dags/elastic_dag.py took 2.921 seconds
[2023-12-06T20:11:36.345+0000] {processor.py:154} INFO - Started process (PID=87) to work on /opt/airflow/dags/elastic_dag.py
[2023-12-06T20:11:36.350+0000] {processor.py:756} INFO - Processing file /opt/airflow/dags/elastic_dag.py for tasks to queue
[2023-12-06T20:11:36.364+0000] {logging_mixin.py:120} INFO - [2023-12-06T20:11:36.363+0000] {dagbag.py:537} INFO - Filling up the DagBag from /opt/airflow/dags/elastic_dag.py
[2023-12-06T20:11:37.012+0000] {processor.py:766} INFO - DAG(s) dict_keys(['elastic_dag']) retrieved from /opt/airflow/dags/elastic_dag.py
[2023-12-06T20:11:37.189+0000] {logging_mixin.py:120} INFO - [2023-12-06T20:11:37.187+0000] {dag.py:2585} INFO - Sync 1 DAGs
[2023-12-06T20:11:37.293+0000] {logging_mixin.py:120} INFO - [2023-12-06T20:11:37.291+0000] {dag.py:3340} INFO - Setting next_dagrun for elastic_dag to 2023-12-06T00:00:00+00:00, run_after=2023-12-07T00:00:00+00:00
[2023-12-06T20:11:37.401+0000] {processor.py:176} INFO - Processing /opt/airflow/dags/elastic_dag.py took 1.087 seconds
[2023-12-06T20:12:07.756+0000] {processor.py:154} INFO - Started process (PID=122) to work on /opt/airflow/dags/elastic_dag.py
[2023-12-06T20:12:07.759+0000] {processor.py:756} INFO - Processing file /opt/airflow/dags/elastic_dag.py for tasks to queue
[2023-12-06T20:12:07.760+0000] {logging_mixin.py:120} INFO - [2023-12-06T20:12:07.760+0000] {dagbag.py:537} INFO - Filling up the DagBag from /opt/airflow/dags/elastic_dag.py
[2023-12-06T20:12:08.270+0000] {processor.py:766} INFO - DAG(s) dict_keys(['elastic_dag']) retrieved from /opt/airflow/dags/elastic_dag.py
[2023-12-06T20:12:08.356+0000] {logging_mixin.py:120} INFO - [2023-12-06T20:12:08.355+0000] {dag.py:2585} INFO - Sync 1 DAGs
[2023-12-06T20:12:08.488+0000] {logging_mixin.py:120} INFO - [2023-12-06T20:12:08.487+0000] {dag.py:3340} INFO - Setting next_dagrun for elastic_dag to 2023-12-06T00:00:00+00:00, run_after=2023-12-07T00:00:00+00:00
[2023-12-06T20:12:08.678+0000] {processor.py:176} INFO - Processing /opt/airflow/dags/elastic_dag.py took 0.925 seconds
[2023-12-06T20:12:38.940+0000] {processor.py:154} INFO - Started process (PID=155) to work on /opt/airflow/dags/elastic_dag.py
[2023-12-06T20:12:38.952+0000] {processor.py:756} INFO - Processing file /opt/airflow/dags/elastic_dag.py for tasks to queue
[2023-12-06T20:12:38.952+0000] {logging_mixin.py:120} INFO - [2023-12-06T20:12:38.952+0000] {dagbag.py:537} INFO - Filling up the DagBag from /opt/airflow/dags/elastic_dag.py
[2023-12-06T20:12:39.706+0000] {processor.py:766} INFO - DAG(s) dict_keys(['elastic_dag']) retrieved from /opt/airflow/dags/elastic_dag.py
[2023-12-06T20:12:39.812+0000] {logging_mixin.py:120} INFO - [2023-12-06T20:12:39.806+0000] {dag.py:2585} INFO - Sync 1 DAGs
[2023-12-06T20:12:39.894+0000] {logging_mixin.py:120} INFO - [2023-12-06T20:12:39.891+0000] {dag.py:3340} INFO - Setting next_dagrun for elastic_dag to 2023-12-06T00:00:00+00:00, run_after=2023-12-07T00:00:00+00:00
[2023-12-06T20:12:39.964+0000] {processor.py:176} INFO - Processing /opt/airflow/dags/elastic_dag.py took 1.028 seconds
[2023-12-06T20:13:10.517+0000] {processor.py:154} INFO - Started process (PID=199) to work on /opt/airflow/dags/elastic_dag.py
[2023-12-06T20:13:10.528+0000] {processor.py:756} INFO - Processing file /opt/airflow/dags/elastic_dag.py for tasks to queue
[2023-12-06T20:13:10.533+0000] {logging_mixin.py:120} INFO - [2023-12-06T20:13:10.533+0000] {dagbag.py:537} INFO - Filling up the DagBag from /opt/airflow/dags/elastic_dag.py
[2023-12-06T20:13:12.073+0000] {processor.py:766} INFO - DAG(s) dict_keys(['elastic_dag']) retrieved from /opt/airflow/dags/elastic_dag.py
[2023-12-06T20:13:12.180+0000] {logging_mixin.py:120} INFO - [2023-12-06T20:13:12.180+0000] {dag.py:2585} INFO - Sync 1 DAGs
[2023-12-06T20:13:12.250+0000] {logging_mixin.py:120} INFO - [2023-12-06T20:13:12.250+0000] {dag.py:3340} INFO - Setting next_dagrun for elastic_dag to 2023-12-06T00:00:00+00:00, run_after=2023-12-07T00:00:00+00:00
[2023-12-06T20:13:12.320+0000] {processor.py:176} INFO - Processing /opt/airflow/dags/elastic_dag.py took 1.814 seconds
[2023-12-06T20:13:42.745+0000] {processor.py:154} INFO - Started process (PID=232) to work on /opt/airflow/dags/elastic_dag.py
[2023-12-06T20:13:42.758+0000] {processor.py:756} INFO - Processing file /opt/airflow/dags/elastic_dag.py for tasks to queue
[2023-12-06T20:13:42.759+0000] {logging_mixin.py:120} INFO - [2023-12-06T20:13:42.759+0000] {dagbag.py:537} INFO - Filling up the DagBag from /opt/airflow/dags/elastic_dag.py
[2023-12-06T20:13:43.485+0000] {processor.py:766} INFO - DAG(s) dict_keys(['elastic_dag']) retrieved from /opt/airflow/dags/elastic_dag.py
[2023-12-06T20:13:43.551+0000] {logging_mixin.py:120} INFO - [2023-12-06T20:13:43.550+0000] {dag.py:2585} INFO - Sync 1 DAGs
[2023-12-06T20:13:43.585+0000] {logging_mixin.py:120} INFO - [2023-12-06T20:13:43.585+0000] {dag.py:3340} INFO - Setting next_dagrun for elastic_dag to 2023-12-06T00:00:00+00:00, run_after=2023-12-07T00:00:00+00:00
[2023-12-06T20:13:43.627+0000] {processor.py:176} INFO - Processing /opt/airflow/dags/elastic_dag.py took 0.885 seconds
[2023-12-06T20:14:14.175+0000] {processor.py:154} INFO - Started process (PID=266) to work on /opt/airflow/dags/elastic_dag.py
[2023-12-06T20:14:14.176+0000] {processor.py:756} INFO - Processing file /opt/airflow/dags/elastic_dag.py for tasks to queue
[2023-12-06T20:14:14.176+0000] {logging_mixin.py:120} INFO - [2023-12-06T20:14:14.176+0000] {dagbag.py:537} INFO - Filling up the DagBag from /opt/airflow/dags/elastic_dag.py
[2023-12-06T20:14:14.481+0000] {processor.py:766} INFO - DAG(s) dict_keys(['elastic_dag']) retrieved from /opt/airflow/dags/elastic_dag.py
[2023-12-06T20:14:14.516+0000] {logging_mixin.py:120} INFO - [2023-12-06T20:14:14.515+0000] {dag.py:2585} INFO - Sync 1 DAGs
[2023-12-06T20:14:14.537+0000] {logging_mixin.py:120} INFO - [2023-12-06T20:14:14.537+0000] {dag.py:3340} INFO - Setting next_dagrun for elastic_dag to 2023-12-06T00:00:00+00:00, run_after=2023-12-07T00:00:00+00:00
[2023-12-06T20:14:14.559+0000] {processor.py:176} INFO - Processing /opt/airflow/dags/elastic_dag.py took 0.388 seconds
[2023-12-06T20:14:44.723+0000] {processor.py:154} INFO - Started process (PID=309) to work on /opt/airflow/dags/elastic_dag.py
[2023-12-06T20:14:44.724+0000] {processor.py:756} INFO - Processing file /opt/airflow/dags/elastic_dag.py for tasks to queue
[2023-12-06T20:14:44.724+0000] {logging_mixin.py:120} INFO - [2023-12-06T20:14:44.724+0000] {dagbag.py:537} INFO - Filling up the DagBag from /opt/airflow/dags/elastic_dag.py
[2023-12-06T20:14:45.022+0000] {processor.py:766} INFO - DAG(s) dict_keys(['elastic_dag']) retrieved from /opt/airflow/dags/elastic_dag.py
[2023-12-06T20:14:45.059+0000] {logging_mixin.py:120} INFO - [2023-12-06T20:14:45.059+0000] {dag.py:2585} INFO - Sync 1 DAGs
[2023-12-06T20:14:45.085+0000] {logging_mixin.py:120} INFO - [2023-12-06T20:14:45.085+0000] {dag.py:3340} INFO - Setting next_dagrun for elastic_dag to 2023-12-06T00:00:00+00:00, run_after=2023-12-07T00:00:00+00:00
[2023-12-06T20:14:45.109+0000] {processor.py:176} INFO - Processing /opt/airflow/dags/elastic_dag.py took 0.389 seconds
[2023-12-06T20:15:15.389+0000] {processor.py:154} INFO - Started process (PID=341) to work on /opt/airflow/dags/elastic_dag.py
[2023-12-06T20:15:15.390+0000] {processor.py:756} INFO - Processing file /opt/airflow/dags/elastic_dag.py for tasks to queue
[2023-12-06T20:15:15.391+0000] {logging_mixin.py:120} INFO - [2023-12-06T20:15:15.391+0000] {dagbag.py:537} INFO - Filling up the DagBag from /opt/airflow/dags/elastic_dag.py
[2023-12-06T20:15:15.733+0000] {processor.py:766} INFO - DAG(s) dict_keys(['elastic_dag']) retrieved from /opt/airflow/dags/elastic_dag.py
[2023-12-06T20:15:15.763+0000] {logging_mixin.py:120} INFO - [2023-12-06T20:15:15.763+0000] {dag.py:2585} INFO - Sync 1 DAGs
[2023-12-06T20:15:15.785+0000] {logging_mixin.py:120} INFO - [2023-12-06T20:15:15.785+0000] {dag.py:3340} INFO - Setting next_dagrun for elastic_dag to 2023-12-06T00:00:00+00:00, run_after=2023-12-07T00:00:00+00:00
[2023-12-06T20:15:15.806+0000] {processor.py:176} INFO - Processing /opt/airflow/dags/elastic_dag.py took 0.420 seconds
[2023-12-06T20:15:46.003+0000] {processor.py:154} INFO - Started process (PID=382) to work on /opt/airflow/dags/elastic_dag.py
[2023-12-06T20:15:46.003+0000] {processor.py:756} INFO - Processing file /opt/airflow/dags/elastic_dag.py for tasks to queue
[2023-12-06T20:15:46.007+0000] {logging_mixin.py:120} INFO - [2023-12-06T20:15:46.007+0000] {dagbag.py:537} INFO - Filling up the DagBag from /opt/airflow/dags/elastic_dag.py
[2023-12-06T20:15:46.391+0000] {processor.py:766} INFO - DAG(s) dict_keys(['elastic_dag']) retrieved from /opt/airflow/dags/elastic_dag.py
[2023-12-06T20:15:46.445+0000] {logging_mixin.py:120} INFO - [2023-12-06T20:15:46.445+0000] {dag.py:2585} INFO - Sync 1 DAGs
[2023-12-06T20:15:46.475+0000] {logging_mixin.py:120} INFO - [2023-12-06T20:15:46.475+0000] {dag.py:3340} INFO - Setting next_dagrun for elastic_dag to 2023-12-06T00:00:00+00:00, run_after=2023-12-07T00:00:00+00:00
[2023-12-06T20:15:46.504+0000] {processor.py:176} INFO - Processing /opt/airflow/dags/elastic_dag.py took 0.505 seconds
[2023-12-06T20:16:16.570+0000] {processor.py:154} INFO - Started process (PID=425) to work on /opt/airflow/dags/elastic_dag.py
[2023-12-06T20:16:16.576+0000] {processor.py:756} INFO - Processing file /opt/airflow/dags/elastic_dag.py for tasks to queue
[2023-12-06T20:16:16.577+0000] {logging_mixin.py:120} INFO - [2023-12-06T20:16:16.577+0000] {dagbag.py:537} INFO - Filling up the DagBag from /opt/airflow/dags/elastic_dag.py
[2023-12-06T20:16:16.919+0000] {processor.py:766} INFO - DAG(s) dict_keys(['elastic_dag']) retrieved from /opt/airflow/dags/elastic_dag.py
[2023-12-06T20:16:16.964+0000] {logging_mixin.py:120} INFO - [2023-12-06T20:16:16.963+0000] {dag.py:2585} INFO - Sync 1 DAGs
[2023-12-06T20:16:17.000+0000] {logging_mixin.py:120} INFO - [2023-12-06T20:16:17.000+0000] {dag.py:3340} INFO - Setting next_dagrun for elastic_dag to 2023-12-06T00:00:00+00:00, run_after=2023-12-07T00:00:00+00:00
[2023-12-06T20:16:17.026+0000] {processor.py:176} INFO - Processing /opt/airflow/dags/elastic_dag.py took 0.464 seconds
[2023-12-06T20:16:47.192+0000] {processor.py:154} INFO - Started process (PID=458) to work on /opt/airflow/dags/elastic_dag.py
[2023-12-06T20:16:47.192+0000] {processor.py:756} INFO - Processing file /opt/airflow/dags/elastic_dag.py for tasks to queue
[2023-12-06T20:16:47.193+0000] {logging_mixin.py:120} INFO - [2023-12-06T20:16:47.193+0000] {dagbag.py:537} INFO - Filling up the DagBag from /opt/airflow/dags/elastic_dag.py
[2023-12-06T20:16:47.410+0000] {processor.py:766} INFO - DAG(s) dict_keys(['elastic_dag']) retrieved from /opt/airflow/dags/elastic_dag.py
[2023-12-06T20:16:47.441+0000] {logging_mixin.py:120} INFO - [2023-12-06T20:16:47.441+0000] {dag.py:2585} INFO - Sync 1 DAGs
[2023-12-06T20:16:47.463+0000] {logging_mixin.py:120} INFO - [2023-12-06T20:16:47.463+0000] {dag.py:3340} INFO - Setting next_dagrun for elastic_dag to 2023-12-06T00:00:00+00:00, run_after=2023-12-07T00:00:00+00:00
[2023-12-06T20:16:47.484+0000] {processor.py:176} INFO - Processing /opt/airflow/dags/elastic_dag.py took 0.295 seconds
[2023-12-06T20:17:17.669+0000] {processor.py:154} INFO - Started process (PID=500) to work on /opt/airflow/dags/elastic_dag.py
[2023-12-06T20:17:17.670+0000] {processor.py:756} INFO - Processing file /opt/airflow/dags/elastic_dag.py for tasks to queue
[2023-12-06T20:17:17.670+0000] {logging_mixin.py:120} INFO - [2023-12-06T20:17:17.670+0000] {dagbag.py:537} INFO - Filling up the DagBag from /opt/airflow/dags/elastic_dag.py
[2023-12-06T20:17:17.897+0000] {processor.py:766} INFO - DAG(s) dict_keys(['elastic_dag']) retrieved from /opt/airflow/dags/elastic_dag.py
[2023-12-06T20:17:17.927+0000] {logging_mixin.py:120} INFO - [2023-12-06T20:17:17.927+0000] {dag.py:2585} INFO - Sync 1 DAGs
[2023-12-06T20:17:17.949+0000] {logging_mixin.py:120} INFO - [2023-12-06T20:17:17.949+0000] {dag.py:3340} INFO - Setting next_dagrun for elastic_dag to 2023-12-06T00:00:00+00:00, run_after=2023-12-07T00:00:00+00:00
[2023-12-06T20:17:17.970+0000] {processor.py:176} INFO - Processing /opt/airflow/dags/elastic_dag.py took 0.303 seconds
[2023-12-06T20:17:48.133+0000] {processor.py:154} INFO - Started process (PID=540) to work on /opt/airflow/dags/elastic_dag.py
[2023-12-06T20:17:48.168+0000] {processor.py:756} INFO - Processing file /opt/airflow/dags/elastic_dag.py for tasks to queue
[2023-12-06T20:17:48.173+0000] {logging_mixin.py:120} INFO - [2023-12-06T20:17:48.172+0000] {dagbag.py:537} INFO - Filling up the DagBag from /opt/airflow/dags/elastic_dag.py
[2023-12-06T20:17:48.621+0000] {processor.py:766} INFO - DAG(s) dict_keys(['elastic_dag']) retrieved from /opt/airflow/dags/elastic_dag.py
[2023-12-06T20:17:48.688+0000] {logging_mixin.py:120} INFO - [2023-12-06T20:17:48.687+0000] {dag.py:2585} INFO - Sync 1 DAGs
[2023-12-06T20:17:48.738+0000] {logging_mixin.py:120} INFO - [2023-12-06T20:17:48.738+0000] {dag.py:3340} INFO - Setting next_dagrun for elastic_dag to 2023-12-06T00:00:00+00:00, run_after=2023-12-07T00:00:00+00:00
[2023-12-06T20:17:48.776+0000] {processor.py:176} INFO - Processing /opt/airflow/dags/elastic_dag.py took 0.646 seconds
[2023-12-06T20:18:18.976+0000] {processor.py:154} INFO - Started process (PID=573) to work on /opt/airflow/dags/elastic_dag.py
[2023-12-06T20:18:18.977+0000] {processor.py:756} INFO - Processing file /opt/airflow/dags/elastic_dag.py for tasks to queue
[2023-12-06T20:18:18.978+0000] {logging_mixin.py:120} INFO - [2023-12-06T20:18:18.978+0000] {dagbag.py:537} INFO - Filling up the DagBag from /opt/airflow/dags/elastic_dag.py
[2023-12-06T20:18:19.361+0000] {processor.py:766} INFO - DAG(s) dict_keys(['elastic_dag']) retrieved from /opt/airflow/dags/elastic_dag.py
[2023-12-06T20:18:19.401+0000] {logging_mixin.py:120} INFO - [2023-12-06T20:18:19.401+0000] {dag.py:2585} INFO - Sync 1 DAGs
[2023-12-06T20:18:19.424+0000] {logging_mixin.py:120} INFO - [2023-12-06T20:18:19.424+0000] {dag.py:3340} INFO - Setting next_dagrun for elastic_dag to 2023-12-06T00:00:00+00:00, run_after=2023-12-07T00:00:00+00:00
[2023-12-06T20:18:19.447+0000] {processor.py:176} INFO - Processing /opt/airflow/dags/elastic_dag.py took 0.474 seconds
[2023-12-06T20:18:50.289+0000] {processor.py:154} INFO - Started process (PID=617) to work on /opt/airflow/dags/elastic_dag.py
[2023-12-06T20:18:50.290+0000] {processor.py:756} INFO - Processing file /opt/airflow/dags/elastic_dag.py for tasks to queue
[2023-12-06T20:18:50.291+0000] {logging_mixin.py:120} INFO - [2023-12-06T20:18:50.291+0000] {dagbag.py:537} INFO - Filling up the DagBag from /opt/airflow/dags/elastic_dag.py
[2023-12-06T20:18:50.652+0000] {processor.py:766} INFO - DAG(s) dict_keys(['elastic_dag']) retrieved from /opt/airflow/dags/elastic_dag.py
[2023-12-06T20:18:50.714+0000] {logging_mixin.py:120} INFO - [2023-12-06T20:18:50.713+0000] {dag.py:2585} INFO - Sync 1 DAGs
[2023-12-06T20:18:50.758+0000] {logging_mixin.py:120} INFO - [2023-12-06T20:18:50.758+0000] {dag.py:3340} INFO - Setting next_dagrun for elastic_dag to 2023-12-06T00:00:00+00:00, run_after=2023-12-07T00:00:00+00:00
[2023-12-06T20:18:50.816+0000] {processor.py:176} INFO - Processing /opt/airflow/dags/elastic_dag.py took 0.530 seconds
[2023-12-06T20:19:21.348+0000] {processor.py:154} INFO - Started process (PID=660) to work on /opt/airflow/dags/elastic_dag.py
[2023-12-06T20:19:21.349+0000] {processor.py:756} INFO - Processing file /opt/airflow/dags/elastic_dag.py for tasks to queue
[2023-12-06T20:19:21.351+0000] {logging_mixin.py:120} INFO - [2023-12-06T20:19:21.351+0000] {dagbag.py:537} INFO - Filling up the DagBag from /opt/airflow/dags/elastic_dag.py
[2023-12-06T20:19:21.674+0000] {processor.py:766} INFO - DAG(s) dict_keys(['elastic_dag']) retrieved from /opt/airflow/dags/elastic_dag.py
[2023-12-06T20:19:21.713+0000] {logging_mixin.py:120} INFO - [2023-12-06T20:19:21.713+0000] {dag.py:2585} INFO - Sync 1 DAGs
[2023-12-06T20:19:21.742+0000] {logging_mixin.py:120} INFO - [2023-12-06T20:19:21.742+0000] {dag.py:3340} INFO - Setting next_dagrun for elastic_dag to 2023-12-06T00:00:00+00:00, run_after=2023-12-07T00:00:00+00:00
[2023-12-06T20:19:21.778+0000] {processor.py:176} INFO - Processing /opt/airflow/dags/elastic_dag.py took 0.437 seconds
[2023-12-06T20:19:52.177+0000] {processor.py:154} INFO - Started process (PID=703) to work on /opt/airflow/dags/elastic_dag.py
[2023-12-06T20:19:52.178+0000] {processor.py:756} INFO - Processing file /opt/airflow/dags/elastic_dag.py for tasks to queue
[2023-12-06T20:19:52.179+0000] {logging_mixin.py:120} INFO - [2023-12-06T20:19:52.179+0000] {dagbag.py:537} INFO - Filling up the DagBag from /opt/airflow/dags/elastic_dag.py
[2023-12-06T20:19:52.584+0000] {processor.py:766} INFO - DAG(s) dict_keys(['elastic_dag']) retrieved from /opt/airflow/dags/elastic_dag.py
[2023-12-06T20:19:52.619+0000] {logging_mixin.py:120} INFO - [2023-12-06T20:19:52.618+0000] {dag.py:2585} INFO - Sync 1 DAGs
[2023-12-06T20:19:52.648+0000] {logging_mixin.py:120} INFO - [2023-12-06T20:19:52.648+0000] {dag.py:3340} INFO - Setting next_dagrun for elastic_dag to 2023-12-06T00:00:00+00:00, run_after=2023-12-07T00:00:00+00:00
[2023-12-06T20:19:52.672+0000] {processor.py:176} INFO - Processing /opt/airflow/dags/elastic_dag.py took 0.506 seconds
[2023-12-06T20:20:22.853+0000] {processor.py:154} INFO - Started process (PID=738) to work on /opt/airflow/dags/elastic_dag.py
[2023-12-06T20:20:22.853+0000] {processor.py:756} INFO - Processing file /opt/airflow/dags/elastic_dag.py for tasks to queue
[2023-12-06T20:20:22.855+0000] {logging_mixin.py:120} INFO - [2023-12-06T20:20:22.855+0000] {dagbag.py:537} INFO - Filling up the DagBag from /opt/airflow/dags/elastic_dag.py
[2023-12-06T20:20:23.302+0000] {processor.py:766} INFO - DAG(s) dict_keys(['elastic_dag']) retrieved from /opt/airflow/dags/elastic_dag.py
[2023-12-06T20:20:23.352+0000] {logging_mixin.py:120} INFO - [2023-12-06T20:20:23.351+0000] {dag.py:2585} INFO - Sync 1 DAGs
[2023-12-06T20:20:23.395+0000] {logging_mixin.py:120} INFO - [2023-12-06T20:20:23.395+0000] {dag.py:3340} INFO - Setting next_dagrun for elastic_dag to 2023-12-06T00:00:00+00:00, run_after=2023-12-07T00:00:00+00:00
[2023-12-06T20:20:23.447+0000] {processor.py:176} INFO - Processing /opt/airflow/dags/elastic_dag.py took 0.599 seconds
[2023-12-06T20:20:54.236+0000] {processor.py:154} INFO - Started process (PID=782) to work on /opt/airflow/dags/elastic_dag.py
[2023-12-06T20:20:54.236+0000] {processor.py:756} INFO - Processing file /opt/airflow/dags/elastic_dag.py for tasks to queue
[2023-12-06T20:20:54.237+0000] {logging_mixin.py:120} INFO - [2023-12-06T20:20:54.237+0000] {dagbag.py:537} INFO - Filling up the DagBag from /opt/airflow/dags/elastic_dag.py
[2023-12-06T20:20:54.473+0000] {processor.py:766} INFO - DAG(s) dict_keys(['elastic_dag']) retrieved from /opt/airflow/dags/elastic_dag.py
[2023-12-06T20:20:54.503+0000] {logging_mixin.py:120} INFO - [2023-12-06T20:20:54.503+0000] {dag.py:2585} INFO - Sync 1 DAGs
[2023-12-06T20:20:54.525+0000] {logging_mixin.py:120} INFO - [2023-12-06T20:20:54.525+0000] {dag.py:3340} INFO - Setting next_dagrun for elastic_dag to 2023-12-06T00:00:00+00:00, run_after=2023-12-07T00:00:00+00:00
[2023-12-06T20:20:54.546+0000] {processor.py:176} INFO - Processing /opt/airflow/dags/elastic_dag.py took 0.312 seconds
[2023-12-06T20:21:25.103+0000] {processor.py:154} INFO - Started process (PID=823) to work on /opt/airflow/dags/elastic_dag.py
[2023-12-06T20:21:25.103+0000] {processor.py:756} INFO - Processing file /opt/airflow/dags/elastic_dag.py for tasks to queue
[2023-12-06T20:21:25.104+0000] {logging_mixin.py:120} INFO - [2023-12-06T20:21:25.104+0000] {dagbag.py:537} INFO - Filling up the DagBag from /opt/airflow/dags/elastic_dag.py
[2023-12-06T20:21:25.328+0000] {processor.py:766} INFO - DAG(s) dict_keys(['elastic_dag']) retrieved from /opt/airflow/dags/elastic_dag.py
[2023-12-06T20:21:25.362+0000] {logging_mixin.py:120} INFO - [2023-12-06T20:21:25.362+0000] {dag.py:2585} INFO - Sync 1 DAGs
[2023-12-06T20:21:25.387+0000] {logging_mixin.py:120} INFO - [2023-12-06T20:21:25.387+0000] {dag.py:3340} INFO - Setting next_dagrun for elastic_dag to 2023-12-06T00:00:00+00:00, run_after=2023-12-07T00:00:00+00:00
[2023-12-06T20:21:25.408+0000] {processor.py:176} INFO - Processing /opt/airflow/dags/elastic_dag.py took 0.308 seconds
[2023-12-06T20:21:56.289+0000] {processor.py:154} INFO - Started process (PID=863) to work on /opt/airflow/dags/elastic_dag.py
[2023-12-06T20:21:56.290+0000] {processor.py:756} INFO - Processing file /opt/airflow/dags/elastic_dag.py for tasks to queue
[2023-12-06T20:21:56.291+0000] {logging_mixin.py:120} INFO - [2023-12-06T20:21:56.290+0000] {dagbag.py:537} INFO - Filling up the DagBag from /opt/airflow/dags/elastic_dag.py
[2023-12-06T20:21:57.266+0000] {processor.py:766} INFO - DAG(s) dict_keys(['elastic_dag']) retrieved from /opt/airflow/dags/elastic_dag.py
[2023-12-06T20:21:57.314+0000] {logging_mixin.py:120} INFO - [2023-12-06T20:21:57.313+0000] {dag.py:2585} INFO - Sync 1 DAGs
[2023-12-06T20:21:57.352+0000] {logging_mixin.py:120} INFO - [2023-12-06T20:21:57.352+0000] {dag.py:3340} INFO - Setting next_dagrun for elastic_dag to 2023-12-06T00:00:00+00:00, run_after=2023-12-07T00:00:00+00:00
[2023-12-06T20:21:57.379+0000] {processor.py:176} INFO - Processing /opt/airflow/dags/elastic_dag.py took 1.105 seconds
[2023-12-06T20:22:27.848+0000] {processor.py:154} INFO - Started process (PID=898) to work on /opt/airflow/dags/elastic_dag.py
[2023-12-06T20:22:27.849+0000] {processor.py:756} INFO - Processing file /opt/airflow/dags/elastic_dag.py for tasks to queue
[2023-12-06T20:22:27.850+0000] {logging_mixin.py:120} INFO - [2023-12-06T20:22:27.849+0000] {dagbag.py:537} INFO - Filling up the DagBag from /opt/airflow/dags/elastic_dag.py
[2023-12-06T20:22:28.239+0000] {processor.py:766} INFO - DAG(s) dict_keys(['elastic_dag']) retrieved from /opt/airflow/dags/elastic_dag.py
[2023-12-06T20:22:28.303+0000] {logging_mixin.py:120} INFO - [2023-12-06T20:22:28.302+0000] {dag.py:2585} INFO - Sync 1 DAGs
[2023-12-06T20:22:28.324+0000] {logging_mixin.py:120} INFO - [2023-12-06T20:22:28.324+0000] {dag.py:3340} INFO - Setting next_dagrun for elastic_dag to 2023-12-06T00:00:00+00:00, run_after=2023-12-07T00:00:00+00:00
[2023-12-06T20:22:28.345+0000] {processor.py:176} INFO - Processing /opt/airflow/dags/elastic_dag.py took 0.499 seconds
[2023-12-06T20:22:58.371+0000] {processor.py:154} INFO - Started process (PID=940) to work on /opt/airflow/dags/elastic_dag.py
[2023-12-06T20:22:58.372+0000] {processor.py:756} INFO - Processing file /opt/airflow/dags/elastic_dag.py for tasks to queue
[2023-12-06T20:22:58.372+0000] {logging_mixin.py:120} INFO - [2023-12-06T20:22:58.372+0000] {dagbag.py:537} INFO - Filling up the DagBag from /opt/airflow/dags/elastic_dag.py
[2023-12-06T20:22:58.591+0000] {processor.py:766} INFO - DAG(s) dict_keys(['elastic_dag']) retrieved from /opt/airflow/dags/elastic_dag.py
[2023-12-06T20:22:58.621+0000] {logging_mixin.py:120} INFO - [2023-12-06T20:22:58.621+0000] {dag.py:2585} INFO - Sync 1 DAGs
[2023-12-06T20:22:58.642+0000] {logging_mixin.py:120} INFO - [2023-12-06T20:22:58.642+0000] {dag.py:3340} INFO - Setting next_dagrun for elastic_dag to 2023-12-06T00:00:00+00:00, run_after=2023-12-07T00:00:00+00:00
[2023-12-06T20:22:58.664+0000] {processor.py:176} INFO - Processing /opt/airflow/dags/elastic_dag.py took 0.296 seconds
[2023-12-06T20:23:29.077+0000] {processor.py:154} INFO - Started process (PID=974) to work on /opt/airflow/dags/elastic_dag.py
[2023-12-06T20:23:29.078+0000] {processor.py:756} INFO - Processing file /opt/airflow/dags/elastic_dag.py for tasks to queue
[2023-12-06T20:23:29.079+0000] {logging_mixin.py:120} INFO - [2023-12-06T20:23:29.079+0000] {dagbag.py:537} INFO - Filling up the DagBag from /opt/airflow/dags/elastic_dag.py
[2023-12-06T20:23:29.451+0000] {processor.py:766} INFO - DAG(s) dict_keys(['elastic_dag']) retrieved from /opt/airflow/dags/elastic_dag.py
[2023-12-06T20:23:29.494+0000] {logging_mixin.py:120} INFO - [2023-12-06T20:23:29.493+0000] {dag.py:2585} INFO - Sync 1 DAGs
[2023-12-06T20:23:29.529+0000] {logging_mixin.py:120} INFO - [2023-12-06T20:23:29.529+0000] {dag.py:3340} INFO - Setting next_dagrun for elastic_dag to 2023-12-06T00:00:00+00:00, run_after=2023-12-07T00:00:00+00:00
[2023-12-06T20:23:29.556+0000] {processor.py:176} INFO - Processing /opt/airflow/dags/elastic_dag.py took 0.482 seconds
[2023-12-06T20:24:00.436+0000] {processor.py:154} INFO - Started process (PID=1015) to work on /opt/airflow/dags/elastic_dag.py
[2023-12-06T20:24:00.437+0000] {processor.py:756} INFO - Processing file /opt/airflow/dags/elastic_dag.py for tasks to queue
[2023-12-06T20:24:00.438+0000] {logging_mixin.py:120} INFO - [2023-12-06T20:24:00.437+0000] {dagbag.py:537} INFO - Filling up the DagBag from /opt/airflow/dags/elastic_dag.py
[2023-12-06T20:24:00.989+0000] {processor.py:766} INFO - DAG(s) dict_keys(['elastic_dag']) retrieved from /opt/airflow/dags/elastic_dag.py
[2023-12-06T20:24:01.058+0000] {logging_mixin.py:120} INFO - [2023-12-06T20:24:01.057+0000] {dag.py:2585} INFO - Sync 1 DAGs
[2023-12-06T20:24:01.104+0000] {logging_mixin.py:120} INFO - [2023-12-06T20:24:01.104+0000] {dag.py:3340} INFO - Setting next_dagrun for elastic_dag to 2023-12-06T00:00:00+00:00, run_after=2023-12-07T00:00:00+00:00
[2023-12-06T20:24:01.151+0000] {processor.py:176} INFO - Processing /opt/airflow/dags/elastic_dag.py took 0.719 seconds
[2023-12-06T20:24:31.968+0000] {processor.py:154} INFO - Started process (PID=1058) to work on /opt/airflow/dags/elastic_dag.py
[2023-12-06T20:24:31.969+0000] {processor.py:756} INFO - Processing file /opt/airflow/dags/elastic_dag.py for tasks to queue
[2023-12-06T20:24:31.969+0000] {logging_mixin.py:120} INFO - [2023-12-06T20:24:31.969+0000] {dagbag.py:537} INFO - Filling up the DagBag from /opt/airflow/dags/elastic_dag.py
[2023-12-06T20:24:32.240+0000] {processor.py:766} INFO - DAG(s) dict_keys(['elastic_dag']) retrieved from /opt/airflow/dags/elastic_dag.py
[2023-12-06T20:24:32.271+0000] {logging_mixin.py:120} INFO - [2023-12-06T20:24:32.271+0000] {dag.py:2585} INFO - Sync 1 DAGs
[2023-12-06T20:24:32.293+0000] {logging_mixin.py:120} INFO - [2023-12-06T20:24:32.293+0000] {dag.py:3340} INFO - Setting next_dagrun for elastic_dag to 2023-12-06T00:00:00+00:00, run_after=2023-12-07T00:00:00+00:00
[2023-12-06T20:24:32.315+0000] {processor.py:176} INFO - Processing /opt/airflow/dags/elastic_dag.py took 0.349 seconds
[2023-12-06T20:25:02.388+0000] {processor.py:154} INFO - Started process (PID=1101) to work on /opt/airflow/dags/elastic_dag.py
[2023-12-06T20:25:02.389+0000] {processor.py:756} INFO - Processing file /opt/airflow/dags/elastic_dag.py for tasks to queue
[2023-12-06T20:25:02.390+0000] {logging_mixin.py:120} INFO - [2023-12-06T20:25:02.389+0000] {dagbag.py:537} INFO - Filling up the DagBag from /opt/airflow/dags/elastic_dag.py
[2023-12-06T20:25:02.723+0000] {processor.py:766} INFO - DAG(s) dict_keys(['elastic_dag']) retrieved from /opt/airflow/dags/elastic_dag.py
[2023-12-06T20:25:02.758+0000] {logging_mixin.py:120} INFO - [2023-12-06T20:25:02.758+0000] {dag.py:2585} INFO - Sync 1 DAGs
[2023-12-06T20:25:02.792+0000] {logging_mixin.py:120} INFO - [2023-12-06T20:25:02.792+0000] {dag.py:3340} INFO - Setting next_dagrun for elastic_dag to 2023-12-06T00:00:00+00:00, run_after=2023-12-07T00:00:00+00:00
[2023-12-06T20:25:02.820+0000] {processor.py:176} INFO - Processing /opt/airflow/dags/elastic_dag.py took 0.434 seconds
[2023-12-06T20:25:33.570+0000] {processor.py:154} INFO - Started process (PID=1134) to work on /opt/airflow/dags/elastic_dag.py
[2023-12-06T20:25:33.571+0000] {processor.py:756} INFO - Processing file /opt/airflow/dags/elastic_dag.py for tasks to queue
[2023-12-06T20:25:33.572+0000] {logging_mixin.py:120} INFO - [2023-12-06T20:25:33.572+0000] {dagbag.py:537} INFO - Filling up the DagBag from /opt/airflow/dags/elastic_dag.py
[2023-12-06T20:25:33.898+0000] {processor.py:766} INFO - DAG(s) dict_keys(['elastic_dag']) retrieved from /opt/airflow/dags/elastic_dag.py
[2023-12-06T20:25:33.945+0000] {logging_mixin.py:120} INFO - [2023-12-06T20:25:33.945+0000] {dag.py:2585} INFO - Sync 1 DAGs
[2023-12-06T20:25:33.979+0000] {logging_mixin.py:120} INFO - [2023-12-06T20:25:33.979+0000] {dag.py:3340} INFO - Setting next_dagrun for elastic_dag to 2023-12-06T00:00:00+00:00, run_after=2023-12-07T00:00:00+00:00
[2023-12-06T20:25:34.007+0000] {processor.py:176} INFO - Processing /opt/airflow/dags/elastic_dag.py took 0.440 seconds
[2023-12-06T20:26:04.200+0000] {processor.py:154} INFO - Started process (PID=1176) to work on /opt/airflow/dags/elastic_dag.py
[2023-12-06T20:26:04.201+0000] {processor.py:756} INFO - Processing file /opt/airflow/dags/elastic_dag.py for tasks to queue
[2023-12-06T20:26:04.201+0000] {logging_mixin.py:120} INFO - [2023-12-06T20:26:04.201+0000] {dagbag.py:537} INFO - Filling up the DagBag from /opt/airflow/dags/elastic_dag.py
[2023-12-06T20:26:04.430+0000] {processor.py:766} INFO - DAG(s) dict_keys(['elastic_dag']) retrieved from /opt/airflow/dags/elastic_dag.py
[2023-12-06T20:26:04.469+0000] {logging_mixin.py:120} INFO - [2023-12-06T20:26:04.468+0000] {dag.py:2585} INFO - Sync 1 DAGs
[2023-12-06T20:26:04.510+0000] {logging_mixin.py:120} INFO - [2023-12-06T20:26:04.510+0000] {dag.py:3340} INFO - Setting next_dagrun for elastic_dag to 2023-12-06T00:00:00+00:00, run_after=2023-12-07T00:00:00+00:00
[2023-12-06T20:26:04.541+0000] {processor.py:176} INFO - Processing /opt/airflow/dags/elastic_dag.py took 0.344 seconds
[2023-12-06T20:26:34.612+0000] {processor.py:154} INFO - Started process (PID=1220) to work on /opt/airflow/dags/elastic_dag.py
[2023-12-06T20:26:34.613+0000] {processor.py:756} INFO - Processing file /opt/airflow/dags/elastic_dag.py for tasks to queue
[2023-12-06T20:26:34.614+0000] {logging_mixin.py:120} INFO - [2023-12-06T20:26:34.613+0000] {dagbag.py:537} INFO - Filling up the DagBag from /opt/airflow/dags/elastic_dag.py
[2023-12-06T20:26:34.938+0000] {processor.py:766} INFO - DAG(s) dict_keys(['elastic_dag']) retrieved from /opt/airflow/dags/elastic_dag.py
[2023-12-06T20:26:34.980+0000] {logging_mixin.py:120} INFO - [2023-12-06T20:26:34.980+0000] {dag.py:2585} INFO - Sync 1 DAGs
[2023-12-06T20:26:35.018+0000] {logging_mixin.py:120} INFO - [2023-12-06T20:26:35.018+0000] {dag.py:3340} INFO - Setting next_dagrun for elastic_dag to 2023-12-06T00:00:00+00:00, run_after=2023-12-07T00:00:00+00:00
[2023-12-06T20:26:35.046+0000] {processor.py:176} INFO - Processing /opt/airflow/dags/elastic_dag.py took 0.437 seconds
[2023-12-06T20:27:05.276+0000] {processor.py:154} INFO - Started process (PID=1252) to work on /opt/airflow/dags/elastic_dag.py
[2023-12-06T20:27:05.276+0000] {processor.py:756} INFO - Processing file /opt/airflow/dags/elastic_dag.py for tasks to queue
[2023-12-06T20:27:05.277+0000] {logging_mixin.py:120} INFO - [2023-12-06T20:27:05.277+0000] {dagbag.py:537} INFO - Filling up the DagBag from /opt/airflow/dags/elastic_dag.py
[2023-12-06T20:27:05.599+0000] {processor.py:766} INFO - DAG(s) dict_keys(['elastic_dag']) retrieved from /opt/airflow/dags/elastic_dag.py
[2023-12-06T20:27:05.641+0000] {logging_mixin.py:120} INFO - [2023-12-06T20:27:05.641+0000] {dag.py:2585} INFO - Sync 1 DAGs
[2023-12-06T20:27:05.678+0000] {logging_mixin.py:120} INFO - [2023-12-06T20:27:05.677+0000] {dag.py:3340} INFO - Setting next_dagrun for elastic_dag to 2023-12-06T00:00:00+00:00, run_after=2023-12-07T00:00:00+00:00
[2023-12-06T20:27:05.708+0000] {processor.py:176} INFO - Processing /opt/airflow/dags/elastic_dag.py took 0.435 seconds
[2023-12-06T20:27:36.202+0000] {processor.py:154} INFO - Started process (PID=1294) to work on /opt/airflow/dags/elastic_dag.py
[2023-12-06T20:27:36.202+0000] {processor.py:756} INFO - Processing file /opt/airflow/dags/elastic_dag.py for tasks to queue
[2023-12-06T20:27:36.203+0000] {logging_mixin.py:120} INFO - [2023-12-06T20:27:36.203+0000] {dagbag.py:537} INFO - Filling up the DagBag from /opt/airflow/dags/elastic_dag.py
[2023-12-06T20:27:36.512+0000] {processor.py:766} INFO - DAG(s) dict_keys(['elastic_dag']) retrieved from /opt/airflow/dags/elastic_dag.py
[2023-12-06T20:27:36.542+0000] {logging_mixin.py:120} INFO - [2023-12-06T20:27:36.542+0000] {dag.py:2585} INFO - Sync 1 DAGs
[2023-12-06T20:27:36.564+0000] {logging_mixin.py:120} INFO - [2023-12-06T20:27:36.564+0000] {dag.py:3340} INFO - Setting next_dagrun for elastic_dag to 2023-12-06T00:00:00+00:00, run_after=2023-12-07T00:00:00+00:00
[2023-12-06T20:27:36.585+0000] {processor.py:176} INFO - Processing /opt/airflow/dags/elastic_dag.py took 0.386 seconds
[2023-12-06T20:28:06.873+0000] {processor.py:154} INFO - Started process (PID=1328) to work on /opt/airflow/dags/elastic_dag.py
[2023-12-06T20:28:06.874+0000] {processor.py:756} INFO - Processing file /opt/airflow/dags/elastic_dag.py for tasks to queue
[2023-12-06T20:28:06.875+0000] {logging_mixin.py:120} INFO - [2023-12-06T20:28:06.875+0000] {dagbag.py:537} INFO - Filling up the DagBag from /opt/airflow/dags/elastic_dag.py
[2023-12-06T20:28:07.348+0000] {processor.py:766} INFO - DAG(s) dict_keys(['elastic_dag']) retrieved from /opt/airflow/dags/elastic_dag.py
[2023-12-06T20:28:07.393+0000] {logging_mixin.py:120} INFO - [2023-12-06T20:28:07.393+0000] {dag.py:2585} INFO - Sync 1 DAGs
[2023-12-06T20:28:07.427+0000] {logging_mixin.py:120} INFO - [2023-12-06T20:28:07.427+0000] {dag.py:3340} INFO - Setting next_dagrun for elastic_dag to 2023-12-06T00:00:00+00:00, run_after=2023-12-07T00:00:00+00:00
[2023-12-06T20:28:07.463+0000] {processor.py:176} INFO - Processing /opt/airflow/dags/elastic_dag.py took 0.593 seconds
[2023-12-06T20:28:37.630+0000] {processor.py:154} INFO - Started process (PID=1373) to work on /opt/airflow/dags/elastic_dag.py
[2023-12-06T20:28:37.631+0000] {processor.py:756} INFO - Processing file /opt/airflow/dags/elastic_dag.py for tasks to queue
[2023-12-06T20:28:37.631+0000] {logging_mixin.py:120} INFO - [2023-12-06T20:28:37.631+0000] {dagbag.py:537} INFO - Filling up the DagBag from /opt/airflow/dags/elastic_dag.py
[2023-12-06T20:28:37.849+0000] {processor.py:766} INFO - DAG(s) dict_keys(['elastic_dag']) retrieved from /opt/airflow/dags/elastic_dag.py
[2023-12-06T20:28:37.884+0000] {logging_mixin.py:120} INFO - [2023-12-06T20:28:37.884+0000] {dag.py:2585} INFO - Sync 1 DAGs
[2023-12-06T20:28:37.917+0000] {logging_mixin.py:120} INFO - [2023-12-06T20:28:37.917+0000] {dag.py:3340} INFO - Setting next_dagrun for elastic_dag to 2023-12-06T00:00:00+00:00, run_after=2023-12-07T00:00:00+00:00
[2023-12-06T20:28:37.945+0000] {processor.py:176} INFO - Processing /opt/airflow/dags/elastic_dag.py took 0.318 seconds
[2023-12-06T20:29:08.023+0000] {processor.py:154} INFO - Started process (PID=1416) to work on /opt/airflow/dags/elastic_dag.py
[2023-12-06T20:29:08.024+0000] {processor.py:756} INFO - Processing file /opt/airflow/dags/elastic_dag.py for tasks to queue
[2023-12-06T20:29:08.025+0000] {logging_mixin.py:120} INFO - [2023-12-06T20:29:08.025+0000] {dagbag.py:537} INFO - Filling up the DagBag from /opt/airflow/dags/elastic_dag.py
[2023-12-06T20:29:08.442+0000] {processor.py:766} INFO - DAG(s) dict_keys(['elastic_dag']) retrieved from /opt/airflow/dags/elastic_dag.py
[2023-12-06T20:29:08.489+0000] {logging_mixin.py:120} INFO - [2023-12-06T20:29:08.489+0000] {dag.py:2585} INFO - Sync 1 DAGs
[2023-12-06T20:29:08.538+0000] {logging_mixin.py:120} INFO - [2023-12-06T20:29:08.538+0000] {dag.py:3340} INFO - Setting next_dagrun for elastic_dag to 2023-12-06T00:00:00+00:00, run_after=2023-12-07T00:00:00+00:00
[2023-12-06T20:29:08.573+0000] {processor.py:176} INFO - Processing /opt/airflow/dags/elastic_dag.py took 0.553 seconds
[2023-12-06T20:29:38.639+0000] {processor.py:154} INFO - Started process (PID=1450) to work on /opt/airflow/dags/elastic_dag.py
[2023-12-06T20:29:38.640+0000] {processor.py:756} INFO - Processing file /opt/airflow/dags/elastic_dag.py for tasks to queue
[2023-12-06T20:29:38.640+0000] {logging_mixin.py:120} INFO - [2023-12-06T20:29:38.640+0000] {dagbag.py:537} INFO - Filling up the DagBag from /opt/airflow/dags/elastic_dag.py
[2023-12-06T20:29:38.861+0000] {processor.py:766} INFO - DAG(s) dict_keys(['elastic_dag']) retrieved from /opt/airflow/dags/elastic_dag.py
[2023-12-06T20:29:38.892+0000] {logging_mixin.py:120} INFO - [2023-12-06T20:29:38.892+0000] {dag.py:2585} INFO - Sync 1 DAGs
[2023-12-06T20:29:38.915+0000] {logging_mixin.py:120} INFO - [2023-12-06T20:29:38.915+0000] {dag.py:3340} INFO - Setting next_dagrun for elastic_dag to 2023-12-06T00:00:00+00:00, run_after=2023-12-07T00:00:00+00:00
[2023-12-06T20:29:38.939+0000] {processor.py:176} INFO - Processing /opt/airflow/dags/elastic_dag.py took 0.302 seconds
[2023-12-06T20:30:09.024+0000] {processor.py:154} INFO - Started process (PID=1491) to work on /opt/airflow/dags/elastic_dag.py
[2023-12-06T20:30:09.024+0000] {processor.py:756} INFO - Processing file /opt/airflow/dags/elastic_dag.py for tasks to queue
[2023-12-06T20:30:09.025+0000] {logging_mixin.py:120} INFO - [2023-12-06T20:30:09.025+0000] {dagbag.py:537} INFO - Filling up the DagBag from /opt/airflow/dags/elastic_dag.py
[2023-12-06T20:30:09.382+0000] {processor.py:766} INFO - DAG(s) dict_keys(['elastic_dag']) retrieved from /opt/airflow/dags/elastic_dag.py
[2023-12-06T20:30:09.429+0000] {logging_mixin.py:120} INFO - [2023-12-06T20:30:09.428+0000] {dag.py:2585} INFO - Sync 1 DAGs
[2023-12-06T20:30:09.466+0000] {logging_mixin.py:120} INFO - [2023-12-06T20:30:09.466+0000] {dag.py:3340} INFO - Setting next_dagrun for elastic_dag to 2023-12-06T00:00:00+00:00, run_after=2023-12-07T00:00:00+00:00
[2023-12-06T20:30:09.494+0000] {processor.py:176} INFO - Processing /opt/airflow/dags/elastic_dag.py took 0.473 seconds
[2023-12-06T20:30:39.749+0000] {processor.py:154} INFO - Started process (PID=1533) to work on /opt/airflow/dags/elastic_dag.py
[2023-12-06T20:30:39.749+0000] {processor.py:756} INFO - Processing file /opt/airflow/dags/elastic_dag.py for tasks to queue
[2023-12-06T20:30:39.750+0000] {logging_mixin.py:120} INFO - [2023-12-06T20:30:39.750+0000] {dagbag.py:537} INFO - Filling up the DagBag from /opt/airflow/dags/elastic_dag.py
[2023-12-06T20:30:40.018+0000] {processor.py:766} INFO - DAG(s) dict_keys(['elastic_dag']) retrieved from /opt/airflow/dags/elastic_dag.py
[2023-12-06T20:30:40.048+0000] {logging_mixin.py:120} INFO - [2023-12-06T20:30:40.048+0000] {dag.py:2585} INFO - Sync 1 DAGs
[2023-12-06T20:30:40.070+0000] {logging_mixin.py:120} INFO - [2023-12-06T20:30:40.070+0000] {dag.py:3340} INFO - Setting next_dagrun for elastic_dag to 2023-12-06T00:00:00+00:00, run_after=2023-12-07T00:00:00+00:00
[2023-12-06T20:30:40.091+0000] {processor.py:176} INFO - Processing /opt/airflow/dags/elastic_dag.py took 0.344 seconds
[2023-12-06T20:31:10.483+0000] {processor.py:154} INFO - Started process (PID=1567) to work on /opt/airflow/dags/elastic_dag.py
[2023-12-06T20:31:10.484+0000] {processor.py:756} INFO - Processing file /opt/airflow/dags/elastic_dag.py for tasks to queue
[2023-12-06T20:31:10.485+0000] {logging_mixin.py:120} INFO - [2023-12-06T20:31:10.485+0000] {dagbag.py:537} INFO - Filling up the DagBag from /opt/airflow/dags/elastic_dag.py
[2023-12-06T20:31:10.709+0000] {processor.py:766} INFO - DAG(s) dict_keys(['elastic_dag']) retrieved from /opt/airflow/dags/elastic_dag.py
[2023-12-06T20:31:10.739+0000] {logging_mixin.py:120} INFO - [2023-12-06T20:31:10.739+0000] {dag.py:2585} INFO - Sync 1 DAGs
[2023-12-06T20:31:10.760+0000] {logging_mixin.py:120} INFO - [2023-12-06T20:31:10.760+0000] {dag.py:3340} INFO - Setting next_dagrun for elastic_dag to 2023-12-06T00:00:00+00:00, run_after=2023-12-07T00:00:00+00:00
[2023-12-06T20:31:10.783+0000] {processor.py:176} INFO - Processing /opt/airflow/dags/elastic_dag.py took 0.303 seconds
[2023-12-06T20:31:41.123+0000] {processor.py:154} INFO - Started process (PID=1610) to work on /opt/airflow/dags/elastic_dag.py
[2023-12-06T20:31:41.124+0000] {processor.py:756} INFO - Processing file /opt/airflow/dags/elastic_dag.py for tasks to queue
[2023-12-06T20:31:41.125+0000] {logging_mixin.py:120} INFO - [2023-12-06T20:31:41.125+0000] {dagbag.py:537} INFO - Filling up the DagBag from /opt/airflow/dags/elastic_dag.py
[2023-12-06T20:31:41.367+0000] {processor.py:766} INFO - DAG(s) dict_keys(['elastic_dag']) retrieved from /opt/airflow/dags/elastic_dag.py
[2023-12-06T20:31:41.403+0000] {logging_mixin.py:120} INFO - [2023-12-06T20:31:41.402+0000] {dag.py:2585} INFO - Sync 1 DAGs
[2023-12-06T20:31:41.425+0000] {logging_mixin.py:120} INFO - [2023-12-06T20:31:41.425+0000] {dag.py:3340} INFO - Setting next_dagrun for elastic_dag to 2023-12-06T00:00:00+00:00, run_after=2023-12-07T00:00:00+00:00
[2023-12-06T20:31:41.446+0000] {processor.py:176} INFO - Processing /opt/airflow/dags/elastic_dag.py took 0.327 seconds
[2023-12-06T20:32:11.528+0000] {processor.py:154} INFO - Started process (PID=1653) to work on /opt/airflow/dags/elastic_dag.py
[2023-12-06T20:32:11.529+0000] {processor.py:756} INFO - Processing file /opt/airflow/dags/elastic_dag.py for tasks to queue
[2023-12-06T20:32:11.530+0000] {logging_mixin.py:120} INFO - [2023-12-06T20:32:11.530+0000] {dagbag.py:537} INFO - Filling up the DagBag from /opt/airflow/dags/elastic_dag.py
[2023-12-06T20:32:11.831+0000] {processor.py:766} INFO - DAG(s) dict_keys(['elastic_dag']) retrieved from /opt/airflow/dags/elastic_dag.py
[2023-12-06T20:32:11.884+0000] {logging_mixin.py:120} INFO - [2023-12-06T20:32:11.883+0000] {dag.py:2585} INFO - Sync 1 DAGs
[2023-12-06T20:32:11.920+0000] {logging_mixin.py:120} INFO - [2023-12-06T20:32:11.920+0000] {dag.py:3340} INFO - Setting next_dagrun for elastic_dag to 2023-12-06T00:00:00+00:00, run_after=2023-12-07T00:00:00+00:00
[2023-12-06T20:32:11.946+0000] {processor.py:176} INFO - Processing /opt/airflow/dags/elastic_dag.py took 0.422 seconds
[2023-12-06T20:32:42.233+0000] {processor.py:154} INFO - Started process (PID=1686) to work on /opt/airflow/dags/elastic_dag.py
[2023-12-06T20:32:42.234+0000] {processor.py:756} INFO - Processing file /opt/airflow/dags/elastic_dag.py for tasks to queue
[2023-12-06T20:32:42.234+0000] {logging_mixin.py:120} INFO - [2023-12-06T20:32:42.234+0000] {dagbag.py:537} INFO - Filling up the DagBag from /opt/airflow/dags/elastic_dag.py
[2023-12-06T20:32:42.576+0000] {processor.py:766} INFO - DAG(s) dict_keys(['elastic_dag']) retrieved from /opt/airflow/dags/elastic_dag.py
[2023-12-06T20:32:42.620+0000] {logging_mixin.py:120} INFO - [2023-12-06T20:32:42.619+0000] {dag.py:2585} INFO - Sync 1 DAGs
[2023-12-06T20:32:42.656+0000] {logging_mixin.py:120} INFO - [2023-12-06T20:32:42.656+0000] {dag.py:3340} INFO - Setting next_dagrun for elastic_dag to 2023-12-06T00:00:00+00:00, run_after=2023-12-07T00:00:00+00:00
[2023-12-06T20:32:42.687+0000] {processor.py:176} INFO - Processing /opt/airflow/dags/elastic_dag.py took 0.459 seconds
[2023-12-06T20:33:13.076+0000] {processor.py:154} INFO - Started process (PID=1731) to work on /opt/airflow/dags/elastic_dag.py
[2023-12-06T20:33:13.077+0000] {processor.py:756} INFO - Processing file /opt/airflow/dags/elastic_dag.py for tasks to queue
[2023-12-06T20:33:13.078+0000] {logging_mixin.py:120} INFO - [2023-12-06T20:33:13.077+0000] {dagbag.py:537} INFO - Filling up the DagBag from /opt/airflow/dags/elastic_dag.py
[2023-12-06T20:33:13.311+0000] {processor.py:766} INFO - DAG(s) dict_keys(['elastic_dag']) retrieved from /opt/airflow/dags/elastic_dag.py
[2023-12-06T20:33:13.342+0000] {logging_mixin.py:120} INFO - [2023-12-06T20:33:13.342+0000] {dag.py:2585} INFO - Sync 1 DAGs
[2023-12-06T20:33:13.363+0000] {logging_mixin.py:120} INFO - [2023-12-06T20:33:13.363+0000] {dag.py:3340} INFO - Setting next_dagrun for elastic_dag to 2023-12-06T00:00:00+00:00, run_after=2023-12-07T00:00:00+00:00
[2023-12-06T20:33:13.385+0000] {processor.py:176} INFO - Processing /opt/airflow/dags/elastic_dag.py took 0.311 seconds
[2023-12-06T20:33:43.525+0000] {processor.py:154} INFO - Started process (PID=1774) to work on /opt/airflow/dags/elastic_dag.py
[2023-12-06T20:33:43.526+0000] {processor.py:756} INFO - Processing file /opt/airflow/dags/elastic_dag.py for tasks to queue
[2023-12-06T20:33:43.526+0000] {logging_mixin.py:120} INFO - [2023-12-06T20:33:43.526+0000] {dagbag.py:537} INFO - Filling up the DagBag from /opt/airflow/dags/elastic_dag.py
[2023-12-06T20:33:43.746+0000] {processor.py:766} INFO - DAG(s) dict_keys(['elastic_dag']) retrieved from /opt/airflow/dags/elastic_dag.py
[2023-12-06T20:33:43.777+0000] {logging_mixin.py:120} INFO - [2023-12-06T20:33:43.777+0000] {dag.py:2585} INFO - Sync 1 DAGs
[2023-12-06T20:33:43.802+0000] {logging_mixin.py:120} INFO - [2023-12-06T20:33:43.802+0000] {dag.py:3340} INFO - Setting next_dagrun for elastic_dag to 2023-12-06T00:00:00+00:00, run_after=2023-12-07T00:00:00+00:00
[2023-12-06T20:33:43.826+0000] {processor.py:176} INFO - Processing /opt/airflow/dags/elastic_dag.py took 0.304 seconds
[2023-12-06T20:34:14.574+0000] {processor.py:154} INFO - Started process (PID=1809) to work on /opt/airflow/dags/elastic_dag.py
[2023-12-06T20:34:14.574+0000] {processor.py:756} INFO - Processing file /opt/airflow/dags/elastic_dag.py for tasks to queue
[2023-12-06T20:34:14.575+0000] {logging_mixin.py:120} INFO - [2023-12-06T20:34:14.575+0000] {dagbag.py:537} INFO - Filling up the DagBag from /opt/airflow/dags/elastic_dag.py
[2023-12-06T20:34:14.796+0000] {processor.py:766} INFO - DAG(s) dict_keys(['elastic_dag']) retrieved from /opt/airflow/dags/elastic_dag.py
[2023-12-06T20:34:14.827+0000] {logging_mixin.py:120} INFO - [2023-12-06T20:34:14.826+0000] {dag.py:2585} INFO - Sync 1 DAGs
[2023-12-06T20:34:14.848+0000] {logging_mixin.py:120} INFO - [2023-12-06T20:34:14.848+0000] {dag.py:3340} INFO - Setting next_dagrun for elastic_dag to 2023-12-06T00:00:00+00:00, run_after=2023-12-07T00:00:00+00:00
[2023-12-06T20:34:14.874+0000] {processor.py:176} INFO - Processing /opt/airflow/dags/elastic_dag.py took 0.302 seconds
[2023-12-06T20:34:44.964+0000] {processor.py:154} INFO - Started process (PID=1851) to work on /opt/airflow/dags/elastic_dag.py
[2023-12-06T20:34:44.965+0000] {processor.py:756} INFO - Processing file /opt/airflow/dags/elastic_dag.py for tasks to queue
[2023-12-06T20:34:44.965+0000] {logging_mixin.py:120} INFO - [2023-12-06T20:34:44.965+0000] {dagbag.py:537} INFO - Filling up the DagBag from /opt/airflow/dags/elastic_dag.py
[2023-12-06T20:34:45.304+0000] {processor.py:766} INFO - DAG(s) dict_keys(['elastic_dag']) retrieved from /opt/airflow/dags/elastic_dag.py
[2023-12-06T20:34:45.346+0000] {logging_mixin.py:120} INFO - [2023-12-06T20:34:45.346+0000] {dag.py:2585} INFO - Sync 1 DAGs
[2023-12-06T20:34:45.383+0000] {logging_mixin.py:120} INFO - [2023-12-06T20:34:45.383+0000] {dag.py:3340} INFO - Setting next_dagrun for elastic_dag to 2023-12-06T00:00:00+00:00, run_after=2023-12-07T00:00:00+00:00
[2023-12-06T20:34:45.409+0000] {processor.py:176} INFO - Processing /opt/airflow/dags/elastic_dag.py took 0.448 seconds
[2023-12-06T20:35:15.649+0000] {processor.py:154} INFO - Started process (PID=1892) to work on /opt/airflow/dags/elastic_dag.py
[2023-12-06T20:35:15.649+0000] {processor.py:756} INFO - Processing file /opt/airflow/dags/elastic_dag.py for tasks to queue
[2023-12-06T20:35:15.650+0000] {logging_mixin.py:120} INFO - [2023-12-06T20:35:15.650+0000] {dagbag.py:537} INFO - Filling up the DagBag from /opt/airflow/dags/elastic_dag.py
[2023-12-06T20:35:15.901+0000] {processor.py:766} INFO - DAG(s) dict_keys(['elastic_dag']) retrieved from /opt/airflow/dags/elastic_dag.py
[2023-12-06T20:35:15.935+0000] {logging_mixin.py:120} INFO - [2023-12-06T20:35:15.934+0000] {dag.py:2585} INFO - Sync 1 DAGs
[2023-12-06T20:35:15.958+0000] {logging_mixin.py:120} INFO - [2023-12-06T20:35:15.957+0000] {dag.py:3340} INFO - Setting next_dagrun for elastic_dag to 2023-12-06T00:00:00+00:00, run_after=2023-12-07T00:00:00+00:00
[2023-12-06T20:35:15.979+0000] {processor.py:176} INFO - Processing /opt/airflow/dags/elastic_dag.py took 0.333 seconds
[2023-12-06T20:35:46.602+0000] {processor.py:154} INFO - Started process (PID=1925) to work on /opt/airflow/dags/elastic_dag.py
[2023-12-06T20:35:46.603+0000] {processor.py:756} INFO - Processing file /opt/airflow/dags/elastic_dag.py for tasks to queue
[2023-12-06T20:35:46.604+0000] {logging_mixin.py:120} INFO - [2023-12-06T20:35:46.604+0000] {dagbag.py:537} INFO - Filling up the DagBag from /opt/airflow/dags/elastic_dag.py
[2023-12-06T20:35:46.848+0000] {processor.py:766} INFO - DAG(s) dict_keys(['elastic_dag']) retrieved from /opt/airflow/dags/elastic_dag.py
[2023-12-06T20:35:46.879+0000] {logging_mixin.py:120} INFO - [2023-12-06T20:35:46.879+0000] {dag.py:2585} INFO - Sync 1 DAGs
[2023-12-06T20:35:46.902+0000] {logging_mixin.py:120} INFO - [2023-12-06T20:35:46.901+0000] {dag.py:3340} INFO - Setting next_dagrun for elastic_dag to 2023-12-06T00:00:00+00:00, run_after=2023-12-07T00:00:00+00:00
[2023-12-06T20:35:46.922+0000] {processor.py:176} INFO - Processing /opt/airflow/dags/elastic_dag.py took 0.322 seconds
[2023-12-06T20:36:17.190+0000] {processor.py:154} INFO - Started process (PID=1966) to work on /opt/airflow/dags/elastic_dag.py
[2023-12-06T20:36:17.195+0000] {processor.py:756} INFO - Processing file /opt/airflow/dags/elastic_dag.py for tasks to queue
[2023-12-06T20:36:17.196+0000] {logging_mixin.py:120} INFO - [2023-12-06T20:36:17.196+0000] {dagbag.py:537} INFO - Filling up the DagBag from /opt/airflow/dags/elastic_dag.py
[2023-12-06T20:36:17.917+0000] {processor.py:766} INFO - DAG(s) dict_keys(['elastic_dag']) retrieved from /opt/airflow/dags/elastic_dag.py
[2023-12-06T20:36:17.996+0000] {logging_mixin.py:120} INFO - [2023-12-06T20:36:17.995+0000] {dag.py:2585} INFO - Sync 1 DAGs
[2023-12-06T20:36:18.049+0000] {logging_mixin.py:120} INFO - [2023-12-06T20:36:18.048+0000] {dag.py:3340} INFO - Setting next_dagrun for elastic_dag to 2023-12-06T00:00:00+00:00, run_after=2023-12-07T00:00:00+00:00
[2023-12-06T20:36:18.082+0000] {processor.py:176} INFO - Processing /opt/airflow/dags/elastic_dag.py took 0.899 seconds
[2023-12-06T20:36:48.236+0000] {processor.py:154} INFO - Started process (PID=1999) to work on /opt/airflow/dags/elastic_dag.py
[2023-12-06T20:36:48.236+0000] {processor.py:756} INFO - Processing file /opt/airflow/dags/elastic_dag.py for tasks to queue
[2023-12-06T20:36:48.237+0000] {logging_mixin.py:120} INFO - [2023-12-06T20:36:48.237+0000] {dagbag.py:537} INFO - Filling up the DagBag from /opt/airflow/dags/elastic_dag.py
[2023-12-06T20:36:48.464+0000] {processor.py:766} INFO - DAG(s) dict_keys(['elastic_dag']) retrieved from /opt/airflow/dags/elastic_dag.py
[2023-12-06T20:36:48.528+0000] {logging_mixin.py:120} INFO - [2023-12-06T20:36:48.527+0000] {dag.py:2585} INFO - Sync 1 DAGs
[2023-12-06T20:36:48.555+0000] {logging_mixin.py:120} INFO - [2023-12-06T20:36:48.555+0000] {dag.py:3340} INFO - Setting next_dagrun for elastic_dag to 2023-12-06T00:00:00+00:00, run_after=2023-12-07T00:00:00+00:00
[2023-12-06T20:36:48.579+0000] {processor.py:176} INFO - Processing /opt/airflow/dags/elastic_dag.py took 0.346 seconds
[2023-12-06T20:37:18.658+0000] {processor.py:154} INFO - Started process (PID=2038) to work on /opt/airflow/dags/elastic_dag.py
[2023-12-06T20:37:18.660+0000] {processor.py:756} INFO - Processing file /opt/airflow/dags/elastic_dag.py for tasks to queue
[2023-12-06T20:37:18.661+0000] {logging_mixin.py:120} INFO - [2023-12-06T20:37:18.661+0000] {dagbag.py:537} INFO - Filling up the DagBag from /opt/airflow/dags/elastic_dag.py
[2023-12-06T20:37:19.746+0000] {processor.py:766} INFO - DAG(s) dict_keys(['elastic_dag']) retrieved from /opt/airflow/dags/elastic_dag.py
[2023-12-06T20:37:19.791+0000] {logging_mixin.py:120} INFO - [2023-12-06T20:37:19.791+0000] {dag.py:2585} INFO - Sync 1 DAGs
[2023-12-06T20:37:19.826+0000] {logging_mixin.py:120} INFO - [2023-12-06T20:37:19.826+0000] {dag.py:3340} INFO - Setting next_dagrun for elastic_dag to 2023-12-06T00:00:00+00:00, run_after=2023-12-07T00:00:00+00:00
[2023-12-06T20:37:19.854+0000] {processor.py:176} INFO - Processing /opt/airflow/dags/elastic_dag.py took 1.202 seconds
[2023-12-06T20:37:50.546+0000] {processor.py:154} INFO - Started process (PID=2073) to work on /opt/airflow/dags/elastic_dag.py
[2023-12-06T20:37:50.551+0000] {processor.py:756} INFO - Processing file /opt/airflow/dags/elastic_dag.py for tasks to queue
[2023-12-06T20:37:50.552+0000] {logging_mixin.py:120} INFO - [2023-12-06T20:37:50.552+0000] {dagbag.py:537} INFO - Filling up the DagBag from /opt/airflow/dags/elastic_dag.py
[2023-12-06T20:37:51.835+0000] {processor.py:766} INFO - DAG(s) dict_keys(['elastic_dag']) retrieved from /opt/airflow/dags/elastic_dag.py
[2023-12-06T20:37:51.984+0000] {logging_mixin.py:120} INFO - [2023-12-06T20:37:51.984+0000] {dag.py:2585} INFO - Sync 1 DAGs
[2023-12-06T20:37:52.080+0000] {logging_mixin.py:120} INFO - [2023-12-06T20:37:52.080+0000] {dag.py:3340} INFO - Setting next_dagrun for elastic_dag to 2023-12-06T00:00:00+00:00, run_after=2023-12-07T00:00:00+00:00
[2023-12-06T20:37:52.156+0000] {processor.py:176} INFO - Processing /opt/airflow/dags/elastic_dag.py took 1.613 seconds
[2023-12-06T20:38:22.902+0000] {processor.py:154} INFO - Started process (PID=2116) to work on /opt/airflow/dags/elastic_dag.py
[2023-12-06T20:38:22.903+0000] {processor.py:756} INFO - Processing file /opt/airflow/dags/elastic_dag.py for tasks to queue
[2023-12-06T20:38:22.904+0000] {logging_mixin.py:120} INFO - [2023-12-06T20:38:22.903+0000] {dagbag.py:537} INFO - Filling up the DagBag from /opt/airflow/dags/elastic_dag.py
[2023-12-06T20:38:23.387+0000] {processor.py:766} INFO - DAG(s) dict_keys(['elastic_dag']) retrieved from /opt/airflow/dags/elastic_dag.py
[2023-12-06T20:38:23.431+0000] {logging_mixin.py:120} INFO - [2023-12-06T20:38:23.431+0000] {dag.py:2585} INFO - Sync 1 DAGs
[2023-12-06T20:38:23.469+0000] {logging_mixin.py:120} INFO - [2023-12-06T20:38:23.469+0000] {dag.py:3340} INFO - Setting next_dagrun for elastic_dag to 2023-12-06T00:00:00+00:00, run_after=2023-12-07T00:00:00+00:00
[2023-12-06T20:38:23.496+0000] {processor.py:176} INFO - Processing /opt/airflow/dags/elastic_dag.py took 0.599 seconds
[2023-12-06T20:38:54.046+0000] {processor.py:154} INFO - Started process (PID=2159) to work on /opt/airflow/dags/elastic_dag.py
[2023-12-06T20:38:54.057+0000] {processor.py:756} INFO - Processing file /opt/airflow/dags/elastic_dag.py for tasks to queue
[2023-12-06T20:38:54.059+0000] {logging_mixin.py:120} INFO - [2023-12-06T20:38:54.058+0000] {dagbag.py:537} INFO - Filling up the DagBag from /opt/airflow/dags/elastic_dag.py
[2023-12-06T20:38:55.103+0000] {processor.py:766} INFO - DAG(s) dict_keys(['elastic_dag']) retrieved from /opt/airflow/dags/elastic_dag.py
[2023-12-06T20:38:55.280+0000] {logging_mixin.py:120} INFO - [2023-12-06T20:38:55.279+0000] {dag.py:2585} INFO - Sync 1 DAGs
[2023-12-06T20:38:55.396+0000] {logging_mixin.py:120} INFO - [2023-12-06T20:38:55.395+0000] {dag.py:3340} INFO - Setting next_dagrun for elastic_dag to 2023-12-06T00:00:00+00:00, run_after=2023-12-07T00:00:00+00:00
[2023-12-06T20:38:55.439+0000] {processor.py:176} INFO - Processing /opt/airflow/dags/elastic_dag.py took 1.397 seconds
[2023-12-06T20:39:26.095+0000] {processor.py:154} INFO - Started process (PID=2192) to work on /opt/airflow/dags/elastic_dag.py
[2023-12-06T20:39:26.098+0000] {processor.py:756} INFO - Processing file /opt/airflow/dags/elastic_dag.py for tasks to queue
[2023-12-06T20:39:26.103+0000] {logging_mixin.py:120} INFO - [2023-12-06T20:39:26.103+0000] {dagbag.py:537} INFO - Filling up the DagBag from /opt/airflow/dags/elastic_dag.py
[2023-12-06T20:39:26.842+0000] {processor.py:766} INFO - DAG(s) dict_keys(['elastic_dag']) retrieved from /opt/airflow/dags/elastic_dag.py
[2023-12-06T20:39:26.968+0000] {logging_mixin.py:120} INFO - [2023-12-06T20:39:26.967+0000] {dag.py:2585} INFO - Sync 1 DAGs
[2023-12-06T20:39:27.070+0000] {logging_mixin.py:120} INFO - [2023-12-06T20:39:27.070+0000] {dag.py:3340} INFO - Setting next_dagrun for elastic_dag to 2023-12-06T00:00:00+00:00, run_after=2023-12-07T00:00:00+00:00
[2023-12-06T20:39:27.115+0000] {processor.py:176} INFO - Processing /opt/airflow/dags/elastic_dag.py took 1.023 seconds
[2023-12-06T20:39:57.414+0000] {processor.py:154} INFO - Started process (PID=2234) to work on /opt/airflow/dags/elastic_dag.py
[2023-12-06T20:39:57.415+0000] {processor.py:756} INFO - Processing file /opt/airflow/dags/elastic_dag.py for tasks to queue
[2023-12-06T20:39:57.415+0000] {logging_mixin.py:120} INFO - [2023-12-06T20:39:57.415+0000] {dagbag.py:537} INFO - Filling up the DagBag from /opt/airflow/dags/elastic_dag.py
[2023-12-06T20:39:57.774+0000] {processor.py:766} INFO - DAG(s) dict_keys(['elastic_dag']) retrieved from /opt/airflow/dags/elastic_dag.py
[2023-12-06T20:39:57.828+0000] {logging_mixin.py:120} INFO - [2023-12-06T20:39:57.828+0000] {dag.py:2585} INFO - Sync 1 DAGs
[2023-12-06T20:39:57.863+0000] {logging_mixin.py:120} INFO - [2023-12-06T20:39:57.863+0000] {dag.py:3340} INFO - Setting next_dagrun for elastic_dag to 2023-12-06T00:00:00+00:00, run_after=2023-12-07T00:00:00+00:00
[2023-12-06T20:39:57.890+0000] {processor.py:176} INFO - Processing /opt/airflow/dags/elastic_dag.py took 0.479 seconds
[2023-12-06T20:40:28.830+0000] {processor.py:154} INFO - Started process (PID=2277) to work on /opt/airflow/dags/elastic_dag.py
[2023-12-06T20:40:28.831+0000] {processor.py:756} INFO - Processing file /opt/airflow/dags/elastic_dag.py for tasks to queue
[2023-12-06T20:40:28.832+0000] {logging_mixin.py:120} INFO - [2023-12-06T20:40:28.832+0000] {dagbag.py:537} INFO - Filling up the DagBag from /opt/airflow/dags/elastic_dag.py
[2023-12-06T20:40:29.424+0000] {processor.py:766} INFO - DAG(s) dict_keys(['elastic_dag']) retrieved from /opt/airflow/dags/elastic_dag.py
[2023-12-06T20:40:29.474+0000] {logging_mixin.py:120} INFO - [2023-12-06T20:40:29.474+0000] {dag.py:2585} INFO - Sync 1 DAGs
[2023-12-06T20:40:29.537+0000] {logging_mixin.py:120} INFO - [2023-12-06T20:40:29.537+0000] {dag.py:3340} INFO - Setting next_dagrun for elastic_dag to 2023-12-06T00:00:00+00:00, run_after=2023-12-07T00:00:00+00:00
[2023-12-06T20:40:29.587+0000] {processor.py:176} INFO - Processing /opt/airflow/dags/elastic_dag.py took 0.762 seconds
[2023-12-06T20:41:00.402+0000] {processor.py:154} INFO - Started process (PID=2310) to work on /opt/airflow/dags/elastic_dag.py
[2023-12-06T20:41:00.403+0000] {processor.py:756} INFO - Processing file /opt/airflow/dags/elastic_dag.py for tasks to queue
[2023-12-06T20:41:00.404+0000] {logging_mixin.py:120} INFO - [2023-12-06T20:41:00.404+0000] {dagbag.py:537} INFO - Filling up the DagBag from /opt/airflow/dags/elastic_dag.py
[2023-12-06T20:41:00.691+0000] {processor.py:766} INFO - DAG(s) dict_keys(['elastic_dag']) retrieved from /opt/airflow/dags/elastic_dag.py
[2023-12-06T20:41:00.722+0000] {logging_mixin.py:120} INFO - [2023-12-06T20:41:00.722+0000] {dag.py:2585} INFO - Sync 1 DAGs
[2023-12-06T20:41:00.745+0000] {logging_mixin.py:120} INFO - [2023-12-06T20:41:00.744+0000] {dag.py:3340} INFO - Setting next_dagrun for elastic_dag to 2023-12-06T00:00:00+00:00, run_after=2023-12-07T00:00:00+00:00
[2023-12-06T20:41:00.766+0000] {processor.py:176} INFO - Processing /opt/airflow/dags/elastic_dag.py took 0.367 seconds
[2023-12-06T20:41:31.731+0000] {processor.py:154} INFO - Started process (PID=2353) to work on /opt/airflow/dags/elastic_dag.py
[2023-12-06T20:41:31.732+0000] {processor.py:756} INFO - Processing file /opt/airflow/dags/elastic_dag.py for tasks to queue
[2023-12-06T20:41:31.733+0000] {logging_mixin.py:120} INFO - [2023-12-06T20:41:31.733+0000] {dagbag.py:537} INFO - Filling up the DagBag from /opt/airflow/dags/elastic_dag.py
[2023-12-06T20:41:32.327+0000] {processor.py:766} INFO - DAG(s) dict_keys(['elastic_dag']) retrieved from /opt/airflow/dags/elastic_dag.py
[2023-12-06T20:41:32.425+0000] {logging_mixin.py:120} INFO - [2023-12-06T20:41:32.423+0000] {dag.py:2585} INFO - Sync 1 DAGs
[2023-12-06T20:41:32.497+0000] {logging_mixin.py:120} INFO - [2023-12-06T20:41:32.497+0000] {dag.py:3340} INFO - Setting next_dagrun for elastic_dag to 2023-12-06T00:00:00+00:00, run_after=2023-12-07T00:00:00+00:00
[2023-12-06T20:41:32.556+0000] {processor.py:176} INFO - Processing /opt/airflow/dags/elastic_dag.py took 0.829 seconds
[2023-12-06T20:42:02.995+0000] {processor.py:154} INFO - Started process (PID=2396) to work on /opt/airflow/dags/elastic_dag.py
[2023-12-06T20:42:02.996+0000] {processor.py:756} INFO - Processing file /opt/airflow/dags/elastic_dag.py for tasks to queue
[2023-12-06T20:42:02.997+0000] {logging_mixin.py:120} INFO - [2023-12-06T20:42:02.996+0000] {dagbag.py:537} INFO - Filling up the DagBag from /opt/airflow/dags/elastic_dag.py
[2023-12-06T20:42:03.335+0000] {processor.py:766} INFO - DAG(s) dict_keys(['elastic_dag']) retrieved from /opt/airflow/dags/elastic_dag.py
[2023-12-06T20:42:03.381+0000] {logging_mixin.py:120} INFO - [2023-12-06T20:42:03.380+0000] {dag.py:2585} INFO - Sync 1 DAGs
[2023-12-06T20:42:03.424+0000] {logging_mixin.py:120} INFO - [2023-12-06T20:42:03.423+0000] {dag.py:3340} INFO - Setting next_dagrun for elastic_dag to 2023-12-06T00:00:00+00:00, run_after=2023-12-07T00:00:00+00:00
[2023-12-06T20:42:03.456+0000] {processor.py:176} INFO - Processing /opt/airflow/dags/elastic_dag.py took 0.465 seconds
[2023-12-06T20:42:34.396+0000] {processor.py:154} INFO - Started process (PID=2433) to work on /opt/airflow/dags/elastic_dag.py
[2023-12-06T20:42:34.397+0000] {processor.py:756} INFO - Processing file /opt/airflow/dags/elastic_dag.py for tasks to queue
[2023-12-06T20:42:34.397+0000] {logging_mixin.py:120} INFO - [2023-12-06T20:42:34.397+0000] {dagbag.py:537} INFO - Filling up the DagBag from /opt/airflow/dags/elastic_dag.py
[2023-12-06T20:42:34.897+0000] {processor.py:766} INFO - DAG(s) dict_keys(['elastic_dag']) retrieved from /opt/airflow/dags/elastic_dag.py
[2023-12-06T20:42:34.976+0000] {logging_mixin.py:120} INFO - [2023-12-06T20:42:34.975+0000] {dag.py:2585} INFO - Sync 1 DAGs
[2023-12-06T20:42:35.039+0000] {logging_mixin.py:120} INFO - [2023-12-06T20:42:35.038+0000] {dag.py:3340} INFO - Setting next_dagrun for elastic_dag to 2023-12-06T00:00:00+00:00, run_after=2023-12-07T00:00:00+00:00
[2023-12-06T20:42:35.087+0000] {processor.py:176} INFO - Processing /opt/airflow/dags/elastic_dag.py took 0.694 seconds
[2023-12-06T20:43:05.844+0000] {processor.py:154} INFO - Started process (PID=2475) to work on /opt/airflow/dags/elastic_dag.py
[2023-12-06T20:43:05.845+0000] {processor.py:756} INFO - Processing file /opt/airflow/dags/elastic_dag.py for tasks to queue
[2023-12-06T20:43:05.845+0000] {logging_mixin.py:120} INFO - [2023-12-06T20:43:05.845+0000] {dagbag.py:537} INFO - Filling up the DagBag from /opt/airflow/dags/elastic_dag.py
[2023-12-06T20:43:06.175+0000] {processor.py:766} INFO - DAG(s) dict_keys(['elastic_dag']) retrieved from /opt/airflow/dags/elastic_dag.py
[2023-12-06T20:43:06.281+0000] {logging_mixin.py:120} INFO - [2023-12-06T20:43:06.279+0000] {dag.py:2585} INFO - Sync 1 DAGs
[2023-12-06T20:43:06.375+0000] {logging_mixin.py:120} INFO - [2023-12-06T20:43:06.375+0000] {dag.py:3340} INFO - Setting next_dagrun for elastic_dag to 2023-12-06T00:00:00+00:00, run_after=2023-12-07T00:00:00+00:00
[2023-12-06T20:43:06.456+0000] {processor.py:176} INFO - Processing /opt/airflow/dags/elastic_dag.py took 0.615 seconds
