[2023-12-06T10:16:51.217+0000] {processor.py:154} INFO - Started process (PID=73) to work on /opt/airflow/dags/producer.py
[2023-12-06T10:16:51.219+0000] {processor.py:756} INFO - Processing file /opt/airflow/dags/producer.py for tasks to queue
[2023-12-06T10:16:51.220+0000] {logging_mixin.py:120} INFO - [2023-12-06T10:16:51.219+0000] {dagbag.py:537} INFO - Filling up the DagBag from /opt/airflow/dags/producer.py
[2023-12-06T10:16:51.359+0000] {processor.py:766} INFO - DAG(s) dict_keys(['producer']) retrieved from /opt/airflow/dags/producer.py
[2023-12-06T10:16:51.496+0000] {logging_mixin.py:120} INFO - [2023-12-06T10:16:51.495+0000] {dag.py:2585} INFO - Sync 1 DAGs
[2023-12-06T10:16:51.547+0000] {logging_mixin.py:120} INFO - [2023-12-06T10:16:51.547+0000] {dag.py:3340} INFO - Setting next_dagrun for producer to 2023-12-05T00:00:00+00:00, run_after=2023-12-06T00:00:00+00:00
[2023-12-06T10:16:51.621+0000] {processor.py:176} INFO - Processing /opt/airflow/dags/producer.py took 0.420 seconds
[2023-12-06T10:17:22.021+0000] {processor.py:154} INFO - Started process (PID=109) to work on /opt/airflow/dags/producer.py
[2023-12-06T10:17:22.022+0000] {processor.py:756} INFO - Processing file /opt/airflow/dags/producer.py for tasks to queue
[2023-12-06T10:17:22.023+0000] {logging_mixin.py:120} INFO - [2023-12-06T10:17:22.023+0000] {dagbag.py:537} INFO - Filling up the DagBag from /opt/airflow/dags/producer.py
[2023-12-06T10:17:22.048+0000] {processor.py:766} INFO - DAG(s) dict_keys(['producer']) retrieved from /opt/airflow/dags/producer.py
[2023-12-06T10:17:22.082+0000] {logging_mixin.py:120} INFO - [2023-12-06T10:17:22.081+0000] {dag.py:2585} INFO - Sync 1 DAGs
[2023-12-06T10:17:22.103+0000] {logging_mixin.py:120} INFO - [2023-12-06T10:17:22.103+0000] {dag.py:3340} INFO - Setting next_dagrun for producer to 2023-12-05T00:00:00+00:00, run_after=2023-12-06T00:00:00+00:00
[2023-12-06T10:17:22.131+0000] {processor.py:176} INFO - Processing /opt/airflow/dags/producer.py took 0.113 seconds
[2023-12-06T10:17:52.451+0000] {processor.py:154} INFO - Started process (PID=153) to work on /opt/airflow/dags/producer.py
[2023-12-06T10:17:52.452+0000] {processor.py:756} INFO - Processing file /opt/airflow/dags/producer.py for tasks to queue
[2023-12-06T10:17:52.452+0000] {logging_mixin.py:120} INFO - [2023-12-06T10:17:52.452+0000] {dagbag.py:537} INFO - Filling up the DagBag from /opt/airflow/dags/producer.py
[2023-12-06T10:17:52.471+0000] {processor.py:766} INFO - DAG(s) dict_keys(['producer']) retrieved from /opt/airflow/dags/producer.py
[2023-12-06T10:17:52.506+0000] {logging_mixin.py:120} INFO - [2023-12-06T10:17:52.505+0000] {dag.py:2585} INFO - Sync 1 DAGs
[2023-12-06T10:17:52.529+0000] {logging_mixin.py:120} INFO - [2023-12-06T10:17:52.529+0000] {dag.py:3340} INFO - Setting next_dagrun for producer to 2023-12-05T00:00:00+00:00, run_after=2023-12-06T00:00:00+00:00
[2023-12-06T10:17:52.560+0000] {processor.py:176} INFO - Processing /opt/airflow/dags/producer.py took 0.111 seconds
[2023-12-06T10:18:22.965+0000] {processor.py:154} INFO - Started process (PID=183) to work on /opt/airflow/dags/producer.py
[2023-12-06T10:18:22.966+0000] {processor.py:756} INFO - Processing file /opt/airflow/dags/producer.py for tasks to queue
[2023-12-06T10:18:22.967+0000] {logging_mixin.py:120} INFO - [2023-12-06T10:18:22.967+0000] {dagbag.py:537} INFO - Filling up the DagBag from /opt/airflow/dags/producer.py
[2023-12-06T10:18:22.996+0000] {processor.py:766} INFO - DAG(s) dict_keys(['producer']) retrieved from /opt/airflow/dags/producer.py
[2023-12-06T10:18:23.114+0000] {logging_mixin.py:120} INFO - [2023-12-06T10:18:23.113+0000] {dag.py:2585} INFO - Sync 1 DAGs
[2023-12-06T10:18:23.165+0000] {logging_mixin.py:120} INFO - [2023-12-06T10:18:23.165+0000] {dag.py:3340} INFO - Setting next_dagrun for producer to 2023-12-05T00:00:00+00:00, run_after=2023-12-06T00:00:00+00:00
[2023-12-06T10:18:23.205+0000] {processor.py:176} INFO - Processing /opt/airflow/dags/producer.py took 0.243 seconds
[2023-12-06T10:18:54.074+0000] {processor.py:154} INFO - Started process (PID=232) to work on /opt/airflow/dags/producer.py
[2023-12-06T10:18:54.074+0000] {processor.py:756} INFO - Processing file /opt/airflow/dags/producer.py for tasks to queue
[2023-12-06T10:18:54.075+0000] {logging_mixin.py:120} INFO - [2023-12-06T10:18:54.075+0000] {dagbag.py:537} INFO - Filling up the DagBag from /opt/airflow/dags/producer.py
[2023-12-06T10:18:54.096+0000] {processor.py:766} INFO - DAG(s) dict_keys(['producer']) retrieved from /opt/airflow/dags/producer.py
[2023-12-06T10:18:54.131+0000] {logging_mixin.py:120} INFO - [2023-12-06T10:18:54.130+0000] {dag.py:2585} INFO - Sync 1 DAGs
[2023-12-06T10:18:54.155+0000] {logging_mixin.py:120} INFO - [2023-12-06T10:18:54.154+0000] {dag.py:3340} INFO - Setting next_dagrun for producer to 2023-12-05T00:00:00+00:00, run_after=2023-12-06T00:00:00+00:00
[2023-12-06T10:18:54.183+0000] {processor.py:176} INFO - Processing /opt/airflow/dags/producer.py took 0.112 seconds
[2023-12-06T10:19:25.686+0000] {processor.py:154} INFO - Started process (PID=277) to work on /opt/airflow/dags/producer.py
[2023-12-06T10:19:25.687+0000] {processor.py:756} INFO - Processing file /opt/airflow/dags/producer.py for tasks to queue
[2023-12-06T10:19:25.687+0000] {logging_mixin.py:120} INFO - [2023-12-06T10:19:25.687+0000] {dagbag.py:537} INFO - Filling up the DagBag from /opt/airflow/dags/producer.py
[2023-12-06T10:19:25.718+0000] {processor.py:766} INFO - DAG(s) dict_keys(['producer']) retrieved from /opt/airflow/dags/producer.py
[2023-12-06T10:19:25.767+0000] {logging_mixin.py:120} INFO - [2023-12-06T10:19:25.767+0000] {dag.py:2585} INFO - Sync 1 DAGs
[2023-12-06T10:19:25.797+0000] {logging_mixin.py:120} INFO - [2023-12-06T10:19:25.797+0000] {dag.py:3340} INFO - Setting next_dagrun for producer to 2023-12-05T00:00:00+00:00, run_after=2023-12-06T00:00:00+00:00
[2023-12-06T10:19:25.823+0000] {processor.py:176} INFO - Processing /opt/airflow/dags/producer.py took 0.141 seconds
[2023-12-06T10:19:56.757+0000] {processor.py:154} INFO - Started process (PID=321) to work on /opt/airflow/dags/producer.py
[2023-12-06T10:19:56.758+0000] {processor.py:756} INFO - Processing file /opt/airflow/dags/producer.py for tasks to queue
[2023-12-06T10:19:56.763+0000] {logging_mixin.py:120} INFO - [2023-12-06T10:19:56.763+0000] {dagbag.py:537} INFO - Filling up the DagBag from /opt/airflow/dags/producer.py
[2023-12-06T10:19:56.805+0000] {processor.py:766} INFO - DAG(s) dict_keys(['producer']) retrieved from /opt/airflow/dags/producer.py
[2023-12-06T10:19:56.853+0000] {logging_mixin.py:120} INFO - [2023-12-06T10:19:56.853+0000] {dag.py:2585} INFO - Sync 1 DAGs
[2023-12-06T10:19:56.912+0000] {logging_mixin.py:120} INFO - [2023-12-06T10:19:56.911+0000] {dag.py:3340} INFO - Setting next_dagrun for producer to 2023-12-05T00:00:00+00:00, run_after=2023-12-06T00:00:00+00:00
[2023-12-06T10:19:56.961+0000] {processor.py:176} INFO - Processing /opt/airflow/dags/producer.py took 0.208 seconds
[2023-12-06T10:20:28.008+0000] {processor.py:154} INFO - Started process (PID=354) to work on /opt/airflow/dags/producer.py
[2023-12-06T10:20:28.013+0000] {processor.py:756} INFO - Processing file /opt/airflow/dags/producer.py for tasks to queue
[2023-12-06T10:20:28.014+0000] {logging_mixin.py:120} INFO - [2023-12-06T10:20:28.014+0000] {dagbag.py:537} INFO - Filling up the DagBag from /opt/airflow/dags/producer.py
[2023-12-06T10:20:28.036+0000] {processor.py:766} INFO - DAG(s) dict_keys(['producer']) retrieved from /opt/airflow/dags/producer.py
[2023-12-06T10:20:28.085+0000] {logging_mixin.py:120} INFO - [2023-12-06T10:20:28.085+0000] {dag.py:2585} INFO - Sync 1 DAGs
[2023-12-06T10:20:28.108+0000] {logging_mixin.py:120} INFO - [2023-12-06T10:20:28.108+0000] {dag.py:3340} INFO - Setting next_dagrun for producer to 2023-12-05T00:00:00+00:00, run_after=2023-12-06T00:00:00+00:00
[2023-12-06T10:20:28.137+0000] {processor.py:176} INFO - Processing /opt/airflow/dags/producer.py took 0.133 seconds
[2023-12-06T10:20:59.084+0000] {processor.py:154} INFO - Started process (PID=396) to work on /opt/airflow/dags/producer.py
[2023-12-06T10:20:59.085+0000] {processor.py:756} INFO - Processing file /opt/airflow/dags/producer.py for tasks to queue
[2023-12-06T10:20:59.085+0000] {logging_mixin.py:120} INFO - [2023-12-06T10:20:59.085+0000] {dagbag.py:537} INFO - Filling up the DagBag from /opt/airflow/dags/producer.py
[2023-12-06T10:20:59.115+0000] {processor.py:766} INFO - DAG(s) dict_keys(['producer']) retrieved from /opt/airflow/dags/producer.py
[2023-12-06T10:20:59.155+0000] {logging_mixin.py:120} INFO - [2023-12-06T10:20:59.155+0000] {dag.py:2585} INFO - Sync 1 DAGs
[2023-12-06T10:20:59.182+0000] {logging_mixin.py:120} INFO - [2023-12-06T10:20:59.182+0000] {dag.py:3340} INFO - Setting next_dagrun for producer to 2023-12-05T00:00:00+00:00, run_after=2023-12-06T00:00:00+00:00
[2023-12-06T10:20:59.216+0000] {processor.py:176} INFO - Processing /opt/airflow/dags/producer.py took 0.136 seconds
[2023-12-06T10:21:29.543+0000] {processor.py:154} INFO - Started process (PID=438) to work on /opt/airflow/dags/producer.py
[2023-12-06T10:21:29.544+0000] {processor.py:756} INFO - Processing file /opt/airflow/dags/producer.py for tasks to queue
[2023-12-06T10:21:29.544+0000] {logging_mixin.py:120} INFO - [2023-12-06T10:21:29.544+0000] {dagbag.py:537} INFO - Filling up the DagBag from /opt/airflow/dags/producer.py
[2023-12-06T10:21:29.571+0000] {processor.py:766} INFO - DAG(s) dict_keys(['producer']) retrieved from /opt/airflow/dags/producer.py
[2023-12-06T10:21:29.640+0000] {logging_mixin.py:120} INFO - [2023-12-06T10:21:29.639+0000] {dag.py:2585} INFO - Sync 1 DAGs
[2023-12-06T10:21:29.673+0000] {logging_mixin.py:120} INFO - [2023-12-06T10:21:29.673+0000] {dag.py:3340} INFO - Setting next_dagrun for producer to 2023-12-05T00:00:00+00:00, run_after=2023-12-06T00:00:00+00:00
[2023-12-06T10:21:29.698+0000] {processor.py:176} INFO - Processing /opt/airflow/dags/producer.py took 0.158 seconds
[2023-12-06T10:22:00.784+0000] {processor.py:154} INFO - Started process (PID=480) to work on /opt/airflow/dags/producer.py
[2023-12-06T10:22:00.785+0000] {processor.py:756} INFO - Processing file /opt/airflow/dags/producer.py for tasks to queue
[2023-12-06T10:22:00.786+0000] {logging_mixin.py:120} INFO - [2023-12-06T10:22:00.786+0000] {dagbag.py:537} INFO - Filling up the DagBag from /opt/airflow/dags/producer.py
[2023-12-06T10:22:00.812+0000] {processor.py:766} INFO - DAG(s) dict_keys(['producer']) retrieved from /opt/airflow/dags/producer.py
[2023-12-06T10:22:00.858+0000] {logging_mixin.py:120} INFO - [2023-12-06T10:22:00.858+0000] {dag.py:2585} INFO - Sync 1 DAGs
[2023-12-06T10:22:00.885+0000] {logging_mixin.py:120} INFO - [2023-12-06T10:22:00.885+0000] {dag.py:3340} INFO - Setting next_dagrun for producer to 2023-12-05T00:00:00+00:00, run_after=2023-12-06T00:00:00+00:00
[2023-12-06T10:22:00.916+0000] {processor.py:176} INFO - Processing /opt/airflow/dags/producer.py took 0.135 seconds
[2023-12-06T10:22:31.847+0000] {processor.py:154} INFO - Started process (PID=514) to work on /opt/airflow/dags/producer.py
[2023-12-06T10:22:31.847+0000] {processor.py:756} INFO - Processing file /opt/airflow/dags/producer.py for tasks to queue
[2023-12-06T10:22:31.848+0000] {logging_mixin.py:120} INFO - [2023-12-06T10:22:31.848+0000] {dagbag.py:537} INFO - Filling up the DagBag from /opt/airflow/dags/producer.py
[2023-12-06T10:22:31.869+0000] {processor.py:766} INFO - DAG(s) dict_keys(['producer']) retrieved from /opt/airflow/dags/producer.py
[2023-12-06T10:22:31.911+0000] {logging_mixin.py:120} INFO - [2023-12-06T10:22:31.910+0000] {dag.py:2585} INFO - Sync 1 DAGs
[2023-12-06T10:22:31.938+0000] {logging_mixin.py:120} INFO - [2023-12-06T10:22:31.938+0000] {dag.py:3340} INFO - Setting next_dagrun for producer to 2023-12-05T00:00:00+00:00, run_after=2023-12-06T00:00:00+00:00
[2023-12-06T10:22:31.962+0000] {processor.py:176} INFO - Processing /opt/airflow/dags/producer.py took 0.118 seconds
[2023-12-06T10:23:02.752+0000] {processor.py:154} INFO - Started process (PID=556) to work on /opt/airflow/dags/producer.py
[2023-12-06T10:23:02.753+0000] {processor.py:756} INFO - Processing file /opt/airflow/dags/producer.py for tasks to queue
[2023-12-06T10:23:02.754+0000] {logging_mixin.py:120} INFO - [2023-12-06T10:23:02.754+0000] {dagbag.py:537} INFO - Filling up the DagBag from /opt/airflow/dags/producer.py
[2023-12-06T10:23:02.782+0000] {processor.py:766} INFO - DAG(s) dict_keys(['producer']) retrieved from /opt/airflow/dags/producer.py
[2023-12-06T10:23:02.834+0000] {logging_mixin.py:120} INFO - [2023-12-06T10:23:02.833+0000] {dag.py:2585} INFO - Sync 1 DAGs
[2023-12-06T10:23:02.870+0000] {logging_mixin.py:120} INFO - [2023-12-06T10:23:02.870+0000] {dag.py:3340} INFO - Setting next_dagrun for producer to 2023-12-05T00:00:00+00:00, run_after=2023-12-06T00:00:00+00:00
[2023-12-06T10:23:02.924+0000] {processor.py:176} INFO - Processing /opt/airflow/dags/producer.py took 0.174 seconds
[2023-12-06T10:23:33.764+0000] {processor.py:154} INFO - Started process (PID=598) to work on /opt/airflow/dags/producer.py
[2023-12-06T10:23:33.764+0000] {processor.py:756} INFO - Processing file /opt/airflow/dags/producer.py for tasks to queue
[2023-12-06T10:23:33.765+0000] {logging_mixin.py:120} INFO - [2023-12-06T10:23:33.765+0000] {dagbag.py:537} INFO - Filling up the DagBag from /opt/airflow/dags/producer.py
[2023-12-06T10:23:33.789+0000] {processor.py:766} INFO - DAG(s) dict_keys(['producer']) retrieved from /opt/airflow/dags/producer.py
[2023-12-06T10:23:33.827+0000] {logging_mixin.py:120} INFO - [2023-12-06T10:23:33.827+0000] {dag.py:2585} INFO - Sync 1 DAGs
[2023-12-06T10:23:33.849+0000] {logging_mixin.py:120} INFO - [2023-12-06T10:23:33.849+0000] {dag.py:3340} INFO - Setting next_dagrun for producer to 2023-12-05T00:00:00+00:00, run_after=2023-12-06T00:00:00+00:00
[2023-12-06T10:23:33.874+0000] {processor.py:176} INFO - Processing /opt/airflow/dags/producer.py took 0.113 seconds
[2023-12-06T10:24:04.222+0000] {processor.py:154} INFO - Started process (PID=640) to work on /opt/airflow/dags/producer.py
[2023-12-06T10:24:04.223+0000] {processor.py:756} INFO - Processing file /opt/airflow/dags/producer.py for tasks to queue
[2023-12-06T10:24:04.223+0000] {logging_mixin.py:120} INFO - [2023-12-06T10:24:04.223+0000] {dagbag.py:537} INFO - Filling up the DagBag from /opt/airflow/dags/producer.py
[2023-12-06T10:24:04.247+0000] {processor.py:766} INFO - DAG(s) dict_keys(['producer']) retrieved from /opt/airflow/dags/producer.py
[2023-12-06T10:24:04.293+0000] {logging_mixin.py:120} INFO - [2023-12-06T10:24:04.292+0000] {dag.py:2585} INFO - Sync 1 DAGs
[2023-12-06T10:24:04.326+0000] {logging_mixin.py:120} INFO - [2023-12-06T10:24:04.325+0000] {dag.py:3340} INFO - Setting next_dagrun for producer to 2023-12-05T00:00:00+00:00, run_after=2023-12-06T00:00:00+00:00
[2023-12-06T10:24:04.359+0000] {processor.py:176} INFO - Processing /opt/airflow/dags/producer.py took 0.141 seconds
[2023-12-06T10:24:35.680+0000] {processor.py:154} INFO - Started process (PID=673) to work on /opt/airflow/dags/producer.py
[2023-12-06T10:24:35.681+0000] {processor.py:756} INFO - Processing file /opt/airflow/dags/producer.py for tasks to queue
[2023-12-06T10:24:35.681+0000] {logging_mixin.py:120} INFO - [2023-12-06T10:24:35.681+0000] {dagbag.py:537} INFO - Filling up the DagBag from /opt/airflow/dags/producer.py
[2023-12-06T10:24:35.707+0000] {processor.py:766} INFO - DAG(s) dict_keys(['producer']) retrieved from /opt/airflow/dags/producer.py
[2023-12-06T10:24:35.750+0000] {logging_mixin.py:120} INFO - [2023-12-06T10:24:35.750+0000] {dag.py:2585} INFO - Sync 1 DAGs
[2023-12-06T10:24:35.783+0000] {logging_mixin.py:120} INFO - [2023-12-06T10:24:35.783+0000] {dag.py:3340} INFO - Setting next_dagrun for producer to 2023-12-05T00:00:00+00:00, run_after=2023-12-06T00:00:00+00:00
[2023-12-06T10:24:35.820+0000] {processor.py:176} INFO - Processing /opt/airflow/dags/producer.py took 0.142 seconds
[2023-12-06T10:25:06.618+0000] {processor.py:154} INFO - Started process (PID=715) to work on /opt/airflow/dags/producer.py
[2023-12-06T10:25:06.619+0000] {processor.py:756} INFO - Processing file /opt/airflow/dags/producer.py for tasks to queue
[2023-12-06T10:25:06.619+0000] {logging_mixin.py:120} INFO - [2023-12-06T10:25:06.619+0000] {dagbag.py:537} INFO - Filling up the DagBag from /opt/airflow/dags/producer.py
[2023-12-06T10:25:06.643+0000] {processor.py:766} INFO - DAG(s) dict_keys(['producer']) retrieved from /opt/airflow/dags/producer.py
[2023-12-06T10:25:06.679+0000] {logging_mixin.py:120} INFO - [2023-12-06T10:25:06.679+0000] {dag.py:2585} INFO - Sync 1 DAGs
[2023-12-06T10:25:06.702+0000] {logging_mixin.py:120} INFO - [2023-12-06T10:25:06.701+0000] {dag.py:3340} INFO - Setting next_dagrun for producer to 2023-12-05T00:00:00+00:00, run_after=2023-12-06T00:00:00+00:00
[2023-12-06T10:25:06.729+0000] {processor.py:176} INFO - Processing /opt/airflow/dags/producer.py took 0.113 seconds
[2023-12-06T10:25:37.301+0000] {processor.py:154} INFO - Started process (PID=757) to work on /opt/airflow/dags/producer.py
[2023-12-06T10:25:37.302+0000] {processor.py:756} INFO - Processing file /opt/airflow/dags/producer.py for tasks to queue
[2023-12-06T10:25:37.303+0000] {logging_mixin.py:120} INFO - [2023-12-06T10:25:37.303+0000] {dagbag.py:537} INFO - Filling up the DagBag from /opt/airflow/dags/producer.py
[2023-12-06T10:25:37.329+0000] {processor.py:766} INFO - DAG(s) dict_keys(['producer']) retrieved from /opt/airflow/dags/producer.py
[2023-12-06T10:25:37.366+0000] {logging_mixin.py:120} INFO - [2023-12-06T10:25:37.366+0000] {dag.py:2585} INFO - Sync 1 DAGs
[2023-12-06T10:25:37.393+0000] {logging_mixin.py:120} INFO - [2023-12-06T10:25:37.392+0000] {dag.py:3340} INFO - Setting next_dagrun for producer to 2023-12-05T00:00:00+00:00, run_after=2023-12-06T00:00:00+00:00
[2023-12-06T10:25:37.425+0000] {processor.py:176} INFO - Processing /opt/airflow/dags/producer.py took 0.126 seconds
[2023-12-06T10:26:07.869+0000] {processor.py:154} INFO - Started process (PID=799) to work on /opt/airflow/dags/producer.py
[2023-12-06T10:26:07.870+0000] {processor.py:756} INFO - Processing file /opt/airflow/dags/producer.py for tasks to queue
[2023-12-06T10:26:07.871+0000] {logging_mixin.py:120} INFO - [2023-12-06T10:26:07.870+0000] {dagbag.py:537} INFO - Filling up the DagBag from /opt/airflow/dags/producer.py
[2023-12-06T10:26:07.890+0000] {processor.py:766} INFO - DAG(s) dict_keys(['producer']) retrieved from /opt/airflow/dags/producer.py
[2023-12-06T10:26:07.929+0000] {logging_mixin.py:120} INFO - [2023-12-06T10:26:07.928+0000] {dag.py:2585} INFO - Sync 1 DAGs
[2023-12-06T10:26:07.959+0000] {logging_mixin.py:120} INFO - [2023-12-06T10:26:07.959+0000] {dag.py:3340} INFO - Setting next_dagrun for producer to 2023-12-05T00:00:00+00:00, run_after=2023-12-06T00:00:00+00:00
[2023-12-06T10:26:07.991+0000] {processor.py:176} INFO - Processing /opt/airflow/dags/producer.py took 0.125 seconds
[2023-12-06T10:26:38.430+0000] {processor.py:154} INFO - Started process (PID=833) to work on /opt/airflow/dags/producer.py
[2023-12-06T10:26:38.431+0000] {processor.py:756} INFO - Processing file /opt/airflow/dags/producer.py for tasks to queue
[2023-12-06T10:26:38.432+0000] {logging_mixin.py:120} INFO - [2023-12-06T10:26:38.432+0000] {dagbag.py:537} INFO - Filling up the DagBag from /opt/airflow/dags/producer.py
[2023-12-06T10:26:38.457+0000] {processor.py:766} INFO - DAG(s) dict_keys(['producer']) retrieved from /opt/airflow/dags/producer.py
[2023-12-06T10:26:38.497+0000] {logging_mixin.py:120} INFO - [2023-12-06T10:26:38.497+0000] {dag.py:2585} INFO - Sync 1 DAGs
[2023-12-06T10:26:38.523+0000] {logging_mixin.py:120} INFO - [2023-12-06T10:26:38.523+0000] {dag.py:3340} INFO - Setting next_dagrun for producer to 2023-12-05T00:00:00+00:00, run_after=2023-12-06T00:00:00+00:00
[2023-12-06T10:26:38.558+0000] {processor.py:176} INFO - Processing /opt/airflow/dags/producer.py took 0.130 seconds
[2023-12-06T10:27:09.416+0000] {processor.py:154} INFO - Started process (PID=875) to work on /opt/airflow/dags/producer.py
[2023-12-06T10:27:09.417+0000] {processor.py:756} INFO - Processing file /opt/airflow/dags/producer.py for tasks to queue
[2023-12-06T10:27:09.418+0000] {logging_mixin.py:120} INFO - [2023-12-06T10:27:09.417+0000] {dagbag.py:537} INFO - Filling up the DagBag from /opt/airflow/dags/producer.py
[2023-12-06T10:27:09.438+0000] {processor.py:766} INFO - DAG(s) dict_keys(['producer']) retrieved from /opt/airflow/dags/producer.py
[2023-12-06T10:27:09.473+0000] {logging_mixin.py:120} INFO - [2023-12-06T10:27:09.473+0000] {dag.py:2585} INFO - Sync 1 DAGs
[2023-12-06T10:27:09.496+0000] {logging_mixin.py:120} INFO - [2023-12-06T10:27:09.496+0000] {dag.py:3340} INFO - Setting next_dagrun for producer to 2023-12-05T00:00:00+00:00, run_after=2023-12-06T00:00:00+00:00
[2023-12-06T10:27:09.523+0000] {processor.py:176} INFO - Processing /opt/airflow/dags/producer.py took 0.109 seconds
[2023-12-06T10:27:39.838+0000] {processor.py:154} INFO - Started process (PID=919) to work on /opt/airflow/dags/producer.py
[2023-12-06T10:27:39.839+0000] {processor.py:756} INFO - Processing file /opt/airflow/dags/producer.py for tasks to queue
[2023-12-06T10:27:39.840+0000] {logging_mixin.py:120} INFO - [2023-12-06T10:27:39.839+0000] {dagbag.py:537} INFO - Filling up the DagBag from /opt/airflow/dags/producer.py
[2023-12-06T10:27:39.858+0000] {processor.py:766} INFO - DAG(s) dict_keys(['producer']) retrieved from /opt/airflow/dags/producer.py
[2023-12-06T10:27:39.897+0000] {logging_mixin.py:120} INFO - [2023-12-06T10:27:39.897+0000] {dag.py:2585} INFO - Sync 1 DAGs
[2023-12-06T10:27:39.932+0000] {logging_mixin.py:120} INFO - [2023-12-06T10:27:39.931+0000] {dag.py:3340} INFO - Setting next_dagrun for producer to 2023-12-05T00:00:00+00:00, run_after=2023-12-06T00:00:00+00:00
[2023-12-06T10:27:39.963+0000] {processor.py:176} INFO - Processing /opt/airflow/dags/producer.py took 0.127 seconds
[2023-12-06T10:28:11.276+0000] {processor.py:154} INFO - Started process (PID=962) to work on /opt/airflow/dags/producer.py
[2023-12-06T10:28:11.277+0000] {processor.py:756} INFO - Processing file /opt/airflow/dags/producer.py for tasks to queue
[2023-12-06T10:28:11.278+0000] {logging_mixin.py:120} INFO - [2023-12-06T10:28:11.277+0000] {dagbag.py:537} INFO - Filling up the DagBag from /opt/airflow/dags/producer.py
[2023-12-06T10:28:11.301+0000] {processor.py:766} INFO - DAG(s) dict_keys(['producer']) retrieved from /opt/airflow/dags/producer.py
[2023-12-06T10:28:11.342+0000] {logging_mixin.py:120} INFO - [2023-12-06T10:28:11.342+0000] {dag.py:2585} INFO - Sync 1 DAGs
[2023-12-06T10:28:11.388+0000] {logging_mixin.py:120} INFO - [2023-12-06T10:28:11.387+0000] {dag.py:3340} INFO - Setting next_dagrun for producer to 2023-12-05T00:00:00+00:00, run_after=2023-12-06T00:00:00+00:00
[2023-12-06T10:28:11.419+0000] {processor.py:176} INFO - Processing /opt/airflow/dags/producer.py took 0.146 seconds
[2023-12-06T10:28:42.251+0000] {processor.py:154} INFO - Started process (PID=995) to work on /opt/airflow/dags/producer.py
[2023-12-06T10:28:42.252+0000] {processor.py:756} INFO - Processing file /opt/airflow/dags/producer.py for tasks to queue
[2023-12-06T10:28:42.253+0000] {logging_mixin.py:120} INFO - [2023-12-06T10:28:42.253+0000] {dagbag.py:537} INFO - Filling up the DagBag from /opt/airflow/dags/producer.py
[2023-12-06T10:28:42.293+0000] {processor.py:766} INFO - DAG(s) dict_keys(['producer']) retrieved from /opt/airflow/dags/producer.py
[2023-12-06T10:28:42.340+0000] {logging_mixin.py:120} INFO - [2023-12-06T10:28:42.339+0000] {dag.py:2585} INFO - Sync 1 DAGs
[2023-12-06T10:28:42.381+0000] {logging_mixin.py:120} INFO - [2023-12-06T10:28:42.381+0000] {dag.py:3340} INFO - Setting next_dagrun for producer to 2023-12-05T00:00:00+00:00, run_after=2023-12-06T00:00:00+00:00
[2023-12-06T10:28:42.424+0000] {processor.py:176} INFO - Processing /opt/airflow/dags/producer.py took 0.176 seconds
[2023-12-06T10:29:13.280+0000] {processor.py:154} INFO - Started process (PID=1037) to work on /opt/airflow/dags/producer.py
[2023-12-06T10:29:13.281+0000] {processor.py:756} INFO - Processing file /opt/airflow/dags/producer.py for tasks to queue
[2023-12-06T10:29:13.282+0000] {logging_mixin.py:120} INFO - [2023-12-06T10:29:13.281+0000] {dagbag.py:537} INFO - Filling up the DagBag from /opt/airflow/dags/producer.py
[2023-12-06T10:29:13.302+0000] {processor.py:766} INFO - DAG(s) dict_keys(['producer']) retrieved from /opt/airflow/dags/producer.py
[2023-12-06T10:29:13.343+0000] {logging_mixin.py:120} INFO - [2023-12-06T10:29:13.343+0000] {dag.py:2585} INFO - Sync 1 DAGs
[2023-12-06T10:29:13.366+0000] {logging_mixin.py:120} INFO - [2023-12-06T10:29:13.365+0000] {dag.py:3340} INFO - Setting next_dagrun for producer to 2023-12-05T00:00:00+00:00, run_after=2023-12-06T00:00:00+00:00
[2023-12-06T10:29:13.391+0000] {processor.py:176} INFO - Processing /opt/airflow/dags/producer.py took 0.113 seconds
[2023-12-06T20:11:06.781+0000] {processor.py:154} INFO - Started process (PID=60) to work on /opt/airflow/dags/producer.py
[2023-12-06T20:11:06.793+0000] {processor.py:756} INFO - Processing file /opt/airflow/dags/producer.py for tasks to queue
[2023-12-06T20:11:06.794+0000] {logging_mixin.py:120} INFO - [2023-12-06T20:11:06.794+0000] {dagbag.py:537} INFO - Filling up the DagBag from /opt/airflow/dags/producer.py
[2023-12-06T20:11:06.935+0000] {processor.py:766} INFO - DAG(s) dict_keys(['producer']) retrieved from /opt/airflow/dags/producer.py
[2023-12-06T20:11:07.143+0000] {logging_mixin.py:120} INFO - [2023-12-06T20:11:07.143+0000] {dag.py:2585} INFO - Sync 1 DAGs
[2023-12-06T20:11:07.292+0000] {logging_mixin.py:120} INFO - [2023-12-06T20:11:07.292+0000] {dag.py:3340} INFO - Setting next_dagrun for producer to 2023-12-05T00:00:00+00:00, run_after=2023-12-06T00:00:00+00:00
[2023-12-06T20:11:07.400+0000] {processor.py:176} INFO - Processing /opt/airflow/dags/producer.py took 0.622 seconds
[2023-12-06T20:11:38.271+0000] {processor.py:154} INFO - Started process (PID=92) to work on /opt/airflow/dags/producer.py
[2023-12-06T20:11:38.276+0000] {processor.py:756} INFO - Processing file /opt/airflow/dags/producer.py for tasks to queue
[2023-12-06T20:11:38.277+0000] {logging_mixin.py:120} INFO - [2023-12-06T20:11:38.277+0000] {dagbag.py:537} INFO - Filling up the DagBag from /opt/airflow/dags/producer.py
[2023-12-06T20:11:38.397+0000] {processor.py:766} INFO - DAG(s) dict_keys(['producer']) retrieved from /opt/airflow/dags/producer.py
[2023-12-06T20:11:38.601+0000] {logging_mixin.py:120} INFO - [2023-12-06T20:11:38.601+0000] {dag.py:2585} INFO - Sync 1 DAGs
[2023-12-06T20:11:38.732+0000] {logging_mixin.py:120} INFO - [2023-12-06T20:11:38.732+0000] {dag.py:3340} INFO - Setting next_dagrun for producer to 2023-12-05T00:00:00+00:00, run_after=2023-12-06T00:00:00+00:00
[2023-12-06T20:11:38.822+0000] {processor.py:176} INFO - Processing /opt/airflow/dags/producer.py took 0.558 seconds
[2023-12-06T20:12:09.286+0000] {processor.py:154} INFO - Started process (PID=125) to work on /opt/airflow/dags/producer.py
[2023-12-06T20:12:09.287+0000] {processor.py:756} INFO - Processing file /opt/airflow/dags/producer.py for tasks to queue
[2023-12-06T20:12:09.288+0000] {logging_mixin.py:120} INFO - [2023-12-06T20:12:09.288+0000] {dagbag.py:537} INFO - Filling up the DagBag from /opt/airflow/dags/producer.py
[2023-12-06T20:12:09.353+0000] {processor.py:766} INFO - DAG(s) dict_keys(['producer']) retrieved from /opt/airflow/dags/producer.py
[2023-12-06T20:12:09.479+0000] {logging_mixin.py:120} INFO - [2023-12-06T20:12:09.479+0000] {dag.py:2585} INFO - Sync 1 DAGs
[2023-12-06T20:12:09.545+0000] {logging_mixin.py:120} INFO - [2023-12-06T20:12:09.545+0000] {dag.py:3340} INFO - Setting next_dagrun for producer to 2023-12-05T00:00:00+00:00, run_after=2023-12-06T00:00:00+00:00
[2023-12-06T20:12:09.597+0000] {processor.py:176} INFO - Processing /opt/airflow/dags/producer.py took 0.320 seconds
[2023-12-06T20:12:40.134+0000] {processor.py:154} INFO - Started process (PID=158) to work on /opt/airflow/dags/producer.py
[2023-12-06T20:12:40.139+0000] {processor.py:756} INFO - Processing file /opt/airflow/dags/producer.py for tasks to queue
[2023-12-06T20:12:40.140+0000] {logging_mixin.py:120} INFO - [2023-12-06T20:12:40.140+0000] {dagbag.py:537} INFO - Filling up the DagBag from /opt/airflow/dags/producer.py
[2023-12-06T20:12:40.226+0000] {processor.py:766} INFO - DAG(s) dict_keys(['producer']) retrieved from /opt/airflow/dags/producer.py
[2023-12-06T20:12:40.445+0000] {logging_mixin.py:120} INFO - [2023-12-06T20:12:40.444+0000] {dag.py:2585} INFO - Sync 1 DAGs
[2023-12-06T20:12:40.522+0000] {logging_mixin.py:120} INFO - [2023-12-06T20:12:40.522+0000] {dag.py:3340} INFO - Setting next_dagrun for producer to 2023-12-05T00:00:00+00:00, run_after=2023-12-06T00:00:00+00:00
[2023-12-06T20:12:40.688+0000] {processor.py:176} INFO - Processing /opt/airflow/dags/producer.py took 0.565 seconds
[2023-12-06T20:13:11.484+0000] {processor.py:154} INFO - Started process (PID=202) to work on /opt/airflow/dags/producer.py
[2023-12-06T20:13:11.485+0000] {processor.py:756} INFO - Processing file /opt/airflow/dags/producer.py for tasks to queue
[2023-12-06T20:13:11.492+0000] {logging_mixin.py:120} INFO - [2023-12-06T20:13:11.492+0000] {dagbag.py:537} INFO - Filling up the DagBag from /opt/airflow/dags/producer.py
[2023-12-06T20:13:11.710+0000] {processor.py:766} INFO - DAG(s) dict_keys(['producer']) retrieved from /opt/airflow/dags/producer.py
[2023-12-06T20:13:11.992+0000] {logging_mixin.py:120} INFO - [2023-12-06T20:13:11.991+0000] {dag.py:2585} INFO - Sync 1 DAGs
[2023-12-06T20:13:12.120+0000] {logging_mixin.py:120} INFO - [2023-12-06T20:13:12.120+0000] {dag.py:3340} INFO - Setting next_dagrun for producer to 2023-12-05T00:00:00+00:00, run_after=2023-12-06T00:00:00+00:00
[2023-12-06T20:13:12.170+0000] {processor.py:176} INFO - Processing /opt/airflow/dags/producer.py took 0.723 seconds
[2023-12-06T20:13:42.757+0000] {processor.py:154} INFO - Started process (PID=233) to work on /opt/airflow/dags/producer.py
[2023-12-06T20:13:42.767+0000] {processor.py:756} INFO - Processing file /opt/airflow/dags/producer.py for tasks to queue
[2023-12-06T20:13:42.768+0000] {logging_mixin.py:120} INFO - [2023-12-06T20:13:42.768+0000] {dagbag.py:537} INFO - Filling up the DagBag from /opt/airflow/dags/producer.py
[2023-12-06T20:13:42.825+0000] {processor.py:766} INFO - DAG(s) dict_keys(['producer']) retrieved from /opt/airflow/dags/producer.py
[2023-12-06T20:13:42.909+0000] {logging_mixin.py:120} INFO - [2023-12-06T20:13:42.909+0000] {dag.py:2585} INFO - Sync 1 DAGs
[2023-12-06T20:13:42.977+0000] {logging_mixin.py:120} INFO - [2023-12-06T20:13:42.977+0000] {dag.py:3340} INFO - Setting next_dagrun for producer to 2023-12-05T00:00:00+00:00, run_after=2023-12-06T00:00:00+00:00
[2023-12-06T20:13:43.028+0000] {processor.py:176} INFO - Processing /opt/airflow/dags/producer.py took 0.275 seconds
[2023-12-06T20:14:13.165+0000] {processor.py:154} INFO - Started process (PID=265) to work on /opt/airflow/dags/producer.py
[2023-12-06T20:14:13.165+0000] {processor.py:756} INFO - Processing file /opt/airflow/dags/producer.py for tasks to queue
[2023-12-06T20:14:13.166+0000] {logging_mixin.py:120} INFO - [2023-12-06T20:14:13.166+0000] {dagbag.py:537} INFO - Filling up the DagBag from /opt/airflow/dags/producer.py
[2023-12-06T20:14:13.188+0000] {processor.py:766} INFO - DAG(s) dict_keys(['producer']) retrieved from /opt/airflow/dags/producer.py
[2023-12-06T20:14:13.227+0000] {logging_mixin.py:120} INFO - [2023-12-06T20:14:13.227+0000] {dag.py:2585} INFO - Sync 1 DAGs
[2023-12-06T20:14:13.252+0000] {logging_mixin.py:120} INFO - [2023-12-06T20:14:13.252+0000] {dag.py:3340} INFO - Setting next_dagrun for producer to 2023-12-05T00:00:00+00:00, run_after=2023-12-06T00:00:00+00:00
[2023-12-06T20:14:13.278+0000] {processor.py:176} INFO - Processing /opt/airflow/dags/producer.py took 0.116 seconds
[2023-12-06T20:14:43.715+0000] {processor.py:154} INFO - Started process (PID=308) to work on /opt/airflow/dags/producer.py
[2023-12-06T20:14:43.716+0000] {processor.py:756} INFO - Processing file /opt/airflow/dags/producer.py for tasks to queue
[2023-12-06T20:14:43.716+0000] {logging_mixin.py:120} INFO - [2023-12-06T20:14:43.716+0000] {dagbag.py:537} INFO - Filling up the DagBag from /opt/airflow/dags/producer.py
[2023-12-06T20:14:43.742+0000] {processor.py:766} INFO - DAG(s) dict_keys(['producer']) retrieved from /opt/airflow/dags/producer.py
[2023-12-06T20:14:43.799+0000] {logging_mixin.py:120} INFO - [2023-12-06T20:14:43.798+0000] {dag.py:2585} INFO - Sync 1 DAGs
[2023-12-06T20:14:43.826+0000] {logging_mixin.py:120} INFO - [2023-12-06T20:14:43.826+0000] {dag.py:3340} INFO - Setting next_dagrun for producer to 2023-12-05T00:00:00+00:00, run_after=2023-12-06T00:00:00+00:00
[2023-12-06T20:14:43.853+0000] {processor.py:176} INFO - Processing /opt/airflow/dags/producer.py took 0.143 seconds
[2023-12-06T20:15:14.291+0000] {processor.py:154} INFO - Started process (PID=340) to work on /opt/airflow/dags/producer.py
[2023-12-06T20:15:14.292+0000] {processor.py:756} INFO - Processing file /opt/airflow/dags/producer.py for tasks to queue
[2023-12-06T20:15:14.293+0000] {logging_mixin.py:120} INFO - [2023-12-06T20:15:14.293+0000] {dagbag.py:537} INFO - Filling up the DagBag from /opt/airflow/dags/producer.py
[2023-12-06T20:15:14.312+0000] {processor.py:766} INFO - DAG(s) dict_keys(['producer']) retrieved from /opt/airflow/dags/producer.py
[2023-12-06T20:15:14.350+0000] {logging_mixin.py:120} INFO - [2023-12-06T20:15:14.350+0000] {dag.py:2585} INFO - Sync 1 DAGs
[2023-12-06T20:15:14.385+0000] {logging_mixin.py:120} INFO - [2023-12-06T20:15:14.385+0000] {dag.py:3340} INFO - Setting next_dagrun for producer to 2023-12-05T00:00:00+00:00, run_after=2023-12-06T00:00:00+00:00
[2023-12-06T20:15:14.416+0000] {processor.py:176} INFO - Processing /opt/airflow/dags/producer.py took 0.127 seconds
[2023-12-06T20:15:44.845+0000] {processor.py:154} INFO - Started process (PID=381) to work on /opt/airflow/dags/producer.py
[2023-12-06T20:15:44.845+0000] {processor.py:756} INFO - Processing file /opt/airflow/dags/producer.py for tasks to queue
[2023-12-06T20:15:44.846+0000] {logging_mixin.py:120} INFO - [2023-12-06T20:15:44.846+0000] {dagbag.py:537} INFO - Filling up the DagBag from /opt/airflow/dags/producer.py
[2023-12-06T20:15:44.866+0000] {processor.py:766} INFO - DAG(s) dict_keys(['producer']) retrieved from /opt/airflow/dags/producer.py
[2023-12-06T20:15:44.909+0000] {logging_mixin.py:120} INFO - [2023-12-06T20:15:44.909+0000] {dag.py:2585} INFO - Sync 1 DAGs
[2023-12-06T20:15:44.949+0000] {logging_mixin.py:120} INFO - [2023-12-06T20:15:44.948+0000] {dag.py:3340} INFO - Setting next_dagrun for producer to 2023-12-05T00:00:00+00:00, run_after=2023-12-06T00:00:00+00:00
[2023-12-06T20:15:44.983+0000] {processor.py:176} INFO - Processing /opt/airflow/dags/producer.py took 0.142 seconds
[2023-12-06T20:16:15.887+0000] {processor.py:154} INFO - Started process (PID=421) to work on /opt/airflow/dags/producer.py
[2023-12-06T20:16:15.889+0000] {processor.py:756} INFO - Processing file /opt/airflow/dags/producer.py for tasks to queue
[2023-12-06T20:16:15.896+0000] {logging_mixin.py:120} INFO - [2023-12-06T20:16:15.895+0000] {dagbag.py:537} INFO - Filling up the DagBag from /opt/airflow/dags/producer.py
[2023-12-06T20:16:15.974+0000] {processor.py:766} INFO - DAG(s) dict_keys(['producer']) retrieved from /opt/airflow/dags/producer.py
[2023-12-06T20:16:16.140+0000] {logging_mixin.py:120} INFO - [2023-12-06T20:16:16.139+0000] {dag.py:2585} INFO - Sync 1 DAGs
[2023-12-06T20:16:16.252+0000] {logging_mixin.py:120} INFO - [2023-12-06T20:16:16.251+0000] {dag.py:3340} INFO - Setting next_dagrun for producer to 2023-12-05T00:00:00+00:00, run_after=2023-12-06T00:00:00+00:00
[2023-12-06T20:16:16.334+0000] {processor.py:176} INFO - Processing /opt/airflow/dags/producer.py took 0.451 seconds
[2023-12-06T20:16:47.000+0000] {processor.py:154} INFO - Started process (PID=456) to work on /opt/airflow/dags/producer.py
[2023-12-06T20:16:47.001+0000] {processor.py:756} INFO - Processing file /opt/airflow/dags/producer.py for tasks to queue
[2023-12-06T20:16:47.002+0000] {logging_mixin.py:120} INFO - [2023-12-06T20:16:47.001+0000] {dagbag.py:537} INFO - Filling up the DagBag from /opt/airflow/dags/producer.py
[2023-12-06T20:16:47.045+0000] {processor.py:766} INFO - DAG(s) dict_keys(['producer']) retrieved from /opt/airflow/dags/producer.py
[2023-12-06T20:16:47.095+0000] {logging_mixin.py:120} INFO - [2023-12-06T20:16:47.095+0000] {dag.py:2585} INFO - Sync 1 DAGs
[2023-12-06T20:16:47.132+0000] {logging_mixin.py:120} INFO - [2023-12-06T20:16:47.131+0000] {dag.py:3340} INFO - Setting next_dagrun for producer to 2023-12-05T00:00:00+00:00, run_after=2023-12-06T00:00:00+00:00
[2023-12-06T20:16:47.162+0000] {processor.py:176} INFO - Processing /opt/airflow/dags/producer.py took 0.170 seconds
[2023-12-06T20:17:17.496+0000] {processor.py:154} INFO - Started process (PID=498) to work on /opt/airflow/dags/producer.py
[2023-12-06T20:17:17.497+0000] {processor.py:756} INFO - Processing file /opt/airflow/dags/producer.py for tasks to queue
[2023-12-06T20:17:17.498+0000] {logging_mixin.py:120} INFO - [2023-12-06T20:17:17.498+0000] {dagbag.py:537} INFO - Filling up the DagBag from /opt/airflow/dags/producer.py
[2023-12-06T20:17:17.525+0000] {processor.py:766} INFO - DAG(s) dict_keys(['producer']) retrieved from /opt/airflow/dags/producer.py
[2023-12-06T20:17:17.573+0000] {logging_mixin.py:120} INFO - [2023-12-06T20:17:17.573+0000] {dag.py:2585} INFO - Sync 1 DAGs
[2023-12-06T20:17:17.610+0000] {logging_mixin.py:120} INFO - [2023-12-06T20:17:17.610+0000] {dag.py:3340} INFO - Setting next_dagrun for producer to 2023-12-05T00:00:00+00:00, run_after=2023-12-06T00:00:00+00:00
[2023-12-06T20:17:17.641+0000] {processor.py:176} INFO - Processing /opt/airflow/dags/producer.py took 0.151 seconds
[2023-12-06T20:17:48.167+0000] {processor.py:154} INFO - Started process (PID=541) to work on /opt/airflow/dags/producer.py
[2023-12-06T20:17:48.173+0000] {processor.py:756} INFO - Processing file /opt/airflow/dags/producer.py for tasks to queue
[2023-12-06T20:17:48.174+0000] {logging_mixin.py:120} INFO - [2023-12-06T20:17:48.174+0000] {dagbag.py:537} INFO - Filling up the DagBag from /opt/airflow/dags/producer.py
[2023-12-06T20:17:48.229+0000] {processor.py:766} INFO - DAG(s) dict_keys(['producer']) retrieved from /opt/airflow/dags/producer.py
[2023-12-06T20:17:48.331+0000] {logging_mixin.py:120} INFO - [2023-12-06T20:17:48.331+0000] {dag.py:2585} INFO - Sync 1 DAGs
[2023-12-06T20:17:48.396+0000] {logging_mixin.py:120} INFO - [2023-12-06T20:17:48.396+0000] {dag.py:3340} INFO - Setting next_dagrun for producer to 2023-12-05T00:00:00+00:00, run_after=2023-12-06T00:00:00+00:00
[2023-12-06T20:17:48.451+0000] {processor.py:176} INFO - Processing /opt/airflow/dags/producer.py took 0.305 seconds
[2023-12-06T20:18:18.985+0000] {processor.py:154} INFO - Started process (PID=574) to work on /opt/airflow/dags/producer.py
[2023-12-06T20:18:18.986+0000] {processor.py:756} INFO - Processing file /opt/airflow/dags/producer.py for tasks to queue
[2023-12-06T20:18:18.987+0000] {logging_mixin.py:120} INFO - [2023-12-06T20:18:18.987+0000] {dagbag.py:537} INFO - Filling up the DagBag from /opt/airflow/dags/producer.py
[2023-12-06T20:18:19.014+0000] {processor.py:766} INFO - DAG(s) dict_keys(['producer']) retrieved from /opt/airflow/dags/producer.py
[2023-12-06T20:18:19.063+0000] {logging_mixin.py:120} INFO - [2023-12-06T20:18:19.063+0000] {dag.py:2585} INFO - Sync 1 DAGs
[2023-12-06T20:18:19.099+0000] {logging_mixin.py:120} INFO - [2023-12-06T20:18:19.099+0000] {dag.py:3340} INFO - Setting next_dagrun for producer to 2023-12-05T00:00:00+00:00, run_after=2023-12-06T00:00:00+00:00
[2023-12-06T20:18:19.131+0000] {processor.py:176} INFO - Processing /opt/airflow/dags/producer.py took 0.149 seconds
[2023-12-06T20:18:49.175+0000] {processor.py:154} INFO - Started process (PID=616) to work on /opt/airflow/dags/producer.py
[2023-12-06T20:18:49.175+0000] {processor.py:756} INFO - Processing file /opt/airflow/dags/producer.py for tasks to queue
[2023-12-06T20:18:49.176+0000] {logging_mixin.py:120} INFO - [2023-12-06T20:18:49.176+0000] {dagbag.py:537} INFO - Filling up the DagBag from /opt/airflow/dags/producer.py
[2023-12-06T20:18:49.195+0000] {processor.py:766} INFO - DAG(s) dict_keys(['producer']) retrieved from /opt/airflow/dags/producer.py
[2023-12-06T20:18:49.227+0000] {logging_mixin.py:120} INFO - [2023-12-06T20:18:49.227+0000] {dag.py:2585} INFO - Sync 1 DAGs
[2023-12-06T20:18:49.249+0000] {logging_mixin.py:120} INFO - [2023-12-06T20:18:49.249+0000] {dag.py:3340} INFO - Setting next_dagrun for producer to 2023-12-05T00:00:00+00:00, run_after=2023-12-06T00:00:00+00:00
[2023-12-06T20:18:49.278+0000] {processor.py:176} INFO - Processing /opt/airflow/dags/producer.py took 0.106 seconds
[2023-12-06T20:19:19.313+0000] {processor.py:154} INFO - Started process (PID=659) to work on /opt/airflow/dags/producer.py
[2023-12-06T20:19:19.314+0000] {processor.py:756} INFO - Processing file /opt/airflow/dags/producer.py for tasks to queue
[2023-12-06T20:19:19.314+0000] {logging_mixin.py:120} INFO - [2023-12-06T20:19:19.314+0000] {dagbag.py:537} INFO - Filling up the DagBag from /opt/airflow/dags/producer.py
[2023-12-06T20:19:19.342+0000] {processor.py:766} INFO - DAG(s) dict_keys(['producer']) retrieved from /opt/airflow/dags/producer.py
[2023-12-06T20:19:19.377+0000] {logging_mixin.py:120} INFO - [2023-12-06T20:19:19.377+0000] {dag.py:2585} INFO - Sync 1 DAGs
[2023-12-06T20:19:19.408+0000] {logging_mixin.py:120} INFO - [2023-12-06T20:19:19.408+0000] {dag.py:3340} INFO - Setting next_dagrun for producer to 2023-12-05T00:00:00+00:00, run_after=2023-12-06T00:00:00+00:00
[2023-12-06T20:19:19.445+0000] {processor.py:176} INFO - Processing /opt/airflow/dags/producer.py took 0.134 seconds
[2023-12-06T20:19:50.108+0000] {processor.py:154} INFO - Started process (PID=692) to work on /opt/airflow/dags/producer.py
[2023-12-06T20:19:50.109+0000] {processor.py:756} INFO - Processing file /opt/airflow/dags/producer.py for tasks to queue
[2023-12-06T20:19:50.109+0000] {logging_mixin.py:120} INFO - [2023-12-06T20:19:50.109+0000] {dagbag.py:537} INFO - Filling up the DagBag from /opt/airflow/dags/producer.py
[2023-12-06T20:19:50.143+0000] {processor.py:766} INFO - DAG(s) dict_keys(['producer']) retrieved from /opt/airflow/dags/producer.py
[2023-12-06T20:19:50.200+0000] {logging_mixin.py:120} INFO - [2023-12-06T20:19:50.200+0000] {dag.py:2585} INFO - Sync 1 DAGs
[2023-12-06T20:19:50.245+0000] {logging_mixin.py:120} INFO - [2023-12-06T20:19:50.245+0000] {dag.py:3340} INFO - Setting next_dagrun for producer to 2023-12-05T00:00:00+00:00, run_after=2023-12-06T00:00:00+00:00
[2023-12-06T20:19:50.283+0000] {processor.py:176} INFO - Processing /opt/airflow/dags/producer.py took 0.179 seconds
[2023-12-06T20:20:20.709+0000] {processor.py:154} INFO - Started process (PID=737) to work on /opt/airflow/dags/producer.py
[2023-12-06T20:20:20.709+0000] {processor.py:756} INFO - Processing file /opt/airflow/dags/producer.py for tasks to queue
[2023-12-06T20:20:20.710+0000] {logging_mixin.py:120} INFO - [2023-12-06T20:20:20.710+0000] {dagbag.py:537} INFO - Filling up the DagBag from /opt/airflow/dags/producer.py
[2023-12-06T20:20:20.728+0000] {processor.py:766} INFO - DAG(s) dict_keys(['producer']) retrieved from /opt/airflow/dags/producer.py
[2023-12-06T20:20:20.761+0000] {logging_mixin.py:120} INFO - [2023-12-06T20:20:20.761+0000] {dag.py:2585} INFO - Sync 1 DAGs
[2023-12-06T20:20:20.783+0000] {logging_mixin.py:120} INFO - [2023-12-06T20:20:20.783+0000] {dag.py:3340} INFO - Setting next_dagrun for producer to 2023-12-05T00:00:00+00:00, run_after=2023-12-06T00:00:00+00:00
[2023-12-06T20:20:20.806+0000] {processor.py:176} INFO - Processing /opt/airflow/dags/producer.py took 0.101 seconds
[2023-12-06T20:20:51.183+0000] {processor.py:154} INFO - Started process (PID=780) to work on /opt/airflow/dags/producer.py
[2023-12-06T20:20:51.184+0000] {processor.py:756} INFO - Processing file /opt/airflow/dags/producer.py for tasks to queue
[2023-12-06T20:20:51.184+0000] {logging_mixin.py:120} INFO - [2023-12-06T20:20:51.184+0000] {dagbag.py:537} INFO - Filling up the DagBag from /opt/airflow/dags/producer.py
[2023-12-06T20:20:51.248+0000] {processor.py:766} INFO - DAG(s) dict_keys(['producer']) retrieved from /opt/airflow/dags/producer.py
[2023-12-06T20:20:51.335+0000] {logging_mixin.py:120} INFO - [2023-12-06T20:20:51.335+0000] {dag.py:2585} INFO - Sync 1 DAGs
[2023-12-06T20:20:51.378+0000] {logging_mixin.py:120} INFO - [2023-12-06T20:20:51.377+0000] {dag.py:3340} INFO - Setting next_dagrun for producer to 2023-12-05T00:00:00+00:00, run_after=2023-12-06T00:00:00+00:00
[2023-12-06T20:20:51.467+0000] {processor.py:176} INFO - Processing /opt/airflow/dags/producer.py took 0.287 seconds
[2023-12-06T20:21:21.773+0000] {processor.py:154} INFO - Started process (PID=821) to work on /opt/airflow/dags/producer.py
[2023-12-06T20:21:21.787+0000] {processor.py:756} INFO - Processing file /opt/airflow/dags/producer.py for tasks to queue
[2023-12-06T20:21:21.788+0000] {logging_mixin.py:120} INFO - [2023-12-06T20:21:21.788+0000] {dagbag.py:537} INFO - Filling up the DagBag from /opt/airflow/dags/producer.py
[2023-12-06T20:21:21.843+0000] {processor.py:766} INFO - DAG(s) dict_keys(['producer']) retrieved from /opt/airflow/dags/producer.py
[2023-12-06T20:21:21.931+0000] {logging_mixin.py:120} INFO - [2023-12-06T20:21:21.931+0000] {dag.py:2585} INFO - Sync 1 DAGs
[2023-12-06T20:21:21.998+0000] {logging_mixin.py:120} INFO - [2023-12-06T20:21:21.998+0000] {dag.py:3340} INFO - Setting next_dagrun for producer to 2023-12-05T00:00:00+00:00, run_after=2023-12-06T00:00:00+00:00
[2023-12-06T20:21:22.051+0000] {processor.py:176} INFO - Processing /opt/airflow/dags/producer.py took 0.281 seconds
[2023-12-06T20:21:52.112+0000] {processor.py:154} INFO - Started process (PID=854) to work on /opt/airflow/dags/producer.py
[2023-12-06T20:21:52.113+0000] {processor.py:756} INFO - Processing file /opt/airflow/dags/producer.py for tasks to queue
[2023-12-06T20:21:52.114+0000] {logging_mixin.py:120} INFO - [2023-12-06T20:21:52.113+0000] {dagbag.py:537} INFO - Filling up the DagBag from /opt/airflow/dags/producer.py
[2023-12-06T20:21:52.133+0000] {processor.py:766} INFO - DAG(s) dict_keys(['producer']) retrieved from /opt/airflow/dags/producer.py
[2023-12-06T20:21:52.167+0000] {logging_mixin.py:120} INFO - [2023-12-06T20:21:52.166+0000] {dag.py:2585} INFO - Sync 1 DAGs
[2023-12-06T20:21:52.188+0000] {logging_mixin.py:120} INFO - [2023-12-06T20:21:52.188+0000] {dag.py:3340} INFO - Setting next_dagrun for producer to 2023-12-05T00:00:00+00:00, run_after=2023-12-06T00:00:00+00:00
[2023-12-06T20:21:52.214+0000] {processor.py:176} INFO - Processing /opt/airflow/dags/producer.py took 0.104 seconds
[2023-12-06T20:22:22.702+0000] {processor.py:154} INFO - Started process (PID=896) to work on /opt/airflow/dags/producer.py
[2023-12-06T20:22:22.703+0000] {processor.py:756} INFO - Processing file /opt/airflow/dags/producer.py for tasks to queue
[2023-12-06T20:22:22.703+0000] {logging_mixin.py:120} INFO - [2023-12-06T20:22:22.703+0000] {dagbag.py:537} INFO - Filling up the DagBag from /opt/airflow/dags/producer.py
[2023-12-06T20:22:22.722+0000] {processor.py:766} INFO - DAG(s) dict_keys(['producer']) retrieved from /opt/airflow/dags/producer.py
[2023-12-06T20:22:22.755+0000] {logging_mixin.py:120} INFO - [2023-12-06T20:22:22.755+0000] {dag.py:2585} INFO - Sync 1 DAGs
[2023-12-06T20:22:22.777+0000] {logging_mixin.py:120} INFO - [2023-12-06T20:22:22.777+0000] {dag.py:3340} INFO - Setting next_dagrun for producer to 2023-12-05T00:00:00+00:00, run_after=2023-12-06T00:00:00+00:00
[2023-12-06T20:22:22.803+0000] {processor.py:176} INFO - Processing /opt/airflow/dags/producer.py took 0.103 seconds
[2023-12-06T20:22:53.228+0000] {processor.py:154} INFO - Started process (PID=929) to work on /opt/airflow/dags/producer.py
[2023-12-06T20:22:53.228+0000] {processor.py:756} INFO - Processing file /opt/airflow/dags/producer.py for tasks to queue
[2023-12-06T20:22:53.229+0000] {logging_mixin.py:120} INFO - [2023-12-06T20:22:53.229+0000] {dagbag.py:537} INFO - Filling up the DagBag from /opt/airflow/dags/producer.py
[2023-12-06T20:22:53.247+0000] {processor.py:766} INFO - DAG(s) dict_keys(['producer']) retrieved from /opt/airflow/dags/producer.py
[2023-12-06T20:22:53.282+0000] {logging_mixin.py:120} INFO - [2023-12-06T20:22:53.282+0000] {dag.py:2585} INFO - Sync 1 DAGs
[2023-12-06T20:22:53.305+0000] {logging_mixin.py:120} INFO - [2023-12-06T20:22:53.305+0000] {dag.py:3340} INFO - Setting next_dagrun for producer to 2023-12-05T00:00:00+00:00, run_after=2023-12-06T00:00:00+00:00
[2023-12-06T20:22:53.329+0000] {processor.py:176} INFO - Processing /opt/airflow/dags/producer.py took 0.104 seconds
[2023-12-06T20:23:23.899+0000] {processor.py:154} INFO - Started process (PID=971) to work on /opt/airflow/dags/producer.py
[2023-12-06T20:23:23.899+0000] {processor.py:756} INFO - Processing file /opt/airflow/dags/producer.py for tasks to queue
[2023-12-06T20:23:23.900+0000] {logging_mixin.py:120} INFO - [2023-12-06T20:23:23.900+0000] {dagbag.py:537} INFO - Filling up the DagBag from /opt/airflow/dags/producer.py
[2023-12-06T20:23:23.918+0000] {processor.py:766} INFO - DAG(s) dict_keys(['producer']) retrieved from /opt/airflow/dags/producer.py
[2023-12-06T20:23:23.950+0000] {logging_mixin.py:120} INFO - [2023-12-06T20:23:23.950+0000] {dag.py:2585} INFO - Sync 1 DAGs
[2023-12-06T20:23:23.971+0000] {logging_mixin.py:120} INFO - [2023-12-06T20:23:23.971+0000] {dag.py:3340} INFO - Setting next_dagrun for producer to 2023-12-05T00:00:00+00:00, run_after=2023-12-06T00:00:00+00:00
[2023-12-06T20:23:23.996+0000] {processor.py:176} INFO - Processing /opt/airflow/dags/producer.py took 0.100 seconds
[2023-12-06T20:23:54.237+0000] {processor.py:154} INFO - Started process (PID=1013) to work on /opt/airflow/dags/producer.py
[2023-12-06T20:23:54.238+0000] {processor.py:756} INFO - Processing file /opt/airflow/dags/producer.py for tasks to queue
[2023-12-06T20:23:54.238+0000] {logging_mixin.py:120} INFO - [2023-12-06T20:23:54.238+0000] {dagbag.py:537} INFO - Filling up the DagBag from /opt/airflow/dags/producer.py
[2023-12-06T20:23:54.268+0000] {processor.py:766} INFO - DAG(s) dict_keys(['producer']) retrieved from /opt/airflow/dags/producer.py
[2023-12-06T20:23:54.314+0000] {logging_mixin.py:120} INFO - [2023-12-06T20:23:54.314+0000] {dag.py:2585} INFO - Sync 1 DAGs
[2023-12-06T20:23:54.348+0000] {logging_mixin.py:120} INFO - [2023-12-06T20:23:54.348+0000] {dag.py:3340} INFO - Setting next_dagrun for producer to 2023-12-05T00:00:00+00:00, run_after=2023-12-06T00:00:00+00:00
[2023-12-06T20:23:54.379+0000] {processor.py:176} INFO - Processing /opt/airflow/dags/producer.py took 0.146 seconds
[2023-12-06T20:24:24.727+0000] {processor.py:154} INFO - Started process (PID=1047) to work on /opt/airflow/dags/producer.py
[2023-12-06T20:24:24.737+0000] {processor.py:756} INFO - Processing file /opt/airflow/dags/producer.py for tasks to queue
[2023-12-06T20:24:24.737+0000] {logging_mixin.py:120} INFO - [2023-12-06T20:24:24.737+0000] {dagbag.py:537} INFO - Filling up the DagBag from /opt/airflow/dags/producer.py
[2023-12-06T20:24:24.775+0000] {processor.py:766} INFO - DAG(s) dict_keys(['producer']) retrieved from /opt/airflow/dags/producer.py
[2023-12-06T20:24:24.838+0000] {logging_mixin.py:120} INFO - [2023-12-06T20:24:24.838+0000] {dag.py:2585} INFO - Sync 1 DAGs
[2023-12-06T20:24:24.876+0000] {logging_mixin.py:120} INFO - [2023-12-06T20:24:24.876+0000] {dag.py:3340} INFO - Setting next_dagrun for producer to 2023-12-05T00:00:00+00:00, run_after=2023-12-06T00:00:00+00:00
[2023-12-06T20:24:24.913+0000] {processor.py:176} INFO - Processing /opt/airflow/dags/producer.py took 0.190 seconds
[2023-12-06T20:24:55.053+0000] {processor.py:154} INFO - Started process (PID=1087) to work on /opt/airflow/dags/producer.py
[2023-12-06T20:24:55.054+0000] {processor.py:756} INFO - Processing file /opt/airflow/dags/producer.py for tasks to queue
[2023-12-06T20:24:55.055+0000] {logging_mixin.py:120} INFO - [2023-12-06T20:24:55.055+0000] {dagbag.py:537} INFO - Filling up the DagBag from /opt/airflow/dags/producer.py
[2023-12-06T20:24:55.082+0000] {processor.py:766} INFO - DAG(s) dict_keys(['producer']) retrieved from /opt/airflow/dags/producer.py
[2023-12-06T20:24:55.129+0000] {logging_mixin.py:120} INFO - [2023-12-06T20:24:55.128+0000] {dag.py:2585} INFO - Sync 1 DAGs
[2023-12-06T20:24:55.165+0000] {logging_mixin.py:120} INFO - [2023-12-06T20:24:55.165+0000] {dag.py:3340} INFO - Setting next_dagrun for producer to 2023-12-05T00:00:00+00:00, run_after=2023-12-06T00:00:00+00:00
[2023-12-06T20:24:55.197+0000] {processor.py:176} INFO - Processing /opt/airflow/dags/producer.py took 0.147 seconds
[2023-12-06T20:25:25.400+0000] {processor.py:154} INFO - Started process (PID=1130) to work on /opt/airflow/dags/producer.py
[2023-12-06T20:25:25.400+0000] {processor.py:756} INFO - Processing file /opt/airflow/dags/producer.py for tasks to queue
[2023-12-06T20:25:25.401+0000] {logging_mixin.py:120} INFO - [2023-12-06T20:25:25.401+0000] {dagbag.py:537} INFO - Filling up the DagBag from /opt/airflow/dags/producer.py
[2023-12-06T20:25:25.420+0000] {processor.py:766} INFO - DAG(s) dict_keys(['producer']) retrieved from /opt/airflow/dags/producer.py
[2023-12-06T20:25:25.452+0000] {logging_mixin.py:120} INFO - [2023-12-06T20:25:25.452+0000] {dag.py:2585} INFO - Sync 1 DAGs
[2023-12-06T20:25:25.477+0000] {logging_mixin.py:120} INFO - [2023-12-06T20:25:25.476+0000] {dag.py:3340} INFO - Setting next_dagrun for producer to 2023-12-05T00:00:00+00:00, run_after=2023-12-06T00:00:00+00:00
[2023-12-06T20:25:25.501+0000] {processor.py:176} INFO - Processing /opt/airflow/dags/producer.py took 0.104 seconds
[2023-12-06T20:25:56.018+0000] {processor.py:154} INFO - Started process (PID=1163) to work on /opt/airflow/dags/producer.py
[2023-12-06T20:25:56.025+0000] {processor.py:756} INFO - Processing file /opt/airflow/dags/producer.py for tasks to queue
[2023-12-06T20:25:56.026+0000] {logging_mixin.py:120} INFO - [2023-12-06T20:25:56.026+0000] {dagbag.py:537} INFO - Filling up the DagBag from /opt/airflow/dags/producer.py
[2023-12-06T20:25:56.054+0000] {processor.py:766} INFO - DAG(s) dict_keys(['producer']) retrieved from /opt/airflow/dags/producer.py
[2023-12-06T20:25:56.103+0000] {logging_mixin.py:120} INFO - [2023-12-06T20:25:56.102+0000] {dag.py:2585} INFO - Sync 1 DAGs
[2023-12-06T20:25:56.134+0000] {logging_mixin.py:120} INFO - [2023-12-06T20:25:56.134+0000] {dag.py:3340} INFO - Setting next_dagrun for producer to 2023-12-05T00:00:00+00:00, run_after=2023-12-06T00:00:00+00:00
[2023-12-06T20:25:56.166+0000] {processor.py:176} INFO - Processing /opt/airflow/dags/producer.py took 0.156 seconds
[2023-12-06T20:26:26.325+0000] {processor.py:154} INFO - Started process (PID=1206) to work on /opt/airflow/dags/producer.py
[2023-12-06T20:26:26.326+0000] {processor.py:756} INFO - Processing file /opt/airflow/dags/producer.py for tasks to queue
[2023-12-06T20:26:26.326+0000] {logging_mixin.py:120} INFO - [2023-12-06T20:26:26.326+0000] {dagbag.py:537} INFO - Filling up the DagBag from /opt/airflow/dags/producer.py
[2023-12-06T20:26:26.350+0000] {processor.py:766} INFO - DAG(s) dict_keys(['producer']) retrieved from /opt/airflow/dags/producer.py
[2023-12-06T20:26:26.386+0000] {logging_mixin.py:120} INFO - [2023-12-06T20:26:26.386+0000] {dag.py:2585} INFO - Sync 1 DAGs
[2023-12-06T20:26:26.407+0000] {logging_mixin.py:120} INFO - [2023-12-06T20:26:26.407+0000] {dag.py:3340} INFO - Setting next_dagrun for producer to 2023-12-05T00:00:00+00:00, run_after=2023-12-06T00:00:00+00:00
[2023-12-06T20:26:26.435+0000] {processor.py:176} INFO - Processing /opt/airflow/dags/producer.py took 0.113 seconds
[2023-12-06T20:26:57.046+0000] {processor.py:154} INFO - Started process (PID=1247) to work on /opt/airflow/dags/producer.py
[2023-12-06T20:26:57.046+0000] {processor.py:756} INFO - Processing file /opt/airflow/dags/producer.py for tasks to queue
[2023-12-06T20:26:57.047+0000] {logging_mixin.py:120} INFO - [2023-12-06T20:26:57.047+0000] {dagbag.py:537} INFO - Filling up the DagBag from /opt/airflow/dags/producer.py
[2023-12-06T20:26:57.074+0000] {processor.py:766} INFO - DAG(s) dict_keys(['producer']) retrieved from /opt/airflow/dags/producer.py
[2023-12-06T20:26:57.120+0000] {logging_mixin.py:120} INFO - [2023-12-06T20:26:57.120+0000] {dag.py:2585} INFO - Sync 1 DAGs
[2023-12-06T20:26:57.156+0000] {logging_mixin.py:120} INFO - [2023-12-06T20:26:57.156+0000] {dag.py:3340} INFO - Setting next_dagrun for producer to 2023-12-05T00:00:00+00:00, run_after=2023-12-06T00:00:00+00:00
[2023-12-06T20:26:57.187+0000] {processor.py:176} INFO - Processing /opt/airflow/dags/producer.py took 0.146 seconds
[2023-12-06T20:27:27.432+0000] {processor.py:154} INFO - Started process (PID=1279) to work on /opt/airflow/dags/producer.py
[2023-12-06T20:27:27.432+0000] {processor.py:756} INFO - Processing file /opt/airflow/dags/producer.py for tasks to queue
[2023-12-06T20:27:27.433+0000] {logging_mixin.py:120} INFO - [2023-12-06T20:27:27.433+0000] {dagbag.py:537} INFO - Filling up the DagBag from /opt/airflow/dags/producer.py
[2023-12-06T20:27:27.460+0000] {processor.py:766} INFO - DAG(s) dict_keys(['producer']) retrieved from /opt/airflow/dags/producer.py
[2023-12-06T20:27:27.499+0000] {logging_mixin.py:120} INFO - [2023-12-06T20:27:27.499+0000] {dag.py:2585} INFO - Sync 1 DAGs
[2023-12-06T20:27:27.523+0000] {logging_mixin.py:120} INFO - [2023-12-06T20:27:27.522+0000] {dag.py:3340} INFO - Setting next_dagrun for producer to 2023-12-05T00:00:00+00:00, run_after=2023-12-06T00:00:00+00:00
[2023-12-06T20:27:27.548+0000] {processor.py:176} INFO - Processing /opt/airflow/dags/producer.py took 0.120 seconds
[2023-12-06T20:27:57.872+0000] {processor.py:154} INFO - Started process (PID=1322) to work on /opt/airflow/dags/producer.py
[2023-12-06T20:27:57.875+0000] {processor.py:756} INFO - Processing file /opt/airflow/dags/producer.py for tasks to queue
[2023-12-06T20:27:57.876+0000] {logging_mixin.py:120} INFO - [2023-12-06T20:27:57.876+0000] {dagbag.py:537} INFO - Filling up the DagBag from /opt/airflow/dags/producer.py
[2023-12-06T20:27:57.935+0000] {processor.py:766} INFO - DAG(s) dict_keys(['producer']) retrieved from /opt/airflow/dags/producer.py
[2023-12-06T20:27:58.012+0000] {logging_mixin.py:120} INFO - [2023-12-06T20:27:58.012+0000] {dag.py:2585} INFO - Sync 1 DAGs
[2023-12-06T20:27:58.049+0000] {logging_mixin.py:120} INFO - [2023-12-06T20:27:58.049+0000] {dag.py:3340} INFO - Setting next_dagrun for producer to 2023-12-05T00:00:00+00:00, run_after=2023-12-06T00:00:00+00:00
[2023-12-06T20:27:58.091+0000] {processor.py:176} INFO - Processing /opt/airflow/dags/producer.py took 0.227 seconds
[2023-12-06T20:28:28.946+0000] {processor.py:154} INFO - Started process (PID=1357) to work on /opt/airflow/dags/producer.py
[2023-12-06T20:28:28.947+0000] {processor.py:756} INFO - Processing file /opt/airflow/dags/producer.py for tasks to queue
[2023-12-06T20:28:28.947+0000] {logging_mixin.py:120} INFO - [2023-12-06T20:28:28.947+0000] {dagbag.py:537} INFO - Filling up the DagBag from /opt/airflow/dags/producer.py
[2023-12-06T20:28:28.966+0000] {processor.py:766} INFO - DAG(s) dict_keys(['producer']) retrieved from /opt/airflow/dags/producer.py
[2023-12-06T20:28:29.000+0000] {logging_mixin.py:120} INFO - [2023-12-06T20:28:29.000+0000] {dag.py:2585} INFO - Sync 1 DAGs
[2023-12-06T20:28:29.023+0000] {logging_mixin.py:120} INFO - [2023-12-06T20:28:29.023+0000] {dag.py:3340} INFO - Setting next_dagrun for producer to 2023-12-05T00:00:00+00:00, run_after=2023-12-06T00:00:00+00:00
[2023-12-06T20:28:29.049+0000] {processor.py:176} INFO - Processing /opt/airflow/dags/producer.py took 0.105 seconds
[2023-12-06T20:28:59.830+0000] {processor.py:154} INFO - Started process (PID=1401) to work on /opt/airflow/dags/producer.py
[2023-12-06T20:28:59.830+0000] {processor.py:756} INFO - Processing file /opt/airflow/dags/producer.py for tasks to queue
[2023-12-06T20:28:59.831+0000] {logging_mixin.py:120} INFO - [2023-12-06T20:28:59.831+0000] {dagbag.py:537} INFO - Filling up the DagBag from /opt/airflow/dags/producer.py
[2023-12-06T20:28:59.851+0000] {processor.py:766} INFO - DAG(s) dict_keys(['producer']) retrieved from /opt/airflow/dags/producer.py
[2023-12-06T20:28:59.885+0000] {logging_mixin.py:120} INFO - [2023-12-06T20:28:59.884+0000] {dag.py:2585} INFO - Sync 1 DAGs
[2023-12-06T20:28:59.914+0000] {logging_mixin.py:120} INFO - [2023-12-06T20:28:59.914+0000] {dag.py:3340} INFO - Setting next_dagrun for producer to 2023-12-05T00:00:00+00:00, run_after=2023-12-06T00:00:00+00:00
[2023-12-06T20:28:59.942+0000] {processor.py:176} INFO - Processing /opt/airflow/dags/producer.py took 0.115 seconds
[2023-12-06T20:29:30.013+0000] {processor.py:154} INFO - Started process (PID=1434) to work on /opt/airflow/dags/producer.py
[2023-12-06T20:29:30.014+0000] {processor.py:756} INFO - Processing file /opt/airflow/dags/producer.py for tasks to queue
[2023-12-06T20:29:30.014+0000] {logging_mixin.py:120} INFO - [2023-12-06T20:29:30.014+0000] {dagbag.py:537} INFO - Filling up the DagBag from /opt/airflow/dags/producer.py
[2023-12-06T20:29:30.034+0000] {processor.py:766} INFO - DAG(s) dict_keys(['producer']) retrieved from /opt/airflow/dags/producer.py
[2023-12-06T20:29:30.068+0000] {logging_mixin.py:120} INFO - [2023-12-06T20:29:30.068+0000] {dag.py:2585} INFO - Sync 1 DAGs
[2023-12-06T20:29:30.091+0000] {logging_mixin.py:120} INFO - [2023-12-06T20:29:30.090+0000] {dag.py:3340} INFO - Setting next_dagrun for producer to 2023-12-05T00:00:00+00:00, run_after=2023-12-06T00:00:00+00:00
[2023-12-06T20:29:30.118+0000] {processor.py:176} INFO - Processing /opt/airflow/dags/producer.py took 0.108 seconds
[2023-12-06T20:30:00.253+0000] {processor.py:154} INFO - Started process (PID=1478) to work on /opt/airflow/dags/producer.py
[2023-12-06T20:30:00.254+0000] {processor.py:756} INFO - Processing file /opt/airflow/dags/producer.py for tasks to queue
[2023-12-06T20:30:00.254+0000] {logging_mixin.py:120} INFO - [2023-12-06T20:30:00.254+0000] {dagbag.py:537} INFO - Filling up the DagBag from /opt/airflow/dags/producer.py
[2023-12-06T20:30:00.284+0000] {processor.py:766} INFO - DAG(s) dict_keys(['producer']) retrieved from /opt/airflow/dags/producer.py
[2023-12-06T20:30:00.330+0000] {logging_mixin.py:120} INFO - [2023-12-06T20:30:00.329+0000] {dag.py:2585} INFO - Sync 1 DAGs
[2023-12-06T20:30:00.365+0000] {logging_mixin.py:120} INFO - [2023-12-06T20:30:00.365+0000] {dag.py:3340} INFO - Setting next_dagrun for producer to 2023-12-05T00:00:00+00:00, run_after=2023-12-06T00:00:00+00:00
[2023-12-06T20:30:00.397+0000] {processor.py:176} INFO - Processing /opt/airflow/dags/producer.py took 0.148 seconds
[2023-12-06T20:30:30.459+0000] {processor.py:154} INFO - Started process (PID=1520) to work on /opt/airflow/dags/producer.py
[2023-12-06T20:30:30.460+0000] {processor.py:756} INFO - Processing file /opt/airflow/dags/producer.py for tasks to queue
[2023-12-06T20:30:30.460+0000] {logging_mixin.py:120} INFO - [2023-12-06T20:30:30.460+0000] {dagbag.py:537} INFO - Filling up the DagBag from /opt/airflow/dags/producer.py
[2023-12-06T20:30:30.480+0000] {processor.py:766} INFO - DAG(s) dict_keys(['producer']) retrieved from /opt/airflow/dags/producer.py
[2023-12-06T20:30:30.511+0000] {logging_mixin.py:120} INFO - [2023-12-06T20:30:30.511+0000] {dag.py:2585} INFO - Sync 1 DAGs
[2023-12-06T20:30:30.534+0000] {logging_mixin.py:120} INFO - [2023-12-06T20:30:30.533+0000] {dag.py:3340} INFO - Setting next_dagrun for producer to 2023-12-05T00:00:00+00:00, run_after=2023-12-06T00:00:00+00:00
[2023-12-06T20:30:30.558+0000] {processor.py:176} INFO - Processing /opt/airflow/dags/producer.py took 0.102 seconds
[2023-12-06T20:31:01.119+0000] {processor.py:154} INFO - Started process (PID=1563) to work on /opt/airflow/dags/producer.py
[2023-12-06T20:31:01.120+0000] {processor.py:756} INFO - Processing file /opt/airflow/dags/producer.py for tasks to queue
[2023-12-06T20:31:01.121+0000] {logging_mixin.py:120} INFO - [2023-12-06T20:31:01.120+0000] {dagbag.py:537} INFO - Filling up the DagBag from /opt/airflow/dags/producer.py
[2023-12-06T20:31:01.148+0000] {processor.py:766} INFO - DAG(s) dict_keys(['producer']) retrieved from /opt/airflow/dags/producer.py
[2023-12-06T20:31:01.197+0000] {logging_mixin.py:120} INFO - [2023-12-06T20:31:01.197+0000] {dag.py:2585} INFO - Sync 1 DAGs
[2023-12-06T20:31:01.234+0000] {logging_mixin.py:120} INFO - [2023-12-06T20:31:01.234+0000] {dag.py:3340} INFO - Setting next_dagrun for producer to 2023-12-05T00:00:00+00:00, run_after=2023-12-06T00:00:00+00:00
[2023-12-06T20:31:01.265+0000] {processor.py:176} INFO - Processing /opt/airflow/dags/producer.py took 0.150 seconds
[2023-12-06T20:31:31.661+0000] {processor.py:154} INFO - Started process (PID=1597) to work on /opt/airflow/dags/producer.py
[2023-12-06T20:31:31.662+0000] {processor.py:756} INFO - Processing file /opt/airflow/dags/producer.py for tasks to queue
[2023-12-06T20:31:31.662+0000] {logging_mixin.py:120} INFO - [2023-12-06T20:31:31.662+0000] {dagbag.py:537} INFO - Filling up the DagBag from /opt/airflow/dags/producer.py
[2023-12-06T20:31:31.681+0000] {processor.py:766} INFO - DAG(s) dict_keys(['producer']) retrieved from /opt/airflow/dags/producer.py
[2023-12-06T20:31:31.713+0000] {logging_mixin.py:120} INFO - [2023-12-06T20:31:31.713+0000] {dag.py:2585} INFO - Sync 1 DAGs
[2023-12-06T20:31:31.736+0000] {logging_mixin.py:120} INFO - [2023-12-06T20:31:31.736+0000] {dag.py:3340} INFO - Setting next_dagrun for producer to 2023-12-05T00:00:00+00:00, run_after=2023-12-06T00:00:00+00:00
[2023-12-06T20:31:31.761+0000] {processor.py:176} INFO - Processing /opt/airflow/dags/producer.py took 0.102 seconds
[2023-12-06T20:32:01.911+0000] {processor.py:154} INFO - Started process (PID=1640) to work on /opt/airflow/dags/producer.py
[2023-12-06T20:32:01.912+0000] {processor.py:756} INFO - Processing file /opt/airflow/dags/producer.py for tasks to queue
[2023-12-06T20:32:01.912+0000] {logging_mixin.py:120} INFO - [2023-12-06T20:32:01.912+0000] {dagbag.py:537} INFO - Filling up the DagBag from /opt/airflow/dags/producer.py
[2023-12-06T20:32:01.931+0000] {processor.py:766} INFO - DAG(s) dict_keys(['producer']) retrieved from /opt/airflow/dags/producer.py
[2023-12-06T20:32:01.966+0000] {logging_mixin.py:120} INFO - [2023-12-06T20:32:01.966+0000] {dag.py:2585} INFO - Sync 1 DAGs
[2023-12-06T20:32:01.988+0000] {logging_mixin.py:120} INFO - [2023-12-06T20:32:01.988+0000] {dag.py:3340} INFO - Setting next_dagrun for producer to 2023-12-05T00:00:00+00:00, run_after=2023-12-06T00:00:00+00:00
[2023-12-06T20:32:02.012+0000] {processor.py:176} INFO - Processing /opt/airflow/dags/producer.py took 0.103 seconds
[2023-12-06T20:32:32.327+0000] {processor.py:154} INFO - Started process (PID=1673) to work on /opt/airflow/dags/producer.py
[2023-12-06T20:32:32.328+0000] {processor.py:756} INFO - Processing file /opt/airflow/dags/producer.py for tasks to queue
[2023-12-06T20:32:32.329+0000] {logging_mixin.py:120} INFO - [2023-12-06T20:32:32.328+0000] {dagbag.py:537} INFO - Filling up the DagBag from /opt/airflow/dags/producer.py
[2023-12-06T20:32:32.347+0000] {processor.py:766} INFO - DAG(s) dict_keys(['producer']) retrieved from /opt/airflow/dags/producer.py
[2023-12-06T20:32:32.382+0000] {logging_mixin.py:120} INFO - [2023-12-06T20:32:32.381+0000] {dag.py:2585} INFO - Sync 1 DAGs
[2023-12-06T20:32:32.404+0000] {logging_mixin.py:120} INFO - [2023-12-06T20:32:32.404+0000] {dag.py:3340} INFO - Setting next_dagrun for producer to 2023-12-05T00:00:00+00:00, run_after=2023-12-06T00:00:00+00:00
[2023-12-06T20:32:32.428+0000] {processor.py:176} INFO - Processing /opt/airflow/dags/producer.py took 0.104 seconds
[2023-12-06T20:33:02.707+0000] {processor.py:154} INFO - Started process (PID=1717) to work on /opt/airflow/dags/producer.py
[2023-12-06T20:33:02.708+0000] {processor.py:756} INFO - Processing file /opt/airflow/dags/producer.py for tasks to queue
[2023-12-06T20:33:02.709+0000] {logging_mixin.py:120} INFO - [2023-12-06T20:33:02.709+0000] {dagbag.py:537} INFO - Filling up the DagBag from /opt/airflow/dags/producer.py
[2023-12-06T20:33:02.730+0000] {processor.py:766} INFO - DAG(s) dict_keys(['producer']) retrieved from /opt/airflow/dags/producer.py
[2023-12-06T20:33:02.764+0000] {logging_mixin.py:120} INFO - [2023-12-06T20:33:02.763+0000] {dag.py:2585} INFO - Sync 1 DAGs
[2023-12-06T20:33:02.785+0000] {logging_mixin.py:120} INFO - [2023-12-06T20:33:02.785+0000] {dag.py:3340} INFO - Setting next_dagrun for producer to 2023-12-05T00:00:00+00:00, run_after=2023-12-06T00:00:00+00:00
[2023-12-06T20:33:02.811+0000] {processor.py:176} INFO - Processing /opt/airflow/dags/producer.py took 0.107 seconds
[2023-12-06T20:33:32.870+0000] {processor.py:154} INFO - Started process (PID=1760) to work on /opt/airflow/dags/producer.py
[2023-12-06T20:33:32.870+0000] {processor.py:756} INFO - Processing file /opt/airflow/dags/producer.py for tasks to queue
[2023-12-06T20:33:32.871+0000] {logging_mixin.py:120} INFO - [2023-12-06T20:33:32.871+0000] {dagbag.py:537} INFO - Filling up the DagBag from /opt/airflow/dags/producer.py
[2023-12-06T20:33:32.890+0000] {processor.py:766} INFO - DAG(s) dict_keys(['producer']) retrieved from /opt/airflow/dags/producer.py
[2023-12-06T20:33:32.923+0000] {logging_mixin.py:120} INFO - [2023-12-06T20:33:32.923+0000] {dag.py:2585} INFO - Sync 1 DAGs
[2023-12-06T20:33:32.945+0000] {logging_mixin.py:120} INFO - [2023-12-06T20:33:32.945+0000] {dag.py:3340} INFO - Setting next_dagrun for producer to 2023-12-05T00:00:00+00:00, run_after=2023-12-06T00:00:00+00:00
[2023-12-06T20:33:32.970+0000] {processor.py:176} INFO - Processing /opt/airflow/dags/producer.py took 0.103 seconds
[2023-12-06T20:34:03.353+0000] {processor.py:154} INFO - Started process (PID=1795) to work on /opt/airflow/dags/producer.py
[2023-12-06T20:34:03.354+0000] {processor.py:756} INFO - Processing file /opt/airflow/dags/producer.py for tasks to queue
[2023-12-06T20:34:03.355+0000] {logging_mixin.py:120} INFO - [2023-12-06T20:34:03.354+0000] {dagbag.py:537} INFO - Filling up the DagBag from /opt/airflow/dags/producer.py
[2023-12-06T20:34:03.374+0000] {processor.py:766} INFO - DAG(s) dict_keys(['producer']) retrieved from /opt/airflow/dags/producer.py
[2023-12-06T20:34:03.408+0000] {logging_mixin.py:120} INFO - [2023-12-06T20:34:03.408+0000] {dag.py:2585} INFO - Sync 1 DAGs
[2023-12-06T20:34:03.443+0000] {logging_mixin.py:120} INFO - [2023-12-06T20:34:03.443+0000] {dag.py:3340} INFO - Setting next_dagrun for producer to 2023-12-05T00:00:00+00:00, run_after=2023-12-06T00:00:00+00:00
[2023-12-06T20:34:03.475+0000] {processor.py:176} INFO - Processing /opt/airflow/dags/producer.py took 0.124 seconds
[2023-12-06T20:34:34.260+0000] {processor.py:154} INFO - Started process (PID=1838) to work on /opt/airflow/dags/producer.py
[2023-12-06T20:34:34.261+0000] {processor.py:756} INFO - Processing file /opt/airflow/dags/producer.py for tasks to queue
[2023-12-06T20:34:34.261+0000] {logging_mixin.py:120} INFO - [2023-12-06T20:34:34.261+0000] {dagbag.py:537} INFO - Filling up the DagBag from /opt/airflow/dags/producer.py
[2023-12-06T20:34:34.289+0000] {processor.py:766} INFO - DAG(s) dict_keys(['producer']) retrieved from /opt/airflow/dags/producer.py
[2023-12-06T20:34:34.337+0000] {logging_mixin.py:120} INFO - [2023-12-06T20:34:34.337+0000] {dag.py:2585} INFO - Sync 1 DAGs
[2023-12-06T20:34:34.376+0000] {logging_mixin.py:120} INFO - [2023-12-06T20:34:34.376+0000] {dag.py:3340} INFO - Setting next_dagrun for producer to 2023-12-05T00:00:00+00:00, run_after=2023-12-06T00:00:00+00:00
[2023-12-06T20:34:34.408+0000] {processor.py:176} INFO - Processing /opt/airflow/dags/producer.py took 0.151 seconds
[2023-12-06T20:35:04.478+0000] {processor.py:154} INFO - Started process (PID=1880) to work on /opt/airflow/dags/producer.py
[2023-12-06T20:35:04.478+0000] {processor.py:756} INFO - Processing file /opt/airflow/dags/producer.py for tasks to queue
[2023-12-06T20:35:04.479+0000] {logging_mixin.py:120} INFO - [2023-12-06T20:35:04.479+0000] {dagbag.py:537} INFO - Filling up the DagBag from /opt/airflow/dags/producer.py
[2023-12-06T20:35:04.498+0000] {processor.py:766} INFO - DAG(s) dict_keys(['producer']) retrieved from /opt/airflow/dags/producer.py
[2023-12-06T20:35:04.532+0000] {logging_mixin.py:120} INFO - [2023-12-06T20:35:04.532+0000] {dag.py:2585} INFO - Sync 1 DAGs
[2023-12-06T20:35:04.558+0000] {logging_mixin.py:120} INFO - [2023-12-06T20:35:04.558+0000] {dag.py:3340} INFO - Setting next_dagrun for producer to 2023-12-05T00:00:00+00:00, run_after=2023-12-06T00:00:00+00:00
[2023-12-06T20:35:04.590+0000] {processor.py:176} INFO - Processing /opt/airflow/dags/producer.py took 0.115 seconds
[2023-12-06T20:35:34.926+0000] {processor.py:154} INFO - Started process (PID=1912) to work on /opt/airflow/dags/producer.py
[2023-12-06T20:35:34.927+0000] {processor.py:756} INFO - Processing file /opt/airflow/dags/producer.py for tasks to queue
[2023-12-06T20:35:34.928+0000] {logging_mixin.py:120} INFO - [2023-12-06T20:35:34.927+0000] {dagbag.py:537} INFO - Filling up the DagBag from /opt/airflow/dags/producer.py
[2023-12-06T20:35:34.954+0000] {processor.py:766} INFO - DAG(s) dict_keys(['producer']) retrieved from /opt/airflow/dags/producer.py
[2023-12-06T20:35:35.001+0000] {logging_mixin.py:120} INFO - [2023-12-06T20:35:35.001+0000] {dag.py:2585} INFO - Sync 1 DAGs
[2023-12-06T20:35:35.032+0000] {logging_mixin.py:120} INFO - [2023-12-06T20:35:35.032+0000] {dag.py:3340} INFO - Setting next_dagrun for producer to 2023-12-05T00:00:00+00:00, run_after=2023-12-06T00:00:00+00:00
[2023-12-06T20:35:35.062+0000] {processor.py:176} INFO - Processing /opt/airflow/dags/producer.py took 0.139 seconds
[2023-12-06T20:36:05.557+0000] {processor.py:154} INFO - Started process (PID=1953) to work on /opt/airflow/dags/producer.py
[2023-12-06T20:36:05.558+0000] {processor.py:756} INFO - Processing file /opt/airflow/dags/producer.py for tasks to queue
[2023-12-06T20:36:05.559+0000] {logging_mixin.py:120} INFO - [2023-12-06T20:36:05.559+0000] {dagbag.py:537} INFO - Filling up the DagBag from /opt/airflow/dags/producer.py
[2023-12-06T20:36:05.586+0000] {processor.py:766} INFO - DAG(s) dict_keys(['producer']) retrieved from /opt/airflow/dags/producer.py
[2023-12-06T20:36:05.634+0000] {logging_mixin.py:120} INFO - [2023-12-06T20:36:05.633+0000] {dag.py:2585} INFO - Sync 1 DAGs
[2023-12-06T20:36:05.673+0000] {logging_mixin.py:120} INFO - [2023-12-06T20:36:05.673+0000] {dag.py:3340} INFO - Setting next_dagrun for producer to 2023-12-05T00:00:00+00:00, run_after=2023-12-06T00:00:00+00:00
[2023-12-06T20:36:05.710+0000] {processor.py:176} INFO - Processing /opt/airflow/dags/producer.py took 0.156 seconds
[2023-12-06T20:36:36.528+0000] {processor.py:154} INFO - Started process (PID=1986) to work on /opt/airflow/dags/producer.py
[2023-12-06T20:36:36.528+0000] {processor.py:756} INFO - Processing file /opt/airflow/dags/producer.py for tasks to queue
[2023-12-06T20:36:36.529+0000] {logging_mixin.py:120} INFO - [2023-12-06T20:36:36.529+0000] {dagbag.py:537} INFO - Filling up the DagBag from /opt/airflow/dags/producer.py
[2023-12-06T20:36:36.556+0000] {processor.py:766} INFO - DAG(s) dict_keys(['producer']) retrieved from /opt/airflow/dags/producer.py
[2023-12-06T20:36:36.621+0000] {logging_mixin.py:120} INFO - [2023-12-06T20:36:36.621+0000] {dag.py:2585} INFO - Sync 1 DAGs
[2023-12-06T20:36:36.659+0000] {logging_mixin.py:120} INFO - [2023-12-06T20:36:36.659+0000] {dag.py:3340} INFO - Setting next_dagrun for producer to 2023-12-05T00:00:00+00:00, run_after=2023-12-06T00:00:00+00:00
[2023-12-06T20:36:36.685+0000] {processor.py:176} INFO - Processing /opt/airflow/dags/producer.py took 0.161 seconds
[2023-12-06T20:37:07.571+0000] {processor.py:154} INFO - Started process (PID=2028) to work on /opt/airflow/dags/producer.py
[2023-12-06T20:37:07.572+0000] {processor.py:756} INFO - Processing file /opt/airflow/dags/producer.py for tasks to queue
[2023-12-06T20:37:07.572+0000] {logging_mixin.py:120} INFO - [2023-12-06T20:37:07.572+0000] {dagbag.py:537} INFO - Filling up the DagBag from /opt/airflow/dags/producer.py
[2023-12-06T20:37:07.599+0000] {processor.py:766} INFO - DAG(s) dict_keys(['producer']) retrieved from /opt/airflow/dags/producer.py
[2023-12-06T20:37:07.654+0000] {logging_mixin.py:120} INFO - [2023-12-06T20:37:07.654+0000] {dag.py:2585} INFO - Sync 1 DAGs
[2023-12-06T20:37:07.691+0000] {logging_mixin.py:120} INFO - [2023-12-06T20:37:07.690+0000] {dag.py:3340} INFO - Setting next_dagrun for producer to 2023-12-05T00:00:00+00:00, run_after=2023-12-06T00:00:00+00:00
[2023-12-06T20:37:07.719+0000] {processor.py:176} INFO - Processing /opt/airflow/dags/producer.py took 0.151 seconds
[2023-12-06T20:37:38.282+0000] {processor.py:154} INFO - Started process (PID=2061) to work on /opt/airflow/dags/producer.py
[2023-12-06T20:37:38.282+0000] {processor.py:756} INFO - Processing file /opt/airflow/dags/producer.py for tasks to queue
[2023-12-06T20:37:38.283+0000] {logging_mixin.py:120} INFO - [2023-12-06T20:37:38.283+0000] {dagbag.py:537} INFO - Filling up the DagBag from /opt/airflow/dags/producer.py
[2023-12-06T20:37:38.310+0000] {processor.py:766} INFO - DAG(s) dict_keys(['producer']) retrieved from /opt/airflow/dags/producer.py
[2023-12-06T20:37:38.367+0000] {logging_mixin.py:120} INFO - [2023-12-06T20:37:38.366+0000] {dag.py:2585} INFO - Sync 1 DAGs
[2023-12-06T20:37:38.399+0000] {logging_mixin.py:120} INFO - [2023-12-06T20:37:38.399+0000] {dag.py:3340} INFO - Setting next_dagrun for producer to 2023-12-05T00:00:00+00:00, run_after=2023-12-06T00:00:00+00:00
[2023-12-06T20:37:38.449+0000] {processor.py:176} INFO - Processing /opt/airflow/dags/producer.py took 0.172 seconds
[2023-12-06T20:38:08.629+0000] {processor.py:154} INFO - Started process (PID=2105) to work on /opt/airflow/dags/producer.py
[2023-12-06T20:38:08.634+0000] {processor.py:756} INFO - Processing file /opt/airflow/dags/producer.py for tasks to queue
[2023-12-06T20:38:08.635+0000] {logging_mixin.py:120} INFO - [2023-12-06T20:38:08.635+0000] {dagbag.py:537} INFO - Filling up the DagBag from /opt/airflow/dags/producer.py
[2023-12-06T20:38:08.670+0000] {processor.py:766} INFO - DAG(s) dict_keys(['producer']) retrieved from /opt/airflow/dags/producer.py
[2023-12-06T20:38:08.719+0000] {logging_mixin.py:120} INFO - [2023-12-06T20:38:08.719+0000] {dag.py:2585} INFO - Sync 1 DAGs
[2023-12-06T20:38:08.755+0000] {logging_mixin.py:120} INFO - [2023-12-06T20:38:08.755+0000] {dag.py:3340} INFO - Setting next_dagrun for producer to 2023-12-05T00:00:00+00:00, run_after=2023-12-06T00:00:00+00:00
[2023-12-06T20:38:08.789+0000] {processor.py:176} INFO - Processing /opt/airflow/dags/producer.py took 0.170 seconds
[2023-12-06T20:38:39.649+0000] {processor.py:154} INFO - Started process (PID=2138) to work on /opt/airflow/dags/producer.py
[2023-12-06T20:38:39.652+0000] {processor.py:756} INFO - Processing file /opt/airflow/dags/producer.py for tasks to queue
[2023-12-06T20:38:39.652+0000] {logging_mixin.py:120} INFO - [2023-12-06T20:38:39.652+0000] {dagbag.py:537} INFO - Filling up the DagBag from /opt/airflow/dags/producer.py
[2023-12-06T20:38:39.720+0000] {processor.py:766} INFO - DAG(s) dict_keys(['producer']) retrieved from /opt/airflow/dags/producer.py
[2023-12-06T20:38:39.818+0000] {logging_mixin.py:120} INFO - [2023-12-06T20:38:39.818+0000] {dag.py:2585} INFO - Sync 1 DAGs
[2023-12-06T20:38:39.885+0000] {logging_mixin.py:120} INFO - [2023-12-06T20:38:39.884+0000] {dag.py:3340} INFO - Setting next_dagrun for producer to 2023-12-05T00:00:00+00:00, run_after=2023-12-06T00:00:00+00:00
[2023-12-06T20:38:39.930+0000] {processor.py:176} INFO - Processing /opt/airflow/dags/producer.py took 0.295 seconds
[2023-12-06T20:39:10.006+0000] {processor.py:154} INFO - Started process (PID=2181) to work on /opt/airflow/dags/producer.py
[2023-12-06T20:39:10.007+0000] {processor.py:756} INFO - Processing file /opt/airflow/dags/producer.py for tasks to queue
[2023-12-06T20:39:10.007+0000] {logging_mixin.py:120} INFO - [2023-12-06T20:39:10.007+0000] {dagbag.py:537} INFO - Filling up the DagBag from /opt/airflow/dags/producer.py
[2023-12-06T20:39:10.027+0000] {processor.py:766} INFO - DAG(s) dict_keys(['producer']) retrieved from /opt/airflow/dags/producer.py
[2023-12-06T20:39:10.073+0000] {logging_mixin.py:120} INFO - [2023-12-06T20:39:10.073+0000] {dag.py:2585} INFO - Sync 1 DAGs
[2023-12-06T20:39:10.098+0000] {logging_mixin.py:120} INFO - [2023-12-06T20:39:10.097+0000] {dag.py:3340} INFO - Setting next_dagrun for producer to 2023-12-05T00:00:00+00:00, run_after=2023-12-06T00:00:00+00:00
[2023-12-06T20:39:10.122+0000] {processor.py:176} INFO - Processing /opt/airflow/dags/producer.py took 0.118 seconds
[2023-12-06T20:39:40.223+0000] {processor.py:154} INFO - Started process (PID=2213) to work on /opt/airflow/dags/producer.py
[2023-12-06T20:39:40.223+0000] {processor.py:756} INFO - Processing file /opt/airflow/dags/producer.py for tasks to queue
[2023-12-06T20:39:40.224+0000] {logging_mixin.py:120} INFO - [2023-12-06T20:39:40.224+0000] {dagbag.py:537} INFO - Filling up the DagBag from /opt/airflow/dags/producer.py
[2023-12-06T20:39:40.244+0000] {processor.py:766} INFO - DAG(s) dict_keys(['producer']) retrieved from /opt/airflow/dags/producer.py
[2023-12-06T20:39:40.277+0000] {logging_mixin.py:120} INFO - [2023-12-06T20:39:40.277+0000] {dag.py:2585} INFO - Sync 1 DAGs
[2023-12-06T20:39:40.300+0000] {logging_mixin.py:120} INFO - [2023-12-06T20:39:40.299+0000] {dag.py:3340} INFO - Setting next_dagrun for producer to 2023-12-05T00:00:00+00:00, run_after=2023-12-06T00:00:00+00:00
[2023-12-06T20:39:40.327+0000] {processor.py:176} INFO - Processing /opt/airflow/dags/producer.py took 0.107 seconds
[2023-12-06T20:40:10.516+0000] {processor.py:154} INFO - Started process (PID=2257) to work on /opt/airflow/dags/producer.py
[2023-12-06T20:40:10.517+0000] {processor.py:756} INFO - Processing file /opt/airflow/dags/producer.py for tasks to queue
[2023-12-06T20:40:10.518+0000] {logging_mixin.py:120} INFO - [2023-12-06T20:40:10.518+0000] {dagbag.py:537} INFO - Filling up the DagBag from /opt/airflow/dags/producer.py
[2023-12-06T20:40:10.546+0000] {processor.py:766} INFO - DAG(s) dict_keys(['producer']) retrieved from /opt/airflow/dags/producer.py
[2023-12-06T20:40:10.624+0000] {logging_mixin.py:120} INFO - [2023-12-06T20:40:10.624+0000] {dag.py:2585} INFO - Sync 1 DAGs
[2023-12-06T20:40:10.661+0000] {logging_mixin.py:120} INFO - [2023-12-06T20:40:10.660+0000] {dag.py:3340} INFO - Setting next_dagrun for producer to 2023-12-05T00:00:00+00:00, run_after=2023-12-06T00:00:00+00:00
[2023-12-06T20:40:10.691+0000] {processor.py:176} INFO - Processing /opt/airflow/dags/producer.py took 0.178 seconds
[2023-12-06T20:40:41.061+0000] {processor.py:154} INFO - Started process (PID=2290) to work on /opt/airflow/dags/producer.py
[2023-12-06T20:40:41.068+0000] {processor.py:756} INFO - Processing file /opt/airflow/dags/producer.py for tasks to queue
[2023-12-06T20:40:41.069+0000] {logging_mixin.py:120} INFO - [2023-12-06T20:40:41.069+0000] {dagbag.py:537} INFO - Filling up the DagBag from /opt/airflow/dags/producer.py
[2023-12-06T20:40:41.149+0000] {processor.py:766} INFO - DAG(s) dict_keys(['producer']) retrieved from /opt/airflow/dags/producer.py
[2023-12-06T20:40:41.216+0000] {logging_mixin.py:120} INFO - [2023-12-06T20:40:41.215+0000] {dag.py:2585} INFO - Sync 1 DAGs
[2023-12-06T20:40:41.251+0000] {logging_mixin.py:120} INFO - [2023-12-06T20:40:41.250+0000] {dag.py:3340} INFO - Setting next_dagrun for producer to 2023-12-05T00:00:00+00:00, run_after=2023-12-06T00:00:00+00:00
[2023-12-06T20:40:41.283+0000] {processor.py:176} INFO - Processing /opt/airflow/dags/producer.py took 0.233 seconds
[2023-12-06T20:41:11.626+0000] {processor.py:154} INFO - Started process (PID=2332) to work on /opt/airflow/dags/producer.py
[2023-12-06T20:41:11.631+0000] {processor.py:756} INFO - Processing file /opt/airflow/dags/producer.py for tasks to queue
[2023-12-06T20:41:11.632+0000] {logging_mixin.py:120} INFO - [2023-12-06T20:41:11.632+0000] {dagbag.py:537} INFO - Filling up the DagBag from /opt/airflow/dags/producer.py
[2023-12-06T20:41:11.652+0000] {processor.py:766} INFO - DAG(s) dict_keys(['producer']) retrieved from /opt/airflow/dags/producer.py
[2023-12-06T20:41:11.705+0000] {logging_mixin.py:120} INFO - [2023-12-06T20:41:11.705+0000] {dag.py:2585} INFO - Sync 1 DAGs
[2023-12-06T20:41:11.729+0000] {logging_mixin.py:120} INFO - [2023-12-06T20:41:11.729+0000] {dag.py:3340} INFO - Setting next_dagrun for producer to 2023-12-05T00:00:00+00:00, run_after=2023-12-06T00:00:00+00:00
[2023-12-06T20:41:11.771+0000] {processor.py:176} INFO - Processing /opt/airflow/dags/producer.py took 0.149 seconds
[2023-12-06T20:41:42.563+0000] {processor.py:154} INFO - Started process (PID=2374) to work on /opt/airflow/dags/producer.py
[2023-12-06T20:41:42.567+0000] {processor.py:756} INFO - Processing file /opt/airflow/dags/producer.py for tasks to queue
[2023-12-06T20:41:42.568+0000] {logging_mixin.py:120} INFO - [2023-12-06T20:41:42.568+0000] {dagbag.py:537} INFO - Filling up the DagBag from /opt/airflow/dags/producer.py
[2023-12-06T20:41:42.609+0000] {processor.py:766} INFO - DAG(s) dict_keys(['producer']) retrieved from /opt/airflow/dags/producer.py
[2023-12-06T20:41:42.688+0000] {logging_mixin.py:120} INFO - [2023-12-06T20:41:42.687+0000] {dag.py:2585} INFO - Sync 1 DAGs
[2023-12-06T20:41:42.786+0000] {logging_mixin.py:120} INFO - [2023-12-06T20:41:42.786+0000] {dag.py:3340} INFO - Setting next_dagrun for producer to 2023-12-05T00:00:00+00:00, run_after=2023-12-06T00:00:00+00:00
[2023-12-06T20:41:42.849+0000] {processor.py:176} INFO - Processing /opt/airflow/dags/producer.py took 0.290 seconds
[2023-12-06T20:42:13.213+0000] {processor.py:154} INFO - Started process (PID=2418) to work on /opt/airflow/dags/producer.py
[2023-12-06T20:42:13.214+0000] {processor.py:756} INFO - Processing file /opt/airflow/dags/producer.py for tasks to queue
[2023-12-06T20:42:13.214+0000] {logging_mixin.py:120} INFO - [2023-12-06T20:42:13.214+0000] {dagbag.py:537} INFO - Filling up the DagBag from /opt/airflow/dags/producer.py
[2023-12-06T20:42:13.242+0000] {processor.py:766} INFO - DAG(s) dict_keys(['producer']) retrieved from /opt/airflow/dags/producer.py
[2023-12-06T20:42:13.293+0000] {logging_mixin.py:120} INFO - [2023-12-06T20:42:13.293+0000] {dag.py:2585} INFO - Sync 1 DAGs
[2023-12-06T20:42:13.327+0000] {logging_mixin.py:120} INFO - [2023-12-06T20:42:13.327+0000] {dag.py:3340} INFO - Setting next_dagrun for producer to 2023-12-05T00:00:00+00:00, run_after=2023-12-06T00:00:00+00:00
[2023-12-06T20:42:13.359+0000] {processor.py:176} INFO - Processing /opt/airflow/dags/producer.py took 0.149 seconds
[2023-12-06T20:42:44.293+0000] {processor.py:154} INFO - Started process (PID=2451) to work on /opt/airflow/dags/producer.py
[2023-12-06T20:42:44.296+0000] {processor.py:756} INFO - Processing file /opt/airflow/dags/producer.py for tasks to queue
[2023-12-06T20:42:44.298+0000] {logging_mixin.py:120} INFO - [2023-12-06T20:42:44.298+0000] {dagbag.py:537} INFO - Filling up the DagBag from /opt/airflow/dags/producer.py
[2023-12-06T20:42:44.387+0000] {processor.py:766} INFO - DAG(s) dict_keys(['producer']) retrieved from /opt/airflow/dags/producer.py
[2023-12-06T20:42:44.503+0000] {logging_mixin.py:120} INFO - [2023-12-06T20:42:44.503+0000] {dag.py:2585} INFO - Sync 1 DAGs
[2023-12-06T20:42:44.574+0000] {logging_mixin.py:120} INFO - [2023-12-06T20:42:44.574+0000] {dag.py:3340} INFO - Setting next_dagrun for producer to 2023-12-05T00:00:00+00:00, run_after=2023-12-06T00:00:00+00:00
[2023-12-06T20:42:44.624+0000] {processor.py:176} INFO - Processing /opt/airflow/dags/producer.py took 0.341 seconds
[2023-12-06T20:43:15.476+0000] {processor.py:154} INFO - Started process (PID=2494) to work on /opt/airflow/dags/producer.py
[2023-12-06T20:43:15.477+0000] {processor.py:756} INFO - Processing file /opt/airflow/dags/producer.py for tasks to queue
[2023-12-06T20:43:15.478+0000] {logging_mixin.py:120} INFO - [2023-12-06T20:43:15.478+0000] {dagbag.py:537} INFO - Filling up the DagBag from /opt/airflow/dags/producer.py
[2023-12-06T20:43:15.506+0000] {processor.py:766} INFO - DAG(s) dict_keys(['producer']) retrieved from /opt/airflow/dags/producer.py
[2023-12-06T20:43:15.583+0000] {logging_mixin.py:120} INFO - [2023-12-06T20:43:15.583+0000] {dag.py:2585} INFO - Sync 1 DAGs
[2023-12-06T20:43:15.650+0000] {logging_mixin.py:120} INFO - [2023-12-06T20:43:15.650+0000] {dag.py:3340} INFO - Setting next_dagrun for producer to 2023-12-05T00:00:00+00:00, run_after=2023-12-06T00:00:00+00:00
[2023-12-06T20:43:15.702+0000] {processor.py:176} INFO - Processing /opt/airflow/dags/producer.py took 0.230 seconds
