[2023-12-06T10:16:48.550+0000] {processor.py:154} INFO - Started process (PID=58) to work on /opt/airflow/dags/taskgroup_dag.py
[2023-12-06T10:16:48.550+0000] {processor.py:756} INFO - Processing file /opt/airflow/dags/taskgroup_dag.py for tasks to queue
[2023-12-06T10:16:48.551+0000] {logging_mixin.py:120} INFO - [2023-12-06T10:16:48.551+0000] {dagbag.py:537} INFO - Filling up the DagBag from /opt/airflow/dags/taskgroup_dag.py
[2023-12-06T10:16:48.580+0000] {processor.py:766} INFO - DAG(s) dict_keys(['taskgroup_dag']) retrieved from /opt/airflow/dags/taskgroup_dag.py
[2023-12-06T10:16:48.629+0000] {logging_mixin.py:120} INFO - [2023-12-06T10:16:48.628+0000] {dag.py:2585} INFO - Sync 1 DAGs
[2023-12-06T10:16:48.658+0000] {logging_mixin.py:120} INFO - [2023-12-06T10:16:48.658+0000] {dag.py:3340} INFO - Setting next_dagrun for taskgroup_dag to 2023-12-05T00:00:00+00:00, run_after=2023-12-06T00:00:00+00:00
[2023-12-06T10:16:48.689+0000] {processor.py:176} INFO - Processing /opt/airflow/dags/taskgroup_dag.py took 0.142 seconds
[2023-12-06T10:17:19.319+0000] {processor.py:154} INFO - Started process (PID=99) to work on /opt/airflow/dags/taskgroup_dag.py
[2023-12-06T10:17:19.319+0000] {processor.py:756} INFO - Processing file /opt/airflow/dags/taskgroup_dag.py for tasks to queue
[2023-12-06T10:17:19.320+0000] {logging_mixin.py:120} INFO - [2023-12-06T10:17:19.320+0000] {dagbag.py:537} INFO - Filling up the DagBag from /opt/airflow/dags/taskgroup_dag.py
[2023-12-06T10:17:19.334+0000] {processor.py:766} INFO - DAG(s) dict_keys(['taskgroup_dag']) retrieved from /opt/airflow/dags/taskgroup_dag.py
[2023-12-06T10:17:19.367+0000] {logging_mixin.py:120} INFO - [2023-12-06T10:17:19.367+0000] {dag.py:2585} INFO - Sync 1 DAGs
[2023-12-06T10:17:19.392+0000] {logging_mixin.py:120} INFO - [2023-12-06T10:17:19.392+0000] {dag.py:3340} INFO - Setting next_dagrun for taskgroup_dag to 2023-12-05T00:00:00+00:00, run_after=2023-12-06T00:00:00+00:00
[2023-12-06T10:17:19.422+0000] {processor.py:176} INFO - Processing /opt/airflow/dags/taskgroup_dag.py took 0.107 seconds
[2023-12-06T10:17:49.799+0000] {processor.py:154} INFO - Started process (PID=134) to work on /opt/airflow/dags/taskgroup_dag.py
[2023-12-06T10:17:49.800+0000] {processor.py:756} INFO - Processing file /opt/airflow/dags/taskgroup_dag.py for tasks to queue
[2023-12-06T10:17:49.800+0000] {logging_mixin.py:120} INFO - [2023-12-06T10:17:49.800+0000] {dagbag.py:537} INFO - Filling up the DagBag from /opt/airflow/dags/taskgroup_dag.py
[2023-12-06T10:17:49.815+0000] {processor.py:766} INFO - DAG(s) dict_keys(['taskgroup_dag']) retrieved from /opt/airflow/dags/taskgroup_dag.py
[2023-12-06T10:17:49.848+0000] {logging_mixin.py:120} INFO - [2023-12-06T10:17:49.848+0000] {dag.py:2585} INFO - Sync 1 DAGs
[2023-12-06T10:17:49.872+0000] {logging_mixin.py:120} INFO - [2023-12-06T10:17:49.872+0000] {dag.py:3340} INFO - Setting next_dagrun for taskgroup_dag to 2023-12-05T00:00:00+00:00, run_after=2023-12-06T00:00:00+00:00
[2023-12-06T10:17:49.901+0000] {processor.py:176} INFO - Processing /opt/airflow/dags/taskgroup_dag.py took 0.104 seconds
[2023-12-06T10:18:20.382+0000] {processor.py:154} INFO - Started process (PID=175) to work on /opt/airflow/dags/taskgroup_dag.py
[2023-12-06T10:18:20.383+0000] {processor.py:756} INFO - Processing file /opt/airflow/dags/taskgroup_dag.py for tasks to queue
[2023-12-06T10:18:20.384+0000] {logging_mixin.py:120} INFO - [2023-12-06T10:18:20.384+0000] {dagbag.py:537} INFO - Filling up the DagBag from /opt/airflow/dags/taskgroup_dag.py
[2023-12-06T10:18:20.407+0000] {processor.py:766} INFO - DAG(s) dict_keys(['taskgroup_dag']) retrieved from /opt/airflow/dags/taskgroup_dag.py
[2023-12-06T10:18:20.519+0000] {logging_mixin.py:120} INFO - [2023-12-06T10:18:20.519+0000] {dag.py:2585} INFO - Sync 1 DAGs
[2023-12-06T10:18:20.556+0000] {logging_mixin.py:120} INFO - [2023-12-06T10:18:20.556+0000] {dag.py:3340} INFO - Setting next_dagrun for taskgroup_dag to 2023-12-05T00:00:00+00:00, run_after=2023-12-06T00:00:00+00:00
[2023-12-06T10:18:20.587+0000] {processor.py:176} INFO - Processing /opt/airflow/dags/taskgroup_dag.py took 0.208 seconds
[2023-12-06T10:18:50.662+0000] {processor.py:154} INFO - Started process (PID=223) to work on /opt/airflow/dags/taskgroup_dag.py
[2023-12-06T10:18:50.670+0000] {processor.py:756} INFO - Processing file /opt/airflow/dags/taskgroup_dag.py for tasks to queue
[2023-12-06T10:18:50.674+0000] {logging_mixin.py:120} INFO - [2023-12-06T10:18:50.674+0000] {dagbag.py:537} INFO - Filling up the DagBag from /opt/airflow/dags/taskgroup_dag.py
[2023-12-06T10:18:50.709+0000] {processor.py:766} INFO - DAG(s) dict_keys(['taskgroup_dag']) retrieved from /opt/airflow/dags/taskgroup_dag.py
[2023-12-06T10:18:50.761+0000] {logging_mixin.py:120} INFO - [2023-12-06T10:18:50.761+0000] {dag.py:2585} INFO - Sync 1 DAGs
[2023-12-06T10:18:50.798+0000] {logging_mixin.py:120} INFO - [2023-12-06T10:18:50.798+0000] {dag.py:3340} INFO - Setting next_dagrun for taskgroup_dag to 2023-12-05T00:00:00+00:00, run_after=2023-12-06T00:00:00+00:00
[2023-12-06T10:18:50.830+0000] {processor.py:176} INFO - Processing /opt/airflow/dags/taskgroup_dag.py took 0.171 seconds
[2023-12-06T10:19:20.872+0000] {processor.py:154} INFO - Started process (PID=259) to work on /opt/airflow/dags/taskgroup_dag.py
[2023-12-06T10:19:20.872+0000] {processor.py:756} INFO - Processing file /opt/airflow/dags/taskgroup_dag.py for tasks to queue
[2023-12-06T10:19:20.873+0000] {logging_mixin.py:120} INFO - [2023-12-06T10:19:20.873+0000] {dagbag.py:537} INFO - Filling up the DagBag from /opt/airflow/dags/taskgroup_dag.py
[2023-12-06T10:19:20.889+0000] {processor.py:766} INFO - DAG(s) dict_keys(['taskgroup_dag']) retrieved from /opt/airflow/dags/taskgroup_dag.py
[2023-12-06T10:19:20.925+0000] {logging_mixin.py:120} INFO - [2023-12-06T10:19:20.925+0000] {dag.py:2585} INFO - Sync 1 DAGs
[2023-12-06T10:19:20.953+0000] {logging_mixin.py:120} INFO - [2023-12-06T10:19:20.953+0000] {dag.py:3340} INFO - Setting next_dagrun for taskgroup_dag to 2023-12-05T00:00:00+00:00, run_after=2023-12-06T00:00:00+00:00
[2023-12-06T10:19:20.977+0000] {processor.py:176} INFO - Processing /opt/airflow/dags/taskgroup_dag.py took 0.108 seconds
[2023-12-06T10:19:51.012+0000] {processor.py:154} INFO - Started process (PID=301) to work on /opt/airflow/dags/taskgroup_dag.py
[2023-12-06T10:19:51.012+0000] {processor.py:756} INFO - Processing file /opt/airflow/dags/taskgroup_dag.py for tasks to queue
[2023-12-06T10:19:51.013+0000] {logging_mixin.py:120} INFO - [2023-12-06T10:19:51.013+0000] {dagbag.py:537} INFO - Filling up the DagBag from /opt/airflow/dags/taskgroup_dag.py
[2023-12-06T10:19:51.029+0000] {processor.py:766} INFO - DAG(s) dict_keys(['taskgroup_dag']) retrieved from /opt/airflow/dags/taskgroup_dag.py
[2023-12-06T10:19:51.064+0000] {logging_mixin.py:120} INFO - [2023-12-06T10:19:51.064+0000] {dag.py:2585} INFO - Sync 1 DAGs
[2023-12-06T10:19:51.093+0000] {logging_mixin.py:120} INFO - [2023-12-06T10:19:51.093+0000] {dag.py:3340} INFO - Setting next_dagrun for taskgroup_dag to 2023-12-05T00:00:00+00:00, run_after=2023-12-06T00:00:00+00:00
[2023-12-06T10:19:51.115+0000] {processor.py:176} INFO - Processing /opt/airflow/dags/taskgroup_dag.py took 0.106 seconds
[2023-12-06T10:20:21.195+0000] {processor.py:154} INFO - Started process (PID=343) to work on /opt/airflow/dags/taskgroup_dag.py
[2023-12-06T10:20:21.196+0000] {processor.py:756} INFO - Processing file /opt/airflow/dags/taskgroup_dag.py for tasks to queue
[2023-12-06T10:20:21.196+0000] {logging_mixin.py:120} INFO - [2023-12-06T10:20:21.196+0000] {dagbag.py:537} INFO - Filling up the DagBag from /opt/airflow/dags/taskgroup_dag.py
[2023-12-06T10:20:21.213+0000] {processor.py:766} INFO - DAG(s) dict_keys(['taskgroup_dag']) retrieved from /opt/airflow/dags/taskgroup_dag.py
[2023-12-06T10:20:21.247+0000] {logging_mixin.py:120} INFO - [2023-12-06T10:20:21.247+0000] {dag.py:2585} INFO - Sync 1 DAGs
[2023-12-06T10:20:21.277+0000] {logging_mixin.py:120} INFO - [2023-12-06T10:20:21.277+0000] {dag.py:3340} INFO - Setting next_dagrun for taskgroup_dag to 2023-12-05T00:00:00+00:00, run_after=2023-12-06T00:00:00+00:00
[2023-12-06T10:20:21.300+0000] {processor.py:176} INFO - Processing /opt/airflow/dags/taskgroup_dag.py took 0.107 seconds
[2023-12-06T10:20:51.350+0000] {processor.py:154} INFO - Started process (PID=376) to work on /opt/airflow/dags/taskgroup_dag.py
[2023-12-06T10:20:51.350+0000] {processor.py:756} INFO - Processing file /opt/airflow/dags/taskgroup_dag.py for tasks to queue
[2023-12-06T10:20:51.351+0000] {logging_mixin.py:120} INFO - [2023-12-06T10:20:51.351+0000] {dagbag.py:537} INFO - Filling up the DagBag from /opt/airflow/dags/taskgroup_dag.py
[2023-12-06T10:20:51.368+0000] {processor.py:766} INFO - DAG(s) dict_keys(['taskgroup_dag']) retrieved from /opt/airflow/dags/taskgroup_dag.py
[2023-12-06T10:20:51.404+0000] {logging_mixin.py:120} INFO - [2023-12-06T10:20:51.404+0000] {dag.py:2585} INFO - Sync 1 DAGs
[2023-12-06T10:20:51.437+0000] {logging_mixin.py:120} INFO - [2023-12-06T10:20:51.437+0000] {dag.py:3340} INFO - Setting next_dagrun for taskgroup_dag to 2023-12-05T00:00:00+00:00, run_after=2023-12-06T00:00:00+00:00
[2023-12-06T10:20:51.462+0000] {processor.py:176} INFO - Processing /opt/airflow/dags/taskgroup_dag.py took 0.114 seconds
[2023-12-06T10:21:21.838+0000] {processor.py:154} INFO - Started process (PID=418) to work on /opt/airflow/dags/taskgroup_dag.py
[2023-12-06T10:21:21.839+0000] {processor.py:756} INFO - Processing file /opt/airflow/dags/taskgroup_dag.py for tasks to queue
[2023-12-06T10:21:21.839+0000] {logging_mixin.py:120} INFO - [2023-12-06T10:21:21.839+0000] {dagbag.py:537} INFO - Filling up the DagBag from /opt/airflow/dags/taskgroup_dag.py
[2023-12-06T10:21:21.855+0000] {processor.py:766} INFO - DAG(s) dict_keys(['taskgroup_dag']) retrieved from /opt/airflow/dags/taskgroup_dag.py
[2023-12-06T10:21:21.889+0000] {logging_mixin.py:120} INFO - [2023-12-06T10:21:21.889+0000] {dag.py:2585} INFO - Sync 1 DAGs
[2023-12-06T10:21:21.912+0000] {logging_mixin.py:120} INFO - [2023-12-06T10:21:21.912+0000] {dag.py:3340} INFO - Setting next_dagrun for taskgroup_dag to 2023-12-05T00:00:00+00:00, run_after=2023-12-06T00:00:00+00:00
[2023-12-06T10:21:21.938+0000] {processor.py:176} INFO - Processing /opt/airflow/dags/taskgroup_dag.py took 0.102 seconds
[2023-12-06T10:21:52.011+0000] {processor.py:154} INFO - Started process (PID=460) to work on /opt/airflow/dags/taskgroup_dag.py
[2023-12-06T10:21:52.012+0000] {processor.py:756} INFO - Processing file /opt/airflow/dags/taskgroup_dag.py for tasks to queue
[2023-12-06T10:21:52.013+0000] {logging_mixin.py:120} INFO - [2023-12-06T10:21:52.013+0000] {dagbag.py:537} INFO - Filling up the DagBag from /opt/airflow/dags/taskgroup_dag.py
[2023-12-06T10:21:52.029+0000] {processor.py:766} INFO - DAG(s) dict_keys(['taskgroup_dag']) retrieved from /opt/airflow/dags/taskgroup_dag.py
[2023-12-06T10:21:52.066+0000] {logging_mixin.py:120} INFO - [2023-12-06T10:21:52.066+0000] {dag.py:2585} INFO - Sync 1 DAGs
[2023-12-06T10:21:52.088+0000] {logging_mixin.py:120} INFO - [2023-12-06T10:21:52.088+0000] {dag.py:3340} INFO - Setting next_dagrun for taskgroup_dag to 2023-12-05T00:00:00+00:00, run_after=2023-12-06T00:00:00+00:00
[2023-12-06T10:21:52.110+0000] {processor.py:176} INFO - Processing /opt/airflow/dags/taskgroup_dag.py took 0.101 seconds
[2023-12-06T10:22:22.134+0000] {processor.py:154} INFO - Started process (PID=496) to work on /opt/airflow/dags/taskgroup_dag.py
[2023-12-06T10:22:22.135+0000] {processor.py:756} INFO - Processing file /opt/airflow/dags/taskgroup_dag.py for tasks to queue
[2023-12-06T10:22:22.136+0000] {logging_mixin.py:120} INFO - [2023-12-06T10:22:22.136+0000] {dagbag.py:537} INFO - Filling up the DagBag from /opt/airflow/dags/taskgroup_dag.py
[2023-12-06T10:22:22.157+0000] {processor.py:766} INFO - DAG(s) dict_keys(['taskgroup_dag']) retrieved from /opt/airflow/dags/taskgroup_dag.py
[2023-12-06T10:22:22.192+0000] {logging_mixin.py:120} INFO - [2023-12-06T10:22:22.192+0000] {dag.py:2585} INFO - Sync 1 DAGs
[2023-12-06T10:22:22.215+0000] {logging_mixin.py:120} INFO - [2023-12-06T10:22:22.215+0000] {dag.py:3340} INFO - Setting next_dagrun for taskgroup_dag to 2023-12-05T00:00:00+00:00, run_after=2023-12-06T00:00:00+00:00
[2023-12-06T10:22:22.237+0000] {processor.py:176} INFO - Processing /opt/airflow/dags/taskgroup_dag.py took 0.106 seconds
[2023-12-06T10:22:52.743+0000] {processor.py:154} INFO - Started process (PID=536) to work on /opt/airflow/dags/taskgroup_dag.py
[2023-12-06T10:22:52.744+0000] {processor.py:756} INFO - Processing file /opt/airflow/dags/taskgroup_dag.py for tasks to queue
[2023-12-06T10:22:52.745+0000] {logging_mixin.py:120} INFO - [2023-12-06T10:22:52.745+0000] {dagbag.py:537} INFO - Filling up the DagBag from /opt/airflow/dags/taskgroup_dag.py
[2023-12-06T10:22:52.781+0000] {processor.py:766} INFO - DAG(s) dict_keys(['taskgroup_dag']) retrieved from /opt/airflow/dags/taskgroup_dag.py
[2023-12-06T10:22:52.830+0000] {logging_mixin.py:120} INFO - [2023-12-06T10:22:52.830+0000] {dag.py:2585} INFO - Sync 1 DAGs
[2023-12-06T10:22:52.859+0000] {logging_mixin.py:120} INFO - [2023-12-06T10:22:52.858+0000] {dag.py:3340} INFO - Setting next_dagrun for taskgroup_dag to 2023-12-05T00:00:00+00:00, run_after=2023-12-06T00:00:00+00:00
[2023-12-06T10:22:52.887+0000] {processor.py:176} INFO - Processing /opt/airflow/dags/taskgroup_dag.py took 0.148 seconds
[2023-12-06T10:23:23.042+0000] {processor.py:154} INFO - Started process (PID=578) to work on /opt/airflow/dags/taskgroup_dag.py
[2023-12-06T10:23:23.043+0000] {processor.py:756} INFO - Processing file /opt/airflow/dags/taskgroup_dag.py for tasks to queue
[2023-12-06T10:23:23.043+0000] {logging_mixin.py:120} INFO - [2023-12-06T10:23:23.043+0000] {dagbag.py:537} INFO - Filling up the DagBag from /opt/airflow/dags/taskgroup_dag.py
[2023-12-06T10:23:23.066+0000] {processor.py:766} INFO - DAG(s) dict_keys(['taskgroup_dag']) retrieved from /opt/airflow/dags/taskgroup_dag.py
[2023-12-06T10:23:23.106+0000] {logging_mixin.py:120} INFO - [2023-12-06T10:23:23.106+0000] {dag.py:2585} INFO - Sync 1 DAGs
[2023-12-06T10:23:23.130+0000] {logging_mixin.py:120} INFO - [2023-12-06T10:23:23.130+0000] {dag.py:3340} INFO - Setting next_dagrun for taskgroup_dag to 2023-12-05T00:00:00+00:00, run_after=2023-12-06T00:00:00+00:00
[2023-12-06T10:23:23.153+0000] {processor.py:176} INFO - Processing /opt/airflow/dags/taskgroup_dag.py took 0.114 seconds
[2023-12-06T10:23:53.512+0000] {processor.py:154} INFO - Started process (PID=620) to work on /opt/airflow/dags/taskgroup_dag.py
[2023-12-06T10:23:53.513+0000] {processor.py:756} INFO - Processing file /opt/airflow/dags/taskgroup_dag.py for tasks to queue
[2023-12-06T10:23:53.513+0000] {logging_mixin.py:120} INFO - [2023-12-06T10:23:53.513+0000] {dagbag.py:537} INFO - Filling up the DagBag from /opt/airflow/dags/taskgroup_dag.py
[2023-12-06T10:23:53.530+0000] {processor.py:766} INFO - DAG(s) dict_keys(['taskgroup_dag']) retrieved from /opt/airflow/dags/taskgroup_dag.py
[2023-12-06T10:23:53.565+0000] {logging_mixin.py:120} INFO - [2023-12-06T10:23:53.565+0000] {dag.py:2585} INFO - Sync 1 DAGs
[2023-12-06T10:23:53.588+0000] {logging_mixin.py:120} INFO - [2023-12-06T10:23:53.587+0000] {dag.py:3340} INFO - Setting next_dagrun for taskgroup_dag to 2023-12-05T00:00:00+00:00, run_after=2023-12-06T00:00:00+00:00
[2023-12-06T10:23:53.610+0000] {processor.py:176} INFO - Processing /opt/airflow/dags/taskgroup_dag.py took 0.100 seconds
[2023-12-06T10:24:23.694+0000] {processor.py:154} INFO - Started process (PID=653) to work on /opt/airflow/dags/taskgroup_dag.py
[2023-12-06T10:24:23.695+0000] {processor.py:756} INFO - Processing file /opt/airflow/dags/taskgroup_dag.py for tasks to queue
[2023-12-06T10:24:23.696+0000] {logging_mixin.py:120} INFO - [2023-12-06T10:24:23.696+0000] {dagbag.py:537} INFO - Filling up the DagBag from /opt/airflow/dags/taskgroup_dag.py
[2023-12-06T10:24:23.717+0000] {processor.py:766} INFO - DAG(s) dict_keys(['taskgroup_dag']) retrieved from /opt/airflow/dags/taskgroup_dag.py
[2023-12-06T10:24:23.766+0000] {logging_mixin.py:120} INFO - [2023-12-06T10:24:23.766+0000] {dag.py:2585} INFO - Sync 1 DAGs
[2023-12-06T10:24:23.809+0000] {logging_mixin.py:120} INFO - [2023-12-06T10:24:23.808+0000] {dag.py:3340} INFO - Setting next_dagrun for taskgroup_dag to 2023-12-05T00:00:00+00:00, run_after=2023-12-06T00:00:00+00:00
[2023-12-06T10:24:23.837+0000] {processor.py:176} INFO - Processing /opt/airflow/dags/taskgroup_dag.py took 0.146 seconds
[2023-12-06T10:24:53.933+0000] {processor.py:154} INFO - Started process (PID=695) to work on /opt/airflow/dags/taskgroup_dag.py
[2023-12-06T10:24:53.934+0000] {processor.py:756} INFO - Processing file /opt/airflow/dags/taskgroup_dag.py for tasks to queue
[2023-12-06T10:24:53.934+0000] {logging_mixin.py:120} INFO - [2023-12-06T10:24:53.934+0000] {dagbag.py:537} INFO - Filling up the DagBag from /opt/airflow/dags/taskgroup_dag.py
[2023-12-06T10:24:53.951+0000] {processor.py:766} INFO - DAG(s) dict_keys(['taskgroup_dag']) retrieved from /opt/airflow/dags/taskgroup_dag.py
[2023-12-06T10:24:53.987+0000] {logging_mixin.py:120} INFO - [2023-12-06T10:24:53.987+0000] {dag.py:2585} INFO - Sync 1 DAGs
[2023-12-06T10:24:54.015+0000] {logging_mixin.py:120} INFO - [2023-12-06T10:24:54.015+0000] {dag.py:3340} INFO - Setting next_dagrun for taskgroup_dag to 2023-12-05T00:00:00+00:00, run_after=2023-12-06T00:00:00+00:00
[2023-12-06T10:24:54.044+0000] {processor.py:176} INFO - Processing /opt/airflow/dags/taskgroup_dag.py took 0.113 seconds
[2023-12-06T10:25:24.582+0000] {processor.py:154} INFO - Started process (PID=737) to work on /opt/airflow/dags/taskgroup_dag.py
[2023-12-06T10:25:24.583+0000] {processor.py:756} INFO - Processing file /opt/airflow/dags/taskgroup_dag.py for tasks to queue
[2023-12-06T10:25:24.584+0000] {logging_mixin.py:120} INFO - [2023-12-06T10:25:24.583+0000] {dagbag.py:537} INFO - Filling up the DagBag from /opt/airflow/dags/taskgroup_dag.py
[2023-12-06T10:25:24.600+0000] {processor.py:766} INFO - DAG(s) dict_keys(['taskgroup_dag']) retrieved from /opt/airflow/dags/taskgroup_dag.py
[2023-12-06T10:25:24.636+0000] {logging_mixin.py:120} INFO - [2023-12-06T10:25:24.636+0000] {dag.py:2585} INFO - Sync 1 DAGs
[2023-12-06T10:25:24.659+0000] {logging_mixin.py:120} INFO - [2023-12-06T10:25:24.659+0000] {dag.py:3340} INFO - Setting next_dagrun for taskgroup_dag to 2023-12-05T00:00:00+00:00, run_after=2023-12-06T00:00:00+00:00
[2023-12-06T10:25:24.681+0000] {processor.py:176} INFO - Processing /opt/airflow/dags/taskgroup_dag.py took 0.101 seconds
[2023-12-06T10:25:55.188+0000] {processor.py:154} INFO - Started process (PID=776) to work on /opt/airflow/dags/taskgroup_dag.py
[2023-12-06T10:25:55.189+0000] {processor.py:756} INFO - Processing file /opt/airflow/dags/taskgroup_dag.py for tasks to queue
[2023-12-06T10:25:55.190+0000] {logging_mixin.py:120} INFO - [2023-12-06T10:25:55.189+0000] {dagbag.py:537} INFO - Filling up the DagBag from /opt/airflow/dags/taskgroup_dag.py
[2023-12-06T10:25:55.216+0000] {processor.py:766} INFO - DAG(s) dict_keys(['taskgroup_dag']) retrieved from /opt/airflow/dags/taskgroup_dag.py
[2023-12-06T10:25:55.266+0000] {logging_mixin.py:120} INFO - [2023-12-06T10:25:55.266+0000] {dag.py:2585} INFO - Sync 1 DAGs
[2023-12-06T10:25:55.302+0000] {logging_mixin.py:120} INFO - [2023-12-06T10:25:55.302+0000] {dag.py:3340} INFO - Setting next_dagrun for taskgroup_dag to 2023-12-05T00:00:00+00:00, run_after=2023-12-06T00:00:00+00:00
[2023-12-06T10:25:55.330+0000] {processor.py:176} INFO - Processing /opt/airflow/dags/taskgroup_dag.py took 0.147 seconds
[2023-12-06T10:26:25.722+0000] {processor.py:154} INFO - Started process (PID=813) to work on /opt/airflow/dags/taskgroup_dag.py
[2023-12-06T10:26:25.723+0000] {processor.py:756} INFO - Processing file /opt/airflow/dags/taskgroup_dag.py for tasks to queue
[2023-12-06T10:26:25.723+0000] {logging_mixin.py:120} INFO - [2023-12-06T10:26:25.723+0000] {dagbag.py:537} INFO - Filling up the DagBag from /opt/airflow/dags/taskgroup_dag.py
[2023-12-06T10:26:25.739+0000] {processor.py:766} INFO - DAG(s) dict_keys(['taskgroup_dag']) retrieved from /opt/airflow/dags/taskgroup_dag.py
[2023-12-06T10:26:25.774+0000] {logging_mixin.py:120} INFO - [2023-12-06T10:26:25.774+0000] {dag.py:2585} INFO - Sync 1 DAGs
[2023-12-06T10:26:25.799+0000] {logging_mixin.py:120} INFO - [2023-12-06T10:26:25.798+0000] {dag.py:3340} INFO - Setting next_dagrun for taskgroup_dag to 2023-12-05T00:00:00+00:00, run_after=2023-12-06T00:00:00+00:00
[2023-12-06T10:26:25.820+0000] {processor.py:176} INFO - Processing /opt/airflow/dags/taskgroup_dag.py took 0.100 seconds
[2023-12-06T10:26:56.769+0000] {processor.py:154} INFO - Started process (PID=856) to work on /opt/airflow/dags/taskgroup_dag.py
[2023-12-06T10:26:56.770+0000] {processor.py:756} INFO - Processing file /opt/airflow/dags/taskgroup_dag.py for tasks to queue
[2023-12-06T10:26:56.770+0000] {logging_mixin.py:120} INFO - [2023-12-06T10:26:56.770+0000] {dagbag.py:537} INFO - Filling up the DagBag from /opt/airflow/dags/taskgroup_dag.py
[2023-12-06T10:26:56.786+0000] {processor.py:766} INFO - DAG(s) dict_keys(['taskgroup_dag']) retrieved from /opt/airflow/dags/taskgroup_dag.py
[2023-12-06T10:26:56.821+0000] {logging_mixin.py:120} INFO - [2023-12-06T10:26:56.821+0000] {dag.py:2585} INFO - Sync 1 DAGs
[2023-12-06T10:26:56.848+0000] {logging_mixin.py:120} INFO - [2023-12-06T10:26:56.847+0000] {dag.py:3340} INFO - Setting next_dagrun for taskgroup_dag to 2023-12-05T00:00:00+00:00, run_after=2023-12-06T00:00:00+00:00
[2023-12-06T10:26:56.868+0000] {processor.py:176} INFO - Processing /opt/airflow/dags/taskgroup_dag.py took 0.101 seconds
[2023-12-06T10:27:27.216+0000] {processor.py:154} INFO - Started process (PID=899) to work on /opt/airflow/dags/taskgroup_dag.py
[2023-12-06T10:27:27.217+0000] {processor.py:756} INFO - Processing file /opt/airflow/dags/taskgroup_dag.py for tasks to queue
[2023-12-06T10:27:27.218+0000] {logging_mixin.py:120} INFO - [2023-12-06T10:27:27.217+0000] {dagbag.py:537} INFO - Filling up the DagBag from /opt/airflow/dags/taskgroup_dag.py
[2023-12-06T10:27:27.234+0000] {processor.py:766} INFO - DAG(s) dict_keys(['taskgroup_dag']) retrieved from /opt/airflow/dags/taskgroup_dag.py
[2023-12-06T10:27:27.275+0000] {logging_mixin.py:120} INFO - [2023-12-06T10:27:27.274+0000] {dag.py:2585} INFO - Sync 1 DAGs
[2023-12-06T10:27:27.304+0000] {logging_mixin.py:120} INFO - [2023-12-06T10:27:27.303+0000] {dag.py:3340} INFO - Setting next_dagrun for taskgroup_dag to 2023-12-05T00:00:00+00:00, run_after=2023-12-06T00:00:00+00:00
[2023-12-06T10:27:27.340+0000] {processor.py:176} INFO - Processing /opt/airflow/dags/taskgroup_dag.py took 0.127 seconds
[2023-12-06T10:27:57.367+0000] {processor.py:154} INFO - Started process (PID=935) to work on /opt/airflow/dags/taskgroup_dag.py
[2023-12-06T10:27:57.367+0000] {processor.py:756} INFO - Processing file /opt/airflow/dags/taskgroup_dag.py for tasks to queue
[2023-12-06T10:27:57.368+0000] {logging_mixin.py:120} INFO - [2023-12-06T10:27:57.367+0000] {dagbag.py:537} INFO - Filling up the DagBag from /opt/airflow/dags/taskgroup_dag.py
[2023-12-06T10:27:57.387+0000] {processor.py:766} INFO - DAG(s) dict_keys(['taskgroup_dag']) retrieved from /opt/airflow/dags/taskgroup_dag.py
[2023-12-06T10:27:57.433+0000] {logging_mixin.py:120} INFO - [2023-12-06T10:27:57.433+0000] {dag.py:2585} INFO - Sync 1 DAGs
[2023-12-06T10:27:57.464+0000] {logging_mixin.py:120} INFO - [2023-12-06T10:27:57.464+0000] {dag.py:3340} INFO - Setting next_dagrun for taskgroup_dag to 2023-12-05T00:00:00+00:00, run_after=2023-12-06T00:00:00+00:00
[2023-12-06T10:27:57.485+0000] {processor.py:176} INFO - Processing /opt/airflow/dags/taskgroup_dag.py took 0.121 seconds
[2023-12-06T10:28:27.565+0000] {processor.py:154} INFO - Started process (PID=976) to work on /opt/airflow/dags/taskgroup_dag.py
[2023-12-06T10:28:27.566+0000] {processor.py:756} INFO - Processing file /opt/airflow/dags/taskgroup_dag.py for tasks to queue
[2023-12-06T10:28:27.566+0000] {logging_mixin.py:120} INFO - [2023-12-06T10:28:27.566+0000] {dagbag.py:537} INFO - Filling up the DagBag from /opt/airflow/dags/taskgroup_dag.py
[2023-12-06T10:28:27.582+0000] {processor.py:766} INFO - DAG(s) dict_keys(['taskgroup_dag']) retrieved from /opt/airflow/dags/taskgroup_dag.py
[2023-12-06T10:28:27.619+0000] {logging_mixin.py:120} INFO - [2023-12-06T10:28:27.619+0000] {dag.py:2585} INFO - Sync 1 DAGs
[2023-12-06T10:28:27.643+0000] {logging_mixin.py:120} INFO - [2023-12-06T10:28:27.643+0000] {dag.py:3340} INFO - Setting next_dagrun for taskgroup_dag to 2023-12-05T00:00:00+00:00, run_after=2023-12-06T00:00:00+00:00
[2023-12-06T10:28:27.664+0000] {processor.py:176} INFO - Processing /opt/airflow/dags/taskgroup_dag.py took 0.102 seconds
[2023-12-06T10:28:57.691+0000] {processor.py:154} INFO - Started process (PID=1020) to work on /opt/airflow/dags/taskgroup_dag.py
[2023-12-06T10:28:57.692+0000] {processor.py:756} INFO - Processing file /opt/airflow/dags/taskgroup_dag.py for tasks to queue
[2023-12-06T10:28:57.692+0000] {logging_mixin.py:120} INFO - [2023-12-06T10:28:57.692+0000] {dagbag.py:537} INFO - Filling up the DagBag from /opt/airflow/dags/taskgroup_dag.py
[2023-12-06T10:28:57.707+0000] {processor.py:766} INFO - DAG(s) dict_keys(['taskgroup_dag']) retrieved from /opt/airflow/dags/taskgroup_dag.py
[2023-12-06T10:28:57.748+0000] {logging_mixin.py:120} INFO - [2023-12-06T10:28:57.747+0000] {dag.py:2585} INFO - Sync 1 DAGs
[2023-12-06T10:28:57.779+0000] {logging_mixin.py:120} INFO - [2023-12-06T10:28:57.779+0000] {dag.py:3340} INFO - Setting next_dagrun for taskgroup_dag to 2023-12-05T00:00:00+00:00, run_after=2023-12-06T00:00:00+00:00
[2023-12-06T10:28:57.802+0000] {processor.py:176} INFO - Processing /opt/airflow/dags/taskgroup_dag.py took 0.113 seconds
[2023-12-06T20:11:03.852+0000] {processor.py:154} INFO - Started process (PID=52) to work on /opt/airflow/dags/taskgroup_dag.py
[2023-12-06T20:11:03.868+0000] {processor.py:756} INFO - Processing file /opt/airflow/dags/taskgroup_dag.py for tasks to queue
[2023-12-06T20:11:03.869+0000] {logging_mixin.py:120} INFO - [2023-12-06T20:11:03.869+0000] {dagbag.py:537} INFO - Filling up the DagBag from /opt/airflow/dags/taskgroup_dag.py
[2023-12-06T20:11:03.925+0000] {processor.py:766} INFO - DAG(s) dict_keys(['taskgroup_dag']) retrieved from /opt/airflow/dags/taskgroup_dag.py
[2023-12-06T20:11:04.071+0000] {logging_mixin.py:120} INFO - [2023-12-06T20:11:04.071+0000] {dag.py:2585} INFO - Sync 1 DAGs
[2023-12-06T20:11:04.209+0000] {logging_mixin.py:120} INFO - [2023-12-06T20:11:04.209+0000] {dag.py:3340} INFO - Setting next_dagrun for taskgroup_dag to 2023-12-05T00:00:00+00:00, run_after=2023-12-06T00:00:00+00:00
[2023-12-06T20:11:04.294+0000] {processor.py:176} INFO - Processing /opt/airflow/dags/taskgroup_dag.py took 0.446 seconds
[2023-12-06T20:11:34.574+0000] {processor.py:154} INFO - Started process (PID=83) to work on /opt/airflow/dags/taskgroup_dag.py
[2023-12-06T20:11:34.576+0000] {processor.py:756} INFO - Processing file /opt/airflow/dags/taskgroup_dag.py for tasks to queue
[2023-12-06T20:11:34.579+0000] {logging_mixin.py:120} INFO - [2023-12-06T20:11:34.579+0000] {dagbag.py:537} INFO - Filling up the DagBag from /opt/airflow/dags/taskgroup_dag.py
[2023-12-06T20:11:34.645+0000] {processor.py:766} INFO - DAG(s) dict_keys(['taskgroup_dag']) retrieved from /opt/airflow/dags/taskgroup_dag.py
[2023-12-06T20:11:34.870+0000] {logging_mixin.py:120} INFO - [2023-12-06T20:11:34.869+0000] {dag.py:2585} INFO - Sync 1 DAGs
[2023-12-06T20:11:35.140+0000] {logging_mixin.py:120} INFO - [2023-12-06T20:11:35.140+0000] {dag.py:3340} INFO - Setting next_dagrun for taskgroup_dag to 2023-12-05T00:00:00+00:00, run_after=2023-12-06T00:00:00+00:00
[2023-12-06T20:11:35.271+0000] {processor.py:176} INFO - Processing /opt/airflow/dags/taskgroup_dag.py took 0.714 seconds
[2023-12-06T20:12:05.977+0000] {processor.py:154} INFO - Started process (PID=118) to work on /opt/airflow/dags/taskgroup_dag.py
[2023-12-06T20:12:05.983+0000] {processor.py:756} INFO - Processing file /opt/airflow/dags/taskgroup_dag.py for tasks to queue
[2023-12-06T20:12:05.984+0000] {logging_mixin.py:120} INFO - [2023-12-06T20:12:05.984+0000] {dagbag.py:537} INFO - Filling up the DagBag from /opt/airflow/dags/taskgroup_dag.py
[2023-12-06T20:12:06.071+0000] {processor.py:766} INFO - DAG(s) dict_keys(['taskgroup_dag']) retrieved from /opt/airflow/dags/taskgroup_dag.py
[2023-12-06T20:12:06.252+0000] {logging_mixin.py:120} INFO - [2023-12-06T20:12:06.252+0000] {dag.py:2585} INFO - Sync 1 DAGs
[2023-12-06T20:12:06.595+0000] {logging_mixin.py:120} INFO - [2023-12-06T20:12:06.595+0000] {dag.py:3340} INFO - Setting next_dagrun for taskgroup_dag to 2023-12-05T00:00:00+00:00, run_after=2023-12-06T00:00:00+00:00
[2023-12-06T20:12:06.712+0000] {processor.py:176} INFO - Processing /opt/airflow/dags/taskgroup_dag.py took 0.749 seconds
[2023-12-06T20:12:37.376+0000] {processor.py:154} INFO - Started process (PID=152) to work on /opt/airflow/dags/taskgroup_dag.py
[2023-12-06T20:12:37.387+0000] {processor.py:756} INFO - Processing file /opt/airflow/dags/taskgroup_dag.py for tasks to queue
[2023-12-06T20:12:37.388+0000] {logging_mixin.py:120} INFO - [2023-12-06T20:12:37.388+0000] {dagbag.py:537} INFO - Filling up the DagBag from /opt/airflow/dags/taskgroup_dag.py
[2023-12-06T20:12:37.450+0000] {processor.py:766} INFO - DAG(s) dict_keys(['taskgroup_dag']) retrieved from /opt/airflow/dags/taskgroup_dag.py
[2023-12-06T20:12:37.724+0000] {logging_mixin.py:120} INFO - [2023-12-06T20:12:37.723+0000] {dag.py:2585} INFO - Sync 1 DAGs
[2023-12-06T20:12:37.786+0000] {logging_mixin.py:120} INFO - [2023-12-06T20:12:37.786+0000] {dag.py:3340} INFO - Setting next_dagrun for taskgroup_dag to 2023-12-05T00:00:00+00:00, run_after=2023-12-06T00:00:00+00:00
[2023-12-06T20:12:37.836+0000] {processor.py:176} INFO - Processing /opt/airflow/dags/taskgroup_dag.py took 0.466 seconds
[2023-12-06T20:13:07.972+0000] {processor.py:154} INFO - Started process (PID=194) to work on /opt/airflow/dags/taskgroup_dag.py
[2023-12-06T20:13:07.972+0000] {processor.py:756} INFO - Processing file /opt/airflow/dags/taskgroup_dag.py for tasks to queue
[2023-12-06T20:13:07.973+0000] {logging_mixin.py:120} INFO - [2023-12-06T20:13:07.973+0000] {dagbag.py:537} INFO - Filling up the DagBag from /opt/airflow/dags/taskgroup_dag.py
[2023-12-06T20:13:08.093+0000] {processor.py:766} INFO - DAG(s) dict_keys(['taskgroup_dag']) retrieved from /opt/airflow/dags/taskgroup_dag.py
[2023-12-06T20:13:08.285+0000] {logging_mixin.py:120} INFO - [2023-12-06T20:13:08.285+0000] {dag.py:2585} INFO - Sync 1 DAGs
[2023-12-06T20:13:08.476+0000] {logging_mixin.py:120} INFO - [2023-12-06T20:13:08.476+0000] {dag.py:3340} INFO - Setting next_dagrun for taskgroup_dag to 2023-12-05T00:00:00+00:00, run_after=2023-12-06T00:00:00+00:00
[2023-12-06T20:13:08.580+0000] {processor.py:176} INFO - Processing /opt/airflow/dags/taskgroup_dag.py took 0.617 seconds
[2023-12-06T20:13:38.682+0000] {processor.py:154} INFO - Started process (PID=230) to work on /opt/airflow/dags/taskgroup_dag.py
[2023-12-06T20:13:38.695+0000] {processor.py:756} INFO - Processing file /opt/airflow/dags/taskgroup_dag.py for tasks to queue
[2023-12-06T20:13:38.697+0000] {logging_mixin.py:120} INFO - [2023-12-06T20:13:38.697+0000] {dagbag.py:537} INFO - Filling up the DagBag from /opt/airflow/dags/taskgroup_dag.py
[2023-12-06T20:13:38.754+0000] {processor.py:766} INFO - DAG(s) dict_keys(['taskgroup_dag']) retrieved from /opt/airflow/dags/taskgroup_dag.py
[2023-12-06T20:13:38.825+0000] {logging_mixin.py:120} INFO - [2023-12-06T20:13:38.825+0000] {dag.py:2585} INFO - Sync 1 DAGs
[2023-12-06T20:13:38.887+0000] {logging_mixin.py:120} INFO - [2023-12-06T20:13:38.887+0000] {dag.py:3340} INFO - Setting next_dagrun for taskgroup_dag to 2023-12-05T00:00:00+00:00, run_after=2023-12-06T00:00:00+00:00
[2023-12-06T20:13:38.939+0000] {processor.py:176} INFO - Processing /opt/airflow/dags/taskgroup_dag.py took 0.260 seconds
[2023-12-06T20:14:09.834+0000] {processor.py:154} INFO - Started process (PID=263) to work on /opt/airflow/dags/taskgroup_dag.py
[2023-12-06T20:14:09.835+0000] {processor.py:756} INFO - Processing file /opt/airflow/dags/taskgroup_dag.py for tasks to queue
[2023-12-06T20:14:09.836+0000] {logging_mixin.py:120} INFO - [2023-12-06T20:14:09.836+0000] {dagbag.py:537} INFO - Filling up the DagBag from /opt/airflow/dags/taskgroup_dag.py
[2023-12-06T20:14:09.851+0000] {processor.py:766} INFO - DAG(s) dict_keys(['taskgroup_dag']) retrieved from /opt/airflow/dags/taskgroup_dag.py
[2023-12-06T20:14:09.885+0000] {logging_mixin.py:120} INFO - [2023-12-06T20:14:09.885+0000] {dag.py:2585} INFO - Sync 1 DAGs
[2023-12-06T20:14:09.911+0000] {logging_mixin.py:120} INFO - [2023-12-06T20:14:09.911+0000] {dag.py:3340} INFO - Setting next_dagrun for taskgroup_dag to 2023-12-05T00:00:00+00:00, run_after=2023-12-06T00:00:00+00:00
[2023-12-06T20:14:09.935+0000] {processor.py:176} INFO - Processing /opt/airflow/dags/taskgroup_dag.py took 0.103 seconds
[2023-12-06T20:14:40.579+0000] {processor.py:154} INFO - Started process (PID=297) to work on /opt/airflow/dags/taskgroup_dag.py
[2023-12-06T20:14:40.579+0000] {processor.py:756} INFO - Processing file /opt/airflow/dags/taskgroup_dag.py for tasks to queue
[2023-12-06T20:14:40.580+0000] {logging_mixin.py:120} INFO - [2023-12-06T20:14:40.580+0000] {dagbag.py:537} INFO - Filling up the DagBag from /opt/airflow/dags/taskgroup_dag.py
[2023-12-06T20:14:40.595+0000] {processor.py:766} INFO - DAG(s) dict_keys(['taskgroup_dag']) retrieved from /opt/airflow/dags/taskgroup_dag.py
[2023-12-06T20:14:40.629+0000] {logging_mixin.py:120} INFO - [2023-12-06T20:14:40.629+0000] {dag.py:2585} INFO - Sync 1 DAGs
[2023-12-06T20:14:40.654+0000] {logging_mixin.py:120} INFO - [2023-12-06T20:14:40.654+0000] {dag.py:3340} INFO - Setting next_dagrun for taskgroup_dag to 2023-12-05T00:00:00+00:00, run_after=2023-12-06T00:00:00+00:00
[2023-12-06T20:14:40.679+0000] {processor.py:176} INFO - Processing /opt/airflow/dags/taskgroup_dag.py took 0.102 seconds
[2023-12-06T20:15:11.147+0000] {processor.py:154} INFO - Started process (PID=338) to work on /opt/airflow/dags/taskgroup_dag.py
[2023-12-06T20:15:11.148+0000] {processor.py:756} INFO - Processing file /opt/airflow/dags/taskgroup_dag.py for tasks to queue
[2023-12-06T20:15:11.149+0000] {logging_mixin.py:120} INFO - [2023-12-06T20:15:11.149+0000] {dagbag.py:537} INFO - Filling up the DagBag from /opt/airflow/dags/taskgroup_dag.py
[2023-12-06T20:15:11.166+0000] {processor.py:766} INFO - DAG(s) dict_keys(['taskgroup_dag']) retrieved from /opt/airflow/dags/taskgroup_dag.py
[2023-12-06T20:15:11.202+0000] {logging_mixin.py:120} INFO - [2023-12-06T20:15:11.202+0000] {dag.py:2585} INFO - Sync 1 DAGs
[2023-12-06T20:15:11.227+0000] {logging_mixin.py:120} INFO - [2023-12-06T20:15:11.227+0000] {dag.py:3340} INFO - Setting next_dagrun for taskgroup_dag to 2023-12-05T00:00:00+00:00, run_after=2023-12-06T00:00:00+00:00
[2023-12-06T20:15:11.250+0000] {processor.py:176} INFO - Processing /opt/airflow/dags/taskgroup_dag.py took 0.105 seconds
[2023-12-06T20:15:41.790+0000] {processor.py:154} INFO - Started process (PID=377) to work on /opt/airflow/dags/taskgroup_dag.py
[2023-12-06T20:15:41.792+0000] {processor.py:756} INFO - Processing file /opt/airflow/dags/taskgroup_dag.py for tasks to queue
[2023-12-06T20:15:41.793+0000] {logging_mixin.py:120} INFO - [2023-12-06T20:15:41.792+0000] {dagbag.py:537} INFO - Filling up the DagBag from /opt/airflow/dags/taskgroup_dag.py
[2023-12-06T20:15:41.846+0000] {processor.py:766} INFO - DAG(s) dict_keys(['taskgroup_dag']) retrieved from /opt/airflow/dags/taskgroup_dag.py
[2023-12-06T20:15:41.917+0000] {logging_mixin.py:120} INFO - [2023-12-06T20:15:41.917+0000] {dag.py:2585} INFO - Sync 1 DAGs
[2023-12-06T20:15:41.953+0000] {logging_mixin.py:120} INFO - [2023-12-06T20:15:41.953+0000] {dag.py:3340} INFO - Setting next_dagrun for taskgroup_dag to 2023-12-05T00:00:00+00:00, run_after=2023-12-06T00:00:00+00:00
[2023-12-06T20:15:41.984+0000] {processor.py:176} INFO - Processing /opt/airflow/dags/taskgroup_dag.py took 0.197 seconds
[2023-12-06T20:16:12.715+0000] {processor.py:154} INFO - Started process (PID=412) to work on /opt/airflow/dags/taskgroup_dag.py
[2023-12-06T20:16:12.715+0000] {processor.py:756} INFO - Processing file /opt/airflow/dags/taskgroup_dag.py for tasks to queue
[2023-12-06T20:16:12.716+0000] {logging_mixin.py:120} INFO - [2023-12-06T20:16:12.716+0000] {dagbag.py:537} INFO - Filling up the DagBag from /opt/airflow/dags/taskgroup_dag.py
[2023-12-06T20:16:12.731+0000] {processor.py:766} INFO - DAG(s) dict_keys(['taskgroup_dag']) retrieved from /opt/airflow/dags/taskgroup_dag.py
[2023-12-06T20:16:12.764+0000] {logging_mixin.py:120} INFO - [2023-12-06T20:16:12.764+0000] {dag.py:2585} INFO - Sync 1 DAGs
[2023-12-06T20:16:12.785+0000] {logging_mixin.py:120} INFO - [2023-12-06T20:16:12.785+0000] {dag.py:3340} INFO - Setting next_dagrun for taskgroup_dag to 2023-12-05T00:00:00+00:00, run_after=2023-12-06T00:00:00+00:00
[2023-12-06T20:16:12.808+0000] {processor.py:176} INFO - Processing /opt/airflow/dags/taskgroup_dag.py took 0.097 seconds
[2023-12-06T20:16:42.850+0000] {processor.py:154} INFO - Started process (PID=454) to work on /opt/airflow/dags/taskgroup_dag.py
[2023-12-06T20:16:42.851+0000] {processor.py:756} INFO - Processing file /opt/airflow/dags/taskgroup_dag.py for tasks to queue
[2023-12-06T20:16:42.852+0000] {logging_mixin.py:120} INFO - [2023-12-06T20:16:42.852+0000] {dagbag.py:537} INFO - Filling up the DagBag from /opt/airflow/dags/taskgroup_dag.py
[2023-12-06T20:16:42.868+0000] {processor.py:766} INFO - DAG(s) dict_keys(['taskgroup_dag']) retrieved from /opt/airflow/dags/taskgroup_dag.py
[2023-12-06T20:16:42.900+0000] {logging_mixin.py:120} INFO - [2023-12-06T20:16:42.900+0000] {dag.py:2585} INFO - Sync 1 DAGs
[2023-12-06T20:16:42.921+0000] {logging_mixin.py:120} INFO - [2023-12-06T20:16:42.921+0000] {dag.py:3340} INFO - Setting next_dagrun for taskgroup_dag to 2023-12-05T00:00:00+00:00, run_after=2023-12-06T00:00:00+00:00
[2023-12-06T20:16:42.943+0000] {processor.py:176} INFO - Processing /opt/airflow/dags/taskgroup_dag.py took 0.095 seconds
[2023-12-06T20:17:13.275+0000] {processor.py:154} INFO - Started process (PID=496) to work on /opt/airflow/dags/taskgroup_dag.py
[2023-12-06T20:17:13.276+0000] {processor.py:756} INFO - Processing file /opt/airflow/dags/taskgroup_dag.py for tasks to queue
[2023-12-06T20:17:13.277+0000] {logging_mixin.py:120} INFO - [2023-12-06T20:17:13.277+0000] {dagbag.py:537} INFO - Filling up the DagBag from /opt/airflow/dags/taskgroup_dag.py
[2023-12-06T20:17:13.301+0000] {processor.py:766} INFO - DAG(s) dict_keys(['taskgroup_dag']) retrieved from /opt/airflow/dags/taskgroup_dag.py
[2023-12-06T20:17:13.349+0000] {logging_mixin.py:120} INFO - [2023-12-06T20:17:13.349+0000] {dag.py:2585} INFO - Sync 1 DAGs
[2023-12-06T20:17:13.411+0000] {logging_mixin.py:120} INFO - [2023-12-06T20:17:13.411+0000] {dag.py:3340} INFO - Setting next_dagrun for taskgroup_dag to 2023-12-05T00:00:00+00:00, run_after=2023-12-06T00:00:00+00:00
[2023-12-06T20:17:13.440+0000] {processor.py:176} INFO - Processing /opt/airflow/dags/taskgroup_dag.py took 0.168 seconds
[2023-12-06T20:17:43.977+0000] {processor.py:154} INFO - Started process (PID=528) to work on /opt/airflow/dags/taskgroup_dag.py
[2023-12-06T20:17:43.978+0000] {processor.py:756} INFO - Processing file /opt/airflow/dags/taskgroup_dag.py for tasks to queue
[2023-12-06T20:17:43.978+0000] {logging_mixin.py:120} INFO - [2023-12-06T20:17:43.978+0000] {dagbag.py:537} INFO - Filling up the DagBag from /opt/airflow/dags/taskgroup_dag.py
[2023-12-06T20:17:43.993+0000] {processor.py:766} INFO - DAG(s) dict_keys(['taskgroup_dag']) retrieved from /opt/airflow/dags/taskgroup_dag.py
[2023-12-06T20:17:44.025+0000] {logging_mixin.py:120} INFO - [2023-12-06T20:17:44.025+0000] {dag.py:2585} INFO - Sync 1 DAGs
[2023-12-06T20:17:44.048+0000] {logging_mixin.py:120} INFO - [2023-12-06T20:17:44.047+0000] {dag.py:3340} INFO - Setting next_dagrun for taskgroup_dag to 2023-12-05T00:00:00+00:00, run_after=2023-12-06T00:00:00+00:00
[2023-12-06T20:17:44.072+0000] {processor.py:176} INFO - Processing /opt/airflow/dags/taskgroup_dag.py took 0.098 seconds
[2023-12-06T20:18:14.813+0000] {processor.py:154} INFO - Started process (PID=571) to work on /opt/airflow/dags/taskgroup_dag.py
[2023-12-06T20:18:14.814+0000] {processor.py:756} INFO - Processing file /opt/airflow/dags/taskgroup_dag.py for tasks to queue
[2023-12-06T20:18:14.814+0000] {logging_mixin.py:120} INFO - [2023-12-06T20:18:14.814+0000] {dagbag.py:537} INFO - Filling up the DagBag from /opt/airflow/dags/taskgroup_dag.py
[2023-12-06T20:18:14.829+0000] {processor.py:766} INFO - DAG(s) dict_keys(['taskgroup_dag']) retrieved from /opt/airflow/dags/taskgroup_dag.py
[2023-12-06T20:18:14.873+0000] {logging_mixin.py:120} INFO - [2023-12-06T20:18:14.872+0000] {dag.py:2585} INFO - Sync 1 DAGs
[2023-12-06T20:18:14.906+0000] {logging_mixin.py:120} INFO - [2023-12-06T20:18:14.906+0000] {dag.py:3340} INFO - Setting next_dagrun for taskgroup_dag to 2023-12-05T00:00:00+00:00, run_after=2023-12-06T00:00:00+00:00
[2023-12-06T20:18:14.933+0000] {processor.py:176} INFO - Processing /opt/airflow/dags/taskgroup_dag.py took 0.122 seconds
[2023-12-06T20:18:45.035+0000] {processor.py:154} INFO - Started process (PID=614) to work on /opt/airflow/dags/taskgroup_dag.py
[2023-12-06T20:18:45.037+0000] {processor.py:756} INFO - Processing file /opt/airflow/dags/taskgroup_dag.py for tasks to queue
[2023-12-06T20:18:45.039+0000] {logging_mixin.py:120} INFO - [2023-12-06T20:18:45.038+0000] {dagbag.py:537} INFO - Filling up the DagBag from /opt/airflow/dags/taskgroup_dag.py
[2023-12-06T20:18:45.058+0000] {processor.py:766} INFO - DAG(s) dict_keys(['taskgroup_dag']) retrieved from /opt/airflow/dags/taskgroup_dag.py
[2023-12-06T20:18:45.091+0000] {logging_mixin.py:120} INFO - [2023-12-06T20:18:45.091+0000] {dag.py:2585} INFO - Sync 1 DAGs
[2023-12-06T20:18:45.115+0000] {logging_mixin.py:120} INFO - [2023-12-06T20:18:45.114+0000] {dag.py:3340} INFO - Setting next_dagrun for taskgroup_dag to 2023-12-05T00:00:00+00:00, run_after=2023-12-06T00:00:00+00:00
[2023-12-06T20:18:45.135+0000] {processor.py:176} INFO - Processing /opt/airflow/dags/taskgroup_dag.py took 0.104 seconds
[2023-12-06T20:19:16.060+0000] {processor.py:154} INFO - Started process (PID=647) to work on /opt/airflow/dags/taskgroup_dag.py
[2023-12-06T20:19:16.061+0000] {processor.py:756} INFO - Processing file /opt/airflow/dags/taskgroup_dag.py for tasks to queue
[2023-12-06T20:19:16.061+0000] {logging_mixin.py:120} INFO - [2023-12-06T20:19:16.061+0000] {dagbag.py:537} INFO - Filling up the DagBag from /opt/airflow/dags/taskgroup_dag.py
[2023-12-06T20:19:16.092+0000] {processor.py:766} INFO - DAG(s) dict_keys(['taskgroup_dag']) retrieved from /opt/airflow/dags/taskgroup_dag.py
[2023-12-06T20:19:16.150+0000] {logging_mixin.py:120} INFO - [2023-12-06T20:19:16.149+0000] {dag.py:2585} INFO - Sync 1 DAGs
[2023-12-06T20:19:16.186+0000] {logging_mixin.py:120} INFO - [2023-12-06T20:19:16.186+0000] {dag.py:3340} INFO - Setting next_dagrun for taskgroup_dag to 2023-12-05T00:00:00+00:00, run_after=2023-12-06T00:00:00+00:00
[2023-12-06T20:19:16.213+0000] {processor.py:176} INFO - Processing /opt/airflow/dags/taskgroup_dag.py took 0.157 seconds
[2023-12-06T20:19:46.976+0000] {processor.py:154} INFO - Started process (PID=690) to work on /opt/airflow/dags/taskgroup_dag.py
[2023-12-06T20:19:46.976+0000] {processor.py:756} INFO - Processing file /opt/airflow/dags/taskgroup_dag.py for tasks to queue
[2023-12-06T20:19:46.977+0000] {logging_mixin.py:120} INFO - [2023-12-06T20:19:46.977+0000] {dagbag.py:537} INFO - Filling up the DagBag from /opt/airflow/dags/taskgroup_dag.py
[2023-12-06T20:19:46.991+0000] {processor.py:766} INFO - DAG(s) dict_keys(['taskgroup_dag']) retrieved from /opt/airflow/dags/taskgroup_dag.py
[2023-12-06T20:19:47.025+0000] {logging_mixin.py:120} INFO - [2023-12-06T20:19:47.024+0000] {dag.py:2585} INFO - Sync 1 DAGs
[2023-12-06T20:19:47.048+0000] {logging_mixin.py:120} INFO - [2023-12-06T20:19:47.048+0000] {dag.py:3340} INFO - Setting next_dagrun for taskgroup_dag to 2023-12-05T00:00:00+00:00, run_after=2023-12-06T00:00:00+00:00
[2023-12-06T20:19:47.069+0000] {processor.py:176} INFO - Processing /opt/airflow/dags/taskgroup_dag.py took 0.096 seconds
[2023-12-06T20:20:17.668+0000] {processor.py:154} INFO - Started process (PID=735) to work on /opt/airflow/dags/taskgroup_dag.py
[2023-12-06T20:20:17.669+0000] {processor.py:756} INFO - Processing file /opt/airflow/dags/taskgroup_dag.py for tasks to queue
[2023-12-06T20:20:17.670+0000] {logging_mixin.py:120} INFO - [2023-12-06T20:20:17.669+0000] {dagbag.py:537} INFO - Filling up the DagBag from /opt/airflow/dags/taskgroup_dag.py
[2023-12-06T20:20:17.696+0000] {processor.py:766} INFO - DAG(s) dict_keys(['taskgroup_dag']) retrieved from /opt/airflow/dags/taskgroup_dag.py
[2023-12-06T20:20:17.751+0000] {logging_mixin.py:120} INFO - [2023-12-06T20:20:17.751+0000] {dag.py:2585} INFO - Sync 1 DAGs
[2023-12-06T20:20:17.787+0000] {logging_mixin.py:120} INFO - [2023-12-06T20:20:17.786+0000] {dag.py:3340} INFO - Setting next_dagrun for taskgroup_dag to 2023-12-05T00:00:00+00:00, run_after=2023-12-06T00:00:00+00:00
[2023-12-06T20:20:17.813+0000] {processor.py:176} INFO - Processing /opt/airflow/dags/taskgroup_dag.py took 0.148 seconds
[2023-12-06T20:20:47.997+0000] {processor.py:154} INFO - Started process (PID=778) to work on /opt/airflow/dags/taskgroup_dag.py
[2023-12-06T20:20:47.998+0000] {processor.py:756} INFO - Processing file /opt/airflow/dags/taskgroup_dag.py for tasks to queue
[2023-12-06T20:20:47.998+0000] {logging_mixin.py:120} INFO - [2023-12-06T20:20:47.998+0000] {dagbag.py:537} INFO - Filling up the DagBag from /opt/airflow/dags/taskgroup_dag.py
[2023-12-06T20:20:48.021+0000] {processor.py:766} INFO - DAG(s) dict_keys(['taskgroup_dag']) retrieved from /opt/airflow/dags/taskgroup_dag.py
[2023-12-06T20:20:48.072+0000] {logging_mixin.py:120} INFO - [2023-12-06T20:20:48.072+0000] {dag.py:2585} INFO - Sync 1 DAGs
[2023-12-06T20:20:48.112+0000] {logging_mixin.py:120} INFO - [2023-12-06T20:20:48.112+0000] {dag.py:3340} INFO - Setting next_dagrun for taskgroup_dag to 2023-12-05T00:00:00+00:00, run_after=2023-12-06T00:00:00+00:00
[2023-12-06T20:20:48.139+0000] {processor.py:176} INFO - Processing /opt/airflow/dags/taskgroup_dag.py took 0.146 seconds
[2023-12-06T20:21:18.621+0000] {processor.py:154} INFO - Started process (PID=811) to work on /opt/airflow/dags/taskgroup_dag.py
[2023-12-06T20:21:18.622+0000] {processor.py:756} INFO - Processing file /opt/airflow/dags/taskgroup_dag.py for tasks to queue
[2023-12-06T20:21:18.623+0000] {logging_mixin.py:120} INFO - [2023-12-06T20:21:18.622+0000] {dagbag.py:537} INFO - Filling up the DagBag from /opt/airflow/dags/taskgroup_dag.py
[2023-12-06T20:21:18.637+0000] {processor.py:766} INFO - DAG(s) dict_keys(['taskgroup_dag']) retrieved from /opt/airflow/dags/taskgroup_dag.py
[2023-12-06T20:21:18.680+0000] {logging_mixin.py:120} INFO - [2023-12-06T20:21:18.680+0000] {dag.py:2585} INFO - Sync 1 DAGs
[2023-12-06T20:21:18.702+0000] {logging_mixin.py:120} INFO - [2023-12-06T20:21:18.702+0000] {dag.py:3340} INFO - Setting next_dagrun for taskgroup_dag to 2023-12-05T00:00:00+00:00, run_after=2023-12-06T00:00:00+00:00
[2023-12-06T20:21:18.724+0000] {processor.py:176} INFO - Processing /opt/airflow/dags/taskgroup_dag.py took 0.105 seconds
[2023-12-06T20:21:48.941+0000] {processor.py:154} INFO - Started process (PID=852) to work on /opt/airflow/dags/taskgroup_dag.py
[2023-12-06T20:21:48.942+0000] {processor.py:756} INFO - Processing file /opt/airflow/dags/taskgroup_dag.py for tasks to queue
[2023-12-06T20:21:48.942+0000] {logging_mixin.py:120} INFO - [2023-12-06T20:21:48.942+0000] {dagbag.py:537} INFO - Filling up the DagBag from /opt/airflow/dags/taskgroup_dag.py
[2023-12-06T20:21:48.962+0000] {processor.py:766} INFO - DAG(s) dict_keys(['taskgroup_dag']) retrieved from /opt/airflow/dags/taskgroup_dag.py
[2023-12-06T20:21:49.025+0000] {logging_mixin.py:120} INFO - [2023-12-06T20:21:49.025+0000] {dag.py:2585} INFO - Sync 1 DAGs
[2023-12-06T20:21:49.060+0000] {logging_mixin.py:120} INFO - [2023-12-06T20:21:49.060+0000] {dag.py:3340} INFO - Setting next_dagrun for taskgroup_dag to 2023-12-05T00:00:00+00:00, run_after=2023-12-06T00:00:00+00:00
[2023-12-06T20:21:49.086+0000] {processor.py:176} INFO - Processing /opt/airflow/dags/taskgroup_dag.py took 0.147 seconds
[2023-12-06T20:22:19.539+0000] {processor.py:154} INFO - Started process (PID=891) to work on /opt/airflow/dags/taskgroup_dag.py
[2023-12-06T20:22:19.540+0000] {processor.py:756} INFO - Processing file /opt/airflow/dags/taskgroup_dag.py for tasks to queue
[2023-12-06T20:22:19.541+0000] {logging_mixin.py:120} INFO - [2023-12-06T20:22:19.541+0000] {dagbag.py:537} INFO - Filling up the DagBag from /opt/airflow/dags/taskgroup_dag.py
[2023-12-06T20:22:19.592+0000] {processor.py:766} INFO - DAG(s) dict_keys(['taskgroup_dag']) retrieved from /opt/airflow/dags/taskgroup_dag.py
[2023-12-06T20:22:19.677+0000] {logging_mixin.py:120} INFO - [2023-12-06T20:22:19.677+0000] {dag.py:2585} INFO - Sync 1 DAGs
[2023-12-06T20:22:19.744+0000] {logging_mixin.py:120} INFO - [2023-12-06T20:22:19.744+0000] {dag.py:3340} INFO - Setting next_dagrun for taskgroup_dag to 2023-12-05T00:00:00+00:00, run_after=2023-12-06T00:00:00+00:00
[2023-12-06T20:22:19.788+0000] {processor.py:176} INFO - Processing /opt/airflow/dags/taskgroup_dag.py took 0.254 seconds
[2023-12-06T20:22:50.006+0000] {processor.py:154} INFO - Started process (PID=927) to work on /opt/airflow/dags/taskgroup_dag.py
[2023-12-06T20:22:50.007+0000] {processor.py:756} INFO - Processing file /opt/airflow/dags/taskgroup_dag.py for tasks to queue
[2023-12-06T20:22:50.008+0000] {logging_mixin.py:120} INFO - [2023-12-06T20:22:50.008+0000] {dagbag.py:537} INFO - Filling up the DagBag from /opt/airflow/dags/taskgroup_dag.py
[2023-12-06T20:22:50.031+0000] {processor.py:766} INFO - DAG(s) dict_keys(['taskgroup_dag']) retrieved from /opt/airflow/dags/taskgroup_dag.py
[2023-12-06T20:22:50.115+0000] {logging_mixin.py:120} INFO - [2023-12-06T20:22:50.115+0000] {dag.py:2585} INFO - Sync 1 DAGs
[2023-12-06T20:22:50.153+0000] {logging_mixin.py:120} INFO - [2023-12-06T20:22:50.153+0000] {dag.py:3340} INFO - Setting next_dagrun for taskgroup_dag to 2023-12-05T00:00:00+00:00, run_after=2023-12-06T00:00:00+00:00
[2023-12-06T20:22:50.178+0000] {processor.py:176} INFO - Processing /opt/airflow/dags/taskgroup_dag.py took 0.176 seconds
[2023-12-06T20:23:20.821+0000] {processor.py:154} INFO - Started process (PID=967) to work on /opt/airflow/dags/taskgroup_dag.py
[2023-12-06T20:23:20.831+0000] {processor.py:756} INFO - Processing file /opt/airflow/dags/taskgroup_dag.py for tasks to queue
[2023-12-06T20:23:20.832+0000] {logging_mixin.py:120} INFO - [2023-12-06T20:23:20.832+0000] {dagbag.py:537} INFO - Filling up the DagBag from /opt/airflow/dags/taskgroup_dag.py
[2023-12-06T20:23:20.904+0000] {processor.py:766} INFO - DAG(s) dict_keys(['taskgroup_dag']) retrieved from /opt/airflow/dags/taskgroup_dag.py
[2023-12-06T20:23:21.007+0000] {logging_mixin.py:120} INFO - [2023-12-06T20:23:21.007+0000] {dag.py:2585} INFO - Sync 1 DAGs
[2023-12-06T20:23:21.074+0000] {logging_mixin.py:120} INFO - [2023-12-06T20:23:21.074+0000] {dag.py:3340} INFO - Setting next_dagrun for taskgroup_dag to 2023-12-05T00:00:00+00:00, run_after=2023-12-06T00:00:00+00:00
[2023-12-06T20:23:21.116+0000] {processor.py:176} INFO - Processing /opt/airflow/dags/taskgroup_dag.py took 0.298 seconds
[2023-12-06T20:23:51.271+0000] {processor.py:154} INFO - Started process (PID=1000) to work on /opt/airflow/dags/taskgroup_dag.py
[2023-12-06T20:23:51.276+0000] {processor.py:756} INFO - Processing file /opt/airflow/dags/taskgroup_dag.py for tasks to queue
[2023-12-06T20:23:51.278+0000] {logging_mixin.py:120} INFO - [2023-12-06T20:23:51.278+0000] {dagbag.py:537} INFO - Filling up the DagBag from /opt/airflow/dags/taskgroup_dag.py
[2023-12-06T20:23:51.317+0000] {processor.py:766} INFO - DAG(s) dict_keys(['taskgroup_dag']) retrieved from /opt/airflow/dags/taskgroup_dag.py
[2023-12-06T20:23:51.403+0000] {logging_mixin.py:120} INFO - [2023-12-06T20:23:51.403+0000] {dag.py:2585} INFO - Sync 1 DAGs
[2023-12-06T20:23:51.461+0000] {logging_mixin.py:120} INFO - [2023-12-06T20:23:51.461+0000] {dag.py:3340} INFO - Setting next_dagrun for taskgroup_dag to 2023-12-05T00:00:00+00:00, run_after=2023-12-06T00:00:00+00:00
[2023-12-06T20:23:51.518+0000] {processor.py:176} INFO - Processing /opt/airflow/dags/taskgroup_dag.py took 0.250 seconds
[2023-12-06T20:24:21.573+0000] {processor.py:154} INFO - Started process (PID=1043) to work on /opt/airflow/dags/taskgroup_dag.py
[2023-12-06T20:24:21.574+0000] {processor.py:756} INFO - Processing file /opt/airflow/dags/taskgroup_dag.py for tasks to queue
[2023-12-06T20:24:21.574+0000] {logging_mixin.py:120} INFO - [2023-12-06T20:24:21.574+0000] {dagbag.py:537} INFO - Filling up the DagBag from /opt/airflow/dags/taskgroup_dag.py
[2023-12-06T20:24:21.589+0000] {processor.py:766} INFO - DAG(s) dict_keys(['taskgroup_dag']) retrieved from /opt/airflow/dags/taskgroup_dag.py
[2023-12-06T20:24:21.624+0000] {logging_mixin.py:120} INFO - [2023-12-06T20:24:21.624+0000] {dag.py:2585} INFO - Sync 1 DAGs
[2023-12-06T20:24:21.647+0000] {logging_mixin.py:120} INFO - [2023-12-06T20:24:21.647+0000] {dag.py:3340} INFO - Setting next_dagrun for taskgroup_dag to 2023-12-05T00:00:00+00:00, run_after=2023-12-06T00:00:00+00:00
[2023-12-06T20:24:21.669+0000] {processor.py:176} INFO - Processing /opt/airflow/dags/taskgroup_dag.py took 0.099 seconds
[2023-12-06T20:24:51.742+0000] {processor.py:154} INFO - Started process (PID=1084) to work on /opt/airflow/dags/taskgroup_dag.py
[2023-12-06T20:24:51.743+0000] {processor.py:756} INFO - Processing file /opt/airflow/dags/taskgroup_dag.py for tasks to queue
[2023-12-06T20:24:51.743+0000] {logging_mixin.py:120} INFO - [2023-12-06T20:24:51.743+0000] {dagbag.py:537} INFO - Filling up the DagBag from /opt/airflow/dags/taskgroup_dag.py
[2023-12-06T20:24:51.783+0000] {processor.py:766} INFO - DAG(s) dict_keys(['taskgroup_dag']) retrieved from /opt/airflow/dags/taskgroup_dag.py
[2023-12-06T20:24:51.875+0000] {logging_mixin.py:120} INFO - [2023-12-06T20:24:51.874+0000] {dag.py:2585} INFO - Sync 1 DAGs
[2023-12-06T20:24:51.942+0000] {logging_mixin.py:120} INFO - [2023-12-06T20:24:51.942+0000] {dag.py:3340} INFO - Setting next_dagrun for taskgroup_dag to 2023-12-05T00:00:00+00:00, run_after=2023-12-06T00:00:00+00:00
[2023-12-06T20:24:51.978+0000] {processor.py:176} INFO - Processing /opt/airflow/dags/taskgroup_dag.py took 0.252 seconds
[2023-12-06T20:25:22.028+0000] {processor.py:154} INFO - Started process (PID=1117) to work on /opt/airflow/dags/taskgroup_dag.py
[2023-12-06T20:25:22.029+0000] {processor.py:756} INFO - Processing file /opt/airflow/dags/taskgroup_dag.py for tasks to queue
[2023-12-06T20:25:22.029+0000] {logging_mixin.py:120} INFO - [2023-12-06T20:25:22.029+0000] {dagbag.py:537} INFO - Filling up the DagBag from /opt/airflow/dags/taskgroup_dag.py
[2023-12-06T20:25:22.051+0000] {processor.py:766} INFO - DAG(s) dict_keys(['taskgroup_dag']) retrieved from /opt/airflow/dags/taskgroup_dag.py
[2023-12-06T20:25:22.107+0000] {logging_mixin.py:120} INFO - [2023-12-06T20:25:22.107+0000] {dag.py:2585} INFO - Sync 1 DAGs
[2023-12-06T20:25:22.142+0000] {logging_mixin.py:120} INFO - [2023-12-06T20:25:22.142+0000] {dag.py:3340} INFO - Setting next_dagrun for taskgroup_dag to 2023-12-05T00:00:00+00:00, run_after=2023-12-06T00:00:00+00:00
[2023-12-06T20:25:22.185+0000] {processor.py:176} INFO - Processing /opt/airflow/dags/taskgroup_dag.py took 0.161 seconds
[2023-12-06T20:25:52.276+0000] {processor.py:154} INFO - Started process (PID=1159) to work on /opt/airflow/dags/taskgroup_dag.py
[2023-12-06T20:25:52.277+0000] {processor.py:756} INFO - Processing file /opt/airflow/dags/taskgroup_dag.py for tasks to queue
[2023-12-06T20:25:52.277+0000] {logging_mixin.py:120} INFO - [2023-12-06T20:25:52.277+0000] {dagbag.py:537} INFO - Filling up the DagBag from /opt/airflow/dags/taskgroup_dag.py
[2023-12-06T20:25:52.292+0000] {processor.py:766} INFO - DAG(s) dict_keys(['taskgroup_dag']) retrieved from /opt/airflow/dags/taskgroup_dag.py
[2023-12-06T20:25:52.328+0000] {logging_mixin.py:120} INFO - [2023-12-06T20:25:52.327+0000] {dag.py:2585} INFO - Sync 1 DAGs
[2023-12-06T20:25:52.358+0000] {logging_mixin.py:120} INFO - [2023-12-06T20:25:52.357+0000] {dag.py:3340} INFO - Setting next_dagrun for taskgroup_dag to 2023-12-05T00:00:00+00:00, run_after=2023-12-06T00:00:00+00:00
[2023-12-06T20:25:52.378+0000] {processor.py:176} INFO - Processing /opt/airflow/dags/taskgroup_dag.py took 0.105 seconds
[2023-12-06T20:26:22.749+0000] {processor.py:154} INFO - Started process (PID=1202) to work on /opt/airflow/dags/taskgroup_dag.py
[2023-12-06T20:26:22.750+0000] {processor.py:756} INFO - Processing file /opt/airflow/dags/taskgroup_dag.py for tasks to queue
[2023-12-06T20:26:22.750+0000] {logging_mixin.py:120} INFO - [2023-12-06T20:26:22.750+0000] {dagbag.py:537} INFO - Filling up the DagBag from /opt/airflow/dags/taskgroup_dag.py
[2023-12-06T20:26:22.765+0000] {processor.py:766} INFO - DAG(s) dict_keys(['taskgroup_dag']) retrieved from /opt/airflow/dags/taskgroup_dag.py
[2023-12-06T20:26:22.798+0000] {logging_mixin.py:120} INFO - [2023-12-06T20:26:22.798+0000] {dag.py:2585} INFO - Sync 1 DAGs
[2023-12-06T20:26:22.820+0000] {logging_mixin.py:120} INFO - [2023-12-06T20:26:22.820+0000] {dag.py:3340} INFO - Setting next_dagrun for taskgroup_dag to 2023-12-05T00:00:00+00:00, run_after=2023-12-06T00:00:00+00:00
[2023-12-06T20:26:22.841+0000] {processor.py:176} INFO - Processing /opt/airflow/dags/taskgroup_dag.py took 0.094 seconds
[2023-12-06T20:26:52.889+0000] {processor.py:154} INFO - Started process (PID=1236) to work on /opt/airflow/dags/taskgroup_dag.py
[2023-12-06T20:26:52.890+0000] {processor.py:756} INFO - Processing file /opt/airflow/dags/taskgroup_dag.py for tasks to queue
[2023-12-06T20:26:52.890+0000] {logging_mixin.py:120} INFO - [2023-12-06T20:26:52.890+0000] {dagbag.py:537} INFO - Filling up the DagBag from /opt/airflow/dags/taskgroup_dag.py
[2023-12-06T20:26:52.906+0000] {processor.py:766} INFO - DAG(s) dict_keys(['taskgroup_dag']) retrieved from /opt/airflow/dags/taskgroup_dag.py
[2023-12-06T20:26:52.939+0000] {logging_mixin.py:120} INFO - [2023-12-06T20:26:52.939+0000] {dag.py:2585} INFO - Sync 1 DAGs
[2023-12-06T20:26:52.961+0000] {logging_mixin.py:120} INFO - [2023-12-06T20:26:52.961+0000] {dag.py:3340} INFO - Setting next_dagrun for taskgroup_dag to 2023-12-05T00:00:00+00:00, run_after=2023-12-06T00:00:00+00:00
[2023-12-06T20:26:52.982+0000] {processor.py:176} INFO - Processing /opt/airflow/dags/taskgroup_dag.py took 0.095 seconds
[2023-12-06T20:27:23.232+0000] {processor.py:154} INFO - Started process (PID=1277) to work on /opt/airflow/dags/taskgroup_dag.py
[2023-12-06T20:27:23.233+0000] {processor.py:756} INFO - Processing file /opt/airflow/dags/taskgroup_dag.py for tasks to queue
[2023-12-06T20:27:23.234+0000] {logging_mixin.py:120} INFO - [2023-12-06T20:27:23.234+0000] {dagbag.py:537} INFO - Filling up the DagBag from /opt/airflow/dags/taskgroup_dag.py
[2023-12-06T20:27:23.255+0000] {processor.py:766} INFO - DAG(s) dict_keys(['taskgroup_dag']) retrieved from /opt/airflow/dags/taskgroup_dag.py
[2023-12-06T20:27:23.302+0000] {logging_mixin.py:120} INFO - [2023-12-06T20:27:23.302+0000] {dag.py:2585} INFO - Sync 1 DAGs
[2023-12-06T20:27:23.339+0000] {logging_mixin.py:120} INFO - [2023-12-06T20:27:23.338+0000] {dag.py:3340} INFO - Setting next_dagrun for taskgroup_dag to 2023-12-05T00:00:00+00:00, run_after=2023-12-06T00:00:00+00:00
[2023-12-06T20:27:23.367+0000] {processor.py:176} INFO - Processing /opt/airflow/dags/taskgroup_dag.py took 0.138 seconds
[2023-12-06T20:27:53.542+0000] {processor.py:154} INFO - Started process (PID=1310) to work on /opt/airflow/dags/taskgroup_dag.py
[2023-12-06T20:27:53.546+0000] {processor.py:756} INFO - Processing file /opt/airflow/dags/taskgroup_dag.py for tasks to queue
[2023-12-06T20:27:53.548+0000] {logging_mixin.py:120} INFO - [2023-12-06T20:27:53.547+0000] {dagbag.py:537} INFO - Filling up the DagBag from /opt/airflow/dags/taskgroup_dag.py
[2023-12-06T20:27:53.592+0000] {processor.py:766} INFO - DAG(s) dict_keys(['taskgroup_dag']) retrieved from /opt/airflow/dags/taskgroup_dag.py
[2023-12-06T20:27:53.726+0000] {logging_mixin.py:120} INFO - [2023-12-06T20:27:53.725+0000] {dag.py:2585} INFO - Sync 1 DAGs
[2023-12-06T20:27:53.764+0000] {logging_mixin.py:120} INFO - [2023-12-06T20:27:53.764+0000] {dag.py:3340} INFO - Setting next_dagrun for taskgroup_dag to 2023-12-05T00:00:00+00:00, run_after=2023-12-06T00:00:00+00:00
[2023-12-06T20:27:53.791+0000] {processor.py:176} INFO - Processing /opt/airflow/dags/taskgroup_dag.py took 0.261 seconds
[2023-12-06T20:28:24.721+0000] {processor.py:154} INFO - Started process (PID=1355) to work on /opt/airflow/dags/taskgroup_dag.py
[2023-12-06T20:28:24.722+0000] {processor.py:756} INFO - Processing file /opt/airflow/dags/taskgroup_dag.py for tasks to queue
[2023-12-06T20:28:24.724+0000] {logging_mixin.py:120} INFO - [2023-12-06T20:28:24.724+0000] {dagbag.py:537} INFO - Filling up the DagBag from /opt/airflow/dags/taskgroup_dag.py
[2023-12-06T20:28:24.766+0000] {processor.py:766} INFO - DAG(s) dict_keys(['taskgroup_dag']) retrieved from /opt/airflow/dags/taskgroup_dag.py
[2023-12-06T20:28:24.822+0000] {logging_mixin.py:120} INFO - [2023-12-06T20:28:24.822+0000] {dag.py:2585} INFO - Sync 1 DAGs
[2023-12-06T20:28:24.863+0000] {logging_mixin.py:120} INFO - [2023-12-06T20:28:24.862+0000] {dag.py:3340} INFO - Setting next_dagrun for taskgroup_dag to 2023-12-05T00:00:00+00:00, run_after=2023-12-06T00:00:00+00:00
[2023-12-06T20:28:24.888+0000] {processor.py:176} INFO - Processing /opt/airflow/dags/taskgroup_dag.py took 0.175 seconds
[2023-12-06T20:28:55.808+0000] {processor.py:154} INFO - Started process (PID=1389) to work on /opt/airflow/dags/taskgroup_dag.py
[2023-12-06T20:28:55.808+0000] {processor.py:756} INFO - Processing file /opt/airflow/dags/taskgroup_dag.py for tasks to queue
[2023-12-06T20:28:55.809+0000] {logging_mixin.py:120} INFO - [2023-12-06T20:28:55.809+0000] {dagbag.py:537} INFO - Filling up the DagBag from /opt/airflow/dags/taskgroup_dag.py
[2023-12-06T20:28:55.868+0000] {processor.py:766} INFO - DAG(s) dict_keys(['taskgroup_dag']) retrieved from /opt/airflow/dags/taskgroup_dag.py
[2023-12-06T20:28:55.922+0000] {logging_mixin.py:120} INFO - [2023-12-06T20:28:55.921+0000] {dag.py:2585} INFO - Sync 1 DAGs
[2023-12-06T20:28:55.982+0000] {logging_mixin.py:120} INFO - [2023-12-06T20:28:55.982+0000] {dag.py:3340} INFO - Setting next_dagrun for taskgroup_dag to 2023-12-05T00:00:00+00:00, run_after=2023-12-06T00:00:00+00:00
[2023-12-06T20:28:56.033+0000] {processor.py:176} INFO - Processing /opt/airflow/dags/taskgroup_dag.py took 0.235 seconds
[2023-12-06T20:29:26.689+0000] {processor.py:154} INFO - Started process (PID=1432) to work on /opt/airflow/dags/taskgroup_dag.py
[2023-12-06T20:29:26.690+0000] {processor.py:756} INFO - Processing file /opt/airflow/dags/taskgroup_dag.py for tasks to queue
[2023-12-06T20:29:26.690+0000] {logging_mixin.py:120} INFO - [2023-12-06T20:29:26.690+0000] {dagbag.py:537} INFO - Filling up the DagBag from /opt/airflow/dags/taskgroup_dag.py
[2023-12-06T20:29:26.733+0000] {processor.py:766} INFO - DAG(s) dict_keys(['taskgroup_dag']) retrieved from /opt/airflow/dags/taskgroup_dag.py
[2023-12-06T20:29:26.852+0000] {logging_mixin.py:120} INFO - [2023-12-06T20:29:26.852+0000] {dag.py:2585} INFO - Sync 1 DAGs
[2023-12-06T20:29:26.932+0000] {logging_mixin.py:120} INFO - [2023-12-06T20:29:26.932+0000] {dag.py:3340} INFO - Setting next_dagrun for taskgroup_dag to 2023-12-05T00:00:00+00:00, run_after=2023-12-06T00:00:00+00:00
[2023-12-06T20:29:26.970+0000] {processor.py:176} INFO - Processing /opt/airflow/dags/taskgroup_dag.py took 0.292 seconds
[2023-12-06T20:29:57.869+0000] {processor.py:154} INFO - Started process (PID=1476) to work on /opt/airflow/dags/taskgroup_dag.py
[2023-12-06T20:29:57.877+0000] {processor.py:756} INFO - Processing file /opt/airflow/dags/taskgroup_dag.py for tasks to queue
[2023-12-06T20:29:57.878+0000] {logging_mixin.py:120} INFO - [2023-12-06T20:29:57.878+0000] {dagbag.py:537} INFO - Filling up the DagBag from /opt/airflow/dags/taskgroup_dag.py
[2023-12-06T20:29:57.933+0000] {processor.py:766} INFO - DAG(s) dict_keys(['taskgroup_dag']) retrieved from /opt/airflow/dags/taskgroup_dag.py
[2023-12-06T20:29:57.998+0000] {logging_mixin.py:120} INFO - [2023-12-06T20:29:57.998+0000] {dag.py:2585} INFO - Sync 1 DAGs
[2023-12-06T20:29:58.031+0000] {logging_mixin.py:120} INFO - [2023-12-06T20:29:58.031+0000] {dag.py:3340} INFO - Setting next_dagrun for taskgroup_dag to 2023-12-05T00:00:00+00:00, run_after=2023-12-06T00:00:00+00:00
[2023-12-06T20:29:58.057+0000] {processor.py:176} INFO - Processing /opt/airflow/dags/taskgroup_dag.py took 0.203 seconds
[2023-12-06T20:30:28.108+0000] {processor.py:154} INFO - Started process (PID=1518) to work on /opt/airflow/dags/taskgroup_dag.py
[2023-12-06T20:30:28.109+0000] {processor.py:756} INFO - Processing file /opt/airflow/dags/taskgroup_dag.py for tasks to queue
[2023-12-06T20:30:28.110+0000] {logging_mixin.py:120} INFO - [2023-12-06T20:30:28.110+0000] {dagbag.py:537} INFO - Filling up the DagBag from /opt/airflow/dags/taskgroup_dag.py
[2023-12-06T20:30:28.131+0000] {processor.py:766} INFO - DAG(s) dict_keys(['taskgroup_dag']) retrieved from /opt/airflow/dags/taskgroup_dag.py
[2023-12-06T20:30:28.175+0000] {logging_mixin.py:120} INFO - [2023-12-06T20:30:28.175+0000] {dag.py:2585} INFO - Sync 1 DAGs
[2023-12-06T20:30:28.210+0000] {logging_mixin.py:120} INFO - [2023-12-06T20:30:28.210+0000] {dag.py:3340} INFO - Setting next_dagrun for taskgroup_dag to 2023-12-05T00:00:00+00:00, run_after=2023-12-06T00:00:00+00:00
[2023-12-06T20:30:28.241+0000] {processor.py:176} INFO - Processing /opt/airflow/dags/taskgroup_dag.py took 0.135 seconds
[2023-12-06T20:30:58.945+0000] {processor.py:154} INFO - Started process (PID=1552) to work on /opt/airflow/dags/taskgroup_dag.py
[2023-12-06T20:30:58.946+0000] {processor.py:756} INFO - Processing file /opt/airflow/dags/taskgroup_dag.py for tasks to queue
[2023-12-06T20:30:58.947+0000] {logging_mixin.py:120} INFO - [2023-12-06T20:30:58.947+0000] {dagbag.py:537} INFO - Filling up the DagBag from /opt/airflow/dags/taskgroup_dag.py
[2023-12-06T20:30:58.968+0000] {processor.py:766} INFO - DAG(s) dict_keys(['taskgroup_dag']) retrieved from /opt/airflow/dags/taskgroup_dag.py
[2023-12-06T20:30:59.012+0000] {logging_mixin.py:120} INFO - [2023-12-06T20:30:59.012+0000] {dag.py:2585} INFO - Sync 1 DAGs
[2023-12-06T20:30:59.049+0000] {logging_mixin.py:120} INFO - [2023-12-06T20:30:59.049+0000] {dag.py:3340} INFO - Setting next_dagrun for taskgroup_dag to 2023-12-05T00:00:00+00:00, run_after=2023-12-06T00:00:00+00:00
[2023-12-06T20:30:59.076+0000] {processor.py:176} INFO - Processing /opt/airflow/dags/taskgroup_dag.py took 0.139 seconds
[2023-12-06T20:31:29.502+0000] {processor.py:154} INFO - Started process (PID=1595) to work on /opt/airflow/dags/taskgroup_dag.py
[2023-12-06T20:31:29.503+0000] {processor.py:756} INFO - Processing file /opt/airflow/dags/taskgroup_dag.py for tasks to queue
[2023-12-06T20:31:29.504+0000] {logging_mixin.py:120} INFO - [2023-12-06T20:31:29.504+0000] {dagbag.py:537} INFO - Filling up the DagBag from /opt/airflow/dags/taskgroup_dag.py
[2023-12-06T20:31:29.524+0000] {processor.py:766} INFO - DAG(s) dict_keys(['taskgroup_dag']) retrieved from /opt/airflow/dags/taskgroup_dag.py
[2023-12-06T20:31:29.568+0000] {logging_mixin.py:120} INFO - [2023-12-06T20:31:29.567+0000] {dag.py:2585} INFO - Sync 1 DAGs
[2023-12-06T20:31:29.603+0000] {logging_mixin.py:120} INFO - [2023-12-06T20:31:29.603+0000] {dag.py:3340} INFO - Setting next_dagrun for taskgroup_dag to 2023-12-05T00:00:00+00:00, run_after=2023-12-06T00:00:00+00:00
[2023-12-06T20:31:29.630+0000] {processor.py:176} INFO - Processing /opt/airflow/dags/taskgroup_dag.py took 0.131 seconds
[2023-12-06T20:31:59.702+0000] {processor.py:154} INFO - Started process (PID=1638) to work on /opt/airflow/dags/taskgroup_dag.py
[2023-12-06T20:31:59.703+0000] {processor.py:756} INFO - Processing file /opt/airflow/dags/taskgroup_dag.py for tasks to queue
[2023-12-06T20:31:59.704+0000] {logging_mixin.py:120} INFO - [2023-12-06T20:31:59.703+0000] {dagbag.py:537} INFO - Filling up the DagBag from /opt/airflow/dags/taskgroup_dag.py
[2023-12-06T20:31:59.725+0000] {processor.py:766} INFO - DAG(s) dict_keys(['taskgroup_dag']) retrieved from /opt/airflow/dags/taskgroup_dag.py
[2023-12-06T20:31:59.777+0000] {logging_mixin.py:120} INFO - [2023-12-06T20:31:59.777+0000] {dag.py:2585} INFO - Sync 1 DAGs
[2023-12-06T20:31:59.820+0000] {logging_mixin.py:120} INFO - [2023-12-06T20:31:59.820+0000] {dag.py:3340} INFO - Setting next_dagrun for taskgroup_dag to 2023-12-05T00:00:00+00:00, run_after=2023-12-06T00:00:00+00:00
[2023-12-06T20:31:59.863+0000] {processor.py:176} INFO - Processing /opt/airflow/dags/taskgroup_dag.py took 0.164 seconds
[2023-12-06T20:32:30.137+0000] {processor.py:154} INFO - Started process (PID=1671) to work on /opt/airflow/dags/taskgroup_dag.py
[2023-12-06T20:32:30.137+0000] {processor.py:756} INFO - Processing file /opt/airflow/dags/taskgroup_dag.py for tasks to queue
[2023-12-06T20:32:30.138+0000] {logging_mixin.py:120} INFO - [2023-12-06T20:32:30.138+0000] {dagbag.py:537} INFO - Filling up the DagBag from /opt/airflow/dags/taskgroup_dag.py
[2023-12-06T20:32:30.166+0000] {processor.py:766} INFO - DAG(s) dict_keys(['taskgroup_dag']) retrieved from /opt/airflow/dags/taskgroup_dag.py
[2023-12-06T20:32:30.218+0000] {logging_mixin.py:120} INFO - [2023-12-06T20:32:30.218+0000] {dag.py:2585} INFO - Sync 1 DAGs
[2023-12-06T20:32:30.256+0000] {logging_mixin.py:120} INFO - [2023-12-06T20:32:30.256+0000] {dag.py:3340} INFO - Setting next_dagrun for taskgroup_dag to 2023-12-05T00:00:00+00:00, run_after=2023-12-06T00:00:00+00:00
[2023-12-06T20:32:30.281+0000] {processor.py:176} INFO - Processing /opt/airflow/dags/taskgroup_dag.py took 0.147 seconds
[2023-12-06T20:33:00.396+0000] {processor.py:154} INFO - Started process (PID=1715) to work on /opt/airflow/dags/taskgroup_dag.py
[2023-12-06T20:33:00.403+0000] {processor.py:756} INFO - Processing file /opt/airflow/dags/taskgroup_dag.py for tasks to queue
[2023-12-06T20:33:00.404+0000] {logging_mixin.py:120} INFO - [2023-12-06T20:33:00.404+0000] {dagbag.py:537} INFO - Filling up the DagBag from /opt/airflow/dags/taskgroup_dag.py
[2023-12-06T20:33:00.437+0000] {processor.py:766} INFO - DAG(s) dict_keys(['taskgroup_dag']) retrieved from /opt/airflow/dags/taskgroup_dag.py
[2023-12-06T20:33:00.538+0000] {logging_mixin.py:120} INFO - [2023-12-06T20:33:00.537+0000] {dag.py:2585} INFO - Sync 1 DAGs
[2023-12-06T20:33:00.590+0000] {logging_mixin.py:120} INFO - [2023-12-06T20:33:00.590+0000] {dag.py:3340} INFO - Setting next_dagrun for taskgroup_dag to 2023-12-05T00:00:00+00:00, run_after=2023-12-06T00:00:00+00:00
[2023-12-06T20:33:00.638+0000] {processor.py:176} INFO - Processing /opt/airflow/dags/taskgroup_dag.py took 0.249 seconds
[2023-12-06T20:33:31.608+0000] {processor.py:154} INFO - Started process (PID=1758) to work on /opt/airflow/dags/taskgroup_dag.py
[2023-12-06T20:33:31.611+0000] {processor.py:756} INFO - Processing file /opt/airflow/dags/taskgroup_dag.py for tasks to queue
[2023-12-06T20:33:31.612+0000] {logging_mixin.py:120} INFO - [2023-12-06T20:33:31.612+0000] {dagbag.py:537} INFO - Filling up the DagBag from /opt/airflow/dags/taskgroup_dag.py
[2023-12-06T20:33:31.635+0000] {processor.py:766} INFO - DAG(s) dict_keys(['taskgroup_dag']) retrieved from /opt/airflow/dags/taskgroup_dag.py
[2023-12-06T20:33:31.700+0000] {logging_mixin.py:120} INFO - [2023-12-06T20:33:31.700+0000] {dag.py:2585} INFO - Sync 1 DAGs
[2023-12-06T20:33:31.770+0000] {logging_mixin.py:120} INFO - [2023-12-06T20:33:31.770+0000] {dag.py:3340} INFO - Setting next_dagrun for taskgroup_dag to 2023-12-05T00:00:00+00:00, run_after=2023-12-06T00:00:00+00:00
[2023-12-06T20:33:31.812+0000] {processor.py:176} INFO - Processing /opt/airflow/dags/taskgroup_dag.py took 0.218 seconds
[2023-12-06T20:34:02.021+0000] {processor.py:154} INFO - Started process (PID=1793) to work on /opt/airflow/dags/taskgroup_dag.py
[2023-12-06T20:34:02.032+0000] {processor.py:756} INFO - Processing file /opt/airflow/dags/taskgroup_dag.py for tasks to queue
[2023-12-06T20:34:02.033+0000] {logging_mixin.py:120} INFO - [2023-12-06T20:34:02.033+0000] {dagbag.py:537} INFO - Filling up the DagBag from /opt/airflow/dags/taskgroup_dag.py
[2023-12-06T20:34:02.069+0000] {processor.py:766} INFO - DAG(s) dict_keys(['taskgroup_dag']) retrieved from /opt/airflow/dags/taskgroup_dag.py
[2023-12-06T20:34:02.113+0000] {logging_mixin.py:120} INFO - [2023-12-06T20:34:02.113+0000] {dag.py:2585} INFO - Sync 1 DAGs
[2023-12-06T20:34:02.148+0000] {logging_mixin.py:120} INFO - [2023-12-06T20:34:02.148+0000] {dag.py:3340} INFO - Setting next_dagrun for taskgroup_dag to 2023-12-05T00:00:00+00:00, run_after=2023-12-06T00:00:00+00:00
[2023-12-06T20:34:02.189+0000] {processor.py:176} INFO - Processing /opt/airflow/dags/taskgroup_dag.py took 0.171 seconds
[2023-12-06T20:34:33.079+0000] {processor.py:154} INFO - Started process (PID=1836) to work on /opt/airflow/dags/taskgroup_dag.py
[2023-12-06T20:34:33.081+0000] {processor.py:756} INFO - Processing file /opt/airflow/dags/taskgroup_dag.py for tasks to queue
[2023-12-06T20:34:33.082+0000] {logging_mixin.py:120} INFO - [2023-12-06T20:34:33.082+0000] {dagbag.py:537} INFO - Filling up the DagBag from /opt/airflow/dags/taskgroup_dag.py
[2023-12-06T20:34:33.103+0000] {processor.py:766} INFO - DAG(s) dict_keys(['taskgroup_dag']) retrieved from /opt/airflow/dags/taskgroup_dag.py
[2023-12-06T20:34:33.153+0000] {logging_mixin.py:120} INFO - [2023-12-06T20:34:33.152+0000] {dag.py:2585} INFO - Sync 1 DAGs
[2023-12-06T20:34:33.188+0000] {logging_mixin.py:120} INFO - [2023-12-06T20:34:33.188+0000] {dag.py:3340} INFO - Setting next_dagrun for taskgroup_dag to 2023-12-05T00:00:00+00:00, run_after=2023-12-06T00:00:00+00:00
[2023-12-06T20:34:33.222+0000] {processor.py:176} INFO - Processing /opt/airflow/dags/taskgroup_dag.py took 0.146 seconds
[2023-12-06T20:35:04.188+0000] {processor.py:154} INFO - Started process (PID=1878) to work on /opt/airflow/dags/taskgroup_dag.py
[2023-12-06T20:35:04.189+0000] {processor.py:756} INFO - Processing file /opt/airflow/dags/taskgroup_dag.py for tasks to queue
[2023-12-06T20:35:04.189+0000] {logging_mixin.py:120} INFO - [2023-12-06T20:35:04.189+0000] {dagbag.py:537} INFO - Filling up the DagBag from /opt/airflow/dags/taskgroup_dag.py
[2023-12-06T20:35:04.206+0000] {processor.py:766} INFO - DAG(s) dict_keys(['taskgroup_dag']) retrieved from /opt/airflow/dags/taskgroup_dag.py
[2023-12-06T20:35:04.253+0000] {logging_mixin.py:120} INFO - [2023-12-06T20:35:04.253+0000] {dag.py:2585} INFO - Sync 1 DAGs
[2023-12-06T20:35:04.287+0000] {logging_mixin.py:120} INFO - [2023-12-06T20:35:04.287+0000] {dag.py:3340} INFO - Setting next_dagrun for taskgroup_dag to 2023-12-05T00:00:00+00:00, run_after=2023-12-06T00:00:00+00:00
[2023-12-06T20:35:04.325+0000] {processor.py:176} INFO - Processing /opt/airflow/dags/taskgroup_dag.py took 0.141 seconds
[2023-12-06T20:35:34.761+0000] {processor.py:154} INFO - Started process (PID=1910) to work on /opt/airflow/dags/taskgroup_dag.py
[2023-12-06T20:35:34.761+0000] {processor.py:756} INFO - Processing file /opt/airflow/dags/taskgroup_dag.py for tasks to queue
[2023-12-06T20:35:34.762+0000] {logging_mixin.py:120} INFO - [2023-12-06T20:35:34.762+0000] {dagbag.py:537} INFO - Filling up the DagBag from /opt/airflow/dags/taskgroup_dag.py
[2023-12-06T20:35:34.782+0000] {processor.py:766} INFO - DAG(s) dict_keys(['taskgroup_dag']) retrieved from /opt/airflow/dags/taskgroup_dag.py
[2023-12-06T20:35:34.827+0000] {logging_mixin.py:120} INFO - [2023-12-06T20:35:34.827+0000] {dag.py:2585} INFO - Sync 1 DAGs
[2023-12-06T20:35:34.861+0000] {logging_mixin.py:120} INFO - [2023-12-06T20:35:34.861+0000] {dag.py:3340} INFO - Setting next_dagrun for taskgroup_dag to 2023-12-05T00:00:00+00:00, run_after=2023-12-06T00:00:00+00:00
[2023-12-06T20:35:34.895+0000] {processor.py:176} INFO - Processing /opt/airflow/dags/taskgroup_dag.py took 0.139 seconds
[2023-12-06T20:36:05.252+0000] {processor.py:154} INFO - Started process (PID=1951) to work on /opt/airflow/dags/taskgroup_dag.py
[2023-12-06T20:36:05.253+0000] {processor.py:756} INFO - Processing file /opt/airflow/dags/taskgroup_dag.py for tasks to queue
[2023-12-06T20:36:05.253+0000] {logging_mixin.py:120} INFO - [2023-12-06T20:36:05.253+0000] {dagbag.py:537} INFO - Filling up the DagBag from /opt/airflow/dags/taskgroup_dag.py
[2023-12-06T20:36:05.277+0000] {processor.py:766} INFO - DAG(s) dict_keys(['taskgroup_dag']) retrieved from /opt/airflow/dags/taskgroup_dag.py
[2023-12-06T20:36:05.326+0000] {logging_mixin.py:120} INFO - [2023-12-06T20:36:05.326+0000] {dag.py:2585} INFO - Sync 1 DAGs
[2023-12-06T20:36:05.362+0000] {logging_mixin.py:120} INFO - [2023-12-06T20:36:05.361+0000] {dag.py:3340} INFO - Setting next_dagrun for taskgroup_dag to 2023-12-05T00:00:00+00:00, run_after=2023-12-06T00:00:00+00:00
[2023-12-06T20:36:05.404+0000] {processor.py:176} INFO - Processing /opt/airflow/dags/taskgroup_dag.py took 0.155 seconds
[2023-12-06T20:36:36.342+0000] {processor.py:154} INFO - Started process (PID=1984) to work on /opt/airflow/dags/taskgroup_dag.py
[2023-12-06T20:36:36.343+0000] {processor.py:756} INFO - Processing file /opt/airflow/dags/taskgroup_dag.py for tasks to queue
[2023-12-06T20:36:36.343+0000] {logging_mixin.py:120} INFO - [2023-12-06T20:36:36.343+0000] {dagbag.py:537} INFO - Filling up the DagBag from /opt/airflow/dags/taskgroup_dag.py
[2023-12-06T20:36:36.368+0000] {processor.py:766} INFO - DAG(s) dict_keys(['taskgroup_dag']) retrieved from /opt/airflow/dags/taskgroup_dag.py
[2023-12-06T20:36:36.420+0000] {logging_mixin.py:120} INFO - [2023-12-06T20:36:36.420+0000] {dag.py:2585} INFO - Sync 1 DAGs
[2023-12-06T20:36:36.457+0000] {logging_mixin.py:120} INFO - [2023-12-06T20:36:36.457+0000] {dag.py:3340} INFO - Setting next_dagrun for taskgroup_dag to 2023-12-05T00:00:00+00:00, run_after=2023-12-06T00:00:00+00:00
[2023-12-06T20:36:36.483+0000] {processor.py:176} INFO - Processing /opt/airflow/dags/taskgroup_dag.py took 0.145 seconds
[2023-12-06T20:37:07.376+0000] {processor.py:154} INFO - Started process (PID=2026) to work on /opt/airflow/dags/taskgroup_dag.py
[2023-12-06T20:37:07.383+0000] {processor.py:756} INFO - Processing file /opt/airflow/dags/taskgroup_dag.py for tasks to queue
[2023-12-06T20:37:07.384+0000] {logging_mixin.py:120} INFO - [2023-12-06T20:37:07.384+0000] {dagbag.py:537} INFO - Filling up the DagBag from /opt/airflow/dags/taskgroup_dag.py
[2023-12-06T20:37:07.418+0000] {processor.py:766} INFO - DAG(s) dict_keys(['taskgroup_dag']) retrieved from /opt/airflow/dags/taskgroup_dag.py
[2023-12-06T20:37:07.471+0000] {logging_mixin.py:120} INFO - [2023-12-06T20:37:07.471+0000] {dag.py:2585} INFO - Sync 1 DAGs
[2023-12-06T20:37:07.508+0000] {logging_mixin.py:120} INFO - [2023-12-06T20:37:07.508+0000] {dag.py:3340} INFO - Setting next_dagrun for taskgroup_dag to 2023-12-05T00:00:00+00:00, run_after=2023-12-06T00:00:00+00:00
[2023-12-06T20:37:07.539+0000] {processor.py:176} INFO - Processing /opt/airflow/dags/taskgroup_dag.py took 0.174 seconds
[2023-12-06T20:37:38.065+0000] {processor.py:154} INFO - Started process (PID=2059) to work on /opt/airflow/dags/taskgroup_dag.py
[2023-12-06T20:37:38.073+0000] {processor.py:756} INFO - Processing file /opt/airflow/dags/taskgroup_dag.py for tasks to queue
[2023-12-06T20:37:38.073+0000] {logging_mixin.py:120} INFO - [2023-12-06T20:37:38.073+0000] {dagbag.py:537} INFO - Filling up the DagBag from /opt/airflow/dags/taskgroup_dag.py
[2023-12-06T20:37:38.133+0000] {processor.py:766} INFO - DAG(s) dict_keys(['taskgroup_dag']) retrieved from /opt/airflow/dags/taskgroup_dag.py
[2023-12-06T20:37:38.193+0000] {logging_mixin.py:120} INFO - [2023-12-06T20:37:38.193+0000] {dag.py:2585} INFO - Sync 1 DAGs
[2023-12-06T20:37:38.223+0000] {logging_mixin.py:120} INFO - [2023-12-06T20:37:38.223+0000] {dag.py:3340} INFO - Setting next_dagrun for taskgroup_dag to 2023-12-05T00:00:00+00:00, run_after=2023-12-06T00:00:00+00:00
[2023-12-06T20:37:38.249+0000] {processor.py:176} INFO - Processing /opt/airflow/dags/taskgroup_dag.py took 0.192 seconds
[2023-12-06T20:38:08.430+0000] {processor.py:154} INFO - Started process (PID=2103) to work on /opt/airflow/dags/taskgroup_dag.py
[2023-12-06T20:38:08.431+0000] {processor.py:756} INFO - Processing file /opt/airflow/dags/taskgroup_dag.py for tasks to queue
[2023-12-06T20:38:08.432+0000] {logging_mixin.py:120} INFO - [2023-12-06T20:38:08.432+0000] {dagbag.py:537} INFO - Filling up the DagBag from /opt/airflow/dags/taskgroup_dag.py
[2023-12-06T20:38:08.453+0000] {processor.py:766} INFO - DAG(s) dict_keys(['taskgroup_dag']) retrieved from /opt/airflow/dags/taskgroup_dag.py
[2023-12-06T20:38:08.500+0000] {logging_mixin.py:120} INFO - [2023-12-06T20:38:08.499+0000] {dag.py:2585} INFO - Sync 1 DAGs
[2023-12-06T20:38:08.534+0000] {logging_mixin.py:120} INFO - [2023-12-06T20:38:08.534+0000] {dag.py:3340} INFO - Setting next_dagrun for taskgroup_dag to 2023-12-05T00:00:00+00:00, run_after=2023-12-06T00:00:00+00:00
[2023-12-06T20:38:08.559+0000] {processor.py:176} INFO - Processing /opt/airflow/dags/taskgroup_dag.py took 0.135 seconds
[2023-12-06T20:38:39.319+0000] {processor.py:154} INFO - Started process (PID=2136) to work on /opt/airflow/dags/taskgroup_dag.py
[2023-12-06T20:38:39.333+0000] {processor.py:756} INFO - Processing file /opt/airflow/dags/taskgroup_dag.py for tasks to queue
[2023-12-06T20:38:39.333+0000] {logging_mixin.py:120} INFO - [2023-12-06T20:38:39.333+0000] {dagbag.py:537} INFO - Filling up the DagBag from /opt/airflow/dags/taskgroup_dag.py
[2023-12-06T20:38:39.372+0000] {processor.py:766} INFO - DAG(s) dict_keys(['taskgroup_dag']) retrieved from /opt/airflow/dags/taskgroup_dag.py
[2023-12-06T20:38:39.444+0000] {logging_mixin.py:120} INFO - [2023-12-06T20:38:39.444+0000] {dag.py:2585} INFO - Sync 1 DAGs
[2023-12-06T20:38:39.481+0000] {logging_mixin.py:120} INFO - [2023-12-06T20:38:39.481+0000] {dag.py:3340} INFO - Setting next_dagrun for taskgroup_dag to 2023-12-05T00:00:00+00:00, run_after=2023-12-06T00:00:00+00:00
[2023-12-06T20:38:39.511+0000] {processor.py:176} INFO - Processing /opt/airflow/dags/taskgroup_dag.py took 0.222 seconds
[2023-12-06T20:39:09.727+0000] {processor.py:154} INFO - Started process (PID=2179) to work on /opt/airflow/dags/taskgroup_dag.py
[2023-12-06T20:39:09.728+0000] {processor.py:756} INFO - Processing file /opt/airflow/dags/taskgroup_dag.py for tasks to queue
[2023-12-06T20:39:09.729+0000] {logging_mixin.py:120} INFO - [2023-12-06T20:39:09.729+0000] {dagbag.py:537} INFO - Filling up the DagBag from /opt/airflow/dags/taskgroup_dag.py
[2023-12-06T20:39:09.750+0000] {processor.py:766} INFO - DAG(s) dict_keys(['taskgroup_dag']) retrieved from /opt/airflow/dags/taskgroup_dag.py
[2023-12-06T20:39:09.795+0000] {logging_mixin.py:120} INFO - [2023-12-06T20:39:09.794+0000] {dag.py:2585} INFO - Sync 1 DAGs
[2023-12-06T20:39:09.829+0000] {logging_mixin.py:120} INFO - [2023-12-06T20:39:09.829+0000] {dag.py:3340} INFO - Setting next_dagrun for taskgroup_dag to 2023-12-05T00:00:00+00:00, run_after=2023-12-06T00:00:00+00:00
[2023-12-06T20:39:09.864+0000] {processor.py:176} INFO - Processing /opt/airflow/dags/taskgroup_dag.py took 0.141 seconds
[2023-12-06T20:39:39.996+0000] {processor.py:154} INFO - Started process (PID=2211) to work on /opt/airflow/dags/taskgroup_dag.py
[2023-12-06T20:39:39.996+0000] {processor.py:756} INFO - Processing file /opt/airflow/dags/taskgroup_dag.py for tasks to queue
[2023-12-06T20:39:39.997+0000] {logging_mixin.py:120} INFO - [2023-12-06T20:39:39.997+0000] {dagbag.py:537} INFO - Filling up the DagBag from /opt/airflow/dags/taskgroup_dag.py
[2023-12-06T20:39:40.012+0000] {processor.py:766} INFO - DAG(s) dict_keys(['taskgroup_dag']) retrieved from /opt/airflow/dags/taskgroup_dag.py
[2023-12-06T20:39:40.044+0000] {logging_mixin.py:120} INFO - [2023-12-06T20:39:40.044+0000] {dag.py:2585} INFO - Sync 1 DAGs
[2023-12-06T20:39:40.068+0000] {logging_mixin.py:120} INFO - [2023-12-06T20:39:40.068+0000] {dag.py:3340} INFO - Setting next_dagrun for taskgroup_dag to 2023-12-05T00:00:00+00:00, run_after=2023-12-06T00:00:00+00:00
[2023-12-06T20:39:40.090+0000] {processor.py:176} INFO - Processing /opt/airflow/dags/taskgroup_dag.py took 0.096 seconds
[2023-12-06T20:40:10.249+0000] {processor.py:154} INFO - Started process (PID=2255) to work on /opt/airflow/dags/taskgroup_dag.py
[2023-12-06T20:40:10.258+0000] {processor.py:756} INFO - Processing file /opt/airflow/dags/taskgroup_dag.py for tasks to queue
[2023-12-06T20:40:10.259+0000] {logging_mixin.py:120} INFO - [2023-12-06T20:40:10.259+0000] {dagbag.py:537} INFO - Filling up the DagBag from /opt/airflow/dags/taskgroup_dag.py
[2023-12-06T20:40:10.299+0000] {processor.py:766} INFO - DAG(s) dict_keys(['taskgroup_dag']) retrieved from /opt/airflow/dags/taskgroup_dag.py
[2023-12-06T20:40:10.371+0000] {logging_mixin.py:120} INFO - [2023-12-06T20:40:10.371+0000] {dag.py:2585} INFO - Sync 1 DAGs
[2023-12-06T20:40:10.407+0000] {logging_mixin.py:120} INFO - [2023-12-06T20:40:10.407+0000] {dag.py:3340} INFO - Setting next_dagrun for taskgroup_dag to 2023-12-05T00:00:00+00:00, run_after=2023-12-06T00:00:00+00:00
[2023-12-06T20:40:10.448+0000] {processor.py:176} INFO - Processing /opt/airflow/dags/taskgroup_dag.py took 0.202 seconds
[2023-12-06T20:40:40.758+0000] {processor.py:154} INFO - Started process (PID=2288) to work on /opt/airflow/dags/taskgroup_dag.py
[2023-12-06T20:40:40.762+0000] {processor.py:756} INFO - Processing file /opt/airflow/dags/taskgroup_dag.py for tasks to queue
[2023-12-06T20:40:40.763+0000] {logging_mixin.py:120} INFO - [2023-12-06T20:40:40.763+0000] {dagbag.py:537} INFO - Filling up the DagBag from /opt/airflow/dags/taskgroup_dag.py
[2023-12-06T20:40:40.808+0000] {processor.py:766} INFO - DAG(s) dict_keys(['taskgroup_dag']) retrieved from /opt/airflow/dags/taskgroup_dag.py
[2023-12-06T20:40:40.900+0000] {logging_mixin.py:120} INFO - [2023-12-06T20:40:40.900+0000] {dag.py:2585} INFO - Sync 1 DAGs
[2023-12-06T20:40:40.941+0000] {logging_mixin.py:120} INFO - [2023-12-06T20:40:40.939+0000] {dag.py:3340} INFO - Setting next_dagrun for taskgroup_dag to 2023-12-05T00:00:00+00:00, run_after=2023-12-06T00:00:00+00:00
[2023-12-06T20:40:40.977+0000] {processor.py:176} INFO - Processing /opt/airflow/dags/taskgroup_dag.py took 0.224 seconds
[2023-12-06T20:41:11.321+0000] {processor.py:154} INFO - Started process (PID=2330) to work on /opt/airflow/dags/taskgroup_dag.py
[2023-12-06T20:41:11.322+0000] {processor.py:756} INFO - Processing file /opt/airflow/dags/taskgroup_dag.py for tasks to queue
[2023-12-06T20:41:11.323+0000] {logging_mixin.py:120} INFO - [2023-12-06T20:41:11.322+0000] {dagbag.py:537} INFO - Filling up the DagBag from /opt/airflow/dags/taskgroup_dag.py
[2023-12-06T20:41:11.344+0000] {processor.py:766} INFO - DAG(s) dict_keys(['taskgroup_dag']) retrieved from /opt/airflow/dags/taskgroup_dag.py
[2023-12-06T20:41:11.390+0000] {logging_mixin.py:120} INFO - [2023-12-06T20:41:11.390+0000] {dag.py:2585} INFO - Sync 1 DAGs
[2023-12-06T20:41:11.425+0000] {logging_mixin.py:120} INFO - [2023-12-06T20:41:11.425+0000] {dag.py:3340} INFO - Setting next_dagrun for taskgroup_dag to 2023-12-05T00:00:00+00:00, run_after=2023-12-06T00:00:00+00:00
[2023-12-06T20:41:11.450+0000] {processor.py:176} INFO - Processing /opt/airflow/dags/taskgroup_dag.py took 0.132 seconds
[2023-12-06T20:41:41.790+0000] {processor.py:154} INFO - Started process (PID=2372) to work on /opt/airflow/dags/taskgroup_dag.py
[2023-12-06T20:41:41.791+0000] {processor.py:756} INFO - Processing file /opt/airflow/dags/taskgroup_dag.py for tasks to queue
[2023-12-06T20:41:41.792+0000] {logging_mixin.py:120} INFO - [2023-12-06T20:41:41.792+0000] {dagbag.py:537} INFO - Filling up the DagBag from /opt/airflow/dags/taskgroup_dag.py
[2023-12-06T20:41:41.849+0000] {processor.py:766} INFO - DAG(s) dict_keys(['taskgroup_dag']) retrieved from /opt/airflow/dags/taskgroup_dag.py
[2023-12-06T20:41:42.029+0000] {logging_mixin.py:120} INFO - [2023-12-06T20:41:42.029+0000] {dag.py:2585} INFO - Sync 1 DAGs
[2023-12-06T20:41:42.142+0000] {logging_mixin.py:120} INFO - [2023-12-06T20:41:42.142+0000] {dag.py:3340} INFO - Setting next_dagrun for taskgroup_dag to 2023-12-05T00:00:00+00:00, run_after=2023-12-06T00:00:00+00:00
[2023-12-06T20:41:42.211+0000] {processor.py:176} INFO - Processing /opt/airflow/dags/taskgroup_dag.py took 0.433 seconds
[2023-12-06T20:42:12.682+0000] {processor.py:154} INFO - Started process (PID=2416) to work on /opt/airflow/dags/taskgroup_dag.py
[2023-12-06T20:42:12.683+0000] {processor.py:756} INFO - Processing file /opt/airflow/dags/taskgroup_dag.py for tasks to queue
[2023-12-06T20:42:12.684+0000] {logging_mixin.py:120} INFO - [2023-12-06T20:42:12.684+0000] {dagbag.py:537} INFO - Filling up the DagBag from /opt/airflow/dags/taskgroup_dag.py
[2023-12-06T20:42:12.738+0000] {processor.py:766} INFO - DAG(s) dict_keys(['taskgroup_dag']) retrieved from /opt/airflow/dags/taskgroup_dag.py
[2023-12-06T20:42:12.858+0000] {logging_mixin.py:120} INFO - [2023-12-06T20:42:12.858+0000] {dag.py:2585} INFO - Sync 1 DAGs
[2023-12-06T20:42:12.930+0000] {logging_mixin.py:120} INFO - [2023-12-06T20:42:12.930+0000] {dag.py:3340} INFO - Setting next_dagrun for taskgroup_dag to 2023-12-05T00:00:00+00:00, run_after=2023-12-06T00:00:00+00:00
[2023-12-06T20:42:12.980+0000] {processor.py:176} INFO - Processing /opt/airflow/dags/taskgroup_dag.py took 0.309 seconds
[2023-12-06T20:42:43.500+0000] {processor.py:154} INFO - Started process (PID=2449) to work on /opt/airflow/dags/taskgroup_dag.py
[2023-12-06T20:42:43.506+0000] {processor.py:756} INFO - Processing file /opt/airflow/dags/taskgroup_dag.py for tasks to queue
[2023-12-06T20:42:43.507+0000] {logging_mixin.py:120} INFO - [2023-12-06T20:42:43.507+0000] {dagbag.py:537} INFO - Filling up the DagBag from /opt/airflow/dags/taskgroup_dag.py
[2023-12-06T20:42:43.546+0000] {processor.py:766} INFO - DAG(s) dict_keys(['taskgroup_dag']) retrieved from /opt/airflow/dags/taskgroup_dag.py
[2023-12-06T20:42:43.646+0000] {logging_mixin.py:120} INFO - [2023-12-06T20:42:43.645+0000] {dag.py:2585} INFO - Sync 1 DAGs
[2023-12-06T20:42:43.751+0000] {logging_mixin.py:120} INFO - [2023-12-06T20:42:43.751+0000] {dag.py:3340} INFO - Setting next_dagrun for taskgroup_dag to 2023-12-05T00:00:00+00:00, run_after=2023-12-06T00:00:00+00:00
[2023-12-06T20:42:43.855+0000] {processor.py:176} INFO - Processing /opt/airflow/dags/taskgroup_dag.py took 0.371 seconds
[2023-12-06T20:43:14.270+0000] {processor.py:154} INFO - Started process (PID=2492) to work on /opt/airflow/dags/taskgroup_dag.py
[2023-12-06T20:43:14.271+0000] {processor.py:756} INFO - Processing file /opt/airflow/dags/taskgroup_dag.py for tasks to queue
[2023-12-06T20:43:14.273+0000] {logging_mixin.py:120} INFO - [2023-12-06T20:43:14.272+0000] {dagbag.py:537} INFO - Filling up the DagBag from /opt/airflow/dags/taskgroup_dag.py
[2023-12-06T20:43:14.301+0000] {processor.py:766} INFO - DAG(s) dict_keys(['taskgroup_dag']) retrieved from /opt/airflow/dags/taskgroup_dag.py
[2023-12-06T20:43:14.351+0000] {logging_mixin.py:120} INFO - [2023-12-06T20:43:14.350+0000] {dag.py:2585} INFO - Sync 1 DAGs
[2023-12-06T20:43:14.386+0000] {logging_mixin.py:120} INFO - [2023-12-06T20:43:14.386+0000] {dag.py:3340} INFO - Setting next_dagrun for taskgroup_dag to 2023-12-05T00:00:00+00:00, run_after=2023-12-06T00:00:00+00:00
[2023-12-06T20:43:14.433+0000] {processor.py:176} INFO - Processing /opt/airflow/dags/taskgroup_dag.py took 0.166 seconds
