[2023-12-06T10:16:51.683+0000] {processor.py:154} INFO - Started process (PID=76) to work on /opt/airflow/dags/user_processing.py
[2023-12-06T10:16:51.689+0000] {processor.py:756} INFO - Processing file /opt/airflow/dags/user_processing.py for tasks to queue
[2023-12-06T10:16:51.690+0000] {logging_mixin.py:120} INFO - [2023-12-06T10:16:51.690+0000] {dagbag.py:537} INFO - Filling up the DagBag from /opt/airflow/dags/user_processing.py
[2023-12-06T10:16:52.626+0000] {processor.py:766} INFO - DAG(s) dict_keys(['user_processing']) retrieved from /opt/airflow/dags/user_processing.py
[2023-12-06T10:16:53.069+0000] {logging_mixin.py:120} INFO - [2023-12-06T10:16:53.069+0000] {dag.py:2585} INFO - Sync 1 DAGs
[2023-12-06T10:16:53.131+0000] {logging_mixin.py:120} INFO - [2023-12-06T10:16:53.131+0000] {dag.py:3340} INFO - Setting next_dagrun for user_processing to 2023-12-05T00:00:00+00:00, run_after=2023-12-06T00:00:00+00:00
[2023-12-06T10:16:53.233+0000] {processor.py:176} INFO - Processing /opt/airflow/dags/user_processing.py took 1.562 seconds
[2023-12-06T10:17:24.158+0000] {processor.py:154} INFO - Started process (PID=111) to work on /opt/airflow/dags/user_processing.py
[2023-12-06T10:17:24.158+0000] {processor.py:756} INFO - Processing file /opt/airflow/dags/user_processing.py for tasks to queue
[2023-12-06T10:17:24.159+0000] {logging_mixin.py:120} INFO - [2023-12-06T10:17:24.159+0000] {dagbag.py:537} INFO - Filling up the DagBag from /opt/airflow/dags/user_processing.py
[2023-12-06T10:17:24.431+0000] {processor.py:766} INFO - DAG(s) dict_keys(['user_processing']) retrieved from /opt/airflow/dags/user_processing.py
[2023-12-06T10:17:24.638+0000] {logging_mixin.py:120} INFO - [2023-12-06T10:17:24.637+0000] {dag.py:2585} INFO - Sync 1 DAGs
[2023-12-06T10:17:24.659+0000] {logging_mixin.py:120} INFO - [2023-12-06T10:17:24.659+0000] {dag.py:3340} INFO - Setting next_dagrun for user_processing to 2023-12-05T00:00:00+00:00, run_after=2023-12-06T00:00:00+00:00
[2023-12-06T10:17:24.679+0000] {processor.py:176} INFO - Processing /opt/airflow/dags/user_processing.py took 0.524 seconds
[2023-12-06T10:17:54.724+0000] {processor.py:154} INFO - Started process (PID=155) to work on /opt/airflow/dags/user_processing.py
[2023-12-06T10:17:54.725+0000] {processor.py:756} INFO - Processing file /opt/airflow/dags/user_processing.py for tasks to queue
[2023-12-06T10:17:54.726+0000] {logging_mixin.py:120} INFO - [2023-12-06T10:17:54.725+0000] {dagbag.py:537} INFO - Filling up the DagBag from /opt/airflow/dags/user_processing.py
[2023-12-06T10:17:54.984+0000] {processor.py:766} INFO - DAG(s) dict_keys(['user_processing']) retrieved from /opt/airflow/dags/user_processing.py
[2023-12-06T10:17:55.186+0000] {logging_mixin.py:120} INFO - [2023-12-06T10:17:55.185+0000] {dag.py:2585} INFO - Sync 1 DAGs
[2023-12-06T10:17:55.207+0000] {logging_mixin.py:120} INFO - [2023-12-06T10:17:55.207+0000] {dag.py:3340} INFO - Setting next_dagrun for user_processing to 2023-12-05T00:00:00+00:00, run_after=2023-12-06T00:00:00+00:00
[2023-12-06T10:17:55.228+0000] {processor.py:176} INFO - Processing /opt/airflow/dags/user_processing.py took 0.506 seconds
[2023-12-06T10:18:25.278+0000] {processor.py:154} INFO - Started process (PID=187) to work on /opt/airflow/dags/user_processing.py
[2023-12-06T10:18:25.279+0000] {processor.py:756} INFO - Processing file /opt/airflow/dags/user_processing.py for tasks to queue
[2023-12-06T10:18:25.280+0000] {logging_mixin.py:120} INFO - [2023-12-06T10:18:25.280+0000] {dagbag.py:537} INFO - Filling up the DagBag from /opt/airflow/dags/user_processing.py
[2023-12-06T10:18:25.567+0000] {processor.py:766} INFO - DAG(s) dict_keys(['user_processing']) retrieved from /opt/airflow/dags/user_processing.py
[2023-12-06T10:18:25.861+0000] {logging_mixin.py:120} INFO - [2023-12-06T10:18:25.860+0000] {dag.py:2585} INFO - Sync 1 DAGs
[2023-12-06T10:18:25.917+0000] {logging_mixin.py:120} INFO - [2023-12-06T10:18:25.917+0000] {dag.py:3340} INFO - Setting next_dagrun for user_processing to 2023-12-05T00:00:00+00:00, run_after=2023-12-06T00:00:00+00:00
[2023-12-06T10:18:26.362+0000] {processor.py:176} INFO - Processing /opt/airflow/dags/user_processing.py took 1.087 seconds
[2023-12-06T10:18:56.699+0000] {processor.py:154} INFO - Started process (PID=237) to work on /opt/airflow/dags/user_processing.py
[2023-12-06T10:18:56.700+0000] {processor.py:756} INFO - Processing file /opt/airflow/dags/user_processing.py for tasks to queue
[2023-12-06T10:18:56.700+0000] {logging_mixin.py:120} INFO - [2023-12-06T10:18:56.700+0000] {dagbag.py:537} INFO - Filling up the DagBag from /opt/airflow/dags/user_processing.py
[2023-12-06T10:18:56.967+0000] {processor.py:766} INFO - DAG(s) dict_keys(['user_processing']) retrieved from /opt/airflow/dags/user_processing.py
[2023-12-06T10:18:57.150+0000] {logging_mixin.py:120} INFO - [2023-12-06T10:18:57.150+0000] {dag.py:2585} INFO - Sync 1 DAGs
[2023-12-06T10:18:57.182+0000] {logging_mixin.py:120} INFO - [2023-12-06T10:18:57.182+0000] {dag.py:3340} INFO - Setting next_dagrun for user_processing to 2023-12-05T00:00:00+00:00, run_after=2023-12-06T00:00:00+00:00
[2023-12-06T10:18:57.204+0000] {processor.py:176} INFO - Processing /opt/airflow/dags/user_processing.py took 0.507 seconds
[2023-12-06T10:19:27.894+0000] {processor.py:154} INFO - Started process (PID=280) to work on /opt/airflow/dags/user_processing.py
[2023-12-06T10:19:27.895+0000] {processor.py:756} INFO - Processing file /opt/airflow/dags/user_processing.py for tasks to queue
[2023-12-06T10:19:27.895+0000] {logging_mixin.py:120} INFO - [2023-12-06T10:19:27.895+0000] {dagbag.py:537} INFO - Filling up the DagBag from /opt/airflow/dags/user_processing.py
[2023-12-06T10:19:28.156+0000] {processor.py:766} INFO - DAG(s) dict_keys(['user_processing']) retrieved from /opt/airflow/dags/user_processing.py
[2023-12-06T10:19:28.327+0000] {logging_mixin.py:120} INFO - [2023-12-06T10:19:28.327+0000] {dag.py:2585} INFO - Sync 1 DAGs
[2023-12-06T10:19:28.348+0000] {logging_mixin.py:120} INFO - [2023-12-06T10:19:28.348+0000] {dag.py:3340} INFO - Setting next_dagrun for user_processing to 2023-12-05T00:00:00+00:00, run_after=2023-12-06T00:00:00+00:00
[2023-12-06T10:19:28.369+0000] {processor.py:176} INFO - Processing /opt/airflow/dags/user_processing.py took 0.478 seconds
[2023-12-06T10:19:59.007+0000] {processor.py:154} INFO - Started process (PID=323) to work on /opt/airflow/dags/user_processing.py
[2023-12-06T10:19:59.008+0000] {processor.py:756} INFO - Processing file /opt/airflow/dags/user_processing.py for tasks to queue
[2023-12-06T10:19:59.009+0000] {logging_mixin.py:120} INFO - [2023-12-06T10:19:59.008+0000] {dagbag.py:537} INFO - Filling up the DagBag from /opt/airflow/dags/user_processing.py
[2023-12-06T10:19:59.318+0000] {processor.py:766} INFO - DAG(s) dict_keys(['user_processing']) retrieved from /opt/airflow/dags/user_processing.py
[2023-12-06T10:19:59.511+0000] {logging_mixin.py:120} INFO - [2023-12-06T10:19:59.511+0000] {dag.py:2585} INFO - Sync 1 DAGs
[2023-12-06T10:19:59.669+0000] {logging_mixin.py:120} INFO - [2023-12-06T10:19:59.669+0000] {dag.py:3340} INFO - Setting next_dagrun for user_processing to 2023-12-05T00:00:00+00:00, run_after=2023-12-06T00:00:00+00:00
[2023-12-06T10:19:59.690+0000] {processor.py:176} INFO - Processing /opt/airflow/dags/user_processing.py took 0.685 seconds
[2023-12-06T10:20:30.172+0000] {processor.py:154} INFO - Started process (PID=363) to work on /opt/airflow/dags/user_processing.py
[2023-12-06T10:20:30.172+0000] {processor.py:756} INFO - Processing file /opt/airflow/dags/user_processing.py for tasks to queue
[2023-12-06T10:20:30.173+0000] {logging_mixin.py:120} INFO - [2023-12-06T10:20:30.173+0000] {dagbag.py:537} INFO - Filling up the DagBag from /opt/airflow/dags/user_processing.py
[2023-12-06T10:20:30.476+0000] {processor.py:766} INFO - DAG(s) dict_keys(['user_processing']) retrieved from /opt/airflow/dags/user_processing.py
[2023-12-06T10:20:30.670+0000] {logging_mixin.py:120} INFO - [2023-12-06T10:20:30.670+0000] {dag.py:2585} INFO - Sync 1 DAGs
[2023-12-06T10:20:30.695+0000] {logging_mixin.py:120} INFO - [2023-12-06T10:20:30.695+0000] {dag.py:3340} INFO - Setting next_dagrun for user_processing to 2023-12-05T00:00:00+00:00, run_after=2023-12-06T00:00:00+00:00
[2023-12-06T10:20:30.724+0000] {processor.py:176} INFO - Processing /opt/airflow/dags/user_processing.py took 0.555 seconds
[2023-12-06T10:21:01.248+0000] {processor.py:154} INFO - Started process (PID=398) to work on /opt/airflow/dags/user_processing.py
[2023-12-06T10:21:01.249+0000] {processor.py:756} INFO - Processing file /opt/airflow/dags/user_processing.py for tasks to queue
[2023-12-06T10:21:01.249+0000] {logging_mixin.py:120} INFO - [2023-12-06T10:21:01.249+0000] {dagbag.py:537} INFO - Filling up the DagBag from /opt/airflow/dags/user_processing.py
[2023-12-06T10:21:01.511+0000] {processor.py:766} INFO - DAG(s) dict_keys(['user_processing']) retrieved from /opt/airflow/dags/user_processing.py
[2023-12-06T10:21:01.697+0000] {logging_mixin.py:120} INFO - [2023-12-06T10:21:01.697+0000] {dag.py:2585} INFO - Sync 1 DAGs
[2023-12-06T10:21:01.719+0000] {logging_mixin.py:120} INFO - [2023-12-06T10:21:01.719+0000] {dag.py:3340} INFO - Setting next_dagrun for user_processing to 2023-12-05T00:00:00+00:00, run_after=2023-12-06T00:00:00+00:00
[2023-12-06T10:21:01.742+0000] {processor.py:176} INFO - Processing /opt/airflow/dags/user_processing.py took 0.496 seconds
[2023-12-06T10:21:31.891+0000] {processor.py:154} INFO - Started process (PID=440) to work on /opt/airflow/dags/user_processing.py
[2023-12-06T10:21:31.892+0000] {processor.py:756} INFO - Processing file /opt/airflow/dags/user_processing.py for tasks to queue
[2023-12-06T10:21:31.893+0000] {logging_mixin.py:120} INFO - [2023-12-06T10:21:31.893+0000] {dagbag.py:537} INFO - Filling up the DagBag from /opt/airflow/dags/user_processing.py
[2023-12-06T10:21:32.148+0000] {processor.py:766} INFO - DAG(s) dict_keys(['user_processing']) retrieved from /opt/airflow/dags/user_processing.py
[2023-12-06T10:21:32.318+0000] {logging_mixin.py:120} INFO - [2023-12-06T10:21:32.317+0000] {dag.py:2585} INFO - Sync 1 DAGs
[2023-12-06T10:21:32.339+0000] {logging_mixin.py:120} INFO - [2023-12-06T10:21:32.339+0000] {dag.py:3340} INFO - Setting next_dagrun for user_processing to 2023-12-05T00:00:00+00:00, run_after=2023-12-06T00:00:00+00:00
[2023-12-06T10:21:32.368+0000] {processor.py:176} INFO - Processing /opt/airflow/dags/user_processing.py took 0.479 seconds
[2023-12-06T10:22:02.948+0000] {processor.py:154} INFO - Started process (PID=482) to work on /opt/airflow/dags/user_processing.py
[2023-12-06T10:22:02.949+0000] {processor.py:756} INFO - Processing file /opt/airflow/dags/user_processing.py for tasks to queue
[2023-12-06T10:22:02.949+0000] {logging_mixin.py:120} INFO - [2023-12-06T10:22:02.949+0000] {dagbag.py:537} INFO - Filling up the DagBag from /opt/airflow/dags/user_processing.py
[2023-12-06T10:22:03.207+0000] {processor.py:766} INFO - DAG(s) dict_keys(['user_processing']) retrieved from /opt/airflow/dags/user_processing.py
[2023-12-06T10:22:03.378+0000] {logging_mixin.py:120} INFO - [2023-12-06T10:22:03.378+0000] {dag.py:2585} INFO - Sync 1 DAGs
[2023-12-06T10:22:03.401+0000] {logging_mixin.py:120} INFO - [2023-12-06T10:22:03.401+0000] {dag.py:3340} INFO - Setting next_dagrun for user_processing to 2023-12-05T00:00:00+00:00, run_after=2023-12-06T00:00:00+00:00
[2023-12-06T10:22:03.423+0000] {processor.py:176} INFO - Processing /opt/airflow/dags/user_processing.py took 0.478 seconds
[2023-12-06T10:22:33.993+0000] {processor.py:154} INFO - Started process (PID=525) to work on /opt/airflow/dags/user_processing.py
[2023-12-06T10:22:33.994+0000] {processor.py:756} INFO - Processing file /opt/airflow/dags/user_processing.py for tasks to queue
[2023-12-06T10:22:33.995+0000] {logging_mixin.py:120} INFO - [2023-12-06T10:22:33.994+0000] {dagbag.py:537} INFO - Filling up the DagBag from /opt/airflow/dags/user_processing.py
[2023-12-06T10:22:34.258+0000] {processor.py:766} INFO - DAG(s) dict_keys(['user_processing']) retrieved from /opt/airflow/dags/user_processing.py
[2023-12-06T10:22:34.453+0000] {logging_mixin.py:120} INFO - [2023-12-06T10:22:34.452+0000] {dag.py:2585} INFO - Sync 1 DAGs
[2023-12-06T10:22:34.475+0000] {logging_mixin.py:120} INFO - [2023-12-06T10:22:34.474+0000] {dag.py:3340} INFO - Setting next_dagrun for user_processing to 2023-12-05T00:00:00+00:00, run_after=2023-12-06T00:00:00+00:00
[2023-12-06T10:22:34.633+0000] {processor.py:176} INFO - Processing /opt/airflow/dags/user_processing.py took 0.642 seconds
[2023-12-06T10:23:04.952+0000] {processor.py:154} INFO - Started process (PID=558) to work on /opt/airflow/dags/user_processing.py
[2023-12-06T10:23:04.953+0000] {processor.py:756} INFO - Processing file /opt/airflow/dags/user_processing.py for tasks to queue
[2023-12-06T10:23:04.953+0000] {logging_mixin.py:120} INFO - [2023-12-06T10:23:04.953+0000] {dagbag.py:537} INFO - Filling up the DagBag from /opt/airflow/dags/user_processing.py
[2023-12-06T10:23:05.217+0000] {processor.py:766} INFO - DAG(s) dict_keys(['user_processing']) retrieved from /opt/airflow/dags/user_processing.py
[2023-12-06T10:23:05.389+0000] {logging_mixin.py:120} INFO - [2023-12-06T10:23:05.388+0000] {dag.py:2585} INFO - Sync 1 DAGs
[2023-12-06T10:23:05.543+0000] {logging_mixin.py:120} INFO - [2023-12-06T10:23:05.543+0000] {dag.py:3340} INFO - Setting next_dagrun for user_processing to 2023-12-05T00:00:00+00:00, run_after=2023-12-06T00:00:00+00:00
[2023-12-06T10:23:05.564+0000] {processor.py:176} INFO - Processing /opt/airflow/dags/user_processing.py took 0.614 seconds
[2023-12-06T10:23:35.904+0000] {processor.py:154} INFO - Started process (PID=600) to work on /opt/airflow/dags/user_processing.py
[2023-12-06T10:23:35.905+0000] {processor.py:756} INFO - Processing file /opt/airflow/dags/user_processing.py for tasks to queue
[2023-12-06T10:23:35.906+0000] {logging_mixin.py:120} INFO - [2023-12-06T10:23:35.906+0000] {dagbag.py:537} INFO - Filling up the DagBag from /opt/airflow/dags/user_processing.py
[2023-12-06T10:23:36.174+0000] {processor.py:766} INFO - DAG(s) dict_keys(['user_processing']) retrieved from /opt/airflow/dags/user_processing.py
[2023-12-06T10:23:36.382+0000] {logging_mixin.py:120} INFO - [2023-12-06T10:23:36.381+0000] {dag.py:2585} INFO - Sync 1 DAGs
[2023-12-06T10:23:36.403+0000] {logging_mixin.py:120} INFO - [2023-12-06T10:23:36.403+0000] {dag.py:3340} INFO - Setting next_dagrun for user_processing to 2023-12-05T00:00:00+00:00, run_after=2023-12-06T00:00:00+00:00
[2023-12-06T10:23:36.425+0000] {processor.py:176} INFO - Processing /opt/airflow/dags/user_processing.py took 0.523 seconds
[2023-12-06T10:24:06.554+0000] {processor.py:154} INFO - Started process (PID=642) to work on /opt/airflow/dags/user_processing.py
[2023-12-06T10:24:06.554+0000] {processor.py:756} INFO - Processing file /opt/airflow/dags/user_processing.py for tasks to queue
[2023-12-06T10:24:06.555+0000] {logging_mixin.py:120} INFO - [2023-12-06T10:24:06.555+0000] {dagbag.py:537} INFO - Filling up the DagBag from /opt/airflow/dags/user_processing.py
[2023-12-06T10:24:06.815+0000] {processor.py:766} INFO - DAG(s) dict_keys(['user_processing']) retrieved from /opt/airflow/dags/user_processing.py
[2023-12-06T10:24:06.985+0000] {logging_mixin.py:120} INFO - [2023-12-06T10:24:06.985+0000] {dag.py:2585} INFO - Sync 1 DAGs
[2023-12-06T10:24:07.006+0000] {logging_mixin.py:120} INFO - [2023-12-06T10:24:07.006+0000] {dag.py:3340} INFO - Setting next_dagrun for user_processing to 2023-12-05T00:00:00+00:00, run_after=2023-12-06T00:00:00+00:00
[2023-12-06T10:24:07.028+0000] {processor.py:176} INFO - Processing /opt/airflow/dags/user_processing.py took 0.477 seconds
[2023-12-06T10:24:37.848+0000] {processor.py:154} INFO - Started process (PID=684) to work on /opt/airflow/dags/user_processing.py
[2023-12-06T10:24:37.848+0000] {processor.py:756} INFO - Processing file /opt/airflow/dags/user_processing.py for tasks to queue
[2023-12-06T10:24:37.849+0000] {logging_mixin.py:120} INFO - [2023-12-06T10:24:37.849+0000] {dagbag.py:537} INFO - Filling up the DagBag from /opt/airflow/dags/user_processing.py
[2023-12-06T10:24:38.114+0000] {processor.py:766} INFO - DAG(s) dict_keys(['user_processing']) retrieved from /opt/airflow/dags/user_processing.py
[2023-12-06T10:24:38.285+0000] {logging_mixin.py:120} INFO - [2023-12-06T10:24:38.284+0000] {dag.py:2585} INFO - Sync 1 DAGs
[2023-12-06T10:24:38.306+0000] {logging_mixin.py:120} INFO - [2023-12-06T10:24:38.306+0000] {dag.py:3340} INFO - Setting next_dagrun for user_processing to 2023-12-05T00:00:00+00:00, run_after=2023-12-06T00:00:00+00:00
[2023-12-06T10:24:38.327+0000] {processor.py:176} INFO - Processing /opt/airflow/dags/user_processing.py took 0.481 seconds
[2023-12-06T10:25:08.762+0000] {processor.py:154} INFO - Started process (PID=717) to work on /opt/airflow/dags/user_processing.py
[2023-12-06T10:25:08.763+0000] {processor.py:756} INFO - Processing file /opt/airflow/dags/user_processing.py for tasks to queue
[2023-12-06T10:25:08.763+0000] {logging_mixin.py:120} INFO - [2023-12-06T10:25:08.763+0000] {dagbag.py:537} INFO - Filling up the DagBag from /opt/airflow/dags/user_processing.py
[2023-12-06T10:25:09.146+0000] {processor.py:766} INFO - DAG(s) dict_keys(['user_processing']) retrieved from /opt/airflow/dags/user_processing.py
[2023-12-06T10:25:09.429+0000] {logging_mixin.py:120} INFO - [2023-12-06T10:25:09.428+0000] {dag.py:2585} INFO - Sync 1 DAGs
[2023-12-06T10:25:09.464+0000] {logging_mixin.py:120} INFO - [2023-12-06T10:25:09.464+0000] {dag.py:3340} INFO - Setting next_dagrun for user_processing to 2023-12-05T00:00:00+00:00, run_after=2023-12-06T00:00:00+00:00
[2023-12-06T10:25:09.494+0000] {processor.py:176} INFO - Processing /opt/airflow/dags/user_processing.py took 0.734 seconds
[2023-12-06T10:25:40.458+0000] {processor.py:154} INFO - Started process (PID=759) to work on /opt/airflow/dags/user_processing.py
[2023-12-06T10:25:40.458+0000] {processor.py:756} INFO - Processing file /opt/airflow/dags/user_processing.py for tasks to queue
[2023-12-06T10:25:40.459+0000] {logging_mixin.py:120} INFO - [2023-12-06T10:25:40.459+0000] {dagbag.py:537} INFO - Filling up the DagBag from /opt/airflow/dags/user_processing.py
[2023-12-06T10:25:40.713+0000] {processor.py:766} INFO - DAG(s) dict_keys(['user_processing']) retrieved from /opt/airflow/dags/user_processing.py
[2023-12-06T10:25:40.887+0000] {logging_mixin.py:120} INFO - [2023-12-06T10:25:40.887+0000] {dag.py:2585} INFO - Sync 1 DAGs
[2023-12-06T10:25:40.909+0000] {logging_mixin.py:120} INFO - [2023-12-06T10:25:40.909+0000] {dag.py:3340} INFO - Setting next_dagrun for user_processing to 2023-12-05T00:00:00+00:00, run_after=2023-12-06T00:00:00+00:00
[2023-12-06T10:25:41.063+0000] {processor.py:176} INFO - Processing /opt/airflow/dags/user_processing.py took 0.607 seconds
[2023-12-06T10:26:12.031+0000] {processor.py:154} INFO - Started process (PID=801) to work on /opt/airflow/dags/user_processing.py
[2023-12-06T10:26:12.032+0000] {processor.py:756} INFO - Processing file /opt/airflow/dags/user_processing.py for tasks to queue
[2023-12-06T10:26:12.033+0000] {logging_mixin.py:120} INFO - [2023-12-06T10:26:12.032+0000] {dagbag.py:537} INFO - Filling up the DagBag from /opt/airflow/dags/user_processing.py
[2023-12-06T10:26:12.291+0000] {processor.py:766} INFO - DAG(s) dict_keys(['user_processing']) retrieved from /opt/airflow/dags/user_processing.py
[2023-12-06T10:26:12.468+0000] {logging_mixin.py:120} INFO - [2023-12-06T10:26:12.467+0000] {dag.py:2585} INFO - Sync 1 DAGs
[2023-12-06T10:26:12.623+0000] {logging_mixin.py:120} INFO - [2023-12-06T10:26:12.623+0000] {dag.py:3340} INFO - Setting next_dagrun for user_processing to 2023-12-05T00:00:00+00:00, run_after=2023-12-06T00:00:00+00:00
[2023-12-06T10:26:12.648+0000] {processor.py:176} INFO - Processing /opt/airflow/dags/user_processing.py took 0.619 seconds
[2023-12-06T10:26:42.708+0000] {processor.py:154} INFO - Started process (PID=844) to work on /opt/airflow/dags/user_processing.py
[2023-12-06T10:26:42.709+0000] {processor.py:756} INFO - Processing file /opt/airflow/dags/user_processing.py for tasks to queue
[2023-12-06T10:26:42.709+0000] {logging_mixin.py:120} INFO - [2023-12-06T10:26:42.709+0000] {dagbag.py:537} INFO - Filling up the DagBag from /opt/airflow/dags/user_processing.py
[2023-12-06T10:26:42.977+0000] {processor.py:766} INFO - DAG(s) dict_keys(['user_processing']) retrieved from /opt/airflow/dags/user_processing.py
[2023-12-06T10:26:43.145+0000] {logging_mixin.py:120} INFO - [2023-12-06T10:26:43.145+0000] {dag.py:2585} INFO - Sync 1 DAGs
[2023-12-06T10:26:43.167+0000] {logging_mixin.py:120} INFO - [2023-12-06T10:26:43.167+0000] {dag.py:3340} INFO - Setting next_dagrun for user_processing to 2023-12-05T00:00:00+00:00, run_after=2023-12-06T00:00:00+00:00
[2023-12-06T10:26:43.189+0000] {processor.py:176} INFO - Processing /opt/airflow/dags/user_processing.py took 0.483 seconds
[2023-12-06T10:27:13.563+0000] {processor.py:154} INFO - Started process (PID=877) to work on /opt/airflow/dags/user_processing.py
[2023-12-06T10:27:13.564+0000] {processor.py:756} INFO - Processing file /opt/airflow/dags/user_processing.py for tasks to queue
[2023-12-06T10:27:13.564+0000] {logging_mixin.py:120} INFO - [2023-12-06T10:27:13.564+0000] {dagbag.py:537} INFO - Filling up the DagBag from /opt/airflow/dags/user_processing.py
[2023-12-06T10:27:13.845+0000] {processor.py:766} INFO - DAG(s) dict_keys(['user_processing']) retrieved from /opt/airflow/dags/user_processing.py
[2023-12-06T10:27:14.074+0000] {logging_mixin.py:120} INFO - [2023-12-06T10:27:14.073+0000] {dag.py:2585} INFO - Sync 1 DAGs
[2023-12-06T10:27:14.107+0000] {logging_mixin.py:120} INFO - [2023-12-06T10:27:14.107+0000] {dag.py:3340} INFO - Setting next_dagrun for user_processing to 2023-12-05T00:00:00+00:00, run_after=2023-12-06T00:00:00+00:00
[2023-12-06T10:27:14.133+0000] {processor.py:176} INFO - Processing /opt/airflow/dags/user_processing.py took 0.573 seconds
[2023-12-06T10:27:44.257+0000] {processor.py:154} INFO - Started process (PID=921) to work on /opt/airflow/dags/user_processing.py
[2023-12-06T10:27:44.257+0000] {processor.py:756} INFO - Processing file /opt/airflow/dags/user_processing.py for tasks to queue
[2023-12-06T10:27:44.258+0000] {logging_mixin.py:120} INFO - [2023-12-06T10:27:44.258+0000] {dagbag.py:537} INFO - Filling up the DagBag from /opt/airflow/dags/user_processing.py
[2023-12-06T10:27:44.510+0000] {processor.py:766} INFO - DAG(s) dict_keys(['user_processing']) retrieved from /opt/airflow/dags/user_processing.py
[2023-12-06T10:27:44.682+0000] {logging_mixin.py:120} INFO - [2023-12-06T10:27:44.681+0000] {dag.py:2585} INFO - Sync 1 DAGs
[2023-12-06T10:27:44.702+0000] {logging_mixin.py:120} INFO - [2023-12-06T10:27:44.702+0000] {dag.py:3340} INFO - Setting next_dagrun for user_processing to 2023-12-05T00:00:00+00:00, run_after=2023-12-06T00:00:00+00:00
[2023-12-06T10:27:44.724+0000] {processor.py:176} INFO - Processing /opt/airflow/dags/user_processing.py took 0.470 seconds
[2023-12-06T10:28:15.490+0000] {processor.py:154} INFO - Started process (PID=964) to work on /opt/airflow/dags/user_processing.py
[2023-12-06T10:28:15.491+0000] {processor.py:756} INFO - Processing file /opt/airflow/dags/user_processing.py for tasks to queue
[2023-12-06T10:28:15.492+0000] {logging_mixin.py:120} INFO - [2023-12-06T10:28:15.492+0000] {dagbag.py:537} INFO - Filling up the DagBag from /opt/airflow/dags/user_processing.py
[2023-12-06T10:28:15.753+0000] {processor.py:766} INFO - DAG(s) dict_keys(['user_processing']) retrieved from /opt/airflow/dags/user_processing.py
[2023-12-06T10:28:15.933+0000] {logging_mixin.py:120} INFO - [2023-12-06T10:28:15.933+0000] {dag.py:2585} INFO - Sync 1 DAGs
[2023-12-06T10:28:15.955+0000] {logging_mixin.py:120} INFO - [2023-12-06T10:28:15.955+0000] {dag.py:3340} INFO - Setting next_dagrun for user_processing to 2023-12-05T00:00:00+00:00, run_after=2023-12-06T00:00:00+00:00
[2023-12-06T10:28:15.977+0000] {processor.py:176} INFO - Processing /opt/airflow/dags/user_processing.py took 0.489 seconds
[2023-12-06T10:28:46.467+0000] {processor.py:154} INFO - Started process (PID=1006) to work on /opt/airflow/dags/user_processing.py
[2023-12-06T10:28:46.467+0000] {processor.py:756} INFO - Processing file /opt/airflow/dags/user_processing.py for tasks to queue
[2023-12-06T10:28:46.468+0000] {logging_mixin.py:120} INFO - [2023-12-06T10:28:46.468+0000] {dagbag.py:537} INFO - Filling up the DagBag from /opt/airflow/dags/user_processing.py
[2023-12-06T10:28:46.724+0000] {processor.py:766} INFO - DAG(s) dict_keys(['user_processing']) retrieved from /opt/airflow/dags/user_processing.py
[2023-12-06T10:28:46.932+0000] {logging_mixin.py:120} INFO - [2023-12-06T10:28:46.932+0000] {dag.py:2585} INFO - Sync 1 DAGs
[2023-12-06T10:28:47.088+0000] {logging_mixin.py:120} INFO - [2023-12-06T10:28:47.087+0000] {dag.py:3340} INFO - Setting next_dagrun for user_processing to 2023-12-05T00:00:00+00:00, run_after=2023-12-06T00:00:00+00:00
[2023-12-06T10:28:47.108+0000] {processor.py:176} INFO - Processing /opt/airflow/dags/user_processing.py took 0.644 seconds
[2023-12-06T10:29:17.428+0000] {processor.py:154} INFO - Started process (PID=1039) to work on /opt/airflow/dags/user_processing.py
[2023-12-06T10:29:17.429+0000] {processor.py:756} INFO - Processing file /opt/airflow/dags/user_processing.py for tasks to queue
[2023-12-06T10:29:17.429+0000] {logging_mixin.py:120} INFO - [2023-12-06T10:29:17.429+0000] {dagbag.py:537} INFO - Filling up the DagBag from /opt/airflow/dags/user_processing.py
[2023-12-06T10:29:17.686+0000] {processor.py:766} INFO - DAG(s) dict_keys(['user_processing']) retrieved from /opt/airflow/dags/user_processing.py
[2023-12-06T10:29:17.866+0000] {logging_mixin.py:120} INFO - [2023-12-06T10:29:17.865+0000] {dag.py:2585} INFO - Sync 1 DAGs
[2023-12-06T10:29:17.887+0000] {logging_mixin.py:120} INFO - [2023-12-06T10:29:17.887+0000] {dag.py:3340} INFO - Setting next_dagrun for user_processing to 2023-12-05T00:00:00+00:00, run_after=2023-12-06T00:00:00+00:00
[2023-12-06T10:29:17.909+0000] {processor.py:176} INFO - Processing /opt/airflow/dags/user_processing.py took 0.484 seconds
[2023-12-06T20:11:07.819+0000] {processor.py:154} INFO - Started process (PID=62) to work on /opt/airflow/dags/user_processing.py
[2023-12-06T20:11:07.832+0000] {processor.py:756} INFO - Processing file /opt/airflow/dags/user_processing.py for tasks to queue
[2023-12-06T20:11:07.833+0000] {logging_mixin.py:120} INFO - [2023-12-06T20:11:07.833+0000] {dagbag.py:537} INFO - Filling up the DagBag from /opt/airflow/dags/user_processing.py
[2023-12-06T20:11:09.112+0000] {processor.py:766} INFO - DAG(s) dict_keys(['user_processing']) retrieved from /opt/airflow/dags/user_processing.py
[2023-12-06T20:11:09.899+0000] {logging_mixin.py:120} INFO - [2023-12-06T20:11:09.898+0000] {dag.py:2585} INFO - Sync 1 DAGs
[2023-12-06T20:11:09.989+0000] {logging_mixin.py:120} INFO - [2023-12-06T20:11:09.989+0000] {dag.py:3340} INFO - Setting next_dagrun for user_processing to 2023-12-05T00:00:00+00:00, run_after=2023-12-06T00:00:00+00:00
[2023-12-06T20:11:10.038+0000] {processor.py:176} INFO - Processing /opt/airflow/dags/user_processing.py took 2.231 seconds
[2023-12-06T20:11:40.752+0000] {processor.py:154} INFO - Started process (PID=95) to work on /opt/airflow/dags/user_processing.py
[2023-12-06T20:11:40.759+0000] {processor.py:756} INFO - Processing file /opt/airflow/dags/user_processing.py for tasks to queue
[2023-12-06T20:11:40.763+0000] {logging_mixin.py:120} INFO - [2023-12-06T20:11:40.763+0000] {dagbag.py:537} INFO - Filling up the DagBag from /opt/airflow/dags/user_processing.py
[2023-12-06T20:11:42.212+0000] {processor.py:766} INFO - DAG(s) dict_keys(['user_processing']) retrieved from /opt/airflow/dags/user_processing.py
[2023-12-06T20:11:43.980+0000] {logging_mixin.py:120} INFO - [2023-12-06T20:11:43.979+0000] {dag.py:2585} INFO - Sync 1 DAGs
[2023-12-06T20:11:44.178+0000] {logging_mixin.py:120} INFO - [2023-12-06T20:11:44.177+0000] {dag.py:3340} INFO - Setting next_dagrun for user_processing to 2023-12-05T00:00:00+00:00, run_after=2023-12-06T00:00:00+00:00
[2023-12-06T20:11:44.292+0000] {processor.py:176} INFO - Processing /opt/airflow/dags/user_processing.py took 3.559 seconds
[2023-12-06T20:12:14.605+0000] {processor.py:154} INFO - Started process (PID=137) to work on /opt/airflow/dags/user_processing.py
[2023-12-06T20:12:14.619+0000] {processor.py:756} INFO - Processing file /opt/airflow/dags/user_processing.py for tasks to queue
[2023-12-06T20:12:14.620+0000] {logging_mixin.py:120} INFO - [2023-12-06T20:12:14.620+0000] {dagbag.py:537} INFO - Filling up the DagBag from /opt/airflow/dags/user_processing.py
[2023-12-06T20:12:16.441+0000] {processor.py:766} INFO - DAG(s) dict_keys(['user_processing']) retrieved from /opt/airflow/dags/user_processing.py
[2023-12-06T20:12:17.375+0000] {logging_mixin.py:120} INFO - [2023-12-06T20:12:17.373+0000] {dag.py:2585} INFO - Sync 1 DAGs
[2023-12-06T20:12:17.476+0000] {logging_mixin.py:120} INFO - [2023-12-06T20:12:17.475+0000] {dag.py:3340} INFO - Setting next_dagrun for user_processing to 2023-12-05T00:00:00+00:00, run_after=2023-12-06T00:00:00+00:00
[2023-12-06T20:12:17.536+0000] {processor.py:176} INFO - Processing /opt/airflow/dags/user_processing.py took 2.948 seconds
[2023-12-06T20:12:47.831+0000] {processor.py:154} INFO - Started process (PID=172) to work on /opt/airflow/dags/user_processing.py
[2023-12-06T20:12:47.832+0000] {processor.py:756} INFO - Processing file /opt/airflow/dags/user_processing.py for tasks to queue
[2023-12-06T20:12:47.834+0000] {logging_mixin.py:120} INFO - [2023-12-06T20:12:47.834+0000] {dagbag.py:537} INFO - Filling up the DagBag from /opt/airflow/dags/user_processing.py
[2023-12-06T20:12:48.708+0000] {processor.py:766} INFO - DAG(s) dict_keys(['user_processing']) retrieved from /opt/airflow/dags/user_processing.py
[2023-12-06T20:12:49.440+0000] {logging_mixin.py:120} INFO - [2023-12-06T20:12:49.439+0000] {dag.py:2585} INFO - Sync 1 DAGs
[2023-12-06T20:12:49.514+0000] {logging_mixin.py:120} INFO - [2023-12-06T20:12:49.514+0000] {dag.py:3340} INFO - Setting next_dagrun for user_processing to 2023-12-05T00:00:00+00:00, run_after=2023-12-06T00:00:00+00:00
[2023-12-06T20:12:49.560+0000] {processor.py:176} INFO - Processing /opt/airflow/dags/user_processing.py took 1.740 seconds
[2023-12-06T20:13:19.865+0000] {processor.py:154} INFO - Started process (PID=206) to work on /opt/airflow/dags/user_processing.py
[2023-12-06T20:13:19.871+0000] {processor.py:756} INFO - Processing file /opt/airflow/dags/user_processing.py for tasks to queue
[2023-12-06T20:13:19.872+0000] {logging_mixin.py:120} INFO - [2023-12-06T20:13:19.872+0000] {dagbag.py:537} INFO - Filling up the DagBag from /opt/airflow/dags/user_processing.py
[2023-12-06T20:13:20.361+0000] {processor.py:766} INFO - DAG(s) dict_keys(['user_processing']) retrieved from /opt/airflow/dags/user_processing.py
[2023-12-06T20:13:20.830+0000] {logging_mixin.py:120} INFO - [2023-12-06T20:13:20.829+0000] {dag.py:2585} INFO - Sync 1 DAGs
[2023-12-06T20:13:20.868+0000] {logging_mixin.py:120} INFO - [2023-12-06T20:13:20.868+0000] {dag.py:3340} INFO - Setting next_dagrun for user_processing to 2023-12-05T00:00:00+00:00, run_after=2023-12-06T00:00:00+00:00
[2023-12-06T20:13:20.915+0000] {processor.py:176} INFO - Processing /opt/airflow/dags/user_processing.py took 1.053 seconds
[2023-12-06T20:13:51.618+0000] {processor.py:154} INFO - Started process (PID=246) to work on /opt/airflow/dags/user_processing.py
[2023-12-06T20:13:51.652+0000] {processor.py:756} INFO - Processing file /opt/airflow/dags/user_processing.py for tasks to queue
[2023-12-06T20:13:51.653+0000] {logging_mixin.py:120} INFO - [2023-12-06T20:13:51.652+0000] {dagbag.py:537} INFO - Filling up the DagBag from /opt/airflow/dags/user_processing.py
[2023-12-06T20:13:53.794+0000] {processor.py:766} INFO - DAG(s) dict_keys(['user_processing']) retrieved from /opt/airflow/dags/user_processing.py
[2023-12-06T20:13:55.440+0000] {logging_mixin.py:120} INFO - [2023-12-06T20:13:55.439+0000] {dag.py:2585} INFO - Sync 1 DAGs
[2023-12-06T20:13:55.496+0000] {logging_mixin.py:120} INFO - [2023-12-06T20:13:55.495+0000] {dag.py:3340} INFO - Setting next_dagrun for user_processing to 2023-12-05T00:00:00+00:00, run_after=2023-12-06T00:00:00+00:00
[2023-12-06T20:13:55.619+0000] {processor.py:176} INFO - Processing /opt/airflow/dags/user_processing.py took 4.004 seconds
[2023-12-06T20:14:26.510+0000] {processor.py:154} INFO - Started process (PID=279) to work on /opt/airflow/dags/user_processing.py
[2023-12-06T20:14:26.516+0000] {processor.py:756} INFO - Processing file /opt/airflow/dags/user_processing.py for tasks to queue
[2023-12-06T20:14:26.517+0000] {logging_mixin.py:120} INFO - [2023-12-06T20:14:26.517+0000] {dagbag.py:537} INFO - Filling up the DagBag from /opt/airflow/dags/user_processing.py
[2023-12-06T20:14:27.183+0000] {processor.py:766} INFO - DAG(s) dict_keys(['user_processing']) retrieved from /opt/airflow/dags/user_processing.py
[2023-12-06T20:14:27.820+0000] {logging_mixin.py:120} INFO - [2023-12-06T20:14:27.819+0000] {dag.py:2585} INFO - Sync 1 DAGs
[2023-12-06T20:14:27.895+0000] {logging_mixin.py:120} INFO - [2023-12-06T20:14:27.895+0000] {dag.py:3340} INFO - Setting next_dagrun for user_processing to 2023-12-05T00:00:00+00:00, run_after=2023-12-06T00:00:00+00:00
[2023-12-06T20:14:28.298+0000] {processor.py:176} INFO - Processing /opt/airflow/dags/user_processing.py took 1.796 seconds
[2023-12-06T20:14:58.996+0000] {processor.py:154} INFO - Started process (PID=322) to work on /opt/airflow/dags/user_processing.py
[2023-12-06T20:14:58.997+0000] {processor.py:756} INFO - Processing file /opt/airflow/dags/user_processing.py for tasks to queue
[2023-12-06T20:14:58.998+0000] {logging_mixin.py:120} INFO - [2023-12-06T20:14:58.998+0000] {dagbag.py:537} INFO - Filling up the DagBag from /opt/airflow/dags/user_processing.py
[2023-12-06T20:14:59.381+0000] {processor.py:766} INFO - DAG(s) dict_keys(['user_processing']) retrieved from /opt/airflow/dags/user_processing.py
[2023-12-06T20:14:59.784+0000] {logging_mixin.py:120} INFO - [2023-12-06T20:14:59.783+0000] {dag.py:2585} INFO - Sync 1 DAGs
[2023-12-06T20:14:59.815+0000] {logging_mixin.py:120} INFO - [2023-12-06T20:14:59.815+0000] {dag.py:3340} INFO - Setting next_dagrun for user_processing to 2023-12-05T00:00:00+00:00, run_after=2023-12-06T00:00:00+00:00
[2023-12-06T20:14:59.845+0000] {processor.py:176} INFO - Processing /opt/airflow/dags/user_processing.py took 0.854 seconds
[2023-12-06T20:15:29.926+0000] {processor.py:154} INFO - Started process (PID=362) to work on /opt/airflow/dags/user_processing.py
[2023-12-06T20:15:29.926+0000] {processor.py:756} INFO - Processing file /opt/airflow/dags/user_processing.py for tasks to queue
[2023-12-06T20:15:29.932+0000] {logging_mixin.py:120} INFO - [2023-12-06T20:15:29.931+0000] {dagbag.py:537} INFO - Filling up the DagBag from /opt/airflow/dags/user_processing.py
[2023-12-06T20:15:30.977+0000] {processor.py:766} INFO - DAG(s) dict_keys(['user_processing']) retrieved from /opt/airflow/dags/user_processing.py
[2023-12-06T20:15:31.395+0000] {logging_mixin.py:120} INFO - [2023-12-06T20:15:31.394+0000] {dag.py:2585} INFO - Sync 1 DAGs
[2023-12-06T20:15:31.453+0000] {logging_mixin.py:120} INFO - [2023-12-06T20:15:31.452+0000] {dag.py:3340} INFO - Setting next_dagrun for user_processing to 2023-12-05T00:00:00+00:00, run_after=2023-12-06T00:00:00+00:00
[2023-12-06T20:15:31.497+0000] {processor.py:176} INFO - Processing /opt/airflow/dags/user_processing.py took 1.575 seconds
[2023-12-06T20:16:01.600+0000] {processor.py:154} INFO - Started process (PID=395) to work on /opt/airflow/dags/user_processing.py
[2023-12-06T20:16:01.601+0000] {processor.py:756} INFO - Processing file /opt/airflow/dags/user_processing.py for tasks to queue
[2023-12-06T20:16:01.602+0000] {logging_mixin.py:120} INFO - [2023-12-06T20:16:01.602+0000] {dagbag.py:537} INFO - Filling up the DagBag from /opt/airflow/dags/user_processing.py
[2023-12-06T20:16:02.018+0000] {processor.py:766} INFO - DAG(s) dict_keys(['user_processing']) retrieved from /opt/airflow/dags/user_processing.py
[2023-12-06T20:16:02.328+0000] {logging_mixin.py:120} INFO - [2023-12-06T20:16:02.327+0000] {dag.py:2585} INFO - Sync 1 DAGs
[2023-12-06T20:16:02.355+0000] {logging_mixin.py:120} INFO - [2023-12-06T20:16:02.355+0000] {dag.py:3340} INFO - Setting next_dagrun for user_processing to 2023-12-05T00:00:00+00:00, run_after=2023-12-06T00:00:00+00:00
[2023-12-06T20:16:02.379+0000] {processor.py:176} INFO - Processing /opt/airflow/dags/user_processing.py took 0.783 seconds
[2023-12-06T20:16:32.629+0000] {processor.py:154} INFO - Started process (PID=437) to work on /opt/airflow/dags/user_processing.py
[2023-12-06T20:16:32.629+0000] {processor.py:756} INFO - Processing file /opt/airflow/dags/user_processing.py for tasks to queue
[2023-12-06T20:16:32.630+0000] {logging_mixin.py:120} INFO - [2023-12-06T20:16:32.630+0000] {dagbag.py:537} INFO - Filling up the DagBag from /opt/airflow/dags/user_processing.py
[2023-12-06T20:16:33.022+0000] {processor.py:766} INFO - DAG(s) dict_keys(['user_processing']) retrieved from /opt/airflow/dags/user_processing.py
[2023-12-06T20:16:33.423+0000] {logging_mixin.py:120} INFO - [2023-12-06T20:16:33.422+0000] {dag.py:2585} INFO - Sync 1 DAGs
[2023-12-06T20:16:33.470+0000] {logging_mixin.py:120} INFO - [2023-12-06T20:16:33.470+0000] {dag.py:3340} INFO - Setting next_dagrun for user_processing to 2023-12-05T00:00:00+00:00, run_after=2023-12-06T00:00:00+00:00
[2023-12-06T20:16:33.528+0000] {processor.py:176} INFO - Processing /opt/airflow/dags/user_processing.py took 0.903 seconds
[2023-12-06T20:17:03.585+0000] {processor.py:154} INFO - Started process (PID=479) to work on /opt/airflow/dags/user_processing.py
[2023-12-06T20:17:03.589+0000] {processor.py:756} INFO - Processing file /opt/airflow/dags/user_processing.py for tasks to queue
[2023-12-06T20:17:03.590+0000] {logging_mixin.py:120} INFO - [2023-12-06T20:17:03.589+0000] {dagbag.py:537} INFO - Filling up the DagBag from /opt/airflow/dags/user_processing.py
[2023-12-06T20:17:04.409+0000] {processor.py:766} INFO - DAG(s) dict_keys(['user_processing']) retrieved from /opt/airflow/dags/user_processing.py
[2023-12-06T20:17:04.898+0000] {logging_mixin.py:120} INFO - [2023-12-06T20:17:04.898+0000] {dag.py:2585} INFO - Sync 1 DAGs
[2023-12-06T20:17:04.923+0000] {logging_mixin.py:120} INFO - [2023-12-06T20:17:04.923+0000] {dag.py:3340} INFO - Setting next_dagrun for user_processing to 2023-12-05T00:00:00+00:00, run_after=2023-12-06T00:00:00+00:00
[2023-12-06T20:17:04.951+0000] {processor.py:176} INFO - Processing /opt/airflow/dags/user_processing.py took 1.373 seconds
[2023-12-06T20:17:35.089+0000] {processor.py:154} INFO - Started process (PID=512) to work on /opt/airflow/dags/user_processing.py
[2023-12-06T20:17:35.091+0000] {processor.py:756} INFO - Processing file /opt/airflow/dags/user_processing.py for tasks to queue
[2023-12-06T20:17:35.092+0000] {logging_mixin.py:120} INFO - [2023-12-06T20:17:35.092+0000] {dagbag.py:537} INFO - Filling up the DagBag from /opt/airflow/dags/user_processing.py
[2023-12-06T20:17:35.985+0000] {processor.py:766} INFO - DAG(s) dict_keys(['user_processing']) retrieved from /opt/airflow/dags/user_processing.py
[2023-12-06T20:17:36.572+0000] {logging_mixin.py:120} INFO - [2023-12-06T20:17:36.572+0000] {dag.py:2585} INFO - Sync 1 DAGs
[2023-12-06T20:17:36.788+0000] {logging_mixin.py:120} INFO - [2023-12-06T20:17:36.787+0000] {dag.py:3340} INFO - Setting next_dagrun for user_processing to 2023-12-05T00:00:00+00:00, run_after=2023-12-06T00:00:00+00:00
[2023-12-06T20:17:36.816+0000] {processor.py:176} INFO - Processing /opt/airflow/dags/user_processing.py took 1.742 seconds
[2023-12-06T20:18:06.871+0000] {processor.py:154} INFO - Started process (PID=554) to work on /opt/airflow/dags/user_processing.py
[2023-12-06T20:18:06.872+0000] {processor.py:756} INFO - Processing file /opt/airflow/dags/user_processing.py for tasks to queue
[2023-12-06T20:18:06.873+0000] {logging_mixin.py:120} INFO - [2023-12-06T20:18:06.873+0000] {dagbag.py:537} INFO - Filling up the DagBag from /opt/airflow/dags/user_processing.py
[2023-12-06T20:18:07.303+0000] {processor.py:766} INFO - DAG(s) dict_keys(['user_processing']) retrieved from /opt/airflow/dags/user_processing.py
[2023-12-06T20:18:07.641+0000] {logging_mixin.py:120} INFO - [2023-12-06T20:18:07.640+0000] {dag.py:2585} INFO - Sync 1 DAGs
[2023-12-06T20:18:07.663+0000] {logging_mixin.py:120} INFO - [2023-12-06T20:18:07.663+0000] {dag.py:3340} INFO - Setting next_dagrun for user_processing to 2023-12-05T00:00:00+00:00, run_after=2023-12-06T00:00:00+00:00
[2023-12-06T20:18:07.685+0000] {processor.py:176} INFO - Processing /opt/airflow/dags/user_processing.py took 0.822 seconds
[2023-12-06T20:18:38.455+0000] {processor.py:154} INFO - Started process (PID=597) to work on /opt/airflow/dags/user_processing.py
[2023-12-06T20:18:38.456+0000] {processor.py:756} INFO - Processing file /opt/airflow/dags/user_processing.py for tasks to queue
[2023-12-06T20:18:38.458+0000] {logging_mixin.py:120} INFO - [2023-12-06T20:18:38.458+0000] {dagbag.py:537} INFO - Filling up the DagBag from /opt/airflow/dags/user_processing.py
[2023-12-06T20:18:39.097+0000] {processor.py:766} INFO - DAG(s) dict_keys(['user_processing']) retrieved from /opt/airflow/dags/user_processing.py
[2023-12-06T20:18:39.685+0000] {logging_mixin.py:120} INFO - [2023-12-06T20:18:39.684+0000] {dag.py:2585} INFO - Sync 1 DAGs
[2023-12-06T20:18:39.722+0000] {logging_mixin.py:120} INFO - [2023-12-06T20:18:39.722+0000] {dag.py:3340} INFO - Setting next_dagrun for user_processing to 2023-12-05T00:00:00+00:00, run_after=2023-12-06T00:00:00+00:00
[2023-12-06T20:18:39.750+0000] {processor.py:176} INFO - Processing /opt/airflow/dags/user_processing.py took 1.298 seconds
[2023-12-06T20:19:09.965+0000] {processor.py:154} INFO - Started process (PID=639) to work on /opt/airflow/dags/user_processing.py
[2023-12-06T20:19:09.967+0000] {processor.py:756} INFO - Processing file /opt/airflow/dags/user_processing.py for tasks to queue
[2023-12-06T20:19:09.971+0000] {logging_mixin.py:120} INFO - [2023-12-06T20:19:09.971+0000] {dagbag.py:537} INFO - Filling up the DagBag from /opt/airflow/dags/user_processing.py
[2023-12-06T20:19:10.376+0000] {processor.py:766} INFO - DAG(s) dict_keys(['user_processing']) retrieved from /opt/airflow/dags/user_processing.py
[2023-12-06T20:19:10.658+0000] {logging_mixin.py:120} INFO - [2023-12-06T20:19:10.657+0000] {dag.py:2585} INFO - Sync 1 DAGs
[2023-12-06T20:19:10.685+0000] {logging_mixin.py:120} INFO - [2023-12-06T20:19:10.685+0000] {dag.py:3340} INFO - Setting next_dagrun for user_processing to 2023-12-05T00:00:00+00:00, run_after=2023-12-06T00:00:00+00:00
[2023-12-06T20:19:10.709+0000] {processor.py:176} INFO - Processing /opt/airflow/dags/user_processing.py took 0.746 seconds
[2023-12-06T20:19:40.898+0000] {processor.py:154} INFO - Started process (PID=682) to work on /opt/airflow/dags/user_processing.py
[2023-12-06T20:19:40.899+0000] {processor.py:756} INFO - Processing file /opt/airflow/dags/user_processing.py for tasks to queue
[2023-12-06T20:19:40.900+0000] {logging_mixin.py:120} INFO - [2023-12-06T20:19:40.900+0000] {dagbag.py:537} INFO - Filling up the DagBag from /opt/airflow/dags/user_processing.py
[2023-12-06T20:19:41.371+0000] {processor.py:766} INFO - DAG(s) dict_keys(['user_processing']) retrieved from /opt/airflow/dags/user_processing.py
[2023-12-06T20:19:41.687+0000] {logging_mixin.py:120} INFO - [2023-12-06T20:19:41.686+0000] {dag.py:2585} INFO - Sync 1 DAGs
[2023-12-06T20:19:41.721+0000] {logging_mixin.py:120} INFO - [2023-12-06T20:19:41.720+0000] {dag.py:3340} INFO - Setting next_dagrun for user_processing to 2023-12-05T00:00:00+00:00, run_after=2023-12-06T00:00:00+00:00
[2023-12-06T20:19:41.745+0000] {processor.py:176} INFO - Processing /opt/airflow/dags/user_processing.py took 0.858 seconds
[2023-12-06T20:20:12.505+0000] {processor.py:154} INFO - Started process (PID=717) to work on /opt/airflow/dags/user_processing.py
[2023-12-06T20:20:12.506+0000] {processor.py:756} INFO - Processing file /opt/airflow/dags/user_processing.py for tasks to queue
[2023-12-06T20:20:12.506+0000] {logging_mixin.py:120} INFO - [2023-12-06T20:20:12.506+0000] {dagbag.py:537} INFO - Filling up the DagBag from /opt/airflow/dags/user_processing.py
[2023-12-06T20:20:13.094+0000] {processor.py:766} INFO - DAG(s) dict_keys(['user_processing']) retrieved from /opt/airflow/dags/user_processing.py
[2023-12-06T20:20:13.420+0000] {logging_mixin.py:120} INFO - [2023-12-06T20:20:13.419+0000] {dag.py:2585} INFO - Sync 1 DAGs
[2023-12-06T20:20:13.453+0000] {logging_mixin.py:120} INFO - [2023-12-06T20:20:13.453+0000] {dag.py:3340} INFO - Setting next_dagrun for user_processing to 2023-12-05T00:00:00+00:00, run_after=2023-12-06T00:00:00+00:00
[2023-12-06T20:20:13.629+0000] {processor.py:176} INFO - Processing /opt/airflow/dags/user_processing.py took 1.136 seconds
[2023-12-06T20:20:44.032+0000] {processor.py:154} INFO - Started process (PID=761) to work on /opt/airflow/dags/user_processing.py
[2023-12-06T20:20:44.032+0000] {processor.py:756} INFO - Processing file /opt/airflow/dags/user_processing.py for tasks to queue
[2023-12-06T20:20:44.033+0000] {logging_mixin.py:120} INFO - [2023-12-06T20:20:44.033+0000] {dagbag.py:537} INFO - Filling up the DagBag from /opt/airflow/dags/user_processing.py
[2023-12-06T20:20:44.331+0000] {processor.py:766} INFO - DAG(s) dict_keys(['user_processing']) retrieved from /opt/airflow/dags/user_processing.py
[2023-12-06T20:20:44.830+0000] {logging_mixin.py:120} INFO - [2023-12-06T20:20:44.827+0000] {dag.py:2585} INFO - Sync 1 DAGs
[2023-12-06T20:20:45.041+0000] {logging_mixin.py:120} INFO - [2023-12-06T20:20:45.041+0000] {dag.py:3340} INFO - Setting next_dagrun for user_processing to 2023-12-05T00:00:00+00:00, run_after=2023-12-06T00:00:00+00:00
[2023-12-06T20:20:45.067+0000] {processor.py:176} INFO - Processing /opt/airflow/dags/user_processing.py took 1.038 seconds
[2023-12-06T20:21:15.480+0000] {processor.py:154} INFO - Started process (PID=805) to work on /opt/airflow/dags/user_processing.py
[2023-12-06T20:21:15.482+0000] {processor.py:756} INFO - Processing file /opt/airflow/dags/user_processing.py for tasks to queue
[2023-12-06T20:21:15.483+0000] {logging_mixin.py:120} INFO - [2023-12-06T20:21:15.483+0000] {dagbag.py:537} INFO - Filling up the DagBag from /opt/airflow/dags/user_processing.py
[2023-12-06T20:21:16.058+0000] {processor.py:766} INFO - DAG(s) dict_keys(['user_processing']) retrieved from /opt/airflow/dags/user_processing.py
[2023-12-06T20:21:16.373+0000] {logging_mixin.py:120} INFO - [2023-12-06T20:21:16.373+0000] {dag.py:2585} INFO - Sync 1 DAGs
[2023-12-06T20:21:16.395+0000] {logging_mixin.py:120} INFO - [2023-12-06T20:21:16.395+0000] {dag.py:3340} INFO - Setting next_dagrun for user_processing to 2023-12-05T00:00:00+00:00, run_after=2023-12-06T00:00:00+00:00
[2023-12-06T20:21:16.417+0000] {processor.py:176} INFO - Processing /opt/airflow/dags/user_processing.py took 0.945 seconds
[2023-12-06T20:21:47.231+0000] {processor.py:154} INFO - Started process (PID=847) to work on /opt/airflow/dags/user_processing.py
[2023-12-06T20:21:47.231+0000] {processor.py:756} INFO - Processing file /opt/airflow/dags/user_processing.py for tasks to queue
[2023-12-06T20:21:47.239+0000] {logging_mixin.py:120} INFO - [2023-12-06T20:21:47.237+0000] {dagbag.py:537} INFO - Filling up the DagBag from /opt/airflow/dags/user_processing.py
[2023-12-06T20:21:47.582+0000] {processor.py:766} INFO - DAG(s) dict_keys(['user_processing']) retrieved from /opt/airflow/dags/user_processing.py
[2023-12-06T20:21:47.762+0000] {logging_mixin.py:120} INFO - [2023-12-06T20:21:47.762+0000] {dag.py:2585} INFO - Sync 1 DAGs
[2023-12-06T20:21:47.784+0000] {logging_mixin.py:120} INFO - [2023-12-06T20:21:47.784+0000] {dag.py:3340} INFO - Setting next_dagrun for user_processing to 2023-12-05T00:00:00+00:00, run_after=2023-12-06T00:00:00+00:00
[2023-12-06T20:21:47.805+0000] {processor.py:176} INFO - Processing /opt/airflow/dags/user_processing.py took 0.578 seconds
[2023-12-06T20:22:18.608+0000] {processor.py:154} INFO - Started process (PID=883) to work on /opt/airflow/dags/user_processing.py
[2023-12-06T20:22:18.609+0000] {processor.py:756} INFO - Processing file /opt/airflow/dags/user_processing.py for tasks to queue
[2023-12-06T20:22:18.610+0000] {logging_mixin.py:120} INFO - [2023-12-06T20:22:18.609+0000] {dagbag.py:537} INFO - Filling up the DagBag from /opt/airflow/dags/user_processing.py
[2023-12-06T20:22:19.003+0000] {processor.py:766} INFO - DAG(s) dict_keys(['user_processing']) retrieved from /opt/airflow/dags/user_processing.py
[2023-12-06T20:22:19.357+0000] {logging_mixin.py:120} INFO - [2023-12-06T20:22:19.357+0000] {dag.py:2585} INFO - Sync 1 DAGs
[2023-12-06T20:22:19.409+0000] {logging_mixin.py:120} INFO - [2023-12-06T20:22:19.408+0000] {dag.py:3340} INFO - Setting next_dagrun for user_processing to 2023-12-05T00:00:00+00:00, run_after=2023-12-06T00:00:00+00:00
[2023-12-06T20:22:19.470+0000] {processor.py:176} INFO - Processing /opt/airflow/dags/user_processing.py took 0.865 seconds
[2023-12-06T20:22:49.765+0000] {processor.py:154} INFO - Started process (PID=925) to work on /opt/airflow/dags/user_processing.py
[2023-12-06T20:22:49.766+0000] {processor.py:756} INFO - Processing file /opt/airflow/dags/user_processing.py for tasks to queue
[2023-12-06T20:22:49.766+0000] {logging_mixin.py:120} INFO - [2023-12-06T20:22:49.766+0000] {dagbag.py:537} INFO - Filling up the DagBag from /opt/airflow/dags/user_processing.py
[2023-12-06T20:22:50.073+0000] {processor.py:766} INFO - DAG(s) dict_keys(['user_processing']) retrieved from /opt/airflow/dags/user_processing.py
[2023-12-06T20:22:50.296+0000] {logging_mixin.py:120} INFO - [2023-12-06T20:22:50.295+0000] {dag.py:2585} INFO - Sync 1 DAGs
[2023-12-06T20:22:50.318+0000] {logging_mixin.py:120} INFO - [2023-12-06T20:22:50.317+0000] {dag.py:3340} INFO - Setting next_dagrun for user_processing to 2023-12-05T00:00:00+00:00, run_after=2023-12-06T00:00:00+00:00
[2023-12-06T20:22:50.464+0000] {processor.py:176} INFO - Processing /opt/airflow/dags/user_processing.py took 0.701 seconds
[2023-12-06T20:23:20.835+0000] {processor.py:154} INFO - Started process (PID=968) to work on /opt/airflow/dags/user_processing.py
[2023-12-06T20:23:20.836+0000] {processor.py:756} INFO - Processing file /opt/airflow/dags/user_processing.py for tasks to queue
[2023-12-06T20:23:20.836+0000] {logging_mixin.py:120} INFO - [2023-12-06T20:23:20.836+0000] {dagbag.py:537} INFO - Filling up the DagBag from /opt/airflow/dags/user_processing.py
[2023-12-06T20:23:21.505+0000] {processor.py:766} INFO - DAG(s) dict_keys(['user_processing']) retrieved from /opt/airflow/dags/user_processing.py
[2023-12-06T20:23:21.683+0000] {logging_mixin.py:120} INFO - [2023-12-06T20:23:21.682+0000] {dag.py:2585} INFO - Sync 1 DAGs
[2023-12-06T20:23:21.835+0000] {logging_mixin.py:120} INFO - [2023-12-06T20:23:21.835+0000] {dag.py:3340} INFO - Setting next_dagrun for user_processing to 2023-12-05T00:00:00+00:00, run_after=2023-12-06T00:00:00+00:00
[2023-12-06T20:23:21.855+0000] {processor.py:176} INFO - Processing /opt/airflow/dags/user_processing.py took 1.024 seconds
[2023-12-06T20:23:52.285+0000] {processor.py:154} INFO - Started process (PID=1010) to work on /opt/airflow/dags/user_processing.py
[2023-12-06T20:23:52.286+0000] {processor.py:756} INFO - Processing file /opt/airflow/dags/user_processing.py for tasks to queue
[2023-12-06T20:23:52.286+0000] {logging_mixin.py:120} INFO - [2023-12-06T20:23:52.286+0000] {dagbag.py:537} INFO - Filling up the DagBag from /opt/airflow/dags/user_processing.py
[2023-12-06T20:23:52.728+0000] {processor.py:766} INFO - DAG(s) dict_keys(['user_processing']) retrieved from /opt/airflow/dags/user_processing.py
[2023-12-06T20:23:53.125+0000] {logging_mixin.py:120} INFO - [2023-12-06T20:23:53.123+0000] {dag.py:2585} INFO - Sync 1 DAGs
[2023-12-06T20:23:53.159+0000] {logging_mixin.py:120} INFO - [2023-12-06T20:23:53.159+0000] {dag.py:3340} INFO - Setting next_dagrun for user_processing to 2023-12-05T00:00:00+00:00, run_after=2023-12-06T00:00:00+00:00
[2023-12-06T20:23:53.185+0000] {processor.py:176} INFO - Processing /opt/airflow/dags/user_processing.py took 0.904 seconds
[2023-12-06T20:24:23.636+0000] {processor.py:154} INFO - Started process (PID=1045) to work on /opt/airflow/dags/user_processing.py
[2023-12-06T20:24:23.637+0000] {processor.py:756} INFO - Processing file /opt/airflow/dags/user_processing.py for tasks to queue
[2023-12-06T20:24:23.638+0000] {logging_mixin.py:120} INFO - [2023-12-06T20:24:23.638+0000] {dagbag.py:537} INFO - Filling up the DagBag from /opt/airflow/dags/user_processing.py
[2023-12-06T20:24:24.203+0000] {processor.py:766} INFO - DAG(s) dict_keys(['user_processing']) retrieved from /opt/airflow/dags/user_processing.py
[2023-12-06T20:24:24.612+0000] {logging_mixin.py:120} INFO - [2023-12-06T20:24:24.611+0000] {dag.py:2585} INFO - Sync 1 DAGs
[2023-12-06T20:24:24.716+0000] {logging_mixin.py:120} INFO - [2023-12-06T20:24:24.715+0000] {dag.py:3340} INFO - Setting next_dagrun for user_processing to 2023-12-05T00:00:00+00:00, run_after=2023-12-06T00:00:00+00:00
[2023-12-06T20:24:24.779+0000] {processor.py:176} INFO - Processing /opt/airflow/dags/user_processing.py took 1.146 seconds
[2023-12-06T20:24:55.064+0000] {processor.py:154} INFO - Started process (PID=1088) to work on /opt/airflow/dags/user_processing.py
[2023-12-06T20:24:55.065+0000] {processor.py:756} INFO - Processing file /opt/airflow/dags/user_processing.py for tasks to queue
[2023-12-06T20:24:55.066+0000] {logging_mixin.py:120} INFO - [2023-12-06T20:24:55.065+0000] {dagbag.py:537} INFO - Filling up the DagBag from /opt/airflow/dags/user_processing.py
[2023-12-06T20:24:55.386+0000] {processor.py:766} INFO - DAG(s) dict_keys(['user_processing']) retrieved from /opt/airflow/dags/user_processing.py
[2023-12-06T20:24:55.558+0000] {logging_mixin.py:120} INFO - [2023-12-06T20:24:55.558+0000] {dag.py:2585} INFO - Sync 1 DAGs
[2023-12-06T20:24:55.581+0000] {logging_mixin.py:120} INFO - [2023-12-06T20:24:55.581+0000] {dag.py:3340} INFO - Setting next_dagrun for user_processing to 2023-12-05T00:00:00+00:00, run_after=2023-12-06T00:00:00+00:00
[2023-12-06T20:24:55.602+0000] {processor.py:176} INFO - Processing /opt/airflow/dags/user_processing.py took 0.541 seconds
[2023-12-06T20:25:26.481+0000] {processor.py:154} INFO - Started process (PID=1131) to work on /opt/airflow/dags/user_processing.py
[2023-12-06T20:25:26.482+0000] {processor.py:756} INFO - Processing file /opt/airflow/dags/user_processing.py for tasks to queue
[2023-12-06T20:25:26.483+0000] {logging_mixin.py:120} INFO - [2023-12-06T20:25:26.483+0000] {dagbag.py:537} INFO - Filling up the DagBag from /opt/airflow/dags/user_processing.py
[2023-12-06T20:25:26.912+0000] {processor.py:766} INFO - DAG(s) dict_keys(['user_processing']) retrieved from /opt/airflow/dags/user_processing.py
[2023-12-06T20:25:27.194+0000] {logging_mixin.py:120} INFO - [2023-12-06T20:25:27.193+0000] {dag.py:2585} INFO - Sync 1 DAGs
[2023-12-06T20:25:27.231+0000] {logging_mixin.py:120} INFO - [2023-12-06T20:25:27.231+0000] {dag.py:3340} INFO - Setting next_dagrun for user_processing to 2023-12-05T00:00:00+00:00, run_after=2023-12-06T00:00:00+00:00
[2023-12-06T20:25:27.264+0000] {processor.py:176} INFO - Processing /opt/airflow/dags/user_processing.py took 0.785 seconds
[2023-12-06T20:25:58.164+0000] {processor.py:154} INFO - Started process (PID=1174) to work on /opt/airflow/dags/user_processing.py
[2023-12-06T20:25:58.165+0000] {processor.py:756} INFO - Processing file /opt/airflow/dags/user_processing.py for tasks to queue
[2023-12-06T20:25:58.166+0000] {logging_mixin.py:120} INFO - [2023-12-06T20:25:58.166+0000] {dagbag.py:537} INFO - Filling up the DagBag from /opt/airflow/dags/user_processing.py
[2023-12-06T20:25:58.593+0000] {processor.py:766} INFO - DAG(s) dict_keys(['user_processing']) retrieved from /opt/airflow/dags/user_processing.py
[2023-12-06T20:25:58.920+0000] {logging_mixin.py:120} INFO - [2023-12-06T20:25:58.920+0000] {dag.py:2585} INFO - Sync 1 DAGs
[2023-12-06T20:25:59.127+0000] {logging_mixin.py:120} INFO - [2023-12-06T20:25:59.127+0000] {dag.py:3340} INFO - Setting next_dagrun for user_processing to 2023-12-05T00:00:00+00:00, run_after=2023-12-06T00:00:00+00:00
[2023-12-06T20:25:59.151+0000] {processor.py:176} INFO - Processing /opt/airflow/dags/user_processing.py took 1.000 seconds
[2023-12-06T20:26:29.476+0000] {processor.py:154} INFO - Started process (PID=1208) to work on /opt/airflow/dags/user_processing.py
[2023-12-06T20:26:29.477+0000] {processor.py:756} INFO - Processing file /opt/airflow/dags/user_processing.py for tasks to queue
[2023-12-06T20:26:29.477+0000] {logging_mixin.py:120} INFO - [2023-12-06T20:26:29.477+0000] {dagbag.py:537} INFO - Filling up the DagBag from /opt/airflow/dags/user_processing.py
[2023-12-06T20:26:29.874+0000] {processor.py:766} INFO - DAG(s) dict_keys(['user_processing']) retrieved from /opt/airflow/dags/user_processing.py
[2023-12-06T20:26:30.170+0000] {logging_mixin.py:120} INFO - [2023-12-06T20:26:30.170+0000] {dag.py:2585} INFO - Sync 1 DAGs
[2023-12-06T20:26:30.204+0000] {logging_mixin.py:120} INFO - [2023-12-06T20:26:30.204+0000] {dag.py:3340} INFO - Setting next_dagrun for user_processing to 2023-12-05T00:00:00+00:00, run_after=2023-12-06T00:00:00+00:00
[2023-12-06T20:26:30.231+0000] {processor.py:176} INFO - Processing /opt/airflow/dags/user_processing.py took 0.759 seconds
[2023-12-06T20:27:00.748+0000] {processor.py:154} INFO - Started process (PID=1250) to work on /opt/airflow/dags/user_processing.py
[2023-12-06T20:27:00.749+0000] {processor.py:756} INFO - Processing file /opt/airflow/dags/user_processing.py for tasks to queue
[2023-12-06T20:27:00.750+0000] {logging_mixin.py:120} INFO - [2023-12-06T20:27:00.749+0000] {dagbag.py:537} INFO - Filling up the DagBag from /opt/airflow/dags/user_processing.py
[2023-12-06T20:27:01.013+0000] {processor.py:766} INFO - DAG(s) dict_keys(['user_processing']) retrieved from /opt/airflow/dags/user_processing.py
[2023-12-06T20:27:01.195+0000] {logging_mixin.py:120} INFO - [2023-12-06T20:27:01.194+0000] {dag.py:2585} INFO - Sync 1 DAGs
[2023-12-06T20:27:01.216+0000] {logging_mixin.py:120} INFO - [2023-12-06T20:27:01.216+0000] {dag.py:3340} INFO - Setting next_dagrun for user_processing to 2023-12-05T00:00:00+00:00, run_after=2023-12-06T00:00:00+00:00
[2023-12-06T20:27:01.237+0000] {processor.py:176} INFO - Processing /opt/airflow/dags/user_processing.py took 0.491 seconds
[2023-12-06T20:27:32.063+0000] {processor.py:154} INFO - Started process (PID=1290) to work on /opt/airflow/dags/user_processing.py
[2023-12-06T20:27:32.075+0000] {processor.py:756} INFO - Processing file /opt/airflow/dags/user_processing.py for tasks to queue
[2023-12-06T20:27:32.076+0000] {logging_mixin.py:120} INFO - [2023-12-06T20:27:32.076+0000] {dagbag.py:537} INFO - Filling up the DagBag from /opt/airflow/dags/user_processing.py
[2023-12-06T20:27:33.372+0000] {processor.py:766} INFO - DAG(s) dict_keys(['user_processing']) retrieved from /opt/airflow/dags/user_processing.py
[2023-12-06T20:27:34.184+0000] {logging_mixin.py:120} INFO - [2023-12-06T20:27:34.183+0000] {dag.py:2585} INFO - Sync 1 DAGs
[2023-12-06T20:27:34.255+0000] {logging_mixin.py:120} INFO - [2023-12-06T20:27:34.254+0000] {dag.py:3340} INFO - Setting next_dagrun for user_processing to 2023-12-05T00:00:00+00:00, run_after=2023-12-06T00:00:00+00:00
[2023-12-06T20:27:34.300+0000] {processor.py:176} INFO - Processing /opt/airflow/dags/user_processing.py took 2.241 seconds
[2023-12-06T20:28:04.742+0000] {processor.py:154} INFO - Started process (PID=1326) to work on /opt/airflow/dags/user_processing.py
[2023-12-06T20:28:04.743+0000] {processor.py:756} INFO - Processing file /opt/airflow/dags/user_processing.py for tasks to queue
[2023-12-06T20:28:04.744+0000] {logging_mixin.py:120} INFO - [2023-12-06T20:28:04.744+0000] {dagbag.py:537} INFO - Filling up the DagBag from /opt/airflow/dags/user_processing.py
[2023-12-06T20:28:05.167+0000] {processor.py:766} INFO - DAG(s) dict_keys(['user_processing']) retrieved from /opt/airflow/dags/user_processing.py
[2023-12-06T20:28:05.353+0000] {logging_mixin.py:120} INFO - [2023-12-06T20:28:05.353+0000] {dag.py:2585} INFO - Sync 1 DAGs
[2023-12-06T20:28:05.375+0000] {logging_mixin.py:120} INFO - [2023-12-06T20:28:05.375+0000] {dag.py:3340} INFO - Setting next_dagrun for user_processing to 2023-12-05T00:00:00+00:00, run_after=2023-12-06T00:00:00+00:00
[2023-12-06T20:28:05.395+0000] {processor.py:176} INFO - Processing /opt/airflow/dags/user_processing.py took 0.656 seconds
[2023-12-06T20:28:35.880+0000] {processor.py:154} INFO - Started process (PID=1371) to work on /opt/airflow/dags/user_processing.py
[2023-12-06T20:28:35.880+0000] {processor.py:756} INFO - Processing file /opt/airflow/dags/user_processing.py for tasks to queue
[2023-12-06T20:28:35.881+0000] {logging_mixin.py:120} INFO - [2023-12-06T20:28:35.880+0000] {dagbag.py:537} INFO - Filling up the DagBag from /opt/airflow/dags/user_processing.py
[2023-12-06T20:28:36.143+0000] {processor.py:766} INFO - DAG(s) dict_keys(['user_processing']) retrieved from /opt/airflow/dags/user_processing.py
[2023-12-06T20:28:36.415+0000] {logging_mixin.py:120} INFO - [2023-12-06T20:28:36.414+0000] {dag.py:2585} INFO - Sync 1 DAGs
[2023-12-06T20:28:36.449+0000] {logging_mixin.py:120} INFO - [2023-12-06T20:28:36.448+0000] {dag.py:3340} INFO - Setting next_dagrun for user_processing to 2023-12-05T00:00:00+00:00, run_after=2023-12-06T00:00:00+00:00
[2023-12-06T20:28:36.595+0000] {processor.py:176} INFO - Processing /opt/airflow/dags/user_processing.py took 0.718 seconds
[2023-12-06T20:29:06.791+0000] {processor.py:154} INFO - Started process (PID=1405) to work on /opt/airflow/dags/user_processing.py
[2023-12-06T20:29:06.791+0000] {processor.py:756} INFO - Processing file /opt/airflow/dags/user_processing.py for tasks to queue
[2023-12-06T20:29:06.792+0000] {logging_mixin.py:120} INFO - [2023-12-06T20:29:06.792+0000] {dagbag.py:537} INFO - Filling up the DagBag from /opt/airflow/dags/user_processing.py
[2023-12-06T20:29:07.048+0000] {processor.py:766} INFO - DAG(s) dict_keys(['user_processing']) retrieved from /opt/airflow/dags/user_processing.py
[2023-12-06T20:29:07.220+0000] {logging_mixin.py:120} INFO - [2023-12-06T20:29:07.220+0000] {dag.py:2585} INFO - Sync 1 DAGs
[2023-12-06T20:29:07.392+0000] {logging_mixin.py:120} INFO - [2023-12-06T20:29:07.392+0000] {dag.py:3340} INFO - Setting next_dagrun for user_processing to 2023-12-05T00:00:00+00:00, run_after=2023-12-06T00:00:00+00:00
[2023-12-06T20:29:07.423+0000] {processor.py:176} INFO - Processing /opt/airflow/dags/user_processing.py took 0.634 seconds
[2023-12-06T20:29:37.971+0000] {processor.py:154} INFO - Started process (PID=1448) to work on /opt/airflow/dags/user_processing.py
[2023-12-06T20:29:37.972+0000] {processor.py:756} INFO - Processing file /opt/airflow/dags/user_processing.py for tasks to queue
[2023-12-06T20:29:37.973+0000] {logging_mixin.py:120} INFO - [2023-12-06T20:29:37.973+0000] {dagbag.py:537} INFO - Filling up the DagBag from /opt/airflow/dags/user_processing.py
[2023-12-06T20:29:38.362+0000] {processor.py:766} INFO - DAG(s) dict_keys(['user_processing']) retrieved from /opt/airflow/dags/user_processing.py
[2023-12-06T20:29:38.568+0000] {logging_mixin.py:120} INFO - [2023-12-06T20:29:38.567+0000] {dag.py:2585} INFO - Sync 1 DAGs
[2023-12-06T20:29:38.591+0000] {logging_mixin.py:120} INFO - [2023-12-06T20:29:38.591+0000] {dag.py:3340} INFO - Setting next_dagrun for user_processing to 2023-12-05T00:00:00+00:00, run_after=2023-12-06T00:00:00+00:00
[2023-12-06T20:29:38.613+0000] {processor.py:176} INFO - Processing /opt/airflow/dags/user_processing.py took 0.645 seconds
[2023-12-06T20:30:09.033+0000] {processor.py:154} INFO - Started process (PID=1492) to work on /opt/airflow/dags/user_processing.py
[2023-12-06T20:30:09.033+0000] {processor.py:756} INFO - Processing file /opt/airflow/dags/user_processing.py for tasks to queue
[2023-12-06T20:30:09.034+0000] {logging_mixin.py:120} INFO - [2023-12-06T20:30:09.034+0000] {dagbag.py:537} INFO - Filling up the DagBag from /opt/airflow/dags/user_processing.py
[2023-12-06T20:30:09.438+0000] {processor.py:766} INFO - DAG(s) dict_keys(['user_processing']) retrieved from /opt/airflow/dags/user_processing.py
[2023-12-06T20:30:09.673+0000] {logging_mixin.py:120} INFO - [2023-12-06T20:30:09.672+0000] {dag.py:2585} INFO - Sync 1 DAGs
[2023-12-06T20:30:09.719+0000] {logging_mixin.py:120} INFO - [2023-12-06T20:30:09.719+0000] {dag.py:3340} INFO - Setting next_dagrun for user_processing to 2023-12-05T00:00:00+00:00, run_after=2023-12-06T00:00:00+00:00
[2023-12-06T20:30:09.780+0000] {processor.py:176} INFO - Processing /opt/airflow/dags/user_processing.py took 0.751 seconds
[2023-12-06T20:30:40.116+0000] {processor.py:154} INFO - Started process (PID=1535) to work on /opt/airflow/dags/user_processing.py
[2023-12-06T20:30:40.117+0000] {processor.py:756} INFO - Processing file /opt/airflow/dags/user_processing.py for tasks to queue
[2023-12-06T20:30:40.117+0000] {logging_mixin.py:120} INFO - [2023-12-06T20:30:40.117+0000] {dagbag.py:537} INFO - Filling up the DagBag from /opt/airflow/dags/user_processing.py
[2023-12-06T20:30:40.388+0000] {processor.py:766} INFO - DAG(s) dict_keys(['user_processing']) retrieved from /opt/airflow/dags/user_processing.py
[2023-12-06T20:30:40.670+0000] {logging_mixin.py:120} INFO - [2023-12-06T20:30:40.669+0000] {dag.py:2585} INFO - Sync 1 DAGs
[2023-12-06T20:30:40.704+0000] {logging_mixin.py:120} INFO - [2023-12-06T20:30:40.704+0000] {dag.py:3340} INFO - Setting next_dagrun for user_processing to 2023-12-05T00:00:00+00:00, run_after=2023-12-06T00:00:00+00:00
[2023-12-06T20:30:40.731+0000] {processor.py:176} INFO - Processing /opt/airflow/dags/user_processing.py took 0.617 seconds
[2023-12-06T20:31:10.813+0000] {processor.py:154} INFO - Started process (PID=1569) to work on /opt/airflow/dags/user_processing.py
[2023-12-06T20:31:10.813+0000] {processor.py:756} INFO - Processing file /opt/airflow/dags/user_processing.py for tasks to queue
[2023-12-06T20:31:10.814+0000] {logging_mixin.py:120} INFO - [2023-12-06T20:31:10.814+0000] {dagbag.py:537} INFO - Filling up the DagBag from /opt/airflow/dags/user_processing.py
[2023-12-06T20:31:11.071+0000] {processor.py:766} INFO - DAG(s) dict_keys(['user_processing']) retrieved from /opt/airflow/dags/user_processing.py
[2023-12-06T20:31:11.255+0000] {logging_mixin.py:120} INFO - [2023-12-06T20:31:11.254+0000] {dag.py:2585} INFO - Sync 1 DAGs
[2023-12-06T20:31:11.277+0000] {logging_mixin.py:120} INFO - [2023-12-06T20:31:11.277+0000] {dag.py:3340} INFO - Setting next_dagrun for user_processing to 2023-12-05T00:00:00+00:00, run_after=2023-12-06T00:00:00+00:00
[2023-12-06T20:31:11.298+0000] {processor.py:176} INFO - Processing /opt/airflow/dags/user_processing.py took 0.489 seconds
[2023-12-06T20:31:41.473+0000] {processor.py:154} INFO - Started process (PID=1612) to work on /opt/airflow/dags/user_processing.py
[2023-12-06T20:31:41.474+0000] {processor.py:756} INFO - Processing file /opt/airflow/dags/user_processing.py for tasks to queue
[2023-12-06T20:31:41.474+0000] {logging_mixin.py:120} INFO - [2023-12-06T20:31:41.474+0000] {dagbag.py:537} INFO - Filling up the DagBag from /opt/airflow/dags/user_processing.py
[2023-12-06T20:31:41.733+0000] {processor.py:766} INFO - DAG(s) dict_keys(['user_processing']) retrieved from /opt/airflow/dags/user_processing.py
[2023-12-06T20:31:41.906+0000] {logging_mixin.py:120} INFO - [2023-12-06T20:31:41.906+0000] {dag.py:2585} INFO - Sync 1 DAGs
[2023-12-06T20:31:42.058+0000] {logging_mixin.py:120} INFO - [2023-12-06T20:31:42.058+0000] {dag.py:3340} INFO - Setting next_dagrun for user_processing to 2023-12-05T00:00:00+00:00, run_after=2023-12-06T00:00:00+00:00
[2023-12-06T20:31:42.080+0000] {processor.py:176} INFO - Processing /opt/airflow/dags/user_processing.py took 0.609 seconds
[2023-12-06T20:32:12.538+0000] {processor.py:154} INFO - Started process (PID=1655) to work on /opt/airflow/dags/user_processing.py
[2023-12-06T20:32:12.539+0000] {processor.py:756} INFO - Processing file /opt/airflow/dags/user_processing.py for tasks to queue
[2023-12-06T20:32:12.540+0000] {logging_mixin.py:120} INFO - [2023-12-06T20:32:12.540+0000] {dagbag.py:537} INFO - Filling up the DagBag from /opt/airflow/dags/user_processing.py
[2023-12-06T20:32:12.968+0000] {processor.py:766} INFO - DAG(s) dict_keys(['user_processing']) retrieved from /opt/airflow/dags/user_processing.py
[2023-12-06T20:32:13.268+0000] {logging_mixin.py:120} INFO - [2023-12-06T20:32:13.267+0000] {dag.py:2585} INFO - Sync 1 DAGs
[2023-12-06T20:32:13.300+0000] {logging_mixin.py:120} INFO - [2023-12-06T20:32:13.299+0000] {dag.py:3340} INFO - Setting next_dagrun for user_processing to 2023-12-05T00:00:00+00:00, run_after=2023-12-06T00:00:00+00:00
[2023-12-06T20:32:13.328+0000] {processor.py:176} INFO - Processing /opt/airflow/dags/user_processing.py took 0.793 seconds
[2023-12-06T20:32:43.714+0000] {processor.py:154} INFO - Started process (PID=1688) to work on /opt/airflow/dags/user_processing.py
[2023-12-06T20:32:43.714+0000] {processor.py:756} INFO - Processing file /opt/airflow/dags/user_processing.py for tasks to queue
[2023-12-06T20:32:43.715+0000] {logging_mixin.py:120} INFO - [2023-12-06T20:32:43.715+0000] {dagbag.py:537} INFO - Filling up the DagBag from /opt/airflow/dags/user_processing.py
[2023-12-06T20:32:43.983+0000] {processor.py:766} INFO - DAG(s) dict_keys(['user_processing']) retrieved from /opt/airflow/dags/user_processing.py
[2023-12-06T20:32:44.158+0000] {logging_mixin.py:120} INFO - [2023-12-06T20:32:44.158+0000] {dag.py:2585} INFO - Sync 1 DAGs
[2023-12-06T20:32:44.179+0000] {logging_mixin.py:120} INFO - [2023-12-06T20:32:44.179+0000] {dag.py:3340} INFO - Setting next_dagrun for user_processing to 2023-12-05T00:00:00+00:00, run_after=2023-12-06T00:00:00+00:00
[2023-12-06T20:32:44.199+0000] {processor.py:176} INFO - Processing /opt/airflow/dags/user_processing.py took 0.488 seconds
[2023-12-06T20:33:14.416+0000] {processor.py:154} INFO - Started process (PID=1733) to work on /opt/airflow/dags/user_processing.py
[2023-12-06T20:33:14.416+0000] {processor.py:756} INFO - Processing file /opt/airflow/dags/user_processing.py for tasks to queue
[2023-12-06T20:33:14.417+0000] {logging_mixin.py:120} INFO - [2023-12-06T20:33:14.417+0000] {dagbag.py:537} INFO - Filling up the DagBag from /opt/airflow/dags/user_processing.py
[2023-12-06T20:33:14.679+0000] {processor.py:766} INFO - DAG(s) dict_keys(['user_processing']) retrieved from /opt/airflow/dags/user_processing.py
[2023-12-06T20:33:14.851+0000] {logging_mixin.py:120} INFO - [2023-12-06T20:33:14.851+0000] {dag.py:2585} INFO - Sync 1 DAGs
[2023-12-06T20:33:14.875+0000] {logging_mixin.py:120} INFO - [2023-12-06T20:33:14.874+0000] {dag.py:3340} INFO - Setting next_dagrun for user_processing to 2023-12-05T00:00:00+00:00, run_after=2023-12-06T00:00:00+00:00
[2023-12-06T20:33:14.896+0000] {processor.py:176} INFO - Processing /opt/airflow/dags/user_processing.py took 0.484 seconds
[2023-12-06T20:33:45.538+0000] {processor.py:154} INFO - Started process (PID=1776) to work on /opt/airflow/dags/user_processing.py
[2023-12-06T20:33:45.539+0000] {processor.py:756} INFO - Processing file /opt/airflow/dags/user_processing.py for tasks to queue
[2023-12-06T20:33:45.539+0000] {logging_mixin.py:120} INFO - [2023-12-06T20:33:45.539+0000] {dagbag.py:537} INFO - Filling up the DagBag from /opt/airflow/dags/user_processing.py
[2023-12-06T20:33:45.808+0000] {processor.py:766} INFO - DAG(s) dict_keys(['user_processing']) retrieved from /opt/airflow/dags/user_processing.py
[2023-12-06T20:33:46.039+0000] {logging_mixin.py:120} INFO - [2023-12-06T20:33:46.039+0000] {dag.py:2585} INFO - Sync 1 DAGs
[2023-12-06T20:33:46.074+0000] {logging_mixin.py:120} INFO - [2023-12-06T20:33:46.074+0000] {dag.py:3340} INFO - Setting next_dagrun for user_processing to 2023-12-05T00:00:00+00:00, run_after=2023-12-06T00:00:00+00:00
[2023-12-06T20:33:46.107+0000] {processor.py:176} INFO - Processing /opt/airflow/dags/user_processing.py took 0.571 seconds
[2023-12-06T20:34:16.675+0000] {processor.py:154} INFO - Started process (PID=1820) to work on /opt/airflow/dags/user_processing.py
[2023-12-06T20:34:16.676+0000] {processor.py:756} INFO - Processing file /opt/airflow/dags/user_processing.py for tasks to queue
[2023-12-06T20:34:16.676+0000] {logging_mixin.py:120} INFO - [2023-12-06T20:34:16.676+0000] {dagbag.py:537} INFO - Filling up the DagBag from /opt/airflow/dags/user_processing.py
[2023-12-06T20:34:17.012+0000] {processor.py:766} INFO - DAG(s) dict_keys(['user_processing']) retrieved from /opt/airflow/dags/user_processing.py
[2023-12-06T20:34:17.184+0000] {logging_mixin.py:120} INFO - [2023-12-06T20:34:17.184+0000] {dag.py:2585} INFO - Sync 1 DAGs
[2023-12-06T20:34:17.206+0000] {logging_mixin.py:120} INFO - [2023-12-06T20:34:17.206+0000] {dag.py:3340} INFO - Setting next_dagrun for user_processing to 2023-12-05T00:00:00+00:00, run_after=2023-12-06T00:00:00+00:00
[2023-12-06T20:34:17.358+0000] {processor.py:176} INFO - Processing /opt/airflow/dags/user_processing.py took 0.686 seconds
[2023-12-06T20:34:47.457+0000] {processor.py:154} INFO - Started process (PID=1853) to work on /opt/airflow/dags/user_processing.py
[2023-12-06T20:34:47.463+0000] {processor.py:756} INFO - Processing file /opt/airflow/dags/user_processing.py for tasks to queue
[2023-12-06T20:34:47.464+0000] {logging_mixin.py:120} INFO - [2023-12-06T20:34:47.464+0000] {dagbag.py:537} INFO - Filling up the DagBag from /opt/airflow/dags/user_processing.py
[2023-12-06T20:34:48.074+0000] {processor.py:766} INFO - DAG(s) dict_keys(['user_processing']) retrieved from /opt/airflow/dags/user_processing.py
[2023-12-06T20:34:48.576+0000] {logging_mixin.py:120} INFO - [2023-12-06T20:34:48.575+0000] {dag.py:2585} INFO - Sync 1 DAGs
[2023-12-06T20:34:48.960+0000] {logging_mixin.py:120} INFO - [2023-12-06T20:34:48.959+0000] {dag.py:3340} INFO - Setting next_dagrun for user_processing to 2023-12-05T00:00:00+00:00, run_after=2023-12-06T00:00:00+00:00
[2023-12-06T20:34:49.003+0000] {processor.py:176} INFO - Processing /opt/airflow/dags/user_processing.py took 1.549 seconds
[2023-12-06T20:35:19.682+0000] {processor.py:154} INFO - Started process (PID=1894) to work on /opt/airflow/dags/user_processing.py
[2023-12-06T20:35:19.683+0000] {processor.py:756} INFO - Processing file /opt/airflow/dags/user_processing.py for tasks to queue
[2023-12-06T20:35:19.684+0000] {logging_mixin.py:120} INFO - [2023-12-06T20:35:19.683+0000] {dagbag.py:537} INFO - Filling up the DagBag from /opt/airflow/dags/user_processing.py
[2023-12-06T20:35:20.202+0000] {processor.py:766} INFO - DAG(s) dict_keys(['user_processing']) retrieved from /opt/airflow/dags/user_processing.py
[2023-12-06T20:35:20.495+0000] {logging_mixin.py:120} INFO - [2023-12-06T20:35:20.494+0000] {dag.py:2585} INFO - Sync 1 DAGs
[2023-12-06T20:35:20.529+0000] {logging_mixin.py:120} INFO - [2023-12-06T20:35:20.529+0000] {dag.py:3340} INFO - Setting next_dagrun for user_processing to 2023-12-05T00:00:00+00:00, run_after=2023-12-06T00:00:00+00:00
[2023-12-06T20:35:20.555+0000] {processor.py:176} INFO - Processing /opt/airflow/dags/user_processing.py took 0.877 seconds
[2023-12-06T20:35:50.669+0000] {processor.py:154} INFO - Started process (PID=1935) to work on /opt/airflow/dags/user_processing.py
[2023-12-06T20:35:50.669+0000] {processor.py:756} INFO - Processing file /opt/airflow/dags/user_processing.py for tasks to queue
[2023-12-06T20:35:50.671+0000] {logging_mixin.py:120} INFO - [2023-12-06T20:35:50.671+0000] {dagbag.py:537} INFO - Filling up the DagBag from /opt/airflow/dags/user_processing.py
[2023-12-06T20:35:51.694+0000] {processor.py:766} INFO - DAG(s) dict_keys(['user_processing']) retrieved from /opt/airflow/dags/user_processing.py
[2023-12-06T20:35:52.214+0000] {logging_mixin.py:120} INFO - [2023-12-06T20:35:52.213+0000] {dag.py:2585} INFO - Sync 1 DAGs
[2023-12-06T20:35:52.250+0000] {logging_mixin.py:120} INFO - [2023-12-06T20:35:52.250+0000] {dag.py:3340} INFO - Setting next_dagrun for user_processing to 2023-12-05T00:00:00+00:00, run_after=2023-12-06T00:00:00+00:00
[2023-12-06T20:35:52.277+0000] {processor.py:176} INFO - Processing /opt/airflow/dags/user_processing.py took 1.612 seconds
[2023-12-06T20:36:22.966+0000] {processor.py:154} INFO - Started process (PID=1968) to work on /opt/airflow/dags/user_processing.py
[2023-12-06T20:36:22.967+0000] {processor.py:756} INFO - Processing file /opt/airflow/dags/user_processing.py for tasks to queue
[2023-12-06T20:36:22.969+0000] {logging_mixin.py:120} INFO - [2023-12-06T20:36:22.968+0000] {dagbag.py:537} INFO - Filling up the DagBag from /opt/airflow/dags/user_processing.py
[2023-12-06T20:36:23.308+0000] {processor.py:766} INFO - DAG(s) dict_keys(['user_processing']) retrieved from /opt/airflow/dags/user_processing.py
[2023-12-06T20:36:23.487+0000] {logging_mixin.py:120} INFO - [2023-12-06T20:36:23.487+0000] {dag.py:2585} INFO - Sync 1 DAGs
[2023-12-06T20:36:23.509+0000] {logging_mixin.py:120} INFO - [2023-12-06T20:36:23.509+0000] {dag.py:3340} INFO - Setting next_dagrun for user_processing to 2023-12-05T00:00:00+00:00, run_after=2023-12-06T00:00:00+00:00
[2023-12-06T20:36:23.532+0000] {processor.py:176} INFO - Processing /opt/airflow/dags/user_processing.py took 0.570 seconds
[2023-12-06T20:36:53.678+0000] {processor.py:154} INFO - Started process (PID=2010) to work on /opt/airflow/dags/user_processing.py
[2023-12-06T20:36:53.690+0000] {processor.py:756} INFO - Processing file /opt/airflow/dags/user_processing.py for tasks to queue
[2023-12-06T20:36:53.690+0000] {logging_mixin.py:120} INFO - [2023-12-06T20:36:53.690+0000] {dagbag.py:537} INFO - Filling up the DagBag from /opt/airflow/dags/user_processing.py
[2023-12-06T20:36:54.471+0000] {processor.py:766} INFO - DAG(s) dict_keys(['user_processing']) retrieved from /opt/airflow/dags/user_processing.py
[2023-12-06T20:36:55.093+0000] {logging_mixin.py:120} INFO - [2023-12-06T20:36:55.092+0000] {dag.py:2585} INFO - Sync 1 DAGs
[2023-12-06T20:36:55.151+0000] {logging_mixin.py:120} INFO - [2023-12-06T20:36:55.151+0000] {dag.py:3340} INFO - Setting next_dagrun for user_processing to 2023-12-05T00:00:00+00:00, run_after=2023-12-06T00:00:00+00:00
[2023-12-06T20:36:55.187+0000] {processor.py:176} INFO - Processing /opt/airflow/dags/user_processing.py took 1.523 seconds
[2023-12-06T20:37:25.913+0000] {processor.py:154} INFO - Started process (PID=2042) to work on /opt/airflow/dags/user_processing.py
[2023-12-06T20:37:25.914+0000] {processor.py:756} INFO - Processing file /opt/airflow/dags/user_processing.py for tasks to queue
[2023-12-06T20:37:25.914+0000] {logging_mixin.py:120} INFO - [2023-12-06T20:37:25.914+0000] {dagbag.py:537} INFO - Filling up the DagBag from /opt/airflow/dags/user_processing.py
[2023-12-06T20:37:26.265+0000] {processor.py:766} INFO - DAG(s) dict_keys(['user_processing']) retrieved from /opt/airflow/dags/user_processing.py
[2023-12-06T20:37:26.549+0000] {logging_mixin.py:120} INFO - [2023-12-06T20:37:26.548+0000] {dag.py:2585} INFO - Sync 1 DAGs
[2023-12-06T20:37:26.840+0000] {logging_mixin.py:120} INFO - [2023-12-06T20:37:26.840+0000] {dag.py:3340} INFO - Setting next_dagrun for user_processing to 2023-12-05T00:00:00+00:00, run_after=2023-12-06T00:00:00+00:00
[2023-12-06T20:37:26.881+0000] {processor.py:176} INFO - Processing /opt/airflow/dags/user_processing.py took 0.971 seconds
[2023-12-06T20:37:57.654+0000] {processor.py:154} INFO - Started process (PID=2087) to work on /opt/airflow/dags/user_processing.py
[2023-12-06T20:37:57.655+0000] {processor.py:756} INFO - Processing file /opt/airflow/dags/user_processing.py for tasks to queue
[2023-12-06T20:37:57.656+0000] {logging_mixin.py:120} INFO - [2023-12-06T20:37:57.656+0000] {dagbag.py:537} INFO - Filling up the DagBag from /opt/airflow/dags/user_processing.py
[2023-12-06T20:37:57.928+0000] {processor.py:766} INFO - DAG(s) dict_keys(['user_processing']) retrieved from /opt/airflow/dags/user_processing.py
[2023-12-06T20:37:58.114+0000] {logging_mixin.py:120} INFO - [2023-12-06T20:37:58.114+0000] {dag.py:2585} INFO - Sync 1 DAGs
[2023-12-06T20:37:58.262+0000] {logging_mixin.py:120} INFO - [2023-12-06T20:37:58.262+0000] {dag.py:3340} INFO - Setting next_dagrun for user_processing to 2023-12-05T00:00:00+00:00, run_after=2023-12-06T00:00:00+00:00
[2023-12-06T20:37:58.283+0000] {processor.py:176} INFO - Processing /opt/airflow/dags/user_processing.py took 0.632 seconds
[2023-12-06T20:38:28.766+0000] {processor.py:154} INFO - Started process (PID=2121) to work on /opt/airflow/dags/user_processing.py
[2023-12-06T20:38:28.767+0000] {processor.py:756} INFO - Processing file /opt/airflow/dags/user_processing.py for tasks to queue
[2023-12-06T20:38:28.767+0000] {logging_mixin.py:120} INFO - [2023-12-06T20:38:28.767+0000] {dagbag.py:537} INFO - Filling up the DagBag from /opt/airflow/dags/user_processing.py
[2023-12-06T20:38:29.309+0000] {processor.py:766} INFO - DAG(s) dict_keys(['user_processing']) retrieved from /opt/airflow/dags/user_processing.py
[2023-12-06T20:38:30.017+0000] {logging_mixin.py:120} INFO - [2023-12-06T20:38:30.016+0000] {dag.py:2585} INFO - Sync 1 DAGs
[2023-12-06T20:38:30.153+0000] {logging_mixin.py:120} INFO - [2023-12-06T20:38:30.153+0000] {dag.py:3340} INFO - Setting next_dagrun for user_processing to 2023-12-05T00:00:00+00:00, run_after=2023-12-06T00:00:00+00:00
[2023-12-06T20:38:30.240+0000] {processor.py:176} INFO - Processing /opt/airflow/dags/user_processing.py took 1.478 seconds
[2023-12-06T20:39:01.149+0000] {processor.py:154} INFO - Started process (PID=2167) to work on /opt/airflow/dags/user_processing.py
[2023-12-06T20:39:01.150+0000] {processor.py:756} INFO - Processing file /opt/airflow/dags/user_processing.py for tasks to queue
[2023-12-06T20:39:01.151+0000] {logging_mixin.py:120} INFO - [2023-12-06T20:39:01.151+0000] {dagbag.py:537} INFO - Filling up the DagBag from /opt/airflow/dags/user_processing.py
[2023-12-06T20:39:01.446+0000] {processor.py:766} INFO - DAG(s) dict_keys(['user_processing']) retrieved from /opt/airflow/dags/user_processing.py
[2023-12-06T20:39:01.619+0000] {logging_mixin.py:120} INFO - [2023-12-06T20:39:01.619+0000] {dag.py:2585} INFO - Sync 1 DAGs
[2023-12-06T20:39:01.641+0000] {logging_mixin.py:120} INFO - [2023-12-06T20:39:01.641+0000] {dag.py:3340} INFO - Setting next_dagrun for user_processing to 2023-12-05T00:00:00+00:00, run_after=2023-12-06T00:00:00+00:00
[2023-12-06T20:39:01.662+0000] {processor.py:176} INFO - Processing /opt/airflow/dags/user_processing.py took 0.517 seconds
[2023-12-06T20:39:32.331+0000] {processor.py:154} INFO - Started process (PID=2208) to work on /opt/airflow/dags/user_processing.py
[2023-12-06T20:39:32.332+0000] {processor.py:756} INFO - Processing file /opt/airflow/dags/user_processing.py for tasks to queue
[2023-12-06T20:39:32.332+0000] {logging_mixin.py:120} INFO - [2023-12-06T20:39:32.332+0000] {dagbag.py:537} INFO - Filling up the DagBag from /opt/airflow/dags/user_processing.py
[2023-12-06T20:39:32.609+0000] {processor.py:766} INFO - DAG(s) dict_keys(['user_processing']) retrieved from /opt/airflow/dags/user_processing.py
[2023-12-06T20:39:32.781+0000] {logging_mixin.py:120} INFO - [2023-12-06T20:39:32.781+0000] {dag.py:2585} INFO - Sync 1 DAGs
[2023-12-06T20:39:32.804+0000] {logging_mixin.py:120} INFO - [2023-12-06T20:39:32.804+0000] {dag.py:3340} INFO - Setting next_dagrun for user_processing to 2023-12-05T00:00:00+00:00, run_after=2023-12-06T00:00:00+00:00
[2023-12-06T20:39:32.825+0000] {processor.py:176} INFO - Processing /opt/airflow/dags/user_processing.py took 0.497 seconds
[2023-12-06T20:40:03.010+0000] {processor.py:154} INFO - Started process (PID=2242) to work on /opt/airflow/dags/user_processing.py
[2023-12-06T20:40:03.011+0000] {processor.py:756} INFO - Processing file /opt/airflow/dags/user_processing.py for tasks to queue
[2023-12-06T20:40:03.011+0000] {logging_mixin.py:120} INFO - [2023-12-06T20:40:03.011+0000] {dagbag.py:537} INFO - Filling up the DagBag from /opt/airflow/dags/user_processing.py
[2023-12-06T20:40:03.320+0000] {processor.py:766} INFO - DAG(s) dict_keys(['user_processing']) retrieved from /opt/airflow/dags/user_processing.py
[2023-12-06T20:40:03.507+0000] {logging_mixin.py:120} INFO - [2023-12-06T20:40:03.506+0000] {dag.py:2585} INFO - Sync 1 DAGs
[2023-12-06T20:40:03.528+0000] {logging_mixin.py:120} INFO - [2023-12-06T20:40:03.528+0000] {dag.py:3340} INFO - Setting next_dagrun for user_processing to 2023-12-05T00:00:00+00:00, run_after=2023-12-06T00:00:00+00:00
[2023-12-06T20:40:03.680+0000] {processor.py:176} INFO - Processing /opt/airflow/dags/user_processing.py took 0.673 seconds
[2023-12-06T20:40:34.648+0000] {processor.py:154} INFO - Started process (PID=2285) to work on /opt/airflow/dags/user_processing.py
[2023-12-06T20:40:34.649+0000] {processor.py:756} INFO - Processing file /opt/airflow/dags/user_processing.py for tasks to queue
[2023-12-06T20:40:34.650+0000] {logging_mixin.py:120} INFO - [2023-12-06T20:40:34.650+0000] {dagbag.py:537} INFO - Filling up the DagBag from /opt/airflow/dags/user_processing.py
[2023-12-06T20:40:35.139+0000] {processor.py:766} INFO - DAG(s) dict_keys(['user_processing']) retrieved from /opt/airflow/dags/user_processing.py
[2023-12-06T20:40:35.436+0000] {logging_mixin.py:120} INFO - [2023-12-06T20:40:35.436+0000] {dag.py:2585} INFO - Sync 1 DAGs
[2023-12-06T20:40:35.698+0000] {logging_mixin.py:120} INFO - [2023-12-06T20:40:35.697+0000] {dag.py:3340} INFO - Setting next_dagrun for user_processing to 2023-12-05T00:00:00+00:00, run_after=2023-12-06T00:00:00+00:00
[2023-12-06T20:40:35.750+0000] {processor.py:176} INFO - Processing /opt/airflow/dags/user_processing.py took 1.105 seconds
[2023-12-06T20:41:05.913+0000] {processor.py:154} INFO - Started process (PID=2327) to work on /opt/airflow/dags/user_processing.py
[2023-12-06T20:41:05.917+0000] {processor.py:756} INFO - Processing file /opt/airflow/dags/user_processing.py for tasks to queue
[2023-12-06T20:41:05.917+0000] {logging_mixin.py:120} INFO - [2023-12-06T20:41:05.917+0000] {dagbag.py:537} INFO - Filling up the DagBag from /opt/airflow/dags/user_processing.py
[2023-12-06T20:41:06.698+0000] {processor.py:766} INFO - DAG(s) dict_keys(['user_processing']) retrieved from /opt/airflow/dags/user_processing.py
[2023-12-06T20:41:07.148+0000] {logging_mixin.py:120} INFO - [2023-12-06T20:41:07.147+0000] {dag.py:2585} INFO - Sync 1 DAGs
[2023-12-06T20:41:07.210+0000] {logging_mixin.py:120} INFO - [2023-12-06T20:41:07.210+0000] {dag.py:3340} INFO - Setting next_dagrun for user_processing to 2023-12-05T00:00:00+00:00, run_after=2023-12-06T00:00:00+00:00
[2023-12-06T20:41:07.259+0000] {processor.py:176} INFO - Processing /opt/airflow/dags/user_processing.py took 1.349 seconds
[2023-12-06T20:41:37.998+0000] {processor.py:154} INFO - Started process (PID=2360) to work on /opt/airflow/dags/user_processing.py
[2023-12-06T20:41:37.999+0000] {processor.py:756} INFO - Processing file /opt/airflow/dags/user_processing.py for tasks to queue
[2023-12-06T20:41:37.999+0000] {logging_mixin.py:120} INFO - [2023-12-06T20:41:37.999+0000] {dagbag.py:537} INFO - Filling up the DagBag from /opt/airflow/dags/user_processing.py
[2023-12-06T20:41:38.355+0000] {processor.py:766} INFO - DAG(s) dict_keys(['user_processing']) retrieved from /opt/airflow/dags/user_processing.py
[2023-12-06T20:41:38.645+0000] {logging_mixin.py:120} INFO - [2023-12-06T20:41:38.644+0000] {dag.py:2585} INFO - Sync 1 DAGs
[2023-12-06T20:41:38.679+0000] {logging_mixin.py:120} INFO - [2023-12-06T20:41:38.679+0000] {dag.py:3340} INFO - Setting next_dagrun for user_processing to 2023-12-05T00:00:00+00:00, run_after=2023-12-06T00:00:00+00:00
[2023-12-06T20:41:38.705+0000] {processor.py:176} INFO - Processing /opt/airflow/dags/user_processing.py took 0.709 seconds
[2023-12-06T20:42:08.930+0000] {processor.py:154} INFO - Started process (PID=2403) to work on /opt/airflow/dags/user_processing.py
[2023-12-06T20:42:08.933+0000] {processor.py:756} INFO - Processing file /opt/airflow/dags/user_processing.py for tasks to queue
[2023-12-06T20:42:08.934+0000] {logging_mixin.py:120} INFO - [2023-12-06T20:42:08.934+0000] {dagbag.py:537} INFO - Filling up the DagBag from /opt/airflow/dags/user_processing.py
[2023-12-06T20:42:09.558+0000] {processor.py:766} INFO - DAG(s) dict_keys(['user_processing']) retrieved from /opt/airflow/dags/user_processing.py
[2023-12-06T20:42:09.844+0000] {logging_mixin.py:120} INFO - [2023-12-06T20:42:09.843+0000] {dag.py:2585} INFO - Sync 1 DAGs
[2023-12-06T20:42:09.876+0000] {logging_mixin.py:120} INFO - [2023-12-06T20:42:09.876+0000] {dag.py:3340} INFO - Setting next_dagrun for user_processing to 2023-12-05T00:00:00+00:00, run_after=2023-12-06T00:00:00+00:00
[2023-12-06T20:42:09.901+0000] {processor.py:176} INFO - Processing /opt/airflow/dags/user_processing.py took 0.975 seconds
[2023-12-06T20:42:40.257+0000] {processor.py:154} INFO - Started process (PID=2446) to work on /opt/airflow/dags/user_processing.py
[2023-12-06T20:42:40.258+0000] {processor.py:756} INFO - Processing file /opt/airflow/dags/user_processing.py for tasks to queue
[2023-12-06T20:42:40.258+0000] {logging_mixin.py:120} INFO - [2023-12-06T20:42:40.258+0000] {dagbag.py:537} INFO - Filling up the DagBag from /opt/airflow/dags/user_processing.py
[2023-12-06T20:42:40.516+0000] {processor.py:766} INFO - DAG(s) dict_keys(['user_processing']) retrieved from /opt/airflow/dags/user_processing.py
[2023-12-06T20:42:40.700+0000] {logging_mixin.py:120} INFO - [2023-12-06T20:42:40.699+0000] {dag.py:2585} INFO - Sync 1 DAGs
[2023-12-06T20:42:40.722+0000] {logging_mixin.py:120} INFO - [2023-12-06T20:42:40.722+0000] {dag.py:3340} INFO - Setting next_dagrun for user_processing to 2023-12-05T00:00:00+00:00, run_after=2023-12-06T00:00:00+00:00
[2023-12-06T20:42:40.874+0000] {processor.py:176} INFO - Processing /opt/airflow/dags/user_processing.py took 0.620 seconds
[2023-12-06T20:43:11.594+0000] {processor.py:154} INFO - Started process (PID=2489) to work on /opt/airflow/dags/user_processing.py
[2023-12-06T20:43:11.594+0000] {processor.py:756} INFO - Processing file /opt/airflow/dags/user_processing.py for tasks to queue
[2023-12-06T20:43:11.595+0000] {logging_mixin.py:120} INFO - [2023-12-06T20:43:11.595+0000] {dagbag.py:537} INFO - Filling up the DagBag from /opt/airflow/dags/user_processing.py
[2023-12-06T20:43:11.861+0000] {processor.py:766} INFO - DAG(s) dict_keys(['user_processing']) retrieved from /opt/airflow/dags/user_processing.py
[2023-12-06T20:43:12.034+0000] {logging_mixin.py:120} INFO - [2023-12-06T20:43:12.034+0000] {dag.py:2585} INFO - Sync 1 DAGs
[2023-12-06T20:43:12.193+0000] {logging_mixin.py:120} INFO - [2023-12-06T20:43:12.193+0000] {dag.py:3340} INFO - Setting next_dagrun for user_processing to 2023-12-05T00:00:00+00:00, run_after=2023-12-06T00:00:00+00:00
[2023-12-06T20:43:12.218+0000] {processor.py:176} INFO - Processing /opt/airflow/dags/user_processing.py took 0.627 seconds
