[2023-12-05T18:54:01.354+0000] {taskinstance.py:1165} INFO - Dependencies all met for <TaskInstance: group_dag.transforms.transform_a scheduled__2023-12-04T00:00:00+00:00 [None]>
[2023-12-05T18:54:01.360+0000] {taskinstance.py:1165} INFO - Dependencies all met for <TaskInstance: group_dag.transforms.transform_a scheduled__2023-12-04T00:00:00+00:00 [None]>
[2023-12-05T18:54:01.361+0000] {taskinstance.py:1362} INFO - 
--------------------------------------------------------------------------------
[2023-12-05T18:54:01.361+0000] {taskinstance.py:1363} INFO - Starting attempt 1 of 1
[2023-12-05T18:54:01.361+0000] {taskinstance.py:1364} INFO - 
--------------------------------------------------------------------------------
[2023-12-05T18:54:01.380+0000] {taskinstance.py:1383} INFO - Executing <Task(BashOperator): transform_a> on 2023-12-04 00:00:00+00:00
[2023-12-05T18:54:01.386+0000] {standard_task_runner.py:55} INFO - Started process 3119 to run task
[2023-12-05T18:54:01.388+0000] {standard_task_runner.py:82} INFO - Running: ['***', 'tasks', 'run', 'group_dag.transforms', 'transform_a', 'scheduled__2023-12-04T00:00:00+00:00', '--job-id', '241', '--pool', 'default_pool', '--raw', '--subdir', 'DAGS_FOLDER/group_dag.py', '--cfg-path', '/tmp/tmpfjv3kuzr']
[2023-12-05T18:54:01.389+0000] {standard_task_runner.py:83} INFO - Job 241: Subtask transform_a
[2023-12-05T18:54:01.439+0000] {task_command.py:376} INFO - Running <TaskInstance: group_dag.transforms.transform_a scheduled__2023-12-04T00:00:00+00:00 [running]> on host 29305dc74afc
[2023-12-05T18:54:01.536+0000] {taskinstance.py:1592} INFO - Exporting the following env vars:
AIRFLOW_CTX_DAG_OWNER=***
AIRFLOW_CTX_DAG_ID=group_dag.transforms
AIRFLOW_CTX_TASK_ID=transform_a
AIRFLOW_CTX_EXECUTION_DATE=2023-12-04T00:00:00+00:00
AIRFLOW_CTX_TRY_NUMBER=1
AIRFLOW_CTX_DAG_RUN_ID=scheduled__2023-12-04T00:00:00+00:00
[2023-12-05T18:54:01.537+0000] {subprocess.py:63} INFO - Tmp dir root location: 
 /tmp
[2023-12-05T18:54:01.538+0000] {subprocess.py:75} INFO - Running command: ['/bin/bash', '-c', 'sleep 10']
[2023-12-05T18:54:01.557+0000] {subprocess.py:86} INFO - Output:
[2023-12-05T18:54:11.560+0000] {subprocess.py:97} INFO - Command exited with return code 0
[2023-12-05T18:54:11.608+0000] {taskinstance.py:1406} INFO - Marking task as SUCCESS. dag_id=group_dag.transforms, task_id=transform_a, execution_date=20231204T000000, start_date=20231205T185401, end_date=20231205T185411
[2023-12-05T18:54:11.665+0000] {local_task_job.py:164} INFO - Task exited with return code 0
[2023-12-05T18:54:11.696+0000] {local_task_job.py:273} INFO - 0 downstream tasks scheduled from follow-on schedule check
