[2023-12-21T12:34:02.083+0000] {processor.py:154} INFO - Started process (PID=49) to work on /opt/airflow/dags/elastic_dag.py
[2023-12-21T12:34:02.084+0000] {processor.py:756} INFO - Processing file /opt/airflow/dags/elastic_dag.py for tasks to queue
[2023-12-21T12:34:02.084+0000] {logging_mixin.py:120} INFO - [2023-12-21T12:34:02.084+0000] {dagbag.py:537} INFO - Filling up the DagBag from /opt/airflow/dags/elastic_dag.py
[2023-12-21T12:34:04.749+0000] {processor.py:766} INFO - DAG(s) dict_keys(['elastic_dag']) retrieved from /opt/airflow/dags/elastic_dag.py
[2023-12-21T12:34:04.959+0000] {logging_mixin.py:120} INFO - [2023-12-21T12:34:04.959+0000] {dag.py:2585} INFO - Sync 1 DAGs
[2023-12-21T12:34:05.142+0000] {logging_mixin.py:120} INFO - [2023-12-21T12:34:05.142+0000] {dag.py:3340} INFO - Setting next_dagrun for elastic_dag to 2023-12-21T00:00:00+00:00, run_after=2023-12-22T00:00:00+00:00
[2023-12-21T12:34:05.338+0000] {processor.py:176} INFO - Processing /opt/airflow/dags/elastic_dag.py took 3.263 seconds
[2023-12-21T12:34:36.391+0000] {processor.py:154} INFO - Started process (PID=85) to work on /opt/airflow/dags/elastic_dag.py
[2023-12-21T12:34:36.396+0000] {processor.py:756} INFO - Processing file /opt/airflow/dags/elastic_dag.py for tasks to queue
[2023-12-21T12:34:36.396+0000] {logging_mixin.py:120} INFO - [2023-12-21T12:34:36.396+0000] {dagbag.py:537} INFO - Filling up the DagBag from /opt/airflow/dags/elastic_dag.py
[2023-12-21T12:34:37.763+0000] {processor.py:766} INFO - DAG(s) dict_keys(['elastic_dag']) retrieved from /opt/airflow/dags/elastic_dag.py
[2023-12-21T12:34:37.892+0000] {logging_mixin.py:120} INFO - [2023-12-21T12:34:37.891+0000] {dag.py:2585} INFO - Sync 1 DAGs
[2023-12-21T12:34:37.977+0000] {logging_mixin.py:120} INFO - [2023-12-21T12:34:37.976+0000] {dag.py:3340} INFO - Setting next_dagrun for elastic_dag to 2023-12-21T00:00:00+00:00, run_after=2023-12-22T00:00:00+00:00
[2023-12-21T12:34:38.066+0000] {processor.py:176} INFO - Processing /opt/airflow/dags/elastic_dag.py took 1.684 seconds
[2023-12-21T12:35:09.042+0000] {processor.py:154} INFO - Started process (PID=119) to work on /opt/airflow/dags/elastic_dag.py
[2023-12-21T12:35:09.045+0000] {processor.py:756} INFO - Processing file /opt/airflow/dags/elastic_dag.py for tasks to queue
[2023-12-21T12:35:09.046+0000] {logging_mixin.py:120} INFO - [2023-12-21T12:35:09.046+0000] {dagbag.py:537} INFO - Filling up the DagBag from /opt/airflow/dags/elastic_dag.py
[2023-12-21T12:35:09.383+0000] {processor.py:766} INFO - DAG(s) dict_keys(['elastic_dag']) retrieved from /opt/airflow/dags/elastic_dag.py
[2023-12-21T12:35:09.420+0000] {logging_mixin.py:120} INFO - [2023-12-21T12:35:09.420+0000] {dag.py:2585} INFO - Sync 1 DAGs
[2023-12-21T12:35:09.442+0000] {logging_mixin.py:120} INFO - [2023-12-21T12:35:09.441+0000] {dag.py:3340} INFO - Setting next_dagrun for elastic_dag to 2023-12-21T00:00:00+00:00, run_after=2023-12-22T00:00:00+00:00
[2023-12-21T12:35:09.463+0000] {processor.py:176} INFO - Processing /opt/airflow/dags/elastic_dag.py took 0.424 seconds
[2023-12-21T12:35:39.862+0000] {processor.py:154} INFO - Started process (PID=152) to work on /opt/airflow/dags/elastic_dag.py
[2023-12-21T12:35:39.866+0000] {processor.py:756} INFO - Processing file /opt/airflow/dags/elastic_dag.py for tasks to queue
[2023-12-21T12:35:39.867+0000] {logging_mixin.py:120} INFO - [2023-12-21T12:35:39.867+0000] {dagbag.py:537} INFO - Filling up the DagBag from /opt/airflow/dags/elastic_dag.py
[2023-12-21T12:35:40.643+0000] {processor.py:766} INFO - DAG(s) dict_keys(['elastic_dag']) retrieved from /opt/airflow/dags/elastic_dag.py
[2023-12-21T12:35:40.715+0000] {logging_mixin.py:120} INFO - [2023-12-21T12:35:40.715+0000] {dag.py:2585} INFO - Sync 1 DAGs
[2023-12-21T12:35:40.781+0000] {logging_mixin.py:120} INFO - [2023-12-21T12:35:40.781+0000] {dag.py:3340} INFO - Setting next_dagrun for elastic_dag to 2023-12-21T00:00:00+00:00, run_after=2023-12-22T00:00:00+00:00
[2023-12-21T12:35:40.819+0000] {processor.py:176} INFO - Processing /opt/airflow/dags/elastic_dag.py took 0.960 seconds
[2023-12-21T12:36:11.581+0000] {processor.py:154} INFO - Started process (PID=195) to work on /opt/airflow/dags/elastic_dag.py
[2023-12-21T12:36:11.582+0000] {processor.py:756} INFO - Processing file /opt/airflow/dags/elastic_dag.py for tasks to queue
[2023-12-21T12:36:11.582+0000] {logging_mixin.py:120} INFO - [2023-12-21T12:36:11.582+0000] {dagbag.py:537} INFO - Filling up the DagBag from /opt/airflow/dags/elastic_dag.py
[2023-12-21T12:36:12.093+0000] {processor.py:766} INFO - DAG(s) dict_keys(['elastic_dag']) retrieved from /opt/airflow/dags/elastic_dag.py
[2023-12-21T12:36:12.145+0000] {logging_mixin.py:120} INFO - [2023-12-21T12:36:12.144+0000] {dag.py:2585} INFO - Sync 1 DAGs
[2023-12-21T12:36:12.227+0000] {logging_mixin.py:120} INFO - [2023-12-21T12:36:12.227+0000] {dag.py:3340} INFO - Setting next_dagrun for elastic_dag to 2023-12-21T00:00:00+00:00, run_after=2023-12-22T00:00:00+00:00
[2023-12-21T12:36:12.273+0000] {processor.py:176} INFO - Processing /opt/airflow/dags/elastic_dag.py took 0.701 seconds
[2023-12-21T12:36:42.978+0000] {processor.py:154} INFO - Started process (PID=238) to work on /opt/airflow/dags/elastic_dag.py
[2023-12-21T12:36:42.979+0000] {processor.py:756} INFO - Processing file /opt/airflow/dags/elastic_dag.py for tasks to queue
[2023-12-21T12:36:42.980+0000] {logging_mixin.py:120} INFO - [2023-12-21T12:36:42.980+0000] {dagbag.py:537} INFO - Filling up the DagBag from /opt/airflow/dags/elastic_dag.py
[2023-12-21T12:36:43.222+0000] {processor.py:766} INFO - DAG(s) dict_keys(['elastic_dag']) retrieved from /opt/airflow/dags/elastic_dag.py
[2023-12-21T12:36:43.254+0000] {logging_mixin.py:120} INFO - [2023-12-21T12:36:43.253+0000] {dag.py:2585} INFO - Sync 1 DAGs
[2023-12-21T12:36:43.274+0000] {logging_mixin.py:120} INFO - [2023-12-21T12:36:43.274+0000] {dag.py:3340} INFO - Setting next_dagrun for elastic_dag to 2023-12-21T00:00:00+00:00, run_after=2023-12-22T00:00:00+00:00
[2023-12-21T12:36:43.294+0000] {processor.py:176} INFO - Processing /opt/airflow/dags/elastic_dag.py took 0.318 seconds
[2023-12-21T12:37:14.185+0000] {processor.py:154} INFO - Started process (PID=271) to work on /opt/airflow/dags/elastic_dag.py
[2023-12-21T12:37:14.187+0000] {processor.py:756} INFO - Processing file /opt/airflow/dags/elastic_dag.py for tasks to queue
[2023-12-21T12:37:14.188+0000] {logging_mixin.py:120} INFO - [2023-12-21T12:37:14.188+0000] {dagbag.py:537} INFO - Filling up the DagBag from /opt/airflow/dags/elastic_dag.py
[2023-12-21T12:37:14.505+0000] {processor.py:766} INFO - DAG(s) dict_keys(['elastic_dag']) retrieved from /opt/airflow/dags/elastic_dag.py
[2023-12-21T12:37:14.535+0000] {logging_mixin.py:120} INFO - [2023-12-21T12:37:14.535+0000] {dag.py:2585} INFO - Sync 1 DAGs
[2023-12-21T12:37:14.557+0000] {logging_mixin.py:120} INFO - [2023-12-21T12:37:14.557+0000] {dag.py:3340} INFO - Setting next_dagrun for elastic_dag to 2023-12-21T00:00:00+00:00, run_after=2023-12-22T00:00:00+00:00
[2023-12-21T12:37:14.577+0000] {processor.py:176} INFO - Processing /opt/airflow/dags/elastic_dag.py took 0.395 seconds
[2023-12-21T12:37:45.393+0000] {processor.py:154} INFO - Started process (PID=314) to work on /opt/airflow/dags/elastic_dag.py
[2023-12-21T12:37:45.394+0000] {processor.py:756} INFO - Processing file /opt/airflow/dags/elastic_dag.py for tasks to queue
[2023-12-21T12:37:45.395+0000] {logging_mixin.py:120} INFO - [2023-12-21T12:37:45.395+0000] {dagbag.py:537} INFO - Filling up the DagBag from /opt/airflow/dags/elastic_dag.py
[2023-12-21T12:37:45.958+0000] {processor.py:766} INFO - DAG(s) dict_keys(['elastic_dag']) retrieved from /opt/airflow/dags/elastic_dag.py
[2023-12-21T12:37:46.005+0000] {logging_mixin.py:120} INFO - [2023-12-21T12:37:46.004+0000] {dag.py:2585} INFO - Sync 1 DAGs
[2023-12-21T12:37:46.040+0000] {logging_mixin.py:120} INFO - [2023-12-21T12:37:46.040+0000] {dag.py:3340} INFO - Setting next_dagrun for elastic_dag to 2023-12-21T00:00:00+00:00, run_after=2023-12-22T00:00:00+00:00
[2023-12-21T12:37:46.069+0000] {processor.py:176} INFO - Processing /opt/airflow/dags/elastic_dag.py took 0.679 seconds
[2023-12-21T12:38:16.127+0000] {processor.py:154} INFO - Started process (PID=348) to work on /opt/airflow/dags/elastic_dag.py
[2023-12-21T12:38:16.129+0000] {processor.py:756} INFO - Processing file /opt/airflow/dags/elastic_dag.py for tasks to queue
[2023-12-21T12:38:16.129+0000] {logging_mixin.py:120} INFO - [2023-12-21T12:38:16.129+0000] {dagbag.py:537} INFO - Filling up the DagBag from /opt/airflow/dags/elastic_dag.py
[2023-12-21T12:38:16.513+0000] {processor.py:766} INFO - DAG(s) dict_keys(['elastic_dag']) retrieved from /opt/airflow/dags/elastic_dag.py
[2023-12-21T12:38:16.557+0000] {logging_mixin.py:120} INFO - [2023-12-21T12:38:16.556+0000] {dag.py:2585} INFO - Sync 1 DAGs
[2023-12-21T12:38:16.591+0000] {logging_mixin.py:120} INFO - [2023-12-21T12:38:16.591+0000] {dag.py:3340} INFO - Setting next_dagrun for elastic_dag to 2023-12-21T00:00:00+00:00, run_after=2023-12-22T00:00:00+00:00
[2023-12-21T12:38:16.616+0000] {processor.py:176} INFO - Processing /opt/airflow/dags/elastic_dag.py took 0.492 seconds
[2023-12-21T12:40:33.168+0000] {processor.py:154} INFO - Started process (PID=53) to work on /opt/airflow/dags/elastic_dag.py
[2023-12-21T12:40:33.172+0000] {processor.py:756} INFO - Processing file /opt/airflow/dags/elastic_dag.py for tasks to queue
[2023-12-21T12:40:33.173+0000] {logging_mixin.py:120} INFO - [2023-12-21T12:40:33.173+0000] {dagbag.py:537} INFO - Filling up the DagBag from /opt/airflow/dags/elastic_dag.py
[2023-12-21T12:40:36.536+0000] {processor.py:766} INFO - DAG(s) dict_keys(['elastic_dag']) retrieved from /opt/airflow/dags/elastic_dag.py
[2023-12-21T12:40:36.608+0000] {logging_mixin.py:120} INFO - [2023-12-21T12:40:36.608+0000] {dag.py:2585} INFO - Sync 1 DAGs
[2023-12-21T12:40:36.647+0000] {logging_mixin.py:120} INFO - [2023-12-21T12:40:36.647+0000] {dag.py:3340} INFO - Setting next_dagrun for elastic_dag to 2023-12-21T00:00:00+00:00, run_after=2023-12-22T00:00:00+00:00
[2023-12-21T12:40:36.685+0000] {processor.py:176} INFO - Processing /opt/airflow/dags/elastic_dag.py took 3.522 seconds
