[2023-12-21T12:34:06.895+0000] {processor.py:154} INFO - Started process (PID=59) to work on /opt/airflow/dags/producer.py
[2023-12-21T12:34:06.903+0000] {processor.py:756} INFO - Processing file /opt/airflow/dags/producer.py for tasks to queue
[2023-12-21T12:34:06.905+0000] {logging_mixin.py:120} INFO - [2023-12-21T12:34:06.904+0000] {dagbag.py:537} INFO - Filling up the DagBag from /opt/airflow/dags/producer.py
[2023-12-21T12:34:07.159+0000] {processor.py:766} INFO - DAG(s) dict_keys(['producer']) retrieved from /opt/airflow/dags/producer.py
[2023-12-21T12:34:07.469+0000] {logging_mixin.py:120} INFO - [2023-12-21T12:34:07.469+0000] {dag.py:2585} INFO - Sync 1 DAGs
[2023-12-21T12:34:07.677+0000] {logging_mixin.py:120} INFO - [2023-12-21T12:34:07.677+0000] {dag.py:3340} INFO - Setting next_dagrun for producer to 2023-12-20T00:00:00+00:00, run_after=2023-12-21T00:00:00+00:00
[2023-12-21T12:34:07.819+0000] {processor.py:176} INFO - Processing /opt/airflow/dags/producer.py took 0.968 seconds
[2023-12-21T12:34:38.106+0000] {processor.py:154} INFO - Started process (PID=89) to work on /opt/airflow/dags/producer.py
[2023-12-21T12:34:38.116+0000] {processor.py:756} INFO - Processing file /opt/airflow/dags/producer.py for tasks to queue
[2023-12-21T12:34:38.117+0000] {logging_mixin.py:120} INFO - [2023-12-21T12:34:38.117+0000] {dagbag.py:537} INFO - Filling up the DagBag from /opt/airflow/dags/producer.py
[2023-12-21T12:34:38.275+0000] {processor.py:766} INFO - DAG(s) dict_keys(['producer']) retrieved from /opt/airflow/dags/producer.py
[2023-12-21T12:34:38.421+0000] {logging_mixin.py:120} INFO - [2023-12-21T12:34:38.421+0000] {dag.py:2585} INFO - Sync 1 DAGs
[2023-12-21T12:34:38.525+0000] {logging_mixin.py:120} INFO - [2023-12-21T12:34:38.525+0000] {dag.py:3340} INFO - Setting next_dagrun for producer to 2023-12-20T00:00:00+00:00, run_after=2023-12-21T00:00:00+00:00
[2023-12-21T12:34:38.600+0000] {processor.py:176} INFO - Processing /opt/airflow/dags/producer.py took 0.503 seconds
[2023-12-21T12:35:09.222+0000] {processor.py:154} INFO - Started process (PID=122) to work on /opt/airflow/dags/producer.py
[2023-12-21T12:35:09.223+0000] {processor.py:756} INFO - Processing file /opt/airflow/dags/producer.py for tasks to queue
[2023-12-21T12:35:09.223+0000] {logging_mixin.py:120} INFO - [2023-12-21T12:35:09.223+0000] {dagbag.py:537} INFO - Filling up the DagBag from /opt/airflow/dags/producer.py
[2023-12-21T12:35:09.251+0000] {processor.py:766} INFO - DAG(s) dict_keys(['producer']) retrieved from /opt/airflow/dags/producer.py
[2023-12-21T12:35:09.297+0000] {logging_mixin.py:120} INFO - [2023-12-21T12:35:09.297+0000] {dag.py:2585} INFO - Sync 1 DAGs
[2023-12-21T12:35:09.331+0000] {logging_mixin.py:120} INFO - [2023-12-21T12:35:09.331+0000] {dag.py:3340} INFO - Setting next_dagrun for producer to 2023-12-20T00:00:00+00:00, run_after=2023-12-21T00:00:00+00:00
[2023-12-21T12:35:09.363+0000] {processor.py:176} INFO - Processing /opt/airflow/dags/producer.py took 0.145 seconds
[2023-12-21T12:35:40.093+0000] {processor.py:154} INFO - Started process (PID=154) to work on /opt/airflow/dags/producer.py
[2023-12-21T12:35:40.102+0000] {processor.py:756} INFO - Processing file /opt/airflow/dags/producer.py for tasks to queue
[2023-12-21T12:35:40.103+0000] {logging_mixin.py:120} INFO - [2023-12-21T12:35:40.103+0000] {dagbag.py:537} INFO - Filling up the DagBag from /opt/airflow/dags/producer.py
[2023-12-21T12:35:40.180+0000] {processor.py:766} INFO - DAG(s) dict_keys(['producer']) retrieved from /opt/airflow/dags/producer.py
[2023-12-21T12:35:40.267+0000] {logging_mixin.py:120} INFO - [2023-12-21T12:35:40.267+0000] {dag.py:2585} INFO - Sync 1 DAGs
[2023-12-21T12:35:40.328+0000] {logging_mixin.py:120} INFO - [2023-12-21T12:35:40.328+0000] {dag.py:3340} INFO - Setting next_dagrun for producer to 2023-12-20T00:00:00+00:00, run_after=2023-12-21T00:00:00+00:00
[2023-12-21T12:35:40.374+0000] {processor.py:176} INFO - Processing /opt/airflow/dags/producer.py took 0.285 seconds
[2023-12-21T12:36:10.440+0000] {processor.py:154} INFO - Started process (PID=194) to work on /opt/airflow/dags/producer.py
[2023-12-21T12:36:10.441+0000] {processor.py:756} INFO - Processing file /opt/airflow/dags/producer.py for tasks to queue
[2023-12-21T12:36:10.442+0000] {logging_mixin.py:120} INFO - [2023-12-21T12:36:10.442+0000] {dagbag.py:537} INFO - Filling up the DagBag from /opt/airflow/dags/producer.py
[2023-12-21T12:36:10.471+0000] {processor.py:766} INFO - DAG(s) dict_keys(['producer']) retrieved from /opt/airflow/dags/producer.py
[2023-12-21T12:36:10.518+0000] {logging_mixin.py:120} INFO - [2023-12-21T12:36:10.518+0000] {dag.py:2585} INFO - Sync 1 DAGs
[2023-12-21T12:36:10.549+0000] {logging_mixin.py:120} INFO - [2023-12-21T12:36:10.549+0000] {dag.py:3340} INFO - Setting next_dagrun for producer to 2023-12-20T00:00:00+00:00, run_after=2023-12-21T00:00:00+00:00
[2023-12-21T12:36:10.578+0000] {processor.py:176} INFO - Processing /opt/airflow/dags/producer.py took 0.141 seconds
[2023-12-21T12:36:41.506+0000] {processor.py:154} INFO - Started process (PID=236) to work on /opt/airflow/dags/producer.py
[2023-12-21T12:36:41.517+0000] {processor.py:756} INFO - Processing file /opt/airflow/dags/producer.py for tasks to queue
[2023-12-21T12:36:41.524+0000] {logging_mixin.py:120} INFO - [2023-12-21T12:36:41.524+0000] {dagbag.py:537} INFO - Filling up the DagBag from /opt/airflow/dags/producer.py
[2023-12-21T12:36:41.608+0000] {processor.py:766} INFO - DAG(s) dict_keys(['producer']) retrieved from /opt/airflow/dags/producer.py
[2023-12-21T12:36:41.747+0000] {logging_mixin.py:120} INFO - [2023-12-21T12:36:41.746+0000] {dag.py:2585} INFO - Sync 1 DAGs
[2023-12-21T12:36:41.843+0000] {logging_mixin.py:120} INFO - [2023-12-21T12:36:41.843+0000] {dag.py:3340} INFO - Setting next_dagrun for producer to 2023-12-20T00:00:00+00:00, run_after=2023-12-21T00:00:00+00:00
[2023-12-21T12:36:41.924+0000] {processor.py:176} INFO - Processing /opt/airflow/dags/producer.py took 0.429 seconds
[2023-12-21T12:37:12.047+0000] {processor.py:154} INFO - Started process (PID=269) to work on /opt/airflow/dags/producer.py
[2023-12-21T12:37:12.048+0000] {processor.py:756} INFO - Processing file /opt/airflow/dags/producer.py for tasks to queue
[2023-12-21T12:37:12.049+0000] {logging_mixin.py:120} INFO - [2023-12-21T12:37:12.049+0000] {dagbag.py:537} INFO - Filling up the DagBag from /opt/airflow/dags/producer.py
[2023-12-21T12:37:12.069+0000] {processor.py:766} INFO - DAG(s) dict_keys(['producer']) retrieved from /opt/airflow/dags/producer.py
[2023-12-21T12:37:12.102+0000] {logging_mixin.py:120} INFO - [2023-12-21T12:37:12.101+0000] {dag.py:2585} INFO - Sync 1 DAGs
[2023-12-21T12:37:12.124+0000] {logging_mixin.py:120} INFO - [2023-12-21T12:37:12.124+0000] {dag.py:3340} INFO - Setting next_dagrun for producer to 2023-12-20T00:00:00+00:00, run_after=2023-12-21T00:00:00+00:00
[2023-12-21T12:37:12.147+0000] {processor.py:176} INFO - Processing /opt/airflow/dags/producer.py took 0.107 seconds
[2023-12-21T12:37:42.209+0000] {processor.py:154} INFO - Started process (PID=302) to work on /opt/airflow/dags/producer.py
[2023-12-21T12:37:42.217+0000] {processor.py:756} INFO - Processing file /opt/airflow/dags/producer.py for tasks to queue
[2023-12-21T12:37:42.218+0000] {logging_mixin.py:120} INFO - [2023-12-21T12:37:42.218+0000] {dagbag.py:537} INFO - Filling up the DagBag from /opt/airflow/dags/producer.py
[2023-12-21T12:37:42.245+0000] {processor.py:766} INFO - DAG(s) dict_keys(['producer']) retrieved from /opt/airflow/dags/producer.py
[2023-12-21T12:37:42.294+0000] {logging_mixin.py:120} INFO - [2023-12-21T12:37:42.294+0000] {dag.py:2585} INFO - Sync 1 DAGs
[2023-12-21T12:37:42.324+0000] {logging_mixin.py:120} INFO - [2023-12-21T12:37:42.324+0000] {dag.py:3340} INFO - Setting next_dagrun for producer to 2023-12-20T00:00:00+00:00, run_after=2023-12-21T00:00:00+00:00
[2023-12-21T12:37:42.354+0000] {processor.py:176} INFO - Processing /opt/airflow/dags/producer.py took 0.148 seconds
[2023-12-21T12:38:12.658+0000] {processor.py:154} INFO - Started process (PID=346) to work on /opt/airflow/dags/producer.py
[2023-12-21T12:38:12.659+0000] {processor.py:756} INFO - Processing file /opt/airflow/dags/producer.py for tasks to queue
[2023-12-21T12:38:12.660+0000] {logging_mixin.py:120} INFO - [2023-12-21T12:38:12.660+0000] {dagbag.py:537} INFO - Filling up the DagBag from /opt/airflow/dags/producer.py
[2023-12-21T12:38:12.747+0000] {processor.py:766} INFO - DAG(s) dict_keys(['producer']) retrieved from /opt/airflow/dags/producer.py
[2023-12-21T12:38:12.892+0000] {logging_mixin.py:120} INFO - [2023-12-21T12:38:12.891+0000] {dag.py:2585} INFO - Sync 1 DAGs
[2023-12-21T12:38:13.004+0000] {logging_mixin.py:120} INFO - [2023-12-21T12:38:13.004+0000] {dag.py:3340} INFO - Setting next_dagrun for producer to 2023-12-20T00:00:00+00:00, run_after=2023-12-21T00:00:00+00:00
[2023-12-21T12:38:13.063+0000] {processor.py:176} INFO - Processing /opt/airflow/dags/producer.py took 0.416 seconds
[2023-12-21T12:38:43.911+0000] {processor.py:154} INFO - Started process (PID=391) to work on /opt/airflow/dags/producer.py
[2023-12-21T12:38:43.912+0000] {processor.py:756} INFO - Processing file /opt/airflow/dags/producer.py for tasks to queue
[2023-12-21T12:38:43.913+0000] {logging_mixin.py:120} INFO - [2023-12-21T12:38:43.912+0000] {dagbag.py:537} INFO - Filling up the DagBag from /opt/airflow/dags/producer.py
[2023-12-21T12:38:43.941+0000] {processor.py:766} INFO - DAG(s) dict_keys(['producer']) retrieved from /opt/airflow/dags/producer.py
[2023-12-21T12:38:44.001+0000] {logging_mixin.py:120} INFO - [2023-12-21T12:38:44.001+0000] {dag.py:2585} INFO - Sync 1 DAGs
[2023-12-21T12:38:44.031+0000] {logging_mixin.py:120} INFO - [2023-12-21T12:38:44.031+0000] {dag.py:3340} INFO - Setting next_dagrun for producer to 2023-12-20T00:00:00+00:00, run_after=2023-12-21T00:00:00+00:00
[2023-12-21T12:38:44.057+0000] {processor.py:176} INFO - Processing /opt/airflow/dags/producer.py took 0.150 seconds
[2023-12-21T12:40:37.028+0000] {processor.py:154} INFO - Started process (PID=72) to work on /opt/airflow/dags/producer.py
[2023-12-21T12:40:37.034+0000] {processor.py:756} INFO - Processing file /opt/airflow/dags/producer.py for tasks to queue
[2023-12-21T12:40:37.035+0000] {logging_mixin.py:120} INFO - [2023-12-21T12:40:37.035+0000] {dagbag.py:537} INFO - Filling up the DagBag from /opt/airflow/dags/producer.py
[2023-12-21T12:40:37.132+0000] {processor.py:766} INFO - DAG(s) dict_keys(['producer']) retrieved from /opt/airflow/dags/producer.py
[2023-12-21T12:40:37.182+0000] {logging_mixin.py:120} INFO - [2023-12-21T12:40:37.182+0000] {dag.py:2585} INFO - Sync 1 DAGs
[2023-12-21T12:40:37.226+0000] {logging_mixin.py:120} INFO - [2023-12-21T12:40:37.226+0000] {dag.py:3340} INFO - Setting next_dagrun for producer to 2023-12-20T00:00:00+00:00, run_after=2023-12-21T00:00:00+00:00
[2023-12-21T12:40:37.292+0000] {processor.py:176} INFO - Processing /opt/airflow/dags/producer.py took 0.266 seconds
