[2023-12-21T12:34:02.047+0000] {processor.py:154} INFO - Started process (PID=48) to work on /opt/airflow/dags/xcom_dag.py
[2023-12-21T12:34:02.057+0000] {processor.py:756} INFO - Processing file /opt/airflow/dags/xcom_dag.py for tasks to queue
[2023-12-21T12:34:02.059+0000] {logging_mixin.py:120} INFO - [2023-12-21T12:34:02.059+0000] {dagbag.py:537} INFO - Filling up the DagBag from /opt/airflow/dags/xcom_dag.py
[2023-12-21T12:34:02.252+0000] {processor.py:766} INFO - DAG(s) dict_keys(['xcom_dag']) retrieved from /opt/airflow/dags/xcom_dag.py
[2023-12-21T12:34:02.569+0000] {logging_mixin.py:120} INFO - [2023-12-21T12:34:02.569+0000] {dag.py:2585} INFO - Sync 1 DAGs
[2023-12-21T12:34:02.668+0000] {logging_mixin.py:120} INFO - [2023-12-21T12:34:02.667+0000] {dag.py:3340} INFO - Setting next_dagrun for xcom_dag to 2023-12-20T00:00:00+00:00, run_after=2023-12-21T00:00:00+00:00
[2023-12-21T12:34:02.880+0000] {processor.py:176} INFO - Processing /opt/airflow/dags/xcom_dag.py took 0.865 seconds
[2023-12-21T12:34:33.345+0000] {processor.py:154} INFO - Started process (PID=80) to work on /opt/airflow/dags/xcom_dag.py
[2023-12-21T12:34:33.363+0000] {processor.py:756} INFO - Processing file /opt/airflow/dags/xcom_dag.py for tasks to queue
[2023-12-21T12:34:33.364+0000] {logging_mixin.py:120} INFO - [2023-12-21T12:34:33.364+0000] {dagbag.py:537} INFO - Filling up the DagBag from /opt/airflow/dags/xcom_dag.py
[2023-12-21T12:34:33.452+0000] {processor.py:766} INFO - DAG(s) dict_keys(['xcom_dag']) retrieved from /opt/airflow/dags/xcom_dag.py
[2023-12-21T12:34:33.715+0000] {logging_mixin.py:120} INFO - [2023-12-21T12:34:33.715+0000] {dag.py:2585} INFO - Sync 1 DAGs
[2023-12-21T12:34:33.877+0000] {logging_mixin.py:120} INFO - [2023-12-21T12:34:33.877+0000] {dag.py:3340} INFO - Setting next_dagrun for xcom_dag to 2023-12-21T00:00:00+00:00, run_after=2023-12-22T00:00:00+00:00
[2023-12-21T12:34:33.945+0000] {processor.py:176} INFO - Processing /opt/airflow/dags/xcom_dag.py took 0.604 seconds
[2023-12-21T12:35:04.346+0000] {processor.py:154} INFO - Started process (PID=113) to work on /opt/airflow/dags/xcom_dag.py
[2023-12-21T12:35:04.351+0000] {processor.py:756} INFO - Processing file /opt/airflow/dags/xcom_dag.py for tasks to queue
[2023-12-21T12:35:04.352+0000] {logging_mixin.py:120} INFO - [2023-12-21T12:35:04.352+0000] {dagbag.py:537} INFO - Filling up the DagBag from /opt/airflow/dags/xcom_dag.py
[2023-12-21T12:35:04.393+0000] {processor.py:766} INFO - DAG(s) dict_keys(['xcom_dag']) retrieved from /opt/airflow/dags/xcom_dag.py
[2023-12-21T12:35:04.451+0000] {logging_mixin.py:120} INFO - [2023-12-21T12:35:04.451+0000] {dag.py:2585} INFO - Sync 1 DAGs
[2023-12-21T12:35:04.496+0000] {logging_mixin.py:120} INFO - [2023-12-21T12:35:04.495+0000] {dag.py:3340} INFO - Setting next_dagrun for xcom_dag to 2023-12-21T00:00:00+00:00, run_after=2023-12-22T00:00:00+00:00
[2023-12-21T12:35:04.543+0000] {processor.py:176} INFO - Processing /opt/airflow/dags/xcom_dag.py took 0.200 seconds
[2023-12-21T12:35:34.587+0000] {processor.py:154} INFO - Started process (PID=146) to work on /opt/airflow/dags/xcom_dag.py
[2023-12-21T12:35:34.588+0000] {processor.py:756} INFO - Processing file /opt/airflow/dags/xcom_dag.py for tasks to queue
[2023-12-21T12:35:34.589+0000] {logging_mixin.py:120} INFO - [2023-12-21T12:35:34.589+0000] {dagbag.py:537} INFO - Filling up the DagBag from /opt/airflow/dags/xcom_dag.py
[2023-12-21T12:35:34.612+0000] {processor.py:766} INFO - DAG(s) dict_keys(['xcom_dag']) retrieved from /opt/airflow/dags/xcom_dag.py
[2023-12-21T12:35:34.680+0000] {logging_mixin.py:120} INFO - [2023-12-21T12:35:34.680+0000] {dag.py:2585} INFO - Sync 1 DAGs
[2023-12-21T12:35:34.701+0000] {logging_mixin.py:120} INFO - [2023-12-21T12:35:34.701+0000] {dag.py:3340} INFO - Setting next_dagrun for xcom_dag to 2023-12-21T00:00:00+00:00, run_after=2023-12-22T00:00:00+00:00
[2023-12-21T12:35:34.721+0000] {processor.py:176} INFO - Processing /opt/airflow/dags/xcom_dag.py took 0.137 seconds
[2023-12-21T12:36:05.116+0000] {processor.py:154} INFO - Started process (PID=178) to work on /opt/airflow/dags/xcom_dag.py
[2023-12-21T12:36:05.125+0000] {processor.py:756} INFO - Processing file /opt/airflow/dags/xcom_dag.py for tasks to queue
[2023-12-21T12:36:05.125+0000] {logging_mixin.py:120} INFO - [2023-12-21T12:36:05.125+0000] {dagbag.py:537} INFO - Filling up the DagBag from /opt/airflow/dags/xcom_dag.py
[2023-12-21T12:36:05.168+0000] {processor.py:766} INFO - DAG(s) dict_keys(['xcom_dag']) retrieved from /opt/airflow/dags/xcom_dag.py
[2023-12-21T12:36:05.232+0000] {logging_mixin.py:120} INFO - [2023-12-21T12:36:05.232+0000] {dag.py:2585} INFO - Sync 1 DAGs
[2023-12-21T12:36:05.273+0000] {logging_mixin.py:120} INFO - [2023-12-21T12:36:05.273+0000] {dag.py:3340} INFO - Setting next_dagrun for xcom_dag to 2023-12-21T00:00:00+00:00, run_after=2023-12-22T00:00:00+00:00
[2023-12-21T12:36:05.307+0000] {processor.py:176} INFO - Processing /opt/airflow/dags/xcom_dag.py took 0.195 seconds
[2023-12-21T12:36:36.251+0000] {processor.py:154} INFO - Started process (PID=221) to work on /opt/airflow/dags/xcom_dag.py
[2023-12-21T12:36:36.252+0000] {processor.py:756} INFO - Processing file /opt/airflow/dags/xcom_dag.py for tasks to queue
[2023-12-21T12:36:36.252+0000] {logging_mixin.py:120} INFO - [2023-12-21T12:36:36.252+0000] {dagbag.py:537} INFO - Filling up the DagBag from /opt/airflow/dags/xcom_dag.py
[2023-12-21T12:36:36.268+0000] {processor.py:766} INFO - DAG(s) dict_keys(['xcom_dag']) retrieved from /opt/airflow/dags/xcom_dag.py
[2023-12-21T12:36:36.301+0000] {logging_mixin.py:120} INFO - [2023-12-21T12:36:36.301+0000] {dag.py:2585} INFO - Sync 1 DAGs
[2023-12-21T12:36:36.323+0000] {logging_mixin.py:120} INFO - [2023-12-21T12:36:36.322+0000] {dag.py:3340} INFO - Setting next_dagrun for xcom_dag to 2023-12-21T00:00:00+00:00, run_after=2023-12-22T00:00:00+00:00
[2023-12-21T12:36:36.344+0000] {processor.py:176} INFO - Processing /opt/airflow/dags/xcom_dag.py took 0.095 seconds
[2023-12-21T12:37:06.594+0000] {processor.py:154} INFO - Started process (PID=263) to work on /opt/airflow/dags/xcom_dag.py
[2023-12-21T12:37:06.600+0000] {processor.py:756} INFO - Processing file /opt/airflow/dags/xcom_dag.py for tasks to queue
[2023-12-21T12:37:06.606+0000] {logging_mixin.py:120} INFO - [2023-12-21T12:37:06.606+0000] {dagbag.py:537} INFO - Filling up the DagBag from /opt/airflow/dags/xcom_dag.py
[2023-12-21T12:37:06.757+0000] {processor.py:766} INFO - DAG(s) dict_keys(['xcom_dag']) retrieved from /opt/airflow/dags/xcom_dag.py
[2023-12-21T12:37:07.063+0000] {logging_mixin.py:120} INFO - [2023-12-21T12:37:07.063+0000] {dag.py:2585} INFO - Sync 1 DAGs
[2023-12-21T12:37:07.201+0000] {logging_mixin.py:120} INFO - [2023-12-21T12:37:07.201+0000] {dag.py:3340} INFO - Setting next_dagrun for xcom_dag to 2023-12-21T00:00:00+00:00, run_after=2023-12-22T00:00:00+00:00
[2023-12-21T12:37:07.338+0000] {processor.py:176} INFO - Processing /opt/airflow/dags/xcom_dag.py took 0.758 seconds
[2023-12-21T12:37:37.905+0000] {processor.py:154} INFO - Started process (PID=297) to work on /opt/airflow/dags/xcom_dag.py
[2023-12-21T12:37:37.937+0000] {processor.py:756} INFO - Processing file /opt/airflow/dags/xcom_dag.py for tasks to queue
[2023-12-21T12:37:37.937+0000] {logging_mixin.py:120} INFO - [2023-12-21T12:37:37.937+0000] {dagbag.py:537} INFO - Filling up the DagBag from /opt/airflow/dags/xcom_dag.py
[2023-12-21T12:37:38.046+0000] {processor.py:766} INFO - DAG(s) dict_keys(['xcom_dag']) retrieved from /opt/airflow/dags/xcom_dag.py
[2023-12-21T12:37:38.154+0000] {logging_mixin.py:120} INFO - [2023-12-21T12:37:38.154+0000] {dag.py:2585} INFO - Sync 1 DAGs
[2023-12-21T12:37:38.189+0000] {logging_mixin.py:120} INFO - [2023-12-21T12:37:38.189+0000] {dag.py:3340} INFO - Setting next_dagrun for xcom_dag to 2023-12-21T00:00:00+00:00, run_after=2023-12-22T00:00:00+00:00
[2023-12-21T12:37:38.228+0000] {processor.py:176} INFO - Processing /opt/airflow/dags/xcom_dag.py took 0.326 seconds
[2023-12-21T12:38:08.449+0000] {processor.py:154} INFO - Started process (PID=341) to work on /opt/airflow/dags/xcom_dag.py
[2023-12-21T12:38:08.451+0000] {processor.py:756} INFO - Processing file /opt/airflow/dags/xcom_dag.py for tasks to queue
[2023-12-21T12:38:08.457+0000] {logging_mixin.py:120} INFO - [2023-12-21T12:38:08.457+0000] {dagbag.py:537} INFO - Filling up the DagBag from /opt/airflow/dags/xcom_dag.py
[2023-12-21T12:38:08.514+0000] {processor.py:766} INFO - DAG(s) dict_keys(['xcom_dag']) retrieved from /opt/airflow/dags/xcom_dag.py
[2023-12-21T12:38:08.579+0000] {logging_mixin.py:120} INFO - [2023-12-21T12:38:08.579+0000] {dag.py:2585} INFO - Sync 1 DAGs
[2023-12-21T12:38:08.613+0000] {logging_mixin.py:120} INFO - [2023-12-21T12:38:08.613+0000] {dag.py:3340} INFO - Setting next_dagrun for xcom_dag to 2023-12-21T00:00:00+00:00, run_after=2023-12-22T00:00:00+00:00
[2023-12-21T12:38:08.648+0000] {processor.py:176} INFO - Processing /opt/airflow/dags/xcom_dag.py took 0.214 seconds
[2023-12-21T12:38:38.772+0000] {processor.py:154} INFO - Started process (PID=377) to work on /opt/airflow/dags/xcom_dag.py
[2023-12-21T12:38:38.773+0000] {processor.py:756} INFO - Processing file /opt/airflow/dags/xcom_dag.py for tasks to queue
[2023-12-21T12:38:38.774+0000] {logging_mixin.py:120} INFO - [2023-12-21T12:38:38.774+0000] {dagbag.py:537} INFO - Filling up the DagBag from /opt/airflow/dags/xcom_dag.py
[2023-12-21T12:38:38.804+0000] {processor.py:766} INFO - DAG(s) dict_keys(['xcom_dag']) retrieved from /opt/airflow/dags/xcom_dag.py
[2023-12-21T12:38:38.876+0000] {logging_mixin.py:120} INFO - [2023-12-21T12:38:38.876+0000] {dag.py:2585} INFO - Sync 1 DAGs
[2023-12-21T12:38:38.911+0000] {logging_mixin.py:120} INFO - [2023-12-21T12:38:38.911+0000] {dag.py:3340} INFO - Setting next_dagrun for xcom_dag to 2023-12-21T00:00:00+00:00, run_after=2023-12-22T00:00:00+00:00
[2023-12-21T12:38:38.937+0000] {processor.py:176} INFO - Processing /opt/airflow/dags/xcom_dag.py took 0.179 seconds
[2023-12-21T12:40:33.150+0000] {processor.py:154} INFO - Started process (PID=52) to work on /opt/airflow/dags/xcom_dag.py
[2023-12-21T12:40:33.157+0000] {processor.py:756} INFO - Processing file /opt/airflow/dags/xcom_dag.py for tasks to queue
[2023-12-21T12:40:33.158+0000] {logging_mixin.py:120} INFO - [2023-12-21T12:40:33.158+0000] {dagbag.py:537} INFO - Filling up the DagBag from /opt/airflow/dags/xcom_dag.py
[2023-12-21T12:40:33.257+0000] {processor.py:766} INFO - DAG(s) dict_keys(['xcom_dag']) retrieved from /opt/airflow/dags/xcom_dag.py
[2023-12-21T12:40:33.351+0000] {logging_mixin.py:120} INFO - [2023-12-21T12:40:33.351+0000] {dag.py:2585} INFO - Sync 1 DAGs
[2023-12-21T12:40:33.414+0000] {logging_mixin.py:120} INFO - [2023-12-21T12:40:33.414+0000] {dag.py:3340} INFO - Setting next_dagrun for xcom_dag to 2023-12-21T00:00:00+00:00, run_after=2023-12-22T00:00:00+00:00
[2023-12-21T12:40:33.471+0000] {processor.py:176} INFO - Processing /opt/airflow/dags/xcom_dag.py took 0.324 seconds
