[2023-11-22T18:18:37.087+0000] {taskinstance.py:1165} INFO - Dependencies all met for <TaskInstance: user_processing.extract_user scheduled__2023-11-21T00:00:00+00:00 [queued]>
[2023-11-22T18:18:37.128+0000] {taskinstance.py:1165} INFO - Dependencies all met for <TaskInstance: user_processing.extract_user scheduled__2023-11-21T00:00:00+00:00 [queued]>
[2023-11-22T18:18:37.128+0000] {taskinstance.py:1362} INFO - 
--------------------------------------------------------------------------------
[2023-11-22T18:18:37.129+0000] {taskinstance.py:1363} INFO - Starting attempt 1 of 1
[2023-11-22T18:18:37.129+0000] {taskinstance.py:1364} INFO - 
--------------------------------------------------------------------------------
[2023-11-22T18:18:37.170+0000] {taskinstance.py:1383} INFO - Executing <Task(SimpleHttpOperator): extract_user> on 2023-11-21 00:00:00+00:00
[2023-11-22T18:18:37.192+0000] {standard_task_runner.py:55} INFO - Started process 97 to run task
[2023-11-22T18:18:37.196+0000] {standard_task_runner.py:82} INFO - Running: ['***', 'tasks', 'run', 'user_processing', 'extract_user', 'scheduled__2023-11-21T00:00:00+00:00', '--job-id', '70', '--raw', '--subdir', 'DAGS_FOLDER/user_processing.py', '--cfg-path', '/tmp/tmp2fi707ic']
[2023-11-22T18:18:37.198+0000] {standard_task_runner.py:83} INFO - Job 70: Subtask extract_user
[2023-11-22T18:18:37.348+0000] {task_command.py:376} INFO - Running <TaskInstance: user_processing.extract_user scheduled__2023-11-21T00:00:00+00:00 [running]> on host a2be93f5fdfa
[2023-11-22T18:18:37.549+0000] {taskinstance.py:1592} INFO - Exporting the following env vars:
AIRFLOW_CTX_DAG_OWNER=***
AIRFLOW_CTX_DAG_ID=user_processing
AIRFLOW_CTX_TASK_ID=extract_user
AIRFLOW_CTX_EXECUTION_DATE=2023-11-21T00:00:00+00:00
AIRFLOW_CTX_TRY_NUMBER=1
AIRFLOW_CTX_DAG_RUN_ID=scheduled__2023-11-21T00:00:00+00:00
[2023-11-22T18:18:37.550+0000] {http.py:121} INFO - Calling HTTP method
[2023-11-22T18:18:37.575+0000] {base.py:71} INFO - Using connection ID 'user_api' for task execution.
[2023-11-22T18:18:37.576+0000] {http.py:148} INFO - Sending 'GET' to url: https://randomuser.me/api/
[2023-11-22T18:18:37.994+0000] {http.py:125} INFO - {"results":[{"gender":"male","name":{"title":"Mr","first":"Duane","last":"Campbell"},"location":{"street":{"number":2490,"name":"Avondale Ave"},"city":"Geraldton","state":"New South Wales","country":"Australia","postcode":1871,"coordinates":{"latitude":"-84.9866","longitude":"-86.0406"},"timezone":{"offset":"+11:00","description":"Magadan, Solomon Islands, New Caledonia"}},"email":"duane.campbell@example.com","login":{"uuid":"41f30624-fb06-4a94-a945-b3f648dc79de","username":"crazyfrog772","password":"metoo","salt":"8RazOMrh","md5":"86bde1be3dc24e4b0ee2a7fde28c79c1","sha1":"79895986db6d628f52fabafbcbcf9e06c9260867","sha256":"f970b05fd70051f52759c5e67e9e33f7c4ee528b5624259e9aa6b0b07cf7ff64"},"dob":{"date":"1956-03-02T10:44:30.069Z","age":67},"registered":{"date":"2022-04-12T21:03:29.409Z","age":1},"phone":"02-5874-5881","cell":"0465-855-282","id":{"name":"TFN","value":"331125399"},"picture":{"large":"https://randomuser.me/api/portraits/men/38.jpg","medium":"https://randomuser.me/api/portraits/med/men/38.jpg","thumbnail":"https://randomuser.me/api/portraits/thumb/men/38.jpg"},"nat":"AU"}],"info":{"seed":"d4b60c10ecd46c52","results":1,"page":1,"version":"1.4"}}
[2023-11-22T18:18:38.045+0000] {taskinstance.py:1406} INFO - Marking task as SUCCESS. dag_id=user_processing, task_id=extract_user, execution_date=20231121T000000, start_date=20231122T181837, end_date=20231122T181838
[2023-11-22T18:18:38.089+0000] {local_task_job.py:164} INFO - Task exited with return code 0
[2023-11-22T18:18:38.168+0000] {local_task_job.py:273} INFO - 1 downstream tasks scheduled from follow-on schedule check
