[2023-12-05T20:57:20.093+0000] {processor.py:154} INFO - Started process (PID=422) to work on /opt/airflow/dags/elastic_dag.py
[2023-12-05T20:57:20.094+0000] {processor.py:756} INFO - Processing file /opt/airflow/dags/elastic_dag.py for tasks to queue
[2023-12-05T20:57:20.094+0000] {logging_mixin.py:120} INFO - [2023-12-05T20:57:20.094+0000] {dagbag.py:537} INFO - Filling up the DagBag from /opt/airflow/dags/elastic_dag.py
[2023-12-05T20:57:20.315+0000] {processor.py:766} INFO - DAG(s) dict_keys(['elastic_dag']) retrieved from /opt/airflow/dags/elastic_dag.py
[2023-12-05T20:57:20.474+0000] {logging_mixin.py:120} INFO - [2023-12-05T20:57:20.473+0000] {manager.py:507} INFO - Created Permission View: can delete on DAG:elastic_dag
[2023-12-05T20:57:20.486+0000] {logging_mixin.py:120} INFO - [2023-12-05T20:57:20.486+0000] {manager.py:507} INFO - Created Permission View: can edit on DAG:elastic_dag
[2023-12-05T20:57:20.496+0000] {logging_mixin.py:120} INFO - [2023-12-05T20:57:20.496+0000] {manager.py:507} INFO - Created Permission View: can read on DAG:elastic_dag
[2023-12-05T20:57:20.497+0000] {logging_mixin.py:120} INFO - [2023-12-05T20:57:20.497+0000] {dag.py:2585} INFO - Sync 1 DAGs
[2023-12-05T20:57:20.508+0000] {logging_mixin.py:120} INFO - [2023-12-05T20:57:20.507+0000] {dag.py:2606} INFO - Creating ORM DAG for elastic_dag
[2023-12-05T20:57:20.517+0000] {logging_mixin.py:120} INFO - [2023-12-05T20:57:20.517+0000] {dag.py:3340} INFO - Setting next_dagrun for elastic_dag to 2023-12-04T00:00:00+00:00, run_after=2023-12-05T00:00:00+00:00
[2023-12-05T20:57:20.537+0000] {processor.py:176} INFO - Processing /opt/airflow/dags/elastic_dag.py took 0.447 seconds
[2023-12-05T20:57:51.216+0000] {processor.py:154} INFO - Started process (PID=465) to work on /opt/airflow/dags/elastic_dag.py
[2023-12-05T20:57:51.217+0000] {processor.py:756} INFO - Processing file /opt/airflow/dags/elastic_dag.py for tasks to queue
[2023-12-05T20:57:51.217+0000] {logging_mixin.py:120} INFO - [2023-12-05T20:57:51.217+0000] {dagbag.py:537} INFO - Filling up the DagBag from /opt/airflow/dags/elastic_dag.py
[2023-12-05T20:57:51.429+0000] {processor.py:766} INFO - DAG(s) dict_keys(['elastic_dag']) retrieved from /opt/airflow/dags/elastic_dag.py
[2023-12-05T20:57:51.458+0000] {logging_mixin.py:120} INFO - [2023-12-05T20:57:51.458+0000] {dag.py:2585} INFO - Sync 1 DAGs
[2023-12-05T20:57:51.478+0000] {logging_mixin.py:120} INFO - [2023-12-05T20:57:51.478+0000] {dag.py:3340} INFO - Setting next_dagrun for elastic_dag to 2023-12-04T00:00:00+00:00, run_after=2023-12-05T00:00:00+00:00
[2023-12-05T20:57:51.497+0000] {processor.py:176} INFO - Processing /opt/airflow/dags/elastic_dag.py took 0.282 seconds
[2023-12-05T20:58:21.571+0000] {processor.py:154} INFO - Started process (PID=498) to work on /opt/airflow/dags/elastic_dag.py
[2023-12-05T20:58:21.572+0000] {processor.py:756} INFO - Processing file /opt/airflow/dags/elastic_dag.py for tasks to queue
[2023-12-05T20:58:21.572+0000] {logging_mixin.py:120} INFO - [2023-12-05T20:58:21.572+0000] {dagbag.py:537} INFO - Filling up the DagBag from /opt/airflow/dags/elastic_dag.py
[2023-12-05T20:58:21.780+0000] {processor.py:766} INFO - DAG(s) dict_keys(['elastic_dag']) retrieved from /opt/airflow/dags/elastic_dag.py
[2023-12-05T20:58:21.808+0000] {logging_mixin.py:120} INFO - [2023-12-05T20:58:21.808+0000] {dag.py:2585} INFO - Sync 1 DAGs
[2023-12-05T20:58:21.828+0000] {logging_mixin.py:120} INFO - [2023-12-05T20:58:21.828+0000] {dag.py:3340} INFO - Setting next_dagrun for elastic_dag to 2023-12-05T00:00:00+00:00, run_after=2023-12-06T00:00:00+00:00
[2023-12-05T20:58:21.848+0000] {processor.py:176} INFO - Processing /opt/airflow/dags/elastic_dag.py took 0.279 seconds
[2023-12-05T20:58:52.048+0000] {processor.py:154} INFO - Started process (PID=541) to work on /opt/airflow/dags/elastic_dag.py
[2023-12-05T20:58:52.049+0000] {processor.py:756} INFO - Processing file /opt/airflow/dags/elastic_dag.py for tasks to queue
[2023-12-05T20:58:52.049+0000] {logging_mixin.py:120} INFO - [2023-12-05T20:58:52.049+0000] {dagbag.py:537} INFO - Filling up the DagBag from /opt/airflow/dags/elastic_dag.py
[2023-12-05T20:58:52.277+0000] {processor.py:766} INFO - DAG(s) dict_keys(['elastic_dag']) retrieved from /opt/airflow/dags/elastic_dag.py
[2023-12-05T20:58:52.310+0000] {logging_mixin.py:120} INFO - [2023-12-05T20:58:52.310+0000] {dag.py:2585} INFO - Sync 1 DAGs
[2023-12-05T20:58:52.335+0000] {logging_mixin.py:120} INFO - [2023-12-05T20:58:52.334+0000] {dag.py:3340} INFO - Setting next_dagrun for elastic_dag to 2023-12-05T00:00:00+00:00, run_after=2023-12-06T00:00:00+00:00
[2023-12-05T20:58:52.354+0000] {processor.py:176} INFO - Processing /opt/airflow/dags/elastic_dag.py took 0.308 seconds
[2023-12-05T20:59:22.534+0000] {processor.py:154} INFO - Started process (PID=582) to work on /opt/airflow/dags/elastic_dag.py
[2023-12-05T20:59:22.535+0000] {processor.py:756} INFO - Processing file /opt/airflow/dags/elastic_dag.py for tasks to queue
[2023-12-05T20:59:22.535+0000] {logging_mixin.py:120} INFO - [2023-12-05T20:59:22.535+0000] {dagbag.py:537} INFO - Filling up the DagBag from /opt/airflow/dags/elastic_dag.py
[2023-12-05T20:59:22.767+0000] {processor.py:766} INFO - DAG(s) dict_keys(['elastic_dag']) retrieved from /opt/airflow/dags/elastic_dag.py
[2023-12-05T20:59:22.795+0000] {logging_mixin.py:120} INFO - [2023-12-05T20:59:22.795+0000] {dag.py:2585} INFO - Sync 1 DAGs
[2023-12-05T20:59:22.815+0000] {logging_mixin.py:120} INFO - [2023-12-05T20:59:22.815+0000] {dag.py:3340} INFO - Setting next_dagrun for elastic_dag to 2023-12-05T00:00:00+00:00, run_after=2023-12-06T00:00:00+00:00
[2023-12-05T20:59:22.834+0000] {processor.py:176} INFO - Processing /opt/airflow/dags/elastic_dag.py took 0.302 seconds
[2023-12-05T20:59:53.514+0000] {processor.py:154} INFO - Started process (PID=624) to work on /opt/airflow/dags/elastic_dag.py
[2023-12-05T20:59:53.515+0000] {processor.py:756} INFO - Processing file /opt/airflow/dags/elastic_dag.py for tasks to queue
[2023-12-05T20:59:53.515+0000] {logging_mixin.py:120} INFO - [2023-12-05T20:59:53.515+0000] {dagbag.py:537} INFO - Filling up the DagBag from /opt/airflow/dags/elastic_dag.py
[2023-12-05T20:59:53.851+0000] {processor.py:766} INFO - DAG(s) dict_keys(['elastic_dag']) retrieved from /opt/airflow/dags/elastic_dag.py
[2023-12-05T20:59:53.894+0000] {logging_mixin.py:120} INFO - [2023-12-05T20:59:53.894+0000] {dag.py:2585} INFO - Sync 1 DAGs
[2023-12-05T20:59:53.927+0000] {logging_mixin.py:120} INFO - [2023-12-05T20:59:53.926+0000] {dag.py:3340} INFO - Setting next_dagrun for elastic_dag to 2023-12-05T00:00:00+00:00, run_after=2023-12-06T00:00:00+00:00
[2023-12-05T20:59:53.949+0000] {processor.py:176} INFO - Processing /opt/airflow/dags/elastic_dag.py took 0.439 seconds
[2023-12-05T21:00:24.548+0000] {processor.py:154} INFO - Started process (PID=658) to work on /opt/airflow/dags/elastic_dag.py
[2023-12-05T21:00:24.549+0000] {processor.py:756} INFO - Processing file /opt/airflow/dags/elastic_dag.py for tasks to queue
[2023-12-05T21:00:24.549+0000] {logging_mixin.py:120} INFO - [2023-12-05T21:00:24.549+0000] {dagbag.py:537} INFO - Filling up the DagBag from /opt/airflow/dags/elastic_dag.py
[2023-12-05T21:00:24.773+0000] {processor.py:766} INFO - DAG(s) dict_keys(['elastic_dag']) retrieved from /opt/airflow/dags/elastic_dag.py
[2023-12-05T21:00:24.805+0000] {logging_mixin.py:120} INFO - [2023-12-05T21:00:24.805+0000] {dag.py:2585} INFO - Sync 1 DAGs
[2023-12-05T21:00:24.830+0000] {logging_mixin.py:120} INFO - [2023-12-05T21:00:24.830+0000] {dag.py:3340} INFO - Setting next_dagrun for elastic_dag to 2023-12-05T00:00:00+00:00, run_after=2023-12-06T00:00:00+00:00
[2023-12-05T21:00:24.855+0000] {processor.py:176} INFO - Processing /opt/airflow/dags/elastic_dag.py took 0.309 seconds
[2023-12-05T21:00:55.606+0000] {processor.py:154} INFO - Started process (PID=700) to work on /opt/airflow/dags/elastic_dag.py
[2023-12-05T21:00:55.607+0000] {processor.py:756} INFO - Processing file /opt/airflow/dags/elastic_dag.py for tasks to queue
[2023-12-05T21:00:55.607+0000] {logging_mixin.py:120} INFO - [2023-12-05T21:00:55.607+0000] {dagbag.py:537} INFO - Filling up the DagBag from /opt/airflow/dags/elastic_dag.py
[2023-12-05T21:00:55.842+0000] {processor.py:766} INFO - DAG(s) dict_keys(['elastic_dag']) retrieved from /opt/airflow/dags/elastic_dag.py
[2023-12-05T21:00:55.871+0000] {logging_mixin.py:120} INFO - [2023-12-05T21:00:55.871+0000] {dag.py:2585} INFO - Sync 1 DAGs
[2023-12-05T21:00:55.891+0000] {logging_mixin.py:120} INFO - [2023-12-05T21:00:55.891+0000] {dag.py:3340} INFO - Setting next_dagrun for elastic_dag to 2023-12-05T00:00:00+00:00, run_after=2023-12-06T00:00:00+00:00
[2023-12-05T21:00:55.911+0000] {processor.py:176} INFO - Processing /opt/airflow/dags/elastic_dag.py took 0.307 seconds
[2023-12-05T21:01:26.915+0000] {processor.py:154} INFO - Started process (PID=742) to work on /opt/airflow/dags/elastic_dag.py
[2023-12-05T21:01:26.916+0000] {processor.py:756} INFO - Processing file /opt/airflow/dags/elastic_dag.py for tasks to queue
[2023-12-05T21:01:26.917+0000] {logging_mixin.py:120} INFO - [2023-12-05T21:01:26.917+0000] {dagbag.py:537} INFO - Filling up the DagBag from /opt/airflow/dags/elastic_dag.py
[2023-12-05T21:01:27.145+0000] {processor.py:766} INFO - DAG(s) dict_keys(['elastic_dag']) retrieved from /opt/airflow/dags/elastic_dag.py
[2023-12-05T21:01:27.177+0000] {logging_mixin.py:120} INFO - [2023-12-05T21:01:27.177+0000] {dag.py:2585} INFO - Sync 1 DAGs
[2023-12-05T21:01:27.198+0000] {logging_mixin.py:120} INFO - [2023-12-05T21:01:27.198+0000] {dag.py:3340} INFO - Setting next_dagrun for elastic_dag to 2023-12-05T00:00:00+00:00, run_after=2023-12-06T00:00:00+00:00
[2023-12-05T21:01:27.220+0000] {processor.py:176} INFO - Processing /opt/airflow/dags/elastic_dag.py took 0.307 seconds
[2023-12-05T21:01:57.360+0000] {processor.py:154} INFO - Started process (PID=786) to work on /opt/airflow/dags/elastic_dag.py
[2023-12-05T21:01:57.360+0000] {processor.py:756} INFO - Processing file /opt/airflow/dags/elastic_dag.py for tasks to queue
[2023-12-05T21:01:57.361+0000] {logging_mixin.py:120} INFO - [2023-12-05T21:01:57.361+0000] {dagbag.py:537} INFO - Filling up the DagBag from /opt/airflow/dags/elastic_dag.py
[2023-12-05T21:01:57.645+0000] {processor.py:766} INFO - DAG(s) dict_keys(['elastic_dag']) retrieved from /opt/airflow/dags/elastic_dag.py
[2023-12-05T21:01:57.692+0000] {logging_mixin.py:120} INFO - [2023-12-05T21:01:57.692+0000] {dag.py:2585} INFO - Sync 1 DAGs
[2023-12-05T21:01:57.731+0000] {logging_mixin.py:120} INFO - [2023-12-05T21:01:57.731+0000] {dag.py:3340} INFO - Setting next_dagrun for elastic_dag to 2023-12-05T00:00:00+00:00, run_after=2023-12-06T00:00:00+00:00
[2023-12-05T21:01:57.758+0000] {processor.py:176} INFO - Processing /opt/airflow/dags/elastic_dag.py took 0.401 seconds
[2023-12-05T21:02:28.484+0000] {processor.py:154} INFO - Started process (PID=819) to work on /opt/airflow/dags/elastic_dag.py
[2023-12-05T21:02:28.485+0000] {processor.py:756} INFO - Processing file /opt/airflow/dags/elastic_dag.py for tasks to queue
[2023-12-05T21:02:28.486+0000] {logging_mixin.py:120} INFO - [2023-12-05T21:02:28.486+0000] {dagbag.py:537} INFO - Filling up the DagBag from /opt/airflow/dags/elastic_dag.py
[2023-12-05T21:02:28.707+0000] {processor.py:766} INFO - DAG(s) dict_keys(['elastic_dag']) retrieved from /opt/airflow/dags/elastic_dag.py
[2023-12-05T21:02:28.735+0000] {logging_mixin.py:120} INFO - [2023-12-05T21:02:28.735+0000] {dag.py:2585} INFO - Sync 1 DAGs
[2023-12-05T21:02:28.758+0000] {logging_mixin.py:120} INFO - [2023-12-05T21:02:28.757+0000] {dag.py:3340} INFO - Setting next_dagrun for elastic_dag to 2023-12-05T00:00:00+00:00, run_after=2023-12-06T00:00:00+00:00
[2023-12-05T21:02:28.776+0000] {processor.py:176} INFO - Processing /opt/airflow/dags/elastic_dag.py took 0.295 seconds
[2023-12-05T21:02:58.887+0000] {processor.py:154} INFO - Started process (PID=861) to work on /opt/airflow/dags/elastic_dag.py
[2023-12-05T21:02:58.887+0000] {processor.py:756} INFO - Processing file /opt/airflow/dags/elastic_dag.py for tasks to queue
[2023-12-05T21:02:58.888+0000] {logging_mixin.py:120} INFO - [2023-12-05T21:02:58.888+0000] {dagbag.py:537} INFO - Filling up the DagBag from /opt/airflow/dags/elastic_dag.py
[2023-12-05T21:02:59.120+0000] {processor.py:766} INFO - DAG(s) dict_keys(['elastic_dag']) retrieved from /opt/airflow/dags/elastic_dag.py
[2023-12-05T21:02:59.187+0000] {logging_mixin.py:120} INFO - [2023-12-05T21:02:59.187+0000] {dag.py:2585} INFO - Sync 1 DAGs
[2023-12-05T21:02:59.227+0000] {logging_mixin.py:120} INFO - [2023-12-05T21:02:59.227+0000] {dag.py:3340} INFO - Setting next_dagrun for elastic_dag to 2023-12-05T00:00:00+00:00, run_after=2023-12-06T00:00:00+00:00
[2023-12-05T21:02:59.261+0000] {processor.py:176} INFO - Processing /opt/airflow/dags/elastic_dag.py took 0.377 seconds
[2023-12-05T21:03:30.097+0000] {processor.py:154} INFO - Started process (PID=903) to work on /opt/airflow/dags/elastic_dag.py
[2023-12-05T21:03:30.098+0000] {processor.py:756} INFO - Processing file /opt/airflow/dags/elastic_dag.py for tasks to queue
[2023-12-05T21:03:30.098+0000] {logging_mixin.py:120} INFO - [2023-12-05T21:03:30.098+0000] {dagbag.py:537} INFO - Filling up the DagBag from /opt/airflow/dags/elastic_dag.py
[2023-12-05T21:03:30.359+0000] {processor.py:766} INFO - DAG(s) dict_keys(['elastic_dag']) retrieved from /opt/airflow/dags/elastic_dag.py
[2023-12-05T21:03:30.395+0000] {logging_mixin.py:120} INFO - [2023-12-05T21:03:30.394+0000] {dag.py:2585} INFO - Sync 1 DAGs
[2023-12-05T21:03:30.418+0000] {logging_mixin.py:120} INFO - [2023-12-05T21:03:30.417+0000] {dag.py:3340} INFO - Setting next_dagrun for elastic_dag to 2023-12-05T00:00:00+00:00, run_after=2023-12-06T00:00:00+00:00
[2023-12-05T21:03:30.440+0000] {processor.py:176} INFO - Processing /opt/airflow/dags/elastic_dag.py took 0.346 seconds
[2023-12-05T21:04:00.609+0000] {processor.py:154} INFO - Started process (PID=946) to work on /opt/airflow/dags/elastic_dag.py
[2023-12-05T21:04:00.610+0000] {processor.py:756} INFO - Processing file /opt/airflow/dags/elastic_dag.py for tasks to queue
[2023-12-05T21:04:00.611+0000] {logging_mixin.py:120} INFO - [2023-12-05T21:04:00.610+0000] {dagbag.py:537} INFO - Filling up the DagBag from /opt/airflow/dags/elastic_dag.py
[2023-12-05T21:04:00.981+0000] {processor.py:766} INFO - DAG(s) dict_keys(['elastic_dag']) retrieved from /opt/airflow/dags/elastic_dag.py
[2023-12-05T21:04:01.025+0000] {logging_mixin.py:120} INFO - [2023-12-05T21:04:01.025+0000] {dag.py:2585} INFO - Sync 1 DAGs
[2023-12-05T21:04:01.047+0000] {logging_mixin.py:120} INFO - [2023-12-05T21:04:01.046+0000] {dag.py:3340} INFO - Setting next_dagrun for elastic_dag to 2023-12-05T00:00:00+00:00, run_after=2023-12-06T00:00:00+00:00
[2023-12-05T21:04:01.075+0000] {processor.py:176} INFO - Processing /opt/airflow/dags/elastic_dag.py took 0.469 seconds
[2023-12-05T21:04:31.111+0000] {processor.py:154} INFO - Started process (PID=984) to work on /opt/airflow/dags/elastic_dag.py
[2023-12-05T21:04:31.112+0000] {processor.py:756} INFO - Processing file /opt/airflow/dags/elastic_dag.py for tasks to queue
[2023-12-05T21:04:31.113+0000] {logging_mixin.py:120} INFO - [2023-12-05T21:04:31.113+0000] {dagbag.py:537} INFO - Filling up the DagBag from /opt/airflow/dags/elastic_dag.py
[2023-12-05T21:04:31.401+0000] {processor.py:766} INFO - DAG(s) dict_keys(['elastic_dag']) retrieved from /opt/airflow/dags/elastic_dag.py
[2023-12-05T21:04:31.434+0000] {logging_mixin.py:120} INFO - [2023-12-05T21:04:31.434+0000] {dag.py:2585} INFO - Sync 1 DAGs
[2023-12-05T21:04:31.456+0000] {logging_mixin.py:120} INFO - [2023-12-05T21:04:31.456+0000] {dag.py:3340} INFO - Setting next_dagrun for elastic_dag to 2023-12-05T00:00:00+00:00, run_after=2023-12-06T00:00:00+00:00
[2023-12-05T21:04:31.476+0000] {processor.py:176} INFO - Processing /opt/airflow/dags/elastic_dag.py took 0.368 seconds
[2023-12-05T21:05:02.249+0000] {processor.py:154} INFO - Started process (PID=1026) to work on /opt/airflow/dags/elastic_dag.py
[2023-12-05T21:05:02.250+0000] {processor.py:756} INFO - Processing file /opt/airflow/dags/elastic_dag.py for tasks to queue
[2023-12-05T21:05:02.250+0000] {logging_mixin.py:120} INFO - [2023-12-05T21:05:02.250+0000] {dagbag.py:537} INFO - Filling up the DagBag from /opt/airflow/dags/elastic_dag.py
[2023-12-05T21:05:02.470+0000] {processor.py:766} INFO - DAG(s) dict_keys(['elastic_dag']) retrieved from /opt/airflow/dags/elastic_dag.py
[2023-12-05T21:05:02.499+0000] {logging_mixin.py:120} INFO - [2023-12-05T21:05:02.499+0000] {dag.py:2585} INFO - Sync 1 DAGs
[2023-12-05T21:05:02.520+0000] {logging_mixin.py:120} INFO - [2023-12-05T21:05:02.520+0000] {dag.py:3340} INFO - Setting next_dagrun for elastic_dag to 2023-12-05T00:00:00+00:00, run_after=2023-12-06T00:00:00+00:00
[2023-12-05T21:05:02.541+0000] {processor.py:176} INFO - Processing /opt/airflow/dags/elastic_dag.py took 0.294 seconds
[2023-12-05T21:05:32.691+0000] {processor.py:154} INFO - Started process (PID=1068) to work on /opt/airflow/dags/elastic_dag.py
[2023-12-05T21:05:32.692+0000] {processor.py:756} INFO - Processing file /opt/airflow/dags/elastic_dag.py for tasks to queue
[2023-12-05T21:05:32.692+0000] {logging_mixin.py:120} INFO - [2023-12-05T21:05:32.692+0000] {dagbag.py:537} INFO - Filling up the DagBag from /opt/airflow/dags/elastic_dag.py
[2023-12-05T21:05:32.924+0000] {processor.py:766} INFO - DAG(s) dict_keys(['elastic_dag']) retrieved from /opt/airflow/dags/elastic_dag.py
[2023-12-05T21:05:32.957+0000] {logging_mixin.py:120} INFO - [2023-12-05T21:05:32.956+0000] {dag.py:2585} INFO - Sync 1 DAGs
[2023-12-05T21:05:32.981+0000] {logging_mixin.py:120} INFO - [2023-12-05T21:05:32.980+0000] {dag.py:3340} INFO - Setting next_dagrun for elastic_dag to 2023-12-05T00:00:00+00:00, run_after=2023-12-06T00:00:00+00:00
[2023-12-05T21:05:33.002+0000] {processor.py:176} INFO - Processing /opt/airflow/dags/elastic_dag.py took 0.313 seconds
[2023-12-05T21:06:03.133+0000] {processor.py:154} INFO - Started process (PID=1102) to work on /opt/airflow/dags/elastic_dag.py
[2023-12-05T21:06:03.133+0000] {processor.py:756} INFO - Processing file /opt/airflow/dags/elastic_dag.py for tasks to queue
[2023-12-05T21:06:03.134+0000] {logging_mixin.py:120} INFO - [2023-12-05T21:06:03.134+0000] {dagbag.py:537} INFO - Filling up the DagBag from /opt/airflow/dags/elastic_dag.py
[2023-12-05T21:06:03.358+0000] {processor.py:766} INFO - DAG(s) dict_keys(['elastic_dag']) retrieved from /opt/airflow/dags/elastic_dag.py
[2023-12-05T21:06:03.389+0000] {logging_mixin.py:120} INFO - [2023-12-05T21:06:03.388+0000] {dag.py:2585} INFO - Sync 1 DAGs
[2023-12-05T21:06:03.410+0000] {logging_mixin.py:120} INFO - [2023-12-05T21:06:03.410+0000] {dag.py:3340} INFO - Setting next_dagrun for elastic_dag to 2023-12-05T00:00:00+00:00, run_after=2023-12-06T00:00:00+00:00
[2023-12-05T21:06:03.430+0000] {processor.py:176} INFO - Processing /opt/airflow/dags/elastic_dag.py took 0.300 seconds
[2023-12-05T21:06:33.649+0000] {processor.py:154} INFO - Started process (PID=1142) to work on /opt/airflow/dags/elastic_dag.py
[2023-12-05T21:06:33.650+0000] {processor.py:756} INFO - Processing file /opt/airflow/dags/elastic_dag.py for tasks to queue
[2023-12-05T21:06:33.651+0000] {logging_mixin.py:120} INFO - [2023-12-05T21:06:33.650+0000] {dagbag.py:537} INFO - Filling up the DagBag from /opt/airflow/dags/elastic_dag.py
[2023-12-05T21:06:33.898+0000] {processor.py:766} INFO - DAG(s) dict_keys(['elastic_dag']) retrieved from /opt/airflow/dags/elastic_dag.py
[2023-12-05T21:06:33.933+0000] {logging_mixin.py:120} INFO - [2023-12-05T21:06:33.932+0000] {dag.py:2585} INFO - Sync 1 DAGs
[2023-12-05T21:06:33.957+0000] {logging_mixin.py:120} INFO - [2023-12-05T21:06:33.957+0000] {dag.py:3340} INFO - Setting next_dagrun for elastic_dag to 2023-12-05T00:00:00+00:00, run_after=2023-12-06T00:00:00+00:00
[2023-12-05T21:06:33.982+0000] {processor.py:176} INFO - Processing /opt/airflow/dags/elastic_dag.py took 0.335 seconds
[2023-12-05T21:07:04.020+0000] {processor.py:154} INFO - Started process (PID=1186) to work on /opt/airflow/dags/elastic_dag.py
[2023-12-05T21:07:04.021+0000] {processor.py:756} INFO - Processing file /opt/airflow/dags/elastic_dag.py for tasks to queue
[2023-12-05T21:07:04.021+0000] {logging_mixin.py:120} INFO - [2023-12-05T21:07:04.021+0000] {dagbag.py:537} INFO - Filling up the DagBag from /opt/airflow/dags/elastic_dag.py
[2023-12-05T21:07:04.237+0000] {processor.py:766} INFO - DAG(s) dict_keys(['elastic_dag']) retrieved from /opt/airflow/dags/elastic_dag.py
[2023-12-05T21:07:04.267+0000] {logging_mixin.py:120} INFO - [2023-12-05T21:07:04.266+0000] {dag.py:2585} INFO - Sync 1 DAGs
[2023-12-05T21:07:04.287+0000] {logging_mixin.py:120} INFO - [2023-12-05T21:07:04.287+0000] {dag.py:3340} INFO - Setting next_dagrun for elastic_dag to 2023-12-05T00:00:00+00:00, run_after=2023-12-06T00:00:00+00:00
[2023-12-05T21:07:04.307+0000] {processor.py:176} INFO - Processing /opt/airflow/dags/elastic_dag.py took 0.289 seconds
[2023-12-05T21:07:34.402+0000] {processor.py:154} INFO - Started process (PID=1225) to work on /opt/airflow/dags/elastic_dag.py
[2023-12-05T21:07:34.403+0000] {processor.py:756} INFO - Processing file /opt/airflow/dags/elastic_dag.py for tasks to queue
[2023-12-05T21:07:34.404+0000] {logging_mixin.py:120} INFO - [2023-12-05T21:07:34.404+0000] {dagbag.py:537} INFO - Filling up the DagBag from /opt/airflow/dags/elastic_dag.py
[2023-12-05T21:07:34.691+0000] {processor.py:766} INFO - DAG(s) dict_keys(['elastic_dag']) retrieved from /opt/airflow/dags/elastic_dag.py
[2023-12-05T21:07:34.722+0000] {logging_mixin.py:120} INFO - [2023-12-05T21:07:34.721+0000] {dag.py:2585} INFO - Sync 1 DAGs
[2023-12-05T21:07:34.743+0000] {logging_mixin.py:120} INFO - [2023-12-05T21:07:34.743+0000] {dag.py:3340} INFO - Setting next_dagrun for elastic_dag to 2023-12-05T00:00:00+00:00, run_after=2023-12-06T00:00:00+00:00
[2023-12-05T21:07:34.765+0000] {processor.py:176} INFO - Processing /opt/airflow/dags/elastic_dag.py took 0.365 seconds
[2023-12-05T21:08:04.867+0000] {processor.py:154} INFO - Started process (PID=1261) to work on /opt/airflow/dags/elastic_dag.py
[2023-12-05T21:08:04.867+0000] {processor.py:756} INFO - Processing file /opt/airflow/dags/elastic_dag.py for tasks to queue
[2023-12-05T21:08:04.868+0000] {logging_mixin.py:120} INFO - [2023-12-05T21:08:04.868+0000] {dagbag.py:537} INFO - Filling up the DagBag from /opt/airflow/dags/elastic_dag.py
[2023-12-05T21:08:05.104+0000] {processor.py:766} INFO - DAG(s) dict_keys(['elastic_dag']) retrieved from /opt/airflow/dags/elastic_dag.py
[2023-12-05T21:08:05.163+0000] {logging_mixin.py:120} INFO - [2023-12-05T21:08:05.163+0000] {dag.py:2585} INFO - Sync 1 DAGs
[2023-12-05T21:08:05.198+0000] {logging_mixin.py:120} INFO - [2023-12-05T21:08:05.198+0000] {dag.py:3340} INFO - Setting next_dagrun for elastic_dag to 2023-12-05T00:00:00+00:00, run_after=2023-12-06T00:00:00+00:00
[2023-12-05T21:08:05.218+0000] {processor.py:176} INFO - Processing /opt/airflow/dags/elastic_dag.py took 0.354 seconds
[2023-12-05T21:08:36.110+0000] {processor.py:154} INFO - Started process (PID=1304) to work on /opt/airflow/dags/elastic_dag.py
[2023-12-05T21:08:36.110+0000] {processor.py:756} INFO - Processing file /opt/airflow/dags/elastic_dag.py for tasks to queue
[2023-12-05T21:08:36.111+0000] {logging_mixin.py:120} INFO - [2023-12-05T21:08:36.111+0000] {dagbag.py:537} INFO - Filling up the DagBag from /opt/airflow/dags/elastic_dag.py
[2023-12-05T21:08:36.353+0000] {processor.py:766} INFO - DAG(s) dict_keys(['elastic_dag']) retrieved from /opt/airflow/dags/elastic_dag.py
[2023-12-05T21:08:36.383+0000] {logging_mixin.py:120} INFO - [2023-12-05T21:08:36.382+0000] {dag.py:2585} INFO - Sync 1 DAGs
[2023-12-05T21:08:36.404+0000] {logging_mixin.py:120} INFO - [2023-12-05T21:08:36.404+0000] {dag.py:3340} INFO - Setting next_dagrun for elastic_dag to 2023-12-05T00:00:00+00:00, run_after=2023-12-06T00:00:00+00:00
[2023-12-05T21:08:36.425+0000] {processor.py:176} INFO - Processing /opt/airflow/dags/elastic_dag.py took 0.318 seconds
[2023-12-05T21:09:07.275+0000] {processor.py:154} INFO - Started process (PID=1349) to work on /opt/airflow/dags/elastic_dag.py
[2023-12-05T21:09:07.276+0000] {processor.py:756} INFO - Processing file /opt/airflow/dags/elastic_dag.py for tasks to queue
[2023-12-05T21:09:07.276+0000] {logging_mixin.py:120} INFO - [2023-12-05T21:09:07.276+0000] {dagbag.py:537} INFO - Filling up the DagBag from /opt/airflow/dags/elastic_dag.py
[2023-12-05T21:09:07.508+0000] {processor.py:766} INFO - DAG(s) dict_keys(['elastic_dag']) retrieved from /opt/airflow/dags/elastic_dag.py
[2023-12-05T21:09:07.539+0000] {logging_mixin.py:120} INFO - [2023-12-05T21:09:07.538+0000] {dag.py:2585} INFO - Sync 1 DAGs
[2023-12-05T21:09:07.560+0000] {logging_mixin.py:120} INFO - [2023-12-05T21:09:07.560+0000] {dag.py:3340} INFO - Setting next_dagrun for elastic_dag to 2023-12-05T00:00:00+00:00, run_after=2023-12-06T00:00:00+00:00
[2023-12-05T21:09:07.583+0000] {processor.py:176} INFO - Processing /opt/airflow/dags/elastic_dag.py took 0.310 seconds
[2023-12-05T21:09:38.386+0000] {processor.py:154} INFO - Started process (PID=1383) to work on /opt/airflow/dags/elastic_dag.py
[2023-12-05T21:09:38.387+0000] {processor.py:756} INFO - Processing file /opt/airflow/dags/elastic_dag.py for tasks to queue
[2023-12-05T21:09:38.388+0000] {logging_mixin.py:120} INFO - [2023-12-05T21:09:38.388+0000] {dagbag.py:537} INFO - Filling up the DagBag from /opt/airflow/dags/elastic_dag.py
[2023-12-05T21:09:38.633+0000] {processor.py:766} INFO - DAG(s) dict_keys(['elastic_dag']) retrieved from /opt/airflow/dags/elastic_dag.py
[2023-12-05T21:09:38.681+0000] {logging_mixin.py:120} INFO - [2023-12-05T21:09:38.681+0000] {dag.py:2585} INFO - Sync 1 DAGs
[2023-12-05T21:09:38.721+0000] {logging_mixin.py:120} INFO - [2023-12-05T21:09:38.721+0000] {dag.py:3340} INFO - Setting next_dagrun for elastic_dag to 2023-12-05T00:00:00+00:00, run_after=2023-12-06T00:00:00+00:00
[2023-12-05T21:09:38.750+0000] {processor.py:176} INFO - Processing /opt/airflow/dags/elastic_dag.py took 0.367 seconds
[2023-12-05T21:10:09.469+0000] {processor.py:154} INFO - Started process (PID=1426) to work on /opt/airflow/dags/elastic_dag.py
[2023-12-05T21:10:09.470+0000] {processor.py:756} INFO - Processing file /opt/airflow/dags/elastic_dag.py for tasks to queue
[2023-12-05T21:10:09.470+0000] {logging_mixin.py:120} INFO - [2023-12-05T21:10:09.470+0000] {dagbag.py:537} INFO - Filling up the DagBag from /opt/airflow/dags/elastic_dag.py
[2023-12-05T21:10:09.686+0000] {processor.py:766} INFO - DAG(s) dict_keys(['elastic_dag']) retrieved from /opt/airflow/dags/elastic_dag.py
[2023-12-05T21:10:09.738+0000] {logging_mixin.py:120} INFO - [2023-12-05T21:10:09.737+0000] {dag.py:2585} INFO - Sync 1 DAGs
[2023-12-05T21:10:09.764+0000] {logging_mixin.py:120} INFO - [2023-12-05T21:10:09.764+0000] {dag.py:3340} INFO - Setting next_dagrun for elastic_dag to 2023-12-05T00:00:00+00:00, run_after=2023-12-06T00:00:00+00:00
[2023-12-05T21:10:09.791+0000] {processor.py:176} INFO - Processing /opt/airflow/dags/elastic_dag.py took 0.326 seconds
[2023-12-05T21:10:40.169+0000] {processor.py:154} INFO - Started process (PID=1467) to work on /opt/airflow/dags/elastic_dag.py
[2023-12-05T21:10:40.169+0000] {processor.py:756} INFO - Processing file /opt/airflow/dags/elastic_dag.py for tasks to queue
[2023-12-05T21:10:40.170+0000] {logging_mixin.py:120} INFO - [2023-12-05T21:10:40.170+0000] {dagbag.py:537} INFO - Filling up the DagBag from /opt/airflow/dags/elastic_dag.py
[2023-12-05T21:10:40.390+0000] {processor.py:766} INFO - DAG(s) dict_keys(['elastic_dag']) retrieved from /opt/airflow/dags/elastic_dag.py
[2023-12-05T21:10:40.420+0000] {logging_mixin.py:120} INFO - [2023-12-05T21:10:40.420+0000] {dag.py:2585} INFO - Sync 1 DAGs
[2023-12-05T21:10:40.442+0000] {logging_mixin.py:120} INFO - [2023-12-05T21:10:40.442+0000] {dag.py:3340} INFO - Setting next_dagrun for elastic_dag to 2023-12-05T00:00:00+00:00, run_after=2023-12-06T00:00:00+00:00
[2023-12-05T21:10:40.461+0000] {processor.py:176} INFO - Processing /opt/airflow/dags/elastic_dag.py took 0.295 seconds
[2023-12-05T21:11:10.590+0000] {processor.py:154} INFO - Started process (PID=1511) to work on /opt/airflow/dags/elastic_dag.py
[2023-12-05T21:11:10.591+0000] {processor.py:756} INFO - Processing file /opt/airflow/dags/elastic_dag.py for tasks to queue
[2023-12-05T21:11:10.592+0000] {logging_mixin.py:120} INFO - [2023-12-05T21:11:10.592+0000] {dagbag.py:537} INFO - Filling up the DagBag from /opt/airflow/dags/elastic_dag.py
[2023-12-05T21:11:10.911+0000] {processor.py:766} INFO - DAG(s) dict_keys(['elastic_dag']) retrieved from /opt/airflow/dags/elastic_dag.py
[2023-12-05T21:11:10.957+0000] {logging_mixin.py:120} INFO - [2023-12-05T21:11:10.956+0000] {dag.py:2585} INFO - Sync 1 DAGs
[2023-12-05T21:11:10.992+0000] {logging_mixin.py:120} INFO - [2023-12-05T21:11:10.991+0000] {dag.py:3340} INFO - Setting next_dagrun for elastic_dag to 2023-12-05T00:00:00+00:00, run_after=2023-12-06T00:00:00+00:00
[2023-12-05T21:11:11.063+0000] {processor.py:176} INFO - Processing /opt/airflow/dags/elastic_dag.py took 0.477 seconds
[2023-12-05T21:11:41.144+0000] {processor.py:154} INFO - Started process (PID=1544) to work on /opt/airflow/dags/elastic_dag.py
[2023-12-05T21:11:41.145+0000] {processor.py:756} INFO - Processing file /opt/airflow/dags/elastic_dag.py for tasks to queue
[2023-12-05T21:11:41.145+0000] {logging_mixin.py:120} INFO - [2023-12-05T21:11:41.145+0000] {dagbag.py:537} INFO - Filling up the DagBag from /opt/airflow/dags/elastic_dag.py
[2023-12-05T21:11:41.359+0000] {processor.py:766} INFO - DAG(s) dict_keys(['elastic_dag']) retrieved from /opt/airflow/dags/elastic_dag.py
[2023-12-05T21:11:41.391+0000] {logging_mixin.py:120} INFO - [2023-12-05T21:11:41.391+0000] {dag.py:2585} INFO - Sync 1 DAGs
[2023-12-05T21:11:41.418+0000] {logging_mixin.py:120} INFO - [2023-12-05T21:11:41.418+0000] {dag.py:3340} INFO - Setting next_dagrun for elastic_dag to 2023-12-05T00:00:00+00:00, run_after=2023-12-06T00:00:00+00:00
[2023-12-05T21:11:41.437+0000] {processor.py:176} INFO - Processing /opt/airflow/dags/elastic_dag.py took 0.296 seconds
[2023-12-05T21:12:11.633+0000] {processor.py:154} INFO - Started process (PID=1588) to work on /opt/airflow/dags/elastic_dag.py
[2023-12-05T21:12:11.634+0000] {processor.py:756} INFO - Processing file /opt/airflow/dags/elastic_dag.py for tasks to queue
[2023-12-05T21:12:11.635+0000] {logging_mixin.py:120} INFO - [2023-12-05T21:12:11.635+0000] {dagbag.py:537} INFO - Filling up the DagBag from /opt/airflow/dags/elastic_dag.py
[2023-12-05T21:12:11.890+0000] {processor.py:766} INFO - DAG(s) dict_keys(['elastic_dag']) retrieved from /opt/airflow/dags/elastic_dag.py
[2023-12-05T21:12:11.939+0000] {logging_mixin.py:120} INFO - [2023-12-05T21:12:11.938+0000] {dag.py:2585} INFO - Sync 1 DAGs
[2023-12-05T21:12:11.959+0000] {logging_mixin.py:120} INFO - [2023-12-05T21:12:11.959+0000] {dag.py:3340} INFO - Setting next_dagrun for elastic_dag to 2023-12-05T00:00:00+00:00, run_after=2023-12-06T00:00:00+00:00
[2023-12-05T21:12:11.977+0000] {processor.py:176} INFO - Processing /opt/airflow/dags/elastic_dag.py took 0.346 seconds
[2023-12-05T21:12:42.323+0000] {processor.py:154} INFO - Started process (PID=1629) to work on /opt/airflow/dags/elastic_dag.py
[2023-12-05T21:12:42.324+0000] {processor.py:756} INFO - Processing file /opt/airflow/dags/elastic_dag.py for tasks to queue
[2023-12-05T21:12:42.325+0000] {logging_mixin.py:120} INFO - [2023-12-05T21:12:42.325+0000] {dagbag.py:537} INFO - Filling up the DagBag from /opt/airflow/dags/elastic_dag.py
[2023-12-05T21:12:42.673+0000] {processor.py:766} INFO - DAG(s) dict_keys(['elastic_dag']) retrieved from /opt/airflow/dags/elastic_dag.py
[2023-12-05T21:12:42.745+0000] {logging_mixin.py:120} INFO - [2023-12-05T21:12:42.745+0000] {dag.py:2585} INFO - Sync 1 DAGs
[2023-12-05T21:12:42.782+0000] {logging_mixin.py:120} INFO - [2023-12-05T21:12:42.781+0000] {dag.py:3340} INFO - Setting next_dagrun for elastic_dag to 2023-12-05T00:00:00+00:00, run_after=2023-12-06T00:00:00+00:00
[2023-12-05T21:12:42.808+0000] {processor.py:176} INFO - Processing /opt/airflow/dags/elastic_dag.py took 0.488 seconds
[2023-12-05T21:13:12.842+0000] {processor.py:154} INFO - Started process (PID=1662) to work on /opt/airflow/dags/elastic_dag.py
[2023-12-05T21:13:12.842+0000] {processor.py:756} INFO - Processing file /opt/airflow/dags/elastic_dag.py for tasks to queue
[2023-12-05T21:13:12.843+0000] {logging_mixin.py:120} INFO - [2023-12-05T21:13:12.843+0000] {dagbag.py:537} INFO - Filling up the DagBag from /opt/airflow/dags/elastic_dag.py
[2023-12-05T21:13:13.061+0000] {processor.py:766} INFO - DAG(s) dict_keys(['elastic_dag']) retrieved from /opt/airflow/dags/elastic_dag.py
[2023-12-05T21:13:13.090+0000] {logging_mixin.py:120} INFO - [2023-12-05T21:13:13.090+0000] {dag.py:2585} INFO - Sync 1 DAGs
[2023-12-05T21:13:13.111+0000] {logging_mixin.py:120} INFO - [2023-12-05T21:13:13.111+0000] {dag.py:3340} INFO - Setting next_dagrun for elastic_dag to 2023-12-05T00:00:00+00:00, run_after=2023-12-06T00:00:00+00:00
[2023-12-05T21:13:13.129+0000] {processor.py:176} INFO - Processing /opt/airflow/dags/elastic_dag.py took 0.290 seconds
[2023-12-05T21:13:43.414+0000] {processor.py:154} INFO - Started process (PID=1704) to work on /opt/airflow/dags/elastic_dag.py
[2023-12-05T21:13:43.415+0000] {processor.py:756} INFO - Processing file /opt/airflow/dags/elastic_dag.py for tasks to queue
[2023-12-05T21:13:43.415+0000] {logging_mixin.py:120} INFO - [2023-12-05T21:13:43.415+0000] {dagbag.py:537} INFO - Filling up the DagBag from /opt/airflow/dags/elastic_dag.py
[2023-12-05T21:13:43.627+0000] {processor.py:766} INFO - DAG(s) dict_keys(['elastic_dag']) retrieved from /opt/airflow/dags/elastic_dag.py
[2023-12-05T21:13:43.654+0000] {logging_mixin.py:120} INFO - [2023-12-05T21:13:43.654+0000] {dag.py:2585} INFO - Sync 1 DAGs
[2023-12-05T21:13:43.675+0000] {logging_mixin.py:120} INFO - [2023-12-05T21:13:43.675+0000] {dag.py:3340} INFO - Setting next_dagrun for elastic_dag to 2023-12-05T00:00:00+00:00, run_after=2023-12-06T00:00:00+00:00
[2023-12-05T21:13:43.694+0000] {processor.py:176} INFO - Processing /opt/airflow/dags/elastic_dag.py took 0.282 seconds
[2023-12-05T21:14:13.996+0000] {processor.py:154} INFO - Started process (PID=1747) to work on /opt/airflow/dags/elastic_dag.py
[2023-12-05T21:14:13.996+0000] {processor.py:756} INFO - Processing file /opt/airflow/dags/elastic_dag.py for tasks to queue
[2023-12-05T21:14:13.997+0000] {logging_mixin.py:120} INFO - [2023-12-05T21:14:13.997+0000] {dagbag.py:537} INFO - Filling up the DagBag from /opt/airflow/dags/elastic_dag.py
[2023-12-05T21:14:14.217+0000] {processor.py:766} INFO - DAG(s) dict_keys(['elastic_dag']) retrieved from /opt/airflow/dags/elastic_dag.py
[2023-12-05T21:14:14.249+0000] {logging_mixin.py:120} INFO - [2023-12-05T21:14:14.249+0000] {dag.py:2585} INFO - Sync 1 DAGs
[2023-12-05T21:14:14.269+0000] {logging_mixin.py:120} INFO - [2023-12-05T21:14:14.269+0000] {dag.py:3340} INFO - Setting next_dagrun for elastic_dag to 2023-12-05T00:00:00+00:00, run_after=2023-12-06T00:00:00+00:00
[2023-12-05T21:14:14.288+0000] {processor.py:176} INFO - Processing /opt/airflow/dags/elastic_dag.py took 0.295 seconds
[2023-12-05T21:14:44.672+0000] {processor.py:154} INFO - Started process (PID=1780) to work on /opt/airflow/dags/elastic_dag.py
[2023-12-05T21:14:44.673+0000] {processor.py:756} INFO - Processing file /opt/airflow/dags/elastic_dag.py for tasks to queue
[2023-12-05T21:14:44.673+0000] {logging_mixin.py:120} INFO - [2023-12-05T21:14:44.673+0000] {dagbag.py:537} INFO - Filling up the DagBag from /opt/airflow/dags/elastic_dag.py
[2023-12-05T21:14:44.892+0000] {processor.py:766} INFO - DAG(s) dict_keys(['elastic_dag']) retrieved from /opt/airflow/dags/elastic_dag.py
[2023-12-05T21:14:44.922+0000] {logging_mixin.py:120} INFO - [2023-12-05T21:14:44.922+0000] {dag.py:2585} INFO - Sync 1 DAGs
[2023-12-05T21:14:44.943+0000] {logging_mixin.py:120} INFO - [2023-12-05T21:14:44.943+0000] {dag.py:3340} INFO - Setting next_dagrun for elastic_dag to 2023-12-05T00:00:00+00:00, run_after=2023-12-06T00:00:00+00:00
[2023-12-05T21:14:44.962+0000] {processor.py:176} INFO - Processing /opt/airflow/dags/elastic_dag.py took 0.292 seconds
[2023-12-05T21:15:15.256+0000] {processor.py:154} INFO - Started process (PID=1822) to work on /opt/airflow/dags/elastic_dag.py
[2023-12-05T21:15:15.257+0000] {processor.py:756} INFO - Processing file /opt/airflow/dags/elastic_dag.py for tasks to queue
[2023-12-05T21:15:15.257+0000] {logging_mixin.py:120} INFO - [2023-12-05T21:15:15.257+0000] {dagbag.py:537} INFO - Filling up the DagBag from /opt/airflow/dags/elastic_dag.py
[2023-12-05T21:15:15.472+0000] {processor.py:766} INFO - DAG(s) dict_keys(['elastic_dag']) retrieved from /opt/airflow/dags/elastic_dag.py
[2023-12-05T21:15:15.500+0000] {logging_mixin.py:120} INFO - [2023-12-05T21:15:15.500+0000] {dag.py:2585} INFO - Sync 1 DAGs
[2023-12-05T21:15:15.519+0000] {logging_mixin.py:120} INFO - [2023-12-05T21:15:15.519+0000] {dag.py:3340} INFO - Setting next_dagrun for elastic_dag to 2023-12-05T00:00:00+00:00, run_after=2023-12-06T00:00:00+00:00
[2023-12-05T21:15:15.540+0000] {processor.py:176} INFO - Processing /opt/airflow/dags/elastic_dag.py took 0.286 seconds
[2023-12-05T21:15:45.883+0000] {processor.py:154} INFO - Started process (PID=1864) to work on /opt/airflow/dags/elastic_dag.py
[2023-12-05T21:15:45.883+0000] {processor.py:756} INFO - Processing file /opt/airflow/dags/elastic_dag.py for tasks to queue
[2023-12-05T21:15:45.884+0000] {logging_mixin.py:120} INFO - [2023-12-05T21:15:45.884+0000] {dagbag.py:537} INFO - Filling up the DagBag from /opt/airflow/dags/elastic_dag.py
[2023-12-05T21:15:46.120+0000] {processor.py:766} INFO - DAG(s) dict_keys(['elastic_dag']) retrieved from /opt/airflow/dags/elastic_dag.py
[2023-12-05T21:15:46.150+0000] {logging_mixin.py:120} INFO - [2023-12-05T21:15:46.149+0000] {dag.py:2585} INFO - Sync 1 DAGs
[2023-12-05T21:15:46.171+0000] {logging_mixin.py:120} INFO - [2023-12-05T21:15:46.171+0000] {dag.py:3340} INFO - Setting next_dagrun for elastic_dag to 2023-12-05T00:00:00+00:00, run_after=2023-12-06T00:00:00+00:00
[2023-12-05T21:15:46.190+0000] {processor.py:176} INFO - Processing /opt/airflow/dags/elastic_dag.py took 0.310 seconds
[2023-12-05T21:16:16.543+0000] {processor.py:154} INFO - Started process (PID=1906) to work on /opt/airflow/dags/elastic_dag.py
[2023-12-05T21:16:16.544+0000] {processor.py:756} INFO - Processing file /opt/airflow/dags/elastic_dag.py for tasks to queue
[2023-12-05T21:16:16.544+0000] {logging_mixin.py:120} INFO - [2023-12-05T21:16:16.544+0000] {dagbag.py:537} INFO - Filling up the DagBag from /opt/airflow/dags/elastic_dag.py
[2023-12-05T21:16:16.763+0000] {processor.py:766} INFO - DAG(s) dict_keys(['elastic_dag']) retrieved from /opt/airflow/dags/elastic_dag.py
[2023-12-05T21:16:16.793+0000] {logging_mixin.py:120} INFO - [2023-12-05T21:16:16.792+0000] {dag.py:2585} INFO - Sync 1 DAGs
[2023-12-05T21:16:16.816+0000] {logging_mixin.py:120} INFO - [2023-12-05T21:16:16.816+0000] {dag.py:3340} INFO - Setting next_dagrun for elastic_dag to 2023-12-05T00:00:00+00:00, run_after=2023-12-06T00:00:00+00:00
[2023-12-05T21:16:16.836+0000] {processor.py:176} INFO - Processing /opt/airflow/dags/elastic_dag.py took 0.295 seconds
[2023-12-05T21:16:47.270+0000] {processor.py:154} INFO - Started process (PID=1937) to work on /opt/airflow/dags/elastic_dag.py
[2023-12-05T21:16:47.271+0000] {processor.py:756} INFO - Processing file /opt/airflow/dags/elastic_dag.py for tasks to queue
[2023-12-05T21:16:47.272+0000] {logging_mixin.py:120} INFO - [2023-12-05T21:16:47.272+0000] {dagbag.py:537} INFO - Filling up the DagBag from /opt/airflow/dags/elastic_dag.py
[2023-12-05T21:16:47.562+0000] {processor.py:766} INFO - DAG(s) dict_keys(['elastic_dag']) retrieved from /opt/airflow/dags/elastic_dag.py
[2023-12-05T21:16:47.607+0000] {logging_mixin.py:120} INFO - [2023-12-05T21:16:47.606+0000] {dag.py:2585} INFO - Sync 1 DAGs
[2023-12-05T21:16:47.642+0000] {logging_mixin.py:120} INFO - [2023-12-05T21:16:47.642+0000] {dag.py:3340} INFO - Setting next_dagrun for elastic_dag to 2023-12-05T00:00:00+00:00, run_after=2023-12-06T00:00:00+00:00
[2023-12-05T21:16:47.669+0000] {processor.py:176} INFO - Processing /opt/airflow/dags/elastic_dag.py took 0.400 seconds
[2023-12-05T21:17:18.301+0000] {processor.py:154} INFO - Started process (PID=1980) to work on /opt/airflow/dags/elastic_dag.py
[2023-12-05T21:17:18.302+0000] {processor.py:756} INFO - Processing file /opt/airflow/dags/elastic_dag.py for tasks to queue
[2023-12-05T21:17:18.302+0000] {logging_mixin.py:120} INFO - [2023-12-05T21:17:18.302+0000] {dagbag.py:537} INFO - Filling up the DagBag from /opt/airflow/dags/elastic_dag.py
[2023-12-05T21:17:18.517+0000] {processor.py:766} INFO - DAG(s) dict_keys(['elastic_dag']) retrieved from /opt/airflow/dags/elastic_dag.py
[2023-12-05T21:17:18.552+0000] {logging_mixin.py:120} INFO - [2023-12-05T21:17:18.551+0000] {dag.py:2585} INFO - Sync 1 DAGs
[2023-12-05T21:17:18.583+0000] {logging_mixin.py:120} INFO - [2023-12-05T21:17:18.583+0000] {dag.py:3340} INFO - Setting next_dagrun for elastic_dag to 2023-12-05T00:00:00+00:00, run_after=2023-12-06T00:00:00+00:00
[2023-12-05T21:17:18.610+0000] {processor.py:176} INFO - Processing /opt/airflow/dags/elastic_dag.py took 0.312 seconds
[2023-12-05T21:17:48.889+0000] {processor.py:154} INFO - Started process (PID=2022) to work on /opt/airflow/dags/elastic_dag.py
[2023-12-05T21:17:48.890+0000] {processor.py:756} INFO - Processing file /opt/airflow/dags/elastic_dag.py for tasks to queue
[2023-12-05T21:17:48.890+0000] {logging_mixin.py:120} INFO - [2023-12-05T21:17:48.890+0000] {dagbag.py:537} INFO - Filling up the DagBag from /opt/airflow/dags/elastic_dag.py
[2023-12-05T21:17:49.110+0000] {processor.py:766} INFO - DAG(s) dict_keys(['elastic_dag']) retrieved from /opt/airflow/dags/elastic_dag.py
[2023-12-05T21:17:49.139+0000] {logging_mixin.py:120} INFO - [2023-12-05T21:17:49.138+0000] {dag.py:2585} INFO - Sync 1 DAGs
[2023-12-05T21:17:49.161+0000] {logging_mixin.py:120} INFO - [2023-12-05T21:17:49.160+0000] {dag.py:3340} INFO - Setting next_dagrun for elastic_dag to 2023-12-05T00:00:00+00:00, run_after=2023-12-06T00:00:00+00:00
[2023-12-05T21:17:49.181+0000] {processor.py:176} INFO - Processing /opt/airflow/dags/elastic_dag.py took 0.295 seconds
[2023-12-05T21:18:19.655+0000] {processor.py:154} INFO - Started process (PID=2063) to work on /opt/airflow/dags/elastic_dag.py
[2023-12-05T21:18:19.656+0000] {processor.py:756} INFO - Processing file /opt/airflow/dags/elastic_dag.py for tasks to queue
[2023-12-05T21:18:19.656+0000] {logging_mixin.py:120} INFO - [2023-12-05T21:18:19.656+0000] {dagbag.py:537} INFO - Filling up the DagBag from /opt/airflow/dags/elastic_dag.py
[2023-12-05T21:18:19.954+0000] {processor.py:766} INFO - DAG(s) dict_keys(['elastic_dag']) retrieved from /opt/airflow/dags/elastic_dag.py
[2023-12-05T21:18:20.001+0000] {logging_mixin.py:120} INFO - [2023-12-05T21:18:20.000+0000] {dag.py:2585} INFO - Sync 1 DAGs
[2023-12-05T21:18:20.038+0000] {logging_mixin.py:120} INFO - [2023-12-05T21:18:20.038+0000] {dag.py:3340} INFO - Setting next_dagrun for elastic_dag to 2023-12-05T00:00:00+00:00, run_after=2023-12-06T00:00:00+00:00
[2023-12-05T21:18:20.072+0000] {processor.py:176} INFO - Processing /opt/airflow/dags/elastic_dag.py took 0.419 seconds
[2023-12-05T21:18:50.227+0000] {processor.py:154} INFO - Started process (PID=2096) to work on /opt/airflow/dags/elastic_dag.py
[2023-12-05T21:18:50.227+0000] {processor.py:756} INFO - Processing file /opt/airflow/dags/elastic_dag.py for tasks to queue
[2023-12-05T21:18:50.228+0000] {logging_mixin.py:120} INFO - [2023-12-05T21:18:50.228+0000] {dagbag.py:537} INFO - Filling up the DagBag from /opt/airflow/dags/elastic_dag.py
[2023-12-05T21:18:50.493+0000] {processor.py:766} INFO - DAG(s) dict_keys(['elastic_dag']) retrieved from /opt/airflow/dags/elastic_dag.py
[2023-12-05T21:18:50.535+0000] {logging_mixin.py:120} INFO - [2023-12-05T21:18:50.534+0000] {dag.py:2585} INFO - Sync 1 DAGs
[2023-12-05T21:18:50.572+0000] {logging_mixin.py:120} INFO - [2023-12-05T21:18:50.572+0000] {dag.py:3340} INFO - Setting next_dagrun for elastic_dag to 2023-12-05T00:00:00+00:00, run_after=2023-12-06T00:00:00+00:00
[2023-12-05T21:18:50.599+0000] {processor.py:176} INFO - Processing /opt/airflow/dags/elastic_dag.py took 0.375 seconds
[2023-12-05T21:19:20.947+0000] {processor.py:154} INFO - Started process (PID=2138) to work on /opt/airflow/dags/elastic_dag.py
[2023-12-05T21:19:20.948+0000] {processor.py:756} INFO - Processing file /opt/airflow/dags/elastic_dag.py for tasks to queue
[2023-12-05T21:19:20.949+0000] {logging_mixin.py:120} INFO - [2023-12-05T21:19:20.949+0000] {dagbag.py:537} INFO - Filling up the DagBag from /opt/airflow/dags/elastic_dag.py
[2023-12-05T21:19:21.191+0000] {processor.py:766} INFO - DAG(s) dict_keys(['elastic_dag']) retrieved from /opt/airflow/dags/elastic_dag.py
[2023-12-05T21:19:21.227+0000] {logging_mixin.py:120} INFO - [2023-12-05T21:19:21.226+0000] {dag.py:2585} INFO - Sync 1 DAGs
[2023-12-05T21:19:21.261+0000] {logging_mixin.py:120} INFO - [2023-12-05T21:19:21.261+0000] {dag.py:3340} INFO - Setting next_dagrun for elastic_dag to 2023-12-05T00:00:00+00:00, run_after=2023-12-06T00:00:00+00:00
[2023-12-05T21:19:21.288+0000] {processor.py:176} INFO - Processing /opt/airflow/dags/elastic_dag.py took 0.344 seconds
[2023-12-05T21:19:51.454+0000] {processor.py:154} INFO - Started process (PID=2181) to work on /opt/airflow/dags/elastic_dag.py
[2023-12-05T21:19:51.454+0000] {processor.py:756} INFO - Processing file /opt/airflow/dags/elastic_dag.py for tasks to queue
[2023-12-05T21:19:51.455+0000] {logging_mixin.py:120} INFO - [2023-12-05T21:19:51.455+0000] {dagbag.py:537} INFO - Filling up the DagBag from /opt/airflow/dags/elastic_dag.py
[2023-12-05T21:19:51.762+0000] {processor.py:766} INFO - DAG(s) dict_keys(['elastic_dag']) retrieved from /opt/airflow/dags/elastic_dag.py
[2023-12-05T21:19:51.809+0000] {logging_mixin.py:120} INFO - [2023-12-05T21:19:51.808+0000] {dag.py:2585} INFO - Sync 1 DAGs
[2023-12-05T21:19:51.841+0000] {logging_mixin.py:120} INFO - [2023-12-05T21:19:51.841+0000] {dag.py:3340} INFO - Setting next_dagrun for elastic_dag to 2023-12-05T00:00:00+00:00, run_after=2023-12-06T00:00:00+00:00
[2023-12-05T21:19:51.867+0000] {processor.py:176} INFO - Processing /opt/airflow/dags/elastic_dag.py took 0.417 seconds
[2023-12-05T21:20:22.080+0000] {processor.py:154} INFO - Started process (PID=2223) to work on /opt/airflow/dags/elastic_dag.py
[2023-12-05T21:20:22.081+0000] {processor.py:756} INFO - Processing file /opt/airflow/dags/elastic_dag.py for tasks to queue
[2023-12-05T21:20:22.081+0000] {logging_mixin.py:120} INFO - [2023-12-05T21:20:22.081+0000] {dagbag.py:537} INFO - Filling up the DagBag from /opt/airflow/dags/elastic_dag.py
[2023-12-05T21:20:22.314+0000] {processor.py:766} INFO - DAG(s) dict_keys(['elastic_dag']) retrieved from /opt/airflow/dags/elastic_dag.py
[2023-12-05T21:20:22.350+0000] {logging_mixin.py:120} INFO - [2023-12-05T21:20:22.350+0000] {dag.py:2585} INFO - Sync 1 DAGs
[2023-12-05T21:20:22.380+0000] {logging_mixin.py:120} INFO - [2023-12-05T21:20:22.380+0000] {dag.py:3340} INFO - Setting next_dagrun for elastic_dag to 2023-12-05T00:00:00+00:00, run_after=2023-12-06T00:00:00+00:00
[2023-12-05T21:20:22.405+0000] {processor.py:176} INFO - Processing /opt/airflow/dags/elastic_dag.py took 0.327 seconds
[2023-12-05T21:20:52.581+0000] {processor.py:154} INFO - Started process (PID=2256) to work on /opt/airflow/dags/elastic_dag.py
[2023-12-05T21:20:52.581+0000] {processor.py:756} INFO - Processing file /opt/airflow/dags/elastic_dag.py for tasks to queue
[2023-12-05T21:20:52.582+0000] {logging_mixin.py:120} INFO - [2023-12-05T21:20:52.582+0000] {dagbag.py:537} INFO - Filling up the DagBag from /opt/airflow/dags/elastic_dag.py
[2023-12-05T21:20:52.797+0000] {processor.py:766} INFO - DAG(s) dict_keys(['elastic_dag']) retrieved from /opt/airflow/dags/elastic_dag.py
[2023-12-05T21:20:52.842+0000] {logging_mixin.py:120} INFO - [2023-12-05T21:20:52.842+0000] {dag.py:2585} INFO - Sync 1 DAGs
[2023-12-05T21:20:52.876+0000] {logging_mixin.py:120} INFO - [2023-12-05T21:20:52.876+0000] {dag.py:3340} INFO - Setting next_dagrun for elastic_dag to 2023-12-05T00:00:00+00:00, run_after=2023-12-06T00:00:00+00:00
[2023-12-05T21:20:52.903+0000] {processor.py:176} INFO - Processing /opt/airflow/dags/elastic_dag.py took 0.325 seconds
[2023-12-05T21:21:23.399+0000] {processor.py:154} INFO - Started process (PID=2299) to work on /opt/airflow/dags/elastic_dag.py
[2023-12-05T21:21:23.400+0000] {processor.py:756} INFO - Processing file /opt/airflow/dags/elastic_dag.py for tasks to queue
[2023-12-05T21:21:23.401+0000] {logging_mixin.py:120} INFO - [2023-12-05T21:21:23.401+0000] {dagbag.py:537} INFO - Filling up the DagBag from /opt/airflow/dags/elastic_dag.py
[2023-12-05T21:21:23.653+0000] {processor.py:766} INFO - DAG(s) dict_keys(['elastic_dag']) retrieved from /opt/airflow/dags/elastic_dag.py
[2023-12-05T21:21:23.688+0000] {logging_mixin.py:120} INFO - [2023-12-05T21:21:23.688+0000] {dag.py:2585} INFO - Sync 1 DAGs
[2023-12-05T21:21:23.712+0000] {logging_mixin.py:120} INFO - [2023-12-05T21:21:23.712+0000] {dag.py:3340} INFO - Setting next_dagrun for elastic_dag to 2023-12-05T00:00:00+00:00, run_after=2023-12-06T00:00:00+00:00
[2023-12-05T21:21:23.731+0000] {processor.py:176} INFO - Processing /opt/airflow/dags/elastic_dag.py took 0.334 seconds
[2023-12-05T21:21:53.966+0000] {processor.py:154} INFO - Started process (PID=2342) to work on /opt/airflow/dags/elastic_dag.py
[2023-12-05T21:21:53.967+0000] {processor.py:756} INFO - Processing file /opt/airflow/dags/elastic_dag.py for tasks to queue
[2023-12-05T21:21:53.967+0000] {logging_mixin.py:120} INFO - [2023-12-05T21:21:53.967+0000] {dagbag.py:537} INFO - Filling up the DagBag from /opt/airflow/dags/elastic_dag.py
[2023-12-05T21:21:54.349+0000] {processor.py:766} INFO - DAG(s) dict_keys(['elastic_dag']) retrieved from /opt/airflow/dags/elastic_dag.py
[2023-12-05T21:21:54.400+0000] {logging_mixin.py:120} INFO - [2023-12-05T21:21:54.399+0000] {dag.py:2585} INFO - Sync 1 DAGs
[2023-12-05T21:21:54.438+0000] {logging_mixin.py:120} INFO - [2023-12-05T21:21:54.438+0000] {dag.py:3340} INFO - Setting next_dagrun for elastic_dag to 2023-12-05T00:00:00+00:00, run_after=2023-12-06T00:00:00+00:00
[2023-12-05T21:21:54.464+0000] {processor.py:176} INFO - Processing /opt/airflow/dags/elastic_dag.py took 0.500 seconds
[2023-12-05T21:22:25.129+0000] {processor.py:154} INFO - Started process (PID=2384) to work on /opt/airflow/dags/elastic_dag.py
[2023-12-05T21:22:25.130+0000] {processor.py:756} INFO - Processing file /opt/airflow/dags/elastic_dag.py for tasks to queue
[2023-12-05T21:22:25.130+0000] {logging_mixin.py:120} INFO - [2023-12-05T21:22:25.130+0000] {dagbag.py:537} INFO - Filling up the DagBag from /opt/airflow/dags/elastic_dag.py
[2023-12-05T21:22:25.375+0000] {processor.py:766} INFO - DAG(s) dict_keys(['elastic_dag']) retrieved from /opt/airflow/dags/elastic_dag.py
[2023-12-05T21:22:25.404+0000] {logging_mixin.py:120} INFO - [2023-12-05T21:22:25.403+0000] {dag.py:2585} INFO - Sync 1 DAGs
[2023-12-05T21:22:25.424+0000] {logging_mixin.py:120} INFO - [2023-12-05T21:22:25.423+0000] {dag.py:3340} INFO - Setting next_dagrun for elastic_dag to 2023-12-05T00:00:00+00:00, run_after=2023-12-06T00:00:00+00:00
[2023-12-05T21:22:25.444+0000] {processor.py:176} INFO - Processing /opt/airflow/dags/elastic_dag.py took 0.317 seconds
[2023-12-05T21:22:55.498+0000] {processor.py:154} INFO - Started process (PID=2417) to work on /opt/airflow/dags/elastic_dag.py
[2023-12-05T21:22:55.499+0000] {processor.py:756} INFO - Processing file /opt/airflow/dags/elastic_dag.py for tasks to queue
[2023-12-05T21:22:55.500+0000] {logging_mixin.py:120} INFO - [2023-12-05T21:22:55.500+0000] {dagbag.py:537} INFO - Filling up the DagBag from /opt/airflow/dags/elastic_dag.py
[2023-12-05T21:22:55.750+0000] {processor.py:766} INFO - DAG(s) dict_keys(['elastic_dag']) retrieved from /opt/airflow/dags/elastic_dag.py
[2023-12-05T21:22:55.793+0000] {logging_mixin.py:120} INFO - [2023-12-05T21:22:55.793+0000] {dag.py:2585} INFO - Sync 1 DAGs
[2023-12-05T21:22:55.826+0000] {logging_mixin.py:120} INFO - [2023-12-05T21:22:55.826+0000] {dag.py:3340} INFO - Setting next_dagrun for elastic_dag to 2023-12-05T00:00:00+00:00, run_after=2023-12-06T00:00:00+00:00
[2023-12-05T21:22:55.853+0000] {processor.py:176} INFO - Processing /opt/airflow/dags/elastic_dag.py took 0.357 seconds
[2023-12-05T21:23:26.047+0000] {processor.py:154} INFO - Started process (PID=2459) to work on /opt/airflow/dags/elastic_dag.py
[2023-12-05T21:23:26.047+0000] {processor.py:756} INFO - Processing file /opt/airflow/dags/elastic_dag.py for tasks to queue
[2023-12-05T21:23:26.048+0000] {logging_mixin.py:120} INFO - [2023-12-05T21:23:26.048+0000] {dagbag.py:537} INFO - Filling up the DagBag from /opt/airflow/dags/elastic_dag.py
[2023-12-05T21:23:26.309+0000] {processor.py:766} INFO - DAG(s) dict_keys(['elastic_dag']) retrieved from /opt/airflow/dags/elastic_dag.py
[2023-12-05T21:23:26.350+0000] {logging_mixin.py:120} INFO - [2023-12-05T21:23:26.349+0000] {dag.py:2585} INFO - Sync 1 DAGs
[2023-12-05T21:23:26.382+0000] {logging_mixin.py:120} INFO - [2023-12-05T21:23:26.382+0000] {dag.py:3340} INFO - Setting next_dagrun for elastic_dag to 2023-12-05T00:00:00+00:00, run_after=2023-12-06T00:00:00+00:00
[2023-12-05T21:23:26.409+0000] {processor.py:176} INFO - Processing /opt/airflow/dags/elastic_dag.py took 0.365 seconds
[2023-12-05T21:23:56.800+0000] {processor.py:154} INFO - Started process (PID=2502) to work on /opt/airflow/dags/elastic_dag.py
[2023-12-05T21:23:56.801+0000] {processor.py:756} INFO - Processing file /opt/airflow/dags/elastic_dag.py for tasks to queue
[2023-12-05T21:23:56.801+0000] {logging_mixin.py:120} INFO - [2023-12-05T21:23:56.801+0000] {dagbag.py:537} INFO - Filling up the DagBag from /opt/airflow/dags/elastic_dag.py
[2023-12-05T21:23:57.031+0000] {processor.py:766} INFO - DAG(s) dict_keys(['elastic_dag']) retrieved from /opt/airflow/dags/elastic_dag.py
[2023-12-05T21:23:57.066+0000] {logging_mixin.py:120} INFO - [2023-12-05T21:23:57.066+0000] {dag.py:2585} INFO - Sync 1 DAGs
[2023-12-05T21:23:57.101+0000] {logging_mixin.py:120} INFO - [2023-12-05T21:23:57.100+0000] {dag.py:3340} INFO - Setting next_dagrun for elastic_dag to 2023-12-05T00:00:00+00:00, run_after=2023-12-06T00:00:00+00:00
[2023-12-05T21:23:57.123+0000] {processor.py:176} INFO - Processing /opt/airflow/dags/elastic_dag.py took 0.326 seconds
[2023-12-05T21:24:27.410+0000] {processor.py:154} INFO - Started process (PID=2545) to work on /opt/airflow/dags/elastic_dag.py
[2023-12-05T21:24:27.411+0000] {processor.py:756} INFO - Processing file /opt/airflow/dags/elastic_dag.py for tasks to queue
[2023-12-05T21:24:27.411+0000] {logging_mixin.py:120} INFO - [2023-12-05T21:24:27.411+0000] {dagbag.py:537} INFO - Filling up the DagBag from /opt/airflow/dags/elastic_dag.py
[2023-12-05T21:24:27.647+0000] {processor.py:766} INFO - DAG(s) dict_keys(['elastic_dag']) retrieved from /opt/airflow/dags/elastic_dag.py
[2023-12-05T21:24:27.710+0000] {logging_mixin.py:120} INFO - [2023-12-05T21:24:27.709+0000] {dag.py:2585} INFO - Sync 1 DAGs
[2023-12-05T21:24:27.739+0000] {logging_mixin.py:120} INFO - [2023-12-05T21:24:27.739+0000] {dag.py:3340} INFO - Setting next_dagrun for elastic_dag to 2023-12-05T00:00:00+00:00, run_after=2023-12-06T00:00:00+00:00
[2023-12-05T21:24:27.764+0000] {processor.py:176} INFO - Processing /opt/airflow/dags/elastic_dag.py took 0.356 seconds
[2023-12-05T21:24:57.806+0000] {processor.py:154} INFO - Started process (PID=2578) to work on /opt/airflow/dags/elastic_dag.py
[2023-12-05T21:24:57.807+0000] {processor.py:756} INFO - Processing file /opt/airflow/dags/elastic_dag.py for tasks to queue
[2023-12-05T21:24:57.808+0000] {logging_mixin.py:120} INFO - [2023-12-05T21:24:57.808+0000] {dagbag.py:537} INFO - Filling up the DagBag from /opt/airflow/dags/elastic_dag.py
[2023-12-05T21:24:58.064+0000] {processor.py:766} INFO - DAG(s) dict_keys(['elastic_dag']) retrieved from /opt/airflow/dags/elastic_dag.py
[2023-12-05T21:24:58.115+0000] {logging_mixin.py:120} INFO - [2023-12-05T21:24:58.115+0000] {dag.py:2585} INFO - Sync 1 DAGs
[2023-12-05T21:24:58.148+0000] {logging_mixin.py:120} INFO - [2023-12-05T21:24:58.148+0000] {dag.py:3340} INFO - Setting next_dagrun for elastic_dag to 2023-12-05T00:00:00+00:00, run_after=2023-12-06T00:00:00+00:00
[2023-12-05T21:24:58.174+0000] {processor.py:176} INFO - Processing /opt/airflow/dags/elastic_dag.py took 0.371 seconds
[2023-12-05T21:25:28.247+0000] {processor.py:154} INFO - Started process (PID=2621) to work on /opt/airflow/dags/elastic_dag.py
[2023-12-05T21:25:28.247+0000] {processor.py:756} INFO - Processing file /opt/airflow/dags/elastic_dag.py for tasks to queue
[2023-12-05T21:25:28.248+0000] {logging_mixin.py:120} INFO - [2023-12-05T21:25:28.248+0000] {dagbag.py:537} INFO - Filling up the DagBag from /opt/airflow/dags/elastic_dag.py
[2023-12-05T21:25:28.472+0000] {processor.py:766} INFO - DAG(s) dict_keys(['elastic_dag']) retrieved from /opt/airflow/dags/elastic_dag.py
[2023-12-05T21:25:28.511+0000] {logging_mixin.py:120} INFO - [2023-12-05T21:25:28.511+0000] {dag.py:2585} INFO - Sync 1 DAGs
[2023-12-05T21:25:28.539+0000] {logging_mixin.py:120} INFO - [2023-12-05T21:25:28.539+0000] {dag.py:3340} INFO - Setting next_dagrun for elastic_dag to 2023-12-05T00:00:00+00:00, run_after=2023-12-06T00:00:00+00:00
[2023-12-05T21:25:28.572+0000] {processor.py:176} INFO - Processing /opt/airflow/dags/elastic_dag.py took 0.327 seconds
[2023-12-05T21:25:58.703+0000] {processor.py:154} INFO - Started process (PID=2662) to work on /opt/airflow/dags/elastic_dag.py
[2023-12-05T21:25:58.703+0000] {processor.py:756} INFO - Processing file /opt/airflow/dags/elastic_dag.py for tasks to queue
[2023-12-05T21:25:58.704+0000] {logging_mixin.py:120} INFO - [2023-12-05T21:25:58.704+0000] {dagbag.py:537} INFO - Filling up the DagBag from /opt/airflow/dags/elastic_dag.py
[2023-12-05T21:25:58.921+0000] {processor.py:766} INFO - DAG(s) dict_keys(['elastic_dag']) retrieved from /opt/airflow/dags/elastic_dag.py
[2023-12-05T21:25:58.950+0000] {logging_mixin.py:120} INFO - [2023-12-05T21:25:58.950+0000] {dag.py:2585} INFO - Sync 1 DAGs
[2023-12-05T21:25:58.971+0000] {logging_mixin.py:120} INFO - [2023-12-05T21:25:58.970+0000] {dag.py:3340} INFO - Setting next_dagrun for elastic_dag to 2023-12-05T00:00:00+00:00, run_after=2023-12-06T00:00:00+00:00
[2023-12-05T21:25:58.990+0000] {processor.py:176} INFO - Processing /opt/airflow/dags/elastic_dag.py took 0.290 seconds
[2023-12-05T21:26:29.306+0000] {processor.py:154} INFO - Started process (PID=2707) to work on /opt/airflow/dags/elastic_dag.py
[2023-12-05T21:26:29.307+0000] {processor.py:756} INFO - Processing file /opt/airflow/dags/elastic_dag.py for tasks to queue
[2023-12-05T21:26:29.307+0000] {logging_mixin.py:120} INFO - [2023-12-05T21:26:29.307+0000] {dagbag.py:537} INFO - Filling up the DagBag from /opt/airflow/dags/elastic_dag.py
[2023-12-05T21:26:29.516+0000] {processor.py:766} INFO - DAG(s) dict_keys(['elastic_dag']) retrieved from /opt/airflow/dags/elastic_dag.py
[2023-12-05T21:26:29.545+0000] {logging_mixin.py:120} INFO - [2023-12-05T21:26:29.545+0000] {dag.py:2585} INFO - Sync 1 DAGs
[2023-12-05T21:26:29.566+0000] {logging_mixin.py:120} INFO - [2023-12-05T21:26:29.566+0000] {dag.py:3340} INFO - Setting next_dagrun for elastic_dag to 2023-12-05T00:00:00+00:00, run_after=2023-12-06T00:00:00+00:00
[2023-12-05T21:26:29.586+0000] {processor.py:176} INFO - Processing /opt/airflow/dags/elastic_dag.py took 0.283 seconds
[2023-12-05T21:26:59.933+0000] {processor.py:154} INFO - Started process (PID=2741) to work on /opt/airflow/dags/elastic_dag.py
[2023-12-05T21:26:59.934+0000] {processor.py:756} INFO - Processing file /opt/airflow/dags/elastic_dag.py for tasks to queue
[2023-12-05T21:26:59.935+0000] {logging_mixin.py:120} INFO - [2023-12-05T21:26:59.934+0000] {dagbag.py:537} INFO - Filling up the DagBag from /opt/airflow/dags/elastic_dag.py
[2023-12-05T21:27:00.157+0000] {processor.py:766} INFO - DAG(s) dict_keys(['elastic_dag']) retrieved from /opt/airflow/dags/elastic_dag.py
[2023-12-05T21:27:00.184+0000] {logging_mixin.py:120} INFO - [2023-12-05T21:27:00.184+0000] {dag.py:2585} INFO - Sync 1 DAGs
[2023-12-05T21:27:00.205+0000] {logging_mixin.py:120} INFO - [2023-12-05T21:27:00.205+0000] {dag.py:3340} INFO - Setting next_dagrun for elastic_dag to 2023-12-05T00:00:00+00:00, run_after=2023-12-06T00:00:00+00:00
[2023-12-05T21:27:00.224+0000] {processor.py:176} INFO - Processing /opt/airflow/dags/elastic_dag.py took 0.293 seconds
[2023-12-05T21:27:30.887+0000] {processor.py:154} INFO - Started process (PID=2785) to work on /opt/airflow/dags/elastic_dag.py
[2023-12-05T21:27:30.887+0000] {processor.py:756} INFO - Processing file /opt/airflow/dags/elastic_dag.py for tasks to queue
[2023-12-05T21:27:30.888+0000] {logging_mixin.py:120} INFO - [2023-12-05T21:27:30.888+0000] {dagbag.py:537} INFO - Filling up the DagBag from /opt/airflow/dags/elastic_dag.py
[2023-12-05T21:27:31.147+0000] {processor.py:766} INFO - DAG(s) dict_keys(['elastic_dag']) retrieved from /opt/airflow/dags/elastic_dag.py
[2023-12-05T21:27:31.176+0000] {logging_mixin.py:120} INFO - [2023-12-05T21:27:31.175+0000] {dag.py:2585} INFO - Sync 1 DAGs
[2023-12-05T21:27:31.196+0000] {logging_mixin.py:120} INFO - [2023-12-05T21:27:31.196+0000] {dag.py:3340} INFO - Setting next_dagrun for elastic_dag to 2023-12-05T00:00:00+00:00, run_after=2023-12-06T00:00:00+00:00
[2023-12-05T21:27:31.214+0000] {processor.py:176} INFO - Processing /opt/airflow/dags/elastic_dag.py took 0.332 seconds
[2023-12-05T21:28:01.953+0000] {processor.py:154} INFO - Started process (PID=2827) to work on /opt/airflow/dags/elastic_dag.py
[2023-12-05T21:28:01.954+0000] {processor.py:756} INFO - Processing file /opt/airflow/dags/elastic_dag.py for tasks to queue
[2023-12-05T21:28:01.955+0000] {logging_mixin.py:120} INFO - [2023-12-05T21:28:01.955+0000] {dagbag.py:537} INFO - Filling up the DagBag from /opt/airflow/dags/elastic_dag.py
[2023-12-05T21:28:02.166+0000] {processor.py:766} INFO - DAG(s) dict_keys(['elastic_dag']) retrieved from /opt/airflow/dags/elastic_dag.py
[2023-12-05T21:28:02.194+0000] {logging_mixin.py:120} INFO - [2023-12-05T21:28:02.194+0000] {dag.py:2585} INFO - Sync 1 DAGs
[2023-12-05T21:28:02.215+0000] {logging_mixin.py:120} INFO - [2023-12-05T21:28:02.214+0000] {dag.py:3340} INFO - Setting next_dagrun for elastic_dag to 2023-12-05T00:00:00+00:00, run_after=2023-12-06T00:00:00+00:00
[2023-12-05T21:28:02.236+0000] {processor.py:176} INFO - Processing /opt/airflow/dags/elastic_dag.py took 0.285 seconds
[2023-12-05T21:28:32.340+0000] {processor.py:154} INFO - Started process (PID=2860) to work on /opt/airflow/dags/elastic_dag.py
[2023-12-05T21:28:32.340+0000] {processor.py:756} INFO - Processing file /opt/airflow/dags/elastic_dag.py for tasks to queue
[2023-12-05T21:28:32.341+0000] {logging_mixin.py:120} INFO - [2023-12-05T21:28:32.341+0000] {dagbag.py:537} INFO - Filling up the DagBag from /opt/airflow/dags/elastic_dag.py
[2023-12-05T21:28:32.556+0000] {processor.py:766} INFO - DAG(s) dict_keys(['elastic_dag']) retrieved from /opt/airflow/dags/elastic_dag.py
[2023-12-05T21:28:32.589+0000] {logging_mixin.py:120} INFO - [2023-12-05T21:28:32.588+0000] {dag.py:2585} INFO - Sync 1 DAGs
[2023-12-05T21:28:32.610+0000] {logging_mixin.py:120} INFO - [2023-12-05T21:28:32.610+0000] {dag.py:3340} INFO - Setting next_dagrun for elastic_dag to 2023-12-05T00:00:00+00:00, run_after=2023-12-06T00:00:00+00:00
[2023-12-05T21:28:32.632+0000] {processor.py:176} INFO - Processing /opt/airflow/dags/elastic_dag.py took 0.295 seconds
[2023-12-05T21:29:03.097+0000] {processor.py:154} INFO - Started process (PID=2902) to work on /opt/airflow/dags/elastic_dag.py
[2023-12-05T21:29:03.097+0000] {processor.py:756} INFO - Processing file /opt/airflow/dags/elastic_dag.py for tasks to queue
[2023-12-05T21:29:03.098+0000] {logging_mixin.py:120} INFO - [2023-12-05T21:29:03.098+0000] {dagbag.py:537} INFO - Filling up the DagBag from /opt/airflow/dags/elastic_dag.py
[2023-12-05T21:29:03.311+0000] {processor.py:766} INFO - DAG(s) dict_keys(['elastic_dag']) retrieved from /opt/airflow/dags/elastic_dag.py
[2023-12-05T21:29:03.340+0000] {logging_mixin.py:120} INFO - [2023-12-05T21:29:03.340+0000] {dag.py:2585} INFO - Sync 1 DAGs
[2023-12-05T21:29:03.360+0000] {logging_mixin.py:120} INFO - [2023-12-05T21:29:03.360+0000] {dag.py:3340} INFO - Setting next_dagrun for elastic_dag to 2023-12-05T00:00:00+00:00, run_after=2023-12-06T00:00:00+00:00
[2023-12-05T21:29:03.380+0000] {processor.py:176} INFO - Processing /opt/airflow/dags/elastic_dag.py took 0.286 seconds
[2023-12-05T21:29:33.671+0000] {processor.py:154} INFO - Started process (PID=2945) to work on /opt/airflow/dags/elastic_dag.py
[2023-12-05T21:29:33.671+0000] {processor.py:756} INFO - Processing file /opt/airflow/dags/elastic_dag.py for tasks to queue
[2023-12-05T21:29:33.671+0000] {logging_mixin.py:120} INFO - [2023-12-05T21:29:33.671+0000] {dagbag.py:537} INFO - Filling up the DagBag from /opt/airflow/dags/elastic_dag.py
[2023-12-05T21:29:33.872+0000] {processor.py:766} INFO - DAG(s) dict_keys(['elastic_dag']) retrieved from /opt/airflow/dags/elastic_dag.py
[2023-12-05T21:29:33.900+0000] {logging_mixin.py:120} INFO - [2023-12-05T21:29:33.899+0000] {dag.py:2585} INFO - Sync 1 DAGs
[2023-12-05T21:29:33.922+0000] {logging_mixin.py:120} INFO - [2023-12-05T21:29:33.922+0000] {dag.py:3340} INFO - Setting next_dagrun for elastic_dag to 2023-12-05T00:00:00+00:00, run_after=2023-12-06T00:00:00+00:00
[2023-12-05T21:29:33.942+0000] {processor.py:176} INFO - Processing /opt/airflow/dags/elastic_dag.py took 0.273 seconds
[2023-12-05T21:30:04.397+0000] {processor.py:154} INFO - Started process (PID=2984) to work on /opt/airflow/dags/elastic_dag.py
[2023-12-05T21:30:04.398+0000] {processor.py:756} INFO - Processing file /opt/airflow/dags/elastic_dag.py for tasks to queue
[2023-12-05T21:30:04.398+0000] {logging_mixin.py:120} INFO - [2023-12-05T21:30:04.398+0000] {dagbag.py:537} INFO - Filling up the DagBag from /opt/airflow/dags/elastic_dag.py
[2023-12-05T21:30:04.719+0000] {processor.py:766} INFO - DAG(s) dict_keys(['elastic_dag']) retrieved from /opt/airflow/dags/elastic_dag.py
[2023-12-05T21:30:04.759+0000] {logging_mixin.py:120} INFO - [2023-12-05T21:30:04.758+0000] {dag.py:2585} INFO - Sync 1 DAGs
[2023-12-05T21:30:04.792+0000] {logging_mixin.py:120} INFO - [2023-12-05T21:30:04.792+0000] {dag.py:3340} INFO - Setting next_dagrun for elastic_dag to 2023-12-05T00:00:00+00:00, run_after=2023-12-06T00:00:00+00:00
[2023-12-05T21:30:04.812+0000] {processor.py:176} INFO - Processing /opt/airflow/dags/elastic_dag.py took 0.419 seconds
[2023-12-05T21:30:34.975+0000] {processor.py:154} INFO - Started process (PID=3019) to work on /opt/airflow/dags/elastic_dag.py
[2023-12-05T21:30:34.976+0000] {processor.py:756} INFO - Processing file /opt/airflow/dags/elastic_dag.py for tasks to queue
[2023-12-05T21:30:34.976+0000] {logging_mixin.py:120} INFO - [2023-12-05T21:30:34.976+0000] {dagbag.py:537} INFO - Filling up the DagBag from /opt/airflow/dags/elastic_dag.py
[2023-12-05T21:30:35.193+0000] {processor.py:766} INFO - DAG(s) dict_keys(['elastic_dag']) retrieved from /opt/airflow/dags/elastic_dag.py
[2023-12-05T21:30:35.222+0000] {logging_mixin.py:120} INFO - [2023-12-05T21:30:35.222+0000] {dag.py:2585} INFO - Sync 1 DAGs
[2023-12-05T21:30:35.242+0000] {logging_mixin.py:120} INFO - [2023-12-05T21:30:35.242+0000] {dag.py:3340} INFO - Setting next_dagrun for elastic_dag to 2023-12-05T00:00:00+00:00, run_after=2023-12-06T00:00:00+00:00
[2023-12-05T21:30:35.264+0000] {processor.py:176} INFO - Processing /opt/airflow/dags/elastic_dag.py took 0.291 seconds
