[2023-12-18T16:41:17.648+0000] {processor.py:154} INFO - Started process (PID=54) to work on /opt/airflow/dags/groups/group_downloads.py
[2023-12-18T16:41:17.654+0000] {processor.py:756} INFO - Processing file /opt/airflow/dags/groups/group_downloads.py for tasks to queue
[2023-12-18T16:41:17.657+0000] {logging_mixin.py:120} INFO - [2023-12-18T16:41:17.657+0000] {dagbag.py:537} INFO - Filling up the DagBag from /opt/airflow/dags/groups/group_downloads.py
[2023-12-18T16:41:17.662+0000] {processor.py:768} WARNING - No viable dags retrieved from /opt/airflow/dags/groups/group_downloads.py
[2023-12-18T16:41:17.754+0000] {processor.py:176} INFO - Processing /opt/airflow/dags/groups/group_downloads.py took 0.149 seconds
[2023-12-18T16:41:47.837+0000] {processor.py:154} INFO - Started process (PID=84) to work on /opt/airflow/dags/groups/group_downloads.py
[2023-12-18T16:41:47.840+0000] {processor.py:756} INFO - Processing file /opt/airflow/dags/groups/group_downloads.py for tasks to queue
[2023-12-18T16:41:47.841+0000] {logging_mixin.py:120} INFO - [2023-12-18T16:41:47.841+0000] {dagbag.py:537} INFO - Filling up the DagBag from /opt/airflow/dags/groups/group_downloads.py
[2023-12-18T16:41:47.855+0000] {processor.py:768} WARNING - No viable dags retrieved from /opt/airflow/dags/groups/group_downloads.py
[2023-12-18T16:41:47.877+0000] {processor.py:176} INFO - Processing /opt/airflow/dags/groups/group_downloads.py took 0.052 seconds
[2023-12-18T16:42:18.556+0000] {processor.py:154} INFO - Started process (PID=118) to work on /opt/airflow/dags/groups/group_downloads.py
[2023-12-18T16:42:18.559+0000] {processor.py:756} INFO - Processing file /opt/airflow/dags/groups/group_downloads.py for tasks to queue
[2023-12-18T16:42:18.560+0000] {logging_mixin.py:120} INFO - [2023-12-18T16:42:18.559+0000] {dagbag.py:537} INFO - Filling up the DagBag from /opt/airflow/dags/groups/group_downloads.py
[2023-12-18T16:42:18.564+0000] {processor.py:768} WARNING - No viable dags retrieved from /opt/airflow/dags/groups/group_downloads.py
[2023-12-18T16:42:18.579+0000] {processor.py:176} INFO - Processing /opt/airflow/dags/groups/group_downloads.py took 0.026 seconds
[2023-12-18T16:42:49.235+0000] {processor.py:154} INFO - Started process (PID=160) to work on /opt/airflow/dags/groups/group_downloads.py
[2023-12-18T16:42:49.236+0000] {processor.py:756} INFO - Processing file /opt/airflow/dags/groups/group_downloads.py for tasks to queue
[2023-12-18T16:42:49.237+0000] {logging_mixin.py:120} INFO - [2023-12-18T16:42:49.236+0000] {dagbag.py:537} INFO - Filling up the DagBag from /opt/airflow/dags/groups/group_downloads.py
[2023-12-18T16:42:49.242+0000] {processor.py:768} WARNING - No viable dags retrieved from /opt/airflow/dags/groups/group_downloads.py
[2023-12-18T16:42:49.272+0000] {processor.py:176} INFO - Processing /opt/airflow/dags/groups/group_downloads.py took 0.044 seconds
[2023-12-18T16:43:20.121+0000] {processor.py:154} INFO - Started process (PID=201) to work on /opt/airflow/dags/groups/group_downloads.py
[2023-12-18T16:43:20.148+0000] {processor.py:756} INFO - Processing file /opt/airflow/dags/groups/group_downloads.py for tasks to queue
[2023-12-18T16:43:20.148+0000] {logging_mixin.py:120} INFO - [2023-12-18T16:43:20.148+0000] {dagbag.py:537} INFO - Filling up the DagBag from /opt/airflow/dags/groups/group_downloads.py
[2023-12-18T16:43:20.154+0000] {processor.py:768} WARNING - No viable dags retrieved from /opt/airflow/dags/groups/group_downloads.py
[2023-12-18T16:43:20.191+0000] {processor.py:176} INFO - Processing /opt/airflow/dags/groups/group_downloads.py took 0.073 seconds
[2023-12-18T16:43:50.637+0000] {processor.py:154} INFO - Started process (PID=234) to work on /opt/airflow/dags/groups/group_downloads.py
[2023-12-18T16:43:50.638+0000] {processor.py:756} INFO - Processing file /opt/airflow/dags/groups/group_downloads.py for tasks to queue
[2023-12-18T16:43:50.639+0000] {logging_mixin.py:120} INFO - [2023-12-18T16:43:50.639+0000] {dagbag.py:537} INFO - Filling up the DagBag from /opt/airflow/dags/groups/group_downloads.py
[2023-12-18T16:43:50.644+0000] {processor.py:768} WARNING - No viable dags retrieved from /opt/airflow/dags/groups/group_downloads.py
[2023-12-18T16:43:50.658+0000] {processor.py:176} INFO - Processing /opt/airflow/dags/groups/group_downloads.py took 0.025 seconds
[2023-12-18T16:44:21.227+0000] {processor.py:154} INFO - Started process (PID=276) to work on /opt/airflow/dags/groups/group_downloads.py
[2023-12-18T16:44:21.228+0000] {processor.py:756} INFO - Processing file /opt/airflow/dags/groups/group_downloads.py for tasks to queue
[2023-12-18T16:44:21.228+0000] {logging_mixin.py:120} INFO - [2023-12-18T16:44:21.228+0000] {dagbag.py:537} INFO - Filling up the DagBag from /opt/airflow/dags/groups/group_downloads.py
[2023-12-18T16:44:21.247+0000] {processor.py:768} WARNING - No viable dags retrieved from /opt/airflow/dags/groups/group_downloads.py
[2023-12-18T16:44:21.303+0000] {processor.py:176} INFO - Processing /opt/airflow/dags/groups/group_downloads.py took 0.080 seconds
[2023-12-18T16:44:51.388+0000] {processor.py:154} INFO - Started process (PID=307) to work on /opt/airflow/dags/groups/group_downloads.py
[2023-12-18T16:44:51.389+0000] {processor.py:756} INFO - Processing file /opt/airflow/dags/groups/group_downloads.py for tasks to queue
[2023-12-18T16:44:51.389+0000] {logging_mixin.py:120} INFO - [2023-12-18T16:44:51.389+0000] {dagbag.py:537} INFO - Filling up the DagBag from /opt/airflow/dags/groups/group_downloads.py
[2023-12-18T16:44:51.394+0000] {processor.py:768} WARNING - No viable dags retrieved from /opt/airflow/dags/groups/group_downloads.py
[2023-12-18T16:44:51.408+0000] {processor.py:176} INFO - Processing /opt/airflow/dags/groups/group_downloads.py took 0.024 seconds
[2023-12-18T16:45:21.987+0000] {processor.py:154} INFO - Started process (PID=351) to work on /opt/airflow/dags/groups/group_downloads.py
[2023-12-18T16:45:21.992+0000] {processor.py:756} INFO - Processing file /opt/airflow/dags/groups/group_downloads.py for tasks to queue
[2023-12-18T16:45:21.993+0000] {logging_mixin.py:120} INFO - [2023-12-18T16:45:21.993+0000] {dagbag.py:537} INFO - Filling up the DagBag from /opt/airflow/dags/groups/group_downloads.py
[2023-12-18T16:45:22.008+0000] {processor.py:768} WARNING - No viable dags retrieved from /opt/airflow/dags/groups/group_downloads.py
[2023-12-18T16:45:22.054+0000] {processor.py:176} INFO - Processing /opt/airflow/dags/groups/group_downloads.py took 0.083 seconds
[2023-12-18T16:45:52.565+0000] {processor.py:154} INFO - Started process (PID=384) to work on /opt/airflow/dags/groups/group_downloads.py
[2023-12-18T16:45:52.566+0000] {processor.py:756} INFO - Processing file /opt/airflow/dags/groups/group_downloads.py for tasks to queue
[2023-12-18T16:45:52.566+0000] {logging_mixin.py:120} INFO - [2023-12-18T16:45:52.566+0000] {dagbag.py:537} INFO - Filling up the DagBag from /opt/airflow/dags/groups/group_downloads.py
[2023-12-18T16:45:52.571+0000] {processor.py:768} WARNING - No viable dags retrieved from /opt/airflow/dags/groups/group_downloads.py
[2023-12-18T16:45:52.584+0000] {processor.py:176} INFO - Processing /opt/airflow/dags/groups/group_downloads.py took 0.023 seconds
[2023-12-18T16:46:22.737+0000] {processor.py:154} INFO - Started process (PID=427) to work on /opt/airflow/dags/groups/group_downloads.py
[2023-12-18T16:46:22.738+0000] {processor.py:756} INFO - Processing file /opt/airflow/dags/groups/group_downloads.py for tasks to queue
[2023-12-18T16:46:22.738+0000] {logging_mixin.py:120} INFO - [2023-12-18T16:46:22.738+0000] {dagbag.py:537} INFO - Filling up the DagBag from /opt/airflow/dags/groups/group_downloads.py
[2023-12-18T16:46:22.744+0000] {processor.py:768} WARNING - No viable dags retrieved from /opt/airflow/dags/groups/group_downloads.py
[2023-12-18T16:46:22.758+0000] {processor.py:176} INFO - Processing /opt/airflow/dags/groups/group_downloads.py took 0.024 seconds
[2023-12-18T16:46:53.129+0000] {processor.py:154} INFO - Started process (PID=467) to work on /opt/airflow/dags/groups/group_downloads.py
[2023-12-18T16:46:53.130+0000] {processor.py:756} INFO - Processing file /opt/airflow/dags/groups/group_downloads.py for tasks to queue
[2023-12-18T16:46:53.131+0000] {logging_mixin.py:120} INFO - [2023-12-18T16:46:53.130+0000] {dagbag.py:537} INFO - Filling up the DagBag from /opt/airflow/dags/groups/group_downloads.py
[2023-12-18T16:46:53.135+0000] {processor.py:768} WARNING - No viable dags retrieved from /opt/airflow/dags/groups/group_downloads.py
[2023-12-18T16:46:53.175+0000] {processor.py:176} INFO - Processing /opt/airflow/dags/groups/group_downloads.py took 0.049 seconds
[2023-12-18T16:47:23.672+0000] {processor.py:154} INFO - Started process (PID=504) to work on /opt/airflow/dags/groups/group_downloads.py
[2023-12-18T16:47:23.674+0000] {processor.py:756} INFO - Processing file /opt/airflow/dags/groups/group_downloads.py for tasks to queue
[2023-12-18T16:47:23.675+0000] {logging_mixin.py:120} INFO - [2023-12-18T16:47:23.675+0000] {dagbag.py:537} INFO - Filling up the DagBag from /opt/airflow/dags/groups/group_downloads.py
[2023-12-18T16:47:23.679+0000] {processor.py:768} WARNING - No viable dags retrieved from /opt/airflow/dags/groups/group_downloads.py
[2023-12-18T16:47:23.693+0000] {processor.py:176} INFO - Processing /opt/airflow/dags/groups/group_downloads.py took 0.024 seconds
[2023-12-18T16:47:53.868+0000] {processor.py:154} INFO - Started process (PID=547) to work on /opt/airflow/dags/groups/group_downloads.py
[2023-12-18T16:47:53.869+0000] {processor.py:756} INFO - Processing file /opt/airflow/dags/groups/group_downloads.py for tasks to queue
[2023-12-18T16:47:53.869+0000] {logging_mixin.py:120} INFO - [2023-12-18T16:47:53.869+0000] {dagbag.py:537} INFO - Filling up the DagBag from /opt/airflow/dags/groups/group_downloads.py
[2023-12-18T16:47:53.886+0000] {processor.py:768} WARNING - No viable dags retrieved from /opt/airflow/dags/groups/group_downloads.py
[2023-12-18T16:47:53.908+0000] {processor.py:176} INFO - Processing /opt/airflow/dags/groups/group_downloads.py took 0.044 seconds
[2023-12-18T16:48:24.250+0000] {processor.py:154} INFO - Started process (PID=586) to work on /opt/airflow/dags/groups/group_downloads.py
[2023-12-18T16:48:24.257+0000] {processor.py:756} INFO - Processing file /opt/airflow/dags/groups/group_downloads.py for tasks to queue
[2023-12-18T16:48:24.266+0000] {logging_mixin.py:120} INFO - [2023-12-18T16:48:24.266+0000] {dagbag.py:537} INFO - Filling up the DagBag from /opt/airflow/dags/groups/group_downloads.py
[2023-12-18T16:48:24.284+0000] {processor.py:768} WARNING - No viable dags retrieved from /opt/airflow/dags/groups/group_downloads.py
[2023-12-18T16:48:24.311+0000] {processor.py:176} INFO - Processing /opt/airflow/dags/groups/group_downloads.py took 0.064 seconds
[2023-12-18T16:48:54.904+0000] {processor.py:154} INFO - Started process (PID=621) to work on /opt/airflow/dags/groups/group_downloads.py
[2023-12-18T16:48:54.904+0000] {processor.py:756} INFO - Processing file /opt/airflow/dags/groups/group_downloads.py for tasks to queue
[2023-12-18T16:48:54.906+0000] {logging_mixin.py:120} INFO - [2023-12-18T16:48:54.906+0000] {dagbag.py:537} INFO - Filling up the DagBag from /opt/airflow/dags/groups/group_downloads.py
[2023-12-18T16:48:54.911+0000] {processor.py:768} WARNING - No viable dags retrieved from /opt/airflow/dags/groups/group_downloads.py
[2023-12-18T16:48:54.924+0000] {processor.py:176} INFO - Processing /opt/airflow/dags/groups/group_downloads.py took 0.023 seconds
[2023-12-18T16:49:25.153+0000] {processor.py:154} INFO - Started process (PID=661) to work on /opt/airflow/dags/groups/group_downloads.py
[2023-12-18T16:49:25.162+0000] {processor.py:756} INFO - Processing file /opt/airflow/dags/groups/group_downloads.py for tasks to queue
[2023-12-18T16:49:25.162+0000] {logging_mixin.py:120} INFO - [2023-12-18T16:49:25.162+0000] {dagbag.py:537} INFO - Filling up the DagBag from /opt/airflow/dags/groups/group_downloads.py
[2023-12-18T16:49:25.192+0000] {processor.py:768} WARNING - No viable dags retrieved from /opt/airflow/dags/groups/group_downloads.py
[2023-12-18T16:49:25.323+0000] {processor.py:176} INFO - Processing /opt/airflow/dags/groups/group_downloads.py took 0.195 seconds
[2023-12-18T16:49:56.326+0000] {processor.py:154} INFO - Started process (PID=697) to work on /opt/airflow/dags/groups/group_downloads.py
[2023-12-18T16:49:56.327+0000] {processor.py:756} INFO - Processing file /opt/airflow/dags/groups/group_downloads.py for tasks to queue
[2023-12-18T16:49:56.327+0000] {logging_mixin.py:120} INFO - [2023-12-18T16:49:56.327+0000] {dagbag.py:537} INFO - Filling up the DagBag from /opt/airflow/dags/groups/group_downloads.py
[2023-12-18T16:49:56.331+0000] {processor.py:768} WARNING - No viable dags retrieved from /opt/airflow/dags/groups/group_downloads.py
[2023-12-18T16:49:56.342+0000] {processor.py:176} INFO - Processing /opt/airflow/dags/groups/group_downloads.py took 0.018 seconds
[2023-12-18T16:50:26.622+0000] {processor.py:154} INFO - Started process (PID=740) to work on /opt/airflow/dags/groups/group_downloads.py
[2023-12-18T16:50:26.622+0000] {processor.py:756} INFO - Processing file /opt/airflow/dags/groups/group_downloads.py for tasks to queue
[2023-12-18T16:50:26.623+0000] {logging_mixin.py:120} INFO - [2023-12-18T16:50:26.623+0000] {dagbag.py:537} INFO - Filling up the DagBag from /opt/airflow/dags/groups/group_downloads.py
[2023-12-18T16:50:26.627+0000] {processor.py:768} WARNING - No viable dags retrieved from /opt/airflow/dags/groups/group_downloads.py
[2023-12-18T16:50:26.642+0000] {processor.py:176} INFO - Processing /opt/airflow/dags/groups/group_downloads.py took 0.023 seconds
[2023-12-18T16:50:56.951+0000] {processor.py:154} INFO - Started process (PID=774) to work on /opt/airflow/dags/groups/group_downloads.py
[2023-12-18T16:50:56.952+0000] {processor.py:756} INFO - Processing file /opt/airflow/dags/groups/group_downloads.py for tasks to queue
[2023-12-18T16:50:56.953+0000] {logging_mixin.py:120} INFO - [2023-12-18T16:50:56.952+0000] {dagbag.py:537} INFO - Filling up the DagBag from /opt/airflow/dags/groups/group_downloads.py
[2023-12-18T16:50:56.957+0000] {processor.py:768} WARNING - No viable dags retrieved from /opt/airflow/dags/groups/group_downloads.py
[2023-12-18T16:50:56.968+0000] {processor.py:176} INFO - Processing /opt/airflow/dags/groups/group_downloads.py took 0.019 seconds
[2023-12-18T16:51:27.818+0000] {processor.py:154} INFO - Started process (PID=814) to work on /opt/airflow/dags/groups/group_downloads.py
[2023-12-18T16:51:27.819+0000] {processor.py:756} INFO - Processing file /opt/airflow/dags/groups/group_downloads.py for tasks to queue
[2023-12-18T16:51:27.819+0000] {logging_mixin.py:120} INFO - [2023-12-18T16:51:27.819+0000] {dagbag.py:537} INFO - Filling up the DagBag from /opt/airflow/dags/groups/group_downloads.py
[2023-12-18T16:51:27.824+0000] {processor.py:768} WARNING - No viable dags retrieved from /opt/airflow/dags/groups/group_downloads.py
[2023-12-18T16:51:27.838+0000] {processor.py:176} INFO - Processing /opt/airflow/dags/groups/group_downloads.py took 0.024 seconds
[2023-12-18T16:51:57.924+0000] {processor.py:154} INFO - Started process (PID=854) to work on /opt/airflow/dags/groups/group_downloads.py
[2023-12-18T16:51:57.927+0000] {processor.py:756} INFO - Processing file /opt/airflow/dags/groups/group_downloads.py for tasks to queue
[2023-12-18T16:51:57.928+0000] {logging_mixin.py:120} INFO - [2023-12-18T16:51:57.928+0000] {dagbag.py:537} INFO - Filling up the DagBag from /opt/airflow/dags/groups/group_downloads.py
[2023-12-18T16:51:57.939+0000] {processor.py:768} WARNING - No viable dags retrieved from /opt/airflow/dags/groups/group_downloads.py
[2023-12-18T16:51:58.007+0000] {processor.py:176} INFO - Processing /opt/airflow/dags/groups/group_downloads.py took 0.098 seconds
[2023-12-18T16:52:28.108+0000] {processor.py:154} INFO - Started process (PID=887) to work on /opt/airflow/dags/groups/group_downloads.py
[2023-12-18T16:52:28.108+0000] {processor.py:756} INFO - Processing file /opt/airflow/dags/groups/group_downloads.py for tasks to queue
[2023-12-18T16:52:28.109+0000] {logging_mixin.py:120} INFO - [2023-12-18T16:52:28.108+0000] {dagbag.py:537} INFO - Filling up the DagBag from /opt/airflow/dags/groups/group_downloads.py
[2023-12-18T16:52:28.112+0000] {processor.py:768} WARNING - No viable dags retrieved from /opt/airflow/dags/groups/group_downloads.py
[2023-12-18T16:52:28.123+0000] {processor.py:176} INFO - Processing /opt/airflow/dags/groups/group_downloads.py took 0.018 seconds
[2023-12-18T16:52:58.618+0000] {processor.py:154} INFO - Started process (PID=922) to work on /opt/airflow/dags/groups/group_downloads.py
[2023-12-18T16:52:58.619+0000] {processor.py:756} INFO - Processing file /opt/airflow/dags/groups/group_downloads.py for tasks to queue
[2023-12-18T16:52:58.620+0000] {logging_mixin.py:120} INFO - [2023-12-18T16:52:58.620+0000] {dagbag.py:537} INFO - Filling up the DagBag from /opt/airflow/dags/groups/group_downloads.py
[2023-12-18T16:52:58.626+0000] {processor.py:768} WARNING - No viable dags retrieved from /opt/airflow/dags/groups/group_downloads.py
[2023-12-18T16:52:58.640+0000] {processor.py:176} INFO - Processing /opt/airflow/dags/groups/group_downloads.py took 0.025 seconds
[2023-12-18T16:53:28.699+0000] {processor.py:154} INFO - Started process (PID=965) to work on /opt/airflow/dags/groups/group_downloads.py
[2023-12-18T16:53:28.700+0000] {processor.py:756} INFO - Processing file /opt/airflow/dags/groups/group_downloads.py for tasks to queue
[2023-12-18T16:53:28.701+0000] {logging_mixin.py:120} INFO - [2023-12-18T16:53:28.701+0000] {dagbag.py:537} INFO - Filling up the DagBag from /opt/airflow/dags/groups/group_downloads.py
[2023-12-18T16:53:28.706+0000] {processor.py:768} WARNING - No viable dags retrieved from /opt/airflow/dags/groups/group_downloads.py
[2023-12-18T16:53:28.722+0000] {processor.py:176} INFO - Processing /opt/airflow/dags/groups/group_downloads.py took 0.026 seconds
[2023-12-18T16:53:58.902+0000] {processor.py:154} INFO - Started process (PID=1008) to work on /opt/airflow/dags/groups/group_downloads.py
[2023-12-18T16:53:58.903+0000] {processor.py:756} INFO - Processing file /opt/airflow/dags/groups/group_downloads.py for tasks to queue
[2023-12-18T16:53:58.903+0000] {logging_mixin.py:120} INFO - [2023-12-18T16:53:58.903+0000] {dagbag.py:537} INFO - Filling up the DagBag from /opt/airflow/dags/groups/group_downloads.py
[2023-12-18T16:53:58.907+0000] {processor.py:768} WARNING - No viable dags retrieved from /opt/airflow/dags/groups/group_downloads.py
[2023-12-18T16:53:58.918+0000] {processor.py:176} INFO - Processing /opt/airflow/dags/groups/group_downloads.py took 0.018 seconds
[2023-12-18T16:54:29.096+0000] {processor.py:154} INFO - Started process (PID=1042) to work on /opt/airflow/dags/groups/group_downloads.py
[2023-12-18T16:54:29.097+0000] {processor.py:756} INFO - Processing file /opt/airflow/dags/groups/group_downloads.py for tasks to queue
[2023-12-18T16:54:29.098+0000] {logging_mixin.py:120} INFO - [2023-12-18T16:54:29.097+0000] {dagbag.py:537} INFO - Filling up the DagBag from /opt/airflow/dags/groups/group_downloads.py
[2023-12-18T16:54:29.103+0000] {processor.py:768} WARNING - No viable dags retrieved from /opt/airflow/dags/groups/group_downloads.py
[2023-12-18T16:54:29.118+0000] {processor.py:176} INFO - Processing /opt/airflow/dags/groups/group_downloads.py took 0.025 seconds
[2023-12-18T16:54:59.170+0000] {processor.py:154} INFO - Started process (PID=1084) to work on /opt/airflow/dags/groups/group_downloads.py
[2023-12-18T16:54:59.171+0000] {processor.py:756} INFO - Processing file /opt/airflow/dags/groups/group_downloads.py for tasks to queue
[2023-12-18T16:54:59.172+0000] {logging_mixin.py:120} INFO - [2023-12-18T16:54:59.171+0000] {dagbag.py:537} INFO - Filling up the DagBag from /opt/airflow/dags/groups/group_downloads.py
[2023-12-18T16:54:59.177+0000] {processor.py:768} WARNING - No viable dags retrieved from /opt/airflow/dags/groups/group_downloads.py
[2023-12-18T16:54:59.191+0000] {processor.py:176} INFO - Processing /opt/airflow/dags/groups/group_downloads.py took 0.024 seconds
[2023-12-18T16:55:29.495+0000] {processor.py:154} INFO - Started process (PID=1125) to work on /opt/airflow/dags/groups/group_downloads.py
[2023-12-18T16:55:29.499+0000] {processor.py:756} INFO - Processing file /opt/airflow/dags/groups/group_downloads.py for tasks to queue
[2023-12-18T16:55:29.499+0000] {logging_mixin.py:120} INFO - [2023-12-18T16:55:29.499+0000] {dagbag.py:537} INFO - Filling up the DagBag from /opt/airflow/dags/groups/group_downloads.py
[2023-12-18T16:55:29.509+0000] {processor.py:768} WARNING - No viable dags retrieved from /opt/airflow/dags/groups/group_downloads.py
[2023-12-18T16:55:29.542+0000] {processor.py:176} INFO - Processing /opt/airflow/dags/groups/group_downloads.py took 0.067 seconds
[2023-12-18T16:55:59.773+0000] {processor.py:154} INFO - Started process (PID=1156) to work on /opt/airflow/dags/groups/group_downloads.py
[2023-12-18T16:55:59.774+0000] {processor.py:756} INFO - Processing file /opt/airflow/dags/groups/group_downloads.py for tasks to queue
[2023-12-18T16:55:59.774+0000] {logging_mixin.py:120} INFO - [2023-12-18T16:55:59.774+0000] {dagbag.py:537} INFO - Filling up the DagBag from /opt/airflow/dags/groups/group_downloads.py
[2023-12-18T16:55:59.778+0000] {processor.py:768} WARNING - No viable dags retrieved from /opt/airflow/dags/groups/group_downloads.py
[2023-12-18T16:55:59.788+0000] {processor.py:176} INFO - Processing /opt/airflow/dags/groups/group_downloads.py took 0.018 seconds
[2023-12-18T16:56:30.069+0000] {processor.py:154} INFO - Started process (PID=1200) to work on /opt/airflow/dags/groups/group_downloads.py
[2023-12-18T16:56:30.079+0000] {processor.py:756} INFO - Processing file /opt/airflow/dags/groups/group_downloads.py for tasks to queue
[2023-12-18T16:56:30.080+0000] {logging_mixin.py:120} INFO - [2023-12-18T16:56:30.080+0000] {dagbag.py:537} INFO - Filling up the DagBag from /opt/airflow/dags/groups/group_downloads.py
[2023-12-18T16:56:30.084+0000] {processor.py:768} WARNING - No viable dags retrieved from /opt/airflow/dags/groups/group_downloads.py
[2023-12-18T16:56:30.143+0000] {processor.py:176} INFO - Processing /opt/airflow/dags/groups/group_downloads.py took 0.080 seconds
[2023-12-18T16:57:00.369+0000] {processor.py:154} INFO - Started process (PID=1234) to work on /opt/airflow/dags/groups/group_downloads.py
[2023-12-18T16:57:00.383+0000] {processor.py:756} INFO - Processing file /opt/airflow/dags/groups/group_downloads.py for tasks to queue
[2023-12-18T16:57:00.384+0000] {logging_mixin.py:120} INFO - [2023-12-18T16:57:00.384+0000] {dagbag.py:537} INFO - Filling up the DagBag from /opt/airflow/dags/groups/group_downloads.py
[2023-12-18T16:57:00.397+0000] {processor.py:768} WARNING - No viable dags retrieved from /opt/airflow/dags/groups/group_downloads.py
[2023-12-18T16:57:00.422+0000] {processor.py:176} INFO - Processing /opt/airflow/dags/groups/group_downloads.py took 0.056 seconds
[2023-12-18T16:57:31.136+0000] {processor.py:154} INFO - Started process (PID=1277) to work on /opt/airflow/dags/groups/group_downloads.py
[2023-12-18T16:57:31.137+0000] {processor.py:756} INFO - Processing file /opt/airflow/dags/groups/group_downloads.py for tasks to queue
[2023-12-18T16:57:31.138+0000] {logging_mixin.py:120} INFO - [2023-12-18T16:57:31.138+0000] {dagbag.py:537} INFO - Filling up the DagBag from /opt/airflow/dags/groups/group_downloads.py
[2023-12-18T16:57:31.143+0000] {processor.py:768} WARNING - No viable dags retrieved from /opt/airflow/dags/groups/group_downloads.py
[2023-12-18T16:57:31.158+0000] {processor.py:176} INFO - Processing /opt/airflow/dags/groups/group_downloads.py took 0.025 seconds
[2023-12-18T16:58:01.200+0000] {processor.py:154} INFO - Started process (PID=1318) to work on /opt/airflow/dags/groups/group_downloads.py
[2023-12-18T16:58:01.201+0000] {processor.py:756} INFO - Processing file /opt/airflow/dags/groups/group_downloads.py for tasks to queue
[2023-12-18T16:58:01.201+0000] {logging_mixin.py:120} INFO - [2023-12-18T16:58:01.201+0000] {dagbag.py:537} INFO - Filling up the DagBag from /opt/airflow/dags/groups/group_downloads.py
[2023-12-18T16:58:01.205+0000] {processor.py:768} WARNING - No viable dags retrieved from /opt/airflow/dags/groups/group_downloads.py
[2023-12-18T16:58:01.216+0000] {processor.py:176} INFO - Processing /opt/airflow/dags/groups/group_downloads.py took 0.018 seconds
[2023-12-18T16:58:31.316+0000] {processor.py:154} INFO - Started process (PID=1349) to work on /opt/airflow/dags/groups/group_downloads.py
[2023-12-18T16:58:31.317+0000] {processor.py:756} INFO - Processing file /opt/airflow/dags/groups/group_downloads.py for tasks to queue
[2023-12-18T16:58:31.318+0000] {logging_mixin.py:120} INFO - [2023-12-18T16:58:31.318+0000] {dagbag.py:537} INFO - Filling up the DagBag from /opt/airflow/dags/groups/group_downloads.py
[2023-12-18T16:58:31.324+0000] {processor.py:768} WARNING - No viable dags retrieved from /opt/airflow/dags/groups/group_downloads.py
[2023-12-18T16:58:31.337+0000] {processor.py:176} INFO - Processing /opt/airflow/dags/groups/group_downloads.py took 0.024 seconds
[2023-12-18T16:59:02.058+0000] {processor.py:154} INFO - Started process (PID=1392) to work on /opt/airflow/dags/groups/group_downloads.py
[2023-12-18T16:59:02.061+0000] {processor.py:756} INFO - Processing file /opt/airflow/dags/groups/group_downloads.py for tasks to queue
[2023-12-18T16:59:02.061+0000] {logging_mixin.py:120} INFO - [2023-12-18T16:59:02.061+0000] {dagbag.py:537} INFO - Filling up the DagBag from /opt/airflow/dags/groups/group_downloads.py
[2023-12-18T16:59:02.088+0000] {processor.py:768} WARNING - No viable dags retrieved from /opt/airflow/dags/groups/group_downloads.py
[2023-12-18T16:59:02.152+0000] {processor.py:176} INFO - Processing /opt/airflow/dags/groups/group_downloads.py took 0.110 seconds
[2023-12-18T16:59:32.608+0000] {processor.py:154} INFO - Started process (PID=1425) to work on /opt/airflow/dags/groups/group_downloads.py
[2023-12-18T16:59:32.609+0000] {processor.py:756} INFO - Processing file /opt/airflow/dags/groups/group_downloads.py for tasks to queue
[2023-12-18T16:59:32.610+0000] {logging_mixin.py:120} INFO - [2023-12-18T16:59:32.610+0000] {dagbag.py:537} INFO - Filling up the DagBag from /opt/airflow/dags/groups/group_downloads.py
[2023-12-18T16:59:32.616+0000] {processor.py:768} WARNING - No viable dags retrieved from /opt/airflow/dags/groups/group_downloads.py
[2023-12-18T16:59:32.628+0000] {processor.py:176} INFO - Processing /opt/airflow/dags/groups/group_downloads.py took 0.023 seconds
[2023-12-18T17:00:03.337+0000] {processor.py:154} INFO - Started process (PID=1470) to work on /opt/airflow/dags/groups/group_downloads.py
[2023-12-18T17:00:03.346+0000] {processor.py:756} INFO - Processing file /opt/airflow/dags/groups/group_downloads.py for tasks to queue
[2023-12-18T17:00:03.347+0000] {logging_mixin.py:120} INFO - [2023-12-18T17:00:03.347+0000] {dagbag.py:537} INFO - Filling up the DagBag from /opt/airflow/dags/groups/group_downloads.py
[2023-12-18T17:00:03.366+0000] {processor.py:768} WARNING - No viable dags retrieved from /opt/airflow/dags/groups/group_downloads.py
[2023-12-18T17:00:03.394+0000] {processor.py:176} INFO - Processing /opt/airflow/dags/groups/group_downloads.py took 0.064 seconds
[2023-12-18T17:00:33.476+0000] {processor.py:154} INFO - Started process (PID=1513) to work on /opt/airflow/dags/groups/group_downloads.py
[2023-12-18T17:00:33.477+0000] {processor.py:756} INFO - Processing file /opt/airflow/dags/groups/group_downloads.py for tasks to queue
[2023-12-18T17:00:33.477+0000] {logging_mixin.py:120} INFO - [2023-12-18T17:00:33.477+0000] {dagbag.py:537} INFO - Filling up the DagBag from /opt/airflow/dags/groups/group_downloads.py
[2023-12-18T17:00:33.483+0000] {processor.py:768} WARNING - No viable dags retrieved from /opt/airflow/dags/groups/group_downloads.py
[2023-12-18T17:00:33.497+0000] {processor.py:176} INFO - Processing /opt/airflow/dags/groups/group_downloads.py took 0.027 seconds
[2023-12-18T17:01:03.648+0000] {processor.py:154} INFO - Started process (PID=1554) to work on /opt/airflow/dags/groups/group_downloads.py
[2023-12-18T17:01:03.650+0000] {processor.py:756} INFO - Processing file /opt/airflow/dags/groups/group_downloads.py for tasks to queue
[2023-12-18T17:01:03.651+0000] {logging_mixin.py:120} INFO - [2023-12-18T17:01:03.651+0000] {dagbag.py:537} INFO - Filling up the DagBag from /opt/airflow/dags/groups/group_downloads.py
[2023-12-18T17:01:03.656+0000] {processor.py:768} WARNING - No viable dags retrieved from /opt/airflow/dags/groups/group_downloads.py
[2023-12-18T17:01:03.692+0000] {processor.py:176} INFO - Processing /opt/airflow/dags/groups/group_downloads.py took 0.060 seconds
[2023-12-18T17:01:34.401+0000] {processor.py:154} INFO - Started process (PID=1589) to work on /opt/airflow/dags/groups/group_downloads.py
[2023-12-18T17:01:34.411+0000] {processor.py:756} INFO - Processing file /opt/airflow/dags/groups/group_downloads.py for tasks to queue
[2023-12-18T17:01:34.411+0000] {logging_mixin.py:120} INFO - [2023-12-18T17:01:34.411+0000] {dagbag.py:537} INFO - Filling up the DagBag from /opt/airflow/dags/groups/group_downloads.py
[2023-12-18T17:01:34.416+0000] {processor.py:768} WARNING - No viable dags retrieved from /opt/airflow/dags/groups/group_downloads.py
[2023-12-18T17:01:34.433+0000] {processor.py:176} INFO - Processing /opt/airflow/dags/groups/group_downloads.py took 0.036 seconds
[2023-12-18T17:02:04.628+0000] {processor.py:154} INFO - Started process (PID=1632) to work on /opt/airflow/dags/groups/group_downloads.py
[2023-12-18T17:02:04.629+0000] {processor.py:756} INFO - Processing file /opt/airflow/dags/groups/group_downloads.py for tasks to queue
[2023-12-18T17:02:04.631+0000] {logging_mixin.py:120} INFO - [2023-12-18T17:02:04.631+0000] {dagbag.py:537} INFO - Filling up the DagBag from /opt/airflow/dags/groups/group_downloads.py
[2023-12-18T17:02:04.636+0000] {processor.py:768} WARNING - No viable dags retrieved from /opt/airflow/dags/groups/group_downloads.py
[2023-12-18T17:02:04.649+0000] {processor.py:176} INFO - Processing /opt/airflow/dags/groups/group_downloads.py took 0.024 seconds
[2023-12-18T17:02:34.904+0000] {processor.py:154} INFO - Started process (PID=1667) to work on /opt/airflow/dags/groups/group_downloads.py
[2023-12-18T17:02:34.906+0000] {processor.py:756} INFO - Processing file /opt/airflow/dags/groups/group_downloads.py for tasks to queue
[2023-12-18T17:02:34.907+0000] {logging_mixin.py:120} INFO - [2023-12-18T17:02:34.907+0000] {dagbag.py:537} INFO - Filling up the DagBag from /opt/airflow/dags/groups/group_downloads.py
[2023-12-18T17:02:34.912+0000] {processor.py:768} WARNING - No viable dags retrieved from /opt/airflow/dags/groups/group_downloads.py
[2023-12-18T17:02:34.927+0000] {processor.py:176} INFO - Processing /opt/airflow/dags/groups/group_downloads.py took 0.026 seconds
[2023-12-18T17:03:05.485+0000] {processor.py:154} INFO - Started process (PID=1710) to work on /opt/airflow/dags/groups/group_downloads.py
[2023-12-18T17:03:05.486+0000] {processor.py:756} INFO - Processing file /opt/airflow/dags/groups/group_downloads.py for tasks to queue
[2023-12-18T17:03:05.487+0000] {logging_mixin.py:120} INFO - [2023-12-18T17:03:05.486+0000] {dagbag.py:537} INFO - Filling up the DagBag from /opt/airflow/dags/groups/group_downloads.py
[2023-12-18T17:03:05.492+0000] {processor.py:768} WARNING - No viable dags retrieved from /opt/airflow/dags/groups/group_downloads.py
[2023-12-18T17:03:05.505+0000] {processor.py:176} INFO - Processing /opt/airflow/dags/groups/group_downloads.py took 0.024 seconds
[2023-12-18T17:03:36.104+0000] {processor.py:154} INFO - Started process (PID=1753) to work on /opt/airflow/dags/groups/group_downloads.py
[2023-12-18T17:03:36.105+0000] {processor.py:756} INFO - Processing file /opt/airflow/dags/groups/group_downloads.py for tasks to queue
[2023-12-18T17:03:36.107+0000] {logging_mixin.py:120} INFO - [2023-12-18T17:03:36.106+0000] {dagbag.py:537} INFO - Filling up the DagBag from /opt/airflow/dags/groups/group_downloads.py
[2023-12-18T17:03:36.111+0000] {processor.py:768} WARNING - No viable dags retrieved from /opt/airflow/dags/groups/group_downloads.py
[2023-12-18T17:03:36.139+0000] {processor.py:176} INFO - Processing /opt/airflow/dags/groups/group_downloads.py took 0.039 seconds
[2023-12-18T17:04:06.737+0000] {processor.py:154} INFO - Started process (PID=1787) to work on /opt/airflow/dags/groups/group_downloads.py
[2023-12-18T17:04:06.741+0000] {processor.py:756} INFO - Processing file /opt/airflow/dags/groups/group_downloads.py for tasks to queue
[2023-12-18T17:04:06.741+0000] {logging_mixin.py:120} INFO - [2023-12-18T17:04:06.741+0000] {dagbag.py:537} INFO - Filling up the DagBag from /opt/airflow/dags/groups/group_downloads.py
[2023-12-18T17:04:06.750+0000] {processor.py:768} WARNING - No viable dags retrieved from /opt/airflow/dags/groups/group_downloads.py
[2023-12-18T17:04:06.786+0000] {processor.py:176} INFO - Processing /opt/airflow/dags/groups/group_downloads.py took 0.056 seconds
[2023-12-18T17:04:36.889+0000] {processor.py:154} INFO - Started process (PID=1829) to work on /opt/airflow/dags/groups/group_downloads.py
[2023-12-18T17:04:36.890+0000] {processor.py:756} INFO - Processing file /opt/airflow/dags/groups/group_downloads.py for tasks to queue
[2023-12-18T17:04:36.891+0000] {logging_mixin.py:120} INFO - [2023-12-18T17:04:36.891+0000] {dagbag.py:537} INFO - Filling up the DagBag from /opt/airflow/dags/groups/group_downloads.py
[2023-12-18T17:04:36.896+0000] {processor.py:768} WARNING - No viable dags retrieved from /opt/airflow/dags/groups/group_downloads.py
[2023-12-18T17:04:36.909+0000] {processor.py:176} INFO - Processing /opt/airflow/dags/groups/group_downloads.py took 0.023 seconds
[2023-12-18T17:05:07.082+0000] {processor.py:154} INFO - Started process (PID=1862) to work on /opt/airflow/dags/groups/group_downloads.py
[2023-12-18T17:05:07.083+0000] {processor.py:756} INFO - Processing file /opt/airflow/dags/groups/group_downloads.py for tasks to queue
[2023-12-18T17:05:07.084+0000] {logging_mixin.py:120} INFO - [2023-12-18T17:05:07.084+0000] {dagbag.py:537} INFO - Filling up the DagBag from /opt/airflow/dags/groups/group_downloads.py
[2023-12-18T17:05:07.088+0000] {processor.py:768} WARNING - No viable dags retrieved from /opt/airflow/dags/groups/group_downloads.py
[2023-12-18T17:05:07.106+0000] {processor.py:176} INFO - Processing /opt/airflow/dags/groups/group_downloads.py took 0.036 seconds
[2023-12-18T17:05:37.509+0000] {processor.py:154} INFO - Started process (PID=1905) to work on /opt/airflow/dags/groups/group_downloads.py
[2023-12-18T17:05:37.515+0000] {processor.py:756} INFO - Processing file /opt/airflow/dags/groups/group_downloads.py for tasks to queue
[2023-12-18T17:05:37.516+0000] {logging_mixin.py:120} INFO - [2023-12-18T17:05:37.516+0000] {dagbag.py:537} INFO - Filling up the DagBag from /opt/airflow/dags/groups/group_downloads.py
[2023-12-18T17:05:37.523+0000] {processor.py:768} WARNING - No viable dags retrieved from /opt/airflow/dags/groups/group_downloads.py
[2023-12-18T17:05:37.559+0000] {processor.py:176} INFO - Processing /opt/airflow/dags/groups/group_downloads.py took 0.053 seconds
[2023-12-18T17:06:08.488+0000] {processor.py:154} INFO - Started process (PID=1949) to work on /opt/airflow/dags/groups/group_downloads.py
[2023-12-18T17:06:08.496+0000] {processor.py:756} INFO - Processing file /opt/airflow/dags/groups/group_downloads.py for tasks to queue
[2023-12-18T17:06:08.497+0000] {logging_mixin.py:120} INFO - [2023-12-18T17:06:08.497+0000] {dagbag.py:537} INFO - Filling up the DagBag from /opt/airflow/dags/groups/group_downloads.py
[2023-12-18T17:06:08.508+0000] {processor.py:768} WARNING - No viable dags retrieved from /opt/airflow/dags/groups/group_downloads.py
[2023-12-18T17:06:08.584+0000] {processor.py:176} INFO - Processing /opt/airflow/dags/groups/group_downloads.py took 0.114 seconds
[2023-12-18T17:06:38.875+0000] {processor.py:154} INFO - Started process (PID=1983) to work on /opt/airflow/dags/groups/group_downloads.py
[2023-12-18T17:06:38.875+0000] {processor.py:756} INFO - Processing file /opt/airflow/dags/groups/group_downloads.py for tasks to queue
[2023-12-18T17:06:38.876+0000] {logging_mixin.py:120} INFO - [2023-12-18T17:06:38.876+0000] {dagbag.py:537} INFO - Filling up the DagBag from /opt/airflow/dags/groups/group_downloads.py
[2023-12-18T17:06:38.882+0000] {processor.py:768} WARNING - No viable dags retrieved from /opt/airflow/dags/groups/group_downloads.py
[2023-12-18T17:06:38.895+0000] {processor.py:176} INFO - Processing /opt/airflow/dags/groups/group_downloads.py took 0.024 seconds
[2023-12-18T17:07:09.516+0000] {processor.py:154} INFO - Started process (PID=2026) to work on /opt/airflow/dags/groups/group_downloads.py
[2023-12-18T17:07:09.516+0000] {processor.py:756} INFO - Processing file /opt/airflow/dags/groups/group_downloads.py for tasks to queue
[2023-12-18T17:07:09.522+0000] {logging_mixin.py:120} INFO - [2023-12-18T17:07:09.522+0000] {dagbag.py:537} INFO - Filling up the DagBag from /opt/airflow/dags/groups/group_downloads.py
[2023-12-18T17:07:09.540+0000] {processor.py:768} WARNING - No viable dags retrieved from /opt/airflow/dags/groups/group_downloads.py
[2023-12-18T17:07:09.563+0000] {processor.py:176} INFO - Processing /opt/airflow/dags/groups/group_downloads.py took 0.052 seconds
[2023-12-18T17:07:39.708+0000] {processor.py:154} INFO - Started process (PID=2069) to work on /opt/airflow/dags/groups/group_downloads.py
[2023-12-18T17:07:39.712+0000] {processor.py:756} INFO - Processing file /opt/airflow/dags/groups/group_downloads.py for tasks to queue
[2023-12-18T17:07:39.712+0000] {logging_mixin.py:120} INFO - [2023-12-18T17:07:39.712+0000] {dagbag.py:537} INFO - Filling up the DagBag from /opt/airflow/dags/groups/group_downloads.py
[2023-12-18T17:07:39.719+0000] {processor.py:768} WARNING - No viable dags retrieved from /opt/airflow/dags/groups/group_downloads.py
[2023-12-18T17:07:39.759+0000] {processor.py:176} INFO - Processing /opt/airflow/dags/groups/group_downloads.py took 0.065 seconds
[2023-12-18T17:08:10.036+0000] {processor.py:154} INFO - Started process (PID=2104) to work on /opt/airflow/dags/groups/group_downloads.py
[2023-12-18T17:08:10.041+0000] {processor.py:756} INFO - Processing file /opt/airflow/dags/groups/group_downloads.py for tasks to queue
[2023-12-18T17:08:10.042+0000] {logging_mixin.py:120} INFO - [2023-12-18T17:08:10.042+0000] {dagbag.py:537} INFO - Filling up the DagBag from /opt/airflow/dags/groups/group_downloads.py
[2023-12-18T17:08:10.051+0000] {processor.py:768} WARNING - No viable dags retrieved from /opt/airflow/dags/groups/group_downloads.py
[2023-12-18T17:08:10.086+0000] {processor.py:176} INFO - Processing /opt/airflow/dags/groups/group_downloads.py took 0.053 seconds
[2023-12-18T17:08:40.462+0000] {processor.py:154} INFO - Started process (PID=2147) to work on /opt/airflow/dags/groups/group_downloads.py
[2023-12-18T17:08:40.463+0000] {processor.py:756} INFO - Processing file /opt/airflow/dags/groups/group_downloads.py for tasks to queue
[2023-12-18T17:08:40.464+0000] {logging_mixin.py:120} INFO - [2023-12-18T17:08:40.464+0000] {dagbag.py:537} INFO - Filling up the DagBag from /opt/airflow/dags/groups/group_downloads.py
[2023-12-18T17:08:40.469+0000] {processor.py:768} WARNING - No viable dags retrieved from /opt/airflow/dags/groups/group_downloads.py
[2023-12-18T17:08:40.484+0000] {processor.py:176} INFO - Processing /opt/airflow/dags/groups/group_downloads.py took 0.025 seconds
[2023-12-18T17:09:10.760+0000] {processor.py:154} INFO - Started process (PID=2187) to work on /opt/airflow/dags/groups/group_downloads.py
[2023-12-18T17:09:10.761+0000] {processor.py:756} INFO - Processing file /opt/airflow/dags/groups/group_downloads.py for tasks to queue
[2023-12-18T17:09:10.762+0000] {logging_mixin.py:120} INFO - [2023-12-18T17:09:10.761+0000] {dagbag.py:537} INFO - Filling up the DagBag from /opt/airflow/dags/groups/group_downloads.py
[2023-12-18T17:09:10.767+0000] {processor.py:768} WARNING - No viable dags retrieved from /opt/airflow/dags/groups/group_downloads.py
[2023-12-18T17:09:10.781+0000] {processor.py:176} INFO - Processing /opt/airflow/dags/groups/group_downloads.py took 0.024 seconds
[2023-12-18T17:09:40.880+0000] {processor.py:154} INFO - Started process (PID=2219) to work on /opt/airflow/dags/groups/group_downloads.py
[2023-12-18T17:09:40.881+0000] {processor.py:756} INFO - Processing file /opt/airflow/dags/groups/group_downloads.py for tasks to queue
[2023-12-18T17:09:40.881+0000] {logging_mixin.py:120} INFO - [2023-12-18T17:09:40.881+0000] {dagbag.py:537} INFO - Filling up the DagBag from /opt/airflow/dags/groups/group_downloads.py
[2023-12-18T17:09:40.886+0000] {processor.py:768} WARNING - No viable dags retrieved from /opt/airflow/dags/groups/group_downloads.py
[2023-12-18T17:09:40.901+0000] {processor.py:176} INFO - Processing /opt/airflow/dags/groups/group_downloads.py took 0.025 seconds
[2023-12-18T17:10:10.958+0000] {processor.py:154} INFO - Started process (PID=2260) to work on /opt/airflow/dags/groups/group_downloads.py
[2023-12-18T17:10:10.959+0000] {processor.py:756} INFO - Processing file /opt/airflow/dags/groups/group_downloads.py for tasks to queue
[2023-12-18T17:10:10.960+0000] {logging_mixin.py:120} INFO - [2023-12-18T17:10:10.959+0000] {dagbag.py:537} INFO - Filling up the DagBag from /opt/airflow/dags/groups/group_downloads.py
[2023-12-18T17:10:10.964+0000] {processor.py:768} WARNING - No viable dags retrieved from /opt/airflow/dags/groups/group_downloads.py
[2023-12-18T17:10:10.974+0000] {processor.py:176} INFO - Processing /opt/airflow/dags/groups/group_downloads.py took 0.019 seconds
[2023-12-18T17:44:55.048+0000] {processor.py:154} INFO - Started process (PID=53) to work on /opt/airflow/dags/groups/group_downloads.py
[2023-12-18T17:44:55.059+0000] {processor.py:756} INFO - Processing file /opt/airflow/dags/groups/group_downloads.py for tasks to queue
[2023-12-18T17:44:55.060+0000] {logging_mixin.py:120} INFO - [2023-12-18T17:44:55.060+0000] {dagbag.py:537} INFO - Filling up the DagBag from /opt/airflow/dags/groups/group_downloads.py
[2023-12-18T17:44:55.075+0000] {processor.py:768} WARNING - No viable dags retrieved from /opt/airflow/dags/groups/group_downloads.py
[2023-12-18T17:44:55.095+0000] {processor.py:176} INFO - Processing /opt/airflow/dags/groups/group_downloads.py took 0.058 seconds
[2023-12-18T17:45:25.583+0000] {processor.py:154} INFO - Started process (PID=82) to work on /opt/airflow/dags/groups/group_downloads.py
[2023-12-18T17:45:25.584+0000] {processor.py:756} INFO - Processing file /opt/airflow/dags/groups/group_downloads.py for tasks to queue
[2023-12-18T17:45:25.585+0000] {logging_mixin.py:120} INFO - [2023-12-18T17:45:25.584+0000] {dagbag.py:537} INFO - Filling up the DagBag from /opt/airflow/dags/groups/group_downloads.py
[2023-12-18T17:45:25.593+0000] {processor.py:768} WARNING - No viable dags retrieved from /opt/airflow/dags/groups/group_downloads.py
[2023-12-18T17:45:25.629+0000] {processor.py:176} INFO - Processing /opt/airflow/dags/groups/group_downloads.py took 0.071 seconds
[2023-12-18T17:45:56.023+0000] {processor.py:154} INFO - Started process (PID=115) to work on /opt/airflow/dags/groups/group_downloads.py
[2023-12-18T17:45:56.027+0000] {processor.py:756} INFO - Processing file /opt/airflow/dags/groups/group_downloads.py for tasks to queue
[2023-12-18T17:45:56.027+0000] {logging_mixin.py:120} INFO - [2023-12-18T17:45:56.027+0000] {dagbag.py:537} INFO - Filling up the DagBag from /opt/airflow/dags/groups/group_downloads.py
[2023-12-18T17:45:56.033+0000] {processor.py:768} WARNING - No viable dags retrieved from /opt/airflow/dags/groups/group_downloads.py
[2023-12-18T17:45:56.054+0000] {processor.py:176} INFO - Processing /opt/airflow/dags/groups/group_downloads.py took 0.034 seconds
[2023-12-18T17:46:27.775+0000] {processor.py:154} INFO - Started process (PID=157) to work on /opt/airflow/dags/groups/group_downloads.py
[2023-12-18T17:46:27.782+0000] {processor.py:756} INFO - Processing file /opt/airflow/dags/groups/group_downloads.py for tasks to queue
[2023-12-18T17:46:27.810+0000] {logging_mixin.py:120} INFO - [2023-12-18T17:46:27.809+0000] {dagbag.py:537} INFO - Filling up the DagBag from /opt/airflow/dags/groups/group_downloads.py
[2023-12-18T17:46:27.815+0000] {processor.py:768} WARNING - No viable dags retrieved from /opt/airflow/dags/groups/group_downloads.py
[2023-12-18T17:46:27.937+0000] {processor.py:176} INFO - Processing /opt/airflow/dags/groups/group_downloads.py took 0.193 seconds
[2023-12-18T17:46:58.956+0000] {processor.py:154} INFO - Started process (PID=190) to work on /opt/airflow/dags/groups/group_downloads.py
[2023-12-18T17:46:58.962+0000] {processor.py:756} INFO - Processing file /opt/airflow/dags/groups/group_downloads.py for tasks to queue
[2023-12-18T17:46:58.964+0000] {logging_mixin.py:120} INFO - [2023-12-18T17:46:58.963+0000] {dagbag.py:537} INFO - Filling up the DagBag from /opt/airflow/dags/groups/group_downloads.py
[2023-12-18T17:46:58.972+0000] {processor.py:768} WARNING - No viable dags retrieved from /opt/airflow/dags/groups/group_downloads.py
[2023-12-18T17:46:59.001+0000] {processor.py:176} INFO - Processing /opt/airflow/dags/groups/group_downloads.py took 0.052 seconds
[2023-12-18T17:47:29.694+0000] {processor.py:154} INFO - Started process (PID=223) to work on /opt/airflow/dags/groups/group_downloads.py
[2023-12-18T17:47:29.702+0000] {processor.py:756} INFO - Processing file /opt/airflow/dags/groups/group_downloads.py for tasks to queue
[2023-12-18T17:47:29.703+0000] {logging_mixin.py:120} INFO - [2023-12-18T17:47:29.703+0000] {dagbag.py:537} INFO - Filling up the DagBag from /opt/airflow/dags/groups/group_downloads.py
[2023-12-18T17:47:29.710+0000] {processor.py:768} WARNING - No viable dags retrieved from /opt/airflow/dags/groups/group_downloads.py
[2023-12-18T17:47:29.742+0000] {processor.py:176} INFO - Processing /opt/airflow/dags/groups/group_downloads.py took 0.052 seconds
[2023-12-18T17:48:00.307+0000] {processor.py:154} INFO - Started process (PID=265) to work on /opt/airflow/dags/groups/group_downloads.py
[2023-12-18T17:48:00.308+0000] {processor.py:756} INFO - Processing file /opt/airflow/dags/groups/group_downloads.py for tasks to queue
[2023-12-18T17:48:00.308+0000] {logging_mixin.py:120} INFO - [2023-12-18T17:48:00.308+0000] {dagbag.py:537} INFO - Filling up the DagBag from /opt/airflow/dags/groups/group_downloads.py
[2023-12-18T17:48:00.313+0000] {processor.py:768} WARNING - No viable dags retrieved from /opt/airflow/dags/groups/group_downloads.py
[2023-12-18T17:48:00.328+0000] {processor.py:176} INFO - Processing /opt/airflow/dags/groups/group_downloads.py took 0.024 seconds
[2023-12-18T17:48:31.079+0000] {processor.py:154} INFO - Started process (PID=307) to work on /opt/airflow/dags/groups/group_downloads.py
[2023-12-18T17:48:31.081+0000] {processor.py:756} INFO - Processing file /opt/airflow/dags/groups/group_downloads.py for tasks to queue
[2023-12-18T17:48:31.082+0000] {logging_mixin.py:120} INFO - [2023-12-18T17:48:31.082+0000] {dagbag.py:537} INFO - Filling up the DagBag from /opt/airflow/dags/groups/group_downloads.py
[2023-12-18T17:48:31.093+0000] {processor.py:768} WARNING - No viable dags retrieved from /opt/airflow/dags/groups/group_downloads.py
[2023-12-18T17:48:31.122+0000] {processor.py:176} INFO - Processing /opt/airflow/dags/groups/group_downloads.py took 0.052 seconds
[2023-12-18T17:49:01.217+0000] {processor.py:154} INFO - Started process (PID=340) to work on /opt/airflow/dags/groups/group_downloads.py
[2023-12-18T17:49:01.218+0000] {processor.py:756} INFO - Processing file /opt/airflow/dags/groups/group_downloads.py for tasks to queue
[2023-12-18T17:49:01.219+0000] {logging_mixin.py:120} INFO - [2023-12-18T17:49:01.219+0000] {dagbag.py:537} INFO - Filling up the DagBag from /opt/airflow/dags/groups/group_downloads.py
[2023-12-18T17:49:01.225+0000] {processor.py:768} WARNING - No viable dags retrieved from /opt/airflow/dags/groups/group_downloads.py
[2023-12-18T17:49:01.248+0000] {processor.py:176} INFO - Processing /opt/airflow/dags/groups/group_downloads.py took 0.034 seconds
[2023-12-18T17:49:31.394+0000] {processor.py:154} INFO - Started process (PID=382) to work on /opt/airflow/dags/groups/group_downloads.py
[2023-12-18T17:49:31.395+0000] {processor.py:756} INFO - Processing file /opt/airflow/dags/groups/group_downloads.py for tasks to queue
[2023-12-18T17:49:31.397+0000] {logging_mixin.py:120} INFO - [2023-12-18T17:49:31.397+0000] {dagbag.py:537} INFO - Filling up the DagBag from /opt/airflow/dags/groups/group_downloads.py
[2023-12-18T17:49:31.402+0000] {processor.py:768} WARNING - No viable dags retrieved from /opt/airflow/dags/groups/group_downloads.py
[2023-12-18T17:49:31.416+0000] {processor.py:176} INFO - Processing /opt/airflow/dags/groups/group_downloads.py took 0.025 seconds
[2023-12-18T17:50:01.639+0000] {processor.py:154} INFO - Started process (PID=424) to work on /opt/airflow/dags/groups/group_downloads.py
[2023-12-18T17:50:01.648+0000] {processor.py:756} INFO - Processing file /opt/airflow/dags/groups/group_downloads.py for tasks to queue
[2023-12-18T17:50:01.649+0000] {logging_mixin.py:120} INFO - [2023-12-18T17:50:01.648+0000] {dagbag.py:537} INFO - Filling up the DagBag from /opt/airflow/dags/groups/group_downloads.py
[2023-12-18T17:50:01.662+0000] {processor.py:768} WARNING - No viable dags retrieved from /opt/airflow/dags/groups/group_downloads.py
[2023-12-18T17:50:01.682+0000] {processor.py:176} INFO - Processing /opt/airflow/dags/groups/group_downloads.py took 0.046 seconds
[2023-12-18T17:50:32.452+0000] {processor.py:154} INFO - Started process (PID=458) to work on /opt/airflow/dags/groups/group_downloads.py
[2023-12-18T17:50:32.453+0000] {processor.py:756} INFO - Processing file /opt/airflow/dags/groups/group_downloads.py for tasks to queue
[2023-12-18T17:50:32.454+0000] {logging_mixin.py:120} INFO - [2023-12-18T17:50:32.454+0000] {dagbag.py:537} INFO - Filling up the DagBag from /opt/airflow/dags/groups/group_downloads.py
[2023-12-18T17:50:32.463+0000] {processor.py:768} WARNING - No viable dags retrieved from /opt/airflow/dags/groups/group_downloads.py
[2023-12-18T17:50:32.490+0000] {processor.py:176} INFO - Processing /opt/airflow/dags/groups/group_downloads.py took 0.048 seconds
[2023-12-18T17:51:02.880+0000] {processor.py:154} INFO - Started process (PID=500) to work on /opt/airflow/dags/groups/group_downloads.py
[2023-12-18T17:51:02.880+0000] {processor.py:756} INFO - Processing file /opt/airflow/dags/groups/group_downloads.py for tasks to queue
[2023-12-18T17:51:02.881+0000] {logging_mixin.py:120} INFO - [2023-12-18T17:51:02.881+0000] {dagbag.py:537} INFO - Filling up the DagBag from /opt/airflow/dags/groups/group_downloads.py
[2023-12-18T17:51:02.886+0000] {processor.py:768} WARNING - No viable dags retrieved from /opt/airflow/dags/groups/group_downloads.py
[2023-12-18T17:51:02.900+0000] {processor.py:176} INFO - Processing /opt/airflow/dags/groups/group_downloads.py took 0.024 seconds
[2023-12-18T17:51:33.101+0000] {processor.py:154} INFO - Started process (PID=542) to work on /opt/airflow/dags/groups/group_downloads.py
[2023-12-18T17:51:33.102+0000] {processor.py:756} INFO - Processing file /opt/airflow/dags/groups/group_downloads.py for tasks to queue
[2023-12-18T17:51:33.102+0000] {logging_mixin.py:120} INFO - [2023-12-18T17:51:33.102+0000] {dagbag.py:537} INFO - Filling up the DagBag from /opt/airflow/dags/groups/group_downloads.py
[2023-12-18T17:51:33.108+0000] {processor.py:768} WARNING - No viable dags retrieved from /opt/airflow/dags/groups/group_downloads.py
[2023-12-18T17:51:33.135+0000] {processor.py:176} INFO - Processing /opt/airflow/dags/groups/group_downloads.py took 0.037 seconds
[2023-12-18T17:52:03.184+0000] {processor.py:154} INFO - Started process (PID=574) to work on /opt/airflow/dags/groups/group_downloads.py
[2023-12-18T17:52:03.185+0000] {processor.py:756} INFO - Processing file /opt/airflow/dags/groups/group_downloads.py for tasks to queue
[2023-12-18T17:52:03.186+0000] {logging_mixin.py:120} INFO - [2023-12-18T17:52:03.186+0000] {dagbag.py:537} INFO - Filling up the DagBag from /opt/airflow/dags/groups/group_downloads.py
[2023-12-18T17:52:03.200+0000] {processor.py:768} WARNING - No viable dags retrieved from /opt/airflow/dags/groups/group_downloads.py
[2023-12-18T17:52:03.223+0000] {processor.py:176} INFO - Processing /opt/airflow/dags/groups/group_downloads.py took 0.043 seconds
[2023-12-18T17:52:33.636+0000] {processor.py:154} INFO - Started process (PID=618) to work on /opt/airflow/dags/groups/group_downloads.py
[2023-12-18T17:52:33.636+0000] {processor.py:756} INFO - Processing file /opt/airflow/dags/groups/group_downloads.py for tasks to queue
[2023-12-18T17:52:33.637+0000] {logging_mixin.py:120} INFO - [2023-12-18T17:52:33.637+0000] {dagbag.py:537} INFO - Filling up the DagBag from /opt/airflow/dags/groups/group_downloads.py
[2023-12-18T17:52:33.642+0000] {processor.py:768} WARNING - No viable dags retrieved from /opt/airflow/dags/groups/group_downloads.py
[2023-12-18T17:52:33.658+0000] {processor.py:176} INFO - Processing /opt/airflow/dags/groups/group_downloads.py took 0.026 seconds
[2023-12-18T17:53:04.418+0000] {processor.py:154} INFO - Started process (PID=661) to work on /opt/airflow/dags/groups/group_downloads.py
[2023-12-18T17:53:04.419+0000] {processor.py:756} INFO - Processing file /opt/airflow/dags/groups/group_downloads.py for tasks to queue
[2023-12-18T17:53:04.420+0000] {logging_mixin.py:120} INFO - [2023-12-18T17:53:04.420+0000] {dagbag.py:537} INFO - Filling up the DagBag from /opt/airflow/dags/groups/group_downloads.py
[2023-12-18T17:53:04.432+0000] {processor.py:768} WARNING - No viable dags retrieved from /opt/airflow/dags/groups/group_downloads.py
[2023-12-18T17:53:04.450+0000] {processor.py:176} INFO - Processing /opt/airflow/dags/groups/group_downloads.py took 0.045 seconds
[2023-12-18T17:53:35.407+0000] {processor.py:154} INFO - Started process (PID=693) to work on /opt/airflow/dags/groups/group_downloads.py
[2023-12-18T17:53:35.407+0000] {processor.py:756} INFO - Processing file /opt/airflow/dags/groups/group_downloads.py for tasks to queue
[2023-12-18T17:53:35.408+0000] {logging_mixin.py:120} INFO - [2023-12-18T17:53:35.408+0000] {dagbag.py:537} INFO - Filling up the DagBag from /opt/airflow/dags/groups/group_downloads.py
[2023-12-18T17:53:35.412+0000] {processor.py:768} WARNING - No viable dags retrieved from /opt/airflow/dags/groups/group_downloads.py
[2023-12-18T17:53:35.422+0000] {processor.py:176} INFO - Processing /opt/airflow/dags/groups/group_downloads.py took 0.017 seconds
[2023-12-18T17:54:06.223+0000] {processor.py:154} INFO - Started process (PID=737) to work on /opt/airflow/dags/groups/group_downloads.py
[2023-12-18T17:54:06.224+0000] {processor.py:756} INFO - Processing file /opt/airflow/dags/groups/group_downloads.py for tasks to queue
[2023-12-18T17:54:06.224+0000] {logging_mixin.py:120} INFO - [2023-12-18T17:54:06.224+0000] {dagbag.py:537} INFO - Filling up the DagBag from /opt/airflow/dags/groups/group_downloads.py
[2023-12-18T17:54:06.229+0000] {processor.py:768} WARNING - No viable dags retrieved from /opt/airflow/dags/groups/group_downloads.py
[2023-12-18T17:54:06.258+0000] {processor.py:176} INFO - Processing /opt/airflow/dags/groups/group_downloads.py took 0.039 seconds
[2023-12-18T17:54:37.212+0000] {processor.py:154} INFO - Started process (PID=780) to work on /opt/airflow/dags/groups/group_downloads.py
[2023-12-18T17:54:37.212+0000] {processor.py:756} INFO - Processing file /opt/airflow/dags/groups/group_downloads.py for tasks to queue
[2023-12-18T17:54:37.213+0000] {logging_mixin.py:120} INFO - [2023-12-18T17:54:37.213+0000] {dagbag.py:537} INFO - Filling up the DagBag from /opt/airflow/dags/groups/group_downloads.py
[2023-12-18T17:54:37.217+0000] {processor.py:768} WARNING - No viable dags retrieved from /opt/airflow/dags/groups/group_downloads.py
[2023-12-18T17:54:37.237+0000] {processor.py:176} INFO - Processing /opt/airflow/dags/groups/group_downloads.py took 0.027 seconds
[2023-12-18T17:55:08.431+0000] {processor.py:154} INFO - Started process (PID=823) to work on /opt/airflow/dags/groups/group_downloads.py
[2023-12-18T17:55:08.432+0000] {processor.py:756} INFO - Processing file /opt/airflow/dags/groups/group_downloads.py for tasks to queue
[2023-12-18T17:55:08.432+0000] {logging_mixin.py:120} INFO - [2023-12-18T17:55:08.432+0000] {dagbag.py:537} INFO - Filling up the DagBag from /opt/airflow/dags/groups/group_downloads.py
[2023-12-18T17:55:08.437+0000] {processor.py:768} WARNING - No viable dags retrieved from /opt/airflow/dags/groups/group_downloads.py
[2023-12-18T17:55:08.451+0000] {processor.py:176} INFO - Processing /opt/airflow/dags/groups/group_downloads.py took 0.024 seconds
[2023-12-18T17:55:39.133+0000] {processor.py:154} INFO - Started process (PID=856) to work on /opt/airflow/dags/groups/group_downloads.py
[2023-12-18T17:55:39.134+0000] {processor.py:756} INFO - Processing file /opt/airflow/dags/groups/group_downloads.py for tasks to queue
[2023-12-18T17:55:39.135+0000] {logging_mixin.py:120} INFO - [2023-12-18T17:55:39.134+0000] {dagbag.py:537} INFO - Filling up the DagBag from /opt/airflow/dags/groups/group_downloads.py
[2023-12-18T17:55:39.148+0000] {processor.py:768} WARNING - No viable dags retrieved from /opt/airflow/dags/groups/group_downloads.py
[2023-12-18T17:55:39.172+0000] {processor.py:176} INFO - Processing /opt/airflow/dags/groups/group_downloads.py took 0.041 seconds
[2023-12-18T17:56:09.933+0000] {processor.py:154} INFO - Started process (PID=898) to work on /opt/airflow/dags/groups/group_downloads.py
[2023-12-18T17:56:09.934+0000] {processor.py:756} INFO - Processing file /opt/airflow/dags/groups/group_downloads.py for tasks to queue
[2023-12-18T17:56:09.935+0000] {logging_mixin.py:120} INFO - [2023-12-18T17:56:09.935+0000] {dagbag.py:537} INFO - Filling up the DagBag from /opt/airflow/dags/groups/group_downloads.py
[2023-12-18T17:56:09.940+0000] {processor.py:768} WARNING - No viable dags retrieved from /opt/airflow/dags/groups/group_downloads.py
[2023-12-18T17:56:09.955+0000] {processor.py:176} INFO - Processing /opt/airflow/dags/groups/group_downloads.py took 0.029 seconds
[2023-12-18T17:56:40.501+0000] {processor.py:154} INFO - Started process (PID=943) to work on /opt/airflow/dags/groups/group_downloads.py
[2023-12-18T17:56:40.507+0000] {processor.py:756} INFO - Processing file /opt/airflow/dags/groups/group_downloads.py for tasks to queue
[2023-12-18T17:56:40.508+0000] {logging_mixin.py:120} INFO - [2023-12-18T17:56:40.508+0000] {dagbag.py:537} INFO - Filling up the DagBag from /opt/airflow/dags/groups/group_downloads.py
[2023-12-18T17:56:40.513+0000] {processor.py:768} WARNING - No viable dags retrieved from /opt/airflow/dags/groups/group_downloads.py
[2023-12-18T17:56:40.550+0000] {processor.py:176} INFO - Processing /opt/airflow/dags/groups/group_downloads.py took 0.069 seconds
[2023-12-18T17:57:11.652+0000] {processor.py:154} INFO - Started process (PID=985) to work on /opt/airflow/dags/groups/group_downloads.py
[2023-12-18T17:57:11.653+0000] {processor.py:756} INFO - Processing file /opt/airflow/dags/groups/group_downloads.py for tasks to queue
[2023-12-18T17:57:11.653+0000] {logging_mixin.py:120} INFO - [2023-12-18T17:57:11.653+0000] {dagbag.py:537} INFO - Filling up the DagBag from /opt/airflow/dags/groups/group_downloads.py
[2023-12-18T17:57:11.658+0000] {processor.py:768} WARNING - No viable dags retrieved from /opt/airflow/dags/groups/group_downloads.py
[2023-12-18T17:57:11.672+0000] {processor.py:176} INFO - Processing /opt/airflow/dags/groups/group_downloads.py took 0.024 seconds
[2023-12-18T17:57:42.600+0000] {processor.py:154} INFO - Started process (PID=1019) to work on /opt/airflow/dags/groups/group_downloads.py
[2023-12-18T17:57:42.601+0000] {processor.py:756} INFO - Processing file /opt/airflow/dags/groups/group_downloads.py for tasks to queue
[2023-12-18T17:57:42.602+0000] {logging_mixin.py:120} INFO - [2023-12-18T17:57:42.601+0000] {dagbag.py:537} INFO - Filling up the DagBag from /opt/airflow/dags/groups/group_downloads.py
[2023-12-18T17:57:42.606+0000] {processor.py:768} WARNING - No viable dags retrieved from /opt/airflow/dags/groups/group_downloads.py
[2023-12-18T17:57:42.640+0000] {processor.py:176} INFO - Processing /opt/airflow/dags/groups/group_downloads.py took 0.052 seconds
[2023-12-18T17:58:12.908+0000] {processor.py:154} INFO - Started process (PID=1061) to work on /opt/airflow/dags/groups/group_downloads.py
[2023-12-18T17:58:12.909+0000] {processor.py:756} INFO - Processing file /opt/airflow/dags/groups/group_downloads.py for tasks to queue
[2023-12-18T17:58:12.909+0000] {logging_mixin.py:120} INFO - [2023-12-18T17:58:12.909+0000] {dagbag.py:537} INFO - Filling up the DagBag from /opt/airflow/dags/groups/group_downloads.py
[2023-12-18T17:58:12.913+0000] {processor.py:768} WARNING - No viable dags retrieved from /opt/airflow/dags/groups/group_downloads.py
[2023-12-18T17:58:12.925+0000] {processor.py:176} INFO - Processing /opt/airflow/dags/groups/group_downloads.py took 0.020 seconds
[2023-12-18T17:58:43.334+0000] {processor.py:154} INFO - Started process (PID=1102) to work on /opt/airflow/dags/groups/group_downloads.py
[2023-12-18T17:58:43.335+0000] {processor.py:756} INFO - Processing file /opt/airflow/dags/groups/group_downloads.py for tasks to queue
[2023-12-18T17:58:43.335+0000] {logging_mixin.py:120} INFO - [2023-12-18T17:58:43.335+0000] {dagbag.py:537} INFO - Filling up the DagBag from /opt/airflow/dags/groups/group_downloads.py
[2023-12-18T17:58:43.356+0000] {processor.py:768} WARNING - No viable dags retrieved from /opt/airflow/dags/groups/group_downloads.py
[2023-12-18T17:58:43.384+0000] {processor.py:176} INFO - Processing /opt/airflow/dags/groups/group_downloads.py took 0.054 seconds
[2023-12-18T17:59:13.535+0000] {processor.py:154} INFO - Started process (PID=1134) to work on /opt/airflow/dags/groups/group_downloads.py
[2023-12-18T17:59:13.536+0000] {processor.py:756} INFO - Processing file /opt/airflow/dags/groups/group_downloads.py for tasks to queue
[2023-12-18T17:59:13.537+0000] {logging_mixin.py:120} INFO - [2023-12-18T17:59:13.537+0000] {dagbag.py:537} INFO - Filling up the DagBag from /opt/airflow/dags/groups/group_downloads.py
[2023-12-18T17:59:13.541+0000] {processor.py:768} WARNING - No viable dags retrieved from /opt/airflow/dags/groups/group_downloads.py
[2023-12-18T17:59:13.553+0000] {processor.py:176} INFO - Processing /opt/airflow/dags/groups/group_downloads.py took 0.021 seconds
[2023-12-18T17:59:44.831+0000] {processor.py:154} INFO - Started process (PID=1166) to work on /opt/airflow/dags/groups/group_downloads.py
[2023-12-18T17:59:44.831+0000] {processor.py:756} INFO - Processing file /opt/airflow/dags/groups/group_downloads.py for tasks to queue
[2023-12-18T17:59:44.832+0000] {logging_mixin.py:120} INFO - [2023-12-18T17:59:44.832+0000] {dagbag.py:537} INFO - Filling up the DagBag from /opt/airflow/dags/groups/group_downloads.py
[2023-12-18T17:59:44.836+0000] {processor.py:768} WARNING - No viable dags retrieved from /opt/airflow/dags/groups/group_downloads.py
[2023-12-18T17:59:44.849+0000] {processor.py:176} INFO - Processing /opt/airflow/dags/groups/group_downloads.py took 0.024 seconds
[2023-12-18T18:00:15.274+0000] {processor.py:154} INFO - Started process (PID=1207) to work on /opt/airflow/dags/groups/group_downloads.py
[2023-12-18T18:00:15.288+0000] {processor.py:756} INFO - Processing file /opt/airflow/dags/groups/group_downloads.py for tasks to queue
[2023-12-18T18:00:15.288+0000] {logging_mixin.py:120} INFO - [2023-12-18T18:00:15.288+0000] {dagbag.py:537} INFO - Filling up the DagBag from /opt/airflow/dags/groups/group_downloads.py
[2023-12-18T18:00:15.303+0000] {processor.py:768} WARNING - No viable dags retrieved from /opt/airflow/dags/groups/group_downloads.py
[2023-12-18T18:00:15.342+0000] {processor.py:176} INFO - Processing /opt/airflow/dags/groups/group_downloads.py took 0.072 seconds
[2023-12-18T18:00:45.960+0000] {processor.py:154} INFO - Started process (PID=1242) to work on /opt/airflow/dags/groups/group_downloads.py
[2023-12-18T18:00:45.961+0000] {processor.py:756} INFO - Processing file /opt/airflow/dags/groups/group_downloads.py for tasks to queue
[2023-12-18T18:00:45.961+0000] {logging_mixin.py:120} INFO - [2023-12-18T18:00:45.961+0000] {dagbag.py:537} INFO - Filling up the DagBag from /opt/airflow/dags/groups/group_downloads.py
[2023-12-18T18:00:45.966+0000] {processor.py:768} WARNING - No viable dags retrieved from /opt/airflow/dags/groups/group_downloads.py
[2023-12-18T18:00:45.978+0000] {processor.py:176} INFO - Processing /opt/airflow/dags/groups/group_downloads.py took 0.021 seconds
[2023-12-18T18:01:17.877+0000] {processor.py:154} INFO - Started process (PID=1281) to work on /opt/airflow/dags/groups/group_downloads.py
[2023-12-18T18:01:17.887+0000] {processor.py:756} INFO - Processing file /opt/airflow/dags/groups/group_downloads.py for tasks to queue
[2023-12-18T18:01:17.888+0000] {logging_mixin.py:120} INFO - [2023-12-18T18:01:17.888+0000] {dagbag.py:537} INFO - Filling up the DagBag from /opt/airflow/dags/groups/group_downloads.py
[2023-12-18T18:01:17.901+0000] {processor.py:768} WARNING - No viable dags retrieved from /opt/airflow/dags/groups/group_downloads.py
[2023-12-18T18:01:17.956+0000] {processor.py:176} INFO - Processing /opt/airflow/dags/groups/group_downloads.py took 0.109 seconds
[2023-12-18T18:01:48.053+0000] {processor.py:154} INFO - Started process (PID=1316) to work on /opt/airflow/dags/groups/group_downloads.py
[2023-12-18T18:01:48.054+0000] {processor.py:756} INFO - Processing file /opt/airflow/dags/groups/group_downloads.py for tasks to queue
[2023-12-18T18:01:48.055+0000] {logging_mixin.py:120} INFO - [2023-12-18T18:01:48.055+0000] {dagbag.py:537} INFO - Filling up the DagBag from /opt/airflow/dags/groups/group_downloads.py
[2023-12-18T18:01:48.059+0000] {processor.py:768} WARNING - No viable dags retrieved from /opt/airflow/dags/groups/group_downloads.py
[2023-12-18T18:01:48.071+0000] {processor.py:176} INFO - Processing /opt/airflow/dags/groups/group_downloads.py took 0.021 seconds
[2023-12-18T18:02:18.419+0000] {processor.py:154} INFO - Started process (PID=1349) to work on /opt/airflow/dags/groups/group_downloads.py
[2023-12-18T18:02:18.420+0000] {processor.py:756} INFO - Processing file /opt/airflow/dags/groups/group_downloads.py for tasks to queue
[2023-12-18T18:02:18.421+0000] {logging_mixin.py:120} INFO - [2023-12-18T18:02:18.421+0000] {dagbag.py:537} INFO - Filling up the DagBag from /opt/airflow/dags/groups/group_downloads.py
[2023-12-18T18:02:18.425+0000] {processor.py:768} WARNING - No viable dags retrieved from /opt/airflow/dags/groups/group_downloads.py
[2023-12-18T18:02:18.441+0000] {processor.py:176} INFO - Processing /opt/airflow/dags/groups/group_downloads.py took 0.025 seconds
[2023-12-18T18:02:49.833+0000] {processor.py:154} INFO - Started process (PID=1393) to work on /opt/airflow/dags/groups/group_downloads.py
[2023-12-18T18:02:49.836+0000] {processor.py:756} INFO - Processing file /opt/airflow/dags/groups/group_downloads.py for tasks to queue
[2023-12-18T18:02:49.837+0000] {logging_mixin.py:120} INFO - [2023-12-18T18:02:49.837+0000] {dagbag.py:537} INFO - Filling up the DagBag from /opt/airflow/dags/groups/group_downloads.py
[2023-12-18T18:02:49.858+0000] {processor.py:768} WARNING - No viable dags retrieved from /opt/airflow/dags/groups/group_downloads.py
[2023-12-18T18:02:49.912+0000] {processor.py:176} INFO - Processing /opt/airflow/dags/groups/group_downloads.py took 0.097 seconds
[2023-12-18T18:03:20.520+0000] {processor.py:154} INFO - Started process (PID=1426) to work on /opt/airflow/dags/groups/group_downloads.py
[2023-12-18T18:03:20.520+0000] {processor.py:756} INFO - Processing file /opt/airflow/dags/groups/group_downloads.py for tasks to queue
[2023-12-18T18:03:20.521+0000] {logging_mixin.py:120} INFO - [2023-12-18T18:03:20.521+0000] {dagbag.py:537} INFO - Filling up the DagBag from /opt/airflow/dags/groups/group_downloads.py
[2023-12-18T18:03:20.525+0000] {processor.py:768} WARNING - No viable dags retrieved from /opt/airflow/dags/groups/group_downloads.py
[2023-12-18T18:03:20.536+0000] {processor.py:176} INFO - Processing /opt/airflow/dags/groups/group_downloads.py took 0.018 seconds
[2023-12-18T18:03:51.283+0000] {processor.py:154} INFO - Started process (PID=1468) to work on /opt/airflow/dags/groups/group_downloads.py
[2023-12-18T18:03:51.284+0000] {processor.py:756} INFO - Processing file /opt/airflow/dags/groups/group_downloads.py for tasks to queue
[2023-12-18T18:03:51.285+0000] {logging_mixin.py:120} INFO - [2023-12-18T18:03:51.285+0000] {dagbag.py:537} INFO - Filling up the DagBag from /opt/airflow/dags/groups/group_downloads.py
[2023-12-18T18:03:51.291+0000] {processor.py:768} WARNING - No viable dags retrieved from /opt/airflow/dags/groups/group_downloads.py
[2023-12-18T18:03:51.303+0000] {processor.py:176} INFO - Processing /opt/airflow/dags/groups/group_downloads.py took 0.026 seconds
[2023-12-18T18:04:22.270+0000] {processor.py:154} INFO - Started process (PID=1502) to work on /opt/airflow/dags/groups/group_downloads.py
[2023-12-18T18:04:22.271+0000] {processor.py:756} INFO - Processing file /opt/airflow/dags/groups/group_downloads.py for tasks to queue
[2023-12-18T18:04:22.272+0000] {logging_mixin.py:120} INFO - [2023-12-18T18:04:22.272+0000] {dagbag.py:537} INFO - Filling up the DagBag from /opt/airflow/dags/groups/group_downloads.py
[2023-12-18T18:04:22.277+0000] {processor.py:768} WARNING - No viable dags retrieved from /opt/airflow/dags/groups/group_downloads.py
[2023-12-18T18:04:22.290+0000] {processor.py:176} INFO - Processing /opt/airflow/dags/groups/group_downloads.py took 0.023 seconds
[2023-12-18T18:04:52.958+0000] {processor.py:154} INFO - Started process (PID=1545) to work on /opt/airflow/dags/groups/group_downloads.py
[2023-12-18T18:04:52.959+0000] {processor.py:756} INFO - Processing file /opt/airflow/dags/groups/group_downloads.py for tasks to queue
[2023-12-18T18:04:52.959+0000] {logging_mixin.py:120} INFO - [2023-12-18T18:04:52.959+0000] {dagbag.py:537} INFO - Filling up the DagBag from /opt/airflow/dags/groups/group_downloads.py
[2023-12-18T18:04:52.963+0000] {processor.py:768} WARNING - No viable dags retrieved from /opt/airflow/dags/groups/group_downloads.py
[2023-12-18T18:04:52.977+0000] {processor.py:176} INFO - Processing /opt/airflow/dags/groups/group_downloads.py took 0.023 seconds
[2023-12-18T18:05:23.438+0000] {processor.py:154} INFO - Started process (PID=1584) to work on /opt/airflow/dags/groups/group_downloads.py
[2023-12-18T18:05:23.439+0000] {processor.py:756} INFO - Processing file /opt/airflow/dags/groups/group_downloads.py for tasks to queue
[2023-12-18T18:05:23.440+0000] {logging_mixin.py:120} INFO - [2023-12-18T18:05:23.440+0000] {dagbag.py:537} INFO - Filling up the DagBag from /opt/airflow/dags/groups/group_downloads.py
[2023-12-18T18:05:23.445+0000] {processor.py:768} WARNING - No viable dags retrieved from /opt/airflow/dags/groups/group_downloads.py
[2023-12-18T18:05:23.458+0000] {processor.py:176} INFO - Processing /opt/airflow/dags/groups/group_downloads.py took 0.024 seconds
[2023-12-18T18:05:53.664+0000] {processor.py:154} INFO - Started process (PID=1616) to work on /opt/airflow/dags/groups/group_downloads.py
[2023-12-18T18:05:53.665+0000] {processor.py:756} INFO - Processing file /opt/airflow/dags/groups/group_downloads.py for tasks to queue
[2023-12-18T18:05:53.666+0000] {logging_mixin.py:120} INFO - [2023-12-18T18:05:53.665+0000] {dagbag.py:537} INFO - Filling up the DagBag from /opt/airflow/dags/groups/group_downloads.py
[2023-12-18T18:05:53.670+0000] {processor.py:768} WARNING - No viable dags retrieved from /opt/airflow/dags/groups/group_downloads.py
[2023-12-18T18:05:53.682+0000] {processor.py:176} INFO - Processing /opt/airflow/dags/groups/group_downloads.py took 0.021 seconds
[2023-12-18T18:06:24.773+0000] {processor.py:154} INFO - Started process (PID=1659) to work on /opt/airflow/dags/groups/group_downloads.py
[2023-12-18T18:06:24.784+0000] {processor.py:756} INFO - Processing file /opt/airflow/dags/groups/group_downloads.py for tasks to queue
[2023-12-18T18:06:24.785+0000] {logging_mixin.py:120} INFO - [2023-12-18T18:06:24.785+0000] {dagbag.py:537} INFO - Filling up the DagBag from /opt/airflow/dags/groups/group_downloads.py
[2023-12-18T18:06:24.811+0000] {processor.py:768} WARNING - No viable dags retrieved from /opt/airflow/dags/groups/group_downloads.py
[2023-12-18T18:06:24.856+0000] {processor.py:176} INFO - Processing /opt/airflow/dags/groups/group_downloads.py took 0.098 seconds
[2023-12-18T18:06:55.609+0000] {processor.py:154} INFO - Started process (PID=1692) to work on /opt/airflow/dags/groups/group_downloads.py
[2023-12-18T18:06:55.618+0000] {processor.py:756} INFO - Processing file /opt/airflow/dags/groups/group_downloads.py for tasks to queue
[2023-12-18T18:06:55.619+0000] {logging_mixin.py:120} INFO - [2023-12-18T18:06:55.618+0000] {dagbag.py:537} INFO - Filling up the DagBag from /opt/airflow/dags/groups/group_downloads.py
[2023-12-18T18:06:55.641+0000] {processor.py:768} WARNING - No viable dags retrieved from /opt/airflow/dags/groups/group_downloads.py
[2023-12-18T18:06:55.672+0000] {processor.py:176} INFO - Processing /opt/airflow/dags/groups/group_downloads.py took 0.066 seconds
[2023-12-18T18:07:25.746+0000] {processor.py:154} INFO - Started process (PID=1734) to work on /opt/airflow/dags/groups/group_downloads.py
[2023-12-18T18:07:25.759+0000] {processor.py:756} INFO - Processing file /opt/airflow/dags/groups/group_downloads.py for tasks to queue
[2023-12-18T18:07:25.760+0000] {logging_mixin.py:120} INFO - [2023-12-18T18:07:25.760+0000] {dagbag.py:537} INFO - Filling up the DagBag from /opt/airflow/dags/groups/group_downloads.py
[2023-12-18T18:07:25.768+0000] {processor.py:768} WARNING - No viable dags retrieved from /opt/airflow/dags/groups/group_downloads.py
[2023-12-18T18:07:25.793+0000] {processor.py:176} INFO - Processing /opt/airflow/dags/groups/group_downloads.py took 0.052 seconds
[2023-12-18T18:07:55.862+0000] {processor.py:154} INFO - Started process (PID=1767) to work on /opt/airflow/dags/groups/group_downloads.py
[2023-12-18T18:07:55.863+0000] {processor.py:756} INFO - Processing file /opt/airflow/dags/groups/group_downloads.py for tasks to queue
[2023-12-18T18:07:55.863+0000] {logging_mixin.py:120} INFO - [2023-12-18T18:07:55.863+0000] {dagbag.py:537} INFO - Filling up the DagBag from /opt/airflow/dags/groups/group_downloads.py
[2023-12-18T18:07:55.867+0000] {processor.py:768} WARNING - No viable dags retrieved from /opt/airflow/dags/groups/group_downloads.py
[2023-12-18T18:07:55.878+0000] {processor.py:176} INFO - Processing /opt/airflow/dags/groups/group_downloads.py took 0.018 seconds
[2023-12-18T18:08:26.370+0000] {processor.py:154} INFO - Started process (PID=1809) to work on /opt/airflow/dags/groups/group_downloads.py
[2023-12-18T18:08:26.371+0000] {processor.py:756} INFO - Processing file /opt/airflow/dags/groups/group_downloads.py for tasks to queue
[2023-12-18T18:08:26.376+0000] {logging_mixin.py:120} INFO - [2023-12-18T18:08:26.375+0000] {dagbag.py:537} INFO - Filling up the DagBag from /opt/airflow/dags/groups/group_downloads.py
[2023-12-18T18:08:26.380+0000] {processor.py:768} WARNING - No viable dags retrieved from /opt/airflow/dags/groups/group_downloads.py
[2023-12-18T18:08:26.406+0000] {processor.py:176} INFO - Processing /opt/airflow/dags/groups/group_downloads.py took 0.049 seconds
[2023-12-18T18:08:57.125+0000] {processor.py:154} INFO - Started process (PID=1853) to work on /opt/airflow/dags/groups/group_downloads.py
[2023-12-18T18:08:57.125+0000] {processor.py:756} INFO - Processing file /opt/airflow/dags/groups/group_downloads.py for tasks to queue
[2023-12-18T18:08:57.126+0000] {logging_mixin.py:120} INFO - [2023-12-18T18:08:57.126+0000] {dagbag.py:537} INFO - Filling up the DagBag from /opt/airflow/dags/groups/group_downloads.py
[2023-12-18T18:08:57.131+0000] {processor.py:768} WARNING - No viable dags retrieved from /opt/airflow/dags/groups/group_downloads.py
[2023-12-18T18:08:57.144+0000] {processor.py:176} INFO - Processing /opt/airflow/dags/groups/group_downloads.py took 0.022 seconds
[2023-12-18T18:09:27.560+0000] {processor.py:154} INFO - Started process (PID=1898) to work on /opt/airflow/dags/groups/group_downloads.py
[2023-12-18T18:09:27.561+0000] {processor.py:756} INFO - Processing file /opt/airflow/dags/groups/group_downloads.py for tasks to queue
[2023-12-18T18:09:27.561+0000] {logging_mixin.py:120} INFO - [2023-12-18T18:09:27.561+0000] {dagbag.py:537} INFO - Filling up the DagBag from /opt/airflow/dags/groups/group_downloads.py
[2023-12-18T18:09:27.566+0000] {processor.py:768} WARNING - No viable dags retrieved from /opt/airflow/dags/groups/group_downloads.py
[2023-12-18T18:09:27.580+0000] {processor.py:176} INFO - Processing /opt/airflow/dags/groups/group_downloads.py took 0.024 seconds
[2023-12-18T18:09:58.143+0000] {processor.py:154} INFO - Started process (PID=1931) to work on /opt/airflow/dags/groups/group_downloads.py
[2023-12-18T18:09:58.144+0000] {processor.py:756} INFO - Processing file /opt/airflow/dags/groups/group_downloads.py for tasks to queue
[2023-12-18T18:09:58.144+0000] {logging_mixin.py:120} INFO - [2023-12-18T18:09:58.144+0000] {dagbag.py:537} INFO - Filling up the DagBag from /opt/airflow/dags/groups/group_downloads.py
[2023-12-18T18:09:58.161+0000] {processor.py:768} WARNING - No viable dags retrieved from /opt/airflow/dags/groups/group_downloads.py
[2023-12-18T18:09:58.185+0000] {processor.py:176} INFO - Processing /opt/airflow/dags/groups/group_downloads.py took 0.079 seconds
[2023-12-18T18:10:28.506+0000] {processor.py:154} INFO - Started process (PID=1974) to work on /opt/airflow/dags/groups/group_downloads.py
[2023-12-18T18:10:28.507+0000] {processor.py:756} INFO - Processing file /opt/airflow/dags/groups/group_downloads.py for tasks to queue
[2023-12-18T18:10:28.508+0000] {logging_mixin.py:120} INFO - [2023-12-18T18:10:28.507+0000] {dagbag.py:537} INFO - Filling up the DagBag from /opt/airflow/dags/groups/group_downloads.py
[2023-12-18T18:10:28.512+0000] {processor.py:768} WARNING - No viable dags retrieved from /opt/airflow/dags/groups/group_downloads.py
[2023-12-18T18:10:28.526+0000] {processor.py:176} INFO - Processing /opt/airflow/dags/groups/group_downloads.py took 0.026 seconds
[2023-12-18T18:10:58.986+0000] {processor.py:154} INFO - Started process (PID=2016) to work on /opt/airflow/dags/groups/group_downloads.py
[2023-12-18T18:10:58.987+0000] {processor.py:756} INFO - Processing file /opt/airflow/dags/groups/group_downloads.py for tasks to queue
[2023-12-18T18:10:58.997+0000] {logging_mixin.py:120} INFO - [2023-12-18T18:10:58.997+0000] {dagbag.py:537} INFO - Filling up the DagBag from /opt/airflow/dags/groups/group_downloads.py
[2023-12-18T18:10:59.002+0000] {processor.py:768} WARNING - No viable dags retrieved from /opt/airflow/dags/groups/group_downloads.py
[2023-12-18T18:10:59.022+0000] {processor.py:176} INFO - Processing /opt/airflow/dags/groups/group_downloads.py took 0.039 seconds
[2023-12-18T18:11:29.751+0000] {processor.py:154} INFO - Started process (PID=2049) to work on /opt/airflow/dags/groups/group_downloads.py
[2023-12-18T18:11:29.752+0000] {processor.py:756} INFO - Processing file /opt/airflow/dags/groups/group_downloads.py for tasks to queue
[2023-12-18T18:11:29.753+0000] {logging_mixin.py:120} INFO - [2023-12-18T18:11:29.752+0000] {dagbag.py:537} INFO - Filling up the DagBag from /opt/airflow/dags/groups/group_downloads.py
[2023-12-18T18:11:29.765+0000] {processor.py:768} WARNING - No viable dags retrieved from /opt/airflow/dags/groups/group_downloads.py
[2023-12-18T18:11:29.785+0000] {processor.py:176} INFO - Processing /opt/airflow/dags/groups/group_downloads.py took 0.048 seconds
[2023-12-18T18:12:00.685+0000] {processor.py:154} INFO - Started process (PID=2090) to work on /opt/airflow/dags/groups/group_downloads.py
[2023-12-18T18:12:00.686+0000] {processor.py:756} INFO - Processing file /opt/airflow/dags/groups/group_downloads.py for tasks to queue
[2023-12-18T18:12:00.687+0000] {logging_mixin.py:120} INFO - [2023-12-18T18:12:00.687+0000] {dagbag.py:537} INFO - Filling up the DagBag from /opt/airflow/dags/groups/group_downloads.py
[2023-12-18T18:12:00.691+0000] {processor.py:768} WARNING - No viable dags retrieved from /opt/airflow/dags/groups/group_downloads.py
[2023-12-18T18:12:00.707+0000] {processor.py:176} INFO - Processing /opt/airflow/dags/groups/group_downloads.py took 0.025 seconds
[2023-12-18T18:12:30.976+0000] {processor.py:154} INFO - Started process (PID=2132) to work on /opt/airflow/dags/groups/group_downloads.py
[2023-12-18T18:12:30.983+0000] {processor.py:756} INFO - Processing file /opt/airflow/dags/groups/group_downloads.py for tasks to queue
[2023-12-18T18:12:30.984+0000] {logging_mixin.py:120} INFO - [2023-12-18T18:12:30.984+0000] {dagbag.py:537} INFO - Filling up the DagBag from /opt/airflow/dags/groups/group_downloads.py
[2023-12-18T18:12:30.989+0000] {processor.py:768} WARNING - No viable dags retrieved from /opt/airflow/dags/groups/group_downloads.py
[2023-12-18T18:12:31.014+0000] {processor.py:176} INFO - Processing /opt/airflow/dags/groups/group_downloads.py took 0.053 seconds
[2023-12-18T18:13:01.864+0000] {processor.py:154} INFO - Started process (PID=2166) to work on /opt/airflow/dags/groups/group_downloads.py
[2023-12-18T18:13:01.879+0000] {processor.py:756} INFO - Processing file /opt/airflow/dags/groups/group_downloads.py for tasks to queue
[2023-12-18T18:13:01.880+0000] {logging_mixin.py:120} INFO - [2023-12-18T18:13:01.880+0000] {dagbag.py:537} INFO - Filling up the DagBag from /opt/airflow/dags/groups/group_downloads.py
[2023-12-18T18:13:01.885+0000] {processor.py:768} WARNING - No viable dags retrieved from /opt/airflow/dags/groups/group_downloads.py
[2023-12-18T18:13:01.912+0000] {processor.py:176} INFO - Processing /opt/airflow/dags/groups/group_downloads.py took 0.051 seconds
[2023-12-18T18:13:32.706+0000] {processor.py:154} INFO - Started process (PID=2209) to work on /opt/airflow/dags/groups/group_downloads.py
[2023-12-18T18:13:32.709+0000] {processor.py:756} INFO - Processing file /opt/airflow/dags/groups/group_downloads.py for tasks to queue
[2023-12-18T18:13:32.710+0000] {logging_mixin.py:120} INFO - [2023-12-18T18:13:32.710+0000] {dagbag.py:537} INFO - Filling up the DagBag from /opt/airflow/dags/groups/group_downloads.py
[2023-12-18T18:13:32.715+0000] {processor.py:768} WARNING - No viable dags retrieved from /opt/airflow/dags/groups/group_downloads.py
[2023-12-18T18:13:32.738+0000] {processor.py:176} INFO - Processing /opt/airflow/dags/groups/group_downloads.py took 0.034 seconds
