[2023-12-18T16:41:17.333+0000] {processor.py:154} INFO - Started process (PID=53) to work on /opt/airflow/dags/groups/group_transforms.py
[2023-12-18T16:41:17.350+0000] {processor.py:756} INFO - Processing file /opt/airflow/dags/groups/group_transforms.py for tasks to queue
[2023-12-18T16:41:17.359+0000] {logging_mixin.py:120} INFO - [2023-12-18T16:41:17.359+0000] {dagbag.py:537} INFO - Filling up the DagBag from /opt/airflow/dags/groups/group_transforms.py
[2023-12-18T16:41:17.396+0000] {processor.py:768} WARNING - No viable dags retrieved from /opt/airflow/dags/groups/group_transforms.py
[2023-12-18T16:41:17.470+0000] {processor.py:176} INFO - Processing /opt/airflow/dags/groups/group_transforms.py took 0.154 seconds
[2023-12-18T16:41:47.724+0000] {processor.py:154} INFO - Started process (PID=83) to work on /opt/airflow/dags/groups/group_transforms.py
[2023-12-18T16:41:47.727+0000] {processor.py:756} INFO - Processing file /opt/airflow/dags/groups/group_transforms.py for tasks to queue
[2023-12-18T16:41:47.728+0000] {logging_mixin.py:120} INFO - [2023-12-18T16:41:47.728+0000] {dagbag.py:537} INFO - Filling up the DagBag from /opt/airflow/dags/groups/group_transforms.py
[2023-12-18T16:41:47.747+0000] {processor.py:768} WARNING - No viable dags retrieved from /opt/airflow/dags/groups/group_transforms.py
[2023-12-18T16:41:47.783+0000] {processor.py:176} INFO - Processing /opt/airflow/dags/groups/group_transforms.py took 0.068 seconds
[2023-12-18T16:42:18.504+0000] {processor.py:154} INFO - Started process (PID=117) to work on /opt/airflow/dags/groups/group_transforms.py
[2023-12-18T16:42:18.505+0000] {processor.py:756} INFO - Processing file /opt/airflow/dags/groups/group_transforms.py for tasks to queue
[2023-12-18T16:42:18.506+0000] {logging_mixin.py:120} INFO - [2023-12-18T16:42:18.506+0000] {dagbag.py:537} INFO - Filling up the DagBag from /opt/airflow/dags/groups/group_transforms.py
[2023-12-18T16:42:18.510+0000] {processor.py:768} WARNING - No viable dags retrieved from /opt/airflow/dags/groups/group_transforms.py
[2023-12-18T16:42:18.526+0000] {processor.py:176} INFO - Processing /opt/airflow/dags/groups/group_transforms.py took 0.025 seconds
[2023-12-18T16:42:49.161+0000] {processor.py:154} INFO - Started process (PID=159) to work on /opt/airflow/dags/groups/group_transforms.py
[2023-12-18T16:42:49.166+0000] {processor.py:756} INFO - Processing file /opt/airflow/dags/groups/group_transforms.py for tasks to queue
[2023-12-18T16:42:49.166+0000] {logging_mixin.py:120} INFO - [2023-12-18T16:42:49.166+0000] {dagbag.py:537} INFO - Filling up the DagBag from /opt/airflow/dags/groups/group_transforms.py
[2023-12-18T16:42:49.172+0000] {processor.py:768} WARNING - No viable dags retrieved from /opt/airflow/dags/groups/group_transforms.py
[2023-12-18T16:42:49.186+0000] {processor.py:176} INFO - Processing /opt/airflow/dags/groups/group_transforms.py took 0.037 seconds
[2023-12-18T16:43:20.028+0000] {processor.py:154} INFO - Started process (PID=200) to work on /opt/airflow/dags/groups/group_transforms.py
[2023-12-18T16:43:20.035+0000] {processor.py:756} INFO - Processing file /opt/airflow/dags/groups/group_transforms.py for tasks to queue
[2023-12-18T16:43:20.036+0000] {logging_mixin.py:120} INFO - [2023-12-18T16:43:20.036+0000] {dagbag.py:537} INFO - Filling up the DagBag from /opt/airflow/dags/groups/group_transforms.py
[2023-12-18T16:43:20.049+0000] {processor.py:768} WARNING - No viable dags retrieved from /opt/airflow/dags/groups/group_transforms.py
[2023-12-18T16:43:20.072+0000] {processor.py:176} INFO - Processing /opt/airflow/dags/groups/group_transforms.py took 0.047 seconds
[2023-12-18T16:43:50.585+0000] {processor.py:154} INFO - Started process (PID=233) to work on /opt/airflow/dags/groups/group_transforms.py
[2023-12-18T16:43:50.586+0000] {processor.py:756} INFO - Processing file /opt/airflow/dags/groups/group_transforms.py for tasks to queue
[2023-12-18T16:43:50.587+0000] {logging_mixin.py:120} INFO - [2023-12-18T16:43:50.587+0000] {dagbag.py:537} INFO - Filling up the DagBag from /opt/airflow/dags/groups/group_transforms.py
[2023-12-18T16:43:50.592+0000] {processor.py:768} WARNING - No viable dags retrieved from /opt/airflow/dags/groups/group_transforms.py
[2023-12-18T16:43:50.607+0000] {processor.py:176} INFO - Processing /opt/airflow/dags/groups/group_transforms.py took 0.025 seconds
[2023-12-18T16:44:21.154+0000] {processor.py:154} INFO - Started process (PID=275) to work on /opt/airflow/dags/groups/group_transforms.py
[2023-12-18T16:44:21.155+0000] {processor.py:756} INFO - Processing file /opt/airflow/dags/groups/group_transforms.py for tasks to queue
[2023-12-18T16:44:21.156+0000] {logging_mixin.py:120} INFO - [2023-12-18T16:44:21.156+0000] {dagbag.py:537} INFO - Filling up the DagBag from /opt/airflow/dags/groups/group_transforms.py
[2023-12-18T16:44:21.161+0000] {processor.py:768} WARNING - No viable dags retrieved from /opt/airflow/dags/groups/group_transforms.py
[2023-12-18T16:44:21.176+0000] {processor.py:176} INFO - Processing /opt/airflow/dags/groups/group_transforms.py took 0.025 seconds
[2023-12-18T16:44:51.342+0000] {processor.py:154} INFO - Started process (PID=306) to work on /opt/airflow/dags/groups/group_transforms.py
[2023-12-18T16:44:51.343+0000] {processor.py:756} INFO - Processing file /opt/airflow/dags/groups/group_transforms.py for tasks to queue
[2023-12-18T16:44:51.344+0000] {logging_mixin.py:120} INFO - [2023-12-18T16:44:51.344+0000] {dagbag.py:537} INFO - Filling up the DagBag from /opt/airflow/dags/groups/group_transforms.py
[2023-12-18T16:44:51.349+0000] {processor.py:768} WARNING - No viable dags retrieved from /opt/airflow/dags/groups/group_transforms.py
[2023-12-18T16:44:51.364+0000] {processor.py:176} INFO - Processing /opt/airflow/dags/groups/group_transforms.py took 0.026 seconds
[2023-12-18T16:45:21.952+0000] {processor.py:154} INFO - Started process (PID=350) to work on /opt/airflow/dags/groups/group_transforms.py
[2023-12-18T16:45:21.953+0000] {processor.py:756} INFO - Processing file /opt/airflow/dags/groups/group_transforms.py for tasks to queue
[2023-12-18T16:45:21.954+0000] {logging_mixin.py:120} INFO - [2023-12-18T16:45:21.953+0000] {dagbag.py:537} INFO - Filling up the DagBag from /opt/airflow/dags/groups/group_transforms.py
[2023-12-18T16:45:21.958+0000] {processor.py:768} WARNING - No viable dags retrieved from /opt/airflow/dags/groups/group_transforms.py
[2023-12-18T16:45:21.991+0000] {processor.py:176} INFO - Processing /opt/airflow/dags/groups/group_transforms.py took 0.051 seconds
[2023-12-18T16:45:52.555+0000] {processor.py:154} INFO - Started process (PID=383) to work on /opt/airflow/dags/groups/group_transforms.py
[2023-12-18T16:45:52.557+0000] {processor.py:756} INFO - Processing file /opt/airflow/dags/groups/group_transforms.py for tasks to queue
[2023-12-18T16:45:52.558+0000] {logging_mixin.py:120} INFO - [2023-12-18T16:45:52.558+0000] {dagbag.py:537} INFO - Filling up the DagBag from /opt/airflow/dags/groups/group_transforms.py
[2023-12-18T16:45:52.563+0000] {processor.py:768} WARNING - No viable dags retrieved from /opt/airflow/dags/groups/group_transforms.py
[2023-12-18T16:45:52.579+0000] {processor.py:176} INFO - Processing /opt/airflow/dags/groups/group_transforms.py took 0.027 seconds
[2023-12-18T16:46:22.727+0000] {processor.py:154} INFO - Started process (PID=426) to work on /opt/airflow/dags/groups/group_transforms.py
[2023-12-18T16:46:22.728+0000] {processor.py:756} INFO - Processing file /opt/airflow/dags/groups/group_transforms.py for tasks to queue
[2023-12-18T16:46:22.728+0000] {logging_mixin.py:120} INFO - [2023-12-18T16:46:22.728+0000] {dagbag.py:537} INFO - Filling up the DagBag from /opt/airflow/dags/groups/group_transforms.py
[2023-12-18T16:46:22.733+0000] {processor.py:768} WARNING - No viable dags retrieved from /opt/airflow/dags/groups/group_transforms.py
[2023-12-18T16:46:22.750+0000] {processor.py:176} INFO - Processing /opt/airflow/dags/groups/group_transforms.py took 0.026 seconds
[2023-12-18T16:46:53.113+0000] {processor.py:154} INFO - Started process (PID=466) to work on /opt/airflow/dags/groups/group_transforms.py
[2023-12-18T16:46:53.114+0000] {processor.py:756} INFO - Processing file /opt/airflow/dags/groups/group_transforms.py for tasks to queue
[2023-12-18T16:46:53.114+0000] {logging_mixin.py:120} INFO - [2023-12-18T16:46:53.114+0000] {dagbag.py:537} INFO - Filling up the DagBag from /opt/airflow/dags/groups/group_transforms.py
[2023-12-18T16:46:53.120+0000] {processor.py:768} WARNING - No viable dags retrieved from /opt/airflow/dags/groups/group_transforms.py
[2023-12-18T16:46:53.148+0000] {processor.py:176} INFO - Processing /opt/airflow/dags/groups/group_transforms.py took 0.038 seconds
[2023-12-18T16:47:23.664+0000] {processor.py:154} INFO - Started process (PID=503) to work on /opt/airflow/dags/groups/group_transforms.py
[2023-12-18T16:47:23.665+0000] {processor.py:756} INFO - Processing file /opt/airflow/dags/groups/group_transforms.py for tasks to queue
[2023-12-18T16:47:23.665+0000] {logging_mixin.py:120} INFO - [2023-12-18T16:47:23.665+0000] {dagbag.py:537} INFO - Filling up the DagBag from /opt/airflow/dags/groups/group_transforms.py
[2023-12-18T16:47:23.670+0000] {processor.py:768} WARNING - No viable dags retrieved from /opt/airflow/dags/groups/group_transforms.py
[2023-12-18T16:47:23.686+0000] {processor.py:176} INFO - Processing /opt/airflow/dags/groups/group_transforms.py took 0.026 seconds
[2023-12-18T16:47:53.857+0000] {processor.py:154} INFO - Started process (PID=546) to work on /opt/airflow/dags/groups/group_transforms.py
[2023-12-18T16:47:53.858+0000] {processor.py:756} INFO - Processing file /opt/airflow/dags/groups/group_transforms.py for tasks to queue
[2023-12-18T16:47:53.859+0000] {logging_mixin.py:120} INFO - [2023-12-18T16:47:53.859+0000] {dagbag.py:537} INFO - Filling up the DagBag from /opt/airflow/dags/groups/group_transforms.py
[2023-12-18T16:47:53.864+0000] {processor.py:768} WARNING - No viable dags retrieved from /opt/airflow/dags/groups/group_transforms.py
[2023-12-18T16:47:53.881+0000] {processor.py:176} INFO - Processing /opt/airflow/dags/groups/group_transforms.py took 0.027 seconds
[2023-12-18T16:48:24.242+0000] {processor.py:154} INFO - Started process (PID=585) to work on /opt/airflow/dags/groups/group_transforms.py
[2023-12-18T16:48:24.251+0000] {processor.py:756} INFO - Processing file /opt/airflow/dags/groups/group_transforms.py for tasks to queue
[2023-12-18T16:48:24.252+0000] {logging_mixin.py:120} INFO - [2023-12-18T16:48:24.252+0000] {dagbag.py:537} INFO - Filling up the DagBag from /opt/airflow/dags/groups/group_transforms.py
[2023-12-18T16:48:24.257+0000] {processor.py:768} WARNING - No viable dags retrieved from /opt/airflow/dags/groups/group_transforms.py
[2023-12-18T16:48:24.304+0000] {processor.py:176} INFO - Processing /opt/airflow/dags/groups/group_transforms.py took 0.065 seconds
[2023-12-18T16:48:54.895+0000] {processor.py:154} INFO - Started process (PID=620) to work on /opt/airflow/dags/groups/group_transforms.py
[2023-12-18T16:48:54.895+0000] {processor.py:756} INFO - Processing file /opt/airflow/dags/groups/group_transforms.py for tasks to queue
[2023-12-18T16:48:54.896+0000] {logging_mixin.py:120} INFO - [2023-12-18T16:48:54.896+0000] {dagbag.py:537} INFO - Filling up the DagBag from /opt/airflow/dags/groups/group_transforms.py
[2023-12-18T16:48:54.901+0000] {processor.py:768} WARNING - No viable dags retrieved from /opt/airflow/dags/groups/group_transforms.py
[2023-12-18T16:48:54.916+0000] {processor.py:176} INFO - Processing /opt/airflow/dags/groups/group_transforms.py took 0.024 seconds
[2023-12-18T16:49:25.112+0000] {processor.py:154} INFO - Started process (PID=660) to work on /opt/airflow/dags/groups/group_transforms.py
[2023-12-18T16:49:25.113+0000] {processor.py:756} INFO - Processing file /opt/airflow/dags/groups/group_transforms.py for tasks to queue
[2023-12-18T16:49:25.113+0000] {logging_mixin.py:120} INFO - [2023-12-18T16:49:25.113+0000] {dagbag.py:537} INFO - Filling up the DagBag from /opt/airflow/dags/groups/group_transforms.py
[2023-12-18T16:49:25.128+0000] {processor.py:768} WARNING - No viable dags retrieved from /opt/airflow/dags/groups/group_transforms.py
[2023-12-18T16:49:25.160+0000] {processor.py:176} INFO - Processing /opt/airflow/dags/groups/group_transforms.py took 0.056 seconds
[2023-12-18T16:49:55.317+0000] {processor.py:154} INFO - Started process (PID=696) to work on /opt/airflow/dags/groups/group_transforms.py
[2023-12-18T16:49:55.318+0000] {processor.py:756} INFO - Processing file /opt/airflow/dags/groups/group_transforms.py for tasks to queue
[2023-12-18T16:49:55.318+0000] {logging_mixin.py:120} INFO - [2023-12-18T16:49:55.318+0000] {dagbag.py:537} INFO - Filling up the DagBag from /opt/airflow/dags/groups/group_transforms.py
[2023-12-18T16:49:55.322+0000] {processor.py:768} WARNING - No viable dags retrieved from /opt/airflow/dags/groups/group_transforms.py
[2023-12-18T16:49:55.333+0000] {processor.py:176} INFO - Processing /opt/airflow/dags/groups/group_transforms.py took 0.018 seconds
[2023-12-18T16:50:25.533+0000] {processor.py:154} INFO - Started process (PID=739) to work on /opt/airflow/dags/groups/group_transforms.py
[2023-12-18T16:50:25.543+0000] {processor.py:756} INFO - Processing file /opt/airflow/dags/groups/group_transforms.py for tasks to queue
[2023-12-18T16:50:25.544+0000] {logging_mixin.py:120} INFO - [2023-12-18T16:50:25.544+0000] {dagbag.py:537} INFO - Filling up the DagBag from /opt/airflow/dags/groups/group_transforms.py
[2023-12-18T16:50:25.549+0000] {processor.py:768} WARNING - No viable dags retrieved from /opt/airflow/dags/groups/group_transforms.py
[2023-12-18T16:50:25.573+0000] {processor.py:176} INFO - Processing /opt/airflow/dags/groups/group_transforms.py took 0.043 seconds
[2023-12-18T16:50:56.237+0000] {processor.py:154} INFO - Started process (PID=771) to work on /opt/airflow/dags/groups/group_transforms.py
[2023-12-18T16:50:56.240+0000] {processor.py:756} INFO - Processing file /opt/airflow/dags/groups/group_transforms.py for tasks to queue
[2023-12-18T16:50:56.244+0000] {logging_mixin.py:120} INFO - [2023-12-18T16:50:56.244+0000] {dagbag.py:537} INFO - Filling up the DagBag from /opt/airflow/dags/groups/group_transforms.py
[2023-12-18T16:50:56.250+0000] {processor.py:768} WARNING - No viable dags retrieved from /opt/airflow/dags/groups/group_transforms.py
[2023-12-18T16:50:56.278+0000] {processor.py:176} INFO - Processing /opt/airflow/dags/groups/group_transforms.py took 0.044 seconds
[2023-12-18T16:51:26.807+0000] {processor.py:154} INFO - Started process (PID=813) to work on /opt/airflow/dags/groups/group_transforms.py
[2023-12-18T16:51:26.808+0000] {processor.py:756} INFO - Processing file /opt/airflow/dags/groups/group_transforms.py for tasks to queue
[2023-12-18T16:51:26.808+0000] {logging_mixin.py:120} INFO - [2023-12-18T16:51:26.808+0000] {dagbag.py:537} INFO - Filling up the DagBag from /opt/airflow/dags/groups/group_transforms.py
[2023-12-18T16:51:26.813+0000] {processor.py:768} WARNING - No viable dags retrieved from /opt/airflow/dags/groups/group_transforms.py
[2023-12-18T16:51:26.823+0000] {processor.py:176} INFO - Processing /opt/airflow/dags/groups/group_transforms.py took 0.019 seconds
[2023-12-18T16:51:56.866+0000] {processor.py:154} INFO - Started process (PID=845) to work on /opt/airflow/dags/groups/group_transforms.py
[2023-12-18T16:51:56.874+0000] {processor.py:756} INFO - Processing file /opt/airflow/dags/groups/group_transforms.py for tasks to queue
[2023-12-18T16:51:56.875+0000] {logging_mixin.py:120} INFO - [2023-12-18T16:51:56.875+0000] {dagbag.py:537} INFO - Filling up the DagBag from /opt/airflow/dags/groups/group_transforms.py
[2023-12-18T16:51:56.888+0000] {processor.py:768} WARNING - No viable dags retrieved from /opt/airflow/dags/groups/group_transforms.py
[2023-12-18T16:51:56.939+0000] {processor.py:176} INFO - Processing /opt/airflow/dags/groups/group_transforms.py took 0.076 seconds
[2023-12-18T16:52:26.991+0000] {processor.py:154} INFO - Started process (PID=886) to work on /opt/airflow/dags/groups/group_transforms.py
[2023-12-18T16:52:26.992+0000] {processor.py:756} INFO - Processing file /opt/airflow/dags/groups/group_transforms.py for tasks to queue
[2023-12-18T16:52:26.993+0000] {logging_mixin.py:120} INFO - [2023-12-18T16:52:26.993+0000] {dagbag.py:537} INFO - Filling up the DagBag from /opt/airflow/dags/groups/group_transforms.py
[2023-12-18T16:52:26.998+0000] {processor.py:768} WARNING - No viable dags retrieved from /opt/airflow/dags/groups/group_transforms.py
[2023-12-18T16:52:27.012+0000] {processor.py:176} INFO - Processing /opt/airflow/dags/groups/group_transforms.py took 0.024 seconds
[2023-12-18T16:52:57.499+0000] {processor.py:154} INFO - Started process (PID=921) to work on /opt/airflow/dags/groups/group_transforms.py
[2023-12-18T16:52:57.504+0000] {processor.py:756} INFO - Processing file /opt/airflow/dags/groups/group_transforms.py for tasks to queue
[2023-12-18T16:52:57.505+0000] {logging_mixin.py:120} INFO - [2023-12-18T16:52:57.505+0000] {dagbag.py:537} INFO - Filling up the DagBag from /opt/airflow/dags/groups/group_transforms.py
[2023-12-18T16:52:57.510+0000] {processor.py:768} WARNING - No viable dags retrieved from /opt/airflow/dags/groups/group_transforms.py
[2023-12-18T16:52:57.568+0000] {processor.py:176} INFO - Processing /opt/airflow/dags/groups/group_transforms.py took 0.083 seconds
[2023-12-18T16:53:27.634+0000] {processor.py:154} INFO - Started process (PID=963) to work on /opt/airflow/dags/groups/group_transforms.py
[2023-12-18T16:53:27.638+0000] {processor.py:756} INFO - Processing file /opt/airflow/dags/groups/group_transforms.py for tasks to queue
[2023-12-18T16:53:27.639+0000] {logging_mixin.py:120} INFO - [2023-12-18T16:53:27.639+0000] {dagbag.py:537} INFO - Filling up the DagBag from /opt/airflow/dags/groups/group_transforms.py
[2023-12-18T16:53:27.646+0000] {processor.py:768} WARNING - No viable dags retrieved from /opt/airflow/dags/groups/group_transforms.py
[2023-12-18T16:53:27.662+0000] {processor.py:176} INFO - Processing /opt/airflow/dags/groups/group_transforms.py took 0.032 seconds
[2023-12-18T16:53:57.845+0000] {processor.py:154} INFO - Started process (PID=1006) to work on /opt/airflow/dags/groups/group_transforms.py
[2023-12-18T16:53:57.845+0000] {processor.py:756} INFO - Processing file /opt/airflow/dags/groups/group_transforms.py for tasks to queue
[2023-12-18T16:53:57.846+0000] {logging_mixin.py:120} INFO - [2023-12-18T16:53:57.846+0000] {dagbag.py:537} INFO - Filling up the DagBag from /opt/airflow/dags/groups/group_transforms.py
[2023-12-18T16:53:57.852+0000] {processor.py:768} WARNING - No viable dags retrieved from /opt/airflow/dags/groups/group_transforms.py
[2023-12-18T16:53:57.866+0000] {processor.py:176} INFO - Processing /opt/airflow/dags/groups/group_transforms.py took 0.025 seconds
[2023-12-18T16:54:28.042+0000] {processor.py:154} INFO - Started process (PID=1040) to work on /opt/airflow/dags/groups/group_transforms.py
[2023-12-18T16:54:28.043+0000] {processor.py:756} INFO - Processing file /opt/airflow/dags/groups/group_transforms.py for tasks to queue
[2023-12-18T16:54:28.043+0000] {logging_mixin.py:120} INFO - [2023-12-18T16:54:28.043+0000] {dagbag.py:537} INFO - Filling up the DagBag from /opt/airflow/dags/groups/group_transforms.py
[2023-12-18T16:54:28.051+0000] {processor.py:768} WARNING - No viable dags retrieved from /opt/airflow/dags/groups/group_transforms.py
[2023-12-18T16:54:28.062+0000] {processor.py:176} INFO - Processing /opt/airflow/dags/groups/group_transforms.py took 0.022 seconds
[2023-12-18T16:54:58.111+0000] {processor.py:154} INFO - Started process (PID=1082) to work on /opt/airflow/dags/groups/group_transforms.py
[2023-12-18T16:54:58.112+0000] {processor.py:756} INFO - Processing file /opt/airflow/dags/groups/group_transforms.py for tasks to queue
[2023-12-18T16:54:58.112+0000] {logging_mixin.py:120} INFO - [2023-12-18T16:54:58.112+0000] {dagbag.py:537} INFO - Filling up the DagBag from /opt/airflow/dags/groups/group_transforms.py
[2023-12-18T16:54:58.117+0000] {processor.py:768} WARNING - No viable dags retrieved from /opt/airflow/dags/groups/group_transforms.py
[2023-12-18T16:54:58.133+0000] {processor.py:176} INFO - Processing /opt/airflow/dags/groups/group_transforms.py took 0.026 seconds
[2023-12-18T16:55:28.431+0000] {processor.py:154} INFO - Started process (PID=1123) to work on /opt/airflow/dags/groups/group_transforms.py
[2023-12-18T16:55:28.444+0000] {processor.py:756} INFO - Processing file /opt/airflow/dags/groups/group_transforms.py for tasks to queue
[2023-12-18T16:55:28.445+0000] {logging_mixin.py:120} INFO - [2023-12-18T16:55:28.444+0000] {dagbag.py:537} INFO - Filling up the DagBag from /opt/airflow/dags/groups/group_transforms.py
[2023-12-18T16:55:28.459+0000] {processor.py:768} WARNING - No viable dags retrieved from /opt/airflow/dags/groups/group_transforms.py
[2023-12-18T16:55:28.512+0000] {processor.py:176} INFO - Processing /opt/airflow/dags/groups/group_transforms.py took 0.085 seconds
[2023-12-18T16:55:58.764+0000] {processor.py:154} INFO - Started process (PID=1155) to work on /opt/airflow/dags/groups/group_transforms.py
[2023-12-18T16:55:58.764+0000] {processor.py:756} INFO - Processing file /opt/airflow/dags/groups/group_transforms.py for tasks to queue
[2023-12-18T16:55:58.765+0000] {logging_mixin.py:120} INFO - [2023-12-18T16:55:58.765+0000] {dagbag.py:537} INFO - Filling up the DagBag from /opt/airflow/dags/groups/group_transforms.py
[2023-12-18T16:55:58.768+0000] {processor.py:768} WARNING - No viable dags retrieved from /opt/airflow/dags/groups/group_transforms.py
[2023-12-18T16:55:58.779+0000] {processor.py:176} INFO - Processing /opt/airflow/dags/groups/group_transforms.py took 0.018 seconds
[2023-12-18T16:56:29.011+0000] {processor.py:154} INFO - Started process (PID=1198) to work on /opt/airflow/dags/groups/group_transforms.py
[2023-12-18T16:56:29.012+0000] {processor.py:756} INFO - Processing file /opt/airflow/dags/groups/group_transforms.py for tasks to queue
[2023-12-18T16:56:29.012+0000] {logging_mixin.py:120} INFO - [2023-12-18T16:56:29.012+0000] {dagbag.py:537} INFO - Filling up the DagBag from /opt/airflow/dags/groups/group_transforms.py
[2023-12-18T16:56:29.015+0000] {processor.py:768} WARNING - No viable dags retrieved from /opt/airflow/dags/groups/group_transforms.py
[2023-12-18T16:56:29.026+0000] {processor.py:176} INFO - Processing /opt/airflow/dags/groups/group_transforms.py took 0.018 seconds
[2023-12-18T16:56:59.342+0000] {processor.py:154} INFO - Started process (PID=1232) to work on /opt/airflow/dags/groups/group_transforms.py
[2023-12-18T16:56:59.343+0000] {processor.py:756} INFO - Processing file /opt/airflow/dags/groups/group_transforms.py for tasks to queue
[2023-12-18T16:56:59.343+0000] {logging_mixin.py:120} INFO - [2023-12-18T16:56:59.343+0000] {dagbag.py:537} INFO - Filling up the DagBag from /opt/airflow/dags/groups/group_transforms.py
[2023-12-18T16:56:59.347+0000] {processor.py:768} WARNING - No viable dags retrieved from /opt/airflow/dags/groups/group_transforms.py
[2023-12-18T16:56:59.358+0000] {processor.py:176} INFO - Processing /opt/airflow/dags/groups/group_transforms.py took 0.018 seconds
[2023-12-18T16:57:30.043+0000] {processor.py:154} INFO - Started process (PID=1275) to work on /opt/airflow/dags/groups/group_transforms.py
[2023-12-18T16:57:30.045+0000] {processor.py:756} INFO - Processing file /opt/airflow/dags/groups/group_transforms.py for tasks to queue
[2023-12-18T16:57:30.045+0000] {logging_mixin.py:120} INFO - [2023-12-18T16:57:30.045+0000] {dagbag.py:537} INFO - Filling up the DagBag from /opt/airflow/dags/groups/group_transforms.py
[2023-12-18T16:57:30.063+0000] {processor.py:768} WARNING - No viable dags retrieved from /opt/airflow/dags/groups/group_transforms.py
[2023-12-18T16:57:30.088+0000] {processor.py:176} INFO - Processing /opt/airflow/dags/groups/group_transforms.py took 0.048 seconds
[2023-12-18T16:58:00.613+0000] {processor.py:154} INFO - Started process (PID=1315) to work on /opt/airflow/dags/groups/group_transforms.py
[2023-12-18T16:58:00.616+0000] {processor.py:756} INFO - Processing file /opt/airflow/dags/groups/group_transforms.py for tasks to queue
[2023-12-18T16:58:00.617+0000] {logging_mixin.py:120} INFO - [2023-12-18T16:58:00.617+0000] {dagbag.py:537} INFO - Filling up the DagBag from /opt/airflow/dags/groups/group_transforms.py
[2023-12-18T16:58:00.622+0000] {processor.py:768} WARNING - No viable dags retrieved from /opt/airflow/dags/groups/group_transforms.py
[2023-12-18T16:58:00.654+0000] {processor.py:176} INFO - Processing /opt/airflow/dags/groups/group_transforms.py took 0.044 seconds
[2023-12-18T16:58:31.308+0000] {processor.py:154} INFO - Started process (PID=1348) to work on /opt/airflow/dags/groups/group_transforms.py
[2023-12-18T16:58:31.309+0000] {processor.py:756} INFO - Processing file /opt/airflow/dags/groups/group_transforms.py for tasks to queue
[2023-12-18T16:58:31.309+0000] {logging_mixin.py:120} INFO - [2023-12-18T16:58:31.309+0000] {dagbag.py:537} INFO - Filling up the DagBag from /opt/airflow/dags/groups/group_transforms.py
[2023-12-18T16:58:31.314+0000] {processor.py:768} WARNING - No viable dags retrieved from /opt/airflow/dags/groups/group_transforms.py
[2023-12-18T16:58:31.329+0000] {processor.py:176} INFO - Processing /opt/airflow/dags/groups/group_transforms.py took 0.024 seconds
[2023-12-18T16:59:01.994+0000] {processor.py:154} INFO - Started process (PID=1391) to work on /opt/airflow/dags/groups/group_transforms.py
[2023-12-18T16:59:02.020+0000] {processor.py:756} INFO - Processing file /opt/airflow/dags/groups/group_transforms.py for tasks to queue
[2023-12-18T16:59:02.021+0000] {logging_mixin.py:120} INFO - [2023-12-18T16:59:02.021+0000] {dagbag.py:537} INFO - Filling up the DagBag from /opt/airflow/dags/groups/group_transforms.py
[2023-12-18T16:59:02.026+0000] {processor.py:768} WARNING - No viable dags retrieved from /opt/airflow/dags/groups/group_transforms.py
[2023-12-18T16:59:02.093+0000] {processor.py:176} INFO - Processing /opt/airflow/dags/groups/group_transforms.py took 0.102 seconds
[2023-12-18T16:59:32.599+0000] {processor.py:154} INFO - Started process (PID=1424) to work on /opt/airflow/dags/groups/group_transforms.py
[2023-12-18T16:59:32.600+0000] {processor.py:756} INFO - Processing file /opt/airflow/dags/groups/group_transforms.py for tasks to queue
[2023-12-18T16:59:32.600+0000] {logging_mixin.py:120} INFO - [2023-12-18T16:59:32.600+0000] {dagbag.py:537} INFO - Filling up the DagBag from /opt/airflow/dags/groups/group_transforms.py
[2023-12-18T16:59:32.605+0000] {processor.py:768} WARNING - No viable dags retrieved from /opt/airflow/dags/groups/group_transforms.py
[2023-12-18T16:59:32.620+0000] {processor.py:176} INFO - Processing /opt/airflow/dags/groups/group_transforms.py took 0.024 seconds
[2023-12-18T17:00:03.304+0000] {processor.py:154} INFO - Started process (PID=1469) to work on /opt/airflow/dags/groups/group_transforms.py
[2023-12-18T17:00:03.307+0000] {processor.py:756} INFO - Processing file /opt/airflow/dags/groups/group_transforms.py for tasks to queue
[2023-12-18T17:00:03.308+0000] {logging_mixin.py:120} INFO - [2023-12-18T17:00:03.308+0000] {dagbag.py:537} INFO - Filling up the DagBag from /opt/airflow/dags/groups/group_transforms.py
[2023-12-18T17:00:03.340+0000] {processor.py:768} WARNING - No viable dags retrieved from /opt/airflow/dags/groups/group_transforms.py
[2023-12-18T17:00:03.373+0000] {processor.py:176} INFO - Processing /opt/airflow/dags/groups/group_transforms.py took 0.075 seconds
[2023-12-18T17:00:33.465+0000] {processor.py:154} INFO - Started process (PID=1512) to work on /opt/airflow/dags/groups/group_transforms.py
[2023-12-18T17:00:33.465+0000] {processor.py:756} INFO - Processing file /opt/airflow/dags/groups/group_transforms.py for tasks to queue
[2023-12-18T17:00:33.466+0000] {logging_mixin.py:120} INFO - [2023-12-18T17:00:33.466+0000] {dagbag.py:537} INFO - Filling up the DagBag from /opt/airflow/dags/groups/group_transforms.py
[2023-12-18T17:00:33.471+0000] {processor.py:768} WARNING - No viable dags retrieved from /opt/airflow/dags/groups/group_transforms.py
[2023-12-18T17:00:33.485+0000] {processor.py:176} INFO - Processing /opt/airflow/dags/groups/group_transforms.py took 0.024 seconds
[2023-12-18T17:01:03.615+0000] {processor.py:154} INFO - Started process (PID=1553) to work on /opt/airflow/dags/groups/group_transforms.py
[2023-12-18T17:01:03.627+0000] {processor.py:756} INFO - Processing file /opt/airflow/dags/groups/group_transforms.py for tasks to queue
[2023-12-18T17:01:03.628+0000] {logging_mixin.py:120} INFO - [2023-12-18T17:01:03.628+0000] {dagbag.py:537} INFO - Filling up the DagBag from /opt/airflow/dags/groups/group_transforms.py
[2023-12-18T17:01:03.639+0000] {processor.py:768} WARNING - No viable dags retrieved from /opt/airflow/dags/groups/group_transforms.py
[2023-12-18T17:01:03.670+0000] {processor.py:176} INFO - Processing /opt/airflow/dags/groups/group_transforms.py took 0.059 seconds
[2023-12-18T17:01:34.393+0000] {processor.py:154} INFO - Started process (PID=1588) to work on /opt/airflow/dags/groups/group_transforms.py
[2023-12-18T17:01:34.401+0000] {processor.py:756} INFO - Processing file /opt/airflow/dags/groups/group_transforms.py for tasks to queue
[2023-12-18T17:01:34.402+0000] {logging_mixin.py:120} INFO - [2023-12-18T17:01:34.402+0000] {dagbag.py:537} INFO - Filling up the DagBag from /opt/airflow/dags/groups/group_transforms.py
[2023-12-18T17:01:34.407+0000] {processor.py:768} WARNING - No viable dags retrieved from /opt/airflow/dags/groups/group_transforms.py
[2023-12-18T17:01:34.436+0000] {processor.py:176} INFO - Processing /opt/airflow/dags/groups/group_transforms.py took 0.047 seconds
[2023-12-18T17:02:04.620+0000] {processor.py:154} INFO - Started process (PID=1631) to work on /opt/airflow/dags/groups/group_transforms.py
[2023-12-18T17:02:04.621+0000] {processor.py:756} INFO - Processing file /opt/airflow/dags/groups/group_transforms.py for tasks to queue
[2023-12-18T17:02:04.621+0000] {logging_mixin.py:120} INFO - [2023-12-18T17:02:04.621+0000] {dagbag.py:537} INFO - Filling up the DagBag from /opt/airflow/dags/groups/group_transforms.py
[2023-12-18T17:02:04.626+0000] {processor.py:768} WARNING - No viable dags retrieved from /opt/airflow/dags/groups/group_transforms.py
[2023-12-18T17:02:04.641+0000] {processor.py:176} INFO - Processing /opt/airflow/dags/groups/group_transforms.py took 0.025 seconds
[2023-12-18T17:02:34.895+0000] {processor.py:154} INFO - Started process (PID=1666) to work on /opt/airflow/dags/groups/group_transforms.py
[2023-12-18T17:02:34.896+0000] {processor.py:756} INFO - Processing file /opt/airflow/dags/groups/group_transforms.py for tasks to queue
[2023-12-18T17:02:34.896+0000] {logging_mixin.py:120} INFO - [2023-12-18T17:02:34.896+0000] {dagbag.py:537} INFO - Filling up the DagBag from /opt/airflow/dags/groups/group_transforms.py
[2023-12-18T17:02:34.901+0000] {processor.py:768} WARNING - No viable dags retrieved from /opt/airflow/dags/groups/group_transforms.py
[2023-12-18T17:02:34.916+0000] {processor.py:176} INFO - Processing /opt/airflow/dags/groups/group_transforms.py took 0.024 seconds
[2023-12-18T17:03:05.476+0000] {processor.py:154} INFO - Started process (PID=1709) to work on /opt/airflow/dags/groups/group_transforms.py
[2023-12-18T17:03:05.477+0000] {processor.py:756} INFO - Processing file /opt/airflow/dags/groups/group_transforms.py for tasks to queue
[2023-12-18T17:03:05.478+0000] {logging_mixin.py:120} INFO - [2023-12-18T17:03:05.478+0000] {dagbag.py:537} INFO - Filling up the DagBag from /opt/airflow/dags/groups/group_transforms.py
[2023-12-18T17:03:05.483+0000] {processor.py:768} WARNING - No viable dags retrieved from /opt/airflow/dags/groups/group_transforms.py
[2023-12-18T17:03:05.498+0000] {processor.py:176} INFO - Processing /opt/airflow/dags/groups/group_transforms.py took 0.026 seconds
[2023-12-18T17:03:36.095+0000] {processor.py:154} INFO - Started process (PID=1752) to work on /opt/airflow/dags/groups/group_transforms.py
[2023-12-18T17:03:36.096+0000] {processor.py:756} INFO - Processing file /opt/airflow/dags/groups/group_transforms.py for tasks to queue
[2023-12-18T17:03:36.097+0000] {logging_mixin.py:120} INFO - [2023-12-18T17:03:36.097+0000] {dagbag.py:537} INFO - Filling up the DagBag from /opt/airflow/dags/groups/group_transforms.py
[2023-12-18T17:03:36.102+0000] {processor.py:768} WARNING - No viable dags retrieved from /opt/airflow/dags/groups/group_transforms.py
[2023-12-18T17:03:36.146+0000] {processor.py:176} INFO - Processing /opt/airflow/dags/groups/group_transforms.py took 0.054 seconds
[2023-12-18T17:04:06.725+0000] {processor.py:154} INFO - Started process (PID=1786) to work on /opt/airflow/dags/groups/group_transforms.py
[2023-12-18T17:04:06.731+0000] {processor.py:756} INFO - Processing file /opt/airflow/dags/groups/group_transforms.py for tasks to queue
[2023-12-18T17:04:06.732+0000] {logging_mixin.py:120} INFO - [2023-12-18T17:04:06.732+0000] {dagbag.py:537} INFO - Filling up the DagBag from /opt/airflow/dags/groups/group_transforms.py
[2023-12-18T17:04:06.740+0000] {processor.py:768} WARNING - No viable dags retrieved from /opt/airflow/dags/groups/group_transforms.py
[2023-12-18T17:04:06.765+0000] {processor.py:176} INFO - Processing /opt/airflow/dags/groups/group_transforms.py took 0.043 seconds
[2023-12-18T17:04:36.879+0000] {processor.py:154} INFO - Started process (PID=1828) to work on /opt/airflow/dags/groups/group_transforms.py
[2023-12-18T17:04:36.880+0000] {processor.py:756} INFO - Processing file /opt/airflow/dags/groups/group_transforms.py for tasks to queue
[2023-12-18T17:04:36.881+0000] {logging_mixin.py:120} INFO - [2023-12-18T17:04:36.881+0000] {dagbag.py:537} INFO - Filling up the DagBag from /opt/airflow/dags/groups/group_transforms.py
[2023-12-18T17:04:36.885+0000] {processor.py:768} WARNING - No viable dags retrieved from /opt/airflow/dags/groups/group_transforms.py
[2023-12-18T17:04:36.901+0000] {processor.py:176} INFO - Processing /opt/airflow/dags/groups/group_transforms.py took 0.025 seconds
[2023-12-18T17:05:07.066+0000] {processor.py:154} INFO - Started process (PID=1861) to work on /opt/airflow/dags/groups/group_transforms.py
[2023-12-18T17:05:07.071+0000] {processor.py:756} INFO - Processing file /opt/airflow/dags/groups/group_transforms.py for tasks to queue
[2023-12-18T17:05:07.075+0000] {logging_mixin.py:120} INFO - [2023-12-18T17:05:07.075+0000] {dagbag.py:537} INFO - Filling up the DagBag from /opt/airflow/dags/groups/group_transforms.py
[2023-12-18T17:05:07.080+0000] {processor.py:768} WARNING - No viable dags retrieved from /opt/airflow/dags/groups/group_transforms.py
[2023-12-18T17:05:07.123+0000] {processor.py:176} INFO - Processing /opt/airflow/dags/groups/group_transforms.py took 0.061 seconds
[2023-12-18T17:05:37.501+0000] {processor.py:154} INFO - Started process (PID=1904) to work on /opt/airflow/dags/groups/group_transforms.py
[2023-12-18T17:05:37.510+0000] {processor.py:756} INFO - Processing file /opt/airflow/dags/groups/group_transforms.py for tasks to queue
[2023-12-18T17:05:37.510+0000] {logging_mixin.py:120} INFO - [2023-12-18T17:05:37.510+0000] {dagbag.py:537} INFO - Filling up the DagBag from /opt/airflow/dags/groups/group_transforms.py
[2023-12-18T17:05:37.515+0000] {processor.py:768} WARNING - No viable dags retrieved from /opt/airflow/dags/groups/group_transforms.py
[2023-12-18T17:05:37.540+0000] {processor.py:176} INFO - Processing /opt/airflow/dags/groups/group_transforms.py took 0.042 seconds
[2023-12-18T17:06:08.448+0000] {processor.py:154} INFO - Started process (PID=1948) to work on /opt/airflow/dags/groups/group_transforms.py
[2023-12-18T17:06:08.448+0000] {processor.py:756} INFO - Processing file /opt/airflow/dags/groups/group_transforms.py for tasks to queue
[2023-12-18T17:06:08.451+0000] {logging_mixin.py:120} INFO - [2023-12-18T17:06:08.451+0000] {dagbag.py:537} INFO - Filling up the DagBag from /opt/airflow/dags/groups/group_transforms.py
[2023-12-18T17:06:08.466+0000] {processor.py:768} WARNING - No viable dags retrieved from /opt/airflow/dags/groups/group_transforms.py
[2023-12-18T17:06:08.523+0000] {processor.py:176} INFO - Processing /opt/airflow/dags/groups/group_transforms.py took 0.097 seconds
[2023-12-18T17:06:38.865+0000] {processor.py:154} INFO - Started process (PID=1982) to work on /opt/airflow/dags/groups/group_transforms.py
[2023-12-18T17:06:38.866+0000] {processor.py:756} INFO - Processing file /opt/airflow/dags/groups/group_transforms.py for tasks to queue
[2023-12-18T17:06:38.867+0000] {logging_mixin.py:120} INFO - [2023-12-18T17:06:38.867+0000] {dagbag.py:537} INFO - Filling up the DagBag from /opt/airflow/dags/groups/group_transforms.py
[2023-12-18T17:06:38.873+0000] {processor.py:768} WARNING - No viable dags retrieved from /opt/airflow/dags/groups/group_transforms.py
[2023-12-18T17:06:38.889+0000] {processor.py:176} INFO - Processing /opt/airflow/dags/groups/group_transforms.py took 0.026 seconds
[2023-12-18T17:07:09.506+0000] {processor.py:154} INFO - Started process (PID=2025) to work on /opt/airflow/dags/groups/group_transforms.py
[2023-12-18T17:07:09.506+0000] {processor.py:756} INFO - Processing file /opt/airflow/dags/groups/group_transforms.py for tasks to queue
[2023-12-18T17:07:09.508+0000] {logging_mixin.py:120} INFO - [2023-12-18T17:07:09.507+0000] {dagbag.py:537} INFO - Filling up the DagBag from /opt/airflow/dags/groups/group_transforms.py
[2023-12-18T17:07:09.512+0000] {processor.py:768} WARNING - No viable dags retrieved from /opt/airflow/dags/groups/group_transforms.py
[2023-12-18T17:07:09.532+0000] {processor.py:176} INFO - Processing /opt/airflow/dags/groups/group_transforms.py took 0.029 seconds
[2023-12-18T17:07:39.690+0000] {processor.py:154} INFO - Started process (PID=2068) to work on /opt/airflow/dags/groups/group_transforms.py
[2023-12-18T17:07:39.691+0000] {processor.py:756} INFO - Processing file /opt/airflow/dags/groups/group_transforms.py for tasks to queue
[2023-12-18T17:07:39.692+0000] {logging_mixin.py:120} INFO - [2023-12-18T17:07:39.692+0000] {dagbag.py:537} INFO - Filling up the DagBag from /opt/airflow/dags/groups/group_transforms.py
[2023-12-18T17:07:39.696+0000] {processor.py:768} WARNING - No viable dags retrieved from /opt/airflow/dags/groups/group_transforms.py
[2023-12-18T17:07:39.720+0000] {processor.py:176} INFO - Processing /opt/airflow/dags/groups/group_transforms.py took 0.036 seconds
[2023-12-18T17:08:10.029+0000] {processor.py:154} INFO - Started process (PID=2103) to work on /opt/airflow/dags/groups/group_transforms.py
[2023-12-18T17:08:10.036+0000] {processor.py:756} INFO - Processing file /opt/airflow/dags/groups/group_transforms.py for tasks to queue
[2023-12-18T17:08:10.037+0000] {logging_mixin.py:120} INFO - [2023-12-18T17:08:10.037+0000] {dagbag.py:537} INFO - Filling up the DagBag from /opt/airflow/dags/groups/group_transforms.py
[2023-12-18T17:08:10.046+0000] {processor.py:768} WARNING - No viable dags retrieved from /opt/airflow/dags/groups/group_transforms.py
[2023-12-18T17:08:10.070+0000] {processor.py:176} INFO - Processing /opt/airflow/dags/groups/group_transforms.py took 0.045 seconds
[2023-12-18T17:08:40.410+0000] {processor.py:154} INFO - Started process (PID=2146) to work on /opt/airflow/dags/groups/group_transforms.py
[2023-12-18T17:08:40.411+0000] {processor.py:756} INFO - Processing file /opt/airflow/dags/groups/group_transforms.py for tasks to queue
[2023-12-18T17:08:40.411+0000] {logging_mixin.py:120} INFO - [2023-12-18T17:08:40.411+0000] {dagbag.py:537} INFO - Filling up the DagBag from /opt/airflow/dags/groups/group_transforms.py
[2023-12-18T17:08:40.417+0000] {processor.py:768} WARNING - No viable dags retrieved from /opt/airflow/dags/groups/group_transforms.py
[2023-12-18T17:08:40.432+0000] {processor.py:176} INFO - Processing /opt/airflow/dags/groups/group_transforms.py took 0.026 seconds
[2023-12-18T17:09:10.751+0000] {processor.py:154} INFO - Started process (PID=2186) to work on /opt/airflow/dags/groups/group_transforms.py
[2023-12-18T17:09:10.752+0000] {processor.py:756} INFO - Processing file /opt/airflow/dags/groups/group_transforms.py for tasks to queue
[2023-12-18T17:09:10.753+0000] {logging_mixin.py:120} INFO - [2023-12-18T17:09:10.753+0000] {dagbag.py:537} INFO - Filling up the DagBag from /opt/airflow/dags/groups/group_transforms.py
[2023-12-18T17:09:10.759+0000] {processor.py:768} WARNING - No viable dags retrieved from /opt/airflow/dags/groups/group_transforms.py
[2023-12-18T17:09:10.776+0000] {processor.py:176} INFO - Processing /opt/airflow/dags/groups/group_transforms.py took 0.028 seconds
[2023-12-18T17:09:40.826+0000] {processor.py:154} INFO - Started process (PID=2218) to work on /opt/airflow/dags/groups/group_transforms.py
[2023-12-18T17:09:40.827+0000] {processor.py:756} INFO - Processing file /opt/airflow/dags/groups/group_transforms.py for tasks to queue
[2023-12-18T17:09:40.827+0000] {logging_mixin.py:120} INFO - [2023-12-18T17:09:40.827+0000] {dagbag.py:537} INFO - Filling up the DagBag from /opt/airflow/dags/groups/group_transforms.py
[2023-12-18T17:09:40.833+0000] {processor.py:768} WARNING - No viable dags retrieved from /opt/airflow/dags/groups/group_transforms.py
[2023-12-18T17:09:40.848+0000] {processor.py:176} INFO - Processing /opt/airflow/dags/groups/group_transforms.py took 0.025 seconds
[2023-12-18T17:10:10.910+0000] {processor.py:154} INFO - Started process (PID=2259) to work on /opt/airflow/dags/groups/group_transforms.py
[2023-12-18T17:10:10.911+0000] {processor.py:756} INFO - Processing file /opt/airflow/dags/groups/group_transforms.py for tasks to queue
[2023-12-18T17:10:10.912+0000] {logging_mixin.py:120} INFO - [2023-12-18T17:10:10.912+0000] {dagbag.py:537} INFO - Filling up the DagBag from /opt/airflow/dags/groups/group_transforms.py
[2023-12-18T17:10:10.918+0000] {processor.py:768} WARNING - No viable dags retrieved from /opt/airflow/dags/groups/group_transforms.py
[2023-12-18T17:10:10.936+0000] {processor.py:176} INFO - Processing /opt/airflow/dags/groups/group_transforms.py took 0.030 seconds
[2023-12-18T17:44:54.863+0000] {processor.py:154} INFO - Started process (PID=52) to work on /opt/airflow/dags/groups/group_transforms.py
[2023-12-18T17:44:54.880+0000] {processor.py:756} INFO - Processing file /opt/airflow/dags/groups/group_transforms.py for tasks to queue
[2023-12-18T17:44:54.881+0000] {logging_mixin.py:120} INFO - [2023-12-18T17:44:54.881+0000] {dagbag.py:537} INFO - Filling up the DagBag from /opt/airflow/dags/groups/group_transforms.py
[2023-12-18T17:44:54.895+0000] {processor.py:768} WARNING - No viable dags retrieved from /opt/airflow/dags/groups/group_transforms.py
[2023-12-18T17:44:54.947+0000] {processor.py:176} INFO - Processing /opt/airflow/dags/groups/group_transforms.py took 0.097 seconds
[2023-12-18T17:45:25.383+0000] {processor.py:154} INFO - Started process (PID=81) to work on /opt/airflow/dags/groups/group_transforms.py
[2023-12-18T17:45:25.387+0000] {processor.py:756} INFO - Processing file /opt/airflow/dags/groups/group_transforms.py for tasks to queue
[2023-12-18T17:45:25.400+0000] {logging_mixin.py:120} INFO - [2023-12-18T17:45:25.400+0000] {dagbag.py:537} INFO - Filling up the DagBag from /opt/airflow/dags/groups/group_transforms.py
[2023-12-18T17:45:25.412+0000] {processor.py:768} WARNING - No viable dags retrieved from /opt/airflow/dags/groups/group_transforms.py
[2023-12-18T17:45:25.475+0000] {processor.py:176} INFO - Processing /opt/airflow/dags/groups/group_transforms.py took 0.110 seconds
[2023-12-18T17:45:55.950+0000] {processor.py:154} INFO - Started process (PID=114) to work on /opt/airflow/dags/groups/group_transforms.py
[2023-12-18T17:45:55.955+0000] {processor.py:756} INFO - Processing file /opt/airflow/dags/groups/group_transforms.py for tasks to queue
[2023-12-18T17:45:55.956+0000] {logging_mixin.py:120} INFO - [2023-12-18T17:45:55.955+0000] {dagbag.py:537} INFO - Filling up the DagBag from /opt/airflow/dags/groups/group_transforms.py
[2023-12-18T17:45:55.972+0000] {processor.py:768} WARNING - No viable dags retrieved from /opt/airflow/dags/groups/group_transforms.py
[2023-12-18T17:45:55.992+0000] {processor.py:176} INFO - Processing /opt/airflow/dags/groups/group_transforms.py took 0.045 seconds
[2023-12-18T17:46:27.443+0000] {processor.py:154} INFO - Started process (PID=156) to work on /opt/airflow/dags/groups/group_transforms.py
[2023-12-18T17:46:27.460+0000] {processor.py:756} INFO - Processing file /opt/airflow/dags/groups/group_transforms.py for tasks to queue
[2023-12-18T17:46:27.471+0000] {logging_mixin.py:120} INFO - [2023-12-18T17:46:27.471+0000] {dagbag.py:537} INFO - Filling up the DagBag from /opt/airflow/dags/groups/group_transforms.py
[2023-12-18T17:46:27.533+0000] {processor.py:768} WARNING - No viable dags retrieved from /opt/airflow/dags/groups/group_transforms.py
[2023-12-18T17:46:27.624+0000] {processor.py:176} INFO - Processing /opt/airflow/dags/groups/group_transforms.py took 0.184 seconds
[2023-12-18T17:46:57.925+0000] {processor.py:154} INFO - Started process (PID=189) to work on /opt/airflow/dags/groups/group_transforms.py
[2023-12-18T17:46:57.926+0000] {processor.py:756} INFO - Processing file /opt/airflow/dags/groups/group_transforms.py for tasks to queue
[2023-12-18T17:46:57.927+0000] {logging_mixin.py:120} INFO - [2023-12-18T17:46:57.927+0000] {dagbag.py:537} INFO - Filling up the DagBag from /opt/airflow/dags/groups/group_transforms.py
[2023-12-18T17:46:57.931+0000] {processor.py:768} WARNING - No viable dags retrieved from /opt/airflow/dags/groups/group_transforms.py
[2023-12-18T17:46:57.940+0000] {processor.py:176} INFO - Processing /opt/airflow/dags/groups/group_transforms.py took 0.017 seconds
[2023-12-18T17:47:28.612+0000] {processor.py:154} INFO - Started process (PID=222) to work on /opt/airflow/dags/groups/group_transforms.py
[2023-12-18T17:47:28.620+0000] {processor.py:756} INFO - Processing file /opt/airflow/dags/groups/group_transforms.py for tasks to queue
[2023-12-18T17:47:28.622+0000] {logging_mixin.py:120} INFO - [2023-12-18T17:47:28.622+0000] {dagbag.py:537} INFO - Filling up the DagBag from /opt/airflow/dags/groups/group_transforms.py
[2023-12-18T17:47:28.643+0000] {processor.py:768} WARNING - No viable dags retrieved from /opt/airflow/dags/groups/group_transforms.py
[2023-12-18T17:47:28.664+0000] {processor.py:176} INFO - Processing /opt/airflow/dags/groups/group_transforms.py took 0.056 seconds
[2023-12-18T17:47:59.293+0000] {processor.py:154} INFO - Started process (PID=264) to work on /opt/airflow/dags/groups/group_transforms.py
[2023-12-18T17:47:59.294+0000] {processor.py:756} INFO - Processing file /opt/airflow/dags/groups/group_transforms.py for tasks to queue
[2023-12-18T17:47:59.294+0000] {logging_mixin.py:120} INFO - [2023-12-18T17:47:59.294+0000] {dagbag.py:537} INFO - Filling up the DagBag from /opt/airflow/dags/groups/group_transforms.py
[2023-12-18T17:47:59.298+0000] {processor.py:768} WARNING - No viable dags retrieved from /opt/airflow/dags/groups/group_transforms.py
[2023-12-18T17:47:59.308+0000] {processor.py:176} INFO - Processing /opt/airflow/dags/groups/group_transforms.py took 0.017 seconds
[2023-12-18T17:48:29.813+0000] {processor.py:154} INFO - Started process (PID=306) to work on /opt/airflow/dags/groups/group_transforms.py
[2023-12-18T17:48:29.822+0000] {processor.py:756} INFO - Processing file /opt/airflow/dags/groups/group_transforms.py for tasks to queue
[2023-12-18T17:48:29.843+0000] {logging_mixin.py:120} INFO - [2023-12-18T17:48:29.829+0000] {dagbag.py:537} INFO - Filling up the DagBag from /opt/airflow/dags/groups/group_transforms.py
[2023-12-18T17:48:29.862+0000] {processor.py:768} WARNING - No viable dags retrieved from /opt/airflow/dags/groups/group_transforms.py
[2023-12-18T17:48:29.960+0000] {processor.py:176} INFO - Processing /opt/airflow/dags/groups/group_transforms.py took 0.166 seconds
[2023-12-18T17:49:00.132+0000] {processor.py:154} INFO - Started process (PID=338) to work on /opt/airflow/dags/groups/group_transforms.py
[2023-12-18T17:49:00.133+0000] {processor.py:756} INFO - Processing file /opt/airflow/dags/groups/group_transforms.py for tasks to queue
[2023-12-18T17:49:00.134+0000] {logging_mixin.py:120} INFO - [2023-12-18T17:49:00.134+0000] {dagbag.py:537} INFO - Filling up the DagBag from /opt/airflow/dags/groups/group_transforms.py
[2023-12-18T17:49:00.151+0000] {processor.py:768} WARNING - No viable dags retrieved from /opt/airflow/dags/groups/group_transforms.py
[2023-12-18T17:49:00.175+0000] {processor.py:176} INFO - Processing /opt/airflow/dags/groups/group_transforms.py took 0.050 seconds
[2023-12-18T17:49:30.224+0000] {processor.py:154} INFO - Started process (PID=380) to work on /opt/airflow/dags/groups/group_transforms.py
[2023-12-18T17:49:30.225+0000] {processor.py:756} INFO - Processing file /opt/airflow/dags/groups/group_transforms.py for tasks to queue
[2023-12-18T17:49:30.225+0000] {logging_mixin.py:120} INFO - [2023-12-18T17:49:30.225+0000] {dagbag.py:537} INFO - Filling up the DagBag from /opt/airflow/dags/groups/group_transforms.py
[2023-12-18T17:49:30.229+0000] {processor.py:768} WARNING - No viable dags retrieved from /opt/airflow/dags/groups/group_transforms.py
[2023-12-18T17:49:30.240+0000] {processor.py:176} INFO - Processing /opt/airflow/dags/groups/group_transforms.py took 0.019 seconds
[2023-12-18T17:50:00.571+0000] {processor.py:154} INFO - Started process (PID=422) to work on /opt/airflow/dags/groups/group_transforms.py
[2023-12-18T17:50:00.572+0000] {processor.py:756} INFO - Processing file /opt/airflow/dags/groups/group_transforms.py for tasks to queue
[2023-12-18T17:50:00.573+0000] {logging_mixin.py:120} INFO - [2023-12-18T17:50:00.573+0000] {dagbag.py:537} INFO - Filling up the DagBag from /opt/airflow/dags/groups/group_transforms.py
[2023-12-18T17:50:00.578+0000] {processor.py:768} WARNING - No viable dags retrieved from /opt/airflow/dags/groups/group_transforms.py
[2023-12-18T17:50:00.591+0000] {processor.py:176} INFO - Processing /opt/airflow/dags/groups/group_transforms.py took 0.022 seconds
[2023-12-18T17:50:31.377+0000] {processor.py:154} INFO - Started process (PID=456) to work on /opt/airflow/dags/groups/group_transforms.py
[2023-12-18T17:50:31.378+0000] {processor.py:756} INFO - Processing file /opt/airflow/dags/groups/group_transforms.py for tasks to queue
[2023-12-18T17:50:31.379+0000] {logging_mixin.py:120} INFO - [2023-12-18T17:50:31.379+0000] {dagbag.py:537} INFO - Filling up the DagBag from /opt/airflow/dags/groups/group_transforms.py
[2023-12-18T17:50:31.384+0000] {processor.py:768} WARNING - No viable dags retrieved from /opt/airflow/dags/groups/group_transforms.py
[2023-12-18T17:50:31.399+0000] {processor.py:176} INFO - Processing /opt/airflow/dags/groups/group_transforms.py took 0.024 seconds
[2023-12-18T17:51:01.808+0000] {processor.py:154} INFO - Started process (PID=498) to work on /opt/airflow/dags/groups/group_transforms.py
[2023-12-18T17:51:01.809+0000] {processor.py:756} INFO - Processing file /opt/airflow/dags/groups/group_transforms.py for tasks to queue
[2023-12-18T17:51:01.810+0000] {logging_mixin.py:120} INFO - [2023-12-18T17:51:01.810+0000] {dagbag.py:537} INFO - Filling up the DagBag from /opt/airflow/dags/groups/group_transforms.py
[2023-12-18T17:51:01.815+0000] {processor.py:768} WARNING - No viable dags retrieved from /opt/airflow/dags/groups/group_transforms.py
[2023-12-18T17:51:01.832+0000] {processor.py:176} INFO - Processing /opt/airflow/dags/groups/group_transforms.py took 0.026 seconds
[2023-12-18T17:51:31.979+0000] {processor.py:154} INFO - Started process (PID=540) to work on /opt/airflow/dags/groups/group_transforms.py
[2023-12-18T17:51:31.982+0000] {processor.py:756} INFO - Processing file /opt/airflow/dags/groups/group_transforms.py for tasks to queue
[2023-12-18T17:51:31.982+0000] {logging_mixin.py:120} INFO - [2023-12-18T17:51:31.982+0000] {dagbag.py:537} INFO - Filling up the DagBag from /opt/airflow/dags/groups/group_transforms.py
[2023-12-18T17:51:31.997+0000] {processor.py:768} WARNING - No viable dags retrieved from /opt/airflow/dags/groups/group_transforms.py
[2023-12-18T17:51:32.046+0000] {processor.py:176} INFO - Processing /opt/airflow/dags/groups/group_transforms.py took 0.076 seconds
[2023-12-18T17:52:02.126+0000] {processor.py:154} INFO - Started process (PID=572) to work on /opt/airflow/dags/groups/group_transforms.py
[2023-12-18T17:52:02.128+0000] {processor.py:756} INFO - Processing file /opt/airflow/dags/groups/group_transforms.py for tasks to queue
[2023-12-18T17:52:02.128+0000] {logging_mixin.py:120} INFO - [2023-12-18T17:52:02.128+0000] {dagbag.py:537} INFO - Filling up the DagBag from /opt/airflow/dags/groups/group_transforms.py
[2023-12-18T17:52:02.133+0000] {processor.py:768} WARNING - No viable dags retrieved from /opt/airflow/dags/groups/group_transforms.py
[2023-12-18T17:52:02.147+0000] {processor.py:176} INFO - Processing /opt/airflow/dags/groups/group_transforms.py took 0.023 seconds
[2023-12-18T17:52:32.618+0000] {processor.py:154} INFO - Started process (PID=616) to work on /opt/airflow/dags/groups/group_transforms.py
[2023-12-18T17:52:32.619+0000] {processor.py:756} INFO - Processing file /opt/airflow/dags/groups/group_transforms.py for tasks to queue
[2023-12-18T17:52:32.619+0000] {logging_mixin.py:120} INFO - [2023-12-18T17:52:32.619+0000] {dagbag.py:537} INFO - Filling up the DagBag from /opt/airflow/dags/groups/group_transforms.py
[2023-12-18T17:52:32.623+0000] {processor.py:768} WARNING - No viable dags retrieved from /opt/airflow/dags/groups/group_transforms.py
[2023-12-18T17:52:32.633+0000] {processor.py:176} INFO - Processing /opt/airflow/dags/groups/group_transforms.py took 0.018 seconds
[2023-12-18T17:53:03.130+0000] {processor.py:154} INFO - Started process (PID=658) to work on /opt/airflow/dags/groups/group_transforms.py
[2023-12-18T17:53:03.131+0000] {processor.py:756} INFO - Processing file /opt/airflow/dags/groups/group_transforms.py for tasks to queue
[2023-12-18T17:53:03.132+0000] {logging_mixin.py:120} INFO - [2023-12-18T17:53:03.132+0000] {dagbag.py:537} INFO - Filling up the DagBag from /opt/airflow/dags/groups/group_transforms.py
[2023-12-18T17:53:03.137+0000] {processor.py:768} WARNING - No viable dags retrieved from /opt/airflow/dags/groups/group_transforms.py
[2023-12-18T17:53:03.151+0000] {processor.py:176} INFO - Processing /opt/airflow/dags/groups/group_transforms.py took 0.024 seconds
[2023-12-18T17:53:33.245+0000] {processor.py:154} INFO - Started process (PID=690) to work on /opt/airflow/dags/groups/group_transforms.py
[2023-12-18T17:53:33.245+0000] {processor.py:756} INFO - Processing file /opt/airflow/dags/groups/group_transforms.py for tasks to queue
[2023-12-18T17:53:33.246+0000] {logging_mixin.py:120} INFO - [2023-12-18T17:53:33.246+0000] {dagbag.py:537} INFO - Filling up the DagBag from /opt/airflow/dags/groups/group_transforms.py
[2023-12-18T17:53:33.249+0000] {processor.py:768} WARNING - No viable dags retrieved from /opt/airflow/dags/groups/group_transforms.py
[2023-12-18T17:53:33.260+0000] {processor.py:176} INFO - Processing /opt/airflow/dags/groups/group_transforms.py took 0.018 seconds
[2023-12-18T17:54:03.900+0000] {processor.py:154} INFO - Started process (PID=734) to work on /opt/airflow/dags/groups/group_transforms.py
[2023-12-18T17:54:03.900+0000] {processor.py:756} INFO - Processing file /opt/airflow/dags/groups/group_transforms.py for tasks to queue
[2023-12-18T17:54:03.901+0000] {logging_mixin.py:120} INFO - [2023-12-18T17:54:03.901+0000] {dagbag.py:537} INFO - Filling up the DagBag from /opt/airflow/dags/groups/group_transforms.py
[2023-12-18T17:54:03.905+0000] {processor.py:768} WARNING - No viable dags retrieved from /opt/airflow/dags/groups/group_transforms.py
[2023-12-18T17:54:03.915+0000] {processor.py:176} INFO - Processing /opt/airflow/dags/groups/group_transforms.py took 0.018 seconds
[2023-12-18T17:54:34.040+0000] {processor.py:154} INFO - Started process (PID=775) to work on /opt/airflow/dags/groups/group_transforms.py
[2023-12-18T17:54:34.041+0000] {processor.py:756} INFO - Processing file /opt/airflow/dags/groups/group_transforms.py for tasks to queue
[2023-12-18T17:54:34.042+0000] {logging_mixin.py:120} INFO - [2023-12-18T17:54:34.041+0000] {dagbag.py:537} INFO - Filling up the DagBag from /opt/airflow/dags/groups/group_transforms.py
[2023-12-18T17:54:34.047+0000] {processor.py:768} WARNING - No viable dags retrieved from /opt/airflow/dags/groups/group_transforms.py
[2023-12-18T17:54:34.061+0000] {processor.py:176} INFO - Processing /opt/airflow/dags/groups/group_transforms.py took 0.024 seconds
[2023-12-18T17:55:04.133+0000] {processor.py:154} INFO - Started process (PID=811) to work on /opt/airflow/dags/groups/group_transforms.py
[2023-12-18T17:55:04.133+0000] {processor.py:756} INFO - Processing file /opt/airflow/dags/groups/group_transforms.py for tasks to queue
[2023-12-18T17:55:04.134+0000] {logging_mixin.py:120} INFO - [2023-12-18T17:55:04.134+0000] {dagbag.py:537} INFO - Filling up the DagBag from /opt/airflow/dags/groups/group_transforms.py
[2023-12-18T17:55:04.138+0000] {processor.py:768} WARNING - No viable dags retrieved from /opt/airflow/dags/groups/group_transforms.py
[2023-12-18T17:55:04.148+0000] {processor.py:176} INFO - Processing /opt/airflow/dags/groups/group_transforms.py took 0.018 seconds
[2023-12-18T17:55:34.695+0000] {processor.py:154} INFO - Started process (PID=853) to work on /opt/airflow/dags/groups/group_transforms.py
[2023-12-18T17:55:34.695+0000] {processor.py:756} INFO - Processing file /opt/airflow/dags/groups/group_transforms.py for tasks to queue
[2023-12-18T17:55:34.696+0000] {logging_mixin.py:120} INFO - [2023-12-18T17:55:34.696+0000] {dagbag.py:537} INFO - Filling up the DagBag from /opt/airflow/dags/groups/group_transforms.py
[2023-12-18T17:55:34.699+0000] {processor.py:768} WARNING - No viable dags retrieved from /opt/airflow/dags/groups/group_transforms.py
[2023-12-18T17:55:34.710+0000] {processor.py:176} INFO - Processing /opt/airflow/dags/groups/group_transforms.py took 0.018 seconds
[2023-12-18T17:56:04.744+0000] {processor.py:154} INFO - Started process (PID=895) to work on /opt/airflow/dags/groups/group_transforms.py
[2023-12-18T17:56:04.745+0000] {processor.py:756} INFO - Processing file /opt/airflow/dags/groups/group_transforms.py for tasks to queue
[2023-12-18T17:56:04.746+0000] {logging_mixin.py:120} INFO - [2023-12-18T17:56:04.745+0000] {dagbag.py:537} INFO - Filling up the DagBag from /opt/airflow/dags/groups/group_transforms.py
[2023-12-18T17:56:04.749+0000] {processor.py:768} WARNING - No viable dags retrieved from /opt/airflow/dags/groups/group_transforms.py
[2023-12-18T17:56:04.770+0000] {processor.py:176} INFO - Processing /opt/airflow/dags/groups/group_transforms.py took 0.029 seconds
[2023-12-18T17:56:35.034+0000] {processor.py:154} INFO - Started process (PID=930) to work on /opt/airflow/dags/groups/group_transforms.py
[2023-12-18T17:56:35.034+0000] {processor.py:756} INFO - Processing file /opt/airflow/dags/groups/group_transforms.py for tasks to queue
[2023-12-18T17:56:35.035+0000] {logging_mixin.py:120} INFO - [2023-12-18T17:56:35.035+0000] {dagbag.py:537} INFO - Filling up the DagBag from /opt/airflow/dags/groups/group_transforms.py
[2023-12-18T17:56:35.042+0000] {processor.py:768} WARNING - No viable dags retrieved from /opt/airflow/dags/groups/group_transforms.py
[2023-12-18T17:56:35.112+0000] {processor.py:176} INFO - Processing /opt/airflow/dags/groups/group_transforms.py took 0.095 seconds
[2023-12-18T17:57:05.386+0000] {processor.py:154} INFO - Started process (PID=973) to work on /opt/airflow/dags/groups/group_transforms.py
[2023-12-18T17:57:05.387+0000] {processor.py:756} INFO - Processing file /opt/airflow/dags/groups/group_transforms.py for tasks to queue
[2023-12-18T17:57:05.388+0000] {logging_mixin.py:120} INFO - [2023-12-18T17:57:05.388+0000] {dagbag.py:537} INFO - Filling up the DagBag from /opt/airflow/dags/groups/group_transforms.py
[2023-12-18T17:57:05.393+0000] {processor.py:768} WARNING - No viable dags retrieved from /opt/airflow/dags/groups/group_transforms.py
[2023-12-18T17:57:05.407+0000] {processor.py:176} INFO - Processing /opt/airflow/dags/groups/group_transforms.py took 0.023 seconds
[2023-12-18T17:57:36.109+0000] {processor.py:154} INFO - Started process (PID=1016) to work on /opt/airflow/dags/groups/group_transforms.py
[2023-12-18T17:57:36.110+0000] {processor.py:756} INFO - Processing file /opt/airflow/dags/groups/group_transforms.py for tasks to queue
[2023-12-18T17:57:36.111+0000] {logging_mixin.py:120} INFO - [2023-12-18T17:57:36.110+0000] {dagbag.py:537} INFO - Filling up the DagBag from /opt/airflow/dags/groups/group_transforms.py
[2023-12-18T17:57:36.114+0000] {processor.py:768} WARNING - No viable dags retrieved from /opt/airflow/dags/groups/group_transforms.py
[2023-12-18T17:57:36.124+0000] {processor.py:176} INFO - Processing /opt/airflow/dags/groups/group_transforms.py took 0.018 seconds
[2023-12-18T17:58:06.728+0000] {processor.py:154} INFO - Started process (PID=1049) to work on /opt/airflow/dags/groups/group_transforms.py
[2023-12-18T17:58:06.729+0000] {processor.py:756} INFO - Processing file /opt/airflow/dags/groups/group_transforms.py for tasks to queue
[2023-12-18T17:58:06.729+0000] {logging_mixin.py:120} INFO - [2023-12-18T17:58:06.729+0000] {dagbag.py:537} INFO - Filling up the DagBag from /opt/airflow/dags/groups/group_transforms.py
[2023-12-18T17:58:06.735+0000] {processor.py:768} WARNING - No viable dags retrieved from /opt/airflow/dags/groups/group_transforms.py
[2023-12-18T17:58:06.747+0000] {processor.py:176} INFO - Processing /opt/airflow/dags/groups/group_transforms.py took 0.023 seconds
[2023-12-18T17:58:36.910+0000] {processor.py:154} INFO - Started process (PID=1091) to work on /opt/airflow/dags/groups/group_transforms.py
[2023-12-18T17:58:36.910+0000] {processor.py:756} INFO - Processing file /opt/airflow/dags/groups/group_transforms.py for tasks to queue
[2023-12-18T17:58:36.911+0000] {logging_mixin.py:120} INFO - [2023-12-18T17:58:36.910+0000] {dagbag.py:537} INFO - Filling up the DagBag from /opt/airflow/dags/groups/group_transforms.py
[2023-12-18T17:58:36.914+0000] {processor.py:768} WARNING - No viable dags retrieved from /opt/airflow/dags/groups/group_transforms.py
[2023-12-18T17:58:36.924+0000] {processor.py:176} INFO - Processing /opt/airflow/dags/groups/group_transforms.py took 0.017 seconds
[2023-12-18T17:59:07.181+0000] {processor.py:154} INFO - Started process (PID=1131) to work on /opt/airflow/dags/groups/group_transforms.py
[2023-12-18T17:59:07.196+0000] {processor.py:756} INFO - Processing file /opt/airflow/dags/groups/group_transforms.py for tasks to queue
[2023-12-18T17:59:07.197+0000] {logging_mixin.py:120} INFO - [2023-12-18T17:59:07.196+0000] {dagbag.py:537} INFO - Filling up the DagBag from /opt/airflow/dags/groups/group_transforms.py
[2023-12-18T17:59:07.226+0000] {processor.py:768} WARNING - No viable dags retrieved from /opt/airflow/dags/groups/group_transforms.py
[2023-12-18T17:59:07.281+0000] {processor.py:176} INFO - Processing /opt/airflow/dags/groups/group_transforms.py took 0.127 seconds
[2023-12-18T17:59:37.449+0000] {processor.py:154} INFO - Started process (PID=1163) to work on /opt/airflow/dags/groups/group_transforms.py
[2023-12-18T17:59:37.450+0000] {processor.py:756} INFO - Processing file /opt/airflow/dags/groups/group_transforms.py for tasks to queue
[2023-12-18T17:59:37.450+0000] {logging_mixin.py:120} INFO - [2023-12-18T17:59:37.450+0000] {dagbag.py:537} INFO - Filling up the DagBag from /opt/airflow/dags/groups/group_transforms.py
[2023-12-18T17:59:37.453+0000] {processor.py:768} WARNING - No viable dags retrieved from /opt/airflow/dags/groups/group_transforms.py
[2023-12-18T17:59:37.464+0000] {processor.py:176} INFO - Processing /opt/airflow/dags/groups/group_transforms.py took 0.017 seconds
[2023-12-18T18:00:07.938+0000] {processor.py:154} INFO - Started process (PID=1195) to work on /opt/airflow/dags/groups/group_transforms.py
[2023-12-18T18:00:07.939+0000] {processor.py:756} INFO - Processing file /opt/airflow/dags/groups/group_transforms.py for tasks to queue
[2023-12-18T18:00:07.940+0000] {logging_mixin.py:120} INFO - [2023-12-18T18:00:07.940+0000] {dagbag.py:537} INFO - Filling up the DagBag from /opt/airflow/dags/groups/group_transforms.py
[2023-12-18T18:00:07.944+0000] {processor.py:768} WARNING - No viable dags retrieved from /opt/airflow/dags/groups/group_transforms.py
[2023-12-18T18:00:07.957+0000] {processor.py:176} INFO - Processing /opt/airflow/dags/groups/group_transforms.py took 0.023 seconds
[2023-12-18T18:00:38.545+0000] {processor.py:154} INFO - Started process (PID=1237) to work on /opt/airflow/dags/groups/group_transforms.py
[2023-12-18T18:00:38.560+0000] {processor.py:756} INFO - Processing file /opt/airflow/dags/groups/group_transforms.py for tasks to queue
[2023-12-18T18:00:38.560+0000] {logging_mixin.py:120} INFO - [2023-12-18T18:00:38.560+0000] {dagbag.py:537} INFO - Filling up the DagBag from /opt/airflow/dags/groups/group_transforms.py
[2023-12-18T18:00:38.577+0000] {processor.py:768} WARNING - No viable dags retrieved from /opt/airflow/dags/groups/group_transforms.py
[2023-12-18T18:00:38.671+0000] {processor.py:176} INFO - Processing /opt/airflow/dags/groups/group_transforms.py took 0.140 seconds
[2023-12-18T18:01:08.986+0000] {processor.py:154} INFO - Started process (PID=1267) to work on /opt/airflow/dags/groups/group_transforms.py
[2023-12-18T18:01:08.986+0000] {processor.py:756} INFO - Processing file /opt/airflow/dags/groups/group_transforms.py for tasks to queue
[2023-12-18T18:01:08.987+0000] {logging_mixin.py:120} INFO - [2023-12-18T18:01:08.987+0000] {dagbag.py:537} INFO - Filling up the DagBag from /opt/airflow/dags/groups/group_transforms.py
[2023-12-18T18:01:08.990+0000] {processor.py:768} WARNING - No viable dags retrieved from /opt/airflow/dags/groups/group_transforms.py
[2023-12-18T18:01:09.000+0000] {processor.py:176} INFO - Processing /opt/airflow/dags/groups/group_transforms.py took 0.016 seconds
[2023-12-18T18:01:39.053+0000] {processor.py:154} INFO - Started process (PID=1300) to work on /opt/airflow/dags/groups/group_transforms.py
[2023-12-18T18:01:39.054+0000] {processor.py:756} INFO - Processing file /opt/airflow/dags/groups/group_transforms.py for tasks to queue
[2023-12-18T18:01:39.054+0000] {logging_mixin.py:120} INFO - [2023-12-18T18:01:39.054+0000] {dagbag.py:537} INFO - Filling up the DagBag from /opt/airflow/dags/groups/group_transforms.py
[2023-12-18T18:01:39.058+0000] {processor.py:768} WARNING - No viable dags retrieved from /opt/airflow/dags/groups/group_transforms.py
[2023-12-18T18:01:39.068+0000] {processor.py:176} INFO - Processing /opt/airflow/dags/groups/group_transforms.py took 0.017 seconds
[2023-12-18T18:02:09.477+0000] {processor.py:154} INFO - Started process (PID=1333) to work on /opt/airflow/dags/groups/group_transforms.py
[2023-12-18T18:02:09.478+0000] {processor.py:756} INFO - Processing file /opt/airflow/dags/groups/group_transforms.py for tasks to queue
[2023-12-18T18:02:09.479+0000] {logging_mixin.py:120} INFO - [2023-12-18T18:02:09.479+0000] {dagbag.py:537} INFO - Filling up the DagBag from /opt/airflow/dags/groups/group_transforms.py
[2023-12-18T18:02:09.484+0000] {processor.py:768} WARNING - No viable dags retrieved from /opt/airflow/dags/groups/group_transforms.py
[2023-12-18T18:02:09.498+0000] {processor.py:176} INFO - Processing /opt/airflow/dags/groups/group_transforms.py took 0.024 seconds
[2023-12-18T18:02:39.875+0000] {processor.py:154} INFO - Started process (PID=1376) to work on /opt/airflow/dags/groups/group_transforms.py
[2023-12-18T18:02:39.876+0000] {processor.py:756} INFO - Processing file /opt/airflow/dags/groups/group_transforms.py for tasks to queue
[2023-12-18T18:02:39.876+0000] {logging_mixin.py:120} INFO - [2023-12-18T18:02:39.876+0000] {dagbag.py:537} INFO - Filling up the DagBag from /opt/airflow/dags/groups/group_transforms.py
[2023-12-18T18:02:39.880+0000] {processor.py:768} WARNING - No viable dags retrieved from /opt/airflow/dags/groups/group_transforms.py
[2023-12-18T18:02:39.891+0000] {processor.py:176} INFO - Processing /opt/airflow/dags/groups/group_transforms.py took 0.018 seconds
[2023-12-18T18:03:10.480+0000] {processor.py:154} INFO - Started process (PID=1410) to work on /opt/airflow/dags/groups/group_transforms.py
[2023-12-18T18:03:10.481+0000] {processor.py:756} INFO - Processing file /opt/airflow/dags/groups/group_transforms.py for tasks to queue
[2023-12-18T18:03:10.481+0000] {logging_mixin.py:120} INFO - [2023-12-18T18:03:10.481+0000] {dagbag.py:537} INFO - Filling up the DagBag from /opt/airflow/dags/groups/group_transforms.py
[2023-12-18T18:03:10.485+0000] {processor.py:768} WARNING - No viable dags retrieved from /opt/airflow/dags/groups/group_transforms.py
[2023-12-18T18:03:10.495+0000] {processor.py:176} INFO - Processing /opt/airflow/dags/groups/group_transforms.py took 0.017 seconds
[2023-12-18T18:03:40.965+0000] {processor.py:154} INFO - Started process (PID=1452) to work on /opt/airflow/dags/groups/group_transforms.py
[2023-12-18T18:03:40.970+0000] {processor.py:756} INFO - Processing file /opt/airflow/dags/groups/group_transforms.py for tasks to queue
[2023-12-18T18:03:40.970+0000] {logging_mixin.py:120} INFO - [2023-12-18T18:03:40.970+0000] {dagbag.py:537} INFO - Filling up the DagBag from /opt/airflow/dags/groups/group_transforms.py
[2023-12-18T18:03:40.981+0000] {processor.py:768} WARNING - No viable dags retrieved from /opt/airflow/dags/groups/group_transforms.py
[2023-12-18T18:03:41.000+0000] {processor.py:176} INFO - Processing /opt/airflow/dags/groups/group_transforms.py took 0.043 seconds
[2023-12-18T18:04:11.216+0000] {processor.py:154} INFO - Started process (PID=1485) to work on /opt/airflow/dags/groups/group_transforms.py
[2023-12-18T18:04:11.217+0000] {processor.py:756} INFO - Processing file /opt/airflow/dags/groups/group_transforms.py for tasks to queue
[2023-12-18T18:04:11.218+0000] {logging_mixin.py:120} INFO - [2023-12-18T18:04:11.218+0000] {dagbag.py:537} INFO - Filling up the DagBag from /opt/airflow/dags/groups/group_transforms.py
[2023-12-18T18:04:11.222+0000] {processor.py:768} WARNING - No viable dags retrieved from /opt/airflow/dags/groups/group_transforms.py
[2023-12-18T18:04:11.233+0000] {processor.py:176} INFO - Processing /opt/airflow/dags/groups/group_transforms.py took 0.020 seconds
[2023-12-18T18:04:41.927+0000] {processor.py:154} INFO - Started process (PID=1529) to work on /opt/airflow/dags/groups/group_transforms.py
[2023-12-18T18:04:41.928+0000] {processor.py:756} INFO - Processing file /opt/airflow/dags/groups/group_transforms.py for tasks to queue
[2023-12-18T18:04:41.928+0000] {logging_mixin.py:120} INFO - [2023-12-18T18:04:41.928+0000] {dagbag.py:537} INFO - Filling up the DagBag from /opt/airflow/dags/groups/group_transforms.py
[2023-12-18T18:04:41.932+0000] {processor.py:768} WARNING - No viable dags retrieved from /opt/airflow/dags/groups/group_transforms.py
[2023-12-18T18:04:41.942+0000] {processor.py:176} INFO - Processing /opt/airflow/dags/groups/group_transforms.py took 0.017 seconds
[2023-12-18T18:05:12.048+0000] {processor.py:154} INFO - Started process (PID=1572) to work on /opt/airflow/dags/groups/group_transforms.py
[2023-12-18T18:05:12.049+0000] {processor.py:756} INFO - Processing file /opt/airflow/dags/groups/group_transforms.py for tasks to queue
[2023-12-18T18:05:12.049+0000] {logging_mixin.py:120} INFO - [2023-12-18T18:05:12.049+0000] {dagbag.py:537} INFO - Filling up the DagBag from /opt/airflow/dags/groups/group_transforms.py
[2023-12-18T18:05:12.053+0000] {processor.py:768} WARNING - No viable dags retrieved from /opt/airflow/dags/groups/group_transforms.py
[2023-12-18T18:05:12.064+0000] {processor.py:176} INFO - Processing /opt/airflow/dags/groups/group_transforms.py took 0.018 seconds
[2023-12-18T18:05:42.453+0000] {processor.py:154} INFO - Started process (PID=1605) to work on /opt/airflow/dags/groups/group_transforms.py
[2023-12-18T18:05:42.453+0000] {processor.py:756} INFO - Processing file /opt/airflow/dags/groups/group_transforms.py for tasks to queue
[2023-12-18T18:05:42.454+0000] {logging_mixin.py:120} INFO - [2023-12-18T18:05:42.454+0000] {dagbag.py:537} INFO - Filling up the DagBag from /opt/airflow/dags/groups/group_transforms.py
[2023-12-18T18:05:42.457+0000] {processor.py:768} WARNING - No viable dags retrieved from /opt/airflow/dags/groups/group_transforms.py
[2023-12-18T18:05:42.467+0000] {processor.py:176} INFO - Processing /opt/airflow/dags/groups/group_transforms.py took 0.017 seconds
[2023-12-18T18:06:12.918+0000] {processor.py:154} INFO - Started process (PID=1646) to work on /opt/airflow/dags/groups/group_transforms.py
[2023-12-18T18:06:12.920+0000] {processor.py:756} INFO - Processing file /opt/airflow/dags/groups/group_transforms.py for tasks to queue
[2023-12-18T18:06:12.921+0000] {logging_mixin.py:120} INFO - [2023-12-18T18:06:12.921+0000] {dagbag.py:537} INFO - Filling up the DagBag from /opt/airflow/dags/groups/group_transforms.py
[2023-12-18T18:06:12.940+0000] {processor.py:768} WARNING - No viable dags retrieved from /opt/airflow/dags/groups/group_transforms.py
[2023-12-18T18:06:12.969+0000] {processor.py:176} INFO - Processing /opt/airflow/dags/groups/group_transforms.py took 0.067 seconds
[2023-12-18T18:06:43.257+0000] {processor.py:154} INFO - Started process (PID=1680) to work on /opt/airflow/dags/groups/group_transforms.py
[2023-12-18T18:06:43.258+0000] {processor.py:756} INFO - Processing file /opt/airflow/dags/groups/group_transforms.py for tasks to queue
[2023-12-18T18:06:43.258+0000] {logging_mixin.py:120} INFO - [2023-12-18T18:06:43.258+0000] {dagbag.py:537} INFO - Filling up the DagBag from /opt/airflow/dags/groups/group_transforms.py
[2023-12-18T18:06:43.264+0000] {processor.py:768} WARNING - No viable dags retrieved from /opt/airflow/dags/groups/group_transforms.py
[2023-12-18T18:06:43.277+0000] {processor.py:176} INFO - Processing /opt/airflow/dags/groups/group_transforms.py took 0.024 seconds
[2023-12-18T18:07:13.533+0000] {processor.py:154} INFO - Started process (PID=1722) to work on /opt/airflow/dags/groups/group_transforms.py
[2023-12-18T18:07:13.533+0000] {processor.py:756} INFO - Processing file /opt/airflow/dags/groups/group_transforms.py for tasks to queue
[2023-12-18T18:07:13.534+0000] {logging_mixin.py:120} INFO - [2023-12-18T18:07:13.534+0000] {dagbag.py:537} INFO - Filling up the DagBag from /opt/airflow/dags/groups/group_transforms.py
[2023-12-18T18:07:13.539+0000] {processor.py:768} WARNING - No viable dags retrieved from /opt/airflow/dags/groups/group_transforms.py
[2023-12-18T18:07:13.554+0000] {processor.py:176} INFO - Processing /opt/airflow/dags/groups/group_transforms.py took 0.025 seconds
[2023-12-18T18:07:43.676+0000] {processor.py:154} INFO - Started process (PID=1756) to work on /opt/airflow/dags/groups/group_transforms.py
[2023-12-18T18:07:43.676+0000] {processor.py:756} INFO - Processing file /opt/airflow/dags/groups/group_transforms.py for tasks to queue
[2023-12-18T18:07:43.677+0000] {logging_mixin.py:120} INFO - [2023-12-18T18:07:43.677+0000] {dagbag.py:537} INFO - Filling up the DagBag from /opt/airflow/dags/groups/group_transforms.py
[2023-12-18T18:07:43.682+0000] {processor.py:768} WARNING - No viable dags retrieved from /opt/airflow/dags/groups/group_transforms.py
[2023-12-18T18:07:43.696+0000] {processor.py:176} INFO - Processing /opt/airflow/dags/groups/group_transforms.py took 0.023 seconds
[2023-12-18T18:08:14.293+0000] {processor.py:154} INFO - Started process (PID=1797) to work on /opt/airflow/dags/groups/group_transforms.py
[2023-12-18T18:08:14.294+0000] {processor.py:756} INFO - Processing file /opt/airflow/dags/groups/group_transforms.py for tasks to queue
[2023-12-18T18:08:14.295+0000] {logging_mixin.py:120} INFO - [2023-12-18T18:08:14.295+0000] {dagbag.py:537} INFO - Filling up the DagBag from /opt/airflow/dags/groups/group_transforms.py
[2023-12-18T18:08:14.300+0000] {processor.py:768} WARNING - No viable dags retrieved from /opt/airflow/dags/groups/group_transforms.py
[2023-12-18T18:08:14.313+0000] {processor.py:176} INFO - Processing /opt/airflow/dags/groups/group_transforms.py took 0.024 seconds
[2023-12-18T18:08:45.059+0000] {processor.py:154} INFO - Started process (PID=1841) to work on /opt/airflow/dags/groups/group_transforms.py
[2023-12-18T18:08:45.060+0000] {processor.py:756} INFO - Processing file /opt/airflow/dags/groups/group_transforms.py for tasks to queue
[2023-12-18T18:08:45.060+0000] {logging_mixin.py:120} INFO - [2023-12-18T18:08:45.060+0000] {dagbag.py:537} INFO - Filling up the DagBag from /opt/airflow/dags/groups/group_transforms.py
[2023-12-18T18:08:45.064+0000] {processor.py:768} WARNING - No viable dags retrieved from /opt/airflow/dags/groups/group_transforms.py
[2023-12-18T18:08:45.075+0000] {processor.py:176} INFO - Processing /opt/airflow/dags/groups/group_transforms.py took 0.018 seconds
[2023-12-18T18:09:15.508+0000] {processor.py:154} INFO - Started process (PID=1886) to work on /opt/airflow/dags/groups/group_transforms.py
[2023-12-18T18:09:15.509+0000] {processor.py:756} INFO - Processing file /opt/airflow/dags/groups/group_transforms.py for tasks to queue
[2023-12-18T18:09:15.510+0000] {logging_mixin.py:120} INFO - [2023-12-18T18:09:15.510+0000] {dagbag.py:537} INFO - Filling up the DagBag from /opt/airflow/dags/groups/group_transforms.py
[2023-12-18T18:09:15.515+0000] {processor.py:768} WARNING - No viable dags retrieved from /opt/airflow/dags/groups/group_transforms.py
[2023-12-18T18:09:15.529+0000] {processor.py:176} INFO - Processing /opt/airflow/dags/groups/group_transforms.py took 0.030 seconds
[2023-12-18T18:09:46.015+0000] {processor.py:154} INFO - Started process (PID=1920) to work on /opt/airflow/dags/groups/group_transforms.py
[2023-12-18T18:09:46.015+0000] {processor.py:756} INFO - Processing file /opt/airflow/dags/groups/group_transforms.py for tasks to queue
[2023-12-18T18:09:46.016+0000] {logging_mixin.py:120} INFO - [2023-12-18T18:09:46.016+0000] {dagbag.py:537} INFO - Filling up the DagBag from /opt/airflow/dags/groups/group_transforms.py
[2023-12-18T18:09:46.021+0000] {processor.py:768} WARNING - No viable dags retrieved from /opt/airflow/dags/groups/group_transforms.py
[2023-12-18T18:09:46.034+0000] {processor.py:176} INFO - Processing /opt/airflow/dags/groups/group_transforms.py took 0.023 seconds
[2023-12-18T18:10:16.444+0000] {processor.py:154} INFO - Started process (PID=1963) to work on /opt/airflow/dags/groups/group_transforms.py
[2023-12-18T18:10:16.444+0000] {processor.py:756} INFO - Processing file /opt/airflow/dags/groups/group_transforms.py for tasks to queue
[2023-12-18T18:10:16.445+0000] {logging_mixin.py:120} INFO - [2023-12-18T18:10:16.445+0000] {dagbag.py:537} INFO - Filling up the DagBag from /opt/airflow/dags/groups/group_transforms.py
[2023-12-18T18:10:16.449+0000] {processor.py:768} WARNING - No viable dags retrieved from /opt/airflow/dags/groups/group_transforms.py
[2023-12-18T18:10:16.459+0000] {processor.py:176} INFO - Processing /opt/airflow/dags/groups/group_transforms.py took 0.017 seconds
[2023-12-18T18:10:46.916+0000] {processor.py:154} INFO - Started process (PID=2005) to work on /opt/airflow/dags/groups/group_transforms.py
[2023-12-18T18:10:46.917+0000] {processor.py:756} INFO - Processing file /opt/airflow/dags/groups/group_transforms.py for tasks to queue
[2023-12-18T18:10:46.917+0000] {logging_mixin.py:120} INFO - [2023-12-18T18:10:46.917+0000] {dagbag.py:537} INFO - Filling up the DagBag from /opt/airflow/dags/groups/group_transforms.py
[2023-12-18T18:10:46.922+0000] {processor.py:768} WARNING - No viable dags retrieved from /opt/airflow/dags/groups/group_transforms.py
[2023-12-18T18:10:46.934+0000] {processor.py:176} INFO - Processing /opt/airflow/dags/groups/group_transforms.py took 0.022 seconds
[2023-12-18T18:11:17.674+0000] {processor.py:154} INFO - Started process (PID=2038) to work on /opt/airflow/dags/groups/group_transforms.py
[2023-12-18T18:11:17.675+0000] {processor.py:756} INFO - Processing file /opt/airflow/dags/groups/group_transforms.py for tasks to queue
[2023-12-18T18:11:17.675+0000] {logging_mixin.py:120} INFO - [2023-12-18T18:11:17.675+0000] {dagbag.py:537} INFO - Filling up the DagBag from /opt/airflow/dags/groups/group_transforms.py
[2023-12-18T18:11:17.680+0000] {processor.py:768} WARNING - No viable dags retrieved from /opt/airflow/dags/groups/group_transforms.py
[2023-12-18T18:11:17.695+0000] {processor.py:176} INFO - Processing /opt/airflow/dags/groups/group_transforms.py took 0.024 seconds
[2023-12-18T18:11:48.626+0000] {processor.py:154} INFO - Started process (PID=2079) to work on /opt/airflow/dags/groups/group_transforms.py
[2023-12-18T18:11:48.626+0000] {processor.py:756} INFO - Processing file /opt/airflow/dags/groups/group_transforms.py for tasks to queue
[2023-12-18T18:11:48.627+0000] {logging_mixin.py:120} INFO - [2023-12-18T18:11:48.627+0000] {dagbag.py:537} INFO - Filling up the DagBag from /opt/airflow/dags/groups/group_transforms.py
[2023-12-18T18:11:48.632+0000] {processor.py:768} WARNING - No viable dags retrieved from /opt/airflow/dags/groups/group_transforms.py
[2023-12-18T18:11:48.649+0000] {processor.py:176} INFO - Processing /opt/airflow/dags/groups/group_transforms.py took 0.025 seconds
[2023-12-18T18:12:18.909+0000] {processor.py:154} INFO - Started process (PID=2121) to work on /opt/airflow/dags/groups/group_transforms.py
[2023-12-18T18:12:18.910+0000] {processor.py:756} INFO - Processing file /opt/airflow/dags/groups/group_transforms.py for tasks to queue
[2023-12-18T18:12:18.910+0000] {logging_mixin.py:120} INFO - [2023-12-18T18:12:18.910+0000] {dagbag.py:537} INFO - Filling up the DagBag from /opt/airflow/dags/groups/group_transforms.py
[2023-12-18T18:12:18.917+0000] {processor.py:768} WARNING - No viable dags retrieved from /opt/airflow/dags/groups/group_transforms.py
[2023-12-18T18:12:18.948+0000] {processor.py:176} INFO - Processing /opt/airflow/dags/groups/group_transforms.py took 0.043 seconds
[2023-12-18T18:12:49.755+0000] {processor.py:154} INFO - Started process (PID=2154) to work on /opt/airflow/dags/groups/group_transforms.py
[2023-12-18T18:12:49.756+0000] {processor.py:756} INFO - Processing file /opt/airflow/dags/groups/group_transforms.py for tasks to queue
[2023-12-18T18:12:49.757+0000] {logging_mixin.py:120} INFO - [2023-12-18T18:12:49.757+0000] {dagbag.py:537} INFO - Filling up the DagBag from /opt/airflow/dags/groups/group_transforms.py
[2023-12-18T18:12:49.762+0000] {processor.py:768} WARNING - No viable dags retrieved from /opt/airflow/dags/groups/group_transforms.py
[2023-12-18T18:12:49.776+0000] {processor.py:176} INFO - Processing /opt/airflow/dags/groups/group_transforms.py took 0.024 seconds
[2023-12-18T18:13:20.628+0000] {processor.py:154} INFO - Started process (PID=2197) to work on /opt/airflow/dags/groups/group_transforms.py
[2023-12-18T18:13:20.629+0000] {processor.py:756} INFO - Processing file /opt/airflow/dags/groups/group_transforms.py for tasks to queue
[2023-12-18T18:13:20.629+0000] {logging_mixin.py:120} INFO - [2023-12-18T18:13:20.629+0000] {dagbag.py:537} INFO - Filling up the DagBag from /opt/airflow/dags/groups/group_transforms.py
[2023-12-18T18:13:20.633+0000] {processor.py:768} WARNING - No viable dags retrieved from /opt/airflow/dags/groups/group_transforms.py
[2023-12-18T18:13:20.643+0000] {processor.py:176} INFO - Processing /opt/airflow/dags/groups/group_transforms.py took 0.017 seconds
[2023-12-18T18:13:51.204+0000] {processor.py:154} INFO - Started process (PID=2241) to work on /opt/airflow/dags/groups/group_transforms.py
[2023-12-18T18:13:51.205+0000] {processor.py:756} INFO - Processing file /opt/airflow/dags/groups/group_transforms.py for tasks to queue
[2023-12-18T18:13:51.205+0000] {logging_mixin.py:120} INFO - [2023-12-18T18:13:51.205+0000] {dagbag.py:537} INFO - Filling up the DagBag from /opt/airflow/dags/groups/group_transforms.py
[2023-12-18T18:13:51.209+0000] {processor.py:768} WARNING - No viable dags retrieved from /opt/airflow/dags/groups/group_transforms.py
[2023-12-18T18:13:51.220+0000] {processor.py:176} INFO - Processing /opt/airflow/dags/groups/group_transforms.py took 0.017 seconds
