[2023-12-05T19:43:40.271+0000] {taskinstance.py:1165} INFO - Dependencies all met for <TaskInstance: xcom_dag.t1 manual__2023-12-05T19:43:39.874175+00:00 [queued]>
[2023-12-05T19:43:40.278+0000] {taskinstance.py:1165} INFO - Dependencies all met for <TaskInstance: xcom_dag.t1 manual__2023-12-05T19:43:39.874175+00:00 [queued]>
[2023-12-05T19:43:40.278+0000] {taskinstance.py:1362} INFO - 
--------------------------------------------------------------------------------
[2023-12-05T19:43:40.278+0000] {taskinstance.py:1363} INFO - Starting attempt 1 of 1
[2023-12-05T19:43:40.278+0000] {taskinstance.py:1364} INFO - 
--------------------------------------------------------------------------------
[2023-12-05T19:43:40.296+0000] {taskinstance.py:1383} INFO - Executing <Task(PythonOperator): t1> on 2023-12-05 19:43:39.874175+00:00
[2023-12-05T19:43:40.302+0000] {standard_task_runner.py:55} INFO - Started process 5543 to run task
[2023-12-05T19:43:40.305+0000] {standard_task_runner.py:82} INFO - Running: ['***', 'tasks', 'run', 'xcom_dag', 't1', 'manual__2023-12-05T19:43:39.874175+00:00', '--job-id', '265', '--raw', '--subdir', 'DAGS_FOLDER/xcom_dag.py', '--cfg-path', '/tmp/tmpz1v4w3wk']
[2023-12-05T19:43:40.305+0000] {standard_task_runner.py:83} INFO - Job 265: Subtask t1
[2023-12-05T19:43:40.361+0000] {task_command.py:376} INFO - Running <TaskInstance: xcom_dag.t1 manual__2023-12-05T19:43:39.874175+00:00 [running]> on host 29305dc74afc
[2023-12-05T19:43:40.432+0000] {taskinstance.py:1592} INFO - Exporting the following env vars:
AIRFLOW_CTX_DAG_OWNER=***
AIRFLOW_CTX_DAG_ID=xcom_dag
AIRFLOW_CTX_TASK_ID=t1
AIRFLOW_CTX_EXECUTION_DATE=2023-12-05T19:43:39.874175+00:00
AIRFLOW_CTX_TRY_NUMBER=1
AIRFLOW_CTX_DAG_RUN_ID=manual__2023-12-05T19:43:39.874175+00:00
[2023-12-05T19:43:40.449+0000] {logging_mixin.py:120} INFO - None
[2023-12-05T19:43:40.449+0000] {python.py:177} INFO - Done. Returned value was: None
[2023-12-05T19:43:40.458+0000] {taskinstance.py:1406} INFO - Marking task as SUCCESS. dag_id=xcom_dag, task_id=t1, execution_date=20231205T194339, start_date=20231205T194340, end_date=20231205T194340
[2023-12-05T19:43:40.516+0000] {local_task_job.py:164} INFO - Task exited with return code 0
[2023-12-05T19:43:40.547+0000] {local_task_job.py:273} INFO - 1 downstream tasks scheduled from follow-on schedule check
