[2023-11-25T20:03:18.719+0000] {taskinstance.py:1165} INFO - Dependencies all met for <TaskInstance: parallel_dag.extract_a scheduled__2023-11-23T00:00:00+00:00 [queued]>
[2023-11-25T20:03:18.905+0000] {taskinstance.py:1165} INFO - Dependencies all met for <TaskInstance: parallel_dag.extract_a scheduled__2023-11-23T00:00:00+00:00 [queued]>
[2023-11-25T20:03:18.905+0000] {taskinstance.py:1362} INFO - 
--------------------------------------------------------------------------------
[2023-11-25T20:03:18.920+0000] {taskinstance.py:1363} INFO - Starting attempt 1 of 1
[2023-11-25T20:03:18.924+0000] {taskinstance.py:1364} INFO - 
--------------------------------------------------------------------------------
[2023-11-25T20:03:19.239+0000] {taskinstance.py:1383} INFO - Executing <Task(BashOperator): extract_a> on 2023-11-23 00:00:00+00:00
[2023-11-25T20:03:19.320+0000] {standard_task_runner.py:55} INFO - Started process 66 to run task
[2023-11-25T20:03:19.415+0000] {standard_task_runner.py:82} INFO - Running: ['***', 'tasks', 'run', 'parallel_dag', 'extract_a', 'scheduled__2023-11-23T00:00:00+00:00', '--job-id', '115', '--raw', '--subdir', 'DAGS_FOLDER/parallel_dag.py', '--cfg-path', '/tmp/tmpofqrgrb5']
[2023-11-25T20:03:19.419+0000] {standard_task_runner.py:83} INFO - Job 115: Subtask extract_a
[2023-11-25T20:03:20.870+0000] {task_command.py:376} INFO - Running <TaskInstance: parallel_dag.extract_a scheduled__2023-11-23T00:00:00+00:00 [running]> on host 29305dc74afc
[2023-11-25T20:03:23.430+0000] {taskinstance.py:1592} INFO - Exporting the following env vars:
AIRFLOW_CTX_DAG_OWNER=***
AIRFLOW_CTX_DAG_ID=parallel_dag
AIRFLOW_CTX_TASK_ID=extract_a
AIRFLOW_CTX_EXECUTION_DATE=2023-11-23T00:00:00+00:00
AIRFLOW_CTX_TRY_NUMBER=1
AIRFLOW_CTX_DAG_RUN_ID=scheduled__2023-11-23T00:00:00+00:00
[2023-11-25T20:03:23.476+0000] {subprocess.py:63} INFO - Tmp dir root location: 
 /tmp
[2023-11-25T20:03:23.479+0000] {subprocess.py:75} INFO - Running command: ['/bin/bash', '-c', 'sleep 10']
[2023-11-25T20:03:23.885+0000] {subprocess.py:86} INFO - Output:
[2023-11-25T20:03:34.158+0000] {subprocess.py:97} INFO - Command exited with return code 0
[2023-11-25T20:03:34.427+0000] {taskinstance.py:1406} INFO - Marking task as SUCCESS. dag_id=parallel_dag, task_id=extract_a, execution_date=20231123T000000, start_date=20231125T200318, end_date=20231125T200334
[2023-11-25T20:03:34.830+0000] {local_task_job.py:164} INFO - Task exited with return code 0
[2023-11-25T20:03:35.459+0000] {local_task_job.py:273} INFO - 0 downstream tasks scheduled from follow-on schedule check
