[2023-11-20T18:44:37.015+0000] {processor.py:154} INFO - Started process (PID=44) to work on /home/airflow/.local/lib/python3.7/site-packages/airflow/example_dags/example_branch_python_dop_operator_3.py
[2023-11-20T18:44:37.015+0000] {processor.py:756} INFO - Processing file /home/airflow/.local/lib/python3.7/site-packages/airflow/example_dags/example_branch_python_dop_operator_3.py for tasks to queue
[2023-11-20T18:44:37.016+0000] {logging_mixin.py:120} INFO - [2023-11-20T18:44:37.016+0000] {dagbag.py:537} INFO - Filling up the DagBag from /home/airflow/.local/lib/python3.7/site-packages/airflow/example_dags/example_branch_python_dop_operator_3.py
[2023-11-20T18:44:37.047+0000] {processor.py:766} INFO - DAG(s) dict_keys(['example_branch_dop_operator_v3']) retrieved from /home/airflow/.local/lib/python3.7/site-packages/airflow/example_dags/example_branch_python_dop_operator_3.py
[2023-11-20T18:44:37.097+0000] {logging_mixin.py:120} INFO - [2023-11-20T18:44:37.097+0000] {dag.py:2585} INFO - Sync 1 DAGs
[2023-11-20T18:44:37.130+0000] {logging_mixin.py:120} INFO - [2023-11-20T18:44:37.130+0000] {dag.py:3340} INFO - Setting next_dagrun for example_branch_dop_operator_v3 to 2023-11-20T18:43:00+00:00, run_after=2023-11-20T18:44:00+00:00
[2023-11-20T18:44:37.156+0000] {processor.py:176} INFO - Processing /home/airflow/.local/lib/python3.7/site-packages/airflow/example_dags/example_branch_python_dop_operator_3.py took 0.144 seconds
[2023-11-20T18:45:07.391+0000] {processor.py:154} INFO - Started process (PID=98) to work on /home/airflow/.local/lib/python3.7/site-packages/airflow/example_dags/example_branch_python_dop_operator_3.py
[2023-11-20T18:45:07.391+0000] {processor.py:756} INFO - Processing file /home/airflow/.local/lib/python3.7/site-packages/airflow/example_dags/example_branch_python_dop_operator_3.py for tasks to queue
[2023-11-20T18:45:07.392+0000] {logging_mixin.py:120} INFO - [2023-11-20T18:45:07.392+0000] {dagbag.py:537} INFO - Filling up the DagBag from /home/airflow/.local/lib/python3.7/site-packages/airflow/example_dags/example_branch_python_dop_operator_3.py
[2023-11-20T18:45:07.414+0000] {processor.py:766} INFO - DAG(s) dict_keys(['example_branch_dop_operator_v3']) retrieved from /home/airflow/.local/lib/python3.7/site-packages/airflow/example_dags/example_branch_python_dop_operator_3.py
[2023-11-20T18:45:07.449+0000] {logging_mixin.py:120} INFO - [2023-11-20T18:45:07.449+0000] {dag.py:2585} INFO - Sync 1 DAGs
[2023-11-20T18:45:07.474+0000] {logging_mixin.py:120} INFO - [2023-11-20T18:45:07.474+0000] {dag.py:3340} INFO - Setting next_dagrun for example_branch_dop_operator_v3 to 2023-11-20T18:44:00+00:00, run_after=2023-11-20T18:45:00+00:00
[2023-11-20T18:45:07.502+0000] {processor.py:176} INFO - Processing /home/airflow/.local/lib/python3.7/site-packages/airflow/example_dags/example_branch_python_dop_operator_3.py took 0.113 seconds
[2023-11-20T18:45:38.616+0000] {processor.py:154} INFO - Started process (PID=153) to work on /home/airflow/.local/lib/python3.7/site-packages/airflow/example_dags/example_branch_python_dop_operator_3.py
[2023-11-20T18:45:38.619+0000] {processor.py:756} INFO - Processing file /home/airflow/.local/lib/python3.7/site-packages/airflow/example_dags/example_branch_python_dop_operator_3.py for tasks to queue
[2023-11-20T18:45:38.621+0000] {logging_mixin.py:120} INFO - [2023-11-20T18:45:38.621+0000] {dagbag.py:537} INFO - Filling up the DagBag from /home/airflow/.local/lib/python3.7/site-packages/airflow/example_dags/example_branch_python_dop_operator_3.py
[2023-11-20T18:45:38.700+0000] {processor.py:766} INFO - DAG(s) dict_keys(['example_branch_dop_operator_v3']) retrieved from /home/airflow/.local/lib/python3.7/site-packages/airflow/example_dags/example_branch_python_dop_operator_3.py
[2023-11-20T18:45:38.875+0000] {logging_mixin.py:120} INFO - [2023-11-20T18:45:38.875+0000] {dag.py:2585} INFO - Sync 1 DAGs
[2023-11-20T18:45:38.965+0000] {logging_mixin.py:120} INFO - [2023-11-20T18:45:38.964+0000] {dag.py:3340} INFO - Setting next_dagrun for example_branch_dop_operator_v3 to 2023-11-20T18:44:00+00:00, run_after=2023-11-20T18:45:00+00:00
[2023-11-20T18:45:39.027+0000] {processor.py:176} INFO - Processing /home/airflow/.local/lib/python3.7/site-packages/airflow/example_dags/example_branch_python_dop_operator_3.py took 0.438 seconds
[2023-11-20T18:46:10.154+0000] {processor.py:154} INFO - Started process (PID=206) to work on /home/airflow/.local/lib/python3.7/site-packages/airflow/example_dags/example_branch_python_dop_operator_3.py
[2023-11-20T18:46:10.175+0000] {processor.py:756} INFO - Processing file /home/airflow/.local/lib/python3.7/site-packages/airflow/example_dags/example_branch_python_dop_operator_3.py for tasks to queue
[2023-11-20T18:46:10.176+0000] {logging_mixin.py:120} INFO - [2023-11-20T18:46:10.176+0000] {dagbag.py:537} INFO - Filling up the DagBag from /home/airflow/.local/lib/python3.7/site-packages/airflow/example_dags/example_branch_python_dop_operator_3.py
[2023-11-20T18:46:10.315+0000] {processor.py:766} INFO - DAG(s) dict_keys(['example_branch_dop_operator_v3']) retrieved from /home/airflow/.local/lib/python3.7/site-packages/airflow/example_dags/example_branch_python_dop_operator_3.py
[2023-11-20T18:46:10.435+0000] {logging_mixin.py:120} INFO - [2023-11-20T18:46:10.435+0000] {dag.py:2585} INFO - Sync 1 DAGs
[2023-11-20T18:46:10.536+0000] {logging_mixin.py:120} INFO - [2023-11-20T18:46:10.536+0000] {dag.py:3340} INFO - Setting next_dagrun for example_branch_dop_operator_v3 to 2023-11-20T18:45:00+00:00, run_after=2023-11-20T18:46:00+00:00
[2023-11-20T18:46:10.726+0000] {processor.py:176} INFO - Processing /home/airflow/.local/lib/python3.7/site-packages/airflow/example_dags/example_branch_python_dop_operator_3.py took 0.585 seconds
[2023-11-20T18:46:41.508+0000] {processor.py:154} INFO - Started process (PID=269) to work on /home/airflow/.local/lib/python3.7/site-packages/airflow/example_dags/example_branch_python_dop_operator_3.py
[2023-11-20T18:46:41.511+0000] {processor.py:756} INFO - Processing file /home/airflow/.local/lib/python3.7/site-packages/airflow/example_dags/example_branch_python_dop_operator_3.py for tasks to queue
[2023-11-20T18:46:41.512+0000] {logging_mixin.py:120} INFO - [2023-11-20T18:46:41.511+0000] {dagbag.py:537} INFO - Filling up the DagBag from /home/airflow/.local/lib/python3.7/site-packages/airflow/example_dags/example_branch_python_dop_operator_3.py
[2023-11-20T18:46:41.570+0000] {processor.py:766} INFO - DAG(s) dict_keys(['example_branch_dop_operator_v3']) retrieved from /home/airflow/.local/lib/python3.7/site-packages/airflow/example_dags/example_branch_python_dop_operator_3.py
[2023-11-20T18:46:41.633+0000] {logging_mixin.py:120} INFO - [2023-11-20T18:46:41.633+0000] {dag.py:2585} INFO - Sync 1 DAGs
[2023-11-20T18:46:41.677+0000] {logging_mixin.py:120} INFO - [2023-11-20T18:46:41.676+0000] {dag.py:3340} INFO - Setting next_dagrun for example_branch_dop_operator_v3 to 2023-11-20T18:45:00+00:00, run_after=2023-11-20T18:46:00+00:00
[2023-11-20T18:46:41.708+0000] {processor.py:176} INFO - Processing /home/airflow/.local/lib/python3.7/site-packages/airflow/example_dags/example_branch_python_dop_operator_3.py took 0.213 seconds
[2023-11-20T18:47:12.294+0000] {processor.py:154} INFO - Started process (PID=322) to work on /home/airflow/.local/lib/python3.7/site-packages/airflow/example_dags/example_branch_python_dop_operator_3.py
[2023-11-20T18:47:12.295+0000] {processor.py:756} INFO - Processing file /home/airflow/.local/lib/python3.7/site-packages/airflow/example_dags/example_branch_python_dop_operator_3.py for tasks to queue
[2023-11-20T18:47:12.296+0000] {logging_mixin.py:120} INFO - [2023-11-20T18:47:12.296+0000] {dagbag.py:537} INFO - Filling up the DagBag from /home/airflow/.local/lib/python3.7/site-packages/airflow/example_dags/example_branch_python_dop_operator_3.py
[2023-11-20T18:47:12.326+0000] {processor.py:766} INFO - DAG(s) dict_keys(['example_branch_dop_operator_v3']) retrieved from /home/airflow/.local/lib/python3.7/site-packages/airflow/example_dags/example_branch_python_dop_operator_3.py
[2023-11-20T18:47:12.383+0000] {logging_mixin.py:120} INFO - [2023-11-20T18:47:12.383+0000] {dag.py:2585} INFO - Sync 1 DAGs
[2023-11-20T18:47:12.430+0000] {logging_mixin.py:120} INFO - [2023-11-20T18:47:12.430+0000] {dag.py:3340} INFO - Setting next_dagrun for example_branch_dop_operator_v3 to 2023-11-20T18:46:00+00:00, run_after=2023-11-20T18:47:00+00:00
[2023-11-20T18:47:12.455+0000] {processor.py:176} INFO - Processing /home/airflow/.local/lib/python3.7/site-packages/airflow/example_dags/example_branch_python_dop_operator_3.py took 0.165 seconds
[2023-11-20T18:47:43.059+0000] {processor.py:154} INFO - Started process (PID=386) to work on /home/airflow/.local/lib/python3.7/site-packages/airflow/example_dags/example_branch_python_dop_operator_3.py
[2023-11-20T18:47:43.060+0000] {processor.py:756} INFO - Processing file /home/airflow/.local/lib/python3.7/site-packages/airflow/example_dags/example_branch_python_dop_operator_3.py for tasks to queue
[2023-11-20T18:47:43.061+0000] {logging_mixin.py:120} INFO - [2023-11-20T18:47:43.061+0000] {dagbag.py:537} INFO - Filling up the DagBag from /home/airflow/.local/lib/python3.7/site-packages/airflow/example_dags/example_branch_python_dop_operator_3.py
[2023-11-20T18:47:43.089+0000] {processor.py:766} INFO - DAG(s) dict_keys(['example_branch_dop_operator_v3']) retrieved from /home/airflow/.local/lib/python3.7/site-packages/airflow/example_dags/example_branch_python_dop_operator_3.py
[2023-11-20T18:47:43.162+0000] {logging_mixin.py:120} INFO - [2023-11-20T18:47:43.162+0000] {dag.py:2585} INFO - Sync 1 DAGs
[2023-11-20T18:47:43.213+0000] {logging_mixin.py:120} INFO - [2023-11-20T18:47:43.212+0000] {dag.py:3340} INFO - Setting next_dagrun for example_branch_dop_operator_v3 to 2023-11-20T18:46:00+00:00, run_after=2023-11-20T18:47:00+00:00
[2023-11-20T18:47:43.263+0000] {processor.py:176} INFO - Processing /home/airflow/.local/lib/python3.7/site-packages/airflow/example_dags/example_branch_python_dop_operator_3.py took 0.206 seconds
[2023-11-20T18:48:13.962+0000] {processor.py:154} INFO - Started process (PID=439) to work on /home/airflow/.local/lib/python3.7/site-packages/airflow/example_dags/example_branch_python_dop_operator_3.py
[2023-11-20T18:48:13.972+0000] {processor.py:756} INFO - Processing file /home/airflow/.local/lib/python3.7/site-packages/airflow/example_dags/example_branch_python_dop_operator_3.py for tasks to queue
[2023-11-20T18:48:13.973+0000] {logging_mixin.py:120} INFO - [2023-11-20T18:48:13.973+0000] {dagbag.py:537} INFO - Filling up the DagBag from /home/airflow/.local/lib/python3.7/site-packages/airflow/example_dags/example_branch_python_dop_operator_3.py
[2023-11-20T18:48:14.032+0000] {processor.py:766} INFO - DAG(s) dict_keys(['example_branch_dop_operator_v3']) retrieved from /home/airflow/.local/lib/python3.7/site-packages/airflow/example_dags/example_branch_python_dop_operator_3.py
[2023-11-20T18:48:14.134+0000] {logging_mixin.py:120} INFO - [2023-11-20T18:48:14.134+0000] {dag.py:2585} INFO - Sync 1 DAGs
[2023-11-20T18:48:14.233+0000] {logging_mixin.py:120} INFO - [2023-11-20T18:48:14.233+0000] {dag.py:3340} INFO - Setting next_dagrun for example_branch_dop_operator_v3 to 2023-11-20T18:47:00+00:00, run_after=2023-11-20T18:48:00+00:00
[2023-11-20T18:48:14.272+0000] {processor.py:176} INFO - Processing /home/airflow/.local/lib/python3.7/site-packages/airflow/example_dags/example_branch_python_dop_operator_3.py took 0.314 seconds
[2023-11-20T18:48:44.391+0000] {processor.py:154} INFO - Started process (PID=502) to work on /home/airflow/.local/lib/python3.7/site-packages/airflow/example_dags/example_branch_python_dop_operator_3.py
[2023-11-20T18:48:44.392+0000] {processor.py:756} INFO - Processing file /home/airflow/.local/lib/python3.7/site-packages/airflow/example_dags/example_branch_python_dop_operator_3.py for tasks to queue
[2023-11-20T18:48:44.393+0000] {logging_mixin.py:120} INFO - [2023-11-20T18:48:44.393+0000] {dagbag.py:537} INFO - Filling up the DagBag from /home/airflow/.local/lib/python3.7/site-packages/airflow/example_dags/example_branch_python_dop_operator_3.py
[2023-11-20T18:48:44.458+0000] {processor.py:766} INFO - DAG(s) dict_keys(['example_branch_dop_operator_v3']) retrieved from /home/airflow/.local/lib/python3.7/site-packages/airflow/example_dags/example_branch_python_dop_operator_3.py
[2023-11-20T18:48:44.520+0000] {logging_mixin.py:120} INFO - [2023-11-20T18:48:44.520+0000] {dag.py:2585} INFO - Sync 1 DAGs
[2023-11-20T18:48:44.565+0000] {logging_mixin.py:120} INFO - [2023-11-20T18:48:44.564+0000] {dag.py:3340} INFO - Setting next_dagrun for example_branch_dop_operator_v3 to 2023-11-20T18:47:00+00:00, run_after=2023-11-20T18:48:00+00:00
[2023-11-20T18:48:44.608+0000] {processor.py:176} INFO - Processing /home/airflow/.local/lib/python3.7/site-packages/airflow/example_dags/example_branch_python_dop_operator_3.py took 0.221 seconds
[2023-11-20T18:49:15.261+0000] {processor.py:154} INFO - Started process (PID=558) to work on /home/airflow/.local/lib/python3.7/site-packages/airflow/example_dags/example_branch_python_dop_operator_3.py
[2023-11-20T18:49:15.271+0000] {processor.py:756} INFO - Processing file /home/airflow/.local/lib/python3.7/site-packages/airflow/example_dags/example_branch_python_dop_operator_3.py for tasks to queue
[2023-11-20T18:49:15.273+0000] {logging_mixin.py:120} INFO - [2023-11-20T18:49:15.273+0000] {dagbag.py:537} INFO - Filling up the DagBag from /home/airflow/.local/lib/python3.7/site-packages/airflow/example_dags/example_branch_python_dop_operator_3.py
[2023-11-20T18:49:15.344+0000] {processor.py:766} INFO - DAG(s) dict_keys(['example_branch_dop_operator_v3']) retrieved from /home/airflow/.local/lib/python3.7/site-packages/airflow/example_dags/example_branch_python_dop_operator_3.py
[2023-11-20T18:49:15.577+0000] {logging_mixin.py:120} INFO - [2023-11-20T18:49:15.577+0000] {dag.py:2585} INFO - Sync 1 DAGs
[2023-11-20T18:49:15.703+0000] {logging_mixin.py:120} INFO - [2023-11-20T18:49:15.703+0000] {dag.py:3340} INFO - Setting next_dagrun for example_branch_dop_operator_v3 to 2023-11-20T18:48:00+00:00, run_after=2023-11-20T18:49:00+00:00
[2023-11-20T18:49:15.734+0000] {processor.py:176} INFO - Processing /home/airflow/.local/lib/python3.7/site-packages/airflow/example_dags/example_branch_python_dop_operator_3.py took 0.488 seconds
[2023-11-20T18:49:46.313+0000] {processor.py:154} INFO - Started process (PID=621) to work on /home/airflow/.local/lib/python3.7/site-packages/airflow/example_dags/example_branch_python_dop_operator_3.py
[2023-11-20T18:49:46.314+0000] {processor.py:756} INFO - Processing file /home/airflow/.local/lib/python3.7/site-packages/airflow/example_dags/example_branch_python_dop_operator_3.py for tasks to queue
[2023-11-20T18:49:46.315+0000] {logging_mixin.py:120} INFO - [2023-11-20T18:49:46.315+0000] {dagbag.py:537} INFO - Filling up the DagBag from /home/airflow/.local/lib/python3.7/site-packages/airflow/example_dags/example_branch_python_dop_operator_3.py
[2023-11-20T18:49:46.343+0000] {processor.py:766} INFO - DAG(s) dict_keys(['example_branch_dop_operator_v3']) retrieved from /home/airflow/.local/lib/python3.7/site-packages/airflow/example_dags/example_branch_python_dop_operator_3.py
[2023-11-20T18:49:46.391+0000] {logging_mixin.py:120} INFO - [2023-11-20T18:49:46.391+0000] {dag.py:2585} INFO - Sync 1 DAGs
[2023-11-20T18:49:46.434+0000] {logging_mixin.py:120} INFO - [2023-11-20T18:49:46.433+0000] {dag.py:3340} INFO - Setting next_dagrun for example_branch_dop_operator_v3 to 2023-11-20T18:48:00+00:00, run_after=2023-11-20T18:49:00+00:00
[2023-11-20T18:49:46.466+0000] {processor.py:176} INFO - Processing /home/airflow/.local/lib/python3.7/site-packages/airflow/example_dags/example_branch_python_dop_operator_3.py took 0.156 seconds
[2023-11-20T18:50:17.192+0000] {processor.py:154} INFO - Started process (PID=685) to work on /home/airflow/.local/lib/python3.7/site-packages/airflow/example_dags/example_branch_python_dop_operator_3.py
[2023-11-20T18:50:17.194+0000] {processor.py:756} INFO - Processing file /home/airflow/.local/lib/python3.7/site-packages/airflow/example_dags/example_branch_python_dop_operator_3.py for tasks to queue
[2023-11-20T18:50:17.195+0000] {logging_mixin.py:120} INFO - [2023-11-20T18:50:17.194+0000] {dagbag.py:537} INFO - Filling up the DagBag from /home/airflow/.local/lib/python3.7/site-packages/airflow/example_dags/example_branch_python_dop_operator_3.py
[2023-11-20T18:50:17.223+0000] {processor.py:766} INFO - DAG(s) dict_keys(['example_branch_dop_operator_v3']) retrieved from /home/airflow/.local/lib/python3.7/site-packages/airflow/example_dags/example_branch_python_dop_operator_3.py
[2023-11-20T18:50:17.270+0000] {logging_mixin.py:120} INFO - [2023-11-20T18:50:17.270+0000] {dag.py:2585} INFO - Sync 1 DAGs
[2023-11-20T18:50:17.345+0000] {logging_mixin.py:120} INFO - [2023-11-20T18:50:17.345+0000] {dag.py:3340} INFO - Setting next_dagrun for example_branch_dop_operator_v3 to 2023-11-20T18:49:00+00:00, run_after=2023-11-20T18:50:00+00:00
[2023-11-20T18:50:17.431+0000] {processor.py:176} INFO - Processing /home/airflow/.local/lib/python3.7/site-packages/airflow/example_dags/example_branch_python_dop_operator_3.py took 0.242 seconds
[2023-11-20T18:50:47.888+0000] {processor.py:154} INFO - Started process (PID=740) to work on /home/airflow/.local/lib/python3.7/site-packages/airflow/example_dags/example_branch_python_dop_operator_3.py
[2023-11-20T18:50:47.889+0000] {processor.py:756} INFO - Processing file /home/airflow/.local/lib/python3.7/site-packages/airflow/example_dags/example_branch_python_dop_operator_3.py for tasks to queue
[2023-11-20T18:50:47.890+0000] {logging_mixin.py:120} INFO - [2023-11-20T18:50:47.890+0000] {dagbag.py:537} INFO - Filling up the DagBag from /home/airflow/.local/lib/python3.7/site-packages/airflow/example_dags/example_branch_python_dop_operator_3.py
[2023-11-20T18:50:47.924+0000] {processor.py:766} INFO - DAG(s) dict_keys(['example_branch_dop_operator_v3']) retrieved from /home/airflow/.local/lib/python3.7/site-packages/airflow/example_dags/example_branch_python_dop_operator_3.py
[2023-11-20T18:50:47.997+0000] {logging_mixin.py:120} INFO - [2023-11-20T18:50:47.997+0000] {dag.py:2585} INFO - Sync 1 DAGs
[2023-11-20T18:50:48.036+0000] {logging_mixin.py:120} INFO - [2023-11-20T18:50:48.035+0000] {dag.py:3340} INFO - Setting next_dagrun for example_branch_dop_operator_v3 to 2023-11-20T18:49:00+00:00, run_after=2023-11-20T18:50:00+00:00
[2023-11-20T18:50:48.065+0000] {processor.py:176} INFO - Processing /home/airflow/.local/lib/python3.7/site-packages/airflow/example_dags/example_branch_python_dop_operator_3.py took 0.180 seconds
[2023-11-20T18:51:18.686+0000] {processor.py:154} INFO - Started process (PID=802) to work on /home/airflow/.local/lib/python3.7/site-packages/airflow/example_dags/example_branch_python_dop_operator_3.py
[2023-11-20T18:51:18.687+0000] {processor.py:756} INFO - Processing file /home/airflow/.local/lib/python3.7/site-packages/airflow/example_dags/example_branch_python_dop_operator_3.py for tasks to queue
[2023-11-20T18:51:18.688+0000] {logging_mixin.py:120} INFO - [2023-11-20T18:51:18.688+0000] {dagbag.py:537} INFO - Filling up the DagBag from /home/airflow/.local/lib/python3.7/site-packages/airflow/example_dags/example_branch_python_dop_operator_3.py
[2023-11-20T18:51:18.742+0000] {processor.py:766} INFO - DAG(s) dict_keys(['example_branch_dop_operator_v3']) retrieved from /home/airflow/.local/lib/python3.7/site-packages/airflow/example_dags/example_branch_python_dop_operator_3.py
[2023-11-20T18:51:18.809+0000] {logging_mixin.py:120} INFO - [2023-11-20T18:51:18.809+0000] {dag.py:2585} INFO - Sync 1 DAGs
[2023-11-20T18:51:18.865+0000] {logging_mixin.py:120} INFO - [2023-11-20T18:51:18.865+0000] {dag.py:3340} INFO - Setting next_dagrun for example_branch_dop_operator_v3 to 2023-11-20T18:50:00+00:00, run_after=2023-11-20T18:51:00+00:00
[2023-11-20T18:51:18.922+0000] {processor.py:176} INFO - Processing /home/airflow/.local/lib/python3.7/site-packages/airflow/example_dags/example_branch_python_dop_operator_3.py took 0.249 seconds
[2023-11-20T18:51:49.565+0000] {processor.py:154} INFO - Started process (PID=856) to work on /home/airflow/.local/lib/python3.7/site-packages/airflow/example_dags/example_branch_python_dop_operator_3.py
[2023-11-20T18:51:49.566+0000] {processor.py:756} INFO - Processing file /home/airflow/.local/lib/python3.7/site-packages/airflow/example_dags/example_branch_python_dop_operator_3.py for tasks to queue
[2023-11-20T18:51:49.567+0000] {logging_mixin.py:120} INFO - [2023-11-20T18:51:49.566+0000] {dagbag.py:537} INFO - Filling up the DagBag from /home/airflow/.local/lib/python3.7/site-packages/airflow/example_dags/example_branch_python_dop_operator_3.py
[2023-11-20T18:51:49.594+0000] {processor.py:766} INFO - DAG(s) dict_keys(['example_branch_dop_operator_v3']) retrieved from /home/airflow/.local/lib/python3.7/site-packages/airflow/example_dags/example_branch_python_dop_operator_3.py
[2023-11-20T18:51:49.641+0000] {logging_mixin.py:120} INFO - [2023-11-20T18:51:49.641+0000] {dag.py:2585} INFO - Sync 1 DAGs
[2023-11-20T18:51:49.682+0000] {logging_mixin.py:120} INFO - [2023-11-20T18:51:49.682+0000] {dag.py:3340} INFO - Setting next_dagrun for example_branch_dop_operator_v3 to 2023-11-20T18:50:00+00:00, run_after=2023-11-20T18:51:00+00:00
[2023-11-20T18:51:49.714+0000] {processor.py:176} INFO - Processing /home/airflow/.local/lib/python3.7/site-packages/airflow/example_dags/example_branch_python_dop_operator_3.py took 0.153 seconds
[2023-11-20T18:52:20.626+0000] {processor.py:154} INFO - Started process (PID=918) to work on /home/airflow/.local/lib/python3.7/site-packages/airflow/example_dags/example_branch_python_dop_operator_3.py
[2023-11-20T18:52:20.628+0000] {processor.py:756} INFO - Processing file /home/airflow/.local/lib/python3.7/site-packages/airflow/example_dags/example_branch_python_dop_operator_3.py for tasks to queue
[2023-11-20T18:52:20.629+0000] {logging_mixin.py:120} INFO - [2023-11-20T18:52:20.629+0000] {dagbag.py:537} INFO - Filling up the DagBag from /home/airflow/.local/lib/python3.7/site-packages/airflow/example_dags/example_branch_python_dop_operator_3.py
[2023-11-20T18:52:20.666+0000] {processor.py:766} INFO - DAG(s) dict_keys(['example_branch_dop_operator_v3']) retrieved from /home/airflow/.local/lib/python3.7/site-packages/airflow/example_dags/example_branch_python_dop_operator_3.py
[2023-11-20T18:52:20.761+0000] {logging_mixin.py:120} INFO - [2023-11-20T18:52:20.761+0000] {dag.py:2585} INFO - Sync 1 DAGs
[2023-11-20T18:52:20.814+0000] {logging_mixin.py:120} INFO - [2023-11-20T18:52:20.814+0000] {dag.py:3340} INFO - Setting next_dagrun for example_branch_dop_operator_v3 to 2023-11-20T18:51:00+00:00, run_after=2023-11-20T18:52:00+00:00
[2023-11-20T18:52:20.861+0000] {processor.py:176} INFO - Processing /home/airflow/.local/lib/python3.7/site-packages/airflow/example_dags/example_branch_python_dop_operator_3.py took 0.239 seconds
[2023-11-20T18:52:51.302+0000] {processor.py:154} INFO - Started process (PID=971) to work on /home/airflow/.local/lib/python3.7/site-packages/airflow/example_dags/example_branch_python_dop_operator_3.py
[2023-11-20T18:52:51.308+0000] {processor.py:756} INFO - Processing file /home/airflow/.local/lib/python3.7/site-packages/airflow/example_dags/example_branch_python_dop_operator_3.py for tasks to queue
[2023-11-20T18:52:51.309+0000] {logging_mixin.py:120} INFO - [2023-11-20T18:52:51.309+0000] {dagbag.py:537} INFO - Filling up the DagBag from /home/airflow/.local/lib/python3.7/site-packages/airflow/example_dags/example_branch_python_dop_operator_3.py
[2023-11-20T18:52:51.339+0000] {processor.py:766} INFO - DAG(s) dict_keys(['example_branch_dop_operator_v3']) retrieved from /home/airflow/.local/lib/python3.7/site-packages/airflow/example_dags/example_branch_python_dop_operator_3.py
[2023-11-20T18:52:51.464+0000] {logging_mixin.py:120} INFO - [2023-11-20T18:52:51.464+0000] {dag.py:2585} INFO - Sync 1 DAGs
[2023-11-20T18:52:51.568+0000] {logging_mixin.py:120} INFO - [2023-11-20T18:52:51.568+0000] {dag.py:3340} INFO - Setting next_dagrun for example_branch_dop_operator_v3 to 2023-11-20T18:51:00+00:00, run_after=2023-11-20T18:52:00+00:00
[2023-11-20T18:52:51.612+0000] {processor.py:176} INFO - Processing /home/airflow/.local/lib/python3.7/site-packages/airflow/example_dags/example_branch_python_dop_operator_3.py took 0.314 seconds
[2023-11-20T18:53:22.327+0000] {processor.py:154} INFO - Started process (PID=1033) to work on /home/airflow/.local/lib/python3.7/site-packages/airflow/example_dags/example_branch_python_dop_operator_3.py
[2023-11-20T18:53:22.328+0000] {processor.py:756} INFO - Processing file /home/airflow/.local/lib/python3.7/site-packages/airflow/example_dags/example_branch_python_dop_operator_3.py for tasks to queue
[2023-11-20T18:53:22.328+0000] {logging_mixin.py:120} INFO - [2023-11-20T18:53:22.328+0000] {dagbag.py:537} INFO - Filling up the DagBag from /home/airflow/.local/lib/python3.7/site-packages/airflow/example_dags/example_branch_python_dop_operator_3.py
[2023-11-20T18:53:22.361+0000] {processor.py:766} INFO - DAG(s) dict_keys(['example_branch_dop_operator_v3']) retrieved from /home/airflow/.local/lib/python3.7/site-packages/airflow/example_dags/example_branch_python_dop_operator_3.py
[2023-11-20T18:53:22.411+0000] {logging_mixin.py:120} INFO - [2023-11-20T18:53:22.410+0000] {dag.py:2585} INFO - Sync 1 DAGs
[2023-11-20T18:53:22.452+0000] {logging_mixin.py:120} INFO - [2023-11-20T18:53:22.452+0000] {dag.py:3340} INFO - Setting next_dagrun for example_branch_dop_operator_v3 to 2023-11-20T18:52:00+00:00, run_after=2023-11-20T18:53:00+00:00
[2023-11-20T18:53:22.484+0000] {processor.py:176} INFO - Processing /home/airflow/.local/lib/python3.7/site-packages/airflow/example_dags/example_branch_python_dop_operator_3.py took 0.159 seconds
[2023-11-20T18:53:52.804+0000] {processor.py:154} INFO - Started process (PID=1087) to work on /home/airflow/.local/lib/python3.7/site-packages/airflow/example_dags/example_branch_python_dop_operator_3.py
[2023-11-20T18:53:52.805+0000] {processor.py:756} INFO - Processing file /home/airflow/.local/lib/python3.7/site-packages/airflow/example_dags/example_branch_python_dop_operator_3.py for tasks to queue
[2023-11-20T18:53:52.806+0000] {logging_mixin.py:120} INFO - [2023-11-20T18:53:52.806+0000] {dagbag.py:537} INFO - Filling up the DagBag from /home/airflow/.local/lib/python3.7/site-packages/airflow/example_dags/example_branch_python_dop_operator_3.py
[2023-11-20T18:53:52.836+0000] {processor.py:766} INFO - DAG(s) dict_keys(['example_branch_dop_operator_v3']) retrieved from /home/airflow/.local/lib/python3.7/site-packages/airflow/example_dags/example_branch_python_dop_operator_3.py
[2023-11-20T18:53:52.908+0000] {logging_mixin.py:120} INFO - [2023-11-20T18:53:52.908+0000] {dag.py:2585} INFO - Sync 1 DAGs
[2023-11-20T18:53:52.949+0000] {logging_mixin.py:120} INFO - [2023-11-20T18:53:52.949+0000] {dag.py:3340} INFO - Setting next_dagrun for example_branch_dop_operator_v3 to 2023-11-20T18:52:00+00:00, run_after=2023-11-20T18:53:00+00:00
[2023-11-20T18:53:52.975+0000] {processor.py:176} INFO - Processing /home/airflow/.local/lib/python3.7/site-packages/airflow/example_dags/example_branch_python_dop_operator_3.py took 0.174 seconds
[2023-11-20T18:54:23.500+0000] {processor.py:154} INFO - Started process (PID=1150) to work on /home/airflow/.local/lib/python3.7/site-packages/airflow/example_dags/example_branch_python_dop_operator_3.py
[2023-11-20T18:54:23.510+0000] {processor.py:756} INFO - Processing file /home/airflow/.local/lib/python3.7/site-packages/airflow/example_dags/example_branch_python_dop_operator_3.py for tasks to queue
[2023-11-20T18:54:23.512+0000] {logging_mixin.py:120} INFO - [2023-11-20T18:54:23.511+0000] {dagbag.py:537} INFO - Filling up the DagBag from /home/airflow/.local/lib/python3.7/site-packages/airflow/example_dags/example_branch_python_dop_operator_3.py
[2023-11-20T18:54:23.566+0000] {processor.py:766} INFO - DAG(s) dict_keys(['example_branch_dop_operator_v3']) retrieved from /home/airflow/.local/lib/python3.7/site-packages/airflow/example_dags/example_branch_python_dop_operator_3.py
[2023-11-20T18:54:23.708+0000] {logging_mixin.py:120} INFO - [2023-11-20T18:54:23.708+0000] {dag.py:2585} INFO - Sync 1 DAGs
[2023-11-20T18:54:23.787+0000] {logging_mixin.py:120} INFO - [2023-11-20T18:54:23.787+0000] {dag.py:3340} INFO - Setting next_dagrun for example_branch_dop_operator_v3 to 2023-11-20T18:53:00+00:00, run_after=2023-11-20T18:54:00+00:00
[2023-11-20T18:54:23.826+0000] {processor.py:176} INFO - Processing /home/airflow/.local/lib/python3.7/site-packages/airflow/example_dags/example_branch_python_dop_operator_3.py took 0.330 seconds
[2023-11-20T18:54:53.882+0000] {processor.py:154} INFO - Started process (PID=1203) to work on /home/airflow/.local/lib/python3.7/site-packages/airflow/example_dags/example_branch_python_dop_operator_3.py
[2023-11-20T18:54:53.882+0000] {processor.py:756} INFO - Processing file /home/airflow/.local/lib/python3.7/site-packages/airflow/example_dags/example_branch_python_dop_operator_3.py for tasks to queue
[2023-11-20T18:54:53.883+0000] {logging_mixin.py:120} INFO - [2023-11-20T18:54:53.883+0000] {dagbag.py:537} INFO - Filling up the DagBag from /home/airflow/.local/lib/python3.7/site-packages/airflow/example_dags/example_branch_python_dop_operator_3.py
[2023-11-20T18:54:53.902+0000] {processor.py:766} INFO - DAG(s) dict_keys(['example_branch_dop_operator_v3']) retrieved from /home/airflow/.local/lib/python3.7/site-packages/airflow/example_dags/example_branch_python_dop_operator_3.py
[2023-11-20T18:54:53.941+0000] {logging_mixin.py:120} INFO - [2023-11-20T18:54:53.941+0000] {dag.py:2585} INFO - Sync 1 DAGs
[2023-11-20T18:54:53.971+0000] {logging_mixin.py:120} INFO - [2023-11-20T18:54:53.971+0000] {dag.py:3340} INFO - Setting next_dagrun for example_branch_dop_operator_v3 to 2023-11-20T18:53:00+00:00, run_after=2023-11-20T18:54:00+00:00
[2023-11-20T18:54:54.001+0000] {processor.py:176} INFO - Processing /home/airflow/.local/lib/python3.7/site-packages/airflow/example_dags/example_branch_python_dop_operator_3.py took 0.122 seconds
[2023-11-20T18:55:24.695+0000] {processor.py:154} INFO - Started process (PID=1267) to work on /home/airflow/.local/lib/python3.7/site-packages/airflow/example_dags/example_branch_python_dop_operator_3.py
[2023-11-20T18:55:24.696+0000] {processor.py:756} INFO - Processing file /home/airflow/.local/lib/python3.7/site-packages/airflow/example_dags/example_branch_python_dop_operator_3.py for tasks to queue
[2023-11-20T18:55:24.696+0000] {logging_mixin.py:120} INFO - [2023-11-20T18:55:24.696+0000] {dagbag.py:537} INFO - Filling up the DagBag from /home/airflow/.local/lib/python3.7/site-packages/airflow/example_dags/example_branch_python_dop_operator_3.py
[2023-11-20T18:55:24.738+0000] {processor.py:766} INFO - DAG(s) dict_keys(['example_branch_dop_operator_v3']) retrieved from /home/airflow/.local/lib/python3.7/site-packages/airflow/example_dags/example_branch_python_dop_operator_3.py
[2023-11-20T18:55:24.789+0000] {logging_mixin.py:120} INFO - [2023-11-20T18:55:24.789+0000] {dag.py:2585} INFO - Sync 1 DAGs
[2023-11-20T18:55:24.829+0000] {logging_mixin.py:120} INFO - [2023-11-20T18:55:24.829+0000] {dag.py:3340} INFO - Setting next_dagrun for example_branch_dop_operator_v3 to 2023-11-20T18:54:00+00:00, run_after=2023-11-20T18:55:00+00:00
[2023-11-20T18:55:24.893+0000] {processor.py:176} INFO - Processing /home/airflow/.local/lib/python3.7/site-packages/airflow/example_dags/example_branch_python_dop_operator_3.py took 0.201 seconds
[2023-11-20T18:55:55.242+0000] {processor.py:154} INFO - Started process (PID=1321) to work on /home/airflow/.local/lib/python3.7/site-packages/airflow/example_dags/example_branch_python_dop_operator_3.py
[2023-11-20T18:55:55.243+0000] {processor.py:756} INFO - Processing file /home/airflow/.local/lib/python3.7/site-packages/airflow/example_dags/example_branch_python_dop_operator_3.py for tasks to queue
[2023-11-20T18:55:55.244+0000] {logging_mixin.py:120} INFO - [2023-11-20T18:55:55.244+0000] {dagbag.py:537} INFO - Filling up the DagBag from /home/airflow/.local/lib/python3.7/site-packages/airflow/example_dags/example_branch_python_dop_operator_3.py
[2023-11-20T18:55:55.305+0000] {processor.py:766} INFO - DAG(s) dict_keys(['example_branch_dop_operator_v3']) retrieved from /home/airflow/.local/lib/python3.7/site-packages/airflow/example_dags/example_branch_python_dop_operator_3.py
[2023-11-20T18:55:55.376+0000] {logging_mixin.py:120} INFO - [2023-11-20T18:55:55.376+0000] {dag.py:2585} INFO - Sync 1 DAGs
[2023-11-20T18:55:55.428+0000] {logging_mixin.py:120} INFO - [2023-11-20T18:55:55.427+0000] {dag.py:3340} INFO - Setting next_dagrun for example_branch_dop_operator_v3 to 2023-11-20T18:54:00+00:00, run_after=2023-11-20T18:55:00+00:00
[2023-11-20T18:55:55.493+0000] {processor.py:176} INFO - Processing /home/airflow/.local/lib/python3.7/site-packages/airflow/example_dags/example_branch_python_dop_operator_3.py took 0.256 seconds
[2023-11-20T18:56:25.643+0000] {processor.py:154} INFO - Started process (PID=1384) to work on /home/airflow/.local/lib/python3.7/site-packages/airflow/example_dags/example_branch_python_dop_operator_3.py
[2023-11-20T18:56:25.644+0000] {processor.py:756} INFO - Processing file /home/airflow/.local/lib/python3.7/site-packages/airflow/example_dags/example_branch_python_dop_operator_3.py for tasks to queue
[2023-11-20T18:56:25.644+0000] {logging_mixin.py:120} INFO - [2023-11-20T18:56:25.644+0000] {dagbag.py:537} INFO - Filling up the DagBag from /home/airflow/.local/lib/python3.7/site-packages/airflow/example_dags/example_branch_python_dop_operator_3.py
[2023-11-20T18:56:25.672+0000] {processor.py:766} INFO - DAG(s) dict_keys(['example_branch_dop_operator_v3']) retrieved from /home/airflow/.local/lib/python3.7/site-packages/airflow/example_dags/example_branch_python_dop_operator_3.py
[2023-11-20T18:56:25.724+0000] {logging_mixin.py:120} INFO - [2023-11-20T18:56:25.724+0000] {dag.py:2585} INFO - Sync 1 DAGs
[2023-11-20T18:56:25.786+0000] {logging_mixin.py:120} INFO - [2023-11-20T18:56:25.786+0000] {dag.py:3340} INFO - Setting next_dagrun for example_branch_dop_operator_v3 to 2023-11-20T18:55:00+00:00, run_after=2023-11-20T18:56:00+00:00
[2023-11-20T18:56:25.835+0000] {processor.py:176} INFO - Processing /home/airflow/.local/lib/python3.7/site-packages/airflow/example_dags/example_branch_python_dop_operator_3.py took 0.196 seconds
[2023-11-20T18:56:56.477+0000] {processor.py:154} INFO - Started process (PID=1437) to work on /home/airflow/.local/lib/python3.7/site-packages/airflow/example_dags/example_branch_python_dop_operator_3.py
[2023-11-20T18:56:56.478+0000] {processor.py:756} INFO - Processing file /home/airflow/.local/lib/python3.7/site-packages/airflow/example_dags/example_branch_python_dop_operator_3.py for tasks to queue
[2023-11-20T18:56:56.480+0000] {logging_mixin.py:120} INFO - [2023-11-20T18:56:56.480+0000] {dagbag.py:537} INFO - Filling up the DagBag from /home/airflow/.local/lib/python3.7/site-packages/airflow/example_dags/example_branch_python_dop_operator_3.py
[2023-11-20T18:56:56.511+0000] {processor.py:766} INFO - DAG(s) dict_keys(['example_branch_dop_operator_v3']) retrieved from /home/airflow/.local/lib/python3.7/site-packages/airflow/example_dags/example_branch_python_dop_operator_3.py
[2023-11-20T18:56:56.562+0000] {logging_mixin.py:120} INFO - [2023-11-20T18:56:56.562+0000] {dag.py:2585} INFO - Sync 1 DAGs
[2023-11-20T18:56:56.606+0000] {logging_mixin.py:120} INFO - [2023-11-20T18:56:56.606+0000] {dag.py:3340} INFO - Setting next_dagrun for example_branch_dop_operator_v3 to 2023-11-20T18:55:00+00:00, run_after=2023-11-20T18:56:00+00:00
[2023-11-20T18:56:56.636+0000] {processor.py:176} INFO - Processing /home/airflow/.local/lib/python3.7/site-packages/airflow/example_dags/example_branch_python_dop_operator_3.py took 0.164 seconds
[2023-11-20T18:57:26.821+0000] {processor.py:154} INFO - Started process (PID=1500) to work on /home/airflow/.local/lib/python3.7/site-packages/airflow/example_dags/example_branch_python_dop_operator_3.py
[2023-11-20T18:57:26.822+0000] {processor.py:756} INFO - Processing file /home/airflow/.local/lib/python3.7/site-packages/airflow/example_dags/example_branch_python_dop_operator_3.py for tasks to queue
[2023-11-20T18:57:26.823+0000] {logging_mixin.py:120} INFO - [2023-11-20T18:57:26.823+0000] {dagbag.py:537} INFO - Filling up the DagBag from /home/airflow/.local/lib/python3.7/site-packages/airflow/example_dags/example_branch_python_dop_operator_3.py
[2023-11-20T18:57:26.851+0000] {processor.py:766} INFO - DAG(s) dict_keys(['example_branch_dop_operator_v3']) retrieved from /home/airflow/.local/lib/python3.7/site-packages/airflow/example_dags/example_branch_python_dop_operator_3.py
[2023-11-20T18:57:26.897+0000] {logging_mixin.py:120} INFO - [2023-11-20T18:57:26.896+0000] {dag.py:2585} INFO - Sync 1 DAGs
[2023-11-20T18:57:26.922+0000] {logging_mixin.py:120} INFO - [2023-11-20T18:57:26.922+0000] {dag.py:3340} INFO - Setting next_dagrun for example_branch_dop_operator_v3 to 2023-11-20T18:56:00+00:00, run_after=2023-11-20T18:57:00+00:00
[2023-11-20T18:57:26.945+0000] {processor.py:176} INFO - Processing /home/airflow/.local/lib/python3.7/site-packages/airflow/example_dags/example_branch_python_dop_operator_3.py took 0.126 seconds
[2023-11-20T18:57:57.794+0000] {processor.py:154} INFO - Started process (PID=1554) to work on /home/airflow/.local/lib/python3.7/site-packages/airflow/example_dags/example_branch_python_dop_operator_3.py
[2023-11-20T18:57:57.801+0000] {processor.py:756} INFO - Processing file /home/airflow/.local/lib/python3.7/site-packages/airflow/example_dags/example_branch_python_dop_operator_3.py for tasks to queue
[2023-11-20T18:57:57.802+0000] {logging_mixin.py:120} INFO - [2023-11-20T18:57:57.802+0000] {dagbag.py:537} INFO - Filling up the DagBag from /home/airflow/.local/lib/python3.7/site-packages/airflow/example_dags/example_branch_python_dop_operator_3.py
[2023-11-20T18:57:57.877+0000] {processor.py:766} INFO - DAG(s) dict_keys(['example_branch_dop_operator_v3']) retrieved from /home/airflow/.local/lib/python3.7/site-packages/airflow/example_dags/example_branch_python_dop_operator_3.py
[2023-11-20T18:57:57.973+0000] {logging_mixin.py:120} INFO - [2023-11-20T18:57:57.973+0000] {dag.py:2585} INFO - Sync 1 DAGs
[2023-11-20T18:57:58.054+0000] {logging_mixin.py:120} INFO - [2023-11-20T18:57:58.054+0000] {dag.py:3340} INFO - Setting next_dagrun for example_branch_dop_operator_v3 to 2023-11-20T18:56:00+00:00, run_after=2023-11-20T18:57:00+00:00
[2023-11-20T18:57:58.117+0000] {processor.py:176} INFO - Processing /home/airflow/.local/lib/python3.7/site-packages/airflow/example_dags/example_branch_python_dop_operator_3.py took 0.326 seconds
[2023-11-20T18:58:28.580+0000] {processor.py:154} INFO - Started process (PID=1616) to work on /home/airflow/.local/lib/python3.7/site-packages/airflow/example_dags/example_branch_python_dop_operator_3.py
[2023-11-20T18:58:28.584+0000] {processor.py:756} INFO - Processing file /home/airflow/.local/lib/python3.7/site-packages/airflow/example_dags/example_branch_python_dop_operator_3.py for tasks to queue
[2023-11-20T18:58:28.585+0000] {logging_mixin.py:120} INFO - [2023-11-20T18:58:28.585+0000] {dagbag.py:537} INFO - Filling up the DagBag from /home/airflow/.local/lib/python3.7/site-packages/airflow/example_dags/example_branch_python_dop_operator_3.py
[2023-11-20T18:58:28.670+0000] {processor.py:766} INFO - DAG(s) dict_keys(['example_branch_dop_operator_v3']) retrieved from /home/airflow/.local/lib/python3.7/site-packages/airflow/example_dags/example_branch_python_dop_operator_3.py
[2023-11-20T18:58:28.811+0000] {logging_mixin.py:120} INFO - [2023-11-20T18:58:28.811+0000] {dag.py:2585} INFO - Sync 1 DAGs
[2023-11-20T18:58:28.890+0000] {logging_mixin.py:120} INFO - [2023-11-20T18:58:28.890+0000] {dag.py:3340} INFO - Setting next_dagrun for example_branch_dop_operator_v3 to 2023-11-20T18:57:00+00:00, run_after=2023-11-20T18:58:00+00:00
[2023-11-20T18:58:28.942+0000] {processor.py:176} INFO - Processing /home/airflow/.local/lib/python3.7/site-packages/airflow/example_dags/example_branch_python_dop_operator_3.py took 0.377 seconds
[2023-11-20T18:58:59.242+0000] {processor.py:154} INFO - Started process (PID=1679) to work on /home/airflow/.local/lib/python3.7/site-packages/airflow/example_dags/example_branch_python_dop_operator_3.py
[2023-11-20T18:58:59.246+0000] {processor.py:756} INFO - Processing file /home/airflow/.local/lib/python3.7/site-packages/airflow/example_dags/example_branch_python_dop_operator_3.py for tasks to queue
[2023-11-20T18:58:59.247+0000] {logging_mixin.py:120} INFO - [2023-11-20T18:58:59.247+0000] {dagbag.py:537} INFO - Filling up the DagBag from /home/airflow/.local/lib/python3.7/site-packages/airflow/example_dags/example_branch_python_dop_operator_3.py
[2023-11-20T18:58:59.298+0000] {processor.py:766} INFO - DAG(s) dict_keys(['example_branch_dop_operator_v3']) retrieved from /home/airflow/.local/lib/python3.7/site-packages/airflow/example_dags/example_branch_python_dop_operator_3.py
[2023-11-20T18:58:59.352+0000] {logging_mixin.py:120} INFO - [2023-11-20T18:58:59.352+0000] {dag.py:2585} INFO - Sync 1 DAGs
[2023-11-20T18:58:59.395+0000] {logging_mixin.py:120} INFO - [2023-11-20T18:58:59.395+0000] {dag.py:3340} INFO - Setting next_dagrun for example_branch_dop_operator_v3 to 2023-11-20T18:57:00+00:00, run_after=2023-11-20T18:58:00+00:00
[2023-11-20T18:58:59.424+0000] {processor.py:176} INFO - Processing /home/airflow/.local/lib/python3.7/site-packages/airflow/example_dags/example_branch_python_dop_operator_3.py took 0.185 seconds
[2023-11-20T18:59:29.785+0000] {processor.py:154} INFO - Started process (PID=1734) to work on /home/airflow/.local/lib/python3.7/site-packages/airflow/example_dags/example_branch_python_dop_operator_3.py
[2023-11-20T18:59:29.786+0000] {processor.py:756} INFO - Processing file /home/airflow/.local/lib/python3.7/site-packages/airflow/example_dags/example_branch_python_dop_operator_3.py for tasks to queue
[2023-11-20T18:59:29.787+0000] {logging_mixin.py:120} INFO - [2023-11-20T18:59:29.787+0000] {dagbag.py:537} INFO - Filling up the DagBag from /home/airflow/.local/lib/python3.7/site-packages/airflow/example_dags/example_branch_python_dop_operator_3.py
[2023-11-20T18:59:29.816+0000] {processor.py:766} INFO - DAG(s) dict_keys(['example_branch_dop_operator_v3']) retrieved from /home/airflow/.local/lib/python3.7/site-packages/airflow/example_dags/example_branch_python_dop_operator_3.py
[2023-11-20T18:59:29.871+0000] {logging_mixin.py:120} INFO - [2023-11-20T18:59:29.871+0000] {dag.py:2585} INFO - Sync 1 DAGs
[2023-11-20T18:59:29.915+0000] {logging_mixin.py:120} INFO - [2023-11-20T18:59:29.915+0000] {dag.py:3340} INFO - Setting next_dagrun for example_branch_dop_operator_v3 to 2023-11-20T18:58:00+00:00, run_after=2023-11-20T18:59:00+00:00
[2023-11-20T18:59:29.950+0000] {processor.py:176} INFO - Processing /home/airflow/.local/lib/python3.7/site-packages/airflow/example_dags/example_branch_python_dop_operator_3.py took 0.168 seconds
[2023-11-20T19:00:00.660+0000] {processor.py:154} INFO - Started process (PID=1797) to work on /home/airflow/.local/lib/python3.7/site-packages/airflow/example_dags/example_branch_python_dop_operator_3.py
[2023-11-20T19:00:00.661+0000] {processor.py:756} INFO - Processing file /home/airflow/.local/lib/python3.7/site-packages/airflow/example_dags/example_branch_python_dop_operator_3.py for tasks to queue
[2023-11-20T19:00:00.662+0000] {logging_mixin.py:120} INFO - [2023-11-20T19:00:00.662+0000] {dagbag.py:537} INFO - Filling up the DagBag from /home/airflow/.local/lib/python3.7/site-packages/airflow/example_dags/example_branch_python_dop_operator_3.py
[2023-11-20T19:00:00.689+0000] {processor.py:766} INFO - DAG(s) dict_keys(['example_branch_dop_operator_v3']) retrieved from /home/airflow/.local/lib/python3.7/site-packages/airflow/example_dags/example_branch_python_dop_operator_3.py
[2023-11-20T19:00:00.738+0000] {logging_mixin.py:120} INFO - [2023-11-20T19:00:00.738+0000] {dag.py:2585} INFO - Sync 1 DAGs
[2023-11-20T19:00:00.796+0000] {logging_mixin.py:120} INFO - [2023-11-20T19:00:00.796+0000] {dag.py:3340} INFO - Setting next_dagrun for example_branch_dop_operator_v3 to 2023-11-20T18:59:00+00:00, run_after=2023-11-20T19:00:00+00:00
[2023-11-20T19:00:00.839+0000] {processor.py:176} INFO - Processing /home/airflow/.local/lib/python3.7/site-packages/airflow/example_dags/example_branch_python_dop_operator_3.py took 0.183 seconds
[2023-11-20T19:00:31.267+0000] {processor.py:154} INFO - Started process (PID=1860) to work on /home/airflow/.local/lib/python3.7/site-packages/airflow/example_dags/example_branch_python_dop_operator_3.py
[2023-11-20T19:00:31.277+0000] {processor.py:756} INFO - Processing file /home/airflow/.local/lib/python3.7/site-packages/airflow/example_dags/example_branch_python_dop_operator_3.py for tasks to queue
[2023-11-20T19:00:31.278+0000] {logging_mixin.py:120} INFO - [2023-11-20T19:00:31.278+0000] {dagbag.py:537} INFO - Filling up the DagBag from /home/airflow/.local/lib/python3.7/site-packages/airflow/example_dags/example_branch_python_dop_operator_3.py
[2023-11-20T19:00:31.355+0000] {processor.py:766} INFO - DAG(s) dict_keys(['example_branch_dop_operator_v3']) retrieved from /home/airflow/.local/lib/python3.7/site-packages/airflow/example_dags/example_branch_python_dop_operator_3.py
[2023-11-20T19:00:31.448+0000] {logging_mixin.py:120} INFO - [2023-11-20T19:00:31.448+0000] {dag.py:2585} INFO - Sync 1 DAGs
[2023-11-20T19:00:31.539+0000] {logging_mixin.py:120} INFO - [2023-11-20T19:00:31.539+0000] {dag.py:3340} INFO - Setting next_dagrun for example_branch_dop_operator_v3 to 2023-11-20T18:59:00+00:00, run_after=2023-11-20T19:00:00+00:00
[2023-11-20T19:00:31.604+0000] {processor.py:176} INFO - Processing /home/airflow/.local/lib/python3.7/site-packages/airflow/example_dags/example_branch_python_dop_operator_3.py took 0.356 seconds
[2023-11-20T19:01:01.754+0000] {processor.py:154} INFO - Started process (PID=1917) to work on /home/airflow/.local/lib/python3.7/site-packages/airflow/example_dags/example_branch_python_dop_operator_3.py
[2023-11-20T19:01:01.755+0000] {processor.py:756} INFO - Processing file /home/airflow/.local/lib/python3.7/site-packages/airflow/example_dags/example_branch_python_dop_operator_3.py for tasks to queue
[2023-11-20T19:01:01.756+0000] {logging_mixin.py:120} INFO - [2023-11-20T19:01:01.756+0000] {dagbag.py:537} INFO - Filling up the DagBag from /home/airflow/.local/lib/python3.7/site-packages/airflow/example_dags/example_branch_python_dop_operator_3.py
[2023-11-20T19:01:01.800+0000] {processor.py:766} INFO - DAG(s) dict_keys(['example_branch_dop_operator_v3']) retrieved from /home/airflow/.local/lib/python3.7/site-packages/airflow/example_dags/example_branch_python_dop_operator_3.py
[2023-11-20T19:01:01.850+0000] {logging_mixin.py:120} INFO - [2023-11-20T19:01:01.849+0000] {dag.py:2585} INFO - Sync 1 DAGs
[2023-11-20T19:01:01.966+0000] {logging_mixin.py:120} INFO - [2023-11-20T19:01:01.966+0000] {dag.py:3340} INFO - Setting next_dagrun for example_branch_dop_operator_v3 to 2023-11-20T19:00:00+00:00, run_after=2023-11-20T19:01:00+00:00
[2023-11-20T19:01:01.997+0000] {processor.py:176} INFO - Processing /home/airflow/.local/lib/python3.7/site-packages/airflow/example_dags/example_branch_python_dop_operator_3.py took 0.247 seconds
[2023-11-20T19:01:32.087+0000] {processor.py:154} INFO - Started process (PID=1982) to work on /home/airflow/.local/lib/python3.7/site-packages/airflow/example_dags/example_branch_python_dop_operator_3.py
[2023-11-20T19:01:32.088+0000] {processor.py:756} INFO - Processing file /home/airflow/.local/lib/python3.7/site-packages/airflow/example_dags/example_branch_python_dop_operator_3.py for tasks to queue
[2023-11-20T19:01:32.088+0000] {logging_mixin.py:120} INFO - [2023-11-20T19:01:32.088+0000] {dagbag.py:537} INFO - Filling up the DagBag from /home/airflow/.local/lib/python3.7/site-packages/airflow/example_dags/example_branch_python_dop_operator_3.py
[2023-11-20T19:01:32.117+0000] {processor.py:766} INFO - DAG(s) dict_keys(['example_branch_dop_operator_v3']) retrieved from /home/airflow/.local/lib/python3.7/site-packages/airflow/example_dags/example_branch_python_dop_operator_3.py
[2023-11-20T19:01:32.161+0000] {logging_mixin.py:120} INFO - [2023-11-20T19:01:32.161+0000] {dag.py:2585} INFO - Sync 1 DAGs
[2023-11-20T19:01:32.202+0000] {logging_mixin.py:120} INFO - [2023-11-20T19:01:32.201+0000] {dag.py:3340} INFO - Setting next_dagrun for example_branch_dop_operator_v3 to 2023-11-20T19:00:00+00:00, run_after=2023-11-20T19:01:00+00:00
[2023-11-20T19:01:32.235+0000] {processor.py:176} INFO - Processing /home/airflow/.local/lib/python3.7/site-packages/airflow/example_dags/example_branch_python_dop_operator_3.py took 0.152 seconds
[2023-11-20T19:02:03.207+0000] {processor.py:154} INFO - Started process (PID=2043) to work on /home/airflow/.local/lib/python3.7/site-packages/airflow/example_dags/example_branch_python_dop_operator_3.py
[2023-11-20T19:02:03.208+0000] {processor.py:756} INFO - Processing file /home/airflow/.local/lib/python3.7/site-packages/airflow/example_dags/example_branch_python_dop_operator_3.py for tasks to queue
[2023-11-20T19:02:03.210+0000] {logging_mixin.py:120} INFO - [2023-11-20T19:02:03.210+0000] {dagbag.py:537} INFO - Filling up the DagBag from /home/airflow/.local/lib/python3.7/site-packages/airflow/example_dags/example_branch_python_dop_operator_3.py
[2023-11-20T19:02:03.265+0000] {processor.py:766} INFO - DAG(s) dict_keys(['example_branch_dop_operator_v3']) retrieved from /home/airflow/.local/lib/python3.7/site-packages/airflow/example_dags/example_branch_python_dop_operator_3.py
[2023-11-20T19:02:03.347+0000] {logging_mixin.py:120} INFO - [2023-11-20T19:02:03.347+0000] {dag.py:2585} INFO - Sync 1 DAGs
[2023-11-20T19:02:03.430+0000] {logging_mixin.py:120} INFO - [2023-11-20T19:02:03.430+0000] {dag.py:3340} INFO - Setting next_dagrun for example_branch_dop_operator_v3 to 2023-11-20T19:01:00+00:00, run_after=2023-11-20T19:02:00+00:00
[2023-11-20T19:02:03.466+0000] {processor.py:176} INFO - Processing /home/airflow/.local/lib/python3.7/site-packages/airflow/example_dags/example_branch_python_dop_operator_3.py took 0.262 seconds
[2023-11-20T19:02:34.362+0000] {processor.py:154} INFO - Started process (PID=2100) to work on /home/airflow/.local/lib/python3.7/site-packages/airflow/example_dags/example_branch_python_dop_operator_3.py
[2023-11-20T19:02:34.375+0000] {processor.py:756} INFO - Processing file /home/airflow/.local/lib/python3.7/site-packages/airflow/example_dags/example_branch_python_dop_operator_3.py for tasks to queue
[2023-11-20T19:02:34.376+0000] {logging_mixin.py:120} INFO - [2023-11-20T19:02:34.376+0000] {dagbag.py:537} INFO - Filling up the DagBag from /home/airflow/.local/lib/python3.7/site-packages/airflow/example_dags/example_branch_python_dop_operator_3.py
[2023-11-20T19:02:34.465+0000] {processor.py:766} INFO - DAG(s) dict_keys(['example_branch_dop_operator_v3']) retrieved from /home/airflow/.local/lib/python3.7/site-packages/airflow/example_dags/example_branch_python_dop_operator_3.py
[2023-11-20T19:02:34.594+0000] {logging_mixin.py:120} INFO - [2023-11-20T19:02:34.594+0000] {dag.py:2585} INFO - Sync 1 DAGs
[2023-11-20T19:02:34.677+0000] {logging_mixin.py:120} INFO - [2023-11-20T19:02:34.677+0000] {dag.py:3340} INFO - Setting next_dagrun for example_branch_dop_operator_v3 to 2023-11-20T19:01:00+00:00, run_after=2023-11-20T19:02:00+00:00
[2023-11-20T19:02:34.751+0000] {processor.py:176} INFO - Processing /home/airflow/.local/lib/python3.7/site-packages/airflow/example_dags/example_branch_python_dop_operator_3.py took 0.400 seconds
[2023-11-20T19:03:04.877+0000] {processor.py:154} INFO - Started process (PID=2164) to work on /home/airflow/.local/lib/python3.7/site-packages/airflow/example_dags/example_branch_python_dop_operator_3.py
[2023-11-20T19:03:04.877+0000] {processor.py:756} INFO - Processing file /home/airflow/.local/lib/python3.7/site-packages/airflow/example_dags/example_branch_python_dop_operator_3.py for tasks to queue
[2023-11-20T19:03:04.878+0000] {logging_mixin.py:120} INFO - [2023-11-20T19:03:04.878+0000] {dagbag.py:537} INFO - Filling up the DagBag from /home/airflow/.local/lib/python3.7/site-packages/airflow/example_dags/example_branch_python_dop_operator_3.py
[2023-11-20T19:03:04.900+0000] {processor.py:766} INFO - DAG(s) dict_keys(['example_branch_dop_operator_v3']) retrieved from /home/airflow/.local/lib/python3.7/site-packages/airflow/example_dags/example_branch_python_dop_operator_3.py
[2023-11-20T19:03:04.933+0000] {logging_mixin.py:120} INFO - [2023-11-20T19:03:04.933+0000] {dag.py:2585} INFO - Sync 1 DAGs
[2023-11-20T19:03:04.957+0000] {logging_mixin.py:120} INFO - [2023-11-20T19:03:04.957+0000] {dag.py:3340} INFO - Setting next_dagrun for example_branch_dop_operator_v3 to 2023-11-20T19:02:00+00:00, run_after=2023-11-20T19:03:00+00:00
[2023-11-20T19:03:04.979+0000] {processor.py:176} INFO - Processing /home/airflow/.local/lib/python3.7/site-packages/airflow/example_dags/example_branch_python_dop_operator_3.py took 0.105 seconds
[2023-11-20T19:03:35.478+0000] {processor.py:154} INFO - Started process (PID=2217) to work on /home/airflow/.local/lib/python3.7/site-packages/airflow/example_dags/example_branch_python_dop_operator_3.py
[2023-11-20T19:03:35.485+0000] {processor.py:756} INFO - Processing file /home/airflow/.local/lib/python3.7/site-packages/airflow/example_dags/example_branch_python_dop_operator_3.py for tasks to queue
[2023-11-20T19:03:35.486+0000] {logging_mixin.py:120} INFO - [2023-11-20T19:03:35.486+0000] {dagbag.py:537} INFO - Filling up the DagBag from /home/airflow/.local/lib/python3.7/site-packages/airflow/example_dags/example_branch_python_dop_operator_3.py
[2023-11-20T19:03:35.545+0000] {processor.py:766} INFO - DAG(s) dict_keys(['example_branch_dop_operator_v3']) retrieved from /home/airflow/.local/lib/python3.7/site-packages/airflow/example_dags/example_branch_python_dop_operator_3.py
[2023-11-20T19:03:35.633+0000] {logging_mixin.py:120} INFO - [2023-11-20T19:03:35.633+0000] {dag.py:2585} INFO - Sync 1 DAGs
[2023-11-20T19:03:35.741+0000] {logging_mixin.py:120} INFO - [2023-11-20T19:03:35.741+0000] {dag.py:3340} INFO - Setting next_dagrun for example_branch_dop_operator_v3 to 2023-11-20T19:02:00+00:00, run_after=2023-11-20T19:03:00+00:00
[2023-11-20T19:03:35.770+0000] {processor.py:176} INFO - Processing /home/airflow/.local/lib/python3.7/site-packages/airflow/example_dags/example_branch_python_dop_operator_3.py took 0.295 seconds
[2023-11-20T19:04:06.464+0000] {processor.py:154} INFO - Started process (PID=2281) to work on /home/airflow/.local/lib/python3.7/site-packages/airflow/example_dags/example_branch_python_dop_operator_3.py
[2023-11-20T19:04:06.465+0000] {processor.py:756} INFO - Processing file /home/airflow/.local/lib/python3.7/site-packages/airflow/example_dags/example_branch_python_dop_operator_3.py for tasks to queue
[2023-11-20T19:04:06.465+0000] {logging_mixin.py:120} INFO - [2023-11-20T19:04:06.465+0000] {dagbag.py:537} INFO - Filling up the DagBag from /home/airflow/.local/lib/python3.7/site-packages/airflow/example_dags/example_branch_python_dop_operator_3.py
[2023-11-20T19:04:06.496+0000] {processor.py:766} INFO - DAG(s) dict_keys(['example_branch_dop_operator_v3']) retrieved from /home/airflow/.local/lib/python3.7/site-packages/airflow/example_dags/example_branch_python_dop_operator_3.py
[2023-11-20T19:04:06.540+0000] {logging_mixin.py:120} INFO - [2023-11-20T19:04:06.540+0000] {dag.py:2585} INFO - Sync 1 DAGs
[2023-11-20T19:04:06.609+0000] {logging_mixin.py:120} INFO - [2023-11-20T19:04:06.608+0000] {dag.py:3340} INFO - Setting next_dagrun for example_branch_dop_operator_v3 to 2023-11-20T19:03:00+00:00, run_after=2023-11-20T19:04:00+00:00
[2023-11-20T19:04:06.659+0000] {processor.py:176} INFO - Processing /home/airflow/.local/lib/python3.7/site-packages/airflow/example_dags/example_branch_python_dop_operator_3.py took 0.199 seconds
[2023-11-20T19:04:37.031+0000] {processor.py:154} INFO - Started process (PID=2334) to work on /home/airflow/.local/lib/python3.7/site-packages/airflow/example_dags/example_branch_python_dop_operator_3.py
[2023-11-20T19:04:37.032+0000] {processor.py:756} INFO - Processing file /home/airflow/.local/lib/python3.7/site-packages/airflow/example_dags/example_branch_python_dop_operator_3.py for tasks to queue
[2023-11-20T19:04:37.034+0000] {logging_mixin.py:120} INFO - [2023-11-20T19:04:37.034+0000] {dagbag.py:537} INFO - Filling up the DagBag from /home/airflow/.local/lib/python3.7/site-packages/airflow/example_dags/example_branch_python_dop_operator_3.py
[2023-11-20T19:04:37.063+0000] {processor.py:766} INFO - DAG(s) dict_keys(['example_branch_dop_operator_v3']) retrieved from /home/airflow/.local/lib/python3.7/site-packages/airflow/example_dags/example_branch_python_dop_operator_3.py
[2023-11-20T19:04:37.112+0000] {logging_mixin.py:120} INFO - [2023-11-20T19:04:37.112+0000] {dag.py:2585} INFO - Sync 1 DAGs
[2023-11-20T19:04:37.148+0000] {logging_mixin.py:120} INFO - [2023-11-20T19:04:37.148+0000] {dag.py:3340} INFO - Setting next_dagrun for example_branch_dop_operator_v3 to 2023-11-20T19:03:00+00:00, run_after=2023-11-20T19:04:00+00:00
[2023-11-20T19:04:37.184+0000] {processor.py:176} INFO - Processing /home/airflow/.local/lib/python3.7/site-packages/airflow/example_dags/example_branch_python_dop_operator_3.py took 0.156 seconds
[2023-11-20T19:05:07.859+0000] {processor.py:154} INFO - Started process (PID=2396) to work on /home/airflow/.local/lib/python3.7/site-packages/airflow/example_dags/example_branch_python_dop_operator_3.py
[2023-11-20T19:05:07.860+0000] {processor.py:756} INFO - Processing file /home/airflow/.local/lib/python3.7/site-packages/airflow/example_dags/example_branch_python_dop_operator_3.py for tasks to queue
[2023-11-20T19:05:07.861+0000] {logging_mixin.py:120} INFO - [2023-11-20T19:05:07.861+0000] {dagbag.py:537} INFO - Filling up the DagBag from /home/airflow/.local/lib/python3.7/site-packages/airflow/example_dags/example_branch_python_dop_operator_3.py
[2023-11-20T19:05:07.890+0000] {processor.py:766} INFO - DAG(s) dict_keys(['example_branch_dop_operator_v3']) retrieved from /home/airflow/.local/lib/python3.7/site-packages/airflow/example_dags/example_branch_python_dop_operator_3.py
[2023-11-20T19:05:07.947+0000] {logging_mixin.py:120} INFO - [2023-11-20T19:05:07.947+0000] {dag.py:2585} INFO - Sync 1 DAGs
[2023-11-20T19:05:08.035+0000] {logging_mixin.py:120} INFO - [2023-11-20T19:05:08.035+0000] {dag.py:3340} INFO - Setting next_dagrun for example_branch_dop_operator_v3 to 2023-11-20T19:04:00+00:00, run_after=2023-11-20T19:05:00+00:00
[2023-11-20T19:05:08.079+0000] {processor.py:176} INFO - Processing /home/airflow/.local/lib/python3.7/site-packages/airflow/example_dags/example_branch_python_dop_operator_3.py took 0.223 seconds
[2023-11-20T19:05:38.986+0000] {processor.py:154} INFO - Started process (PID=2457) to work on /home/airflow/.local/lib/python3.7/site-packages/airflow/example_dags/example_branch_python_dop_operator_3.py
[2023-11-20T19:05:38.987+0000] {processor.py:756} INFO - Processing file /home/airflow/.local/lib/python3.7/site-packages/airflow/example_dags/example_branch_python_dop_operator_3.py for tasks to queue
[2023-11-20T19:05:38.988+0000] {logging_mixin.py:120} INFO - [2023-11-20T19:05:38.987+0000] {dagbag.py:537} INFO - Filling up the DagBag from /home/airflow/.local/lib/python3.7/site-packages/airflow/example_dags/example_branch_python_dop_operator_3.py
[2023-11-20T19:05:39.021+0000] {processor.py:766} INFO - DAG(s) dict_keys(['example_branch_dop_operator_v3']) retrieved from /home/airflow/.local/lib/python3.7/site-packages/airflow/example_dags/example_branch_python_dop_operator_3.py
[2023-11-20T19:05:39.090+0000] {logging_mixin.py:120} INFO - [2023-11-20T19:05:39.090+0000] {dag.py:2585} INFO - Sync 1 DAGs
[2023-11-20T19:05:39.163+0000] {logging_mixin.py:120} INFO - [2023-11-20T19:05:39.163+0000] {dag.py:3340} INFO - Setting next_dagrun for example_branch_dop_operator_v3 to 2023-11-20T19:04:00+00:00, run_after=2023-11-20T19:05:00+00:00
[2023-11-20T19:05:39.212+0000] {processor.py:176} INFO - Processing /home/airflow/.local/lib/python3.7/site-packages/airflow/example_dags/example_branch_python_dop_operator_3.py took 0.234 seconds
[2023-11-20T19:06:09.268+0000] {processor.py:154} INFO - Started process (PID=2514) to work on /home/airflow/.local/lib/python3.7/site-packages/airflow/example_dags/example_branch_python_dop_operator_3.py
[2023-11-20T19:06:09.269+0000] {processor.py:756} INFO - Processing file /home/airflow/.local/lib/python3.7/site-packages/airflow/example_dags/example_branch_python_dop_operator_3.py for tasks to queue
[2023-11-20T19:06:09.270+0000] {logging_mixin.py:120} INFO - [2023-11-20T19:06:09.269+0000] {dagbag.py:537} INFO - Filling up the DagBag from /home/airflow/.local/lib/python3.7/site-packages/airflow/example_dags/example_branch_python_dop_operator_3.py
[2023-11-20T19:06:09.298+0000] {processor.py:766} INFO - DAG(s) dict_keys(['example_branch_dop_operator_v3']) retrieved from /home/airflow/.local/lib/python3.7/site-packages/airflow/example_dags/example_branch_python_dop_operator_3.py
[2023-11-20T19:06:09.344+0000] {logging_mixin.py:120} INFO - [2023-11-20T19:06:09.344+0000] {dag.py:2585} INFO - Sync 1 DAGs
[2023-11-20T19:06:09.383+0000] {logging_mixin.py:120} INFO - [2023-11-20T19:06:09.383+0000] {dag.py:3340} INFO - Setting next_dagrun for example_branch_dop_operator_v3 to 2023-11-20T19:05:00+00:00, run_after=2023-11-20T19:06:00+00:00
[2023-11-20T19:06:09.413+0000] {processor.py:176} INFO - Processing /home/airflow/.local/lib/python3.7/site-packages/airflow/example_dags/example_branch_python_dop_operator_3.py took 0.149 seconds
[2023-11-20T19:06:39.599+0000] {processor.py:154} INFO - Started process (PID=2579) to work on /home/airflow/.local/lib/python3.7/site-packages/airflow/example_dags/example_branch_python_dop_operator_3.py
[2023-11-20T19:06:39.600+0000] {processor.py:756} INFO - Processing file /home/airflow/.local/lib/python3.7/site-packages/airflow/example_dags/example_branch_python_dop_operator_3.py for tasks to queue
[2023-11-20T19:06:39.601+0000] {logging_mixin.py:120} INFO - [2023-11-20T19:06:39.601+0000] {dagbag.py:537} INFO - Filling up the DagBag from /home/airflow/.local/lib/python3.7/site-packages/airflow/example_dags/example_branch_python_dop_operator_3.py
[2023-11-20T19:06:39.639+0000] {processor.py:766} INFO - DAG(s) dict_keys(['example_branch_dop_operator_v3']) retrieved from /home/airflow/.local/lib/python3.7/site-packages/airflow/example_dags/example_branch_python_dop_operator_3.py
[2023-11-20T19:06:39.795+0000] {logging_mixin.py:120} INFO - [2023-11-20T19:06:39.795+0000] {dag.py:2585} INFO - Sync 1 DAGs
[2023-11-20T19:06:39.834+0000] {logging_mixin.py:120} INFO - [2023-11-20T19:06:39.833+0000] {dag.py:3340} INFO - Setting next_dagrun for example_branch_dop_operator_v3 to 2023-11-20T19:05:00+00:00, run_after=2023-11-20T19:06:00+00:00
[2023-11-20T19:06:39.857+0000] {processor.py:176} INFO - Processing /home/airflow/.local/lib/python3.7/site-packages/airflow/example_dags/example_branch_python_dop_operator_3.py took 0.261 seconds
[2023-11-20T19:07:10.712+0000] {processor.py:154} INFO - Started process (PID=2644) to work on /home/airflow/.local/lib/python3.7/site-packages/airflow/example_dags/example_branch_python_dop_operator_3.py
[2023-11-20T19:07:10.713+0000] {processor.py:756} INFO - Processing file /home/airflow/.local/lib/python3.7/site-packages/airflow/example_dags/example_branch_python_dop_operator_3.py for tasks to queue
[2023-11-20T19:07:10.714+0000] {logging_mixin.py:120} INFO - [2023-11-20T19:07:10.714+0000] {dagbag.py:537} INFO - Filling up the DagBag from /home/airflow/.local/lib/python3.7/site-packages/airflow/example_dags/example_branch_python_dop_operator_3.py
[2023-11-20T19:07:10.787+0000] {processor.py:766} INFO - DAG(s) dict_keys(['example_branch_dop_operator_v3']) retrieved from /home/airflow/.local/lib/python3.7/site-packages/airflow/example_dags/example_branch_python_dop_operator_3.py
[2023-11-20T19:07:10.891+0000] {logging_mixin.py:120} INFO - [2023-11-20T19:07:10.891+0000] {dag.py:2585} INFO - Sync 1 DAGs
[2023-11-20T19:07:10.952+0000] {logging_mixin.py:120} INFO - [2023-11-20T19:07:10.951+0000] {dag.py:3340} INFO - Setting next_dagrun for example_branch_dop_operator_v3 to 2023-11-20T19:06:00+00:00, run_after=2023-11-20T19:07:00+00:00
[2023-11-20T19:07:11.019+0000] {processor.py:176} INFO - Processing /home/airflow/.local/lib/python3.7/site-packages/airflow/example_dags/example_branch_python_dop_operator_3.py took 0.320 seconds
[2023-11-20T19:07:41.602+0000] {processor.py:154} INFO - Started process (PID=2698) to work on /home/airflow/.local/lib/python3.7/site-packages/airflow/example_dags/example_branch_python_dop_operator_3.py
[2023-11-20T19:07:41.603+0000] {processor.py:756} INFO - Processing file /home/airflow/.local/lib/python3.7/site-packages/airflow/example_dags/example_branch_python_dop_operator_3.py for tasks to queue
[2023-11-20T19:07:41.604+0000] {logging_mixin.py:120} INFO - [2023-11-20T19:07:41.604+0000] {dagbag.py:537} INFO - Filling up the DagBag from /home/airflow/.local/lib/python3.7/site-packages/airflow/example_dags/example_branch_python_dop_operator_3.py
[2023-11-20T19:07:41.632+0000] {processor.py:766} INFO - DAG(s) dict_keys(['example_branch_dop_operator_v3']) retrieved from /home/airflow/.local/lib/python3.7/site-packages/airflow/example_dags/example_branch_python_dop_operator_3.py
[2023-11-20T19:07:41.679+0000] {logging_mixin.py:120} INFO - [2023-11-20T19:07:41.679+0000] {dag.py:2585} INFO - Sync 1 DAGs
[2023-11-20T19:07:41.714+0000] {logging_mixin.py:120} INFO - [2023-11-20T19:07:41.714+0000] {dag.py:3340} INFO - Setting next_dagrun for example_branch_dop_operator_v3 to 2023-11-20T19:06:00+00:00, run_after=2023-11-20T19:07:00+00:00
[2023-11-20T19:07:41.740+0000] {processor.py:176} INFO - Processing /home/airflow/.local/lib/python3.7/site-packages/airflow/example_dags/example_branch_python_dop_operator_3.py took 0.142 seconds
[2023-11-20T19:08:12.537+0000] {processor.py:154} INFO - Started process (PID=2762) to work on /home/airflow/.local/lib/python3.7/site-packages/airflow/example_dags/example_branch_python_dop_operator_3.py
[2023-11-20T19:08:12.538+0000] {processor.py:756} INFO - Processing file /home/airflow/.local/lib/python3.7/site-packages/airflow/example_dags/example_branch_python_dop_operator_3.py for tasks to queue
[2023-11-20T19:08:12.539+0000] {logging_mixin.py:120} INFO - [2023-11-20T19:08:12.539+0000] {dagbag.py:537} INFO - Filling up the DagBag from /home/airflow/.local/lib/python3.7/site-packages/airflow/example_dags/example_branch_python_dop_operator_3.py
[2023-11-20T19:08:12.577+0000] {processor.py:766} INFO - DAG(s) dict_keys(['example_branch_dop_operator_v3']) retrieved from /home/airflow/.local/lib/python3.7/site-packages/airflow/example_dags/example_branch_python_dop_operator_3.py
[2023-11-20T19:08:12.680+0000] {logging_mixin.py:120} INFO - [2023-11-20T19:08:12.680+0000] {dag.py:2585} INFO - Sync 1 DAGs
[2023-11-20T19:08:12.720+0000] {logging_mixin.py:120} INFO - [2023-11-20T19:08:12.720+0000] {dag.py:3340} INFO - Setting next_dagrun for example_branch_dop_operator_v3 to 2023-11-20T19:07:00+00:00, run_after=2023-11-20T19:08:00+00:00
[2023-11-20T19:08:12.750+0000] {processor.py:176} INFO - Processing /home/airflow/.local/lib/python3.7/site-packages/airflow/example_dags/example_branch_python_dop_operator_3.py took 0.217 seconds
[2023-11-20T19:08:43.324+0000] {processor.py:154} INFO - Started process (PID=2825) to work on /home/airflow/.local/lib/python3.7/site-packages/airflow/example_dags/example_branch_python_dop_operator_3.py
[2023-11-20T19:08:43.325+0000] {processor.py:756} INFO - Processing file /home/airflow/.local/lib/python3.7/site-packages/airflow/example_dags/example_branch_python_dop_operator_3.py for tasks to queue
[2023-11-20T19:08:43.326+0000] {logging_mixin.py:120} INFO - [2023-11-20T19:08:43.325+0000] {dagbag.py:537} INFO - Filling up the DagBag from /home/airflow/.local/lib/python3.7/site-packages/airflow/example_dags/example_branch_python_dop_operator_3.py
[2023-11-20T19:08:43.361+0000] {processor.py:766} INFO - DAG(s) dict_keys(['example_branch_dop_operator_v3']) retrieved from /home/airflow/.local/lib/python3.7/site-packages/airflow/example_dags/example_branch_python_dop_operator_3.py
[2023-11-20T19:08:43.436+0000] {logging_mixin.py:120} INFO - [2023-11-20T19:08:43.436+0000] {dag.py:2585} INFO - Sync 1 DAGs
[2023-11-20T19:08:43.479+0000] {logging_mixin.py:120} INFO - [2023-11-20T19:08:43.479+0000] {dag.py:3340} INFO - Setting next_dagrun for example_branch_dop_operator_v3 to 2023-11-20T19:07:00+00:00, run_after=2023-11-20T19:08:00+00:00
[2023-11-20T19:08:43.502+0000] {processor.py:176} INFO - Processing /home/airflow/.local/lib/python3.7/site-packages/airflow/example_dags/example_branch_python_dop_operator_3.py took 0.182 seconds
[2023-11-20T19:09:14.031+0000] {processor.py:154} INFO - Started process (PID=2880) to work on /home/airflow/.local/lib/python3.7/site-packages/airflow/example_dags/example_branch_python_dop_operator_3.py
[2023-11-20T19:09:14.032+0000] {processor.py:756} INFO - Processing file /home/airflow/.local/lib/python3.7/site-packages/airflow/example_dags/example_branch_python_dop_operator_3.py for tasks to queue
[2023-11-20T19:09:14.033+0000] {logging_mixin.py:120} INFO - [2023-11-20T19:09:14.032+0000] {dagbag.py:537} INFO - Filling up the DagBag from /home/airflow/.local/lib/python3.7/site-packages/airflow/example_dags/example_branch_python_dop_operator_3.py
[2023-11-20T19:09:14.064+0000] {processor.py:766} INFO - DAG(s) dict_keys(['example_branch_dop_operator_v3']) retrieved from /home/airflow/.local/lib/python3.7/site-packages/airflow/example_dags/example_branch_python_dop_operator_3.py
[2023-11-20T19:09:14.111+0000] {logging_mixin.py:120} INFO - [2023-11-20T19:09:14.110+0000] {dag.py:2585} INFO - Sync 1 DAGs
[2023-11-20T19:09:14.167+0000] {logging_mixin.py:120} INFO - [2023-11-20T19:09:14.166+0000] {dag.py:3340} INFO - Setting next_dagrun for example_branch_dop_operator_v3 to 2023-11-20T19:08:00+00:00, run_after=2023-11-20T19:09:00+00:00
[2023-11-20T19:09:14.204+0000] {processor.py:176} INFO - Processing /home/airflow/.local/lib/python3.7/site-packages/airflow/example_dags/example_branch_python_dop_operator_3.py took 0.176 seconds
[2023-11-20T19:09:44.566+0000] {processor.py:154} INFO - Started process (PID=2943) to work on /home/airflow/.local/lib/python3.7/site-packages/airflow/example_dags/example_branch_python_dop_operator_3.py
[2023-11-20T19:09:44.568+0000] {processor.py:756} INFO - Processing file /home/airflow/.local/lib/python3.7/site-packages/airflow/example_dags/example_branch_python_dop_operator_3.py for tasks to queue
[2023-11-20T19:09:44.568+0000] {logging_mixin.py:120} INFO - [2023-11-20T19:09:44.568+0000] {dagbag.py:537} INFO - Filling up the DagBag from /home/airflow/.local/lib/python3.7/site-packages/airflow/example_dags/example_branch_python_dop_operator_3.py
[2023-11-20T19:09:44.598+0000] {processor.py:766} INFO - DAG(s) dict_keys(['example_branch_dop_operator_v3']) retrieved from /home/airflow/.local/lib/python3.7/site-packages/airflow/example_dags/example_branch_python_dop_operator_3.py
[2023-11-20T19:09:44.658+0000] {logging_mixin.py:120} INFO - [2023-11-20T19:09:44.658+0000] {dag.py:2585} INFO - Sync 1 DAGs
[2023-11-20T19:09:44.708+0000] {logging_mixin.py:120} INFO - [2023-11-20T19:09:44.707+0000] {dag.py:3340} INFO - Setting next_dagrun for example_branch_dop_operator_v3 to 2023-11-20T19:08:00+00:00, run_after=2023-11-20T19:09:00+00:00
[2023-11-20T19:09:44.757+0000] {processor.py:176} INFO - Processing /home/airflow/.local/lib/python3.7/site-packages/airflow/example_dags/example_branch_python_dop_operator_3.py took 0.194 seconds
[2023-11-20T19:10:15.316+0000] {processor.py:154} INFO - Started process (PID=3005) to work on /home/airflow/.local/lib/python3.7/site-packages/airflow/example_dags/example_branch_python_dop_operator_3.py
[2023-11-20T19:10:15.317+0000] {processor.py:756} INFO - Processing file /home/airflow/.local/lib/python3.7/site-packages/airflow/example_dags/example_branch_python_dop_operator_3.py for tasks to queue
[2023-11-20T19:10:15.318+0000] {logging_mixin.py:120} INFO - [2023-11-20T19:10:15.318+0000] {dagbag.py:537} INFO - Filling up the DagBag from /home/airflow/.local/lib/python3.7/site-packages/airflow/example_dags/example_branch_python_dop_operator_3.py
[2023-11-20T19:10:15.347+0000] {processor.py:766} INFO - DAG(s) dict_keys(['example_branch_dop_operator_v3']) retrieved from /home/airflow/.local/lib/python3.7/site-packages/airflow/example_dags/example_branch_python_dop_operator_3.py
[2023-11-20T19:10:15.405+0000] {logging_mixin.py:120} INFO - [2023-11-20T19:10:15.405+0000] {dag.py:2585} INFO - Sync 1 DAGs
[2023-11-20T19:10:15.436+0000] {logging_mixin.py:120} INFO - [2023-11-20T19:10:15.436+0000] {dag.py:3340} INFO - Setting next_dagrun for example_branch_dop_operator_v3 to 2023-11-20T19:09:00+00:00, run_after=2023-11-20T19:10:00+00:00
[2023-11-20T19:10:15.483+0000] {processor.py:176} INFO - Processing /home/airflow/.local/lib/python3.7/site-packages/airflow/example_dags/example_branch_python_dop_operator_3.py took 0.171 seconds
[2023-11-20T19:10:46.172+0000] {processor.py:154} INFO - Started process (PID=3059) to work on /home/airflow/.local/lib/python3.7/site-packages/airflow/example_dags/example_branch_python_dop_operator_3.py
[2023-11-20T19:10:46.173+0000] {processor.py:756} INFO - Processing file /home/airflow/.local/lib/python3.7/site-packages/airflow/example_dags/example_branch_python_dop_operator_3.py for tasks to queue
[2023-11-20T19:10:46.174+0000] {logging_mixin.py:120} INFO - [2023-11-20T19:10:46.173+0000] {dagbag.py:537} INFO - Filling up the DagBag from /home/airflow/.local/lib/python3.7/site-packages/airflow/example_dags/example_branch_python_dop_operator_3.py
[2023-11-20T19:10:46.204+0000] {processor.py:766} INFO - DAG(s) dict_keys(['example_branch_dop_operator_v3']) retrieved from /home/airflow/.local/lib/python3.7/site-packages/airflow/example_dags/example_branch_python_dop_operator_3.py
[2023-11-20T19:10:46.251+0000] {logging_mixin.py:120} INFO - [2023-11-20T19:10:46.251+0000] {dag.py:2585} INFO - Sync 1 DAGs
[2023-11-20T19:10:46.290+0000] {logging_mixin.py:120} INFO - [2023-11-20T19:10:46.290+0000] {dag.py:3340} INFO - Setting next_dagrun for example_branch_dop_operator_v3 to 2023-11-20T19:09:00+00:00, run_after=2023-11-20T19:10:00+00:00
[2023-11-20T19:10:46.319+0000] {processor.py:176} INFO - Processing /home/airflow/.local/lib/python3.7/site-packages/airflow/example_dags/example_branch_python_dop_operator_3.py took 0.150 seconds
[2023-11-20T19:11:18.151+0000] {processor.py:154} INFO - Started process (PID=3121) to work on /home/airflow/.local/lib/python3.7/site-packages/airflow/example_dags/example_branch_python_dop_operator_3.py
[2023-11-20T19:11:18.170+0000] {processor.py:756} INFO - Processing file /home/airflow/.local/lib/python3.7/site-packages/airflow/example_dags/example_branch_python_dop_operator_3.py for tasks to queue
[2023-11-20T19:11:18.171+0000] {logging_mixin.py:120} INFO - [2023-11-20T19:11:18.171+0000] {dagbag.py:537} INFO - Filling up the DagBag from /home/airflow/.local/lib/python3.7/site-packages/airflow/example_dags/example_branch_python_dop_operator_3.py
[2023-11-20T19:11:18.252+0000] {processor.py:766} INFO - DAG(s) dict_keys(['example_branch_dop_operator_v3']) retrieved from /home/airflow/.local/lib/python3.7/site-packages/airflow/example_dags/example_branch_python_dop_operator_3.py
[2023-11-20T19:11:18.368+0000] {logging_mixin.py:120} INFO - [2023-11-20T19:11:18.367+0000] {dag.py:2585} INFO - Sync 1 DAGs
[2023-11-20T19:11:18.466+0000] {logging_mixin.py:120} INFO - [2023-11-20T19:11:18.466+0000] {dag.py:3340} INFO - Setting next_dagrun for example_branch_dop_operator_v3 to 2023-11-20T19:10:00+00:00, run_after=2023-11-20T19:11:00+00:00
[2023-11-20T19:11:18.520+0000] {processor.py:176} INFO - Processing /home/airflow/.local/lib/python3.7/site-packages/airflow/example_dags/example_branch_python_dop_operator_3.py took 0.373 seconds
[2023-11-20T19:11:49.087+0000] {processor.py:154} INFO - Started process (PID=3176) to work on /home/airflow/.local/lib/python3.7/site-packages/airflow/example_dags/example_branch_python_dop_operator_3.py
[2023-11-20T19:11:49.088+0000] {processor.py:756} INFO - Processing file /home/airflow/.local/lib/python3.7/site-packages/airflow/example_dags/example_branch_python_dop_operator_3.py for tasks to queue
[2023-11-20T19:11:49.089+0000] {logging_mixin.py:120} INFO - [2023-11-20T19:11:49.088+0000] {dagbag.py:537} INFO - Filling up the DagBag from /home/airflow/.local/lib/python3.7/site-packages/airflow/example_dags/example_branch_python_dop_operator_3.py
[2023-11-20T19:11:49.108+0000] {processor.py:766} INFO - DAG(s) dict_keys(['example_branch_dop_operator_v3']) retrieved from /home/airflow/.local/lib/python3.7/site-packages/airflow/example_dags/example_branch_python_dop_operator_3.py
[2023-11-20T19:11:49.143+0000] {logging_mixin.py:120} INFO - [2023-11-20T19:11:49.142+0000] {dag.py:2585} INFO - Sync 1 DAGs
[2023-11-20T19:11:49.167+0000] {logging_mixin.py:120} INFO - [2023-11-20T19:11:49.167+0000] {dag.py:3340} INFO - Setting next_dagrun for example_branch_dop_operator_v3 to 2023-11-20T19:10:00+00:00, run_after=2023-11-20T19:11:00+00:00
[2023-11-20T19:11:49.190+0000] {processor.py:176} INFO - Processing /home/airflow/.local/lib/python3.7/site-packages/airflow/example_dags/example_branch_python_dop_operator_3.py took 0.105 seconds
