[2023-11-20T20:23:49.047+0000] {processor.py:154} INFO - Started process (PID=11691) to work on /home/airflow/.local/lib/python3.7/site-packages/airflow/example_dags/example_latest_only_with_trigger.py
[2023-11-20T20:23:49.049+0000] {processor.py:756} INFO - Processing file /home/airflow/.local/lib/python3.7/site-packages/airflow/example_dags/example_latest_only_with_trigger.py for tasks to queue
[2023-11-20T20:23:49.050+0000] {logging_mixin.py:120} INFO - [2023-11-20T20:23:49.049+0000] {dagbag.py:537} INFO - Filling up the DagBag from /home/airflow/.local/lib/python3.7/site-packages/airflow/example_dags/example_latest_only_with_trigger.py
[2023-11-20T20:23:49.068+0000] {processor.py:766} INFO - DAG(s) dict_keys(['latest_only_with_trigger']) retrieved from /home/airflow/.local/lib/python3.7/site-packages/airflow/example_dags/example_latest_only_with_trigger.py
[2023-11-20T20:23:49.117+0000] {logging_mixin.py:120} INFO - [2023-11-20T20:23:49.117+0000] {dag.py:2585} INFO - Sync 1 DAGs
[2023-11-20T20:23:49.152+0000] {logging_mixin.py:120} INFO - [2023-11-20T20:23:49.152+0000] {dag.py:3340} INFO - Setting next_dagrun for latest_only_with_trigger to 2023-11-20T16:23:49.152222+00:00, run_after=2023-11-20T20:23:49.152222+00:00
[2023-11-20T20:23:49.178+0000] {processor.py:176} INFO - Processing /home/airflow/.local/lib/python3.7/site-packages/airflow/example_dags/example_latest_only_with_trigger.py took 0.135 seconds
[2023-11-20T20:24:20.011+0000] {processor.py:154} INFO - Started process (PID=11747) to work on /home/airflow/.local/lib/python3.7/site-packages/airflow/example_dags/example_latest_only_with_trigger.py
[2023-11-20T20:24:20.012+0000] {processor.py:756} INFO - Processing file /home/airflow/.local/lib/python3.7/site-packages/airflow/example_dags/example_latest_only_with_trigger.py for tasks to queue
[2023-11-20T20:24:20.013+0000] {logging_mixin.py:120} INFO - [2023-11-20T20:24:20.013+0000] {dagbag.py:537} INFO - Filling up the DagBag from /home/airflow/.local/lib/python3.7/site-packages/airflow/example_dags/example_latest_only_with_trigger.py
[2023-11-20T20:24:20.033+0000] {processor.py:766} INFO - DAG(s) dict_keys(['latest_only_with_trigger']) retrieved from /home/airflow/.local/lib/python3.7/site-packages/airflow/example_dags/example_latest_only_with_trigger.py
[2023-11-20T20:24:20.083+0000] {logging_mixin.py:120} INFO - [2023-11-20T20:24:20.082+0000] {dag.py:2585} INFO - Sync 1 DAGs
[2023-11-20T20:24:20.118+0000] {logging_mixin.py:120} INFO - [2023-11-20T20:24:20.118+0000] {dag.py:3340} INFO - Setting next_dagrun for latest_only_with_trigger to 2023-11-20T16:24:20.118267+00:00, run_after=2023-11-20T20:24:20.118267+00:00
[2023-11-20T20:24:20.146+0000] {processor.py:176} INFO - Processing /home/airflow/.local/lib/python3.7/site-packages/airflow/example_dags/example_latest_only_with_trigger.py took 0.137 seconds
[2023-11-20T20:24:50.724+0000] {processor.py:154} INFO - Started process (PID=11811) to work on /home/airflow/.local/lib/python3.7/site-packages/airflow/example_dags/example_latest_only_with_trigger.py
[2023-11-20T20:24:50.725+0000] {processor.py:756} INFO - Processing file /home/airflow/.local/lib/python3.7/site-packages/airflow/example_dags/example_latest_only_with_trigger.py for tasks to queue
[2023-11-20T20:24:50.726+0000] {logging_mixin.py:120} INFO - [2023-11-20T20:24:50.726+0000] {dagbag.py:537} INFO - Filling up the DagBag from /home/airflow/.local/lib/python3.7/site-packages/airflow/example_dags/example_latest_only_with_trigger.py
[2023-11-20T20:24:50.742+0000] {processor.py:766} INFO - DAG(s) dict_keys(['latest_only_with_trigger']) retrieved from /home/airflow/.local/lib/python3.7/site-packages/airflow/example_dags/example_latest_only_with_trigger.py
[2023-11-20T20:24:50.790+0000] {logging_mixin.py:120} INFO - [2023-11-20T20:24:50.790+0000] {dag.py:2585} INFO - Sync 1 DAGs
[2023-11-20T20:24:50.824+0000] {logging_mixin.py:120} INFO - [2023-11-20T20:24:50.824+0000] {dag.py:3340} INFO - Setting next_dagrun for latest_only_with_trigger to 2023-11-20T16:24:50.824552+00:00, run_after=2023-11-20T20:24:50.824552+00:00
[2023-11-20T20:24:50.858+0000] {processor.py:176} INFO - Processing /home/airflow/.local/lib/python3.7/site-packages/airflow/example_dags/example_latest_only_with_trigger.py took 0.137 seconds
