[2023-11-20T18:44:39.255+0000] {processor.py:154} INFO - Started process (PID=54) to work on /home/airflow/.local/lib/python3.7/site-packages/airflow/example_dags/example_dag_decorator.py
[2023-11-20T18:44:39.256+0000] {processor.py:756} INFO - Processing file /home/airflow/.local/lib/python3.7/site-packages/airflow/example_dags/example_dag_decorator.py for tasks to queue
[2023-11-20T18:44:39.257+0000] {logging_mixin.py:120} INFO - [2023-11-20T18:44:39.256+0000] {dagbag.py:537} INFO - Filling up the DagBag from /home/airflow/.local/lib/python3.7/site-packages/airflow/example_dags/example_dag_decorator.py
[2023-11-20T18:44:39.299+0000] {logging_mixin.py:120} INFO - [2023-11-20T18:44:39.299+0000] {taskmixin.py:205} WARNING - Dependency <Task(_PythonDecoratedOperator): prepare_email>, send_email already registered for DAG: example_dag_decorator
[2023-11-20T18:44:39.299+0000] {logging_mixin.py:120} INFO - [2023-11-20T18:44:39.299+0000] {taskmixin.py:205} WARNING - Dependency <Task(EmailOperator): send_email>, prepare_email already registered for DAG: example_dag_decorator
[2023-11-20T18:44:39.313+0000] {processor.py:766} INFO - DAG(s) dict_keys(['example_dag_decorator']) retrieved from /home/airflow/.local/lib/python3.7/site-packages/airflow/example_dags/example_dag_decorator.py
[2023-11-20T18:44:39.490+0000] {logging_mixin.py:120} INFO - [2023-11-20T18:44:39.490+0000] {dag.py:2585} INFO - Sync 1 DAGs
[2023-11-20T18:44:39.521+0000] {logging_mixin.py:120} INFO - [2023-11-20T18:44:39.520+0000] {dag.py:3340} INFO - Setting next_dagrun for example_dag_decorator to None, run_after=None
[2023-11-20T18:44:39.572+0000] {processor.py:176} INFO - Processing /home/airflow/.local/lib/python3.7/site-packages/airflow/example_dags/example_dag_decorator.py took 0.328 seconds
[2023-11-20T18:45:10.372+0000] {processor.py:154} INFO - Started process (PID=108) to work on /home/airflow/.local/lib/python3.7/site-packages/airflow/example_dags/example_dag_decorator.py
[2023-11-20T18:45:10.373+0000] {processor.py:756} INFO - Processing file /home/airflow/.local/lib/python3.7/site-packages/airflow/example_dags/example_dag_decorator.py for tasks to queue
[2023-11-20T18:45:10.375+0000] {logging_mixin.py:120} INFO - [2023-11-20T18:45:10.375+0000] {dagbag.py:537} INFO - Filling up the DagBag from /home/airflow/.local/lib/python3.7/site-packages/airflow/example_dags/example_dag_decorator.py
[2023-11-20T18:45:10.394+0000] {logging_mixin.py:120} INFO - [2023-11-20T18:45:10.394+0000] {taskmixin.py:205} WARNING - Dependency <Task(_PythonDecoratedOperator): prepare_email>, send_email already registered for DAG: example_dag_decorator
[2023-11-20T18:45:10.394+0000] {logging_mixin.py:120} INFO - [2023-11-20T18:45:10.394+0000] {taskmixin.py:205} WARNING - Dependency <Task(EmailOperator): send_email>, prepare_email already registered for DAG: example_dag_decorator
[2023-11-20T18:45:10.409+0000] {processor.py:766} INFO - DAG(s) dict_keys(['example_dag_decorator']) retrieved from /home/airflow/.local/lib/python3.7/site-packages/airflow/example_dags/example_dag_decorator.py
[2023-11-20T18:45:10.523+0000] {logging_mixin.py:120} INFO - [2023-11-20T18:45:10.523+0000] {dag.py:2585} INFO - Sync 1 DAGs
[2023-11-20T18:45:10.549+0000] {logging_mixin.py:120} INFO - [2023-11-20T18:45:10.549+0000] {dag.py:3340} INFO - Setting next_dagrun for example_dag_decorator to None, run_after=None
[2023-11-20T18:45:10.583+0000] {processor.py:176} INFO - Processing /home/airflow/.local/lib/python3.7/site-packages/airflow/example_dags/example_dag_decorator.py took 0.215 seconds
[2023-11-20T18:45:42.201+0000] {processor.py:154} INFO - Started process (PID=171) to work on /home/airflow/.local/lib/python3.7/site-packages/airflow/example_dags/example_dag_decorator.py
[2023-11-20T18:45:42.208+0000] {processor.py:756} INFO - Processing file /home/airflow/.local/lib/python3.7/site-packages/airflow/example_dags/example_dag_decorator.py for tasks to queue
[2023-11-20T18:45:42.210+0000] {logging_mixin.py:120} INFO - [2023-11-20T18:45:42.210+0000] {dagbag.py:537} INFO - Filling up the DagBag from /home/airflow/.local/lib/python3.7/site-packages/airflow/example_dags/example_dag_decorator.py
[2023-11-20T18:45:42.307+0000] {logging_mixin.py:120} INFO - [2023-11-20T18:45:42.307+0000] {taskmixin.py:205} WARNING - Dependency <Task(_PythonDecoratedOperator): prepare_email>, send_email already registered for DAG: example_dag_decorator
[2023-11-20T18:45:42.307+0000] {logging_mixin.py:120} INFO - [2023-11-20T18:45:42.307+0000] {taskmixin.py:205} WARNING - Dependency <Task(EmailOperator): send_email>, prepare_email already registered for DAG: example_dag_decorator
[2023-11-20T18:45:42.393+0000] {processor.py:766} INFO - DAG(s) dict_keys(['example_dag_decorator']) retrieved from /home/airflow/.local/lib/python3.7/site-packages/airflow/example_dags/example_dag_decorator.py
[2023-11-20T18:45:42.943+0000] {logging_mixin.py:120} INFO - [2023-11-20T18:45:42.943+0000] {dag.py:2585} INFO - Sync 1 DAGs
[2023-11-20T18:45:43.163+0000] {logging_mixin.py:120} INFO - [2023-11-20T18:45:43.163+0000] {dag.py:3340} INFO - Setting next_dagrun for example_dag_decorator to None, run_after=None
[2023-11-20T18:45:43.281+0000] {processor.py:176} INFO - Processing /home/airflow/.local/lib/python3.7/site-packages/airflow/example_dags/example_dag_decorator.py took 1.084 seconds
[2023-11-20T18:46:14.730+0000] {processor.py:154} INFO - Started process (PID=225) to work on /home/airflow/.local/lib/python3.7/site-packages/airflow/example_dags/example_dag_decorator.py
[2023-11-20T18:46:14.737+0000] {processor.py:756} INFO - Processing file /home/airflow/.local/lib/python3.7/site-packages/airflow/example_dags/example_dag_decorator.py for tasks to queue
[2023-11-20T18:46:14.738+0000] {logging_mixin.py:120} INFO - [2023-11-20T18:46:14.738+0000] {dagbag.py:537} INFO - Filling up the DagBag from /home/airflow/.local/lib/python3.7/site-packages/airflow/example_dags/example_dag_decorator.py
[2023-11-20T18:46:14.818+0000] {logging_mixin.py:120} INFO - [2023-11-20T18:46:14.818+0000] {taskmixin.py:205} WARNING - Dependency <Task(_PythonDecoratedOperator): prepare_email>, send_email already registered for DAG: example_dag_decorator
[2023-11-20T18:46:14.829+0000] {logging_mixin.py:120} INFO - [2023-11-20T18:46:14.829+0000] {taskmixin.py:205} WARNING - Dependency <Task(EmailOperator): send_email>, prepare_email already registered for DAG: example_dag_decorator
[2023-11-20T18:46:14.908+0000] {processor.py:766} INFO - DAG(s) dict_keys(['example_dag_decorator']) retrieved from /home/airflow/.local/lib/python3.7/site-packages/airflow/example_dags/example_dag_decorator.py
[2023-11-20T18:46:15.496+0000] {logging_mixin.py:120} INFO - [2023-11-20T18:46:15.495+0000] {dag.py:2585} INFO - Sync 1 DAGs
[2023-11-20T18:46:15.619+0000] {logging_mixin.py:120} INFO - [2023-11-20T18:46:15.619+0000] {dag.py:3340} INFO - Setting next_dagrun for example_dag_decorator to None, run_after=None
[2023-11-20T18:46:15.769+0000] {processor.py:176} INFO - Processing /home/airflow/.local/lib/python3.7/site-packages/airflow/example_dags/example_dag_decorator.py took 1.071 seconds
[2023-11-20T18:46:46.437+0000] {processor.py:154} INFO - Started process (PID=279) to work on /home/airflow/.local/lib/python3.7/site-packages/airflow/example_dags/example_dag_decorator.py
[2023-11-20T18:46:46.466+0000] {processor.py:756} INFO - Processing file /home/airflow/.local/lib/python3.7/site-packages/airflow/example_dags/example_dag_decorator.py for tasks to queue
[2023-11-20T18:46:46.467+0000] {logging_mixin.py:120} INFO - [2023-11-20T18:46:46.467+0000] {dagbag.py:537} INFO - Filling up the DagBag from /home/airflow/.local/lib/python3.7/site-packages/airflow/example_dags/example_dag_decorator.py
[2023-11-20T18:46:46.510+0000] {logging_mixin.py:120} INFO - [2023-11-20T18:46:46.510+0000] {taskmixin.py:205} WARNING - Dependency <Task(_PythonDecoratedOperator): prepare_email>, send_email already registered for DAG: example_dag_decorator
[2023-11-20T18:46:46.510+0000] {logging_mixin.py:120} INFO - [2023-11-20T18:46:46.510+0000] {taskmixin.py:205} WARNING - Dependency <Task(EmailOperator): send_email>, prepare_email already registered for DAG: example_dag_decorator
[2023-11-20T18:46:46.554+0000] {processor.py:766} INFO - DAG(s) dict_keys(['example_dag_decorator']) retrieved from /home/airflow/.local/lib/python3.7/site-packages/airflow/example_dags/example_dag_decorator.py
[2023-11-20T18:46:46.911+0000] {logging_mixin.py:120} INFO - [2023-11-20T18:46:46.911+0000] {dag.py:2585} INFO - Sync 1 DAGs
[2023-11-20T18:46:47.027+0000] {logging_mixin.py:120} INFO - [2023-11-20T18:46:47.027+0000] {dag.py:3340} INFO - Setting next_dagrun for example_dag_decorator to None, run_after=None
[2023-11-20T18:46:47.124+0000] {processor.py:176} INFO - Processing /home/airflow/.local/lib/python3.7/site-packages/airflow/example_dags/example_dag_decorator.py took 0.705 seconds
[2023-11-20T18:47:17.341+0000] {processor.py:154} INFO - Started process (PID=332) to work on /home/airflow/.local/lib/python3.7/site-packages/airflow/example_dags/example_dag_decorator.py
[2023-11-20T18:47:17.347+0000] {processor.py:756} INFO - Processing file /home/airflow/.local/lib/python3.7/site-packages/airflow/example_dags/example_dag_decorator.py for tasks to queue
[2023-11-20T18:47:17.348+0000] {logging_mixin.py:120} INFO - [2023-11-20T18:47:17.348+0000] {dagbag.py:537} INFO - Filling up the DagBag from /home/airflow/.local/lib/python3.7/site-packages/airflow/example_dags/example_dag_decorator.py
[2023-11-20T18:47:17.387+0000] {logging_mixin.py:120} INFO - [2023-11-20T18:47:17.387+0000] {taskmixin.py:205} WARNING - Dependency <Task(_PythonDecoratedOperator): prepare_email>, send_email already registered for DAG: example_dag_decorator
[2023-11-20T18:47:17.391+0000] {logging_mixin.py:120} INFO - [2023-11-20T18:47:17.391+0000] {taskmixin.py:205} WARNING - Dependency <Task(EmailOperator): send_email>, prepare_email already registered for DAG: example_dag_decorator
[2023-11-20T18:47:17.451+0000] {processor.py:766} INFO - DAG(s) dict_keys(['example_dag_decorator']) retrieved from /home/airflow/.local/lib/python3.7/site-packages/airflow/example_dags/example_dag_decorator.py
[2023-11-20T18:47:17.667+0000] {logging_mixin.py:120} INFO - [2023-11-20T18:47:17.667+0000] {dag.py:2585} INFO - Sync 1 DAGs
[2023-11-20T18:47:17.698+0000] {logging_mixin.py:120} INFO - [2023-11-20T18:47:17.698+0000] {dag.py:3340} INFO - Setting next_dagrun for example_dag_decorator to None, run_after=None
[2023-11-20T18:47:17.765+0000] {processor.py:176} INFO - Processing /home/airflow/.local/lib/python3.7/site-packages/airflow/example_dags/example_dag_decorator.py took 0.435 seconds
[2023-11-20T18:47:48.082+0000] {processor.py:154} INFO - Started process (PID=396) to work on /home/airflow/.local/lib/python3.7/site-packages/airflow/example_dags/example_dag_decorator.py
[2023-11-20T18:47:48.083+0000] {processor.py:756} INFO - Processing file /home/airflow/.local/lib/python3.7/site-packages/airflow/example_dags/example_dag_decorator.py for tasks to queue
[2023-11-20T18:47:48.086+0000] {logging_mixin.py:120} INFO - [2023-11-20T18:47:48.086+0000] {dagbag.py:537} INFO - Filling up the DagBag from /home/airflow/.local/lib/python3.7/site-packages/airflow/example_dags/example_dag_decorator.py
[2023-11-20T18:47:48.120+0000] {logging_mixin.py:120} INFO - [2023-11-20T18:47:48.120+0000] {taskmixin.py:205} WARNING - Dependency <Task(_PythonDecoratedOperator): prepare_email>, send_email already registered for DAG: example_dag_decorator
[2023-11-20T18:47:48.131+0000] {logging_mixin.py:120} INFO - [2023-11-20T18:47:48.131+0000] {taskmixin.py:205} WARNING - Dependency <Task(EmailOperator): send_email>, prepare_email already registered for DAG: example_dag_decorator
[2023-11-20T18:47:48.161+0000] {processor.py:766} INFO - DAG(s) dict_keys(['example_dag_decorator']) retrieved from /home/airflow/.local/lib/python3.7/site-packages/airflow/example_dags/example_dag_decorator.py
[2023-11-20T18:47:48.390+0000] {logging_mixin.py:120} INFO - [2023-11-20T18:47:48.390+0000] {dag.py:2585} INFO - Sync 1 DAGs
[2023-11-20T18:47:48.461+0000] {logging_mixin.py:120} INFO - [2023-11-20T18:47:48.461+0000] {dag.py:3340} INFO - Setting next_dagrun for example_dag_decorator to None, run_after=None
[2023-11-20T18:47:48.566+0000] {processor.py:176} INFO - Processing /home/airflow/.local/lib/python3.7/site-packages/airflow/example_dags/example_dag_decorator.py took 0.492 seconds
[2023-11-20T18:48:19.085+0000] {processor.py:154} INFO - Started process (PID=457) to work on /home/airflow/.local/lib/python3.7/site-packages/airflow/example_dags/example_dag_decorator.py
[2023-11-20T18:48:19.109+0000] {processor.py:756} INFO - Processing file /home/airflow/.local/lib/python3.7/site-packages/airflow/example_dags/example_dag_decorator.py for tasks to queue
[2023-11-20T18:48:19.112+0000] {logging_mixin.py:120} INFO - [2023-11-20T18:48:19.112+0000] {dagbag.py:537} INFO - Filling up the DagBag from /home/airflow/.local/lib/python3.7/site-packages/airflow/example_dags/example_dag_decorator.py
[2023-11-20T18:48:19.176+0000] {logging_mixin.py:120} INFO - [2023-11-20T18:48:19.176+0000] {taskmixin.py:205} WARNING - Dependency <Task(_PythonDecoratedOperator): prepare_email>, send_email already registered for DAG: example_dag_decorator
[2023-11-20T18:48:19.176+0000] {logging_mixin.py:120} INFO - [2023-11-20T18:48:19.176+0000] {taskmixin.py:205} WARNING - Dependency <Task(EmailOperator): send_email>, prepare_email already registered for DAG: example_dag_decorator
[2023-11-20T18:48:19.246+0000] {processor.py:766} INFO - DAG(s) dict_keys(['example_dag_decorator']) retrieved from /home/airflow/.local/lib/python3.7/site-packages/airflow/example_dags/example_dag_decorator.py
[2023-11-20T18:48:19.612+0000] {logging_mixin.py:120} INFO - [2023-11-20T18:48:19.612+0000] {dag.py:2585} INFO - Sync 1 DAGs
[2023-11-20T18:48:19.748+0000] {logging_mixin.py:120} INFO - [2023-11-20T18:48:19.748+0000] {dag.py:3340} INFO - Setting next_dagrun for example_dag_decorator to None, run_after=None
[2023-11-20T18:48:19.894+0000] {processor.py:176} INFO - Processing /home/airflow/.local/lib/python3.7/site-packages/airflow/example_dags/example_dag_decorator.py took 0.814 seconds
[2023-11-20T18:48:50.497+0000] {processor.py:154} INFO - Started process (PID=512) to work on /home/airflow/.local/lib/python3.7/site-packages/airflow/example_dags/example_dag_decorator.py
[2023-11-20T18:48:50.499+0000] {processor.py:756} INFO - Processing file /home/airflow/.local/lib/python3.7/site-packages/airflow/example_dags/example_dag_decorator.py for tasks to queue
[2023-11-20T18:48:50.500+0000] {logging_mixin.py:120} INFO - [2023-11-20T18:48:50.500+0000] {dagbag.py:537} INFO - Filling up the DagBag from /home/airflow/.local/lib/python3.7/site-packages/airflow/example_dags/example_dag_decorator.py
[2023-11-20T18:48:50.561+0000] {logging_mixin.py:120} INFO - [2023-11-20T18:48:50.560+0000] {taskmixin.py:205} WARNING - Dependency <Task(_PythonDecoratedOperator): prepare_email>, send_email already registered for DAG: example_dag_decorator
[2023-11-20T18:48:50.561+0000] {logging_mixin.py:120} INFO - [2023-11-20T18:48:50.561+0000] {taskmixin.py:205} WARNING - Dependency <Task(EmailOperator): send_email>, prepare_email already registered for DAG: example_dag_decorator
[2023-11-20T18:48:50.593+0000] {processor.py:766} INFO - DAG(s) dict_keys(['example_dag_decorator']) retrieved from /home/airflow/.local/lib/python3.7/site-packages/airflow/example_dags/example_dag_decorator.py
[2023-11-20T18:48:50.730+0000] {logging_mixin.py:120} INFO - [2023-11-20T18:48:50.730+0000] {dag.py:2585} INFO - Sync 1 DAGs
[2023-11-20T18:48:50.763+0000] {logging_mixin.py:120} INFO - [2023-11-20T18:48:50.763+0000] {dag.py:3340} INFO - Setting next_dagrun for example_dag_decorator to None, run_after=None
[2023-11-20T18:48:50.810+0000] {processor.py:176} INFO - Processing /home/airflow/.local/lib/python3.7/site-packages/airflow/example_dags/example_dag_decorator.py took 0.328 seconds
[2023-11-20T18:49:21.085+0000] {processor.py:154} INFO - Started process (PID=577) to work on /home/airflow/.local/lib/python3.7/site-packages/airflow/example_dags/example_dag_decorator.py
[2023-11-20T18:49:21.086+0000] {processor.py:756} INFO - Processing file /home/airflow/.local/lib/python3.7/site-packages/airflow/example_dags/example_dag_decorator.py for tasks to queue
[2023-11-20T18:49:21.087+0000] {logging_mixin.py:120} INFO - [2023-11-20T18:49:21.087+0000] {dagbag.py:537} INFO - Filling up the DagBag from /home/airflow/.local/lib/python3.7/site-packages/airflow/example_dags/example_dag_decorator.py
[2023-11-20T18:49:21.105+0000] {logging_mixin.py:120} INFO - [2023-11-20T18:49:21.105+0000] {taskmixin.py:205} WARNING - Dependency <Task(_PythonDecoratedOperator): prepare_email>, send_email already registered for DAG: example_dag_decorator
[2023-11-20T18:49:21.105+0000] {logging_mixin.py:120} INFO - [2023-11-20T18:49:21.105+0000] {taskmixin.py:205} WARNING - Dependency <Task(EmailOperator): send_email>, prepare_email already registered for DAG: example_dag_decorator
[2023-11-20T18:49:21.123+0000] {processor.py:766} INFO - DAG(s) dict_keys(['example_dag_decorator']) retrieved from /home/airflow/.local/lib/python3.7/site-packages/airflow/example_dags/example_dag_decorator.py
[2023-11-20T18:49:21.244+0000] {logging_mixin.py:120} INFO - [2023-11-20T18:49:21.244+0000] {dag.py:2585} INFO - Sync 1 DAGs
[2023-11-20T18:49:21.268+0000] {logging_mixin.py:120} INFO - [2023-11-20T18:49:21.267+0000] {dag.py:3340} INFO - Setting next_dagrun for example_dag_decorator to None, run_after=None
[2023-11-20T18:49:21.294+0000] {processor.py:176} INFO - Processing /home/airflow/.local/lib/python3.7/site-packages/airflow/example_dags/example_dag_decorator.py took 0.212 seconds
[2023-11-20T18:49:51.543+0000] {processor.py:154} INFO - Started process (PID=631) to work on /home/airflow/.local/lib/python3.7/site-packages/airflow/example_dags/example_dag_decorator.py
[2023-11-20T18:49:51.544+0000] {processor.py:756} INFO - Processing file /home/airflow/.local/lib/python3.7/site-packages/airflow/example_dags/example_dag_decorator.py for tasks to queue
[2023-11-20T18:49:51.544+0000] {logging_mixin.py:120} INFO - [2023-11-20T18:49:51.544+0000] {dagbag.py:537} INFO - Filling up the DagBag from /home/airflow/.local/lib/python3.7/site-packages/airflow/example_dags/example_dag_decorator.py
[2023-11-20T18:49:51.562+0000] {logging_mixin.py:120} INFO - [2023-11-20T18:49:51.562+0000] {taskmixin.py:205} WARNING - Dependency <Task(_PythonDecoratedOperator): prepare_email>, send_email already registered for DAG: example_dag_decorator
[2023-11-20T18:49:51.562+0000] {logging_mixin.py:120} INFO - [2023-11-20T18:49:51.562+0000] {taskmixin.py:205} WARNING - Dependency <Task(EmailOperator): send_email>, prepare_email already registered for DAG: example_dag_decorator
[2023-11-20T18:49:51.577+0000] {processor.py:766} INFO - DAG(s) dict_keys(['example_dag_decorator']) retrieved from /home/airflow/.local/lib/python3.7/site-packages/airflow/example_dags/example_dag_decorator.py
[2023-11-20T18:49:51.683+0000] {logging_mixin.py:120} INFO - [2023-11-20T18:49:51.683+0000] {dag.py:2585} INFO - Sync 1 DAGs
[2023-11-20T18:49:51.715+0000] {logging_mixin.py:120} INFO - [2023-11-20T18:49:51.715+0000] {dag.py:3340} INFO - Setting next_dagrun for example_dag_decorator to None, run_after=None
[2023-11-20T18:49:51.744+0000] {processor.py:176} INFO - Processing /home/airflow/.local/lib/python3.7/site-packages/airflow/example_dags/example_dag_decorator.py took 0.204 seconds
[2023-11-20T18:50:22.320+0000] {processor.py:154} INFO - Started process (PID=695) to work on /home/airflow/.local/lib/python3.7/site-packages/airflow/example_dags/example_dag_decorator.py
[2023-11-20T18:50:22.320+0000] {processor.py:756} INFO - Processing file /home/airflow/.local/lib/python3.7/site-packages/airflow/example_dags/example_dag_decorator.py for tasks to queue
[2023-11-20T18:50:22.321+0000] {logging_mixin.py:120} INFO - [2023-11-20T18:50:22.321+0000] {dagbag.py:537} INFO - Filling up the DagBag from /home/airflow/.local/lib/python3.7/site-packages/airflow/example_dags/example_dag_decorator.py
[2023-11-20T18:50:22.339+0000] {logging_mixin.py:120} INFO - [2023-11-20T18:50:22.338+0000] {taskmixin.py:205} WARNING - Dependency <Task(_PythonDecoratedOperator): prepare_email>, send_email already registered for DAG: example_dag_decorator
[2023-11-20T18:50:22.339+0000] {logging_mixin.py:120} INFO - [2023-11-20T18:50:22.339+0000] {taskmixin.py:205} WARNING - Dependency <Task(EmailOperator): send_email>, prepare_email already registered for DAG: example_dag_decorator
[2023-11-20T18:50:22.356+0000] {processor.py:766} INFO - DAG(s) dict_keys(['example_dag_decorator']) retrieved from /home/airflow/.local/lib/python3.7/site-packages/airflow/example_dags/example_dag_decorator.py
[2023-11-20T18:50:22.469+0000] {logging_mixin.py:120} INFO - [2023-11-20T18:50:22.468+0000] {dag.py:2585} INFO - Sync 1 DAGs
[2023-11-20T18:50:22.497+0000] {logging_mixin.py:120} INFO - [2023-11-20T18:50:22.497+0000] {dag.py:3340} INFO - Setting next_dagrun for example_dag_decorator to None, run_after=None
[2023-11-20T18:50:22.528+0000] {processor.py:176} INFO - Processing /home/airflow/.local/lib/python3.7/site-packages/airflow/example_dags/example_dag_decorator.py took 0.211 seconds
[2023-11-20T18:50:53.395+0000] {processor.py:154} INFO - Started process (PID=758) to work on /home/airflow/.local/lib/python3.7/site-packages/airflow/example_dags/example_dag_decorator.py
[2023-11-20T18:50:53.396+0000] {processor.py:756} INFO - Processing file /home/airflow/.local/lib/python3.7/site-packages/airflow/example_dags/example_dag_decorator.py for tasks to queue
[2023-11-20T18:50:53.396+0000] {logging_mixin.py:120} INFO - [2023-11-20T18:50:53.396+0000] {dagbag.py:537} INFO - Filling up the DagBag from /home/airflow/.local/lib/python3.7/site-packages/airflow/example_dags/example_dag_decorator.py
[2023-11-20T18:50:53.416+0000] {logging_mixin.py:120} INFO - [2023-11-20T18:50:53.416+0000] {taskmixin.py:205} WARNING - Dependency <Task(_PythonDecoratedOperator): prepare_email>, send_email already registered for DAG: example_dag_decorator
[2023-11-20T18:50:53.416+0000] {logging_mixin.py:120} INFO - [2023-11-20T18:50:53.416+0000] {taskmixin.py:205} WARNING - Dependency <Task(EmailOperator): send_email>, prepare_email already registered for DAG: example_dag_decorator
[2023-11-20T18:50:53.431+0000] {processor.py:766} INFO - DAG(s) dict_keys(['example_dag_decorator']) retrieved from /home/airflow/.local/lib/python3.7/site-packages/airflow/example_dags/example_dag_decorator.py
[2023-11-20T18:50:53.559+0000] {logging_mixin.py:120} INFO - [2023-11-20T18:50:53.559+0000] {dag.py:2585} INFO - Sync 1 DAGs
[2023-11-20T18:50:53.590+0000] {logging_mixin.py:120} INFO - [2023-11-20T18:50:53.590+0000] {dag.py:3340} INFO - Setting next_dagrun for example_dag_decorator to None, run_after=None
[2023-11-20T18:50:53.621+0000] {processor.py:176} INFO - Processing /home/airflow/.local/lib/python3.7/site-packages/airflow/example_dags/example_dag_decorator.py took 0.235 seconds
[2023-11-20T18:51:23.711+0000] {processor.py:154} INFO - Started process (PID=812) to work on /home/airflow/.local/lib/python3.7/site-packages/airflow/example_dags/example_dag_decorator.py
[2023-11-20T18:51:23.712+0000] {processor.py:756} INFO - Processing file /home/airflow/.local/lib/python3.7/site-packages/airflow/example_dags/example_dag_decorator.py for tasks to queue
[2023-11-20T18:51:23.713+0000] {logging_mixin.py:120} INFO - [2023-11-20T18:51:23.713+0000] {dagbag.py:537} INFO - Filling up the DagBag from /home/airflow/.local/lib/python3.7/site-packages/airflow/example_dags/example_dag_decorator.py
[2023-11-20T18:51:23.730+0000] {logging_mixin.py:120} INFO - [2023-11-20T18:51:23.730+0000] {taskmixin.py:205} WARNING - Dependency <Task(_PythonDecoratedOperator): prepare_email>, send_email already registered for DAG: example_dag_decorator
[2023-11-20T18:51:23.730+0000] {logging_mixin.py:120} INFO - [2023-11-20T18:51:23.730+0000] {taskmixin.py:205} WARNING - Dependency <Task(EmailOperator): send_email>, prepare_email already registered for DAG: example_dag_decorator
[2023-11-20T18:51:23.745+0000] {processor.py:766} INFO - DAG(s) dict_keys(['example_dag_decorator']) retrieved from /home/airflow/.local/lib/python3.7/site-packages/airflow/example_dags/example_dag_decorator.py
[2023-11-20T18:51:23.860+0000] {logging_mixin.py:120} INFO - [2023-11-20T18:51:23.860+0000] {dag.py:2585} INFO - Sync 1 DAGs
[2023-11-20T18:51:23.888+0000] {logging_mixin.py:120} INFO - [2023-11-20T18:51:23.888+0000] {dag.py:3340} INFO - Setting next_dagrun for example_dag_decorator to None, run_after=None
[2023-11-20T18:51:23.928+0000] {processor.py:176} INFO - Processing /home/airflow/.local/lib/python3.7/site-packages/airflow/example_dags/example_dag_decorator.py took 0.222 seconds
[2023-11-20T18:51:54.888+0000] {processor.py:154} INFO - Started process (PID=871) to work on /home/airflow/.local/lib/python3.7/site-packages/airflow/example_dags/example_dag_decorator.py
[2023-11-20T18:51:54.907+0000] {processor.py:756} INFO - Processing file /home/airflow/.local/lib/python3.7/site-packages/airflow/example_dags/example_dag_decorator.py for tasks to queue
[2023-11-20T18:51:54.908+0000] {logging_mixin.py:120} INFO - [2023-11-20T18:51:54.908+0000] {dagbag.py:537} INFO - Filling up the DagBag from /home/airflow/.local/lib/python3.7/site-packages/airflow/example_dags/example_dag_decorator.py
[2023-11-20T18:51:55.036+0000] {logging_mixin.py:120} INFO - [2023-11-20T18:51:55.035+0000] {taskmixin.py:205} WARNING - Dependency <Task(_PythonDecoratedOperator): prepare_email>, send_email already registered for DAG: example_dag_decorator
[2023-11-20T18:51:55.043+0000] {logging_mixin.py:120} INFO - [2023-11-20T18:51:55.043+0000] {taskmixin.py:205} WARNING - Dependency <Task(EmailOperator): send_email>, prepare_email already registered for DAG: example_dag_decorator
[2023-11-20T18:51:55.106+0000] {processor.py:766} INFO - DAG(s) dict_keys(['example_dag_decorator']) retrieved from /home/airflow/.local/lib/python3.7/site-packages/airflow/example_dags/example_dag_decorator.py
[2023-11-20T18:51:55.495+0000] {logging_mixin.py:120} INFO - [2023-11-20T18:51:55.495+0000] {dag.py:2585} INFO - Sync 1 DAGs
[2023-11-20T18:51:55.591+0000] {logging_mixin.py:120} INFO - [2023-11-20T18:51:55.591+0000] {dag.py:3340} INFO - Setting next_dagrun for example_dag_decorator to None, run_after=None
[2023-11-20T18:51:55.650+0000] {processor.py:176} INFO - Processing /home/airflow/.local/lib/python3.7/site-packages/airflow/example_dags/example_dag_decorator.py took 0.775 seconds
[2023-11-20T18:52:25.729+0000] {processor.py:154} INFO - Started process (PID=928) to work on /home/airflow/.local/lib/python3.7/site-packages/airflow/example_dags/example_dag_decorator.py
[2023-11-20T18:52:25.730+0000] {processor.py:756} INFO - Processing file /home/airflow/.local/lib/python3.7/site-packages/airflow/example_dags/example_dag_decorator.py for tasks to queue
[2023-11-20T18:52:25.730+0000] {logging_mixin.py:120} INFO - [2023-11-20T18:52:25.730+0000] {dagbag.py:537} INFO - Filling up the DagBag from /home/airflow/.local/lib/python3.7/site-packages/airflow/example_dags/example_dag_decorator.py
[2023-11-20T18:52:25.743+0000] {logging_mixin.py:120} INFO - [2023-11-20T18:52:25.742+0000] {taskmixin.py:205} WARNING - Dependency <Task(_PythonDecoratedOperator): prepare_email>, send_email already registered for DAG: example_dag_decorator
[2023-11-20T18:52:25.743+0000] {logging_mixin.py:120} INFO - [2023-11-20T18:52:25.743+0000] {taskmixin.py:205} WARNING - Dependency <Task(EmailOperator): send_email>, prepare_email already registered for DAG: example_dag_decorator
[2023-11-20T18:52:25.754+0000] {processor.py:766} INFO - DAG(s) dict_keys(['example_dag_decorator']) retrieved from /home/airflow/.local/lib/python3.7/site-packages/airflow/example_dags/example_dag_decorator.py
[2023-11-20T18:52:25.821+0000] {logging_mixin.py:120} INFO - [2023-11-20T18:52:25.821+0000] {dag.py:2585} INFO - Sync 1 DAGs
[2023-11-20T18:52:25.842+0000] {logging_mixin.py:120} INFO - [2023-11-20T18:52:25.842+0000] {dag.py:3340} INFO - Setting next_dagrun for example_dag_decorator to None, run_after=None
[2023-11-20T18:52:25.871+0000] {processor.py:176} INFO - Processing /home/airflow/.local/lib/python3.7/site-packages/airflow/example_dags/example_dag_decorator.py took 0.145 seconds
[2023-11-20T18:52:56.370+0000] {processor.py:154} INFO - Started process (PID=990) to work on /home/airflow/.local/lib/python3.7/site-packages/airflow/example_dags/example_dag_decorator.py
[2023-11-20T18:52:56.375+0000] {processor.py:756} INFO - Processing file /home/airflow/.local/lib/python3.7/site-packages/airflow/example_dags/example_dag_decorator.py for tasks to queue
[2023-11-20T18:52:56.376+0000] {logging_mixin.py:120} INFO - [2023-11-20T18:52:56.376+0000] {dagbag.py:537} INFO - Filling up the DagBag from /home/airflow/.local/lib/python3.7/site-packages/airflow/example_dags/example_dag_decorator.py
[2023-11-20T18:52:56.407+0000] {logging_mixin.py:120} INFO - [2023-11-20T18:52:56.406+0000] {taskmixin.py:205} WARNING - Dependency <Task(_PythonDecoratedOperator): prepare_email>, send_email already registered for DAG: example_dag_decorator
[2023-11-20T18:52:56.418+0000] {logging_mixin.py:120} INFO - [2023-11-20T18:52:56.418+0000] {taskmixin.py:205} WARNING - Dependency <Task(EmailOperator): send_email>, prepare_email already registered for DAG: example_dag_decorator
[2023-11-20T18:52:56.440+0000] {processor.py:766} INFO - DAG(s) dict_keys(['example_dag_decorator']) retrieved from /home/airflow/.local/lib/python3.7/site-packages/airflow/example_dags/example_dag_decorator.py
[2023-11-20T18:52:56.629+0000] {logging_mixin.py:120} INFO - [2023-11-20T18:52:56.629+0000] {dag.py:2585} INFO - Sync 1 DAGs
[2023-11-20T18:52:56.659+0000] {logging_mixin.py:120} INFO - [2023-11-20T18:52:56.659+0000] {dag.py:3340} INFO - Setting next_dagrun for example_dag_decorator to None, run_after=None
[2023-11-20T18:52:56.711+0000] {processor.py:176} INFO - Processing /home/airflow/.local/lib/python3.7/site-packages/airflow/example_dags/example_dag_decorator.py took 0.360 seconds
[2023-11-20T18:53:27.499+0000] {processor.py:154} INFO - Started process (PID=1043) to work on /home/airflow/.local/lib/python3.7/site-packages/airflow/example_dags/example_dag_decorator.py
[2023-11-20T18:53:27.500+0000] {processor.py:756} INFO - Processing file /home/airflow/.local/lib/python3.7/site-packages/airflow/example_dags/example_dag_decorator.py for tasks to queue
[2023-11-20T18:53:27.501+0000] {logging_mixin.py:120} INFO - [2023-11-20T18:53:27.501+0000] {dagbag.py:537} INFO - Filling up the DagBag from /home/airflow/.local/lib/python3.7/site-packages/airflow/example_dags/example_dag_decorator.py
[2023-11-20T18:53:27.519+0000] {logging_mixin.py:120} INFO - [2023-11-20T18:53:27.519+0000] {taskmixin.py:205} WARNING - Dependency <Task(_PythonDecoratedOperator): prepare_email>, send_email already registered for DAG: example_dag_decorator
[2023-11-20T18:53:27.519+0000] {logging_mixin.py:120} INFO - [2023-11-20T18:53:27.519+0000] {taskmixin.py:205} WARNING - Dependency <Task(EmailOperator): send_email>, prepare_email already registered for DAG: example_dag_decorator
[2023-11-20T18:53:27.534+0000] {processor.py:766} INFO - DAG(s) dict_keys(['example_dag_decorator']) retrieved from /home/airflow/.local/lib/python3.7/site-packages/airflow/example_dags/example_dag_decorator.py
[2023-11-20T18:53:27.672+0000] {logging_mixin.py:120} INFO - [2023-11-20T18:53:27.672+0000] {dag.py:2585} INFO - Sync 1 DAGs
[2023-11-20T18:53:27.710+0000] {logging_mixin.py:120} INFO - [2023-11-20T18:53:27.710+0000] {dag.py:3340} INFO - Setting next_dagrun for example_dag_decorator to None, run_after=None
[2023-11-20T18:53:27.759+0000] {processor.py:176} INFO - Processing /home/airflow/.local/lib/python3.7/site-packages/airflow/example_dags/example_dag_decorator.py took 0.263 seconds
[2023-11-20T18:53:58.523+0000] {processor.py:154} INFO - Started process (PID=1106) to work on /home/airflow/.local/lib/python3.7/site-packages/airflow/example_dags/example_dag_decorator.py
[2023-11-20T18:53:58.524+0000] {processor.py:756} INFO - Processing file /home/airflow/.local/lib/python3.7/site-packages/airflow/example_dags/example_dag_decorator.py for tasks to queue
[2023-11-20T18:53:58.525+0000] {logging_mixin.py:120} INFO - [2023-11-20T18:53:58.525+0000] {dagbag.py:537} INFO - Filling up the DagBag from /home/airflow/.local/lib/python3.7/site-packages/airflow/example_dags/example_dag_decorator.py
[2023-11-20T18:53:58.543+0000] {logging_mixin.py:120} INFO - [2023-11-20T18:53:58.543+0000] {taskmixin.py:205} WARNING - Dependency <Task(_PythonDecoratedOperator): prepare_email>, send_email already registered for DAG: example_dag_decorator
[2023-11-20T18:53:58.543+0000] {logging_mixin.py:120} INFO - [2023-11-20T18:53:58.543+0000] {taskmixin.py:205} WARNING - Dependency <Task(EmailOperator): send_email>, prepare_email already registered for DAG: example_dag_decorator
[2023-11-20T18:53:58.574+0000] {processor.py:766} INFO - DAG(s) dict_keys(['example_dag_decorator']) retrieved from /home/airflow/.local/lib/python3.7/site-packages/airflow/example_dags/example_dag_decorator.py
[2023-11-20T18:53:58.799+0000] {logging_mixin.py:120} INFO - [2023-11-20T18:53:58.799+0000] {dag.py:2585} INFO - Sync 1 DAGs
[2023-11-20T18:53:58.858+0000] {logging_mixin.py:120} INFO - [2023-11-20T18:53:58.857+0000] {dag.py:3340} INFO - Setting next_dagrun for example_dag_decorator to None, run_after=None
[2023-11-20T18:53:58.899+0000] {processor.py:176} INFO - Processing /home/airflow/.local/lib/python3.7/site-packages/airflow/example_dags/example_dag_decorator.py took 0.379 seconds
[2023-11-20T18:54:29.341+0000] {processor.py:154} INFO - Started process (PID=1160) to work on /home/airflow/.local/lib/python3.7/site-packages/airflow/example_dags/example_dag_decorator.py
[2023-11-20T18:54:29.341+0000] {processor.py:756} INFO - Processing file /home/airflow/.local/lib/python3.7/site-packages/airflow/example_dags/example_dag_decorator.py for tasks to queue
[2023-11-20T18:54:29.342+0000] {logging_mixin.py:120} INFO - [2023-11-20T18:54:29.342+0000] {dagbag.py:537} INFO - Filling up the DagBag from /home/airflow/.local/lib/python3.7/site-packages/airflow/example_dags/example_dag_decorator.py
[2023-11-20T18:54:29.360+0000] {logging_mixin.py:120} INFO - [2023-11-20T18:54:29.360+0000] {taskmixin.py:205} WARNING - Dependency <Task(_PythonDecoratedOperator): prepare_email>, send_email already registered for DAG: example_dag_decorator
[2023-11-20T18:54:29.361+0000] {logging_mixin.py:120} INFO - [2023-11-20T18:54:29.361+0000] {taskmixin.py:205} WARNING - Dependency <Task(EmailOperator): send_email>, prepare_email already registered for DAG: example_dag_decorator
[2023-11-20T18:54:29.377+0000] {processor.py:766} INFO - DAG(s) dict_keys(['example_dag_decorator']) retrieved from /home/airflow/.local/lib/python3.7/site-packages/airflow/example_dags/example_dag_decorator.py
[2023-11-20T18:54:29.495+0000] {logging_mixin.py:120} INFO - [2023-11-20T18:54:29.494+0000] {dag.py:2585} INFO - Sync 1 DAGs
[2023-11-20T18:54:29.530+0000] {logging_mixin.py:120} INFO - [2023-11-20T18:54:29.530+0000] {dag.py:3340} INFO - Setting next_dagrun for example_dag_decorator to None, run_after=None
[2023-11-20T18:54:29.559+0000] {processor.py:176} INFO - Processing /home/airflow/.local/lib/python3.7/site-packages/airflow/example_dags/example_dag_decorator.py took 0.221 seconds
[2023-11-20T18:55:00.263+0000] {processor.py:154} INFO - Started process (PID=1222) to work on /home/airflow/.local/lib/python3.7/site-packages/airflow/example_dags/example_dag_decorator.py
[2023-11-20T18:55:00.272+0000] {processor.py:756} INFO - Processing file /home/airflow/.local/lib/python3.7/site-packages/airflow/example_dags/example_dag_decorator.py for tasks to queue
[2023-11-20T18:55:00.273+0000] {logging_mixin.py:120} INFO - [2023-11-20T18:55:00.272+0000] {dagbag.py:537} INFO - Filling up the DagBag from /home/airflow/.local/lib/python3.7/site-packages/airflow/example_dags/example_dag_decorator.py
[2023-11-20T18:55:00.297+0000] {logging_mixin.py:120} INFO - [2023-11-20T18:55:00.297+0000] {taskmixin.py:205} WARNING - Dependency <Task(_PythonDecoratedOperator): prepare_email>, send_email already registered for DAG: example_dag_decorator
[2023-11-20T18:55:00.298+0000] {logging_mixin.py:120} INFO - [2023-11-20T18:55:00.298+0000] {taskmixin.py:205} WARNING - Dependency <Task(EmailOperator): send_email>, prepare_email already registered for DAG: example_dag_decorator
[2023-11-20T18:55:00.317+0000] {processor.py:766} INFO - DAG(s) dict_keys(['example_dag_decorator']) retrieved from /home/airflow/.local/lib/python3.7/site-packages/airflow/example_dags/example_dag_decorator.py
[2023-11-20T18:55:00.528+0000] {logging_mixin.py:120} INFO - [2023-11-20T18:55:00.527+0000] {dag.py:2585} INFO - Sync 1 DAGs
[2023-11-20T18:55:00.558+0000] {logging_mixin.py:120} INFO - [2023-11-20T18:55:00.558+0000] {dag.py:3340} INFO - Setting next_dagrun for example_dag_decorator to None, run_after=None
[2023-11-20T18:55:00.624+0000] {processor.py:176} INFO - Processing /home/airflow/.local/lib/python3.7/site-packages/airflow/example_dags/example_dag_decorator.py took 0.364 seconds
[2023-11-20T18:55:30.690+0000] {processor.py:154} INFO - Started process (PID=1276) to work on /home/airflow/.local/lib/python3.7/site-packages/airflow/example_dags/example_dag_decorator.py
[2023-11-20T18:55:30.691+0000] {processor.py:756} INFO - Processing file /home/airflow/.local/lib/python3.7/site-packages/airflow/example_dags/example_dag_decorator.py for tasks to queue
[2023-11-20T18:55:30.692+0000] {logging_mixin.py:120} INFO - [2023-11-20T18:55:30.692+0000] {dagbag.py:537} INFO - Filling up the DagBag from /home/airflow/.local/lib/python3.7/site-packages/airflow/example_dags/example_dag_decorator.py
[2023-11-20T18:55:30.704+0000] {logging_mixin.py:120} INFO - [2023-11-20T18:55:30.704+0000] {taskmixin.py:205} WARNING - Dependency <Task(_PythonDecoratedOperator): prepare_email>, send_email already registered for DAG: example_dag_decorator
[2023-11-20T18:55:30.704+0000] {logging_mixin.py:120} INFO - [2023-11-20T18:55:30.704+0000] {taskmixin.py:205} WARNING - Dependency <Task(EmailOperator): send_email>, prepare_email already registered for DAG: example_dag_decorator
[2023-11-20T18:55:30.715+0000] {processor.py:766} INFO - DAG(s) dict_keys(['example_dag_decorator']) retrieved from /home/airflow/.local/lib/python3.7/site-packages/airflow/example_dags/example_dag_decorator.py
[2023-11-20T18:55:30.786+0000] {logging_mixin.py:120} INFO - [2023-11-20T18:55:30.786+0000] {dag.py:2585} INFO - Sync 1 DAGs
[2023-11-20T18:55:30.808+0000] {logging_mixin.py:120} INFO - [2023-11-20T18:55:30.808+0000] {dag.py:3340} INFO - Setting next_dagrun for example_dag_decorator to None, run_after=None
[2023-11-20T18:55:30.831+0000] {processor.py:176} INFO - Processing /home/airflow/.local/lib/python3.7/site-packages/airflow/example_dags/example_dag_decorator.py took 0.144 seconds
[2023-11-20T18:56:01.263+0000] {processor.py:154} INFO - Started process (PID=1339) to work on /home/airflow/.local/lib/python3.7/site-packages/airflow/example_dags/example_dag_decorator.py
[2023-11-20T18:56:01.264+0000] {processor.py:756} INFO - Processing file /home/airflow/.local/lib/python3.7/site-packages/airflow/example_dags/example_dag_decorator.py for tasks to queue
[2023-11-20T18:56:01.265+0000] {logging_mixin.py:120} INFO - [2023-11-20T18:56:01.264+0000] {dagbag.py:537} INFO - Filling up the DagBag from /home/airflow/.local/lib/python3.7/site-packages/airflow/example_dags/example_dag_decorator.py
[2023-11-20T18:56:01.277+0000] {logging_mixin.py:120} INFO - [2023-11-20T18:56:01.277+0000] {taskmixin.py:205} WARNING - Dependency <Task(_PythonDecoratedOperator): prepare_email>, send_email already registered for DAG: example_dag_decorator
[2023-11-20T18:56:01.277+0000] {logging_mixin.py:120} INFO - [2023-11-20T18:56:01.277+0000] {taskmixin.py:205} WARNING - Dependency <Task(EmailOperator): send_email>, prepare_email already registered for DAG: example_dag_decorator
[2023-11-20T18:56:01.288+0000] {processor.py:766} INFO - DAG(s) dict_keys(['example_dag_decorator']) retrieved from /home/airflow/.local/lib/python3.7/site-packages/airflow/example_dags/example_dag_decorator.py
[2023-11-20T18:56:01.433+0000] {logging_mixin.py:120} INFO - [2023-11-20T18:56:01.433+0000] {dag.py:2585} INFO - Sync 1 DAGs
[2023-11-20T18:56:01.485+0000] {logging_mixin.py:120} INFO - [2023-11-20T18:56:01.484+0000] {dag.py:3340} INFO - Setting next_dagrun for example_dag_decorator to None, run_after=None
[2023-11-20T18:56:01.520+0000] {processor.py:176} INFO - Processing /home/airflow/.local/lib/python3.7/site-packages/airflow/example_dags/example_dag_decorator.py took 0.260 seconds
[2023-11-20T18:56:31.550+0000] {processor.py:154} INFO - Started process (PID=1393) to work on /home/airflow/.local/lib/python3.7/site-packages/airflow/example_dags/example_dag_decorator.py
[2023-11-20T18:56:31.551+0000] {processor.py:756} INFO - Processing file /home/airflow/.local/lib/python3.7/site-packages/airflow/example_dags/example_dag_decorator.py for tasks to queue
[2023-11-20T18:56:31.552+0000] {logging_mixin.py:120} INFO - [2023-11-20T18:56:31.552+0000] {dagbag.py:537} INFO - Filling up the DagBag from /home/airflow/.local/lib/python3.7/site-packages/airflow/example_dags/example_dag_decorator.py
[2023-11-20T18:56:31.623+0000] {logging_mixin.py:120} INFO - [2023-11-20T18:56:31.623+0000] {taskmixin.py:205} WARNING - Dependency <Task(_PythonDecoratedOperator): prepare_email>, send_email already registered for DAG: example_dag_decorator
[2023-11-20T18:56:31.628+0000] {logging_mixin.py:120} INFO - [2023-11-20T18:56:31.628+0000] {taskmixin.py:205} WARNING - Dependency <Task(EmailOperator): send_email>, prepare_email already registered for DAG: example_dag_decorator
[2023-11-20T18:56:31.644+0000] {processor.py:766} INFO - DAG(s) dict_keys(['example_dag_decorator']) retrieved from /home/airflow/.local/lib/python3.7/site-packages/airflow/example_dags/example_dag_decorator.py
[2023-11-20T18:56:31.816+0000] {logging_mixin.py:120} INFO - [2023-11-20T18:56:31.816+0000] {dag.py:2585} INFO - Sync 1 DAGs
[2023-11-20T18:56:31.853+0000] {logging_mixin.py:120} INFO - [2023-11-20T18:56:31.853+0000] {dag.py:3340} INFO - Setting next_dagrun for example_dag_decorator to None, run_after=None
[2023-11-20T18:56:31.886+0000] {processor.py:176} INFO - Processing /home/airflow/.local/lib/python3.7/site-packages/airflow/example_dags/example_dag_decorator.py took 0.340 seconds
[2023-11-20T18:57:02.707+0000] {processor.py:154} INFO - Started process (PID=1455) to work on /home/airflow/.local/lib/python3.7/site-packages/airflow/example_dags/example_dag_decorator.py
[2023-11-20T18:57:02.708+0000] {processor.py:756} INFO - Processing file /home/airflow/.local/lib/python3.7/site-packages/airflow/example_dags/example_dag_decorator.py for tasks to queue
[2023-11-20T18:57:02.709+0000] {logging_mixin.py:120} INFO - [2023-11-20T18:57:02.708+0000] {dagbag.py:537} INFO - Filling up the DagBag from /home/airflow/.local/lib/python3.7/site-packages/airflow/example_dags/example_dag_decorator.py
[2023-11-20T18:57:02.724+0000] {logging_mixin.py:120} INFO - [2023-11-20T18:57:02.724+0000] {taskmixin.py:205} WARNING - Dependency <Task(_PythonDecoratedOperator): prepare_email>, send_email already registered for DAG: example_dag_decorator
[2023-11-20T18:57:02.724+0000] {logging_mixin.py:120} INFO - [2023-11-20T18:57:02.724+0000] {taskmixin.py:205} WARNING - Dependency <Task(EmailOperator): send_email>, prepare_email already registered for DAG: example_dag_decorator
[2023-11-20T18:57:02.739+0000] {processor.py:766} INFO - DAG(s) dict_keys(['example_dag_decorator']) retrieved from /home/airflow/.local/lib/python3.7/site-packages/airflow/example_dags/example_dag_decorator.py
[2023-11-20T18:57:02.835+0000] {logging_mixin.py:120} INFO - [2023-11-20T18:57:02.835+0000] {dag.py:2585} INFO - Sync 1 DAGs
[2023-11-20T18:57:02.853+0000] {logging_mixin.py:120} INFO - [2023-11-20T18:57:02.853+0000] {dag.py:3340} INFO - Setting next_dagrun for example_dag_decorator to None, run_after=None
[2023-11-20T18:57:02.877+0000] {processor.py:176} INFO - Processing /home/airflow/.local/lib/python3.7/site-packages/airflow/example_dags/example_dag_decorator.py took 0.173 seconds
[2023-11-20T18:57:32.915+0000] {processor.py:154} INFO - Started process (PID=1509) to work on /home/airflow/.local/lib/python3.7/site-packages/airflow/example_dags/example_dag_decorator.py
[2023-11-20T18:57:32.922+0000] {processor.py:756} INFO - Processing file /home/airflow/.local/lib/python3.7/site-packages/airflow/example_dags/example_dag_decorator.py for tasks to queue
[2023-11-20T18:57:32.923+0000] {logging_mixin.py:120} INFO - [2023-11-20T18:57:32.923+0000] {dagbag.py:537} INFO - Filling up the DagBag from /home/airflow/.local/lib/python3.7/site-packages/airflow/example_dags/example_dag_decorator.py
[2023-11-20T18:57:32.943+0000] {logging_mixin.py:120} INFO - [2023-11-20T18:57:32.943+0000] {taskmixin.py:205} WARNING - Dependency <Task(_PythonDecoratedOperator): prepare_email>, send_email already registered for DAG: example_dag_decorator
[2023-11-20T18:57:32.943+0000] {logging_mixin.py:120} INFO - [2023-11-20T18:57:32.943+0000] {taskmixin.py:205} WARNING - Dependency <Task(EmailOperator): send_email>, prepare_email already registered for DAG: example_dag_decorator
[2023-11-20T18:57:32.955+0000] {processor.py:766} INFO - DAG(s) dict_keys(['example_dag_decorator']) retrieved from /home/airflow/.local/lib/python3.7/site-packages/airflow/example_dags/example_dag_decorator.py
[2023-11-20T18:57:33.023+0000] {logging_mixin.py:120} INFO - [2023-11-20T18:57:33.023+0000] {dag.py:2585} INFO - Sync 1 DAGs
[2023-11-20T18:57:33.042+0000] {logging_mixin.py:120} INFO - [2023-11-20T18:57:33.042+0000] {dag.py:3340} INFO - Setting next_dagrun for example_dag_decorator to None, run_after=None
[2023-11-20T18:57:33.065+0000] {processor.py:176} INFO - Processing /home/airflow/.local/lib/python3.7/site-packages/airflow/example_dags/example_dag_decorator.py took 0.153 seconds
[2023-11-20T18:58:03.179+0000] {processor.py:154} INFO - Started process (PID=1572) to work on /home/airflow/.local/lib/python3.7/site-packages/airflow/example_dags/example_dag_decorator.py
[2023-11-20T18:58:03.180+0000] {processor.py:756} INFO - Processing file /home/airflow/.local/lib/python3.7/site-packages/airflow/example_dags/example_dag_decorator.py for tasks to queue
[2023-11-20T18:58:03.180+0000] {logging_mixin.py:120} INFO - [2023-11-20T18:58:03.180+0000] {dagbag.py:537} INFO - Filling up the DagBag from /home/airflow/.local/lib/python3.7/site-packages/airflow/example_dags/example_dag_decorator.py
[2023-11-20T18:58:03.196+0000] {logging_mixin.py:120} INFO - [2023-11-20T18:58:03.196+0000] {taskmixin.py:205} WARNING - Dependency <Task(_PythonDecoratedOperator): prepare_email>, send_email already registered for DAG: example_dag_decorator
[2023-11-20T18:58:03.196+0000] {logging_mixin.py:120} INFO - [2023-11-20T18:58:03.196+0000] {taskmixin.py:205} WARNING - Dependency <Task(EmailOperator): send_email>, prepare_email already registered for DAG: example_dag_decorator
[2023-11-20T18:58:03.211+0000] {processor.py:766} INFO - DAG(s) dict_keys(['example_dag_decorator']) retrieved from /home/airflow/.local/lib/python3.7/site-packages/airflow/example_dags/example_dag_decorator.py
[2023-11-20T18:58:03.336+0000] {logging_mixin.py:120} INFO - [2023-11-20T18:58:03.335+0000] {dag.py:2585} INFO - Sync 1 DAGs
[2023-11-20T18:58:03.362+0000] {logging_mixin.py:120} INFO - [2023-11-20T18:58:03.362+0000] {dag.py:3340} INFO - Setting next_dagrun for example_dag_decorator to None, run_after=None
[2023-11-20T18:58:03.389+0000] {processor.py:176} INFO - Processing /home/airflow/.local/lib/python3.7/site-packages/airflow/example_dags/example_dag_decorator.py took 0.215 seconds
[2023-11-20T18:58:34.358+0000] {processor.py:154} INFO - Started process (PID=1632) to work on /home/airflow/.local/lib/python3.7/site-packages/airflow/example_dags/example_dag_decorator.py
[2023-11-20T18:58:34.360+0000] {processor.py:756} INFO - Processing file /home/airflow/.local/lib/python3.7/site-packages/airflow/example_dags/example_dag_decorator.py for tasks to queue
[2023-11-20T18:58:34.368+0000] {logging_mixin.py:120} INFO - [2023-11-20T18:58:34.368+0000] {dagbag.py:537} INFO - Filling up the DagBag from /home/airflow/.local/lib/python3.7/site-packages/airflow/example_dags/example_dag_decorator.py
[2023-11-20T18:58:34.406+0000] {logging_mixin.py:120} INFO - [2023-11-20T18:58:34.406+0000] {taskmixin.py:205} WARNING - Dependency <Task(_PythonDecoratedOperator): prepare_email>, send_email already registered for DAG: example_dag_decorator
[2023-11-20T18:58:34.418+0000] {logging_mixin.py:120} INFO - [2023-11-20T18:58:34.418+0000] {taskmixin.py:205} WARNING - Dependency <Task(EmailOperator): send_email>, prepare_email already registered for DAG: example_dag_decorator
[2023-11-20T18:58:34.485+0000] {processor.py:766} INFO - DAG(s) dict_keys(['example_dag_decorator']) retrieved from /home/airflow/.local/lib/python3.7/site-packages/airflow/example_dags/example_dag_decorator.py
[2023-11-20T18:58:35.048+0000] {logging_mixin.py:120} INFO - [2023-11-20T18:58:35.047+0000] {dag.py:2585} INFO - Sync 1 DAGs
[2023-11-20T18:58:35.127+0000] {logging_mixin.py:120} INFO - [2023-11-20T18:58:35.127+0000] {dag.py:3340} INFO - Setting next_dagrun for example_dag_decorator to None, run_after=None
[2023-11-20T18:58:35.184+0000] {processor.py:176} INFO - Processing /home/airflow/.local/lib/python3.7/site-packages/airflow/example_dags/example_dag_decorator.py took 0.852 seconds
[2023-11-20T18:59:05.294+0000] {processor.py:154} INFO - Started process (PID=1688) to work on /home/airflow/.local/lib/python3.7/site-packages/airflow/example_dags/example_dag_decorator.py
[2023-11-20T18:59:05.294+0000] {processor.py:756} INFO - Processing file /home/airflow/.local/lib/python3.7/site-packages/airflow/example_dags/example_dag_decorator.py for tasks to queue
[2023-11-20T18:59:05.295+0000] {logging_mixin.py:120} INFO - [2023-11-20T18:59:05.295+0000] {dagbag.py:537} INFO - Filling up the DagBag from /home/airflow/.local/lib/python3.7/site-packages/airflow/example_dags/example_dag_decorator.py
[2023-11-20T18:59:05.314+0000] {logging_mixin.py:120} INFO - [2023-11-20T18:59:05.314+0000] {taskmixin.py:205} WARNING - Dependency <Task(_PythonDecoratedOperator): prepare_email>, send_email already registered for DAG: example_dag_decorator
[2023-11-20T18:59:05.315+0000] {logging_mixin.py:120} INFO - [2023-11-20T18:59:05.315+0000] {taskmixin.py:205} WARNING - Dependency <Task(EmailOperator): send_email>, prepare_email already registered for DAG: example_dag_decorator
[2023-11-20T18:59:05.330+0000] {processor.py:766} INFO - DAG(s) dict_keys(['example_dag_decorator']) retrieved from /home/airflow/.local/lib/python3.7/site-packages/airflow/example_dags/example_dag_decorator.py
[2023-11-20T18:59:05.449+0000] {logging_mixin.py:120} INFO - [2023-11-20T18:59:05.449+0000] {dag.py:2585} INFO - Sync 1 DAGs
[2023-11-20T18:59:05.474+0000] {logging_mixin.py:120} INFO - [2023-11-20T18:59:05.474+0000] {dag.py:3340} INFO - Setting next_dagrun for example_dag_decorator to None, run_after=None
[2023-11-20T18:59:05.500+0000] {processor.py:176} INFO - Processing /home/airflow/.local/lib/python3.7/site-packages/airflow/example_dags/example_dag_decorator.py took 0.210 seconds
[2023-11-20T18:59:36.106+0000] {processor.py:154} INFO - Started process (PID=1752) to work on /home/airflow/.local/lib/python3.7/site-packages/airflow/example_dags/example_dag_decorator.py
[2023-11-20T18:59:36.107+0000] {processor.py:756} INFO - Processing file /home/airflow/.local/lib/python3.7/site-packages/airflow/example_dags/example_dag_decorator.py for tasks to queue
[2023-11-20T18:59:36.108+0000] {logging_mixin.py:120} INFO - [2023-11-20T18:59:36.108+0000] {dagbag.py:537} INFO - Filling up the DagBag from /home/airflow/.local/lib/python3.7/site-packages/airflow/example_dags/example_dag_decorator.py
[2023-11-20T18:59:36.120+0000] {logging_mixin.py:120} INFO - [2023-11-20T18:59:36.120+0000] {taskmixin.py:205} WARNING - Dependency <Task(_PythonDecoratedOperator): prepare_email>, send_email already registered for DAG: example_dag_decorator
[2023-11-20T18:59:36.121+0000] {logging_mixin.py:120} INFO - [2023-11-20T18:59:36.121+0000] {taskmixin.py:205} WARNING - Dependency <Task(EmailOperator): send_email>, prepare_email already registered for DAG: example_dag_decorator
[2023-11-20T18:59:36.131+0000] {processor.py:766} INFO - DAG(s) dict_keys(['example_dag_decorator']) retrieved from /home/airflow/.local/lib/python3.7/site-packages/airflow/example_dags/example_dag_decorator.py
[2023-11-20T18:59:36.200+0000] {logging_mixin.py:120} INFO - [2023-11-20T18:59:36.200+0000] {dag.py:2585} INFO - Sync 1 DAGs
[2023-11-20T18:59:36.224+0000] {logging_mixin.py:120} INFO - [2023-11-20T18:59:36.224+0000] {dag.py:3340} INFO - Setting next_dagrun for example_dag_decorator to None, run_after=None
[2023-11-20T18:59:36.250+0000] {processor.py:176} INFO - Processing /home/airflow/.local/lib/python3.7/site-packages/airflow/example_dags/example_dag_decorator.py took 0.146 seconds
[2023-11-20T19:00:06.719+0000] {processor.py:154} INFO - Started process (PID=1806) to work on /home/airflow/.local/lib/python3.7/site-packages/airflow/example_dags/example_dag_decorator.py
[2023-11-20T19:00:06.720+0000] {processor.py:756} INFO - Processing file /home/airflow/.local/lib/python3.7/site-packages/airflow/example_dags/example_dag_decorator.py for tasks to queue
[2023-11-20T19:00:06.721+0000] {logging_mixin.py:120} INFO - [2023-11-20T19:00:06.721+0000] {dagbag.py:537} INFO - Filling up the DagBag from /home/airflow/.local/lib/python3.7/site-packages/airflow/example_dags/example_dag_decorator.py
[2023-11-20T19:00:06.745+0000] {logging_mixin.py:120} INFO - [2023-11-20T19:00:06.745+0000] {taskmixin.py:205} WARNING - Dependency <Task(_PythonDecoratedOperator): prepare_email>, send_email already registered for DAG: example_dag_decorator
[2023-11-20T19:00:06.745+0000] {logging_mixin.py:120} INFO - [2023-11-20T19:00:06.745+0000] {taskmixin.py:205} WARNING - Dependency <Task(EmailOperator): send_email>, prepare_email already registered for DAG: example_dag_decorator
[2023-11-20T19:00:06.771+0000] {processor.py:766} INFO - DAG(s) dict_keys(['example_dag_decorator']) retrieved from /home/airflow/.local/lib/python3.7/site-packages/airflow/example_dags/example_dag_decorator.py
[2023-11-20T19:00:06.911+0000] {logging_mixin.py:120} INFO - [2023-11-20T19:00:06.911+0000] {dag.py:2585} INFO - Sync 1 DAGs
[2023-11-20T19:00:06.963+0000] {logging_mixin.py:120} INFO - [2023-11-20T19:00:06.962+0000] {dag.py:3340} INFO - Setting next_dagrun for example_dag_decorator to None, run_after=None
[2023-11-20T19:00:07.019+0000] {processor.py:176} INFO - Processing /home/airflow/.local/lib/python3.7/site-packages/airflow/example_dags/example_dag_decorator.py took 0.304 seconds
[2023-11-20T19:00:37.482+0000] {processor.py:154} INFO - Started process (PID=1869) to work on /home/airflow/.local/lib/python3.7/site-packages/airflow/example_dags/example_dag_decorator.py
[2023-11-20T19:00:37.483+0000] {processor.py:756} INFO - Processing file /home/airflow/.local/lib/python3.7/site-packages/airflow/example_dags/example_dag_decorator.py for tasks to queue
[2023-11-20T19:00:37.486+0000] {logging_mixin.py:120} INFO - [2023-11-20T19:00:37.486+0000] {dagbag.py:537} INFO - Filling up the DagBag from /home/airflow/.local/lib/python3.7/site-packages/airflow/example_dags/example_dag_decorator.py
[2023-11-20T19:00:37.522+0000] {logging_mixin.py:120} INFO - [2023-11-20T19:00:37.521+0000] {taskmixin.py:205} WARNING - Dependency <Task(_PythonDecoratedOperator): prepare_email>, send_email already registered for DAG: example_dag_decorator
[2023-11-20T19:00:37.531+0000] {logging_mixin.py:120} INFO - [2023-11-20T19:00:37.531+0000] {taskmixin.py:205} WARNING - Dependency <Task(EmailOperator): send_email>, prepare_email already registered for DAG: example_dag_decorator
[2023-11-20T19:00:37.563+0000] {processor.py:766} INFO - DAG(s) dict_keys(['example_dag_decorator']) retrieved from /home/airflow/.local/lib/python3.7/site-packages/airflow/example_dags/example_dag_decorator.py
[2023-11-20T19:00:37.721+0000] {logging_mixin.py:120} INFO - [2023-11-20T19:00:37.720+0000] {dag.py:2585} INFO - Sync 1 DAGs
[2023-11-20T19:00:37.784+0000] {logging_mixin.py:120} INFO - [2023-11-20T19:00:37.784+0000] {dag.py:3340} INFO - Setting next_dagrun for example_dag_decorator to None, run_after=None
[2023-11-20T19:00:37.848+0000] {processor.py:176} INFO - Processing /home/airflow/.local/lib/python3.7/site-packages/airflow/example_dags/example_dag_decorator.py took 0.369 seconds
[2023-11-20T19:01:07.914+0000] {processor.py:154} INFO - Started process (PID=1936) to work on /home/airflow/.local/lib/python3.7/site-packages/airflow/example_dags/example_dag_decorator.py
[2023-11-20T19:01:07.915+0000] {processor.py:756} INFO - Processing file /home/airflow/.local/lib/python3.7/site-packages/airflow/example_dags/example_dag_decorator.py for tasks to queue
[2023-11-20T19:01:07.915+0000] {logging_mixin.py:120} INFO - [2023-11-20T19:01:07.915+0000] {dagbag.py:537} INFO - Filling up the DagBag from /home/airflow/.local/lib/python3.7/site-packages/airflow/example_dags/example_dag_decorator.py
[2023-11-20T19:01:07.929+0000] {logging_mixin.py:120} INFO - [2023-11-20T19:01:07.928+0000] {taskmixin.py:205} WARNING - Dependency <Task(_PythonDecoratedOperator): prepare_email>, send_email already registered for DAG: example_dag_decorator
[2023-11-20T19:01:07.929+0000] {logging_mixin.py:120} INFO - [2023-11-20T19:01:07.929+0000] {taskmixin.py:205} WARNING - Dependency <Task(EmailOperator): send_email>, prepare_email already registered for DAG: example_dag_decorator
[2023-11-20T19:01:07.940+0000] {processor.py:766} INFO - DAG(s) dict_keys(['example_dag_decorator']) retrieved from /home/airflow/.local/lib/python3.7/site-packages/airflow/example_dags/example_dag_decorator.py
[2023-11-20T19:01:08.015+0000] {logging_mixin.py:120} INFO - [2023-11-20T19:01:08.015+0000] {dag.py:2585} INFO - Sync 1 DAGs
[2023-11-20T19:01:08.035+0000] {logging_mixin.py:120} INFO - [2023-11-20T19:01:08.035+0000] {dag.py:3340} INFO - Setting next_dagrun for example_dag_decorator to None, run_after=None
[2023-11-20T19:01:08.059+0000] {processor.py:176} INFO - Processing /home/airflow/.local/lib/python3.7/site-packages/airflow/example_dags/example_dag_decorator.py took 0.147 seconds
[2023-11-20T19:01:39.195+0000] {processor.py:154} INFO - Started process (PID=1991) to work on /home/airflow/.local/lib/python3.7/site-packages/airflow/example_dags/example_dag_decorator.py
[2023-11-20T19:01:39.196+0000] {processor.py:756} INFO - Processing file /home/airflow/.local/lib/python3.7/site-packages/airflow/example_dags/example_dag_decorator.py for tasks to queue
[2023-11-20T19:01:39.197+0000] {logging_mixin.py:120} INFO - [2023-11-20T19:01:39.197+0000] {dagbag.py:537} INFO - Filling up the DagBag from /home/airflow/.local/lib/python3.7/site-packages/airflow/example_dags/example_dag_decorator.py
[2023-11-20T19:01:39.215+0000] {logging_mixin.py:120} INFO - [2023-11-20T19:01:39.214+0000] {taskmixin.py:205} WARNING - Dependency <Task(_PythonDecoratedOperator): prepare_email>, send_email already registered for DAG: example_dag_decorator
[2023-11-20T19:01:39.215+0000] {logging_mixin.py:120} INFO - [2023-11-20T19:01:39.215+0000] {taskmixin.py:205} WARNING - Dependency <Task(EmailOperator): send_email>, prepare_email already registered for DAG: example_dag_decorator
[2023-11-20T19:01:39.232+0000] {processor.py:766} INFO - DAG(s) dict_keys(['example_dag_decorator']) retrieved from /home/airflow/.local/lib/python3.7/site-packages/airflow/example_dags/example_dag_decorator.py
[2023-11-20T19:01:39.336+0000] {logging_mixin.py:120} INFO - [2023-11-20T19:01:39.336+0000] {dag.py:2585} INFO - Sync 1 DAGs
[2023-11-20T19:01:39.368+0000] {logging_mixin.py:120} INFO - [2023-11-20T19:01:39.368+0000] {dag.py:3340} INFO - Setting next_dagrun for example_dag_decorator to None, run_after=None
[2023-11-20T19:01:39.409+0000] {processor.py:176} INFO - Processing /home/airflow/.local/lib/python3.7/site-packages/airflow/example_dags/example_dag_decorator.py took 0.217 seconds
[2023-11-20T19:02:10.380+0000] {processor.py:154} INFO - Started process (PID=2054) to work on /home/airflow/.local/lib/python3.7/site-packages/airflow/example_dags/example_dag_decorator.py
[2023-11-20T19:02:10.381+0000] {processor.py:756} INFO - Processing file /home/airflow/.local/lib/python3.7/site-packages/airflow/example_dags/example_dag_decorator.py for tasks to queue
[2023-11-20T19:02:10.381+0000] {logging_mixin.py:120} INFO - [2023-11-20T19:02:10.381+0000] {dagbag.py:537} INFO - Filling up the DagBag from /home/airflow/.local/lib/python3.7/site-packages/airflow/example_dags/example_dag_decorator.py
[2023-11-20T19:02:10.400+0000] {logging_mixin.py:120} INFO - [2023-11-20T19:02:10.400+0000] {taskmixin.py:205} WARNING - Dependency <Task(_PythonDecoratedOperator): prepare_email>, send_email already registered for DAG: example_dag_decorator
[2023-11-20T19:02:10.401+0000] {logging_mixin.py:120} INFO - [2023-11-20T19:02:10.400+0000] {taskmixin.py:205} WARNING - Dependency <Task(EmailOperator): send_email>, prepare_email already registered for DAG: example_dag_decorator
[2023-11-20T19:02:10.429+0000] {processor.py:766} INFO - DAG(s) dict_keys(['example_dag_decorator']) retrieved from /home/airflow/.local/lib/python3.7/site-packages/airflow/example_dags/example_dag_decorator.py
[2023-11-20T19:02:10.633+0000] {logging_mixin.py:120} INFO - [2023-11-20T19:02:10.633+0000] {dag.py:2585} INFO - Sync 1 DAGs
[2023-11-20T19:02:10.684+0000] {logging_mixin.py:120} INFO - [2023-11-20T19:02:10.684+0000] {dag.py:3340} INFO - Setting next_dagrun for example_dag_decorator to None, run_after=None
[2023-11-20T19:02:10.739+0000] {processor.py:176} INFO - Processing /home/airflow/.local/lib/python3.7/site-packages/airflow/example_dags/example_dag_decorator.py took 0.367 seconds
[2023-11-20T19:02:41.681+0000] {processor.py:154} INFO - Started process (PID=2119) to work on /home/airflow/.local/lib/python3.7/site-packages/airflow/example_dags/example_dag_decorator.py
[2023-11-20T19:02:41.682+0000] {processor.py:756} INFO - Processing file /home/airflow/.local/lib/python3.7/site-packages/airflow/example_dags/example_dag_decorator.py for tasks to queue
[2023-11-20T19:02:41.682+0000] {logging_mixin.py:120} INFO - [2023-11-20T19:02:41.682+0000] {dagbag.py:537} INFO - Filling up the DagBag from /home/airflow/.local/lib/python3.7/site-packages/airflow/example_dags/example_dag_decorator.py
[2023-11-20T19:02:41.700+0000] {logging_mixin.py:120} INFO - [2023-11-20T19:02:41.700+0000] {taskmixin.py:205} WARNING - Dependency <Task(_PythonDecoratedOperator): prepare_email>, send_email already registered for DAG: example_dag_decorator
[2023-11-20T19:02:41.701+0000] {logging_mixin.py:120} INFO - [2023-11-20T19:02:41.701+0000] {taskmixin.py:205} WARNING - Dependency <Task(EmailOperator): send_email>, prepare_email already registered for DAG: example_dag_decorator
[2023-11-20T19:02:41.717+0000] {processor.py:766} INFO - DAG(s) dict_keys(['example_dag_decorator']) retrieved from /home/airflow/.local/lib/python3.7/site-packages/airflow/example_dags/example_dag_decorator.py
[2023-11-20T19:02:41.820+0000] {logging_mixin.py:120} INFO - [2023-11-20T19:02:41.819+0000] {dag.py:2585} INFO - Sync 1 DAGs
[2023-11-20T19:02:41.849+0000] {logging_mixin.py:120} INFO - [2023-11-20T19:02:41.849+0000] {dag.py:3340} INFO - Setting next_dagrun for example_dag_decorator to None, run_after=None
[2023-11-20T19:02:41.890+0000] {processor.py:176} INFO - Processing /home/airflow/.local/lib/python3.7/site-packages/airflow/example_dags/example_dag_decorator.py took 0.213 seconds
[2023-11-20T19:03:12.170+0000] {processor.py:154} INFO - Started process (PID=2179) to work on /home/airflow/.local/lib/python3.7/site-packages/airflow/example_dags/example_dag_decorator.py
[2023-11-20T19:03:12.175+0000] {processor.py:756} INFO - Processing file /home/airflow/.local/lib/python3.7/site-packages/airflow/example_dags/example_dag_decorator.py for tasks to queue
[2023-11-20T19:03:12.176+0000] {logging_mixin.py:120} INFO - [2023-11-20T19:03:12.176+0000] {dagbag.py:537} INFO - Filling up the DagBag from /home/airflow/.local/lib/python3.7/site-packages/airflow/example_dags/example_dag_decorator.py
[2023-11-20T19:03:12.218+0000] {logging_mixin.py:120} INFO - [2023-11-20T19:03:12.218+0000] {taskmixin.py:205} WARNING - Dependency <Task(_PythonDecoratedOperator): prepare_email>, send_email already registered for DAG: example_dag_decorator
[2023-11-20T19:03:12.226+0000] {logging_mixin.py:120} INFO - [2023-11-20T19:03:12.226+0000] {taskmixin.py:205} WARNING - Dependency <Task(EmailOperator): send_email>, prepare_email already registered for DAG: example_dag_decorator
[2023-11-20T19:03:12.246+0000] {processor.py:766} INFO - DAG(s) dict_keys(['example_dag_decorator']) retrieved from /home/airflow/.local/lib/python3.7/site-packages/airflow/example_dags/example_dag_decorator.py
[2023-11-20T19:03:12.484+0000] {logging_mixin.py:120} INFO - [2023-11-20T19:03:12.484+0000] {dag.py:2585} INFO - Sync 1 DAGs
[2023-11-20T19:03:12.581+0000] {logging_mixin.py:120} INFO - [2023-11-20T19:03:12.580+0000] {dag.py:3340} INFO - Setting next_dagrun for example_dag_decorator to None, run_after=None
[2023-11-20T19:03:12.681+0000] {processor.py:176} INFO - Processing /home/airflow/.local/lib/python3.7/site-packages/airflow/example_dags/example_dag_decorator.py took 0.514 seconds
[2023-11-20T19:03:43.289+0000] {processor.py:154} INFO - Started process (PID=2236) to work on /home/airflow/.local/lib/python3.7/site-packages/airflow/example_dags/example_dag_decorator.py
[2023-11-20T19:03:43.290+0000] {processor.py:756} INFO - Processing file /home/airflow/.local/lib/python3.7/site-packages/airflow/example_dags/example_dag_decorator.py for tasks to queue
[2023-11-20T19:03:43.291+0000] {logging_mixin.py:120} INFO - [2023-11-20T19:03:43.291+0000] {dagbag.py:537} INFO - Filling up the DagBag from /home/airflow/.local/lib/python3.7/site-packages/airflow/example_dags/example_dag_decorator.py
[2023-11-20T19:03:43.309+0000] {logging_mixin.py:120} INFO - [2023-11-20T19:03:43.309+0000] {taskmixin.py:205} WARNING - Dependency <Task(_PythonDecoratedOperator): prepare_email>, send_email already registered for DAG: example_dag_decorator
[2023-11-20T19:03:43.310+0000] {logging_mixin.py:120} INFO - [2023-11-20T19:03:43.309+0000] {taskmixin.py:205} WARNING - Dependency <Task(EmailOperator): send_email>, prepare_email already registered for DAG: example_dag_decorator
[2023-11-20T19:03:43.327+0000] {processor.py:766} INFO - DAG(s) dict_keys(['example_dag_decorator']) retrieved from /home/airflow/.local/lib/python3.7/site-packages/airflow/example_dags/example_dag_decorator.py
[2023-11-20T19:03:43.447+0000] {logging_mixin.py:120} INFO - [2023-11-20T19:03:43.447+0000] {dag.py:2585} INFO - Sync 1 DAGs
[2023-11-20T19:03:43.474+0000] {logging_mixin.py:120} INFO - [2023-11-20T19:03:43.474+0000] {dag.py:3340} INFO - Setting next_dagrun for example_dag_decorator to None, run_after=None
[2023-11-20T19:03:43.525+0000] {processor.py:176} INFO - Processing /home/airflow/.local/lib/python3.7/site-packages/airflow/example_dags/example_dag_decorator.py took 0.239 seconds
[2023-11-20T19:04:13.703+0000] {processor.py:154} INFO - Started process (PID=2297) to work on /home/airflow/.local/lib/python3.7/site-packages/airflow/example_dags/example_dag_decorator.py
[2023-11-20T19:04:13.705+0000] {processor.py:756} INFO - Processing file /home/airflow/.local/lib/python3.7/site-packages/airflow/example_dags/example_dag_decorator.py for tasks to queue
[2023-11-20T19:04:13.706+0000] {logging_mixin.py:120} INFO - [2023-11-20T19:04:13.706+0000] {dagbag.py:537} INFO - Filling up the DagBag from /home/airflow/.local/lib/python3.7/site-packages/airflow/example_dags/example_dag_decorator.py
[2023-11-20T19:04:13.751+0000] {logging_mixin.py:120} INFO - [2023-11-20T19:04:13.750+0000] {taskmixin.py:205} WARNING - Dependency <Task(_PythonDecoratedOperator): prepare_email>, send_email already registered for DAG: example_dag_decorator
[2023-11-20T19:04:13.763+0000] {logging_mixin.py:120} INFO - [2023-11-20T19:04:13.763+0000] {taskmixin.py:205} WARNING - Dependency <Task(EmailOperator): send_email>, prepare_email already registered for DAG: example_dag_decorator
[2023-11-20T19:04:13.830+0000] {processor.py:766} INFO - DAG(s) dict_keys(['example_dag_decorator']) retrieved from /home/airflow/.local/lib/python3.7/site-packages/airflow/example_dags/example_dag_decorator.py
[2023-11-20T19:04:14.282+0000] {logging_mixin.py:120} INFO - [2023-11-20T19:04:14.282+0000] {dag.py:2585} INFO - Sync 1 DAGs
[2023-11-20T19:04:14.391+0000] {logging_mixin.py:120} INFO - [2023-11-20T19:04:14.391+0000] {dag.py:3340} INFO - Setting next_dagrun for example_dag_decorator to None, run_after=None
[2023-11-20T19:04:14.461+0000] {processor.py:176} INFO - Processing /home/airflow/.local/lib/python3.7/site-packages/airflow/example_dags/example_dag_decorator.py took 0.767 seconds
[2023-11-20T19:04:44.930+0000] {processor.py:154} INFO - Started process (PID=2351) to work on /home/airflow/.local/lib/python3.7/site-packages/airflow/example_dags/example_dag_decorator.py
[2023-11-20T19:04:44.931+0000] {processor.py:756} INFO - Processing file /home/airflow/.local/lib/python3.7/site-packages/airflow/example_dags/example_dag_decorator.py for tasks to queue
[2023-11-20T19:04:44.932+0000] {logging_mixin.py:120} INFO - [2023-11-20T19:04:44.932+0000] {dagbag.py:537} INFO - Filling up the DagBag from /home/airflow/.local/lib/python3.7/site-packages/airflow/example_dags/example_dag_decorator.py
[2023-11-20T19:04:44.950+0000] {logging_mixin.py:120} INFO - [2023-11-20T19:04:44.950+0000] {taskmixin.py:205} WARNING - Dependency <Task(_PythonDecoratedOperator): prepare_email>, send_email already registered for DAG: example_dag_decorator
[2023-11-20T19:04:44.950+0000] {logging_mixin.py:120} INFO - [2023-11-20T19:04:44.950+0000] {taskmixin.py:205} WARNING - Dependency <Task(EmailOperator): send_email>, prepare_email already registered for DAG: example_dag_decorator
[2023-11-20T19:04:44.965+0000] {processor.py:766} INFO - DAG(s) dict_keys(['example_dag_decorator']) retrieved from /home/airflow/.local/lib/python3.7/site-packages/airflow/example_dags/example_dag_decorator.py
[2023-11-20T19:04:45.119+0000] {logging_mixin.py:120} INFO - [2023-11-20T19:04:45.119+0000] {dag.py:2585} INFO - Sync 1 DAGs
[2023-11-20T19:04:45.175+0000] {logging_mixin.py:120} INFO - [2023-11-20T19:04:45.175+0000] {dag.py:3340} INFO - Setting next_dagrun for example_dag_decorator to None, run_after=None
[2023-11-20T19:04:45.241+0000] {processor.py:176} INFO - Processing /home/airflow/.local/lib/python3.7/site-packages/airflow/example_dags/example_dag_decorator.py took 0.315 seconds
[2023-11-20T19:05:15.823+0000] {processor.py:154} INFO - Started process (PID=2414) to work on /home/airflow/.local/lib/python3.7/site-packages/airflow/example_dags/example_dag_decorator.py
[2023-11-20T19:05:15.835+0000] {processor.py:756} INFO - Processing file /home/airflow/.local/lib/python3.7/site-packages/airflow/example_dags/example_dag_decorator.py for tasks to queue
[2023-11-20T19:05:15.836+0000] {logging_mixin.py:120} INFO - [2023-11-20T19:05:15.836+0000] {dagbag.py:537} INFO - Filling up the DagBag from /home/airflow/.local/lib/python3.7/site-packages/airflow/example_dags/example_dag_decorator.py
[2023-11-20T19:05:15.915+0000] {logging_mixin.py:120} INFO - [2023-11-20T19:05:15.914+0000] {taskmixin.py:205} WARNING - Dependency <Task(_PythonDecoratedOperator): prepare_email>, send_email already registered for DAG: example_dag_decorator
[2023-11-20T19:05:15.917+0000] {logging_mixin.py:120} INFO - [2023-11-20T19:05:15.917+0000] {taskmixin.py:205} WARNING - Dependency <Task(EmailOperator): send_email>, prepare_email already registered for DAG: example_dag_decorator
[2023-11-20T19:05:15.968+0000] {processor.py:766} INFO - DAG(s) dict_keys(['example_dag_decorator']) retrieved from /home/airflow/.local/lib/python3.7/site-packages/airflow/example_dags/example_dag_decorator.py
[2023-11-20T19:05:16.186+0000] {logging_mixin.py:120} INFO - [2023-11-20T19:05:16.186+0000] {dag.py:2585} INFO - Sync 1 DAGs
[2023-11-20T19:05:16.263+0000] {logging_mixin.py:120} INFO - [2023-11-20T19:05:16.263+0000] {dag.py:3340} INFO - Setting next_dagrun for example_dag_decorator to None, run_after=None
[2023-11-20T19:05:16.331+0000] {processor.py:176} INFO - Processing /home/airflow/.local/lib/python3.7/site-packages/airflow/example_dags/example_dag_decorator.py took 0.516 seconds
[2023-11-20T19:05:46.952+0000] {processor.py:154} INFO - Started process (PID=2468) to work on /home/airflow/.local/lib/python3.7/site-packages/airflow/example_dags/example_dag_decorator.py
[2023-11-20T19:05:46.953+0000] {processor.py:756} INFO - Processing file /home/airflow/.local/lib/python3.7/site-packages/airflow/example_dags/example_dag_decorator.py for tasks to queue
[2023-11-20T19:05:46.954+0000] {logging_mixin.py:120} INFO - [2023-11-20T19:05:46.954+0000] {dagbag.py:537} INFO - Filling up the DagBag from /home/airflow/.local/lib/python3.7/site-packages/airflow/example_dags/example_dag_decorator.py
[2023-11-20T19:05:46.971+0000] {logging_mixin.py:120} INFO - [2023-11-20T19:05:46.971+0000] {taskmixin.py:205} WARNING - Dependency <Task(_PythonDecoratedOperator): prepare_email>, send_email already registered for DAG: example_dag_decorator
[2023-11-20T19:05:46.971+0000] {logging_mixin.py:120} INFO - [2023-11-20T19:05:46.971+0000] {taskmixin.py:205} WARNING - Dependency <Task(EmailOperator): send_email>, prepare_email already registered for DAG: example_dag_decorator
[2023-11-20T19:05:46.986+0000] {processor.py:766} INFO - DAG(s) dict_keys(['example_dag_decorator']) retrieved from /home/airflow/.local/lib/python3.7/site-packages/airflow/example_dags/example_dag_decorator.py
[2023-11-20T19:05:47.095+0000] {logging_mixin.py:120} INFO - [2023-11-20T19:05:47.095+0000] {dag.py:2585} INFO - Sync 1 DAGs
[2023-11-20T19:05:47.141+0000] {logging_mixin.py:120} INFO - [2023-11-20T19:05:47.141+0000] {dag.py:3340} INFO - Setting next_dagrun for example_dag_decorator to None, run_after=None
[2023-11-20T19:05:47.174+0000] {processor.py:176} INFO - Processing /home/airflow/.local/lib/python3.7/site-packages/airflow/example_dags/example_dag_decorator.py took 0.225 seconds
[2023-11-20T19:06:17.504+0000] {processor.py:154} INFO - Started process (PID=2532) to work on /home/airflow/.local/lib/python3.7/site-packages/airflow/example_dags/example_dag_decorator.py
[2023-11-20T19:06:17.505+0000] {processor.py:756} INFO - Processing file /home/airflow/.local/lib/python3.7/site-packages/airflow/example_dags/example_dag_decorator.py for tasks to queue
[2023-11-20T19:06:17.506+0000] {logging_mixin.py:120} INFO - [2023-11-20T19:06:17.506+0000] {dagbag.py:537} INFO - Filling up the DagBag from /home/airflow/.local/lib/python3.7/site-packages/airflow/example_dags/example_dag_decorator.py
[2023-11-20T19:06:17.525+0000] {logging_mixin.py:120} INFO - [2023-11-20T19:06:17.525+0000] {taskmixin.py:205} WARNING - Dependency <Task(_PythonDecoratedOperator): prepare_email>, send_email already registered for DAG: example_dag_decorator
[2023-11-20T19:06:17.526+0000] {logging_mixin.py:120} INFO - [2023-11-20T19:06:17.526+0000] {taskmixin.py:205} WARNING - Dependency <Task(EmailOperator): send_email>, prepare_email already registered for DAG: example_dag_decorator
[2023-11-20T19:06:17.541+0000] {processor.py:766} INFO - DAG(s) dict_keys(['example_dag_decorator']) retrieved from /home/airflow/.local/lib/python3.7/site-packages/airflow/example_dags/example_dag_decorator.py
[2023-11-20T19:06:17.695+0000] {logging_mixin.py:120} INFO - [2023-11-20T19:06:17.695+0000] {dag.py:2585} INFO - Sync 1 DAGs
[2023-11-20T19:06:17.726+0000] {logging_mixin.py:120} INFO - [2023-11-20T19:06:17.726+0000] {dag.py:3340} INFO - Setting next_dagrun for example_dag_decorator to None, run_after=None
[2023-11-20T19:06:17.759+0000] {processor.py:176} INFO - Processing /home/airflow/.local/lib/python3.7/site-packages/airflow/example_dags/example_dag_decorator.py took 0.258 seconds
[2023-11-20T19:06:48.453+0000] {processor.py:154} INFO - Started process (PID=2597) to work on /home/airflow/.local/lib/python3.7/site-packages/airflow/example_dags/example_dag_decorator.py
[2023-11-20T19:06:48.454+0000] {processor.py:756} INFO - Processing file /home/airflow/.local/lib/python3.7/site-packages/airflow/example_dags/example_dag_decorator.py for tasks to queue
[2023-11-20T19:06:48.455+0000] {logging_mixin.py:120} INFO - [2023-11-20T19:06:48.455+0000] {dagbag.py:537} INFO - Filling up the DagBag from /home/airflow/.local/lib/python3.7/site-packages/airflow/example_dags/example_dag_decorator.py
[2023-11-20T19:06:48.492+0000] {logging_mixin.py:120} INFO - [2023-11-20T19:06:48.491+0000] {taskmixin.py:205} WARNING - Dependency <Task(_PythonDecoratedOperator): prepare_email>, send_email already registered for DAG: example_dag_decorator
[2023-11-20T19:06:48.492+0000] {logging_mixin.py:120} INFO - [2023-11-20T19:06:48.492+0000] {taskmixin.py:205} WARNING - Dependency <Task(EmailOperator): send_email>, prepare_email already registered for DAG: example_dag_decorator
[2023-11-20T19:06:48.513+0000] {processor.py:766} INFO - DAG(s) dict_keys(['example_dag_decorator']) retrieved from /home/airflow/.local/lib/python3.7/site-packages/airflow/example_dags/example_dag_decorator.py
[2023-11-20T19:06:48.631+0000] {logging_mixin.py:120} INFO - [2023-11-20T19:06:48.631+0000] {dag.py:2585} INFO - Sync 1 DAGs
[2023-11-20T19:06:48.668+0000] {logging_mixin.py:120} INFO - [2023-11-20T19:06:48.668+0000] {dag.py:3340} INFO - Setting next_dagrun for example_dag_decorator to None, run_after=None
[2023-11-20T19:06:48.702+0000] {processor.py:176} INFO - Processing /home/airflow/.local/lib/python3.7/site-packages/airflow/example_dags/example_dag_decorator.py took 0.258 seconds
[2023-11-20T19:07:18.780+0000] {processor.py:154} INFO - Started process (PID=2653) to work on /home/airflow/.local/lib/python3.7/site-packages/airflow/example_dags/example_dag_decorator.py
[2023-11-20T19:07:18.782+0000] {processor.py:756} INFO - Processing file /home/airflow/.local/lib/python3.7/site-packages/airflow/example_dags/example_dag_decorator.py for tasks to queue
[2023-11-20T19:07:18.783+0000] {logging_mixin.py:120} INFO - [2023-11-20T19:07:18.782+0000] {dagbag.py:537} INFO - Filling up the DagBag from /home/airflow/.local/lib/python3.7/site-packages/airflow/example_dags/example_dag_decorator.py
[2023-11-20T19:07:18.809+0000] {logging_mixin.py:120} INFO - [2023-11-20T19:07:18.808+0000] {taskmixin.py:205} WARNING - Dependency <Task(_PythonDecoratedOperator): prepare_email>, send_email already registered for DAG: example_dag_decorator
[2023-11-20T19:07:18.809+0000] {logging_mixin.py:120} INFO - [2023-11-20T19:07:18.809+0000] {taskmixin.py:205} WARNING - Dependency <Task(EmailOperator): send_email>, prepare_email already registered for DAG: example_dag_decorator
[2023-11-20T19:07:18.825+0000] {processor.py:766} INFO - DAG(s) dict_keys(['example_dag_decorator']) retrieved from /home/airflow/.local/lib/python3.7/site-packages/airflow/example_dags/example_dag_decorator.py
[2023-11-20T19:07:18.927+0000] {logging_mixin.py:120} INFO - [2023-11-20T19:07:18.927+0000] {dag.py:2585} INFO - Sync 1 DAGs
[2023-11-20T19:07:18.958+0000] {logging_mixin.py:120} INFO - [2023-11-20T19:07:18.958+0000] {dag.py:3340} INFO - Setting next_dagrun for example_dag_decorator to None, run_after=None
[2023-11-20T19:07:18.989+0000] {processor.py:176} INFO - Processing /home/airflow/.local/lib/python3.7/site-packages/airflow/example_dags/example_dag_decorator.py took 0.212 seconds
[2023-11-20T19:07:49.783+0000] {processor.py:154} INFO - Started process (PID=2716) to work on /home/airflow/.local/lib/python3.7/site-packages/airflow/example_dags/example_dag_decorator.py
[2023-11-20T19:07:49.789+0000] {processor.py:756} INFO - Processing file /home/airflow/.local/lib/python3.7/site-packages/airflow/example_dags/example_dag_decorator.py for tasks to queue
[2023-11-20T19:07:49.790+0000] {logging_mixin.py:120} INFO - [2023-11-20T19:07:49.790+0000] {dagbag.py:537} INFO - Filling up the DagBag from /home/airflow/.local/lib/python3.7/site-packages/airflow/example_dags/example_dag_decorator.py
[2023-11-20T19:07:49.808+0000] {logging_mixin.py:120} INFO - [2023-11-20T19:07:49.808+0000] {taskmixin.py:205} WARNING - Dependency <Task(_PythonDecoratedOperator): prepare_email>, send_email already registered for DAG: example_dag_decorator
[2023-11-20T19:07:49.809+0000] {logging_mixin.py:120} INFO - [2023-11-20T19:07:49.809+0000] {taskmixin.py:205} WARNING - Dependency <Task(EmailOperator): send_email>, prepare_email already registered for DAG: example_dag_decorator
[2023-11-20T19:07:49.827+0000] {processor.py:766} INFO - DAG(s) dict_keys(['example_dag_decorator']) retrieved from /home/airflow/.local/lib/python3.7/site-packages/airflow/example_dags/example_dag_decorator.py
[2023-11-20T19:07:49.937+0000] {logging_mixin.py:120} INFO - [2023-11-20T19:07:49.937+0000] {dag.py:2585} INFO - Sync 1 DAGs
[2023-11-20T19:07:49.966+0000] {logging_mixin.py:120} INFO - [2023-11-20T19:07:49.966+0000] {dag.py:3340} INFO - Setting next_dagrun for example_dag_decorator to None, run_after=None
[2023-11-20T19:07:49.996+0000] {processor.py:176} INFO - Processing /home/airflow/.local/lib/python3.7/site-packages/airflow/example_dags/example_dag_decorator.py took 0.223 seconds
[2023-11-20T19:08:20.086+0000] {processor.py:154} INFO - Started process (PID=2780) to work on /home/airflow/.local/lib/python3.7/site-packages/airflow/example_dags/example_dag_decorator.py
[2023-11-20T19:08:20.087+0000] {processor.py:756} INFO - Processing file /home/airflow/.local/lib/python3.7/site-packages/airflow/example_dags/example_dag_decorator.py for tasks to queue
[2023-11-20T19:08:20.088+0000] {logging_mixin.py:120} INFO - [2023-11-20T19:08:20.088+0000] {dagbag.py:537} INFO - Filling up the DagBag from /home/airflow/.local/lib/python3.7/site-packages/airflow/example_dags/example_dag_decorator.py
[2023-11-20T19:08:20.108+0000] {logging_mixin.py:120} INFO - [2023-11-20T19:08:20.108+0000] {taskmixin.py:205} WARNING - Dependency <Task(_PythonDecoratedOperator): prepare_email>, send_email already registered for DAG: example_dag_decorator
[2023-11-20T19:08:20.108+0000] {logging_mixin.py:120} INFO - [2023-11-20T19:08:20.108+0000] {taskmixin.py:205} WARNING - Dependency <Task(EmailOperator): send_email>, prepare_email already registered for DAG: example_dag_decorator
[2023-11-20T19:08:20.123+0000] {processor.py:766} INFO - DAG(s) dict_keys(['example_dag_decorator']) retrieved from /home/airflow/.local/lib/python3.7/site-packages/airflow/example_dags/example_dag_decorator.py
[2023-11-20T19:08:20.236+0000] {logging_mixin.py:120} INFO - [2023-11-20T19:08:20.236+0000] {dag.py:2585} INFO - Sync 1 DAGs
[2023-11-20T19:08:20.273+0000] {logging_mixin.py:120} INFO - [2023-11-20T19:08:20.273+0000] {dag.py:3340} INFO - Setting next_dagrun for example_dag_decorator to None, run_after=None
[2023-11-20T19:08:20.306+0000] {processor.py:176} INFO - Processing /home/airflow/.local/lib/python3.7/site-packages/airflow/example_dags/example_dag_decorator.py took 0.223 seconds
[2023-11-20T19:08:51.065+0000] {processor.py:154} INFO - Started process (PID=2834) to work on /home/airflow/.local/lib/python3.7/site-packages/airflow/example_dags/example_dag_decorator.py
[2023-11-20T19:08:51.066+0000] {processor.py:756} INFO - Processing file /home/airflow/.local/lib/python3.7/site-packages/airflow/example_dags/example_dag_decorator.py for tasks to queue
[2023-11-20T19:08:51.067+0000] {logging_mixin.py:120} INFO - [2023-11-20T19:08:51.067+0000] {dagbag.py:537} INFO - Filling up the DagBag from /home/airflow/.local/lib/python3.7/site-packages/airflow/example_dags/example_dag_decorator.py
[2023-11-20T19:08:51.087+0000] {logging_mixin.py:120} INFO - [2023-11-20T19:08:51.086+0000] {taskmixin.py:205} WARNING - Dependency <Task(_PythonDecoratedOperator): prepare_email>, send_email already registered for DAG: example_dag_decorator
[2023-11-20T19:08:51.088+0000] {logging_mixin.py:120} INFO - [2023-11-20T19:08:51.087+0000] {taskmixin.py:205} WARNING - Dependency <Task(EmailOperator): send_email>, prepare_email already registered for DAG: example_dag_decorator
[2023-11-20T19:08:51.101+0000] {processor.py:766} INFO - DAG(s) dict_keys(['example_dag_decorator']) retrieved from /home/airflow/.local/lib/python3.7/site-packages/airflow/example_dags/example_dag_decorator.py
[2023-11-20T19:08:51.258+0000] {logging_mixin.py:120} INFO - [2023-11-20T19:08:51.258+0000] {dag.py:2585} INFO - Sync 1 DAGs
[2023-11-20T19:08:51.286+0000] {logging_mixin.py:120} INFO - [2023-11-20T19:08:51.285+0000] {dag.py:3340} INFO - Setting next_dagrun for example_dag_decorator to None, run_after=None
[2023-11-20T19:08:51.317+0000] {processor.py:176} INFO - Processing /home/airflow/.local/lib/python3.7/site-packages/airflow/example_dags/example_dag_decorator.py took 0.255 seconds
[2023-11-20T19:09:21.493+0000] {processor.py:154} INFO - Started process (PID=2898) to work on /home/airflow/.local/lib/python3.7/site-packages/airflow/example_dags/example_dag_decorator.py
[2023-11-20T19:09:21.493+0000] {processor.py:756} INFO - Processing file /home/airflow/.local/lib/python3.7/site-packages/airflow/example_dags/example_dag_decorator.py for tasks to queue
[2023-11-20T19:09:21.494+0000] {logging_mixin.py:120} INFO - [2023-11-20T19:09:21.494+0000] {dagbag.py:537} INFO - Filling up the DagBag from /home/airflow/.local/lib/python3.7/site-packages/airflow/example_dags/example_dag_decorator.py
[2023-11-20T19:09:21.512+0000] {logging_mixin.py:120} INFO - [2023-11-20T19:09:21.512+0000] {taskmixin.py:205} WARNING - Dependency <Task(_PythonDecoratedOperator): prepare_email>, send_email already registered for DAG: example_dag_decorator
[2023-11-20T19:09:21.512+0000] {logging_mixin.py:120} INFO - [2023-11-20T19:09:21.512+0000] {taskmixin.py:205} WARNING - Dependency <Task(EmailOperator): send_email>, prepare_email already registered for DAG: example_dag_decorator
[2023-11-20T19:09:21.528+0000] {processor.py:766} INFO - DAG(s) dict_keys(['example_dag_decorator']) retrieved from /home/airflow/.local/lib/python3.7/site-packages/airflow/example_dags/example_dag_decorator.py
[2023-11-20T19:09:21.663+0000] {logging_mixin.py:120} INFO - [2023-11-20T19:09:21.663+0000] {dag.py:2585} INFO - Sync 1 DAGs
[2023-11-20T19:09:21.689+0000] {logging_mixin.py:120} INFO - [2023-11-20T19:09:21.688+0000] {dag.py:3340} INFO - Setting next_dagrun for example_dag_decorator to None, run_after=None
[2023-11-20T19:09:21.721+0000] {processor.py:176} INFO - Processing /home/airflow/.local/lib/python3.7/site-packages/airflow/example_dags/example_dag_decorator.py took 0.232 seconds
[2023-11-20T19:09:52.292+0000] {processor.py:154} INFO - Started process (PID=2961) to work on /home/airflow/.local/lib/python3.7/site-packages/airflow/example_dags/example_dag_decorator.py
[2023-11-20T19:09:52.293+0000] {processor.py:756} INFO - Processing file /home/airflow/.local/lib/python3.7/site-packages/airflow/example_dags/example_dag_decorator.py for tasks to queue
[2023-11-20T19:09:52.294+0000] {logging_mixin.py:120} INFO - [2023-11-20T19:09:52.294+0000] {dagbag.py:537} INFO - Filling up the DagBag from /home/airflow/.local/lib/python3.7/site-packages/airflow/example_dags/example_dag_decorator.py
[2023-11-20T19:09:52.333+0000] {logging_mixin.py:120} INFO - [2023-11-20T19:09:52.333+0000] {taskmixin.py:205} WARNING - Dependency <Task(_PythonDecoratedOperator): prepare_email>, send_email already registered for DAG: example_dag_decorator
[2023-11-20T19:09:52.334+0000] {logging_mixin.py:120} INFO - [2023-11-20T19:09:52.334+0000] {taskmixin.py:205} WARNING - Dependency <Task(EmailOperator): send_email>, prepare_email already registered for DAG: example_dag_decorator
[2023-11-20T19:09:52.364+0000] {processor.py:766} INFO - DAG(s) dict_keys(['example_dag_decorator']) retrieved from /home/airflow/.local/lib/python3.7/site-packages/airflow/example_dags/example_dag_decorator.py
[2023-11-20T19:09:52.521+0000] {logging_mixin.py:120} INFO - [2023-11-20T19:09:52.521+0000] {dag.py:2585} INFO - Sync 1 DAGs
[2023-11-20T19:09:52.548+0000] {logging_mixin.py:120} INFO - [2023-11-20T19:09:52.548+0000] {dag.py:3340} INFO - Setting next_dagrun for example_dag_decorator to None, run_after=None
[2023-11-20T19:09:52.578+0000] {processor.py:176} INFO - Processing /home/airflow/.local/lib/python3.7/site-packages/airflow/example_dags/example_dag_decorator.py took 0.292 seconds
[2023-11-20T19:10:23.159+0000] {processor.py:154} INFO - Started process (PID=3014) to work on /home/airflow/.local/lib/python3.7/site-packages/airflow/example_dags/example_dag_decorator.py
[2023-11-20T19:10:23.161+0000] {processor.py:756} INFO - Processing file /home/airflow/.local/lib/python3.7/site-packages/airflow/example_dags/example_dag_decorator.py for tasks to queue
[2023-11-20T19:10:23.162+0000] {logging_mixin.py:120} INFO - [2023-11-20T19:10:23.162+0000] {dagbag.py:537} INFO - Filling up the DagBag from /home/airflow/.local/lib/python3.7/site-packages/airflow/example_dags/example_dag_decorator.py
[2023-11-20T19:10:23.192+0000] {logging_mixin.py:120} INFO - [2023-11-20T19:10:23.191+0000] {taskmixin.py:205} WARNING - Dependency <Task(_PythonDecoratedOperator): prepare_email>, send_email already registered for DAG: example_dag_decorator
[2023-11-20T19:10:23.192+0000] {logging_mixin.py:120} INFO - [2023-11-20T19:10:23.192+0000] {taskmixin.py:205} WARNING - Dependency <Task(EmailOperator): send_email>, prepare_email already registered for DAG: example_dag_decorator
[2023-11-20T19:10:23.208+0000] {processor.py:766} INFO - DAG(s) dict_keys(['example_dag_decorator']) retrieved from /home/airflow/.local/lib/python3.7/site-packages/airflow/example_dags/example_dag_decorator.py
[2023-11-20T19:10:23.315+0000] {logging_mixin.py:120} INFO - [2023-11-20T19:10:23.314+0000] {dag.py:2585} INFO - Sync 1 DAGs
[2023-11-20T19:10:23.343+0000] {logging_mixin.py:120} INFO - [2023-11-20T19:10:23.343+0000] {dag.py:3340} INFO - Setting next_dagrun for example_dag_decorator to None, run_after=None
[2023-11-20T19:10:23.380+0000] {processor.py:176} INFO - Processing /home/airflow/.local/lib/python3.7/site-packages/airflow/example_dags/example_dag_decorator.py took 0.226 seconds
[2023-11-20T19:10:53.833+0000] {processor.py:154} INFO - Started process (PID=3077) to work on /home/airflow/.local/lib/python3.7/site-packages/airflow/example_dags/example_dag_decorator.py
[2023-11-20T19:10:53.837+0000] {processor.py:756} INFO - Processing file /home/airflow/.local/lib/python3.7/site-packages/airflow/example_dags/example_dag_decorator.py for tasks to queue
[2023-11-20T19:10:53.838+0000] {logging_mixin.py:120} INFO - [2023-11-20T19:10:53.838+0000] {dagbag.py:537} INFO - Filling up the DagBag from /home/airflow/.local/lib/python3.7/site-packages/airflow/example_dags/example_dag_decorator.py
[2023-11-20T19:10:53.883+0000] {logging_mixin.py:120} INFO - [2023-11-20T19:10:53.883+0000] {taskmixin.py:205} WARNING - Dependency <Task(_PythonDecoratedOperator): prepare_email>, send_email already registered for DAG: example_dag_decorator
[2023-11-20T19:10:53.884+0000] {logging_mixin.py:120} INFO - [2023-11-20T19:10:53.884+0000] {taskmixin.py:205} WARNING - Dependency <Task(EmailOperator): send_email>, prepare_email already registered for DAG: example_dag_decorator
[2023-11-20T19:10:53.903+0000] {processor.py:766} INFO - DAG(s) dict_keys(['example_dag_decorator']) retrieved from /home/airflow/.local/lib/python3.7/site-packages/airflow/example_dags/example_dag_decorator.py
[2023-11-20T19:10:54.176+0000] {logging_mixin.py:120} INFO - [2023-11-20T19:10:54.176+0000] {dag.py:2585} INFO - Sync 1 DAGs
[2023-11-20T19:10:54.209+0000] {logging_mixin.py:120} INFO - [2023-11-20T19:10:54.209+0000] {dag.py:3340} INFO - Setting next_dagrun for example_dag_decorator to None, run_after=None
[2023-11-20T19:10:54.245+0000] {processor.py:176} INFO - Processing /home/airflow/.local/lib/python3.7/site-packages/airflow/example_dags/example_dag_decorator.py took 0.415 seconds
[2023-11-20T19:11:24.664+0000] {processor.py:154} INFO - Started process (PID=3130) to work on /home/airflow/.local/lib/python3.7/site-packages/airflow/example_dags/example_dag_decorator.py
[2023-11-20T19:11:24.665+0000] {processor.py:756} INFO - Processing file /home/airflow/.local/lib/python3.7/site-packages/airflow/example_dags/example_dag_decorator.py for tasks to queue
[2023-11-20T19:11:24.666+0000] {logging_mixin.py:120} INFO - [2023-11-20T19:11:24.666+0000] {dagbag.py:537} INFO - Filling up the DagBag from /home/airflow/.local/lib/python3.7/site-packages/airflow/example_dags/example_dag_decorator.py
[2023-11-20T19:11:24.684+0000] {logging_mixin.py:120} INFO - [2023-11-20T19:11:24.683+0000] {taskmixin.py:205} WARNING - Dependency <Task(_PythonDecoratedOperator): prepare_email>, send_email already registered for DAG: example_dag_decorator
[2023-11-20T19:11:24.684+0000] {logging_mixin.py:120} INFO - [2023-11-20T19:11:24.684+0000] {taskmixin.py:205} WARNING - Dependency <Task(EmailOperator): send_email>, prepare_email already registered for DAG: example_dag_decorator
[2023-11-20T19:11:24.699+0000] {processor.py:766} INFO - DAG(s) dict_keys(['example_dag_decorator']) retrieved from /home/airflow/.local/lib/python3.7/site-packages/airflow/example_dags/example_dag_decorator.py
[2023-11-20T19:11:24.803+0000] {logging_mixin.py:120} INFO - [2023-11-20T19:11:24.803+0000] {dag.py:2585} INFO - Sync 1 DAGs
[2023-11-20T19:11:24.834+0000] {logging_mixin.py:120} INFO - [2023-11-20T19:11:24.834+0000] {dag.py:3340} INFO - Setting next_dagrun for example_dag_decorator to None, run_after=None
[2023-11-20T19:11:24.865+0000] {processor.py:176} INFO - Processing /home/airflow/.local/lib/python3.7/site-packages/airflow/example_dags/example_dag_decorator.py took 0.204 seconds
[2023-11-20T19:11:54.972+0000] {processor.py:154} INFO - Started process (PID=3194) to work on /home/airflow/.local/lib/python3.7/site-packages/airflow/example_dags/example_dag_decorator.py
[2023-11-20T19:11:54.981+0000] {processor.py:756} INFO - Processing file /home/airflow/.local/lib/python3.7/site-packages/airflow/example_dags/example_dag_decorator.py for tasks to queue
[2023-11-20T19:11:54.982+0000] {logging_mixin.py:120} INFO - [2023-11-20T19:11:54.982+0000] {dagbag.py:537} INFO - Filling up the DagBag from /home/airflow/.local/lib/python3.7/site-packages/airflow/example_dags/example_dag_decorator.py
[2023-11-20T19:11:55.018+0000] {logging_mixin.py:120} INFO - [2023-11-20T19:11:55.018+0000] {taskmixin.py:205} WARNING - Dependency <Task(_PythonDecoratedOperator): prepare_email>, send_email already registered for DAG: example_dag_decorator
[2023-11-20T19:11:55.019+0000] {logging_mixin.py:120} INFO - [2023-11-20T19:11:55.019+0000] {taskmixin.py:205} WARNING - Dependency <Task(EmailOperator): send_email>, prepare_email already registered for DAG: example_dag_decorator
[2023-11-20T19:11:55.041+0000] {processor.py:766} INFO - DAG(s) dict_keys(['example_dag_decorator']) retrieved from /home/airflow/.local/lib/python3.7/site-packages/airflow/example_dags/example_dag_decorator.py
[2023-11-20T19:11:55.260+0000] {logging_mixin.py:120} INFO - [2023-11-20T19:11:55.260+0000] {dag.py:2585} INFO - Sync 1 DAGs
[2023-11-20T19:11:55.331+0000] {logging_mixin.py:120} INFO - [2023-11-20T19:11:55.331+0000] {dag.py:3340} INFO - Setting next_dagrun for example_dag_decorator to None, run_after=None
[2023-11-20T19:11:55.379+0000] {processor.py:176} INFO - Processing /home/airflow/.local/lib/python3.7/site-packages/airflow/example_dags/example_dag_decorator.py took 0.410 seconds
