[2023-11-20T20:23:45.589+0000] {processor.py:154} INFO - Started process (PID=11678) to work on /home/airflow/.local/lib/python3.7/site-packages/airflow/example_dags/example_latest_only.py
[2023-11-20T20:23:45.590+0000] {processor.py:756} INFO - Processing file /home/airflow/.local/lib/python3.7/site-packages/airflow/example_dags/example_latest_only.py for tasks to queue
[2023-11-20T20:23:45.591+0000] {logging_mixin.py:120} INFO - [2023-11-20T20:23:45.591+0000] {dagbag.py:537} INFO - Filling up the DagBag from /home/airflow/.local/lib/python3.7/site-packages/airflow/example_dags/example_latest_only.py
[2023-11-20T20:23:45.608+0000] {processor.py:766} INFO - DAG(s) dict_keys(['latest_only']) retrieved from /home/airflow/.local/lib/python3.7/site-packages/airflow/example_dags/example_latest_only.py
[2023-11-20T20:23:45.657+0000] {logging_mixin.py:120} INFO - [2023-11-20T20:23:45.657+0000] {dag.py:2585} INFO - Sync 1 DAGs
[2023-11-20T20:23:45.690+0000] {logging_mixin.py:120} INFO - [2023-11-20T20:23:45.690+0000] {dag.py:3340} INFO - Setting next_dagrun for latest_only to 2023-11-20T16:23:45.690409+00:00, run_after=2023-11-20T20:23:45.690409+00:00
[2023-11-20T20:23:45.735+0000] {processor.py:176} INFO - Processing /home/airflow/.local/lib/python3.7/site-packages/airflow/example_dags/example_latest_only.py took 0.150 seconds
[2023-11-20T20:24:16.454+0000] {processor.py:154} INFO - Started process (PID=11742) to work on /home/airflow/.local/lib/python3.7/site-packages/airflow/example_dags/example_latest_only.py
[2023-11-20T20:24:16.455+0000] {processor.py:756} INFO - Processing file /home/airflow/.local/lib/python3.7/site-packages/airflow/example_dags/example_latest_only.py for tasks to queue
[2023-11-20T20:24:16.456+0000] {logging_mixin.py:120} INFO - [2023-11-20T20:24:16.456+0000] {dagbag.py:537} INFO - Filling up the DagBag from /home/airflow/.local/lib/python3.7/site-packages/airflow/example_dags/example_latest_only.py
[2023-11-20T20:24:16.472+0000] {processor.py:766} INFO - DAG(s) dict_keys(['latest_only']) retrieved from /home/airflow/.local/lib/python3.7/site-packages/airflow/example_dags/example_latest_only.py
[2023-11-20T20:24:16.524+0000] {logging_mixin.py:120} INFO - [2023-11-20T20:24:16.524+0000] {dag.py:2585} INFO - Sync 1 DAGs
[2023-11-20T20:24:16.558+0000] {logging_mixin.py:120} INFO - [2023-11-20T20:24:16.558+0000] {dag.py:3340} INFO - Setting next_dagrun for latest_only to 2023-11-20T16:24:16.558599+00:00, run_after=2023-11-20T20:24:16.558599+00:00
[2023-11-20T20:24:16.584+0000] {processor.py:176} INFO - Processing /home/airflow/.local/lib/python3.7/site-packages/airflow/example_dags/example_latest_only.py took 0.134 seconds
[2023-11-20T20:24:47.104+0000] {processor.py:154} INFO - Started process (PID=11806) to work on /home/airflow/.local/lib/python3.7/site-packages/airflow/example_dags/example_latest_only.py
[2023-11-20T20:24:47.105+0000] {processor.py:756} INFO - Processing file /home/airflow/.local/lib/python3.7/site-packages/airflow/example_dags/example_latest_only.py for tasks to queue
[2023-11-20T20:24:47.106+0000] {logging_mixin.py:120} INFO - [2023-11-20T20:24:47.106+0000] {dagbag.py:537} INFO - Filling up the DagBag from /home/airflow/.local/lib/python3.7/site-packages/airflow/example_dags/example_latest_only.py
[2023-11-20T20:24:47.145+0000] {processor.py:766} INFO - DAG(s) dict_keys(['latest_only']) retrieved from /home/airflow/.local/lib/python3.7/site-packages/airflow/example_dags/example_latest_only.py
[2023-11-20T20:24:47.203+0000] {logging_mixin.py:120} INFO - [2023-11-20T20:24:47.203+0000] {dag.py:2585} INFO - Sync 1 DAGs
[2023-11-20T20:24:47.238+0000] {logging_mixin.py:120} INFO - [2023-11-20T20:24:47.238+0000] {dag.py:3340} INFO - Setting next_dagrun for latest_only to 2023-11-20T16:24:47.237781+00:00, run_after=2023-11-20T20:24:47.237781+00:00
[2023-11-20T20:24:47.293+0000] {processor.py:176} INFO - Processing /home/airflow/.local/lib/python3.7/site-packages/airflow/example_dags/example_latest_only.py took 0.204 seconds
