[2023-11-20T18:44:37.206+0000] {processor.py:154} INFO - Started process (PID=46) to work on /home/airflow/.local/lib/python3.7/site-packages/airflow/example_dags/example_sla_dag.py
[2023-11-20T18:44:37.208+0000] {processor.py:756} INFO - Processing file /home/airflow/.local/lib/python3.7/site-packages/airflow/example_dags/example_sla_dag.py for tasks to queue
[2023-11-20T18:44:37.209+0000] {logging_mixin.py:120} INFO - [2023-11-20T18:44:37.209+0000] {dagbag.py:537} INFO - Filling up the DagBag from /home/airflow/.local/lib/python3.7/site-packages/airflow/example_dags/example_sla_dag.py
[2023-11-20T18:44:37.291+0000] {processor.py:766} INFO - DAG(s) dict_keys(['example_sla_dag']) retrieved from /home/airflow/.local/lib/python3.7/site-packages/airflow/example_dags/example_sla_dag.py
[2023-11-20T18:44:37.385+0000] {logging_mixin.py:120} INFO - [2023-11-20T18:44:37.385+0000] {dag.py:2585} INFO - Sync 1 DAGs
[2023-11-20T18:44:37.438+0000] {logging_mixin.py:120} INFO - [2023-11-20T18:44:37.437+0000] {dag.py:3340} INFO - Setting next_dagrun for example_sla_dag to 2023-11-20T18:42:00+00:00, run_after=2023-11-20T18:44:00+00:00
[2023-11-20T18:44:37.504+0000] {processor.py:176} INFO - Processing /home/airflow/.local/lib/python3.7/site-packages/airflow/example_dags/example_sla_dag.py took 0.305 seconds
[2023-11-20T18:45:08.415+0000] {processor.py:154} INFO - Started process (PID=100) to work on /home/airflow/.local/lib/python3.7/site-packages/airflow/example_dags/example_sla_dag.py
[2023-11-20T18:45:08.416+0000] {processor.py:756} INFO - Processing file /home/airflow/.local/lib/python3.7/site-packages/airflow/example_dags/example_sla_dag.py for tasks to queue
[2023-11-20T18:45:08.419+0000] {logging_mixin.py:120} INFO - [2023-11-20T18:45:08.416+0000] {dagbag.py:537} INFO - Filling up the DagBag from /home/airflow/.local/lib/python3.7/site-packages/airflow/example_dags/example_sla_dag.py
[2023-11-20T18:45:08.446+0000] {processor.py:766} INFO - DAG(s) dict_keys(['example_sla_dag']) retrieved from /home/airflow/.local/lib/python3.7/site-packages/airflow/example_dags/example_sla_dag.py
[2023-11-20T18:45:08.492+0000] {logging_mixin.py:120} INFO - [2023-11-20T18:45:08.492+0000] {dag.py:2585} INFO - Sync 1 DAGs
[2023-11-20T18:45:08.530+0000] {logging_mixin.py:120} INFO - [2023-11-20T18:45:08.530+0000] {dag.py:3340} INFO - Setting next_dagrun for example_sla_dag to 2023-11-20T18:42:00+00:00, run_after=2023-11-20T18:44:00+00:00
[2023-11-20T18:45:08.555+0000] {processor.py:176} INFO - Processing /home/airflow/.local/lib/python3.7/site-packages/airflow/example_dags/example_sla_dag.py took 0.143 seconds
[2023-11-20T18:45:39.100+0000] {processor.py:154} INFO - Started process (PID=155) to work on /home/airflow/.local/lib/python3.7/site-packages/airflow/example_dags/example_sla_dag.py
[2023-11-20T18:45:39.107+0000] {processor.py:756} INFO - Processing file /home/airflow/.local/lib/python3.7/site-packages/airflow/example_dags/example_sla_dag.py for tasks to queue
[2023-11-20T18:45:39.108+0000] {logging_mixin.py:120} INFO - [2023-11-20T18:45:39.107+0000] {dagbag.py:537} INFO - Filling up the DagBag from /home/airflow/.local/lib/python3.7/site-packages/airflow/example_dags/example_sla_dag.py
[2023-11-20T18:45:39.167+0000] {processor.py:766} INFO - DAG(s) dict_keys(['example_sla_dag']) retrieved from /home/airflow/.local/lib/python3.7/site-packages/airflow/example_dags/example_sla_dag.py
[2023-11-20T18:45:39.260+0000] {logging_mixin.py:120} INFO - [2023-11-20T18:45:39.260+0000] {dag.py:2585} INFO - Sync 1 DAGs
[2023-11-20T18:45:39.321+0000] {logging_mixin.py:120} INFO - [2023-11-20T18:45:39.321+0000] {dag.py:3340} INFO - Setting next_dagrun for example_sla_dag to 2023-11-20T18:42:00+00:00, run_after=2023-11-20T18:44:00+00:00
[2023-11-20T18:45:39.362+0000] {processor.py:176} INFO - Processing /home/airflow/.local/lib/python3.7/site-packages/airflow/example_dags/example_sla_dag.py took 0.272 seconds
[2023-11-20T18:46:11.573+0000] {processor.py:154} INFO - Started process (PID=215) to work on /home/airflow/.local/lib/python3.7/site-packages/airflow/example_dags/example_sla_dag.py
[2023-11-20T18:46:11.593+0000] {processor.py:756} INFO - Processing file /home/airflow/.local/lib/python3.7/site-packages/airflow/example_dags/example_sla_dag.py for tasks to queue
[2023-11-20T18:46:11.594+0000] {logging_mixin.py:120} INFO - [2023-11-20T18:46:11.594+0000] {dagbag.py:537} INFO - Filling up the DagBag from /home/airflow/.local/lib/python3.7/site-packages/airflow/example_dags/example_sla_dag.py
[2023-11-20T18:46:11.799+0000] {processor.py:766} INFO - DAG(s) dict_keys(['example_sla_dag']) retrieved from /home/airflow/.local/lib/python3.7/site-packages/airflow/example_dags/example_sla_dag.py
[2023-11-20T18:46:12.047+0000] {logging_mixin.py:120} INFO - [2023-11-20T18:46:12.047+0000] {dag.py:2585} INFO - Sync 1 DAGs
[2023-11-20T18:46:12.191+0000] {logging_mixin.py:120} INFO - [2023-11-20T18:46:12.191+0000] {dag.py:3340} INFO - Setting next_dagrun for example_sla_dag to 2023-11-20T18:44:00+00:00, run_after=2023-11-20T18:46:00+00:00
[2023-11-20T18:46:12.303+0000] {processor.py:176} INFO - Processing /home/airflow/.local/lib/python3.7/site-packages/airflow/example_dags/example_sla_dag.py took 0.765 seconds
[2023-11-20T18:46:42.790+0000] {processor.py:154} INFO - Started process (PID=271) to work on /home/airflow/.local/lib/python3.7/site-packages/airflow/example_dags/example_sla_dag.py
[2023-11-20T18:46:42.791+0000] {processor.py:756} INFO - Processing file /home/airflow/.local/lib/python3.7/site-packages/airflow/example_dags/example_sla_dag.py for tasks to queue
[2023-11-20T18:46:42.791+0000] {logging_mixin.py:120} INFO - [2023-11-20T18:46:42.791+0000] {dagbag.py:537} INFO - Filling up the DagBag from /home/airflow/.local/lib/python3.7/site-packages/airflow/example_dags/example_sla_dag.py
[2023-11-20T18:46:42.819+0000] {processor.py:766} INFO - DAG(s) dict_keys(['example_sla_dag']) retrieved from /home/airflow/.local/lib/python3.7/site-packages/airflow/example_dags/example_sla_dag.py
[2023-11-20T18:46:42.864+0000] {logging_mixin.py:120} INFO - [2023-11-20T18:46:42.864+0000] {dag.py:2585} INFO - Sync 1 DAGs
[2023-11-20T18:46:42.924+0000] {logging_mixin.py:120} INFO - [2023-11-20T18:46:42.924+0000] {dag.py:3340} INFO - Setting next_dagrun for example_sla_dag to 2023-11-20T18:44:00+00:00, run_after=2023-11-20T18:46:00+00:00
[2023-11-20T18:46:42.949+0000] {processor.py:176} INFO - Processing /home/airflow/.local/lib/python3.7/site-packages/airflow/example_dags/example_sla_dag.py took 0.162 seconds
[2023-11-20T18:47:13.514+0000] {processor.py:154} INFO - Started process (PID=324) to work on /home/airflow/.local/lib/python3.7/site-packages/airflow/example_dags/example_sla_dag.py
[2023-11-20T18:47:13.521+0000] {processor.py:756} INFO - Processing file /home/airflow/.local/lib/python3.7/site-packages/airflow/example_dags/example_sla_dag.py for tasks to queue
[2023-11-20T18:47:13.533+0000] {logging_mixin.py:120} INFO - [2023-11-20T18:47:13.533+0000] {dagbag.py:537} INFO - Filling up the DagBag from /home/airflow/.local/lib/python3.7/site-packages/airflow/example_dags/example_sla_dag.py
[2023-11-20T18:47:13.609+0000] {processor.py:766} INFO - DAG(s) dict_keys(['example_sla_dag']) retrieved from /home/airflow/.local/lib/python3.7/site-packages/airflow/example_dags/example_sla_dag.py
[2023-11-20T18:47:13.678+0000] {logging_mixin.py:120} INFO - [2023-11-20T18:47:13.677+0000] {dag.py:2585} INFO - Sync 1 DAGs
[2023-11-20T18:47:13.766+0000] {logging_mixin.py:120} INFO - [2023-11-20T18:47:13.766+0000] {dag.py:3340} INFO - Setting next_dagrun for example_sla_dag to 2023-11-20T18:44:00+00:00, run_after=2023-11-20T18:46:00+00:00
[2023-11-20T18:47:13.839+0000] {processor.py:176} INFO - Processing /home/airflow/.local/lib/python3.7/site-packages/airflow/example_dags/example_sla_dag.py took 0.329 seconds
[2023-11-20T18:47:44.381+0000] {processor.py:154} INFO - Started process (PID=388) to work on /home/airflow/.local/lib/python3.7/site-packages/airflow/example_dags/example_sla_dag.py
[2023-11-20T18:47:44.382+0000] {processor.py:756} INFO - Processing file /home/airflow/.local/lib/python3.7/site-packages/airflow/example_dags/example_sla_dag.py for tasks to queue
[2023-11-20T18:47:44.393+0000] {logging_mixin.py:120} INFO - [2023-11-20T18:47:44.393+0000] {dagbag.py:537} INFO - Filling up the DagBag from /home/airflow/.local/lib/python3.7/site-packages/airflow/example_dags/example_sla_dag.py
[2023-11-20T18:47:44.431+0000] {processor.py:766} INFO - DAG(s) dict_keys(['example_sla_dag']) retrieved from /home/airflow/.local/lib/python3.7/site-packages/airflow/example_dags/example_sla_dag.py
[2023-11-20T18:47:44.483+0000] {logging_mixin.py:120} INFO - [2023-11-20T18:47:44.483+0000] {dag.py:2585} INFO - Sync 1 DAGs
[2023-11-20T18:47:44.522+0000] {logging_mixin.py:120} INFO - [2023-11-20T18:47:44.521+0000] {dag.py:3340} INFO - Setting next_dagrun for example_sla_dag to 2023-11-20T18:44:00+00:00, run_after=2023-11-20T18:46:00+00:00
[2023-11-20T18:47:44.546+0000] {processor.py:176} INFO - Processing /home/airflow/.local/lib/python3.7/site-packages/airflow/example_dags/example_sla_dag.py took 0.176 seconds
[2023-11-20T18:48:15.337+0000] {processor.py:154} INFO - Started process (PID=441) to work on /home/airflow/.local/lib/python3.7/site-packages/airflow/example_dags/example_sla_dag.py
[2023-11-20T18:48:15.350+0000] {processor.py:756} INFO - Processing file /home/airflow/.local/lib/python3.7/site-packages/airflow/example_dags/example_sla_dag.py for tasks to queue
[2023-11-20T18:48:15.351+0000] {logging_mixin.py:120} INFO - [2023-11-20T18:48:15.350+0000] {dagbag.py:537} INFO - Filling up the DagBag from /home/airflow/.local/lib/python3.7/site-packages/airflow/example_dags/example_sla_dag.py
[2023-11-20T18:48:15.441+0000] {processor.py:766} INFO - DAG(s) dict_keys(['example_sla_dag']) retrieved from /home/airflow/.local/lib/python3.7/site-packages/airflow/example_dags/example_sla_dag.py
[2023-11-20T18:48:15.534+0000] {logging_mixin.py:120} INFO - [2023-11-20T18:48:15.534+0000] {dag.py:2585} INFO - Sync 1 DAGs
[2023-11-20T18:48:15.710+0000] {logging_mixin.py:120} INFO - [2023-11-20T18:48:15.710+0000] {dag.py:3340} INFO - Setting next_dagrun for example_sla_dag to 2023-11-20T18:46:00+00:00, run_after=2023-11-20T18:48:00+00:00
[2023-11-20T18:48:15.825+0000] {processor.py:176} INFO - Processing /home/airflow/.local/lib/python3.7/site-packages/airflow/example_dags/example_sla_dag.py took 0.503 seconds
[2023-11-20T18:48:46.655+0000] {processor.py:154} INFO - Started process (PID=504) to work on /home/airflow/.local/lib/python3.7/site-packages/airflow/example_dags/example_sla_dag.py
[2023-11-20T18:48:46.656+0000] {processor.py:756} INFO - Processing file /home/airflow/.local/lib/python3.7/site-packages/airflow/example_dags/example_sla_dag.py for tasks to queue
[2023-11-20T18:48:46.657+0000] {logging_mixin.py:120} INFO - [2023-11-20T18:48:46.657+0000] {dagbag.py:537} INFO - Filling up the DagBag from /home/airflow/.local/lib/python3.7/site-packages/airflow/example_dags/example_sla_dag.py
[2023-11-20T18:48:46.684+0000] {processor.py:766} INFO - DAG(s) dict_keys(['example_sla_dag']) retrieved from /home/airflow/.local/lib/python3.7/site-packages/airflow/example_dags/example_sla_dag.py
[2023-11-20T18:48:46.738+0000] {logging_mixin.py:120} INFO - [2023-11-20T18:48:46.738+0000] {dag.py:2585} INFO - Sync 1 DAGs
[2023-11-20T18:48:46.776+0000] {logging_mixin.py:120} INFO - [2023-11-20T18:48:46.776+0000] {dag.py:3340} INFO - Setting next_dagrun for example_sla_dag to 2023-11-20T18:46:00+00:00, run_after=2023-11-20T18:48:00+00:00
[2023-11-20T18:48:46.807+0000] {processor.py:176} INFO - Processing /home/airflow/.local/lib/python3.7/site-packages/airflow/example_dags/example_sla_dag.py took 0.155 seconds
[2023-11-20T18:49:16.934+0000] {processor.py:154} INFO - Started process (PID=561) to work on /home/airflow/.local/lib/python3.7/site-packages/airflow/example_dags/example_sla_dag.py
[2023-11-20T18:49:16.935+0000] {processor.py:756} INFO - Processing file /home/airflow/.local/lib/python3.7/site-packages/airflow/example_dags/example_sla_dag.py for tasks to queue
[2023-11-20T18:49:16.935+0000] {logging_mixin.py:120} INFO - [2023-11-20T18:49:16.935+0000] {dagbag.py:537} INFO - Filling up the DagBag from /home/airflow/.local/lib/python3.7/site-packages/airflow/example_dags/example_sla_dag.py
[2023-11-20T18:49:16.962+0000] {processor.py:766} INFO - DAG(s) dict_keys(['example_sla_dag']) retrieved from /home/airflow/.local/lib/python3.7/site-packages/airflow/example_dags/example_sla_dag.py
[2023-11-20T18:49:17.002+0000] {logging_mixin.py:120} INFO - [2023-11-20T18:49:17.002+0000] {dag.py:2585} INFO - Sync 1 DAGs
[2023-11-20T18:49:17.050+0000] {logging_mixin.py:120} INFO - [2023-11-20T18:49:17.050+0000] {dag.py:3340} INFO - Setting next_dagrun for example_sla_dag to 2023-11-20T18:46:00+00:00, run_after=2023-11-20T18:48:00+00:00
[2023-11-20T18:49:17.112+0000] {processor.py:176} INFO - Processing /home/airflow/.local/lib/python3.7/site-packages/airflow/example_dags/example_sla_dag.py took 0.180 seconds
[2023-11-20T18:49:47.535+0000] {processor.py:154} INFO - Started process (PID=623) to work on /home/airflow/.local/lib/python3.7/site-packages/airflow/example_dags/example_sla_dag.py
[2023-11-20T18:49:47.538+0000] {processor.py:756} INFO - Processing file /home/airflow/.local/lib/python3.7/site-packages/airflow/example_dags/example_sla_dag.py for tasks to queue
[2023-11-20T18:49:47.544+0000] {logging_mixin.py:120} INFO - [2023-11-20T18:49:47.544+0000] {dagbag.py:537} INFO - Filling up the DagBag from /home/airflow/.local/lib/python3.7/site-packages/airflow/example_dags/example_sla_dag.py
[2023-11-20T18:49:47.603+0000] {processor.py:766} INFO - DAG(s) dict_keys(['example_sla_dag']) retrieved from /home/airflow/.local/lib/python3.7/site-packages/airflow/example_dags/example_sla_dag.py
[2023-11-20T18:49:47.711+0000] {logging_mixin.py:120} INFO - [2023-11-20T18:49:47.711+0000] {dag.py:2585} INFO - Sync 1 DAGs
[2023-11-20T18:49:47.819+0000] {logging_mixin.py:120} INFO - [2023-11-20T18:49:47.819+0000] {dag.py:3340} INFO - Setting next_dagrun for example_sla_dag to 2023-11-20T18:46:00+00:00, run_after=2023-11-20T18:48:00+00:00
[2023-11-20T18:49:47.871+0000] {processor.py:176} INFO - Processing /home/airflow/.local/lib/python3.7/site-packages/airflow/example_dags/example_sla_dag.py took 0.351 seconds
[2023-11-20T18:50:18.526+0000] {processor.py:154} INFO - Started process (PID=687) to work on /home/airflow/.local/lib/python3.7/site-packages/airflow/example_dags/example_sla_dag.py
[2023-11-20T18:50:18.527+0000] {processor.py:756} INFO - Processing file /home/airflow/.local/lib/python3.7/site-packages/airflow/example_dags/example_sla_dag.py for tasks to queue
[2023-11-20T18:50:18.528+0000] {logging_mixin.py:120} INFO - [2023-11-20T18:50:18.528+0000] {dagbag.py:537} INFO - Filling up the DagBag from /home/airflow/.local/lib/python3.7/site-packages/airflow/example_dags/example_sla_dag.py
[2023-11-20T18:50:18.558+0000] {processor.py:766} INFO - DAG(s) dict_keys(['example_sla_dag']) retrieved from /home/airflow/.local/lib/python3.7/site-packages/airflow/example_dags/example_sla_dag.py
[2023-11-20T18:50:18.630+0000] {logging_mixin.py:120} INFO - [2023-11-20T18:50:18.629+0000] {dag.py:2585} INFO - Sync 1 DAGs
[2023-11-20T18:50:18.669+0000] {logging_mixin.py:120} INFO - [2023-11-20T18:50:18.669+0000] {dag.py:3340} INFO - Setting next_dagrun for example_sla_dag to 2023-11-20T18:48:00+00:00, run_after=2023-11-20T18:50:00+00:00
[2023-11-20T18:50:18.699+0000] {processor.py:176} INFO - Processing /home/airflow/.local/lib/python3.7/site-packages/airflow/example_dags/example_sla_dag.py took 0.176 seconds
[2023-11-20T18:50:49.159+0000] {processor.py:154} INFO - Started process (PID=742) to work on /home/airflow/.local/lib/python3.7/site-packages/airflow/example_dags/example_sla_dag.py
[2023-11-20T18:50:49.160+0000] {processor.py:756} INFO - Processing file /home/airflow/.local/lib/python3.7/site-packages/airflow/example_dags/example_sla_dag.py for tasks to queue
[2023-11-20T18:50:49.183+0000] {logging_mixin.py:120} INFO - [2023-11-20T18:50:49.183+0000] {dagbag.py:537} INFO - Filling up the DagBag from /home/airflow/.local/lib/python3.7/site-packages/airflow/example_dags/example_sla_dag.py
[2023-11-20T18:50:49.479+0000] {processor.py:766} INFO - DAG(s) dict_keys(['example_sla_dag']) retrieved from /home/airflow/.local/lib/python3.7/site-packages/airflow/example_dags/example_sla_dag.py
[2023-11-20T18:50:49.748+0000] {logging_mixin.py:120} INFO - [2023-11-20T18:50:49.748+0000] {dag.py:2585} INFO - Sync 1 DAGs
[2023-11-20T18:50:49.998+0000] {logging_mixin.py:120} INFO - [2023-11-20T18:50:49.997+0000] {dag.py:3340} INFO - Setting next_dagrun for example_sla_dag to 2023-11-20T18:48:00+00:00, run_after=2023-11-20T18:50:00+00:00
[2023-11-20T18:50:50.126+0000] {processor.py:176} INFO - Processing /home/airflow/.local/lib/python3.7/site-packages/airflow/example_dags/example_sla_dag.py took 0.987 seconds
[2023-11-20T18:51:20.969+0000] {processor.py:154} INFO - Started process (PID=804) to work on /home/airflow/.local/lib/python3.7/site-packages/airflow/example_dags/example_sla_dag.py
[2023-11-20T18:51:20.970+0000] {processor.py:756} INFO - Processing file /home/airflow/.local/lib/python3.7/site-packages/airflow/example_dags/example_sla_dag.py for tasks to queue
[2023-11-20T18:51:20.971+0000] {logging_mixin.py:120} INFO - [2023-11-20T18:51:20.971+0000] {dagbag.py:537} INFO - Filling up the DagBag from /home/airflow/.local/lib/python3.7/site-packages/airflow/example_dags/example_sla_dag.py
[2023-11-20T18:51:20.997+0000] {processor.py:766} INFO - DAG(s) dict_keys(['example_sla_dag']) retrieved from /home/airflow/.local/lib/python3.7/site-packages/airflow/example_dags/example_sla_dag.py
[2023-11-20T18:51:21.042+0000] {logging_mixin.py:120} INFO - [2023-11-20T18:51:21.042+0000] {dag.py:2585} INFO - Sync 1 DAGs
[2023-11-20T18:51:21.081+0000] {logging_mixin.py:120} INFO - [2023-11-20T18:51:21.081+0000] {dag.py:3340} INFO - Setting next_dagrun for example_sla_dag to 2023-11-20T18:48:00+00:00, run_after=2023-11-20T18:50:00+00:00
[2023-11-20T18:51:21.110+0000] {processor.py:176} INFO - Processing /home/airflow/.local/lib/python3.7/site-packages/airflow/example_dags/example_sla_dag.py took 0.144 seconds
[2023-11-20T18:51:51.763+0000] {processor.py:154} INFO - Started process (PID=858) to work on /home/airflow/.local/lib/python3.7/site-packages/airflow/example_dags/example_sla_dag.py
[2023-11-20T18:51:51.764+0000] {processor.py:756} INFO - Processing file /home/airflow/.local/lib/python3.7/site-packages/airflow/example_dags/example_sla_dag.py for tasks to queue
[2023-11-20T18:51:51.764+0000] {logging_mixin.py:120} INFO - [2023-11-20T18:51:51.764+0000] {dagbag.py:537} INFO - Filling up the DagBag from /home/airflow/.local/lib/python3.7/site-packages/airflow/example_dags/example_sla_dag.py
[2023-11-20T18:51:51.832+0000] {processor.py:766} INFO - DAG(s) dict_keys(['example_sla_dag']) retrieved from /home/airflow/.local/lib/python3.7/site-packages/airflow/example_dags/example_sla_dag.py
[2023-11-20T18:51:52.065+0000] {logging_mixin.py:120} INFO - [2023-11-20T18:51:52.065+0000] {dag.py:2585} INFO - Sync 1 DAGs
[2023-11-20T18:51:52.193+0000] {logging_mixin.py:120} INFO - [2023-11-20T18:51:52.193+0000] {dag.py:3340} INFO - Setting next_dagrun for example_sla_dag to 2023-11-20T18:48:00+00:00, run_after=2023-11-20T18:50:00+00:00
[2023-11-20T18:51:52.264+0000] {processor.py:176} INFO - Processing /home/airflow/.local/lib/python3.7/site-packages/airflow/example_dags/example_sla_dag.py took 0.509 seconds
[2023-11-20T18:52:22.909+0000] {processor.py:154} INFO - Started process (PID=920) to work on /home/airflow/.local/lib/python3.7/site-packages/airflow/example_dags/example_sla_dag.py
[2023-11-20T18:52:22.910+0000] {processor.py:756} INFO - Processing file /home/airflow/.local/lib/python3.7/site-packages/airflow/example_dags/example_sla_dag.py for tasks to queue
[2023-11-20T18:52:22.911+0000] {logging_mixin.py:120} INFO - [2023-11-20T18:52:22.910+0000] {dagbag.py:537} INFO - Filling up the DagBag from /home/airflow/.local/lib/python3.7/site-packages/airflow/example_dags/example_sla_dag.py
[2023-11-20T18:52:22.938+0000] {processor.py:766} INFO - DAG(s) dict_keys(['example_sla_dag']) retrieved from /home/airflow/.local/lib/python3.7/site-packages/airflow/example_dags/example_sla_dag.py
[2023-11-20T18:52:23.019+0000] {logging_mixin.py:120} INFO - [2023-11-20T18:52:23.019+0000] {dag.py:2585} INFO - Sync 1 DAGs
[2023-11-20T18:52:23.064+0000] {logging_mixin.py:120} INFO - [2023-11-20T18:52:23.063+0000] {dag.py:3340} INFO - Setting next_dagrun for example_sla_dag to 2023-11-20T18:50:00+00:00, run_after=2023-11-20T18:52:00+00:00
[2023-11-20T18:52:23.095+0000] {processor.py:176} INFO - Processing /home/airflow/.local/lib/python3.7/site-packages/airflow/example_dags/example_sla_dag.py took 0.190 seconds
[2023-11-20T18:52:53.658+0000] {processor.py:154} INFO - Started process (PID=973) to work on /home/airflow/.local/lib/python3.7/site-packages/airflow/example_dags/example_sla_dag.py
[2023-11-20T18:52:53.659+0000] {processor.py:756} INFO - Processing file /home/airflow/.local/lib/python3.7/site-packages/airflow/example_dags/example_sla_dag.py for tasks to queue
[2023-11-20T18:52:53.659+0000] {logging_mixin.py:120} INFO - [2023-11-20T18:52:53.659+0000] {dagbag.py:537} INFO - Filling up the DagBag from /home/airflow/.local/lib/python3.7/site-packages/airflow/example_dags/example_sla_dag.py
[2023-11-20T18:52:53.731+0000] {processor.py:766} INFO - DAG(s) dict_keys(['example_sla_dag']) retrieved from /home/airflow/.local/lib/python3.7/site-packages/airflow/example_dags/example_sla_dag.py
[2023-11-20T18:52:53.865+0000] {logging_mixin.py:120} INFO - [2023-11-20T18:52:53.865+0000] {dag.py:2585} INFO - Sync 1 DAGs
[2023-11-20T18:52:53.938+0000] {logging_mixin.py:120} INFO - [2023-11-20T18:52:53.938+0000] {dag.py:3340} INFO - Setting next_dagrun for example_sla_dag to 2023-11-20T18:50:00+00:00, run_after=2023-11-20T18:52:00+00:00
[2023-11-20T18:52:53.991+0000] {processor.py:176} INFO - Processing /home/airflow/.local/lib/python3.7/site-packages/airflow/example_dags/example_sla_dag.py took 0.337 seconds
[2023-11-20T18:53:24.518+0000] {processor.py:154} INFO - Started process (PID=1035) to work on /home/airflow/.local/lib/python3.7/site-packages/airflow/example_dags/example_sla_dag.py
[2023-11-20T18:53:24.519+0000] {processor.py:756} INFO - Processing file /home/airflow/.local/lib/python3.7/site-packages/airflow/example_dags/example_sla_dag.py for tasks to queue
[2023-11-20T18:53:24.520+0000] {logging_mixin.py:120} INFO - [2023-11-20T18:53:24.520+0000] {dagbag.py:537} INFO - Filling up the DagBag from /home/airflow/.local/lib/python3.7/site-packages/airflow/example_dags/example_sla_dag.py
[2023-11-20T18:53:24.547+0000] {processor.py:766} INFO - DAG(s) dict_keys(['example_sla_dag']) retrieved from /home/airflow/.local/lib/python3.7/site-packages/airflow/example_dags/example_sla_dag.py
[2023-11-20T18:53:24.655+0000] {logging_mixin.py:120} INFO - [2023-11-20T18:53:24.655+0000] {dag.py:2585} INFO - Sync 1 DAGs
[2023-11-20T18:53:24.738+0000] {logging_mixin.py:120} INFO - [2023-11-20T18:53:24.738+0000] {dag.py:3340} INFO - Setting next_dagrun for example_sla_dag to 2023-11-20T18:50:00+00:00, run_after=2023-11-20T18:52:00+00:00
[2023-11-20T18:53:24.762+0000] {processor.py:176} INFO - Processing /home/airflow/.local/lib/python3.7/site-packages/airflow/example_dags/example_sla_dag.py took 0.246 seconds
[2023-11-20T18:53:55.014+0000] {processor.py:154} INFO - Started process (PID=1098) to work on /home/airflow/.local/lib/python3.7/site-packages/airflow/example_dags/example_sla_dag.py
[2023-11-20T18:53:55.015+0000] {processor.py:756} INFO - Processing file /home/airflow/.local/lib/python3.7/site-packages/airflow/example_dags/example_sla_dag.py for tasks to queue
[2023-11-20T18:53:55.018+0000] {logging_mixin.py:120} INFO - [2023-11-20T18:53:55.018+0000] {dagbag.py:537} INFO - Filling up the DagBag from /home/airflow/.local/lib/python3.7/site-packages/airflow/example_dags/example_sla_dag.py
[2023-11-20T18:53:55.048+0000] {processor.py:766} INFO - DAG(s) dict_keys(['example_sla_dag']) retrieved from /home/airflow/.local/lib/python3.7/site-packages/airflow/example_dags/example_sla_dag.py
[2023-11-20T18:53:55.112+0000] {logging_mixin.py:120} INFO - [2023-11-20T18:53:55.112+0000] {dag.py:2585} INFO - Sync 1 DAGs
[2023-11-20T18:53:55.195+0000] {logging_mixin.py:120} INFO - [2023-11-20T18:53:55.194+0000] {dag.py:3340} INFO - Setting next_dagrun for example_sla_dag to 2023-11-20T18:50:00+00:00, run_after=2023-11-20T18:52:00+00:00
[2023-11-20T18:53:55.234+0000] {processor.py:176} INFO - Processing /home/airflow/.local/lib/python3.7/site-packages/airflow/example_dags/example_sla_dag.py took 0.230 seconds
[2023-11-20T18:54:25.719+0000] {processor.py:154} INFO - Started process (PID=1152) to work on /home/airflow/.local/lib/python3.7/site-packages/airflow/example_dags/example_sla_dag.py
[2023-11-20T18:54:25.720+0000] {processor.py:756} INFO - Processing file /home/airflow/.local/lib/python3.7/site-packages/airflow/example_dags/example_sla_dag.py for tasks to queue
[2023-11-20T18:54:25.721+0000] {logging_mixin.py:120} INFO - [2023-11-20T18:54:25.721+0000] {dagbag.py:537} INFO - Filling up the DagBag from /home/airflow/.local/lib/python3.7/site-packages/airflow/example_dags/example_sla_dag.py
[2023-11-20T18:54:25.747+0000] {processor.py:766} INFO - DAG(s) dict_keys(['example_sla_dag']) retrieved from /home/airflow/.local/lib/python3.7/site-packages/airflow/example_dags/example_sla_dag.py
[2023-11-20T18:54:25.808+0000] {logging_mixin.py:120} INFO - [2023-11-20T18:54:25.808+0000] {dag.py:2585} INFO - Sync 1 DAGs
[2023-11-20T18:54:25.878+0000] {logging_mixin.py:120} INFO - [2023-11-20T18:54:25.877+0000] {dag.py:3340} INFO - Setting next_dagrun for example_sla_dag to 2023-11-20T18:52:00+00:00, run_after=2023-11-20T18:54:00+00:00
[2023-11-20T18:54:25.906+0000] {processor.py:176} INFO - Processing /home/airflow/.local/lib/python3.7/site-packages/airflow/example_dags/example_sla_dag.py took 0.191 seconds
[2023-11-20T18:54:56.069+0000] {processor.py:154} INFO - Started process (PID=1214) to work on /home/airflow/.local/lib/python3.7/site-packages/airflow/example_dags/example_sla_dag.py
[2023-11-20T18:54:56.070+0000] {processor.py:756} INFO - Processing file /home/airflow/.local/lib/python3.7/site-packages/airflow/example_dags/example_sla_dag.py for tasks to queue
[2023-11-20T18:54:56.070+0000] {logging_mixin.py:120} INFO - [2023-11-20T18:54:56.070+0000] {dagbag.py:537} INFO - Filling up the DagBag from /home/airflow/.local/lib/python3.7/site-packages/airflow/example_dags/example_sla_dag.py
[2023-11-20T18:54:56.132+0000] {processor.py:766} INFO - DAG(s) dict_keys(['example_sla_dag']) retrieved from /home/airflow/.local/lib/python3.7/site-packages/airflow/example_dags/example_sla_dag.py
[2023-11-20T18:54:56.287+0000] {logging_mixin.py:120} INFO - [2023-11-20T18:54:56.286+0000] {dag.py:2585} INFO - Sync 1 DAGs
[2023-11-20T18:54:56.427+0000] {logging_mixin.py:120} INFO - [2023-11-20T18:54:56.427+0000] {dag.py:3340} INFO - Setting next_dagrun for example_sla_dag to 2023-11-20T18:52:00+00:00, run_after=2023-11-20T18:54:00+00:00
[2023-11-20T18:54:56.492+0000] {processor.py:176} INFO - Processing /home/airflow/.local/lib/python3.7/site-packages/airflow/example_dags/example_sla_dag.py took 0.434 seconds
[2023-11-20T18:55:26.930+0000] {processor.py:154} INFO - Started process (PID=1269) to work on /home/airflow/.local/lib/python3.7/site-packages/airflow/example_dags/example_sla_dag.py
[2023-11-20T18:55:26.931+0000] {processor.py:756} INFO - Processing file /home/airflow/.local/lib/python3.7/site-packages/airflow/example_dags/example_sla_dag.py for tasks to queue
[2023-11-20T18:55:26.931+0000] {logging_mixin.py:120} INFO - [2023-11-20T18:55:26.931+0000] {dagbag.py:537} INFO - Filling up the DagBag from /home/airflow/.local/lib/python3.7/site-packages/airflow/example_dags/example_sla_dag.py
[2023-11-20T18:55:26.959+0000] {processor.py:766} INFO - DAG(s) dict_keys(['example_sla_dag']) retrieved from /home/airflow/.local/lib/python3.7/site-packages/airflow/example_dags/example_sla_dag.py
[2023-11-20T18:55:27.026+0000] {logging_mixin.py:120} INFO - [2023-11-20T18:55:27.025+0000] {dag.py:2585} INFO - Sync 1 DAGs
[2023-11-20T18:55:27.083+0000] {logging_mixin.py:120} INFO - [2023-11-20T18:55:27.083+0000] {dag.py:3340} INFO - Setting next_dagrun for example_sla_dag to 2023-11-20T18:52:00+00:00, run_after=2023-11-20T18:54:00+00:00
[2023-11-20T18:55:27.107+0000] {processor.py:176} INFO - Processing /home/airflow/.local/lib/python3.7/site-packages/airflow/example_dags/example_sla_dag.py took 0.180 seconds
[2023-11-20T18:55:57.556+0000] {processor.py:154} INFO - Started process (PID=1323) to work on /home/airflow/.local/lib/python3.7/site-packages/airflow/example_dags/example_sla_dag.py
[2023-11-20T18:55:57.556+0000] {processor.py:756} INFO - Processing file /home/airflow/.local/lib/python3.7/site-packages/airflow/example_dags/example_sla_dag.py for tasks to queue
[2023-11-20T18:55:57.557+0000] {logging_mixin.py:120} INFO - [2023-11-20T18:55:57.557+0000] {dagbag.py:537} INFO - Filling up the DagBag from /home/airflow/.local/lib/python3.7/site-packages/airflow/example_dags/example_sla_dag.py
[2023-11-20T18:55:57.589+0000] {processor.py:766} INFO - DAG(s) dict_keys(['example_sla_dag']) retrieved from /home/airflow/.local/lib/python3.7/site-packages/airflow/example_dags/example_sla_dag.py
[2023-11-20T18:55:57.664+0000] {logging_mixin.py:120} INFO - [2023-11-20T18:55:57.664+0000] {dag.py:2585} INFO - Sync 1 DAGs
[2023-11-20T18:55:57.712+0000] {logging_mixin.py:120} INFO - [2023-11-20T18:55:57.712+0000] {dag.py:3340} INFO - Setting next_dagrun for example_sla_dag to 2023-11-20T18:52:00+00:00, run_after=2023-11-20T18:54:00+00:00
[2023-11-20T18:55:57.743+0000] {processor.py:176} INFO - Processing /home/airflow/.local/lib/python3.7/site-packages/airflow/example_dags/example_sla_dag.py took 0.190 seconds
[2023-11-20T18:56:27.791+0000] {processor.py:154} INFO - Started process (PID=1386) to work on /home/airflow/.local/lib/python3.7/site-packages/airflow/example_dags/example_sla_dag.py
[2023-11-20T18:56:27.792+0000] {processor.py:756} INFO - Processing file /home/airflow/.local/lib/python3.7/site-packages/airflow/example_dags/example_sla_dag.py for tasks to queue
[2023-11-20T18:56:27.793+0000] {logging_mixin.py:120} INFO - [2023-11-20T18:56:27.793+0000] {dagbag.py:537} INFO - Filling up the DagBag from /home/airflow/.local/lib/python3.7/site-packages/airflow/example_dags/example_sla_dag.py
[2023-11-20T18:56:27.822+0000] {processor.py:766} INFO - DAG(s) dict_keys(['example_sla_dag']) retrieved from /home/airflow/.local/lib/python3.7/site-packages/airflow/example_dags/example_sla_dag.py
[2023-11-20T18:56:27.884+0000] {logging_mixin.py:120} INFO - [2023-11-20T18:56:27.884+0000] {dag.py:2585} INFO - Sync 1 DAGs
[2023-11-20T18:56:27.932+0000] {logging_mixin.py:120} INFO - [2023-11-20T18:56:27.931+0000] {dag.py:3340} INFO - Setting next_dagrun for example_sla_dag to 2023-11-20T18:54:00+00:00, run_after=2023-11-20T18:56:00+00:00
[2023-11-20T18:56:27.965+0000] {processor.py:176} INFO - Processing /home/airflow/.local/lib/python3.7/site-packages/airflow/example_dags/example_sla_dag.py took 0.177 seconds
[2023-11-20T18:56:58.681+0000] {processor.py:154} INFO - Started process (PID=1439) to work on /home/airflow/.local/lib/python3.7/site-packages/airflow/example_dags/example_sla_dag.py
[2023-11-20T18:56:58.692+0000] {processor.py:756} INFO - Processing file /home/airflow/.local/lib/python3.7/site-packages/airflow/example_dags/example_sla_dag.py for tasks to queue
[2023-11-20T18:56:58.693+0000] {logging_mixin.py:120} INFO - [2023-11-20T18:56:58.693+0000] {dagbag.py:537} INFO - Filling up the DagBag from /home/airflow/.local/lib/python3.7/site-packages/airflow/example_dags/example_sla_dag.py
[2023-11-20T18:56:58.770+0000] {processor.py:766} INFO - DAG(s) dict_keys(['example_sla_dag']) retrieved from /home/airflow/.local/lib/python3.7/site-packages/airflow/example_dags/example_sla_dag.py
[2023-11-20T18:56:58.857+0000] {logging_mixin.py:120} INFO - [2023-11-20T18:56:58.857+0000] {dag.py:2585} INFO - Sync 1 DAGs
[2023-11-20T18:56:58.933+0000] {logging_mixin.py:120} INFO - [2023-11-20T18:56:58.933+0000] {dag.py:3340} INFO - Setting next_dagrun for example_sla_dag to 2023-11-20T18:54:00+00:00, run_after=2023-11-20T18:56:00+00:00
[2023-11-20T18:56:58.979+0000] {processor.py:176} INFO - Processing /home/airflow/.local/lib/python3.7/site-packages/airflow/example_dags/example_sla_dag.py took 0.301 seconds
[2023-11-20T18:57:29.104+0000] {processor.py:154} INFO - Started process (PID=1502) to work on /home/airflow/.local/lib/python3.7/site-packages/airflow/example_dags/example_sla_dag.py
[2023-11-20T18:57:29.107+0000] {processor.py:756} INFO - Processing file /home/airflow/.local/lib/python3.7/site-packages/airflow/example_dags/example_sla_dag.py for tasks to queue
[2023-11-20T18:57:29.109+0000] {logging_mixin.py:120} INFO - [2023-11-20T18:57:29.109+0000] {dagbag.py:537} INFO - Filling up the DagBag from /home/airflow/.local/lib/python3.7/site-packages/airflow/example_dags/example_sla_dag.py
[2023-11-20T18:57:29.219+0000] {processor.py:766} INFO - DAG(s) dict_keys(['example_sla_dag']) retrieved from /home/airflow/.local/lib/python3.7/site-packages/airflow/example_dags/example_sla_dag.py
[2023-11-20T18:57:29.318+0000] {logging_mixin.py:120} INFO - [2023-11-20T18:57:29.318+0000] {dag.py:2585} INFO - Sync 1 DAGs
[2023-11-20T18:57:29.358+0000] {logging_mixin.py:120} INFO - [2023-11-20T18:57:29.358+0000] {dag.py:3340} INFO - Setting next_dagrun for example_sla_dag to 2023-11-20T18:54:00+00:00, run_after=2023-11-20T18:56:00+00:00
[2023-11-20T18:57:29.384+0000] {processor.py:176} INFO - Processing /home/airflow/.local/lib/python3.7/site-packages/airflow/example_dags/example_sla_dag.py took 0.286 seconds
[2023-11-20T18:58:00.226+0000] {processor.py:154} INFO - Started process (PID=1565) to work on /home/airflow/.local/lib/python3.7/site-packages/airflow/example_dags/example_sla_dag.py
[2023-11-20T18:58:00.227+0000] {processor.py:756} INFO - Processing file /home/airflow/.local/lib/python3.7/site-packages/airflow/example_dags/example_sla_dag.py for tasks to queue
[2023-11-20T18:58:00.228+0000] {logging_mixin.py:120} INFO - [2023-11-20T18:58:00.228+0000] {dagbag.py:537} INFO - Filling up the DagBag from /home/airflow/.local/lib/python3.7/site-packages/airflow/example_dags/example_sla_dag.py
[2023-11-20T18:58:00.255+0000] {processor.py:766} INFO - DAG(s) dict_keys(['example_sla_dag']) retrieved from /home/airflow/.local/lib/python3.7/site-packages/airflow/example_dags/example_sla_dag.py
[2023-11-20T18:58:00.323+0000] {logging_mixin.py:120} INFO - [2023-11-20T18:58:00.323+0000] {dag.py:2585} INFO - Sync 1 DAGs
[2023-11-20T18:58:00.365+0000] {logging_mixin.py:120} INFO - [2023-11-20T18:58:00.364+0000] {dag.py:3340} INFO - Setting next_dagrun for example_sla_dag to 2023-11-20T18:56:00+00:00, run_after=2023-11-20T18:58:00+00:00
[2023-11-20T18:58:00.395+0000] {processor.py:176} INFO - Processing /home/airflow/.local/lib/python3.7/site-packages/airflow/example_dags/example_sla_dag.py took 0.172 seconds
[2023-11-20T18:58:30.951+0000] {processor.py:154} INFO - Started process (PID=1618) to work on /home/airflow/.local/lib/python3.7/site-packages/airflow/example_dags/example_sla_dag.py
[2023-11-20T18:58:30.952+0000] {processor.py:756} INFO - Processing file /home/airflow/.local/lib/python3.7/site-packages/airflow/example_dags/example_sla_dag.py for tasks to queue
[2023-11-20T18:58:30.953+0000] {logging_mixin.py:120} INFO - [2023-11-20T18:58:30.953+0000] {dagbag.py:537} INFO - Filling up the DagBag from /home/airflow/.local/lib/python3.7/site-packages/airflow/example_dags/example_sla_dag.py
[2023-11-20T18:58:30.980+0000] {processor.py:766} INFO - DAG(s) dict_keys(['example_sla_dag']) retrieved from /home/airflow/.local/lib/python3.7/site-packages/airflow/example_dags/example_sla_dag.py
[2023-11-20T18:58:31.031+0000] {logging_mixin.py:120} INFO - [2023-11-20T18:58:31.031+0000] {dag.py:2585} INFO - Sync 1 DAGs
[2023-11-20T18:58:31.071+0000] {logging_mixin.py:120} INFO - [2023-11-20T18:58:31.070+0000] {dag.py:3340} INFO - Setting next_dagrun for example_sla_dag to 2023-11-20T18:56:00+00:00, run_after=2023-11-20T18:58:00+00:00
[2023-11-20T18:58:31.108+0000] {processor.py:176} INFO - Processing /home/airflow/.local/lib/python3.7/site-packages/airflow/example_dags/example_sla_dag.py took 0.160 seconds
[2023-11-20T18:59:01.471+0000] {processor.py:154} INFO - Started process (PID=1681) to work on /home/airflow/.local/lib/python3.7/site-packages/airflow/example_dags/example_sla_dag.py
[2023-11-20T18:59:01.472+0000] {processor.py:756} INFO - Processing file /home/airflow/.local/lib/python3.7/site-packages/airflow/example_dags/example_sla_dag.py for tasks to queue
[2023-11-20T18:59:01.473+0000] {logging_mixin.py:120} INFO - [2023-11-20T18:59:01.472+0000] {dagbag.py:537} INFO - Filling up the DagBag from /home/airflow/.local/lib/python3.7/site-packages/airflow/example_dags/example_sla_dag.py
[2023-11-20T18:59:01.506+0000] {processor.py:766} INFO - DAG(s) dict_keys(['example_sla_dag']) retrieved from /home/airflow/.local/lib/python3.7/site-packages/airflow/example_dags/example_sla_dag.py
[2023-11-20T18:59:01.552+0000] {logging_mixin.py:120} INFO - [2023-11-20T18:59:01.551+0000] {dag.py:2585} INFO - Sync 1 DAGs
[2023-11-20T18:59:01.589+0000] {logging_mixin.py:120} INFO - [2023-11-20T18:59:01.589+0000] {dag.py:3340} INFO - Setting next_dagrun for example_sla_dag to 2023-11-20T18:56:00+00:00, run_after=2023-11-20T18:58:00+00:00
[2023-11-20T18:59:01.637+0000] {processor.py:176} INFO - Processing /home/airflow/.local/lib/python3.7/site-packages/airflow/example_dags/example_sla_dag.py took 0.169 seconds
[2023-11-20T18:59:32.002+0000] {processor.py:154} INFO - Started process (PID=1736) to work on /home/airflow/.local/lib/python3.7/site-packages/airflow/example_dags/example_sla_dag.py
[2023-11-20T18:59:32.015+0000] {processor.py:756} INFO - Processing file /home/airflow/.local/lib/python3.7/site-packages/airflow/example_dags/example_sla_dag.py for tasks to queue
[2023-11-20T18:59:32.016+0000] {logging_mixin.py:120} INFO - [2023-11-20T18:59:32.016+0000] {dagbag.py:537} INFO - Filling up the DagBag from /home/airflow/.local/lib/python3.7/site-packages/airflow/example_dags/example_sla_dag.py
[2023-11-20T18:59:32.141+0000] {processor.py:766} INFO - DAG(s) dict_keys(['example_sla_dag']) retrieved from /home/airflow/.local/lib/python3.7/site-packages/airflow/example_dags/example_sla_dag.py
[2023-11-20T18:59:32.290+0000] {logging_mixin.py:120} INFO - [2023-11-20T18:59:32.286+0000] {dag.py:2585} INFO - Sync 1 DAGs
[2023-11-20T18:59:32.509+0000] {logging_mixin.py:120} INFO - [2023-11-20T18:59:32.508+0000] {dag.py:3340} INFO - Setting next_dagrun for example_sla_dag to 2023-11-20T18:56:00+00:00, run_after=2023-11-20T18:58:00+00:00
[2023-11-20T18:59:32.583+0000] {processor.py:176} INFO - Processing /home/airflow/.local/lib/python3.7/site-packages/airflow/example_dags/example_sla_dag.py took 0.584 seconds
[2023-11-20T19:00:02.912+0000] {processor.py:154} INFO - Started process (PID=1799) to work on /home/airflow/.local/lib/python3.7/site-packages/airflow/example_dags/example_sla_dag.py
[2023-11-20T19:00:02.918+0000] {processor.py:756} INFO - Processing file /home/airflow/.local/lib/python3.7/site-packages/airflow/example_dags/example_sla_dag.py for tasks to queue
[2023-11-20T19:00:02.919+0000] {logging_mixin.py:120} INFO - [2023-11-20T19:00:02.919+0000] {dagbag.py:537} INFO - Filling up the DagBag from /home/airflow/.local/lib/python3.7/site-packages/airflow/example_dags/example_sla_dag.py
[2023-11-20T19:00:02.958+0000] {processor.py:766} INFO - DAG(s) dict_keys(['example_sla_dag']) retrieved from /home/airflow/.local/lib/python3.7/site-packages/airflow/example_dags/example_sla_dag.py
[2023-11-20T19:00:03.037+0000] {logging_mixin.py:120} INFO - [2023-11-20T19:00:03.037+0000] {dag.py:2585} INFO - Sync 1 DAGs
[2023-11-20T19:00:03.103+0000] {logging_mixin.py:120} INFO - [2023-11-20T19:00:03.103+0000] {dag.py:3340} INFO - Setting next_dagrun for example_sla_dag to 2023-11-20T18:58:00+00:00, run_after=2023-11-20T19:00:00+00:00
[2023-11-20T19:00:03.152+0000] {processor.py:176} INFO - Processing /home/airflow/.local/lib/python3.7/site-packages/airflow/example_dags/example_sla_dag.py took 0.243 seconds
[2023-11-20T19:00:33.652+0000] {processor.py:154} INFO - Started process (PID=1862) to work on /home/airflow/.local/lib/python3.7/site-packages/airflow/example_dags/example_sla_dag.py
[2023-11-20T19:00:33.653+0000] {processor.py:756} INFO - Processing file /home/airflow/.local/lib/python3.7/site-packages/airflow/example_dags/example_sla_dag.py for tasks to queue
[2023-11-20T19:00:33.653+0000] {logging_mixin.py:120} INFO - [2023-11-20T19:00:33.653+0000] {dagbag.py:537} INFO - Filling up the DagBag from /home/airflow/.local/lib/python3.7/site-packages/airflow/example_dags/example_sla_dag.py
[2023-11-20T19:00:33.681+0000] {processor.py:766} INFO - DAG(s) dict_keys(['example_sla_dag']) retrieved from /home/airflow/.local/lib/python3.7/site-packages/airflow/example_dags/example_sla_dag.py
[2023-11-20T19:00:33.730+0000] {logging_mixin.py:120} INFO - [2023-11-20T19:00:33.729+0000] {dag.py:2585} INFO - Sync 1 DAGs
[2023-11-20T19:00:33.786+0000] {logging_mixin.py:120} INFO - [2023-11-20T19:00:33.786+0000] {dag.py:3340} INFO - Setting next_dagrun for example_sla_dag to 2023-11-20T18:58:00+00:00, run_after=2023-11-20T19:00:00+00:00
[2023-11-20T19:00:33.813+0000] {processor.py:176} INFO - Processing /home/airflow/.local/lib/python3.7/site-packages/airflow/example_dags/example_sla_dag.py took 0.164 seconds
[2023-11-20T19:01:04.041+0000] {processor.py:154} INFO - Started process (PID=1919) to work on /home/airflow/.local/lib/python3.7/site-packages/airflow/example_dags/example_sla_dag.py
[2023-11-20T19:01:04.047+0000] {processor.py:756} INFO - Processing file /home/airflow/.local/lib/python3.7/site-packages/airflow/example_dags/example_sla_dag.py for tasks to queue
[2023-11-20T19:01:04.048+0000] {logging_mixin.py:120} INFO - [2023-11-20T19:01:04.048+0000] {dagbag.py:537} INFO - Filling up the DagBag from /home/airflow/.local/lib/python3.7/site-packages/airflow/example_dags/example_sla_dag.py
[2023-11-20T19:01:04.089+0000] {processor.py:766} INFO - DAG(s) dict_keys(['example_sla_dag']) retrieved from /home/airflow/.local/lib/python3.7/site-packages/airflow/example_dags/example_sla_dag.py
[2023-11-20T19:01:04.141+0000] {logging_mixin.py:120} INFO - [2023-11-20T19:01:04.141+0000] {dag.py:2585} INFO - Sync 1 DAGs
[2023-11-20T19:01:04.179+0000] {logging_mixin.py:120} INFO - [2023-11-20T19:01:04.179+0000] {dag.py:3340} INFO - Setting next_dagrun for example_sla_dag to 2023-11-20T18:58:00+00:00, run_after=2023-11-20T19:00:00+00:00
[2023-11-20T19:01:04.204+0000] {processor.py:176} INFO - Processing /home/airflow/.local/lib/python3.7/site-packages/airflow/example_dags/example_sla_dag.py took 0.166 seconds
[2023-11-20T19:01:34.288+0000] {processor.py:154} INFO - Started process (PID=1984) to work on /home/airflow/.local/lib/python3.7/site-packages/airflow/example_dags/example_sla_dag.py
[2023-11-20T19:01:34.289+0000] {processor.py:756} INFO - Processing file /home/airflow/.local/lib/python3.7/site-packages/airflow/example_dags/example_sla_dag.py for tasks to queue
[2023-11-20T19:01:34.290+0000] {logging_mixin.py:120} INFO - [2023-11-20T19:01:34.290+0000] {dagbag.py:537} INFO - Filling up the DagBag from /home/airflow/.local/lib/python3.7/site-packages/airflow/example_dags/example_sla_dag.py
[2023-11-20T19:01:34.309+0000] {processor.py:766} INFO - DAG(s) dict_keys(['example_sla_dag']) retrieved from /home/airflow/.local/lib/python3.7/site-packages/airflow/example_dags/example_sla_dag.py
[2023-11-20T19:01:34.351+0000] {logging_mixin.py:120} INFO - [2023-11-20T19:01:34.350+0000] {dag.py:2585} INFO - Sync 1 DAGs
[2023-11-20T19:01:34.374+0000] {logging_mixin.py:120} INFO - [2023-11-20T19:01:34.374+0000] {dag.py:3340} INFO - Setting next_dagrun for example_sla_dag to 2023-11-20T18:58:00+00:00, run_after=2023-11-20T19:00:00+00:00
[2023-11-20T19:01:34.403+0000] {processor.py:176} INFO - Processing /home/airflow/.local/lib/python3.7/site-packages/airflow/example_dags/example_sla_dag.py took 0.117 seconds
[2023-11-20T19:02:04.508+0000] {processor.py:154} INFO - Started process (PID=2047) to work on /home/airflow/.local/lib/python3.7/site-packages/airflow/example_dags/example_sla_dag.py
[2023-11-20T19:02:04.510+0000] {processor.py:756} INFO - Processing file /home/airflow/.local/lib/python3.7/site-packages/airflow/example_dags/example_sla_dag.py for tasks to queue
[2023-11-20T19:02:04.512+0000] {logging_mixin.py:120} INFO - [2023-11-20T19:02:04.511+0000] {dagbag.py:537} INFO - Filling up the DagBag from /home/airflow/.local/lib/python3.7/site-packages/airflow/example_dags/example_sla_dag.py
[2023-11-20T19:02:04.538+0000] {processor.py:766} INFO - DAG(s) dict_keys(['example_sla_dag']) retrieved from /home/airflow/.local/lib/python3.7/site-packages/airflow/example_dags/example_sla_dag.py
[2023-11-20T19:02:04.581+0000] {logging_mixin.py:120} INFO - [2023-11-20T19:02:04.581+0000] {dag.py:2585} INFO - Sync 1 DAGs
[2023-11-20T19:02:04.621+0000] {logging_mixin.py:120} INFO - [2023-11-20T19:02:04.621+0000] {dag.py:3340} INFO - Setting next_dagrun for example_sla_dag to 2023-11-20T19:00:00+00:00, run_after=2023-11-20T19:02:00+00:00
[2023-11-20T19:02:04.647+0000] {processor.py:176} INFO - Processing /home/airflow/.local/lib/python3.7/site-packages/airflow/example_dags/example_sla_dag.py took 0.142 seconds
[2023-11-20T19:02:34.799+0000] {processor.py:154} INFO - Started process (PID=2102) to work on /home/airflow/.local/lib/python3.7/site-packages/airflow/example_dags/example_sla_dag.py
[2023-11-20T19:02:34.800+0000] {processor.py:756} INFO - Processing file /home/airflow/.local/lib/python3.7/site-packages/airflow/example_dags/example_sla_dag.py for tasks to queue
[2023-11-20T19:02:34.801+0000] {logging_mixin.py:120} INFO - [2023-11-20T19:02:34.801+0000] {dagbag.py:537} INFO - Filling up the DagBag from /home/airflow/.local/lib/python3.7/site-packages/airflow/example_dags/example_sla_dag.py
[2023-11-20T19:02:34.858+0000] {processor.py:766} INFO - DAG(s) dict_keys(['example_sla_dag']) retrieved from /home/airflow/.local/lib/python3.7/site-packages/airflow/example_dags/example_sla_dag.py
[2023-11-20T19:02:34.911+0000] {logging_mixin.py:120} INFO - [2023-11-20T19:02:34.911+0000] {dag.py:2585} INFO - Sync 1 DAGs
[2023-11-20T19:02:34.947+0000] {logging_mixin.py:120} INFO - [2023-11-20T19:02:34.947+0000] {dag.py:3340} INFO - Setting next_dagrun for example_sla_dag to 2023-11-20T19:00:00+00:00, run_after=2023-11-20T19:02:00+00:00
[2023-11-20T19:02:34.972+0000] {processor.py:176} INFO - Processing /home/airflow/.local/lib/python3.7/site-packages/airflow/example_dags/example_sla_dag.py took 0.176 seconds
[2023-11-20T19:03:05.008+0000] {processor.py:154} INFO - Started process (PID=2166) to work on /home/airflow/.local/lib/python3.7/site-packages/airflow/example_dags/example_sla_dag.py
[2023-11-20T19:03:05.009+0000] {processor.py:756} INFO - Processing file /home/airflow/.local/lib/python3.7/site-packages/airflow/example_dags/example_sla_dag.py for tasks to queue
[2023-11-20T19:03:05.009+0000] {logging_mixin.py:120} INFO - [2023-11-20T19:03:05.009+0000] {dagbag.py:537} INFO - Filling up the DagBag from /home/airflow/.local/lib/python3.7/site-packages/airflow/example_dags/example_sla_dag.py
[2023-11-20T19:03:05.048+0000] {processor.py:766} INFO - DAG(s) dict_keys(['example_sla_dag']) retrieved from /home/airflow/.local/lib/python3.7/site-packages/airflow/example_dags/example_sla_dag.py
[2023-11-20T19:03:05.095+0000] {logging_mixin.py:120} INFO - [2023-11-20T19:03:05.095+0000] {dag.py:2585} INFO - Sync 1 DAGs
[2023-11-20T19:03:05.135+0000] {logging_mixin.py:120} INFO - [2023-11-20T19:03:05.134+0000] {dag.py:3340} INFO - Setting next_dagrun for example_sla_dag to 2023-11-20T19:00:00+00:00, run_after=2023-11-20T19:02:00+00:00
[2023-11-20T19:03:05.170+0000] {processor.py:176} INFO - Processing /home/airflow/.local/lib/python3.7/site-packages/airflow/example_dags/example_sla_dag.py took 0.165 seconds
[2023-11-20T19:03:35.837+0000] {processor.py:154} INFO - Started process (PID=2219) to work on /home/airflow/.local/lib/python3.7/site-packages/airflow/example_dags/example_sla_dag.py
[2023-11-20T19:03:35.838+0000] {processor.py:756} INFO - Processing file /home/airflow/.local/lib/python3.7/site-packages/airflow/example_dags/example_sla_dag.py for tasks to queue
[2023-11-20T19:03:35.839+0000] {logging_mixin.py:120} INFO - [2023-11-20T19:03:35.839+0000] {dagbag.py:537} INFO - Filling up the DagBag from /home/airflow/.local/lib/python3.7/site-packages/airflow/example_dags/example_sla_dag.py
[2023-11-20T19:03:35.903+0000] {processor.py:766} INFO - DAG(s) dict_keys(['example_sla_dag']) retrieved from /home/airflow/.local/lib/python3.7/site-packages/airflow/example_dags/example_sla_dag.py
[2023-11-20T19:03:36.044+0000] {logging_mixin.py:120} INFO - [2023-11-20T19:03:36.044+0000] {dag.py:2585} INFO - Sync 1 DAGs
[2023-11-20T19:03:36.126+0000] {logging_mixin.py:120} INFO - [2023-11-20T19:03:36.125+0000] {dag.py:3340} INFO - Setting next_dagrun for example_sla_dag to 2023-11-20T19:00:00+00:00, run_after=2023-11-20T19:02:00+00:00
[2023-11-20T19:03:36.225+0000] {processor.py:176} INFO - Processing /home/airflow/.local/lib/python3.7/site-packages/airflow/example_dags/example_sla_dag.py took 0.399 seconds
[2023-11-20T19:04:06.701+0000] {processor.py:154} INFO - Started process (PID=2283) to work on /home/airflow/.local/lib/python3.7/site-packages/airflow/example_dags/example_sla_dag.py
[2023-11-20T19:04:06.702+0000] {processor.py:756} INFO - Processing file /home/airflow/.local/lib/python3.7/site-packages/airflow/example_dags/example_sla_dag.py for tasks to queue
[2023-11-20T19:04:06.703+0000] {logging_mixin.py:120} INFO - [2023-11-20T19:04:06.703+0000] {dagbag.py:537} INFO - Filling up the DagBag from /home/airflow/.local/lib/python3.7/site-packages/airflow/example_dags/example_sla_dag.py
[2023-11-20T19:04:06.732+0000] {processor.py:766} INFO - DAG(s) dict_keys(['example_sla_dag']) retrieved from /home/airflow/.local/lib/python3.7/site-packages/airflow/example_dags/example_sla_dag.py
[2023-11-20T19:04:06.779+0000] {logging_mixin.py:120} INFO - [2023-11-20T19:04:06.779+0000] {dag.py:2585} INFO - Sync 1 DAGs
[2023-11-20T19:04:06.828+0000] {logging_mixin.py:120} INFO - [2023-11-20T19:04:06.827+0000] {dag.py:3340} INFO - Setting next_dagrun for example_sla_dag to 2023-11-20T19:02:00+00:00, run_after=2023-11-20T19:04:00+00:00
[2023-11-20T19:04:06.854+0000] {processor.py:176} INFO - Processing /home/airflow/.local/lib/python3.7/site-packages/airflow/example_dags/example_sla_dag.py took 0.156 seconds
[2023-11-20T19:04:37.229+0000] {processor.py:154} INFO - Started process (PID=2336) to work on /home/airflow/.local/lib/python3.7/site-packages/airflow/example_dags/example_sla_dag.py
[2023-11-20T19:04:37.230+0000] {processor.py:756} INFO - Processing file /home/airflow/.local/lib/python3.7/site-packages/airflow/example_dags/example_sla_dag.py for tasks to queue
[2023-11-20T19:04:37.231+0000] {logging_mixin.py:120} INFO - [2023-11-20T19:04:37.231+0000] {dagbag.py:537} INFO - Filling up the DagBag from /home/airflow/.local/lib/python3.7/site-packages/airflow/example_dags/example_sla_dag.py
[2023-11-20T19:04:37.260+0000] {processor.py:766} INFO - DAG(s) dict_keys(['example_sla_dag']) retrieved from /home/airflow/.local/lib/python3.7/site-packages/airflow/example_dags/example_sla_dag.py
[2023-11-20T19:04:37.321+0000] {logging_mixin.py:120} INFO - [2023-11-20T19:04:37.321+0000] {dag.py:2585} INFO - Sync 1 DAGs
[2023-11-20T19:04:37.359+0000] {logging_mixin.py:120} INFO - [2023-11-20T19:04:37.358+0000] {dag.py:3340} INFO - Setting next_dagrun for example_sla_dag to 2023-11-20T19:02:00+00:00, run_after=2023-11-20T19:04:00+00:00
[2023-11-20T19:04:37.393+0000] {processor.py:176} INFO - Processing /home/airflow/.local/lib/python3.7/site-packages/airflow/example_dags/example_sla_dag.py took 0.177 seconds
[2023-11-20T19:05:08.151+0000] {processor.py:154} INFO - Started process (PID=2398) to work on /home/airflow/.local/lib/python3.7/site-packages/airflow/example_dags/example_sla_dag.py
[2023-11-20T19:05:08.153+0000] {processor.py:756} INFO - Processing file /home/airflow/.local/lib/python3.7/site-packages/airflow/example_dags/example_sla_dag.py for tasks to queue
[2023-11-20T19:05:08.154+0000] {logging_mixin.py:120} INFO - [2023-11-20T19:05:08.154+0000] {dagbag.py:537} INFO - Filling up the DagBag from /home/airflow/.local/lib/python3.7/site-packages/airflow/example_dags/example_sla_dag.py
[2023-11-20T19:05:08.212+0000] {processor.py:766} INFO - DAG(s) dict_keys(['example_sla_dag']) retrieved from /home/airflow/.local/lib/python3.7/site-packages/airflow/example_dags/example_sla_dag.py
[2023-11-20T19:05:08.272+0000] {logging_mixin.py:120} INFO - [2023-11-20T19:05:08.272+0000] {dag.py:2585} INFO - Sync 1 DAGs
[2023-11-20T19:05:08.308+0000] {logging_mixin.py:120} INFO - [2023-11-20T19:05:08.307+0000] {dag.py:3340} INFO - Setting next_dagrun for example_sla_dag to 2023-11-20T19:02:00+00:00, run_after=2023-11-20T19:04:00+00:00
[2023-11-20T19:05:08.336+0000] {processor.py:176} INFO - Processing /home/airflow/.local/lib/python3.7/site-packages/airflow/example_dags/example_sla_dag.py took 0.194 seconds
[2023-11-20T19:05:39.261+0000] {processor.py:154} INFO - Started process (PID=2459) to work on /home/airflow/.local/lib/python3.7/site-packages/airflow/example_dags/example_sla_dag.py
[2023-11-20T19:05:39.271+0000] {processor.py:756} INFO - Processing file /home/airflow/.local/lib/python3.7/site-packages/airflow/example_dags/example_sla_dag.py for tasks to queue
[2023-11-20T19:05:39.272+0000] {logging_mixin.py:120} INFO - [2023-11-20T19:05:39.272+0000] {dagbag.py:537} INFO - Filling up the DagBag from /home/airflow/.local/lib/python3.7/site-packages/airflow/example_dags/example_sla_dag.py
[2023-11-20T19:05:39.336+0000] {processor.py:766} INFO - DAG(s) dict_keys(['example_sla_dag']) retrieved from /home/airflow/.local/lib/python3.7/site-packages/airflow/example_dags/example_sla_dag.py
[2023-11-20T19:05:39.402+0000] {logging_mixin.py:120} INFO - [2023-11-20T19:05:39.402+0000] {dag.py:2585} INFO - Sync 1 DAGs
[2023-11-20T19:05:39.448+0000] {logging_mixin.py:120} INFO - [2023-11-20T19:05:39.448+0000] {dag.py:3340} INFO - Setting next_dagrun for example_sla_dag to 2023-11-20T19:02:00+00:00, run_after=2023-11-20T19:04:00+00:00
[2023-11-20T19:05:39.481+0000] {processor.py:176} INFO - Processing /home/airflow/.local/lib/python3.7/site-packages/airflow/example_dags/example_sla_dag.py took 0.224 seconds
[2023-11-20T19:06:09.558+0000] {processor.py:154} INFO - Started process (PID=2516) to work on /home/airflow/.local/lib/python3.7/site-packages/airflow/example_dags/example_sla_dag.py
[2023-11-20T19:06:09.559+0000] {processor.py:756} INFO - Processing file /home/airflow/.local/lib/python3.7/site-packages/airflow/example_dags/example_sla_dag.py for tasks to queue
[2023-11-20T19:06:09.560+0000] {logging_mixin.py:120} INFO - [2023-11-20T19:06:09.560+0000] {dagbag.py:537} INFO - Filling up the DagBag from /home/airflow/.local/lib/python3.7/site-packages/airflow/example_dags/example_sla_dag.py
[2023-11-20T19:06:09.579+0000] {processor.py:766} INFO - DAG(s) dict_keys(['example_sla_dag']) retrieved from /home/airflow/.local/lib/python3.7/site-packages/airflow/example_dags/example_sla_dag.py
[2023-11-20T19:06:09.611+0000] {logging_mixin.py:120} INFO - [2023-11-20T19:06:09.610+0000] {dag.py:2585} INFO - Sync 1 DAGs
[2023-11-20T19:06:09.634+0000] {logging_mixin.py:120} INFO - [2023-11-20T19:06:09.634+0000] {dag.py:3340} INFO - Setting next_dagrun for example_sla_dag to 2023-11-20T19:04:00+00:00, run_after=2023-11-20T19:06:00+00:00
[2023-11-20T19:06:09.654+0000] {processor.py:176} INFO - Processing /home/airflow/.local/lib/python3.7/site-packages/airflow/example_dags/example_sla_dag.py took 0.099 seconds
[2023-11-20T19:06:39.891+0000] {processor.py:154} INFO - Started process (PID=2581) to work on /home/airflow/.local/lib/python3.7/site-packages/airflow/example_dags/example_sla_dag.py
[2023-11-20T19:06:39.891+0000] {processor.py:756} INFO - Processing file /home/airflow/.local/lib/python3.7/site-packages/airflow/example_dags/example_sla_dag.py for tasks to queue
[2023-11-20T19:06:39.892+0000] {logging_mixin.py:120} INFO - [2023-11-20T19:06:39.892+0000] {dagbag.py:537} INFO - Filling up the DagBag from /home/airflow/.local/lib/python3.7/site-packages/airflow/example_dags/example_sla_dag.py
[2023-11-20T19:06:39.919+0000] {processor.py:766} INFO - DAG(s) dict_keys(['example_sla_dag']) retrieved from /home/airflow/.local/lib/python3.7/site-packages/airflow/example_dags/example_sla_dag.py
[2023-11-20T19:06:39.966+0000] {logging_mixin.py:120} INFO - [2023-11-20T19:06:39.966+0000] {dag.py:2585} INFO - Sync 1 DAGs
[2023-11-20T19:06:40.004+0000] {logging_mixin.py:120} INFO - [2023-11-20T19:06:40.004+0000] {dag.py:3340} INFO - Setting next_dagrun for example_sla_dag to 2023-11-20T19:04:00+00:00, run_after=2023-11-20T19:06:00+00:00
[2023-11-20T19:06:40.037+0000] {processor.py:176} INFO - Processing /home/airflow/.local/lib/python3.7/site-packages/airflow/example_dags/example_sla_dag.py took 0.151 seconds
[2023-11-20T19:07:11.126+0000] {processor.py:154} INFO - Started process (PID=2646) to work on /home/airflow/.local/lib/python3.7/site-packages/airflow/example_dags/example_sla_dag.py
[2023-11-20T19:07:11.128+0000] {processor.py:756} INFO - Processing file /home/airflow/.local/lib/python3.7/site-packages/airflow/example_dags/example_sla_dag.py for tasks to queue
[2023-11-20T19:07:11.138+0000] {logging_mixin.py:120} INFO - [2023-11-20T19:07:11.137+0000] {dagbag.py:537} INFO - Filling up the DagBag from /home/airflow/.local/lib/python3.7/site-packages/airflow/example_dags/example_sla_dag.py
[2023-11-20T19:07:11.210+0000] {processor.py:766} INFO - DAG(s) dict_keys(['example_sla_dag']) retrieved from /home/airflow/.local/lib/python3.7/site-packages/airflow/example_dags/example_sla_dag.py
[2023-11-20T19:07:11.281+0000] {logging_mixin.py:120} INFO - [2023-11-20T19:07:11.281+0000] {dag.py:2585} INFO - Sync 1 DAGs
[2023-11-20T19:07:11.336+0000] {logging_mixin.py:120} INFO - [2023-11-20T19:07:11.335+0000] {dag.py:3340} INFO - Setting next_dagrun for example_sla_dag to 2023-11-20T19:04:00+00:00, run_after=2023-11-20T19:06:00+00:00
[2023-11-20T19:07:11.373+0000] {processor.py:176} INFO - Processing /home/airflow/.local/lib/python3.7/site-packages/airflow/example_dags/example_sla_dag.py took 0.261 seconds
[2023-11-20T19:07:41.774+0000] {processor.py:154} INFO - Started process (PID=2700) to work on /home/airflow/.local/lib/python3.7/site-packages/airflow/example_dags/example_sla_dag.py
[2023-11-20T19:07:41.775+0000] {processor.py:756} INFO - Processing file /home/airflow/.local/lib/python3.7/site-packages/airflow/example_dags/example_sla_dag.py for tasks to queue
[2023-11-20T19:07:41.776+0000] {logging_mixin.py:120} INFO - [2023-11-20T19:07:41.776+0000] {dagbag.py:537} INFO - Filling up the DagBag from /home/airflow/.local/lib/python3.7/site-packages/airflow/example_dags/example_sla_dag.py
[2023-11-20T19:07:41.805+0000] {processor.py:766} INFO - DAG(s) dict_keys(['example_sla_dag']) retrieved from /home/airflow/.local/lib/python3.7/site-packages/airflow/example_dags/example_sla_dag.py
[2023-11-20T19:07:41.860+0000] {logging_mixin.py:120} INFO - [2023-11-20T19:07:41.859+0000] {dag.py:2585} INFO - Sync 1 DAGs
[2023-11-20T19:07:41.907+0000] {logging_mixin.py:120} INFO - [2023-11-20T19:07:41.907+0000] {dag.py:3340} INFO - Setting next_dagrun for example_sla_dag to 2023-11-20T19:04:00+00:00, run_after=2023-11-20T19:06:00+00:00
[2023-11-20T19:07:41.937+0000] {processor.py:176} INFO - Processing /home/airflow/.local/lib/python3.7/site-packages/airflow/example_dags/example_sla_dag.py took 0.166 seconds
[2023-11-20T19:08:12.784+0000] {processor.py:154} INFO - Started process (PID=2764) to work on /home/airflow/.local/lib/python3.7/site-packages/airflow/example_dags/example_sla_dag.py
[2023-11-20T19:08:12.785+0000] {processor.py:756} INFO - Processing file /home/airflow/.local/lib/python3.7/site-packages/airflow/example_dags/example_sla_dag.py for tasks to queue
[2023-11-20T19:08:12.785+0000] {logging_mixin.py:120} INFO - [2023-11-20T19:08:12.785+0000] {dagbag.py:537} INFO - Filling up the DagBag from /home/airflow/.local/lib/python3.7/site-packages/airflow/example_dags/example_sla_dag.py
[2023-11-20T19:08:12.848+0000] {processor.py:766} INFO - DAG(s) dict_keys(['example_sla_dag']) retrieved from /home/airflow/.local/lib/python3.7/site-packages/airflow/example_dags/example_sla_dag.py
[2023-11-20T19:08:12.938+0000] {logging_mixin.py:120} INFO - [2023-11-20T19:08:12.937+0000] {dag.py:2585} INFO - Sync 1 DAGs
[2023-11-20T19:08:12.991+0000] {logging_mixin.py:120} INFO - [2023-11-20T19:08:12.990+0000] {dag.py:3340} INFO - Setting next_dagrun for example_sla_dag to 2023-11-20T19:06:00+00:00, run_after=2023-11-20T19:08:00+00:00
[2023-11-20T19:08:13.043+0000] {processor.py:176} INFO - Processing /home/airflow/.local/lib/python3.7/site-packages/airflow/example_dags/example_sla_dag.py took 0.263 seconds
[2023-11-20T19:08:43.545+0000] {processor.py:154} INFO - Started process (PID=2827) to work on /home/airflow/.local/lib/python3.7/site-packages/airflow/example_dags/example_sla_dag.py
[2023-11-20T19:08:43.545+0000] {processor.py:756} INFO - Processing file /home/airflow/.local/lib/python3.7/site-packages/airflow/example_dags/example_sla_dag.py for tasks to queue
[2023-11-20T19:08:43.546+0000] {logging_mixin.py:120} INFO - [2023-11-20T19:08:43.546+0000] {dagbag.py:537} INFO - Filling up the DagBag from /home/airflow/.local/lib/python3.7/site-packages/airflow/example_dags/example_sla_dag.py
[2023-11-20T19:08:43.572+0000] {processor.py:766} INFO - DAG(s) dict_keys(['example_sla_dag']) retrieved from /home/airflow/.local/lib/python3.7/site-packages/airflow/example_dags/example_sla_dag.py
[2023-11-20T19:08:43.615+0000] {logging_mixin.py:120} INFO - [2023-11-20T19:08:43.615+0000] {dag.py:2585} INFO - Sync 1 DAGs
[2023-11-20T19:08:43.653+0000] {logging_mixin.py:120} INFO - [2023-11-20T19:08:43.653+0000] {dag.py:3340} INFO - Setting next_dagrun for example_sla_dag to 2023-11-20T19:06:00+00:00, run_after=2023-11-20T19:08:00+00:00
[2023-11-20T19:08:43.688+0000] {processor.py:176} INFO - Processing /home/airflow/.local/lib/python3.7/site-packages/airflow/example_dags/example_sla_dag.py took 0.147 seconds
[2023-11-20T19:09:14.235+0000] {processor.py:154} INFO - Started process (PID=2882) to work on /home/airflow/.local/lib/python3.7/site-packages/airflow/example_dags/example_sla_dag.py
[2023-11-20T19:09:14.235+0000] {processor.py:756} INFO - Processing file /home/airflow/.local/lib/python3.7/site-packages/airflow/example_dags/example_sla_dag.py for tasks to queue
[2023-11-20T19:09:14.236+0000] {logging_mixin.py:120} INFO - [2023-11-20T19:09:14.236+0000] {dagbag.py:537} INFO - Filling up the DagBag from /home/airflow/.local/lib/python3.7/site-packages/airflow/example_dags/example_sla_dag.py
[2023-11-20T19:09:14.264+0000] {processor.py:766} INFO - DAG(s) dict_keys(['example_sla_dag']) retrieved from /home/airflow/.local/lib/python3.7/site-packages/airflow/example_dags/example_sla_dag.py
[2023-11-20T19:09:14.311+0000] {logging_mixin.py:120} INFO - [2023-11-20T19:09:14.311+0000] {dag.py:2585} INFO - Sync 1 DAGs
[2023-11-20T19:09:14.348+0000] {logging_mixin.py:120} INFO - [2023-11-20T19:09:14.348+0000] {dag.py:3340} INFO - Setting next_dagrun for example_sla_dag to 2023-11-20T19:06:00+00:00, run_after=2023-11-20T19:08:00+00:00
[2023-11-20T19:09:14.389+0000] {processor.py:176} INFO - Processing /home/airflow/.local/lib/python3.7/site-packages/airflow/example_dags/example_sla_dag.py took 0.158 seconds
[2023-11-20T19:09:44.822+0000] {processor.py:154} INFO - Started process (PID=2945) to work on /home/airflow/.local/lib/python3.7/site-packages/airflow/example_dags/example_sla_dag.py
[2023-11-20T19:09:44.824+0000] {processor.py:756} INFO - Processing file /home/airflow/.local/lib/python3.7/site-packages/airflow/example_dags/example_sla_dag.py for tasks to queue
[2023-11-20T19:09:44.825+0000] {logging_mixin.py:120} INFO - [2023-11-20T19:09:44.825+0000] {dagbag.py:537} INFO - Filling up the DagBag from /home/airflow/.local/lib/python3.7/site-packages/airflow/example_dags/example_sla_dag.py
[2023-11-20T19:09:44.853+0000] {processor.py:766} INFO - DAG(s) dict_keys(['example_sla_dag']) retrieved from /home/airflow/.local/lib/python3.7/site-packages/airflow/example_dags/example_sla_dag.py
[2023-11-20T19:09:44.896+0000] {logging_mixin.py:120} INFO - [2023-11-20T19:09:44.896+0000] {dag.py:2585} INFO - Sync 1 DAGs
[2023-11-20T19:09:44.934+0000] {logging_mixin.py:120} INFO - [2023-11-20T19:09:44.934+0000] {dag.py:3340} INFO - Setting next_dagrun for example_sla_dag to 2023-11-20T19:06:00+00:00, run_after=2023-11-20T19:08:00+00:00
[2023-11-20T19:09:44.970+0000] {processor.py:176} INFO - Processing /home/airflow/.local/lib/python3.7/site-packages/airflow/example_dags/example_sla_dag.py took 0.152 seconds
[2023-11-20T19:10:15.536+0000] {processor.py:154} INFO - Started process (PID=3007) to work on /home/airflow/.local/lib/python3.7/site-packages/airflow/example_dags/example_sla_dag.py
[2023-11-20T19:10:15.537+0000] {processor.py:756} INFO - Processing file /home/airflow/.local/lib/python3.7/site-packages/airflow/example_dags/example_sla_dag.py for tasks to queue
[2023-11-20T19:10:15.538+0000] {logging_mixin.py:120} INFO - [2023-11-20T19:10:15.538+0000] {dagbag.py:537} INFO - Filling up the DagBag from /home/airflow/.local/lib/python3.7/site-packages/airflow/example_dags/example_sla_dag.py
[2023-11-20T19:10:15.579+0000] {processor.py:766} INFO - DAG(s) dict_keys(['example_sla_dag']) retrieved from /home/airflow/.local/lib/python3.7/site-packages/airflow/example_dags/example_sla_dag.py
[2023-11-20T19:10:15.625+0000] {logging_mixin.py:120} INFO - [2023-11-20T19:10:15.624+0000] {dag.py:2585} INFO - Sync 1 DAGs
[2023-11-20T19:10:15.661+0000] {logging_mixin.py:120} INFO - [2023-11-20T19:10:15.661+0000] {dag.py:3340} INFO - Setting next_dagrun for example_sla_dag to 2023-11-20T19:08:00+00:00, run_after=2023-11-20T19:10:00+00:00
[2023-11-20T19:10:15.693+0000] {processor.py:176} INFO - Processing /home/airflow/.local/lib/python3.7/site-packages/airflow/example_dags/example_sla_dag.py took 0.160 seconds
[2023-11-20T19:10:46.352+0000] {processor.py:154} INFO - Started process (PID=3061) to work on /home/airflow/.local/lib/python3.7/site-packages/airflow/example_dags/example_sla_dag.py
[2023-11-20T19:10:46.353+0000] {processor.py:756} INFO - Processing file /home/airflow/.local/lib/python3.7/site-packages/airflow/example_dags/example_sla_dag.py for tasks to queue
[2023-11-20T19:10:46.353+0000] {logging_mixin.py:120} INFO - [2023-11-20T19:10:46.353+0000] {dagbag.py:537} INFO - Filling up the DagBag from /home/airflow/.local/lib/python3.7/site-packages/airflow/example_dags/example_sla_dag.py
[2023-11-20T19:10:46.382+0000] {processor.py:766} INFO - DAG(s) dict_keys(['example_sla_dag']) retrieved from /home/airflow/.local/lib/python3.7/site-packages/airflow/example_dags/example_sla_dag.py
[2023-11-20T19:10:46.428+0000] {logging_mixin.py:120} INFO - [2023-11-20T19:10:46.428+0000] {dag.py:2585} INFO - Sync 1 DAGs
[2023-11-20T19:10:46.473+0000] {logging_mixin.py:120} INFO - [2023-11-20T19:10:46.472+0000] {dag.py:3340} INFO - Setting next_dagrun for example_sla_dag to 2023-11-20T19:08:00+00:00, run_after=2023-11-20T19:10:00+00:00
[2023-11-20T19:10:46.508+0000] {processor.py:176} INFO - Processing /home/airflow/.local/lib/python3.7/site-packages/airflow/example_dags/example_sla_dag.py took 0.159 seconds
[2023-11-20T19:11:18.602+0000] {processor.py:154} INFO - Started process (PID=3123) to work on /home/airflow/.local/lib/python3.7/site-packages/airflow/example_dags/example_sla_dag.py
[2023-11-20T19:11:18.612+0000] {processor.py:756} INFO - Processing file /home/airflow/.local/lib/python3.7/site-packages/airflow/example_dags/example_sla_dag.py for tasks to queue
[2023-11-20T19:11:18.613+0000] {logging_mixin.py:120} INFO - [2023-11-20T19:11:18.613+0000] {dagbag.py:537} INFO - Filling up the DagBag from /home/airflow/.local/lib/python3.7/site-packages/airflow/example_dags/example_sla_dag.py
[2023-11-20T19:11:18.693+0000] {processor.py:766} INFO - DAG(s) dict_keys(['example_sla_dag']) retrieved from /home/airflow/.local/lib/python3.7/site-packages/airflow/example_dags/example_sla_dag.py
[2023-11-20T19:11:18.940+0000] {logging_mixin.py:120} INFO - [2023-11-20T19:11:18.940+0000] {dag.py:2585} INFO - Sync 1 DAGs
[2023-11-20T19:11:19.045+0000] {logging_mixin.py:120} INFO - [2023-11-20T19:11:19.045+0000] {dag.py:3340} INFO - Setting next_dagrun for example_sla_dag to 2023-11-20T19:08:00+00:00, run_after=2023-11-20T19:10:00+00:00
[2023-11-20T19:11:19.117+0000] {processor.py:176} INFO - Processing /home/airflow/.local/lib/python3.7/site-packages/airflow/example_dags/example_sla_dag.py took 0.522 seconds
[2023-11-20T19:11:49.339+0000] {processor.py:154} INFO - Started process (PID=3178) to work on /home/airflow/.local/lib/python3.7/site-packages/airflow/example_dags/example_sla_dag.py
[2023-11-20T19:11:49.339+0000] {processor.py:756} INFO - Processing file /home/airflow/.local/lib/python3.7/site-packages/airflow/example_dags/example_sla_dag.py for tasks to queue
[2023-11-20T19:11:49.340+0000] {logging_mixin.py:120} INFO - [2023-11-20T19:11:49.340+0000] {dagbag.py:537} INFO - Filling up the DagBag from /home/airflow/.local/lib/python3.7/site-packages/airflow/example_dags/example_sla_dag.py
[2023-11-20T19:11:49.366+0000] {processor.py:766} INFO - DAG(s) dict_keys(['example_sla_dag']) retrieved from /home/airflow/.local/lib/python3.7/site-packages/airflow/example_dags/example_sla_dag.py
[2023-11-20T19:11:49.417+0000] {logging_mixin.py:120} INFO - [2023-11-20T19:11:49.417+0000] {dag.py:2585} INFO - Sync 1 DAGs
[2023-11-20T19:11:49.471+0000] {logging_mixin.py:120} INFO - [2023-11-20T19:11:49.471+0000] {dag.py:3340} INFO - Setting next_dagrun for example_sla_dag to 2023-11-20T19:08:00+00:00, run_after=2023-11-20T19:10:00+00:00
[2023-11-20T19:11:49.501+0000] {processor.py:176} INFO - Processing /home/airflow/.local/lib/python3.7/site-packages/airflow/example_dags/example_sla_dag.py took 0.165 seconds
