[2023-11-20T18:44:44.644+0000] {processor.py:154} INFO - Started process (PID=78) to work on /home/airflow/.local/lib/python3.7/site-packages/airflow/example_dags/example_short_circuit_decorator.py
[2023-11-20T18:44:44.652+0000] {processor.py:756} INFO - Processing file /home/airflow/.local/lib/python3.7/site-packages/airflow/example_dags/example_short_circuit_decorator.py for tasks to queue
[2023-11-20T18:44:44.653+0000] {logging_mixin.py:120} INFO - [2023-11-20T18:44:44.653+0000] {dagbag.py:537} INFO - Filling up the DagBag from /home/airflow/.local/lib/python3.7/site-packages/airflow/example_dags/example_short_circuit_decorator.py
[2023-11-20T18:44:44.914+0000] {processor.py:766} INFO - DAG(s) dict_keys(['example_short_circuit_decorator']) retrieved from /home/airflow/.local/lib/python3.7/site-packages/airflow/example_dags/example_short_circuit_decorator.py
[2023-11-20T18:44:45.295+0000] {logging_mixin.py:120} INFO - [2023-11-20T18:44:45.295+0000] {dag.py:2585} INFO - Sync 1 DAGs
[2023-11-20T18:44:45.664+0000] {logging_mixin.py:120} INFO - [2023-11-20T18:44:45.663+0000] {dag.py:3340} INFO - Setting next_dagrun for example_short_circuit_decorator to 2023-11-19T18:44:45.663565+00:00, run_after=2023-11-20T18:44:45.663565+00:00
[2023-11-20T18:44:45.790+0000] {processor.py:176} INFO - Processing /home/airflow/.local/lib/python3.7/site-packages/airflow/example_dags/example_short_circuit_decorator.py took 1.168 seconds
[2023-11-20T18:45:16.145+0000] {processor.py:154} INFO - Started process (PID=132) to work on /home/airflow/.local/lib/python3.7/site-packages/airflow/example_dags/example_short_circuit_decorator.py
[2023-11-20T18:45:16.151+0000] {processor.py:756} INFO - Processing file /home/airflow/.local/lib/python3.7/site-packages/airflow/example_dags/example_short_circuit_decorator.py for tasks to queue
[2023-11-20T18:45:16.152+0000] {logging_mixin.py:120} INFO - [2023-11-20T18:45:16.152+0000] {dagbag.py:537} INFO - Filling up the DagBag from /home/airflow/.local/lib/python3.7/site-packages/airflow/example_dags/example_short_circuit_decorator.py
[2023-11-20T18:45:16.213+0000] {processor.py:766} INFO - DAG(s) dict_keys(['example_short_circuit_decorator']) retrieved from /home/airflow/.local/lib/python3.7/site-packages/airflow/example_dags/example_short_circuit_decorator.py
[2023-11-20T18:45:16.331+0000] {logging_mixin.py:120} INFO - [2023-11-20T18:45:16.331+0000] {dag.py:2585} INFO - Sync 1 DAGs
[2023-11-20T18:45:16.395+0000] {logging_mixin.py:120} INFO - [2023-11-20T18:45:16.395+0000] {dag.py:3340} INFO - Setting next_dagrun for example_short_circuit_decorator to 2023-11-19T18:45:16.395179+00:00, run_after=2023-11-20T18:45:16.395179+00:00
[2023-11-20T18:45:16.443+0000] {processor.py:176} INFO - Processing /home/airflow/.local/lib/python3.7/site-packages/airflow/example_dags/example_short_circuit_decorator.py took 0.320 seconds
[2023-11-20T18:45:48.043+0000] {processor.py:154} INFO - Started process (PID=186) to work on /home/airflow/.local/lib/python3.7/site-packages/airflow/example_dags/example_short_circuit_decorator.py
[2023-11-20T18:45:48.055+0000] {processor.py:756} INFO - Processing file /home/airflow/.local/lib/python3.7/site-packages/airflow/example_dags/example_short_circuit_decorator.py for tasks to queue
[2023-11-20T18:45:48.056+0000] {logging_mixin.py:120} INFO - [2023-11-20T18:45:48.056+0000] {dagbag.py:537} INFO - Filling up the DagBag from /home/airflow/.local/lib/python3.7/site-packages/airflow/example_dags/example_short_circuit_decorator.py
[2023-11-20T18:45:48.210+0000] {processor.py:766} INFO - DAG(s) dict_keys(['example_short_circuit_decorator']) retrieved from /home/airflow/.local/lib/python3.7/site-packages/airflow/example_dags/example_short_circuit_decorator.py
[2023-11-20T18:45:48.454+0000] {logging_mixin.py:120} INFO - [2023-11-20T18:45:48.454+0000] {dag.py:2585} INFO - Sync 1 DAGs
[2023-11-20T18:45:48.578+0000] {logging_mixin.py:120} INFO - [2023-11-20T18:45:48.578+0000] {dag.py:3340} INFO - Setting next_dagrun for example_short_circuit_decorator to 2023-11-19T18:45:48.578140+00:00, run_after=2023-11-20T18:45:48.578140+00:00
[2023-11-20T18:45:48.644+0000] {processor.py:176} INFO - Processing /home/airflow/.local/lib/python3.7/site-packages/airflow/example_dags/example_short_circuit_decorator.py took 0.605 seconds
[2023-11-20T18:46:19.979+0000] {processor.py:154} INFO - Started process (PID=240) to work on /home/airflow/.local/lib/python3.7/site-packages/airflow/example_dags/example_short_circuit_decorator.py
[2023-11-20T18:46:19.979+0000] {processor.py:756} INFO - Processing file /home/airflow/.local/lib/python3.7/site-packages/airflow/example_dags/example_short_circuit_decorator.py for tasks to queue
[2023-11-20T18:46:19.980+0000] {logging_mixin.py:120} INFO - [2023-11-20T18:46:19.980+0000] {dagbag.py:537} INFO - Filling up the DagBag from /home/airflow/.local/lib/python3.7/site-packages/airflow/example_dags/example_short_circuit_decorator.py
[2023-11-20T18:46:20.016+0000] {processor.py:766} INFO - DAG(s) dict_keys(['example_short_circuit_decorator']) retrieved from /home/airflow/.local/lib/python3.7/site-packages/airflow/example_dags/example_short_circuit_decorator.py
[2023-11-20T18:46:20.102+0000] {logging_mixin.py:120} INFO - [2023-11-20T18:46:20.101+0000] {dag.py:2585} INFO - Sync 1 DAGs
[2023-11-20T18:46:20.145+0000] {logging_mixin.py:120} INFO - [2023-11-20T18:46:20.144+0000] {dag.py:3340} INFO - Setting next_dagrun for example_short_circuit_decorator to 2023-11-19T18:46:20.144543+00:00, run_after=2023-11-20T18:46:20.144543+00:00
[2023-11-20T18:46:20.212+0000] {processor.py:176} INFO - Processing /home/airflow/.local/lib/python3.7/site-packages/airflow/example_dags/example_short_circuit_decorator.py took 0.237 seconds
[2023-11-20T18:46:54.975+0000] {processor.py:154} INFO - Started process (PID=302) to work on /home/airflow/.local/lib/python3.7/site-packages/airflow/example_dags/example_short_circuit_decorator.py
[2023-11-20T18:46:54.980+0000] {processor.py:756} INFO - Processing file /home/airflow/.local/lib/python3.7/site-packages/airflow/example_dags/example_short_circuit_decorator.py for tasks to queue
[2023-11-20T18:46:54.981+0000] {logging_mixin.py:120} INFO - [2023-11-20T18:46:54.981+0000] {dagbag.py:537} INFO - Filling up the DagBag from /home/airflow/.local/lib/python3.7/site-packages/airflow/example_dags/example_short_circuit_decorator.py
[2023-11-20T18:46:55.065+0000] {processor.py:766} INFO - DAG(s) dict_keys(['example_short_circuit_decorator']) retrieved from /home/airflow/.local/lib/python3.7/site-packages/airflow/example_dags/example_short_circuit_decorator.py
[2023-11-20T18:46:55.224+0000] {logging_mixin.py:120} INFO - [2023-11-20T18:46:55.224+0000] {dag.py:2585} INFO - Sync 1 DAGs
[2023-11-20T18:46:55.290+0000] {logging_mixin.py:120} INFO - [2023-11-20T18:46:55.290+0000] {dag.py:3340} INFO - Setting next_dagrun for example_short_circuit_decorator to 2023-11-19T18:46:55.290227+00:00, run_after=2023-11-20T18:46:55.290227+00:00
[2023-11-20T18:46:55.342+0000] {processor.py:176} INFO - Processing /home/airflow/.local/lib/python3.7/site-packages/airflow/example_dags/example_short_circuit_decorator.py took 0.379 seconds
[2023-11-20T18:47:25.617+0000] {processor.py:154} INFO - Started process (PID=356) to work on /home/airflow/.local/lib/python3.7/site-packages/airflow/example_dags/example_short_circuit_decorator.py
[2023-11-20T18:47:25.620+0000] {processor.py:756} INFO - Processing file /home/airflow/.local/lib/python3.7/site-packages/airflow/example_dags/example_short_circuit_decorator.py for tasks to queue
[2023-11-20T18:47:25.621+0000] {logging_mixin.py:120} INFO - [2023-11-20T18:47:25.620+0000] {dagbag.py:537} INFO - Filling up the DagBag from /home/airflow/.local/lib/python3.7/site-packages/airflow/example_dags/example_short_circuit_decorator.py
[2023-11-20T18:47:25.677+0000] {processor.py:766} INFO - DAG(s) dict_keys(['example_short_circuit_decorator']) retrieved from /home/airflow/.local/lib/python3.7/site-packages/airflow/example_dags/example_short_circuit_decorator.py
[2023-11-20T18:47:25.787+0000] {logging_mixin.py:120} INFO - [2023-11-20T18:47:25.786+0000] {dag.py:2585} INFO - Sync 1 DAGs
[2023-11-20T18:47:25.880+0000] {logging_mixin.py:120} INFO - [2023-11-20T18:47:25.880+0000] {dag.py:3340} INFO - Setting next_dagrun for example_short_circuit_decorator to 2023-11-19T18:47:25.880490+00:00, run_after=2023-11-20T18:47:25.880490+00:00
[2023-11-20T18:47:25.959+0000] {processor.py:176} INFO - Processing /home/airflow/.local/lib/python3.7/site-packages/airflow/example_dags/example_short_circuit_decorator.py took 0.354 seconds
[2023-11-20T18:47:56.461+0000] {processor.py:154} INFO - Started process (PID=419) to work on /home/airflow/.local/lib/python3.7/site-packages/airflow/example_dags/example_short_circuit_decorator.py
[2023-11-20T18:47:56.467+0000] {processor.py:756} INFO - Processing file /home/airflow/.local/lib/python3.7/site-packages/airflow/example_dags/example_short_circuit_decorator.py for tasks to queue
[2023-11-20T18:47:56.468+0000] {logging_mixin.py:120} INFO - [2023-11-20T18:47:56.468+0000] {dagbag.py:537} INFO - Filling up the DagBag from /home/airflow/.local/lib/python3.7/site-packages/airflow/example_dags/example_short_circuit_decorator.py
[2023-11-20T18:47:56.512+0000] {processor.py:766} INFO - DAG(s) dict_keys(['example_short_circuit_decorator']) retrieved from /home/airflow/.local/lib/python3.7/site-packages/airflow/example_dags/example_short_circuit_decorator.py
[2023-11-20T18:47:56.591+0000] {logging_mixin.py:120} INFO - [2023-11-20T18:47:56.591+0000] {dag.py:2585} INFO - Sync 1 DAGs
[2023-11-20T18:47:56.633+0000] {logging_mixin.py:120} INFO - [2023-11-20T18:47:56.633+0000] {dag.py:3340} INFO - Setting next_dagrun for example_short_circuit_decorator to 2023-11-19T18:47:56.633013+00:00, run_after=2023-11-20T18:47:56.633013+00:00
[2023-11-20T18:47:56.670+0000] {processor.py:176} INFO - Processing /home/airflow/.local/lib/python3.7/site-packages/airflow/example_dags/example_short_circuit_decorator.py took 0.213 seconds
[2023-11-20T18:48:27.428+0000] {processor.py:154} INFO - Started process (PID=472) to work on /home/airflow/.local/lib/python3.7/site-packages/airflow/example_dags/example_short_circuit_decorator.py
[2023-11-20T18:48:27.434+0000] {processor.py:756} INFO - Processing file /home/airflow/.local/lib/python3.7/site-packages/airflow/example_dags/example_short_circuit_decorator.py for tasks to queue
[2023-11-20T18:48:27.435+0000] {logging_mixin.py:120} INFO - [2023-11-20T18:48:27.434+0000] {dagbag.py:537} INFO - Filling up the DagBag from /home/airflow/.local/lib/python3.7/site-packages/airflow/example_dags/example_short_circuit_decorator.py
[2023-11-20T18:48:27.544+0000] {processor.py:766} INFO - DAG(s) dict_keys(['example_short_circuit_decorator']) retrieved from /home/airflow/.local/lib/python3.7/site-packages/airflow/example_dags/example_short_circuit_decorator.py
[2023-11-20T18:48:27.606+0000] {logging_mixin.py:120} INFO - [2023-11-20T18:48:27.606+0000] {dag.py:2585} INFO - Sync 1 DAGs
[2023-11-20T18:48:27.678+0000] {logging_mixin.py:120} INFO - [2023-11-20T18:48:27.678+0000] {dag.py:3340} INFO - Setting next_dagrun for example_short_circuit_decorator to 2023-11-19T18:48:27.677817+00:00, run_after=2023-11-20T18:48:27.677817+00:00
[2023-11-20T18:48:27.744+0000] {processor.py:176} INFO - Processing /home/airflow/.local/lib/python3.7/site-packages/airflow/example_dags/example_short_circuit_decorator.py took 0.320 seconds
[2023-11-20T18:48:57.819+0000] {processor.py:154} INFO - Started process (PID=537) to work on /home/airflow/.local/lib/python3.7/site-packages/airflow/example_dags/example_short_circuit_decorator.py
[2023-11-20T18:48:57.820+0000] {processor.py:756} INFO - Processing file /home/airflow/.local/lib/python3.7/site-packages/airflow/example_dags/example_short_circuit_decorator.py for tasks to queue
[2023-11-20T18:48:57.821+0000] {logging_mixin.py:120} INFO - [2023-11-20T18:48:57.821+0000] {dagbag.py:537} INFO - Filling up the DagBag from /home/airflow/.local/lib/python3.7/site-packages/airflow/example_dags/example_short_circuit_decorator.py
[2023-11-20T18:48:57.842+0000] {processor.py:766} INFO - DAG(s) dict_keys(['example_short_circuit_decorator']) retrieved from /home/airflow/.local/lib/python3.7/site-packages/airflow/example_dags/example_short_circuit_decorator.py
[2023-11-20T18:48:57.875+0000] {logging_mixin.py:120} INFO - [2023-11-20T18:48:57.875+0000] {dag.py:2585} INFO - Sync 1 DAGs
[2023-11-20T18:48:57.896+0000] {logging_mixin.py:120} INFO - [2023-11-20T18:48:57.896+0000] {dag.py:3340} INFO - Setting next_dagrun for example_short_circuit_decorator to 2023-11-19T18:48:57.896521+00:00, run_after=2023-11-20T18:48:57.896521+00:00
[2023-11-20T18:48:57.921+0000] {processor.py:176} INFO - Processing /home/airflow/.local/lib/python3.7/site-packages/airflow/example_dags/example_short_circuit_decorator.py took 0.104 seconds
[2023-11-20T18:49:28.887+0000] {processor.py:154} INFO - Started process (PID=599) to work on /home/airflow/.local/lib/python3.7/site-packages/airflow/example_dags/example_short_circuit_decorator.py
[2023-11-20T18:49:28.889+0000] {processor.py:756} INFO - Processing file /home/airflow/.local/lib/python3.7/site-packages/airflow/example_dags/example_short_circuit_decorator.py for tasks to queue
[2023-11-20T18:49:28.890+0000] {logging_mixin.py:120} INFO - [2023-11-20T18:49:28.889+0000] {dagbag.py:537} INFO - Filling up the DagBag from /home/airflow/.local/lib/python3.7/site-packages/airflow/example_dags/example_short_circuit_decorator.py
[2023-11-20T18:49:28.950+0000] {processor.py:766} INFO - DAG(s) dict_keys(['example_short_circuit_decorator']) retrieved from /home/airflow/.local/lib/python3.7/site-packages/airflow/example_dags/example_short_circuit_decorator.py
[2023-11-20T18:49:29.011+0000] {logging_mixin.py:120} INFO - [2023-11-20T18:49:29.011+0000] {dag.py:2585} INFO - Sync 1 DAGs
[2023-11-20T18:49:29.048+0000] {logging_mixin.py:120} INFO - [2023-11-20T18:49:29.048+0000] {dag.py:3340} INFO - Setting next_dagrun for example_short_circuit_decorator to 2023-11-19T18:49:29.047859+00:00, run_after=2023-11-20T18:49:29.047859+00:00
[2023-11-20T18:49:29.092+0000] {processor.py:176} INFO - Processing /home/airflow/.local/lib/python3.7/site-packages/airflow/example_dags/example_short_circuit_decorator.py took 0.214 seconds
[2023-11-20T18:49:59.524+0000] {processor.py:154} INFO - Started process (PID=655) to work on /home/airflow/.local/lib/python3.7/site-packages/airflow/example_dags/example_short_circuit_decorator.py
[2023-11-20T18:49:59.525+0000] {processor.py:756} INFO - Processing file /home/airflow/.local/lib/python3.7/site-packages/airflow/example_dags/example_short_circuit_decorator.py for tasks to queue
[2023-11-20T18:49:59.526+0000] {logging_mixin.py:120} INFO - [2023-11-20T18:49:59.526+0000] {dagbag.py:537} INFO - Filling up the DagBag from /home/airflow/.local/lib/python3.7/site-packages/airflow/example_dags/example_short_circuit_decorator.py
[2023-11-20T18:49:59.555+0000] {processor.py:766} INFO - DAG(s) dict_keys(['example_short_circuit_decorator']) retrieved from /home/airflow/.local/lib/python3.7/site-packages/airflow/example_dags/example_short_circuit_decorator.py
[2023-11-20T18:49:59.605+0000] {logging_mixin.py:120} INFO - [2023-11-20T18:49:59.605+0000] {dag.py:2585} INFO - Sync 1 DAGs
[2023-11-20T18:49:59.637+0000] {logging_mixin.py:120} INFO - [2023-11-20T18:49:59.637+0000] {dag.py:3340} INFO - Setting next_dagrun for example_short_circuit_decorator to 2023-11-19T18:49:59.636881+00:00, run_after=2023-11-20T18:49:59.636881+00:00
[2023-11-20T18:49:59.664+0000] {processor.py:176} INFO - Processing /home/airflow/.local/lib/python3.7/site-packages/airflow/example_dags/example_short_circuit_decorator.py took 0.143 seconds
[2023-11-20T18:50:29.960+0000] {processor.py:154} INFO - Started process (PID=719) to work on /home/airflow/.local/lib/python3.7/site-packages/airflow/example_dags/example_short_circuit_decorator.py
[2023-11-20T18:50:29.961+0000] {processor.py:756} INFO - Processing file /home/airflow/.local/lib/python3.7/site-packages/airflow/example_dags/example_short_circuit_decorator.py for tasks to queue
[2023-11-20T18:50:29.962+0000] {logging_mixin.py:120} INFO - [2023-11-20T18:50:29.961+0000] {dagbag.py:537} INFO - Filling up the DagBag from /home/airflow/.local/lib/python3.7/site-packages/airflow/example_dags/example_short_circuit_decorator.py
[2023-11-20T18:50:29.993+0000] {processor.py:766} INFO - DAG(s) dict_keys(['example_short_circuit_decorator']) retrieved from /home/airflow/.local/lib/python3.7/site-packages/airflow/example_dags/example_short_circuit_decorator.py
[2023-11-20T18:50:30.043+0000] {logging_mixin.py:120} INFO - [2023-11-20T18:50:30.043+0000] {dag.py:2585} INFO - Sync 1 DAGs
[2023-11-20T18:50:30.090+0000] {logging_mixin.py:120} INFO - [2023-11-20T18:50:30.090+0000] {dag.py:3340} INFO - Setting next_dagrun for example_short_circuit_decorator to 2023-11-19T18:50:30.089877+00:00, run_after=2023-11-20T18:50:30.089877+00:00
[2023-11-20T18:50:30.138+0000] {processor.py:176} INFO - Processing /home/airflow/.local/lib/python3.7/site-packages/airflow/example_dags/example_short_circuit_decorator.py took 0.181 seconds
[2023-11-20T18:51:00.859+0000] {processor.py:154} INFO - Started process (PID=773) to work on /home/airflow/.local/lib/python3.7/site-packages/airflow/example_dags/example_short_circuit_decorator.py
[2023-11-20T18:51:00.860+0000] {processor.py:756} INFO - Processing file /home/airflow/.local/lib/python3.7/site-packages/airflow/example_dags/example_short_circuit_decorator.py for tasks to queue
[2023-11-20T18:51:00.861+0000] {logging_mixin.py:120} INFO - [2023-11-20T18:51:00.861+0000] {dagbag.py:537} INFO - Filling up the DagBag from /home/airflow/.local/lib/python3.7/site-packages/airflow/example_dags/example_short_circuit_decorator.py
[2023-11-20T18:51:00.893+0000] {processor.py:766} INFO - DAG(s) dict_keys(['example_short_circuit_decorator']) retrieved from /home/airflow/.local/lib/python3.7/site-packages/airflow/example_dags/example_short_circuit_decorator.py
[2023-11-20T18:51:00.941+0000] {logging_mixin.py:120} INFO - [2023-11-20T18:51:00.941+0000] {dag.py:2585} INFO - Sync 1 DAGs
[2023-11-20T18:51:00.975+0000] {logging_mixin.py:120} INFO - [2023-11-20T18:51:00.975+0000] {dag.py:3340} INFO - Setting next_dagrun for example_short_circuit_decorator to 2023-11-19T18:51:00.974825+00:00, run_after=2023-11-20T18:51:00.974825+00:00
[2023-11-20T18:51:01.004+0000] {processor.py:176} INFO - Processing /home/airflow/.local/lib/python3.7/site-packages/airflow/example_dags/example_short_circuit_decorator.py took 0.149 seconds
[2023-11-20T18:51:32.342+0000] {processor.py:154} INFO - Started process (PID=837) to work on /home/airflow/.local/lib/python3.7/site-packages/airflow/example_dags/example_short_circuit_decorator.py
[2023-11-20T18:51:32.348+0000] {processor.py:756} INFO - Processing file /home/airflow/.local/lib/python3.7/site-packages/airflow/example_dags/example_short_circuit_decorator.py for tasks to queue
[2023-11-20T18:51:32.349+0000] {logging_mixin.py:120} INFO - [2023-11-20T18:51:32.348+0000] {dagbag.py:537} INFO - Filling up the DagBag from /home/airflow/.local/lib/python3.7/site-packages/airflow/example_dags/example_short_circuit_decorator.py
[2023-11-20T18:51:32.418+0000] {processor.py:766} INFO - DAG(s) dict_keys(['example_short_circuit_decorator']) retrieved from /home/airflow/.local/lib/python3.7/site-packages/airflow/example_dags/example_short_circuit_decorator.py
[2023-11-20T18:51:32.623+0000] {logging_mixin.py:120} INFO - [2023-11-20T18:51:32.623+0000] {dag.py:2585} INFO - Sync 1 DAGs
[2023-11-20T18:51:32.674+0000] {logging_mixin.py:120} INFO - [2023-11-20T18:51:32.674+0000] {dag.py:3340} INFO - Setting next_dagrun for example_short_circuit_decorator to 2023-11-19T18:51:32.673834+00:00, run_after=2023-11-20T18:51:32.673834+00:00
[2023-11-20T18:51:32.701+0000] {processor.py:176} INFO - Processing /home/airflow/.local/lib/python3.7/site-packages/airflow/example_dags/example_short_circuit_decorator.py took 0.363 seconds
[2023-11-20T18:52:03.164+0000] {processor.py:154} INFO - Started process (PID=889) to work on /home/airflow/.local/lib/python3.7/site-packages/airflow/example_dags/example_short_circuit_decorator.py
[2023-11-20T18:52:03.165+0000] {processor.py:756} INFO - Processing file /home/airflow/.local/lib/python3.7/site-packages/airflow/example_dags/example_short_circuit_decorator.py for tasks to queue
[2023-11-20T18:52:03.166+0000] {logging_mixin.py:120} INFO - [2023-11-20T18:52:03.165+0000] {dagbag.py:537} INFO - Filling up the DagBag from /home/airflow/.local/lib/python3.7/site-packages/airflow/example_dags/example_short_circuit_decorator.py
[2023-11-20T18:52:03.195+0000] {processor.py:766} INFO - DAG(s) dict_keys(['example_short_circuit_decorator']) retrieved from /home/airflow/.local/lib/python3.7/site-packages/airflow/example_dags/example_short_circuit_decorator.py
[2023-11-20T18:52:03.247+0000] {logging_mixin.py:120} INFO - [2023-11-20T18:52:03.247+0000] {dag.py:2585} INFO - Sync 1 DAGs
[2023-11-20T18:52:03.280+0000] {logging_mixin.py:120} INFO - [2023-11-20T18:52:03.280+0000] {dag.py:3340} INFO - Setting next_dagrun for example_short_circuit_decorator to 2023-11-19T18:52:03.280009+00:00, run_after=2023-11-20T18:52:03.280009+00:00
[2023-11-20T18:52:03.304+0000] {processor.py:176} INFO - Processing /home/airflow/.local/lib/python3.7/site-packages/airflow/example_dags/example_short_circuit_decorator.py took 0.143 seconds
[2023-11-20T18:52:33.480+0000] {processor.py:154} INFO - Started process (PID=952) to work on /home/airflow/.local/lib/python3.7/site-packages/airflow/example_dags/example_short_circuit_decorator.py
[2023-11-20T18:52:33.481+0000] {processor.py:756} INFO - Processing file /home/airflow/.local/lib/python3.7/site-packages/airflow/example_dags/example_short_circuit_decorator.py for tasks to queue
[2023-11-20T18:52:33.482+0000] {logging_mixin.py:120} INFO - [2023-11-20T18:52:33.481+0000] {dagbag.py:537} INFO - Filling up the DagBag from /home/airflow/.local/lib/python3.7/site-packages/airflow/example_dags/example_short_circuit_decorator.py
[2023-11-20T18:52:33.534+0000] {processor.py:766} INFO - DAG(s) dict_keys(['example_short_circuit_decorator']) retrieved from /home/airflow/.local/lib/python3.7/site-packages/airflow/example_dags/example_short_circuit_decorator.py
[2023-11-20T18:52:33.642+0000] {logging_mixin.py:120} INFO - [2023-11-20T18:52:33.642+0000] {dag.py:2585} INFO - Sync 1 DAGs
[2023-11-20T18:52:33.675+0000] {logging_mixin.py:120} INFO - [2023-11-20T18:52:33.675+0000] {dag.py:3340} INFO - Setting next_dagrun for example_short_circuit_decorator to 2023-11-19T18:52:33.675098+00:00, run_after=2023-11-20T18:52:33.675098+00:00
[2023-11-20T18:52:33.703+0000] {processor.py:176} INFO - Processing /home/airflow/.local/lib/python3.7/site-packages/airflow/example_dags/example_short_circuit_decorator.py took 0.227 seconds
[2023-11-20T18:53:04.100+0000] {processor.py:154} INFO - Started process (PID=1005) to work on /home/airflow/.local/lib/python3.7/site-packages/airflow/example_dags/example_short_circuit_decorator.py
[2023-11-20T18:53:04.101+0000] {processor.py:756} INFO - Processing file /home/airflow/.local/lib/python3.7/site-packages/airflow/example_dags/example_short_circuit_decorator.py for tasks to queue
[2023-11-20T18:53:04.101+0000] {logging_mixin.py:120} INFO - [2023-11-20T18:53:04.101+0000] {dagbag.py:537} INFO - Filling up the DagBag from /home/airflow/.local/lib/python3.7/site-packages/airflow/example_dags/example_short_circuit_decorator.py
[2023-11-20T18:53:04.131+0000] {processor.py:766} INFO - DAG(s) dict_keys(['example_short_circuit_decorator']) retrieved from /home/airflow/.local/lib/python3.7/site-packages/airflow/example_dags/example_short_circuit_decorator.py
[2023-11-20T18:53:04.181+0000] {logging_mixin.py:120} INFO - [2023-11-20T18:53:04.181+0000] {dag.py:2585} INFO - Sync 1 DAGs
[2023-11-20T18:53:04.214+0000] {logging_mixin.py:120} INFO - [2023-11-20T18:53:04.214+0000] {dag.py:3340} INFO - Setting next_dagrun for example_short_circuit_decorator to 2023-11-19T18:53:04.214235+00:00, run_after=2023-11-20T18:53:04.214235+00:00
[2023-11-20T18:53:04.244+0000] {processor.py:176} INFO - Processing /home/airflow/.local/lib/python3.7/site-packages/airflow/example_dags/example_short_circuit_decorator.py took 0.147 seconds
[2023-11-20T18:53:34.453+0000] {processor.py:154} INFO - Started process (PID=1066) to work on /home/airflow/.local/lib/python3.7/site-packages/airflow/example_dags/example_short_circuit_decorator.py
[2023-11-20T18:53:34.454+0000] {processor.py:756} INFO - Processing file /home/airflow/.local/lib/python3.7/site-packages/airflow/example_dags/example_short_circuit_decorator.py for tasks to queue
[2023-11-20T18:53:34.455+0000] {logging_mixin.py:120} INFO - [2023-11-20T18:53:34.455+0000] {dagbag.py:537} INFO - Filling up the DagBag from /home/airflow/.local/lib/python3.7/site-packages/airflow/example_dags/example_short_circuit_decorator.py
[2023-11-20T18:53:34.483+0000] {processor.py:766} INFO - DAG(s) dict_keys(['example_short_circuit_decorator']) retrieved from /home/airflow/.local/lib/python3.7/site-packages/airflow/example_dags/example_short_circuit_decorator.py
[2023-11-20T18:53:34.555+0000] {logging_mixin.py:120} INFO - [2023-11-20T18:53:34.555+0000] {dag.py:2585} INFO - Sync 1 DAGs
[2023-11-20T18:53:34.591+0000] {logging_mixin.py:120} INFO - [2023-11-20T18:53:34.591+0000] {dag.py:3340} INFO - Setting next_dagrun for example_short_circuit_decorator to 2023-11-19T18:53:34.590754+00:00, run_after=2023-11-20T18:53:34.590754+00:00
[2023-11-20T18:53:34.622+0000] {processor.py:176} INFO - Processing /home/airflow/.local/lib/python3.7/site-packages/airflow/example_dags/example_short_circuit_decorator.py took 0.171 seconds
[2023-11-20T18:54:04.736+0000] {processor.py:154} INFO - Started process (PID=1120) to work on /home/airflow/.local/lib/python3.7/site-packages/airflow/example_dags/example_short_circuit_decorator.py
[2023-11-20T18:54:04.737+0000] {processor.py:756} INFO - Processing file /home/airflow/.local/lib/python3.7/site-packages/airflow/example_dags/example_short_circuit_decorator.py for tasks to queue
[2023-11-20T18:54:04.737+0000] {logging_mixin.py:120} INFO - [2023-11-20T18:54:04.737+0000] {dagbag.py:537} INFO - Filling up the DagBag from /home/airflow/.local/lib/python3.7/site-packages/airflow/example_dags/example_short_circuit_decorator.py
[2023-11-20T18:54:04.768+0000] {processor.py:766} INFO - DAG(s) dict_keys(['example_short_circuit_decorator']) retrieved from /home/airflow/.local/lib/python3.7/site-packages/airflow/example_dags/example_short_circuit_decorator.py
[2023-11-20T18:54:04.820+0000] {logging_mixin.py:120} INFO - [2023-11-20T18:54:04.820+0000] {dag.py:2585} INFO - Sync 1 DAGs
[2023-11-20T18:54:04.854+0000] {logging_mixin.py:120} INFO - [2023-11-20T18:54:04.854+0000] {dag.py:3340} INFO - Setting next_dagrun for example_short_circuit_decorator to 2023-11-19T18:54:04.853869+00:00, run_after=2023-11-20T18:54:04.853869+00:00
[2023-11-20T18:54:04.881+0000] {processor.py:176} INFO - Processing /home/airflow/.local/lib/python3.7/site-packages/airflow/example_dags/example_short_circuit_decorator.py took 0.150 seconds
[2023-11-20T18:54:35.308+0000] {processor.py:154} INFO - Started process (PID=1181) to work on /home/airflow/.local/lib/python3.7/site-packages/airflow/example_dags/example_short_circuit_decorator.py
[2023-11-20T18:54:35.310+0000] {processor.py:756} INFO - Processing file /home/airflow/.local/lib/python3.7/site-packages/airflow/example_dags/example_short_circuit_decorator.py for tasks to queue
[2023-11-20T18:54:35.312+0000] {logging_mixin.py:120} INFO - [2023-11-20T18:54:35.312+0000] {dagbag.py:537} INFO - Filling up the DagBag from /home/airflow/.local/lib/python3.7/site-packages/airflow/example_dags/example_short_circuit_decorator.py
[2023-11-20T18:54:35.343+0000] {processor.py:766} INFO - DAG(s) dict_keys(['example_short_circuit_decorator']) retrieved from /home/airflow/.local/lib/python3.7/site-packages/airflow/example_dags/example_short_circuit_decorator.py
[2023-11-20T18:54:35.393+0000] {logging_mixin.py:120} INFO - [2023-11-20T18:54:35.393+0000] {dag.py:2585} INFO - Sync 1 DAGs
[2023-11-20T18:54:35.421+0000] {logging_mixin.py:120} INFO - [2023-11-20T18:54:35.421+0000] {dag.py:3340} INFO - Setting next_dagrun for example_short_circuit_decorator to 2023-11-19T18:54:35.421308+00:00, run_after=2023-11-20T18:54:35.421308+00:00
[2023-11-20T18:54:35.453+0000] {processor.py:176} INFO - Processing /home/airflow/.local/lib/python3.7/site-packages/airflow/example_dags/example_short_circuit_decorator.py took 0.149 seconds
[2023-11-20T18:55:05.975+0000] {processor.py:154} INFO - Started process (PID=1235) to work on /home/airflow/.local/lib/python3.7/site-packages/airflow/example_dags/example_short_circuit_decorator.py
[2023-11-20T18:55:05.976+0000] {processor.py:756} INFO - Processing file /home/airflow/.local/lib/python3.7/site-packages/airflow/example_dags/example_short_circuit_decorator.py for tasks to queue
[2023-11-20T18:55:05.976+0000] {logging_mixin.py:120} INFO - [2023-11-20T18:55:05.976+0000] {dagbag.py:537} INFO - Filling up the DagBag from /home/airflow/.local/lib/python3.7/site-packages/airflow/example_dags/example_short_circuit_decorator.py
[2023-11-20T18:55:06.006+0000] {processor.py:766} INFO - DAG(s) dict_keys(['example_short_circuit_decorator']) retrieved from /home/airflow/.local/lib/python3.7/site-packages/airflow/example_dags/example_short_circuit_decorator.py
[2023-11-20T18:55:06.055+0000] {logging_mixin.py:120} INFO - [2023-11-20T18:55:06.055+0000] {dag.py:2585} INFO - Sync 1 DAGs
[2023-11-20T18:55:06.086+0000] {logging_mixin.py:120} INFO - [2023-11-20T18:55:06.086+0000] {dag.py:3340} INFO - Setting next_dagrun for example_short_circuit_decorator to 2023-11-19T18:55:06.085771+00:00, run_after=2023-11-20T18:55:06.085771+00:00
[2023-11-20T18:55:06.116+0000] {processor.py:176} INFO - Processing /home/airflow/.local/lib/python3.7/site-packages/airflow/example_dags/example_short_circuit_decorator.py took 0.146 seconds
[2023-11-20T18:55:36.484+0000] {processor.py:154} INFO - Started process (PID=1299) to work on /home/airflow/.local/lib/python3.7/site-packages/airflow/example_dags/example_short_circuit_decorator.py
[2023-11-20T18:55:36.485+0000] {processor.py:756} INFO - Processing file /home/airflow/.local/lib/python3.7/site-packages/airflow/example_dags/example_short_circuit_decorator.py for tasks to queue
[2023-11-20T18:55:36.486+0000] {logging_mixin.py:120} INFO - [2023-11-20T18:55:36.486+0000] {dagbag.py:537} INFO - Filling up the DagBag from /home/airflow/.local/lib/python3.7/site-packages/airflow/example_dags/example_short_circuit_decorator.py
[2023-11-20T18:55:36.517+0000] {processor.py:766} INFO - DAG(s) dict_keys(['example_short_circuit_decorator']) retrieved from /home/airflow/.local/lib/python3.7/site-packages/airflow/example_dags/example_short_circuit_decorator.py
[2023-11-20T18:55:36.565+0000] {logging_mixin.py:120} INFO - [2023-11-20T18:55:36.564+0000] {dag.py:2585} INFO - Sync 1 DAGs
[2023-11-20T18:55:36.597+0000] {logging_mixin.py:120} INFO - [2023-11-20T18:55:36.597+0000] {dag.py:3340} INFO - Setting next_dagrun for example_short_circuit_decorator to 2023-11-19T18:55:36.597244+00:00, run_after=2023-11-20T18:55:36.597244+00:00
[2023-11-20T18:55:36.627+0000] {processor.py:176} INFO - Processing /home/airflow/.local/lib/python3.7/site-packages/airflow/example_dags/example_short_circuit_decorator.py took 0.147 seconds
[2023-11-20T18:56:08.419+0000] {processor.py:154} INFO - Started process (PID=1355) to work on /home/airflow/.local/lib/python3.7/site-packages/airflow/example_dags/example_short_circuit_decorator.py
[2023-11-20T18:56:08.420+0000] {processor.py:756} INFO - Processing file /home/airflow/.local/lib/python3.7/site-packages/airflow/example_dags/example_short_circuit_decorator.py for tasks to queue
[2023-11-20T18:56:08.421+0000] {logging_mixin.py:120} INFO - [2023-11-20T18:56:08.421+0000] {dagbag.py:537} INFO - Filling up the DagBag from /home/airflow/.local/lib/python3.7/site-packages/airflow/example_dags/example_short_circuit_decorator.py
[2023-11-20T18:56:08.451+0000] {processor.py:766} INFO - DAG(s) dict_keys(['example_short_circuit_decorator']) retrieved from /home/airflow/.local/lib/python3.7/site-packages/airflow/example_dags/example_short_circuit_decorator.py
[2023-11-20T18:56:08.526+0000] {logging_mixin.py:120} INFO - [2023-11-20T18:56:08.526+0000] {dag.py:2585} INFO - Sync 1 DAGs
[2023-11-20T18:56:08.560+0000] {logging_mixin.py:120} INFO - [2023-11-20T18:56:08.560+0000] {dag.py:3340} INFO - Setting next_dagrun for example_short_circuit_decorator to 2023-11-19T18:56:08.559915+00:00, run_after=2023-11-20T18:56:08.559915+00:00
[2023-11-20T18:56:08.590+0000] {processor.py:176} INFO - Processing /home/airflow/.local/lib/python3.7/site-packages/airflow/example_dags/example_short_circuit_decorator.py took 0.175 seconds
[2023-11-20T18:56:39.216+0000] {processor.py:154} INFO - Started process (PID=1418) to work on /home/airflow/.local/lib/python3.7/site-packages/airflow/example_dags/example_short_circuit_decorator.py
[2023-11-20T18:56:39.217+0000] {processor.py:756} INFO - Processing file /home/airflow/.local/lib/python3.7/site-packages/airflow/example_dags/example_short_circuit_decorator.py for tasks to queue
[2023-11-20T18:56:39.218+0000] {logging_mixin.py:120} INFO - [2023-11-20T18:56:39.217+0000] {dagbag.py:537} INFO - Filling up the DagBag from /home/airflow/.local/lib/python3.7/site-packages/airflow/example_dags/example_short_circuit_decorator.py
[2023-11-20T18:56:39.247+0000] {processor.py:766} INFO - DAG(s) dict_keys(['example_short_circuit_decorator']) retrieved from /home/airflow/.local/lib/python3.7/site-packages/airflow/example_dags/example_short_circuit_decorator.py
[2023-11-20T18:56:39.298+0000] {logging_mixin.py:120} INFO - [2023-11-20T18:56:39.298+0000] {dag.py:2585} INFO - Sync 1 DAGs
[2023-11-20T18:56:39.333+0000] {logging_mixin.py:120} INFO - [2023-11-20T18:56:39.333+0000] {dag.py:3340} INFO - Setting next_dagrun for example_short_circuit_decorator to 2023-11-19T18:56:39.332748+00:00, run_after=2023-11-20T18:56:39.332748+00:00
[2023-11-20T18:56:39.359+0000] {processor.py:176} INFO - Processing /home/airflow/.local/lib/python3.7/site-packages/airflow/example_dags/example_short_circuit_decorator.py took 0.146 seconds
[2023-11-20T18:57:09.768+0000] {processor.py:154} INFO - Started process (PID=1471) to work on /home/airflow/.local/lib/python3.7/site-packages/airflow/example_dags/example_short_circuit_decorator.py
[2023-11-20T18:57:09.769+0000] {processor.py:756} INFO - Processing file /home/airflow/.local/lib/python3.7/site-packages/airflow/example_dags/example_short_circuit_decorator.py for tasks to queue
[2023-11-20T18:57:09.769+0000] {logging_mixin.py:120} INFO - [2023-11-20T18:57:09.769+0000] {dagbag.py:537} INFO - Filling up the DagBag from /home/airflow/.local/lib/python3.7/site-packages/airflow/example_dags/example_short_circuit_decorator.py
[2023-11-20T18:57:09.800+0000] {processor.py:766} INFO - DAG(s) dict_keys(['example_short_circuit_decorator']) retrieved from /home/airflow/.local/lib/python3.7/site-packages/airflow/example_dags/example_short_circuit_decorator.py
[2023-11-20T18:57:09.850+0000] {logging_mixin.py:120} INFO - [2023-11-20T18:57:09.849+0000] {dag.py:2585} INFO - Sync 1 DAGs
[2023-11-20T18:57:09.881+0000] {logging_mixin.py:120} INFO - [2023-11-20T18:57:09.881+0000] {dag.py:3340} INFO - Setting next_dagrun for example_short_circuit_decorator to 2023-11-19T18:57:09.881289+00:00, run_after=2023-11-20T18:57:09.881289+00:00
[2023-11-20T18:57:09.913+0000] {processor.py:176} INFO - Processing /home/airflow/.local/lib/python3.7/site-packages/airflow/example_dags/example_short_circuit_decorator.py took 0.149 seconds
[2023-11-20T18:57:41.341+0000] {processor.py:154} INFO - Started process (PID=1534) to work on /home/airflow/.local/lib/python3.7/site-packages/airflow/example_dags/example_short_circuit_decorator.py
[2023-11-20T18:57:41.342+0000] {processor.py:756} INFO - Processing file /home/airflow/.local/lib/python3.7/site-packages/airflow/example_dags/example_short_circuit_decorator.py for tasks to queue
[2023-11-20T18:57:41.343+0000] {logging_mixin.py:120} INFO - [2023-11-20T18:57:41.343+0000] {dagbag.py:537} INFO - Filling up the DagBag from /home/airflow/.local/lib/python3.7/site-packages/airflow/example_dags/example_short_circuit_decorator.py
[2023-11-20T18:57:41.375+0000] {processor.py:766} INFO - DAG(s) dict_keys(['example_short_circuit_decorator']) retrieved from /home/airflow/.local/lib/python3.7/site-packages/airflow/example_dags/example_short_circuit_decorator.py
[2023-11-20T18:57:41.438+0000] {logging_mixin.py:120} INFO - [2023-11-20T18:57:41.438+0000] {dag.py:2585} INFO - Sync 1 DAGs
[2023-11-20T18:57:41.487+0000] {logging_mixin.py:120} INFO - [2023-11-20T18:57:41.487+0000] {dag.py:3340} INFO - Setting next_dagrun for example_short_circuit_decorator to 2023-11-19T18:57:41.487417+00:00, run_after=2023-11-20T18:57:41.487417+00:00
[2023-11-20T18:57:41.529+0000] {processor.py:176} INFO - Processing /home/airflow/.local/lib/python3.7/site-packages/airflow/example_dags/example_short_circuit_decorator.py took 0.192 seconds
[2023-11-20T18:58:12.406+0000] {processor.py:154} INFO - Started process (PID=1596) to work on /home/airflow/.local/lib/python3.7/site-packages/airflow/example_dags/example_short_circuit_decorator.py
[2023-11-20T18:58:12.408+0000] {processor.py:756} INFO - Processing file /home/airflow/.local/lib/python3.7/site-packages/airflow/example_dags/example_short_circuit_decorator.py for tasks to queue
[2023-11-20T18:58:12.409+0000] {logging_mixin.py:120} INFO - [2023-11-20T18:58:12.409+0000] {dagbag.py:537} INFO - Filling up the DagBag from /home/airflow/.local/lib/python3.7/site-packages/airflow/example_dags/example_short_circuit_decorator.py
[2023-11-20T18:58:12.440+0000] {processor.py:766} INFO - DAG(s) dict_keys(['example_short_circuit_decorator']) retrieved from /home/airflow/.local/lib/python3.7/site-packages/airflow/example_dags/example_short_circuit_decorator.py
[2023-11-20T18:58:12.534+0000] {logging_mixin.py:120} INFO - [2023-11-20T18:58:12.533+0000] {dag.py:2585} INFO - Sync 1 DAGs
[2023-11-20T18:58:12.567+0000] {logging_mixin.py:120} INFO - [2023-11-20T18:58:12.566+0000] {dag.py:3340} INFO - Setting next_dagrun for example_short_circuit_decorator to 2023-11-19T18:58:12.566688+00:00, run_after=2023-11-20T18:58:12.566688+00:00
[2023-11-20T18:58:12.594+0000] {processor.py:176} INFO - Processing /home/airflow/.local/lib/python3.7/site-packages/airflow/example_dags/example_short_circuit_decorator.py took 0.198 seconds
[2023-11-20T18:58:43.065+0000] {processor.py:154} INFO - Started process (PID=1650) to work on /home/airflow/.local/lib/python3.7/site-packages/airflow/example_dags/example_short_circuit_decorator.py
[2023-11-20T18:58:43.066+0000] {processor.py:756} INFO - Processing file /home/airflow/.local/lib/python3.7/site-packages/airflow/example_dags/example_short_circuit_decorator.py for tasks to queue
[2023-11-20T18:58:43.066+0000] {logging_mixin.py:120} INFO - [2023-11-20T18:58:43.066+0000] {dagbag.py:537} INFO - Filling up the DagBag from /home/airflow/.local/lib/python3.7/site-packages/airflow/example_dags/example_short_circuit_decorator.py
[2023-11-20T18:58:43.121+0000] {processor.py:766} INFO - DAG(s) dict_keys(['example_short_circuit_decorator']) retrieved from /home/airflow/.local/lib/python3.7/site-packages/airflow/example_dags/example_short_circuit_decorator.py
[2023-11-20T18:58:43.255+0000] {logging_mixin.py:120} INFO - [2023-11-20T18:58:43.255+0000] {dag.py:2585} INFO - Sync 1 DAGs
[2023-11-20T18:58:43.297+0000] {logging_mixin.py:120} INFO - [2023-11-20T18:58:43.296+0000] {dag.py:3340} INFO - Setting next_dagrun for example_short_circuit_decorator to 2023-11-19T18:58:43.296692+00:00, run_after=2023-11-20T18:58:43.296692+00:00
[2023-11-20T18:58:43.356+0000] {processor.py:176} INFO - Processing /home/airflow/.local/lib/python3.7/site-packages/airflow/example_dags/example_short_circuit_decorator.py took 0.294 seconds
[2023-11-20T18:59:13.795+0000] {processor.py:154} INFO - Started process (PID=1713) to work on /home/airflow/.local/lib/python3.7/site-packages/airflow/example_dags/example_short_circuit_decorator.py
[2023-11-20T18:59:13.796+0000] {processor.py:756} INFO - Processing file /home/airflow/.local/lib/python3.7/site-packages/airflow/example_dags/example_short_circuit_decorator.py for tasks to queue
[2023-11-20T18:59:13.797+0000] {logging_mixin.py:120} INFO - [2023-11-20T18:59:13.797+0000] {dagbag.py:537} INFO - Filling up the DagBag from /home/airflow/.local/lib/python3.7/site-packages/airflow/example_dags/example_short_circuit_decorator.py
[2023-11-20T18:59:13.831+0000] {processor.py:766} INFO - DAG(s) dict_keys(['example_short_circuit_decorator']) retrieved from /home/airflow/.local/lib/python3.7/site-packages/airflow/example_dags/example_short_circuit_decorator.py
[2023-11-20T18:59:13.899+0000] {logging_mixin.py:120} INFO - [2023-11-20T18:59:13.899+0000] {dag.py:2585} INFO - Sync 1 DAGs
[2023-11-20T18:59:13.933+0000] {logging_mixin.py:120} INFO - [2023-11-20T18:59:13.933+0000] {dag.py:3340} INFO - Setting next_dagrun for example_short_circuit_decorator to 2023-11-19T18:59:13.933266+00:00, run_after=2023-11-20T18:59:13.933266+00:00
[2023-11-20T18:59:13.961+0000] {processor.py:176} INFO - Processing /home/airflow/.local/lib/python3.7/site-packages/airflow/example_dags/example_short_circuit_decorator.py took 0.168 seconds
[2023-11-20T18:59:45.442+0000] {processor.py:154} INFO - Started process (PID=1777) to work on /home/airflow/.local/lib/python3.7/site-packages/airflow/example_dags/example_short_circuit_decorator.py
[2023-11-20T18:59:45.451+0000] {processor.py:756} INFO - Processing file /home/airflow/.local/lib/python3.7/site-packages/airflow/example_dags/example_short_circuit_decorator.py for tasks to queue
[2023-11-20T18:59:45.454+0000] {logging_mixin.py:120} INFO - [2023-11-20T18:59:45.454+0000] {dagbag.py:537} INFO - Filling up the DagBag from /home/airflow/.local/lib/python3.7/site-packages/airflow/example_dags/example_short_circuit_decorator.py
[2023-11-20T18:59:45.543+0000] {processor.py:766} INFO - DAG(s) dict_keys(['example_short_circuit_decorator']) retrieved from /home/airflow/.local/lib/python3.7/site-packages/airflow/example_dags/example_short_circuit_decorator.py
[2023-11-20T18:59:45.615+0000] {logging_mixin.py:120} INFO - [2023-11-20T18:59:45.615+0000] {dag.py:2585} INFO - Sync 1 DAGs
[2023-11-20T18:59:45.691+0000] {logging_mixin.py:120} INFO - [2023-11-20T18:59:45.691+0000] {dag.py:3340} INFO - Setting next_dagrun for example_short_circuit_decorator to 2023-11-19T18:59:45.691089+00:00, run_after=2023-11-20T18:59:45.691089+00:00
[2023-11-20T18:59:45.751+0000] {processor.py:176} INFO - Processing /home/airflow/.local/lib/python3.7/site-packages/airflow/example_dags/example_short_circuit_decorator.py took 0.312 seconds
[2023-11-20T19:00:16.782+0000] {processor.py:154} INFO - Started process (PID=1831) to work on /home/airflow/.local/lib/python3.7/site-packages/airflow/example_dags/example_short_circuit_decorator.py
[2023-11-20T19:00:16.784+0000] {processor.py:756} INFO - Processing file /home/airflow/.local/lib/python3.7/site-packages/airflow/example_dags/example_short_circuit_decorator.py for tasks to queue
[2023-11-20T19:00:16.784+0000] {logging_mixin.py:120} INFO - [2023-11-20T19:00:16.784+0000] {dagbag.py:537} INFO - Filling up the DagBag from /home/airflow/.local/lib/python3.7/site-packages/airflow/example_dags/example_short_circuit_decorator.py
[2023-11-20T19:00:16.813+0000] {processor.py:766} INFO - DAG(s) dict_keys(['example_short_circuit_decorator']) retrieved from /home/airflow/.local/lib/python3.7/site-packages/airflow/example_dags/example_short_circuit_decorator.py
[2023-11-20T19:00:16.865+0000] {logging_mixin.py:120} INFO - [2023-11-20T19:00:16.865+0000] {dag.py:2585} INFO - Sync 1 DAGs
[2023-11-20T19:00:16.899+0000] {logging_mixin.py:120} INFO - [2023-11-20T19:00:16.899+0000] {dag.py:3340} INFO - Setting next_dagrun for example_short_circuit_decorator to 2023-11-19T19:00:16.899198+00:00, run_after=2023-11-20T19:00:16.899198+00:00
[2023-11-20T19:00:16.965+0000] {processor.py:176} INFO - Processing /home/airflow/.local/lib/python3.7/site-packages/airflow/example_dags/example_short_circuit_decorator.py took 0.187 seconds
[2023-11-20T19:00:47.705+0000] {processor.py:154} INFO - Started process (PID=1896) to work on /home/airflow/.local/lib/python3.7/site-packages/airflow/example_dags/example_short_circuit_decorator.py
[2023-11-20T19:00:47.717+0000] {processor.py:756} INFO - Processing file /home/airflow/.local/lib/python3.7/site-packages/airflow/example_dags/example_short_circuit_decorator.py for tasks to queue
[2023-11-20T19:00:47.718+0000] {logging_mixin.py:120} INFO - [2023-11-20T19:00:47.718+0000] {dagbag.py:537} INFO - Filling up the DagBag from /home/airflow/.local/lib/python3.7/site-packages/airflow/example_dags/example_short_circuit_decorator.py
[2023-11-20T19:00:47.766+0000] {processor.py:766} INFO - DAG(s) dict_keys(['example_short_circuit_decorator']) retrieved from /home/airflow/.local/lib/python3.7/site-packages/airflow/example_dags/example_short_circuit_decorator.py
[2023-11-20T19:00:47.854+0000] {logging_mixin.py:120} INFO - [2023-11-20T19:00:47.854+0000] {dag.py:2585} INFO - Sync 1 DAGs
[2023-11-20T19:00:47.938+0000] {logging_mixin.py:120} INFO - [2023-11-20T19:00:47.937+0000] {dag.py:3340} INFO - Setting next_dagrun for example_short_circuit_decorator to 2023-11-19T19:00:47.937689+00:00, run_after=2023-11-20T19:00:47.937689+00:00
[2023-11-20T19:00:47.981+0000] {processor.py:176} INFO - Processing /home/airflow/.local/lib/python3.7/site-packages/airflow/example_dags/example_short_circuit_decorator.py took 0.281 seconds
[2023-11-20T19:01:19.087+0000] {processor.py:154} INFO - Started process (PID=1961) to work on /home/airflow/.local/lib/python3.7/site-packages/airflow/example_dags/example_short_circuit_decorator.py
[2023-11-20T19:01:19.088+0000] {processor.py:756} INFO - Processing file /home/airflow/.local/lib/python3.7/site-packages/airflow/example_dags/example_short_circuit_decorator.py for tasks to queue
[2023-11-20T19:01:19.088+0000] {logging_mixin.py:120} INFO - [2023-11-20T19:01:19.088+0000] {dagbag.py:537} INFO - Filling up the DagBag from /home/airflow/.local/lib/python3.7/site-packages/airflow/example_dags/example_short_circuit_decorator.py
[2023-11-20T19:01:19.118+0000] {processor.py:766} INFO - DAG(s) dict_keys(['example_short_circuit_decorator']) retrieved from /home/airflow/.local/lib/python3.7/site-packages/airflow/example_dags/example_short_circuit_decorator.py
[2023-11-20T19:01:19.192+0000] {logging_mixin.py:120} INFO - [2023-11-20T19:01:19.192+0000] {dag.py:2585} INFO - Sync 1 DAGs
[2023-11-20T19:01:19.224+0000] {logging_mixin.py:120} INFO - [2023-11-20T19:01:19.224+0000] {dag.py:3340} INFO - Setting next_dagrun for example_short_circuit_decorator to 2023-11-19T19:01:19.224360+00:00, run_after=2023-11-20T19:01:19.224360+00:00
[2023-11-20T19:01:19.268+0000] {processor.py:176} INFO - Processing /home/airflow/.local/lib/python3.7/site-packages/airflow/example_dags/example_short_circuit_decorator.py took 0.184 seconds
[2023-11-20T19:01:50.652+0000] {processor.py:154} INFO - Started process (PID=2016) to work on /home/airflow/.local/lib/python3.7/site-packages/airflow/example_dags/example_short_circuit_decorator.py
[2023-11-20T19:01:50.653+0000] {processor.py:756} INFO - Processing file /home/airflow/.local/lib/python3.7/site-packages/airflow/example_dags/example_short_circuit_decorator.py for tasks to queue
[2023-11-20T19:01:50.654+0000] {logging_mixin.py:120} INFO - [2023-11-20T19:01:50.653+0000] {dagbag.py:537} INFO - Filling up the DagBag from /home/airflow/.local/lib/python3.7/site-packages/airflow/example_dags/example_short_circuit_decorator.py
[2023-11-20T19:01:50.686+0000] {processor.py:766} INFO - DAG(s) dict_keys(['example_short_circuit_decorator']) retrieved from /home/airflow/.local/lib/python3.7/site-packages/airflow/example_dags/example_short_circuit_decorator.py
[2023-11-20T19:01:50.743+0000] {logging_mixin.py:120} INFO - [2023-11-20T19:01:50.742+0000] {dag.py:2585} INFO - Sync 1 DAGs
[2023-11-20T19:01:50.785+0000] {logging_mixin.py:120} INFO - [2023-11-20T19:01:50.785+0000] {dag.py:3340} INFO - Setting next_dagrun for example_short_circuit_decorator to 2023-11-19T19:01:50.785518+00:00, run_after=2023-11-20T19:01:50.785518+00:00
[2023-11-20T19:01:50.833+0000] {processor.py:176} INFO - Processing /home/airflow/.local/lib/python3.7/site-packages/airflow/example_dags/example_short_circuit_decorator.py took 0.188 seconds
[2023-11-20T19:02:21.058+0000] {processor.py:154} INFO - Started process (PID=2079) to work on /home/airflow/.local/lib/python3.7/site-packages/airflow/example_dags/example_short_circuit_decorator.py
[2023-11-20T19:02:21.059+0000] {processor.py:756} INFO - Processing file /home/airflow/.local/lib/python3.7/site-packages/airflow/example_dags/example_short_circuit_decorator.py for tasks to queue
[2023-11-20T19:02:21.060+0000] {logging_mixin.py:120} INFO - [2023-11-20T19:02:21.060+0000] {dagbag.py:537} INFO - Filling up the DagBag from /home/airflow/.local/lib/python3.7/site-packages/airflow/example_dags/example_short_circuit_decorator.py
[2023-11-20T19:02:21.087+0000] {processor.py:766} INFO - DAG(s) dict_keys(['example_short_circuit_decorator']) retrieved from /home/airflow/.local/lib/python3.7/site-packages/airflow/example_dags/example_short_circuit_decorator.py
[2023-11-20T19:02:21.123+0000] {logging_mixin.py:120} INFO - [2023-11-20T19:02:21.123+0000] {dag.py:2585} INFO - Sync 1 DAGs
[2023-11-20T19:02:21.146+0000] {logging_mixin.py:120} INFO - [2023-11-20T19:02:21.146+0000] {dag.py:3340} INFO - Setting next_dagrun for example_short_circuit_decorator to 2023-11-19T19:02:21.146273+00:00, run_after=2023-11-20T19:02:21.146273+00:00
[2023-11-20T19:02:21.168+0000] {processor.py:176} INFO - Processing /home/airflow/.local/lib/python3.7/site-packages/airflow/example_dags/example_short_circuit_decorator.py took 0.114 seconds
[2023-11-20T19:02:51.958+0000] {processor.py:154} INFO - Started process (PID=2144) to work on /home/airflow/.local/lib/python3.7/site-packages/airflow/example_dags/example_short_circuit_decorator.py
[2023-11-20T19:02:51.961+0000] {processor.py:756} INFO - Processing file /home/airflow/.local/lib/python3.7/site-packages/airflow/example_dags/example_short_circuit_decorator.py for tasks to queue
[2023-11-20T19:02:51.962+0000] {logging_mixin.py:120} INFO - [2023-11-20T19:02:51.962+0000] {dagbag.py:537} INFO - Filling up the DagBag from /home/airflow/.local/lib/python3.7/site-packages/airflow/example_dags/example_short_circuit_decorator.py
[2023-11-20T19:02:51.992+0000] {processor.py:766} INFO - DAG(s) dict_keys(['example_short_circuit_decorator']) retrieved from /home/airflow/.local/lib/python3.7/site-packages/airflow/example_dags/example_short_circuit_decorator.py
[2023-11-20T19:02:52.042+0000] {logging_mixin.py:120} INFO - [2023-11-20T19:02:52.041+0000] {dag.py:2585} INFO - Sync 1 DAGs
[2023-11-20T19:02:52.073+0000] {logging_mixin.py:120} INFO - [2023-11-20T19:02:52.073+0000] {dag.py:3340} INFO - Setting next_dagrun for example_short_circuit_decorator to 2023-11-19T19:02:52.073033+00:00, run_after=2023-11-20T19:02:52.073033+00:00
[2023-11-20T19:02:52.105+0000] {processor.py:176} INFO - Processing /home/airflow/.local/lib/python3.7/site-packages/airflow/example_dags/example_short_circuit_decorator.py took 0.149 seconds
[2023-11-20T19:03:23.846+0000] {processor.py:154} INFO - Started process (PID=2197) to work on /home/airflow/.local/lib/python3.7/site-packages/airflow/example_dags/example_short_circuit_decorator.py
[2023-11-20T19:03:23.851+0000] {processor.py:756} INFO - Processing file /home/airflow/.local/lib/python3.7/site-packages/airflow/example_dags/example_short_circuit_decorator.py for tasks to queue
[2023-11-20T19:03:23.852+0000] {logging_mixin.py:120} INFO - [2023-11-20T19:03:23.851+0000] {dagbag.py:537} INFO - Filling up the DagBag from /home/airflow/.local/lib/python3.7/site-packages/airflow/example_dags/example_short_circuit_decorator.py
[2023-11-20T19:03:23.948+0000] {processor.py:766} INFO - DAG(s) dict_keys(['example_short_circuit_decorator']) retrieved from /home/airflow/.local/lib/python3.7/site-packages/airflow/example_dags/example_short_circuit_decorator.py
[2023-11-20T19:03:24.132+0000] {logging_mixin.py:120} INFO - [2023-11-20T19:03:24.131+0000] {dag.py:2585} INFO - Sync 1 DAGs
[2023-11-20T19:03:24.236+0000] {logging_mixin.py:120} INFO - [2023-11-20T19:03:24.236+0000] {dag.py:3340} INFO - Setting next_dagrun for example_short_circuit_decorator to 2023-11-19T19:03:24.236348+00:00, run_after=2023-11-20T19:03:24.236348+00:00
[2023-11-20T19:03:24.356+0000] {processor.py:176} INFO - Processing /home/airflow/.local/lib/python3.7/site-packages/airflow/example_dags/example_short_circuit_decorator.py took 0.516 seconds
[2023-11-20T19:03:54.666+0000] {processor.py:154} INFO - Started process (PID=2261) to work on /home/airflow/.local/lib/python3.7/site-packages/airflow/example_dags/example_short_circuit_decorator.py
[2023-11-20T19:03:54.667+0000] {processor.py:756} INFO - Processing file /home/airflow/.local/lib/python3.7/site-packages/airflow/example_dags/example_short_circuit_decorator.py for tasks to queue
[2023-11-20T19:03:54.668+0000] {logging_mixin.py:120} INFO - [2023-11-20T19:03:54.668+0000] {dagbag.py:537} INFO - Filling up the DagBag from /home/airflow/.local/lib/python3.7/site-packages/airflow/example_dags/example_short_circuit_decorator.py
[2023-11-20T19:03:54.706+0000] {processor.py:766} INFO - DAG(s) dict_keys(['example_short_circuit_decorator']) retrieved from /home/airflow/.local/lib/python3.7/site-packages/airflow/example_dags/example_short_circuit_decorator.py
[2023-11-20T19:03:54.757+0000] {logging_mixin.py:120} INFO - [2023-11-20T19:03:54.756+0000] {dag.py:2585} INFO - Sync 1 DAGs
[2023-11-20T19:03:54.791+0000] {logging_mixin.py:120} INFO - [2023-11-20T19:03:54.791+0000] {dag.py:3340} INFO - Setting next_dagrun for example_short_circuit_decorator to 2023-11-19T19:03:54.790975+00:00, run_after=2023-11-20T19:03:54.790975+00:00
[2023-11-20T19:03:54.817+0000] {processor.py:176} INFO - Processing /home/airflow/.local/lib/python3.7/site-packages/airflow/example_dags/example_short_circuit_decorator.py took 0.155 seconds
[2023-11-20T19:04:26.211+0000] {processor.py:154} INFO - Started process (PID=2315) to work on /home/airflow/.local/lib/python3.7/site-packages/airflow/example_dags/example_short_circuit_decorator.py
[2023-11-20T19:04:26.222+0000] {processor.py:756} INFO - Processing file /home/airflow/.local/lib/python3.7/site-packages/airflow/example_dags/example_short_circuit_decorator.py for tasks to queue
[2023-11-20T19:04:26.223+0000] {logging_mixin.py:120} INFO - [2023-11-20T19:04:26.223+0000] {dagbag.py:537} INFO - Filling up the DagBag from /home/airflow/.local/lib/python3.7/site-packages/airflow/example_dags/example_short_circuit_decorator.py
[2023-11-20T19:04:26.255+0000] {processor.py:766} INFO - DAG(s) dict_keys(['example_short_circuit_decorator']) retrieved from /home/airflow/.local/lib/python3.7/site-packages/airflow/example_dags/example_short_circuit_decorator.py
[2023-11-20T19:04:26.304+0000] {logging_mixin.py:120} INFO - [2023-11-20T19:04:26.304+0000] {dag.py:2585} INFO - Sync 1 DAGs
[2023-11-20T19:04:26.343+0000] {logging_mixin.py:120} INFO - [2023-11-20T19:04:26.343+0000] {dag.py:3340} INFO - Setting next_dagrun for example_short_circuit_decorator to 2023-11-19T19:04:26.342958+00:00, run_after=2023-11-20T19:04:26.342958+00:00
[2023-11-20T19:04:26.370+0000] {processor.py:176} INFO - Processing /home/airflow/.local/lib/python3.7/site-packages/airflow/example_dags/example_short_circuit_decorator.py took 0.163 seconds
[2023-11-20T19:04:56.495+0000] {processor.py:154} INFO - Started process (PID=2376) to work on /home/airflow/.local/lib/python3.7/site-packages/airflow/example_dags/example_short_circuit_decorator.py
[2023-11-20T19:04:56.496+0000] {processor.py:756} INFO - Processing file /home/airflow/.local/lib/python3.7/site-packages/airflow/example_dags/example_short_circuit_decorator.py for tasks to queue
[2023-11-20T19:04:56.497+0000] {logging_mixin.py:120} INFO - [2023-11-20T19:04:56.497+0000] {dagbag.py:537} INFO - Filling up the DagBag from /home/airflow/.local/lib/python3.7/site-packages/airflow/example_dags/example_short_circuit_decorator.py
[2023-11-20T19:04:56.526+0000] {processor.py:766} INFO - DAG(s) dict_keys(['example_short_circuit_decorator']) retrieved from /home/airflow/.local/lib/python3.7/site-packages/airflow/example_dags/example_short_circuit_decorator.py
[2023-11-20T19:04:56.642+0000] {logging_mixin.py:120} INFO - [2023-11-20T19:04:56.642+0000] {dag.py:2585} INFO - Sync 1 DAGs
[2023-11-20T19:04:56.674+0000] {logging_mixin.py:120} INFO - [2023-11-20T19:04:56.674+0000] {dag.py:3340} INFO - Setting next_dagrun for example_short_circuit_decorator to 2023-11-19T19:04:56.674405+00:00, run_after=2023-11-20T19:04:56.674405+00:00
[2023-11-20T19:04:56.719+0000] {processor.py:176} INFO - Processing /home/airflow/.local/lib/python3.7/site-packages/airflow/example_dags/example_short_circuit_decorator.py took 0.227 seconds
[2023-11-20T19:05:27.283+0000] {processor.py:154} INFO - Started process (PID=2439) to work on /home/airflow/.local/lib/python3.7/site-packages/airflow/example_dags/example_short_circuit_decorator.py
[2023-11-20T19:05:27.296+0000] {processor.py:756} INFO - Processing file /home/airflow/.local/lib/python3.7/site-packages/airflow/example_dags/example_short_circuit_decorator.py for tasks to queue
[2023-11-20T19:05:27.297+0000] {logging_mixin.py:120} INFO - [2023-11-20T19:05:27.296+0000] {dagbag.py:537} INFO - Filling up the DagBag from /home/airflow/.local/lib/python3.7/site-packages/airflow/example_dags/example_short_circuit_decorator.py
[2023-11-20T19:05:27.329+0000] {processor.py:766} INFO - DAG(s) dict_keys(['example_short_circuit_decorator']) retrieved from /home/airflow/.local/lib/python3.7/site-packages/airflow/example_dags/example_short_circuit_decorator.py
[2023-11-20T19:05:27.403+0000] {logging_mixin.py:120} INFO - [2023-11-20T19:05:27.402+0000] {dag.py:2585} INFO - Sync 1 DAGs
[2023-11-20T19:05:27.455+0000] {logging_mixin.py:120} INFO - [2023-11-20T19:05:27.455+0000] {dag.py:3340} INFO - Setting next_dagrun for example_short_circuit_decorator to 2023-11-19T19:05:27.455537+00:00, run_after=2023-11-20T19:05:27.455537+00:00
[2023-11-20T19:05:27.494+0000] {processor.py:176} INFO - Processing /home/airflow/.local/lib/python3.7/site-packages/airflow/example_dags/example_short_circuit_decorator.py took 0.215 seconds
[2023-11-20T19:05:57.651+0000] {processor.py:154} INFO - Started process (PID=2492) to work on /home/airflow/.local/lib/python3.7/site-packages/airflow/example_dags/example_short_circuit_decorator.py
[2023-11-20T19:05:57.652+0000] {processor.py:756} INFO - Processing file /home/airflow/.local/lib/python3.7/site-packages/airflow/example_dags/example_short_circuit_decorator.py for tasks to queue
[2023-11-20T19:05:57.653+0000] {logging_mixin.py:120} INFO - [2023-11-20T19:05:57.652+0000] {dagbag.py:537} INFO - Filling up the DagBag from /home/airflow/.local/lib/python3.7/site-packages/airflow/example_dags/example_short_circuit_decorator.py
[2023-11-20T19:05:57.683+0000] {processor.py:766} INFO - DAG(s) dict_keys(['example_short_circuit_decorator']) retrieved from /home/airflow/.local/lib/python3.7/site-packages/airflow/example_dags/example_short_circuit_decorator.py
[2023-11-20T19:05:57.775+0000] {logging_mixin.py:120} INFO - [2023-11-20T19:05:57.775+0000] {dag.py:2585} INFO - Sync 1 DAGs
[2023-11-20T19:05:57.838+0000] {logging_mixin.py:120} INFO - [2023-11-20T19:05:57.837+0000] {dag.py:3340} INFO - Setting next_dagrun for example_short_circuit_decorator to 2023-11-19T19:05:57.836603+00:00, run_after=2023-11-20T19:05:57.836603+00:00
[2023-11-20T19:05:57.881+0000] {processor.py:176} INFO - Processing /home/airflow/.local/lib/python3.7/site-packages/airflow/example_dags/example_short_circuit_decorator.py took 0.233 seconds
[2023-11-20T19:06:29.622+0000] {processor.py:154} INFO - Started process (PID=2558) to work on /home/airflow/.local/lib/python3.7/site-packages/airflow/example_dags/example_short_circuit_decorator.py
[2023-11-20T19:06:29.624+0000] {processor.py:756} INFO - Processing file /home/airflow/.local/lib/python3.7/site-packages/airflow/example_dags/example_short_circuit_decorator.py for tasks to queue
[2023-11-20T19:06:29.625+0000] {logging_mixin.py:120} INFO - [2023-11-20T19:06:29.624+0000] {dagbag.py:537} INFO - Filling up the DagBag from /home/airflow/.local/lib/python3.7/site-packages/airflow/example_dags/example_short_circuit_decorator.py
[2023-11-20T19:06:29.653+0000] {processor.py:766} INFO - DAG(s) dict_keys(['example_short_circuit_decorator']) retrieved from /home/airflow/.local/lib/python3.7/site-packages/airflow/example_dags/example_short_circuit_decorator.py
[2023-11-20T19:06:29.701+0000] {logging_mixin.py:120} INFO - [2023-11-20T19:06:29.701+0000] {dag.py:2585} INFO - Sync 1 DAGs
[2023-11-20T19:06:29.737+0000] {logging_mixin.py:120} INFO - [2023-11-20T19:06:29.737+0000] {dag.py:3340} INFO - Setting next_dagrun for example_short_circuit_decorator to 2023-11-19T19:06:29.737179+00:00, run_after=2023-11-20T19:06:29.737179+00:00
[2023-11-20T19:06:29.763+0000] {processor.py:176} INFO - Processing /home/airflow/.local/lib/python3.7/site-packages/airflow/example_dags/example_short_circuit_decorator.py took 0.143 seconds
[2023-11-20T19:07:00.464+0000] {processor.py:154} INFO - Started process (PID=2623) to work on /home/airflow/.local/lib/python3.7/site-packages/airflow/example_dags/example_short_circuit_decorator.py
[2023-11-20T19:07:00.465+0000] {processor.py:756} INFO - Processing file /home/airflow/.local/lib/python3.7/site-packages/airflow/example_dags/example_short_circuit_decorator.py for tasks to queue
[2023-11-20T19:07:00.466+0000] {logging_mixin.py:120} INFO - [2023-11-20T19:07:00.466+0000] {dagbag.py:537} INFO - Filling up the DagBag from /home/airflow/.local/lib/python3.7/site-packages/airflow/example_dags/example_short_circuit_decorator.py
[2023-11-20T19:07:00.492+0000] {processor.py:766} INFO - DAG(s) dict_keys(['example_short_circuit_decorator']) retrieved from /home/airflow/.local/lib/python3.7/site-packages/airflow/example_dags/example_short_circuit_decorator.py
[2023-11-20T19:07:00.540+0000] {logging_mixin.py:120} INFO - [2023-11-20T19:07:00.540+0000] {dag.py:2585} INFO - Sync 1 DAGs
[2023-11-20T19:07:00.574+0000] {logging_mixin.py:120} INFO - [2023-11-20T19:07:00.574+0000] {dag.py:3340} INFO - Setting next_dagrun for example_short_circuit_decorator to 2023-11-19T19:07:00.574126+00:00, run_after=2023-11-20T19:07:00.574126+00:00
[2023-11-20T19:07:00.605+0000] {processor.py:176} INFO - Processing /home/airflow/.local/lib/python3.7/site-packages/airflow/example_dags/example_short_circuit_decorator.py took 0.144 seconds
[2023-11-20T19:07:31.115+0000] {processor.py:154} INFO - Started process (PID=2678) to work on /home/airflow/.local/lib/python3.7/site-packages/airflow/example_dags/example_short_circuit_decorator.py
[2023-11-20T19:07:31.117+0000] {processor.py:756} INFO - Processing file /home/airflow/.local/lib/python3.7/site-packages/airflow/example_dags/example_short_circuit_decorator.py for tasks to queue
[2023-11-20T19:07:31.119+0000] {logging_mixin.py:120} INFO - [2023-11-20T19:07:31.118+0000] {dagbag.py:537} INFO - Filling up the DagBag from /home/airflow/.local/lib/python3.7/site-packages/airflow/example_dags/example_short_circuit_decorator.py
[2023-11-20T19:07:31.184+0000] {processor.py:766} INFO - DAG(s) dict_keys(['example_short_circuit_decorator']) retrieved from /home/airflow/.local/lib/python3.7/site-packages/airflow/example_dags/example_short_circuit_decorator.py
[2023-11-20T19:07:31.346+0000] {logging_mixin.py:120} INFO - [2023-11-20T19:07:31.345+0000] {dag.py:2585} INFO - Sync 1 DAGs
[2023-11-20T19:07:31.434+0000] {logging_mixin.py:120} INFO - [2023-11-20T19:07:31.434+0000] {dag.py:3340} INFO - Setting next_dagrun for example_short_circuit_decorator to 2023-11-19T19:07:31.433886+00:00, run_after=2023-11-20T19:07:31.433886+00:00
[2023-11-20T19:07:31.477+0000] {processor.py:176} INFO - Processing /home/airflow/.local/lib/python3.7/site-packages/airflow/example_dags/example_short_circuit_decorator.py took 0.366 seconds
[2023-11-20T19:08:01.722+0000] {processor.py:154} INFO - Started process (PID=2742) to work on /home/airflow/.local/lib/python3.7/site-packages/airflow/example_dags/example_short_circuit_decorator.py
[2023-11-20T19:08:01.723+0000] {processor.py:756} INFO - Processing file /home/airflow/.local/lib/python3.7/site-packages/airflow/example_dags/example_short_circuit_decorator.py for tasks to queue
[2023-11-20T19:08:01.724+0000] {logging_mixin.py:120} INFO - [2023-11-20T19:08:01.724+0000] {dagbag.py:537} INFO - Filling up the DagBag from /home/airflow/.local/lib/python3.7/site-packages/airflow/example_dags/example_short_circuit_decorator.py
[2023-11-20T19:08:01.753+0000] {processor.py:766} INFO - DAG(s) dict_keys(['example_short_circuit_decorator']) retrieved from /home/airflow/.local/lib/python3.7/site-packages/airflow/example_dags/example_short_circuit_decorator.py
[2023-11-20T19:08:01.803+0000] {logging_mixin.py:120} INFO - [2023-11-20T19:08:01.803+0000] {dag.py:2585} INFO - Sync 1 DAGs
[2023-11-20T19:08:01.838+0000] {logging_mixin.py:120} INFO - [2023-11-20T19:08:01.838+0000] {dag.py:3340} INFO - Setting next_dagrun for example_short_circuit_decorator to 2023-11-19T19:08:01.837917+00:00, run_after=2023-11-20T19:08:01.837917+00:00
[2023-11-20T19:08:01.877+0000] {processor.py:176} INFO - Processing /home/airflow/.local/lib/python3.7/site-packages/airflow/example_dags/example_short_circuit_decorator.py took 0.159 seconds
[2023-11-20T19:08:32.258+0000] {processor.py:154} INFO - Started process (PID=2805) to work on /home/airflow/.local/lib/python3.7/site-packages/airflow/example_dags/example_short_circuit_decorator.py
[2023-11-20T19:08:32.259+0000] {processor.py:756} INFO - Processing file /home/airflow/.local/lib/python3.7/site-packages/airflow/example_dags/example_short_circuit_decorator.py for tasks to queue
[2023-11-20T19:08:32.260+0000] {logging_mixin.py:120} INFO - [2023-11-20T19:08:32.260+0000] {dagbag.py:537} INFO - Filling up the DagBag from /home/airflow/.local/lib/python3.7/site-packages/airflow/example_dags/example_short_circuit_decorator.py
[2023-11-20T19:08:32.306+0000] {processor.py:766} INFO - DAG(s) dict_keys(['example_short_circuit_decorator']) retrieved from /home/airflow/.local/lib/python3.7/site-packages/airflow/example_dags/example_short_circuit_decorator.py
[2023-11-20T19:08:32.396+0000] {logging_mixin.py:120} INFO - [2023-11-20T19:08:32.396+0000] {dag.py:2585} INFO - Sync 1 DAGs
[2023-11-20T19:08:32.430+0000] {logging_mixin.py:120} INFO - [2023-11-20T19:08:32.430+0000] {dag.py:3340} INFO - Setting next_dagrun for example_short_circuit_decorator to 2023-11-19T19:08:32.430488+00:00, run_after=2023-11-20T19:08:32.430488+00:00
[2023-11-20T19:08:32.469+0000] {processor.py:176} INFO - Processing /home/airflow/.local/lib/python3.7/site-packages/airflow/example_dags/example_short_circuit_decorator.py took 0.215 seconds
[2023-11-20T19:09:03.653+0000] {processor.py:154} INFO - Started process (PID=2860) to work on /home/airflow/.local/lib/python3.7/site-packages/airflow/example_dags/example_short_circuit_decorator.py
[2023-11-20T19:09:03.654+0000] {processor.py:756} INFO - Processing file /home/airflow/.local/lib/python3.7/site-packages/airflow/example_dags/example_short_circuit_decorator.py for tasks to queue
[2023-11-20T19:09:03.654+0000] {logging_mixin.py:120} INFO - [2023-11-20T19:09:03.654+0000] {dagbag.py:537} INFO - Filling up the DagBag from /home/airflow/.local/lib/python3.7/site-packages/airflow/example_dags/example_short_circuit_decorator.py
[2023-11-20T19:09:03.690+0000] {processor.py:766} INFO - DAG(s) dict_keys(['example_short_circuit_decorator']) retrieved from /home/airflow/.local/lib/python3.7/site-packages/airflow/example_dags/example_short_circuit_decorator.py
[2023-11-20T19:09:03.762+0000] {logging_mixin.py:120} INFO - [2023-11-20T19:09:03.762+0000] {dag.py:2585} INFO - Sync 1 DAGs
[2023-11-20T19:09:03.794+0000] {logging_mixin.py:120} INFO - [2023-11-20T19:09:03.794+0000] {dag.py:3340} INFO - Setting next_dagrun for example_short_circuit_decorator to 2023-11-19T19:09:03.793956+00:00, run_after=2023-11-20T19:09:03.793956+00:00
[2023-11-20T19:09:03.823+0000] {processor.py:176} INFO - Processing /home/airflow/.local/lib/python3.7/site-packages/airflow/example_dags/example_short_circuit_decorator.py took 0.174 seconds
[2023-11-20T19:09:34.566+0000] {processor.py:154} INFO - Started process (PID=2923) to work on /home/airflow/.local/lib/python3.7/site-packages/airflow/example_dags/example_short_circuit_decorator.py
[2023-11-20T19:09:34.567+0000] {processor.py:756} INFO - Processing file /home/airflow/.local/lib/python3.7/site-packages/airflow/example_dags/example_short_circuit_decorator.py for tasks to queue
[2023-11-20T19:09:34.568+0000] {logging_mixin.py:120} INFO - [2023-11-20T19:09:34.568+0000] {dagbag.py:537} INFO - Filling up the DagBag from /home/airflow/.local/lib/python3.7/site-packages/airflow/example_dags/example_short_circuit_decorator.py
[2023-11-20T19:09:34.590+0000] {processor.py:766} INFO - DAG(s) dict_keys(['example_short_circuit_decorator']) retrieved from /home/airflow/.local/lib/python3.7/site-packages/airflow/example_dags/example_short_circuit_decorator.py
[2023-11-20T19:09:34.625+0000] {logging_mixin.py:120} INFO - [2023-11-20T19:09:34.625+0000] {dag.py:2585} INFO - Sync 1 DAGs
[2023-11-20T19:09:34.645+0000] {logging_mixin.py:120} INFO - [2023-11-20T19:09:34.645+0000] {dag.py:3340} INFO - Setting next_dagrun for example_short_circuit_decorator to 2023-11-19T19:09:34.645497+00:00, run_after=2023-11-20T19:09:34.645497+00:00
[2023-11-20T19:09:34.672+0000] {processor.py:176} INFO - Processing /home/airflow/.local/lib/python3.7/site-packages/airflow/example_dags/example_short_circuit_decorator.py took 0.109 seconds
[2023-11-20T19:10:05.217+0000] {processor.py:154} INFO - Started process (PID=2986) to work on /home/airflow/.local/lib/python3.7/site-packages/airflow/example_dags/example_short_circuit_decorator.py
[2023-11-20T19:10:05.218+0000] {processor.py:756} INFO - Processing file /home/airflow/.local/lib/python3.7/site-packages/airflow/example_dags/example_short_circuit_decorator.py for tasks to queue
[2023-11-20T19:10:05.218+0000] {logging_mixin.py:120} INFO - [2023-11-20T19:10:05.218+0000] {dagbag.py:537} INFO - Filling up the DagBag from /home/airflow/.local/lib/python3.7/site-packages/airflow/example_dags/example_short_circuit_decorator.py
[2023-11-20T19:10:05.247+0000] {processor.py:766} INFO - DAG(s) dict_keys(['example_short_circuit_decorator']) retrieved from /home/airflow/.local/lib/python3.7/site-packages/airflow/example_dags/example_short_circuit_decorator.py
[2023-11-20T19:10:05.294+0000] {logging_mixin.py:120} INFO - [2023-11-20T19:10:05.293+0000] {dag.py:2585} INFO - Sync 1 DAGs
[2023-11-20T19:10:05.327+0000] {logging_mixin.py:120} INFO - [2023-11-20T19:10:05.327+0000] {dag.py:3340} INFO - Setting next_dagrun for example_short_circuit_decorator to 2023-11-19T19:10:05.327251+00:00, run_after=2023-11-20T19:10:05.327251+00:00
[2023-11-20T19:10:05.364+0000] {processor.py:176} INFO - Processing /home/airflow/.local/lib/python3.7/site-packages/airflow/example_dags/example_short_circuit_decorator.py took 0.150 seconds
[2023-11-20T19:10:35.815+0000] {processor.py:154} INFO - Started process (PID=3039) to work on /home/airflow/.local/lib/python3.7/site-packages/airflow/example_dags/example_short_circuit_decorator.py
[2023-11-20T19:10:35.815+0000] {processor.py:756} INFO - Processing file /home/airflow/.local/lib/python3.7/site-packages/airflow/example_dags/example_short_circuit_decorator.py for tasks to queue
[2023-11-20T19:10:35.816+0000] {logging_mixin.py:120} INFO - [2023-11-20T19:10:35.816+0000] {dagbag.py:537} INFO - Filling up the DagBag from /home/airflow/.local/lib/python3.7/site-packages/airflow/example_dags/example_short_circuit_decorator.py
[2023-11-20T19:10:35.845+0000] {processor.py:766} INFO - DAG(s) dict_keys(['example_short_circuit_decorator']) retrieved from /home/airflow/.local/lib/python3.7/site-packages/airflow/example_dags/example_short_circuit_decorator.py
[2023-11-20T19:10:35.911+0000] {logging_mixin.py:120} INFO - [2023-11-20T19:10:35.910+0000] {dag.py:2585} INFO - Sync 1 DAGs
[2023-11-20T19:10:35.963+0000] {logging_mixin.py:120} INFO - [2023-11-20T19:10:35.963+0000] {dag.py:3340} INFO - Setting next_dagrun for example_short_circuit_decorator to 2023-11-19T19:10:35.963229+00:00, run_after=2023-11-20T19:10:35.963229+00:00
[2023-11-20T19:10:36.012+0000] {processor.py:176} INFO - Processing /home/airflow/.local/lib/python3.7/site-packages/airflow/example_dags/example_short_circuit_decorator.py took 0.200 seconds
[2023-11-20T19:11:07.948+0000] {processor.py:154} INFO - Started process (PID=3101) to work on /home/airflow/.local/lib/python3.7/site-packages/airflow/example_dags/example_short_circuit_decorator.py
[2023-11-20T19:11:07.956+0000] {processor.py:756} INFO - Processing file /home/airflow/.local/lib/python3.7/site-packages/airflow/example_dags/example_short_circuit_decorator.py for tasks to queue
[2023-11-20T19:11:07.956+0000] {logging_mixin.py:120} INFO - [2023-11-20T19:11:07.956+0000] {dagbag.py:537} INFO - Filling up the DagBag from /home/airflow/.local/lib/python3.7/site-packages/airflow/example_dags/example_short_circuit_decorator.py
[2023-11-20T19:11:08.161+0000] {processor.py:766} INFO - DAG(s) dict_keys(['example_short_circuit_decorator']) retrieved from /home/airflow/.local/lib/python3.7/site-packages/airflow/example_dags/example_short_circuit_decorator.py
[2023-11-20T19:11:08.467+0000] {logging_mixin.py:120} INFO - [2023-11-20T19:11:08.464+0000] {dag.py:2585} INFO - Sync 1 DAGs
[2023-11-20T19:11:08.760+0000] {logging_mixin.py:120} INFO - [2023-11-20T19:11:08.760+0000] {dag.py:3340} INFO - Setting next_dagrun for example_short_circuit_decorator to 2023-11-19T19:11:08.760261+00:00, run_after=2023-11-20T19:11:08.760261+00:00
[2023-11-20T19:11:08.935+0000] {processor.py:176} INFO - Processing /home/airflow/.local/lib/python3.7/site-packages/airflow/example_dags/example_short_circuit_decorator.py took 1.022 seconds
[2023-11-20T19:11:39.117+0000] {processor.py:154} INFO - Started process (PID=3156) to work on /home/airflow/.local/lib/python3.7/site-packages/airflow/example_dags/example_short_circuit_decorator.py
[2023-11-20T19:11:39.118+0000] {processor.py:756} INFO - Processing file /home/airflow/.local/lib/python3.7/site-packages/airflow/example_dags/example_short_circuit_decorator.py for tasks to queue
[2023-11-20T19:11:39.118+0000] {logging_mixin.py:120} INFO - [2023-11-20T19:11:39.118+0000] {dagbag.py:537} INFO - Filling up the DagBag from /home/airflow/.local/lib/python3.7/site-packages/airflow/example_dags/example_short_circuit_decorator.py
[2023-11-20T19:11:39.139+0000] {processor.py:766} INFO - DAG(s) dict_keys(['example_short_circuit_decorator']) retrieved from /home/airflow/.local/lib/python3.7/site-packages/airflow/example_dags/example_short_circuit_decorator.py
[2023-11-20T19:11:39.173+0000] {logging_mixin.py:120} INFO - [2023-11-20T19:11:39.173+0000] {dag.py:2585} INFO - Sync 1 DAGs
[2023-11-20T19:11:39.194+0000] {logging_mixin.py:120} INFO - [2023-11-20T19:11:39.194+0000] {dag.py:3340} INFO - Setting next_dagrun for example_short_circuit_decorator to 2023-11-19T19:11:39.193962+00:00, run_after=2023-11-20T19:11:39.193962+00:00
[2023-11-20T19:11:39.216+0000] {processor.py:176} INFO - Processing /home/airflow/.local/lib/python3.7/site-packages/airflow/example_dags/example_short_circuit_decorator.py took 0.101 seconds
