[2023-11-20T18:44:36.706+0000] {processor.py:154} INFO - Started process (PID=43) to work on /home/airflow/.local/lib/python3.7/site-packages/airflow/example_dags/example_task_group_decorator.py
[2023-11-20T18:44:36.706+0000] {processor.py:756} INFO - Processing file /home/airflow/.local/lib/python3.7/site-packages/airflow/example_dags/example_task_group_decorator.py for tasks to queue
[2023-11-20T18:44:36.709+0000] {logging_mixin.py:120} INFO - [2023-11-20T18:44:36.709+0000] {dagbag.py:537} INFO - Filling up the DagBag from /home/airflow/.local/lib/python3.7/site-packages/airflow/example_dags/example_task_group_decorator.py
[2023-11-20T18:44:36.819+0000] {processor.py:766} INFO - DAG(s) dict_keys(['example_task_group_decorator']) retrieved from /home/airflow/.local/lib/python3.7/site-packages/airflow/example_dags/example_task_group_decorator.py
[2023-11-20T18:44:36.887+0000] {logging_mixin.py:120} INFO - [2023-11-20T18:44:36.886+0000] {dag.py:2585} INFO - Sync 1 DAGs
[2023-11-20T18:44:36.935+0000] {logging_mixin.py:120} INFO - [2023-11-20T18:44:36.934+0000] {dag.py:3340} INFO - Setting next_dagrun for example_task_group_decorator to 2023-11-19T18:44:36.934582+00:00, run_after=2023-11-20T18:44:36.934582+00:00
[2023-11-20T18:44:36.972+0000] {processor.py:176} INFO - Processing /home/airflow/.local/lib/python3.7/site-packages/airflow/example_dags/example_task_group_decorator.py took 0.279 seconds
[2023-11-20T18:45:07.157+0000] {processor.py:154} INFO - Started process (PID=97) to work on /home/airflow/.local/lib/python3.7/site-packages/airflow/example_dags/example_task_group_decorator.py
[2023-11-20T18:45:07.159+0000] {processor.py:756} INFO - Processing file /home/airflow/.local/lib/python3.7/site-packages/airflow/example_dags/example_task_group_decorator.py for tasks to queue
[2023-11-20T18:45:07.160+0000] {logging_mixin.py:120} INFO - [2023-11-20T18:45:07.160+0000] {dagbag.py:537} INFO - Filling up the DagBag from /home/airflow/.local/lib/python3.7/site-packages/airflow/example_dags/example_task_group_decorator.py
[2023-11-20T18:45:07.202+0000] {processor.py:766} INFO - DAG(s) dict_keys(['example_task_group_decorator']) retrieved from /home/airflow/.local/lib/python3.7/site-packages/airflow/example_dags/example_task_group_decorator.py
[2023-11-20T18:45:07.275+0000] {logging_mixin.py:120} INFO - [2023-11-20T18:45:07.275+0000] {dag.py:2585} INFO - Sync 1 DAGs
[2023-11-20T18:45:07.322+0000] {logging_mixin.py:120} INFO - [2023-11-20T18:45:07.322+0000] {dag.py:3340} INFO - Setting next_dagrun for example_task_group_decorator to 2023-11-19T18:45:07.322449+00:00, run_after=2023-11-20T18:45:07.322449+00:00
[2023-11-20T18:45:07.348+0000] {processor.py:176} INFO - Processing /home/airflow/.local/lib/python3.7/site-packages/airflow/example_dags/example_task_group_decorator.py took 0.194 seconds
[2023-11-20T18:45:38.171+0000] {processor.py:154} INFO - Started process (PID=152) to work on /home/airflow/.local/lib/python3.7/site-packages/airflow/example_dags/example_task_group_decorator.py
[2023-11-20T18:45:38.172+0000] {processor.py:756} INFO - Processing file /home/airflow/.local/lib/python3.7/site-packages/airflow/example_dags/example_task_group_decorator.py for tasks to queue
[2023-11-20T18:45:38.173+0000] {logging_mixin.py:120} INFO - [2023-11-20T18:45:38.173+0000] {dagbag.py:537} INFO - Filling up the DagBag from /home/airflow/.local/lib/python3.7/site-packages/airflow/example_dags/example_task_group_decorator.py
[2023-11-20T18:45:38.297+0000] {processor.py:766} INFO - DAG(s) dict_keys(['example_task_group_decorator']) retrieved from /home/airflow/.local/lib/python3.7/site-packages/airflow/example_dags/example_task_group_decorator.py
[2023-11-20T18:45:38.378+0000] {logging_mixin.py:120} INFO - [2023-11-20T18:45:38.377+0000] {dag.py:2585} INFO - Sync 1 DAGs
[2023-11-20T18:45:38.443+0000] {logging_mixin.py:120} INFO - [2023-11-20T18:45:38.443+0000] {dag.py:3340} INFO - Setting next_dagrun for example_task_group_decorator to 2023-11-19T18:45:38.442661+00:00, run_after=2023-11-20T18:45:38.442661+00:00
[2023-11-20T18:45:38.546+0000] {processor.py:176} INFO - Processing /home/airflow/.local/lib/python3.7/site-packages/airflow/example_dags/example_task_group_decorator.py took 0.386 seconds
[2023-11-20T18:46:09.730+0000] {processor.py:154} INFO - Started process (PID=205) to work on /home/airflow/.local/lib/python3.7/site-packages/airflow/example_dags/example_task_group_decorator.py
[2023-11-20T18:46:09.739+0000] {processor.py:756} INFO - Processing file /home/airflow/.local/lib/python3.7/site-packages/airflow/example_dags/example_task_group_decorator.py for tasks to queue
[2023-11-20T18:46:09.740+0000] {logging_mixin.py:120} INFO - [2023-11-20T18:46:09.740+0000] {dagbag.py:537} INFO - Filling up the DagBag from /home/airflow/.local/lib/python3.7/site-packages/airflow/example_dags/example_task_group_decorator.py
[2023-11-20T18:46:10.011+0000] {processor.py:766} INFO - DAG(s) dict_keys(['example_task_group_decorator']) retrieved from /home/airflow/.local/lib/python3.7/site-packages/airflow/example_dags/example_task_group_decorator.py
[2023-11-20T18:46:10.357+0000] {logging_mixin.py:120} INFO - [2023-11-20T18:46:10.357+0000] {dag.py:2585} INFO - Sync 1 DAGs
[2023-11-20T18:46:10.544+0000] {logging_mixin.py:120} INFO - [2023-11-20T18:46:10.544+0000] {dag.py:3340} INFO - Setting next_dagrun for example_task_group_decorator to 2023-11-19T18:46:10.544542+00:00, run_after=2023-11-20T18:46:10.544542+00:00
[2023-11-20T18:46:10.713+0000] {processor.py:176} INFO - Processing /home/airflow/.local/lib/python3.7/site-packages/airflow/example_dags/example_task_group_decorator.py took 0.986 seconds
[2023-11-20T18:46:41.491+0000] {processor.py:154} INFO - Started process (PID=268) to work on /home/airflow/.local/lib/python3.7/site-packages/airflow/example_dags/example_task_group_decorator.py
[2023-11-20T18:46:41.500+0000] {processor.py:756} INFO - Processing file /home/airflow/.local/lib/python3.7/site-packages/airflow/example_dags/example_task_group_decorator.py for tasks to queue
[2023-11-20T18:46:41.501+0000] {logging_mixin.py:120} INFO - [2023-11-20T18:46:41.501+0000] {dagbag.py:537} INFO - Filling up the DagBag from /home/airflow/.local/lib/python3.7/site-packages/airflow/example_dags/example_task_group_decorator.py
[2023-11-20T18:46:41.563+0000] {processor.py:766} INFO - DAG(s) dict_keys(['example_task_group_decorator']) retrieved from /home/airflow/.local/lib/python3.7/site-packages/airflow/example_dags/example_task_group_decorator.py
[2023-11-20T18:46:41.647+0000] {logging_mixin.py:120} INFO - [2023-11-20T18:46:41.647+0000] {dag.py:2585} INFO - Sync 1 DAGs
[2023-11-20T18:46:41.709+0000] {logging_mixin.py:120} INFO - [2023-11-20T18:46:41.709+0000] {dag.py:3340} INFO - Setting next_dagrun for example_task_group_decorator to 2023-11-19T18:46:41.709521+00:00, run_after=2023-11-20T18:46:41.709521+00:00
[2023-11-20T18:46:41.758+0000] {processor.py:176} INFO - Processing /home/airflow/.local/lib/python3.7/site-packages/airflow/example_dags/example_task_group_decorator.py took 0.272 seconds
[2023-11-20T18:47:12.274+0000] {processor.py:154} INFO - Started process (PID=321) to work on /home/airflow/.local/lib/python3.7/site-packages/airflow/example_dags/example_task_group_decorator.py
[2023-11-20T18:47:12.276+0000] {processor.py:756} INFO - Processing file /home/airflow/.local/lib/python3.7/site-packages/airflow/example_dags/example_task_group_decorator.py for tasks to queue
[2023-11-20T18:47:12.277+0000] {logging_mixin.py:120} INFO - [2023-11-20T18:47:12.277+0000] {dagbag.py:537} INFO - Filling up the DagBag from /home/airflow/.local/lib/python3.7/site-packages/airflow/example_dags/example_task_group_decorator.py
[2023-11-20T18:47:12.320+0000] {processor.py:766} INFO - DAG(s) dict_keys(['example_task_group_decorator']) retrieved from /home/airflow/.local/lib/python3.7/site-packages/airflow/example_dags/example_task_group_decorator.py
[2023-11-20T18:47:12.405+0000] {logging_mixin.py:120} INFO - [2023-11-20T18:47:12.401+0000] {dag.py:2585} INFO - Sync 1 DAGs
[2023-11-20T18:47:12.438+0000] {logging_mixin.py:120} INFO - [2023-11-20T18:47:12.438+0000] {dag.py:3340} INFO - Setting next_dagrun for example_task_group_decorator to 2023-11-19T18:47:12.438097+00:00, run_after=2023-11-20T18:47:12.438097+00:00
[2023-11-20T18:47:12.465+0000] {processor.py:176} INFO - Processing /home/airflow/.local/lib/python3.7/site-packages/airflow/example_dags/example_task_group_decorator.py took 0.194 seconds
[2023-11-20T18:47:43.052+0000] {processor.py:154} INFO - Started process (PID=385) to work on /home/airflow/.local/lib/python3.7/site-packages/airflow/example_dags/example_task_group_decorator.py
[2023-11-20T18:47:43.055+0000] {processor.py:756} INFO - Processing file /home/airflow/.local/lib/python3.7/site-packages/airflow/example_dags/example_task_group_decorator.py for tasks to queue
[2023-11-20T18:47:43.056+0000] {logging_mixin.py:120} INFO - [2023-11-20T18:47:43.056+0000] {dagbag.py:537} INFO - Filling up the DagBag from /home/airflow/.local/lib/python3.7/site-packages/airflow/example_dags/example_task_group_decorator.py
[2023-11-20T18:47:43.094+0000] {processor.py:766} INFO - DAG(s) dict_keys(['example_task_group_decorator']) retrieved from /home/airflow/.local/lib/python3.7/site-packages/airflow/example_dags/example_task_group_decorator.py
[2023-11-20T18:47:43.197+0000] {logging_mixin.py:120} INFO - [2023-11-20T18:47:43.197+0000] {dag.py:2585} INFO - Sync 1 DAGs
[2023-11-20T18:47:43.273+0000] {logging_mixin.py:120} INFO - [2023-11-20T18:47:43.273+0000] {dag.py:3340} INFO - Setting next_dagrun for example_task_group_decorator to 2023-11-19T18:47:43.272992+00:00, run_after=2023-11-20T18:47:43.272992+00:00
[2023-11-20T18:47:43.305+0000] {processor.py:176} INFO - Processing /home/airflow/.local/lib/python3.7/site-packages/airflow/example_dags/example_task_group_decorator.py took 0.257 seconds
[2023-11-20T18:48:13.678+0000] {processor.py:154} INFO - Started process (PID=438) to work on /home/airflow/.local/lib/python3.7/site-packages/airflow/example_dags/example_task_group_decorator.py
[2023-11-20T18:48:13.680+0000] {processor.py:756} INFO - Processing file /home/airflow/.local/lib/python3.7/site-packages/airflow/example_dags/example_task_group_decorator.py for tasks to queue
[2023-11-20T18:48:13.681+0000] {logging_mixin.py:120} INFO - [2023-11-20T18:48:13.681+0000] {dagbag.py:537} INFO - Filling up the DagBag from /home/airflow/.local/lib/python3.7/site-packages/airflow/example_dags/example_task_group_decorator.py
[2023-11-20T18:48:13.832+0000] {processor.py:766} INFO - DAG(s) dict_keys(['example_task_group_decorator']) retrieved from /home/airflow/.local/lib/python3.7/site-packages/airflow/example_dags/example_task_group_decorator.py
[2023-11-20T18:48:13.946+0000] {logging_mixin.py:120} INFO - [2023-11-20T18:48:13.946+0000] {dag.py:2585} INFO - Sync 1 DAGs
[2023-11-20T18:48:14.016+0000] {logging_mixin.py:120} INFO - [2023-11-20T18:48:14.015+0000] {dag.py:3340} INFO - Setting next_dagrun for example_task_group_decorator to 2023-11-19T18:48:14.015576+00:00, run_after=2023-11-20T18:48:14.015576+00:00
[2023-11-20T18:48:14.057+0000] {processor.py:176} INFO - Processing /home/airflow/.local/lib/python3.7/site-packages/airflow/example_dags/example_task_group_decorator.py took 0.390 seconds
[2023-11-20T18:48:44.318+0000] {processor.py:154} INFO - Started process (PID=501) to work on /home/airflow/.local/lib/python3.7/site-packages/airflow/example_dags/example_task_group_decorator.py
[2023-11-20T18:48:44.319+0000] {processor.py:756} INFO - Processing file /home/airflow/.local/lib/python3.7/site-packages/airflow/example_dags/example_task_group_decorator.py for tasks to queue
[2023-11-20T18:48:44.320+0000] {logging_mixin.py:120} INFO - [2023-11-20T18:48:44.320+0000] {dagbag.py:537} INFO - Filling up the DagBag from /home/airflow/.local/lib/python3.7/site-packages/airflow/example_dags/example_task_group_decorator.py
[2023-11-20T18:48:44.357+0000] {processor.py:766} INFO - DAG(s) dict_keys(['example_task_group_decorator']) retrieved from /home/airflow/.local/lib/python3.7/site-packages/airflow/example_dags/example_task_group_decorator.py
[2023-11-20T18:48:44.469+0000] {logging_mixin.py:120} INFO - [2023-11-20T18:48:44.466+0000] {dag.py:2585} INFO - Sync 1 DAGs
[2023-11-20T18:48:44.516+0000] {logging_mixin.py:120} INFO - [2023-11-20T18:48:44.516+0000] {dag.py:3340} INFO - Setting next_dagrun for example_task_group_decorator to 2023-11-19T18:48:44.515958+00:00, run_after=2023-11-20T18:48:44.515958+00:00
[2023-11-20T18:48:44.548+0000] {processor.py:176} INFO - Processing /home/airflow/.local/lib/python3.7/site-packages/airflow/example_dags/example_task_group_decorator.py took 0.239 seconds
[2023-11-20T18:49:15.262+0000] {processor.py:154} INFO - Started process (PID=557) to work on /home/airflow/.local/lib/python3.7/site-packages/airflow/example_dags/example_task_group_decorator.py
[2023-11-20T18:49:15.263+0000] {processor.py:756} INFO - Processing file /home/airflow/.local/lib/python3.7/site-packages/airflow/example_dags/example_task_group_decorator.py for tasks to queue
[2023-11-20T18:49:15.264+0000] {logging_mixin.py:120} INFO - [2023-11-20T18:49:15.264+0000] {dagbag.py:537} INFO - Filling up the DagBag from /home/airflow/.local/lib/python3.7/site-packages/airflow/example_dags/example_task_group_decorator.py
[2023-11-20T18:49:15.352+0000] {processor.py:766} INFO - DAG(s) dict_keys(['example_task_group_decorator']) retrieved from /home/airflow/.local/lib/python3.7/site-packages/airflow/example_dags/example_task_group_decorator.py
[2023-11-20T18:49:15.587+0000] {logging_mixin.py:120} INFO - [2023-11-20T18:49:15.587+0000] {dag.py:2585} INFO - Sync 1 DAGs
[2023-11-20T18:49:15.710+0000] {logging_mixin.py:120} INFO - [2023-11-20T18:49:15.710+0000] {dag.py:3340} INFO - Setting next_dagrun for example_task_group_decorator to 2023-11-19T18:49:15.710498+00:00, run_after=2023-11-20T18:49:15.710498+00:00
[2023-11-20T18:49:15.777+0000] {processor.py:176} INFO - Processing /home/airflow/.local/lib/python3.7/site-packages/airflow/example_dags/example_task_group_decorator.py took 0.520 seconds
[2023-11-20T18:49:46.123+0000] {processor.py:154} INFO - Started process (PID=620) to work on /home/airflow/.local/lib/python3.7/site-packages/airflow/example_dags/example_task_group_decorator.py
[2023-11-20T18:49:46.124+0000] {processor.py:756} INFO - Processing file /home/airflow/.local/lib/python3.7/site-packages/airflow/example_dags/example_task_group_decorator.py for tasks to queue
[2023-11-20T18:49:46.125+0000] {logging_mixin.py:120} INFO - [2023-11-20T18:49:46.125+0000] {dagbag.py:537} INFO - Filling up the DagBag from /home/airflow/.local/lib/python3.7/site-packages/airflow/example_dags/example_task_group_decorator.py
[2023-11-20T18:49:46.161+0000] {processor.py:766} INFO - DAG(s) dict_keys(['example_task_group_decorator']) retrieved from /home/airflow/.local/lib/python3.7/site-packages/airflow/example_dags/example_task_group_decorator.py
[2023-11-20T18:49:46.215+0000] {logging_mixin.py:120} INFO - [2023-11-20T18:49:46.215+0000] {dag.py:2585} INFO - Sync 1 DAGs
[2023-11-20T18:49:46.253+0000] {logging_mixin.py:120} INFO - [2023-11-20T18:49:46.253+0000] {dag.py:3340} INFO - Setting next_dagrun for example_task_group_decorator to 2023-11-19T18:49:46.253014+00:00, run_after=2023-11-20T18:49:46.253014+00:00
[2023-11-20T18:49:46.282+0000] {processor.py:176} INFO - Processing /home/airflow/.local/lib/python3.7/site-packages/airflow/example_dags/example_task_group_decorator.py took 0.162 seconds
[2023-11-20T18:50:16.793+0000] {processor.py:154} INFO - Started process (PID=684) to work on /home/airflow/.local/lib/python3.7/site-packages/airflow/example_dags/example_task_group_decorator.py
[2023-11-20T18:50:16.799+0000] {processor.py:756} INFO - Processing file /home/airflow/.local/lib/python3.7/site-packages/airflow/example_dags/example_task_group_decorator.py for tasks to queue
[2023-11-20T18:50:16.802+0000] {logging_mixin.py:120} INFO - [2023-11-20T18:50:16.802+0000] {dagbag.py:537} INFO - Filling up the DagBag from /home/airflow/.local/lib/python3.7/site-packages/airflow/example_dags/example_task_group_decorator.py
[2023-11-20T18:50:16.923+0000] {processor.py:766} INFO - DAG(s) dict_keys(['example_task_group_decorator']) retrieved from /home/airflow/.local/lib/python3.7/site-packages/airflow/example_dags/example_task_group_decorator.py
[2023-11-20T18:50:17.059+0000] {logging_mixin.py:120} INFO - [2023-11-20T18:50:17.059+0000] {dag.py:2585} INFO - Sync 1 DAGs
[2023-11-20T18:50:17.104+0000] {logging_mixin.py:120} INFO - [2023-11-20T18:50:17.104+0000] {dag.py:3340} INFO - Setting next_dagrun for example_task_group_decorator to 2023-11-19T18:50:17.104493+00:00, run_after=2023-11-20T18:50:17.104493+00:00
[2023-11-20T18:50:17.138+0000] {processor.py:176} INFO - Processing /home/airflow/.local/lib/python3.7/site-packages/airflow/example_dags/example_task_group_decorator.py took 0.348 seconds
[2023-11-20T18:50:47.671+0000] {processor.py:154} INFO - Started process (PID=739) to work on /home/airflow/.local/lib/python3.7/site-packages/airflow/example_dags/example_task_group_decorator.py
[2023-11-20T18:50:47.672+0000] {processor.py:756} INFO - Processing file /home/airflow/.local/lib/python3.7/site-packages/airflow/example_dags/example_task_group_decorator.py for tasks to queue
[2023-11-20T18:50:47.673+0000] {logging_mixin.py:120} INFO - [2023-11-20T18:50:47.673+0000] {dagbag.py:537} INFO - Filling up the DagBag from /home/airflow/.local/lib/python3.7/site-packages/airflow/example_dags/example_task_group_decorator.py
[2023-11-20T18:50:47.716+0000] {processor.py:766} INFO - DAG(s) dict_keys(['example_task_group_decorator']) retrieved from /home/airflow/.local/lib/python3.7/site-packages/airflow/example_dags/example_task_group_decorator.py
[2023-11-20T18:50:47.790+0000] {logging_mixin.py:120} INFO - [2023-11-20T18:50:47.790+0000] {dag.py:2585} INFO - Sync 1 DAGs
[2023-11-20T18:50:47.826+0000] {logging_mixin.py:120} INFO - [2023-11-20T18:50:47.826+0000] {dag.py:3340} INFO - Setting next_dagrun for example_task_group_decorator to 2023-11-19T18:50:47.824730+00:00, run_after=2023-11-20T18:50:47.824730+00:00
[2023-11-20T18:50:47.858+0000] {processor.py:176} INFO - Processing /home/airflow/.local/lib/python3.7/site-packages/airflow/example_dags/example_task_group_decorator.py took 0.190 seconds
[2023-11-20T18:51:18.555+0000] {processor.py:154} INFO - Started process (PID=801) to work on /home/airflow/.local/lib/python3.7/site-packages/airflow/example_dags/example_task_group_decorator.py
[2023-11-20T18:51:18.564+0000] {processor.py:756} INFO - Processing file /home/airflow/.local/lib/python3.7/site-packages/airflow/example_dags/example_task_group_decorator.py for tasks to queue
[2023-11-20T18:51:18.565+0000] {logging_mixin.py:120} INFO - [2023-11-20T18:51:18.565+0000] {dagbag.py:537} INFO - Filling up the DagBag from /home/airflow/.local/lib/python3.7/site-packages/airflow/example_dags/example_task_group_decorator.py
[2023-11-20T18:51:18.645+0000] {processor.py:766} INFO - DAG(s) dict_keys(['example_task_group_decorator']) retrieved from /home/airflow/.local/lib/python3.7/site-packages/airflow/example_dags/example_task_group_decorator.py
[2023-11-20T18:51:18.736+0000] {logging_mixin.py:120} INFO - [2023-11-20T18:51:18.736+0000] {dag.py:2585} INFO - Sync 1 DAGs
[2023-11-20T18:51:18.800+0000] {logging_mixin.py:120} INFO - [2023-11-20T18:51:18.799+0000] {dag.py:3340} INFO - Setting next_dagrun for example_task_group_decorator to 2023-11-19T18:51:18.799594+00:00, run_after=2023-11-20T18:51:18.799594+00:00
[2023-11-20T18:51:18.836+0000] {processor.py:176} INFO - Processing /home/airflow/.local/lib/python3.7/site-packages/airflow/example_dags/example_task_group_decorator.py took 0.285 seconds
[2023-11-20T18:51:49.540+0000] {processor.py:154} INFO - Started process (PID=855) to work on /home/airflow/.local/lib/python3.7/site-packages/airflow/example_dags/example_task_group_decorator.py
[2023-11-20T18:51:49.541+0000] {processor.py:756} INFO - Processing file /home/airflow/.local/lib/python3.7/site-packages/airflow/example_dags/example_task_group_decorator.py for tasks to queue
[2023-11-20T18:51:49.542+0000] {logging_mixin.py:120} INFO - [2023-11-20T18:51:49.541+0000] {dagbag.py:537} INFO - Filling up the DagBag from /home/airflow/.local/lib/python3.7/site-packages/airflow/example_dags/example_task_group_decorator.py
[2023-11-20T18:51:49.591+0000] {processor.py:766} INFO - DAG(s) dict_keys(['example_task_group_decorator']) retrieved from /home/airflow/.local/lib/python3.7/site-packages/airflow/example_dags/example_task_group_decorator.py
[2023-11-20T18:51:49.644+0000] {logging_mixin.py:120} INFO - [2023-11-20T18:51:49.643+0000] {dag.py:2585} INFO - Sync 1 DAGs
[2023-11-20T18:51:49.675+0000] {logging_mixin.py:120} INFO - [2023-11-20T18:51:49.675+0000] {dag.py:3340} INFO - Setting next_dagrun for example_task_group_decorator to 2023-11-19T18:51:49.674731+00:00, run_after=2023-11-20T18:51:49.674731+00:00
[2023-11-20T18:51:49.702+0000] {processor.py:176} INFO - Processing /home/airflow/.local/lib/python3.7/site-packages/airflow/example_dags/example_task_group_decorator.py took 0.165 seconds
[2023-11-20T18:52:20.427+0000] {processor.py:154} INFO - Started process (PID=917) to work on /home/airflow/.local/lib/python3.7/site-packages/airflow/example_dags/example_task_group_decorator.py
[2023-11-20T18:52:20.430+0000] {processor.py:756} INFO - Processing file /home/airflow/.local/lib/python3.7/site-packages/airflow/example_dags/example_task_group_decorator.py for tasks to queue
[2023-11-20T18:52:20.431+0000] {logging_mixin.py:120} INFO - [2023-11-20T18:52:20.431+0000] {dagbag.py:537} INFO - Filling up the DagBag from /home/airflow/.local/lib/python3.7/site-packages/airflow/example_dags/example_task_group_decorator.py
[2023-11-20T18:52:20.531+0000] {processor.py:766} INFO - DAG(s) dict_keys(['example_task_group_decorator']) retrieved from /home/airflow/.local/lib/python3.7/site-packages/airflow/example_dags/example_task_group_decorator.py
[2023-11-20T18:52:20.663+0000] {logging_mixin.py:120} INFO - [2023-11-20T18:52:20.663+0000] {dag.py:2585} INFO - Sync 1 DAGs
[2023-11-20T18:52:20.711+0000] {logging_mixin.py:120} INFO - [2023-11-20T18:52:20.711+0000] {dag.py:3340} INFO - Setting next_dagrun for example_task_group_decorator to 2023-11-19T18:52:20.711165+00:00, run_after=2023-11-20T18:52:20.711165+00:00
[2023-11-20T18:52:20.764+0000] {processor.py:176} INFO - Processing /home/airflow/.local/lib/python3.7/site-packages/airflow/example_dags/example_task_group_decorator.py took 0.342 seconds
[2023-11-20T18:52:51.056+0000] {processor.py:154} INFO - Started process (PID=970) to work on /home/airflow/.local/lib/python3.7/site-packages/airflow/example_dags/example_task_group_decorator.py
[2023-11-20T18:52:51.057+0000] {processor.py:756} INFO - Processing file /home/airflow/.local/lib/python3.7/site-packages/airflow/example_dags/example_task_group_decorator.py for tasks to queue
[2023-11-20T18:52:51.058+0000] {logging_mixin.py:120} INFO - [2023-11-20T18:52:51.058+0000] {dagbag.py:537} INFO - Filling up the DagBag from /home/airflow/.local/lib/python3.7/site-packages/airflow/example_dags/example_task_group_decorator.py
[2023-11-20T18:52:51.093+0000] {processor.py:766} INFO - DAG(s) dict_keys(['example_task_group_decorator']) retrieved from /home/airflow/.local/lib/python3.7/site-packages/airflow/example_dags/example_task_group_decorator.py
[2023-11-20T18:52:51.155+0000] {logging_mixin.py:120} INFO - [2023-11-20T18:52:51.155+0000] {dag.py:2585} INFO - Sync 1 DAGs
[2023-11-20T18:52:51.209+0000] {logging_mixin.py:120} INFO - [2023-11-20T18:52:51.208+0000] {dag.py:3340} INFO - Setting next_dagrun for example_task_group_decorator to 2023-11-19T18:52:51.208694+00:00, run_after=2023-11-20T18:52:51.208694+00:00
[2023-11-20T18:52:51.252+0000] {processor.py:176} INFO - Processing /home/airflow/.local/lib/python3.7/site-packages/airflow/example_dags/example_task_group_decorator.py took 0.201 seconds
[2023-11-20T18:53:21.320+0000] {processor.py:154} INFO - Started process (PID=1032) to work on /home/airflow/.local/lib/python3.7/site-packages/airflow/example_dags/example_task_group_decorator.py
[2023-11-20T18:53:21.321+0000] {processor.py:756} INFO - Processing file /home/airflow/.local/lib/python3.7/site-packages/airflow/example_dags/example_task_group_decorator.py for tasks to queue
[2023-11-20T18:53:21.322+0000] {logging_mixin.py:120} INFO - [2023-11-20T18:53:21.322+0000] {dagbag.py:537} INFO - Filling up the DagBag from /home/airflow/.local/lib/python3.7/site-packages/airflow/example_dags/example_task_group_decorator.py
[2023-11-20T18:53:21.358+0000] {processor.py:766} INFO - DAG(s) dict_keys(['example_task_group_decorator']) retrieved from /home/airflow/.local/lib/python3.7/site-packages/airflow/example_dags/example_task_group_decorator.py
[2023-11-20T18:53:21.401+0000] {logging_mixin.py:120} INFO - [2023-11-20T18:53:21.400+0000] {dag.py:2585} INFO - Sync 1 DAGs
[2023-11-20T18:53:21.423+0000] {logging_mixin.py:120} INFO - [2023-11-20T18:53:21.423+0000] {dag.py:3340} INFO - Setting next_dagrun for example_task_group_decorator to 2023-11-19T18:53:21.422813+00:00, run_after=2023-11-20T18:53:21.422813+00:00
[2023-11-20T18:53:21.447+0000] {processor.py:176} INFO - Processing /home/airflow/.local/lib/python3.7/site-packages/airflow/example_dags/example_task_group_decorator.py took 0.131 seconds
[2023-11-20T18:53:51.738+0000] {processor.py:154} INFO - Started process (PID=1086) to work on /home/airflow/.local/lib/python3.7/site-packages/airflow/example_dags/example_task_group_decorator.py
[2023-11-20T18:53:51.739+0000] {processor.py:756} INFO - Processing file /home/airflow/.local/lib/python3.7/site-packages/airflow/example_dags/example_task_group_decorator.py for tasks to queue
[2023-11-20T18:53:51.742+0000] {logging_mixin.py:120} INFO - [2023-11-20T18:53:51.742+0000] {dagbag.py:537} INFO - Filling up the DagBag from /home/airflow/.local/lib/python3.7/site-packages/airflow/example_dags/example_task_group_decorator.py
[2023-11-20T18:53:51.794+0000] {processor.py:766} INFO - DAG(s) dict_keys(['example_task_group_decorator']) retrieved from /home/airflow/.local/lib/python3.7/site-packages/airflow/example_dags/example_task_group_decorator.py
[2023-11-20T18:53:51.841+0000] {logging_mixin.py:120} INFO - [2023-11-20T18:53:51.841+0000] {dag.py:2585} INFO - Sync 1 DAGs
[2023-11-20T18:53:51.861+0000] {logging_mixin.py:120} INFO - [2023-11-20T18:53:51.861+0000] {dag.py:3340} INFO - Setting next_dagrun for example_task_group_decorator to 2023-11-19T18:53:51.861573+00:00, run_after=2023-11-20T18:53:51.861573+00:00
[2023-11-20T18:53:51.885+0000] {processor.py:176} INFO - Processing /home/airflow/.local/lib/python3.7/site-packages/airflow/example_dags/example_task_group_decorator.py took 0.151 seconds
[2023-11-20T18:54:22.453+0000] {processor.py:154} INFO - Started process (PID=1149) to work on /home/airflow/.local/lib/python3.7/site-packages/airflow/example_dags/example_task_group_decorator.py
[2023-11-20T18:54:22.455+0000] {processor.py:756} INFO - Processing file /home/airflow/.local/lib/python3.7/site-packages/airflow/example_dags/example_task_group_decorator.py for tasks to queue
[2023-11-20T18:54:22.455+0000] {logging_mixin.py:120} INFO - [2023-11-20T18:54:22.455+0000] {dagbag.py:537} INFO - Filling up the DagBag from /home/airflow/.local/lib/python3.7/site-packages/airflow/example_dags/example_task_group_decorator.py
[2023-11-20T18:54:22.493+0000] {processor.py:766} INFO - DAG(s) dict_keys(['example_task_group_decorator']) retrieved from /home/airflow/.local/lib/python3.7/site-packages/airflow/example_dags/example_task_group_decorator.py
[2023-11-20T18:54:22.574+0000] {logging_mixin.py:120} INFO - [2023-11-20T18:54:22.574+0000] {dag.py:2585} INFO - Sync 1 DAGs
[2023-11-20T18:54:22.606+0000] {logging_mixin.py:120} INFO - [2023-11-20T18:54:22.606+0000] {dag.py:3340} INFO - Setting next_dagrun for example_task_group_decorator to 2023-11-19T18:54:22.606495+00:00, run_after=2023-11-20T18:54:22.606495+00:00
[2023-11-20T18:54:22.649+0000] {processor.py:176} INFO - Processing /home/airflow/.local/lib/python3.7/site-packages/airflow/example_dags/example_task_group_decorator.py took 0.200 seconds
[2023-11-20T18:54:52.724+0000] {processor.py:154} INFO - Started process (PID=1202) to work on /home/airflow/.local/lib/python3.7/site-packages/airflow/example_dags/example_task_group_decorator.py
[2023-11-20T18:54:52.724+0000] {processor.py:756} INFO - Processing file /home/airflow/.local/lib/python3.7/site-packages/airflow/example_dags/example_task_group_decorator.py for tasks to queue
[2023-11-20T18:54:52.725+0000] {logging_mixin.py:120} INFO - [2023-11-20T18:54:52.725+0000] {dagbag.py:537} INFO - Filling up the DagBag from /home/airflow/.local/lib/python3.7/site-packages/airflow/example_dags/example_task_group_decorator.py
[2023-11-20T18:54:52.758+0000] {processor.py:766} INFO - DAG(s) dict_keys(['example_task_group_decorator']) retrieved from /home/airflow/.local/lib/python3.7/site-packages/airflow/example_dags/example_task_group_decorator.py
[2023-11-20T18:54:52.792+0000] {logging_mixin.py:120} INFO - [2023-11-20T18:54:52.792+0000] {dag.py:2585} INFO - Sync 1 DAGs
[2023-11-20T18:54:52.813+0000] {logging_mixin.py:120} INFO - [2023-11-20T18:54:52.813+0000] {dag.py:3340} INFO - Setting next_dagrun for example_task_group_decorator to 2023-11-19T18:54:52.813157+00:00, run_after=2023-11-20T18:54:52.813157+00:00
[2023-11-20T18:54:52.844+0000] {processor.py:176} INFO - Processing /home/airflow/.local/lib/python3.7/site-packages/airflow/example_dags/example_task_group_decorator.py took 0.124 seconds
[2023-11-20T18:55:23.611+0000] {processor.py:154} INFO - Started process (PID=1266) to work on /home/airflow/.local/lib/python3.7/site-packages/airflow/example_dags/example_task_group_decorator.py
[2023-11-20T18:55:23.611+0000] {processor.py:756} INFO - Processing file /home/airflow/.local/lib/python3.7/site-packages/airflow/example_dags/example_task_group_decorator.py for tasks to queue
[2023-11-20T18:55:23.612+0000] {logging_mixin.py:120} INFO - [2023-11-20T18:55:23.612+0000] {dagbag.py:537} INFO - Filling up the DagBag from /home/airflow/.local/lib/python3.7/site-packages/airflow/example_dags/example_task_group_decorator.py
[2023-11-20T18:55:23.648+0000] {processor.py:766} INFO - DAG(s) dict_keys(['example_task_group_decorator']) retrieved from /home/airflow/.local/lib/python3.7/site-packages/airflow/example_dags/example_task_group_decorator.py
[2023-11-20T18:55:23.709+0000] {logging_mixin.py:120} INFO - [2023-11-20T18:55:23.708+0000] {dag.py:2585} INFO - Sync 1 DAGs
[2023-11-20T18:55:23.739+0000] {logging_mixin.py:120} INFO - [2023-11-20T18:55:23.739+0000] {dag.py:3340} INFO - Setting next_dagrun for example_task_group_decorator to 2023-11-19T18:55:23.739043+00:00, run_after=2023-11-20T18:55:23.739043+00:00
[2023-11-20T18:55:23.763+0000] {processor.py:176} INFO - Processing /home/airflow/.local/lib/python3.7/site-packages/airflow/example_dags/example_task_group_decorator.py took 0.155 seconds
[2023-11-20T18:55:53.892+0000] {processor.py:154} INFO - Started process (PID=1320) to work on /home/airflow/.local/lib/python3.7/site-packages/airflow/example_dags/example_task_group_decorator.py
[2023-11-20T18:55:53.896+0000] {processor.py:756} INFO - Processing file /home/airflow/.local/lib/python3.7/site-packages/airflow/example_dags/example_task_group_decorator.py for tasks to queue
[2023-11-20T18:55:53.905+0000] {logging_mixin.py:120} INFO - [2023-11-20T18:55:53.905+0000] {dagbag.py:537} INFO - Filling up the DagBag from /home/airflow/.local/lib/python3.7/site-packages/airflow/example_dags/example_task_group_decorator.py
[2023-11-20T18:55:53.968+0000] {processor.py:766} INFO - DAG(s) dict_keys(['example_task_group_decorator']) retrieved from /home/airflow/.local/lib/python3.7/site-packages/airflow/example_dags/example_task_group_decorator.py
[2023-11-20T18:55:54.023+0000] {logging_mixin.py:120} INFO - [2023-11-20T18:55:54.022+0000] {dag.py:2585} INFO - Sync 1 DAGs
[2023-11-20T18:55:54.120+0000] {logging_mixin.py:120} INFO - [2023-11-20T18:55:54.119+0000] {dag.py:3340} INFO - Setting next_dagrun for example_task_group_decorator to 2023-11-19T18:55:54.119622+00:00, run_after=2023-11-20T18:55:54.119622+00:00
[2023-11-20T18:55:54.181+0000] {processor.py:176} INFO - Processing /home/airflow/.local/lib/python3.7/site-packages/airflow/example_dags/example_task_group_decorator.py took 0.300 seconds
[2023-11-20T18:56:24.451+0000] {processor.py:154} INFO - Started process (PID=1382) to work on /home/airflow/.local/lib/python3.7/site-packages/airflow/example_dags/example_task_group_decorator.py
[2023-11-20T18:56:24.452+0000] {processor.py:756} INFO - Processing file /home/airflow/.local/lib/python3.7/site-packages/airflow/example_dags/example_task_group_decorator.py for tasks to queue
[2023-11-20T18:56:24.454+0000] {logging_mixin.py:120} INFO - [2023-11-20T18:56:24.454+0000] {dagbag.py:537} INFO - Filling up the DagBag from /home/airflow/.local/lib/python3.7/site-packages/airflow/example_dags/example_task_group_decorator.py
[2023-11-20T18:56:24.490+0000] {processor.py:766} INFO - DAG(s) dict_keys(['example_task_group_decorator']) retrieved from /home/airflow/.local/lib/python3.7/site-packages/airflow/example_dags/example_task_group_decorator.py
[2023-11-20T18:56:24.544+0000] {logging_mixin.py:120} INFO - [2023-11-20T18:56:24.544+0000] {dag.py:2585} INFO - Sync 1 DAGs
[2023-11-20T18:56:24.571+0000] {logging_mixin.py:120} INFO - [2023-11-20T18:56:24.570+0000] {dag.py:3340} INFO - Setting next_dagrun for example_task_group_decorator to 2023-11-19T18:56:24.570634+00:00, run_after=2023-11-20T18:56:24.570634+00:00
[2023-11-20T18:56:24.608+0000] {processor.py:176} INFO - Processing /home/airflow/.local/lib/python3.7/site-packages/airflow/example_dags/example_task_group_decorator.py took 0.160 seconds
[2023-11-20T18:56:55.466+0000] {processor.py:154} INFO - Started process (PID=1436) to work on /home/airflow/.local/lib/python3.7/site-packages/airflow/example_dags/example_task_group_decorator.py
[2023-11-20T18:56:55.467+0000] {processor.py:756} INFO - Processing file /home/airflow/.local/lib/python3.7/site-packages/airflow/example_dags/example_task_group_decorator.py for tasks to queue
[2023-11-20T18:56:55.468+0000] {logging_mixin.py:120} INFO - [2023-11-20T18:56:55.468+0000] {dagbag.py:537} INFO - Filling up the DagBag from /home/airflow/.local/lib/python3.7/site-packages/airflow/example_dags/example_task_group_decorator.py
[2023-11-20T18:56:55.505+0000] {processor.py:766} INFO - DAG(s) dict_keys(['example_task_group_decorator']) retrieved from /home/airflow/.local/lib/python3.7/site-packages/airflow/example_dags/example_task_group_decorator.py
[2023-11-20T18:56:55.583+0000] {logging_mixin.py:120} INFO - [2023-11-20T18:56:55.583+0000] {dag.py:2585} INFO - Sync 1 DAGs
[2023-11-20T18:56:55.766+0000] {logging_mixin.py:120} INFO - [2023-11-20T18:56:55.765+0000] {dag.py:3340} INFO - Setting next_dagrun for example_task_group_decorator to 2023-11-19T18:56:55.765619+00:00, run_after=2023-11-20T18:56:55.765619+00:00
[2023-11-20T18:56:55.841+0000] {processor.py:176} INFO - Processing /home/airflow/.local/lib/python3.7/site-packages/airflow/example_dags/example_task_group_decorator.py took 0.379 seconds
[2023-11-20T18:57:26.520+0000] {processor.py:154} INFO - Started process (PID=1499) to work on /home/airflow/.local/lib/python3.7/site-packages/airflow/example_dags/example_task_group_decorator.py
[2023-11-20T18:57:26.521+0000] {processor.py:756} INFO - Processing file /home/airflow/.local/lib/python3.7/site-packages/airflow/example_dags/example_task_group_decorator.py for tasks to queue
[2023-11-20T18:57:26.522+0000] {logging_mixin.py:120} INFO - [2023-11-20T18:57:26.521+0000] {dagbag.py:537} INFO - Filling up the DagBag from /home/airflow/.local/lib/python3.7/site-packages/airflow/example_dags/example_task_group_decorator.py
[2023-11-20T18:57:26.584+0000] {processor.py:766} INFO - DAG(s) dict_keys(['example_task_group_decorator']) retrieved from /home/airflow/.local/lib/python3.7/site-packages/airflow/example_dags/example_task_group_decorator.py
[2023-11-20T18:57:26.685+0000] {logging_mixin.py:120} INFO - [2023-11-20T18:57:26.685+0000] {dag.py:2585} INFO - Sync 1 DAGs
[2023-11-20T18:57:26.734+0000] {logging_mixin.py:120} INFO - [2023-11-20T18:57:26.734+0000] {dag.py:3340} INFO - Setting next_dagrun for example_task_group_decorator to 2023-11-19T18:57:26.734039+00:00, run_after=2023-11-20T18:57:26.734039+00:00
[2023-11-20T18:57:26.774+0000] {processor.py:176} INFO - Processing /home/airflow/.local/lib/python3.7/site-packages/airflow/example_dags/example_task_group_decorator.py took 0.257 seconds
[2023-11-20T18:57:57.477+0000] {processor.py:154} INFO - Started process (PID=1553) to work on /home/airflow/.local/lib/python3.7/site-packages/airflow/example_dags/example_task_group_decorator.py
[2023-11-20T18:57:57.484+0000] {processor.py:756} INFO - Processing file /home/airflow/.local/lib/python3.7/site-packages/airflow/example_dags/example_task_group_decorator.py for tasks to queue
[2023-11-20T18:57:57.485+0000] {logging_mixin.py:120} INFO - [2023-11-20T18:57:57.485+0000] {dagbag.py:537} INFO - Filling up the DagBag from /home/airflow/.local/lib/python3.7/site-packages/airflow/example_dags/example_task_group_decorator.py
[2023-11-20T18:57:57.544+0000] {processor.py:766} INFO - DAG(s) dict_keys(['example_task_group_decorator']) retrieved from /home/airflow/.local/lib/python3.7/site-packages/airflow/example_dags/example_task_group_decorator.py
[2023-11-20T18:57:57.633+0000] {logging_mixin.py:120} INFO - [2023-11-20T18:57:57.618+0000] {dag.py:2585} INFO - Sync 1 DAGs
[2023-11-20T18:57:57.673+0000] {logging_mixin.py:120} INFO - [2023-11-20T18:57:57.673+0000] {dag.py:3340} INFO - Setting next_dagrun for example_task_group_decorator to 2023-11-19T18:57:57.673023+00:00, run_after=2023-11-20T18:57:57.673023+00:00
[2023-11-20T18:57:57.747+0000] {processor.py:176} INFO - Processing /home/airflow/.local/lib/python3.7/site-packages/airflow/example_dags/example_task_group_decorator.py took 0.277 seconds
[2023-11-20T18:58:28.123+0000] {processor.py:154} INFO - Started process (PID=1615) to work on /home/airflow/.local/lib/python3.7/site-packages/airflow/example_dags/example_task_group_decorator.py
[2023-11-20T18:58:28.124+0000] {processor.py:756} INFO - Processing file /home/airflow/.local/lib/python3.7/site-packages/airflow/example_dags/example_task_group_decorator.py for tasks to queue
[2023-11-20T18:58:28.125+0000] {logging_mixin.py:120} INFO - [2023-11-20T18:58:28.124+0000] {dagbag.py:537} INFO - Filling up the DagBag from /home/airflow/.local/lib/python3.7/site-packages/airflow/example_dags/example_task_group_decorator.py
[2023-11-20T18:58:28.225+0000] {processor.py:766} INFO - DAG(s) dict_keys(['example_task_group_decorator']) retrieved from /home/airflow/.local/lib/python3.7/site-packages/airflow/example_dags/example_task_group_decorator.py
[2023-11-20T18:58:28.394+0000] {logging_mixin.py:120} INFO - [2023-11-20T18:58:28.394+0000] {dag.py:2585} INFO - Sync 1 DAGs
[2023-11-20T18:58:28.463+0000] {logging_mixin.py:120} INFO - [2023-11-20T18:58:28.463+0000] {dag.py:3340} INFO - Setting next_dagrun for example_task_group_decorator to 2023-11-19T18:58:28.462882+00:00, run_after=2023-11-20T18:58:28.462882+00:00
[2023-11-20T18:58:28.521+0000] {processor.py:176} INFO - Processing /home/airflow/.local/lib/python3.7/site-packages/airflow/example_dags/example_task_group_decorator.py took 0.421 seconds
[2023-11-20T18:58:58.989+0000] {processor.py:154} INFO - Started process (PID=1678) to work on /home/airflow/.local/lib/python3.7/site-packages/airflow/example_dags/example_task_group_decorator.py
[2023-11-20T18:58:58.995+0000] {processor.py:756} INFO - Processing file /home/airflow/.local/lib/python3.7/site-packages/airflow/example_dags/example_task_group_decorator.py for tasks to queue
[2023-11-20T18:58:58.996+0000] {logging_mixin.py:120} INFO - [2023-11-20T18:58:58.996+0000] {dagbag.py:537} INFO - Filling up the DagBag from /home/airflow/.local/lib/python3.7/site-packages/airflow/example_dags/example_task_group_decorator.py
[2023-11-20T18:58:59.045+0000] {processor.py:766} INFO - DAG(s) dict_keys(['example_task_group_decorator']) retrieved from /home/airflow/.local/lib/python3.7/site-packages/airflow/example_dags/example_task_group_decorator.py
[2023-11-20T18:58:59.099+0000] {logging_mixin.py:120} INFO - [2023-11-20T18:58:59.098+0000] {dag.py:2585} INFO - Sync 1 DAGs
[2023-11-20T18:58:59.150+0000] {logging_mixin.py:120} INFO - [2023-11-20T18:58:59.150+0000] {dag.py:3340} INFO - Setting next_dagrun for example_task_group_decorator to 2023-11-19T18:58:59.150347+00:00, run_after=2023-11-20T18:58:59.150347+00:00
[2023-11-20T18:58:59.197+0000] {processor.py:176} INFO - Processing /home/airflow/.local/lib/python3.7/site-packages/airflow/example_dags/example_task_group_decorator.py took 0.211 seconds
[2023-11-20T18:59:29.599+0000] {processor.py:154} INFO - Started process (PID=1733) to work on /home/airflow/.local/lib/python3.7/site-packages/airflow/example_dags/example_task_group_decorator.py
[2023-11-20T18:59:29.600+0000] {processor.py:756} INFO - Processing file /home/airflow/.local/lib/python3.7/site-packages/airflow/example_dags/example_task_group_decorator.py for tasks to queue
[2023-11-20T18:59:29.601+0000] {logging_mixin.py:120} INFO - [2023-11-20T18:59:29.601+0000] {dagbag.py:537} INFO - Filling up the DagBag from /home/airflow/.local/lib/python3.7/site-packages/airflow/example_dags/example_task_group_decorator.py
[2023-11-20T18:59:29.638+0000] {processor.py:766} INFO - DAG(s) dict_keys(['example_task_group_decorator']) retrieved from /home/airflow/.local/lib/python3.7/site-packages/airflow/example_dags/example_task_group_decorator.py
[2023-11-20T18:59:29.691+0000] {logging_mixin.py:120} INFO - [2023-11-20T18:59:29.689+0000] {dag.py:2585} INFO - Sync 1 DAGs
[2023-11-20T18:59:29.724+0000] {logging_mixin.py:120} INFO - [2023-11-20T18:59:29.724+0000] {dag.py:3340} INFO - Setting next_dagrun for example_task_group_decorator to 2023-11-19T18:59:29.724378+00:00, run_after=2023-11-20T18:59:29.724378+00:00
[2023-11-20T18:59:29.755+0000] {processor.py:176} INFO - Processing /home/airflow/.local/lib/python3.7/site-packages/airflow/example_dags/example_task_group_decorator.py took 0.159 seconds
[2023-11-20T19:00:00.476+0000] {processor.py:154} INFO - Started process (PID=1796) to work on /home/airflow/.local/lib/python3.7/site-packages/airflow/example_dags/example_task_group_decorator.py
[2023-11-20T19:00:00.477+0000] {processor.py:756} INFO - Processing file /home/airflow/.local/lib/python3.7/site-packages/airflow/example_dags/example_task_group_decorator.py for tasks to queue
[2023-11-20T19:00:00.478+0000] {logging_mixin.py:120} INFO - [2023-11-20T19:00:00.478+0000] {dagbag.py:537} INFO - Filling up the DagBag from /home/airflow/.local/lib/python3.7/site-packages/airflow/example_dags/example_task_group_decorator.py
[2023-11-20T19:00:00.515+0000] {processor.py:766} INFO - DAG(s) dict_keys(['example_task_group_decorator']) retrieved from /home/airflow/.local/lib/python3.7/site-packages/airflow/example_dags/example_task_group_decorator.py
[2023-11-20T19:00:00.571+0000] {logging_mixin.py:120} INFO - [2023-11-20T19:00:00.571+0000] {dag.py:2585} INFO - Sync 1 DAGs
[2023-11-20T19:00:00.604+0000] {logging_mixin.py:120} INFO - [2023-11-20T19:00:00.604+0000] {dag.py:3340} INFO - Setting next_dagrun for example_task_group_decorator to 2023-11-19T19:00:00.603945+00:00, run_after=2023-11-20T19:00:00.603945+00:00
[2023-11-20T19:00:00.631+0000] {processor.py:176} INFO - Processing /home/airflow/.local/lib/python3.7/site-packages/airflow/example_dags/example_task_group_decorator.py took 0.158 seconds
[2023-11-20T19:00:30.843+0000] {processor.py:154} INFO - Started process (PID=1857) to work on /home/airflow/.local/lib/python3.7/site-packages/airflow/example_dags/example_task_group_decorator.py
[2023-11-20T19:00:30.855+0000] {processor.py:756} INFO - Processing file /home/airflow/.local/lib/python3.7/site-packages/airflow/example_dags/example_task_group_decorator.py for tasks to queue
[2023-11-20T19:00:30.856+0000] {logging_mixin.py:120} INFO - [2023-11-20T19:00:30.856+0000] {dagbag.py:537} INFO - Filling up the DagBag from /home/airflow/.local/lib/python3.7/site-packages/airflow/example_dags/example_task_group_decorator.py
[2023-11-20T19:00:30.929+0000] {processor.py:766} INFO - DAG(s) dict_keys(['example_task_group_decorator']) retrieved from /home/airflow/.local/lib/python3.7/site-packages/airflow/example_dags/example_task_group_decorator.py
[2023-11-20T19:00:31.063+0000] {logging_mixin.py:120} INFO - [2023-11-20T19:00:31.063+0000] {dag.py:2585} INFO - Sync 1 DAGs
[2023-11-20T19:00:31.121+0000] {logging_mixin.py:120} INFO - [2023-11-20T19:00:31.121+0000] {dag.py:3340} INFO - Setting next_dagrun for example_task_group_decorator to 2023-11-19T19:00:31.121299+00:00, run_after=2023-11-20T19:00:31.121299+00:00
[2023-11-20T19:00:31.187+0000] {processor.py:176} INFO - Processing /home/airflow/.local/lib/python3.7/site-packages/airflow/example_dags/example_task_group_decorator.py took 0.349 seconds
[2023-11-20T19:01:01.658+0000] {processor.py:154} INFO - Started process (PID=1916) to work on /home/airflow/.local/lib/python3.7/site-packages/airflow/example_dags/example_task_group_decorator.py
[2023-11-20T19:01:01.660+0000] {processor.py:756} INFO - Processing file /home/airflow/.local/lib/python3.7/site-packages/airflow/example_dags/example_task_group_decorator.py for tasks to queue
[2023-11-20T19:01:01.660+0000] {logging_mixin.py:120} INFO - [2023-11-20T19:01:01.660+0000] {dagbag.py:537} INFO - Filling up the DagBag from /home/airflow/.local/lib/python3.7/site-packages/airflow/example_dags/example_task_group_decorator.py
[2023-11-20T19:01:01.695+0000] {processor.py:766} INFO - DAG(s) dict_keys(['example_task_group_decorator']) retrieved from /home/airflow/.local/lib/python3.7/site-packages/airflow/example_dags/example_task_group_decorator.py
[2023-11-20T19:01:01.741+0000] {logging_mixin.py:120} INFO - [2023-11-20T19:01:01.741+0000] {dag.py:2585} INFO - Sync 1 DAGs
[2023-11-20T19:01:01.775+0000] {logging_mixin.py:120} INFO - [2023-11-20T19:01:01.775+0000] {dag.py:3340} INFO - Setting next_dagrun for example_task_group_decorator to 2023-11-19T19:01:01.775109+00:00, run_after=2023-11-20T19:01:01.775109+00:00
[2023-11-20T19:01:01.803+0000] {processor.py:176} INFO - Processing /home/airflow/.local/lib/python3.7/site-packages/airflow/example_dags/example_task_group_decorator.py took 0.148 seconds
[2023-11-20T19:01:32.078+0000] {processor.py:154} INFO - Started process (PID=1981) to work on /home/airflow/.local/lib/python3.7/site-packages/airflow/example_dags/example_task_group_decorator.py
[2023-11-20T19:01:32.079+0000] {processor.py:756} INFO - Processing file /home/airflow/.local/lib/python3.7/site-packages/airflow/example_dags/example_task_group_decorator.py for tasks to queue
[2023-11-20T19:01:32.080+0000] {logging_mixin.py:120} INFO - [2023-11-20T19:01:32.079+0000] {dagbag.py:537} INFO - Filling up the DagBag from /home/airflow/.local/lib/python3.7/site-packages/airflow/example_dags/example_task_group_decorator.py
[2023-11-20T19:01:32.115+0000] {processor.py:766} INFO - DAG(s) dict_keys(['example_task_group_decorator']) retrieved from /home/airflow/.local/lib/python3.7/site-packages/airflow/example_dags/example_task_group_decorator.py
[2023-11-20T19:01:32.165+0000] {logging_mixin.py:120} INFO - [2023-11-20T19:01:32.164+0000] {dag.py:2585} INFO - Sync 1 DAGs
[2023-11-20T19:01:32.195+0000] {logging_mixin.py:120} INFO - [2023-11-20T19:01:32.195+0000] {dag.py:3340} INFO - Setting next_dagrun for example_task_group_decorator to 2023-11-19T19:01:32.195461+00:00, run_after=2023-11-20T19:01:32.195461+00:00
[2023-11-20T19:01:32.244+0000] {processor.py:176} INFO - Processing /home/airflow/.local/lib/python3.7/site-packages/airflow/example_dags/example_task_group_decorator.py took 0.169 seconds
[2023-11-20T19:02:03.073+0000] {processor.py:154} INFO - Started process (PID=2042) to work on /home/airflow/.local/lib/python3.7/site-packages/airflow/example_dags/example_task_group_decorator.py
[2023-11-20T19:02:03.074+0000] {processor.py:756} INFO - Processing file /home/airflow/.local/lib/python3.7/site-packages/airflow/example_dags/example_task_group_decorator.py for tasks to queue
[2023-11-20T19:02:03.076+0000] {logging_mixin.py:120} INFO - [2023-11-20T19:02:03.075+0000] {dagbag.py:537} INFO - Filling up the DagBag from /home/airflow/.local/lib/python3.7/site-packages/airflow/example_dags/example_task_group_decorator.py
[2023-11-20T19:02:03.128+0000] {processor.py:766} INFO - DAG(s) dict_keys(['example_task_group_decorator']) retrieved from /home/airflow/.local/lib/python3.7/site-packages/airflow/example_dags/example_task_group_decorator.py
[2023-11-20T19:02:03.209+0000] {logging_mixin.py:120} INFO - [2023-11-20T19:02:03.209+0000] {dag.py:2585} INFO - Sync 1 DAGs
[2023-11-20T19:02:03.267+0000] {logging_mixin.py:120} INFO - [2023-11-20T19:02:03.267+0000] {dag.py:3340} INFO - Setting next_dagrun for example_task_group_decorator to 2023-11-19T19:02:03.267163+00:00, run_after=2023-11-20T19:02:03.267163+00:00
[2023-11-20T19:02:03.302+0000] {processor.py:176} INFO - Processing /home/airflow/.local/lib/python3.7/site-packages/airflow/example_dags/example_task_group_decorator.py took 0.241 seconds
[2023-11-20T19:02:34.134+0000] {processor.py:154} INFO - Started process (PID=2099) to work on /home/airflow/.local/lib/python3.7/site-packages/airflow/example_dags/example_task_group_decorator.py
[2023-11-20T19:02:34.142+0000] {processor.py:756} INFO - Processing file /home/airflow/.local/lib/python3.7/site-packages/airflow/example_dags/example_task_group_decorator.py for tasks to queue
[2023-11-20T19:02:34.144+0000] {logging_mixin.py:120} INFO - [2023-11-20T19:02:34.143+0000] {dagbag.py:537} INFO - Filling up the DagBag from /home/airflow/.local/lib/python3.7/site-packages/airflow/example_dags/example_task_group_decorator.py
[2023-11-20T19:02:34.263+0000] {processor.py:766} INFO - DAG(s) dict_keys(['example_task_group_decorator']) retrieved from /home/airflow/.local/lib/python3.7/site-packages/airflow/example_dags/example_task_group_decorator.py
[2023-11-20T19:02:34.363+0000] {logging_mixin.py:120} INFO - [2023-11-20T19:02:34.363+0000] {dag.py:2585} INFO - Sync 1 DAGs
[2023-11-20T19:02:34.393+0000] {logging_mixin.py:120} INFO - [2023-11-20T19:02:34.393+0000] {dag.py:3340} INFO - Setting next_dagrun for example_task_group_decorator to 2023-11-19T19:02:34.393584+00:00, run_after=2023-11-20T19:02:34.393584+00:00
[2023-11-20T19:02:34.423+0000] {processor.py:176} INFO - Processing /home/airflow/.local/lib/python3.7/site-packages/airflow/example_dags/example_task_group_decorator.py took 0.297 seconds
[2023-11-20T19:03:04.749+0000] {processor.py:154} INFO - Started process (PID=2163) to work on /home/airflow/.local/lib/python3.7/site-packages/airflow/example_dags/example_task_group_decorator.py
[2023-11-20T19:03:04.751+0000] {processor.py:756} INFO - Processing file /home/airflow/.local/lib/python3.7/site-packages/airflow/example_dags/example_task_group_decorator.py for tasks to queue
[2023-11-20T19:03:04.752+0000] {logging_mixin.py:120} INFO - [2023-11-20T19:03:04.752+0000] {dagbag.py:537} INFO - Filling up the DagBag from /home/airflow/.local/lib/python3.7/site-packages/airflow/example_dags/example_task_group_decorator.py
[2023-11-20T19:03:04.779+0000] {processor.py:766} INFO - DAG(s) dict_keys(['example_task_group_decorator']) retrieved from /home/airflow/.local/lib/python3.7/site-packages/airflow/example_dags/example_task_group_decorator.py
[2023-11-20T19:03:04.814+0000] {logging_mixin.py:120} INFO - [2023-11-20T19:03:04.814+0000] {dag.py:2585} INFO - Sync 1 DAGs
[2023-11-20T19:03:04.835+0000] {logging_mixin.py:120} INFO - [2023-11-20T19:03:04.835+0000] {dag.py:3340} INFO - Setting next_dagrun for example_task_group_decorator to 2023-11-19T19:03:04.835224+00:00, run_after=2023-11-20T19:03:04.835224+00:00
[2023-11-20T19:03:04.856+0000] {processor.py:176} INFO - Processing /home/airflow/.local/lib/python3.7/site-packages/airflow/example_dags/example_task_group_decorator.py took 0.110 seconds
[2023-11-20T19:03:35.286+0000] {processor.py:154} INFO - Started process (PID=2216) to work on /home/airflow/.local/lib/python3.7/site-packages/airflow/example_dags/example_task_group_decorator.py
[2023-11-20T19:03:35.296+0000] {processor.py:756} INFO - Processing file /home/airflow/.local/lib/python3.7/site-packages/airflow/example_dags/example_task_group_decorator.py for tasks to queue
[2023-11-20T19:03:35.297+0000] {logging_mixin.py:120} INFO - [2023-11-20T19:03:35.297+0000] {dagbag.py:537} INFO - Filling up the DagBag from /home/airflow/.local/lib/python3.7/site-packages/airflow/example_dags/example_task_group_decorator.py
[2023-11-20T19:03:35.395+0000] {processor.py:766} INFO - DAG(s) dict_keys(['example_task_group_decorator']) retrieved from /home/airflow/.local/lib/python3.7/site-packages/airflow/example_dags/example_task_group_decorator.py
[2023-11-20T19:03:35.513+0000] {logging_mixin.py:120} INFO - [2023-11-20T19:03:35.513+0000] {dag.py:2585} INFO - Sync 1 DAGs
[2023-11-20T19:03:35.574+0000] {logging_mixin.py:120} INFO - [2023-11-20T19:03:35.574+0000] {dag.py:3340} INFO - Setting next_dagrun for example_task_group_decorator to 2023-11-19T19:03:35.574135+00:00, run_after=2023-11-20T19:03:35.574135+00:00
[2023-11-20T19:03:35.664+0000] {processor.py:176} INFO - Processing /home/airflow/.local/lib/python3.7/site-packages/airflow/example_dags/example_task_group_decorator.py took 0.381 seconds
[2023-11-20T19:04:06.420+0000] {processor.py:154} INFO - Started process (PID=2280) to work on /home/airflow/.local/lib/python3.7/site-packages/airflow/example_dags/example_task_group_decorator.py
[2023-11-20T19:04:06.421+0000] {processor.py:756} INFO - Processing file /home/airflow/.local/lib/python3.7/site-packages/airflow/example_dags/example_task_group_decorator.py for tasks to queue
[2023-11-20T19:04:06.421+0000] {logging_mixin.py:120} INFO - [2023-11-20T19:04:06.421+0000] {dagbag.py:537} INFO - Filling up the DagBag from /home/airflow/.local/lib/python3.7/site-packages/airflow/example_dags/example_task_group_decorator.py
[2023-11-20T19:04:06.457+0000] {processor.py:766} INFO - DAG(s) dict_keys(['example_task_group_decorator']) retrieved from /home/airflow/.local/lib/python3.7/site-packages/airflow/example_dags/example_task_group_decorator.py
[2023-11-20T19:04:06.508+0000] {logging_mixin.py:120} INFO - [2023-11-20T19:04:06.508+0000] {dag.py:2585} INFO - Sync 1 DAGs
[2023-11-20T19:04:06.543+0000] {logging_mixin.py:120} INFO - [2023-11-20T19:04:06.543+0000] {dag.py:3340} INFO - Setting next_dagrun for example_task_group_decorator to 2023-11-19T19:04:06.543439+00:00, run_after=2023-11-20T19:04:06.543439+00:00
[2023-11-20T19:04:06.576+0000] {processor.py:176} INFO - Processing /home/airflow/.local/lib/python3.7/site-packages/airflow/example_dags/example_task_group_decorator.py took 0.158 seconds
[2023-11-20T19:04:36.969+0000] {processor.py:154} INFO - Started process (PID=2333) to work on /home/airflow/.local/lib/python3.7/site-packages/airflow/example_dags/example_task_group_decorator.py
[2023-11-20T19:04:36.970+0000] {processor.py:756} INFO - Processing file /home/airflow/.local/lib/python3.7/site-packages/airflow/example_dags/example_task_group_decorator.py for tasks to queue
[2023-11-20T19:04:36.972+0000] {logging_mixin.py:120} INFO - [2023-11-20T19:04:36.971+0000] {dagbag.py:537} INFO - Filling up the DagBag from /home/airflow/.local/lib/python3.7/site-packages/airflow/example_dags/example_task_group_decorator.py
[2023-11-20T19:04:37.022+0000] {processor.py:766} INFO - DAG(s) dict_keys(['example_task_group_decorator']) retrieved from /home/airflow/.local/lib/python3.7/site-packages/airflow/example_dags/example_task_group_decorator.py
[2023-11-20T19:04:37.076+0000] {logging_mixin.py:120} INFO - [2023-11-20T19:04:37.075+0000] {dag.py:2585} INFO - Sync 1 DAGs
[2023-11-20T19:04:37.110+0000] {logging_mixin.py:120} INFO - [2023-11-20T19:04:37.110+0000] {dag.py:3340} INFO - Setting next_dagrun for example_task_group_decorator to 2023-11-19T19:04:37.109759+00:00, run_after=2023-11-20T19:04:37.109759+00:00
[2023-11-20T19:04:37.143+0000] {processor.py:176} INFO - Processing /home/airflow/.local/lib/python3.7/site-packages/airflow/example_dags/example_task_group_decorator.py took 0.177 seconds
[2023-11-20T19:05:07.793+0000] {processor.py:154} INFO - Started process (PID=2395) to work on /home/airflow/.local/lib/python3.7/site-packages/airflow/example_dags/example_task_group_decorator.py
[2023-11-20T19:05:07.794+0000] {processor.py:756} INFO - Processing file /home/airflow/.local/lib/python3.7/site-packages/airflow/example_dags/example_task_group_decorator.py for tasks to queue
[2023-11-20T19:05:07.794+0000] {logging_mixin.py:120} INFO - [2023-11-20T19:05:07.794+0000] {dagbag.py:537} INFO - Filling up the DagBag from /home/airflow/.local/lib/python3.7/site-packages/airflow/example_dags/example_task_group_decorator.py
[2023-11-20T19:05:07.827+0000] {processor.py:766} INFO - DAG(s) dict_keys(['example_task_group_decorator']) retrieved from /home/airflow/.local/lib/python3.7/site-packages/airflow/example_dags/example_task_group_decorator.py
[2023-11-20T19:05:07.876+0000] {logging_mixin.py:120} INFO - [2023-11-20T19:05:07.876+0000] {dag.py:2585} INFO - Sync 1 DAGs
[2023-11-20T19:05:07.910+0000] {logging_mixin.py:120} INFO - [2023-11-20T19:05:07.910+0000] {dag.py:3340} INFO - Setting next_dagrun for example_task_group_decorator to 2023-11-19T19:05:07.909766+00:00, run_after=2023-11-20T19:05:07.909766+00:00
[2023-11-20T19:05:07.962+0000] {processor.py:176} INFO - Processing /home/airflow/.local/lib/python3.7/site-packages/airflow/example_dags/example_task_group_decorator.py took 0.173 seconds
[2023-11-20T19:05:38.865+0000] {processor.py:154} INFO - Started process (PID=2456) to work on /home/airflow/.local/lib/python3.7/site-packages/airflow/example_dags/example_task_group_decorator.py
[2023-11-20T19:05:38.872+0000] {processor.py:756} INFO - Processing file /home/airflow/.local/lib/python3.7/site-packages/airflow/example_dags/example_task_group_decorator.py for tasks to queue
[2023-11-20T19:05:38.873+0000] {logging_mixin.py:120} INFO - [2023-11-20T19:05:38.873+0000] {dagbag.py:537} INFO - Filling up the DagBag from /home/airflow/.local/lib/python3.7/site-packages/airflow/example_dags/example_task_group_decorator.py
[2023-11-20T19:05:38.949+0000] {processor.py:766} INFO - DAG(s) dict_keys(['example_task_group_decorator']) retrieved from /home/airflow/.local/lib/python3.7/site-packages/airflow/example_dags/example_task_group_decorator.py
[2023-11-20T19:05:39.050+0000] {logging_mixin.py:120} INFO - [2023-11-20T19:05:39.050+0000] {dag.py:2585} INFO - Sync 1 DAGs
[2023-11-20T19:05:39.086+0000] {logging_mixin.py:120} INFO - [2023-11-20T19:05:39.086+0000] {dag.py:3340} INFO - Setting next_dagrun for example_task_group_decorator to 2023-11-19T19:05:39.086091+00:00, run_after=2023-11-20T19:05:39.086091+00:00
[2023-11-20T19:05:39.141+0000] {processor.py:176} INFO - Processing /home/airflow/.local/lib/python3.7/site-packages/airflow/example_dags/example_task_group_decorator.py took 0.279 seconds
[2023-11-20T19:06:09.256+0000] {processor.py:154} INFO - Started process (PID=2513) to work on /home/airflow/.local/lib/python3.7/site-packages/airflow/example_dags/example_task_group_decorator.py
[2023-11-20T19:06:09.256+0000] {processor.py:756} INFO - Processing file /home/airflow/.local/lib/python3.7/site-packages/airflow/example_dags/example_task_group_decorator.py for tasks to queue
[2023-11-20T19:06:09.257+0000] {logging_mixin.py:120} INFO - [2023-11-20T19:06:09.257+0000] {dagbag.py:537} INFO - Filling up the DagBag from /home/airflow/.local/lib/python3.7/site-packages/airflow/example_dags/example_task_group_decorator.py
[2023-11-20T19:06:09.293+0000] {processor.py:766} INFO - DAG(s) dict_keys(['example_task_group_decorator']) retrieved from /home/airflow/.local/lib/python3.7/site-packages/airflow/example_dags/example_task_group_decorator.py
[2023-11-20T19:06:09.344+0000] {logging_mixin.py:120} INFO - [2023-11-20T19:06:09.344+0000] {dag.py:2585} INFO - Sync 1 DAGs
[2023-11-20T19:06:09.376+0000] {logging_mixin.py:120} INFO - [2023-11-20T19:06:09.375+0000] {dag.py:3340} INFO - Setting next_dagrun for example_task_group_decorator to 2023-11-19T19:06:09.375743+00:00, run_after=2023-11-20T19:06:09.375743+00:00
[2023-11-20T19:06:09.401+0000] {processor.py:176} INFO - Processing /home/airflow/.local/lib/python3.7/site-packages/airflow/example_dags/example_task_group_decorator.py took 0.149 seconds
[2023-11-20T19:06:39.528+0000] {processor.py:154} INFO - Started process (PID=2578) to work on /home/airflow/.local/lib/python3.7/site-packages/airflow/example_dags/example_task_group_decorator.py
[2023-11-20T19:06:39.529+0000] {processor.py:756} INFO - Processing file /home/airflow/.local/lib/python3.7/site-packages/airflow/example_dags/example_task_group_decorator.py for tasks to queue
[2023-11-20T19:06:39.530+0000] {logging_mixin.py:120} INFO - [2023-11-20T19:06:39.530+0000] {dagbag.py:537} INFO - Filling up the DagBag from /home/airflow/.local/lib/python3.7/site-packages/airflow/example_dags/example_task_group_decorator.py
[2023-11-20T19:06:39.593+0000] {processor.py:766} INFO - DAG(s) dict_keys(['example_task_group_decorator']) retrieved from /home/airflow/.local/lib/python3.7/site-packages/airflow/example_dags/example_task_group_decorator.py
[2023-11-20T19:06:39.718+0000] {logging_mixin.py:120} INFO - [2023-11-20T19:06:39.717+0000] {dag.py:2585} INFO - Sync 1 DAGs
[2023-11-20T19:06:39.802+0000] {logging_mixin.py:120} INFO - [2023-11-20T19:06:39.802+0000] {dag.py:3340} INFO - Setting next_dagrun for example_task_group_decorator to 2023-11-19T19:06:39.802027+00:00, run_after=2023-11-20T19:06:39.802027+00:00
[2023-11-20T19:06:39.829+0000] {processor.py:176} INFO - Processing /home/airflow/.local/lib/python3.7/site-packages/airflow/example_dags/example_task_group_decorator.py took 0.304 seconds
[2023-11-20T19:07:10.524+0000] {processor.py:154} INFO - Started process (PID=2643) to work on /home/airflow/.local/lib/python3.7/site-packages/airflow/example_dags/example_task_group_decorator.py
[2023-11-20T19:07:10.525+0000] {processor.py:756} INFO - Processing file /home/airflow/.local/lib/python3.7/site-packages/airflow/example_dags/example_task_group_decorator.py for tasks to queue
[2023-11-20T19:07:10.525+0000] {logging_mixin.py:120} INFO - [2023-11-20T19:07:10.525+0000] {dagbag.py:537} INFO - Filling up the DagBag from /home/airflow/.local/lib/python3.7/site-packages/airflow/example_dags/example_task_group_decorator.py
[2023-11-20T19:07:10.629+0000] {processor.py:766} INFO - DAG(s) dict_keys(['example_task_group_decorator']) retrieved from /home/airflow/.local/lib/python3.7/site-packages/airflow/example_dags/example_task_group_decorator.py
[2023-11-20T19:07:10.760+0000] {logging_mixin.py:120} INFO - [2023-11-20T19:07:10.759+0000] {dag.py:2585} INFO - Sync 1 DAGs
[2023-11-20T19:07:10.834+0000] {logging_mixin.py:120} INFO - [2023-11-20T19:07:10.833+0000] {dag.py:3340} INFO - Setting next_dagrun for example_task_group_decorator to 2023-11-19T19:07:10.833639+00:00, run_after=2023-11-20T19:07:10.833639+00:00
[2023-11-20T19:07:10.874+0000] {processor.py:176} INFO - Processing /home/airflow/.local/lib/python3.7/site-packages/airflow/example_dags/example_task_group_decorator.py took 0.361 seconds
[2023-11-20T19:07:41.549+0000] {processor.py:154} INFO - Started process (PID=2697) to work on /home/airflow/.local/lib/python3.7/site-packages/airflow/example_dags/example_task_group_decorator.py
[2023-11-20T19:07:41.549+0000] {processor.py:756} INFO - Processing file /home/airflow/.local/lib/python3.7/site-packages/airflow/example_dags/example_task_group_decorator.py for tasks to queue
[2023-11-20T19:07:41.550+0000] {logging_mixin.py:120} INFO - [2023-11-20T19:07:41.550+0000] {dagbag.py:537} INFO - Filling up the DagBag from /home/airflow/.local/lib/python3.7/site-packages/airflow/example_dags/example_task_group_decorator.py
[2023-11-20T19:07:41.583+0000] {processor.py:766} INFO - DAG(s) dict_keys(['example_task_group_decorator']) retrieved from /home/airflow/.local/lib/python3.7/site-packages/airflow/example_dags/example_task_group_decorator.py
[2023-11-20T19:07:41.636+0000] {logging_mixin.py:120} INFO - [2023-11-20T19:07:41.636+0000] {dag.py:2585} INFO - Sync 1 DAGs
[2023-11-20T19:07:41.669+0000] {logging_mixin.py:120} INFO - [2023-11-20T19:07:41.669+0000] {dag.py:3340} INFO - Setting next_dagrun for example_task_group_decorator to 2023-11-19T19:07:41.669340+00:00, run_after=2023-11-20T19:07:41.669340+00:00
[2023-11-20T19:07:41.697+0000] {processor.py:176} INFO - Processing /home/airflow/.local/lib/python3.7/site-packages/airflow/example_dags/example_task_group_decorator.py took 0.152 seconds
[2023-11-20T19:08:12.489+0000] {processor.py:154} INFO - Started process (PID=2761) to work on /home/airflow/.local/lib/python3.7/site-packages/airflow/example_dags/example_task_group_decorator.py
[2023-11-20T19:08:12.490+0000] {processor.py:756} INFO - Processing file /home/airflow/.local/lib/python3.7/site-packages/airflow/example_dags/example_task_group_decorator.py for tasks to queue
[2023-11-20T19:08:12.491+0000] {logging_mixin.py:120} INFO - [2023-11-20T19:08:12.490+0000] {dagbag.py:537} INFO - Filling up the DagBag from /home/airflow/.local/lib/python3.7/site-packages/airflow/example_dags/example_task_group_decorator.py
[2023-11-20T19:08:12.523+0000] {processor.py:766} INFO - DAG(s) dict_keys(['example_task_group_decorator']) retrieved from /home/airflow/.local/lib/python3.7/site-packages/airflow/example_dags/example_task_group_decorator.py
[2023-11-20T19:08:12.598+0000] {logging_mixin.py:120} INFO - [2023-11-20T19:08:12.597+0000] {dag.py:2585} INFO - Sync 1 DAGs
[2023-11-20T19:08:12.631+0000] {logging_mixin.py:120} INFO - [2023-11-20T19:08:12.631+0000] {dag.py:3340} INFO - Setting next_dagrun for example_task_group_decorator to 2023-11-19T19:08:12.631495+00:00, run_after=2023-11-20T19:08:12.631495+00:00
[2023-11-20T19:08:12.685+0000] {processor.py:176} INFO - Processing /home/airflow/.local/lib/python3.7/site-packages/airflow/example_dags/example_task_group_decorator.py took 0.198 seconds
[2023-11-20T19:08:43.309+0000] {processor.py:154} INFO - Started process (PID=2824) to work on /home/airflow/.local/lib/python3.7/site-packages/airflow/example_dags/example_task_group_decorator.py
[2023-11-20T19:08:43.319+0000] {processor.py:756} INFO - Processing file /home/airflow/.local/lib/python3.7/site-packages/airflow/example_dags/example_task_group_decorator.py for tasks to queue
[2023-11-20T19:08:43.320+0000] {logging_mixin.py:120} INFO - [2023-11-20T19:08:43.320+0000] {dagbag.py:537} INFO - Filling up the DagBag from /home/airflow/.local/lib/python3.7/site-packages/airflow/example_dags/example_task_group_decorator.py
[2023-11-20T19:08:43.387+0000] {processor.py:766} INFO - DAG(s) dict_keys(['example_task_group_decorator']) retrieved from /home/airflow/.local/lib/python3.7/site-packages/airflow/example_dags/example_task_group_decorator.py
[2023-11-20T19:08:43.444+0000] {logging_mixin.py:120} INFO - [2023-11-20T19:08:43.444+0000] {dag.py:2585} INFO - Sync 1 DAGs
[2023-11-20T19:08:43.479+0000] {logging_mixin.py:120} INFO - [2023-11-20T19:08:43.479+0000] {dag.py:3340} INFO - Setting next_dagrun for example_task_group_decorator to 2023-11-19T19:08:43.479083+00:00, run_after=2023-11-20T19:08:43.479083+00:00
[2023-11-20T19:08:43.513+0000] {processor.py:176} INFO - Processing /home/airflow/.local/lib/python3.7/site-packages/airflow/example_dags/example_task_group_decorator.py took 0.207 seconds
[2023-11-20T19:09:13.998+0000] {processor.py:154} INFO - Started process (PID=2879) to work on /home/airflow/.local/lib/python3.7/site-packages/airflow/example_dags/example_task_group_decorator.py
[2023-11-20T19:09:13.998+0000] {processor.py:756} INFO - Processing file /home/airflow/.local/lib/python3.7/site-packages/airflow/example_dags/example_task_group_decorator.py for tasks to queue
[2023-11-20T19:09:13.999+0000] {logging_mixin.py:120} INFO - [2023-11-20T19:09:13.999+0000] {dagbag.py:537} INFO - Filling up the DagBag from /home/airflow/.local/lib/python3.7/site-packages/airflow/example_dags/example_task_group_decorator.py
[2023-11-20T19:09:14.033+0000] {processor.py:766} INFO - DAG(s) dict_keys(['example_task_group_decorator']) retrieved from /home/airflow/.local/lib/python3.7/site-packages/airflow/example_dags/example_task_group_decorator.py
[2023-11-20T19:09:14.103+0000] {logging_mixin.py:120} INFO - [2023-11-20T19:09:14.102+0000] {dag.py:2585} INFO - Sync 1 DAGs
[2023-11-20T19:09:14.161+0000] {logging_mixin.py:120} INFO - [2023-11-20T19:09:14.160+0000] {dag.py:3340} INFO - Setting next_dagrun for example_task_group_decorator to 2023-11-19T19:09:14.160661+00:00, run_after=2023-11-20T19:09:14.160661+00:00
[2023-11-20T19:09:14.192+0000] {processor.py:176} INFO - Processing /home/airflow/.local/lib/python3.7/site-packages/airflow/example_dags/example_task_group_decorator.py took 0.198 seconds
[2023-11-20T19:09:44.472+0000] {processor.py:154} INFO - Started process (PID=2942) to work on /home/airflow/.local/lib/python3.7/site-packages/airflow/example_dags/example_task_group_decorator.py
[2023-11-20T19:09:44.473+0000] {processor.py:756} INFO - Processing file /home/airflow/.local/lib/python3.7/site-packages/airflow/example_dags/example_task_group_decorator.py for tasks to queue
[2023-11-20T19:09:44.474+0000] {logging_mixin.py:120} INFO - [2023-11-20T19:09:44.473+0000] {dagbag.py:537} INFO - Filling up the DagBag from /home/airflow/.local/lib/python3.7/site-packages/airflow/example_dags/example_task_group_decorator.py
[2023-11-20T19:09:44.529+0000] {processor.py:766} INFO - DAG(s) dict_keys(['example_task_group_decorator']) retrieved from /home/airflow/.local/lib/python3.7/site-packages/airflow/example_dags/example_task_group_decorator.py
[2023-11-20T19:09:44.581+0000] {logging_mixin.py:120} INFO - [2023-11-20T19:09:44.581+0000] {dag.py:2585} INFO - Sync 1 DAGs
[2023-11-20T19:09:44.613+0000] {logging_mixin.py:120} INFO - [2023-11-20T19:09:44.613+0000] {dag.py:3340} INFO - Setting next_dagrun for example_task_group_decorator to 2023-11-19T19:09:44.613456+00:00, run_after=2023-11-20T19:09:44.613456+00:00
[2023-11-20T19:09:44.654+0000] {processor.py:176} INFO - Processing /home/airflow/.local/lib/python3.7/site-packages/airflow/example_dags/example_task_group_decorator.py took 0.186 seconds
[2023-11-20T19:10:15.268+0000] {processor.py:154} INFO - Started process (PID=3004) to work on /home/airflow/.local/lib/python3.7/site-packages/airflow/example_dags/example_task_group_decorator.py
[2023-11-20T19:10:15.268+0000] {processor.py:756} INFO - Processing file /home/airflow/.local/lib/python3.7/site-packages/airflow/example_dags/example_task_group_decorator.py for tasks to queue
[2023-11-20T19:10:15.269+0000] {logging_mixin.py:120} INFO - [2023-11-20T19:10:15.269+0000] {dagbag.py:537} INFO - Filling up the DagBag from /home/airflow/.local/lib/python3.7/site-packages/airflow/example_dags/example_task_group_decorator.py
[2023-11-20T19:10:15.303+0000] {processor.py:766} INFO - DAG(s) dict_keys(['example_task_group_decorator']) retrieved from /home/airflow/.local/lib/python3.7/site-packages/airflow/example_dags/example_task_group_decorator.py
[2023-11-20T19:10:15.368+0000] {logging_mixin.py:120} INFO - [2023-11-20T19:10:15.368+0000] {dag.py:2585} INFO - Sync 1 DAGs
[2023-11-20T19:10:15.402+0000] {logging_mixin.py:120} INFO - [2023-11-20T19:10:15.402+0000] {dag.py:3340} INFO - Setting next_dagrun for example_task_group_decorator to 2023-11-19T19:10:15.402268+00:00, run_after=2023-11-20T19:10:15.402268+00:00
[2023-11-20T19:10:15.441+0000] {processor.py:176} INFO - Processing /home/airflow/.local/lib/python3.7/site-packages/airflow/example_dags/example_task_group_decorator.py took 0.178 seconds
[2023-11-20T19:10:46.100+0000] {processor.py:154} INFO - Started process (PID=3058) to work on /home/airflow/.local/lib/python3.7/site-packages/airflow/example_dags/example_task_group_decorator.py
[2023-11-20T19:10:46.101+0000] {processor.py:756} INFO - Processing file /home/airflow/.local/lib/python3.7/site-packages/airflow/example_dags/example_task_group_decorator.py for tasks to queue
[2023-11-20T19:10:46.101+0000] {logging_mixin.py:120} INFO - [2023-11-20T19:10:46.101+0000] {dagbag.py:537} INFO - Filling up the DagBag from /home/airflow/.local/lib/python3.7/site-packages/airflow/example_dags/example_task_group_decorator.py
[2023-11-20T19:10:46.131+0000] {processor.py:766} INFO - DAG(s) dict_keys(['example_task_group_decorator']) retrieved from /home/airflow/.local/lib/python3.7/site-packages/airflow/example_dags/example_task_group_decorator.py
[2023-11-20T19:10:46.185+0000] {logging_mixin.py:120} INFO - [2023-11-20T19:10:46.185+0000] {dag.py:2585} INFO - Sync 1 DAGs
[2023-11-20T19:10:46.219+0000] {logging_mixin.py:120} INFO - [2023-11-20T19:10:46.219+0000] {dag.py:3340} INFO - Setting next_dagrun for example_task_group_decorator to 2023-11-19T19:10:46.219093+00:00, run_after=2023-11-20T19:10:46.219093+00:00
[2023-11-20T19:10:46.246+0000] {processor.py:176} INFO - Processing /home/airflow/.local/lib/python3.7/site-packages/airflow/example_dags/example_task_group_decorator.py took 0.150 seconds
[2023-11-20T19:11:17.268+0000] {processor.py:154} INFO - Started process (PID=3118) to work on /home/airflow/.local/lib/python3.7/site-packages/airflow/example_dags/example_task_group_decorator.py
[2023-11-20T19:11:17.277+0000] {processor.py:756} INFO - Processing file /home/airflow/.local/lib/python3.7/site-packages/airflow/example_dags/example_task_group_decorator.py for tasks to queue
[2023-11-20T19:11:17.287+0000] {logging_mixin.py:120} INFO - [2023-11-20T19:11:17.280+0000] {dagbag.py:537} INFO - Filling up the DagBag from /home/airflow/.local/lib/python3.7/site-packages/airflow/example_dags/example_task_group_decorator.py
[2023-11-20T19:11:17.511+0000] {processor.py:766} INFO - DAG(s) dict_keys(['example_task_group_decorator']) retrieved from /home/airflow/.local/lib/python3.7/site-packages/airflow/example_dags/example_task_group_decorator.py
[2023-11-20T19:11:17.904+0000] {logging_mixin.py:120} INFO - [2023-11-20T19:11:17.903+0000] {dag.py:2585} INFO - Sync 1 DAGs
[2023-11-20T19:11:17.993+0000] {logging_mixin.py:120} INFO - [2023-11-20T19:11:17.993+0000] {dag.py:3340} INFO - Setting next_dagrun for example_task_group_decorator to 2023-11-19T19:11:17.992806+00:00, run_after=2023-11-20T19:11:17.992806+00:00
[2023-11-20T19:11:18.095+0000] {processor.py:176} INFO - Processing /home/airflow/.local/lib/python3.7/site-packages/airflow/example_dags/example_task_group_decorator.py took 0.845 seconds
[2023-11-20T19:11:48.890+0000] {processor.py:154} INFO - Started process (PID=3175) to work on /home/airflow/.local/lib/python3.7/site-packages/airflow/example_dags/example_task_group_decorator.py
[2023-11-20T19:11:48.891+0000] {processor.py:756} INFO - Processing file /home/airflow/.local/lib/python3.7/site-packages/airflow/example_dags/example_task_group_decorator.py for tasks to queue
[2023-11-20T19:11:48.892+0000] {logging_mixin.py:120} INFO - [2023-11-20T19:11:48.892+0000] {dagbag.py:537} INFO - Filling up the DagBag from /home/airflow/.local/lib/python3.7/site-packages/airflow/example_dags/example_task_group_decorator.py
[2023-11-20T19:11:48.930+0000] {processor.py:766} INFO - DAG(s) dict_keys(['example_task_group_decorator']) retrieved from /home/airflow/.local/lib/python3.7/site-packages/airflow/example_dags/example_task_group_decorator.py
[2023-11-20T19:11:48.986+0000] {logging_mixin.py:120} INFO - [2023-11-20T19:11:48.985+0000] {dag.py:2585} INFO - Sync 1 DAGs
[2023-11-20T19:11:49.021+0000] {logging_mixin.py:120} INFO - [2023-11-20T19:11:49.020+0000] {dag.py:3340} INFO - Setting next_dagrun for example_task_group_decorator to 2023-11-19T19:11:49.020675+00:00, run_after=2023-11-20T19:11:49.020675+00:00
[2023-11-20T19:11:49.059+0000] {processor.py:176} INFO - Processing /home/airflow/.local/lib/python3.7/site-packages/airflow/example_dags/example_task_group_decorator.py took 0.172 seconds
