[2023-11-20T20:23:47.796+0000] {processor.py:154} INFO - Started process (PID=11689) to work on /home/airflow/.local/lib/python3.7/site-packages/airflow/example_dags/example_branch_operator_decorator.py
[2023-11-20T20:23:47.797+0000] {processor.py:756} INFO - Processing file /home/airflow/.local/lib/python3.7/site-packages/airflow/example_dags/example_branch_operator_decorator.py for tasks to queue
[2023-11-20T20:23:47.798+0000] {logging_mixin.py:120} INFO - [2023-11-20T20:23:47.798+0000] {dagbag.py:537} INFO - Filling up the DagBag from /home/airflow/.local/lib/python3.7/site-packages/airflow/example_dags/example_branch_operator_decorator.py
[2023-11-20T20:23:47.840+0000] {processor.py:766} INFO - DAG(s) dict_keys(['example_branch_python_operator_decorator']) retrieved from /home/airflow/.local/lib/python3.7/site-packages/airflow/example_dags/example_branch_operator_decorator.py
[2023-11-20T20:23:47.928+0000] {logging_mixin.py:120} INFO - [2023-11-20T20:23:47.928+0000] {dag.py:2585} INFO - Sync 1 DAGs
[2023-11-20T20:23:47.985+0000] {logging_mixin.py:120} INFO - [2023-11-20T20:23:47.985+0000] {dag.py:3340} INFO - Setting next_dagrun for example_branch_python_operator_decorator to 2023-11-19T00:00:00+00:00, run_after=2023-11-20T00:00:00+00:00
[2023-11-20T20:23:48.013+0000] {processor.py:176} INFO - Processing /home/airflow/.local/lib/python3.7/site-packages/airflow/example_dags/example_branch_operator_decorator.py took 0.220 seconds
[2023-11-20T20:24:18.663+0000] {processor.py:154} INFO - Started process (PID=11745) to work on /home/airflow/.local/lib/python3.7/site-packages/airflow/example_dags/example_branch_operator_decorator.py
[2023-11-20T20:24:18.665+0000] {processor.py:756} INFO - Processing file /home/airflow/.local/lib/python3.7/site-packages/airflow/example_dags/example_branch_operator_decorator.py for tasks to queue
[2023-11-20T20:24:18.666+0000] {logging_mixin.py:120} INFO - [2023-11-20T20:24:18.665+0000] {dagbag.py:537} INFO - Filling up the DagBag from /home/airflow/.local/lib/python3.7/site-packages/airflow/example_dags/example_branch_operator_decorator.py
[2023-11-20T20:24:18.726+0000] {processor.py:766} INFO - DAG(s) dict_keys(['example_branch_python_operator_decorator']) retrieved from /home/airflow/.local/lib/python3.7/site-packages/airflow/example_dags/example_branch_operator_decorator.py
[2023-11-20T20:24:18.839+0000] {logging_mixin.py:120} INFO - [2023-11-20T20:24:18.839+0000] {dag.py:2585} INFO - Sync 1 DAGs
[2023-11-20T20:24:18.926+0000] {logging_mixin.py:120} INFO - [2023-11-20T20:24:18.926+0000] {dag.py:3340} INFO - Setting next_dagrun for example_branch_python_operator_decorator to 2023-11-19T00:00:00+00:00, run_after=2023-11-20T00:00:00+00:00
[2023-11-20T20:24:18.983+0000] {processor.py:176} INFO - Processing /home/airflow/.local/lib/python3.7/site-packages/airflow/example_dags/example_branch_operator_decorator.py took 0.327 seconds
[2023-11-20T20:24:49.538+0000] {processor.py:154} INFO - Started process (PID=11809) to work on /home/airflow/.local/lib/python3.7/site-packages/airflow/example_dags/example_branch_operator_decorator.py
[2023-11-20T20:24:49.539+0000] {processor.py:756} INFO - Processing file /home/airflow/.local/lib/python3.7/site-packages/airflow/example_dags/example_branch_operator_decorator.py for tasks to queue
[2023-11-20T20:24:49.539+0000] {logging_mixin.py:120} INFO - [2023-11-20T20:24:49.539+0000] {dagbag.py:537} INFO - Filling up the DagBag from /home/airflow/.local/lib/python3.7/site-packages/airflow/example_dags/example_branch_operator_decorator.py
[2023-11-20T20:24:49.574+0000] {processor.py:766} INFO - DAG(s) dict_keys(['example_branch_python_operator_decorator']) retrieved from /home/airflow/.local/lib/python3.7/site-packages/airflow/example_dags/example_branch_operator_decorator.py
[2023-11-20T20:24:49.625+0000] {logging_mixin.py:120} INFO - [2023-11-20T20:24:49.625+0000] {dag.py:2585} INFO - Sync 1 DAGs
[2023-11-20T20:24:49.665+0000] {logging_mixin.py:120} INFO - [2023-11-20T20:24:49.665+0000] {dag.py:3340} INFO - Setting next_dagrun for example_branch_python_operator_decorator to 2023-11-19T00:00:00+00:00, run_after=2023-11-20T00:00:00+00:00
[2023-11-20T20:24:49.694+0000] {processor.py:176} INFO - Processing /home/airflow/.local/lib/python3.7/site-packages/airflow/example_dags/example_branch_operator_decorator.py took 0.160 seconds
