[2023-11-20T20:24:07.594+0000] {processor.py:154} INFO - Started process (PID=11725) to work on /home/airflow/.local/lib/python3.7/site-packages/airflow/example_dags/example_trigger_target_dag.py
[2023-11-20T20:24:07.603+0000] {processor.py:756} INFO - Processing file /home/airflow/.local/lib/python3.7/site-packages/airflow/example_dags/example_trigger_target_dag.py for tasks to queue
[2023-11-20T20:24:07.604+0000] {logging_mixin.py:120} INFO - [2023-11-20T20:24:07.604+0000] {dagbag.py:537} INFO - Filling up the DagBag from /home/airflow/.local/lib/python3.7/site-packages/airflow/example_dags/example_trigger_target_dag.py
[2023-11-20T20:24:07.664+0000] {processor.py:766} INFO - DAG(s) dict_keys(['example_trigger_target_dag']) retrieved from /home/airflow/.local/lib/python3.7/site-packages/airflow/example_dags/example_trigger_target_dag.py
[2023-11-20T20:24:07.812+0000] {logging_mixin.py:120} INFO - [2023-11-20T20:24:07.812+0000] {dag.py:2585} INFO - Sync 1 DAGs
[2023-11-20T20:24:07.894+0000] {logging_mixin.py:120} INFO - [2023-11-20T20:24:07.893+0000] {dag.py:3340} INFO - Setting next_dagrun for example_trigger_target_dag to None, run_after=None
[2023-11-20T20:24:07.944+0000] {processor.py:176} INFO - Processing /home/airflow/.local/lib/python3.7/site-packages/airflow/example_dags/example_trigger_target_dag.py took 0.354 seconds
[2023-11-20T20:24:38.272+0000] {processor.py:154} INFO - Started process (PID=11789) to work on /home/airflow/.local/lib/python3.7/site-packages/airflow/example_dags/example_trigger_target_dag.py
[2023-11-20T20:24:38.283+0000] {processor.py:756} INFO - Processing file /home/airflow/.local/lib/python3.7/site-packages/airflow/example_dags/example_trigger_target_dag.py for tasks to queue
[2023-11-20T20:24:38.284+0000] {logging_mixin.py:120} INFO - [2023-11-20T20:24:38.283+0000] {dagbag.py:537} INFO - Filling up the DagBag from /home/airflow/.local/lib/python3.7/site-packages/airflow/example_dags/example_trigger_target_dag.py
[2023-11-20T20:24:38.363+0000] {processor.py:766} INFO - DAG(s) dict_keys(['example_trigger_target_dag']) retrieved from /home/airflow/.local/lib/python3.7/site-packages/airflow/example_dags/example_trigger_target_dag.py
[2023-11-20T20:24:38.438+0000] {logging_mixin.py:120} INFO - [2023-11-20T20:24:38.438+0000] {dag.py:2585} INFO - Sync 1 DAGs
[2023-11-20T20:24:38.467+0000] {logging_mixin.py:120} INFO - [2023-11-20T20:24:38.467+0000] {dag.py:3340} INFO - Setting next_dagrun for example_trigger_target_dag to None, run_after=None
[2023-11-20T20:24:38.504+0000] {processor.py:176} INFO - Processing /home/airflow/.local/lib/python3.7/site-packages/airflow/example_dags/example_trigger_target_dag.py took 0.243 seconds
[2023-11-20T20:25:08.827+0000] {processor.py:154} INFO - Started process (PID=11845) to work on /home/airflow/.local/lib/python3.7/site-packages/airflow/example_dags/example_trigger_target_dag.py
[2023-11-20T20:25:08.832+0000] {processor.py:756} INFO - Processing file /home/airflow/.local/lib/python3.7/site-packages/airflow/example_dags/example_trigger_target_dag.py for tasks to queue
[2023-11-20T20:25:08.835+0000] {logging_mixin.py:120} INFO - [2023-11-20T20:25:08.835+0000] {dagbag.py:537} INFO - Filling up the DagBag from /home/airflow/.local/lib/python3.7/site-packages/airflow/example_dags/example_trigger_target_dag.py
[2023-11-20T20:25:08.938+0000] {processor.py:766} INFO - DAG(s) dict_keys(['example_trigger_target_dag']) retrieved from /home/airflow/.local/lib/python3.7/site-packages/airflow/example_dags/example_trigger_target_dag.py
[2023-11-20T20:25:09.115+0000] {logging_mixin.py:120} INFO - [2023-11-20T20:25:09.115+0000] {dag.py:2585} INFO - Sync 1 DAGs
[2023-11-20T20:25:09.215+0000] {logging_mixin.py:120} INFO - [2023-11-20T20:25:09.215+0000] {dag.py:3340} INFO - Setting next_dagrun for example_trigger_target_dag to None, run_after=None
[2023-11-20T20:25:09.346+0000] {processor.py:176} INFO - Processing /home/airflow/.local/lib/python3.7/site-packages/airflow/example_dags/example_trigger_target_dag.py took 0.533 seconds
