[2023-11-20T20:24:01.929+0000] {processor.py:154} INFO - Started process (PID=11722) to work on /home/airflow/.local/lib/python3.7/site-packages/airflow/example_dags/example_branch_datetime_operator.py
[2023-11-20T20:24:01.929+0000] {processor.py:756} INFO - Processing file /home/airflow/.local/lib/python3.7/site-packages/airflow/example_dags/example_branch_datetime_operator.py for tasks to queue
[2023-11-20T20:24:01.930+0000] {logging_mixin.py:120} INFO - [2023-11-20T20:24:01.930+0000] {dagbag.py:537} INFO - Filling up the DagBag from /home/airflow/.local/lib/python3.7/site-packages/airflow/example_dags/example_branch_datetime_operator.py
[2023-11-20T20:24:01.978+0000] {processor.py:766} INFO - DAG(s) dict_keys(['example_branch_datetime_operator', 'example_branch_datetime_operator_3', 'example_branch_datetime_operator_2']) retrieved from /home/airflow/.local/lib/python3.7/site-packages/airflow/example_dags/example_branch_datetime_operator.py
[2023-11-20T20:24:02.042+0000] {logging_mixin.py:120} INFO - [2023-11-20T20:24:02.042+0000] {dag.py:2585} INFO - Sync 3 DAGs
[2023-11-20T20:24:02.106+0000] {logging_mixin.py:120} INFO - [2023-11-20T20:24:02.105+0000] {dag.py:3340} INFO - Setting next_dagrun for example_branch_datetime_operator to 2023-11-19T00:00:00+00:00, run_after=2023-11-20T00:00:00+00:00
[2023-11-20T20:24:02.113+0000] {logging_mixin.py:120} INFO - [2023-11-20T20:24:02.113+0000] {dag.py:3340} INFO - Setting next_dagrun for example_branch_datetime_operator_2 to 2023-11-19T00:00:00+00:00, run_after=2023-11-20T00:00:00+00:00
[2023-11-20T20:24:02.125+0000] {logging_mixin.py:120} INFO - [2023-11-20T20:24:02.125+0000] {dag.py:3340} INFO - Setting next_dagrun for example_branch_datetime_operator_3 to 2023-11-19T00:00:00+00:00, run_after=2023-11-20T00:00:00+00:00
[2023-11-20T20:24:02.201+0000] {processor.py:176} INFO - Processing /home/airflow/.local/lib/python3.7/site-packages/airflow/example_dags/example_branch_datetime_operator.py took 0.276 seconds
[2023-11-20T20:24:34.550+0000] {processor.py:154} INFO - Started process (PID=11786) to work on /home/airflow/.local/lib/python3.7/site-packages/airflow/example_dags/example_branch_datetime_operator.py
[2023-11-20T20:24:34.571+0000] {processor.py:756} INFO - Processing file /home/airflow/.local/lib/python3.7/site-packages/airflow/example_dags/example_branch_datetime_operator.py for tasks to queue
[2023-11-20T20:24:34.572+0000] {logging_mixin.py:120} INFO - [2023-11-20T20:24:34.572+0000] {dagbag.py:537} INFO - Filling up the DagBag from /home/airflow/.local/lib/python3.7/site-packages/airflow/example_dags/example_branch_datetime_operator.py
[2023-11-20T20:24:34.638+0000] {processor.py:766} INFO - DAG(s) dict_keys(['example_branch_datetime_operator', 'example_branch_datetime_operator_3', 'example_branch_datetime_operator_2']) retrieved from /home/airflow/.local/lib/python3.7/site-packages/airflow/example_dags/example_branch_datetime_operator.py
[2023-11-20T20:24:34.809+0000] {logging_mixin.py:120} INFO - [2023-11-20T20:24:34.809+0000] {dag.py:2585} INFO - Sync 3 DAGs
[2023-11-20T20:24:34.960+0000] {logging_mixin.py:120} INFO - [2023-11-20T20:24:34.960+0000] {dag.py:3340} INFO - Setting next_dagrun for example_branch_datetime_operator to 2023-11-19T00:00:00+00:00, run_after=2023-11-20T00:00:00+00:00
[2023-11-20T20:24:34.973+0000] {logging_mixin.py:120} INFO - [2023-11-20T20:24:34.973+0000] {dag.py:3340} INFO - Setting next_dagrun for example_branch_datetime_operator_2 to 2023-11-19T00:00:00+00:00, run_after=2023-11-20T00:00:00+00:00
[2023-11-20T20:24:34.984+0000] {logging_mixin.py:120} INFO - [2023-11-20T20:24:34.984+0000] {dag.py:3340} INFO - Setting next_dagrun for example_branch_datetime_operator_3 to 2023-11-19T00:00:00+00:00, run_after=2023-11-20T00:00:00+00:00
[2023-11-20T20:24:35.049+0000] {processor.py:176} INFO - Processing /home/airflow/.local/lib/python3.7/site-packages/airflow/example_dags/example_branch_datetime_operator.py took 0.502 seconds
[2023-11-20T20:25:05.547+0000] {processor.py:154} INFO - Started process (PID=11842) to work on /home/airflow/.local/lib/python3.7/site-packages/airflow/example_dags/example_branch_datetime_operator.py
[2023-11-20T20:25:05.548+0000] {processor.py:756} INFO - Processing file /home/airflow/.local/lib/python3.7/site-packages/airflow/example_dags/example_branch_datetime_operator.py for tasks to queue
[2023-11-20T20:25:05.549+0000] {logging_mixin.py:120} INFO - [2023-11-20T20:25:05.548+0000] {dagbag.py:537} INFO - Filling up the DagBag from /home/airflow/.local/lib/python3.7/site-packages/airflow/example_dags/example_branch_datetime_operator.py
[2023-11-20T20:25:05.576+0000] {processor.py:766} INFO - DAG(s) dict_keys(['example_branch_datetime_operator_3', 'example_branch_datetime_operator_2', 'example_branch_datetime_operator']) retrieved from /home/airflow/.local/lib/python3.7/site-packages/airflow/example_dags/example_branch_datetime_operator.py
[2023-11-20T20:25:05.630+0000] {logging_mixin.py:120} INFO - [2023-11-20T20:25:05.630+0000] {dag.py:2585} INFO - Sync 3 DAGs
[2023-11-20T20:25:05.666+0000] {logging_mixin.py:120} INFO - [2023-11-20T20:25:05.666+0000] {dag.py:3340} INFO - Setting next_dagrun for example_branch_datetime_operator to 2023-11-19T00:00:00+00:00, run_after=2023-11-20T00:00:00+00:00
[2023-11-20T20:25:05.676+0000] {logging_mixin.py:120} INFO - [2023-11-20T20:25:05.675+0000] {dag.py:3340} INFO - Setting next_dagrun for example_branch_datetime_operator_2 to 2023-11-19T00:00:00+00:00, run_after=2023-11-20T00:00:00+00:00
[2023-11-20T20:25:05.679+0000] {logging_mixin.py:120} INFO - [2023-11-20T20:25:05.679+0000] {dag.py:3340} INFO - Setting next_dagrun for example_branch_datetime_operator_3 to 2023-11-19T00:00:00+00:00, run_after=2023-11-20T00:00:00+00:00
[2023-11-20T20:25:05.704+0000] {processor.py:176} INFO - Processing /home/airflow/.local/lib/python3.7/site-packages/airflow/example_dags/example_branch_datetime_operator.py took 0.162 seconds
