[2023-11-20T18:44:45.545+0000] {processor.py:154} INFO - Started process (PID=79) to work on /home/airflow/.local/lib/python3.7/site-packages/airflow/example_dags/example_trigger_controller_dag.py
[2023-11-20T18:44:45.546+0000] {processor.py:756} INFO - Processing file /home/airflow/.local/lib/python3.7/site-packages/airflow/example_dags/example_trigger_controller_dag.py for tasks to queue
[2023-11-20T18:44:45.555+0000] {logging_mixin.py:120} INFO - [2023-11-20T18:44:45.547+0000] {dagbag.py:537} INFO - Filling up the DagBag from /home/airflow/.local/lib/python3.7/site-packages/airflow/example_dags/example_trigger_controller_dag.py
[2023-11-20T18:44:45.687+0000] {processor.py:766} INFO - DAG(s) dict_keys(['example_trigger_controller_dag']) retrieved from /home/airflow/.local/lib/python3.7/site-packages/airflow/example_dags/example_trigger_controller_dag.py
[2023-11-20T18:44:46.010+0000] {logging_mixin.py:120} INFO - [2023-11-20T18:44:46.010+0000] {dag.py:2585} INFO - Sync 1 DAGs
[2023-11-20T18:44:46.292+0000] {logging_mixin.py:120} INFO - [2023-11-20T18:44:46.291+0000] {dag.py:3340} INFO - Setting next_dagrun for example_trigger_controller_dag to 2021-01-01T00:00:00+00:00, run_after=2021-01-01T00:00:00+00:00
[2023-11-20T18:44:46.413+0000] {processor.py:176} INFO - Processing /home/airflow/.local/lib/python3.7/site-packages/airflow/example_dags/example_trigger_controller_dag.py took 0.883 seconds
[2023-11-20T18:45:17.166+0000] {processor.py:154} INFO - Started process (PID=133) to work on /home/airflow/.local/lib/python3.7/site-packages/airflow/example_dags/example_trigger_controller_dag.py
[2023-11-20T18:45:17.170+0000] {processor.py:756} INFO - Processing file /home/airflow/.local/lib/python3.7/site-packages/airflow/example_dags/example_trigger_controller_dag.py for tasks to queue
[2023-11-20T18:45:17.170+0000] {logging_mixin.py:120} INFO - [2023-11-20T18:45:17.170+0000] {dagbag.py:537} INFO - Filling up the DagBag from /home/airflow/.local/lib/python3.7/site-packages/airflow/example_dags/example_trigger_controller_dag.py
[2023-11-20T18:45:17.197+0000] {processor.py:766} INFO - DAG(s) dict_keys(['example_trigger_controller_dag']) retrieved from /home/airflow/.local/lib/python3.7/site-packages/airflow/example_dags/example_trigger_controller_dag.py
[2023-11-20T18:45:17.313+0000] {logging_mixin.py:120} INFO - [2023-11-20T18:45:17.313+0000] {dag.py:2585} INFO - Sync 1 DAGs
[2023-11-20T18:45:17.411+0000] {logging_mixin.py:120} INFO - [2023-11-20T18:45:17.410+0000] {dag.py:3340} INFO - Setting next_dagrun for example_trigger_controller_dag to 2021-01-01T00:00:00+00:00, run_after=2021-01-01T00:00:00+00:00
[2023-11-20T18:45:17.595+0000] {processor.py:176} INFO - Processing /home/airflow/.local/lib/python3.7/site-packages/airflow/example_dags/example_trigger_controller_dag.py took 0.432 seconds
[2023-11-20T18:45:48.310+0000] {processor.py:154} INFO - Started process (PID=187) to work on /home/airflow/.local/lib/python3.7/site-packages/airflow/example_dags/example_trigger_controller_dag.py
[2023-11-20T18:45:48.312+0000] {processor.py:756} INFO - Processing file /home/airflow/.local/lib/python3.7/site-packages/airflow/example_dags/example_trigger_controller_dag.py for tasks to queue
[2023-11-20T18:45:48.313+0000] {logging_mixin.py:120} INFO - [2023-11-20T18:45:48.313+0000] {dagbag.py:537} INFO - Filling up the DagBag from /home/airflow/.local/lib/python3.7/site-packages/airflow/example_dags/example_trigger_controller_dag.py
[2023-11-20T18:45:48.333+0000] {processor.py:766} INFO - DAG(s) dict_keys(['example_trigger_controller_dag']) retrieved from /home/airflow/.local/lib/python3.7/site-packages/airflow/example_dags/example_trigger_controller_dag.py
[2023-11-20T18:45:48.386+0000] {logging_mixin.py:120} INFO - [2023-11-20T18:45:48.386+0000] {dag.py:2585} INFO - Sync 1 DAGs
[2023-11-20T18:45:48.431+0000] {logging_mixin.py:120} INFO - [2023-11-20T18:45:48.431+0000] {dag.py:3340} INFO - Setting next_dagrun for example_trigger_controller_dag to 2021-01-01T00:00:00+00:00, run_after=2021-01-01T00:00:00+00:00
[2023-11-20T18:45:48.483+0000] {processor.py:176} INFO - Processing /home/airflow/.local/lib/python3.7/site-packages/airflow/example_dags/example_trigger_controller_dag.py took 0.177 seconds
[2023-11-20T18:46:20.066+0000] {processor.py:154} INFO - Started process (PID=241) to work on /home/airflow/.local/lib/python3.7/site-packages/airflow/example_dags/example_trigger_controller_dag.py
[2023-11-20T18:46:20.072+0000] {processor.py:756} INFO - Processing file /home/airflow/.local/lib/python3.7/site-packages/airflow/example_dags/example_trigger_controller_dag.py for tasks to queue
[2023-11-20T18:46:20.073+0000] {logging_mixin.py:120} INFO - [2023-11-20T18:46:20.073+0000] {dagbag.py:537} INFO - Filling up the DagBag from /home/airflow/.local/lib/python3.7/site-packages/airflow/example_dags/example_trigger_controller_dag.py
[2023-11-20T18:46:20.131+0000] {processor.py:766} INFO - DAG(s) dict_keys(['example_trigger_controller_dag']) retrieved from /home/airflow/.local/lib/python3.7/site-packages/airflow/example_dags/example_trigger_controller_dag.py
[2023-11-20T18:46:20.189+0000] {logging_mixin.py:120} INFO - [2023-11-20T18:46:20.188+0000] {dag.py:2585} INFO - Sync 1 DAGs
[2023-11-20T18:46:20.222+0000] {logging_mixin.py:120} INFO - [2023-11-20T18:46:20.222+0000] {dag.py:3340} INFO - Setting next_dagrun for example_trigger_controller_dag to 2021-01-01T00:00:00+00:00, run_after=2021-01-01T00:00:00+00:00
[2023-11-20T18:46:20.258+0000] {processor.py:176} INFO - Processing /home/airflow/.local/lib/python3.7/site-packages/airflow/example_dags/example_trigger_controller_dag.py took 0.196 seconds
[2023-11-20T18:46:55.070+0000] {processor.py:154} INFO - Started process (PID=303) to work on /home/airflow/.local/lib/python3.7/site-packages/airflow/example_dags/example_trigger_controller_dag.py
[2023-11-20T18:46:55.072+0000] {processor.py:756} INFO - Processing file /home/airflow/.local/lib/python3.7/site-packages/airflow/example_dags/example_trigger_controller_dag.py for tasks to queue
[2023-11-20T18:46:55.073+0000] {logging_mixin.py:120} INFO - [2023-11-20T18:46:55.073+0000] {dagbag.py:537} INFO - Filling up the DagBag from /home/airflow/.local/lib/python3.7/site-packages/airflow/example_dags/example_trigger_controller_dag.py
[2023-11-20T18:46:55.108+0000] {processor.py:766} INFO - DAG(s) dict_keys(['example_trigger_controller_dag']) retrieved from /home/airflow/.local/lib/python3.7/site-packages/airflow/example_dags/example_trigger_controller_dag.py
[2023-11-20T18:46:55.228+0000] {logging_mixin.py:120} INFO - [2023-11-20T18:46:55.228+0000] {dag.py:2585} INFO - Sync 1 DAGs
[2023-11-20T18:46:55.291+0000] {logging_mixin.py:120} INFO - [2023-11-20T18:46:55.291+0000] {dag.py:3340} INFO - Setting next_dagrun for example_trigger_controller_dag to 2021-01-01T00:00:00+00:00, run_after=2021-01-01T00:00:00+00:00
[2023-11-20T18:46:55.343+0000] {processor.py:176} INFO - Processing /home/airflow/.local/lib/python3.7/site-packages/airflow/example_dags/example_trigger_controller_dag.py took 0.280 seconds
[2023-11-20T18:47:25.670+0000] {processor.py:154} INFO - Started process (PID=357) to work on /home/airflow/.local/lib/python3.7/site-packages/airflow/example_dags/example_trigger_controller_dag.py
[2023-11-20T18:47:25.690+0000] {processor.py:756} INFO - Processing file /home/airflow/.local/lib/python3.7/site-packages/airflow/example_dags/example_trigger_controller_dag.py for tasks to queue
[2023-11-20T18:47:25.691+0000] {logging_mixin.py:120} INFO - [2023-11-20T18:47:25.691+0000] {dagbag.py:537} INFO - Filling up the DagBag from /home/airflow/.local/lib/python3.7/site-packages/airflow/example_dags/example_trigger_controller_dag.py
[2023-11-20T18:47:25.721+0000] {processor.py:766} INFO - DAG(s) dict_keys(['example_trigger_controller_dag']) retrieved from /home/airflow/.local/lib/python3.7/site-packages/airflow/example_dags/example_trigger_controller_dag.py
[2023-11-20T18:47:25.879+0000] {logging_mixin.py:120} INFO - [2023-11-20T18:47:25.879+0000] {dag.py:2585} INFO - Sync 1 DAGs
[2023-11-20T18:47:25.954+0000] {logging_mixin.py:120} INFO - [2023-11-20T18:47:25.954+0000] {dag.py:3340} INFO - Setting next_dagrun for example_trigger_controller_dag to 2021-01-01T00:00:00+00:00, run_after=2021-01-01T00:00:00+00:00
[2023-11-20T18:47:26.025+0000] {processor.py:176} INFO - Processing /home/airflow/.local/lib/python3.7/site-packages/airflow/example_dags/example_trigger_controller_dag.py took 0.358 seconds
[2023-11-20T18:47:56.708+0000] {processor.py:154} INFO - Started process (PID=420) to work on /home/airflow/.local/lib/python3.7/site-packages/airflow/example_dags/example_trigger_controller_dag.py
[2023-11-20T18:47:56.710+0000] {processor.py:756} INFO - Processing file /home/airflow/.local/lib/python3.7/site-packages/airflow/example_dags/example_trigger_controller_dag.py for tasks to queue
[2023-11-20T18:47:56.711+0000] {logging_mixin.py:120} INFO - [2023-11-20T18:47:56.711+0000] {dagbag.py:537} INFO - Filling up the DagBag from /home/airflow/.local/lib/python3.7/site-packages/airflow/example_dags/example_trigger_controller_dag.py
[2023-11-20T18:47:56.737+0000] {processor.py:766} INFO - DAG(s) dict_keys(['example_trigger_controller_dag']) retrieved from /home/airflow/.local/lib/python3.7/site-packages/airflow/example_dags/example_trigger_controller_dag.py
[2023-11-20T18:47:56.927+0000] {logging_mixin.py:120} INFO - [2023-11-20T18:47:56.927+0000] {dag.py:2585} INFO - Sync 1 DAGs
[2023-11-20T18:47:57.005+0000] {logging_mixin.py:120} INFO - [2023-11-20T18:47:57.004+0000] {dag.py:3340} INFO - Setting next_dagrun for example_trigger_controller_dag to 2021-01-01T00:00:00+00:00, run_after=2021-01-01T00:00:00+00:00
[2023-11-20T18:47:57.128+0000] {processor.py:176} INFO - Processing /home/airflow/.local/lib/python3.7/site-packages/airflow/example_dags/example_trigger_controller_dag.py took 0.423 seconds
[2023-11-20T18:48:27.696+0000] {processor.py:154} INFO - Started process (PID=473) to work on /home/airflow/.local/lib/python3.7/site-packages/airflow/example_dags/example_trigger_controller_dag.py
[2023-11-20T18:48:27.706+0000] {processor.py:756} INFO - Processing file /home/airflow/.local/lib/python3.7/site-packages/airflow/example_dags/example_trigger_controller_dag.py for tasks to queue
[2023-11-20T18:48:27.707+0000] {logging_mixin.py:120} INFO - [2023-11-20T18:48:27.707+0000] {dagbag.py:537} INFO - Filling up the DagBag from /home/airflow/.local/lib/python3.7/site-packages/airflow/example_dags/example_trigger_controller_dag.py
[2023-11-20T18:48:27.741+0000] {processor.py:766} INFO - DAG(s) dict_keys(['example_trigger_controller_dag']) retrieved from /home/airflow/.local/lib/python3.7/site-packages/airflow/example_dags/example_trigger_controller_dag.py
[2023-11-20T18:48:28.042+0000] {logging_mixin.py:120} INFO - [2023-11-20T18:48:28.041+0000] {dag.py:2585} INFO - Sync 1 DAGs
[2023-11-20T18:48:28.201+0000] {logging_mixin.py:120} INFO - [2023-11-20T18:48:28.201+0000] {dag.py:3340} INFO - Setting next_dagrun for example_trigger_controller_dag to 2021-01-01T00:00:00+00:00, run_after=2021-01-01T00:00:00+00:00
[2023-11-20T18:48:28.320+0000] {processor.py:176} INFO - Processing /home/airflow/.local/lib/python3.7/site-packages/airflow/example_dags/example_trigger_controller_dag.py took 0.627 seconds
[2023-11-20T18:48:58.830+0000] {processor.py:154} INFO - Started process (PID=538) to work on /home/airflow/.local/lib/python3.7/site-packages/airflow/example_dags/example_trigger_controller_dag.py
[2023-11-20T18:48:58.833+0000] {processor.py:756} INFO - Processing file /home/airflow/.local/lib/python3.7/site-packages/airflow/example_dags/example_trigger_controller_dag.py for tasks to queue
[2023-11-20T18:48:58.834+0000] {logging_mixin.py:120} INFO - [2023-11-20T18:48:58.834+0000] {dagbag.py:537} INFO - Filling up the DagBag from /home/airflow/.local/lib/python3.7/site-packages/airflow/example_dags/example_trigger_controller_dag.py
[2023-11-20T18:48:58.848+0000] {processor.py:766} INFO - DAG(s) dict_keys(['example_trigger_controller_dag']) retrieved from /home/airflow/.local/lib/python3.7/site-packages/airflow/example_dags/example_trigger_controller_dag.py
[2023-11-20T18:48:58.898+0000] {logging_mixin.py:120} INFO - [2023-11-20T18:48:58.898+0000] {dag.py:2585} INFO - Sync 1 DAGs
[2023-11-20T18:48:58.936+0000] {logging_mixin.py:120} INFO - [2023-11-20T18:48:58.936+0000] {dag.py:3340} INFO - Setting next_dagrun for example_trigger_controller_dag to 2021-01-01T00:00:00+00:00, run_after=2021-01-01T00:00:00+00:00
[2023-11-20T18:48:58.966+0000] {processor.py:176} INFO - Processing /home/airflow/.local/lib/python3.7/site-packages/airflow/example_dags/example_trigger_controller_dag.py took 0.139 seconds
[2023-11-20T18:49:29.078+0000] {processor.py:154} INFO - Started process (PID=600) to work on /home/airflow/.local/lib/python3.7/site-packages/airflow/example_dags/example_trigger_controller_dag.py
[2023-11-20T18:49:29.084+0000] {processor.py:756} INFO - Processing file /home/airflow/.local/lib/python3.7/site-packages/airflow/example_dags/example_trigger_controller_dag.py for tasks to queue
[2023-11-20T18:49:29.091+0000] {logging_mixin.py:120} INFO - [2023-11-20T18:49:29.090+0000] {dagbag.py:537} INFO - Filling up the DagBag from /home/airflow/.local/lib/python3.7/site-packages/airflow/example_dags/example_trigger_controller_dag.py
[2023-11-20T18:49:29.145+0000] {processor.py:766} INFO - DAG(s) dict_keys(['example_trigger_controller_dag']) retrieved from /home/airflow/.local/lib/python3.7/site-packages/airflow/example_dags/example_trigger_controller_dag.py
[2023-11-20T18:49:29.279+0000] {logging_mixin.py:120} INFO - [2023-11-20T18:49:29.278+0000] {dag.py:2585} INFO - Sync 1 DAGs
[2023-11-20T18:49:29.364+0000] {logging_mixin.py:120} INFO - [2023-11-20T18:49:29.363+0000] {dag.py:3340} INFO - Setting next_dagrun for example_trigger_controller_dag to 2021-01-01T00:00:00+00:00, run_after=2021-01-01T00:00:00+00:00
[2023-11-20T18:49:29.438+0000] {processor.py:176} INFO - Processing /home/airflow/.local/lib/python3.7/site-packages/airflow/example_dags/example_trigger_controller_dag.py took 0.364 seconds
[2023-11-20T18:49:59.709+0000] {processor.py:154} INFO - Started process (PID=656) to work on /home/airflow/.local/lib/python3.7/site-packages/airflow/example_dags/example_trigger_controller_dag.py
[2023-11-20T18:49:59.712+0000] {processor.py:756} INFO - Processing file /home/airflow/.local/lib/python3.7/site-packages/airflow/example_dags/example_trigger_controller_dag.py for tasks to queue
[2023-11-20T18:49:59.713+0000] {logging_mixin.py:120} INFO - [2023-11-20T18:49:59.713+0000] {dagbag.py:537} INFO - Filling up the DagBag from /home/airflow/.local/lib/python3.7/site-packages/airflow/example_dags/example_trigger_controller_dag.py
[2023-11-20T18:49:59.734+0000] {processor.py:766} INFO - DAG(s) dict_keys(['example_trigger_controller_dag']) retrieved from /home/airflow/.local/lib/python3.7/site-packages/airflow/example_dags/example_trigger_controller_dag.py
[2023-11-20T18:49:59.818+0000] {logging_mixin.py:120} INFO - [2023-11-20T18:49:59.818+0000] {dag.py:2585} INFO - Sync 1 DAGs
[2023-11-20T18:49:59.897+0000] {logging_mixin.py:120} INFO - [2023-11-20T18:49:59.896+0000] {dag.py:3340} INFO - Setting next_dagrun for example_trigger_controller_dag to 2021-01-01T00:00:00+00:00, run_after=2021-01-01T00:00:00+00:00
[2023-11-20T18:49:59.971+0000] {processor.py:176} INFO - Processing /home/airflow/.local/lib/python3.7/site-packages/airflow/example_dags/example_trigger_controller_dag.py took 0.272 seconds
[2023-11-20T18:50:30.106+0000] {processor.py:154} INFO - Started process (PID=720) to work on /home/airflow/.local/lib/python3.7/site-packages/airflow/example_dags/example_trigger_controller_dag.py
[2023-11-20T18:50:30.107+0000] {processor.py:756} INFO - Processing file /home/airflow/.local/lib/python3.7/site-packages/airflow/example_dags/example_trigger_controller_dag.py for tasks to queue
[2023-11-20T18:50:30.108+0000] {logging_mixin.py:120} INFO - [2023-11-20T18:50:30.107+0000] {dagbag.py:537} INFO - Filling up the DagBag from /home/airflow/.local/lib/python3.7/site-packages/airflow/example_dags/example_trigger_controller_dag.py
[2023-11-20T18:50:30.125+0000] {processor.py:766} INFO - DAG(s) dict_keys(['example_trigger_controller_dag']) retrieved from /home/airflow/.local/lib/python3.7/site-packages/airflow/example_dags/example_trigger_controller_dag.py
[2023-11-20T18:50:30.192+0000] {logging_mixin.py:120} INFO - [2023-11-20T18:50:30.192+0000] {dag.py:2585} INFO - Sync 1 DAGs
[2023-11-20T18:50:30.229+0000] {logging_mixin.py:120} INFO - [2023-11-20T18:50:30.229+0000] {dag.py:3340} INFO - Setting next_dagrun for example_trigger_controller_dag to 2021-01-01T00:00:00+00:00, run_after=2021-01-01T00:00:00+00:00
[2023-11-20T18:50:30.255+0000] {processor.py:176} INFO - Processing /home/airflow/.local/lib/python3.7/site-packages/airflow/example_dags/example_trigger_controller_dag.py took 0.152 seconds
[2023-11-20T18:51:00.962+0000] {processor.py:154} INFO - Started process (PID=774) to work on /home/airflow/.local/lib/python3.7/site-packages/airflow/example_dags/example_trigger_controller_dag.py
[2023-11-20T18:51:00.963+0000] {processor.py:756} INFO - Processing file /home/airflow/.local/lib/python3.7/site-packages/airflow/example_dags/example_trigger_controller_dag.py for tasks to queue
[2023-11-20T18:51:00.964+0000] {logging_mixin.py:120} INFO - [2023-11-20T18:51:00.964+0000] {dagbag.py:537} INFO - Filling up the DagBag from /home/airflow/.local/lib/python3.7/site-packages/airflow/example_dags/example_trigger_controller_dag.py
[2023-11-20T18:51:00.978+0000] {processor.py:766} INFO - DAG(s) dict_keys(['example_trigger_controller_dag']) retrieved from /home/airflow/.local/lib/python3.7/site-packages/airflow/example_dags/example_trigger_controller_dag.py
[2023-11-20T18:51:01.020+0000] {logging_mixin.py:120} INFO - [2023-11-20T18:51:01.020+0000] {dag.py:2585} INFO - Sync 1 DAGs
[2023-11-20T18:51:01.052+0000] {logging_mixin.py:120} INFO - [2023-11-20T18:51:01.052+0000] {dag.py:3340} INFO - Setting next_dagrun for example_trigger_controller_dag to 2021-01-01T00:00:00+00:00, run_after=2021-01-01T00:00:00+00:00
[2023-11-20T18:51:01.081+0000] {processor.py:176} INFO - Processing /home/airflow/.local/lib/python3.7/site-packages/airflow/example_dags/example_trigger_controller_dag.py took 0.122 seconds
[2023-11-20T18:51:32.565+0000] {processor.py:154} INFO - Started process (PID=838) to work on /home/airflow/.local/lib/python3.7/site-packages/airflow/example_dags/example_trigger_controller_dag.py
[2023-11-20T18:51:32.567+0000] {processor.py:756} INFO - Processing file /home/airflow/.local/lib/python3.7/site-packages/airflow/example_dags/example_trigger_controller_dag.py for tasks to queue
[2023-11-20T18:51:32.567+0000] {logging_mixin.py:120} INFO - [2023-11-20T18:51:32.567+0000] {dagbag.py:537} INFO - Filling up the DagBag from /home/airflow/.local/lib/python3.7/site-packages/airflow/example_dags/example_trigger_controller_dag.py
[2023-11-20T18:51:32.604+0000] {processor.py:766} INFO - DAG(s) dict_keys(['example_trigger_controller_dag']) retrieved from /home/airflow/.local/lib/python3.7/site-packages/airflow/example_dags/example_trigger_controller_dag.py
[2023-11-20T18:51:32.686+0000] {logging_mixin.py:120} INFO - [2023-11-20T18:51:32.685+0000] {dag.py:2585} INFO - Sync 1 DAGs
[2023-11-20T18:51:32.728+0000] {logging_mixin.py:120} INFO - [2023-11-20T18:51:32.728+0000] {dag.py:3340} INFO - Setting next_dagrun for example_trigger_controller_dag to 2021-01-01T00:00:00+00:00, run_after=2021-01-01T00:00:00+00:00
[2023-11-20T18:51:32.766+0000] {processor.py:176} INFO - Processing /home/airflow/.local/lib/python3.7/site-packages/airflow/example_dags/example_trigger_controller_dag.py took 0.205 seconds
[2023-11-20T18:52:03.332+0000] {processor.py:154} INFO - Started process (PID=890) to work on /home/airflow/.local/lib/python3.7/site-packages/airflow/example_dags/example_trigger_controller_dag.py
[2023-11-20T18:52:03.333+0000] {processor.py:756} INFO - Processing file /home/airflow/.local/lib/python3.7/site-packages/airflow/example_dags/example_trigger_controller_dag.py for tasks to queue
[2023-11-20T18:52:03.333+0000] {logging_mixin.py:120} INFO - [2023-11-20T18:52:03.333+0000] {dagbag.py:537} INFO - Filling up the DagBag from /home/airflow/.local/lib/python3.7/site-packages/airflow/example_dags/example_trigger_controller_dag.py
[2023-11-20T18:52:03.346+0000] {processor.py:766} INFO - DAG(s) dict_keys(['example_trigger_controller_dag']) retrieved from /home/airflow/.local/lib/python3.7/site-packages/airflow/example_dags/example_trigger_controller_dag.py
[2023-11-20T18:52:03.420+0000] {logging_mixin.py:120} INFO - [2023-11-20T18:52:03.420+0000] {dag.py:2585} INFO - Sync 1 DAGs
[2023-11-20T18:52:03.454+0000] {logging_mixin.py:120} INFO - [2023-11-20T18:52:03.453+0000] {dag.py:3340} INFO - Setting next_dagrun for example_trigger_controller_dag to 2021-01-01T00:00:00+00:00, run_after=2021-01-01T00:00:00+00:00
[2023-11-20T18:52:03.485+0000] {processor.py:176} INFO - Processing /home/airflow/.local/lib/python3.7/site-packages/airflow/example_dags/example_trigger_controller_dag.py took 0.156 seconds
[2023-11-20T18:52:33.740+0000] {processor.py:154} INFO - Started process (PID=953) to work on /home/airflow/.local/lib/python3.7/site-packages/airflow/example_dags/example_trigger_controller_dag.py
[2023-11-20T18:52:33.741+0000] {processor.py:756} INFO - Processing file /home/airflow/.local/lib/python3.7/site-packages/airflow/example_dags/example_trigger_controller_dag.py for tasks to queue
[2023-11-20T18:52:33.742+0000] {logging_mixin.py:120} INFO - [2023-11-20T18:52:33.742+0000] {dagbag.py:537} INFO - Filling up the DagBag from /home/airflow/.local/lib/python3.7/site-packages/airflow/example_dags/example_trigger_controller_dag.py
[2023-11-20T18:52:33.757+0000] {processor.py:766} INFO - DAG(s) dict_keys(['example_trigger_controller_dag']) retrieved from /home/airflow/.local/lib/python3.7/site-packages/airflow/example_dags/example_trigger_controller_dag.py
[2023-11-20T18:52:33.831+0000] {logging_mixin.py:120} INFO - [2023-11-20T18:52:33.831+0000] {dag.py:2585} INFO - Sync 1 DAGs
[2023-11-20T18:52:33.891+0000] {logging_mixin.py:120} INFO - [2023-11-20T18:52:33.891+0000] {dag.py:3340} INFO - Setting next_dagrun for example_trigger_controller_dag to 2021-01-01T00:00:00+00:00, run_after=2021-01-01T00:00:00+00:00
[2023-11-20T18:52:33.949+0000] {processor.py:176} INFO - Processing /home/airflow/.local/lib/python3.7/site-packages/airflow/example_dags/example_trigger_controller_dag.py took 0.212 seconds
[2023-11-20T18:53:04.277+0000] {processor.py:154} INFO - Started process (PID=1006) to work on /home/airflow/.local/lib/python3.7/site-packages/airflow/example_dags/example_trigger_controller_dag.py
[2023-11-20T18:53:04.278+0000] {processor.py:756} INFO - Processing file /home/airflow/.local/lib/python3.7/site-packages/airflow/example_dags/example_trigger_controller_dag.py for tasks to queue
[2023-11-20T18:53:04.279+0000] {logging_mixin.py:120} INFO - [2023-11-20T18:53:04.279+0000] {dagbag.py:537} INFO - Filling up the DagBag from /home/airflow/.local/lib/python3.7/site-packages/airflow/example_dags/example_trigger_controller_dag.py
[2023-11-20T18:53:04.292+0000] {processor.py:766} INFO - DAG(s) dict_keys(['example_trigger_controller_dag']) retrieved from /home/airflow/.local/lib/python3.7/site-packages/airflow/example_dags/example_trigger_controller_dag.py
[2023-11-20T18:53:04.345+0000] {logging_mixin.py:120} INFO - [2023-11-20T18:53:04.345+0000] {dag.py:2585} INFO - Sync 1 DAGs
[2023-11-20T18:53:04.373+0000] {logging_mixin.py:120} INFO - [2023-11-20T18:53:04.373+0000] {dag.py:3340} INFO - Setting next_dagrun for example_trigger_controller_dag to 2021-01-01T00:00:00+00:00, run_after=2021-01-01T00:00:00+00:00
[2023-11-20T18:53:04.404+0000] {processor.py:176} INFO - Processing /home/airflow/.local/lib/python3.7/site-packages/airflow/example_dags/example_trigger_controller_dag.py took 0.131 seconds
[2023-11-20T18:53:34.656+0000] {processor.py:154} INFO - Started process (PID=1068) to work on /home/airflow/.local/lib/python3.7/site-packages/airflow/example_dags/example_trigger_controller_dag.py
[2023-11-20T18:53:34.657+0000] {processor.py:756} INFO - Processing file /home/airflow/.local/lib/python3.7/site-packages/airflow/example_dags/example_trigger_controller_dag.py for tasks to queue
[2023-11-20T18:53:34.658+0000] {logging_mixin.py:120} INFO - [2023-11-20T18:53:34.658+0000] {dagbag.py:537} INFO - Filling up the DagBag from /home/airflow/.local/lib/python3.7/site-packages/airflow/example_dags/example_trigger_controller_dag.py
[2023-11-20T18:53:34.673+0000] {processor.py:766} INFO - DAG(s) dict_keys(['example_trigger_controller_dag']) retrieved from /home/airflow/.local/lib/python3.7/site-packages/airflow/example_dags/example_trigger_controller_dag.py
[2023-11-20T18:53:34.722+0000] {logging_mixin.py:120} INFO - [2023-11-20T18:53:34.722+0000] {dag.py:2585} INFO - Sync 1 DAGs
[2023-11-20T18:53:34.756+0000] {logging_mixin.py:120} INFO - [2023-11-20T18:53:34.756+0000] {dag.py:3340} INFO - Setting next_dagrun for example_trigger_controller_dag to 2021-01-01T00:00:00+00:00, run_after=2021-01-01T00:00:00+00:00
[2023-11-20T18:53:34.786+0000] {processor.py:176} INFO - Processing /home/airflow/.local/lib/python3.7/site-packages/airflow/example_dags/example_trigger_controller_dag.py took 0.133 seconds
[2023-11-20T18:54:04.982+0000] {processor.py:154} INFO - Started process (PID=1122) to work on /home/airflow/.local/lib/python3.7/site-packages/airflow/example_dags/example_trigger_controller_dag.py
[2023-11-20T18:54:04.983+0000] {processor.py:756} INFO - Processing file /home/airflow/.local/lib/python3.7/site-packages/airflow/example_dags/example_trigger_controller_dag.py for tasks to queue
[2023-11-20T18:54:04.984+0000] {logging_mixin.py:120} INFO - [2023-11-20T18:54:04.984+0000] {dagbag.py:537} INFO - Filling up the DagBag from /home/airflow/.local/lib/python3.7/site-packages/airflow/example_dags/example_trigger_controller_dag.py
[2023-11-20T18:54:05.007+0000] {processor.py:766} INFO - DAG(s) dict_keys(['example_trigger_controller_dag']) retrieved from /home/airflow/.local/lib/python3.7/site-packages/airflow/example_dags/example_trigger_controller_dag.py
[2023-11-20T18:54:05.119+0000] {logging_mixin.py:120} INFO - [2023-11-20T18:54:05.119+0000] {dag.py:2585} INFO - Sync 1 DAGs
[2023-11-20T18:54:05.211+0000] {logging_mixin.py:120} INFO - [2023-11-20T18:54:05.206+0000] {dag.py:3340} INFO - Setting next_dagrun for example_trigger_controller_dag to 2021-01-01T00:00:00+00:00, run_after=2021-01-01T00:00:00+00:00
[2023-11-20T18:54:05.306+0000] {processor.py:176} INFO - Processing /home/airflow/.local/lib/python3.7/site-packages/airflow/example_dags/example_trigger_controller_dag.py took 0.327 seconds
[2023-11-20T18:54:35.492+0000] {processor.py:154} INFO - Started process (PID=1183) to work on /home/airflow/.local/lib/python3.7/site-packages/airflow/example_dags/example_trigger_controller_dag.py
[2023-11-20T18:54:35.493+0000] {processor.py:756} INFO - Processing file /home/airflow/.local/lib/python3.7/site-packages/airflow/example_dags/example_trigger_controller_dag.py for tasks to queue
[2023-11-20T18:54:35.495+0000] {logging_mixin.py:120} INFO - [2023-11-20T18:54:35.494+0000] {dagbag.py:537} INFO - Filling up the DagBag from /home/airflow/.local/lib/python3.7/site-packages/airflow/example_dags/example_trigger_controller_dag.py
[2023-11-20T18:54:35.509+0000] {processor.py:766} INFO - DAG(s) dict_keys(['example_trigger_controller_dag']) retrieved from /home/airflow/.local/lib/python3.7/site-packages/airflow/example_dags/example_trigger_controller_dag.py
[2023-11-20T18:54:35.557+0000] {logging_mixin.py:120} INFO - [2023-11-20T18:54:35.557+0000] {dag.py:2585} INFO - Sync 1 DAGs
[2023-11-20T18:54:35.589+0000] {logging_mixin.py:120} INFO - [2023-11-20T18:54:35.589+0000] {dag.py:3340} INFO - Setting next_dagrun for example_trigger_controller_dag to 2021-01-01T00:00:00+00:00, run_after=2021-01-01T00:00:00+00:00
[2023-11-20T18:54:35.618+0000] {processor.py:176} INFO - Processing /home/airflow/.local/lib/python3.7/site-packages/airflow/example_dags/example_trigger_controller_dag.py took 0.129 seconds
[2023-11-20T18:55:06.123+0000] {processor.py:154} INFO - Started process (PID=1236) to work on /home/airflow/.local/lib/python3.7/site-packages/airflow/example_dags/example_trigger_controller_dag.py
[2023-11-20T18:55:06.124+0000] {processor.py:756} INFO - Processing file /home/airflow/.local/lib/python3.7/site-packages/airflow/example_dags/example_trigger_controller_dag.py for tasks to queue
[2023-11-20T18:55:06.125+0000] {logging_mixin.py:120} INFO - [2023-11-20T18:55:06.125+0000] {dagbag.py:537} INFO - Filling up the DagBag from /home/airflow/.local/lib/python3.7/site-packages/airflow/example_dags/example_trigger_controller_dag.py
[2023-11-20T18:55:06.139+0000] {processor.py:766} INFO - DAG(s) dict_keys(['example_trigger_controller_dag']) retrieved from /home/airflow/.local/lib/python3.7/site-packages/airflow/example_dags/example_trigger_controller_dag.py
[2023-11-20T18:55:06.188+0000] {logging_mixin.py:120} INFO - [2023-11-20T18:55:06.188+0000] {dag.py:2585} INFO - Sync 1 DAGs
[2023-11-20T18:55:06.221+0000] {logging_mixin.py:120} INFO - [2023-11-20T18:55:06.221+0000] {dag.py:3340} INFO - Setting next_dagrun for example_trigger_controller_dag to 2021-01-01T00:00:00+00:00, run_after=2021-01-01T00:00:00+00:00
[2023-11-20T18:55:06.251+0000] {processor.py:176} INFO - Processing /home/airflow/.local/lib/python3.7/site-packages/airflow/example_dags/example_trigger_controller_dag.py took 0.131 seconds
[2023-11-20T18:55:36.666+0000] {processor.py:154} INFO - Started process (PID=1301) to work on /home/airflow/.local/lib/python3.7/site-packages/airflow/example_dags/example_trigger_controller_dag.py
[2023-11-20T18:55:36.667+0000] {processor.py:756} INFO - Processing file /home/airflow/.local/lib/python3.7/site-packages/airflow/example_dags/example_trigger_controller_dag.py for tasks to queue
[2023-11-20T18:55:36.667+0000] {logging_mixin.py:120} INFO - [2023-11-20T18:55:36.667+0000] {dagbag.py:537} INFO - Filling up the DagBag from /home/airflow/.local/lib/python3.7/site-packages/airflow/example_dags/example_trigger_controller_dag.py
[2023-11-20T18:55:36.681+0000] {processor.py:766} INFO - DAG(s) dict_keys(['example_trigger_controller_dag']) retrieved from /home/airflow/.local/lib/python3.7/site-packages/airflow/example_dags/example_trigger_controller_dag.py
[2023-11-20T18:55:36.728+0000] {logging_mixin.py:120} INFO - [2023-11-20T18:55:36.728+0000] {dag.py:2585} INFO - Sync 1 DAGs
[2023-11-20T18:55:36.765+0000] {logging_mixin.py:120} INFO - [2023-11-20T18:55:36.765+0000] {dag.py:3340} INFO - Setting next_dagrun for example_trigger_controller_dag to 2021-01-01T00:00:00+00:00, run_after=2021-01-01T00:00:00+00:00
[2023-11-20T18:55:36.794+0000] {processor.py:176} INFO - Processing /home/airflow/.local/lib/python3.7/site-packages/airflow/example_dags/example_trigger_controller_dag.py took 0.132 seconds
[2023-11-20T18:56:08.629+0000] {processor.py:154} INFO - Started process (PID=1356) to work on /home/airflow/.local/lib/python3.7/site-packages/airflow/example_dags/example_trigger_controller_dag.py
[2023-11-20T18:56:08.637+0000] {processor.py:756} INFO - Processing file /home/airflow/.local/lib/python3.7/site-packages/airflow/example_dags/example_trigger_controller_dag.py for tasks to queue
[2023-11-20T18:56:08.638+0000] {logging_mixin.py:120} INFO - [2023-11-20T18:56:08.638+0000] {dagbag.py:537} INFO - Filling up the DagBag from /home/airflow/.local/lib/python3.7/site-packages/airflow/example_dags/example_trigger_controller_dag.py
[2023-11-20T18:56:08.664+0000] {processor.py:766} INFO - DAG(s) dict_keys(['example_trigger_controller_dag']) retrieved from /home/airflow/.local/lib/python3.7/site-packages/airflow/example_dags/example_trigger_controller_dag.py
[2023-11-20T18:56:08.756+0000] {logging_mixin.py:120} INFO - [2023-11-20T18:56:08.756+0000] {dag.py:2585} INFO - Sync 1 DAGs
[2023-11-20T18:56:08.794+0000] {logging_mixin.py:120} INFO - [2023-11-20T18:56:08.794+0000] {dag.py:3340} INFO - Setting next_dagrun for example_trigger_controller_dag to 2021-01-01T00:00:00+00:00, run_after=2021-01-01T00:00:00+00:00
[2023-11-20T18:56:08.865+0000] {processor.py:176} INFO - Processing /home/airflow/.local/lib/python3.7/site-packages/airflow/example_dags/example_trigger_controller_dag.py took 0.241 seconds
[2023-11-20T18:56:39.244+0000] {processor.py:154} INFO - Started process (PID=1419) to work on /home/airflow/.local/lib/python3.7/site-packages/airflow/example_dags/example_trigger_controller_dag.py
[2023-11-20T18:56:39.244+0000] {processor.py:756} INFO - Processing file /home/airflow/.local/lib/python3.7/site-packages/airflow/example_dags/example_trigger_controller_dag.py for tasks to queue
[2023-11-20T18:56:39.245+0000] {logging_mixin.py:120} INFO - [2023-11-20T18:56:39.245+0000] {dagbag.py:537} INFO - Filling up the DagBag from /home/airflow/.local/lib/python3.7/site-packages/airflow/example_dags/example_trigger_controller_dag.py
[2023-11-20T18:56:39.259+0000] {processor.py:766} INFO - DAG(s) dict_keys(['example_trigger_controller_dag']) retrieved from /home/airflow/.local/lib/python3.7/site-packages/airflow/example_dags/example_trigger_controller_dag.py
[2023-11-20T18:56:39.307+0000] {logging_mixin.py:120} INFO - [2023-11-20T18:56:39.307+0000] {dag.py:2585} INFO - Sync 1 DAGs
[2023-11-20T18:56:39.340+0000] {logging_mixin.py:120} INFO - [2023-11-20T18:56:39.340+0000] {dag.py:3340} INFO - Setting next_dagrun for example_trigger_controller_dag to 2021-01-01T00:00:00+00:00, run_after=2021-01-01T00:00:00+00:00
[2023-11-20T18:56:39.370+0000] {processor.py:176} INFO - Processing /home/airflow/.local/lib/python3.7/site-packages/airflow/example_dags/example_trigger_controller_dag.py took 0.130 seconds
[2023-11-20T18:57:09.797+0000] {processor.py:154} INFO - Started process (PID=1472) to work on /home/airflow/.local/lib/python3.7/site-packages/airflow/example_dags/example_trigger_controller_dag.py
[2023-11-20T18:57:09.798+0000] {processor.py:756} INFO - Processing file /home/airflow/.local/lib/python3.7/site-packages/airflow/example_dags/example_trigger_controller_dag.py for tasks to queue
[2023-11-20T18:57:09.799+0000] {logging_mixin.py:120} INFO - [2023-11-20T18:57:09.799+0000] {dagbag.py:537} INFO - Filling up the DagBag from /home/airflow/.local/lib/python3.7/site-packages/airflow/example_dags/example_trigger_controller_dag.py
[2023-11-20T18:57:09.813+0000] {processor.py:766} INFO - DAG(s) dict_keys(['example_trigger_controller_dag']) retrieved from /home/airflow/.local/lib/python3.7/site-packages/airflow/example_dags/example_trigger_controller_dag.py
[2023-11-20T18:57:09.866+0000] {logging_mixin.py:120} INFO - [2023-11-20T18:57:09.866+0000] {dag.py:2585} INFO - Sync 1 DAGs
[2023-11-20T18:57:09.897+0000] {logging_mixin.py:120} INFO - [2023-11-20T18:57:09.897+0000] {dag.py:3340} INFO - Setting next_dagrun for example_trigger_controller_dag to 2021-01-01T00:00:00+00:00, run_after=2021-01-01T00:00:00+00:00
[2023-11-20T18:57:09.925+0000] {processor.py:176} INFO - Processing /home/airflow/.local/lib/python3.7/site-packages/airflow/example_dags/example_trigger_controller_dag.py took 0.131 seconds
[2023-11-20T18:57:41.459+0000] {processor.py:154} INFO - Started process (PID=1535) to work on /home/airflow/.local/lib/python3.7/site-packages/airflow/example_dags/example_trigger_controller_dag.py
[2023-11-20T18:57:41.460+0000] {processor.py:756} INFO - Processing file /home/airflow/.local/lib/python3.7/site-packages/airflow/example_dags/example_trigger_controller_dag.py for tasks to queue
[2023-11-20T18:57:41.461+0000] {logging_mixin.py:120} INFO - [2023-11-20T18:57:41.461+0000] {dagbag.py:537} INFO - Filling up the DagBag from /home/airflow/.local/lib/python3.7/site-packages/airflow/example_dags/example_trigger_controller_dag.py
[2023-11-20T18:57:41.501+0000] {processor.py:766} INFO - DAG(s) dict_keys(['example_trigger_controller_dag']) retrieved from /home/airflow/.local/lib/python3.7/site-packages/airflow/example_dags/example_trigger_controller_dag.py
[2023-11-20T18:57:41.590+0000] {logging_mixin.py:120} INFO - [2023-11-20T18:57:41.590+0000] {dag.py:2585} INFO - Sync 1 DAGs
[2023-11-20T18:57:41.623+0000] {logging_mixin.py:120} INFO - [2023-11-20T18:57:41.623+0000] {dag.py:3340} INFO - Setting next_dagrun for example_trigger_controller_dag to 2021-01-01T00:00:00+00:00, run_after=2021-01-01T00:00:00+00:00
[2023-11-20T18:57:41.659+0000] {processor.py:176} INFO - Processing /home/airflow/.local/lib/python3.7/site-packages/airflow/example_dags/example_trigger_controller_dag.py took 0.221 seconds
[2023-11-20T18:58:12.429+0000] {processor.py:154} INFO - Started process (PID=1597) to work on /home/airflow/.local/lib/python3.7/site-packages/airflow/example_dags/example_trigger_controller_dag.py
[2023-11-20T18:58:12.435+0000] {processor.py:756} INFO - Processing file /home/airflow/.local/lib/python3.7/site-packages/airflow/example_dags/example_trigger_controller_dag.py for tasks to queue
[2023-11-20T18:58:12.436+0000] {logging_mixin.py:120} INFO - [2023-11-20T18:58:12.436+0000] {dagbag.py:537} INFO - Filling up the DagBag from /home/airflow/.local/lib/python3.7/site-packages/airflow/example_dags/example_trigger_controller_dag.py
[2023-11-20T18:58:12.468+0000] {processor.py:766} INFO - DAG(s) dict_keys(['example_trigger_controller_dag']) retrieved from /home/airflow/.local/lib/python3.7/site-packages/airflow/example_dags/example_trigger_controller_dag.py
[2023-11-20T18:58:12.554+0000] {logging_mixin.py:120} INFO - [2023-11-20T18:58:12.554+0000] {dag.py:2585} INFO - Sync 1 DAGs
[2023-11-20T18:58:12.584+0000] {logging_mixin.py:120} INFO - [2023-11-20T18:58:12.584+0000] {dag.py:3340} INFO - Setting next_dagrun for example_trigger_controller_dag to 2021-01-01T00:00:00+00:00, run_after=2021-01-01T00:00:00+00:00
[2023-11-20T18:58:12.610+0000] {processor.py:176} INFO - Processing /home/airflow/.local/lib/python3.7/site-packages/airflow/example_dags/example_trigger_controller_dag.py took 0.184 seconds
[2023-11-20T18:58:43.080+0000] {processor.py:154} INFO - Started process (PID=1651) to work on /home/airflow/.local/lib/python3.7/site-packages/airflow/example_dags/example_trigger_controller_dag.py
[2023-11-20T18:58:43.081+0000] {processor.py:756} INFO - Processing file /home/airflow/.local/lib/python3.7/site-packages/airflow/example_dags/example_trigger_controller_dag.py for tasks to queue
[2023-11-20T18:58:43.082+0000] {logging_mixin.py:120} INFO - [2023-11-20T18:58:43.081+0000] {dagbag.py:537} INFO - Filling up the DagBag from /home/airflow/.local/lib/python3.7/site-packages/airflow/example_dags/example_trigger_controller_dag.py
[2023-11-20T18:58:43.109+0000] {processor.py:766} INFO - DAG(s) dict_keys(['example_trigger_controller_dag']) retrieved from /home/airflow/.local/lib/python3.7/site-packages/airflow/example_dags/example_trigger_controller_dag.py
[2023-11-20T18:58:43.182+0000] {logging_mixin.py:120} INFO - [2023-11-20T18:58:43.182+0000] {dag.py:2585} INFO - Sync 1 DAGs
[2023-11-20T18:58:43.220+0000] {logging_mixin.py:120} INFO - [2023-11-20T18:58:43.219+0000] {dag.py:3340} INFO - Setting next_dagrun for example_trigger_controller_dag to 2021-01-01T00:00:00+00:00, run_after=2021-01-01T00:00:00+00:00
[2023-11-20T18:58:43.273+0000] {processor.py:176} INFO - Processing /home/airflow/.local/lib/python3.7/site-packages/airflow/example_dags/example_trigger_controller_dag.py took 0.199 seconds
[2023-11-20T18:59:13.823+0000] {processor.py:154} INFO - Started process (PID=1714) to work on /home/airflow/.local/lib/python3.7/site-packages/airflow/example_dags/example_trigger_controller_dag.py
[2023-11-20T18:59:13.825+0000] {processor.py:756} INFO - Processing file /home/airflow/.local/lib/python3.7/site-packages/airflow/example_dags/example_trigger_controller_dag.py for tasks to queue
[2023-11-20T18:59:13.826+0000] {logging_mixin.py:120} INFO - [2023-11-20T18:59:13.826+0000] {dagbag.py:537} INFO - Filling up the DagBag from /home/airflow/.local/lib/python3.7/site-packages/airflow/example_dags/example_trigger_controller_dag.py
[2023-11-20T18:59:13.845+0000] {processor.py:766} INFO - DAG(s) dict_keys(['example_trigger_controller_dag']) retrieved from /home/airflow/.local/lib/python3.7/site-packages/airflow/example_dags/example_trigger_controller_dag.py
[2023-11-20T18:59:13.902+0000] {logging_mixin.py:120} INFO - [2023-11-20T18:59:13.902+0000] {dag.py:2585} INFO - Sync 1 DAGs
[2023-11-20T18:59:13.945+0000] {logging_mixin.py:120} INFO - [2023-11-20T18:59:13.945+0000] {dag.py:3340} INFO - Setting next_dagrun for example_trigger_controller_dag to 2021-01-01T00:00:00+00:00, run_after=2021-01-01T00:00:00+00:00
[2023-11-20T18:59:13.969+0000] {processor.py:176} INFO - Processing /home/airflow/.local/lib/python3.7/site-packages/airflow/example_dags/example_trigger_controller_dag.py took 0.150 seconds
[2023-11-20T18:59:45.558+0000] {processor.py:154} INFO - Started process (PID=1778) to work on /home/airflow/.local/lib/python3.7/site-packages/airflow/example_dags/example_trigger_controller_dag.py
[2023-11-20T18:59:45.559+0000] {processor.py:756} INFO - Processing file /home/airflow/.local/lib/python3.7/site-packages/airflow/example_dags/example_trigger_controller_dag.py for tasks to queue
[2023-11-20T18:59:45.560+0000] {logging_mixin.py:120} INFO - [2023-11-20T18:59:45.560+0000] {dagbag.py:537} INFO - Filling up the DagBag from /home/airflow/.local/lib/python3.7/site-packages/airflow/example_dags/example_trigger_controller_dag.py
[2023-11-20T18:59:45.583+0000] {processor.py:766} INFO - DAG(s) dict_keys(['example_trigger_controller_dag']) retrieved from /home/airflow/.local/lib/python3.7/site-packages/airflow/example_dags/example_trigger_controller_dag.py
[2023-11-20T18:59:45.659+0000] {logging_mixin.py:120} INFO - [2023-11-20T18:59:45.659+0000] {dag.py:2585} INFO - Sync 1 DAGs
[2023-11-20T18:59:45.694+0000] {logging_mixin.py:120} INFO - [2023-11-20T18:59:45.694+0000] {dag.py:3340} INFO - Setting next_dagrun for example_trigger_controller_dag to 2021-01-01T00:00:00+00:00, run_after=2021-01-01T00:00:00+00:00
[2023-11-20T18:59:45.740+0000] {processor.py:176} INFO - Processing /home/airflow/.local/lib/python3.7/site-packages/airflow/example_dags/example_trigger_controller_dag.py took 0.185 seconds
[2023-11-20T19:00:16.855+0000] {processor.py:154} INFO - Started process (PID=1832) to work on /home/airflow/.local/lib/python3.7/site-packages/airflow/example_dags/example_trigger_controller_dag.py
[2023-11-20T19:00:16.856+0000] {processor.py:756} INFO - Processing file /home/airflow/.local/lib/python3.7/site-packages/airflow/example_dags/example_trigger_controller_dag.py for tasks to queue
[2023-11-20T19:00:16.857+0000] {logging_mixin.py:120} INFO - [2023-11-20T19:00:16.857+0000] {dagbag.py:537} INFO - Filling up the DagBag from /home/airflow/.local/lib/python3.7/site-packages/airflow/example_dags/example_trigger_controller_dag.py
[2023-11-20T19:00:16.870+0000] {processor.py:766} INFO - DAG(s) dict_keys(['example_trigger_controller_dag']) retrieved from /home/airflow/.local/lib/python3.7/site-packages/airflow/example_dags/example_trigger_controller_dag.py
[2023-11-20T19:00:16.917+0000] {logging_mixin.py:120} INFO - [2023-11-20T19:00:16.917+0000] {dag.py:2585} INFO - Sync 1 DAGs
[2023-11-20T19:00:16.994+0000] {logging_mixin.py:120} INFO - [2023-11-20T19:00:16.994+0000] {dag.py:3340} INFO - Setting next_dagrun for example_trigger_controller_dag to 2021-01-01T00:00:00+00:00, run_after=2021-01-01T00:00:00+00:00
[2023-11-20T19:00:17.022+0000] {processor.py:176} INFO - Processing /home/airflow/.local/lib/python3.7/site-packages/airflow/example_dags/example_trigger_controller_dag.py took 0.171 seconds
[2023-11-20T19:00:47.780+0000] {processor.py:154} INFO - Started process (PID=1897) to work on /home/airflow/.local/lib/python3.7/site-packages/airflow/example_dags/example_trigger_controller_dag.py
[2023-11-20T19:00:47.784+0000] {processor.py:756} INFO - Processing file /home/airflow/.local/lib/python3.7/site-packages/airflow/example_dags/example_trigger_controller_dag.py for tasks to queue
[2023-11-20T19:00:47.785+0000] {logging_mixin.py:120} INFO - [2023-11-20T19:00:47.785+0000] {dagbag.py:537} INFO - Filling up the DagBag from /home/airflow/.local/lib/python3.7/site-packages/airflow/example_dags/example_trigger_controller_dag.py
[2023-11-20T19:00:47.799+0000] {processor.py:766} INFO - DAG(s) dict_keys(['example_trigger_controller_dag']) retrieved from /home/airflow/.local/lib/python3.7/site-packages/airflow/example_dags/example_trigger_controller_dag.py
[2023-11-20T19:00:47.876+0000] {logging_mixin.py:120} INFO - [2023-11-20T19:00:47.875+0000] {dag.py:2585} INFO - Sync 1 DAGs
[2023-11-20T19:00:47.942+0000] {logging_mixin.py:120} INFO - [2023-11-20T19:00:47.941+0000] {dag.py:3340} INFO - Setting next_dagrun for example_trigger_controller_dag to 2021-01-01T00:00:00+00:00, run_after=2021-01-01T00:00:00+00:00
[2023-11-20T19:00:47.992+0000] {processor.py:176} INFO - Processing /home/airflow/.local/lib/python3.7/site-packages/airflow/example_dags/example_trigger_controller_dag.py took 0.222 seconds
[2023-11-20T19:01:19.113+0000] {processor.py:154} INFO - Started process (PID=1962) to work on /home/airflow/.local/lib/python3.7/site-packages/airflow/example_dags/example_trigger_controller_dag.py
[2023-11-20T19:01:19.114+0000] {processor.py:756} INFO - Processing file /home/airflow/.local/lib/python3.7/site-packages/airflow/example_dags/example_trigger_controller_dag.py for tasks to queue
[2023-11-20T19:01:19.116+0000] {logging_mixin.py:120} INFO - [2023-11-20T19:01:19.116+0000] {dagbag.py:537} INFO - Filling up the DagBag from /home/airflow/.local/lib/python3.7/site-packages/airflow/example_dags/example_trigger_controller_dag.py
[2023-11-20T19:01:19.136+0000] {processor.py:766} INFO - DAG(s) dict_keys(['example_trigger_controller_dag']) retrieved from /home/airflow/.local/lib/python3.7/site-packages/airflow/example_dags/example_trigger_controller_dag.py
[2023-11-20T19:01:19.186+0000] {logging_mixin.py:120} INFO - [2023-11-20T19:01:19.186+0000] {dag.py:2585} INFO - Sync 1 DAGs
[2023-11-20T19:01:19.218+0000] {logging_mixin.py:120} INFO - [2023-11-20T19:01:19.218+0000] {dag.py:3340} INFO - Setting next_dagrun for example_trigger_controller_dag to 2021-01-01T00:00:00+00:00, run_after=2021-01-01T00:00:00+00:00
[2023-11-20T19:01:19.244+0000] {processor.py:176} INFO - Processing /home/airflow/.local/lib/python3.7/site-packages/airflow/example_dags/example_trigger_controller_dag.py took 0.140 seconds
[2023-11-20T19:01:50.891+0000] {processor.py:154} INFO - Started process (PID=2017) to work on /home/airflow/.local/lib/python3.7/site-packages/airflow/example_dags/example_trigger_controller_dag.py
[2023-11-20T19:01:50.892+0000] {processor.py:756} INFO - Processing file /home/airflow/.local/lib/python3.7/site-packages/airflow/example_dags/example_trigger_controller_dag.py for tasks to queue
[2023-11-20T19:01:50.893+0000] {logging_mixin.py:120} INFO - [2023-11-20T19:01:50.892+0000] {dagbag.py:537} INFO - Filling up the DagBag from /home/airflow/.local/lib/python3.7/site-packages/airflow/example_dags/example_trigger_controller_dag.py
[2023-11-20T19:01:50.907+0000] {processor.py:766} INFO - DAG(s) dict_keys(['example_trigger_controller_dag']) retrieved from /home/airflow/.local/lib/python3.7/site-packages/airflow/example_dags/example_trigger_controller_dag.py
[2023-11-20T19:01:50.996+0000] {logging_mixin.py:120} INFO - [2023-11-20T19:01:50.996+0000] {dag.py:2585} INFO - Sync 1 DAGs
[2023-11-20T19:01:51.092+0000] {logging_mixin.py:120} INFO - [2023-11-20T19:01:51.092+0000] {dag.py:3340} INFO - Setting next_dagrun for example_trigger_controller_dag to 2021-01-01T00:00:00+00:00, run_after=2021-01-01T00:00:00+00:00
[2023-11-20T19:01:51.140+0000] {processor.py:176} INFO - Processing /home/airflow/.local/lib/python3.7/site-packages/airflow/example_dags/example_trigger_controller_dag.py took 0.253 seconds
[2023-11-20T19:02:21.188+0000] {processor.py:154} INFO - Started process (PID=2080) to work on /home/airflow/.local/lib/python3.7/site-packages/airflow/example_dags/example_trigger_controller_dag.py
[2023-11-20T19:02:21.189+0000] {processor.py:756} INFO - Processing file /home/airflow/.local/lib/python3.7/site-packages/airflow/example_dags/example_trigger_controller_dag.py for tasks to queue
[2023-11-20T19:02:21.189+0000] {logging_mixin.py:120} INFO - [2023-11-20T19:02:21.189+0000] {dagbag.py:537} INFO - Filling up the DagBag from /home/airflow/.local/lib/python3.7/site-packages/airflow/example_dags/example_trigger_controller_dag.py
[2023-11-20T19:02:21.199+0000] {processor.py:766} INFO - DAG(s) dict_keys(['example_trigger_controller_dag']) retrieved from /home/airflow/.local/lib/python3.7/site-packages/airflow/example_dags/example_trigger_controller_dag.py
[2023-11-20T19:02:21.233+0000] {logging_mixin.py:120} INFO - [2023-11-20T19:02:21.233+0000] {dag.py:2585} INFO - Sync 1 DAGs
[2023-11-20T19:02:21.253+0000] {logging_mixin.py:120} INFO - [2023-11-20T19:02:21.253+0000] {dag.py:3340} INFO - Setting next_dagrun for example_trigger_controller_dag to 2021-01-01T00:00:00+00:00, run_after=2021-01-01T00:00:00+00:00
[2023-11-20T19:02:21.277+0000] {processor.py:176} INFO - Processing /home/airflow/.local/lib/python3.7/site-packages/airflow/example_dags/example_trigger_controller_dag.py took 0.092 seconds
[2023-11-20T19:02:51.980+0000] {processor.py:154} INFO - Started process (PID=2145) to work on /home/airflow/.local/lib/python3.7/site-packages/airflow/example_dags/example_trigger_controller_dag.py
[2023-11-20T19:02:51.981+0000] {processor.py:756} INFO - Processing file /home/airflow/.local/lib/python3.7/site-packages/airflow/example_dags/example_trigger_controller_dag.py for tasks to queue
[2023-11-20T19:02:51.982+0000] {logging_mixin.py:120} INFO - [2023-11-20T19:02:51.982+0000] {dagbag.py:537} INFO - Filling up the DagBag from /home/airflow/.local/lib/python3.7/site-packages/airflow/example_dags/example_trigger_controller_dag.py
[2023-11-20T19:02:51.996+0000] {processor.py:766} INFO - DAG(s) dict_keys(['example_trigger_controller_dag']) retrieved from /home/airflow/.local/lib/python3.7/site-packages/airflow/example_dags/example_trigger_controller_dag.py
[2023-11-20T19:02:52.041+0000] {logging_mixin.py:120} INFO - [2023-11-20T19:02:52.041+0000] {dag.py:2585} INFO - Sync 1 DAGs
[2023-11-20T19:02:52.077+0000] {logging_mixin.py:120} INFO - [2023-11-20T19:02:52.077+0000] {dag.py:3340} INFO - Setting next_dagrun for example_trigger_controller_dag to 2021-01-01T00:00:00+00:00, run_after=2021-01-01T00:00:00+00:00
[2023-11-20T19:02:52.115+0000] {processor.py:176} INFO - Processing /home/airflow/.local/lib/python3.7/site-packages/airflow/example_dags/example_trigger_controller_dag.py took 0.138 seconds
[2023-11-20T19:03:23.899+0000] {processor.py:154} INFO - Started process (PID=2198) to work on /home/airflow/.local/lib/python3.7/site-packages/airflow/example_dags/example_trigger_controller_dag.py
[2023-11-20T19:03:23.900+0000] {processor.py:756} INFO - Processing file /home/airflow/.local/lib/python3.7/site-packages/airflow/example_dags/example_trigger_controller_dag.py for tasks to queue
[2023-11-20T19:03:23.901+0000] {logging_mixin.py:120} INFO - [2023-11-20T19:03:23.901+0000] {dagbag.py:537} INFO - Filling up the DagBag from /home/airflow/.local/lib/python3.7/site-packages/airflow/example_dags/example_trigger_controller_dag.py
[2023-11-20T19:03:23.949+0000] {processor.py:766} INFO - DAG(s) dict_keys(['example_trigger_controller_dag']) retrieved from /home/airflow/.local/lib/python3.7/site-packages/airflow/example_dags/example_trigger_controller_dag.py
[2023-11-20T19:03:24.068+0000] {logging_mixin.py:120} INFO - [2023-11-20T19:03:24.067+0000] {dag.py:2585} INFO - Sync 1 DAGs
[2023-11-20T19:03:24.171+0000] {logging_mixin.py:120} INFO - [2023-11-20T19:03:24.171+0000] {dag.py:3340} INFO - Setting next_dagrun for example_trigger_controller_dag to 2021-01-01T00:00:00+00:00, run_after=2021-01-01T00:00:00+00:00
[2023-11-20T19:03:24.349+0000] {processor.py:176} INFO - Processing /home/airflow/.local/lib/python3.7/site-packages/airflow/example_dags/example_trigger_controller_dag.py took 0.466 seconds
[2023-11-20T19:03:54.717+0000] {processor.py:154} INFO - Started process (PID=2262) to work on /home/airflow/.local/lib/python3.7/site-packages/airflow/example_dags/example_trigger_controller_dag.py
[2023-11-20T19:03:54.718+0000] {processor.py:756} INFO - Processing file /home/airflow/.local/lib/python3.7/site-packages/airflow/example_dags/example_trigger_controller_dag.py for tasks to queue
[2023-11-20T19:03:54.719+0000] {logging_mixin.py:120} INFO - [2023-11-20T19:03:54.719+0000] {dagbag.py:537} INFO - Filling up the DagBag from /home/airflow/.local/lib/python3.7/site-packages/airflow/example_dags/example_trigger_controller_dag.py
[2023-11-20T19:03:54.735+0000] {processor.py:766} INFO - DAG(s) dict_keys(['example_trigger_controller_dag']) retrieved from /home/airflow/.local/lib/python3.7/site-packages/airflow/example_dags/example_trigger_controller_dag.py
[2023-11-20T19:03:54.782+0000] {logging_mixin.py:120} INFO - [2023-11-20T19:03:54.782+0000] {dag.py:2585} INFO - Sync 1 DAGs
[2023-11-20T19:03:54.812+0000] {logging_mixin.py:120} INFO - [2023-11-20T19:03:54.812+0000] {dag.py:3340} INFO - Setting next_dagrun for example_trigger_controller_dag to 2021-01-01T00:00:00+00:00, run_after=2021-01-01T00:00:00+00:00
[2023-11-20T19:03:54.845+0000] {processor.py:176} INFO - Processing /home/airflow/.local/lib/python3.7/site-packages/airflow/example_dags/example_trigger_controller_dag.py took 0.132 seconds
[2023-11-20T19:04:26.449+0000] {processor.py:154} INFO - Started process (PID=2316) to work on /home/airflow/.local/lib/python3.7/site-packages/airflow/example_dags/example_trigger_controller_dag.py
[2023-11-20T19:04:26.450+0000] {processor.py:756} INFO - Processing file /home/airflow/.local/lib/python3.7/site-packages/airflow/example_dags/example_trigger_controller_dag.py for tasks to queue
[2023-11-20T19:04:26.451+0000] {logging_mixin.py:120} INFO - [2023-11-20T19:04:26.451+0000] {dagbag.py:537} INFO - Filling up the DagBag from /home/airflow/.local/lib/python3.7/site-packages/airflow/example_dags/example_trigger_controller_dag.py
[2023-11-20T19:04:26.481+0000] {processor.py:766} INFO - DAG(s) dict_keys(['example_trigger_controller_dag']) retrieved from /home/airflow/.local/lib/python3.7/site-packages/airflow/example_dags/example_trigger_controller_dag.py
[2023-11-20T19:04:26.601+0000] {logging_mixin.py:120} INFO - [2023-11-20T19:04:26.600+0000] {dag.py:2585} INFO - Sync 1 DAGs
[2023-11-20T19:04:26.700+0000] {logging_mixin.py:120} INFO - [2023-11-20T19:04:26.700+0000] {dag.py:3340} INFO - Setting next_dagrun for example_trigger_controller_dag to 2021-01-01T00:00:00+00:00, run_after=2021-01-01T00:00:00+00:00
[2023-11-20T19:04:26.778+0000] {processor.py:176} INFO - Processing /home/airflow/.local/lib/python3.7/site-packages/airflow/example_dags/example_trigger_controller_dag.py took 0.333 seconds
[2023-11-20T19:04:56.891+0000] {processor.py:154} INFO - Started process (PID=2377) to work on /home/airflow/.local/lib/python3.7/site-packages/airflow/example_dags/example_trigger_controller_dag.py
[2023-11-20T19:04:56.892+0000] {processor.py:756} INFO - Processing file /home/airflow/.local/lib/python3.7/site-packages/airflow/example_dags/example_trigger_controller_dag.py for tasks to queue
[2023-11-20T19:04:56.892+0000] {logging_mixin.py:120} INFO - [2023-11-20T19:04:56.892+0000] {dagbag.py:537} INFO - Filling up the DagBag from /home/airflow/.local/lib/python3.7/site-packages/airflow/example_dags/example_trigger_controller_dag.py
[2023-11-20T19:04:56.915+0000] {processor.py:766} INFO - DAG(s) dict_keys(['example_trigger_controller_dag']) retrieved from /home/airflow/.local/lib/python3.7/site-packages/airflow/example_dags/example_trigger_controller_dag.py
[2023-11-20T19:04:56.990+0000] {logging_mixin.py:120} INFO - [2023-11-20T19:04:56.990+0000] {dag.py:2585} INFO - Sync 1 DAGs
[2023-11-20T19:04:57.024+0000] {logging_mixin.py:120} INFO - [2023-11-20T19:04:57.024+0000] {dag.py:3340} INFO - Setting next_dagrun for example_trigger_controller_dag to 2021-01-01T00:00:00+00:00, run_after=2021-01-01T00:00:00+00:00
[2023-11-20T19:04:57.053+0000] {processor.py:176} INFO - Processing /home/airflow/.local/lib/python3.7/site-packages/airflow/example_dags/example_trigger_controller_dag.py took 0.167 seconds
[2023-11-20T19:05:27.539+0000] {processor.py:154} INFO - Started process (PID=2440) to work on /home/airflow/.local/lib/python3.7/site-packages/airflow/example_dags/example_trigger_controller_dag.py
[2023-11-20T19:05:27.544+0000] {processor.py:756} INFO - Processing file /home/airflow/.local/lib/python3.7/site-packages/airflow/example_dags/example_trigger_controller_dag.py for tasks to queue
[2023-11-20T19:05:27.552+0000] {logging_mixin.py:120} INFO - [2023-11-20T19:05:27.551+0000] {dagbag.py:537} INFO - Filling up the DagBag from /home/airflow/.local/lib/python3.7/site-packages/airflow/example_dags/example_trigger_controller_dag.py
[2023-11-20T19:05:27.569+0000] {processor.py:766} INFO - DAG(s) dict_keys(['example_trigger_controller_dag']) retrieved from /home/airflow/.local/lib/python3.7/site-packages/airflow/example_dags/example_trigger_controller_dag.py
[2023-11-20T19:05:27.646+0000] {logging_mixin.py:120} INFO - [2023-11-20T19:05:27.645+0000] {dag.py:2585} INFO - Sync 1 DAGs
[2023-11-20T19:05:27.679+0000] {logging_mixin.py:120} INFO - [2023-11-20T19:05:27.679+0000] {dag.py:3340} INFO - Setting next_dagrun for example_trigger_controller_dag to 2021-01-01T00:00:00+00:00, run_after=2021-01-01T00:00:00+00:00
[2023-11-20T19:05:27.719+0000] {processor.py:176} INFO - Processing /home/airflow/.local/lib/python3.7/site-packages/airflow/example_dags/example_trigger_controller_dag.py took 0.184 seconds
[2023-11-20T19:05:57.916+0000] {processor.py:154} INFO - Started process (PID=2493) to work on /home/airflow/.local/lib/python3.7/site-packages/airflow/example_dags/example_trigger_controller_dag.py
[2023-11-20T19:05:57.917+0000] {processor.py:756} INFO - Processing file /home/airflow/.local/lib/python3.7/site-packages/airflow/example_dags/example_trigger_controller_dag.py for tasks to queue
[2023-11-20T19:05:57.918+0000] {logging_mixin.py:120} INFO - [2023-11-20T19:05:57.917+0000] {dagbag.py:537} INFO - Filling up the DagBag from /home/airflow/.local/lib/python3.7/site-packages/airflow/example_dags/example_trigger_controller_dag.py
[2023-11-20T19:05:57.934+0000] {processor.py:766} INFO - DAG(s) dict_keys(['example_trigger_controller_dag']) retrieved from /home/airflow/.local/lib/python3.7/site-packages/airflow/example_dags/example_trigger_controller_dag.py
[2023-11-20T19:05:57.983+0000] {logging_mixin.py:120} INFO - [2023-11-20T19:05:57.983+0000] {dag.py:2585} INFO - Sync 1 DAGs
[2023-11-20T19:05:58.016+0000] {logging_mixin.py:120} INFO - [2023-11-20T19:05:58.015+0000] {dag.py:3340} INFO - Setting next_dagrun for example_trigger_controller_dag to 2021-01-01T00:00:00+00:00, run_after=2021-01-01T00:00:00+00:00
[2023-11-20T19:05:58.046+0000] {processor.py:176} INFO - Processing /home/airflow/.local/lib/python3.7/site-packages/airflow/example_dags/example_trigger_controller_dag.py took 0.134 seconds
[2023-11-20T19:06:29.650+0000] {processor.py:154} INFO - Started process (PID=2559) to work on /home/airflow/.local/lib/python3.7/site-packages/airflow/example_dags/example_trigger_controller_dag.py
[2023-11-20T19:06:29.651+0000] {processor.py:756} INFO - Processing file /home/airflow/.local/lib/python3.7/site-packages/airflow/example_dags/example_trigger_controller_dag.py for tasks to queue
[2023-11-20T19:06:29.652+0000] {logging_mixin.py:120} INFO - [2023-11-20T19:06:29.652+0000] {dagbag.py:537} INFO - Filling up the DagBag from /home/airflow/.local/lib/python3.7/site-packages/airflow/example_dags/example_trigger_controller_dag.py
[2023-11-20T19:06:29.666+0000] {processor.py:766} INFO - DAG(s) dict_keys(['example_trigger_controller_dag']) retrieved from /home/airflow/.local/lib/python3.7/site-packages/airflow/example_dags/example_trigger_controller_dag.py
[2023-11-20T19:06:29.716+0000] {logging_mixin.py:120} INFO - [2023-11-20T19:06:29.716+0000] {dag.py:2585} INFO - Sync 1 DAGs
[2023-11-20T19:06:29.751+0000] {logging_mixin.py:120} INFO - [2023-11-20T19:06:29.751+0000] {dag.py:3340} INFO - Setting next_dagrun for example_trigger_controller_dag to 2021-01-01T00:00:00+00:00, run_after=2021-01-01T00:00:00+00:00
[2023-11-20T19:06:29.776+0000] {processor.py:176} INFO - Processing /home/airflow/.local/lib/python3.7/site-packages/airflow/example_dags/example_trigger_controller_dag.py took 0.129 seconds
[2023-11-20T19:07:00.533+0000] {processor.py:154} INFO - Started process (PID=2624) to work on /home/airflow/.local/lib/python3.7/site-packages/airflow/example_dags/example_trigger_controller_dag.py
[2023-11-20T19:07:00.534+0000] {processor.py:756} INFO - Processing file /home/airflow/.local/lib/python3.7/site-packages/airflow/example_dags/example_trigger_controller_dag.py for tasks to queue
[2023-11-20T19:07:00.535+0000] {logging_mixin.py:120} INFO - [2023-11-20T19:07:00.535+0000] {dagbag.py:537} INFO - Filling up the DagBag from /home/airflow/.local/lib/python3.7/site-packages/airflow/example_dags/example_trigger_controller_dag.py
[2023-11-20T19:07:00.550+0000] {processor.py:766} INFO - DAG(s) dict_keys(['example_trigger_controller_dag']) retrieved from /home/airflow/.local/lib/python3.7/site-packages/airflow/example_dags/example_trigger_controller_dag.py
[2023-11-20T19:07:00.594+0000] {logging_mixin.py:120} INFO - [2023-11-20T19:07:00.594+0000] {dag.py:2585} INFO - Sync 1 DAGs
[2023-11-20T19:07:00.626+0000] {logging_mixin.py:120} INFO - [2023-11-20T19:07:00.625+0000] {dag.py:3340} INFO - Setting next_dagrun for example_trigger_controller_dag to 2021-01-01T00:00:00+00:00, run_after=2021-01-01T00:00:00+00:00
[2023-11-20T19:07:00.653+0000] {processor.py:176} INFO - Processing /home/airflow/.local/lib/python3.7/site-packages/airflow/example_dags/example_trigger_controller_dag.py took 0.123 seconds
[2023-11-20T19:07:31.197+0000] {processor.py:154} INFO - Started process (PID=2679) to work on /home/airflow/.local/lib/python3.7/site-packages/airflow/example_dags/example_trigger_controller_dag.py
[2023-11-20T19:07:31.203+0000] {processor.py:756} INFO - Processing file /home/airflow/.local/lib/python3.7/site-packages/airflow/example_dags/example_trigger_controller_dag.py for tasks to queue
[2023-11-20T19:07:31.204+0000] {logging_mixin.py:120} INFO - [2023-11-20T19:07:31.204+0000] {dagbag.py:537} INFO - Filling up the DagBag from /home/airflow/.local/lib/python3.7/site-packages/airflow/example_dags/example_trigger_controller_dag.py
[2023-11-20T19:07:31.220+0000] {processor.py:766} INFO - DAG(s) dict_keys(['example_trigger_controller_dag']) retrieved from /home/airflow/.local/lib/python3.7/site-packages/airflow/example_dags/example_trigger_controller_dag.py
[2023-11-20T19:07:31.393+0000] {logging_mixin.py:120} INFO - [2023-11-20T19:07:31.392+0000] {dag.py:2585} INFO - Sync 1 DAGs
[2023-11-20T19:07:31.425+0000] {logging_mixin.py:120} INFO - [2023-11-20T19:07:31.425+0000] {dag.py:3340} INFO - Setting next_dagrun for example_trigger_controller_dag to 2021-01-01T00:00:00+00:00, run_after=2021-01-01T00:00:00+00:00
[2023-11-20T19:07:31.456+0000] {processor.py:176} INFO - Processing /home/airflow/.local/lib/python3.7/site-packages/airflow/example_dags/example_trigger_controller_dag.py took 0.271 seconds
[2023-11-20T19:08:01.730+0000] {processor.py:154} INFO - Started process (PID=2743) to work on /home/airflow/.local/lib/python3.7/site-packages/airflow/example_dags/example_trigger_controller_dag.py
[2023-11-20T19:08:01.730+0000] {processor.py:756} INFO - Processing file /home/airflow/.local/lib/python3.7/site-packages/airflow/example_dags/example_trigger_controller_dag.py for tasks to queue
[2023-11-20T19:08:01.731+0000] {logging_mixin.py:120} INFO - [2023-11-20T19:08:01.731+0000] {dagbag.py:537} INFO - Filling up the DagBag from /home/airflow/.local/lib/python3.7/site-packages/airflow/example_dags/example_trigger_controller_dag.py
[2023-11-20T19:08:01.744+0000] {processor.py:766} INFO - DAG(s) dict_keys(['example_trigger_controller_dag']) retrieved from /home/airflow/.local/lib/python3.7/site-packages/airflow/example_dags/example_trigger_controller_dag.py
[2023-11-20T19:08:01.792+0000] {logging_mixin.py:120} INFO - [2023-11-20T19:08:01.791+0000] {dag.py:2585} INFO - Sync 1 DAGs
[2023-11-20T19:08:01.836+0000] {logging_mixin.py:120} INFO - [2023-11-20T19:08:01.836+0000] {dag.py:3340} INFO - Setting next_dagrun for example_trigger_controller_dag to 2021-01-01T00:00:00+00:00, run_after=2021-01-01T00:00:00+00:00
[2023-11-20T19:08:01.868+0000] {processor.py:176} INFO - Processing /home/airflow/.local/lib/python3.7/site-packages/airflow/example_dags/example_trigger_controller_dag.py took 0.143 seconds
[2023-11-20T19:08:32.395+0000] {processor.py:154} INFO - Started process (PID=2806) to work on /home/airflow/.local/lib/python3.7/site-packages/airflow/example_dags/example_trigger_controller_dag.py
[2023-11-20T19:08:32.398+0000] {processor.py:756} INFO - Processing file /home/airflow/.local/lib/python3.7/site-packages/airflow/example_dags/example_trigger_controller_dag.py for tasks to queue
[2023-11-20T19:08:32.402+0000] {logging_mixin.py:120} INFO - [2023-11-20T19:08:32.402+0000] {dagbag.py:537} INFO - Filling up the DagBag from /home/airflow/.local/lib/python3.7/site-packages/airflow/example_dags/example_trigger_controller_dag.py
[2023-11-20T19:08:32.449+0000] {processor.py:766} INFO - DAG(s) dict_keys(['example_trigger_controller_dag']) retrieved from /home/airflow/.local/lib/python3.7/site-packages/airflow/example_dags/example_trigger_controller_dag.py
[2023-11-20T19:08:32.551+0000] {logging_mixin.py:120} INFO - [2023-11-20T19:08:32.551+0000] {dag.py:2585} INFO - Sync 1 DAGs
[2023-11-20T19:08:32.592+0000] {logging_mixin.py:120} INFO - [2023-11-20T19:08:32.592+0000] {dag.py:3340} INFO - Setting next_dagrun for example_trigger_controller_dag to 2021-01-01T00:00:00+00:00, run_after=2021-01-01T00:00:00+00:00
[2023-11-20T19:08:32.623+0000] {processor.py:176} INFO - Processing /home/airflow/.local/lib/python3.7/site-packages/airflow/example_dags/example_trigger_controller_dag.py took 0.231 seconds
[2023-11-20T19:09:03.746+0000] {processor.py:154} INFO - Started process (PID=2861) to work on /home/airflow/.local/lib/python3.7/site-packages/airflow/example_dags/example_trigger_controller_dag.py
[2023-11-20T19:09:03.759+0000] {processor.py:756} INFO - Processing file /home/airflow/.local/lib/python3.7/site-packages/airflow/example_dags/example_trigger_controller_dag.py for tasks to queue
[2023-11-20T19:09:03.760+0000] {logging_mixin.py:120} INFO - [2023-11-20T19:09:03.760+0000] {dagbag.py:537} INFO - Filling up the DagBag from /home/airflow/.local/lib/python3.7/site-packages/airflow/example_dags/example_trigger_controller_dag.py
[2023-11-20T19:09:03.790+0000] {processor.py:766} INFO - DAG(s) dict_keys(['example_trigger_controller_dag']) retrieved from /home/airflow/.local/lib/python3.7/site-packages/airflow/example_dags/example_trigger_controller_dag.py
[2023-11-20T19:09:03.920+0000] {logging_mixin.py:120} INFO - [2023-11-20T19:09:03.920+0000] {dag.py:2585} INFO - Sync 1 DAGs
[2023-11-20T19:09:03.992+0000] {logging_mixin.py:120} INFO - [2023-11-20T19:09:03.992+0000] {dag.py:3340} INFO - Setting next_dagrun for example_trigger_controller_dag to 2021-01-01T00:00:00+00:00, run_after=2021-01-01T00:00:00+00:00
[2023-11-20T19:09:04.049+0000] {processor.py:176} INFO - Processing /home/airflow/.local/lib/python3.7/site-packages/airflow/example_dags/example_trigger_controller_dag.py took 0.306 seconds
[2023-11-20T19:09:34.692+0000] {processor.py:154} INFO - Started process (PID=2924) to work on /home/airflow/.local/lib/python3.7/site-packages/airflow/example_dags/example_trigger_controller_dag.py
[2023-11-20T19:09:34.693+0000] {processor.py:756} INFO - Processing file /home/airflow/.local/lib/python3.7/site-packages/airflow/example_dags/example_trigger_controller_dag.py for tasks to queue
[2023-11-20T19:09:34.693+0000] {logging_mixin.py:120} INFO - [2023-11-20T19:09:34.693+0000] {dagbag.py:537} INFO - Filling up the DagBag from /home/airflow/.local/lib/python3.7/site-packages/airflow/example_dags/example_trigger_controller_dag.py
[2023-11-20T19:09:34.703+0000] {processor.py:766} INFO - DAG(s) dict_keys(['example_trigger_controller_dag']) retrieved from /home/airflow/.local/lib/python3.7/site-packages/airflow/example_dags/example_trigger_controller_dag.py
[2023-11-20T19:09:34.738+0000] {logging_mixin.py:120} INFO - [2023-11-20T19:09:34.738+0000] {dag.py:2585} INFO - Sync 1 DAGs
[2023-11-20T19:09:34.759+0000] {logging_mixin.py:120} INFO - [2023-11-20T19:09:34.759+0000] {dag.py:3340} INFO - Setting next_dagrun for example_trigger_controller_dag to 2021-01-01T00:00:00+00:00, run_after=2021-01-01T00:00:00+00:00
[2023-11-20T19:09:34.782+0000] {processor.py:176} INFO - Processing /home/airflow/.local/lib/python3.7/site-packages/airflow/example_dags/example_trigger_controller_dag.py took 0.092 seconds
[2023-11-20T19:10:05.238+0000] {processor.py:154} INFO - Started process (PID=2987) to work on /home/airflow/.local/lib/python3.7/site-packages/airflow/example_dags/example_trigger_controller_dag.py
[2023-11-20T19:10:05.239+0000] {processor.py:756} INFO - Processing file /home/airflow/.local/lib/python3.7/site-packages/airflow/example_dags/example_trigger_controller_dag.py for tasks to queue
[2023-11-20T19:10:05.240+0000] {logging_mixin.py:120} INFO - [2023-11-20T19:10:05.240+0000] {dagbag.py:537} INFO - Filling up the DagBag from /home/airflow/.local/lib/python3.7/site-packages/airflow/example_dags/example_trigger_controller_dag.py
[2023-11-20T19:10:05.252+0000] {processor.py:766} INFO - DAG(s) dict_keys(['example_trigger_controller_dag']) retrieved from /home/airflow/.local/lib/python3.7/site-packages/airflow/example_dags/example_trigger_controller_dag.py
[2023-11-20T19:10:05.294+0000] {logging_mixin.py:120} INFO - [2023-11-20T19:10:05.294+0000] {dag.py:2585} INFO - Sync 1 DAGs
[2023-11-20T19:10:05.325+0000] {logging_mixin.py:120} INFO - [2023-11-20T19:10:05.324+0000] {dag.py:3340} INFO - Setting next_dagrun for example_trigger_controller_dag to 2021-01-01T00:00:00+00:00, run_after=2021-01-01T00:00:00+00:00
[2023-11-20T19:10:05.353+0000] {processor.py:176} INFO - Processing /home/airflow/.local/lib/python3.7/site-packages/airflow/example_dags/example_trigger_controller_dag.py took 0.118 seconds
[2023-11-20T19:10:35.845+0000] {processor.py:154} INFO - Started process (PID=3040) to work on /home/airflow/.local/lib/python3.7/site-packages/airflow/example_dags/example_trigger_controller_dag.py
[2023-11-20T19:10:35.846+0000] {processor.py:756} INFO - Processing file /home/airflow/.local/lib/python3.7/site-packages/airflow/example_dags/example_trigger_controller_dag.py for tasks to queue
[2023-11-20T19:10:35.847+0000] {logging_mixin.py:120} INFO - [2023-11-20T19:10:35.847+0000] {dagbag.py:537} INFO - Filling up the DagBag from /home/airflow/.local/lib/python3.7/site-packages/airflow/example_dags/example_trigger_controller_dag.py
[2023-11-20T19:10:35.861+0000] {processor.py:766} INFO - DAG(s) dict_keys(['example_trigger_controller_dag']) retrieved from /home/airflow/.local/lib/python3.7/site-packages/airflow/example_dags/example_trigger_controller_dag.py
[2023-11-20T19:10:35.937+0000] {logging_mixin.py:120} INFO - [2023-11-20T19:10:35.937+0000] {dag.py:2585} INFO - Sync 1 DAGs
[2023-11-20T19:10:35.991+0000] {logging_mixin.py:120} INFO - [2023-11-20T19:10:35.991+0000] {dag.py:3340} INFO - Setting next_dagrun for example_trigger_controller_dag to 2021-01-01T00:00:00+00:00, run_after=2021-01-01T00:00:00+00:00
[2023-11-20T19:10:36.060+0000] {processor.py:176} INFO - Processing /home/airflow/.local/lib/python3.7/site-packages/airflow/example_dags/example_trigger_controller_dag.py took 0.220 seconds
[2023-11-20T19:11:07.981+0000] {processor.py:154} INFO - Started process (PID=3102) to work on /home/airflow/.local/lib/python3.7/site-packages/airflow/example_dags/example_trigger_controller_dag.py
[2023-11-20T19:11:07.983+0000] {processor.py:756} INFO - Processing file /home/airflow/.local/lib/python3.7/site-packages/airflow/example_dags/example_trigger_controller_dag.py for tasks to queue
[2023-11-20T19:11:07.984+0000] {logging_mixin.py:120} INFO - [2023-11-20T19:11:07.984+0000] {dagbag.py:537} INFO - Filling up the DagBag from /home/airflow/.local/lib/python3.7/site-packages/airflow/example_dags/example_trigger_controller_dag.py
[2023-11-20T19:11:08.089+0000] {processor.py:766} INFO - DAG(s) dict_keys(['example_trigger_controller_dag']) retrieved from /home/airflow/.local/lib/python3.7/site-packages/airflow/example_dags/example_trigger_controller_dag.py
[2023-11-20T19:11:08.382+0000] {logging_mixin.py:120} INFO - [2023-11-20T19:11:08.382+0000] {dag.py:2585} INFO - Sync 1 DAGs
[2023-11-20T19:11:08.557+0000] {logging_mixin.py:120} INFO - [2023-11-20T19:11:08.557+0000] {dag.py:3340} INFO - Setting next_dagrun for example_trigger_controller_dag to 2021-01-01T00:00:00+00:00, run_after=2021-01-01T00:00:00+00:00
[2023-11-20T19:11:08.770+0000] {processor.py:176} INFO - Processing /home/airflow/.local/lib/python3.7/site-packages/airflow/example_dags/example_trigger_controller_dag.py took 0.829 seconds
[2023-11-20T19:11:38.996+0000] {processor.py:154} INFO - Started process (PID=3155) to work on /home/airflow/.local/lib/python3.7/site-packages/airflow/example_dags/example_trigger_controller_dag.py
[2023-11-20T19:11:38.998+0000] {processor.py:756} INFO - Processing file /home/airflow/.local/lib/python3.7/site-packages/airflow/example_dags/example_trigger_controller_dag.py for tasks to queue
[2023-11-20T19:11:38.999+0000] {logging_mixin.py:120} INFO - [2023-11-20T19:11:38.999+0000] {dagbag.py:537} INFO - Filling up the DagBag from /home/airflow/.local/lib/python3.7/site-packages/airflow/example_dags/example_trigger_controller_dag.py
[2023-11-20T19:11:39.013+0000] {processor.py:766} INFO - DAG(s) dict_keys(['example_trigger_controller_dag']) retrieved from /home/airflow/.local/lib/python3.7/site-packages/airflow/example_dags/example_trigger_controller_dag.py
[2023-11-20T19:11:39.046+0000] {logging_mixin.py:120} INFO - [2023-11-20T19:11:39.045+0000] {dag.py:2585} INFO - Sync 1 DAGs
[2023-11-20T19:11:39.067+0000] {logging_mixin.py:120} INFO - [2023-11-20T19:11:39.067+0000] {dag.py:3340} INFO - Setting next_dagrun for example_trigger_controller_dag to 2021-01-01T00:00:00+00:00, run_after=2021-01-01T00:00:00+00:00
[2023-11-20T19:11:39.091+0000] {processor.py:176} INFO - Processing /home/airflow/.local/lib/python3.7/site-packages/airflow/example_dags/example_trigger_controller_dag.py took 0.097 seconds
