[2023-11-20T20:23:50.210+0000] {processor.py:154} INFO - Started process (PID=11693) to work on /home/airflow/.local/lib/python3.7/site-packages/airflow/example_dags/example_complex.py
[2023-11-20T20:23:50.211+0000] {processor.py:756} INFO - Processing file /home/airflow/.local/lib/python3.7/site-packages/airflow/example_dags/example_complex.py for tasks to queue
[2023-11-20T20:23:50.212+0000] {logging_mixin.py:120} INFO - [2023-11-20T20:23:50.212+0000] {dagbag.py:537} INFO - Filling up the DagBag from /home/airflow/.local/lib/python3.7/site-packages/airflow/example_dags/example_complex.py
[2023-11-20T20:23:50.225+0000] {logging_mixin.py:120} INFO - [2023-11-20T20:23:50.225+0000] {taskmixin.py:205} WARNING - Dependency <Task(BashOperator): create_entry_group>, delete_entry_group already registered for DAG: example_complex
[2023-11-20T20:23:50.226+0000] {logging_mixin.py:120} INFO - [2023-11-20T20:23:50.225+0000] {taskmixin.py:205} WARNING - Dependency <Task(BashOperator): delete_entry_group>, create_entry_group already registered for DAG: example_complex
[2023-11-20T20:23:50.226+0000] {logging_mixin.py:120} INFO - [2023-11-20T20:23:50.226+0000] {taskmixin.py:205} WARNING - Dependency <Task(BashOperator): create_entry_gcs>, delete_entry already registered for DAG: example_complex
[2023-11-20T20:23:50.226+0000] {logging_mixin.py:120} INFO - [2023-11-20T20:23:50.226+0000] {taskmixin.py:205} WARNING - Dependency <Task(BashOperator): delete_entry>, create_entry_gcs already registered for DAG: example_complex
[2023-11-20T20:23:50.227+0000] {logging_mixin.py:120} INFO - [2023-11-20T20:23:50.226+0000] {taskmixin.py:205} WARNING - Dependency <Task(BashOperator): create_tag>, delete_tag already registered for DAG: example_complex
[2023-11-20T20:23:50.227+0000] {logging_mixin.py:120} INFO - [2023-11-20T20:23:50.227+0000] {taskmixin.py:205} WARNING - Dependency <Task(BashOperator): delete_tag>, create_tag already registered for DAG: example_complex
[2023-11-20T20:23:50.233+0000] {processor.py:766} INFO - DAG(s) dict_keys(['example_complex']) retrieved from /home/airflow/.local/lib/python3.7/site-packages/airflow/example_dags/example_complex.py
[2023-11-20T20:23:50.271+0000] {logging_mixin.py:120} INFO - [2023-11-20T20:23:50.271+0000] {dag.py:2585} INFO - Sync 1 DAGs
[2023-11-20T20:23:50.292+0000] {logging_mixin.py:120} INFO - [2023-11-20T20:23:50.292+0000] {dag.py:3340} INFO - Setting next_dagrun for example_complex to None, run_after=None
[2023-11-20T20:23:50.312+0000] {processor.py:176} INFO - Processing /home/airflow/.local/lib/python3.7/site-packages/airflow/example_dags/example_complex.py took 0.104 seconds
[2023-11-20T20:24:21.182+0000] {processor.py:154} INFO - Started process (PID=11758) to work on /home/airflow/.local/lib/python3.7/site-packages/airflow/example_dags/example_complex.py
[2023-11-20T20:24:21.183+0000] {processor.py:756} INFO - Processing file /home/airflow/.local/lib/python3.7/site-packages/airflow/example_dags/example_complex.py for tasks to queue
[2023-11-20T20:24:21.184+0000] {logging_mixin.py:120} INFO - [2023-11-20T20:24:21.184+0000] {dagbag.py:537} INFO - Filling up the DagBag from /home/airflow/.local/lib/python3.7/site-packages/airflow/example_dags/example_complex.py
[2023-11-20T20:24:21.200+0000] {logging_mixin.py:120} INFO - [2023-11-20T20:24:21.200+0000] {taskmixin.py:205} WARNING - Dependency <Task(BashOperator): create_entry_group>, delete_entry_group already registered for DAG: example_complex
[2023-11-20T20:24:21.200+0000] {logging_mixin.py:120} INFO - [2023-11-20T20:24:21.200+0000] {taskmixin.py:205} WARNING - Dependency <Task(BashOperator): delete_entry_group>, create_entry_group already registered for DAG: example_complex
[2023-11-20T20:24:21.201+0000] {logging_mixin.py:120} INFO - [2023-11-20T20:24:21.201+0000] {taskmixin.py:205} WARNING - Dependency <Task(BashOperator): create_entry_gcs>, delete_entry already registered for DAG: example_complex
[2023-11-20T20:24:21.201+0000] {logging_mixin.py:120} INFO - [2023-11-20T20:24:21.201+0000] {taskmixin.py:205} WARNING - Dependency <Task(BashOperator): delete_entry>, create_entry_gcs already registered for DAG: example_complex
[2023-11-20T20:24:21.202+0000] {logging_mixin.py:120} INFO - [2023-11-20T20:24:21.202+0000] {taskmixin.py:205} WARNING - Dependency <Task(BashOperator): create_tag>, delete_tag already registered for DAG: example_complex
[2023-11-20T20:24:21.202+0000] {logging_mixin.py:120} INFO - [2023-11-20T20:24:21.202+0000] {taskmixin.py:205} WARNING - Dependency <Task(BashOperator): delete_tag>, create_tag already registered for DAG: example_complex
[2023-11-20T20:24:21.213+0000] {processor.py:766} INFO - DAG(s) dict_keys(['example_complex']) retrieved from /home/airflow/.local/lib/python3.7/site-packages/airflow/example_dags/example_complex.py
[2023-11-20T20:24:21.272+0000] {logging_mixin.py:120} INFO - [2023-11-20T20:24:21.272+0000] {dag.py:2585} INFO - Sync 1 DAGs
[2023-11-20T20:24:21.305+0000] {logging_mixin.py:120} INFO - [2023-11-20T20:24:21.305+0000] {dag.py:3340} INFO - Setting next_dagrun for example_complex to None, run_after=None
[2023-11-20T20:24:21.332+0000] {processor.py:176} INFO - Processing /home/airflow/.local/lib/python3.7/site-packages/airflow/example_dags/example_complex.py took 0.160 seconds
[2023-11-20T20:24:51.906+0000] {processor.py:154} INFO - Started process (PID=11813) to work on /home/airflow/.local/lib/python3.7/site-packages/airflow/example_dags/example_complex.py
[2023-11-20T20:24:51.907+0000] {processor.py:756} INFO - Processing file /home/airflow/.local/lib/python3.7/site-packages/airflow/example_dags/example_complex.py for tasks to queue
[2023-11-20T20:24:51.908+0000] {logging_mixin.py:120} INFO - [2023-11-20T20:24:51.907+0000] {dagbag.py:537} INFO - Filling up the DagBag from /home/airflow/.local/lib/python3.7/site-packages/airflow/example_dags/example_complex.py
[2023-11-20T20:24:51.925+0000] {logging_mixin.py:120} INFO - [2023-11-20T20:24:51.924+0000] {taskmixin.py:205} WARNING - Dependency <Task(BashOperator): create_entry_group>, delete_entry_group already registered for DAG: example_complex
[2023-11-20T20:24:51.925+0000] {logging_mixin.py:120} INFO - [2023-11-20T20:24:51.925+0000] {taskmixin.py:205} WARNING - Dependency <Task(BashOperator): delete_entry_group>, create_entry_group already registered for DAG: example_complex
[2023-11-20T20:24:51.925+0000] {logging_mixin.py:120} INFO - [2023-11-20T20:24:51.925+0000] {taskmixin.py:205} WARNING - Dependency <Task(BashOperator): create_entry_gcs>, delete_entry already registered for DAG: example_complex
[2023-11-20T20:24:51.925+0000] {logging_mixin.py:120} INFO - [2023-11-20T20:24:51.925+0000] {taskmixin.py:205} WARNING - Dependency <Task(BashOperator): delete_entry>, create_entry_gcs already registered for DAG: example_complex
[2023-11-20T20:24:51.926+0000] {logging_mixin.py:120} INFO - [2023-11-20T20:24:51.926+0000] {taskmixin.py:205} WARNING - Dependency <Task(BashOperator): create_tag>, delete_tag already registered for DAG: example_complex
[2023-11-20T20:24:51.926+0000] {logging_mixin.py:120} INFO - [2023-11-20T20:24:51.926+0000] {taskmixin.py:205} WARNING - Dependency <Task(BashOperator): delete_tag>, create_tag already registered for DAG: example_complex
[2023-11-20T20:24:51.935+0000] {processor.py:766} INFO - DAG(s) dict_keys(['example_complex']) retrieved from /home/airflow/.local/lib/python3.7/site-packages/airflow/example_dags/example_complex.py
[2023-11-20T20:24:51.982+0000] {logging_mixin.py:120} INFO - [2023-11-20T20:24:51.981+0000] {dag.py:2585} INFO - Sync 1 DAGs
[2023-11-20T20:24:52.015+0000] {logging_mixin.py:120} INFO - [2023-11-20T20:24:52.015+0000] {dag.py:3340} INFO - Setting next_dagrun for example_complex to None, run_after=None
[2023-11-20T20:24:52.048+0000] {processor.py:176} INFO - Processing /home/airflow/.local/lib/python3.7/site-packages/airflow/example_dags/example_complex.py took 0.145 seconds
