[2023-11-20T20:24:00.602+0000] {processor.py:154} INFO - Started process (PID=11719) to work on /home/airflow/.local/lib/python3.7/site-packages/airflow/example_dags/example_external_task_marker_dag.py
[2023-11-20T20:24:00.602+0000] {processor.py:756} INFO - Processing file /home/airflow/.local/lib/python3.7/site-packages/airflow/example_dags/example_external_task_marker_dag.py for tasks to queue
[2023-11-20T20:24:00.603+0000] {logging_mixin.py:120} INFO - [2023-11-20T20:24:00.603+0000] {dagbag.py:537} INFO - Filling up the DagBag from /home/airflow/.local/lib/python3.7/site-packages/airflow/example_dags/example_external_task_marker_dag.py
[2023-11-20T20:24:00.618+0000] {processor.py:766} INFO - DAG(s) dict_keys(['example_external_task_marker_parent', 'example_external_task_marker_child']) retrieved from /home/airflow/.local/lib/python3.7/site-packages/airflow/example_dags/example_external_task_marker_dag.py
[2023-11-20T20:24:00.820+0000] {logging_mixin.py:120} INFO - [2023-11-20T20:24:00.820+0000] {dag.py:2585} INFO - Sync 2 DAGs
[2023-11-20T20:24:00.841+0000] {logging_mixin.py:120} INFO - [2023-11-20T20:24:00.841+0000] {dag.py:3340} INFO - Setting next_dagrun for example_external_task_marker_child to None, run_after=None
[2023-11-20T20:24:00.844+0000] {logging_mixin.py:120} INFO - [2023-11-20T20:24:00.844+0000] {dag.py:3340} INFO - Setting next_dagrun for example_external_task_marker_parent to None, run_after=None
[2023-11-20T20:24:00.863+0000] {processor.py:176} INFO - Processing /home/airflow/.local/lib/python3.7/site-packages/airflow/example_dags/example_external_task_marker_dag.py took 0.266 seconds
[2023-11-20T20:24:33.934+0000] {processor.py:154} INFO - Started process (PID=11783) to work on /home/airflow/.local/lib/python3.7/site-packages/airflow/example_dags/example_external_task_marker_dag.py
[2023-11-20T20:24:33.954+0000] {processor.py:756} INFO - Processing file /home/airflow/.local/lib/python3.7/site-packages/airflow/example_dags/example_external_task_marker_dag.py for tasks to queue
[2023-11-20T20:24:33.955+0000] {logging_mixin.py:120} INFO - [2023-11-20T20:24:33.955+0000] {dagbag.py:537} INFO - Filling up the DagBag from /home/airflow/.local/lib/python3.7/site-packages/airflow/example_dags/example_external_task_marker_dag.py
[2023-11-20T20:24:34.042+0000] {processor.py:766} INFO - DAG(s) dict_keys(['example_external_task_marker_parent', 'example_external_task_marker_child']) retrieved from /home/airflow/.local/lib/python3.7/site-packages/airflow/example_dags/example_external_task_marker_dag.py
[2023-11-20T20:24:35.049+0000] {logging_mixin.py:120} INFO - [2023-11-20T20:24:35.048+0000] {dag.py:2585} INFO - Sync 2 DAGs
[2023-11-20T20:24:35.127+0000] {logging_mixin.py:120} INFO - [2023-11-20T20:24:35.127+0000] {dag.py:3340} INFO - Setting next_dagrun for example_external_task_marker_child to None, run_after=None
[2023-11-20T20:24:35.132+0000] {logging_mixin.py:120} INFO - [2023-11-20T20:24:35.132+0000] {dag.py:3340} INFO - Setting next_dagrun for example_external_task_marker_parent to None, run_after=None
[2023-11-20T20:24:35.159+0000] {processor.py:176} INFO - Processing /home/airflow/.local/lib/python3.7/site-packages/airflow/example_dags/example_external_task_marker_dag.py took 1.249 seconds
[2023-11-20T20:25:05.352+0000] {processor.py:154} INFO - Started process (PID=11841) to work on /home/airflow/.local/lib/python3.7/site-packages/airflow/example_dags/example_external_task_marker_dag.py
[2023-11-20T20:25:05.365+0000] {processor.py:756} INFO - Processing file /home/airflow/.local/lib/python3.7/site-packages/airflow/example_dags/example_external_task_marker_dag.py for tasks to queue
[2023-11-20T20:25:05.366+0000] {logging_mixin.py:120} INFO - [2023-11-20T20:25:05.366+0000] {dagbag.py:537} INFO - Filling up the DagBag from /home/airflow/.local/lib/python3.7/site-packages/airflow/example_dags/example_external_task_marker_dag.py
[2023-11-20T20:25:05.385+0000] {processor.py:766} INFO - DAG(s) dict_keys(['example_external_task_marker_parent', 'example_external_task_marker_child']) retrieved from /home/airflow/.local/lib/python3.7/site-packages/airflow/example_dags/example_external_task_marker_dag.py
[2023-11-20T20:25:05.659+0000] {logging_mixin.py:120} INFO - [2023-11-20T20:25:05.658+0000] {dag.py:2585} INFO - Sync 2 DAGs
[2023-11-20T20:25:05.692+0000] {logging_mixin.py:120} INFO - [2023-11-20T20:25:05.692+0000] {dag.py:3340} INFO - Setting next_dagrun for example_external_task_marker_child to None, run_after=None
[2023-11-20T20:25:05.695+0000] {logging_mixin.py:120} INFO - [2023-11-20T20:25:05.695+0000] {dag.py:3340} INFO - Setting next_dagrun for example_external_task_marker_parent to None, run_after=None
[2023-11-20T20:25:05.718+0000] {processor.py:176} INFO - Processing /home/airflow/.local/lib/python3.7/site-packages/airflow/example_dags/example_external_task_marker_dag.py took 0.370 seconds
