[2023-11-20T18:44:41.721+0000] {processor.py:154} INFO - Started process (PID=63) to work on /home/airflow/.local/lib/python3.7/site-packages/airflow/example_dags/example_xcomargs.py
[2023-11-20T18:44:41.722+0000] {processor.py:756} INFO - Processing file /home/airflow/.local/lib/python3.7/site-packages/airflow/example_dags/example_xcomargs.py for tasks to queue
[2023-11-20T18:44:41.724+0000] {logging_mixin.py:120} INFO - [2023-11-20T18:44:41.724+0000] {dagbag.py:537} INFO - Filling up the DagBag from /home/airflow/.local/lib/python3.7/site-packages/airflow/example_dags/example_xcomargs.py
[2023-11-20T18:44:41.798+0000] {processor.py:766} INFO - DAG(s) dict_keys(['example_xcom_args_with_operators', 'example_xcom_args']) retrieved from /home/airflow/.local/lib/python3.7/site-packages/airflow/example_dags/example_xcomargs.py
[2023-11-20T18:44:41.943+0000] {logging_mixin.py:120} INFO - [2023-11-20T18:44:41.943+0000] {dag.py:2585} INFO - Sync 2 DAGs
[2023-11-20T18:44:42.030+0000] {logging_mixin.py:120} INFO - [2023-11-20T18:44:42.029+0000] {dag.py:3340} INFO - Setting next_dagrun for example_xcom_args to None, run_after=None
[2023-11-20T18:44:42.041+0000] {logging_mixin.py:120} INFO - [2023-11-20T18:44:42.039+0000] {dag.py:3340} INFO - Setting next_dagrun for example_xcom_args_with_operators to None, run_after=None
[2023-11-20T18:44:42.104+0000] {processor.py:176} INFO - Processing /home/airflow/.local/lib/python3.7/site-packages/airflow/example_dags/example_xcomargs.py took 0.392 seconds
[2023-11-20T18:45:12.718+0000] {processor.py:154} INFO - Started process (PID=117) to work on /home/airflow/.local/lib/python3.7/site-packages/airflow/example_dags/example_xcomargs.py
[2023-11-20T18:45:12.734+0000] {processor.py:756} INFO - Processing file /home/airflow/.local/lib/python3.7/site-packages/airflow/example_dags/example_xcomargs.py for tasks to queue
[2023-11-20T18:45:12.735+0000] {logging_mixin.py:120} INFO - [2023-11-20T18:45:12.735+0000] {dagbag.py:537} INFO - Filling up the DagBag from /home/airflow/.local/lib/python3.7/site-packages/airflow/example_dags/example_xcomargs.py
[2023-11-20T18:45:12.803+0000] {processor.py:766} INFO - DAG(s) dict_keys(['example_xcom_args_with_operators', 'example_xcom_args']) retrieved from /home/airflow/.local/lib/python3.7/site-packages/airflow/example_dags/example_xcomargs.py
[2023-11-20T18:45:12.872+0000] {logging_mixin.py:120} INFO - [2023-11-20T18:45:12.871+0000] {dag.py:2585} INFO - Sync 2 DAGs
[2023-11-20T18:45:12.901+0000] {logging_mixin.py:120} INFO - [2023-11-20T18:45:12.901+0000] {dag.py:3340} INFO - Setting next_dagrun for example_xcom_args to None, run_after=None
[2023-11-20T18:45:12.904+0000] {logging_mixin.py:120} INFO - [2023-11-20T18:45:12.904+0000] {dag.py:3340} INFO - Setting next_dagrun for example_xcom_args_with_operators to None, run_after=None
[2023-11-20T18:45:12.930+0000] {processor.py:176} INFO - Processing /home/airflow/.local/lib/python3.7/site-packages/airflow/example_dags/example_xcomargs.py took 0.215 seconds
[2023-11-20T18:45:46.111+0000] {processor.py:154} INFO - Started process (PID=180) to work on /home/airflow/.local/lib/python3.7/site-packages/airflow/example_dags/example_xcomargs.py
[2023-11-20T18:45:46.116+0000] {processor.py:756} INFO - Processing file /home/airflow/.local/lib/python3.7/site-packages/airflow/example_dags/example_xcomargs.py for tasks to queue
[2023-11-20T18:45:46.117+0000] {logging_mixin.py:120} INFO - [2023-11-20T18:45:46.117+0000] {dagbag.py:537} INFO - Filling up the DagBag from /home/airflow/.local/lib/python3.7/site-packages/airflow/example_dags/example_xcomargs.py
[2023-11-20T18:45:46.232+0000] {processor.py:766} INFO - DAG(s) dict_keys(['example_xcom_args_with_operators', 'example_xcom_args']) retrieved from /home/airflow/.local/lib/python3.7/site-packages/airflow/example_dags/example_xcomargs.py
[2023-11-20T18:45:46.464+0000] {logging_mixin.py:120} INFO - [2023-11-20T18:45:46.464+0000] {dag.py:2585} INFO - Sync 2 DAGs
[2023-11-20T18:45:46.612+0000] {logging_mixin.py:120} INFO - [2023-11-20T18:45:46.611+0000] {dag.py:3340} INFO - Setting next_dagrun for example_xcom_args to None, run_after=None
[2023-11-20T18:45:46.629+0000] {logging_mixin.py:120} INFO - [2023-11-20T18:45:46.629+0000] {dag.py:3340} INFO - Setting next_dagrun for example_xcom_args_with_operators to None, run_after=None
[2023-11-20T18:45:46.703+0000] {processor.py:176} INFO - Processing /home/airflow/.local/lib/python3.7/site-packages/airflow/example_dags/example_xcomargs.py took 0.614 seconds
[2023-11-20T18:46:18.873+0000] {processor.py:154} INFO - Started process (PID=234) to work on /home/airflow/.local/lib/python3.7/site-packages/airflow/example_dags/example_xcomargs.py
[2023-11-20T18:46:18.877+0000] {processor.py:756} INFO - Processing file /home/airflow/.local/lib/python3.7/site-packages/airflow/example_dags/example_xcomargs.py for tasks to queue
[2023-11-20T18:46:18.878+0000] {logging_mixin.py:120} INFO - [2023-11-20T18:46:18.877+0000] {dagbag.py:537} INFO - Filling up the DagBag from /home/airflow/.local/lib/python3.7/site-packages/airflow/example_dags/example_xcomargs.py
[2023-11-20T18:46:18.944+0000] {processor.py:766} INFO - DAG(s) dict_keys(['example_xcom_args', 'example_xcom_args_with_operators']) retrieved from /home/airflow/.local/lib/python3.7/site-packages/airflow/example_dags/example_xcomargs.py
[2023-11-20T18:46:19.016+0000] {logging_mixin.py:120} INFO - [2023-11-20T18:46:19.016+0000] {dag.py:2585} INFO - Sync 2 DAGs
[2023-11-20T18:46:19.056+0000] {logging_mixin.py:120} INFO - [2023-11-20T18:46:19.055+0000] {dag.py:3340} INFO - Setting next_dagrun for example_xcom_args to None, run_after=None
[2023-11-20T18:46:19.060+0000] {logging_mixin.py:120} INFO - [2023-11-20T18:46:19.059+0000] {dag.py:3340} INFO - Setting next_dagrun for example_xcom_args_with_operators to None, run_after=None
[2023-11-20T18:46:19.096+0000] {processor.py:176} INFO - Processing /home/airflow/.local/lib/python3.7/site-packages/airflow/example_dags/example_xcomargs.py took 0.233 seconds
[2023-11-20T18:46:51.318+0000] {processor.py:154} INFO - Started process (PID=288) to work on /home/airflow/.local/lib/python3.7/site-packages/airflow/example_dags/example_xcomargs.py
[2023-11-20T18:46:51.339+0000] {processor.py:756} INFO - Processing file /home/airflow/.local/lib/python3.7/site-packages/airflow/example_dags/example_xcomargs.py for tasks to queue
[2023-11-20T18:46:51.340+0000] {logging_mixin.py:120} INFO - [2023-11-20T18:46:51.340+0000] {dagbag.py:537} INFO - Filling up the DagBag from /home/airflow/.local/lib/python3.7/site-packages/airflow/example_dags/example_xcomargs.py
[2023-11-20T18:46:51.484+0000] {processor.py:766} INFO - DAG(s) dict_keys(['example_xcom_args_with_operators', 'example_xcom_args']) retrieved from /home/airflow/.local/lib/python3.7/site-packages/airflow/example_dags/example_xcomargs.py
[2023-11-20T18:46:51.608+0000] {logging_mixin.py:120} INFO - [2023-11-20T18:46:51.608+0000] {dag.py:2585} INFO - Sync 2 DAGs
[2023-11-20T18:46:51.724+0000] {logging_mixin.py:120} INFO - [2023-11-20T18:46:51.723+0000] {dag.py:3340} INFO - Setting next_dagrun for example_xcom_args to None, run_after=None
[2023-11-20T18:46:51.738+0000] {logging_mixin.py:120} INFO - [2023-11-20T18:46:51.738+0000] {dag.py:3340} INFO - Setting next_dagrun for example_xcom_args_with_operators to None, run_after=None
[2023-11-20T18:46:51.839+0000] {processor.py:176} INFO - Processing /home/airflow/.local/lib/python3.7/site-packages/airflow/example_dags/example_xcomargs.py took 0.538 seconds
[2023-11-20T18:47:21.897+0000] {processor.py:154} INFO - Started process (PID=350) to work on /home/airflow/.local/lib/python3.7/site-packages/airflow/example_dags/example_xcomargs.py
[2023-11-20T18:47:21.898+0000] {processor.py:756} INFO - Processing file /home/airflow/.local/lib/python3.7/site-packages/airflow/example_dags/example_xcomargs.py for tasks to queue
[2023-11-20T18:47:21.899+0000] {logging_mixin.py:120} INFO - [2023-11-20T18:47:21.898+0000] {dagbag.py:537} INFO - Filling up the DagBag from /home/airflow/.local/lib/python3.7/site-packages/airflow/example_dags/example_xcomargs.py
[2023-11-20T18:47:21.925+0000] {processor.py:766} INFO - DAG(s) dict_keys(['example_xcom_args_with_operators', 'example_xcom_args']) retrieved from /home/airflow/.local/lib/python3.7/site-packages/airflow/example_dags/example_xcomargs.py
[2023-11-20T18:47:21.961+0000] {logging_mixin.py:120} INFO - [2023-11-20T18:47:21.961+0000] {dag.py:2585} INFO - Sync 2 DAGs
[2023-11-20T18:47:21.981+0000] {logging_mixin.py:120} INFO - [2023-11-20T18:47:21.981+0000] {dag.py:3340} INFO - Setting next_dagrun for example_xcom_args to None, run_after=None
[2023-11-20T18:47:21.984+0000] {logging_mixin.py:120} INFO - [2023-11-20T18:47:21.984+0000] {dag.py:3340} INFO - Setting next_dagrun for example_xcom_args_with_operators to None, run_after=None
[2023-11-20T18:47:22.004+0000] {processor.py:176} INFO - Processing /home/airflow/.local/lib/python3.7/site-packages/airflow/example_dags/example_xcomargs.py took 0.111 seconds
[2023-11-20T18:47:52.466+0000] {processor.py:154} INFO - Started process (PID=405) to work on /home/airflow/.local/lib/python3.7/site-packages/airflow/example_dags/example_xcomargs.py
[2023-11-20T18:47:52.470+0000] {processor.py:756} INFO - Processing file /home/airflow/.local/lib/python3.7/site-packages/airflow/example_dags/example_xcomargs.py for tasks to queue
[2023-11-20T18:47:52.472+0000] {logging_mixin.py:120} INFO - [2023-11-20T18:47:52.472+0000] {dagbag.py:537} INFO - Filling up the DagBag from /home/airflow/.local/lib/python3.7/site-packages/airflow/example_dags/example_xcomargs.py
[2023-11-20T18:47:52.518+0000] {processor.py:766} INFO - DAG(s) dict_keys(['example_xcom_args_with_operators', 'example_xcom_args']) retrieved from /home/airflow/.local/lib/python3.7/site-packages/airflow/example_dags/example_xcomargs.py
[2023-11-20T18:47:52.592+0000] {logging_mixin.py:120} INFO - [2023-11-20T18:47:52.592+0000] {dag.py:2585} INFO - Sync 2 DAGs
[2023-11-20T18:47:52.639+0000] {logging_mixin.py:120} INFO - [2023-11-20T18:47:52.639+0000] {dag.py:3340} INFO - Setting next_dagrun for example_xcom_args to None, run_after=None
[2023-11-20T18:47:52.651+0000] {logging_mixin.py:120} INFO - [2023-11-20T18:47:52.651+0000] {dag.py:3340} INFO - Setting next_dagrun for example_xcom_args_with_operators to None, run_after=None
[2023-11-20T18:47:52.694+0000] {processor.py:176} INFO - Processing /home/airflow/.local/lib/python3.7/site-packages/airflow/example_dags/example_xcomargs.py took 0.241 seconds
[2023-11-20T18:48:23.278+0000] {processor.py:154} INFO - Started process (PID=466) to work on /home/airflow/.local/lib/python3.7/site-packages/airflow/example_dags/example_xcomargs.py
[2023-11-20T18:48:23.287+0000] {processor.py:756} INFO - Processing file /home/airflow/.local/lib/python3.7/site-packages/airflow/example_dags/example_xcomargs.py for tasks to queue
[2023-11-20T18:48:23.288+0000] {logging_mixin.py:120} INFO - [2023-11-20T18:48:23.288+0000] {dagbag.py:537} INFO - Filling up the DagBag from /home/airflow/.local/lib/python3.7/site-packages/airflow/example_dags/example_xcomargs.py
[2023-11-20T18:48:23.333+0000] {processor.py:766} INFO - DAG(s) dict_keys(['example_xcom_args_with_operators', 'example_xcom_args']) retrieved from /home/airflow/.local/lib/python3.7/site-packages/airflow/example_dags/example_xcomargs.py
[2023-11-20T18:48:23.439+0000] {logging_mixin.py:120} INFO - [2023-11-20T18:48:23.439+0000] {dag.py:2585} INFO - Sync 2 DAGs
[2023-11-20T18:48:23.519+0000] {logging_mixin.py:120} INFO - [2023-11-20T18:48:23.519+0000] {dag.py:3340} INFO - Setting next_dagrun for example_xcom_args to None, run_after=None
[2023-11-20T18:48:23.523+0000] {logging_mixin.py:120} INFO - [2023-11-20T18:48:23.523+0000] {dag.py:3340} INFO - Setting next_dagrun for example_xcom_args_with_operators to None, run_after=None
[2023-11-20T18:48:23.561+0000] {processor.py:176} INFO - Processing /home/airflow/.local/lib/python3.7/site-packages/airflow/example_dags/example_xcomargs.py took 0.287 seconds
[2023-11-20T18:48:54.532+0000] {processor.py:154} INFO - Started process (PID=531) to work on /home/airflow/.local/lib/python3.7/site-packages/airflow/example_dags/example_xcomargs.py
[2023-11-20T18:48:54.533+0000] {processor.py:756} INFO - Processing file /home/airflow/.local/lib/python3.7/site-packages/airflow/example_dags/example_xcomargs.py for tasks to queue
[2023-11-20T18:48:54.534+0000] {logging_mixin.py:120} INFO - [2023-11-20T18:48:54.534+0000] {dagbag.py:537} INFO - Filling up the DagBag from /home/airflow/.local/lib/python3.7/site-packages/airflow/example_dags/example_xcomargs.py
[2023-11-20T18:48:54.577+0000] {processor.py:766} INFO - DAG(s) dict_keys(['example_xcom_args', 'example_xcom_args_with_operators']) retrieved from /home/airflow/.local/lib/python3.7/site-packages/airflow/example_dags/example_xcomargs.py
[2023-11-20T18:48:54.667+0000] {logging_mixin.py:120} INFO - [2023-11-20T18:48:54.667+0000] {dag.py:2585} INFO - Sync 2 DAGs
[2023-11-20T18:48:54.718+0000] {logging_mixin.py:120} INFO - [2023-11-20T18:48:54.718+0000] {dag.py:3340} INFO - Setting next_dagrun for example_xcom_args to None, run_after=None
[2023-11-20T18:48:54.729+0000] {logging_mixin.py:120} INFO - [2023-11-20T18:48:54.729+0000] {dag.py:3340} INFO - Setting next_dagrun for example_xcom_args_with_operators to None, run_after=None
[2023-11-20T18:48:54.782+0000] {processor.py:176} INFO - Processing /home/airflow/.local/lib/python3.7/site-packages/airflow/example_dags/example_xcomargs.py took 0.254 seconds
[2023-11-20T18:49:24.937+0000] {processor.py:154} INFO - Started process (PID=585) to work on /home/airflow/.local/lib/python3.7/site-packages/airflow/example_dags/example_xcomargs.py
[2023-11-20T18:49:24.938+0000] {processor.py:756} INFO - Processing file /home/airflow/.local/lib/python3.7/site-packages/airflow/example_dags/example_xcomargs.py for tasks to queue
[2023-11-20T18:49:24.939+0000] {logging_mixin.py:120} INFO - [2023-11-20T18:49:24.938+0000] {dagbag.py:537} INFO - Filling up the DagBag from /home/airflow/.local/lib/python3.7/site-packages/airflow/example_dags/example_xcomargs.py
[2023-11-20T18:49:24.986+0000] {processor.py:766} INFO - DAG(s) dict_keys(['example_xcom_args', 'example_xcom_args_with_operators']) retrieved from /home/airflow/.local/lib/python3.7/site-packages/airflow/example_dags/example_xcomargs.py
[2023-11-20T18:49:25.043+0000] {logging_mixin.py:120} INFO - [2023-11-20T18:49:25.043+0000] {dag.py:2585} INFO - Sync 2 DAGs
[2023-11-20T18:49:25.079+0000] {logging_mixin.py:120} INFO - [2023-11-20T18:49:25.078+0000] {dag.py:3340} INFO - Setting next_dagrun for example_xcom_args to None, run_after=None
[2023-11-20T18:49:25.083+0000] {logging_mixin.py:120} INFO - [2023-11-20T18:49:25.083+0000] {dag.py:3340} INFO - Setting next_dagrun for example_xcom_args_with_operators to None, run_after=None
[2023-11-20T18:49:25.109+0000] {processor.py:176} INFO - Processing /home/airflow/.local/lib/python3.7/site-packages/airflow/example_dags/example_xcomargs.py took 0.175 seconds
[2023-11-20T18:49:55.633+0000] {processor.py:154} INFO - Started process (PID=648) to work on /home/airflow/.local/lib/python3.7/site-packages/airflow/example_dags/example_xcomargs.py
[2023-11-20T18:49:55.634+0000] {processor.py:756} INFO - Processing file /home/airflow/.local/lib/python3.7/site-packages/airflow/example_dags/example_xcomargs.py for tasks to queue
[2023-11-20T18:49:55.635+0000] {logging_mixin.py:120} INFO - [2023-11-20T18:49:55.634+0000] {dagbag.py:537} INFO - Filling up the DagBag from /home/airflow/.local/lib/python3.7/site-packages/airflow/example_dags/example_xcomargs.py
[2023-11-20T18:49:55.654+0000] {processor.py:766} INFO - DAG(s) dict_keys(['example_xcom_args', 'example_xcom_args_with_operators']) retrieved from /home/airflow/.local/lib/python3.7/site-packages/airflow/example_dags/example_xcomargs.py
[2023-11-20T18:49:55.690+0000] {logging_mixin.py:120} INFO - [2023-11-20T18:49:55.690+0000] {dag.py:2585} INFO - Sync 2 DAGs
[2023-11-20T18:49:55.712+0000] {logging_mixin.py:120} INFO - [2023-11-20T18:49:55.712+0000] {dag.py:3340} INFO - Setting next_dagrun for example_xcom_args to None, run_after=None
[2023-11-20T18:49:55.714+0000] {logging_mixin.py:120} INFO - [2023-11-20T18:49:55.714+0000] {dag.py:3340} INFO - Setting next_dagrun for example_xcom_args_with_operators to None, run_after=None
[2023-11-20T18:49:55.735+0000] {processor.py:176} INFO - Processing /home/airflow/.local/lib/python3.7/site-packages/airflow/example_dags/example_xcomargs.py took 0.105 seconds
[2023-11-20T18:50:25.828+0000] {processor.py:154} INFO - Started process (PID=703) to work on /home/airflow/.local/lib/python3.7/site-packages/airflow/example_dags/example_xcomargs.py
[2023-11-20T18:50:25.835+0000] {processor.py:756} INFO - Processing file /home/airflow/.local/lib/python3.7/site-packages/airflow/example_dags/example_xcomargs.py for tasks to queue
[2023-11-20T18:50:25.837+0000] {logging_mixin.py:120} INFO - [2023-11-20T18:50:25.837+0000] {dagbag.py:537} INFO - Filling up the DagBag from /home/airflow/.local/lib/python3.7/site-packages/airflow/example_dags/example_xcomargs.py
[2023-11-20T18:50:25.879+0000] {processor.py:766} INFO - DAG(s) dict_keys(['example_xcom_args', 'example_xcom_args_with_operators']) retrieved from /home/airflow/.local/lib/python3.7/site-packages/airflow/example_dags/example_xcomargs.py
[2023-11-20T18:50:25.928+0000] {logging_mixin.py:120} INFO - [2023-11-20T18:50:25.928+0000] {dag.py:2585} INFO - Sync 2 DAGs
[2023-11-20T18:50:25.961+0000] {logging_mixin.py:120} INFO - [2023-11-20T18:50:25.961+0000] {dag.py:3340} INFO - Setting next_dagrun for example_xcom_args to None, run_after=None
[2023-11-20T18:50:25.966+0000] {logging_mixin.py:120} INFO - [2023-11-20T18:50:25.965+0000] {dag.py:3340} INFO - Setting next_dagrun for example_xcom_args_with_operators to None, run_after=None
[2023-11-20T18:50:25.996+0000] {processor.py:176} INFO - Processing /home/airflow/.local/lib/python3.7/site-packages/airflow/example_dags/example_xcomargs.py took 0.171 seconds
[2023-11-20T18:50:56.257+0000] {processor.py:154} INFO - Started process (PID=766) to work on /home/airflow/.local/lib/python3.7/site-packages/airflow/example_dags/example_xcomargs.py
[2023-11-20T18:50:56.258+0000] {processor.py:756} INFO - Processing file /home/airflow/.local/lib/python3.7/site-packages/airflow/example_dags/example_xcomargs.py for tasks to queue
[2023-11-20T18:50:56.259+0000] {logging_mixin.py:120} INFO - [2023-11-20T18:50:56.258+0000] {dagbag.py:537} INFO - Filling up the DagBag from /home/airflow/.local/lib/python3.7/site-packages/airflow/example_dags/example_xcomargs.py
[2023-11-20T18:50:56.286+0000] {processor.py:766} INFO - DAG(s) dict_keys(['example_xcom_args', 'example_xcom_args_with_operators']) retrieved from /home/airflow/.local/lib/python3.7/site-packages/airflow/example_dags/example_xcomargs.py
[2023-11-20T18:50:56.322+0000] {logging_mixin.py:120} INFO - [2023-11-20T18:50:56.321+0000] {dag.py:2585} INFO - Sync 2 DAGs
[2023-11-20T18:50:56.343+0000] {logging_mixin.py:120} INFO - [2023-11-20T18:50:56.343+0000] {dag.py:3340} INFO - Setting next_dagrun for example_xcom_args to None, run_after=None
[2023-11-20T18:50:56.346+0000] {logging_mixin.py:120} INFO - [2023-11-20T18:50:56.346+0000] {dag.py:3340} INFO - Setting next_dagrun for example_xcom_args_with_operators to None, run_after=None
[2023-11-20T18:50:56.366+0000] {processor.py:176} INFO - Processing /home/airflow/.local/lib/python3.7/site-packages/airflow/example_dags/example_xcomargs.py took 0.112 seconds
[2023-11-20T18:51:26.477+0000] {processor.py:154} INFO - Started process (PID=820) to work on /home/airflow/.local/lib/python3.7/site-packages/airflow/example_dags/example_xcomargs.py
[2023-11-20T18:51:26.477+0000] {processor.py:756} INFO - Processing file /home/airflow/.local/lib/python3.7/site-packages/airflow/example_dags/example_xcomargs.py for tasks to queue
[2023-11-20T18:51:26.478+0000] {logging_mixin.py:120} INFO - [2023-11-20T18:51:26.478+0000] {dagbag.py:537} INFO - Filling up the DagBag from /home/airflow/.local/lib/python3.7/site-packages/airflow/example_dags/example_xcomargs.py
[2023-11-20T18:51:26.499+0000] {processor.py:766} INFO - DAG(s) dict_keys(['example_xcom_args', 'example_xcom_args_with_operators']) retrieved from /home/airflow/.local/lib/python3.7/site-packages/airflow/example_dags/example_xcomargs.py
[2023-11-20T18:51:26.558+0000] {logging_mixin.py:120} INFO - [2023-11-20T18:51:26.558+0000] {dag.py:2585} INFO - Sync 2 DAGs
[2023-11-20T18:51:26.582+0000] {logging_mixin.py:120} INFO - [2023-11-20T18:51:26.582+0000] {dag.py:3340} INFO - Setting next_dagrun for example_xcom_args to None, run_after=None
[2023-11-20T18:51:26.585+0000] {logging_mixin.py:120} INFO - [2023-11-20T18:51:26.585+0000] {dag.py:3340} INFO - Setting next_dagrun for example_xcom_args_with_operators to None, run_after=None
[2023-11-20T18:51:26.608+0000] {processor.py:176} INFO - Processing /home/airflow/.local/lib/python3.7/site-packages/airflow/example_dags/example_xcomargs.py took 0.135 seconds
[2023-11-20T18:51:56.893+0000] {processor.py:154} INFO - Started process (PID=882) to work on /home/airflow/.local/lib/python3.7/site-packages/airflow/example_dags/example_xcomargs.py
[2023-11-20T18:51:56.894+0000] {processor.py:756} INFO - Processing file /home/airflow/.local/lib/python3.7/site-packages/airflow/example_dags/example_xcomargs.py for tasks to queue
[2023-11-20T18:51:56.895+0000] {logging_mixin.py:120} INFO - [2023-11-20T18:51:56.895+0000] {dagbag.py:537} INFO - Filling up the DagBag from /home/airflow/.local/lib/python3.7/site-packages/airflow/example_dags/example_xcomargs.py
[2023-11-20T18:51:56.955+0000] {processor.py:766} INFO - DAG(s) dict_keys(['example_xcom_args_with_operators', 'example_xcom_args']) retrieved from /home/airflow/.local/lib/python3.7/site-packages/airflow/example_dags/example_xcomargs.py
[2023-11-20T18:51:57.056+0000] {logging_mixin.py:120} INFO - [2023-11-20T18:51:57.056+0000] {dag.py:2585} INFO - Sync 2 DAGs
[2023-11-20T18:51:57.111+0000] {logging_mixin.py:120} INFO - [2023-11-20T18:51:57.111+0000] {dag.py:3340} INFO - Setting next_dagrun for example_xcom_args to None, run_after=None
[2023-11-20T18:51:57.115+0000] {logging_mixin.py:120} INFO - [2023-11-20T18:51:57.115+0000] {dag.py:3340} INFO - Setting next_dagrun for example_xcom_args_with_operators to None, run_after=None
[2023-11-20T18:51:57.149+0000] {processor.py:176} INFO - Processing /home/airflow/.local/lib/python3.7/site-packages/airflow/example_dags/example_xcomargs.py took 0.259 seconds
[2023-11-20T18:52:27.425+0000] {processor.py:154} INFO - Started process (PID=936) to work on /home/airflow/.local/lib/python3.7/site-packages/airflow/example_dags/example_xcomargs.py
[2023-11-20T18:52:27.426+0000] {processor.py:756} INFO - Processing file /home/airflow/.local/lib/python3.7/site-packages/airflow/example_dags/example_xcomargs.py for tasks to queue
[2023-11-20T18:52:27.427+0000] {logging_mixin.py:120} INFO - [2023-11-20T18:52:27.427+0000] {dagbag.py:537} INFO - Filling up the DagBag from /home/airflow/.local/lib/python3.7/site-packages/airflow/example_dags/example_xcomargs.py
[2023-11-20T18:52:27.451+0000] {processor.py:766} INFO - DAG(s) dict_keys(['example_xcom_args', 'example_xcom_args_with_operators']) retrieved from /home/airflow/.local/lib/python3.7/site-packages/airflow/example_dags/example_xcomargs.py
[2023-11-20T18:52:27.494+0000] {logging_mixin.py:120} INFO - [2023-11-20T18:52:27.493+0000] {dag.py:2585} INFO - Sync 2 DAGs
[2023-11-20T18:52:27.516+0000] {logging_mixin.py:120} INFO - [2023-11-20T18:52:27.515+0000] {dag.py:3340} INFO - Setting next_dagrun for example_xcom_args to None, run_after=None
[2023-11-20T18:52:27.518+0000] {logging_mixin.py:120} INFO - [2023-11-20T18:52:27.518+0000] {dag.py:3340} INFO - Setting next_dagrun for example_xcom_args_with_operators to None, run_after=None
[2023-11-20T18:52:27.537+0000] {processor.py:176} INFO - Processing /home/airflow/.local/lib/python3.7/site-packages/airflow/example_dags/example_xcomargs.py took 0.116 seconds
[2023-11-20T18:52:58.289+0000] {processor.py:154} INFO - Started process (PID=998) to work on /home/airflow/.local/lib/python3.7/site-packages/airflow/example_dags/example_xcomargs.py
[2023-11-20T18:52:58.290+0000] {processor.py:756} INFO - Processing file /home/airflow/.local/lib/python3.7/site-packages/airflow/example_dags/example_xcomargs.py for tasks to queue
[2023-11-20T18:52:58.291+0000] {logging_mixin.py:120} INFO - [2023-11-20T18:52:58.291+0000] {dagbag.py:537} INFO - Filling up the DagBag from /home/airflow/.local/lib/python3.7/site-packages/airflow/example_dags/example_xcomargs.py
[2023-11-20T18:52:58.321+0000] {processor.py:766} INFO - DAG(s) dict_keys(['example_xcom_args_with_operators', 'example_xcom_args']) retrieved from /home/airflow/.local/lib/python3.7/site-packages/airflow/example_dags/example_xcomargs.py
[2023-11-20T18:52:58.373+0000] {logging_mixin.py:120} INFO - [2023-11-20T18:52:58.373+0000] {dag.py:2585} INFO - Sync 2 DAGs
[2023-11-20T18:52:58.410+0000] {logging_mixin.py:120} INFO - [2023-11-20T18:52:58.409+0000] {dag.py:3340} INFO - Setting next_dagrun for example_xcom_args to None, run_after=None
[2023-11-20T18:52:58.415+0000] {logging_mixin.py:120} INFO - [2023-11-20T18:52:58.415+0000] {dag.py:3340} INFO - Setting next_dagrun for example_xcom_args_with_operators to None, run_after=None
[2023-11-20T18:52:58.443+0000] {processor.py:176} INFO - Processing /home/airflow/.local/lib/python3.7/site-packages/airflow/example_dags/example_xcomargs.py took 0.157 seconds
[2023-11-20T18:53:29.520+0000] {processor.py:154} INFO - Started process (PID=1051) to work on /home/airflow/.local/lib/python3.7/site-packages/airflow/example_dags/example_xcomargs.py
[2023-11-20T18:53:29.521+0000] {processor.py:756} INFO - Processing file /home/airflow/.local/lib/python3.7/site-packages/airflow/example_dags/example_xcomargs.py for tasks to queue
[2023-11-20T18:53:29.521+0000] {logging_mixin.py:120} INFO - [2023-11-20T18:53:29.521+0000] {dagbag.py:537} INFO - Filling up the DagBag from /home/airflow/.local/lib/python3.7/site-packages/airflow/example_dags/example_xcomargs.py
[2023-11-20T18:53:29.579+0000] {processor.py:766} INFO - DAG(s) dict_keys(['example_xcom_args', 'example_xcom_args_with_operators']) retrieved from /home/airflow/.local/lib/python3.7/site-packages/airflow/example_dags/example_xcomargs.py
[2023-11-20T18:53:29.666+0000] {logging_mixin.py:120} INFO - [2023-11-20T18:53:29.662+0000] {dag.py:2585} INFO - Sync 2 DAGs
[2023-11-20T18:53:29.755+0000] {logging_mixin.py:120} INFO - [2023-11-20T18:53:29.755+0000] {dag.py:3340} INFO - Setting next_dagrun for example_xcom_args to None, run_after=None
[2023-11-20T18:53:29.784+0000] {logging_mixin.py:120} INFO - [2023-11-20T18:53:29.783+0000] {dag.py:3340} INFO - Setting next_dagrun for example_xcom_args_with_operators to None, run_after=None
[2023-11-20T18:53:29.891+0000] {processor.py:176} INFO - Processing /home/airflow/.local/lib/python3.7/site-packages/airflow/example_dags/example_xcomargs.py took 0.375 seconds
[2023-11-20T18:54:00.268+0000] {processor.py:154} INFO - Started process (PID=1114) to work on /home/airflow/.local/lib/python3.7/site-packages/airflow/example_dags/example_xcomargs.py
[2023-11-20T18:54:00.277+0000] {processor.py:756} INFO - Processing file /home/airflow/.local/lib/python3.7/site-packages/airflow/example_dags/example_xcomargs.py for tasks to queue
[2023-11-20T18:54:00.278+0000] {logging_mixin.py:120} INFO - [2023-11-20T18:54:00.278+0000] {dagbag.py:537} INFO - Filling up the DagBag from /home/airflow/.local/lib/python3.7/site-packages/airflow/example_dags/example_xcomargs.py
[2023-11-20T18:54:00.347+0000] {processor.py:766} INFO - DAG(s) dict_keys(['example_xcom_args', 'example_xcom_args_with_operators']) retrieved from /home/airflow/.local/lib/python3.7/site-packages/airflow/example_dags/example_xcomargs.py
[2023-11-20T18:54:00.451+0000] {logging_mixin.py:120} INFO - [2023-11-20T18:54:00.451+0000] {dag.py:2585} INFO - Sync 2 DAGs
[2023-11-20T18:54:00.509+0000] {logging_mixin.py:120} INFO - [2023-11-20T18:54:00.509+0000] {dag.py:3340} INFO - Setting next_dagrun for example_xcom_args to None, run_after=None
[2023-11-20T18:54:00.513+0000] {logging_mixin.py:120} INFO - [2023-11-20T18:54:00.513+0000] {dag.py:3340} INFO - Setting next_dagrun for example_xcom_args_with_operators to None, run_after=None
[2023-11-20T18:54:00.597+0000] {processor.py:176} INFO - Processing /home/airflow/.local/lib/python3.7/site-packages/airflow/example_dags/example_xcomargs.py took 0.333 seconds
[2023-11-20T18:54:31.286+0000] {processor.py:154} INFO - Started process (PID=1177) to work on /home/airflow/.local/lib/python3.7/site-packages/airflow/example_dags/example_xcomargs.py
[2023-11-20T18:54:31.289+0000] {processor.py:756} INFO - Processing file /home/airflow/.local/lib/python3.7/site-packages/airflow/example_dags/example_xcomargs.py for tasks to queue
[2023-11-20T18:54:31.290+0000] {logging_mixin.py:120} INFO - [2023-11-20T18:54:31.290+0000] {dagbag.py:537} INFO - Filling up the DagBag from /home/airflow/.local/lib/python3.7/site-packages/airflow/example_dags/example_xcomargs.py
[2023-11-20T18:54:31.361+0000] {processor.py:766} INFO - DAG(s) dict_keys(['example_xcom_args_with_operators', 'example_xcom_args']) retrieved from /home/airflow/.local/lib/python3.7/site-packages/airflow/example_dags/example_xcomargs.py
[2023-11-20T18:54:31.530+0000] {logging_mixin.py:120} INFO - [2023-11-20T18:54:31.529+0000] {dag.py:2585} INFO - Sync 2 DAGs
[2023-11-20T18:54:31.727+0000] {logging_mixin.py:120} INFO - [2023-11-20T18:54:31.726+0000] {dag.py:3340} INFO - Setting next_dagrun for example_xcom_args to None, run_after=None
[2023-11-20T18:54:31.800+0000] {logging_mixin.py:120} INFO - [2023-11-20T18:54:31.800+0000] {dag.py:3340} INFO - Setting next_dagrun for example_xcom_args_with_operators to None, run_after=None
[2023-11-20T18:54:31.910+0000] {processor.py:176} INFO - Processing /home/airflow/.local/lib/python3.7/site-packages/airflow/example_dags/example_xcomargs.py took 0.632 seconds
[2023-11-20T18:55:02.512+0000] {processor.py:154} INFO - Started process (PID=1230) to work on /home/airflow/.local/lib/python3.7/site-packages/airflow/example_dags/example_xcomargs.py
[2023-11-20T18:55:02.513+0000] {processor.py:756} INFO - Processing file /home/airflow/.local/lib/python3.7/site-packages/airflow/example_dags/example_xcomargs.py for tasks to queue
[2023-11-20T18:55:02.514+0000] {logging_mixin.py:120} INFO - [2023-11-20T18:55:02.514+0000] {dagbag.py:537} INFO - Filling up the DagBag from /home/airflow/.local/lib/python3.7/site-packages/airflow/example_dags/example_xcomargs.py
[2023-11-20T18:55:02.602+0000] {processor.py:766} INFO - DAG(s) dict_keys(['example_xcom_args', 'example_xcom_args_with_operators']) retrieved from /home/airflow/.local/lib/python3.7/site-packages/airflow/example_dags/example_xcomargs.py
[2023-11-20T18:55:02.680+0000] {logging_mixin.py:120} INFO - [2023-11-20T18:55:02.680+0000] {dag.py:2585} INFO - Sync 2 DAGs
[2023-11-20T18:55:02.712+0000] {logging_mixin.py:120} INFO - [2023-11-20T18:55:02.712+0000] {dag.py:3340} INFO - Setting next_dagrun for example_xcom_args to None, run_after=None
[2023-11-20T18:55:02.717+0000] {logging_mixin.py:120} INFO - [2023-11-20T18:55:02.717+0000] {dag.py:3340} INFO - Setting next_dagrun for example_xcom_args_with_operators to None, run_after=None
[2023-11-20T18:55:02.744+0000] {processor.py:176} INFO - Processing /home/airflow/.local/lib/python3.7/site-packages/airflow/example_dags/example_xcomargs.py took 0.238 seconds
[2023-11-20T18:55:33.697+0000] {processor.py:154} INFO - Started process (PID=1292) to work on /home/airflow/.local/lib/python3.7/site-packages/airflow/example_dags/example_xcomargs.py
[2023-11-20T18:55:33.701+0000] {processor.py:756} INFO - Processing file /home/airflow/.local/lib/python3.7/site-packages/airflow/example_dags/example_xcomargs.py for tasks to queue
[2023-11-20T18:55:33.703+0000] {logging_mixin.py:120} INFO - [2023-11-20T18:55:33.703+0000] {dagbag.py:537} INFO - Filling up the DagBag from /home/airflow/.local/lib/python3.7/site-packages/airflow/example_dags/example_xcomargs.py
[2023-11-20T18:55:33.828+0000] {processor.py:766} INFO - DAG(s) dict_keys(['example_xcom_args_with_operators', 'example_xcom_args']) retrieved from /home/airflow/.local/lib/python3.7/site-packages/airflow/example_dags/example_xcomargs.py
[2023-11-20T18:55:34.006+0000] {logging_mixin.py:120} INFO - [2023-11-20T18:55:34.006+0000] {dag.py:2585} INFO - Sync 2 DAGs
[2023-11-20T18:55:34.115+0000] {logging_mixin.py:120} INFO - [2023-11-20T18:55:34.115+0000] {dag.py:3340} INFO - Setting next_dagrun for example_xcom_args to None, run_after=None
[2023-11-20T18:55:34.127+0000] {logging_mixin.py:120} INFO - [2023-11-20T18:55:34.127+0000] {dag.py:3340} INFO - Setting next_dagrun for example_xcom_args_with_operators to None, run_after=None
[2023-11-20T18:55:34.173+0000] {processor.py:176} INFO - Processing /home/airflow/.local/lib/python3.7/site-packages/airflow/example_dags/example_xcomargs.py took 0.482 seconds
[2023-11-20T18:56:04.557+0000] {processor.py:154} INFO - Started process (PID=1348) to work on /home/airflow/.local/lib/python3.7/site-packages/airflow/example_dags/example_xcomargs.py
[2023-11-20T18:56:04.558+0000] {processor.py:756} INFO - Processing file /home/airflow/.local/lib/python3.7/site-packages/airflow/example_dags/example_xcomargs.py for tasks to queue
[2023-11-20T18:56:04.571+0000] {logging_mixin.py:120} INFO - [2023-11-20T18:56:04.571+0000] {dagbag.py:537} INFO - Filling up the DagBag from /home/airflow/.local/lib/python3.7/site-packages/airflow/example_dags/example_xcomargs.py
[2023-11-20T18:56:04.651+0000] {processor.py:766} INFO - DAG(s) dict_keys(['example_xcom_args', 'example_xcom_args_with_operators']) retrieved from /home/airflow/.local/lib/python3.7/site-packages/airflow/example_dags/example_xcomargs.py
[2023-11-20T18:56:04.756+0000] {logging_mixin.py:120} INFO - [2023-11-20T18:56:04.756+0000] {dag.py:2585} INFO - Sync 2 DAGs
[2023-11-20T18:56:04.825+0000] {logging_mixin.py:120} INFO - [2023-11-20T18:56:04.825+0000] {dag.py:3340} INFO - Setting next_dagrun for example_xcom_args to None, run_after=None
[2023-11-20T18:56:04.837+0000] {logging_mixin.py:120} INFO - [2023-11-20T18:56:04.837+0000] {dag.py:3340} INFO - Setting next_dagrun for example_xcom_args_with_operators to None, run_after=None
[2023-11-20T18:56:04.878+0000] {processor.py:176} INFO - Processing /home/airflow/.local/lib/python3.7/site-packages/airflow/example_dags/example_xcomargs.py took 0.325 seconds
[2023-11-20T18:56:35.818+0000] {processor.py:154} INFO - Started process (PID=1411) to work on /home/airflow/.local/lib/python3.7/site-packages/airflow/example_dags/example_xcomargs.py
[2023-11-20T18:56:35.819+0000] {processor.py:756} INFO - Processing file /home/airflow/.local/lib/python3.7/site-packages/airflow/example_dags/example_xcomargs.py for tasks to queue
[2023-11-20T18:56:35.820+0000] {logging_mixin.py:120} INFO - [2023-11-20T18:56:35.820+0000] {dagbag.py:537} INFO - Filling up the DagBag from /home/airflow/.local/lib/python3.7/site-packages/airflow/example_dags/example_xcomargs.py
[2023-11-20T18:56:35.915+0000] {processor.py:766} INFO - DAG(s) dict_keys(['example_xcom_args_with_operators', 'example_xcom_args']) retrieved from /home/airflow/.local/lib/python3.7/site-packages/airflow/example_dags/example_xcomargs.py
[2023-11-20T18:56:36.175+0000] {logging_mixin.py:120} INFO - [2023-11-20T18:56:36.175+0000] {dag.py:2585} INFO - Sync 2 DAGs
[2023-11-20T18:56:36.312+0000] {logging_mixin.py:120} INFO - [2023-11-20T18:56:36.312+0000] {dag.py:3340} INFO - Setting next_dagrun for example_xcom_args to None, run_after=None
[2023-11-20T18:56:36.327+0000] {logging_mixin.py:120} INFO - [2023-11-20T18:56:36.327+0000] {dag.py:3340} INFO - Setting next_dagrun for example_xcom_args_with_operators to None, run_after=None
[2023-11-20T18:56:36.387+0000] {processor.py:176} INFO - Processing /home/airflow/.local/lib/python3.7/site-packages/airflow/example_dags/example_xcomargs.py took 0.580 seconds
[2023-11-20T18:57:06.867+0000] {processor.py:154} INFO - Started process (PID=1464) to work on /home/airflow/.local/lib/python3.7/site-packages/airflow/example_dags/example_xcomargs.py
[2023-11-20T18:57:06.870+0000] {processor.py:756} INFO - Processing file /home/airflow/.local/lib/python3.7/site-packages/airflow/example_dags/example_xcomargs.py for tasks to queue
[2023-11-20T18:57:06.871+0000] {logging_mixin.py:120} INFO - [2023-11-20T18:57:06.871+0000] {dagbag.py:537} INFO - Filling up the DagBag from /home/airflow/.local/lib/python3.7/site-packages/airflow/example_dags/example_xcomargs.py
[2023-11-20T18:57:06.932+0000] {processor.py:766} INFO - DAG(s) dict_keys(['example_xcom_args', 'example_xcom_args_with_operators']) retrieved from /home/airflow/.local/lib/python3.7/site-packages/airflow/example_dags/example_xcomargs.py
[2023-11-20T18:57:07.057+0000] {logging_mixin.py:120} INFO - [2023-11-20T18:57:07.057+0000] {dag.py:2585} INFO - Sync 2 DAGs
[2023-11-20T18:57:07.108+0000] {logging_mixin.py:120} INFO - [2023-11-20T18:57:07.108+0000] {dag.py:3340} INFO - Setting next_dagrun for example_xcom_args to None, run_after=None
[2023-11-20T18:57:07.115+0000] {logging_mixin.py:120} INFO - [2023-11-20T18:57:07.115+0000] {dag.py:3340} INFO - Setting next_dagrun for example_xcom_args_with_operators to None, run_after=None
[2023-11-20T18:57:07.161+0000] {processor.py:176} INFO - Processing /home/airflow/.local/lib/python3.7/site-packages/airflow/example_dags/example_xcomargs.py took 0.297 seconds
[2023-11-20T18:57:37.344+0000] {processor.py:154} INFO - Started process (PID=1527) to work on /home/airflow/.local/lib/python3.7/site-packages/airflow/example_dags/example_xcomargs.py
[2023-11-20T18:57:37.345+0000] {processor.py:756} INFO - Processing file /home/airflow/.local/lib/python3.7/site-packages/airflow/example_dags/example_xcomargs.py for tasks to queue
[2023-11-20T18:57:37.345+0000] {logging_mixin.py:120} INFO - [2023-11-20T18:57:37.345+0000] {dagbag.py:537} INFO - Filling up the DagBag from /home/airflow/.local/lib/python3.7/site-packages/airflow/example_dags/example_xcomargs.py
[2023-11-20T18:57:37.374+0000] {processor.py:766} INFO - DAG(s) dict_keys(['example_xcom_args', 'example_xcom_args_with_operators']) retrieved from /home/airflow/.local/lib/python3.7/site-packages/airflow/example_dags/example_xcomargs.py
[2023-11-20T18:57:37.461+0000] {logging_mixin.py:120} INFO - [2023-11-20T18:57:37.461+0000] {dag.py:2585} INFO - Sync 2 DAGs
[2023-11-20T18:57:37.494+0000] {logging_mixin.py:120} INFO - [2023-11-20T18:57:37.494+0000] {dag.py:3340} INFO - Setting next_dagrun for example_xcom_args to None, run_after=None
[2023-11-20T18:57:37.498+0000] {logging_mixin.py:120} INFO - [2023-11-20T18:57:37.498+0000] {dag.py:3340} INFO - Setting next_dagrun for example_xcom_args_with_operators to None, run_after=None
[2023-11-20T18:57:37.524+0000] {processor.py:176} INFO - Processing /home/airflow/.local/lib/python3.7/site-packages/airflow/example_dags/example_xcomargs.py took 0.184 seconds
[2023-11-20T18:58:08.253+0000] {processor.py:154} INFO - Started process (PID=1581) to work on /home/airflow/.local/lib/python3.7/site-packages/airflow/example_dags/example_xcomargs.py
[2023-11-20T18:58:08.255+0000] {processor.py:756} INFO - Processing file /home/airflow/.local/lib/python3.7/site-packages/airflow/example_dags/example_xcomargs.py for tasks to queue
[2023-11-20T18:58:08.256+0000] {logging_mixin.py:120} INFO - [2023-11-20T18:58:08.256+0000] {dagbag.py:537} INFO - Filling up the DagBag from /home/airflow/.local/lib/python3.7/site-packages/airflow/example_dags/example_xcomargs.py
[2023-11-20T18:58:08.296+0000] {processor.py:766} INFO - DAG(s) dict_keys(['example_xcom_args', 'example_xcom_args_with_operators']) retrieved from /home/airflow/.local/lib/python3.7/site-packages/airflow/example_dags/example_xcomargs.py
[2023-11-20T18:58:08.354+0000] {logging_mixin.py:120} INFO - [2023-11-20T18:58:08.354+0000] {dag.py:2585} INFO - Sync 2 DAGs
[2023-11-20T18:58:08.399+0000] {logging_mixin.py:120} INFO - [2023-11-20T18:58:08.397+0000] {dag.py:3340} INFO - Setting next_dagrun for example_xcom_args to None, run_after=None
[2023-11-20T18:58:08.405+0000] {logging_mixin.py:120} INFO - [2023-11-20T18:58:08.404+0000] {dag.py:3340} INFO - Setting next_dagrun for example_xcom_args_with_operators to None, run_after=None
[2023-11-20T18:58:08.449+0000] {processor.py:176} INFO - Processing /home/airflow/.local/lib/python3.7/site-packages/airflow/example_dags/example_xcomargs.py took 0.199 seconds
[2023-11-20T18:58:38.937+0000] {processor.py:154} INFO - Started process (PID=1643) to work on /home/airflow/.local/lib/python3.7/site-packages/airflow/example_dags/example_xcomargs.py
[2023-11-20T18:58:38.938+0000] {processor.py:756} INFO - Processing file /home/airflow/.local/lib/python3.7/site-packages/airflow/example_dags/example_xcomargs.py for tasks to queue
[2023-11-20T18:58:38.939+0000] {logging_mixin.py:120} INFO - [2023-11-20T18:58:38.938+0000] {dagbag.py:537} INFO - Filling up the DagBag from /home/airflow/.local/lib/python3.7/site-packages/airflow/example_dags/example_xcomargs.py
[2023-11-20T18:58:38.990+0000] {processor.py:766} INFO - DAG(s) dict_keys(['example_xcom_args_with_operators', 'example_xcom_args']) retrieved from /home/airflow/.local/lib/python3.7/site-packages/airflow/example_dags/example_xcomargs.py
[2023-11-20T18:58:39.076+0000] {logging_mixin.py:120} INFO - [2023-11-20T18:58:39.075+0000] {dag.py:2585} INFO - Sync 2 DAGs
[2023-11-20T18:58:39.105+0000] {logging_mixin.py:120} INFO - [2023-11-20T18:58:39.104+0000] {dag.py:3340} INFO - Setting next_dagrun for example_xcom_args to None, run_after=None
[2023-11-20T18:58:39.108+0000] {logging_mixin.py:120} INFO - [2023-11-20T18:58:39.108+0000] {dag.py:3340} INFO - Setting next_dagrun for example_xcom_args_with_operators to None, run_after=None
[2023-11-20T18:58:39.135+0000] {processor.py:176} INFO - Processing /home/airflow/.local/lib/python3.7/site-packages/airflow/example_dags/example_xcomargs.py took 0.201 seconds
[2023-11-20T18:59:09.875+0000] {processor.py:154} INFO - Started process (PID=1706) to work on /home/airflow/.local/lib/python3.7/site-packages/airflow/example_dags/example_xcomargs.py
[2023-11-20T18:59:09.878+0000] {processor.py:756} INFO - Processing file /home/airflow/.local/lib/python3.7/site-packages/airflow/example_dags/example_xcomargs.py for tasks to queue
[2023-11-20T18:59:09.878+0000] {logging_mixin.py:120} INFO - [2023-11-20T18:59:09.878+0000] {dagbag.py:537} INFO - Filling up the DagBag from /home/airflow/.local/lib/python3.7/site-packages/airflow/example_dags/example_xcomargs.py
[2023-11-20T18:59:09.938+0000] {processor.py:766} INFO - DAG(s) dict_keys(['example_xcom_args_with_operators', 'example_xcom_args']) retrieved from /home/airflow/.local/lib/python3.7/site-packages/airflow/example_dags/example_xcomargs.py
[2023-11-20T18:59:10.035+0000] {logging_mixin.py:120} INFO - [2023-11-20T18:59:10.035+0000] {dag.py:2585} INFO - Sync 2 DAGs
[2023-11-20T18:59:10.101+0000] {logging_mixin.py:120} INFO - [2023-11-20T18:59:10.101+0000] {dag.py:3340} INFO - Setting next_dagrun for example_xcom_args to None, run_after=None
[2023-11-20T18:59:10.111+0000] {logging_mixin.py:120} INFO - [2023-11-20T18:59:10.111+0000] {dag.py:3340} INFO - Setting next_dagrun for example_xcom_args_with_operators to None, run_after=None
[2023-11-20T18:59:10.143+0000] {processor.py:176} INFO - Processing /home/airflow/.local/lib/python3.7/site-packages/airflow/example_dags/example_xcomargs.py took 0.276 seconds
[2023-11-20T18:59:40.861+0000] {processor.py:154} INFO - Started process (PID=1761) to work on /home/airflow/.local/lib/python3.7/site-packages/airflow/example_dags/example_xcomargs.py
[2023-11-20T18:59:40.862+0000] {processor.py:756} INFO - Processing file /home/airflow/.local/lib/python3.7/site-packages/airflow/example_dags/example_xcomargs.py for tasks to queue
[2023-11-20T18:59:40.863+0000] {logging_mixin.py:120} INFO - [2023-11-20T18:59:40.863+0000] {dagbag.py:537} INFO - Filling up the DagBag from /home/airflow/.local/lib/python3.7/site-packages/airflow/example_dags/example_xcomargs.py
[2023-11-20T18:59:40.895+0000] {processor.py:766} INFO - DAG(s) dict_keys(['example_xcom_args_with_operators', 'example_xcom_args']) retrieved from /home/airflow/.local/lib/python3.7/site-packages/airflow/example_dags/example_xcomargs.py
[2023-11-20T18:59:40.949+0000] {logging_mixin.py:120} INFO - [2023-11-20T18:59:40.948+0000] {dag.py:2585} INFO - Sync 2 DAGs
[2023-11-20T18:59:40.986+0000] {logging_mixin.py:120} INFO - [2023-11-20T18:59:40.986+0000] {dag.py:3340} INFO - Setting next_dagrun for example_xcom_args to None, run_after=None
[2023-11-20T18:59:40.991+0000] {logging_mixin.py:120} INFO - [2023-11-20T18:59:40.991+0000] {dag.py:3340} INFO - Setting next_dagrun for example_xcom_args_with_operators to None, run_after=None
[2023-11-20T18:59:41.013+0000] {processor.py:176} INFO - Processing /home/airflow/.local/lib/python3.7/site-packages/airflow/example_dags/example_xcomargs.py took 0.155 seconds
[2023-11-20T19:00:11.845+0000] {processor.py:154} INFO - Started process (PID=1824) to work on /home/airflow/.local/lib/python3.7/site-packages/airflow/example_dags/example_xcomargs.py
[2023-11-20T19:00:11.849+0000] {processor.py:756} INFO - Processing file /home/airflow/.local/lib/python3.7/site-packages/airflow/example_dags/example_xcomargs.py for tasks to queue
[2023-11-20T19:00:11.850+0000] {logging_mixin.py:120} INFO - [2023-11-20T19:00:11.850+0000] {dagbag.py:537} INFO - Filling up the DagBag from /home/airflow/.local/lib/python3.7/site-packages/airflow/example_dags/example_xcomargs.py
[2023-11-20T19:00:11.914+0000] {processor.py:766} INFO - DAG(s) dict_keys(['example_xcom_args_with_operators', 'example_xcom_args']) retrieved from /home/airflow/.local/lib/python3.7/site-packages/airflow/example_dags/example_xcomargs.py
[2023-11-20T19:00:11.978+0000] {logging_mixin.py:120} INFO - [2023-11-20T19:00:11.978+0000] {dag.py:2585} INFO - Sync 2 DAGs
[2023-11-20T19:00:12.012+0000] {logging_mixin.py:120} INFO - [2023-11-20T19:00:12.012+0000] {dag.py:3340} INFO - Setting next_dagrun for example_xcom_args to None, run_after=None
[2023-11-20T19:00:12.016+0000] {logging_mixin.py:120} INFO - [2023-11-20T19:00:12.016+0000] {dag.py:3340} INFO - Setting next_dagrun for example_xcom_args_with_operators to None, run_after=None
[2023-11-20T19:00:12.045+0000] {processor.py:176} INFO - Processing /home/airflow/.local/lib/python3.7/site-packages/airflow/example_dags/example_xcomargs.py took 0.211 seconds
[2023-11-20T19:00:42.315+0000] {processor.py:154} INFO - Started process (PID=1878) to work on /home/airflow/.local/lib/python3.7/site-packages/airflow/example_dags/example_xcomargs.py
[2023-11-20T19:00:42.319+0000] {processor.py:756} INFO - Processing file /home/airflow/.local/lib/python3.7/site-packages/airflow/example_dags/example_xcomargs.py for tasks to queue
[2023-11-20T19:00:42.320+0000] {logging_mixin.py:120} INFO - [2023-11-20T19:00:42.320+0000] {dagbag.py:537} INFO - Filling up the DagBag from /home/airflow/.local/lib/python3.7/site-packages/airflow/example_dags/example_xcomargs.py
[2023-11-20T19:00:42.349+0000] {processor.py:766} INFO - DAG(s) dict_keys(['example_xcom_args_with_operators', 'example_xcom_args']) retrieved from /home/airflow/.local/lib/python3.7/site-packages/airflow/example_dags/example_xcomargs.py
[2023-11-20T19:00:42.457+0000] {logging_mixin.py:120} INFO - [2023-11-20T19:00:42.457+0000] {dag.py:2585} INFO - Sync 2 DAGs
[2023-11-20T19:00:42.507+0000] {logging_mixin.py:120} INFO - [2023-11-20T19:00:42.506+0000] {dag.py:3340} INFO - Setting next_dagrun for example_xcom_args to None, run_after=None
[2023-11-20T19:00:42.512+0000] {logging_mixin.py:120} INFO - [2023-11-20T19:00:42.512+0000] {dag.py:3340} INFO - Setting next_dagrun for example_xcom_args_with_operators to None, run_after=None
[2023-11-20T19:00:42.560+0000] {processor.py:176} INFO - Processing /home/airflow/.local/lib/python3.7/site-packages/airflow/example_dags/example_xcomargs.py took 0.248 seconds
[2023-11-20T19:01:12.775+0000] {processor.py:154} INFO - Started process (PID=1945) to work on /home/airflow/.local/lib/python3.7/site-packages/airflow/example_dags/example_xcomargs.py
[2023-11-20T19:01:12.780+0000] {processor.py:756} INFO - Processing file /home/airflow/.local/lib/python3.7/site-packages/airflow/example_dags/example_xcomargs.py for tasks to queue
[2023-11-20T19:01:12.781+0000] {logging_mixin.py:120} INFO - [2023-11-20T19:01:12.781+0000] {dagbag.py:537} INFO - Filling up the DagBag from /home/airflow/.local/lib/python3.7/site-packages/airflow/example_dags/example_xcomargs.py
[2023-11-20T19:01:12.981+0000] {processor.py:766} INFO - DAG(s) dict_keys(['example_xcom_args_with_operators', 'example_xcom_args']) retrieved from /home/airflow/.local/lib/python3.7/site-packages/airflow/example_dags/example_xcomargs.py
[2023-11-20T19:01:13.112+0000] {logging_mixin.py:120} INFO - [2023-11-20T19:01:13.112+0000] {dag.py:2585} INFO - Sync 2 DAGs
[2023-11-20T19:01:13.177+0000] {logging_mixin.py:120} INFO - [2023-11-20T19:01:13.177+0000] {dag.py:3340} INFO - Setting next_dagrun for example_xcom_args to None, run_after=None
[2023-11-20T19:01:13.181+0000] {logging_mixin.py:120} INFO - [2023-11-20T19:01:13.181+0000] {dag.py:3340} INFO - Setting next_dagrun for example_xcom_args_with_operators to None, run_after=None
[2023-11-20T19:01:13.227+0000] {processor.py:176} INFO - Processing /home/airflow/.local/lib/python3.7/site-packages/airflow/example_dags/example_xcomargs.py took 0.457 seconds
[2023-11-20T19:01:43.302+0000] {processor.py:154} INFO - Started process (PID=2009) to work on /home/airflow/.local/lib/python3.7/site-packages/airflow/example_dags/example_xcomargs.py
[2023-11-20T19:01:43.303+0000] {processor.py:756} INFO - Processing file /home/airflow/.local/lib/python3.7/site-packages/airflow/example_dags/example_xcomargs.py for tasks to queue
[2023-11-20T19:01:43.304+0000] {logging_mixin.py:120} INFO - [2023-11-20T19:01:43.303+0000] {dagbag.py:537} INFO - Filling up the DagBag from /home/airflow/.local/lib/python3.7/site-packages/airflow/example_dags/example_xcomargs.py
[2023-11-20T19:01:43.324+0000] {processor.py:766} INFO - DAG(s) dict_keys(['example_xcom_args', 'example_xcom_args_with_operators']) retrieved from /home/airflow/.local/lib/python3.7/site-packages/airflow/example_dags/example_xcomargs.py
[2023-11-20T19:01:43.360+0000] {logging_mixin.py:120} INFO - [2023-11-20T19:01:43.360+0000] {dag.py:2585} INFO - Sync 2 DAGs
[2023-11-20T19:01:43.382+0000] {logging_mixin.py:120} INFO - [2023-11-20T19:01:43.382+0000] {dag.py:3340} INFO - Setting next_dagrun for example_xcom_args to None, run_after=None
[2023-11-20T19:01:43.385+0000] {logging_mixin.py:120} INFO - [2023-11-20T19:01:43.385+0000] {dag.py:3340} INFO - Setting next_dagrun for example_xcom_args_with_operators to None, run_after=None
[2023-11-20T19:01:43.406+0000] {processor.py:176} INFO - Processing /home/airflow/.local/lib/python3.7/site-packages/airflow/example_dags/example_xcomargs.py took 0.106 seconds
[2023-11-20T19:02:13.661+0000] {processor.py:154} INFO - Started process (PID=2063) to work on /home/airflow/.local/lib/python3.7/site-packages/airflow/example_dags/example_xcomargs.py
[2023-11-20T19:02:13.668+0000] {processor.py:756} INFO - Processing file /home/airflow/.local/lib/python3.7/site-packages/airflow/example_dags/example_xcomargs.py for tasks to queue
[2023-11-20T19:02:13.669+0000] {logging_mixin.py:120} INFO - [2023-11-20T19:02:13.669+0000] {dagbag.py:537} INFO - Filling up the DagBag from /home/airflow/.local/lib/python3.7/site-packages/airflow/example_dags/example_xcomargs.py
[2023-11-20T19:02:13.740+0000] {processor.py:766} INFO - DAG(s) dict_keys(['example_xcom_args', 'example_xcom_args_with_operators']) retrieved from /home/airflow/.local/lib/python3.7/site-packages/airflow/example_dags/example_xcomargs.py
[2023-11-20T19:02:13.816+0000] {logging_mixin.py:120} INFO - [2023-11-20T19:02:13.816+0000] {dag.py:2585} INFO - Sync 2 DAGs
[2023-11-20T19:02:13.879+0000] {logging_mixin.py:120} INFO - [2023-11-20T19:02:13.879+0000] {dag.py:3340} INFO - Setting next_dagrun for example_xcom_args to None, run_after=None
[2023-11-20T19:02:13.887+0000] {logging_mixin.py:120} INFO - [2023-11-20T19:02:13.887+0000] {dag.py:3340} INFO - Setting next_dagrun for example_xcom_args_with_operators to None, run_after=None
[2023-11-20T19:02:13.983+0000] {processor.py:176} INFO - Processing /home/airflow/.local/lib/python3.7/site-packages/airflow/example_dags/example_xcomargs.py took 0.339 seconds
[2023-11-20T19:02:44.382+0000] {processor.py:154} INFO - Started process (PID=2128) to work on /home/airflow/.local/lib/python3.7/site-packages/airflow/example_dags/example_xcomargs.py
[2023-11-20T19:02:44.383+0000] {processor.py:756} INFO - Processing file /home/airflow/.local/lib/python3.7/site-packages/airflow/example_dags/example_xcomargs.py for tasks to queue
[2023-11-20T19:02:44.384+0000] {logging_mixin.py:120} INFO - [2023-11-20T19:02:44.384+0000] {dagbag.py:537} INFO - Filling up the DagBag from /home/airflow/.local/lib/python3.7/site-packages/airflow/example_dags/example_xcomargs.py
[2023-11-20T19:02:44.416+0000] {processor.py:766} INFO - DAG(s) dict_keys(['example_xcom_args', 'example_xcom_args_with_operators']) retrieved from /home/airflow/.local/lib/python3.7/site-packages/airflow/example_dags/example_xcomargs.py
[2023-11-20T19:02:44.468+0000] {logging_mixin.py:120} INFO - [2023-11-20T19:02:44.468+0000] {dag.py:2585} INFO - Sync 2 DAGs
[2023-11-20T19:02:44.502+0000] {logging_mixin.py:120} INFO - [2023-11-20T19:02:44.502+0000] {dag.py:3340} INFO - Setting next_dagrun for example_xcom_args to None, run_after=None
[2023-11-20T19:02:44.506+0000] {logging_mixin.py:120} INFO - [2023-11-20T19:02:44.506+0000] {dag.py:3340} INFO - Setting next_dagrun for example_xcom_args_with_operators to None, run_after=None
[2023-11-20T19:02:44.554+0000] {processor.py:176} INFO - Processing /home/airflow/.local/lib/python3.7/site-packages/airflow/example_dags/example_xcomargs.py took 0.175 seconds
[2023-11-20T19:03:14.766+0000] {processor.py:154} INFO - Started process (PID=2189) to work on /home/airflow/.local/lib/python3.7/site-packages/airflow/example_dags/example_xcomargs.py
[2023-11-20T19:03:14.767+0000] {processor.py:756} INFO - Processing file /home/airflow/.local/lib/python3.7/site-packages/airflow/example_dags/example_xcomargs.py for tasks to queue
[2023-11-20T19:03:14.768+0000] {logging_mixin.py:120} INFO - [2023-11-20T19:03:14.767+0000] {dagbag.py:537} INFO - Filling up the DagBag from /home/airflow/.local/lib/python3.7/site-packages/airflow/example_dags/example_xcomargs.py
[2023-11-20T19:03:14.790+0000] {processor.py:766} INFO - DAG(s) dict_keys(['example_xcom_args', 'example_xcom_args_with_operators']) retrieved from /home/airflow/.local/lib/python3.7/site-packages/airflow/example_dags/example_xcomargs.py
[2023-11-20T19:03:14.836+0000] {logging_mixin.py:120} INFO - [2023-11-20T19:03:14.836+0000] {dag.py:2585} INFO - Sync 2 DAGs
[2023-11-20T19:03:14.858+0000] {logging_mixin.py:120} INFO - [2023-11-20T19:03:14.857+0000] {dag.py:3340} INFO - Setting next_dagrun for example_xcom_args to None, run_after=None
[2023-11-20T19:03:14.860+0000] {logging_mixin.py:120} INFO - [2023-11-20T19:03:14.860+0000] {dag.py:3340} INFO - Setting next_dagrun for example_xcom_args_with_operators to None, run_after=None
[2023-11-20T19:03:14.887+0000] {processor.py:176} INFO - Processing /home/airflow/.local/lib/python3.7/site-packages/airflow/example_dags/example_xcomargs.py took 0.123 seconds
[2023-11-20T19:03:45.179+0000] {processor.py:154} INFO - Started process (PID=2244) to work on /home/airflow/.local/lib/python3.7/site-packages/airflow/example_dags/example_xcomargs.py
[2023-11-20T19:03:45.179+0000] {processor.py:756} INFO - Processing file /home/airflow/.local/lib/python3.7/site-packages/airflow/example_dags/example_xcomargs.py for tasks to queue
[2023-11-20T19:03:45.180+0000] {logging_mixin.py:120} INFO - [2023-11-20T19:03:45.180+0000] {dagbag.py:537} INFO - Filling up the DagBag from /home/airflow/.local/lib/python3.7/site-packages/airflow/example_dags/example_xcomargs.py
[2023-11-20T19:03:45.201+0000] {processor.py:766} INFO - DAG(s) dict_keys(['example_xcom_args', 'example_xcom_args_with_operators']) retrieved from /home/airflow/.local/lib/python3.7/site-packages/airflow/example_dags/example_xcomargs.py
[2023-11-20T19:03:45.238+0000] {logging_mixin.py:120} INFO - [2023-11-20T19:03:45.238+0000] {dag.py:2585} INFO - Sync 2 DAGs
[2023-11-20T19:03:45.265+0000] {logging_mixin.py:120} INFO - [2023-11-20T19:03:45.265+0000] {dag.py:3340} INFO - Setting next_dagrun for example_xcom_args to None, run_after=None
[2023-11-20T19:03:45.269+0000] {logging_mixin.py:120} INFO - [2023-11-20T19:03:45.269+0000] {dag.py:3340} INFO - Setting next_dagrun for example_xcom_args_with_operators to None, run_after=None
[2023-11-20T19:03:45.296+0000] {processor.py:176} INFO - Processing /home/airflow/.local/lib/python3.7/site-packages/airflow/example_dags/example_xcomargs.py took 0.119 seconds
[2023-11-20T19:04:15.663+0000] {processor.py:154} INFO - Started process (PID=2307) to work on /home/airflow/.local/lib/python3.7/site-packages/airflow/example_dags/example_xcomargs.py
[2023-11-20T19:04:15.665+0000] {processor.py:756} INFO - Processing file /home/airflow/.local/lib/python3.7/site-packages/airflow/example_dags/example_xcomargs.py for tasks to queue
[2023-11-20T19:04:15.666+0000] {logging_mixin.py:120} INFO - [2023-11-20T19:04:15.666+0000] {dagbag.py:537} INFO - Filling up the DagBag from /home/airflow/.local/lib/python3.7/site-packages/airflow/example_dags/example_xcomargs.py
[2023-11-20T19:04:15.704+0000] {processor.py:766} INFO - DAG(s) dict_keys(['example_xcom_args', 'example_xcom_args_with_operators']) retrieved from /home/airflow/.local/lib/python3.7/site-packages/airflow/example_dags/example_xcomargs.py
[2023-11-20T19:04:15.763+0000] {logging_mixin.py:120} INFO - [2023-11-20T19:04:15.763+0000] {dag.py:2585} INFO - Sync 2 DAGs
[2023-11-20T19:04:15.823+0000] {logging_mixin.py:120} INFO - [2023-11-20T19:04:15.823+0000] {dag.py:3340} INFO - Setting next_dagrun for example_xcom_args to None, run_after=None
[2023-11-20T19:04:15.832+0000] {logging_mixin.py:120} INFO - [2023-11-20T19:04:15.832+0000] {dag.py:3340} INFO - Setting next_dagrun for example_xcom_args_with_operators to None, run_after=None
[2023-11-20T19:04:15.875+0000] {processor.py:176} INFO - Processing /home/airflow/.local/lib/python3.7/site-packages/airflow/example_dags/example_xcomargs.py took 0.215 seconds
[2023-11-20T19:04:45.965+0000] {processor.py:154} INFO - Started process (PID=2359) to work on /home/airflow/.local/lib/python3.7/site-packages/airflow/example_dags/example_xcomargs.py
[2023-11-20T19:04:45.975+0000] {processor.py:756} INFO - Processing file /home/airflow/.local/lib/python3.7/site-packages/airflow/example_dags/example_xcomargs.py for tasks to queue
[2023-11-20T19:04:45.976+0000] {logging_mixin.py:120} INFO - [2023-11-20T19:04:45.976+0000] {dagbag.py:537} INFO - Filling up the DagBag from /home/airflow/.local/lib/python3.7/site-packages/airflow/example_dags/example_xcomargs.py
[2023-11-20T19:04:46.032+0000] {processor.py:766} INFO - DAG(s) dict_keys(['example_xcom_args_with_operators', 'example_xcom_args']) retrieved from /home/airflow/.local/lib/python3.7/site-packages/airflow/example_dags/example_xcomargs.py
[2023-11-20T19:04:46.194+0000] {logging_mixin.py:120} INFO - [2023-11-20T19:04:46.194+0000] {dag.py:2585} INFO - Sync 2 DAGs
[2023-11-20T19:04:46.275+0000] {logging_mixin.py:120} INFO - [2023-11-20T19:04:46.275+0000] {dag.py:3340} INFO - Setting next_dagrun for example_xcom_args to None, run_after=None
[2023-11-20T19:04:46.283+0000] {logging_mixin.py:120} INFO - [2023-11-20T19:04:46.283+0000] {dag.py:3340} INFO - Setting next_dagrun for example_xcom_args_with_operators to None, run_after=None
[2023-11-20T19:04:46.315+0000] {processor.py:176} INFO - Processing /home/airflow/.local/lib/python3.7/site-packages/airflow/example_dags/example_xcomargs.py took 0.353 seconds
[2023-11-20T19:05:16.900+0000] {processor.py:154} INFO - Started process (PID=2422) to work on /home/airflow/.local/lib/python3.7/site-packages/airflow/example_dags/example_xcomargs.py
[2023-11-20T19:05:16.901+0000] {processor.py:756} INFO - Processing file /home/airflow/.local/lib/python3.7/site-packages/airflow/example_dags/example_xcomargs.py for tasks to queue
[2023-11-20T19:05:16.902+0000] {logging_mixin.py:120} INFO - [2023-11-20T19:05:16.902+0000] {dagbag.py:537} INFO - Filling up the DagBag from /home/airflow/.local/lib/python3.7/site-packages/airflow/example_dags/example_xcomargs.py
[2023-11-20T19:05:16.928+0000] {processor.py:766} INFO - DAG(s) dict_keys(['example_xcom_args_with_operators', 'example_xcom_args']) retrieved from /home/airflow/.local/lib/python3.7/site-packages/airflow/example_dags/example_xcomargs.py
[2023-11-20T19:05:16.971+0000] {logging_mixin.py:120} INFO - [2023-11-20T19:05:16.970+0000] {dag.py:2585} INFO - Sync 2 DAGs
[2023-11-20T19:05:17.004+0000] {logging_mixin.py:120} INFO - [2023-11-20T19:05:17.004+0000] {dag.py:3340} INFO - Setting next_dagrun for example_xcom_args to None, run_after=None
[2023-11-20T19:05:17.008+0000] {logging_mixin.py:120} INFO - [2023-11-20T19:05:17.008+0000] {dag.py:3340} INFO - Setting next_dagrun for example_xcom_args_with_operators to None, run_after=None
[2023-11-20T19:05:17.030+0000] {processor.py:176} INFO - Processing /home/airflow/.local/lib/python3.7/site-packages/airflow/example_dags/example_xcomargs.py took 0.139 seconds
[2023-11-20T19:05:47.875+0000] {processor.py:154} INFO - Started process (PID=2476) to work on /home/airflow/.local/lib/python3.7/site-packages/airflow/example_dags/example_xcomargs.py
[2023-11-20T19:05:47.876+0000] {processor.py:756} INFO - Processing file /home/airflow/.local/lib/python3.7/site-packages/airflow/example_dags/example_xcomargs.py for tasks to queue
[2023-11-20T19:05:47.877+0000] {logging_mixin.py:120} INFO - [2023-11-20T19:05:47.876+0000] {dagbag.py:537} INFO - Filling up the DagBag from /home/airflow/.local/lib/python3.7/site-packages/airflow/example_dags/example_xcomargs.py
[2023-11-20T19:05:47.904+0000] {processor.py:766} INFO - DAG(s) dict_keys(['example_xcom_args', 'example_xcom_args_with_operators']) retrieved from /home/airflow/.local/lib/python3.7/site-packages/airflow/example_dags/example_xcomargs.py
[2023-11-20T19:05:47.950+0000] {logging_mixin.py:120} INFO - [2023-11-20T19:05:47.950+0000] {dag.py:2585} INFO - Sync 2 DAGs
[2023-11-20T19:05:47.974+0000] {logging_mixin.py:120} INFO - [2023-11-20T19:05:47.974+0000] {dag.py:3340} INFO - Setting next_dagrun for example_xcom_args to None, run_after=None
[2023-11-20T19:05:47.977+0000] {logging_mixin.py:120} INFO - [2023-11-20T19:05:47.977+0000] {dag.py:3340} INFO - Setting next_dagrun for example_xcom_args_with_operators to None, run_after=None
[2023-11-20T19:05:47.998+0000] {processor.py:176} INFO - Processing /home/airflow/.local/lib/python3.7/site-packages/airflow/example_dags/example_xcomargs.py took 0.126 seconds
[2023-11-20T19:06:18.274+0000] {processor.py:154} INFO - Started process (PID=2540) to work on /home/airflow/.local/lib/python3.7/site-packages/airflow/example_dags/example_xcomargs.py
[2023-11-20T19:06:18.274+0000] {processor.py:756} INFO - Processing file /home/airflow/.local/lib/python3.7/site-packages/airflow/example_dags/example_xcomargs.py for tasks to queue
[2023-11-20T19:06:18.275+0000] {logging_mixin.py:120} INFO - [2023-11-20T19:06:18.275+0000] {dagbag.py:537} INFO - Filling up the DagBag from /home/airflow/.local/lib/python3.7/site-packages/airflow/example_dags/example_xcomargs.py
[2023-11-20T19:06:18.298+0000] {processor.py:766} INFO - DAG(s) dict_keys(['example_xcom_args_with_operators', 'example_xcom_args']) retrieved from /home/airflow/.local/lib/python3.7/site-packages/airflow/example_dags/example_xcomargs.py
[2023-11-20T19:06:18.340+0000] {logging_mixin.py:120} INFO - [2023-11-20T19:06:18.340+0000] {dag.py:2585} INFO - Sync 2 DAGs
[2023-11-20T19:06:18.363+0000] {logging_mixin.py:120} INFO - [2023-11-20T19:06:18.363+0000] {dag.py:3340} INFO - Setting next_dagrun for example_xcom_args to None, run_after=None
[2023-11-20T19:06:18.366+0000] {logging_mixin.py:120} INFO - [2023-11-20T19:06:18.366+0000] {dag.py:3340} INFO - Setting next_dagrun for example_xcom_args_with_operators to None, run_after=None
[2023-11-20T19:06:18.386+0000] {processor.py:176} INFO - Processing /home/airflow/.local/lib/python3.7/site-packages/airflow/example_dags/example_xcomargs.py took 0.116 seconds
[2023-11-20T19:06:49.222+0000] {processor.py:154} INFO - Started process (PID=2605) to work on /home/airflow/.local/lib/python3.7/site-packages/airflow/example_dags/example_xcomargs.py
[2023-11-20T19:06:49.225+0000] {processor.py:756} INFO - Processing file /home/airflow/.local/lib/python3.7/site-packages/airflow/example_dags/example_xcomargs.py for tasks to queue
[2023-11-20T19:06:49.226+0000] {logging_mixin.py:120} INFO - [2023-11-20T19:06:49.226+0000] {dagbag.py:537} INFO - Filling up the DagBag from /home/airflow/.local/lib/python3.7/site-packages/airflow/example_dags/example_xcomargs.py
[2023-11-20T19:06:49.253+0000] {processor.py:766} INFO - DAG(s) dict_keys(['example_xcom_args', 'example_xcom_args_with_operators']) retrieved from /home/airflow/.local/lib/python3.7/site-packages/airflow/example_dags/example_xcomargs.py
[2023-11-20T19:06:49.301+0000] {logging_mixin.py:120} INFO - [2023-11-20T19:06:49.301+0000] {dag.py:2585} INFO - Sync 2 DAGs
[2023-11-20T19:06:49.323+0000] {logging_mixin.py:120} INFO - [2023-11-20T19:06:49.323+0000] {dag.py:3340} INFO - Setting next_dagrun for example_xcom_args to None, run_after=None
[2023-11-20T19:06:49.325+0000] {logging_mixin.py:120} INFO - [2023-11-20T19:06:49.325+0000] {dag.py:3340} INFO - Setting next_dagrun for example_xcom_args_with_operators to None, run_after=None
[2023-11-20T19:06:49.364+0000] {processor.py:176} INFO - Processing /home/airflow/.local/lib/python3.7/site-packages/airflow/example_dags/example_xcomargs.py took 0.145 seconds
[2023-11-20T19:07:19.759+0000] {processor.py:154} INFO - Started process (PID=2661) to work on /home/airflow/.local/lib/python3.7/site-packages/airflow/example_dags/example_xcomargs.py
[2023-11-20T19:07:19.760+0000] {processor.py:756} INFO - Processing file /home/airflow/.local/lib/python3.7/site-packages/airflow/example_dags/example_xcomargs.py for tasks to queue
[2023-11-20T19:07:19.760+0000] {logging_mixin.py:120} INFO - [2023-11-20T19:07:19.760+0000] {dagbag.py:537} INFO - Filling up the DagBag from /home/airflow/.local/lib/python3.7/site-packages/airflow/example_dags/example_xcomargs.py
[2023-11-20T19:07:19.810+0000] {processor.py:766} INFO - DAG(s) dict_keys(['example_xcom_args', 'example_xcom_args_with_operators']) retrieved from /home/airflow/.local/lib/python3.7/site-packages/airflow/example_dags/example_xcomargs.py
[2023-11-20T19:07:19.894+0000] {logging_mixin.py:120} INFO - [2023-11-20T19:07:19.894+0000] {dag.py:2585} INFO - Sync 2 DAGs
[2023-11-20T19:07:19.953+0000] {logging_mixin.py:120} INFO - [2023-11-20T19:07:19.952+0000] {dag.py:3340} INFO - Setting next_dagrun for example_xcom_args to None, run_after=None
[2023-11-20T19:07:19.957+0000] {logging_mixin.py:120} INFO - [2023-11-20T19:07:19.957+0000] {dag.py:3340} INFO - Setting next_dagrun for example_xcom_args_with_operators to None, run_after=None
[2023-11-20T19:07:19.986+0000] {processor.py:176} INFO - Processing /home/airflow/.local/lib/python3.7/site-packages/airflow/example_dags/example_xcomargs.py took 0.237 seconds
[2023-11-20T19:07:50.511+0000] {processor.py:154} INFO - Started process (PID=2724) to work on /home/airflow/.local/lib/python3.7/site-packages/airflow/example_dags/example_xcomargs.py
[2023-11-20T19:07:50.512+0000] {processor.py:756} INFO - Processing file /home/airflow/.local/lib/python3.7/site-packages/airflow/example_dags/example_xcomargs.py for tasks to queue
[2023-11-20T19:07:50.512+0000] {logging_mixin.py:120} INFO - [2023-11-20T19:07:50.512+0000] {dagbag.py:537} INFO - Filling up the DagBag from /home/airflow/.local/lib/python3.7/site-packages/airflow/example_dags/example_xcomargs.py
[2023-11-20T19:07:50.538+0000] {processor.py:766} INFO - DAG(s) dict_keys(['example_xcom_args', 'example_xcom_args_with_operators']) retrieved from /home/airflow/.local/lib/python3.7/site-packages/airflow/example_dags/example_xcomargs.py
[2023-11-20T19:07:50.577+0000] {logging_mixin.py:120} INFO - [2023-11-20T19:07:50.577+0000] {dag.py:2585} INFO - Sync 2 DAGs
[2023-11-20T19:07:50.598+0000] {logging_mixin.py:120} INFO - [2023-11-20T19:07:50.598+0000] {dag.py:3340} INFO - Setting next_dagrun for example_xcom_args to None, run_after=None
[2023-11-20T19:07:50.601+0000] {logging_mixin.py:120} INFO - [2023-11-20T19:07:50.601+0000] {dag.py:3340} INFO - Setting next_dagrun for example_xcom_args_with_operators to None, run_after=None
[2023-11-20T19:07:50.622+0000] {processor.py:176} INFO - Processing /home/airflow/.local/lib/python3.7/site-packages/airflow/example_dags/example_xcomargs.py took 0.116 seconds
[2023-11-20T19:08:20.901+0000] {processor.py:154} INFO - Started process (PID=2788) to work on /home/airflow/.local/lib/python3.7/site-packages/airflow/example_dags/example_xcomargs.py
[2023-11-20T19:08:20.902+0000] {processor.py:756} INFO - Processing file /home/airflow/.local/lib/python3.7/site-packages/airflow/example_dags/example_xcomargs.py for tasks to queue
[2023-11-20T19:08:20.903+0000] {logging_mixin.py:120} INFO - [2023-11-20T19:08:20.903+0000] {dagbag.py:537} INFO - Filling up the DagBag from /home/airflow/.local/lib/python3.7/site-packages/airflow/example_dags/example_xcomargs.py
[2023-11-20T19:08:20.927+0000] {processor.py:766} INFO - DAG(s) dict_keys(['example_xcom_args_with_operators', 'example_xcom_args']) retrieved from /home/airflow/.local/lib/python3.7/site-packages/airflow/example_dags/example_xcomargs.py
[2023-11-20T19:08:20.962+0000] {logging_mixin.py:120} INFO - [2023-11-20T19:08:20.962+0000] {dag.py:2585} INFO - Sync 2 DAGs
[2023-11-20T19:08:20.984+0000] {logging_mixin.py:120} INFO - [2023-11-20T19:08:20.983+0000] {dag.py:3340} INFO - Setting next_dagrun for example_xcom_args to None, run_after=None
[2023-11-20T19:08:20.986+0000] {logging_mixin.py:120} INFO - [2023-11-20T19:08:20.986+0000] {dag.py:3340} INFO - Setting next_dagrun for example_xcom_args_with_operators to None, run_after=None
[2023-11-20T19:08:21.009+0000] {processor.py:176} INFO - Processing /home/airflow/.local/lib/python3.7/site-packages/airflow/example_dags/example_xcomargs.py took 0.112 seconds
[2023-11-20T19:08:52.266+0000] {processor.py:154} INFO - Started process (PID=2842) to work on /home/airflow/.local/lib/python3.7/site-packages/airflow/example_dags/example_xcomargs.py
[2023-11-20T19:08:52.275+0000] {processor.py:756} INFO - Processing file /home/airflow/.local/lib/python3.7/site-packages/airflow/example_dags/example_xcomargs.py for tasks to queue
[2023-11-20T19:08:52.276+0000] {logging_mixin.py:120} INFO - [2023-11-20T19:08:52.276+0000] {dagbag.py:537} INFO - Filling up the DagBag from /home/airflow/.local/lib/python3.7/site-packages/airflow/example_dags/example_xcomargs.py
[2023-11-20T19:08:52.347+0000] {processor.py:766} INFO - DAG(s) dict_keys(['example_xcom_args_with_operators', 'example_xcom_args']) retrieved from /home/airflow/.local/lib/python3.7/site-packages/airflow/example_dags/example_xcomargs.py
[2023-11-20T19:08:52.512+0000] {logging_mixin.py:120} INFO - [2023-11-20T19:08:52.511+0000] {dag.py:2585} INFO - Sync 2 DAGs
[2023-11-20T19:08:52.604+0000] {logging_mixin.py:120} INFO - [2023-11-20T19:08:52.604+0000] {dag.py:3340} INFO - Setting next_dagrun for example_xcom_args to None, run_after=None
[2023-11-20T19:08:52.608+0000] {logging_mixin.py:120} INFO - [2023-11-20T19:08:52.608+0000] {dag.py:3340} INFO - Setting next_dagrun for example_xcom_args_with_operators to None, run_after=None
[2023-11-20T19:08:52.648+0000] {processor.py:176} INFO - Processing /home/airflow/.local/lib/python3.7/site-packages/airflow/example_dags/example_xcomargs.py took 0.390 seconds
[2023-11-20T19:09:23.456+0000] {processor.py:154} INFO - Started process (PID=2906) to work on /home/airflow/.local/lib/python3.7/site-packages/airflow/example_dags/example_xcomargs.py
[2023-11-20T19:09:23.457+0000] {processor.py:756} INFO - Processing file /home/airflow/.local/lib/python3.7/site-packages/airflow/example_dags/example_xcomargs.py for tasks to queue
[2023-11-20T19:09:23.458+0000] {logging_mixin.py:120} INFO - [2023-11-20T19:09:23.458+0000] {dagbag.py:537} INFO - Filling up the DagBag from /home/airflow/.local/lib/python3.7/site-packages/airflow/example_dags/example_xcomargs.py
[2023-11-20T19:09:23.488+0000] {processor.py:766} INFO - DAG(s) dict_keys(['example_xcom_args_with_operators', 'example_xcom_args']) retrieved from /home/airflow/.local/lib/python3.7/site-packages/airflow/example_dags/example_xcomargs.py
[2023-11-20T19:09:23.576+0000] {logging_mixin.py:120} INFO - [2023-11-20T19:09:23.576+0000] {dag.py:2585} INFO - Sync 2 DAGs
[2023-11-20T19:09:23.612+0000] {logging_mixin.py:120} INFO - [2023-11-20T19:09:23.611+0000] {dag.py:3340} INFO - Setting next_dagrun for example_xcom_args to None, run_after=None
[2023-11-20T19:09:23.617+0000] {logging_mixin.py:120} INFO - [2023-11-20T19:09:23.616+0000] {dag.py:3340} INFO - Setting next_dagrun for example_xcom_args_with_operators to None, run_after=None
[2023-11-20T19:09:23.647+0000] {processor.py:176} INFO - Processing /home/airflow/.local/lib/python3.7/site-packages/airflow/example_dags/example_xcomargs.py took 0.195 seconds
[2023-11-20T19:09:54.102+0000] {processor.py:154} INFO - Started process (PID=2969) to work on /home/airflow/.local/lib/python3.7/site-packages/airflow/example_dags/example_xcomargs.py
[2023-11-20T19:09:54.103+0000] {processor.py:756} INFO - Processing file /home/airflow/.local/lib/python3.7/site-packages/airflow/example_dags/example_xcomargs.py for tasks to queue
[2023-11-20T19:09:54.104+0000] {logging_mixin.py:120} INFO - [2023-11-20T19:09:54.103+0000] {dagbag.py:537} INFO - Filling up the DagBag from /home/airflow/.local/lib/python3.7/site-packages/airflow/example_dags/example_xcomargs.py
[2023-11-20T19:09:54.135+0000] {processor.py:766} INFO - DAG(s) dict_keys(['example_xcom_args', 'example_xcom_args_with_operators']) retrieved from /home/airflow/.local/lib/python3.7/site-packages/airflow/example_dags/example_xcomargs.py
[2023-11-20T19:09:54.186+0000] {logging_mixin.py:120} INFO - [2023-11-20T19:09:54.186+0000] {dag.py:2585} INFO - Sync 2 DAGs
[2023-11-20T19:09:54.214+0000] {logging_mixin.py:120} INFO - [2023-11-20T19:09:54.213+0000] {dag.py:3340} INFO - Setting next_dagrun for example_xcom_args to None, run_after=None
[2023-11-20T19:09:54.218+0000] {logging_mixin.py:120} INFO - [2023-11-20T19:09:54.218+0000] {dag.py:3340} INFO - Setting next_dagrun for example_xcom_args_with_operators to None, run_after=None
[2023-11-20T19:09:54.248+0000] {processor.py:176} INFO - Processing /home/airflow/.local/lib/python3.7/site-packages/airflow/example_dags/example_xcomargs.py took 0.150 seconds
[2023-11-20T19:10:24.983+0000] {processor.py:154} INFO - Started process (PID=3022) to work on /home/airflow/.local/lib/python3.7/site-packages/airflow/example_dags/example_xcomargs.py
[2023-11-20T19:10:24.984+0000] {processor.py:756} INFO - Processing file /home/airflow/.local/lib/python3.7/site-packages/airflow/example_dags/example_xcomargs.py for tasks to queue
[2023-11-20T19:10:24.985+0000] {logging_mixin.py:120} INFO - [2023-11-20T19:10:24.984+0000] {dagbag.py:537} INFO - Filling up the DagBag from /home/airflow/.local/lib/python3.7/site-packages/airflow/example_dags/example_xcomargs.py
[2023-11-20T19:10:25.018+0000] {processor.py:766} INFO - DAG(s) dict_keys(['example_xcom_args_with_operators', 'example_xcom_args']) retrieved from /home/airflow/.local/lib/python3.7/site-packages/airflow/example_dags/example_xcomargs.py
[2023-11-20T19:10:25.069+0000] {logging_mixin.py:120} INFO - [2023-11-20T19:10:25.069+0000] {dag.py:2585} INFO - Sync 2 DAGs
[2023-11-20T19:10:25.104+0000] {logging_mixin.py:120} INFO - [2023-11-20T19:10:25.103+0000] {dag.py:3340} INFO - Setting next_dagrun for example_xcom_args to None, run_after=None
[2023-11-20T19:10:25.114+0000] {logging_mixin.py:120} INFO - [2023-11-20T19:10:25.114+0000] {dag.py:3340} INFO - Setting next_dagrun for example_xcom_args_with_operators to None, run_after=None
[2023-11-20T19:10:25.165+0000] {processor.py:176} INFO - Processing /home/airflow/.local/lib/python3.7/site-packages/airflow/example_dags/example_xcomargs.py took 0.198 seconds
[2023-11-20T19:10:55.636+0000] {processor.py:154} INFO - Started process (PID=3084) to work on /home/airflow/.local/lib/python3.7/site-packages/airflow/example_dags/example_xcomargs.py
[2023-11-20T19:10:55.637+0000] {processor.py:756} INFO - Processing file /home/airflow/.local/lib/python3.7/site-packages/airflow/example_dags/example_xcomargs.py for tasks to queue
[2023-11-20T19:10:55.638+0000] {logging_mixin.py:120} INFO - [2023-11-20T19:10:55.638+0000] {dagbag.py:537} INFO - Filling up the DagBag from /home/airflow/.local/lib/python3.7/site-packages/airflow/example_dags/example_xcomargs.py
[2023-11-20T19:10:55.666+0000] {processor.py:766} INFO - DAG(s) dict_keys(['example_xcom_args', 'example_xcom_args_with_operators']) retrieved from /home/airflow/.local/lib/python3.7/site-packages/airflow/example_dags/example_xcomargs.py
[2023-11-20T19:10:55.733+0000] {logging_mixin.py:120} INFO - [2023-11-20T19:10:55.732+0000] {dag.py:2585} INFO - Sync 2 DAGs
[2023-11-20T19:10:55.762+0000] {logging_mixin.py:120} INFO - [2023-11-20T19:10:55.761+0000] {dag.py:3340} INFO - Setting next_dagrun for example_xcom_args to None, run_after=None
[2023-11-20T19:10:55.766+0000] {logging_mixin.py:120} INFO - [2023-11-20T19:10:55.765+0000] {dag.py:3340} INFO - Setting next_dagrun for example_xcom_args_with_operators to None, run_after=None
[2023-11-20T19:10:55.793+0000] {processor.py:176} INFO - Processing /home/airflow/.local/lib/python3.7/site-packages/airflow/example_dags/example_xcomargs.py took 0.161 seconds
[2023-11-20T19:11:26.376+0000] {processor.py:154} INFO - Started process (PID=3138) to work on /home/airflow/.local/lib/python3.7/site-packages/airflow/example_dags/example_xcomargs.py
[2023-11-20T19:11:26.377+0000] {processor.py:756} INFO - Processing file /home/airflow/.local/lib/python3.7/site-packages/airflow/example_dags/example_xcomargs.py for tasks to queue
[2023-11-20T19:11:26.378+0000] {logging_mixin.py:120} INFO - [2023-11-20T19:11:26.378+0000] {dagbag.py:537} INFO - Filling up the DagBag from /home/airflow/.local/lib/python3.7/site-packages/airflow/example_dags/example_xcomargs.py
[2023-11-20T19:11:26.424+0000] {processor.py:766} INFO - DAG(s) dict_keys(['example_xcom_args', 'example_xcom_args_with_operators']) retrieved from /home/airflow/.local/lib/python3.7/site-packages/airflow/example_dags/example_xcomargs.py
[2023-11-20T19:11:26.526+0000] {logging_mixin.py:120} INFO - [2023-11-20T19:11:26.526+0000] {dag.py:2585} INFO - Sync 2 DAGs
[2023-11-20T19:11:26.569+0000] {logging_mixin.py:120} INFO - [2023-11-20T19:11:26.569+0000] {dag.py:3340} INFO - Setting next_dagrun for example_xcom_args to None, run_after=None
[2023-11-20T19:11:26.573+0000] {logging_mixin.py:120} INFO - [2023-11-20T19:11:26.573+0000] {dag.py:3340} INFO - Setting next_dagrun for example_xcom_args_with_operators to None, run_after=None
[2023-11-20T19:11:26.632+0000] {processor.py:176} INFO - Processing /home/airflow/.local/lib/python3.7/site-packages/airflow/example_dags/example_xcomargs.py took 0.260 seconds
[2023-11-20T19:11:56.951+0000] {processor.py:154} INFO - Started process (PID=3202) to work on /home/airflow/.local/lib/python3.7/site-packages/airflow/example_dags/example_xcomargs.py
[2023-11-20T19:11:56.952+0000] {processor.py:756} INFO - Processing file /home/airflow/.local/lib/python3.7/site-packages/airflow/example_dags/example_xcomargs.py for tasks to queue
[2023-11-20T19:11:56.953+0000] {logging_mixin.py:120} INFO - [2023-11-20T19:11:56.953+0000] {dagbag.py:537} INFO - Filling up the DagBag from /home/airflow/.local/lib/python3.7/site-packages/airflow/example_dags/example_xcomargs.py
[2023-11-20T19:11:57.007+0000] {processor.py:766} INFO - DAG(s) dict_keys(['example_xcom_args', 'example_xcom_args_with_operators']) retrieved from /home/airflow/.local/lib/python3.7/site-packages/airflow/example_dags/example_xcomargs.py
[2023-11-20T19:11:57.110+0000] {logging_mixin.py:120} INFO - [2023-11-20T19:11:57.110+0000] {dag.py:2585} INFO - Sync 2 DAGs
[2023-11-20T19:11:57.196+0000] {logging_mixin.py:120} INFO - [2023-11-20T19:11:57.196+0000] {dag.py:3340} INFO - Setting next_dagrun for example_xcom_args to None, run_after=None
[2023-11-20T19:11:57.209+0000] {logging_mixin.py:120} INFO - [2023-11-20T19:11:57.209+0000] {dag.py:3340} INFO - Setting next_dagrun for example_xcom_args_with_operators to None, run_after=None
[2023-11-20T19:11:57.273+0000] {processor.py:176} INFO - Processing /home/airflow/.local/lib/python3.7/site-packages/airflow/example_dags/example_xcomargs.py took 0.325 seconds
