[2023-11-20T18:44:40.102+0000] {processor.py:154} INFO - Started process (PID=57) to work on /home/airflow/.local/lib/python3.7/site-packages/airflow/example_dags/example_branch_labels.py
[2023-11-20T18:44:40.103+0000] {processor.py:756} INFO - Processing file /home/airflow/.local/lib/python3.7/site-packages/airflow/example_dags/example_branch_labels.py for tasks to queue
[2023-11-20T18:44:40.103+0000] {logging_mixin.py:120} INFO - [2023-11-20T18:44:40.103+0000] {dagbag.py:537} INFO - Filling up the DagBag from /home/airflow/.local/lib/python3.7/site-packages/airflow/example_dags/example_branch_labels.py
[2023-11-20T18:44:40.136+0000] {processor.py:766} INFO - DAG(s) dict_keys(['example_branch_labels']) retrieved from /home/airflow/.local/lib/python3.7/site-packages/airflow/example_dags/example_branch_labels.py
[2023-11-20T18:44:40.240+0000] {logging_mixin.py:120} INFO - [2023-11-20T18:44:40.238+0000] {dag.py:2585} INFO - Sync 1 DAGs
[2023-11-20T18:44:40.306+0000] {logging_mixin.py:120} INFO - [2023-11-20T18:44:40.305+0000] {dag.py:3340} INFO - Setting next_dagrun for example_branch_labels to 2023-11-19T00:00:00+00:00, run_after=2023-11-20T00:00:00+00:00
[2023-11-20T18:44:40.365+0000] {processor.py:176} INFO - Processing /home/airflow/.local/lib/python3.7/site-packages/airflow/example_dags/example_branch_labels.py took 0.266 seconds
[2023-11-20T18:45:10.618+0000] {processor.py:154} INFO - Started process (PID=111) to work on /home/airflow/.local/lib/python3.7/site-packages/airflow/example_dags/example_branch_labels.py
[2023-11-20T18:45:10.619+0000] {processor.py:756} INFO - Processing file /home/airflow/.local/lib/python3.7/site-packages/airflow/example_dags/example_branch_labels.py for tasks to queue
[2023-11-20T18:45:10.620+0000] {logging_mixin.py:120} INFO - [2023-11-20T18:45:10.619+0000] {dagbag.py:537} INFO - Filling up the DagBag from /home/airflow/.local/lib/python3.7/site-packages/airflow/example_dags/example_branch_labels.py
[2023-11-20T18:45:10.637+0000] {processor.py:766} INFO - DAG(s) dict_keys(['example_branch_labels']) retrieved from /home/airflow/.local/lib/python3.7/site-packages/airflow/example_dags/example_branch_labels.py
[2023-11-20T18:45:10.684+0000] {logging_mixin.py:120} INFO - [2023-11-20T18:45:10.684+0000] {dag.py:2585} INFO - Sync 1 DAGs
[2023-11-20T18:45:10.714+0000] {logging_mixin.py:120} INFO - [2023-11-20T18:45:10.714+0000] {dag.py:3340} INFO - Setting next_dagrun for example_branch_labels to 2023-11-19T00:00:00+00:00, run_after=2023-11-20T00:00:00+00:00
[2023-11-20T18:45:10.741+0000] {processor.py:176} INFO - Processing /home/airflow/.local/lib/python3.7/site-packages/airflow/example_dags/example_branch_labels.py took 0.126 seconds
[2023-11-20T18:45:43.928+0000] {processor.py:154} INFO - Started process (PID=174) to work on /home/airflow/.local/lib/python3.7/site-packages/airflow/example_dags/example_branch_labels.py
[2023-11-20T18:45:43.935+0000] {processor.py:756} INFO - Processing file /home/airflow/.local/lib/python3.7/site-packages/airflow/example_dags/example_branch_labels.py for tasks to queue
[2023-11-20T18:45:43.936+0000] {logging_mixin.py:120} INFO - [2023-11-20T18:45:43.936+0000] {dagbag.py:537} INFO - Filling up the DagBag from /home/airflow/.local/lib/python3.7/site-packages/airflow/example_dags/example_branch_labels.py
[2023-11-20T18:45:43.975+0000] {processor.py:766} INFO - DAG(s) dict_keys(['example_branch_labels']) retrieved from /home/airflow/.local/lib/python3.7/site-packages/airflow/example_dags/example_branch_labels.py
[2023-11-20T18:45:44.079+0000] {logging_mixin.py:120} INFO - [2023-11-20T18:45:44.079+0000] {dag.py:2585} INFO - Sync 1 DAGs
[2023-11-20T18:45:44.160+0000] {logging_mixin.py:120} INFO - [2023-11-20T18:45:44.160+0000] {dag.py:3340} INFO - Setting next_dagrun for example_branch_labels to 2023-11-19T00:00:00+00:00, run_after=2023-11-20T00:00:00+00:00
[2023-11-20T18:45:44.202+0000] {processor.py:176} INFO - Processing /home/airflow/.local/lib/python3.7/site-packages/airflow/example_dags/example_branch_labels.py took 0.278 seconds
[2023-11-20T18:46:16.359+0000] {processor.py:154} INFO - Started process (PID=228) to work on /home/airflow/.local/lib/python3.7/site-packages/airflow/example_dags/example_branch_labels.py
[2023-11-20T18:46:16.366+0000] {processor.py:756} INFO - Processing file /home/airflow/.local/lib/python3.7/site-packages/airflow/example_dags/example_branch_labels.py for tasks to queue
[2023-11-20T18:46:16.367+0000] {logging_mixin.py:120} INFO - [2023-11-20T18:46:16.367+0000] {dagbag.py:537} INFO - Filling up the DagBag from /home/airflow/.local/lib/python3.7/site-packages/airflow/example_dags/example_branch_labels.py
[2023-11-20T18:46:16.447+0000] {processor.py:766} INFO - DAG(s) dict_keys(['example_branch_labels']) retrieved from /home/airflow/.local/lib/python3.7/site-packages/airflow/example_dags/example_branch_labels.py
[2023-11-20T18:46:16.905+0000] {logging_mixin.py:120} INFO - [2023-11-20T18:46:16.904+0000] {dag.py:2585} INFO - Sync 1 DAGs
[2023-11-20T18:46:17.092+0000] {logging_mixin.py:120} INFO - [2023-11-20T18:46:17.091+0000] {dag.py:3340} INFO - Setting next_dagrun for example_branch_labels to 2023-11-19T00:00:00+00:00, run_after=2023-11-20T00:00:00+00:00
[2023-11-20T18:46:17.203+0000] {processor.py:176} INFO - Processing /home/airflow/.local/lib/python3.7/site-packages/airflow/example_dags/example_branch_labels.py took 0.873 seconds
[2023-11-20T18:46:48.150+0000] {processor.py:154} INFO - Started process (PID=282) to work on /home/airflow/.local/lib/python3.7/site-packages/airflow/example_dags/example_branch_labels.py
[2023-11-20T18:46:48.171+0000] {processor.py:756} INFO - Processing file /home/airflow/.local/lib/python3.7/site-packages/airflow/example_dags/example_branch_labels.py for tasks to queue
[2023-11-20T18:46:48.172+0000] {logging_mixin.py:120} INFO - [2023-11-20T18:46:48.172+0000] {dagbag.py:537} INFO - Filling up the DagBag from /home/airflow/.local/lib/python3.7/site-packages/airflow/example_dags/example_branch_labels.py
[2023-11-20T18:46:48.386+0000] {processor.py:766} INFO - DAG(s) dict_keys(['example_branch_labels']) retrieved from /home/airflow/.local/lib/python3.7/site-packages/airflow/example_dags/example_branch_labels.py
[2023-11-20T18:46:48.559+0000] {logging_mixin.py:120} INFO - [2023-11-20T18:46:48.559+0000] {dag.py:2585} INFO - Sync 1 DAGs
[2023-11-20T18:46:48.683+0000] {logging_mixin.py:120} INFO - [2023-11-20T18:46:48.683+0000] {dag.py:3340} INFO - Setting next_dagrun for example_branch_labels to 2023-11-19T00:00:00+00:00, run_after=2023-11-20T00:00:00+00:00
[2023-11-20T18:46:48.783+0000] {processor.py:176} INFO - Processing /home/airflow/.local/lib/python3.7/site-packages/airflow/example_dags/example_branch_labels.py took 0.657 seconds
[2023-11-20T18:47:19.077+0000] {processor.py:154} INFO - Started process (PID=344) to work on /home/airflow/.local/lib/python3.7/site-packages/airflow/example_dags/example_branch_labels.py
[2023-11-20T18:47:19.078+0000] {processor.py:756} INFO - Processing file /home/airflow/.local/lib/python3.7/site-packages/airflow/example_dags/example_branch_labels.py for tasks to queue
[2023-11-20T18:47:19.079+0000] {logging_mixin.py:120} INFO - [2023-11-20T18:47:19.079+0000] {dagbag.py:537} INFO - Filling up the DagBag from /home/airflow/.local/lib/python3.7/site-packages/airflow/example_dags/example_branch_labels.py
[2023-11-20T18:47:19.143+0000] {processor.py:766} INFO - DAG(s) dict_keys(['example_branch_labels']) retrieved from /home/airflow/.local/lib/python3.7/site-packages/airflow/example_dags/example_branch_labels.py
[2023-11-20T18:47:19.246+0000] {logging_mixin.py:120} INFO - [2023-11-20T18:47:19.246+0000] {dag.py:2585} INFO - Sync 1 DAGs
[2023-11-20T18:47:19.302+0000] {logging_mixin.py:120} INFO - [2023-11-20T18:47:19.302+0000] {dag.py:3340} INFO - Setting next_dagrun for example_branch_labels to 2023-11-19T00:00:00+00:00, run_after=2023-11-20T00:00:00+00:00
[2023-11-20T18:47:19.354+0000] {processor.py:176} INFO - Processing /home/airflow/.local/lib/python3.7/site-packages/airflow/example_dags/example_branch_labels.py took 0.282 seconds
[2023-11-20T18:47:49.619+0000] {processor.py:154} INFO - Started process (PID=399) to work on /home/airflow/.local/lib/python3.7/site-packages/airflow/example_dags/example_branch_labels.py
[2023-11-20T18:47:49.620+0000] {processor.py:756} INFO - Processing file /home/airflow/.local/lib/python3.7/site-packages/airflow/example_dags/example_branch_labels.py for tasks to queue
[2023-11-20T18:47:49.621+0000] {logging_mixin.py:120} INFO - [2023-11-20T18:47:49.621+0000] {dagbag.py:537} INFO - Filling up the DagBag from /home/airflow/.local/lib/python3.7/site-packages/airflow/example_dags/example_branch_labels.py
[2023-11-20T18:47:49.641+0000] {processor.py:766} INFO - DAG(s) dict_keys(['example_branch_labels']) retrieved from /home/airflow/.local/lib/python3.7/site-packages/airflow/example_dags/example_branch_labels.py
[2023-11-20T18:47:49.684+0000] {logging_mixin.py:120} INFO - [2023-11-20T18:47:49.684+0000] {dag.py:2585} INFO - Sync 1 DAGs
[2023-11-20T18:47:49.728+0000] {logging_mixin.py:120} INFO - [2023-11-20T18:47:49.728+0000] {dag.py:3340} INFO - Setting next_dagrun for example_branch_labels to 2023-11-19T00:00:00+00:00, run_after=2023-11-20T00:00:00+00:00
[2023-11-20T18:47:49.761+0000] {processor.py:176} INFO - Processing /home/airflow/.local/lib/python3.7/site-packages/airflow/example_dags/example_branch_labels.py took 0.146 seconds
[2023-11-20T18:48:20.361+0000] {processor.py:154} INFO - Started process (PID=460) to work on /home/airflow/.local/lib/python3.7/site-packages/airflow/example_dags/example_branch_labels.py
[2023-11-20T18:48:20.363+0000] {processor.py:756} INFO - Processing file /home/airflow/.local/lib/python3.7/site-packages/airflow/example_dags/example_branch_labels.py for tasks to queue
[2023-11-20T18:48:20.367+0000] {logging_mixin.py:120} INFO - [2023-11-20T18:48:20.367+0000] {dagbag.py:537} INFO - Filling up the DagBag from /home/airflow/.local/lib/python3.7/site-packages/airflow/example_dags/example_branch_labels.py
[2023-11-20T18:48:20.431+0000] {processor.py:766} INFO - DAG(s) dict_keys(['example_branch_labels']) retrieved from /home/airflow/.local/lib/python3.7/site-packages/airflow/example_dags/example_branch_labels.py
[2023-11-20T18:48:20.579+0000] {logging_mixin.py:120} INFO - [2023-11-20T18:48:20.579+0000] {dag.py:2585} INFO - Sync 1 DAGs
[2023-11-20T18:48:20.627+0000] {logging_mixin.py:120} INFO - [2023-11-20T18:48:20.627+0000] {dag.py:3340} INFO - Setting next_dagrun for example_branch_labels to 2023-11-19T00:00:00+00:00, run_after=2023-11-20T00:00:00+00:00
[2023-11-20T18:48:20.678+0000] {processor.py:176} INFO - Processing /home/airflow/.local/lib/python3.7/site-packages/airflow/example_dags/example_branch_labels.py took 0.328 seconds
[2023-11-20T18:48:50.985+0000] {processor.py:154} INFO - Started process (PID=515) to work on /home/airflow/.local/lib/python3.7/site-packages/airflow/example_dags/example_branch_labels.py
[2023-11-20T18:48:50.986+0000] {processor.py:756} INFO - Processing file /home/airflow/.local/lib/python3.7/site-packages/airflow/example_dags/example_branch_labels.py for tasks to queue
[2023-11-20T18:48:50.987+0000] {logging_mixin.py:120} INFO - [2023-11-20T18:48:50.987+0000] {dagbag.py:537} INFO - Filling up the DagBag from /home/airflow/.local/lib/python3.7/site-packages/airflow/example_dags/example_branch_labels.py
[2023-11-20T18:48:51.013+0000] {processor.py:766} INFO - DAG(s) dict_keys(['example_branch_labels']) retrieved from /home/airflow/.local/lib/python3.7/site-packages/airflow/example_dags/example_branch_labels.py
[2023-11-20T18:48:51.125+0000] {logging_mixin.py:120} INFO - [2023-11-20T18:48:51.125+0000] {dag.py:2585} INFO - Sync 1 DAGs
[2023-11-20T18:48:51.162+0000] {logging_mixin.py:120} INFO - [2023-11-20T18:48:51.161+0000] {dag.py:3340} INFO - Setting next_dagrun for example_branch_labels to 2023-11-19T00:00:00+00:00, run_after=2023-11-20T00:00:00+00:00
[2023-11-20T18:48:51.187+0000] {processor.py:176} INFO - Processing /home/airflow/.local/lib/python3.7/site-packages/airflow/example_dags/example_branch_labels.py took 0.206 seconds
[2023-11-20T18:49:21.466+0000] {processor.py:154} INFO - Started process (PID=580) to work on /home/airflow/.local/lib/python3.7/site-packages/airflow/example_dags/example_branch_labels.py
[2023-11-20T18:49:21.467+0000] {processor.py:756} INFO - Processing file /home/airflow/.local/lib/python3.7/site-packages/airflow/example_dags/example_branch_labels.py for tasks to queue
[2023-11-20T18:49:21.468+0000] {logging_mixin.py:120} INFO - [2023-11-20T18:49:21.467+0000] {dagbag.py:537} INFO - Filling up the DagBag from /home/airflow/.local/lib/python3.7/site-packages/airflow/example_dags/example_branch_labels.py
[2023-11-20T18:49:21.484+0000] {processor.py:766} INFO - DAG(s) dict_keys(['example_branch_labels']) retrieved from /home/airflow/.local/lib/python3.7/site-packages/airflow/example_dags/example_branch_labels.py
[2023-11-20T18:49:21.538+0000] {logging_mixin.py:120} INFO - [2023-11-20T18:49:21.538+0000] {dag.py:2585} INFO - Sync 1 DAGs
[2023-11-20T18:49:21.580+0000] {logging_mixin.py:120} INFO - [2023-11-20T18:49:21.580+0000] {dag.py:3340} INFO - Setting next_dagrun for example_branch_labels to 2023-11-19T00:00:00+00:00, run_after=2023-11-20T00:00:00+00:00
[2023-11-20T18:49:21.627+0000] {processor.py:176} INFO - Processing /home/airflow/.local/lib/python3.7/site-packages/airflow/example_dags/example_branch_labels.py took 0.165 seconds
[2023-11-20T18:49:52.135+0000] {processor.py:154} INFO - Started process (PID=634) to work on /home/airflow/.local/lib/python3.7/site-packages/airflow/example_dags/example_branch_labels.py
[2023-11-20T18:49:52.139+0000] {processor.py:756} INFO - Processing file /home/airflow/.local/lib/python3.7/site-packages/airflow/example_dags/example_branch_labels.py for tasks to queue
[2023-11-20T18:49:52.139+0000] {logging_mixin.py:120} INFO - [2023-11-20T18:49:52.139+0000] {dagbag.py:537} INFO - Filling up the DagBag from /home/airflow/.local/lib/python3.7/site-packages/airflow/example_dags/example_branch_labels.py
[2023-11-20T18:49:52.179+0000] {processor.py:766} INFO - DAG(s) dict_keys(['example_branch_labels']) retrieved from /home/airflow/.local/lib/python3.7/site-packages/airflow/example_dags/example_branch_labels.py
[2023-11-20T18:49:52.260+0000] {logging_mixin.py:120} INFO - [2023-11-20T18:49:52.260+0000] {dag.py:2585} INFO - Sync 1 DAGs
[2023-11-20T18:49:52.302+0000] {logging_mixin.py:120} INFO - [2023-11-20T18:49:52.301+0000] {dag.py:3340} INFO - Setting next_dagrun for example_branch_labels to 2023-11-19T00:00:00+00:00, run_after=2023-11-20T00:00:00+00:00
[2023-11-20T18:49:52.333+0000] {processor.py:176} INFO - Processing /home/airflow/.local/lib/python3.7/site-packages/airflow/example_dags/example_branch_labels.py took 0.203 seconds
[2023-11-20T18:50:22.796+0000] {processor.py:154} INFO - Started process (PID=698) to work on /home/airflow/.local/lib/python3.7/site-packages/airflow/example_dags/example_branch_labels.py
[2023-11-20T18:50:22.797+0000] {processor.py:756} INFO - Processing file /home/airflow/.local/lib/python3.7/site-packages/airflow/example_dags/example_branch_labels.py for tasks to queue
[2023-11-20T18:50:22.798+0000] {logging_mixin.py:120} INFO - [2023-11-20T18:50:22.798+0000] {dagbag.py:537} INFO - Filling up the DagBag from /home/airflow/.local/lib/python3.7/site-packages/airflow/example_dags/example_branch_labels.py
[2023-11-20T18:50:22.815+0000] {processor.py:766} INFO - DAG(s) dict_keys(['example_branch_labels']) retrieved from /home/airflow/.local/lib/python3.7/site-packages/airflow/example_dags/example_branch_labels.py
[2023-11-20T18:50:22.899+0000] {logging_mixin.py:120} INFO - [2023-11-20T18:50:22.899+0000] {dag.py:2585} INFO - Sync 1 DAGs
[2023-11-20T18:50:22.940+0000] {logging_mixin.py:120} INFO - [2023-11-20T18:50:22.940+0000] {dag.py:3340} INFO - Setting next_dagrun for example_branch_labels to 2023-11-19T00:00:00+00:00, run_after=2023-11-20T00:00:00+00:00
[2023-11-20T18:50:23.007+0000] {processor.py:176} INFO - Processing /home/airflow/.local/lib/python3.7/site-packages/airflow/example_dags/example_branch_labels.py took 0.215 seconds
[2023-11-20T18:50:53.786+0000] {processor.py:154} INFO - Started process (PID=761) to work on /home/airflow/.local/lib/python3.7/site-packages/airflow/example_dags/example_branch_labels.py
[2023-11-20T18:50:53.787+0000] {processor.py:756} INFO - Processing file /home/airflow/.local/lib/python3.7/site-packages/airflow/example_dags/example_branch_labels.py for tasks to queue
[2023-11-20T18:50:53.788+0000] {logging_mixin.py:120} INFO - [2023-11-20T18:50:53.787+0000] {dagbag.py:537} INFO - Filling up the DagBag from /home/airflow/.local/lib/python3.7/site-packages/airflow/example_dags/example_branch_labels.py
[2023-11-20T18:50:53.804+0000] {processor.py:766} INFO - DAG(s) dict_keys(['example_branch_labels']) retrieved from /home/airflow/.local/lib/python3.7/site-packages/airflow/example_dags/example_branch_labels.py
[2023-11-20T18:50:53.879+0000] {logging_mixin.py:120} INFO - [2023-11-20T18:50:53.879+0000] {dag.py:2585} INFO - Sync 1 DAGs
[2023-11-20T18:50:53.922+0000] {logging_mixin.py:120} INFO - [2023-11-20T18:50:53.922+0000] {dag.py:3340} INFO - Setting next_dagrun for example_branch_labels to 2023-11-19T00:00:00+00:00, run_after=2023-11-20T00:00:00+00:00
[2023-11-20T18:50:53.950+0000] {processor.py:176} INFO - Processing /home/airflow/.local/lib/python3.7/site-packages/airflow/example_dags/example_branch_labels.py took 0.167 seconds
[2023-11-20T18:51:24.076+0000] {processor.py:154} INFO - Started process (PID=815) to work on /home/airflow/.local/lib/python3.7/site-packages/airflow/example_dags/example_branch_labels.py
[2023-11-20T18:51:24.077+0000] {processor.py:756} INFO - Processing file /home/airflow/.local/lib/python3.7/site-packages/airflow/example_dags/example_branch_labels.py for tasks to queue
[2023-11-20T18:51:24.077+0000] {logging_mixin.py:120} INFO - [2023-11-20T18:51:24.077+0000] {dagbag.py:537} INFO - Filling up the DagBag from /home/airflow/.local/lib/python3.7/site-packages/airflow/example_dags/example_branch_labels.py
[2023-11-20T18:51:24.096+0000] {processor.py:766} INFO - DAG(s) dict_keys(['example_branch_labels']) retrieved from /home/airflow/.local/lib/python3.7/site-packages/airflow/example_dags/example_branch_labels.py
[2023-11-20T18:51:24.159+0000] {logging_mixin.py:120} INFO - [2023-11-20T18:51:24.158+0000] {dag.py:2585} INFO - Sync 1 DAGs
[2023-11-20T18:51:24.195+0000] {logging_mixin.py:120} INFO - [2023-11-20T18:51:24.195+0000] {dag.py:3340} INFO - Setting next_dagrun for example_branch_labels to 2023-11-19T00:00:00+00:00, run_after=2023-11-20T00:00:00+00:00
[2023-11-20T18:51:24.233+0000] {processor.py:176} INFO - Processing /home/airflow/.local/lib/python3.7/site-packages/airflow/example_dags/example_branch_labels.py took 0.161 seconds
[2023-11-20T18:51:56.064+0000] {processor.py:154} INFO - Started process (PID=877) to work on /home/airflow/.local/lib/python3.7/site-packages/airflow/example_dags/example_branch_labels.py
[2023-11-20T18:51:56.066+0000] {processor.py:756} INFO - Processing file /home/airflow/.local/lib/python3.7/site-packages/airflow/example_dags/example_branch_labels.py for tasks to queue
[2023-11-20T18:51:56.067+0000] {logging_mixin.py:120} INFO - [2023-11-20T18:51:56.067+0000] {dagbag.py:537} INFO - Filling up the DagBag from /home/airflow/.local/lib/python3.7/site-packages/airflow/example_dags/example_branch_labels.py
[2023-11-20T18:51:56.104+0000] {processor.py:766} INFO - DAG(s) dict_keys(['example_branch_labels']) retrieved from /home/airflow/.local/lib/python3.7/site-packages/airflow/example_dags/example_branch_labels.py
[2023-11-20T18:51:56.280+0000] {logging_mixin.py:120} INFO - [2023-11-20T18:51:56.280+0000] {dag.py:2585} INFO - Sync 1 DAGs
[2023-11-20T18:51:56.396+0000] {logging_mixin.py:120} INFO - [2023-11-20T18:51:56.396+0000] {dag.py:3340} INFO - Setting next_dagrun for example_branch_labels to 2023-11-19T00:00:00+00:00, run_after=2023-11-20T00:00:00+00:00
[2023-11-20T18:51:56.470+0000] {processor.py:176} INFO - Processing /home/airflow/.local/lib/python3.7/site-packages/airflow/example_dags/example_branch_labels.py took 0.413 seconds
[2023-11-20T18:52:26.914+0000] {processor.py:154} INFO - Started process (PID=931) to work on /home/airflow/.local/lib/python3.7/site-packages/airflow/example_dags/example_branch_labels.py
[2023-11-20T18:52:26.915+0000] {processor.py:756} INFO - Processing file /home/airflow/.local/lib/python3.7/site-packages/airflow/example_dags/example_branch_labels.py for tasks to queue
[2023-11-20T18:52:26.916+0000] {logging_mixin.py:120} INFO - [2023-11-20T18:52:26.916+0000] {dagbag.py:537} INFO - Filling up the DagBag from /home/airflow/.local/lib/python3.7/site-packages/airflow/example_dags/example_branch_labels.py
[2023-11-20T18:52:26.933+0000] {processor.py:766} INFO - DAG(s) dict_keys(['example_branch_labels']) retrieved from /home/airflow/.local/lib/python3.7/site-packages/airflow/example_dags/example_branch_labels.py
[2023-11-20T18:52:26.983+0000] {logging_mixin.py:120} INFO - [2023-11-20T18:52:26.983+0000] {dag.py:2585} INFO - Sync 1 DAGs
[2023-11-20T18:52:27.019+0000] {logging_mixin.py:120} INFO - [2023-11-20T18:52:27.019+0000] {dag.py:3340} INFO - Setting next_dagrun for example_branch_labels to 2023-11-19T00:00:00+00:00, run_after=2023-11-20T00:00:00+00:00
[2023-11-20T18:52:27.045+0000] {processor.py:176} INFO - Processing /home/airflow/.local/lib/python3.7/site-packages/airflow/example_dags/example_branch_labels.py took 0.134 seconds
[2023-11-20T18:52:57.790+0000] {processor.py:154} INFO - Started process (PID=993) to work on /home/airflow/.local/lib/python3.7/site-packages/airflow/example_dags/example_branch_labels.py
[2023-11-20T18:52:57.791+0000] {processor.py:756} INFO - Processing file /home/airflow/.local/lib/python3.7/site-packages/airflow/example_dags/example_branch_labels.py for tasks to queue
[2023-11-20T18:52:57.792+0000] {logging_mixin.py:120} INFO - [2023-11-20T18:52:57.792+0000] {dagbag.py:537} INFO - Filling up the DagBag from /home/airflow/.local/lib/python3.7/site-packages/airflow/example_dags/example_branch_labels.py
[2023-11-20T18:52:57.809+0000] {processor.py:766} INFO - DAG(s) dict_keys(['example_branch_labels']) retrieved from /home/airflow/.local/lib/python3.7/site-packages/airflow/example_dags/example_branch_labels.py
[2023-11-20T18:52:57.855+0000] {logging_mixin.py:120} INFO - [2023-11-20T18:52:57.854+0000] {dag.py:2585} INFO - Sync 1 DAGs
[2023-11-20T18:52:57.890+0000] {logging_mixin.py:120} INFO - [2023-11-20T18:52:57.890+0000] {dag.py:3340} INFO - Setting next_dagrun for example_branch_labels to 2023-11-19T00:00:00+00:00, run_after=2023-11-20T00:00:00+00:00
[2023-11-20T18:52:57.920+0000] {processor.py:176} INFO - Processing /home/airflow/.local/lib/python3.7/site-packages/airflow/example_dags/example_branch_labels.py took 0.133 seconds
[2023-11-20T18:53:28.810+0000] {processor.py:154} INFO - Started process (PID=1046) to work on /home/airflow/.local/lib/python3.7/site-packages/airflow/example_dags/example_branch_labels.py
[2023-11-20T18:53:28.811+0000] {processor.py:756} INFO - Processing file /home/airflow/.local/lib/python3.7/site-packages/airflow/example_dags/example_branch_labels.py for tasks to queue
[2023-11-20T18:53:28.812+0000] {logging_mixin.py:120} INFO - [2023-11-20T18:53:28.812+0000] {dagbag.py:537} INFO - Filling up the DagBag from /home/airflow/.local/lib/python3.7/site-packages/airflow/example_dags/example_branch_labels.py
[2023-11-20T18:53:28.831+0000] {processor.py:766} INFO - DAG(s) dict_keys(['example_branch_labels']) retrieved from /home/airflow/.local/lib/python3.7/site-packages/airflow/example_dags/example_branch_labels.py
[2023-11-20T18:53:28.883+0000] {logging_mixin.py:120} INFO - [2023-11-20T18:53:28.883+0000] {dag.py:2585} INFO - Sync 1 DAGs
[2023-11-20T18:53:28.919+0000] {logging_mixin.py:120} INFO - [2023-11-20T18:53:28.919+0000] {dag.py:3340} INFO - Setting next_dagrun for example_branch_labels to 2023-11-19T00:00:00+00:00, run_after=2023-11-20T00:00:00+00:00
[2023-11-20T18:53:28.947+0000] {processor.py:176} INFO - Processing /home/airflow/.local/lib/python3.7/site-packages/airflow/example_dags/example_branch_labels.py took 0.140 seconds
[2023-11-20T18:53:59.269+0000] {processor.py:154} INFO - Started process (PID=1109) to work on /home/airflow/.local/lib/python3.7/site-packages/airflow/example_dags/example_branch_labels.py
[2023-11-20T18:53:59.274+0000] {processor.py:756} INFO - Processing file /home/airflow/.local/lib/python3.7/site-packages/airflow/example_dags/example_branch_labels.py for tasks to queue
[2023-11-20T18:53:59.275+0000] {logging_mixin.py:120} INFO - [2023-11-20T18:53:59.275+0000] {dagbag.py:537} INFO - Filling up the DagBag from /home/airflow/.local/lib/python3.7/site-packages/airflow/example_dags/example_branch_labels.py
[2023-11-20T18:53:59.316+0000] {processor.py:766} INFO - DAG(s) dict_keys(['example_branch_labels']) retrieved from /home/airflow/.local/lib/python3.7/site-packages/airflow/example_dags/example_branch_labels.py
[2023-11-20T18:53:59.366+0000] {logging_mixin.py:120} INFO - [2023-11-20T18:53:59.366+0000] {dag.py:2585} INFO - Sync 1 DAGs
[2023-11-20T18:53:59.413+0000] {logging_mixin.py:120} INFO - [2023-11-20T18:53:59.413+0000] {dag.py:3340} INFO - Setting next_dagrun for example_branch_labels to 2023-11-19T00:00:00+00:00, run_after=2023-11-20T00:00:00+00:00
[2023-11-20T18:53:59.451+0000] {processor.py:176} INFO - Processing /home/airflow/.local/lib/python3.7/site-packages/airflow/example_dags/example_branch_labels.py took 0.186 seconds
[2023-11-20T18:54:29.790+0000] {processor.py:154} INFO - Started process (PID=1163) to work on /home/airflow/.local/lib/python3.7/site-packages/airflow/example_dags/example_branch_labels.py
[2023-11-20T18:54:29.791+0000] {processor.py:756} INFO - Processing file /home/airflow/.local/lib/python3.7/site-packages/airflow/example_dags/example_branch_labels.py for tasks to queue
[2023-11-20T18:54:29.795+0000] {logging_mixin.py:120} INFO - [2023-11-20T18:54:29.795+0000] {dagbag.py:537} INFO - Filling up the DagBag from /home/airflow/.local/lib/python3.7/site-packages/airflow/example_dags/example_branch_labels.py
[2023-11-20T18:54:29.817+0000] {processor.py:766} INFO - DAG(s) dict_keys(['example_branch_labels']) retrieved from /home/airflow/.local/lib/python3.7/site-packages/airflow/example_dags/example_branch_labels.py
[2023-11-20T18:54:29.879+0000] {logging_mixin.py:120} INFO - [2023-11-20T18:54:29.879+0000] {dag.py:2585} INFO - Sync 1 DAGs
[2023-11-20T18:54:29.921+0000] {logging_mixin.py:120} INFO - [2023-11-20T18:54:29.921+0000] {dag.py:3340} INFO - Setting next_dagrun for example_branch_labels to 2023-11-19T00:00:00+00:00, run_after=2023-11-20T00:00:00+00:00
[2023-11-20T18:54:29.976+0000] {processor.py:176} INFO - Processing /home/airflow/.local/lib/python3.7/site-packages/airflow/example_dags/example_branch_labels.py took 0.190 seconds
[2023-11-20T18:55:00.945+0000] {processor.py:154} INFO - Started process (PID=1225) to work on /home/airflow/.local/lib/python3.7/site-packages/airflow/example_dags/example_branch_labels.py
[2023-11-20T18:55:00.947+0000] {processor.py:756} INFO - Processing file /home/airflow/.local/lib/python3.7/site-packages/airflow/example_dags/example_branch_labels.py for tasks to queue
[2023-11-20T18:55:00.948+0000] {logging_mixin.py:120} INFO - [2023-11-20T18:55:00.947+0000] {dagbag.py:537} INFO - Filling up the DagBag from /home/airflow/.local/lib/python3.7/site-packages/airflow/example_dags/example_branch_labels.py
[2023-11-20T18:55:00.967+0000] {processor.py:766} INFO - DAG(s) dict_keys(['example_branch_labels']) retrieved from /home/airflow/.local/lib/python3.7/site-packages/airflow/example_dags/example_branch_labels.py
[2023-11-20T18:55:01.016+0000] {logging_mixin.py:120} INFO - [2023-11-20T18:55:01.015+0000] {dag.py:2585} INFO - Sync 1 DAGs
[2023-11-20T18:55:01.049+0000] {logging_mixin.py:120} INFO - [2023-11-20T18:55:01.049+0000] {dag.py:3340} INFO - Setting next_dagrun for example_branch_labels to 2023-11-19T00:00:00+00:00, run_after=2023-11-20T00:00:00+00:00
[2023-11-20T18:55:01.072+0000] {processor.py:176} INFO - Processing /home/airflow/.local/lib/python3.7/site-packages/airflow/example_dags/example_branch_labels.py took 0.130 seconds
[2023-11-20T18:55:32.591+0000] {processor.py:154} INFO - Started process (PID=1280) to work on /home/airflow/.local/lib/python3.7/site-packages/airflow/example_dags/example_branch_labels.py
[2023-11-20T18:55:32.592+0000] {processor.py:756} INFO - Processing file /home/airflow/.local/lib/python3.7/site-packages/airflow/example_dags/example_branch_labels.py for tasks to queue
[2023-11-20T18:55:32.593+0000] {logging_mixin.py:120} INFO - [2023-11-20T18:55:32.593+0000] {dagbag.py:537} INFO - Filling up the DagBag from /home/airflow/.local/lib/python3.7/site-packages/airflow/example_dags/example_branch_labels.py
[2023-11-20T18:55:32.616+0000] {processor.py:766} INFO - DAG(s) dict_keys(['example_branch_labels']) retrieved from /home/airflow/.local/lib/python3.7/site-packages/airflow/example_dags/example_branch_labels.py
[2023-11-20T18:55:32.744+0000] {logging_mixin.py:120} INFO - [2023-11-20T18:55:32.744+0000] {dag.py:2585} INFO - Sync 1 DAGs
[2023-11-20T18:55:32.778+0000] {logging_mixin.py:120} INFO - [2023-11-20T18:55:32.778+0000] {dag.py:3340} INFO - Setting next_dagrun for example_branch_labels to 2023-11-19T00:00:00+00:00, run_after=2023-11-20T00:00:00+00:00
[2023-11-20T18:55:32.834+0000] {processor.py:176} INFO - Processing /home/airflow/.local/lib/python3.7/site-packages/airflow/example_dags/example_branch_labels.py took 0.247 seconds
[2023-11-20T18:56:03.467+0000] {processor.py:154} INFO - Started process (PID=1343) to work on /home/airflow/.local/lib/python3.7/site-packages/airflow/example_dags/example_branch_labels.py
[2023-11-20T18:56:03.468+0000] {processor.py:756} INFO - Processing file /home/airflow/.local/lib/python3.7/site-packages/airflow/example_dags/example_branch_labels.py for tasks to queue
[2023-11-20T18:56:03.468+0000] {logging_mixin.py:120} INFO - [2023-11-20T18:56:03.468+0000] {dagbag.py:537} INFO - Filling up the DagBag from /home/airflow/.local/lib/python3.7/site-packages/airflow/example_dags/example_branch_labels.py
[2023-11-20T18:56:03.487+0000] {processor.py:766} INFO - DAG(s) dict_keys(['example_branch_labels']) retrieved from /home/airflow/.local/lib/python3.7/site-packages/airflow/example_dags/example_branch_labels.py
[2023-11-20T18:56:03.536+0000] {logging_mixin.py:120} INFO - [2023-11-20T18:56:03.536+0000] {dag.py:2585} INFO - Sync 1 DAGs
[2023-11-20T18:56:03.590+0000] {logging_mixin.py:120} INFO - [2023-11-20T18:56:03.590+0000] {dag.py:3340} INFO - Setting next_dagrun for example_branch_labels to 2023-11-19T00:00:00+00:00, run_after=2023-11-20T00:00:00+00:00
[2023-11-20T18:56:03.660+0000] {processor.py:176} INFO - Processing /home/airflow/.local/lib/python3.7/site-packages/airflow/example_dags/example_branch_labels.py took 0.197 seconds
[2023-11-20T18:56:33.749+0000] {processor.py:154} INFO - Started process (PID=1396) to work on /home/airflow/.local/lib/python3.7/site-packages/airflow/example_dags/example_branch_labels.py
[2023-11-20T18:56:33.755+0000] {processor.py:756} INFO - Processing file /home/airflow/.local/lib/python3.7/site-packages/airflow/example_dags/example_branch_labels.py for tasks to queue
[2023-11-20T18:56:33.769+0000] {logging_mixin.py:120} INFO - [2023-11-20T18:56:33.769+0000] {dagbag.py:537} INFO - Filling up the DagBag from /home/airflow/.local/lib/python3.7/site-packages/airflow/example_dags/example_branch_labels.py
[2023-11-20T18:56:33.812+0000] {processor.py:766} INFO - DAG(s) dict_keys(['example_branch_labels']) retrieved from /home/airflow/.local/lib/python3.7/site-packages/airflow/example_dags/example_branch_labels.py
[2023-11-20T18:56:33.969+0000] {logging_mixin.py:120} INFO - [2023-11-20T18:56:33.969+0000] {dag.py:2585} INFO - Sync 1 DAGs
[2023-11-20T18:56:34.038+0000] {logging_mixin.py:120} INFO - [2023-11-20T18:56:34.037+0000] {dag.py:3340} INFO - Setting next_dagrun for example_branch_labels to 2023-11-19T00:00:00+00:00, run_after=2023-11-20T00:00:00+00:00
[2023-11-20T18:56:34.066+0000] {processor.py:176} INFO - Processing /home/airflow/.local/lib/python3.7/site-packages/airflow/example_dags/example_branch_labels.py took 0.324 seconds
[2023-11-20T18:57:04.203+0000] {processor.py:154} INFO - Started process (PID=1458) to work on /home/airflow/.local/lib/python3.7/site-packages/airflow/example_dags/example_branch_labels.py
[2023-11-20T18:57:04.204+0000] {processor.py:756} INFO - Processing file /home/airflow/.local/lib/python3.7/site-packages/airflow/example_dags/example_branch_labels.py for tasks to queue
[2023-11-20T18:57:04.204+0000] {logging_mixin.py:120} INFO - [2023-11-20T18:57:04.204+0000] {dagbag.py:537} INFO - Filling up the DagBag from /home/airflow/.local/lib/python3.7/site-packages/airflow/example_dags/example_branch_labels.py
[2023-11-20T18:57:04.222+0000] {processor.py:766} INFO - DAG(s) dict_keys(['example_branch_labels']) retrieved from /home/airflow/.local/lib/python3.7/site-packages/airflow/example_dags/example_branch_labels.py
[2023-11-20T18:57:04.260+0000] {logging_mixin.py:120} INFO - [2023-11-20T18:57:04.260+0000] {dag.py:2585} INFO - Sync 1 DAGs
[2023-11-20T18:57:04.281+0000] {logging_mixin.py:120} INFO - [2023-11-20T18:57:04.281+0000] {dag.py:3340} INFO - Setting next_dagrun for example_branch_labels to 2023-11-19T00:00:00+00:00, run_after=2023-11-20T00:00:00+00:00
[2023-11-20T18:57:04.301+0000] {processor.py:176} INFO - Processing /home/airflow/.local/lib/python3.7/site-packages/airflow/example_dags/example_branch_labels.py took 0.101 seconds
[2023-11-20T18:57:34.464+0000] {processor.py:154} INFO - Started process (PID=1519) to work on /home/airflow/.local/lib/python3.7/site-packages/airflow/example_dags/example_branch_labels.py
[2023-11-20T18:57:34.468+0000] {processor.py:756} INFO - Processing file /home/airflow/.local/lib/python3.7/site-packages/airflow/example_dags/example_branch_labels.py for tasks to queue
[2023-11-20T18:57:34.479+0000] {logging_mixin.py:120} INFO - [2023-11-20T18:57:34.479+0000] {dagbag.py:537} INFO - Filling up the DagBag from /home/airflow/.local/lib/python3.7/site-packages/airflow/example_dags/example_branch_labels.py
[2023-11-20T18:57:34.526+0000] {processor.py:766} INFO - DAG(s) dict_keys(['example_branch_labels']) retrieved from /home/airflow/.local/lib/python3.7/site-packages/airflow/example_dags/example_branch_labels.py
[2023-11-20T18:57:34.596+0000] {logging_mixin.py:120} INFO - [2023-11-20T18:57:34.596+0000] {dag.py:2585} INFO - Sync 1 DAGs
[2023-11-20T18:57:34.657+0000] {logging_mixin.py:120} INFO - [2023-11-20T18:57:34.655+0000] {dag.py:3340} INFO - Setting next_dagrun for example_branch_labels to 2023-11-19T00:00:00+00:00, run_after=2023-11-20T00:00:00+00:00
[2023-11-20T18:57:34.719+0000] {processor.py:176} INFO - Processing /home/airflow/.local/lib/python3.7/site-packages/airflow/example_dags/example_branch_labels.py took 0.265 seconds
[2023-11-20T18:58:05.402+0000] {processor.py:154} INFO - Started process (PID=1575) to work on /home/airflow/.local/lib/python3.7/site-packages/airflow/example_dags/example_branch_labels.py
[2023-11-20T18:58:05.403+0000] {processor.py:756} INFO - Processing file /home/airflow/.local/lib/python3.7/site-packages/airflow/example_dags/example_branch_labels.py for tasks to queue
[2023-11-20T18:58:05.413+0000] {logging_mixin.py:120} INFO - [2023-11-20T18:58:05.413+0000] {dagbag.py:537} INFO - Filling up the DagBag from /home/airflow/.local/lib/python3.7/site-packages/airflow/example_dags/example_branch_labels.py
[2023-11-20T18:58:05.456+0000] {processor.py:766} INFO - DAG(s) dict_keys(['example_branch_labels']) retrieved from /home/airflow/.local/lib/python3.7/site-packages/airflow/example_dags/example_branch_labels.py
[2023-11-20T18:58:05.546+0000] {logging_mixin.py:120} INFO - [2023-11-20T18:58:05.546+0000] {dag.py:2585} INFO - Sync 1 DAGs
[2023-11-20T18:58:05.617+0000] {logging_mixin.py:120} INFO - [2023-11-20T18:58:05.617+0000] {dag.py:3340} INFO - Setting next_dagrun for example_branch_labels to 2023-11-19T00:00:00+00:00, run_after=2023-11-20T00:00:00+00:00
[2023-11-20T18:58:05.679+0000] {processor.py:176} INFO - Processing /home/airflow/.local/lib/python3.7/site-packages/airflow/example_dags/example_branch_labels.py took 0.280 seconds
[2023-11-20T18:58:36.230+0000] {processor.py:154} INFO - Started process (PID=1637) to work on /home/airflow/.local/lib/python3.7/site-packages/airflow/example_dags/example_branch_labels.py
[2023-11-20T18:58:36.231+0000] {processor.py:756} INFO - Processing file /home/airflow/.local/lib/python3.7/site-packages/airflow/example_dags/example_branch_labels.py for tasks to queue
[2023-11-20T18:58:36.232+0000] {logging_mixin.py:120} INFO - [2023-11-20T18:58:36.232+0000] {dagbag.py:537} INFO - Filling up the DagBag from /home/airflow/.local/lib/python3.7/site-packages/airflow/example_dags/example_branch_labels.py
[2023-11-20T18:58:36.250+0000] {processor.py:766} INFO - DAG(s) dict_keys(['example_branch_labels']) retrieved from /home/airflow/.local/lib/python3.7/site-packages/airflow/example_dags/example_branch_labels.py
[2023-11-20T18:58:36.296+0000] {logging_mixin.py:120} INFO - [2023-11-20T18:58:36.296+0000] {dag.py:2585} INFO - Sync 1 DAGs
[2023-11-20T18:58:36.332+0000] {logging_mixin.py:120} INFO - [2023-11-20T18:58:36.332+0000] {dag.py:3340} INFO - Setting next_dagrun for example_branch_labels to 2023-11-19T00:00:00+00:00, run_after=2023-11-20T00:00:00+00:00
[2023-11-20T18:58:36.382+0000] {processor.py:176} INFO - Processing /home/airflow/.local/lib/python3.7/site-packages/airflow/example_dags/example_branch_labels.py took 0.156 seconds
[2023-11-20T18:59:06.524+0000] {processor.py:154} INFO - Started process (PID=1691) to work on /home/airflow/.local/lib/python3.7/site-packages/airflow/example_dags/example_branch_labels.py
[2023-11-20T18:59:06.526+0000] {processor.py:756} INFO - Processing file /home/airflow/.local/lib/python3.7/site-packages/airflow/example_dags/example_branch_labels.py for tasks to queue
[2023-11-20T18:59:06.527+0000] {logging_mixin.py:120} INFO - [2023-11-20T18:59:06.527+0000] {dagbag.py:537} INFO - Filling up the DagBag from /home/airflow/.local/lib/python3.7/site-packages/airflow/example_dags/example_branch_labels.py
[2023-11-20T18:59:06.556+0000] {processor.py:766} INFO - DAG(s) dict_keys(['example_branch_labels']) retrieved from /home/airflow/.local/lib/python3.7/site-packages/airflow/example_dags/example_branch_labels.py
[2023-11-20T18:59:06.603+0000] {logging_mixin.py:120} INFO - [2023-11-20T18:59:06.603+0000] {dag.py:2585} INFO - Sync 1 DAGs
[2023-11-20T18:59:06.636+0000] {logging_mixin.py:120} INFO - [2023-11-20T18:59:06.636+0000] {dag.py:3340} INFO - Setting next_dagrun for example_branch_labels to 2023-11-19T00:00:00+00:00, run_after=2023-11-20T00:00:00+00:00
[2023-11-20T18:59:06.678+0000] {processor.py:176} INFO - Processing /home/airflow/.local/lib/python3.7/site-packages/airflow/example_dags/example_branch_labels.py took 0.160 seconds
[2023-11-20T18:59:37.290+0000] {processor.py:154} INFO - Started process (PID=1755) to work on /home/airflow/.local/lib/python3.7/site-packages/airflow/example_dags/example_branch_labels.py
[2023-11-20T18:59:37.291+0000] {processor.py:756} INFO - Processing file /home/airflow/.local/lib/python3.7/site-packages/airflow/example_dags/example_branch_labels.py for tasks to queue
[2023-11-20T18:59:37.292+0000] {logging_mixin.py:120} INFO - [2023-11-20T18:59:37.292+0000] {dagbag.py:537} INFO - Filling up the DagBag from /home/airflow/.local/lib/python3.7/site-packages/airflow/example_dags/example_branch_labels.py
[2023-11-20T18:59:37.309+0000] {processor.py:766} INFO - DAG(s) dict_keys(['example_branch_labels']) retrieved from /home/airflow/.local/lib/python3.7/site-packages/airflow/example_dags/example_branch_labels.py
[2023-11-20T18:59:37.355+0000] {logging_mixin.py:120} INFO - [2023-11-20T18:59:37.355+0000] {dag.py:2585} INFO - Sync 1 DAGs
[2023-11-20T18:59:37.389+0000] {logging_mixin.py:120} INFO - [2023-11-20T18:59:37.389+0000] {dag.py:3340} INFO - Setting next_dagrun for example_branch_labels to 2023-11-19T00:00:00+00:00, run_after=2023-11-20T00:00:00+00:00
[2023-11-20T18:59:37.419+0000] {processor.py:176} INFO - Processing /home/airflow/.local/lib/python3.7/site-packages/airflow/example_dags/example_branch_labels.py took 0.131 seconds
[2023-11-20T19:00:08.081+0000] {processor.py:154} INFO - Started process (PID=1816) to work on /home/airflow/.local/lib/python3.7/site-packages/airflow/example_dags/example_branch_labels.py
[2023-11-20T19:00:08.091+0000] {processor.py:756} INFO - Processing file /home/airflow/.local/lib/python3.7/site-packages/airflow/example_dags/example_branch_labels.py for tasks to queue
[2023-11-20T19:00:08.092+0000] {logging_mixin.py:120} INFO - [2023-11-20T19:00:08.092+0000] {dagbag.py:537} INFO - Filling up the DagBag from /home/airflow/.local/lib/python3.7/site-packages/airflow/example_dags/example_branch_labels.py
[2023-11-20T19:00:08.123+0000] {processor.py:766} INFO - DAG(s) dict_keys(['example_branch_labels']) retrieved from /home/airflow/.local/lib/python3.7/site-packages/airflow/example_dags/example_branch_labels.py
[2023-11-20T19:00:08.208+0000] {logging_mixin.py:120} INFO - [2023-11-20T19:00:08.208+0000] {dag.py:2585} INFO - Sync 1 DAGs
[2023-11-20T19:00:08.267+0000] {logging_mixin.py:120} INFO - [2023-11-20T19:00:08.266+0000] {dag.py:3340} INFO - Setting next_dagrun for example_branch_labels to 2023-11-19T00:00:00+00:00, run_after=2023-11-20T00:00:00+00:00
[2023-11-20T19:00:08.314+0000] {processor.py:176} INFO - Processing /home/airflow/.local/lib/python3.7/site-packages/airflow/example_dags/example_branch_labels.py took 0.236 seconds
[2023-11-20T19:00:38.531+0000] {processor.py:154} INFO - Started process (PID=1872) to work on /home/airflow/.local/lib/python3.7/site-packages/airflow/example_dags/example_branch_labels.py
[2023-11-20T19:00:38.532+0000] {processor.py:756} INFO - Processing file /home/airflow/.local/lib/python3.7/site-packages/airflow/example_dags/example_branch_labels.py for tasks to queue
[2023-11-20T19:00:38.533+0000] {logging_mixin.py:120} INFO - [2023-11-20T19:00:38.533+0000] {dagbag.py:537} INFO - Filling up the DagBag from /home/airflow/.local/lib/python3.7/site-packages/airflow/example_dags/example_branch_labels.py
[2023-11-20T19:00:38.575+0000] {processor.py:766} INFO - DAG(s) dict_keys(['example_branch_labels']) retrieved from /home/airflow/.local/lib/python3.7/site-packages/airflow/example_dags/example_branch_labels.py
[2023-11-20T19:00:38.622+0000] {logging_mixin.py:120} INFO - [2023-11-20T19:00:38.622+0000] {dag.py:2585} INFO - Sync 1 DAGs
[2023-11-20T19:00:38.658+0000] {logging_mixin.py:120} INFO - [2023-11-20T19:00:38.658+0000] {dag.py:3340} INFO - Setting next_dagrun for example_branch_labels to 2023-11-19T00:00:00+00:00, run_after=2023-11-20T00:00:00+00:00
[2023-11-20T19:00:38.702+0000] {processor.py:176} INFO - Processing /home/airflow/.local/lib/python3.7/site-packages/airflow/example_dags/example_branch_labels.py took 0.190 seconds
[2023-11-20T19:01:09.101+0000] {processor.py:154} INFO - Started process (PID=1939) to work on /home/airflow/.local/lib/python3.7/site-packages/airflow/example_dags/example_branch_labels.py
[2023-11-20T19:01:09.102+0000] {processor.py:756} INFO - Processing file /home/airflow/.local/lib/python3.7/site-packages/airflow/example_dags/example_branch_labels.py for tasks to queue
[2023-11-20T19:01:09.103+0000] {logging_mixin.py:120} INFO - [2023-11-20T19:01:09.103+0000] {dagbag.py:537} INFO - Filling up the DagBag from /home/airflow/.local/lib/python3.7/site-packages/airflow/example_dags/example_branch_labels.py
[2023-11-20T19:01:09.121+0000] {processor.py:766} INFO - DAG(s) dict_keys(['example_branch_labels']) retrieved from /home/airflow/.local/lib/python3.7/site-packages/airflow/example_dags/example_branch_labels.py
[2023-11-20T19:01:09.169+0000] {logging_mixin.py:120} INFO - [2023-11-20T19:01:09.168+0000] {dag.py:2585} INFO - Sync 1 DAGs
[2023-11-20T19:01:09.205+0000] {logging_mixin.py:120} INFO - [2023-11-20T19:01:09.205+0000] {dag.py:3340} INFO - Setting next_dagrun for example_branch_labels to 2023-11-19T00:00:00+00:00, run_after=2023-11-20T00:00:00+00:00
[2023-11-20T19:01:09.240+0000] {processor.py:176} INFO - Processing /home/airflow/.local/lib/python3.7/site-packages/airflow/example_dags/example_branch_labels.py took 0.141 seconds
[2023-11-20T19:01:39.578+0000] {processor.py:154} INFO - Started process (PID=1994) to work on /home/airflow/.local/lib/python3.7/site-packages/airflow/example_dags/example_branch_labels.py
[2023-11-20T19:01:39.579+0000] {processor.py:756} INFO - Processing file /home/airflow/.local/lib/python3.7/site-packages/airflow/example_dags/example_branch_labels.py for tasks to queue
[2023-11-20T19:01:39.580+0000] {logging_mixin.py:120} INFO - [2023-11-20T19:01:39.580+0000] {dagbag.py:537} INFO - Filling up the DagBag from /home/airflow/.local/lib/python3.7/site-packages/airflow/example_dags/example_branch_labels.py
[2023-11-20T19:01:39.598+0000] {processor.py:766} INFO - DAG(s) dict_keys(['example_branch_labels']) retrieved from /home/airflow/.local/lib/python3.7/site-packages/airflow/example_dags/example_branch_labels.py
[2023-11-20T19:01:39.646+0000] {logging_mixin.py:120} INFO - [2023-11-20T19:01:39.646+0000] {dag.py:2585} INFO - Sync 1 DAGs
[2023-11-20T19:01:39.680+0000] {logging_mixin.py:120} INFO - [2023-11-20T19:01:39.680+0000] {dag.py:3340} INFO - Setting next_dagrun for example_branch_labels to 2023-11-19T00:00:00+00:00, run_after=2023-11-20T00:00:00+00:00
[2023-11-20T19:01:39.713+0000] {processor.py:176} INFO - Processing /home/airflow/.local/lib/python3.7/site-packages/airflow/example_dags/example_branch_labels.py took 0.138 seconds
[2023-11-20T19:02:10.799+0000] {processor.py:154} INFO - Started process (PID=2057) to work on /home/airflow/.local/lib/python3.7/site-packages/airflow/example_dags/example_branch_labels.py
[2023-11-20T19:02:10.806+0000] {processor.py:756} INFO - Processing file /home/airflow/.local/lib/python3.7/site-packages/airflow/example_dags/example_branch_labels.py for tasks to queue
[2023-11-20T19:02:10.807+0000] {logging_mixin.py:120} INFO - [2023-11-20T19:02:10.807+0000] {dagbag.py:537} INFO - Filling up the DagBag from /home/airflow/.local/lib/python3.7/site-packages/airflow/example_dags/example_branch_labels.py
[2023-11-20T19:02:10.841+0000] {processor.py:766} INFO - DAG(s) dict_keys(['example_branch_labels']) retrieved from /home/airflow/.local/lib/python3.7/site-packages/airflow/example_dags/example_branch_labels.py
[2023-11-20T19:02:10.924+0000] {logging_mixin.py:120} INFO - [2023-11-20T19:02:10.924+0000] {dag.py:2585} INFO - Sync 1 DAGs
[2023-11-20T19:02:11.020+0000] {logging_mixin.py:120} INFO - [2023-11-20T19:02:11.020+0000] {dag.py:3340} INFO - Setting next_dagrun for example_branch_labels to 2023-11-19T00:00:00+00:00, run_after=2023-11-20T00:00:00+00:00
[2023-11-20T19:02:11.086+0000] {processor.py:176} INFO - Processing /home/airflow/.local/lib/python3.7/site-packages/airflow/example_dags/example_branch_labels.py took 0.301 seconds
[2023-11-20T19:02:41.931+0000] {processor.py:154} INFO - Started process (PID=2122) to work on /home/airflow/.local/lib/python3.7/site-packages/airflow/example_dags/example_branch_labels.py
[2023-11-20T19:02:41.932+0000] {processor.py:756} INFO - Processing file /home/airflow/.local/lib/python3.7/site-packages/airflow/example_dags/example_branch_labels.py for tasks to queue
[2023-11-20T19:02:41.932+0000] {logging_mixin.py:120} INFO - [2023-11-20T19:02:41.932+0000] {dagbag.py:537} INFO - Filling up the DagBag from /home/airflow/.local/lib/python3.7/site-packages/airflow/example_dags/example_branch_labels.py
[2023-11-20T19:02:41.950+0000] {processor.py:766} INFO - DAG(s) dict_keys(['example_branch_labels']) retrieved from /home/airflow/.local/lib/python3.7/site-packages/airflow/example_dags/example_branch_labels.py
[2023-11-20T19:02:42.015+0000] {logging_mixin.py:120} INFO - [2023-11-20T19:02:42.015+0000] {dag.py:2585} INFO - Sync 1 DAGs
[2023-11-20T19:02:42.049+0000] {logging_mixin.py:120} INFO - [2023-11-20T19:02:42.049+0000] {dag.py:3340} INFO - Setting next_dagrun for example_branch_labels to 2023-11-19T00:00:00+00:00, run_after=2023-11-20T00:00:00+00:00
[2023-11-20T19:02:42.078+0000] {processor.py:176} INFO - Processing /home/airflow/.local/lib/python3.7/site-packages/airflow/example_dags/example_branch_labels.py took 0.151 seconds
[2023-11-20T19:03:12.960+0000] {processor.py:154} INFO - Started process (PID=2184) to work on /home/airflow/.local/lib/python3.7/site-packages/airflow/example_dags/example_branch_labels.py
[2023-11-20T19:03:12.962+0000] {processor.py:756} INFO - Processing file /home/airflow/.local/lib/python3.7/site-packages/airflow/example_dags/example_branch_labels.py for tasks to queue
[2023-11-20T19:03:12.963+0000] {logging_mixin.py:120} INFO - [2023-11-20T19:03:12.963+0000] {dagbag.py:537} INFO - Filling up the DagBag from /home/airflow/.local/lib/python3.7/site-packages/airflow/example_dags/example_branch_labels.py
[2023-11-20T19:03:13.011+0000] {processor.py:766} INFO - DAG(s) dict_keys(['example_branch_labels']) retrieved from /home/airflow/.local/lib/python3.7/site-packages/airflow/example_dags/example_branch_labels.py
[2023-11-20T19:03:13.087+0000] {logging_mixin.py:120} INFO - [2023-11-20T19:03:13.087+0000] {dag.py:2585} INFO - Sync 1 DAGs
[2023-11-20T19:03:13.173+0000] {logging_mixin.py:120} INFO - [2023-11-20T19:03:13.173+0000] {dag.py:3340} INFO - Setting next_dagrun for example_branch_labels to 2023-11-19T00:00:00+00:00, run_after=2023-11-20T00:00:00+00:00
[2023-11-20T19:03:13.215+0000] {processor.py:176} INFO - Processing /home/airflow/.local/lib/python3.7/site-packages/airflow/example_dags/example_branch_labels.py took 0.260 seconds
[2023-11-20T19:03:43.621+0000] {processor.py:154} INFO - Started process (PID=2239) to work on /home/airflow/.local/lib/python3.7/site-packages/airflow/example_dags/example_branch_labels.py
[2023-11-20T19:03:43.622+0000] {processor.py:756} INFO - Processing file /home/airflow/.local/lib/python3.7/site-packages/airflow/example_dags/example_branch_labels.py for tasks to queue
[2023-11-20T19:03:43.623+0000] {logging_mixin.py:120} INFO - [2023-11-20T19:03:43.623+0000] {dagbag.py:537} INFO - Filling up the DagBag from /home/airflow/.local/lib/python3.7/site-packages/airflow/example_dags/example_branch_labels.py
[2023-11-20T19:03:43.641+0000] {processor.py:766} INFO - DAG(s) dict_keys(['example_branch_labels']) retrieved from /home/airflow/.local/lib/python3.7/site-packages/airflow/example_dags/example_branch_labels.py
[2023-11-20T19:03:43.690+0000] {logging_mixin.py:120} INFO - [2023-11-20T19:03:43.690+0000] {dag.py:2585} INFO - Sync 1 DAGs
[2023-11-20T19:03:43.724+0000] {logging_mixin.py:120} INFO - [2023-11-20T19:03:43.724+0000] {dag.py:3340} INFO - Setting next_dagrun for example_branch_labels to 2023-11-19T00:00:00+00:00, run_after=2023-11-20T00:00:00+00:00
[2023-11-20T19:03:43.751+0000] {processor.py:176} INFO - Processing /home/airflow/.local/lib/python3.7/site-packages/airflow/example_dags/example_branch_labels.py took 0.134 seconds
[2023-11-20T19:04:14.534+0000] {processor.py:154} INFO - Started process (PID=2302) to work on /home/airflow/.local/lib/python3.7/site-packages/airflow/example_dags/example_branch_labels.py
[2023-11-20T19:04:14.546+0000] {processor.py:756} INFO - Processing file /home/airflow/.local/lib/python3.7/site-packages/airflow/example_dags/example_branch_labels.py for tasks to queue
[2023-11-20T19:04:14.547+0000] {logging_mixin.py:120} INFO - [2023-11-20T19:04:14.547+0000] {dagbag.py:537} INFO - Filling up the DagBag from /home/airflow/.local/lib/python3.7/site-packages/airflow/example_dags/example_branch_labels.py
[2023-11-20T19:04:14.601+0000] {processor.py:766} INFO - DAG(s) dict_keys(['example_branch_labels']) retrieved from /home/airflow/.local/lib/python3.7/site-packages/airflow/example_dags/example_branch_labels.py
[2023-11-20T19:04:14.735+0000] {logging_mixin.py:120} INFO - [2023-11-20T19:04:14.735+0000] {dag.py:2585} INFO - Sync 1 DAGs
[2023-11-20T19:04:14.862+0000] {logging_mixin.py:120} INFO - [2023-11-20T19:04:14.861+0000] {dag.py:3340} INFO - Setting next_dagrun for example_branch_labels to 2023-11-19T00:00:00+00:00, run_after=2023-11-20T00:00:00+00:00
[2023-11-20T19:04:14.944+0000] {processor.py:176} INFO - Processing /home/airflow/.local/lib/python3.7/site-packages/airflow/example_dags/example_branch_labels.py took 0.425 seconds
[2023-11-20T19:04:45.280+0000] {processor.py:154} INFO - Started process (PID=2354) to work on /home/airflow/.local/lib/python3.7/site-packages/airflow/example_dags/example_branch_labels.py
[2023-11-20T19:04:45.281+0000] {processor.py:756} INFO - Processing file /home/airflow/.local/lib/python3.7/site-packages/airflow/example_dags/example_branch_labels.py for tasks to queue
[2023-11-20T19:04:45.281+0000] {logging_mixin.py:120} INFO - [2023-11-20T19:04:45.281+0000] {dagbag.py:537} INFO - Filling up the DagBag from /home/airflow/.local/lib/python3.7/site-packages/airflow/example_dags/example_branch_labels.py
[2023-11-20T19:04:45.299+0000] {processor.py:766} INFO - DAG(s) dict_keys(['example_branch_labels']) retrieved from /home/airflow/.local/lib/python3.7/site-packages/airflow/example_dags/example_branch_labels.py
[2023-11-20T19:04:45.360+0000] {logging_mixin.py:120} INFO - [2023-11-20T19:04:45.360+0000] {dag.py:2585} INFO - Sync 1 DAGs
[2023-11-20T19:04:45.397+0000] {logging_mixin.py:120} INFO - [2023-11-20T19:04:45.397+0000] {dag.py:3340} INFO - Setting next_dagrun for example_branch_labels to 2023-11-19T00:00:00+00:00, run_after=2023-11-20T00:00:00+00:00
[2023-11-20T19:04:45.487+0000] {processor.py:176} INFO - Processing /home/airflow/.local/lib/python3.7/site-packages/airflow/example_dags/example_branch_labels.py took 0.211 seconds
[2023-11-20T19:05:16.381+0000] {processor.py:154} INFO - Started process (PID=2417) to work on /home/airflow/.local/lib/python3.7/site-packages/airflow/example_dags/example_branch_labels.py
[2023-11-20T19:05:16.382+0000] {processor.py:756} INFO - Processing file /home/airflow/.local/lib/python3.7/site-packages/airflow/example_dags/example_branch_labels.py for tasks to queue
[2023-11-20T19:05:16.383+0000] {logging_mixin.py:120} INFO - [2023-11-20T19:05:16.383+0000] {dagbag.py:537} INFO - Filling up the DagBag from /home/airflow/.local/lib/python3.7/site-packages/airflow/example_dags/example_branch_labels.py
[2023-11-20T19:05:16.402+0000] {processor.py:766} INFO - DAG(s) dict_keys(['example_branch_labels']) retrieved from /home/airflow/.local/lib/python3.7/site-packages/airflow/example_dags/example_branch_labels.py
[2023-11-20T19:05:16.451+0000] {logging_mixin.py:120} INFO - [2023-11-20T19:05:16.450+0000] {dag.py:2585} INFO - Sync 1 DAGs
[2023-11-20T19:05:16.490+0000] {logging_mixin.py:120} INFO - [2023-11-20T19:05:16.490+0000] {dag.py:3340} INFO - Setting next_dagrun for example_branch_labels to 2023-11-19T00:00:00+00:00, run_after=2023-11-20T00:00:00+00:00
[2023-11-20T19:05:16.528+0000] {processor.py:176} INFO - Processing /home/airflow/.local/lib/python3.7/site-packages/airflow/example_dags/example_branch_labels.py took 0.150 seconds
[2023-11-20T19:05:47.272+0000] {processor.py:154} INFO - Started process (PID=2471) to work on /home/airflow/.local/lib/python3.7/site-packages/airflow/example_dags/example_branch_labels.py
[2023-11-20T19:05:47.278+0000] {processor.py:756} INFO - Processing file /home/airflow/.local/lib/python3.7/site-packages/airflow/example_dags/example_branch_labels.py for tasks to queue
[2023-11-20T19:05:47.278+0000] {logging_mixin.py:120} INFO - [2023-11-20T19:05:47.278+0000] {dagbag.py:537} INFO - Filling up the DagBag from /home/airflow/.local/lib/python3.7/site-packages/airflow/example_dags/example_branch_labels.py
[2023-11-20T19:05:47.304+0000] {processor.py:766} INFO - DAG(s) dict_keys(['example_branch_labels']) retrieved from /home/airflow/.local/lib/python3.7/site-packages/airflow/example_dags/example_branch_labels.py
[2023-11-20T19:05:47.460+0000] {logging_mixin.py:120} INFO - [2023-11-20T19:05:47.459+0000] {dag.py:2585} INFO - Sync 1 DAGs
[2023-11-20T19:05:47.526+0000] {logging_mixin.py:120} INFO - [2023-11-20T19:05:47.526+0000] {dag.py:3340} INFO - Setting next_dagrun for example_branch_labels to 2023-11-19T00:00:00+00:00, run_after=2023-11-20T00:00:00+00:00
[2023-11-20T19:05:47.571+0000] {processor.py:176} INFO - Processing /home/airflow/.local/lib/python3.7/site-packages/airflow/example_dags/example_branch_labels.py took 0.317 seconds
[2023-11-20T19:06:17.794+0000] {processor.py:154} INFO - Started process (PID=2535) to work on /home/airflow/.local/lib/python3.7/site-packages/airflow/example_dags/example_branch_labels.py
[2023-11-20T19:06:17.795+0000] {processor.py:756} INFO - Processing file /home/airflow/.local/lib/python3.7/site-packages/airflow/example_dags/example_branch_labels.py for tasks to queue
[2023-11-20T19:06:17.796+0000] {logging_mixin.py:120} INFO - [2023-11-20T19:06:17.796+0000] {dagbag.py:537} INFO - Filling up the DagBag from /home/airflow/.local/lib/python3.7/site-packages/airflow/example_dags/example_branch_labels.py
[2023-11-20T19:06:17.822+0000] {processor.py:766} INFO - DAG(s) dict_keys(['example_branch_labels']) retrieved from /home/airflow/.local/lib/python3.7/site-packages/airflow/example_dags/example_branch_labels.py
[2023-11-20T19:06:17.870+0000] {logging_mixin.py:120} INFO - [2023-11-20T19:06:17.870+0000] {dag.py:2585} INFO - Sync 1 DAGs
[2023-11-20T19:06:17.905+0000] {logging_mixin.py:120} INFO - [2023-11-20T19:06:17.904+0000] {dag.py:3340} INFO - Setting next_dagrun for example_branch_labels to 2023-11-19T00:00:00+00:00, run_after=2023-11-20T00:00:00+00:00
[2023-11-20T19:06:17.931+0000] {processor.py:176} INFO - Processing /home/airflow/.local/lib/python3.7/site-packages/airflow/example_dags/example_branch_labels.py took 0.141 seconds
[2023-11-20T19:06:48.740+0000] {processor.py:154} INFO - Started process (PID=2600) to work on /home/airflow/.local/lib/python3.7/site-packages/airflow/example_dags/example_branch_labels.py
[2023-11-20T19:06:48.741+0000] {processor.py:756} INFO - Processing file /home/airflow/.local/lib/python3.7/site-packages/airflow/example_dags/example_branch_labels.py for tasks to queue
[2023-11-20T19:06:48.742+0000] {logging_mixin.py:120} INFO - [2023-11-20T19:06:48.742+0000] {dagbag.py:537} INFO - Filling up the DagBag from /home/airflow/.local/lib/python3.7/site-packages/airflow/example_dags/example_branch_labels.py
[2023-11-20T19:06:48.760+0000] {processor.py:766} INFO - DAG(s) dict_keys(['example_branch_labels']) retrieved from /home/airflow/.local/lib/python3.7/site-packages/airflow/example_dags/example_branch_labels.py
[2023-11-20T19:06:48.806+0000] {logging_mixin.py:120} INFO - [2023-11-20T19:06:48.806+0000] {dag.py:2585} INFO - Sync 1 DAGs
[2023-11-20T19:06:48.841+0000] {logging_mixin.py:120} INFO - [2023-11-20T19:06:48.841+0000] {dag.py:3340} INFO - Setting next_dagrun for example_branch_labels to 2023-11-19T00:00:00+00:00, run_after=2023-11-20T00:00:00+00:00
[2023-11-20T19:06:48.868+0000] {processor.py:176} INFO - Processing /home/airflow/.local/lib/python3.7/site-packages/airflow/example_dags/example_branch_labels.py took 0.131 seconds
[2023-11-20T19:07:19.026+0000] {processor.py:154} INFO - Started process (PID=2656) to work on /home/airflow/.local/lib/python3.7/site-packages/airflow/example_dags/example_branch_labels.py
[2023-11-20T19:07:19.027+0000] {processor.py:756} INFO - Processing file /home/airflow/.local/lib/python3.7/site-packages/airflow/example_dags/example_branch_labels.py for tasks to queue
[2023-11-20T19:07:19.028+0000] {logging_mixin.py:120} INFO - [2023-11-20T19:07:19.028+0000] {dagbag.py:537} INFO - Filling up the DagBag from /home/airflow/.local/lib/python3.7/site-packages/airflow/example_dags/example_branch_labels.py
[2023-11-20T19:07:19.075+0000] {processor.py:766} INFO - DAG(s) dict_keys(['example_branch_labels']) retrieved from /home/airflow/.local/lib/python3.7/site-packages/airflow/example_dags/example_branch_labels.py
[2023-11-20T19:07:19.144+0000] {logging_mixin.py:120} INFO - [2023-11-20T19:07:19.144+0000] {dag.py:2585} INFO - Sync 1 DAGs
[2023-11-20T19:07:19.177+0000] {logging_mixin.py:120} INFO - [2023-11-20T19:07:19.176+0000] {dag.py:3340} INFO - Setting next_dagrun for example_branch_labels to 2023-11-19T00:00:00+00:00, run_after=2023-11-20T00:00:00+00:00
[2023-11-20T19:07:19.230+0000] {processor.py:176} INFO - Processing /home/airflow/.local/lib/python3.7/site-packages/airflow/example_dags/example_branch_labels.py took 0.209 seconds
[2023-11-20T19:07:50.031+0000] {processor.py:154} INFO - Started process (PID=2719) to work on /home/airflow/.local/lib/python3.7/site-packages/airflow/example_dags/example_branch_labels.py
[2023-11-20T19:07:50.032+0000] {processor.py:756} INFO - Processing file /home/airflow/.local/lib/python3.7/site-packages/airflow/example_dags/example_branch_labels.py for tasks to queue
[2023-11-20T19:07:50.032+0000] {logging_mixin.py:120} INFO - [2023-11-20T19:07:50.032+0000] {dagbag.py:537} INFO - Filling up the DagBag from /home/airflow/.local/lib/python3.7/site-packages/airflow/example_dags/example_branch_labels.py
[2023-11-20T19:07:50.050+0000] {processor.py:766} INFO - DAG(s) dict_keys(['example_branch_labels']) retrieved from /home/airflow/.local/lib/python3.7/site-packages/airflow/example_dags/example_branch_labels.py
[2023-11-20T19:07:50.103+0000] {logging_mixin.py:120} INFO - [2023-11-20T19:07:50.103+0000] {dag.py:2585} INFO - Sync 1 DAGs
[2023-11-20T19:07:50.136+0000] {logging_mixin.py:120} INFO - [2023-11-20T19:07:50.136+0000] {dag.py:3340} INFO - Setting next_dagrun for example_branch_labels to 2023-11-19T00:00:00+00:00, run_after=2023-11-20T00:00:00+00:00
[2023-11-20T19:07:50.159+0000] {processor.py:176} INFO - Processing /home/airflow/.local/lib/python3.7/site-packages/airflow/example_dags/example_branch_labels.py took 0.131 seconds
[2023-11-20T19:08:20.344+0000] {processor.py:154} INFO - Started process (PID=2783) to work on /home/airflow/.local/lib/python3.7/site-packages/airflow/example_dags/example_branch_labels.py
[2023-11-20T19:08:20.345+0000] {processor.py:756} INFO - Processing file /home/airflow/.local/lib/python3.7/site-packages/airflow/example_dags/example_branch_labels.py for tasks to queue
[2023-11-20T19:08:20.345+0000] {logging_mixin.py:120} INFO - [2023-11-20T19:08:20.345+0000] {dagbag.py:537} INFO - Filling up the DagBag from /home/airflow/.local/lib/python3.7/site-packages/airflow/example_dags/example_branch_labels.py
[2023-11-20T19:08:20.364+0000] {processor.py:766} INFO - DAG(s) dict_keys(['example_branch_labels']) retrieved from /home/airflow/.local/lib/python3.7/site-packages/airflow/example_dags/example_branch_labels.py
[2023-11-20T19:08:20.414+0000] {logging_mixin.py:120} INFO - [2023-11-20T19:08:20.414+0000] {dag.py:2585} INFO - Sync 1 DAGs
[2023-11-20T19:08:20.448+0000] {logging_mixin.py:120} INFO - [2023-11-20T19:08:20.448+0000] {dag.py:3340} INFO - Setting next_dagrun for example_branch_labels to 2023-11-19T00:00:00+00:00, run_after=2023-11-20T00:00:00+00:00
[2023-11-20T19:08:20.479+0000] {processor.py:176} INFO - Processing /home/airflow/.local/lib/python3.7/site-packages/airflow/example_dags/example_branch_labels.py took 0.139 seconds
[2023-11-20T19:08:51.354+0000] {processor.py:154} INFO - Started process (PID=2837) to work on /home/airflow/.local/lib/python3.7/site-packages/airflow/example_dags/example_branch_labels.py
[2023-11-20T19:08:51.355+0000] {processor.py:756} INFO - Processing file /home/airflow/.local/lib/python3.7/site-packages/airflow/example_dags/example_branch_labels.py for tasks to queue
[2023-11-20T19:08:51.356+0000] {logging_mixin.py:120} INFO - [2023-11-20T19:08:51.355+0000] {dagbag.py:537} INFO - Filling up the DagBag from /home/airflow/.local/lib/python3.7/site-packages/airflow/example_dags/example_branch_labels.py
[2023-11-20T19:08:51.374+0000] {processor.py:766} INFO - DAG(s) dict_keys(['example_branch_labels']) retrieved from /home/airflow/.local/lib/python3.7/site-packages/airflow/example_dags/example_branch_labels.py
[2023-11-20T19:08:51.437+0000] {logging_mixin.py:120} INFO - [2023-11-20T19:08:51.437+0000] {dag.py:2585} INFO - Sync 1 DAGs
[2023-11-20T19:08:51.480+0000] {logging_mixin.py:120} INFO - [2023-11-20T19:08:51.480+0000] {dag.py:3340} INFO - Setting next_dagrun for example_branch_labels to 2023-11-19T00:00:00+00:00, run_after=2023-11-20T00:00:00+00:00
[2023-11-20T19:08:51.528+0000] {processor.py:176} INFO - Processing /home/airflow/.local/lib/python3.7/site-packages/airflow/example_dags/example_branch_labels.py took 0.183 seconds
[2023-11-20T19:09:21.764+0000] {processor.py:154} INFO - Started process (PID=2901) to work on /home/airflow/.local/lib/python3.7/site-packages/airflow/example_dags/example_branch_labels.py
[2023-11-20T19:09:21.765+0000] {processor.py:756} INFO - Processing file /home/airflow/.local/lib/python3.7/site-packages/airflow/example_dags/example_branch_labels.py for tasks to queue
[2023-11-20T19:09:21.765+0000] {logging_mixin.py:120} INFO - [2023-11-20T19:09:21.765+0000] {dagbag.py:537} INFO - Filling up the DagBag from /home/airflow/.local/lib/python3.7/site-packages/airflow/example_dags/example_branch_labels.py
[2023-11-20T19:09:21.783+0000] {processor.py:766} INFO - DAG(s) dict_keys(['example_branch_labels']) retrieved from /home/airflow/.local/lib/python3.7/site-packages/airflow/example_dags/example_branch_labels.py
[2023-11-20T19:09:21.837+0000] {logging_mixin.py:120} INFO - [2023-11-20T19:09:21.837+0000] {dag.py:2585} INFO - Sync 1 DAGs
[2023-11-20T19:09:21.908+0000] {logging_mixin.py:120} INFO - [2023-11-20T19:09:21.906+0000] {dag.py:3340} INFO - Setting next_dagrun for example_branch_labels to 2023-11-19T00:00:00+00:00, run_after=2023-11-20T00:00:00+00:00
[2023-11-20T19:09:21.940+0000] {processor.py:176} INFO - Processing /home/airflow/.local/lib/python3.7/site-packages/airflow/example_dags/example_branch_labels.py took 0.191 seconds
[2023-11-20T19:09:52.630+0000] {processor.py:154} INFO - Started process (PID=2964) to work on /home/airflow/.local/lib/python3.7/site-packages/airflow/example_dags/example_branch_labels.py
[2023-11-20T19:09:52.633+0000] {processor.py:756} INFO - Processing file /home/airflow/.local/lib/python3.7/site-packages/airflow/example_dags/example_branch_labels.py for tasks to queue
[2023-11-20T19:09:52.635+0000] {logging_mixin.py:120} INFO - [2023-11-20T19:09:52.635+0000] {dagbag.py:537} INFO - Filling up the DagBag from /home/airflow/.local/lib/python3.7/site-packages/airflow/example_dags/example_branch_labels.py
[2023-11-20T19:09:52.654+0000] {processor.py:766} INFO - DAG(s) dict_keys(['example_branch_labels']) retrieved from /home/airflow/.local/lib/python3.7/site-packages/airflow/example_dags/example_branch_labels.py
[2023-11-20T19:09:52.751+0000] {logging_mixin.py:120} INFO - [2023-11-20T19:09:52.751+0000] {dag.py:2585} INFO - Sync 1 DAGs
[2023-11-20T19:09:52.842+0000] {logging_mixin.py:120} INFO - [2023-11-20T19:09:52.841+0000] {dag.py:3340} INFO - Setting next_dagrun for example_branch_labels to 2023-11-19T00:00:00+00:00, run_after=2023-11-20T00:00:00+00:00
[2023-11-20T19:09:52.882+0000] {processor.py:176} INFO - Processing /home/airflow/.local/lib/python3.7/site-packages/airflow/example_dags/example_branch_labels.py took 0.255 seconds
[2023-11-20T19:10:23.421+0000] {processor.py:154} INFO - Started process (PID=3017) to work on /home/airflow/.local/lib/python3.7/site-packages/airflow/example_dags/example_branch_labels.py
[2023-11-20T19:10:23.434+0000] {processor.py:756} INFO - Processing file /home/airflow/.local/lib/python3.7/site-packages/airflow/example_dags/example_branch_labels.py for tasks to queue
[2023-11-20T19:10:23.435+0000] {logging_mixin.py:120} INFO - [2023-11-20T19:10:23.435+0000] {dagbag.py:537} INFO - Filling up the DagBag from /home/airflow/.local/lib/python3.7/site-packages/airflow/example_dags/example_branch_labels.py
[2023-11-20T19:10:23.455+0000] {processor.py:766} INFO - DAG(s) dict_keys(['example_branch_labels']) retrieved from /home/airflow/.local/lib/python3.7/site-packages/airflow/example_dags/example_branch_labels.py
[2023-11-20T19:10:23.521+0000] {logging_mixin.py:120} INFO - [2023-11-20T19:10:23.521+0000] {dag.py:2585} INFO - Sync 1 DAGs
[2023-11-20T19:10:23.556+0000] {logging_mixin.py:120} INFO - [2023-11-20T19:10:23.555+0000] {dag.py:3340} INFO - Setting next_dagrun for example_branch_labels to 2023-11-19T00:00:00+00:00, run_after=2023-11-20T00:00:00+00:00
[2023-11-20T19:10:23.588+0000] {processor.py:176} INFO - Processing /home/airflow/.local/lib/python3.7/site-packages/airflow/example_dags/example_branch_labels.py took 0.170 seconds
[2023-11-20T19:10:54.268+0000] {processor.py:154} INFO - Started process (PID=3079) to work on /home/airflow/.local/lib/python3.7/site-packages/airflow/example_dags/example_branch_labels.py
[2023-11-20T19:10:54.269+0000] {processor.py:756} INFO - Processing file /home/airflow/.local/lib/python3.7/site-packages/airflow/example_dags/example_branch_labels.py for tasks to queue
[2023-11-20T19:10:54.270+0000] {logging_mixin.py:120} INFO - [2023-11-20T19:10:54.270+0000] {dagbag.py:537} INFO - Filling up the DagBag from /home/airflow/.local/lib/python3.7/site-packages/airflow/example_dags/example_branch_labels.py
[2023-11-20T19:10:54.290+0000] {processor.py:766} INFO - DAG(s) dict_keys(['example_branch_labels']) retrieved from /home/airflow/.local/lib/python3.7/site-packages/airflow/example_dags/example_branch_labels.py
[2023-11-20T19:10:54.352+0000] {logging_mixin.py:120} INFO - [2023-11-20T19:10:54.352+0000] {dag.py:2585} INFO - Sync 1 DAGs
[2023-11-20T19:10:54.376+0000] {logging_mixin.py:120} INFO - [2023-11-20T19:10:54.376+0000] {dag.py:3340} INFO - Setting next_dagrun for example_branch_labels to 2023-11-19T00:00:00+00:00, run_after=2023-11-20T00:00:00+00:00
[2023-11-20T19:10:54.406+0000] {processor.py:176} INFO - Processing /home/airflow/.local/lib/python3.7/site-packages/airflow/example_dags/example_branch_labels.py took 0.140 seconds
[2023-11-20T19:11:24.897+0000] {processor.py:154} INFO - Started process (PID=3133) to work on /home/airflow/.local/lib/python3.7/site-packages/airflow/example_dags/example_branch_labels.py
[2023-11-20T19:11:24.898+0000] {processor.py:756} INFO - Processing file /home/airflow/.local/lib/python3.7/site-packages/airflow/example_dags/example_branch_labels.py for tasks to queue
[2023-11-20T19:11:24.899+0000] {logging_mixin.py:120} INFO - [2023-11-20T19:11:24.899+0000] {dagbag.py:537} INFO - Filling up the DagBag from /home/airflow/.local/lib/python3.7/site-packages/airflow/example_dags/example_branch_labels.py
[2023-11-20T19:11:24.919+0000] {processor.py:766} INFO - DAG(s) dict_keys(['example_branch_labels']) retrieved from /home/airflow/.local/lib/python3.7/site-packages/airflow/example_dags/example_branch_labels.py
[2023-11-20T19:11:25.005+0000] {logging_mixin.py:120} INFO - [2023-11-20T19:11:25.004+0000] {dag.py:2585} INFO - Sync 1 DAGs
[2023-11-20T19:11:25.060+0000] {logging_mixin.py:120} INFO - [2023-11-20T19:11:25.059+0000] {dag.py:3340} INFO - Setting next_dagrun for example_branch_labels to 2023-11-19T00:00:00+00:00, run_after=2023-11-20T00:00:00+00:00
[2023-11-20T19:11:25.104+0000] {processor.py:176} INFO - Processing /home/airflow/.local/lib/python3.7/site-packages/airflow/example_dags/example_branch_labels.py took 0.210 seconds
[2023-11-20T19:11:55.440+0000] {processor.py:154} INFO - Started process (PID=3197) to work on /home/airflow/.local/lib/python3.7/site-packages/airflow/example_dags/example_branch_labels.py
[2023-11-20T19:11:55.449+0000] {processor.py:756} INFO - Processing file /home/airflow/.local/lib/python3.7/site-packages/airflow/example_dags/example_branch_labels.py for tasks to queue
[2023-11-20T19:11:55.450+0000] {logging_mixin.py:120} INFO - [2023-11-20T19:11:55.449+0000] {dagbag.py:537} INFO - Filling up the DagBag from /home/airflow/.local/lib/python3.7/site-packages/airflow/example_dags/example_branch_labels.py
[2023-11-20T19:11:55.501+0000] {processor.py:766} INFO - DAG(s) dict_keys(['example_branch_labels']) retrieved from /home/airflow/.local/lib/python3.7/site-packages/airflow/example_dags/example_branch_labels.py
[2023-11-20T19:11:55.607+0000] {logging_mixin.py:120} INFO - [2023-11-20T19:11:55.606+0000] {dag.py:2585} INFO - Sync 1 DAGs
[2023-11-20T19:11:55.674+0000] {logging_mixin.py:120} INFO - [2023-11-20T19:11:55.674+0000] {dag.py:3340} INFO - Setting next_dagrun for example_branch_labels to 2023-11-19T00:00:00+00:00, run_after=2023-11-20T00:00:00+00:00
[2023-11-20T19:11:55.712+0000] {processor.py:176} INFO - Processing /home/airflow/.local/lib/python3.7/site-packages/airflow/example_dags/example_branch_labels.py took 0.280 seconds
