[2023-11-20T20:23:40.307+0000] {processor.py:154} INFO - Started process (PID=11674) to work on /home/airflow/.local/lib/python3.7/site-packages/airflow/example_dags/tutorial_taskflow_api.py
[2023-11-20T20:23:40.308+0000] {processor.py:756} INFO - Processing file /home/airflow/.local/lib/python3.7/site-packages/airflow/example_dags/tutorial_taskflow_api.py for tasks to queue
[2023-11-20T20:23:40.308+0000] {logging_mixin.py:120} INFO - [2023-11-20T20:23:40.308+0000] {dagbag.py:537} INFO - Filling up the DagBag from /home/airflow/.local/lib/python3.7/site-packages/airflow/example_dags/tutorial_taskflow_api.py
[2023-11-20T20:23:40.331+0000] {processor.py:766} INFO - DAG(s) dict_keys(['tutorial_taskflow_api']) retrieved from /home/airflow/.local/lib/python3.7/site-packages/airflow/example_dags/tutorial_taskflow_api.py
[2023-11-20T20:23:40.371+0000] {logging_mixin.py:120} INFO - [2023-11-20T20:23:40.371+0000] {dag.py:2585} INFO - Sync 1 DAGs
[2023-11-20T20:23:40.393+0000] {logging_mixin.py:120} INFO - [2023-11-20T20:23:40.393+0000] {dag.py:3340} INFO - Setting next_dagrun for tutorial_taskflow_api to None, run_after=None
[2023-11-20T20:23:40.414+0000] {processor.py:176} INFO - Processing /home/airflow/.local/lib/python3.7/site-packages/airflow/example_dags/tutorial_taskflow_api.py took 0.111 seconds
[2023-11-20T20:24:11.162+0000] {processor.py:154} INFO - Started process (PID=11738) to work on /home/airflow/.local/lib/python3.7/site-packages/airflow/example_dags/tutorial_taskflow_api.py
[2023-11-20T20:24:11.164+0000] {processor.py:756} INFO - Processing file /home/airflow/.local/lib/python3.7/site-packages/airflow/example_dags/tutorial_taskflow_api.py for tasks to queue
[2023-11-20T20:24:11.165+0000] {logging_mixin.py:120} INFO - [2023-11-20T20:24:11.165+0000] {dagbag.py:537} INFO - Filling up the DagBag from /home/airflow/.local/lib/python3.7/site-packages/airflow/example_dags/tutorial_taskflow_api.py
[2023-11-20T20:24:11.188+0000] {processor.py:766} INFO - DAG(s) dict_keys(['tutorial_taskflow_api']) retrieved from /home/airflow/.local/lib/python3.7/site-packages/airflow/example_dags/tutorial_taskflow_api.py
[2023-11-20T20:24:11.227+0000] {logging_mixin.py:120} INFO - [2023-11-20T20:24:11.226+0000] {dag.py:2585} INFO - Sync 1 DAGs
[2023-11-20T20:24:11.248+0000] {logging_mixin.py:120} INFO - [2023-11-20T20:24:11.248+0000] {dag.py:3340} INFO - Setting next_dagrun for tutorial_taskflow_api to None, run_after=None
[2023-11-20T20:24:11.269+0000] {processor.py:176} INFO - Processing /home/airflow/.local/lib/python3.7/site-packages/airflow/example_dags/tutorial_taskflow_api.py took 0.110 seconds
[2023-11-20T20:24:41.860+0000] {processor.py:154} INFO - Started process (PID=11793) to work on /home/airflow/.local/lib/python3.7/site-packages/airflow/example_dags/tutorial_taskflow_api.py
[2023-11-20T20:24:41.861+0000] {processor.py:756} INFO - Processing file /home/airflow/.local/lib/python3.7/site-packages/airflow/example_dags/tutorial_taskflow_api.py for tasks to queue
[2023-11-20T20:24:41.862+0000] {logging_mixin.py:120} INFO - [2023-11-20T20:24:41.862+0000] {dagbag.py:537} INFO - Filling up the DagBag from /home/airflow/.local/lib/python3.7/site-packages/airflow/example_dags/tutorial_taskflow_api.py
[2023-11-20T20:24:41.882+0000] {processor.py:766} INFO - DAG(s) dict_keys(['tutorial_taskflow_api']) retrieved from /home/airflow/.local/lib/python3.7/site-packages/airflow/example_dags/tutorial_taskflow_api.py
[2023-11-20T20:24:41.914+0000] {logging_mixin.py:120} INFO - [2023-11-20T20:24:41.914+0000] {dag.py:2585} INFO - Sync 1 DAGs
[2023-11-20T20:24:41.935+0000] {logging_mixin.py:120} INFO - [2023-11-20T20:24:41.935+0000] {dag.py:3340} INFO - Setting next_dagrun for tutorial_taskflow_api to None, run_after=None
[2023-11-20T20:24:41.956+0000] {processor.py:176} INFO - Processing /home/airflow/.local/lib/python3.7/site-packages/airflow/example_dags/tutorial_taskflow_api.py took 0.099 seconds
[2023-11-20T20:25:12.664+0000] {processor.py:154} INFO - Started process (PID=11858) to work on /home/airflow/.local/lib/python3.7/site-packages/airflow/example_dags/tutorial_taskflow_api.py
[2023-11-20T20:25:12.664+0000] {processor.py:756} INFO - Processing file /home/airflow/.local/lib/python3.7/site-packages/airflow/example_dags/tutorial_taskflow_api.py for tasks to queue
[2023-11-20T20:25:12.665+0000] {logging_mixin.py:120} INFO - [2023-11-20T20:25:12.665+0000] {dagbag.py:537} INFO - Filling up the DagBag from /home/airflow/.local/lib/python3.7/site-packages/airflow/example_dags/tutorial_taskflow_api.py
[2023-11-20T20:25:12.689+0000] {processor.py:766} INFO - DAG(s) dict_keys(['tutorial_taskflow_api']) retrieved from /home/airflow/.local/lib/python3.7/site-packages/airflow/example_dags/tutorial_taskflow_api.py
[2023-11-20T20:25:12.724+0000] {logging_mixin.py:120} INFO - [2023-11-20T20:25:12.724+0000] {dag.py:2585} INFO - Sync 1 DAGs
[2023-11-20T20:25:12.754+0000] {logging_mixin.py:120} INFO - [2023-11-20T20:25:12.754+0000] {dag.py:3340} INFO - Setting next_dagrun for tutorial_taskflow_api to None, run_after=None
[2023-11-20T20:25:12.775+0000] {processor.py:176} INFO - Processing /home/airflow/.local/lib/python3.7/site-packages/airflow/example_dags/tutorial_taskflow_api.py took 0.114 seconds
