[2023-11-20T20:23:59.054+0000] {processor.py:154} INFO - Started process (PID=11715) to work on /home/airflow/.local/lib/python3.7/site-packages/airflow/example_dags/tutorial.py
[2023-11-20T20:23:59.055+0000] {processor.py:756} INFO - Processing file /home/airflow/.local/lib/python3.7/site-packages/airflow/example_dags/tutorial.py for tasks to queue
[2023-11-20T20:23:59.055+0000] {logging_mixin.py:120} INFO - [2023-11-20T20:23:59.055+0000] {dagbag.py:537} INFO - Filling up the DagBag from /home/airflow/.local/lib/python3.7/site-packages/airflow/example_dags/tutorial.py
[2023-11-20T20:23:59.069+0000] {processor.py:766} INFO - DAG(s) dict_keys(['tutorial']) retrieved from /home/airflow/.local/lib/python3.7/site-packages/airflow/example_dags/tutorial.py
[2023-11-20T20:23:59.103+0000] {logging_mixin.py:120} INFO - [2023-11-20T20:23:59.103+0000] {dag.py:2585} INFO - Sync 1 DAGs
[2023-11-20T20:23:59.124+0000] {logging_mixin.py:120} INFO - [2023-11-20T20:23:59.124+0000] {dag.py:3340} INFO - Setting next_dagrun for tutorial to 2023-11-19T20:23:59.124608+00:00, run_after=2023-11-20T20:23:59.124608+00:00
[2023-11-20T20:23:59.145+0000] {processor.py:176} INFO - Processing /home/airflow/.local/lib/python3.7/site-packages/airflow/example_dags/tutorial.py took 0.094 seconds
[2023-11-20T20:24:29.271+0000] {processor.py:154} INFO - Started process (PID=11771) to work on /home/airflow/.local/lib/python3.7/site-packages/airflow/example_dags/tutorial.py
[2023-11-20T20:24:29.272+0000] {processor.py:756} INFO - Processing file /home/airflow/.local/lib/python3.7/site-packages/airflow/example_dags/tutorial.py for tasks to queue
[2023-11-20T20:24:29.272+0000] {logging_mixin.py:120} INFO - [2023-11-20T20:24:29.272+0000] {dagbag.py:537} INFO - Filling up the DagBag from /home/airflow/.local/lib/python3.7/site-packages/airflow/example_dags/tutorial.py
[2023-11-20T20:24:29.300+0000] {processor.py:766} INFO - DAG(s) dict_keys(['tutorial']) retrieved from /home/airflow/.local/lib/python3.7/site-packages/airflow/example_dags/tutorial.py
[2023-11-20T20:24:29.478+0000] {logging_mixin.py:120} INFO - [2023-11-20T20:24:29.478+0000] {dag.py:2585} INFO - Sync 1 DAGs
[2023-11-20T20:24:29.551+0000] {logging_mixin.py:120} INFO - [2023-11-20T20:24:29.551+0000] {dag.py:3340} INFO - Setting next_dagrun for tutorial to 2023-11-19T20:24:29.551378+00:00, run_after=2023-11-20T20:24:29.551378+00:00
[2023-11-20T20:24:29.622+0000] {processor.py:176} INFO - Processing /home/airflow/.local/lib/python3.7/site-packages/airflow/example_dags/tutorial.py took 0.355 seconds
[2023-11-20T20:25:00.044+0000] {processor.py:154} INFO - Started process (PID=11835) to work on /home/airflow/.local/lib/python3.7/site-packages/airflow/example_dags/tutorial.py
[2023-11-20T20:25:00.047+0000] {processor.py:756} INFO - Processing file /home/airflow/.local/lib/python3.7/site-packages/airflow/example_dags/tutorial.py for tasks to queue
[2023-11-20T20:25:00.048+0000] {logging_mixin.py:120} INFO - [2023-11-20T20:25:00.047+0000] {dagbag.py:537} INFO - Filling up the DagBag from /home/airflow/.local/lib/python3.7/site-packages/airflow/example_dags/tutorial.py
[2023-11-20T20:25:00.068+0000] {processor.py:766} INFO - DAG(s) dict_keys(['tutorial']) retrieved from /home/airflow/.local/lib/python3.7/site-packages/airflow/example_dags/tutorial.py
[2023-11-20T20:25:00.127+0000] {logging_mixin.py:120} INFO - [2023-11-20T20:25:00.127+0000] {dag.py:2585} INFO - Sync 1 DAGs
[2023-11-20T20:25:00.161+0000] {logging_mixin.py:120} INFO - [2023-11-20T20:25:00.161+0000] {dag.py:3340} INFO - Setting next_dagrun for tutorial to 2023-11-19T20:25:00.160373+00:00, run_after=2023-11-20T20:25:00.160373+00:00
[2023-11-20T20:25:00.185+0000] {processor.py:176} INFO - Processing /home/airflow/.local/lib/python3.7/site-packages/airflow/example_dags/tutorial.py took 0.145 seconds
