[2023-11-20T18:44:44.547+0000] {processor.py:154} INFO - Started process (PID=77) to work on /home/airflow/.local/lib/python3.7/site-packages/airflow/example_dags/tutorial_dag.py
[2023-11-20T18:44:44.551+0000] {processor.py:756} INFO - Processing file /home/airflow/.local/lib/python3.7/site-packages/airflow/example_dags/tutorial_dag.py for tasks to queue
[2023-11-20T18:44:44.552+0000] {logging_mixin.py:120} INFO - [2023-11-20T18:44:44.551+0000] {dagbag.py:537} INFO - Filling up the DagBag from /home/airflow/.local/lib/python3.7/site-packages/airflow/example_dags/tutorial_dag.py
[2023-11-20T18:44:44.685+0000] {processor.py:766} INFO - DAG(s) dict_keys(['tutorial_dag']) retrieved from /home/airflow/.local/lib/python3.7/site-packages/airflow/example_dags/tutorial_dag.py
[2023-11-20T18:44:44.998+0000] {logging_mixin.py:120} INFO - [2023-11-20T18:44:44.978+0000] {dag.py:2585} INFO - Sync 1 DAGs
[2023-11-20T18:44:45.190+0000] {logging_mixin.py:120} INFO - [2023-11-20T18:44:45.190+0000] {dag.py:3340} INFO - Setting next_dagrun for tutorial_dag to None, run_after=None
[2023-11-20T18:44:45.339+0000] {processor.py:176} INFO - Processing /home/airflow/.local/lib/python3.7/site-packages/airflow/example_dags/tutorial_dag.py took 0.828 seconds
[2023-11-20T18:45:15.832+0000] {processor.py:154} INFO - Started process (PID=130) to work on /home/airflow/.local/lib/python3.7/site-packages/airflow/example_dags/tutorial_dag.py
[2023-11-20T18:45:15.838+0000] {processor.py:756} INFO - Processing file /home/airflow/.local/lib/python3.7/site-packages/airflow/example_dags/tutorial_dag.py for tasks to queue
[2023-11-20T18:45:15.839+0000] {logging_mixin.py:120} INFO - [2023-11-20T18:45:15.839+0000] {dagbag.py:537} INFO - Filling up the DagBag from /home/airflow/.local/lib/python3.7/site-packages/airflow/example_dags/tutorial_dag.py
[2023-11-20T18:45:15.870+0000] {processor.py:766} INFO - DAG(s) dict_keys(['tutorial_dag']) retrieved from /home/airflow/.local/lib/python3.7/site-packages/airflow/example_dags/tutorial_dag.py
[2023-11-20T18:45:15.966+0000] {logging_mixin.py:120} INFO - [2023-11-20T18:45:15.965+0000] {dag.py:2585} INFO - Sync 1 DAGs
[2023-11-20T18:45:16.036+0000] {logging_mixin.py:120} INFO - [2023-11-20T18:45:16.035+0000] {dag.py:3340} INFO - Setting next_dagrun for tutorial_dag to None, run_after=None
[2023-11-20T18:45:16.073+0000] {processor.py:176} INFO - Processing /home/airflow/.local/lib/python3.7/site-packages/airflow/example_dags/tutorial_dag.py took 0.247 seconds
[2023-11-20T18:45:47.735+0000] {processor.py:154} INFO - Started process (PID=185) to work on /home/airflow/.local/lib/python3.7/site-packages/airflow/example_dags/tutorial_dag.py
[2023-11-20T18:45:47.736+0000] {processor.py:756} INFO - Processing file /home/airflow/.local/lib/python3.7/site-packages/airflow/example_dags/tutorial_dag.py for tasks to queue
[2023-11-20T18:45:47.742+0000] {logging_mixin.py:120} INFO - [2023-11-20T18:45:47.742+0000] {dagbag.py:537} INFO - Filling up the DagBag from /home/airflow/.local/lib/python3.7/site-packages/airflow/example_dags/tutorial_dag.py
[2023-11-20T18:45:47.794+0000] {processor.py:766} INFO - DAG(s) dict_keys(['tutorial_dag']) retrieved from /home/airflow/.local/lib/python3.7/site-packages/airflow/example_dags/tutorial_dag.py
[2023-11-20T18:45:47.995+0000] {logging_mixin.py:120} INFO - [2023-11-20T18:45:47.994+0000] {dag.py:2585} INFO - Sync 1 DAGs
[2023-11-20T18:45:48.117+0000] {logging_mixin.py:120} INFO - [2023-11-20T18:45:48.116+0000] {dag.py:3340} INFO - Setting next_dagrun for tutorial_dag to None, run_after=None
[2023-11-20T18:45:48.224+0000] {processor.py:176} INFO - Processing /home/airflow/.local/lib/python3.7/site-packages/airflow/example_dags/tutorial_dag.py took 0.493 seconds
[2023-11-20T18:46:19.801+0000] {processor.py:154} INFO - Started process (PID=239) to work on /home/airflow/.local/lib/python3.7/site-packages/airflow/example_dags/tutorial_dag.py
[2023-11-20T18:46:19.810+0000] {processor.py:756} INFO - Processing file /home/airflow/.local/lib/python3.7/site-packages/airflow/example_dags/tutorial_dag.py for tasks to queue
[2023-11-20T18:46:19.810+0000] {logging_mixin.py:120} INFO - [2023-11-20T18:46:19.810+0000] {dagbag.py:537} INFO - Filling up the DagBag from /home/airflow/.local/lib/python3.7/site-packages/airflow/example_dags/tutorial_dag.py
[2023-11-20T18:46:19.855+0000] {processor.py:766} INFO - DAG(s) dict_keys(['tutorial_dag']) retrieved from /home/airflow/.local/lib/python3.7/site-packages/airflow/example_dags/tutorial_dag.py
[2023-11-20T18:46:19.951+0000] {logging_mixin.py:120} INFO - [2023-11-20T18:46:19.951+0000] {dag.py:2585} INFO - Sync 1 DAGs
[2023-11-20T18:46:19.996+0000] {logging_mixin.py:120} INFO - [2023-11-20T18:46:19.996+0000] {dag.py:3340} INFO - Setting next_dagrun for tutorial_dag to None, run_after=None
[2023-11-20T18:46:20.025+0000] {processor.py:176} INFO - Processing /home/airflow/.local/lib/python3.7/site-packages/airflow/example_dags/tutorial_dag.py took 0.227 seconds
[2023-11-20T18:46:54.034+0000] {processor.py:154} INFO - Started process (PID=299) to work on /home/airflow/.local/lib/python3.7/site-packages/airflow/example_dags/tutorial_dag.py
[2023-11-20T18:46:54.063+0000] {processor.py:756} INFO - Processing file /home/airflow/.local/lib/python3.7/site-packages/airflow/example_dags/tutorial_dag.py for tasks to queue
[2023-11-20T18:46:54.066+0000] {logging_mixin.py:120} INFO - [2023-11-20T18:46:54.066+0000] {dagbag.py:537} INFO - Filling up the DagBag from /home/airflow/.local/lib/python3.7/site-packages/airflow/example_dags/tutorial_dag.py
[2023-11-20T18:46:54.158+0000] {processor.py:766} INFO - DAG(s) dict_keys(['tutorial_dag']) retrieved from /home/airflow/.local/lib/python3.7/site-packages/airflow/example_dags/tutorial_dag.py
[2023-11-20T18:46:54.498+0000] {logging_mixin.py:120} INFO - [2023-11-20T18:46:54.498+0000] {dag.py:2585} INFO - Sync 1 DAGs
[2023-11-20T18:46:54.755+0000] {logging_mixin.py:120} INFO - [2023-11-20T18:46:54.755+0000] {dag.py:3340} INFO - Setting next_dagrun for tutorial_dag to None, run_after=None
[2023-11-20T18:46:54.962+0000] {processor.py:176} INFO - Processing /home/airflow/.local/lib/python3.7/site-packages/airflow/example_dags/tutorial_dag.py took 0.952 seconds
[2023-11-20T18:47:25.291+0000] {processor.py:154} INFO - Started process (PID=355) to work on /home/airflow/.local/lib/python3.7/site-packages/airflow/example_dags/tutorial_dag.py
[2023-11-20T18:47:25.297+0000] {processor.py:756} INFO - Processing file /home/airflow/.local/lib/python3.7/site-packages/airflow/example_dags/tutorial_dag.py for tasks to queue
[2023-11-20T18:47:25.298+0000] {logging_mixin.py:120} INFO - [2023-11-20T18:47:25.297+0000] {dagbag.py:537} INFO - Filling up the DagBag from /home/airflow/.local/lib/python3.7/site-packages/airflow/example_dags/tutorial_dag.py
[2023-11-20T18:47:25.327+0000] {processor.py:766} INFO - DAG(s) dict_keys(['tutorial_dag']) retrieved from /home/airflow/.local/lib/python3.7/site-packages/airflow/example_dags/tutorial_dag.py
[2023-11-20T18:47:25.459+0000] {logging_mixin.py:120} INFO - [2023-11-20T18:47:25.459+0000] {dag.py:2585} INFO - Sync 1 DAGs
[2023-11-20T18:47:25.549+0000] {logging_mixin.py:120} INFO - [2023-11-20T18:47:25.549+0000] {dag.py:3340} INFO - Setting next_dagrun for tutorial_dag to None, run_after=None
[2023-11-20T18:47:25.609+0000] {processor.py:176} INFO - Processing /home/airflow/.local/lib/python3.7/site-packages/airflow/example_dags/tutorial_dag.py took 0.333 seconds
[2023-11-20T18:47:56.091+0000] {processor.py:154} INFO - Started process (PID=418) to work on /home/airflow/.local/lib/python3.7/site-packages/airflow/example_dags/tutorial_dag.py
[2023-11-20T18:47:56.092+0000] {processor.py:756} INFO - Processing file /home/airflow/.local/lib/python3.7/site-packages/airflow/example_dags/tutorial_dag.py for tasks to queue
[2023-11-20T18:47:56.093+0000] {logging_mixin.py:120} INFO - [2023-11-20T18:47:56.092+0000] {dagbag.py:537} INFO - Filling up the DagBag from /home/airflow/.local/lib/python3.7/site-packages/airflow/example_dags/tutorial_dag.py
[2023-11-20T18:47:56.122+0000] {processor.py:766} INFO - DAG(s) dict_keys(['tutorial_dag']) retrieved from /home/airflow/.local/lib/python3.7/site-packages/airflow/example_dags/tutorial_dag.py
[2023-11-20T18:47:56.273+0000] {logging_mixin.py:120} INFO - [2023-11-20T18:47:56.273+0000] {dag.py:2585} INFO - Sync 1 DAGs
[2023-11-20T18:47:56.362+0000] {logging_mixin.py:120} INFO - [2023-11-20T18:47:56.362+0000] {dag.py:3340} INFO - Setting next_dagrun for tutorial_dag to None, run_after=None
[2023-11-20T18:47:56.416+0000] {processor.py:176} INFO - Processing /home/airflow/.local/lib/python3.7/site-packages/airflow/example_dags/tutorial_dag.py took 0.336 seconds
[2023-11-20T18:48:27.172+0000] {processor.py:154} INFO - Started process (PID=471) to work on /home/airflow/.local/lib/python3.7/site-packages/airflow/example_dags/tutorial_dag.py
[2023-11-20T18:48:27.177+0000] {processor.py:756} INFO - Processing file /home/airflow/.local/lib/python3.7/site-packages/airflow/example_dags/tutorial_dag.py for tasks to queue
[2023-11-20T18:48:27.183+0000] {logging_mixin.py:120} INFO - [2023-11-20T18:48:27.183+0000] {dagbag.py:537} INFO - Filling up the DagBag from /home/airflow/.local/lib/python3.7/site-packages/airflow/example_dags/tutorial_dag.py
[2023-11-20T18:48:27.245+0000] {processor.py:766} INFO - DAG(s) dict_keys(['tutorial_dag']) retrieved from /home/airflow/.local/lib/python3.7/site-packages/airflow/example_dags/tutorial_dag.py
[2023-11-20T18:48:27.495+0000] {logging_mixin.py:120} INFO - [2023-11-20T18:48:27.495+0000] {dag.py:2585} INFO - Sync 1 DAGs
[2023-11-20T18:48:27.569+0000] {logging_mixin.py:120} INFO - [2023-11-20T18:48:27.569+0000] {dag.py:3340} INFO - Setting next_dagrun for tutorial_dag to None, run_after=None
[2023-11-20T18:48:27.619+0000] {processor.py:176} INFO - Processing /home/airflow/.local/lib/python3.7/site-packages/airflow/example_dags/tutorial_dag.py took 0.473 seconds
[2023-11-20T18:48:57.703+0000] {processor.py:154} INFO - Started process (PID=536) to work on /home/airflow/.local/lib/python3.7/site-packages/airflow/example_dags/tutorial_dag.py
[2023-11-20T18:48:57.704+0000] {processor.py:756} INFO - Processing file /home/airflow/.local/lib/python3.7/site-packages/airflow/example_dags/tutorial_dag.py for tasks to queue
[2023-11-20T18:48:57.705+0000] {logging_mixin.py:120} INFO - [2023-11-20T18:48:57.705+0000] {dagbag.py:537} INFO - Filling up the DagBag from /home/airflow/.local/lib/python3.7/site-packages/airflow/example_dags/tutorial_dag.py
[2023-11-20T18:48:57.720+0000] {processor.py:766} INFO - DAG(s) dict_keys(['tutorial_dag']) retrieved from /home/airflow/.local/lib/python3.7/site-packages/airflow/example_dags/tutorial_dag.py
[2023-11-20T18:48:57.753+0000] {logging_mixin.py:120} INFO - [2023-11-20T18:48:57.753+0000] {dag.py:2585} INFO - Sync 1 DAGs
[2023-11-20T18:48:57.777+0000] {logging_mixin.py:120} INFO - [2023-11-20T18:48:57.776+0000] {dag.py:3340} INFO - Setting next_dagrun for tutorial_dag to None, run_after=None
[2023-11-20T18:48:57.799+0000] {processor.py:176} INFO - Processing /home/airflow/.local/lib/python3.7/site-packages/airflow/example_dags/tutorial_dag.py took 0.100 seconds
[2023-11-20T18:49:28.828+0000] {processor.py:154} INFO - Started process (PID=598) to work on /home/airflow/.local/lib/python3.7/site-packages/airflow/example_dags/tutorial_dag.py
[2023-11-20T18:49:28.829+0000] {processor.py:756} INFO - Processing file /home/airflow/.local/lib/python3.7/site-packages/airflow/example_dags/tutorial_dag.py for tasks to queue
[2023-11-20T18:49:28.830+0000] {logging_mixin.py:120} INFO - [2023-11-20T18:49:28.830+0000] {dagbag.py:537} INFO - Filling up the DagBag from /home/airflow/.local/lib/python3.7/site-packages/airflow/example_dags/tutorial_dag.py
[2023-11-20T18:49:28.846+0000] {processor.py:766} INFO - DAG(s) dict_keys(['tutorial_dag']) retrieved from /home/airflow/.local/lib/python3.7/site-packages/airflow/example_dags/tutorial_dag.py
[2023-11-20T18:49:28.906+0000] {logging_mixin.py:120} INFO - [2023-11-20T18:49:28.906+0000] {dag.py:2585} INFO - Sync 1 DAGs
[2023-11-20T18:49:28.944+0000] {logging_mixin.py:120} INFO - [2023-11-20T18:49:28.944+0000] {dag.py:3340} INFO - Setting next_dagrun for tutorial_dag to None, run_after=None
[2023-11-20T18:49:28.976+0000] {processor.py:176} INFO - Processing /home/airflow/.local/lib/python3.7/site-packages/airflow/example_dags/tutorial_dag.py took 0.157 seconds
[2023-11-20T18:49:59.309+0000] {processor.py:154} INFO - Started process (PID=654) to work on /home/airflow/.local/lib/python3.7/site-packages/airflow/example_dags/tutorial_dag.py
[2023-11-20T18:49:59.310+0000] {processor.py:756} INFO - Processing file /home/airflow/.local/lib/python3.7/site-packages/airflow/example_dags/tutorial_dag.py for tasks to queue
[2023-11-20T18:49:59.311+0000] {logging_mixin.py:120} INFO - [2023-11-20T18:49:59.311+0000] {dagbag.py:537} INFO - Filling up the DagBag from /home/airflow/.local/lib/python3.7/site-packages/airflow/example_dags/tutorial_dag.py
[2023-11-20T18:49:59.335+0000] {processor.py:766} INFO - DAG(s) dict_keys(['tutorial_dag']) retrieved from /home/airflow/.local/lib/python3.7/site-packages/airflow/example_dags/tutorial_dag.py
[2023-11-20T18:49:59.383+0000] {logging_mixin.py:120} INFO - [2023-11-20T18:49:59.382+0000] {dag.py:2585} INFO - Sync 1 DAGs
[2023-11-20T18:49:59.416+0000] {logging_mixin.py:120} INFO - [2023-11-20T18:49:59.416+0000] {dag.py:3340} INFO - Setting next_dagrun for tutorial_dag to None, run_after=None
[2023-11-20T18:49:59.464+0000] {processor.py:176} INFO - Processing /home/airflow/.local/lib/python3.7/site-packages/airflow/example_dags/tutorial_dag.py took 0.159 seconds
[2023-11-20T18:50:29.936+0000] {processor.py:154} INFO - Started process (PID=718) to work on /home/airflow/.local/lib/python3.7/site-packages/airflow/example_dags/tutorial_dag.py
[2023-11-20T18:50:29.937+0000] {processor.py:756} INFO - Processing file /home/airflow/.local/lib/python3.7/site-packages/airflow/example_dags/tutorial_dag.py for tasks to queue
[2023-11-20T18:50:29.938+0000] {logging_mixin.py:120} INFO - [2023-11-20T18:50:29.938+0000] {dagbag.py:537} INFO - Filling up the DagBag from /home/airflow/.local/lib/python3.7/site-packages/airflow/example_dags/tutorial_dag.py
[2023-11-20T18:50:29.954+0000] {processor.py:766} INFO - DAG(s) dict_keys(['tutorial_dag']) retrieved from /home/airflow/.local/lib/python3.7/site-packages/airflow/example_dags/tutorial_dag.py
[2023-11-20T18:50:30.003+0000] {logging_mixin.py:120} INFO - [2023-11-20T18:50:30.003+0000] {dag.py:2585} INFO - Sync 1 DAGs
[2023-11-20T18:50:30.040+0000] {logging_mixin.py:120} INFO - [2023-11-20T18:50:30.040+0000] {dag.py:3340} INFO - Setting next_dagrun for tutorial_dag to None, run_after=None
[2023-11-20T18:50:30.068+0000] {processor.py:176} INFO - Processing /home/airflow/.local/lib/python3.7/site-packages/airflow/example_dags/tutorial_dag.py took 0.135 seconds
[2023-11-20T18:51:00.802+0000] {processor.py:154} INFO - Started process (PID=772) to work on /home/airflow/.local/lib/python3.7/site-packages/airflow/example_dags/tutorial_dag.py
[2023-11-20T18:51:00.802+0000] {processor.py:756} INFO - Processing file /home/airflow/.local/lib/python3.7/site-packages/airflow/example_dags/tutorial_dag.py for tasks to queue
[2023-11-20T18:51:00.803+0000] {logging_mixin.py:120} INFO - [2023-11-20T18:51:00.803+0000] {dagbag.py:537} INFO - Filling up the DagBag from /home/airflow/.local/lib/python3.7/site-packages/airflow/example_dags/tutorial_dag.py
[2023-11-20T18:51:00.817+0000] {processor.py:766} INFO - DAG(s) dict_keys(['tutorial_dag']) retrieved from /home/airflow/.local/lib/python3.7/site-packages/airflow/example_dags/tutorial_dag.py
[2023-11-20T18:51:00.864+0000] {logging_mixin.py:120} INFO - [2023-11-20T18:51:00.864+0000] {dag.py:2585} INFO - Sync 1 DAGs
[2023-11-20T18:51:00.903+0000] {logging_mixin.py:120} INFO - [2023-11-20T18:51:00.903+0000] {dag.py:3340} INFO - Setting next_dagrun for tutorial_dag to None, run_after=None
[2023-11-20T18:51:00.930+0000] {processor.py:176} INFO - Processing /home/airflow/.local/lib/python3.7/site-packages/airflow/example_dags/tutorial_dag.py took 0.132 seconds
[2023-11-20T18:51:32.204+0000] {processor.py:154} INFO - Started process (PID=836) to work on /home/airflow/.local/lib/python3.7/site-packages/airflow/example_dags/tutorial_dag.py
[2023-11-20T18:51:32.209+0000] {processor.py:756} INFO - Processing file /home/airflow/.local/lib/python3.7/site-packages/airflow/example_dags/tutorial_dag.py for tasks to queue
[2023-11-20T18:51:32.210+0000] {logging_mixin.py:120} INFO - [2023-11-20T18:51:32.210+0000] {dagbag.py:537} INFO - Filling up the DagBag from /home/airflow/.local/lib/python3.7/site-packages/airflow/example_dags/tutorial_dag.py
[2023-11-20T18:51:32.239+0000] {processor.py:766} INFO - DAG(s) dict_keys(['tutorial_dag']) retrieved from /home/airflow/.local/lib/python3.7/site-packages/airflow/example_dags/tutorial_dag.py
[2023-11-20T18:51:32.324+0000] {logging_mixin.py:120} INFO - [2023-11-20T18:51:32.323+0000] {dag.py:2585} INFO - Sync 1 DAGs
[2023-11-20T18:51:32.398+0000] {logging_mixin.py:120} INFO - [2023-11-20T18:51:32.397+0000] {dag.py:3340} INFO - Setting next_dagrun for tutorial_dag to None, run_after=None
[2023-11-20T18:51:32.447+0000] {processor.py:176} INFO - Processing /home/airflow/.local/lib/python3.7/site-packages/airflow/example_dags/tutorial_dag.py took 0.250 seconds
[2023-11-20T18:52:03.001+0000] {processor.py:154} INFO - Started process (PID=888) to work on /home/airflow/.local/lib/python3.7/site-packages/airflow/example_dags/tutorial_dag.py
[2023-11-20T18:52:03.003+0000] {processor.py:756} INFO - Processing file /home/airflow/.local/lib/python3.7/site-packages/airflow/example_dags/tutorial_dag.py for tasks to queue
[2023-11-20T18:52:03.003+0000] {logging_mixin.py:120} INFO - [2023-11-20T18:52:03.003+0000] {dagbag.py:537} INFO - Filling up the DagBag from /home/airflow/.local/lib/python3.7/site-packages/airflow/example_dags/tutorial_dag.py
[2023-11-20T18:52:03.019+0000] {processor.py:766} INFO - DAG(s) dict_keys(['tutorial_dag']) retrieved from /home/airflow/.local/lib/python3.7/site-packages/airflow/example_dags/tutorial_dag.py
[2023-11-20T18:52:03.072+0000] {logging_mixin.py:120} INFO - [2023-11-20T18:52:03.071+0000] {dag.py:2585} INFO - Sync 1 DAGs
[2023-11-20T18:52:03.105+0000] {logging_mixin.py:120} INFO - [2023-11-20T18:52:03.105+0000] {dag.py:3340} INFO - Setting next_dagrun for tutorial_dag to None, run_after=None
[2023-11-20T18:52:03.133+0000] {processor.py:176} INFO - Processing /home/airflow/.local/lib/python3.7/site-packages/airflow/example_dags/tutorial_dag.py took 0.135 seconds
[2023-11-20T18:52:33.241+0000] {processor.py:154} INFO - Started process (PID=950) to work on /home/airflow/.local/lib/python3.7/site-packages/airflow/example_dags/tutorial_dag.py
[2023-11-20T18:52:33.242+0000] {processor.py:756} INFO - Processing file /home/airflow/.local/lib/python3.7/site-packages/airflow/example_dags/tutorial_dag.py for tasks to queue
[2023-11-20T18:52:33.242+0000] {logging_mixin.py:120} INFO - [2023-11-20T18:52:33.242+0000] {dagbag.py:537} INFO - Filling up the DagBag from /home/airflow/.local/lib/python3.7/site-packages/airflow/example_dags/tutorial_dag.py
[2023-11-20T18:52:33.299+0000] {processor.py:766} INFO - DAG(s) dict_keys(['tutorial_dag']) retrieved from /home/airflow/.local/lib/python3.7/site-packages/airflow/example_dags/tutorial_dag.py
[2023-11-20T18:52:33.394+0000] {logging_mixin.py:120} INFO - [2023-11-20T18:52:33.394+0000] {dag.py:2585} INFO - Sync 1 DAGs
[2023-11-20T18:52:33.420+0000] {logging_mixin.py:120} INFO - [2023-11-20T18:52:33.420+0000] {dag.py:3340} INFO - Setting next_dagrun for tutorial_dag to None, run_after=None
[2023-11-20T18:52:33.447+0000] {processor.py:176} INFO - Processing /home/airflow/.local/lib/python3.7/site-packages/airflow/example_dags/tutorial_dag.py took 0.209 seconds
[2023-11-20T18:53:03.897+0000] {processor.py:154} INFO - Started process (PID=1003) to work on /home/airflow/.local/lib/python3.7/site-packages/airflow/example_dags/tutorial_dag.py
[2023-11-20T18:53:03.898+0000] {processor.py:756} INFO - Processing file /home/airflow/.local/lib/python3.7/site-packages/airflow/example_dags/tutorial_dag.py for tasks to queue
[2023-11-20T18:53:03.899+0000] {logging_mixin.py:120} INFO - [2023-11-20T18:53:03.899+0000] {dagbag.py:537} INFO - Filling up the DagBag from /home/airflow/.local/lib/python3.7/site-packages/airflow/example_dags/tutorial_dag.py
[2023-11-20T18:53:03.913+0000] {processor.py:766} INFO - DAG(s) dict_keys(['tutorial_dag']) retrieved from /home/airflow/.local/lib/python3.7/site-packages/airflow/example_dags/tutorial_dag.py
[2023-11-20T18:53:03.976+0000] {logging_mixin.py:120} INFO - [2023-11-20T18:53:03.975+0000] {dag.py:2585} INFO - Sync 1 DAGs
[2023-11-20T18:53:04.013+0000] {logging_mixin.py:120} INFO - [2023-11-20T18:53:04.013+0000] {dag.py:3340} INFO - Setting next_dagrun for tutorial_dag to None, run_after=None
[2023-11-20T18:53:04.071+0000] {processor.py:176} INFO - Processing /home/airflow/.local/lib/python3.7/site-packages/airflow/example_dags/tutorial_dag.py took 0.177 seconds
[2023-11-20T18:53:34.340+0000] {processor.py:154} INFO - Started process (PID=1065) to work on /home/airflow/.local/lib/python3.7/site-packages/airflow/example_dags/tutorial_dag.py
[2023-11-20T18:53:34.341+0000] {processor.py:756} INFO - Processing file /home/airflow/.local/lib/python3.7/site-packages/airflow/example_dags/tutorial_dag.py for tasks to queue
[2023-11-20T18:53:34.342+0000] {logging_mixin.py:120} INFO - [2023-11-20T18:53:34.342+0000] {dagbag.py:537} INFO - Filling up the DagBag from /home/airflow/.local/lib/python3.7/site-packages/airflow/example_dags/tutorial_dag.py
[2023-11-20T18:53:34.359+0000] {processor.py:766} INFO - DAG(s) dict_keys(['tutorial_dag']) retrieved from /home/airflow/.local/lib/python3.7/site-packages/airflow/example_dags/tutorial_dag.py
[2023-11-20T18:53:34.405+0000] {logging_mixin.py:120} INFO - [2023-11-20T18:53:34.405+0000] {dag.py:2585} INFO - Sync 1 DAGs
[2023-11-20T18:53:34.436+0000] {logging_mixin.py:120} INFO - [2023-11-20T18:53:34.436+0000] {dag.py:3340} INFO - Setting next_dagrun for tutorial_dag to None, run_after=None
[2023-11-20T18:53:34.464+0000] {processor.py:176} INFO - Processing /home/airflow/.local/lib/python3.7/site-packages/airflow/example_dags/tutorial_dag.py took 0.127 seconds
[2023-11-20T18:54:04.566+0000] {processor.py:154} INFO - Started process (PID=1119) to work on /home/airflow/.local/lib/python3.7/site-packages/airflow/example_dags/tutorial_dag.py
[2023-11-20T18:54:04.567+0000] {processor.py:756} INFO - Processing file /home/airflow/.local/lib/python3.7/site-packages/airflow/example_dags/tutorial_dag.py for tasks to queue
[2023-11-20T18:54:04.568+0000] {logging_mixin.py:120} INFO - [2023-11-20T18:54:04.567+0000] {dagbag.py:537} INFO - Filling up the DagBag from /home/airflow/.local/lib/python3.7/site-packages/airflow/example_dags/tutorial_dag.py
[2023-11-20T18:54:04.582+0000] {processor.py:766} INFO - DAG(s) dict_keys(['tutorial_dag']) retrieved from /home/airflow/.local/lib/python3.7/site-packages/airflow/example_dags/tutorial_dag.py
[2023-11-20T18:54:04.632+0000] {logging_mixin.py:120} INFO - [2023-11-20T18:54:04.632+0000] {dag.py:2585} INFO - Sync 1 DAGs
[2023-11-20T18:54:04.667+0000] {logging_mixin.py:120} INFO - [2023-11-20T18:54:04.667+0000] {dag.py:3340} INFO - Setting next_dagrun for tutorial_dag to None, run_after=None
[2023-11-20T18:54:04.701+0000] {processor.py:176} INFO - Processing /home/airflow/.local/lib/python3.7/site-packages/airflow/example_dags/tutorial_dag.py took 0.139 seconds
[2023-11-20T18:54:35.280+0000] {processor.py:154} INFO - Started process (PID=1180) to work on /home/airflow/.local/lib/python3.7/site-packages/airflow/example_dags/tutorial_dag.py
[2023-11-20T18:54:35.282+0000] {processor.py:756} INFO - Processing file /home/airflow/.local/lib/python3.7/site-packages/airflow/example_dags/tutorial_dag.py for tasks to queue
[2023-11-20T18:54:35.283+0000] {logging_mixin.py:120} INFO - [2023-11-20T18:54:35.283+0000] {dagbag.py:537} INFO - Filling up the DagBag from /home/airflow/.local/lib/python3.7/site-packages/airflow/example_dags/tutorial_dag.py
[2023-11-20T18:54:35.299+0000] {processor.py:766} INFO - DAG(s) dict_keys(['tutorial_dag']) retrieved from /home/airflow/.local/lib/python3.7/site-packages/airflow/example_dags/tutorial_dag.py
[2023-11-20T18:54:35.354+0000] {logging_mixin.py:120} INFO - [2023-11-20T18:54:35.353+0000] {dag.py:2585} INFO - Sync 1 DAGs
[2023-11-20T18:54:35.388+0000] {logging_mixin.py:120} INFO - [2023-11-20T18:54:35.388+0000] {dag.py:3340} INFO - Setting next_dagrun for tutorial_dag to None, run_after=None
[2023-11-20T18:54:35.415+0000] {processor.py:176} INFO - Processing /home/airflow/.local/lib/python3.7/site-packages/airflow/example_dags/tutorial_dag.py took 0.138 seconds
[2023-11-20T18:55:05.963+0000] {processor.py:154} INFO - Started process (PID=1234) to work on /home/airflow/.local/lib/python3.7/site-packages/airflow/example_dags/tutorial_dag.py
[2023-11-20T18:55:05.964+0000] {processor.py:756} INFO - Processing file /home/airflow/.local/lib/python3.7/site-packages/airflow/example_dags/tutorial_dag.py for tasks to queue
[2023-11-20T18:55:05.965+0000] {logging_mixin.py:120} INFO - [2023-11-20T18:55:05.965+0000] {dagbag.py:537} INFO - Filling up the DagBag from /home/airflow/.local/lib/python3.7/site-packages/airflow/example_dags/tutorial_dag.py
[2023-11-20T18:55:05.981+0000] {processor.py:766} INFO - DAG(s) dict_keys(['tutorial_dag']) retrieved from /home/airflow/.local/lib/python3.7/site-packages/airflow/example_dags/tutorial_dag.py
[2023-11-20T18:55:06.032+0000] {logging_mixin.py:120} INFO - [2023-11-20T18:55:06.032+0000] {dag.py:2585} INFO - Sync 1 DAGs
[2023-11-20T18:55:06.064+0000] {logging_mixin.py:120} INFO - [2023-11-20T18:55:06.064+0000] {dag.py:3340} INFO - Setting next_dagrun for tutorial_dag to None, run_after=None
[2023-11-20T18:55:06.093+0000] {processor.py:176} INFO - Processing /home/airflow/.local/lib/python3.7/site-packages/airflow/example_dags/tutorial_dag.py took 0.132 seconds
[2023-11-20T18:55:36.440+0000] {processor.py:154} INFO - Started process (PID=1298) to work on /home/airflow/.local/lib/python3.7/site-packages/airflow/example_dags/tutorial_dag.py
[2023-11-20T18:55:36.441+0000] {processor.py:756} INFO - Processing file /home/airflow/.local/lib/python3.7/site-packages/airflow/example_dags/tutorial_dag.py for tasks to queue
[2023-11-20T18:55:36.442+0000] {logging_mixin.py:120} INFO - [2023-11-20T18:55:36.442+0000] {dagbag.py:537} INFO - Filling up the DagBag from /home/airflow/.local/lib/python3.7/site-packages/airflow/example_dags/tutorial_dag.py
[2023-11-20T18:55:36.459+0000] {processor.py:766} INFO - DAG(s) dict_keys(['tutorial_dag']) retrieved from /home/airflow/.local/lib/python3.7/site-packages/airflow/example_dags/tutorial_dag.py
[2023-11-20T18:55:36.506+0000] {logging_mixin.py:120} INFO - [2023-11-20T18:55:36.506+0000] {dag.py:2585} INFO - Sync 1 DAGs
[2023-11-20T18:55:36.542+0000] {logging_mixin.py:120} INFO - [2023-11-20T18:55:36.542+0000] {dag.py:3340} INFO - Setting next_dagrun for tutorial_dag to None, run_after=None
[2023-11-20T18:55:36.575+0000] {processor.py:176} INFO - Processing /home/airflow/.local/lib/python3.7/site-packages/airflow/example_dags/tutorial_dag.py took 0.139 seconds
[2023-11-20T18:56:07.101+0000] {processor.py:154} INFO - Started process (PID=1352) to work on /home/airflow/.local/lib/python3.7/site-packages/airflow/example_dags/tutorial_dag.py
[2023-11-20T18:56:07.102+0000] {processor.py:756} INFO - Processing file /home/airflow/.local/lib/python3.7/site-packages/airflow/example_dags/tutorial_dag.py for tasks to queue
[2023-11-20T18:56:07.115+0000] {logging_mixin.py:120} INFO - [2023-11-20T18:56:07.102+0000] {dagbag.py:537} INFO - Filling up the DagBag from /home/airflow/.local/lib/python3.7/site-packages/airflow/example_dags/tutorial_dag.py
[2023-11-20T18:56:07.154+0000] {processor.py:766} INFO - DAG(s) dict_keys(['tutorial_dag']) retrieved from /home/airflow/.local/lib/python3.7/site-packages/airflow/example_dags/tutorial_dag.py
[2023-11-20T18:56:07.341+0000] {logging_mixin.py:120} INFO - [2023-11-20T18:56:07.341+0000] {dag.py:2585} INFO - Sync 1 DAGs
[2023-11-20T18:56:07.401+0000] {logging_mixin.py:120} INFO - [2023-11-20T18:56:07.400+0000] {dag.py:3340} INFO - Setting next_dagrun for tutorial_dag to None, run_after=None
[2023-11-20T18:56:07.481+0000] {processor.py:176} INFO - Processing /home/airflow/.local/lib/python3.7/site-packages/airflow/example_dags/tutorial_dag.py took 0.394 seconds
[2023-11-20T18:56:37.636+0000] {processor.py:154} INFO - Started process (PID=1415) to work on /home/airflow/.local/lib/python3.7/site-packages/airflow/example_dags/tutorial_dag.py
[2023-11-20T18:56:37.639+0000] {processor.py:756} INFO - Processing file /home/airflow/.local/lib/python3.7/site-packages/airflow/example_dags/tutorial_dag.py for tasks to queue
[2023-11-20T18:56:37.640+0000] {logging_mixin.py:120} INFO - [2023-11-20T18:56:37.640+0000] {dagbag.py:537} INFO - Filling up the DagBag from /home/airflow/.local/lib/python3.7/site-packages/airflow/example_dags/tutorial_dag.py
[2023-11-20T18:56:37.671+0000] {processor.py:766} INFO - DAG(s) dict_keys(['tutorial_dag']) retrieved from /home/airflow/.local/lib/python3.7/site-packages/airflow/example_dags/tutorial_dag.py
[2023-11-20T18:56:37.779+0000] {logging_mixin.py:120} INFO - [2023-11-20T18:56:37.779+0000] {dag.py:2585} INFO - Sync 1 DAGs
[2023-11-20T18:56:37.818+0000] {logging_mixin.py:120} INFO - [2023-11-20T18:56:37.818+0000] {dag.py:3340} INFO - Setting next_dagrun for tutorial_dag to None, run_after=None
[2023-11-20T18:56:37.850+0000] {processor.py:176} INFO - Processing /home/airflow/.local/lib/python3.7/site-packages/airflow/example_dags/tutorial_dag.py took 0.220 seconds
[2023-11-20T18:57:08.332+0000] {processor.py:154} INFO - Started process (PID=1468) to work on /home/airflow/.local/lib/python3.7/site-packages/airflow/example_dags/tutorial_dag.py
[2023-11-20T18:57:08.333+0000] {processor.py:756} INFO - Processing file /home/airflow/.local/lib/python3.7/site-packages/airflow/example_dags/tutorial_dag.py for tasks to queue
[2023-11-20T18:57:08.334+0000] {logging_mixin.py:120} INFO - [2023-11-20T18:57:08.333+0000] {dagbag.py:537} INFO - Filling up the DagBag from /home/airflow/.local/lib/python3.7/site-packages/airflow/example_dags/tutorial_dag.py
[2023-11-20T18:57:08.351+0000] {processor.py:766} INFO - DAG(s) dict_keys(['tutorial_dag']) retrieved from /home/airflow/.local/lib/python3.7/site-packages/airflow/example_dags/tutorial_dag.py
[2023-11-20T18:57:08.387+0000] {logging_mixin.py:120} INFO - [2023-11-20T18:57:08.387+0000] {dag.py:2585} INFO - Sync 1 DAGs
[2023-11-20T18:57:08.408+0000] {logging_mixin.py:120} INFO - [2023-11-20T18:57:08.408+0000] {dag.py:3340} INFO - Setting next_dagrun for tutorial_dag to None, run_after=None
[2023-11-20T18:57:08.427+0000] {processor.py:176} INFO - Processing /home/airflow/.local/lib/python3.7/site-packages/airflow/example_dags/tutorial_dag.py took 0.099 seconds
[2023-11-20T18:57:38.626+0000] {processor.py:154} INFO - Started process (PID=1531) to work on /home/airflow/.local/lib/python3.7/site-packages/airflow/example_dags/tutorial_dag.py
[2023-11-20T18:57:38.627+0000] {processor.py:756} INFO - Processing file /home/airflow/.local/lib/python3.7/site-packages/airflow/example_dags/tutorial_dag.py for tasks to queue
[2023-11-20T18:57:38.628+0000] {logging_mixin.py:120} INFO - [2023-11-20T18:57:38.628+0000] {dagbag.py:537} INFO - Filling up the DagBag from /home/airflow/.local/lib/python3.7/site-packages/airflow/example_dags/tutorial_dag.py
[2023-11-20T18:57:38.640+0000] {processor.py:766} INFO - DAG(s) dict_keys(['tutorial_dag']) retrieved from /home/airflow/.local/lib/python3.7/site-packages/airflow/example_dags/tutorial_dag.py
[2023-11-20T18:57:38.675+0000] {logging_mixin.py:120} INFO - [2023-11-20T18:57:38.675+0000] {dag.py:2585} INFO - Sync 1 DAGs
[2023-11-20T18:57:38.695+0000] {logging_mixin.py:120} INFO - [2023-11-20T18:57:38.695+0000] {dag.py:3340} INFO - Setting next_dagrun for tutorial_dag to None, run_after=None
[2023-11-20T18:57:38.716+0000] {processor.py:176} INFO - Processing /home/airflow/.local/lib/python3.7/site-packages/airflow/example_dags/tutorial_dag.py took 0.094 seconds
[2023-11-20T18:58:09.937+0000] {processor.py:154} INFO - Started process (PID=1585) to work on /home/airflow/.local/lib/python3.7/site-packages/airflow/example_dags/tutorial_dag.py
[2023-11-20T18:58:09.938+0000] {processor.py:756} INFO - Processing file /home/airflow/.local/lib/python3.7/site-packages/airflow/example_dags/tutorial_dag.py for tasks to queue
[2023-11-20T18:58:09.938+0000] {logging_mixin.py:120} INFO - [2023-11-20T18:58:09.938+0000] {dagbag.py:537} INFO - Filling up the DagBag from /home/airflow/.local/lib/python3.7/site-packages/airflow/example_dags/tutorial_dag.py
[2023-11-20T18:58:09.958+0000] {processor.py:766} INFO - DAG(s) dict_keys(['tutorial_dag']) retrieved from /home/airflow/.local/lib/python3.7/site-packages/airflow/example_dags/tutorial_dag.py
[2023-11-20T18:58:10.009+0000] {logging_mixin.py:120} INFO - [2023-11-20T18:58:10.009+0000] {dag.py:2585} INFO - Sync 1 DAGs
[2023-11-20T18:58:10.043+0000] {logging_mixin.py:120} INFO - [2023-11-20T18:58:10.043+0000] {dag.py:3340} INFO - Setting next_dagrun for tutorial_dag to None, run_after=None
[2023-11-20T18:58:10.072+0000] {processor.py:176} INFO - Processing /home/airflow/.local/lib/python3.7/site-packages/airflow/example_dags/tutorial_dag.py took 0.139 seconds
[2023-11-20T18:58:40.448+0000] {processor.py:154} INFO - Started process (PID=1647) to work on /home/airflow/.local/lib/python3.7/site-packages/airflow/example_dags/tutorial_dag.py
[2023-11-20T18:58:40.449+0000] {processor.py:756} INFO - Processing file /home/airflow/.local/lib/python3.7/site-packages/airflow/example_dags/tutorial_dag.py for tasks to queue
[2023-11-20T18:58:40.450+0000] {logging_mixin.py:120} INFO - [2023-11-20T18:58:40.449+0000] {dagbag.py:537} INFO - Filling up the DagBag from /home/airflow/.local/lib/python3.7/site-packages/airflow/example_dags/tutorial_dag.py
[2023-11-20T18:58:40.515+0000] {processor.py:766} INFO - DAG(s) dict_keys(['tutorial_dag']) retrieved from /home/airflow/.local/lib/python3.7/site-packages/airflow/example_dags/tutorial_dag.py
[2023-11-20T18:58:40.613+0000] {logging_mixin.py:120} INFO - [2023-11-20T18:58:40.613+0000] {dag.py:2585} INFO - Sync 1 DAGs
[2023-11-20T18:58:40.648+0000] {logging_mixin.py:120} INFO - [2023-11-20T18:58:40.648+0000] {dag.py:3340} INFO - Setting next_dagrun for tutorial_dag to None, run_after=None
[2023-11-20T18:58:40.709+0000] {processor.py:176} INFO - Processing /home/airflow/.local/lib/python3.7/site-packages/airflow/example_dags/tutorial_dag.py took 0.265 seconds
[2023-11-20T18:59:11.359+0000] {processor.py:154} INFO - Started process (PID=1710) to work on /home/airflow/.local/lib/python3.7/site-packages/airflow/example_dags/tutorial_dag.py
[2023-11-20T18:59:11.362+0000] {processor.py:756} INFO - Processing file /home/airflow/.local/lib/python3.7/site-packages/airflow/example_dags/tutorial_dag.py for tasks to queue
[2023-11-20T18:59:11.363+0000] {logging_mixin.py:120} INFO - [2023-11-20T18:59:11.363+0000] {dagbag.py:537} INFO - Filling up the DagBag from /home/airflow/.local/lib/python3.7/site-packages/airflow/example_dags/tutorial_dag.py
[2023-11-20T18:59:11.384+0000] {processor.py:766} INFO - DAG(s) dict_keys(['tutorial_dag']) retrieved from /home/airflow/.local/lib/python3.7/site-packages/airflow/example_dags/tutorial_dag.py
[2023-11-20T18:59:11.425+0000] {logging_mixin.py:120} INFO - [2023-11-20T18:59:11.424+0000] {dag.py:2585} INFO - Sync 1 DAGs
[2023-11-20T18:59:11.450+0000] {logging_mixin.py:120} INFO - [2023-11-20T18:59:11.450+0000] {dag.py:3340} INFO - Setting next_dagrun for tutorial_dag to None, run_after=None
[2023-11-20T18:59:11.472+0000] {processor.py:176} INFO - Processing /home/airflow/.local/lib/python3.7/site-packages/airflow/example_dags/tutorial_dag.py took 0.116 seconds
[2023-11-20T18:59:42.210+0000] {processor.py:154} INFO - Started process (PID=1765) to work on /home/airflow/.local/lib/python3.7/site-packages/airflow/example_dags/tutorial_dag.py
[2023-11-20T18:59:42.210+0000] {processor.py:756} INFO - Processing file /home/airflow/.local/lib/python3.7/site-packages/airflow/example_dags/tutorial_dag.py for tasks to queue
[2023-11-20T18:59:42.211+0000] {logging_mixin.py:120} INFO - [2023-11-20T18:59:42.211+0000] {dagbag.py:537} INFO - Filling up the DagBag from /home/airflow/.local/lib/python3.7/site-packages/airflow/example_dags/tutorial_dag.py
[2023-11-20T18:59:42.222+0000] {processor.py:766} INFO - DAG(s) dict_keys(['tutorial_dag']) retrieved from /home/airflow/.local/lib/python3.7/site-packages/airflow/example_dags/tutorial_dag.py
[2023-11-20T18:59:42.255+0000] {logging_mixin.py:120} INFO - [2023-11-20T18:59:42.255+0000] {dag.py:2585} INFO - Sync 1 DAGs
[2023-11-20T18:59:42.275+0000] {logging_mixin.py:120} INFO - [2023-11-20T18:59:42.275+0000] {dag.py:3340} INFO - Setting next_dagrun for tutorial_dag to None, run_after=None
[2023-11-20T18:59:42.296+0000] {processor.py:176} INFO - Processing /home/airflow/.local/lib/python3.7/site-packages/airflow/example_dags/tutorial_dag.py took 0.089 seconds
[2023-11-20T19:00:13.200+0000] {processor.py:154} INFO - Started process (PID=1828) to work on /home/airflow/.local/lib/python3.7/site-packages/airflow/example_dags/tutorial_dag.py
[2023-11-20T19:00:13.201+0000] {processor.py:756} INFO - Processing file /home/airflow/.local/lib/python3.7/site-packages/airflow/example_dags/tutorial_dag.py for tasks to queue
[2023-11-20T19:00:13.202+0000] {logging_mixin.py:120} INFO - [2023-11-20T19:00:13.201+0000] {dagbag.py:537} INFO - Filling up the DagBag from /home/airflow/.local/lib/python3.7/site-packages/airflow/example_dags/tutorial_dag.py
[2023-11-20T19:00:13.213+0000] {processor.py:766} INFO - DAG(s) dict_keys(['tutorial_dag']) retrieved from /home/airflow/.local/lib/python3.7/site-packages/airflow/example_dags/tutorial_dag.py
[2023-11-20T19:00:13.246+0000] {logging_mixin.py:120} INFO - [2023-11-20T19:00:13.246+0000] {dag.py:2585} INFO - Sync 1 DAGs
[2023-11-20T19:00:13.268+0000] {logging_mixin.py:120} INFO - [2023-11-20T19:00:13.267+0000] {dag.py:3340} INFO - Setting next_dagrun for tutorial_dag to None, run_after=None
[2023-11-20T19:00:13.290+0000] {processor.py:176} INFO - Processing /home/airflow/.local/lib/python3.7/site-packages/airflow/example_dags/tutorial_dag.py took 0.093 seconds
[2023-11-20T19:00:44.019+0000] {processor.py:154} INFO - Started process (PID=1893) to work on /home/airflow/.local/lib/python3.7/site-packages/airflow/example_dags/tutorial_dag.py
[2023-11-20T19:00:44.023+0000] {processor.py:756} INFO - Processing file /home/airflow/.local/lib/python3.7/site-packages/airflow/example_dags/tutorial_dag.py for tasks to queue
[2023-11-20T19:00:44.024+0000] {logging_mixin.py:120} INFO - [2023-11-20T19:00:44.024+0000] {dagbag.py:537} INFO - Filling up the DagBag from /home/airflow/.local/lib/python3.7/site-packages/airflow/example_dags/tutorial_dag.py
[2023-11-20T19:00:44.043+0000] {processor.py:766} INFO - DAG(s) dict_keys(['tutorial_dag']) retrieved from /home/airflow/.local/lib/python3.7/site-packages/airflow/example_dags/tutorial_dag.py
[2023-11-20T19:00:44.130+0000] {logging_mixin.py:120} INFO - [2023-11-20T19:00:44.130+0000] {dag.py:2585} INFO - Sync 1 DAGs
[2023-11-20T19:00:44.172+0000] {logging_mixin.py:120} INFO - [2023-11-20T19:00:44.172+0000] {dag.py:3340} INFO - Setting next_dagrun for tutorial_dag to None, run_after=None
[2023-11-20T19:00:44.202+0000] {processor.py:176} INFO - Processing /home/airflow/.local/lib/python3.7/site-packages/airflow/example_dags/tutorial_dag.py took 0.187 seconds
[2023-11-20T19:01:14.478+0000] {processor.py:154} INFO - Started process (PID=1949) to work on /home/airflow/.local/lib/python3.7/site-packages/airflow/example_dags/tutorial_dag.py
[2023-11-20T19:01:14.480+0000] {processor.py:756} INFO - Processing file /home/airflow/.local/lib/python3.7/site-packages/airflow/example_dags/tutorial_dag.py for tasks to queue
[2023-11-20T19:01:14.481+0000] {logging_mixin.py:120} INFO - [2023-11-20T19:01:14.481+0000] {dagbag.py:537} INFO - Filling up the DagBag from /home/airflow/.local/lib/python3.7/site-packages/airflow/example_dags/tutorial_dag.py
[2023-11-20T19:01:14.500+0000] {processor.py:766} INFO - DAG(s) dict_keys(['tutorial_dag']) retrieved from /home/airflow/.local/lib/python3.7/site-packages/airflow/example_dags/tutorial_dag.py
[2023-11-20T19:01:14.535+0000] {logging_mixin.py:120} INFO - [2023-11-20T19:01:14.535+0000] {dag.py:2585} INFO - Sync 1 DAGs
[2023-11-20T19:01:14.555+0000] {logging_mixin.py:120} INFO - [2023-11-20T19:01:14.555+0000] {dag.py:3340} INFO - Setting next_dagrun for tutorial_dag to None, run_after=None
[2023-11-20T19:01:14.575+0000] {processor.py:176} INFO - Processing /home/airflow/.local/lib/python3.7/site-packages/airflow/example_dags/tutorial_dag.py took 0.100 seconds
[2023-11-20T19:01:44.761+0000] {processor.py:154} INFO - Started process (PID=2013) to work on /home/airflow/.local/lib/python3.7/site-packages/airflow/example_dags/tutorial_dag.py
[2023-11-20T19:01:44.761+0000] {processor.py:756} INFO - Processing file /home/airflow/.local/lib/python3.7/site-packages/airflow/example_dags/tutorial_dag.py for tasks to queue
[2023-11-20T19:01:44.762+0000] {logging_mixin.py:120} INFO - [2023-11-20T19:01:44.762+0000] {dagbag.py:537} INFO - Filling up the DagBag from /home/airflow/.local/lib/python3.7/site-packages/airflow/example_dags/tutorial_dag.py
[2023-11-20T19:01:44.774+0000] {processor.py:766} INFO - DAG(s) dict_keys(['tutorial_dag']) retrieved from /home/airflow/.local/lib/python3.7/site-packages/airflow/example_dags/tutorial_dag.py
[2023-11-20T19:01:44.807+0000] {logging_mixin.py:120} INFO - [2023-11-20T19:01:44.807+0000] {dag.py:2585} INFO - Sync 1 DAGs
[2023-11-20T19:01:44.827+0000] {logging_mixin.py:120} INFO - [2023-11-20T19:01:44.827+0000] {dag.py:3340} INFO - Setting next_dagrun for tutorial_dag to None, run_after=None
[2023-11-20T19:01:44.854+0000] {processor.py:176} INFO - Processing /home/airflow/.local/lib/python3.7/site-packages/airflow/example_dags/tutorial_dag.py took 0.096 seconds
[2023-11-20T19:02:15.609+0000] {processor.py:154} INFO - Started process (PID=2076) to work on /home/airflow/.local/lib/python3.7/site-packages/airflow/example_dags/tutorial_dag.py
[2023-11-20T19:02:15.619+0000] {processor.py:756} INFO - Processing file /home/airflow/.local/lib/python3.7/site-packages/airflow/example_dags/tutorial_dag.py for tasks to queue
[2023-11-20T19:02:15.620+0000] {logging_mixin.py:120} INFO - [2023-11-20T19:02:15.619+0000] {dagbag.py:537} INFO - Filling up the DagBag from /home/airflow/.local/lib/python3.7/site-packages/airflow/example_dags/tutorial_dag.py
[2023-11-20T19:02:15.636+0000] {processor.py:766} INFO - DAG(s) dict_keys(['tutorial_dag']) retrieved from /home/airflow/.local/lib/python3.7/site-packages/airflow/example_dags/tutorial_dag.py
[2023-11-20T19:02:15.682+0000] {logging_mixin.py:120} INFO - [2023-11-20T19:02:15.682+0000] {dag.py:2585} INFO - Sync 1 DAGs
[2023-11-20T19:02:15.716+0000] {logging_mixin.py:120} INFO - [2023-11-20T19:02:15.716+0000] {dag.py:3340} INFO - Setting next_dagrun for tutorial_dag to None, run_after=None
[2023-11-20T19:02:15.744+0000] {processor.py:176} INFO - Processing /home/airflow/.local/lib/python3.7/site-packages/airflow/example_dags/tutorial_dag.py took 0.138 seconds
[2023-11-20T19:02:46.468+0000] {processor.py:154} INFO - Started process (PID=2132) to work on /home/airflow/.local/lib/python3.7/site-packages/airflow/example_dags/tutorial_dag.py
[2023-11-20T19:02:46.469+0000] {processor.py:756} INFO - Processing file /home/airflow/.local/lib/python3.7/site-packages/airflow/example_dags/tutorial_dag.py for tasks to queue
[2023-11-20T19:02:46.470+0000] {logging_mixin.py:120} INFO - [2023-11-20T19:02:46.470+0000] {dagbag.py:537} INFO - Filling up the DagBag from /home/airflow/.local/lib/python3.7/site-packages/airflow/example_dags/tutorial_dag.py
[2023-11-20T19:02:46.485+0000] {processor.py:766} INFO - DAG(s) dict_keys(['tutorial_dag']) retrieved from /home/airflow/.local/lib/python3.7/site-packages/airflow/example_dags/tutorial_dag.py
[2023-11-20T19:02:46.546+0000] {logging_mixin.py:120} INFO - [2023-11-20T19:02:46.546+0000] {dag.py:2585} INFO - Sync 1 DAGs
[2023-11-20T19:02:46.588+0000] {logging_mixin.py:120} INFO - [2023-11-20T19:02:46.588+0000] {dag.py:3340} INFO - Setting next_dagrun for tutorial_dag to None, run_after=None
[2023-11-20T19:02:46.630+0000] {processor.py:176} INFO - Processing /home/airflow/.local/lib/python3.7/site-packages/airflow/example_dags/tutorial_dag.py took 0.165 seconds
[2023-11-20T19:03:17.597+0000] {processor.py:154} INFO - Started process (PID=2194) to work on /home/airflow/.local/lib/python3.7/site-packages/airflow/example_dags/tutorial_dag.py
[2023-11-20T19:03:17.599+0000] {processor.py:756} INFO - Processing file /home/airflow/.local/lib/python3.7/site-packages/airflow/example_dags/tutorial_dag.py for tasks to queue
[2023-11-20T19:03:17.600+0000] {logging_mixin.py:120} INFO - [2023-11-20T19:03:17.599+0000] {dagbag.py:537} INFO - Filling up the DagBag from /home/airflow/.local/lib/python3.7/site-packages/airflow/example_dags/tutorial_dag.py
[2023-11-20T19:03:17.612+0000] {processor.py:766} INFO - DAG(s) dict_keys(['tutorial_dag']) retrieved from /home/airflow/.local/lib/python3.7/site-packages/airflow/example_dags/tutorial_dag.py
[2023-11-20T19:03:17.647+0000] {logging_mixin.py:120} INFO - [2023-11-20T19:03:17.646+0000] {dag.py:2585} INFO - Sync 1 DAGs
[2023-11-20T19:03:17.667+0000] {logging_mixin.py:120} INFO - [2023-11-20T19:03:17.667+0000] {dag.py:3340} INFO - Setting next_dagrun for tutorial_dag to None, run_after=None
[2023-11-20T19:03:17.693+0000] {processor.py:176} INFO - Processing /home/airflow/.local/lib/python3.7/site-packages/airflow/example_dags/tutorial_dag.py took 0.099 seconds
[2023-11-20T19:03:48.122+0000] {processor.py:154} INFO - Started process (PID=2249) to work on /home/airflow/.local/lib/python3.7/site-packages/airflow/example_dags/tutorial_dag.py
[2023-11-20T19:03:48.124+0000] {processor.py:756} INFO - Processing file /home/airflow/.local/lib/python3.7/site-packages/airflow/example_dags/tutorial_dag.py for tasks to queue
[2023-11-20T19:03:48.124+0000] {logging_mixin.py:120} INFO - [2023-11-20T19:03:48.124+0000] {dagbag.py:537} INFO - Filling up the DagBag from /home/airflow/.local/lib/python3.7/site-packages/airflow/example_dags/tutorial_dag.py
[2023-11-20T19:03:48.144+0000] {processor.py:766} INFO - DAG(s) dict_keys(['tutorial_dag']) retrieved from /home/airflow/.local/lib/python3.7/site-packages/airflow/example_dags/tutorial_dag.py
[2023-11-20T19:03:48.212+0000] {logging_mixin.py:120} INFO - [2023-11-20T19:03:48.212+0000] {dag.py:2585} INFO - Sync 1 DAGs
[2023-11-20T19:03:48.246+0000] {logging_mixin.py:120} INFO - [2023-11-20T19:03:48.245+0000] {dag.py:3340} INFO - Setting next_dagrun for tutorial_dag to None, run_after=None
[2023-11-20T19:03:48.281+0000] {processor.py:176} INFO - Processing /home/airflow/.local/lib/python3.7/site-packages/airflow/example_dags/tutorial_dag.py took 0.162 seconds
[2023-11-20T19:04:18.458+0000] {processor.py:154} INFO - Started process (PID=2312) to work on /home/airflow/.local/lib/python3.7/site-packages/airflow/example_dags/tutorial_dag.py
[2023-11-20T19:04:18.459+0000] {processor.py:756} INFO - Processing file /home/airflow/.local/lib/python3.7/site-packages/airflow/example_dags/tutorial_dag.py for tasks to queue
[2023-11-20T19:04:18.459+0000] {logging_mixin.py:120} INFO - [2023-11-20T19:04:18.459+0000] {dagbag.py:537} INFO - Filling up the DagBag from /home/airflow/.local/lib/python3.7/site-packages/airflow/example_dags/tutorial_dag.py
[2023-11-20T19:04:18.478+0000] {processor.py:766} INFO - DAG(s) dict_keys(['tutorial_dag']) retrieved from /home/airflow/.local/lib/python3.7/site-packages/airflow/example_dags/tutorial_dag.py
[2023-11-20T19:04:18.517+0000] {logging_mixin.py:120} INFO - [2023-11-20T19:04:18.517+0000] {dag.py:2585} INFO - Sync 1 DAGs
[2023-11-20T19:04:18.539+0000] {logging_mixin.py:120} INFO - [2023-11-20T19:04:18.539+0000] {dag.py:3340} INFO - Setting next_dagrun for tutorial_dag to None, run_after=None
[2023-11-20T19:04:18.563+0000] {processor.py:176} INFO - Processing /home/airflow/.local/lib/python3.7/site-packages/airflow/example_dags/tutorial_dag.py took 0.108 seconds
[2023-11-20T19:04:49.035+0000] {processor.py:154} INFO - Started process (PID=2364) to work on /home/airflow/.local/lib/python3.7/site-packages/airflow/example_dags/tutorial_dag.py
[2023-11-20T19:04:49.037+0000] {processor.py:756} INFO - Processing file /home/airflow/.local/lib/python3.7/site-packages/airflow/example_dags/tutorial_dag.py for tasks to queue
[2023-11-20T19:04:49.038+0000] {logging_mixin.py:120} INFO - [2023-11-20T19:04:49.037+0000] {dagbag.py:537} INFO - Filling up the DagBag from /home/airflow/.local/lib/python3.7/site-packages/airflow/example_dags/tutorial_dag.py
[2023-11-20T19:04:49.052+0000] {processor.py:766} INFO - DAG(s) dict_keys(['tutorial_dag']) retrieved from /home/airflow/.local/lib/python3.7/site-packages/airflow/example_dags/tutorial_dag.py
[2023-11-20T19:04:49.091+0000] {logging_mixin.py:120} INFO - [2023-11-20T19:04:49.091+0000] {dag.py:2585} INFO - Sync 1 DAGs
[2023-11-20T19:04:49.113+0000] {logging_mixin.py:120} INFO - [2023-11-20T19:04:49.113+0000] {dag.py:3340} INFO - Setting next_dagrun for tutorial_dag to None, run_after=None
[2023-11-20T19:04:49.137+0000] {processor.py:176} INFO - Processing /home/airflow/.local/lib/python3.7/site-packages/airflow/example_dags/tutorial_dag.py took 0.105 seconds
[2023-11-20T19:05:19.581+0000] {processor.py:154} INFO - Started process (PID=2427) to work on /home/airflow/.local/lib/python3.7/site-packages/airflow/example_dags/tutorial_dag.py
[2023-11-20T19:05:19.581+0000] {processor.py:756} INFO - Processing file /home/airflow/.local/lib/python3.7/site-packages/airflow/example_dags/tutorial_dag.py for tasks to queue
[2023-11-20T19:05:19.582+0000] {logging_mixin.py:120} INFO - [2023-11-20T19:05:19.582+0000] {dagbag.py:537} INFO - Filling up the DagBag from /home/airflow/.local/lib/python3.7/site-packages/airflow/example_dags/tutorial_dag.py
[2023-11-20T19:05:19.593+0000] {processor.py:766} INFO - DAG(s) dict_keys(['tutorial_dag']) retrieved from /home/airflow/.local/lib/python3.7/site-packages/airflow/example_dags/tutorial_dag.py
[2023-11-20T19:05:19.626+0000] {logging_mixin.py:120} INFO - [2023-11-20T19:05:19.626+0000] {dag.py:2585} INFO - Sync 1 DAGs
[2023-11-20T19:05:19.648+0000] {logging_mixin.py:120} INFO - [2023-11-20T19:05:19.648+0000] {dag.py:3340} INFO - Setting next_dagrun for tutorial_dag to None, run_after=None
[2023-11-20T19:05:19.673+0000] {processor.py:176} INFO - Processing /home/airflow/.local/lib/python3.7/site-packages/airflow/example_dags/tutorial_dag.py took 0.095 seconds
[2023-11-20T19:05:50.561+0000] {processor.py:154} INFO - Started process (PID=2488) to work on /home/airflow/.local/lib/python3.7/site-packages/airflow/example_dags/tutorial_dag.py
[2023-11-20T19:05:50.572+0000] {processor.py:756} INFO - Processing file /home/airflow/.local/lib/python3.7/site-packages/airflow/example_dags/tutorial_dag.py for tasks to queue
[2023-11-20T19:05:50.573+0000] {logging_mixin.py:120} INFO - [2023-11-20T19:05:50.572+0000] {dagbag.py:537} INFO - Filling up the DagBag from /home/airflow/.local/lib/python3.7/site-packages/airflow/example_dags/tutorial_dag.py
[2023-11-20T19:05:50.603+0000] {processor.py:766} INFO - DAG(s) dict_keys(['tutorial_dag']) retrieved from /home/airflow/.local/lib/python3.7/site-packages/airflow/example_dags/tutorial_dag.py
[2023-11-20T19:05:50.650+0000] {logging_mixin.py:120} INFO - [2023-11-20T19:05:50.649+0000] {dag.py:2585} INFO - Sync 1 DAGs
[2023-11-20T19:05:50.681+0000] {logging_mixin.py:120} INFO - [2023-11-20T19:05:50.681+0000] {dag.py:3340} INFO - Setting next_dagrun for tutorial_dag to None, run_after=None
[2023-11-20T19:05:50.709+0000] {processor.py:176} INFO - Processing /home/airflow/.local/lib/python3.7/site-packages/airflow/example_dags/tutorial_dag.py took 0.152 seconds
[2023-11-20T19:06:21.635+0000] {processor.py:154} INFO - Started process (PID=2545) to work on /home/airflow/.local/lib/python3.7/site-packages/airflow/example_dags/tutorial_dag.py
[2023-11-20T19:06:21.636+0000] {processor.py:756} INFO - Processing file /home/airflow/.local/lib/python3.7/site-packages/airflow/example_dags/tutorial_dag.py for tasks to queue
[2023-11-20T19:06:21.637+0000] {logging_mixin.py:120} INFO - [2023-11-20T19:06:21.636+0000] {dagbag.py:537} INFO - Filling up the DagBag from /home/airflow/.local/lib/python3.7/site-packages/airflow/example_dags/tutorial_dag.py
[2023-11-20T19:06:21.652+0000] {processor.py:766} INFO - DAG(s) dict_keys(['tutorial_dag']) retrieved from /home/airflow/.local/lib/python3.7/site-packages/airflow/example_dags/tutorial_dag.py
[2023-11-20T19:06:21.700+0000] {logging_mixin.py:120} INFO - [2023-11-20T19:06:21.700+0000] {dag.py:2585} INFO - Sync 1 DAGs
[2023-11-20T19:06:21.735+0000] {logging_mixin.py:120} INFO - [2023-11-20T19:06:21.735+0000] {dag.py:3340} INFO - Setting next_dagrun for tutorial_dag to None, run_after=None
[2023-11-20T19:06:21.790+0000] {processor.py:176} INFO - Processing /home/airflow/.local/lib/python3.7/site-packages/airflow/example_dags/tutorial_dag.py took 0.159 seconds
[2023-11-20T19:06:52.645+0000] {processor.py:154} INFO - Started process (PID=2610) to work on /home/airflow/.local/lib/python3.7/site-packages/airflow/example_dags/tutorial_dag.py
[2023-11-20T19:06:52.646+0000] {processor.py:756} INFO - Processing file /home/airflow/.local/lib/python3.7/site-packages/airflow/example_dags/tutorial_dag.py for tasks to queue
[2023-11-20T19:06:52.647+0000] {logging_mixin.py:120} INFO - [2023-11-20T19:06:52.647+0000] {dagbag.py:537} INFO - Filling up the DagBag from /home/airflow/.local/lib/python3.7/site-packages/airflow/example_dags/tutorial_dag.py
[2023-11-20T19:06:52.663+0000] {processor.py:766} INFO - DAG(s) dict_keys(['tutorial_dag']) retrieved from /home/airflow/.local/lib/python3.7/site-packages/airflow/example_dags/tutorial_dag.py
[2023-11-20T19:06:52.710+0000] {logging_mixin.py:120} INFO - [2023-11-20T19:06:52.710+0000] {dag.py:2585} INFO - Sync 1 DAGs
[2023-11-20T19:06:52.758+0000] {logging_mixin.py:120} INFO - [2023-11-20T19:06:52.758+0000] {dag.py:3340} INFO - Setting next_dagrun for tutorial_dag to None, run_after=None
[2023-11-20T19:06:52.787+0000] {processor.py:176} INFO - Processing /home/airflow/.local/lib/python3.7/site-packages/airflow/example_dags/tutorial_dag.py took 0.145 seconds
[2023-11-20T19:07:23.354+0000] {processor.py:154} INFO - Started process (PID=2675) to work on /home/airflow/.local/lib/python3.7/site-packages/airflow/example_dags/tutorial_dag.py
[2023-11-20T19:07:23.355+0000] {processor.py:756} INFO - Processing file /home/airflow/.local/lib/python3.7/site-packages/airflow/example_dags/tutorial_dag.py for tasks to queue
[2023-11-20T19:07:23.356+0000] {logging_mixin.py:120} INFO - [2023-11-20T19:07:23.356+0000] {dagbag.py:537} INFO - Filling up the DagBag from /home/airflow/.local/lib/python3.7/site-packages/airflow/example_dags/tutorial_dag.py
[2023-11-20T19:07:23.372+0000] {processor.py:766} INFO - DAG(s) dict_keys(['tutorial_dag']) retrieved from /home/airflow/.local/lib/python3.7/site-packages/airflow/example_dags/tutorial_dag.py
[2023-11-20T19:07:23.419+0000] {logging_mixin.py:120} INFO - [2023-11-20T19:07:23.419+0000] {dag.py:2585} INFO - Sync 1 DAGs
[2023-11-20T19:07:23.452+0000] {logging_mixin.py:120} INFO - [2023-11-20T19:07:23.452+0000] {dag.py:3340} INFO - Setting next_dagrun for tutorial_dag to None, run_after=None
[2023-11-20T19:07:23.483+0000] {processor.py:176} INFO - Processing /home/airflow/.local/lib/python3.7/site-packages/airflow/example_dags/tutorial_dag.py took 0.134 seconds
[2023-11-20T19:07:53.943+0000] {processor.py:154} INFO - Started process (PID=2729) to work on /home/airflow/.local/lib/python3.7/site-packages/airflow/example_dags/tutorial_dag.py
[2023-11-20T19:07:53.944+0000] {processor.py:756} INFO - Processing file /home/airflow/.local/lib/python3.7/site-packages/airflow/example_dags/tutorial_dag.py for tasks to queue
[2023-11-20T19:07:53.945+0000] {logging_mixin.py:120} INFO - [2023-11-20T19:07:53.945+0000] {dagbag.py:537} INFO - Filling up the DagBag from /home/airflow/.local/lib/python3.7/site-packages/airflow/example_dags/tutorial_dag.py
[2023-11-20T19:07:53.962+0000] {processor.py:766} INFO - DAG(s) dict_keys(['tutorial_dag']) retrieved from /home/airflow/.local/lib/python3.7/site-packages/airflow/example_dags/tutorial_dag.py
[2023-11-20T19:07:54.011+0000] {logging_mixin.py:120} INFO - [2023-11-20T19:07:54.011+0000] {dag.py:2585} INFO - Sync 1 DAGs
[2023-11-20T19:07:54.043+0000] {logging_mixin.py:120} INFO - [2023-11-20T19:07:54.043+0000] {dag.py:3340} INFO - Setting next_dagrun for tutorial_dag to None, run_after=None
[2023-11-20T19:07:54.077+0000] {processor.py:176} INFO - Processing /home/airflow/.local/lib/python3.7/site-packages/airflow/example_dags/tutorial_dag.py took 0.136 seconds
[2023-11-20T19:08:24.509+0000] {processor.py:154} INFO - Started process (PID=2793) to work on /home/airflow/.local/lib/python3.7/site-packages/airflow/example_dags/tutorial_dag.py
[2023-11-20T19:08:24.509+0000] {processor.py:756} INFO - Processing file /home/airflow/.local/lib/python3.7/site-packages/airflow/example_dags/tutorial_dag.py for tasks to queue
[2023-11-20T19:08:24.510+0000] {logging_mixin.py:120} INFO - [2023-11-20T19:08:24.510+0000] {dagbag.py:537} INFO - Filling up the DagBag from /home/airflow/.local/lib/python3.7/site-packages/airflow/example_dags/tutorial_dag.py
[2023-11-20T19:08:24.526+0000] {processor.py:766} INFO - DAG(s) dict_keys(['tutorial_dag']) retrieved from /home/airflow/.local/lib/python3.7/site-packages/airflow/example_dags/tutorial_dag.py
[2023-11-20T19:08:24.572+0000] {logging_mixin.py:120} INFO - [2023-11-20T19:08:24.572+0000] {dag.py:2585} INFO - Sync 1 DAGs
[2023-11-20T19:08:24.619+0000] {logging_mixin.py:120} INFO - [2023-11-20T19:08:24.619+0000] {dag.py:3340} INFO - Setting next_dagrun for tutorial_dag to None, run_after=None
[2023-11-20T19:08:24.664+0000] {processor.py:176} INFO - Processing /home/airflow/.local/lib/python3.7/site-packages/airflow/example_dags/tutorial_dag.py took 0.158 seconds
[2023-11-20T19:08:54.937+0000] {processor.py:154} INFO - Started process (PID=2857) to work on /home/airflow/.local/lib/python3.7/site-packages/airflow/example_dags/tutorial_dag.py
[2023-11-20T19:08:54.938+0000] {processor.py:756} INFO - Processing file /home/airflow/.local/lib/python3.7/site-packages/airflow/example_dags/tutorial_dag.py for tasks to queue
[2023-11-20T19:08:54.939+0000] {logging_mixin.py:120} INFO - [2023-11-20T19:08:54.939+0000] {dagbag.py:537} INFO - Filling up the DagBag from /home/airflow/.local/lib/python3.7/site-packages/airflow/example_dags/tutorial_dag.py
[2023-11-20T19:08:54.954+0000] {processor.py:766} INFO - DAG(s) dict_keys(['tutorial_dag']) retrieved from /home/airflow/.local/lib/python3.7/site-packages/airflow/example_dags/tutorial_dag.py
[2023-11-20T19:08:55.001+0000] {logging_mixin.py:120} INFO - [2023-11-20T19:08:55.001+0000] {dag.py:2585} INFO - Sync 1 DAGs
[2023-11-20T19:08:55.034+0000] {logging_mixin.py:120} INFO - [2023-11-20T19:08:55.034+0000] {dag.py:3340} INFO - Setting next_dagrun for tutorial_dag to None, run_after=None
[2023-11-20T19:08:55.061+0000] {processor.py:176} INFO - Processing /home/airflow/.local/lib/python3.7/site-packages/airflow/example_dags/tutorial_dag.py took 0.127 seconds
[2023-11-20T19:09:25.903+0000] {processor.py:154} INFO - Started process (PID=2911) to work on /home/airflow/.local/lib/python3.7/site-packages/airflow/example_dags/tutorial_dag.py
[2023-11-20T19:09:25.909+0000] {processor.py:756} INFO - Processing file /home/airflow/.local/lib/python3.7/site-packages/airflow/example_dags/tutorial_dag.py for tasks to queue
[2023-11-20T19:09:25.910+0000] {logging_mixin.py:120} INFO - [2023-11-20T19:09:25.909+0000] {dagbag.py:537} INFO - Filling up the DagBag from /home/airflow/.local/lib/python3.7/site-packages/airflow/example_dags/tutorial_dag.py
[2023-11-20T19:09:25.927+0000] {processor.py:766} INFO - DAG(s) dict_keys(['tutorial_dag']) retrieved from /home/airflow/.local/lib/python3.7/site-packages/airflow/example_dags/tutorial_dag.py
[2023-11-20T19:09:25.976+0000] {logging_mixin.py:120} INFO - [2023-11-20T19:09:25.976+0000] {dag.py:2585} INFO - Sync 1 DAGs
[2023-11-20T19:09:26.009+0000] {logging_mixin.py:120} INFO - [2023-11-20T19:09:26.009+0000] {dag.py:3340} INFO - Setting next_dagrun for tutorial_dag to None, run_after=None
[2023-11-20T19:09:26.037+0000] {processor.py:176} INFO - Processing /home/airflow/.local/lib/python3.7/site-packages/airflow/example_dags/tutorial_dag.py took 0.141 seconds
[2023-11-20T19:09:56.610+0000] {processor.py:154} INFO - Started process (PID=2974) to work on /home/airflow/.local/lib/python3.7/site-packages/airflow/example_dags/tutorial_dag.py
[2023-11-20T19:09:56.610+0000] {processor.py:756} INFO - Processing file /home/airflow/.local/lib/python3.7/site-packages/airflow/example_dags/tutorial_dag.py for tasks to queue
[2023-11-20T19:09:56.611+0000] {logging_mixin.py:120} INFO - [2023-11-20T19:09:56.611+0000] {dagbag.py:537} INFO - Filling up the DagBag from /home/airflow/.local/lib/python3.7/site-packages/airflow/example_dags/tutorial_dag.py
[2023-11-20T19:09:56.627+0000] {processor.py:766} INFO - DAG(s) dict_keys(['tutorial_dag']) retrieved from /home/airflow/.local/lib/python3.7/site-packages/airflow/example_dags/tutorial_dag.py
[2023-11-20T19:09:56.675+0000] {logging_mixin.py:120} INFO - [2023-11-20T19:09:56.675+0000] {dag.py:2585} INFO - Sync 1 DAGs
[2023-11-20T19:09:56.710+0000] {logging_mixin.py:120} INFO - [2023-11-20T19:09:56.710+0000] {dag.py:3340} INFO - Setting next_dagrun for tutorial_dag to None, run_after=None
[2023-11-20T19:09:56.741+0000] {processor.py:176} INFO - Processing /home/airflow/.local/lib/python3.7/site-packages/airflow/example_dags/tutorial_dag.py took 0.135 seconds
[2023-11-20T19:10:27.151+0000] {processor.py:154} INFO - Started process (PID=3036) to work on /home/airflow/.local/lib/python3.7/site-packages/airflow/example_dags/tutorial_dag.py
[2023-11-20T19:10:27.152+0000] {processor.py:756} INFO - Processing file /home/airflow/.local/lib/python3.7/site-packages/airflow/example_dags/tutorial_dag.py for tasks to queue
[2023-11-20T19:10:27.153+0000] {logging_mixin.py:120} INFO - [2023-11-20T19:10:27.153+0000] {dagbag.py:537} INFO - Filling up the DagBag from /home/airflow/.local/lib/python3.7/site-packages/airflow/example_dags/tutorial_dag.py
[2023-11-20T19:10:27.170+0000] {processor.py:766} INFO - DAG(s) dict_keys(['tutorial_dag']) retrieved from /home/airflow/.local/lib/python3.7/site-packages/airflow/example_dags/tutorial_dag.py
[2023-11-20T19:10:27.227+0000] {logging_mixin.py:120} INFO - [2023-11-20T19:10:27.227+0000] {dag.py:2585} INFO - Sync 1 DAGs
[2023-11-20T19:10:27.265+0000] {logging_mixin.py:120} INFO - [2023-11-20T19:10:27.265+0000] {dag.py:3340} INFO - Setting next_dagrun for tutorial_dag to None, run_after=None
[2023-11-20T19:10:27.305+0000] {processor.py:176} INFO - Processing /home/airflow/.local/lib/python3.7/site-packages/airflow/example_dags/tutorial_dag.py took 0.157 seconds
[2023-11-20T19:10:57.419+0000] {processor.py:154} INFO - Started process (PID=3089) to work on /home/airflow/.local/lib/python3.7/site-packages/airflow/example_dags/tutorial_dag.py
[2023-11-20T19:10:57.420+0000] {processor.py:756} INFO - Processing file /home/airflow/.local/lib/python3.7/site-packages/airflow/example_dags/tutorial_dag.py for tasks to queue
[2023-11-20T19:10:57.421+0000] {logging_mixin.py:120} INFO - [2023-11-20T19:10:57.421+0000] {dagbag.py:537} INFO - Filling up the DagBag from /home/airflow/.local/lib/python3.7/site-packages/airflow/example_dags/tutorial_dag.py
[2023-11-20T19:10:57.436+0000] {processor.py:766} INFO - DAG(s) dict_keys(['tutorial_dag']) retrieved from /home/airflow/.local/lib/python3.7/site-packages/airflow/example_dags/tutorial_dag.py
[2023-11-20T19:10:57.484+0000] {logging_mixin.py:120} INFO - [2023-11-20T19:10:57.484+0000] {dag.py:2585} INFO - Sync 1 DAGs
[2023-11-20T19:10:57.527+0000] {logging_mixin.py:120} INFO - [2023-11-20T19:10:57.527+0000] {dag.py:3340} INFO - Setting next_dagrun for tutorial_dag to None, run_after=None
[2023-11-20T19:10:57.553+0000] {processor.py:176} INFO - Processing /home/airflow/.local/lib/python3.7/site-packages/airflow/example_dags/tutorial_dag.py took 0.137 seconds
[2023-11-20T19:11:28.183+0000] {processor.py:154} INFO - Started process (PID=3143) to work on /home/airflow/.local/lib/python3.7/site-packages/airflow/example_dags/tutorial_dag.py
[2023-11-20T19:11:28.187+0000] {processor.py:756} INFO - Processing file /home/airflow/.local/lib/python3.7/site-packages/airflow/example_dags/tutorial_dag.py for tasks to queue
[2023-11-20T19:11:28.188+0000] {logging_mixin.py:120} INFO - [2023-11-20T19:11:28.188+0000] {dagbag.py:537} INFO - Filling up the DagBag from /home/airflow/.local/lib/python3.7/site-packages/airflow/example_dags/tutorial_dag.py
[2023-11-20T19:11:28.221+0000] {processor.py:766} INFO - DAG(s) dict_keys(['tutorial_dag']) retrieved from /home/airflow/.local/lib/python3.7/site-packages/airflow/example_dags/tutorial_dag.py
[2023-11-20T19:11:28.307+0000] {logging_mixin.py:120} INFO - [2023-11-20T19:11:28.307+0000] {dag.py:2585} INFO - Sync 1 DAGs
[2023-11-20T19:11:28.383+0000] {logging_mixin.py:120} INFO - [2023-11-20T19:11:28.383+0000] {dag.py:3340} INFO - Setting next_dagrun for tutorial_dag to None, run_after=None
[2023-11-20T19:11:28.434+0000] {processor.py:176} INFO - Processing /home/airflow/.local/lib/python3.7/site-packages/airflow/example_dags/tutorial_dag.py took 0.263 seconds
[2023-11-20T19:11:58.864+0000] {processor.py:154} INFO - Started process (PID=3207) to work on /home/airflow/.local/lib/python3.7/site-packages/airflow/example_dags/tutorial_dag.py
[2023-11-20T19:11:58.865+0000] {processor.py:756} INFO - Processing file /home/airflow/.local/lib/python3.7/site-packages/airflow/example_dags/tutorial_dag.py for tasks to queue
[2023-11-20T19:11:58.866+0000] {logging_mixin.py:120} INFO - [2023-11-20T19:11:58.866+0000] {dagbag.py:537} INFO - Filling up the DagBag from /home/airflow/.local/lib/python3.7/site-packages/airflow/example_dags/tutorial_dag.py
[2023-11-20T19:11:58.883+0000] {processor.py:766} INFO - DAG(s) dict_keys(['tutorial_dag']) retrieved from /home/airflow/.local/lib/python3.7/site-packages/airflow/example_dags/tutorial_dag.py
[2023-11-20T19:11:58.931+0000] {logging_mixin.py:120} INFO - [2023-11-20T19:11:58.931+0000] {dag.py:2585} INFO - Sync 1 DAGs
[2023-11-20T19:11:58.964+0000] {logging_mixin.py:120} INFO - [2023-11-20T19:11:58.963+0000] {dag.py:3340} INFO - Setting next_dagrun for tutorial_dag to None, run_after=None
[2023-11-20T19:11:59.000+0000] {processor.py:176} INFO - Processing /home/airflow/.local/lib/python3.7/site-packages/airflow/example_dags/tutorial_dag.py took 0.140 seconds
