[2023-12-03T07:56:51.068+0000] {taskinstance.py:1165} INFO - Dependencies all met for <TaskInstance: parallel_dag.load_a scheduled__2023-12-02T00:00:00+00:00 [queued]>
[2023-12-03T07:56:51.158+0000] {taskinstance.py:1165} INFO - Dependencies all met for <TaskInstance: parallel_dag.load_a scheduled__2023-12-02T00:00:00+00:00 [queued]>
[2023-12-03T07:56:51.159+0000] {taskinstance.py:1362} INFO - 
--------------------------------------------------------------------------------
[2023-12-03T07:56:51.160+0000] {taskinstance.py:1363} INFO - Starting attempt 1 of 1
[2023-12-03T07:56:51.165+0000] {taskinstance.py:1364} INFO - 
--------------------------------------------------------------------------------
[2023-12-03T07:56:51.292+0000] {taskinstance.py:1383} INFO - Executing <Task(BashOperator): load_a> on 2023-12-02 00:00:00+00:00
[2023-12-03T07:56:51.329+0000] {standard_task_runner.py:55} INFO - Started process 109 to run task
[2023-12-03T07:56:51.351+0000] {standard_task_runner.py:82} INFO - Running: ['***', 'tasks', 'run', 'parallel_dag', 'load_a', 'scheduled__2023-12-02T00:00:00+00:00', '--job-id', '174', '--raw', '--subdir', 'DAGS_FOLDER/parallel_dag.py', '--cfg-path', '/tmp/tmpq_54_8gz']
[2023-12-03T07:56:51.354+0000] {standard_task_runner.py:83} INFO - Job 174: Subtask load_a
[2023-12-03T07:56:51.529+0000] {task_command.py:376} INFO - Running <TaskInstance: parallel_dag.load_a scheduled__2023-12-02T00:00:00+00:00 [running]> on host 29305dc74afc
[2023-12-03T07:56:51.805+0000] {taskinstance.py:1592} INFO - Exporting the following env vars:
AIRFLOW_CTX_DAG_OWNER=***
AIRFLOW_CTX_DAG_ID=parallel_dag
AIRFLOW_CTX_TASK_ID=load_a
AIRFLOW_CTX_EXECUTION_DATE=2023-12-02T00:00:00+00:00
AIRFLOW_CTX_TRY_NUMBER=1
AIRFLOW_CTX_DAG_RUN_ID=scheduled__2023-12-02T00:00:00+00:00
[2023-12-03T07:56:51.806+0000] {subprocess.py:63} INFO - Tmp dir root location: 
 /tmp
[2023-12-03T07:56:51.806+0000] {subprocess.py:75} INFO - Running command: ['/bin/bash', '-c', 'sleep 10']
[2023-12-03T07:56:51.850+0000] {subprocess.py:86} INFO - Output:
[2023-12-03T07:57:01.874+0000] {subprocess.py:97} INFO - Command exited with return code 0
[2023-12-03T07:57:01.988+0000] {taskinstance.py:1406} INFO - Marking task as SUCCESS. dag_id=parallel_dag, task_id=load_a, execution_date=20231202T000000, start_date=20231203T075651, end_date=20231203T075701
[2023-12-03T07:57:02.071+0000] {local_task_job.py:164} INFO - Task exited with return code 0
[2023-12-03T07:57:02.205+0000] {local_task_job.py:273} INFO - 0 downstream tasks scheduled from follow-on schedule check
