[2023-11-23T07:24:55.092+0000] {processor.py:154} INFO - Started process (PID=53) to work on /opt/airflow/dags/producer.py
[2023-11-23T07:24:55.092+0000] {processor.py:756} INFO - Processing file /opt/airflow/dags/producer.py for tasks to queue
[2023-11-23T07:24:55.093+0000] {logging_mixin.py:120} INFO - [2023-11-23T07:24:55.093+0000] {dagbag.py:537} INFO - Filling up the DagBag from /opt/airflow/dags/producer.py
[2023-11-23T07:24:55.173+0000] {processor.py:766} INFO - DAG(s) dict_keys(['producer']) retrieved from /opt/airflow/dags/producer.py
[2023-11-23T07:24:55.244+0000] {logging_mixin.py:120} INFO - [2023-11-23T07:24:55.244+0000] {dag.py:2585} INFO - Sync 1 DAGs
[2023-11-23T07:24:55.328+0000] {logging_mixin.py:120} INFO - [2023-11-23T07:24:55.328+0000] {dag.py:3340} INFO - Setting next_dagrun for producer to 2023-11-23T00:00:00+00:00, run_after=2023-11-24T00:00:00+00:00
[2023-11-23T07:24:55.416+0000] {processor.py:176} INFO - Processing /opt/airflow/dags/producer.py took 0.327 seconds
[2023-11-23T07:25:26.070+0000] {processor.py:154} INFO - Started process (PID=95) to work on /opt/airflow/dags/producer.py
[2023-11-23T07:25:26.071+0000] {processor.py:756} INFO - Processing file /opt/airflow/dags/producer.py for tasks to queue
[2023-11-23T07:25:26.071+0000] {logging_mixin.py:120} INFO - [2023-11-23T07:25:26.071+0000] {dagbag.py:537} INFO - Filling up the DagBag from /opt/airflow/dags/producer.py
[2023-11-23T07:25:26.092+0000] {processor.py:766} INFO - DAG(s) dict_keys(['producer']) retrieved from /opt/airflow/dags/producer.py
[2023-11-23T07:25:26.124+0000] {logging_mixin.py:120} INFO - [2023-11-23T07:25:26.124+0000] {dag.py:2585} INFO - Sync 1 DAGs
[2023-11-23T07:25:26.147+0000] {logging_mixin.py:120} INFO - [2023-11-23T07:25:26.147+0000] {dag.py:3340} INFO - Setting next_dagrun for producer to 2023-11-23T00:00:00+00:00, run_after=2023-11-24T00:00:00+00:00
[2023-11-23T07:25:26.175+0000] {processor.py:176} INFO - Processing /opt/airflow/dags/producer.py took 0.108 seconds
[2023-11-23T07:25:56.427+0000] {processor.py:154} INFO - Started process (PID=127) to work on /opt/airflow/dags/producer.py
[2023-11-23T07:25:56.430+0000] {processor.py:756} INFO - Processing file /opt/airflow/dags/producer.py for tasks to queue
[2023-11-23T07:25:56.431+0000] {logging_mixin.py:120} INFO - [2023-11-23T07:25:56.430+0000] {dagbag.py:537} INFO - Filling up the DagBag from /opt/airflow/dags/producer.py
[2023-11-23T07:25:56.460+0000] {processor.py:766} INFO - DAG(s) dict_keys(['producer']) retrieved from /opt/airflow/dags/producer.py
[2023-11-23T07:25:56.509+0000] {logging_mixin.py:120} INFO - [2023-11-23T07:25:56.509+0000] {dag.py:2585} INFO - Sync 1 DAGs
[2023-11-23T07:25:56.541+0000] {logging_mixin.py:120} INFO - [2023-11-23T07:25:56.541+0000] {dag.py:3340} INFO - Setting next_dagrun for producer to 2023-11-23T00:00:00+00:00, run_after=2023-11-24T00:00:00+00:00
[2023-11-23T07:25:56.570+0000] {processor.py:176} INFO - Processing /opt/airflow/dags/producer.py took 0.147 seconds
[2023-11-23T07:26:26.794+0000] {processor.py:154} INFO - Started process (PID=150) to work on /opt/airflow/dags/producer.py
[2023-11-23T07:26:26.794+0000] {processor.py:756} INFO - Processing file /opt/airflow/dags/producer.py for tasks to queue
[2023-11-23T07:26:26.795+0000] {logging_mixin.py:120} INFO - [2023-11-23T07:26:26.795+0000] {dagbag.py:537} INFO - Filling up the DagBag from /opt/airflow/dags/producer.py
[2023-11-23T07:26:26.813+0000] {processor.py:766} INFO - DAG(s) dict_keys(['producer']) retrieved from /opt/airflow/dags/producer.py
[2023-11-23T07:26:26.850+0000] {logging_mixin.py:120} INFO - [2023-11-23T07:26:26.850+0000] {dag.py:2585} INFO - Sync 1 DAGs
[2023-11-23T07:26:26.872+0000] {logging_mixin.py:120} INFO - [2023-11-23T07:26:26.872+0000] {dag.py:3340} INFO - Setting next_dagrun for producer to 2023-11-23T00:00:00+00:00, run_after=2023-11-24T00:00:00+00:00
[2023-11-23T07:26:26.898+0000] {processor.py:176} INFO - Processing /opt/airflow/dags/producer.py took 0.107 seconds
[2023-11-23T07:26:57.124+0000] {processor.py:154} INFO - Started process (PID=182) to work on /opt/airflow/dags/producer.py
[2023-11-23T07:26:57.124+0000] {processor.py:756} INFO - Processing file /opt/airflow/dags/producer.py for tasks to queue
[2023-11-23T07:26:57.125+0000] {logging_mixin.py:120} INFO - [2023-11-23T07:26:57.125+0000] {dagbag.py:537} INFO - Filling up the DagBag from /opt/airflow/dags/producer.py
[2023-11-23T07:26:57.143+0000] {processor.py:766} INFO - DAG(s) dict_keys(['producer']) retrieved from /opt/airflow/dags/producer.py
[2023-11-23T07:26:57.175+0000] {logging_mixin.py:120} INFO - [2023-11-23T07:26:57.174+0000] {dag.py:2585} INFO - Sync 1 DAGs
[2023-11-23T07:26:57.196+0000] {logging_mixin.py:120} INFO - [2023-11-23T07:26:57.196+0000] {dag.py:3340} INFO - Setting next_dagrun for producer to 2023-11-23T00:00:00+00:00, run_after=2023-11-24T00:00:00+00:00
[2023-11-23T07:26:57.220+0000] {processor.py:176} INFO - Processing /opt/airflow/dags/producer.py took 0.098 seconds
[2023-11-23T07:27:27.451+0000] {processor.py:154} INFO - Started process (PID=214) to work on /opt/airflow/dags/producer.py
[2023-11-23T07:27:27.451+0000] {processor.py:756} INFO - Processing file /opt/airflow/dags/producer.py for tasks to queue
[2023-11-23T07:27:27.452+0000] {logging_mixin.py:120} INFO - [2023-11-23T07:27:27.452+0000] {dagbag.py:537} INFO - Filling up the DagBag from /opt/airflow/dags/producer.py
[2023-11-23T07:27:27.470+0000] {processor.py:766} INFO - DAG(s) dict_keys(['producer']) retrieved from /opt/airflow/dags/producer.py
[2023-11-23T07:27:27.505+0000] {logging_mixin.py:120} INFO - [2023-11-23T07:27:27.505+0000] {dag.py:2585} INFO - Sync 1 DAGs
[2023-11-23T07:27:27.528+0000] {logging_mixin.py:120} INFO - [2023-11-23T07:27:27.528+0000] {dag.py:3340} INFO - Setting next_dagrun for producer to 2023-11-23T00:00:00+00:00, run_after=2023-11-24T00:00:00+00:00
[2023-11-23T07:27:27.553+0000] {processor.py:176} INFO - Processing /opt/airflow/dags/producer.py took 0.105 seconds
[2023-11-23T07:27:57.783+0000] {processor.py:154} INFO - Started process (PID=237) to work on /opt/airflow/dags/producer.py
[2023-11-23T07:27:57.784+0000] {processor.py:756} INFO - Processing file /opt/airflow/dags/producer.py for tasks to queue
[2023-11-23T07:27:57.785+0000] {logging_mixin.py:120} INFO - [2023-11-23T07:27:57.784+0000] {dagbag.py:537} INFO - Filling up the DagBag from /opt/airflow/dags/producer.py
[2023-11-23T07:27:57.811+0000] {processor.py:766} INFO - DAG(s) dict_keys(['producer']) retrieved from /opt/airflow/dags/producer.py
[2023-11-23T07:27:57.853+0000] {logging_mixin.py:120} INFO - [2023-11-23T07:27:57.853+0000] {dag.py:2585} INFO - Sync 1 DAGs
[2023-11-23T07:27:57.884+0000] {logging_mixin.py:120} INFO - [2023-11-23T07:27:57.884+0000] {dag.py:3340} INFO - Setting next_dagrun for producer to 2023-11-23T00:00:00+00:00, run_after=2023-11-24T00:00:00+00:00
[2023-11-23T07:27:57.910+0000] {processor.py:176} INFO - Processing /opt/airflow/dags/producer.py took 0.130 seconds
[2023-11-23T07:28:28.138+0000] {processor.py:154} INFO - Started process (PID=270) to work on /opt/airflow/dags/producer.py
[2023-11-23T07:28:28.139+0000] {processor.py:756} INFO - Processing file /opt/airflow/dags/producer.py for tasks to queue
[2023-11-23T07:28:28.140+0000] {logging_mixin.py:120} INFO - [2023-11-23T07:28:28.139+0000] {dagbag.py:537} INFO - Filling up the DagBag from /opt/airflow/dags/producer.py
[2023-11-23T07:28:28.158+0000] {processor.py:766} INFO - DAG(s) dict_keys(['producer']) retrieved from /opt/airflow/dags/producer.py
[2023-11-23T07:28:28.190+0000] {logging_mixin.py:120} INFO - [2023-11-23T07:28:28.190+0000] {dag.py:2585} INFO - Sync 1 DAGs
[2023-11-23T07:28:28.214+0000] {logging_mixin.py:120} INFO - [2023-11-23T07:28:28.214+0000] {dag.py:3340} INFO - Setting next_dagrun for producer to 2023-11-23T00:00:00+00:00, run_after=2023-11-24T00:00:00+00:00
[2023-11-23T07:28:28.240+0000] {processor.py:176} INFO - Processing /opt/airflow/dags/producer.py took 0.104 seconds
[2023-11-23T07:28:58.486+0000] {processor.py:154} INFO - Started process (PID=303) to work on /opt/airflow/dags/producer.py
[2023-11-23T07:28:58.487+0000] {processor.py:756} INFO - Processing file /opt/airflow/dags/producer.py for tasks to queue
[2023-11-23T07:28:58.487+0000] {logging_mixin.py:120} INFO - [2023-11-23T07:28:58.487+0000] {dagbag.py:537} INFO - Filling up the DagBag from /opt/airflow/dags/producer.py
[2023-11-23T07:28:58.505+0000] {processor.py:766} INFO - DAG(s) dict_keys(['producer']) retrieved from /opt/airflow/dags/producer.py
[2023-11-23T07:28:58.544+0000] {logging_mixin.py:120} INFO - [2023-11-23T07:28:58.543+0000] {dag.py:2585} INFO - Sync 1 DAGs
[2023-11-23T07:28:58.567+0000] {logging_mixin.py:120} INFO - [2023-11-23T07:28:58.566+0000] {dag.py:3340} INFO - Setting next_dagrun for producer to 2023-11-23T00:00:00+00:00, run_after=2023-11-24T00:00:00+00:00
[2023-11-23T07:28:58.593+0000] {processor.py:176} INFO - Processing /opt/airflow/dags/producer.py took 0.110 seconds
[2023-11-23T07:29:28.849+0000] {processor.py:154} INFO - Started process (PID=327) to work on /opt/airflow/dags/producer.py
[2023-11-23T07:29:28.850+0000] {processor.py:756} INFO - Processing file /opt/airflow/dags/producer.py for tasks to queue
[2023-11-23T07:29:28.850+0000] {logging_mixin.py:120} INFO - [2023-11-23T07:29:28.850+0000] {dagbag.py:537} INFO - Filling up the DagBag from /opt/airflow/dags/producer.py
[2023-11-23T07:29:28.869+0000] {processor.py:766} INFO - DAG(s) dict_keys(['producer']) retrieved from /opt/airflow/dags/producer.py
[2023-11-23T07:29:28.908+0000] {logging_mixin.py:120} INFO - [2023-11-23T07:29:28.907+0000] {dag.py:2585} INFO - Sync 1 DAGs
[2023-11-23T07:29:28.935+0000] {logging_mixin.py:120} INFO - [2023-11-23T07:29:28.934+0000] {dag.py:3340} INFO - Setting next_dagrun for producer to 2023-11-23T00:00:00+00:00, run_after=2023-11-24T00:00:00+00:00
[2023-11-23T07:29:28.960+0000] {processor.py:176} INFO - Processing /opt/airflow/dags/producer.py took 0.113 seconds
[2023-11-23T07:29:59.207+0000] {processor.py:154} INFO - Started process (PID=360) to work on /opt/airflow/dags/producer.py
[2023-11-23T07:29:59.208+0000] {processor.py:756} INFO - Processing file /opt/airflow/dags/producer.py for tasks to queue
[2023-11-23T07:29:59.208+0000] {logging_mixin.py:120} INFO - [2023-11-23T07:29:59.208+0000] {dagbag.py:537} INFO - Filling up the DagBag from /opt/airflow/dags/producer.py
[2023-11-23T07:29:59.227+0000] {processor.py:766} INFO - DAG(s) dict_keys(['producer']) retrieved from /opt/airflow/dags/producer.py
[2023-11-23T07:29:59.260+0000] {logging_mixin.py:120} INFO - [2023-11-23T07:29:59.259+0000] {dag.py:2585} INFO - Sync 1 DAGs
[2023-11-23T07:29:59.285+0000] {logging_mixin.py:120} INFO - [2023-11-23T07:29:59.285+0000] {dag.py:3340} INFO - Setting next_dagrun for producer to 2023-11-23T00:00:00+00:00, run_after=2023-11-24T00:00:00+00:00
[2023-11-23T07:29:59.311+0000] {processor.py:176} INFO - Processing /opt/airflow/dags/producer.py took 0.106 seconds
[2023-11-23T07:30:29.534+0000] {processor.py:154} INFO - Started process (PID=394) to work on /opt/airflow/dags/producer.py
[2023-11-23T07:30:29.535+0000] {processor.py:756} INFO - Processing file /opt/airflow/dags/producer.py for tasks to queue
[2023-11-23T07:30:29.536+0000] {logging_mixin.py:120} INFO - [2023-11-23T07:30:29.536+0000] {dagbag.py:537} INFO - Filling up the DagBag from /opt/airflow/dags/producer.py
[2023-11-23T07:30:29.561+0000] {processor.py:766} INFO - DAG(s) dict_keys(['producer']) retrieved from /opt/airflow/dags/producer.py
[2023-11-23T07:30:29.609+0000] {logging_mixin.py:120} INFO - [2023-11-23T07:30:29.609+0000] {dag.py:2585} INFO - Sync 1 DAGs
[2023-11-23T07:30:29.633+0000] {logging_mixin.py:120} INFO - [2023-11-23T07:30:29.633+0000] {dag.py:3340} INFO - Setting next_dagrun for producer to 2023-11-23T00:00:00+00:00, run_after=2023-11-24T00:00:00+00:00
[2023-11-23T07:30:29.667+0000] {processor.py:176} INFO - Processing /opt/airflow/dags/producer.py took 0.136 seconds
[2023-11-23T07:30:59.920+0000] {processor.py:154} INFO - Started process (PID=417) to work on /opt/airflow/dags/producer.py
[2023-11-23T07:30:59.921+0000] {processor.py:756} INFO - Processing file /opt/airflow/dags/producer.py for tasks to queue
[2023-11-23T07:30:59.921+0000] {logging_mixin.py:120} INFO - [2023-11-23T07:30:59.921+0000] {dagbag.py:537} INFO - Filling up the DagBag from /opt/airflow/dags/producer.py
[2023-11-23T07:30:59.941+0000] {processor.py:766} INFO - DAG(s) dict_keys(['producer']) retrieved from /opt/airflow/dags/producer.py
[2023-11-23T07:30:59.975+0000] {logging_mixin.py:120} INFO - [2023-11-23T07:30:59.975+0000] {dag.py:2585} INFO - Sync 1 DAGs
[2023-11-23T07:30:59.999+0000] {logging_mixin.py:120} INFO - [2023-11-23T07:30:59.999+0000] {dag.py:3340} INFO - Setting next_dagrun for producer to 2023-11-23T00:00:00+00:00, run_after=2023-11-24T00:00:00+00:00
[2023-11-23T07:31:00.026+0000] {processor.py:176} INFO - Processing /opt/airflow/dags/producer.py took 0.108 seconds
[2023-11-23T07:31:30.253+0000] {processor.py:154} INFO - Started process (PID=449) to work on /opt/airflow/dags/producer.py
[2023-11-23T07:31:30.254+0000] {processor.py:756} INFO - Processing file /opt/airflow/dags/producer.py for tasks to queue
[2023-11-23T07:31:30.255+0000] {logging_mixin.py:120} INFO - [2023-11-23T07:31:30.254+0000] {dagbag.py:537} INFO - Filling up the DagBag from /opt/airflow/dags/producer.py
[2023-11-23T07:31:30.282+0000] {processor.py:766} INFO - DAG(s) dict_keys(['producer']) retrieved from /opt/airflow/dags/producer.py
[2023-11-23T07:31:30.324+0000] {logging_mixin.py:120} INFO - [2023-11-23T07:31:30.324+0000] {dag.py:2585} INFO - Sync 1 DAGs
[2023-11-23T07:31:30.354+0000] {logging_mixin.py:120} INFO - [2023-11-23T07:31:30.354+0000] {dag.py:3340} INFO - Setting next_dagrun for producer to 2023-11-23T00:00:00+00:00, run_after=2023-11-24T00:00:00+00:00
[2023-11-23T07:31:30.377+0000] {processor.py:176} INFO - Processing /opt/airflow/dags/producer.py took 0.127 seconds
[2023-11-23T07:32:00.617+0000] {processor.py:154} INFO - Started process (PID=481) to work on /opt/airflow/dags/producer.py
[2023-11-23T07:32:00.618+0000] {processor.py:756} INFO - Processing file /opt/airflow/dags/producer.py for tasks to queue
[2023-11-23T07:32:00.619+0000] {logging_mixin.py:120} INFO - [2023-11-23T07:32:00.618+0000] {dagbag.py:537} INFO - Filling up the DagBag from /opt/airflow/dags/producer.py
[2023-11-23T07:32:00.645+0000] {processor.py:766} INFO - DAG(s) dict_keys(['producer']) retrieved from /opt/airflow/dags/producer.py
[2023-11-23T07:32:00.690+0000] {logging_mixin.py:120} INFO - [2023-11-23T07:32:00.690+0000] {dag.py:2585} INFO - Sync 1 DAGs
[2023-11-23T07:32:00.722+0000] {logging_mixin.py:120} INFO - [2023-11-23T07:32:00.722+0000] {dag.py:3340} INFO - Setting next_dagrun for producer to 2023-11-23T00:00:00+00:00, run_after=2023-11-24T00:00:00+00:00
[2023-11-23T07:32:00.752+0000] {processor.py:176} INFO - Processing /opt/airflow/dags/producer.py took 0.139 seconds
[2023-11-23T07:32:30.973+0000] {processor.py:154} INFO - Started process (PID=504) to work on /opt/airflow/dags/producer.py
[2023-11-23T07:32:30.973+0000] {processor.py:756} INFO - Processing file /opt/airflow/dags/producer.py for tasks to queue
[2023-11-23T07:32:30.974+0000] {logging_mixin.py:120} INFO - [2023-11-23T07:32:30.974+0000] {dagbag.py:537} INFO - Filling up the DagBag from /opt/airflow/dags/producer.py
[2023-11-23T07:32:30.993+0000] {processor.py:766} INFO - DAG(s) dict_keys(['producer']) retrieved from /opt/airflow/dags/producer.py
[2023-11-23T07:32:31.027+0000] {logging_mixin.py:120} INFO - [2023-11-23T07:32:31.027+0000] {dag.py:2585} INFO - Sync 1 DAGs
[2023-11-23T07:32:31.051+0000] {logging_mixin.py:120} INFO - [2023-11-23T07:32:31.051+0000] {dag.py:3340} INFO - Setting next_dagrun for producer to 2023-11-23T00:00:00+00:00, run_after=2023-11-24T00:00:00+00:00
[2023-11-23T07:32:31.077+0000] {processor.py:176} INFO - Processing /opt/airflow/dags/producer.py took 0.107 seconds
[2023-11-23T07:33:01.295+0000] {processor.py:154} INFO - Started process (PID=536) to work on /opt/airflow/dags/producer.py
[2023-11-23T07:33:01.296+0000] {processor.py:756} INFO - Processing file /opt/airflow/dags/producer.py for tasks to queue
[2023-11-23T07:33:01.297+0000] {logging_mixin.py:120} INFO - [2023-11-23T07:33:01.297+0000] {dagbag.py:537} INFO - Filling up the DagBag from /opt/airflow/dags/producer.py
[2023-11-23T07:33:01.323+0000] {processor.py:766} INFO - DAG(s) dict_keys(['producer']) retrieved from /opt/airflow/dags/producer.py
[2023-11-23T07:33:01.362+0000] {logging_mixin.py:120} INFO - [2023-11-23T07:33:01.362+0000] {dag.py:2585} INFO - Sync 1 DAGs
[2023-11-23T07:33:01.390+0000] {logging_mixin.py:120} INFO - [2023-11-23T07:33:01.390+0000] {dag.py:3340} INFO - Setting next_dagrun for producer to 2023-11-23T00:00:00+00:00, run_after=2023-11-24T00:00:00+00:00
[2023-11-23T07:33:01.421+0000] {processor.py:176} INFO - Processing /opt/airflow/dags/producer.py took 0.129 seconds
[2023-11-23T07:33:31.679+0000] {processor.py:154} INFO - Started process (PID=569) to work on /opt/airflow/dags/producer.py
[2023-11-23T07:33:31.680+0000] {processor.py:756} INFO - Processing file /opt/airflow/dags/producer.py for tasks to queue
[2023-11-23T07:33:31.681+0000] {logging_mixin.py:120} INFO - [2023-11-23T07:33:31.681+0000] {dagbag.py:537} INFO - Filling up the DagBag from /opt/airflow/dags/producer.py
[2023-11-23T07:33:31.716+0000] {processor.py:766} INFO - DAG(s) dict_keys(['producer']) retrieved from /opt/airflow/dags/producer.py
[2023-11-23T07:33:31.771+0000] {logging_mixin.py:120} INFO - [2023-11-23T07:33:31.770+0000] {dag.py:2585} INFO - Sync 1 DAGs
[2023-11-23T07:33:31.801+0000] {logging_mixin.py:120} INFO - [2023-11-23T07:33:31.801+0000] {dag.py:3340} INFO - Setting next_dagrun for producer to 2023-11-23T00:00:00+00:00, run_after=2023-11-24T00:00:00+00:00
[2023-11-23T07:33:31.833+0000] {processor.py:176} INFO - Processing /opt/airflow/dags/producer.py took 0.157 seconds
[2023-11-23T07:34:02.073+0000] {processor.py:154} INFO - Started process (PID=601) to work on /opt/airflow/dags/producer.py
[2023-11-23T07:34:02.074+0000] {processor.py:756} INFO - Processing file /opt/airflow/dags/producer.py for tasks to queue
[2023-11-23T07:34:02.074+0000] {logging_mixin.py:120} INFO - [2023-11-23T07:34:02.074+0000] {dagbag.py:537} INFO - Filling up the DagBag from /opt/airflow/dags/producer.py
[2023-11-23T07:34:02.101+0000] {processor.py:766} INFO - DAG(s) dict_keys(['producer']) retrieved from /opt/airflow/dags/producer.py
[2023-11-23T07:34:02.148+0000] {logging_mixin.py:120} INFO - [2023-11-23T07:34:02.148+0000] {dag.py:2585} INFO - Sync 1 DAGs
[2023-11-23T07:34:02.181+0000] {logging_mixin.py:120} INFO - [2023-11-23T07:34:02.181+0000] {dag.py:3340} INFO - Setting next_dagrun for producer to 2023-11-23T00:00:00+00:00, run_after=2023-11-24T00:00:00+00:00
[2023-11-23T07:34:02.209+0000] {processor.py:176} INFO - Processing /opt/airflow/dags/producer.py took 0.139 seconds
[2023-11-23T07:34:32.417+0000] {processor.py:154} INFO - Started process (PID=624) to work on /opt/airflow/dags/producer.py
[2023-11-23T07:34:32.417+0000] {processor.py:756} INFO - Processing file /opt/airflow/dags/producer.py for tasks to queue
[2023-11-23T07:34:32.418+0000] {logging_mixin.py:120} INFO - [2023-11-23T07:34:32.418+0000] {dagbag.py:537} INFO - Filling up the DagBag from /opt/airflow/dags/producer.py
[2023-11-23T07:34:32.437+0000] {processor.py:766} INFO - DAG(s) dict_keys(['producer']) retrieved from /opt/airflow/dags/producer.py
[2023-11-23T07:34:32.476+0000] {logging_mixin.py:120} INFO - [2023-11-23T07:34:32.476+0000] {dag.py:2585} INFO - Sync 1 DAGs
[2023-11-23T07:34:32.508+0000] {logging_mixin.py:120} INFO - [2023-11-23T07:34:32.508+0000] {dag.py:3340} INFO - Setting next_dagrun for producer to 2023-11-23T00:00:00+00:00, run_after=2023-11-24T00:00:00+00:00
[2023-11-23T07:34:32.531+0000] {processor.py:176} INFO - Processing /opt/airflow/dags/producer.py took 0.117 seconds
[2023-11-23T07:35:02.757+0000] {processor.py:154} INFO - Started process (PID=656) to work on /opt/airflow/dags/producer.py
[2023-11-23T07:35:02.757+0000] {processor.py:756} INFO - Processing file /opt/airflow/dags/producer.py for tasks to queue
[2023-11-23T07:35:02.758+0000] {logging_mixin.py:120} INFO - [2023-11-23T07:35:02.758+0000] {dagbag.py:537} INFO - Filling up the DagBag from /opt/airflow/dags/producer.py
[2023-11-23T07:35:02.778+0000] {processor.py:766} INFO - DAG(s) dict_keys(['producer']) retrieved from /opt/airflow/dags/producer.py
[2023-11-23T07:35:02.824+0000] {logging_mixin.py:120} INFO - [2023-11-23T07:35:02.824+0000] {dag.py:2585} INFO - Sync 1 DAGs
[2023-11-23T07:35:02.852+0000] {logging_mixin.py:120} INFO - [2023-11-23T07:35:02.852+0000] {dag.py:3340} INFO - Setting next_dagrun for producer to 2023-11-23T00:00:00+00:00, run_after=2023-11-24T00:00:00+00:00
[2023-11-23T07:35:02.876+0000] {processor.py:176} INFO - Processing /opt/airflow/dags/producer.py took 0.122 seconds
[2023-11-23T07:35:33.116+0000] {processor.py:154} INFO - Started process (PID=688) to work on /opt/airflow/dags/producer.py
[2023-11-23T07:35:33.117+0000] {processor.py:756} INFO - Processing file /opt/airflow/dags/producer.py for tasks to queue
[2023-11-23T07:35:33.118+0000] {logging_mixin.py:120} INFO - [2023-11-23T07:35:33.118+0000] {dagbag.py:537} INFO - Filling up the DagBag from /opt/airflow/dags/producer.py
[2023-11-23T07:35:33.136+0000] {processor.py:766} INFO - DAG(s) dict_keys(['producer']) retrieved from /opt/airflow/dags/producer.py
[2023-11-23T07:35:33.172+0000] {logging_mixin.py:120} INFO - [2023-11-23T07:35:33.171+0000] {dag.py:2585} INFO - Sync 1 DAGs
[2023-11-23T07:35:33.197+0000] {logging_mixin.py:120} INFO - [2023-11-23T07:35:33.197+0000] {dag.py:3340} INFO - Setting next_dagrun for producer to 2023-11-23T00:00:00+00:00, run_after=2023-11-24T00:00:00+00:00
[2023-11-23T07:35:33.225+0000] {processor.py:176} INFO - Processing /opt/airflow/dags/producer.py took 0.111 seconds
[2023-11-23T07:36:03.449+0000] {processor.py:154} INFO - Started process (PID=718) to work on /opt/airflow/dags/producer.py
[2023-11-23T07:36:03.450+0000] {processor.py:756} INFO - Processing file /opt/airflow/dags/producer.py for tasks to queue
[2023-11-23T07:36:03.451+0000] {logging_mixin.py:120} INFO - [2023-11-23T07:36:03.451+0000] {dagbag.py:537} INFO - Filling up the DagBag from /opt/airflow/dags/producer.py
[2023-11-23T07:36:03.477+0000] {processor.py:766} INFO - DAG(s) dict_keys(['producer']) retrieved from /opt/airflow/dags/producer.py
[2023-11-23T07:36:03.523+0000] {logging_mixin.py:120} INFO - [2023-11-23T07:36:03.523+0000] {dag.py:2585} INFO - Sync 1 DAGs
[2023-11-23T07:36:03.566+0000] {logging_mixin.py:120} INFO - [2023-11-23T07:36:03.566+0000] {dag.py:3340} INFO - Setting next_dagrun for producer to 2023-11-23T00:00:00+00:00, run_after=2023-11-24T00:00:00+00:00
[2023-11-23T07:36:03.603+0000] {processor.py:176} INFO - Processing /opt/airflow/dags/producer.py took 0.157 seconds
[2023-11-23T07:36:33.815+0000] {processor.py:154} INFO - Started process (PID=743) to work on /opt/airflow/dags/producer.py
[2023-11-23T07:36:33.816+0000] {processor.py:756} INFO - Processing file /opt/airflow/dags/producer.py for tasks to queue
[2023-11-23T07:36:33.816+0000] {logging_mixin.py:120} INFO - [2023-11-23T07:36:33.816+0000] {dagbag.py:537} INFO - Filling up the DagBag from /opt/airflow/dags/producer.py
[2023-11-23T07:36:33.835+0000] {processor.py:766} INFO - DAG(s) dict_keys(['producer']) retrieved from /opt/airflow/dags/producer.py
[2023-11-23T07:36:33.872+0000] {logging_mixin.py:120} INFO - [2023-11-23T07:36:33.872+0000] {dag.py:2585} INFO - Sync 1 DAGs
[2023-11-23T07:36:33.902+0000] {logging_mixin.py:120} INFO - [2023-11-23T07:36:33.902+0000] {dag.py:3340} INFO - Setting next_dagrun for producer to 2023-11-23T00:00:00+00:00, run_after=2023-11-24T00:00:00+00:00
[2023-11-23T07:36:33.940+0000] {processor.py:176} INFO - Processing /opt/airflow/dags/producer.py took 0.127 seconds
