[2023-11-23T07:24:55.549+0000] {processor.py:154} INFO - Started process (PID=55) to work on /opt/airflow/dags/user_processing.py
[2023-11-23T07:24:55.550+0000] {processor.py:756} INFO - Processing file /opt/airflow/dags/user_processing.py for tasks to queue
[2023-11-23T07:24:55.558+0000] {logging_mixin.py:120} INFO - [2023-11-23T07:24:55.558+0000] {dagbag.py:537} INFO - Filling up the DagBag from /opt/airflow/dags/user_processing.py
[2023-11-23T07:24:58.341+0000] {processor.py:766} INFO - DAG(s) dict_keys(['user_processing']) retrieved from /opt/airflow/dags/user_processing.py
[2023-11-23T07:24:58.956+0000] {logging_mixin.py:120} INFO - [2023-11-23T07:24:58.955+0000] {dag.py:2585} INFO - Sync 1 DAGs
[2023-11-23T07:24:59.091+0000] {logging_mixin.py:120} INFO - [2023-11-23T07:24:59.091+0000] {dag.py:3340} INFO - Setting next_dagrun for user_processing to 2023-11-22T00:00:00+00:00, run_after=2023-11-23T00:00:00+00:00
[2023-11-23T07:24:59.171+0000] {processor.py:176} INFO - Processing /opt/airflow/dags/user_processing.py took 3.636 seconds
[2023-11-23T07:25:29.313+0000] {processor.py:154} INFO - Started process (PID=97) to work on /opt/airflow/dags/user_processing.py
[2023-11-23T07:25:29.314+0000] {processor.py:756} INFO - Processing file /opt/airflow/dags/user_processing.py for tasks to queue
[2023-11-23T07:25:29.315+0000] {logging_mixin.py:120} INFO - [2023-11-23T07:25:29.315+0000] {dagbag.py:537} INFO - Filling up the DagBag from /opt/airflow/dags/user_processing.py
[2023-11-23T07:25:29.567+0000] {processor.py:766} INFO - DAG(s) dict_keys(['user_processing']) retrieved from /opt/airflow/dags/user_processing.py
[2023-11-23T07:25:29.722+0000] {logging_mixin.py:120} INFO - [2023-11-23T07:25:29.721+0000] {dag.py:2585} INFO - Sync 1 DAGs
[2023-11-23T07:25:29.745+0000] {logging_mixin.py:120} INFO - [2023-11-23T07:25:29.745+0000] {dag.py:3340} INFO - Setting next_dagrun for user_processing to 2023-11-22T00:00:00+00:00, run_after=2023-11-23T00:00:00+00:00
[2023-11-23T07:25:29.765+0000] {processor.py:176} INFO - Processing /opt/airflow/dags/user_processing.py took 0.455 seconds
[2023-11-23T07:26:00.609+0000] {processor.py:154} INFO - Started process (PID=129) to work on /opt/airflow/dags/user_processing.py
[2023-11-23T07:26:00.609+0000] {processor.py:756} INFO - Processing file /opt/airflow/dags/user_processing.py for tasks to queue
[2023-11-23T07:26:00.610+0000] {logging_mixin.py:120} INFO - [2023-11-23T07:26:00.610+0000] {dagbag.py:537} INFO - Filling up the DagBag from /opt/airflow/dags/user_processing.py
[2023-11-23T07:26:00.859+0000] {processor.py:766} INFO - DAG(s) dict_keys(['user_processing']) retrieved from /opt/airflow/dags/user_processing.py
[2023-11-23T07:26:01.029+0000] {logging_mixin.py:120} INFO - [2023-11-23T07:26:01.029+0000] {dag.py:2585} INFO - Sync 1 DAGs
[2023-11-23T07:26:01.050+0000] {logging_mixin.py:120} INFO - [2023-11-23T07:26:01.050+0000] {dag.py:3340} INFO - Setting next_dagrun for user_processing to 2023-11-22T00:00:00+00:00, run_after=2023-11-23T00:00:00+00:00
[2023-11-23T07:26:01.070+0000] {processor.py:176} INFO - Processing /opt/airflow/dags/user_processing.py took 0.464 seconds
[2023-11-23T07:26:31.939+0000] {processor.py:154} INFO - Started process (PID=161) to work on /opt/airflow/dags/user_processing.py
[2023-11-23T07:26:31.940+0000] {processor.py:756} INFO - Processing file /opt/airflow/dags/user_processing.py for tasks to queue
[2023-11-23T07:26:31.941+0000] {logging_mixin.py:120} INFO - [2023-11-23T07:26:31.940+0000] {dagbag.py:537} INFO - Filling up the DagBag from /opt/airflow/dags/user_processing.py
[2023-11-23T07:26:32.227+0000] {processor.py:766} INFO - DAG(s) dict_keys(['user_processing']) retrieved from /opt/airflow/dags/user_processing.py
[2023-11-23T07:26:32.387+0000] {logging_mixin.py:120} INFO - [2023-11-23T07:26:32.387+0000] {dag.py:2585} INFO - Sync 1 DAGs
[2023-11-23T07:26:32.410+0000] {logging_mixin.py:120} INFO - [2023-11-23T07:26:32.410+0000] {dag.py:3340} INFO - Setting next_dagrun for user_processing to 2023-11-22T00:00:00+00:00, run_after=2023-11-23T00:00:00+00:00
[2023-11-23T07:26:32.432+0000] {processor.py:176} INFO - Processing /opt/airflow/dags/user_processing.py took 0.495 seconds
[2023-11-23T07:27:03.265+0000] {processor.py:154} INFO - Started process (PID=191) to work on /opt/airflow/dags/user_processing.py
[2023-11-23T07:27:03.265+0000] {processor.py:756} INFO - Processing file /opt/airflow/dags/user_processing.py for tasks to queue
[2023-11-23T07:27:03.266+0000] {logging_mixin.py:120} INFO - [2023-11-23T07:27:03.266+0000] {dagbag.py:537} INFO - Filling up the DagBag from /opt/airflow/dags/user_processing.py
[2023-11-23T07:27:03.558+0000] {processor.py:766} INFO - DAG(s) dict_keys(['user_processing']) retrieved from /opt/airflow/dags/user_processing.py
[2023-11-23T07:27:03.845+0000] {logging_mixin.py:120} INFO - [2023-11-23T07:27:03.845+0000] {dag.py:2585} INFO - Sync 1 DAGs
[2023-11-23T07:27:03.877+0000] {logging_mixin.py:120} INFO - [2023-11-23T07:27:03.877+0000] {dag.py:3340} INFO - Setting next_dagrun for user_processing to 2023-11-22T00:00:00+00:00, run_after=2023-11-23T00:00:00+00:00
[2023-11-23T07:27:03.905+0000] {processor.py:176} INFO - Processing /opt/airflow/dags/user_processing.py took 0.643 seconds
[2023-11-23T07:27:34.600+0000] {processor.py:154} INFO - Started process (PID=216) to work on /opt/airflow/dags/user_processing.py
[2023-11-23T07:27:34.600+0000] {processor.py:756} INFO - Processing file /opt/airflow/dags/user_processing.py for tasks to queue
[2023-11-23T07:27:34.601+0000] {logging_mixin.py:120} INFO - [2023-11-23T07:27:34.601+0000] {dagbag.py:537} INFO - Filling up the DagBag from /opt/airflow/dags/user_processing.py
[2023-11-23T07:27:34.867+0000] {processor.py:766} INFO - DAG(s) dict_keys(['user_processing']) retrieved from /opt/airflow/dags/user_processing.py
[2023-11-23T07:27:35.022+0000] {logging_mixin.py:120} INFO - [2023-11-23T07:27:35.022+0000] {dag.py:2585} INFO - Sync 1 DAGs
[2023-11-23T07:27:35.049+0000] {logging_mixin.py:120} INFO - [2023-11-23T07:27:35.049+0000] {dag.py:3340} INFO - Setting next_dagrun for user_processing to 2023-11-22T00:00:00+00:00, run_after=2023-11-23T00:00:00+00:00
[2023-11-23T07:27:35.074+0000] {processor.py:176} INFO - Processing /opt/airflow/dags/user_processing.py took 0.477 seconds
[2023-11-23T07:28:05.958+0000] {processor.py:154} INFO - Started process (PID=248) to work on /opt/airflow/dags/user_processing.py
[2023-11-23T07:28:05.959+0000] {processor.py:756} INFO - Processing file /opt/airflow/dags/user_processing.py for tasks to queue
[2023-11-23T07:28:05.959+0000] {logging_mixin.py:120} INFO - [2023-11-23T07:28:05.959+0000] {dagbag.py:537} INFO - Filling up the DagBag from /opt/airflow/dags/user_processing.py
[2023-11-23T07:28:06.223+0000] {processor.py:766} INFO - DAG(s) dict_keys(['user_processing']) retrieved from /opt/airflow/dags/user_processing.py
[2023-11-23T07:28:06.402+0000] {logging_mixin.py:120} INFO - [2023-11-23T07:28:06.401+0000] {dag.py:2585} INFO - Sync 1 DAGs
[2023-11-23T07:28:06.433+0000] {logging_mixin.py:120} INFO - [2023-11-23T07:28:06.433+0000] {dag.py:3340} INFO - Setting next_dagrun for user_processing to 2023-11-22T00:00:00+00:00, run_after=2023-11-23T00:00:00+00:00
[2023-11-23T07:28:06.453+0000] {processor.py:176} INFO - Processing /opt/airflow/dags/user_processing.py took 0.498 seconds
[2023-11-23T07:28:37.309+0000] {processor.py:154} INFO - Started process (PID=281) to work on /opt/airflow/dags/user_processing.py
[2023-11-23T07:28:37.309+0000] {processor.py:756} INFO - Processing file /opt/airflow/dags/user_processing.py for tasks to queue
[2023-11-23T07:28:37.310+0000] {logging_mixin.py:120} INFO - [2023-11-23T07:28:37.310+0000] {dagbag.py:537} INFO - Filling up the DagBag from /opt/airflow/dags/user_processing.py
[2023-11-23T07:28:37.560+0000] {processor.py:766} INFO - DAG(s) dict_keys(['user_processing']) retrieved from /opt/airflow/dags/user_processing.py
[2023-11-23T07:28:37.713+0000] {logging_mixin.py:120} INFO - [2023-11-23T07:28:37.713+0000] {dag.py:2585} INFO - Sync 1 DAGs
[2023-11-23T07:28:37.734+0000] {logging_mixin.py:120} INFO - [2023-11-23T07:28:37.734+0000] {dag.py:3340} INFO - Setting next_dagrun for user_processing to 2023-11-22T00:00:00+00:00, run_after=2023-11-23T00:00:00+00:00
[2023-11-23T07:28:37.753+0000] {processor.py:176} INFO - Processing /opt/airflow/dags/user_processing.py took 0.447 seconds
[2023-11-23T07:29:08.656+0000] {processor.py:154} INFO - Started process (PID=315) to work on /opt/airflow/dags/user_processing.py
[2023-11-23T07:29:08.657+0000] {processor.py:756} INFO - Processing file /opt/airflow/dags/user_processing.py for tasks to queue
[2023-11-23T07:29:08.658+0000] {logging_mixin.py:120} INFO - [2023-11-23T07:29:08.657+0000] {dagbag.py:537} INFO - Filling up the DagBag from /opt/airflow/dags/user_processing.py
[2023-11-23T07:29:09.006+0000] {processor.py:766} INFO - DAG(s) dict_keys(['user_processing']) retrieved from /opt/airflow/dags/user_processing.py
[2023-11-23T07:29:09.164+0000] {logging_mixin.py:120} INFO - [2023-11-23T07:29:09.163+0000] {dag.py:2585} INFO - Sync 1 DAGs
[2023-11-23T07:29:09.185+0000] {logging_mixin.py:120} INFO - [2023-11-23T07:29:09.185+0000] {dag.py:3340} INFO - Setting next_dagrun for user_processing to 2023-11-22T00:00:00+00:00, run_after=2023-11-23T00:00:00+00:00
[2023-11-23T07:29:09.204+0000] {processor.py:176} INFO - Processing /opt/airflow/dags/user_processing.py took 0.552 seconds
[2023-11-23T07:29:40.020+0000] {processor.py:154} INFO - Started process (PID=338) to work on /opt/airflow/dags/user_processing.py
[2023-11-23T07:29:40.021+0000] {processor.py:756} INFO - Processing file /opt/airflow/dags/user_processing.py for tasks to queue
[2023-11-23T07:29:40.021+0000] {logging_mixin.py:120} INFO - [2023-11-23T07:29:40.021+0000] {dagbag.py:537} INFO - Filling up the DagBag from /opt/airflow/dags/user_processing.py
[2023-11-23T07:29:40.271+0000] {processor.py:766} INFO - DAG(s) dict_keys(['user_processing']) retrieved from /opt/airflow/dags/user_processing.py
[2023-11-23T07:29:40.429+0000] {logging_mixin.py:120} INFO - [2023-11-23T07:29:40.429+0000] {dag.py:2585} INFO - Sync 1 DAGs
[2023-11-23T07:29:40.450+0000] {logging_mixin.py:120} INFO - [2023-11-23T07:29:40.450+0000] {dag.py:3340} INFO - Setting next_dagrun for user_processing to 2023-11-22T00:00:00+00:00, run_after=2023-11-23T00:00:00+00:00
[2023-11-23T07:29:40.472+0000] {processor.py:176} INFO - Processing /opt/airflow/dags/user_processing.py took 0.454 seconds
[2023-11-23T07:30:11.381+0000] {processor.py:154} INFO - Started process (PID=372) to work on /opt/airflow/dags/user_processing.py
[2023-11-23T07:30:11.381+0000] {processor.py:756} INFO - Processing file /opt/airflow/dags/user_processing.py for tasks to queue
[2023-11-23T07:30:11.382+0000] {logging_mixin.py:120} INFO - [2023-11-23T07:30:11.382+0000] {dagbag.py:537} INFO - Filling up the DagBag from /opt/airflow/dags/user_processing.py
[2023-11-23T07:30:11.632+0000] {processor.py:766} INFO - DAG(s) dict_keys(['user_processing']) retrieved from /opt/airflow/dags/user_processing.py
[2023-11-23T07:30:11.780+0000] {logging_mixin.py:120} INFO - [2023-11-23T07:30:11.779+0000] {dag.py:2585} INFO - Sync 1 DAGs
[2023-11-23T07:30:11.807+0000] {logging_mixin.py:120} INFO - [2023-11-23T07:30:11.806+0000] {dag.py:3340} INFO - Setting next_dagrun for user_processing to 2023-11-22T00:00:00+00:00, run_after=2023-11-23T00:00:00+00:00
[2023-11-23T07:30:11.826+0000] {processor.py:176} INFO - Processing /opt/airflow/dags/user_processing.py took 0.448 seconds
[2023-11-23T07:30:41.849+0000] {processor.py:154} INFO - Started process (PID=405) to work on /opt/airflow/dags/user_processing.py
[2023-11-23T07:30:41.850+0000] {processor.py:756} INFO - Processing file /opt/airflow/dags/user_processing.py for tasks to queue
[2023-11-23T07:30:41.850+0000] {logging_mixin.py:120} INFO - [2023-11-23T07:30:41.850+0000] {dagbag.py:537} INFO - Filling up the DagBag from /opt/airflow/dags/user_processing.py
[2023-11-23T07:30:42.105+0000] {processor.py:766} INFO - DAG(s) dict_keys(['user_processing']) retrieved from /opt/airflow/dags/user_processing.py
[2023-11-23T07:30:42.254+0000] {logging_mixin.py:120} INFO - [2023-11-23T07:30:42.254+0000] {dag.py:2585} INFO - Sync 1 DAGs
[2023-11-23T07:30:42.279+0000] {logging_mixin.py:120} INFO - [2023-11-23T07:30:42.279+0000] {dag.py:3340} INFO - Setting next_dagrun for user_processing to 2023-11-22T00:00:00+00:00, run_after=2023-11-23T00:00:00+00:00
[2023-11-23T07:30:42.300+0000] {processor.py:176} INFO - Processing /opt/airflow/dags/user_processing.py took 0.453 seconds
[2023-11-23T07:31:13.094+0000] {processor.py:154} INFO - Started process (PID=434) to work on /opt/airflow/dags/user_processing.py
[2023-11-23T07:31:13.095+0000] {processor.py:756} INFO - Processing file /opt/airflow/dags/user_processing.py for tasks to queue
[2023-11-23T07:31:13.095+0000] {logging_mixin.py:120} INFO - [2023-11-23T07:31:13.095+0000] {dagbag.py:537} INFO - Filling up the DagBag from /opt/airflow/dags/user_processing.py
[2023-11-23T07:31:13.377+0000] {processor.py:766} INFO - DAG(s) dict_keys(['user_processing']) retrieved from /opt/airflow/dags/user_processing.py
[2023-11-23T07:31:13.551+0000] {logging_mixin.py:120} INFO - [2023-11-23T07:31:13.551+0000] {dag.py:2585} INFO - Sync 1 DAGs
[2023-11-23T07:31:13.578+0000] {logging_mixin.py:120} INFO - [2023-11-23T07:31:13.577+0000] {dag.py:3340} INFO - Setting next_dagrun for user_processing to 2023-11-22T00:00:00+00:00, run_after=2023-11-23T00:00:00+00:00
[2023-11-23T07:31:13.601+0000] {processor.py:176} INFO - Processing /opt/airflow/dags/user_processing.py took 0.509 seconds
[2023-11-23T07:31:44.446+0000] {processor.py:154} INFO - Started process (PID=460) to work on /opt/airflow/dags/user_processing.py
[2023-11-23T07:31:44.447+0000] {processor.py:756} INFO - Processing file /opt/airflow/dags/user_processing.py for tasks to queue
[2023-11-23T07:31:44.447+0000] {logging_mixin.py:120} INFO - [2023-11-23T07:31:44.447+0000] {dagbag.py:537} INFO - Filling up the DagBag from /opt/airflow/dags/user_processing.py
[2023-11-23T07:31:44.701+0000] {processor.py:766} INFO - DAG(s) dict_keys(['user_processing']) retrieved from /opt/airflow/dags/user_processing.py
[2023-11-23T07:31:44.855+0000] {logging_mixin.py:120} INFO - [2023-11-23T07:31:44.854+0000] {dag.py:2585} INFO - Sync 1 DAGs
[2023-11-23T07:31:44.881+0000] {logging_mixin.py:120} INFO - [2023-11-23T07:31:44.881+0000] {dag.py:3340} INFO - Setting next_dagrun for user_processing to 2023-11-22T00:00:00+00:00, run_after=2023-11-23T00:00:00+00:00
[2023-11-23T07:31:44.907+0000] {processor.py:176} INFO - Processing /opt/airflow/dags/user_processing.py took 0.463 seconds
[2023-11-23T07:32:15.833+0000] {processor.py:154} INFO - Started process (PID=492) to work on /opt/airflow/dags/user_processing.py
[2023-11-23T07:32:15.834+0000] {processor.py:756} INFO - Processing file /opt/airflow/dags/user_processing.py for tasks to queue
[2023-11-23T07:32:15.835+0000] {logging_mixin.py:120} INFO - [2023-11-23T07:32:15.835+0000] {dagbag.py:537} INFO - Filling up the DagBag from /opt/airflow/dags/user_processing.py
[2023-11-23T07:32:16.090+0000] {processor.py:766} INFO - DAG(s) dict_keys(['user_processing']) retrieved from /opt/airflow/dags/user_processing.py
[2023-11-23T07:32:16.260+0000] {logging_mixin.py:120} INFO - [2023-11-23T07:32:16.260+0000] {dag.py:2585} INFO - Sync 1 DAGs
[2023-11-23T07:32:16.282+0000] {logging_mixin.py:120} INFO - [2023-11-23T07:32:16.282+0000] {dag.py:3340} INFO - Setting next_dagrun for user_processing to 2023-11-22T00:00:00+00:00, run_after=2023-11-23T00:00:00+00:00
[2023-11-23T07:32:16.307+0000] {processor.py:176} INFO - Processing /opt/airflow/dags/user_processing.py took 0.477 seconds
[2023-11-23T07:32:47.157+0000] {processor.py:154} INFO - Started process (PID=524) to work on /opt/airflow/dags/user_processing.py
[2023-11-23T07:32:47.158+0000] {processor.py:756} INFO - Processing file /opt/airflow/dags/user_processing.py for tasks to queue
[2023-11-23T07:32:47.159+0000] {logging_mixin.py:120} INFO - [2023-11-23T07:32:47.159+0000] {dagbag.py:537} INFO - Filling up the DagBag from /opt/airflow/dags/user_processing.py
[2023-11-23T07:32:47.525+0000] {processor.py:766} INFO - DAG(s) dict_keys(['user_processing']) retrieved from /opt/airflow/dags/user_processing.py
[2023-11-23T07:32:47.753+0000] {logging_mixin.py:120} INFO - [2023-11-23T07:32:47.753+0000] {dag.py:2585} INFO - Sync 1 DAGs
[2023-11-23T07:32:47.780+0000] {logging_mixin.py:120} INFO - [2023-11-23T07:32:47.780+0000] {dag.py:3340} INFO - Setting next_dagrun for user_processing to 2023-11-22T00:00:00+00:00, run_after=2023-11-23T00:00:00+00:00
[2023-11-23T07:32:47.812+0000] {processor.py:176} INFO - Processing /opt/airflow/dags/user_processing.py took 0.658 seconds
[2023-11-23T07:33:18.501+0000] {processor.py:154} INFO - Started process (PID=557) to work on /opt/airflow/dags/user_processing.py
[2023-11-23T07:33:18.501+0000] {processor.py:756} INFO - Processing file /opt/airflow/dags/user_processing.py for tasks to queue
[2023-11-23T07:33:18.502+0000] {logging_mixin.py:120} INFO - [2023-11-23T07:33:18.502+0000] {dagbag.py:537} INFO - Filling up the DagBag from /opt/airflow/dags/user_processing.py
[2023-11-23T07:33:18.772+0000] {processor.py:766} INFO - DAG(s) dict_keys(['user_processing']) retrieved from /opt/airflow/dags/user_processing.py
[2023-11-23T07:33:18.976+0000] {logging_mixin.py:120} INFO - [2023-11-23T07:33:18.976+0000] {dag.py:2585} INFO - Sync 1 DAGs
[2023-11-23T07:33:18.998+0000] {logging_mixin.py:120} INFO - [2023-11-23T07:33:18.998+0000] {dag.py:3340} INFO - Setting next_dagrun for user_processing to 2023-11-22T00:00:00+00:00, run_after=2023-11-23T00:00:00+00:00
[2023-11-23T07:33:19.018+0000] {processor.py:176} INFO - Processing /opt/airflow/dags/user_processing.py took 0.519 seconds
[2023-11-23T07:33:49.921+0000] {processor.py:154} INFO - Started process (PID=589) to work on /opt/airflow/dags/user_processing.py
[2023-11-23T07:33:49.922+0000] {processor.py:756} INFO - Processing file /opt/airflow/dags/user_processing.py for tasks to queue
[2023-11-23T07:33:49.922+0000] {logging_mixin.py:120} INFO - [2023-11-23T07:33:49.922+0000] {dagbag.py:537} INFO - Filling up the DagBag from /opt/airflow/dags/user_processing.py
[2023-11-23T07:33:50.202+0000] {processor.py:766} INFO - DAG(s) dict_keys(['user_processing']) retrieved from /opt/airflow/dags/user_processing.py
[2023-11-23T07:33:50.362+0000] {logging_mixin.py:120} INFO - [2023-11-23T07:33:50.362+0000] {dag.py:2585} INFO - Sync 1 DAGs
[2023-11-23T07:33:50.389+0000] {logging_mixin.py:120} INFO - [2023-11-23T07:33:50.389+0000] {dag.py:3340} INFO - Setting next_dagrun for user_processing to 2023-11-22T00:00:00+00:00, run_after=2023-11-23T00:00:00+00:00
[2023-11-23T07:33:50.410+0000] {processor.py:176} INFO - Processing /opt/airflow/dags/user_processing.py took 0.492 seconds
[2023-11-23T07:34:21.300+0000] {processor.py:154} INFO - Started process (PID=612) to work on /opt/airflow/dags/user_processing.py
[2023-11-23T07:34:21.301+0000] {processor.py:756} INFO - Processing file /opt/airflow/dags/user_processing.py for tasks to queue
[2023-11-23T07:34:21.301+0000] {logging_mixin.py:120} INFO - [2023-11-23T07:34:21.301+0000] {dagbag.py:537} INFO - Filling up the DagBag from /opt/airflow/dags/user_processing.py
[2023-11-23T07:34:21.561+0000] {processor.py:766} INFO - DAG(s) dict_keys(['user_processing']) retrieved from /opt/airflow/dags/user_processing.py
[2023-11-23T07:34:21.721+0000] {logging_mixin.py:120} INFO - [2023-11-23T07:34:21.720+0000] {dag.py:2585} INFO - Sync 1 DAGs
[2023-11-23T07:34:21.755+0000] {logging_mixin.py:120} INFO - [2023-11-23T07:34:21.754+0000] {dag.py:3340} INFO - Setting next_dagrun for user_processing to 2023-11-22T00:00:00+00:00, run_after=2023-11-23T00:00:00+00:00
[2023-11-23T07:34:21.779+0000] {processor.py:176} INFO - Processing /opt/airflow/dags/user_processing.py took 0.482 seconds
[2023-11-23T07:34:52.620+0000] {processor.py:154} INFO - Started process (PID=644) to work on /opt/airflow/dags/user_processing.py
[2023-11-23T07:34:52.621+0000] {processor.py:756} INFO - Processing file /opt/airflow/dags/user_processing.py for tasks to queue
[2023-11-23T07:34:52.621+0000] {logging_mixin.py:120} INFO - [2023-11-23T07:34:52.621+0000] {dagbag.py:537} INFO - Filling up the DagBag from /opt/airflow/dags/user_processing.py
[2023-11-23T07:34:52.941+0000] {processor.py:766} INFO - DAG(s) dict_keys(['user_processing']) retrieved from /opt/airflow/dags/user_processing.py
[2023-11-23T07:34:53.147+0000] {logging_mixin.py:120} INFO - [2023-11-23T07:34:53.147+0000] {dag.py:2585} INFO - Sync 1 DAGs
[2023-11-23T07:34:53.169+0000] {logging_mixin.py:120} INFO - [2023-11-23T07:34:53.169+0000] {dag.py:3340} INFO - Setting next_dagrun for user_processing to 2023-11-22T00:00:00+00:00, run_after=2023-11-23T00:00:00+00:00
[2023-11-23T07:34:53.190+0000] {processor.py:176} INFO - Processing /opt/airflow/dags/user_processing.py took 0.573 seconds
[2023-11-23T07:35:23.987+0000] {processor.py:154} INFO - Started process (PID=676) to work on /opt/airflow/dags/user_processing.py
[2023-11-23T07:35:23.988+0000] {processor.py:756} INFO - Processing file /opt/airflow/dags/user_processing.py for tasks to queue
[2023-11-23T07:35:23.988+0000] {logging_mixin.py:120} INFO - [2023-11-23T07:35:23.988+0000] {dagbag.py:537} INFO - Filling up the DagBag from /opt/airflow/dags/user_processing.py
[2023-11-23T07:35:24.274+0000] {processor.py:766} INFO - DAG(s) dict_keys(['user_processing']) retrieved from /opt/airflow/dags/user_processing.py
[2023-11-23T07:35:24.427+0000] {logging_mixin.py:120} INFO - [2023-11-23T07:35:24.427+0000] {dag.py:2585} INFO - Sync 1 DAGs
[2023-11-23T07:35:24.448+0000] {logging_mixin.py:120} INFO - [2023-11-23T07:35:24.448+0000] {dag.py:3340} INFO - Setting next_dagrun for user_processing to 2023-11-22T00:00:00+00:00, run_after=2023-11-23T00:00:00+00:00
[2023-11-23T07:35:24.467+0000] {processor.py:176} INFO - Processing /opt/airflow/dags/user_processing.py took 0.483 seconds
[2023-11-23T07:35:55.321+0000] {processor.py:154} INFO - Started process (PID=708) to work on /opt/airflow/dags/user_processing.py
[2023-11-23T07:35:55.322+0000] {processor.py:756} INFO - Processing file /opt/airflow/dags/user_processing.py for tasks to queue
[2023-11-23T07:35:55.322+0000] {logging_mixin.py:120} INFO - [2023-11-23T07:35:55.322+0000] {dagbag.py:537} INFO - Filling up the DagBag from /opt/airflow/dags/user_processing.py
[2023-11-23T07:35:55.594+0000] {processor.py:766} INFO - DAG(s) dict_keys(['user_processing']) retrieved from /opt/airflow/dags/user_processing.py
[2023-11-23T07:35:55.755+0000] {logging_mixin.py:120} INFO - [2023-11-23T07:35:55.754+0000] {dag.py:2585} INFO - Sync 1 DAGs
[2023-11-23T07:35:55.778+0000] {logging_mixin.py:120} INFO - [2023-11-23T07:35:55.778+0000] {dag.py:3340} INFO - Setting next_dagrun for user_processing to 2023-11-22T00:00:00+00:00, run_after=2023-11-23T00:00:00+00:00
[2023-11-23T07:35:55.801+0000] {processor.py:176} INFO - Processing /opt/airflow/dags/user_processing.py took 0.483 seconds
[2023-11-23T07:36:26.713+0000] {processor.py:154} INFO - Started process (PID=740) to work on /opt/airflow/dags/user_processing.py
[2023-11-23T07:36:26.714+0000] {processor.py:756} INFO - Processing file /opt/airflow/dags/user_processing.py for tasks to queue
[2023-11-23T07:36:26.714+0000] {logging_mixin.py:120} INFO - [2023-11-23T07:36:26.714+0000] {dagbag.py:537} INFO - Filling up the DagBag from /opt/airflow/dags/user_processing.py
[2023-11-23T07:36:27.008+0000] {processor.py:766} INFO - DAG(s) dict_keys(['user_processing']) retrieved from /opt/airflow/dags/user_processing.py
[2023-11-23T07:36:27.228+0000] {logging_mixin.py:120} INFO - [2023-11-23T07:36:27.228+0000] {dag.py:2585} INFO - Sync 1 DAGs
[2023-11-23T07:36:27.249+0000] {logging_mixin.py:120} INFO - [2023-11-23T07:36:27.249+0000] {dag.py:3340} INFO - Setting next_dagrun for user_processing to 2023-11-22T00:00:00+00:00, run_after=2023-11-23T00:00:00+00:00
[2023-11-23T07:36:27.271+0000] {processor.py:176} INFO - Processing /opt/airflow/dags/user_processing.py took 0.562 seconds
