[2023-12-06T10:16:50.891+0000] {processor.py:154} INFO - Started process (PID=65) to work on /opt/airflow/dags/subdags/subdag_downloads.py
[2023-12-06T10:16:50.892+0000] {processor.py:756} INFO - Processing file /opt/airflow/dags/subdags/subdag_downloads.py for tasks to queue
[2023-12-06T10:16:50.893+0000] {logging_mixin.py:120} INFO - [2023-12-06T10:16:50.893+0000] {dagbag.py:537} INFO - Filling up the DagBag from /opt/airflow/dags/subdags/subdag_downloads.py
[2023-12-06T10:16:50.906+0000] {processor.py:768} WARNING - No viable dags retrieved from /opt/airflow/dags/subdags/subdag_downloads.py
[2023-12-06T10:16:50.980+0000] {processor.py:176} INFO - Processing /opt/airflow/dags/subdags/subdag_downloads.py took 0.092 seconds
[2023-12-06T10:17:21.883+0000] {processor.py:154} INFO - Started process (PID=107) to work on /opt/airflow/dags/subdags/subdag_downloads.py
[2023-12-06T10:17:21.883+0000] {processor.py:756} INFO - Processing file /opt/airflow/dags/subdags/subdag_downloads.py for tasks to queue
[2023-12-06T10:17:21.884+0000] {logging_mixin.py:120} INFO - [2023-12-06T10:17:21.884+0000] {dagbag.py:537} INFO - Filling up the DagBag from /opt/airflow/dags/subdags/subdag_downloads.py
[2023-12-06T10:17:21.888+0000] {processor.py:768} WARNING - No viable dags retrieved from /opt/airflow/dags/subdags/subdag_downloads.py
[2023-12-06T10:17:21.900+0000] {processor.py:176} INFO - Processing /opt/airflow/dags/subdags/subdag_downloads.py took 0.020 seconds
[2023-12-06T10:17:51.973+0000] {processor.py:154} INFO - Started process (PID=148) to work on /opt/airflow/dags/subdags/subdag_downloads.py
[2023-12-06T10:17:51.973+0000] {processor.py:756} INFO - Processing file /opt/airflow/dags/subdags/subdag_downloads.py for tasks to queue
[2023-12-06T10:17:51.974+0000] {logging_mixin.py:120} INFO - [2023-12-06T10:17:51.974+0000] {dagbag.py:537} INFO - Filling up the DagBag from /opt/airflow/dags/subdags/subdag_downloads.py
[2023-12-06T10:17:51.980+0000] {processor.py:768} WARNING - No viable dags retrieved from /opt/airflow/dags/subdags/subdag_downloads.py
[2023-12-06T10:17:51.994+0000] {processor.py:176} INFO - Processing /opt/airflow/dags/subdags/subdag_downloads.py took 0.024 seconds
[2023-12-06T10:18:22.686+0000] {processor.py:154} INFO - Started process (PID=180) to work on /opt/airflow/dags/subdags/subdag_downloads.py
[2023-12-06T10:18:22.687+0000] {processor.py:756} INFO - Processing file /opt/airflow/dags/subdags/subdag_downloads.py for tasks to queue
[2023-12-06T10:18:22.688+0000] {logging_mixin.py:120} INFO - [2023-12-06T10:18:22.688+0000] {dagbag.py:537} INFO - Filling up the DagBag from /opt/airflow/dags/subdags/subdag_downloads.py
[2023-12-06T10:18:22.693+0000] {processor.py:768} WARNING - No viable dags retrieved from /opt/airflow/dags/subdags/subdag_downloads.py
[2023-12-06T10:18:22.710+0000] {processor.py:176} INFO - Processing /opt/airflow/dags/subdags/subdag_downloads.py took 0.027 seconds
[2023-12-06T10:18:52.864+0000] {processor.py:154} INFO - Started process (PID=227) to work on /opt/airflow/dags/subdags/subdag_downloads.py
[2023-12-06T10:18:52.865+0000] {processor.py:756} INFO - Processing file /opt/airflow/dags/subdags/subdag_downloads.py for tasks to queue
[2023-12-06T10:18:52.865+0000] {logging_mixin.py:120} INFO - [2023-12-06T10:18:52.865+0000] {dagbag.py:537} INFO - Filling up the DagBag from /opt/airflow/dags/subdags/subdag_downloads.py
[2023-12-06T10:18:52.869+0000] {processor.py:768} WARNING - No viable dags retrieved from /opt/airflow/dags/subdags/subdag_downloads.py
[2023-12-06T10:18:52.880+0000] {processor.py:176} INFO - Processing /opt/airflow/dags/subdags/subdag_downloads.py took 0.018 seconds
[2023-12-06T10:19:22.964+0000] {processor.py:154} INFO - Started process (PID=271) to work on /opt/airflow/dags/subdags/subdag_downloads.py
[2023-12-06T10:19:22.965+0000] {processor.py:756} INFO - Processing file /opt/airflow/dags/subdags/subdag_downloads.py for tasks to queue
[2023-12-06T10:19:22.965+0000] {logging_mixin.py:120} INFO - [2023-12-06T10:19:22.965+0000] {dagbag.py:537} INFO - Filling up the DagBag from /opt/airflow/dags/subdags/subdag_downloads.py
[2023-12-06T10:19:22.969+0000] {processor.py:768} WARNING - No viable dags retrieved from /opt/airflow/dags/subdags/subdag_downloads.py
[2023-12-06T10:19:22.981+0000] {processor.py:176} INFO - Processing /opt/airflow/dags/subdags/subdag_downloads.py took 0.020 seconds
[2023-12-06T10:19:53.150+0000] {processor.py:154} INFO - Started process (PID=305) to work on /opt/airflow/dags/subdags/subdag_downloads.py
[2023-12-06T10:19:53.151+0000] {processor.py:756} INFO - Processing file /opt/airflow/dags/subdags/subdag_downloads.py for tasks to queue
[2023-12-06T10:19:53.152+0000] {logging_mixin.py:120} INFO - [2023-12-06T10:19:53.151+0000] {dagbag.py:537} INFO - Filling up the DagBag from /opt/airflow/dags/subdags/subdag_downloads.py
[2023-12-06T10:19:53.156+0000] {processor.py:768} WARNING - No viable dags retrieved from /opt/airflow/dags/subdags/subdag_downloads.py
[2023-12-06T10:19:53.168+0000] {processor.py:176} INFO - Processing /opt/airflow/dags/subdags/subdag_downloads.py took 0.021 seconds
[2023-12-06T10:20:23.320+0000] {processor.py:154} INFO - Started process (PID=347) to work on /opt/airflow/dags/subdags/subdag_downloads.py
[2023-12-06T10:20:23.320+0000] {processor.py:756} INFO - Processing file /opt/airflow/dags/subdags/subdag_downloads.py for tasks to queue
[2023-12-06T10:20:23.321+0000] {logging_mixin.py:120} INFO - [2023-12-06T10:20:23.321+0000] {dagbag.py:537} INFO - Filling up the DagBag from /opt/airflow/dags/subdags/subdag_downloads.py
[2023-12-06T10:20:23.325+0000] {processor.py:768} WARNING - No viable dags retrieved from /opt/airflow/dags/subdags/subdag_downloads.py
[2023-12-06T10:20:23.335+0000] {processor.py:176} INFO - Processing /opt/airflow/dags/subdags/subdag_downloads.py took 0.018 seconds
[2023-12-06T10:20:53.477+0000] {processor.py:154} INFO - Started process (PID=389) to work on /opt/airflow/dags/subdags/subdag_downloads.py
[2023-12-06T10:20:53.478+0000] {processor.py:756} INFO - Processing file /opt/airflow/dags/subdags/subdag_downloads.py for tasks to queue
[2023-12-06T10:20:53.479+0000] {logging_mixin.py:120} INFO - [2023-12-06T10:20:53.478+0000] {dagbag.py:537} INFO - Filling up the DagBag from /opt/airflow/dags/subdags/subdag_downloads.py
[2023-12-06T10:20:53.482+0000] {processor.py:768} WARNING - No viable dags retrieved from /opt/airflow/dags/subdags/subdag_downloads.py
[2023-12-06T10:20:53.495+0000] {processor.py:176} INFO - Processing /opt/airflow/dags/subdags/subdag_downloads.py took 0.020 seconds
[2023-12-06T10:21:23.960+0000] {processor.py:154} INFO - Started process (PID=422) to work on /opt/airflow/dags/subdags/subdag_downloads.py
[2023-12-06T10:21:23.960+0000] {processor.py:756} INFO - Processing file /opt/airflow/dags/subdags/subdag_downloads.py for tasks to queue
[2023-12-06T10:21:23.961+0000] {logging_mixin.py:120} INFO - [2023-12-06T10:21:23.961+0000] {dagbag.py:537} INFO - Filling up the DagBag from /opt/airflow/dags/subdags/subdag_downloads.py
[2023-12-06T10:21:23.965+0000] {processor.py:768} WARNING - No viable dags retrieved from /opt/airflow/dags/subdags/subdag_downloads.py
[2023-12-06T10:21:23.977+0000] {processor.py:176} INFO - Processing /opt/airflow/dags/subdags/subdag_downloads.py took 0.020 seconds
[2023-12-06T10:21:54.139+0000] {processor.py:154} INFO - Started process (PID=464) to work on /opt/airflow/dags/subdags/subdag_downloads.py
[2023-12-06T10:21:54.140+0000] {processor.py:756} INFO - Processing file /opt/airflow/dags/subdags/subdag_downloads.py for tasks to queue
[2023-12-06T10:21:54.141+0000] {logging_mixin.py:120} INFO - [2023-12-06T10:21:54.141+0000] {dagbag.py:537} INFO - Filling up the DagBag from /opt/airflow/dags/subdags/subdag_downloads.py
[2023-12-06T10:21:54.145+0000] {processor.py:768} WARNING - No viable dags retrieved from /opt/airflow/dags/subdags/subdag_downloads.py
[2023-12-06T10:21:54.156+0000] {processor.py:176} INFO - Processing /opt/airflow/dags/subdags/subdag_downloads.py took 0.019 seconds
[2023-12-06T10:22:24.269+0000] {processor.py:154} INFO - Started process (PID=507) to work on /opt/airflow/dags/subdags/subdag_downloads.py
[2023-12-06T10:22:24.269+0000] {processor.py:756} INFO - Processing file /opt/airflow/dags/subdags/subdag_downloads.py for tasks to queue
[2023-12-06T10:22:24.270+0000] {logging_mixin.py:120} INFO - [2023-12-06T10:22:24.270+0000] {dagbag.py:537} INFO - Filling up the DagBag from /opt/airflow/dags/subdags/subdag_downloads.py
[2023-12-06T10:22:24.274+0000] {processor.py:768} WARNING - No viable dags retrieved from /opt/airflow/dags/subdags/subdag_downloads.py
[2023-12-06T10:22:24.285+0000] {processor.py:176} INFO - Processing /opt/airflow/dags/subdags/subdag_downloads.py took 0.019 seconds
[2023-12-06T10:22:54.895+0000] {processor.py:154} INFO - Started process (PID=540) to work on /opt/airflow/dags/subdags/subdag_downloads.py
[2023-12-06T10:22:54.896+0000] {processor.py:756} INFO - Processing file /opt/airflow/dags/subdags/subdag_downloads.py for tasks to queue
[2023-12-06T10:22:54.897+0000] {logging_mixin.py:120} INFO - [2023-12-06T10:22:54.897+0000] {dagbag.py:537} INFO - Filling up the DagBag from /opt/airflow/dags/subdags/subdag_downloads.py
[2023-12-06T10:22:54.900+0000] {processor.py:768} WARNING - No viable dags retrieved from /opt/airflow/dags/subdags/subdag_downloads.py
[2023-12-06T10:22:54.911+0000] {processor.py:176} INFO - Processing /opt/airflow/dags/subdags/subdag_downloads.py took 0.018 seconds
[2023-12-06T10:23:25.191+0000] {processor.py:154} INFO - Started process (PID=582) to work on /opt/airflow/dags/subdags/subdag_downloads.py
[2023-12-06T10:23:25.192+0000] {processor.py:756} INFO - Processing file /opt/airflow/dags/subdags/subdag_downloads.py for tasks to queue
[2023-12-06T10:23:25.193+0000] {logging_mixin.py:120} INFO - [2023-12-06T10:23:25.192+0000] {dagbag.py:537} INFO - Filling up the DagBag from /opt/airflow/dags/subdags/subdag_downloads.py
[2023-12-06T10:23:25.197+0000] {processor.py:768} WARNING - No viable dags retrieved from /opt/airflow/dags/subdags/subdag_downloads.py
[2023-12-06T10:23:25.213+0000] {processor.py:176} INFO - Processing /opt/airflow/dags/subdags/subdag_downloads.py took 0.026 seconds
[2023-12-06T10:23:55.632+0000] {processor.py:154} INFO - Started process (PID=624) to work on /opt/airflow/dags/subdags/subdag_downloads.py
[2023-12-06T10:23:55.632+0000] {processor.py:756} INFO - Processing file /opt/airflow/dags/subdags/subdag_downloads.py for tasks to queue
[2023-12-06T10:23:55.633+0000] {logging_mixin.py:120} INFO - [2023-12-06T10:23:55.633+0000] {dagbag.py:537} INFO - Filling up the DagBag from /opt/airflow/dags/subdags/subdag_downloads.py
[2023-12-06T10:23:55.637+0000] {processor.py:768} WARNING - No viable dags retrieved from /opt/airflow/dags/subdags/subdag_downloads.py
[2023-12-06T10:23:55.646+0000] {processor.py:176} INFO - Processing /opt/airflow/dags/subdags/subdag_downloads.py took 0.017 seconds
[2023-12-06T10:24:25.852+0000] {processor.py:154} INFO - Started process (PID=664) to work on /opt/airflow/dags/subdags/subdag_downloads.py
[2023-12-06T10:24:25.853+0000] {processor.py:756} INFO - Processing file /opt/airflow/dags/subdags/subdag_downloads.py for tasks to queue
[2023-12-06T10:24:25.854+0000] {logging_mixin.py:120} INFO - [2023-12-06T10:24:25.854+0000] {dagbag.py:537} INFO - Filling up the DagBag from /opt/airflow/dags/subdags/subdag_downloads.py
[2023-12-06T10:24:25.859+0000] {processor.py:768} WARNING - No viable dags retrieved from /opt/airflow/dags/subdags/subdag_downloads.py
[2023-12-06T10:24:25.870+0000] {processor.py:176} INFO - Processing /opt/airflow/dags/subdags/subdag_downloads.py took 0.020 seconds
[2023-12-06T10:24:56.063+0000] {processor.py:154} INFO - Started process (PID=699) to work on /opt/airflow/dags/subdags/subdag_downloads.py
[2023-12-06T10:24:56.064+0000] {processor.py:756} INFO - Processing file /opt/airflow/dags/subdags/subdag_downloads.py for tasks to queue
[2023-12-06T10:24:56.064+0000] {logging_mixin.py:120} INFO - [2023-12-06T10:24:56.064+0000] {dagbag.py:537} INFO - Filling up the DagBag from /opt/airflow/dags/subdags/subdag_downloads.py
[2023-12-06T10:24:56.068+0000] {processor.py:768} WARNING - No viable dags retrieved from /opt/airflow/dags/subdags/subdag_downloads.py
[2023-12-06T10:24:56.079+0000] {processor.py:176} INFO - Processing /opt/airflow/dags/subdags/subdag_downloads.py took 0.019 seconds
[2023-12-06T10:25:26.704+0000] {processor.py:154} INFO - Started process (PID=741) to work on /opt/airflow/dags/subdags/subdag_downloads.py
[2023-12-06T10:25:26.704+0000] {processor.py:756} INFO - Processing file /opt/airflow/dags/subdags/subdag_downloads.py for tasks to queue
[2023-12-06T10:25:26.705+0000] {logging_mixin.py:120} INFO - [2023-12-06T10:25:26.705+0000] {dagbag.py:537} INFO - Filling up the DagBag from /opt/airflow/dags/subdags/subdag_downloads.py
[2023-12-06T10:25:26.708+0000] {processor.py:768} WARNING - No viable dags retrieved from /opt/airflow/dags/subdags/subdag_downloads.py
[2023-12-06T10:25:26.718+0000] {processor.py:176} INFO - Processing /opt/airflow/dags/subdags/subdag_downloads.py took 0.017 seconds
[2023-12-06T10:25:57.311+0000] {processor.py:154} INFO - Started process (PID=783) to work on /opt/airflow/dags/subdags/subdag_downloads.py
[2023-12-06T10:25:57.311+0000] {processor.py:756} INFO - Processing file /opt/airflow/dags/subdags/subdag_downloads.py for tasks to queue
[2023-12-06T10:25:57.312+0000] {logging_mixin.py:120} INFO - [2023-12-06T10:25:57.312+0000] {dagbag.py:537} INFO - Filling up the DagBag from /opt/airflow/dags/subdags/subdag_downloads.py
[2023-12-06T10:25:57.316+0000] {processor.py:768} WARNING - No viable dags retrieved from /opt/airflow/dags/subdags/subdag_downloads.py
[2023-12-06T10:25:57.327+0000] {processor.py:176} INFO - Processing /opt/airflow/dags/subdags/subdag_downloads.py took 0.019 seconds
[2023-12-06T10:26:27.846+0000] {processor.py:154} INFO - Started process (PID=817) to work on /opt/airflow/dags/subdags/subdag_downloads.py
[2023-12-06T10:26:27.847+0000] {processor.py:756} INFO - Processing file /opt/airflow/dags/subdags/subdag_downloads.py for tasks to queue
[2023-12-06T10:26:27.847+0000] {logging_mixin.py:120} INFO - [2023-12-06T10:26:27.847+0000] {dagbag.py:537} INFO - Filling up the DagBag from /opt/airflow/dags/subdags/subdag_downloads.py
[2023-12-06T10:26:27.852+0000] {processor.py:768} WARNING - No viable dags retrieved from /opt/airflow/dags/subdags/subdag_downloads.py
[2023-12-06T10:26:27.867+0000] {processor.py:176} INFO - Processing /opt/airflow/dags/subdags/subdag_downloads.py took 0.024 seconds
[2023-12-06T10:26:57.889+0000] {processor.py:154} INFO - Started process (PID=859) to work on /opt/airflow/dags/subdags/subdag_downloads.py
[2023-12-06T10:26:57.890+0000] {processor.py:756} INFO - Processing file /opt/airflow/dags/subdags/subdag_downloads.py for tasks to queue
[2023-12-06T10:26:57.890+0000] {logging_mixin.py:120} INFO - [2023-12-06T10:26:57.890+0000] {dagbag.py:537} INFO - Filling up the DagBag from /opt/airflow/dags/subdags/subdag_downloads.py
[2023-12-06T10:26:57.894+0000] {processor.py:768} WARNING - No viable dags retrieved from /opt/airflow/dags/subdags/subdag_downloads.py
[2023-12-06T10:26:57.905+0000] {processor.py:176} INFO - Processing /opt/airflow/dags/subdags/subdag_downloads.py took 0.018 seconds
[2023-12-06T10:27:28.320+0000] {processor.py:154} INFO - Started process (PID=902) to work on /opt/airflow/dags/subdags/subdag_downloads.py
[2023-12-06T10:27:28.320+0000] {processor.py:756} INFO - Processing file /opt/airflow/dags/subdags/subdag_downloads.py for tasks to queue
[2023-12-06T10:27:28.321+0000] {logging_mixin.py:120} INFO - [2023-12-06T10:27:28.321+0000] {dagbag.py:537} INFO - Filling up the DagBag from /opt/airflow/dags/subdags/subdag_downloads.py
[2023-12-06T10:27:28.324+0000] {processor.py:768} WARNING - No viable dags retrieved from /opt/airflow/dags/subdags/subdag_downloads.py
[2023-12-06T10:27:28.336+0000] {processor.py:176} INFO - Processing /opt/airflow/dags/subdags/subdag_downloads.py took 0.019 seconds
[2023-12-06T10:27:58.382+0000] {processor.py:154} INFO - Started process (PID=936) to work on /opt/airflow/dags/subdags/subdag_downloads.py
[2023-12-06T10:27:58.383+0000] {processor.py:756} INFO - Processing file /opt/airflow/dags/subdags/subdag_downloads.py for tasks to queue
[2023-12-06T10:27:58.383+0000] {logging_mixin.py:120} INFO - [2023-12-06T10:27:58.383+0000] {dagbag.py:537} INFO - Filling up the DagBag from /opt/airflow/dags/subdags/subdag_downloads.py
[2023-12-06T10:27:58.387+0000] {processor.py:768} WARNING - No viable dags retrieved from /opt/airflow/dags/subdags/subdag_downloads.py
[2023-12-06T10:27:58.401+0000] {processor.py:176} INFO - Processing /opt/airflow/dags/subdags/subdag_downloads.py took 0.021 seconds
[2023-12-06T10:28:28.646+0000] {processor.py:154} INFO - Started process (PID=979) to work on /opt/airflow/dags/subdags/subdag_downloads.py
[2023-12-06T10:28:28.647+0000] {processor.py:756} INFO - Processing file /opt/airflow/dags/subdags/subdag_downloads.py for tasks to queue
[2023-12-06T10:28:28.647+0000] {logging_mixin.py:120} INFO - [2023-12-06T10:28:28.647+0000] {dagbag.py:537} INFO - Filling up the DagBag from /opt/airflow/dags/subdags/subdag_downloads.py
[2023-12-06T10:28:28.651+0000] {processor.py:768} WARNING - No viable dags retrieved from /opt/airflow/dags/subdags/subdag_downloads.py
[2023-12-06T10:28:28.661+0000] {processor.py:176} INFO - Processing /opt/airflow/dags/subdags/subdag_downloads.py took 0.017 seconds
[2023-12-06T10:28:58.700+0000] {processor.py:154} INFO - Started process (PID=1021) to work on /opt/airflow/dags/subdags/subdag_downloads.py
[2023-12-06T10:28:58.701+0000] {processor.py:756} INFO - Processing file /opt/airflow/dags/subdags/subdag_downloads.py for tasks to queue
[2023-12-06T10:28:58.701+0000] {logging_mixin.py:120} INFO - [2023-12-06T10:28:58.701+0000] {dagbag.py:537} INFO - Filling up the DagBag from /opt/airflow/dags/subdags/subdag_downloads.py
[2023-12-06T10:28:58.705+0000] {processor.py:768} WARNING - No viable dags retrieved from /opt/airflow/dags/subdags/subdag_downloads.py
[2023-12-06T10:28:58.715+0000] {processor.py:176} INFO - Processing /opt/airflow/dags/subdags/subdag_downloads.py took 0.018 seconds
[2023-12-06T20:11:05.744+0000] {processor.py:154} INFO - Started process (PID=58) to work on /opt/airflow/dags/subdags/subdag_downloads.py
[2023-12-06T20:11:05.752+0000] {processor.py:756} INFO - Processing file /opt/airflow/dags/subdags/subdag_downloads.py for tasks to queue
[2023-12-06T20:11:05.753+0000] {logging_mixin.py:120} INFO - [2023-12-06T20:11:05.753+0000] {dagbag.py:537} INFO - Filling up the DagBag from /opt/airflow/dags/subdags/subdag_downloads.py
[2023-12-06T20:11:05.772+0000] {processor.py:768} WARNING - No viable dags retrieved from /opt/airflow/dags/subdags/subdag_downloads.py
[2023-12-06T20:11:05.806+0000] {processor.py:176} INFO - Processing /opt/airflow/dags/subdags/subdag_downloads.py took 0.069 seconds
[2023-12-06T20:11:36.382+0000] {processor.py:154} INFO - Started process (PID=88) to work on /opt/airflow/dags/subdags/subdag_downloads.py
[2023-12-06T20:11:36.390+0000] {processor.py:756} INFO - Processing file /opt/airflow/dags/subdags/subdag_downloads.py for tasks to queue
[2023-12-06T20:11:36.403+0000] {logging_mixin.py:120} INFO - [2023-12-06T20:11:36.403+0000] {dagbag.py:537} INFO - Filling up the DagBag from /opt/airflow/dags/subdags/subdag_downloads.py
[2023-12-06T20:11:36.460+0000] {processor.py:768} WARNING - No viable dags retrieved from /opt/airflow/dags/subdags/subdag_downloads.py
[2023-12-06T20:11:36.542+0000] {processor.py:176} INFO - Processing /opt/airflow/dags/subdags/subdag_downloads.py took 0.186 seconds
[2023-12-06T20:12:06.646+0000] {processor.py:154} INFO - Started process (PID=121) to work on /opt/airflow/dags/subdags/subdag_downloads.py
[2023-12-06T20:12:06.647+0000] {processor.py:756} INFO - Processing file /opt/airflow/dags/subdags/subdag_downloads.py for tasks to queue
[2023-12-06T20:12:06.647+0000] {logging_mixin.py:120} INFO - [2023-12-06T20:12:06.647+0000] {dagbag.py:537} INFO - Filling up the DagBag from /opt/airflow/dags/subdags/subdag_downloads.py
[2023-12-06T20:12:06.652+0000] {processor.py:768} WARNING - No viable dags retrieved from /opt/airflow/dags/subdags/subdag_downloads.py
[2023-12-06T20:12:06.699+0000] {processor.py:176} INFO - Processing /opt/airflow/dags/subdags/subdag_downloads.py took 0.057 seconds
[2023-12-06T20:12:37.929+0000] {processor.py:154} INFO - Started process (PID=154) to work on /opt/airflow/dags/subdags/subdag_downloads.py
[2023-12-06T20:12:37.940+0000] {processor.py:756} INFO - Processing file /opt/airflow/dags/subdags/subdag_downloads.py for tasks to queue
[2023-12-06T20:12:37.940+0000] {logging_mixin.py:120} INFO - [2023-12-06T20:12:37.940+0000] {dagbag.py:537} INFO - Filling up the DagBag from /opt/airflow/dags/subdags/subdag_downloads.py
[2023-12-06T20:12:37.946+0000] {processor.py:768} WARNING - No viable dags retrieved from /opt/airflow/dags/subdags/subdag_downloads.py
[2023-12-06T20:12:37.983+0000] {processor.py:176} INFO - Processing /opt/airflow/dags/subdags/subdag_downloads.py took 0.068 seconds
[2023-12-06T20:13:08.264+0000] {processor.py:154} INFO - Started process (PID=196) to work on /opt/airflow/dags/subdags/subdag_downloads.py
[2023-12-06T20:13:08.267+0000] {processor.py:756} INFO - Processing file /opt/airflow/dags/subdags/subdag_downloads.py for tasks to queue
[2023-12-06T20:13:08.270+0000] {logging_mixin.py:120} INFO - [2023-12-06T20:13:08.270+0000] {dagbag.py:537} INFO - Filling up the DagBag from /opt/airflow/dags/subdags/subdag_downloads.py
[2023-12-06T20:13:08.286+0000] {processor.py:768} WARNING - No viable dags retrieved from /opt/airflow/dags/subdags/subdag_downloads.py
[2023-12-06T20:13:08.352+0000] {processor.py:176} INFO - Processing /opt/airflow/dags/subdags/subdag_downloads.py took 0.104 seconds
[2023-12-06T20:13:38.554+0000] {processor.py:154} INFO - Started process (PID=229) to work on /opt/airflow/dags/subdags/subdag_downloads.py
[2023-12-06T20:13:38.563+0000] {processor.py:756} INFO - Processing file /opt/airflow/dags/subdags/subdag_downloads.py for tasks to queue
[2023-12-06T20:13:38.564+0000] {logging_mixin.py:120} INFO - [2023-12-06T20:13:38.564+0000] {dagbag.py:537} INFO - Filling up the DagBag from /opt/airflow/dags/subdags/subdag_downloads.py
[2023-12-06T20:13:38.578+0000] {processor.py:768} WARNING - No viable dags retrieved from /opt/airflow/dags/subdags/subdag_downloads.py
[2023-12-06T20:13:38.635+0000] {processor.py:176} INFO - Processing /opt/airflow/dags/subdags/subdag_downloads.py took 0.085 seconds
[2023-12-06T20:14:08.789+0000] {processor.py:154} INFO - Started process (PID=262) to work on /opt/airflow/dags/subdags/subdag_downloads.py
[2023-12-06T20:14:08.790+0000] {processor.py:756} INFO - Processing file /opt/airflow/dags/subdags/subdag_downloads.py for tasks to queue
[2023-12-06T20:14:08.791+0000] {logging_mixin.py:120} INFO - [2023-12-06T20:14:08.791+0000] {dagbag.py:537} INFO - Filling up the DagBag from /opt/airflow/dags/subdags/subdag_downloads.py
[2023-12-06T20:14:08.797+0000] {processor.py:768} WARNING - No viable dags retrieved from /opt/airflow/dags/subdags/subdag_downloads.py
[2023-12-06T20:14:08.810+0000] {processor.py:176} INFO - Processing /opt/airflow/dags/subdags/subdag_downloads.py took 0.024 seconds
[2023-12-06T20:14:39.572+0000] {processor.py:154} INFO - Started process (PID=296) to work on /opt/airflow/dags/subdags/subdag_downloads.py
[2023-12-06T20:14:39.573+0000] {processor.py:756} INFO - Processing file /opt/airflow/dags/subdags/subdag_downloads.py for tasks to queue
[2023-12-06T20:14:39.574+0000] {logging_mixin.py:120} INFO - [2023-12-06T20:14:39.573+0000] {dagbag.py:537} INFO - Filling up the DagBag from /opt/airflow/dags/subdags/subdag_downloads.py
[2023-12-06T20:14:39.583+0000] {processor.py:768} WARNING - No viable dags retrieved from /opt/airflow/dags/subdags/subdag_downloads.py
[2023-12-06T20:14:39.611+0000] {processor.py:176} INFO - Processing /opt/airflow/dags/subdags/subdag_downloads.py took 0.050 seconds
[2023-12-06T20:15:10.088+0000] {processor.py:154} INFO - Started process (PID=337) to work on /opt/airflow/dags/subdags/subdag_downloads.py
[2023-12-06T20:15:10.089+0000] {processor.py:756} INFO - Processing file /opt/airflow/dags/subdags/subdag_downloads.py for tasks to queue
[2023-12-06T20:15:10.093+0000] {logging_mixin.py:120} INFO - [2023-12-06T20:15:10.093+0000] {dagbag.py:537} INFO - Filling up the DagBag from /opt/airflow/dags/subdags/subdag_downloads.py
[2023-12-06T20:15:10.099+0000] {processor.py:768} WARNING - No viable dags retrieved from /opt/airflow/dags/subdags/subdag_downloads.py
[2023-12-06T20:15:10.137+0000] {processor.py:176} INFO - Processing /opt/airflow/dags/subdags/subdag_downloads.py took 0.059 seconds
[2023-12-06T20:15:40.745+0000] {processor.py:154} INFO - Started process (PID=369) to work on /opt/airflow/dags/subdags/subdag_downloads.py
[2023-12-06T20:15:40.747+0000] {processor.py:756} INFO - Processing file /opt/airflow/dags/subdags/subdag_downloads.py for tasks to queue
[2023-12-06T20:15:40.748+0000] {logging_mixin.py:120} INFO - [2023-12-06T20:15:40.748+0000] {dagbag.py:537} INFO - Filling up the DagBag from /opt/airflow/dags/subdags/subdag_downloads.py
[2023-12-06T20:15:40.752+0000] {processor.py:768} WARNING - No viable dags retrieved from /opt/airflow/dags/subdags/subdag_downloads.py
[2023-12-06T20:15:40.768+0000] {processor.py:176} INFO - Processing /opt/airflow/dags/subdags/subdag_downloads.py took 0.027 seconds
[2023-12-06T20:16:11.645+0000] {processor.py:154} INFO - Started process (PID=411) to work on /opt/airflow/dags/subdags/subdag_downloads.py
[2023-12-06T20:16:11.650+0000] {processor.py:756} INFO - Processing file /opt/airflow/dags/subdags/subdag_downloads.py for tasks to queue
[2023-12-06T20:16:11.651+0000] {logging_mixin.py:120} INFO - [2023-12-06T20:16:11.651+0000] {dagbag.py:537} INFO - Filling up the DagBag from /opt/airflow/dags/subdags/subdag_downloads.py
[2023-12-06T20:16:11.662+0000] {processor.py:768} WARNING - No viable dags retrieved from /opt/airflow/dags/subdags/subdag_downloads.py
[2023-12-06T20:16:11.679+0000] {processor.py:176} INFO - Processing /opt/airflow/dags/subdags/subdag_downloads.py took 0.040 seconds
[2023-12-06T20:16:41.800+0000] {processor.py:154} INFO - Started process (PID=453) to work on /opt/airflow/dags/subdags/subdag_downloads.py
[2023-12-06T20:16:41.807+0000] {processor.py:756} INFO - Processing file /opt/airflow/dags/subdags/subdag_downloads.py for tasks to queue
[2023-12-06T20:16:41.809+0000] {logging_mixin.py:120} INFO - [2023-12-06T20:16:41.809+0000] {dagbag.py:537} INFO - Filling up the DagBag from /opt/airflow/dags/subdags/subdag_downloads.py
[2023-12-06T20:16:41.816+0000] {processor.py:768} WARNING - No viable dags retrieved from /opt/airflow/dags/subdags/subdag_downloads.py
[2023-12-06T20:16:41.847+0000] {processor.py:176} INFO - Processing /opt/airflow/dags/subdags/subdag_downloads.py took 0.054 seconds
[2023-12-06T20:17:12.261+0000] {processor.py:154} INFO - Started process (PID=486) to work on /opt/airflow/dags/subdags/subdag_downloads.py
[2023-12-06T20:17:12.262+0000] {processor.py:756} INFO - Processing file /opt/airflow/dags/subdags/subdag_downloads.py for tasks to queue
[2023-12-06T20:17:12.263+0000] {logging_mixin.py:120} INFO - [2023-12-06T20:17:12.263+0000] {dagbag.py:537} INFO - Filling up the DagBag from /opt/airflow/dags/subdags/subdag_downloads.py
[2023-12-06T20:17:12.268+0000] {processor.py:768} WARNING - No viable dags retrieved from /opt/airflow/dags/subdags/subdag_downloads.py
[2023-12-06T20:17:12.282+0000] {processor.py:176} INFO - Processing /opt/airflow/dags/subdags/subdag_downloads.py took 0.029 seconds
[2023-12-06T20:17:42.920+0000] {processor.py:154} INFO - Started process (PID=527) to work on /opt/airflow/dags/subdags/subdag_downloads.py
[2023-12-06T20:17:42.921+0000] {processor.py:756} INFO - Processing file /opt/airflow/dags/subdags/subdag_downloads.py for tasks to queue
[2023-12-06T20:17:42.922+0000] {logging_mixin.py:120} INFO - [2023-12-06T20:17:42.921+0000] {dagbag.py:537} INFO - Filling up the DagBag from /opt/airflow/dags/subdags/subdag_downloads.py
[2023-12-06T20:17:42.928+0000] {processor.py:768} WARNING - No viable dags retrieved from /opt/airflow/dags/subdags/subdag_downloads.py
[2023-12-06T20:17:42.944+0000] {processor.py:176} INFO - Processing /opt/airflow/dags/subdags/subdag_downloads.py took 0.028 seconds
[2023-12-06T20:18:13.806+0000] {processor.py:154} INFO - Started process (PID=570) to work on /opt/airflow/dags/subdags/subdag_downloads.py
[2023-12-06T20:18:13.807+0000] {processor.py:756} INFO - Processing file /opt/airflow/dags/subdags/subdag_downloads.py for tasks to queue
[2023-12-06T20:18:13.808+0000] {logging_mixin.py:120} INFO - [2023-12-06T20:18:13.808+0000] {dagbag.py:537} INFO - Filling up the DagBag from /opt/airflow/dags/subdags/subdag_downloads.py
[2023-12-06T20:18:13.813+0000] {processor.py:768} WARNING - No viable dags retrieved from /opt/airflow/dags/subdags/subdag_downloads.py
[2023-12-06T20:18:13.827+0000] {processor.py:176} INFO - Processing /opt/airflow/dags/subdags/subdag_downloads.py took 0.024 seconds
[2023-12-06T20:18:44.012+0000] {processor.py:154} INFO - Started process (PID=611) to work on /opt/airflow/dags/subdags/subdag_downloads.py
[2023-12-06T20:18:44.014+0000] {processor.py:756} INFO - Processing file /opt/airflow/dags/subdags/subdag_downloads.py for tasks to queue
[2023-12-06T20:18:44.015+0000] {logging_mixin.py:120} INFO - [2023-12-06T20:18:44.014+0000] {dagbag.py:537} INFO - Filling up the DagBag from /opt/airflow/dags/subdags/subdag_downloads.py
[2023-12-06T20:18:44.020+0000] {processor.py:768} WARNING - No viable dags retrieved from /opt/airflow/dags/subdags/subdag_downloads.py
[2023-12-06T20:18:44.033+0000] {processor.py:176} INFO - Processing /opt/airflow/dags/subdags/subdag_downloads.py took 0.026 seconds
[2023-12-06T20:19:14.978+0000] {processor.py:154} INFO - Started process (PID=646) to work on /opt/airflow/dags/subdags/subdag_downloads.py
[2023-12-06T20:19:14.979+0000] {processor.py:756} INFO - Processing file /opt/airflow/dags/subdags/subdag_downloads.py for tasks to queue
[2023-12-06T20:19:14.980+0000] {logging_mixin.py:120} INFO - [2023-12-06T20:19:14.980+0000] {dagbag.py:537} INFO - Filling up the DagBag from /opt/airflow/dags/subdags/subdag_downloads.py
[2023-12-06T20:19:14.985+0000] {processor.py:768} WARNING - No viable dags retrieved from /opt/airflow/dags/subdags/subdag_downloads.py
[2023-12-06T20:19:15.020+0000] {processor.py:176} INFO - Processing /opt/airflow/dags/subdags/subdag_downloads.py took 0.046 seconds
[2023-12-06T20:19:45.922+0000] {processor.py:154} INFO - Started process (PID=689) to work on /opt/airflow/dags/subdags/subdag_downloads.py
[2023-12-06T20:19:45.923+0000] {processor.py:756} INFO - Processing file /opt/airflow/dags/subdags/subdag_downloads.py for tasks to queue
[2023-12-06T20:19:45.923+0000] {logging_mixin.py:120} INFO - [2023-12-06T20:19:45.923+0000] {dagbag.py:537} INFO - Filling up the DagBag from /opt/airflow/dags/subdags/subdag_downloads.py
[2023-12-06T20:19:45.928+0000] {processor.py:768} WARNING - No viable dags retrieved from /opt/airflow/dags/subdags/subdag_downloads.py
[2023-12-06T20:19:45.944+0000] {processor.py:176} INFO - Processing /opt/airflow/dags/subdags/subdag_downloads.py took 0.026 seconds
[2023-12-06T20:20:16.586+0000] {processor.py:154} INFO - Started process (PID=734) to work on /opt/airflow/dags/subdags/subdag_downloads.py
[2023-12-06T20:20:16.587+0000] {processor.py:756} INFO - Processing file /opt/airflow/dags/subdags/subdag_downloads.py for tasks to queue
[2023-12-06T20:20:16.587+0000] {logging_mixin.py:120} INFO - [2023-12-06T20:20:16.587+0000] {dagbag.py:537} INFO - Filling up the DagBag from /opt/airflow/dags/subdags/subdag_downloads.py
[2023-12-06T20:20:16.592+0000] {processor.py:768} WARNING - No viable dags retrieved from /opt/airflow/dags/subdags/subdag_downloads.py
[2023-12-06T20:20:16.623+0000] {processor.py:176} INFO - Processing /opt/airflow/dags/subdags/subdag_downloads.py took 0.041 seconds
[2023-12-06T20:20:46.986+0000] {processor.py:154} INFO - Started process (PID=767) to work on /opt/airflow/dags/subdags/subdag_downloads.py
[2023-12-06T20:20:46.995+0000] {processor.py:756} INFO - Processing file /opt/airflow/dags/subdags/subdag_downloads.py for tasks to queue
[2023-12-06T20:20:46.996+0000] {logging_mixin.py:120} INFO - [2023-12-06T20:20:46.996+0000] {dagbag.py:537} INFO - Filling up the DagBag from /opt/airflow/dags/subdags/subdag_downloads.py
[2023-12-06T20:20:47.001+0000] {processor.py:768} WARNING - No viable dags retrieved from /opt/airflow/dags/subdags/subdag_downloads.py
[2023-12-06T20:20:47.032+0000] {processor.py:176} INFO - Processing /opt/airflow/dags/subdags/subdag_downloads.py took 0.052 seconds
[2023-12-06T20:21:17.549+0000] {processor.py:154} INFO - Started process (PID=810) to work on /opt/airflow/dags/subdags/subdag_downloads.py
[2023-12-06T20:21:17.549+0000] {processor.py:756} INFO - Processing file /opt/airflow/dags/subdags/subdag_downloads.py for tasks to queue
[2023-12-06T20:21:17.550+0000] {logging_mixin.py:120} INFO - [2023-12-06T20:21:17.550+0000] {dagbag.py:537} INFO - Filling up the DagBag from /opt/airflow/dags/subdags/subdag_downloads.py
[2023-12-06T20:21:17.568+0000] {processor.py:768} WARNING - No viable dags retrieved from /opt/airflow/dags/subdags/subdag_downloads.py
[2023-12-06T20:21:17.590+0000] {processor.py:176} INFO - Processing /opt/airflow/dags/subdags/subdag_downloads.py took 0.055 seconds
[2023-12-06T20:21:47.891+0000] {processor.py:154} INFO - Started process (PID=851) to work on /opt/airflow/dags/subdags/subdag_downloads.py
[2023-12-06T20:21:47.891+0000] {processor.py:756} INFO - Processing file /opt/airflow/dags/subdags/subdag_downloads.py for tasks to queue
[2023-12-06T20:21:47.892+0000] {logging_mixin.py:120} INFO - [2023-12-06T20:21:47.892+0000] {dagbag.py:537} INFO - Filling up the DagBag from /opt/airflow/dags/subdags/subdag_downloads.py
[2023-12-06T20:21:47.897+0000] {processor.py:768} WARNING - No viable dags retrieved from /opt/airflow/dags/subdags/subdag_downloads.py
[2023-12-06T20:21:47.911+0000] {processor.py:176} INFO - Processing /opt/airflow/dags/subdags/subdag_downloads.py took 0.024 seconds
[2023-12-06T20:22:18.558+0000] {processor.py:154} INFO - Started process (PID=882) to work on /opt/airflow/dags/subdags/subdag_downloads.py
[2023-12-06T20:22:18.559+0000] {processor.py:756} INFO - Processing file /opt/airflow/dags/subdags/subdag_downloads.py for tasks to queue
[2023-12-06T20:22:18.560+0000] {logging_mixin.py:120} INFO - [2023-12-06T20:22:18.559+0000] {dagbag.py:537} INFO - Filling up the DagBag from /opt/airflow/dags/subdags/subdag_downloads.py
[2023-12-06T20:22:18.565+0000] {processor.py:768} WARNING - No viable dags retrieved from /opt/airflow/dags/subdags/subdag_downloads.py
[2023-12-06T20:22:18.579+0000] {processor.py:176} INFO - Processing /opt/airflow/dags/subdags/subdag_downloads.py took 0.024 seconds
[2023-12-06T20:22:48.658+0000] {processor.py:154} INFO - Started process (PID=923) to work on /opt/airflow/dags/subdags/subdag_downloads.py
[2023-12-06T20:22:48.659+0000] {processor.py:756} INFO - Processing file /opt/airflow/dags/subdags/subdag_downloads.py for tasks to queue
[2023-12-06T20:22:48.659+0000] {logging_mixin.py:120} INFO - [2023-12-06T20:22:48.659+0000] {dagbag.py:537} INFO - Filling up the DagBag from /opt/airflow/dags/subdags/subdag_downloads.py
[2023-12-06T20:22:48.664+0000] {processor.py:768} WARNING - No viable dags retrieved from /opt/airflow/dags/subdags/subdag_downloads.py
[2023-12-06T20:22:48.699+0000] {processor.py:176} INFO - Processing /opt/airflow/dags/subdags/subdag_downloads.py took 0.046 seconds
[2023-12-06T20:23:18.745+0000] {processor.py:154} INFO - Started process (PID=965) to work on /opt/airflow/dags/subdags/subdag_downloads.py
[2023-12-06T20:23:18.746+0000] {processor.py:756} INFO - Processing file /opt/airflow/dags/subdags/subdag_downloads.py for tasks to queue
[2023-12-06T20:23:18.747+0000] {logging_mixin.py:120} INFO - [2023-12-06T20:23:18.747+0000] {dagbag.py:537} INFO - Filling up the DagBag from /opt/airflow/dags/subdags/subdag_downloads.py
[2023-12-06T20:23:18.752+0000] {processor.py:768} WARNING - No viable dags retrieved from /opt/airflow/dags/subdags/subdag_downloads.py
[2023-12-06T20:23:18.766+0000] {processor.py:176} INFO - Processing /opt/airflow/dags/subdags/subdag_downloads.py took 0.024 seconds
[2023-12-06T20:23:48.987+0000] {processor.py:154} INFO - Started process (PID=997) to work on /opt/airflow/dags/subdags/subdag_downloads.py
[2023-12-06T20:23:49.011+0000] {processor.py:756} INFO - Processing file /opt/airflow/dags/subdags/subdag_downloads.py for tasks to queue
[2023-12-06T20:23:49.012+0000] {logging_mixin.py:120} INFO - [2023-12-06T20:23:49.012+0000] {dagbag.py:537} INFO - Filling up the DagBag from /opt/airflow/dags/subdags/subdag_downloads.py
[2023-12-06T20:23:49.017+0000] {processor.py:768} WARNING - No viable dags retrieved from /opt/airflow/dags/subdags/subdag_downloads.py
[2023-12-06T20:23:49.084+0000] {processor.py:176} INFO - Processing /opt/airflow/dags/subdags/subdag_downloads.py took 0.100 seconds
[2023-12-06T20:24:19.392+0000] {processor.py:154} INFO - Started process (PID=1039) to work on /opt/airflow/dags/subdags/subdag_downloads.py
[2023-12-06T20:24:19.393+0000] {processor.py:756} INFO - Processing file /opt/airflow/dags/subdags/subdag_downloads.py for tasks to queue
[2023-12-06T20:24:19.393+0000] {logging_mixin.py:120} INFO - [2023-12-06T20:24:19.393+0000] {dagbag.py:537} INFO - Filling up the DagBag from /opt/airflow/dags/subdags/subdag_downloads.py
[2023-12-06T20:24:19.398+0000] {processor.py:768} WARNING - No viable dags retrieved from /opt/airflow/dags/subdags/subdag_downloads.py
[2023-12-06T20:24:19.421+0000] {processor.py:176} INFO - Processing /opt/airflow/dags/subdags/subdag_downloads.py took 0.032 seconds
[2023-12-06T20:24:49.529+0000] {processor.py:154} INFO - Started process (PID=1081) to work on /opt/airflow/dags/subdags/subdag_downloads.py
[2023-12-06T20:24:49.530+0000] {processor.py:756} INFO - Processing file /opt/airflow/dags/subdags/subdag_downloads.py for tasks to queue
[2023-12-06T20:24:49.530+0000] {logging_mixin.py:120} INFO - [2023-12-06T20:24:49.530+0000] {dagbag.py:537} INFO - Filling up the DagBag from /opt/airflow/dags/subdags/subdag_downloads.py
[2023-12-06T20:24:49.536+0000] {processor.py:768} WARNING - No viable dags retrieved from /opt/airflow/dags/subdags/subdag_downloads.py
[2023-12-06T20:24:49.551+0000] {processor.py:176} INFO - Processing /opt/airflow/dags/subdags/subdag_downloads.py took 0.025 seconds
[2023-12-06T20:25:19.976+0000] {processor.py:154} INFO - Started process (PID=1115) to work on /opt/airflow/dags/subdags/subdag_downloads.py
[2023-12-06T20:25:19.977+0000] {processor.py:756} INFO - Processing file /opt/airflow/dags/subdags/subdag_downloads.py for tasks to queue
[2023-12-06T20:25:19.977+0000] {logging_mixin.py:120} INFO - [2023-12-06T20:25:19.977+0000] {dagbag.py:537} INFO - Filling up the DagBag from /opt/airflow/dags/subdags/subdag_downloads.py
[2023-12-06T20:25:19.980+0000] {processor.py:768} WARNING - No viable dags retrieved from /opt/airflow/dags/subdags/subdag_downloads.py
[2023-12-06T20:25:19.991+0000] {processor.py:176} INFO - Processing /opt/airflow/dags/subdags/subdag_downloads.py took 0.018 seconds
[2023-12-06T20:25:50.216+0000] {processor.py:154} INFO - Started process (PID=1157) to work on /opt/airflow/dags/subdags/subdag_downloads.py
[2023-12-06T20:25:50.217+0000] {processor.py:756} INFO - Processing file /opt/airflow/dags/subdags/subdag_downloads.py for tasks to queue
[2023-12-06T20:25:50.218+0000] {logging_mixin.py:120} INFO - [2023-12-06T20:25:50.218+0000] {dagbag.py:537} INFO - Filling up the DagBag from /opt/airflow/dags/subdags/subdag_downloads.py
[2023-12-06T20:25:50.222+0000] {processor.py:768} WARNING - No viable dags retrieved from /opt/airflow/dags/subdags/subdag_downloads.py
[2023-12-06T20:25:50.237+0000] {processor.py:176} INFO - Processing /opt/airflow/dags/subdags/subdag_downloads.py took 0.026 seconds
[2023-12-06T20:26:20.689+0000] {processor.py:154} INFO - Started process (PID=1198) to work on /opt/airflow/dags/subdags/subdag_downloads.py
[2023-12-06T20:26:20.691+0000] {processor.py:756} INFO - Processing file /opt/airflow/dags/subdags/subdag_downloads.py for tasks to queue
[2023-12-06T20:26:20.692+0000] {logging_mixin.py:120} INFO - [2023-12-06T20:26:20.692+0000] {dagbag.py:537} INFO - Filling up the DagBag from /opt/airflow/dags/subdags/subdag_downloads.py
[2023-12-06T20:26:20.697+0000] {processor.py:768} WARNING - No viable dags retrieved from /opt/airflow/dags/subdags/subdag_downloads.py
[2023-12-06T20:26:20.712+0000] {processor.py:176} INFO - Processing /opt/airflow/dags/subdags/subdag_downloads.py took 0.026 seconds
[2023-12-06T20:26:50.755+0000] {processor.py:154} INFO - Started process (PID=1234) to work on /opt/airflow/dags/subdags/subdag_downloads.py
[2023-12-06T20:26:50.755+0000] {processor.py:756} INFO - Processing file /opt/airflow/dags/subdags/subdag_downloads.py for tasks to queue
[2023-12-06T20:26:50.756+0000] {logging_mixin.py:120} INFO - [2023-12-06T20:26:50.756+0000] {dagbag.py:537} INFO - Filling up the DagBag from /opt/airflow/dags/subdags/subdag_downloads.py
[2023-12-06T20:26:50.759+0000] {processor.py:768} WARNING - No viable dags retrieved from /opt/airflow/dags/subdags/subdag_downloads.py
[2023-12-06T20:26:50.770+0000] {processor.py:176} INFO - Processing /opt/airflow/dags/subdags/subdag_downloads.py took 0.018 seconds
[2023-12-06T20:27:21.107+0000] {processor.py:154} INFO - Started process (PID=1275) to work on /opt/airflow/dags/subdags/subdag_downloads.py
[2023-12-06T20:27:21.116+0000] {processor.py:756} INFO - Processing file /opt/airflow/dags/subdags/subdag_downloads.py for tasks to queue
[2023-12-06T20:27:21.119+0000] {logging_mixin.py:120} INFO - [2023-12-06T20:27:21.119+0000] {dagbag.py:537} INFO - Filling up the DagBag from /opt/airflow/dags/subdags/subdag_downloads.py
[2023-12-06T20:27:21.134+0000] {processor.py:768} WARNING - No viable dags retrieved from /opt/airflow/dags/subdags/subdag_downloads.py
[2023-12-06T20:27:21.312+0000] {processor.py:176} INFO - Processing /opt/airflow/dags/subdags/subdag_downloads.py took 0.209 seconds
[2023-12-06T20:27:51.494+0000] {processor.py:154} INFO - Started process (PID=1308) to work on /opt/airflow/dags/subdags/subdag_downloads.py
[2023-12-06T20:27:51.494+0000] {processor.py:756} INFO - Processing file /opt/airflow/dags/subdags/subdag_downloads.py for tasks to queue
[2023-12-06T20:27:51.495+0000] {logging_mixin.py:120} INFO - [2023-12-06T20:27:51.495+0000] {dagbag.py:537} INFO - Filling up the DagBag from /opt/airflow/dags/subdags/subdag_downloads.py
[2023-12-06T20:27:51.499+0000] {processor.py:768} WARNING - No viable dags retrieved from /opt/airflow/dags/subdags/subdag_downloads.py
[2023-12-06T20:27:51.509+0000] {processor.py:176} INFO - Processing /opt/airflow/dags/subdags/subdag_downloads.py took 0.018 seconds
[2023-12-06T20:28:21.633+0000] {processor.py:154} INFO - Started process (PID=1353) to work on /opt/airflow/dags/subdags/subdag_downloads.py
[2023-12-06T20:28:21.633+0000] {processor.py:756} INFO - Processing file /opt/airflow/dags/subdags/subdag_downloads.py for tasks to queue
[2023-12-06T20:28:21.634+0000] {logging_mixin.py:120} INFO - [2023-12-06T20:28:21.634+0000] {dagbag.py:537} INFO - Filling up the DagBag from /opt/airflow/dags/subdags/subdag_downloads.py
[2023-12-06T20:28:21.669+0000] {processor.py:768} WARNING - No viable dags retrieved from /opt/airflow/dags/subdags/subdag_downloads.py
[2023-12-06T20:28:21.710+0000] {processor.py:176} INFO - Processing /opt/airflow/dags/subdags/subdag_downloads.py took 0.092 seconds
[2023-12-06T20:28:51.750+0000] {processor.py:154} INFO - Started process (PID=1387) to work on /opt/airflow/dags/subdags/subdag_downloads.py
[2023-12-06T20:28:51.751+0000] {processor.py:756} INFO - Processing file /opt/airflow/dags/subdags/subdag_downloads.py for tasks to queue
[2023-12-06T20:28:51.751+0000] {logging_mixin.py:120} INFO - [2023-12-06T20:28:51.751+0000] {dagbag.py:537} INFO - Filling up the DagBag from /opt/airflow/dags/subdags/subdag_downloads.py
[2023-12-06T20:28:51.755+0000] {processor.py:768} WARNING - No viable dags retrieved from /opt/airflow/dags/subdags/subdag_downloads.py
[2023-12-06T20:28:51.765+0000] {processor.py:176} INFO - Processing /opt/airflow/dags/subdags/subdag_downloads.py took 0.018 seconds
[2023-12-06T20:29:22.615+0000] {processor.py:154} INFO - Started process (PID=1430) to work on /opt/airflow/dags/subdags/subdag_downloads.py
[2023-12-06T20:29:22.615+0000] {processor.py:756} INFO - Processing file /opt/airflow/dags/subdags/subdag_downloads.py for tasks to queue
[2023-12-06T20:29:22.616+0000] {logging_mixin.py:120} INFO - [2023-12-06T20:29:22.616+0000] {dagbag.py:537} INFO - Filling up the DagBag from /opt/airflow/dags/subdags/subdag_downloads.py
[2023-12-06T20:29:22.624+0000] {processor.py:768} WARNING - No viable dags retrieved from /opt/airflow/dags/subdags/subdag_downloads.py
[2023-12-06T20:29:22.635+0000] {processor.py:176} INFO - Processing /opt/airflow/dags/subdags/subdag_downloads.py took 0.025 seconds
[2023-12-06T20:29:52.804+0000] {processor.py:154} INFO - Started process (PID=1465) to work on /opt/airflow/dags/subdags/subdag_downloads.py
[2023-12-06T20:29:52.805+0000] {processor.py:756} INFO - Processing file /opt/airflow/dags/subdags/subdag_downloads.py for tasks to queue
[2023-12-06T20:29:52.806+0000] {logging_mixin.py:120} INFO - [2023-12-06T20:29:52.805+0000] {dagbag.py:537} INFO - Filling up the DagBag from /opt/airflow/dags/subdags/subdag_downloads.py
[2023-12-06T20:29:52.810+0000] {processor.py:768} WARNING - No viable dags retrieved from /opt/airflow/dags/subdags/subdag_downloads.py
[2023-12-06T20:29:52.822+0000] {processor.py:176} INFO - Processing /opt/airflow/dags/subdags/subdag_downloads.py took 0.021 seconds
[2023-12-06T20:30:23.029+0000] {processor.py:154} INFO - Started process (PID=1506) to work on /opt/airflow/dags/subdags/subdag_downloads.py
[2023-12-06T20:30:23.030+0000] {processor.py:756} INFO - Processing file /opt/airflow/dags/subdags/subdag_downloads.py for tasks to queue
[2023-12-06T20:30:23.031+0000] {logging_mixin.py:120} INFO - [2023-12-06T20:30:23.031+0000] {dagbag.py:537} INFO - Filling up the DagBag from /opt/airflow/dags/subdags/subdag_downloads.py
[2023-12-06T20:30:23.036+0000] {processor.py:768} WARNING - No viable dags retrieved from /opt/airflow/dags/subdags/subdag_downloads.py
[2023-12-06T20:30:23.052+0000] {processor.py:176} INFO - Processing /opt/airflow/dags/subdags/subdag_downloads.py took 0.027 seconds
[2023-12-06T20:30:53.903+0000] {processor.py:154} INFO - Started process (PID=1550) to work on /opt/airflow/dags/subdags/subdag_downloads.py
[2023-12-06T20:30:53.904+0000] {processor.py:756} INFO - Processing file /opt/airflow/dags/subdags/subdag_downloads.py for tasks to queue
[2023-12-06T20:30:53.904+0000] {logging_mixin.py:120} INFO - [2023-12-06T20:30:53.904+0000] {dagbag.py:537} INFO - Filling up the DagBag from /opt/airflow/dags/subdags/subdag_downloads.py
[2023-12-06T20:30:53.908+0000] {processor.py:768} WARNING - No viable dags retrieved from /opt/airflow/dags/subdags/subdag_downloads.py
[2023-12-06T20:30:53.918+0000] {processor.py:176} INFO - Processing /opt/airflow/dags/subdags/subdag_downloads.py took 0.018 seconds
[2023-12-06T20:31:24.454+0000] {processor.py:154} INFO - Started process (PID=1593) to work on /opt/airflow/dags/subdags/subdag_downloads.py
[2023-12-06T20:31:24.455+0000] {processor.py:756} INFO - Processing file /opt/airflow/dags/subdags/subdag_downloads.py for tasks to queue
[2023-12-06T20:31:24.455+0000] {logging_mixin.py:120} INFO - [2023-12-06T20:31:24.455+0000] {dagbag.py:537} INFO - Filling up the DagBag from /opt/airflow/dags/subdags/subdag_downloads.py
[2023-12-06T20:31:24.461+0000] {processor.py:768} WARNING - No viable dags retrieved from /opt/airflow/dags/subdags/subdag_downloads.py
[2023-12-06T20:31:24.471+0000] {processor.py:176} INFO - Processing /opt/airflow/dags/subdags/subdag_downloads.py took 0.020 seconds
[2023-12-06T20:31:54.653+0000] {processor.py:154} INFO - Started process (PID=1627) to work on /opt/airflow/dags/subdags/subdag_downloads.py
[2023-12-06T20:31:54.654+0000] {processor.py:756} INFO - Processing file /opt/airflow/dags/subdags/subdag_downloads.py for tasks to queue
[2023-12-06T20:31:54.654+0000] {logging_mixin.py:120} INFO - [2023-12-06T20:31:54.654+0000] {dagbag.py:537} INFO - Filling up the DagBag from /opt/airflow/dags/subdags/subdag_downloads.py
[2023-12-06T20:31:54.659+0000] {processor.py:768} WARNING - No viable dags retrieved from /opt/airflow/dags/subdags/subdag_downloads.py
[2023-12-06T20:31:54.695+0000] {processor.py:176} INFO - Processing /opt/airflow/dags/subdags/subdag_downloads.py took 0.044 seconds
[2023-12-06T20:32:25.100+0000] {processor.py:154} INFO - Started process (PID=1669) to work on /opt/airflow/dags/subdags/subdag_downloads.py
[2023-12-06T20:32:25.100+0000] {processor.py:756} INFO - Processing file /opt/airflow/dags/subdags/subdag_downloads.py for tasks to queue
[2023-12-06T20:32:25.101+0000] {logging_mixin.py:120} INFO - [2023-12-06T20:32:25.101+0000] {dagbag.py:537} INFO - Filling up the DagBag from /opt/airflow/dags/subdags/subdag_downloads.py
[2023-12-06T20:32:25.107+0000] {processor.py:768} WARNING - No viable dags retrieved from /opt/airflow/dags/subdags/subdag_downloads.py
[2023-12-06T20:32:25.122+0000] {processor.py:176} INFO - Processing /opt/airflow/dags/subdags/subdag_downloads.py took 0.026 seconds
[2023-12-06T20:32:55.341+0000] {processor.py:154} INFO - Started process (PID=1702) to work on /opt/airflow/dags/subdags/subdag_downloads.py
[2023-12-06T20:32:55.341+0000] {processor.py:756} INFO - Processing file /opt/airflow/dags/subdags/subdag_downloads.py for tasks to queue
[2023-12-06T20:32:55.342+0000] {logging_mixin.py:120} INFO - [2023-12-06T20:32:55.342+0000] {dagbag.py:537} INFO - Filling up the DagBag from /opt/airflow/dags/subdags/subdag_downloads.py
[2023-12-06T20:32:55.345+0000] {processor.py:768} WARNING - No viable dags retrieved from /opt/airflow/dags/subdags/subdag_downloads.py
[2023-12-06T20:32:55.356+0000] {processor.py:176} INFO - Processing /opt/airflow/dags/subdags/subdag_downloads.py took 0.019 seconds
[2023-12-06T20:33:25.533+0000] {processor.py:154} INFO - Started process (PID=1747) to work on /opt/airflow/dags/subdags/subdag_downloads.py
[2023-12-06T20:33:25.534+0000] {processor.py:756} INFO - Processing file /opt/airflow/dags/subdags/subdag_downloads.py for tasks to queue
[2023-12-06T20:33:25.535+0000] {logging_mixin.py:120} INFO - [2023-12-06T20:33:25.534+0000] {dagbag.py:537} INFO - Filling up the DagBag from /opt/airflow/dags/subdags/subdag_downloads.py
[2023-12-06T20:33:25.542+0000] {processor.py:768} WARNING - No viable dags retrieved from /opt/airflow/dags/subdags/subdag_downloads.py
[2023-12-06T20:33:25.554+0000] {processor.py:176} INFO - Processing /opt/airflow/dags/subdags/subdag_downloads.py took 0.024 seconds
[2023-12-06T20:33:55.956+0000] {processor.py:154} INFO - Started process (PID=1791) to work on /opt/airflow/dags/subdags/subdag_downloads.py
[2023-12-06T20:33:55.956+0000] {processor.py:756} INFO - Processing file /opt/airflow/dags/subdags/subdag_downloads.py for tasks to queue
[2023-12-06T20:33:55.958+0000] {logging_mixin.py:120} INFO - [2023-12-06T20:33:55.958+0000] {dagbag.py:537} INFO - Filling up the DagBag from /opt/airflow/dags/subdags/subdag_downloads.py
[2023-12-06T20:33:55.963+0000] {processor.py:768} WARNING - No viable dags retrieved from /opt/airflow/dags/subdags/subdag_downloads.py
[2023-12-06T20:33:55.973+0000] {processor.py:176} INFO - Processing /opt/airflow/dags/subdags/subdag_downloads.py took 0.021 seconds
[2023-12-06T20:34:25.999+0000] {processor.py:154} INFO - Started process (PID=1825) to work on /opt/airflow/dags/subdags/subdag_downloads.py
[2023-12-06T20:34:26.000+0000] {processor.py:756} INFO - Processing file /opt/airflow/dags/subdags/subdag_downloads.py for tasks to queue
[2023-12-06T20:34:26.001+0000] {logging_mixin.py:120} INFO - [2023-12-06T20:34:26.001+0000] {dagbag.py:537} INFO - Filling up the DagBag from /opt/airflow/dags/subdags/subdag_downloads.py
[2023-12-06T20:34:26.006+0000] {processor.py:768} WARNING - No viable dags retrieved from /opt/airflow/dags/subdags/subdag_downloads.py
[2023-12-06T20:34:26.022+0000] {processor.py:176} INFO - Processing /opt/airflow/dags/subdags/subdag_downloads.py took 0.025 seconds
[2023-12-06T20:34:56.122+0000] {processor.py:154} INFO - Started process (PID=1867) to work on /opt/airflow/dags/subdags/subdag_downloads.py
[2023-12-06T20:34:56.123+0000] {processor.py:756} INFO - Processing file /opt/airflow/dags/subdags/subdag_downloads.py for tasks to queue
[2023-12-06T20:34:56.123+0000] {logging_mixin.py:120} INFO - [2023-12-06T20:34:56.123+0000] {dagbag.py:537} INFO - Filling up the DagBag from /opt/airflow/dags/subdags/subdag_downloads.py
[2023-12-06T20:34:56.127+0000] {processor.py:768} WARNING - No viable dags retrieved from /opt/airflow/dags/subdags/subdag_downloads.py
[2023-12-06T20:34:56.138+0000] {processor.py:176} INFO - Processing /opt/airflow/dags/subdags/subdag_downloads.py took 0.018 seconds
[2023-12-06T20:35:26.716+0000] {processor.py:154} INFO - Started process (PID=1908) to work on /opt/airflow/dags/subdags/subdag_downloads.py
[2023-12-06T20:35:26.717+0000] {processor.py:756} INFO - Processing file /opt/airflow/dags/subdags/subdag_downloads.py for tasks to queue
[2023-12-06T20:35:26.717+0000] {logging_mixin.py:120} INFO - [2023-12-06T20:35:26.717+0000] {dagbag.py:537} INFO - Filling up the DagBag from /opt/airflow/dags/subdags/subdag_downloads.py
[2023-12-06T20:35:26.723+0000] {processor.py:768} WARNING - No viable dags retrieved from /opt/airflow/dags/subdags/subdag_downloads.py
[2023-12-06T20:35:26.736+0000] {processor.py:176} INFO - Processing /opt/airflow/dags/subdags/subdag_downloads.py took 0.024 seconds
[2023-12-06T20:35:57.085+0000] {processor.py:154} INFO - Started process (PID=1940) to work on /opt/airflow/dags/subdags/subdag_downloads.py
[2023-12-06T20:35:57.086+0000] {processor.py:756} INFO - Processing file /opt/airflow/dags/subdags/subdag_downloads.py for tasks to queue
[2023-12-06T20:35:57.086+0000] {logging_mixin.py:120} INFO - [2023-12-06T20:35:57.086+0000] {dagbag.py:537} INFO - Filling up the DagBag from /opt/airflow/dags/subdags/subdag_downloads.py
[2023-12-06T20:35:57.092+0000] {processor.py:768} WARNING - No viable dags retrieved from /opt/airflow/dags/subdags/subdag_downloads.py
[2023-12-06T20:35:57.105+0000] {processor.py:176} INFO - Processing /opt/airflow/dags/subdags/subdag_downloads.py took 0.023 seconds
[2023-12-06T20:36:27.286+0000] {processor.py:154} INFO - Started process (PID=1973) to work on /opt/airflow/dags/subdags/subdag_downloads.py
[2023-12-06T20:36:27.288+0000] {processor.py:756} INFO - Processing file /opt/airflow/dags/subdags/subdag_downloads.py for tasks to queue
[2023-12-06T20:36:27.290+0000] {logging_mixin.py:120} INFO - [2023-12-06T20:36:27.290+0000] {dagbag.py:537} INFO - Filling up the DagBag from /opt/airflow/dags/subdags/subdag_downloads.py
[2023-12-06T20:36:27.298+0000] {processor.py:768} WARNING - No viable dags retrieved from /opt/airflow/dags/subdags/subdag_downloads.py
[2023-12-06T20:36:27.314+0000] {processor.py:176} INFO - Processing /opt/airflow/dags/subdags/subdag_downloads.py took 0.041 seconds
[2023-12-06T20:36:58.286+0000] {processor.py:154} INFO - Started process (PID=2015) to work on /opt/airflow/dags/subdags/subdag_downloads.py
[2023-12-06T20:36:58.286+0000] {processor.py:756} INFO - Processing file /opt/airflow/dags/subdags/subdag_downloads.py for tasks to queue
[2023-12-06T20:36:58.287+0000] {logging_mixin.py:120} INFO - [2023-12-06T20:36:58.287+0000] {dagbag.py:537} INFO - Filling up the DagBag from /opt/airflow/dags/subdags/subdag_downloads.py
[2023-12-06T20:36:58.291+0000] {processor.py:768} WARNING - No viable dags retrieved from /opt/airflow/dags/subdags/subdag_downloads.py
[2023-12-06T20:36:58.302+0000] {processor.py:176} INFO - Processing /opt/airflow/dags/subdags/subdag_downloads.py took 0.018 seconds
[2023-12-06T20:37:28.999+0000] {processor.py:154} INFO - Started process (PID=2047) to work on /opt/airflow/dags/subdags/subdag_downloads.py
[2023-12-06T20:37:29.000+0000] {processor.py:756} INFO - Processing file /opt/airflow/dags/subdags/subdag_downloads.py for tasks to queue
[2023-12-06T20:37:29.000+0000] {logging_mixin.py:120} INFO - [2023-12-06T20:37:29.000+0000] {dagbag.py:537} INFO - Filling up the DagBag from /opt/airflow/dags/subdags/subdag_downloads.py
[2023-12-06T20:37:29.004+0000] {processor.py:768} WARNING - No viable dags retrieved from /opt/airflow/dags/subdags/subdag_downloads.py
[2023-12-06T20:37:29.015+0000] {processor.py:176} INFO - Processing /opt/airflow/dags/subdags/subdag_downloads.py took 0.018 seconds
[2023-12-06T20:37:59.363+0000] {processor.py:154} INFO - Started process (PID=2091) to work on /opt/airflow/dags/subdags/subdag_downloads.py
[2023-12-06T20:37:59.363+0000] {processor.py:756} INFO - Processing file /opt/airflow/dags/subdags/subdag_downloads.py for tasks to queue
[2023-12-06T20:37:59.364+0000] {logging_mixin.py:120} INFO - [2023-12-06T20:37:59.364+0000] {dagbag.py:537} INFO - Filling up the DagBag from /opt/airflow/dags/subdags/subdag_downloads.py
[2023-12-06T20:37:59.367+0000] {processor.py:768} WARNING - No viable dags retrieved from /opt/airflow/dags/subdags/subdag_downloads.py
[2023-12-06T20:37:59.379+0000] {processor.py:176} INFO - Processing /opt/airflow/dags/subdags/subdag_downloads.py took 0.018 seconds
[2023-12-06T20:38:30.138+0000] {processor.py:154} INFO - Started process (PID=2134) to work on /opt/airflow/dags/subdags/subdag_downloads.py
[2023-12-06T20:38:30.149+0000] {processor.py:756} INFO - Processing file /opt/airflow/dags/subdags/subdag_downloads.py for tasks to queue
[2023-12-06T20:38:30.149+0000] {logging_mixin.py:120} INFO - [2023-12-06T20:38:30.149+0000] {dagbag.py:537} INFO - Filling up the DagBag from /opt/airflow/dags/subdags/subdag_downloads.py
[2023-12-06T20:38:30.165+0000] {processor.py:768} WARNING - No viable dags retrieved from /opt/airflow/dags/subdags/subdag_downloads.py
[2023-12-06T20:38:30.188+0000] {processor.py:176} INFO - Processing /opt/airflow/dags/subdags/subdag_downloads.py took 0.073 seconds
[2023-12-06T20:39:01.140+0000] {processor.py:154} INFO - Started process (PID=2166) to work on /opt/airflow/dags/subdags/subdag_downloads.py
[2023-12-06T20:39:01.141+0000] {processor.py:756} INFO - Processing file /opt/airflow/dags/subdags/subdag_downloads.py for tasks to queue
[2023-12-06T20:39:01.141+0000] {logging_mixin.py:120} INFO - [2023-12-06T20:39:01.141+0000] {dagbag.py:537} INFO - Filling up the DagBag from /opt/airflow/dags/subdags/subdag_downloads.py
[2023-12-06T20:39:01.146+0000] {processor.py:768} WARNING - No viable dags retrieved from /opt/airflow/dags/subdags/subdag_downloads.py
[2023-12-06T20:39:01.160+0000] {processor.py:176} INFO - Processing /opt/airflow/dags/subdags/subdag_downloads.py took 0.023 seconds
[2023-12-06T20:39:31.322+0000] {processor.py:154} INFO - Started process (PID=2207) to work on /opt/airflow/dags/subdags/subdag_downloads.py
[2023-12-06T20:39:31.327+0000] {processor.py:756} INFO - Processing file /opt/airflow/dags/subdags/subdag_downloads.py for tasks to queue
[2023-12-06T20:39:31.328+0000] {logging_mixin.py:120} INFO - [2023-12-06T20:39:31.328+0000] {dagbag.py:537} INFO - Filling up the DagBag from /opt/airflow/dags/subdags/subdag_downloads.py
[2023-12-06T20:39:31.341+0000] {processor.py:768} WARNING - No viable dags retrieved from /opt/airflow/dags/subdags/subdag_downloads.py
[2023-12-06T20:39:31.363+0000] {processor.py:176} INFO - Processing /opt/airflow/dags/subdags/subdag_downloads.py took 0.045 seconds
[2023-12-06T20:40:02.000+0000] {processor.py:154} INFO - Started process (PID=2241) to work on /opt/airflow/dags/subdags/subdag_downloads.py
[2023-12-06T20:40:02.001+0000] {processor.py:756} INFO - Processing file /opt/airflow/dags/subdags/subdag_downloads.py for tasks to queue
[2023-12-06T20:40:02.001+0000] {logging_mixin.py:120} INFO - [2023-12-06T20:40:02.001+0000] {dagbag.py:537} INFO - Filling up the DagBag from /opt/airflow/dags/subdags/subdag_downloads.py
[2023-12-06T20:40:02.005+0000] {processor.py:768} WARNING - No viable dags retrieved from /opt/airflow/dags/subdags/subdag_downloads.py
[2023-12-06T20:40:02.016+0000] {processor.py:176} INFO - Processing /opt/airflow/dags/subdags/subdag_downloads.py took 0.019 seconds
[2023-12-06T20:40:32.631+0000] {processor.py:154} INFO - Started process (PID=2284) to work on /opt/airflow/dags/subdags/subdag_downloads.py
[2023-12-06T20:40:32.631+0000] {processor.py:756} INFO - Processing file /opt/airflow/dags/subdags/subdag_downloads.py for tasks to queue
[2023-12-06T20:40:32.632+0000] {logging_mixin.py:120} INFO - [2023-12-06T20:40:32.632+0000] {dagbag.py:537} INFO - Filling up the DagBag from /opt/airflow/dags/subdags/subdag_downloads.py
[2023-12-06T20:40:32.637+0000] {processor.py:768} WARNING - No viable dags retrieved from /opt/airflow/dags/subdags/subdag_downloads.py
[2023-12-06T20:40:32.652+0000] {processor.py:176} INFO - Processing /opt/airflow/dags/subdags/subdag_downloads.py took 0.024 seconds
[2023-12-06T20:41:02.858+0000] {processor.py:154} INFO - Started process (PID=2317) to work on /opt/airflow/dags/subdags/subdag_downloads.py
[2023-12-06T20:41:02.858+0000] {processor.py:756} INFO - Processing file /opt/airflow/dags/subdags/subdag_downloads.py for tasks to queue
[2023-12-06T20:41:02.859+0000] {logging_mixin.py:120} INFO - [2023-12-06T20:41:02.859+0000] {dagbag.py:537} INFO - Filling up the DagBag from /opt/airflow/dags/subdags/subdag_downloads.py
[2023-12-06T20:41:02.863+0000] {processor.py:768} WARNING - No viable dags retrieved from /opt/airflow/dags/subdags/subdag_downloads.py
[2023-12-06T20:41:02.874+0000] {processor.py:176} INFO - Processing /opt/airflow/dags/subdags/subdag_downloads.py took 0.019 seconds
[2023-12-06T20:41:32.978+0000] {processor.py:154} INFO - Started process (PID=2359) to work on /opt/airflow/dags/subdags/subdag_downloads.py
[2023-12-06T20:41:32.979+0000] {processor.py:756} INFO - Processing file /opt/airflow/dags/subdags/subdag_downloads.py for tasks to queue
[2023-12-06T20:41:32.979+0000] {logging_mixin.py:120} INFO - [2023-12-06T20:41:32.979+0000] {dagbag.py:537} INFO - Filling up the DagBag from /opt/airflow/dags/subdags/subdag_downloads.py
[2023-12-06T20:41:32.984+0000] {processor.py:768} WARNING - No viable dags retrieved from /opt/airflow/dags/subdags/subdag_downloads.py
[2023-12-06T20:41:32.999+0000] {processor.py:176} INFO - Processing /opt/airflow/dags/subdags/subdag_downloads.py took 0.024 seconds
[2023-12-06T20:42:03.525+0000] {processor.py:154} INFO - Started process (PID=2402) to work on /opt/airflow/dags/subdags/subdag_downloads.py
[2023-12-06T20:42:03.534+0000] {processor.py:756} INFO - Processing file /opt/airflow/dags/subdags/subdag_downloads.py for tasks to queue
[2023-12-06T20:42:03.534+0000] {logging_mixin.py:120} INFO - [2023-12-06T20:42:03.534+0000] {dagbag.py:537} INFO - Filling up the DagBag from /opt/airflow/dags/subdags/subdag_downloads.py
[2023-12-06T20:42:03.555+0000] {processor.py:768} WARNING - No viable dags retrieved from /opt/airflow/dags/subdags/subdag_downloads.py
[2023-12-06T20:42:03.582+0000] {processor.py:176} INFO - Processing /opt/airflow/dags/subdags/subdag_downloads.py took 0.060 seconds
[2023-12-06T20:42:35.151+0000] {processor.py:154} INFO - Started process (PID=2443) to work on /opt/airflow/dags/subdags/subdag_downloads.py
[2023-12-06T20:42:35.155+0000] {processor.py:756} INFO - Processing file /opt/airflow/dags/subdags/subdag_downloads.py for tasks to queue
[2023-12-06T20:42:35.156+0000] {logging_mixin.py:120} INFO - [2023-12-06T20:42:35.156+0000] {dagbag.py:537} INFO - Filling up the DagBag from /opt/airflow/dags/subdags/subdag_downloads.py
[2023-12-06T20:42:35.161+0000] {processor.py:768} WARNING - No viable dags retrieved from /opt/airflow/dags/subdags/subdag_downloads.py
[2023-12-06T20:42:35.191+0000] {processor.py:176} INFO - Processing /opt/airflow/dags/subdags/subdag_downloads.py took 0.048 seconds
[2023-12-06T20:43:06.504+0000] {processor.py:154} INFO - Started process (PID=2479) to work on /opt/airflow/dags/subdags/subdag_downloads.py
[2023-12-06T20:43:06.505+0000] {processor.py:756} INFO - Processing file /opt/airflow/dags/subdags/subdag_downloads.py for tasks to queue
[2023-12-06T20:43:06.508+0000] {logging_mixin.py:120} INFO - [2023-12-06T20:43:06.507+0000] {dagbag.py:537} INFO - Filling up the DagBag from /opt/airflow/dags/subdags/subdag_downloads.py
[2023-12-06T20:43:06.513+0000] {processor.py:768} WARNING - No viable dags retrieved from /opt/airflow/dags/subdags/subdag_downloads.py
[2023-12-06T20:43:06.536+0000] {processor.py:176} INFO - Processing /opt/airflow/dags/subdags/subdag_downloads.py took 0.036 seconds
