[2023-12-06T10:16:48.839+0000] {processor.py:154} INFO - Started process (PID=61) to work on /opt/airflow/dags/subdags/subdag_transforms.py
[2023-12-06T10:16:48.840+0000] {processor.py:756} INFO - Processing file /opt/airflow/dags/subdags/subdag_transforms.py for tasks to queue
[2023-12-06T10:16:48.840+0000] {logging_mixin.py:120} INFO - [2023-12-06T10:16:48.840+0000] {dagbag.py:537} INFO - Filling up the DagBag from /opt/airflow/dags/subdags/subdag_transforms.py
[2023-12-06T10:16:48.846+0000] {processor.py:768} WARNING - No viable dags retrieved from /opt/airflow/dags/subdags/subdag_transforms.py
[2023-12-06T10:16:48.864+0000] {processor.py:176} INFO - Processing /opt/airflow/dags/subdags/subdag_transforms.py took 0.033 seconds
[2023-12-06T10:17:19.476+0000] {processor.py:154} INFO - Started process (PID=102) to work on /opt/airflow/dags/subdags/subdag_transforms.py
[2023-12-06T10:17:19.476+0000] {processor.py:756} INFO - Processing file /opt/airflow/dags/subdags/subdag_transforms.py for tasks to queue
[2023-12-06T10:17:19.477+0000] {logging_mixin.py:120} INFO - [2023-12-06T10:17:19.477+0000] {dagbag.py:537} INFO - Filling up the DagBag from /opt/airflow/dags/subdags/subdag_transforms.py
[2023-12-06T10:17:19.480+0000] {processor.py:768} WARNING - No viable dags retrieved from /opt/airflow/dags/subdags/subdag_transforms.py
[2023-12-06T10:17:19.491+0000] {processor.py:176} INFO - Processing /opt/airflow/dags/subdags/subdag_transforms.py took 0.018 seconds
[2023-12-06T10:17:49.951+0000] {processor.py:154} INFO - Started process (PID=137) to work on /opt/airflow/dags/subdags/subdag_transforms.py
[2023-12-06T10:17:49.952+0000] {processor.py:756} INFO - Processing file /opt/airflow/dags/subdags/subdag_transforms.py for tasks to queue
[2023-12-06T10:17:49.952+0000] {logging_mixin.py:120} INFO - [2023-12-06T10:17:49.952+0000] {dagbag.py:537} INFO - Filling up the DagBag from /opt/airflow/dags/subdags/subdag_transforms.py
[2023-12-06T10:17:49.957+0000] {processor.py:768} WARNING - No viable dags retrieved from /opt/airflow/dags/subdags/subdag_transforms.py
[2023-12-06T10:17:49.969+0000] {processor.py:176} INFO - Processing /opt/airflow/dags/subdags/subdag_transforms.py took 0.020 seconds
[2023-12-06T10:18:20.651+0000] {processor.py:154} INFO - Started process (PID=178) to work on /opt/airflow/dags/subdags/subdag_transforms.py
[2023-12-06T10:18:20.652+0000] {processor.py:756} INFO - Processing file /opt/airflow/dags/subdags/subdag_transforms.py for tasks to queue
[2023-12-06T10:18:20.653+0000] {logging_mixin.py:120} INFO - [2023-12-06T10:18:20.653+0000] {dagbag.py:537} INFO - Filling up the DagBag from /opt/airflow/dags/subdags/subdag_transforms.py
[2023-12-06T10:18:20.659+0000] {processor.py:768} WARNING - No viable dags retrieved from /opt/airflow/dags/subdags/subdag_transforms.py
[2023-12-06T10:18:20.670+0000] {processor.py:176} INFO - Processing /opt/airflow/dags/subdags/subdag_transforms.py took 0.023 seconds
[2023-12-06T10:18:50.843+0000] {processor.py:154} INFO - Started process (PID=226) to work on /opt/airflow/dags/subdags/subdag_transforms.py
[2023-12-06T10:18:50.844+0000] {processor.py:756} INFO - Processing file /opt/airflow/dags/subdags/subdag_transforms.py for tasks to queue
[2023-12-06T10:18:50.846+0000] {logging_mixin.py:120} INFO - [2023-12-06T10:18:50.845+0000] {dagbag.py:537} INFO - Filling up the DagBag from /opt/airflow/dags/subdags/subdag_transforms.py
[2023-12-06T10:18:50.850+0000] {processor.py:768} WARNING - No viable dags retrieved from /opt/airflow/dags/subdags/subdag_transforms.py
[2023-12-06T10:18:50.861+0000] {processor.py:176} INFO - Processing /opt/airflow/dags/subdags/subdag_transforms.py took 0.021 seconds
[2023-12-06T10:19:20.916+0000] {processor.py:154} INFO - Started process (PID=261) to work on /opt/airflow/dags/subdags/subdag_transforms.py
[2023-12-06T10:19:20.917+0000] {processor.py:756} INFO - Processing file /opt/airflow/dags/subdags/subdag_transforms.py for tasks to queue
[2023-12-06T10:19:20.917+0000] {logging_mixin.py:120} INFO - [2023-12-06T10:19:20.917+0000] {dagbag.py:537} INFO - Filling up the DagBag from /opt/airflow/dags/subdags/subdag_transforms.py
[2023-12-06T10:19:20.921+0000] {processor.py:768} WARNING - No viable dags retrieved from /opt/airflow/dags/subdags/subdag_transforms.py
[2023-12-06T10:19:20.934+0000] {processor.py:176} INFO - Processing /opt/airflow/dags/subdags/subdag_transforms.py took 0.021 seconds
[2023-12-06T10:19:51.092+0000] {processor.py:154} INFO - Started process (PID=304) to work on /opt/airflow/dags/subdags/subdag_transforms.py
[2023-12-06T10:19:51.093+0000] {processor.py:756} INFO - Processing file /opt/airflow/dags/subdags/subdag_transforms.py for tasks to queue
[2023-12-06T10:19:51.094+0000] {logging_mixin.py:120} INFO - [2023-12-06T10:19:51.093+0000] {dagbag.py:537} INFO - Filling up the DagBag from /opt/airflow/dags/subdags/subdag_transforms.py
[2023-12-06T10:19:51.098+0000] {processor.py:768} WARNING - No viable dags retrieved from /opt/airflow/dags/subdags/subdag_transforms.py
[2023-12-06T10:19:51.109+0000] {processor.py:176} INFO - Processing /opt/airflow/dags/subdags/subdag_transforms.py took 0.019 seconds
[2023-12-06T10:20:21.276+0000] {processor.py:154} INFO - Started process (PID=346) to work on /opt/airflow/dags/subdags/subdag_transforms.py
[2023-12-06T10:20:21.277+0000] {processor.py:756} INFO - Processing file /opt/airflow/dags/subdags/subdag_transforms.py for tasks to queue
[2023-12-06T10:20:21.277+0000] {logging_mixin.py:120} INFO - [2023-12-06T10:20:21.277+0000] {dagbag.py:537} INFO - Filling up the DagBag from /opt/airflow/dags/subdags/subdag_transforms.py
[2023-12-06T10:20:21.282+0000] {processor.py:768} WARNING - No viable dags retrieved from /opt/airflow/dags/subdags/subdag_transforms.py
[2023-12-06T10:20:21.293+0000] {processor.py:176} INFO - Processing /opt/airflow/dags/subdags/subdag_transforms.py took 0.019 seconds
[2023-12-06T10:20:51.431+0000] {processor.py:154} INFO - Started process (PID=379) to work on /opt/airflow/dags/subdags/subdag_transforms.py
[2023-12-06T10:20:51.432+0000] {processor.py:756} INFO - Processing file /opt/airflow/dags/subdags/subdag_transforms.py for tasks to queue
[2023-12-06T10:20:51.432+0000] {logging_mixin.py:120} INFO - [2023-12-06T10:20:51.432+0000] {dagbag.py:537} INFO - Filling up the DagBag from /opt/airflow/dags/subdags/subdag_transforms.py
[2023-12-06T10:20:51.436+0000] {processor.py:768} WARNING - No viable dags retrieved from /opt/airflow/dags/subdags/subdag_transforms.py
[2023-12-06T10:20:51.448+0000] {processor.py:176} INFO - Processing /opt/airflow/dags/subdags/subdag_transforms.py took 0.020 seconds
[2023-12-06T10:21:21.915+0000] {processor.py:154} INFO - Started process (PID=421) to work on /opt/airflow/dags/subdags/subdag_transforms.py
[2023-12-06T10:21:21.916+0000] {processor.py:756} INFO - Processing file /opt/airflow/dags/subdags/subdag_transforms.py for tasks to queue
[2023-12-06T10:21:21.916+0000] {logging_mixin.py:120} INFO - [2023-12-06T10:21:21.916+0000] {dagbag.py:537} INFO - Filling up the DagBag from /opt/airflow/dags/subdags/subdag_transforms.py
[2023-12-06T10:21:21.920+0000] {processor.py:768} WARNING - No viable dags retrieved from /opt/airflow/dags/subdags/subdag_transforms.py
[2023-12-06T10:21:21.931+0000] {processor.py:176} INFO - Processing /opt/airflow/dags/subdags/subdag_transforms.py took 0.018 seconds
[2023-12-06T10:21:52.091+0000] {processor.py:154} INFO - Started process (PID=463) to work on /opt/airflow/dags/subdags/subdag_transforms.py
[2023-12-06T10:21:52.092+0000] {processor.py:756} INFO - Processing file /opt/airflow/dags/subdags/subdag_transforms.py for tasks to queue
[2023-12-06T10:21:52.092+0000] {logging_mixin.py:120} INFO - [2023-12-06T10:21:52.092+0000] {dagbag.py:537} INFO - Filling up the DagBag from /opt/airflow/dags/subdags/subdag_transforms.py
[2023-12-06T10:21:52.096+0000] {processor.py:768} WARNING - No viable dags retrieved from /opt/airflow/dags/subdags/subdag_transforms.py
[2023-12-06T10:21:52.107+0000] {processor.py:176} INFO - Processing /opt/airflow/dags/subdags/subdag_transforms.py took 0.019 seconds
[2023-12-06T10:22:22.257+0000] {processor.py:154} INFO - Started process (PID=497) to work on /opt/airflow/dags/subdags/subdag_transforms.py
[2023-12-06T10:22:22.258+0000] {processor.py:756} INFO - Processing file /opt/airflow/dags/subdags/subdag_transforms.py for tasks to queue
[2023-12-06T10:22:22.258+0000] {logging_mixin.py:120} INFO - [2023-12-06T10:22:22.258+0000] {dagbag.py:537} INFO - Filling up the DagBag from /opt/airflow/dags/subdags/subdag_transforms.py
[2023-12-06T10:22:22.262+0000] {processor.py:768} WARNING - No viable dags retrieved from /opt/airflow/dags/subdags/subdag_transforms.py
[2023-12-06T10:22:22.273+0000] {processor.py:176} INFO - Processing /opt/airflow/dags/subdags/subdag_transforms.py took 0.018 seconds
[2023-12-06T10:22:52.848+0000] {processor.py:154} INFO - Started process (PID=539) to work on /opt/airflow/dags/subdags/subdag_transforms.py
[2023-12-06T10:22:52.849+0000] {processor.py:756} INFO - Processing file /opt/airflow/dags/subdags/subdag_transforms.py for tasks to queue
[2023-12-06T10:22:52.850+0000] {logging_mixin.py:120} INFO - [2023-12-06T10:22:52.850+0000] {dagbag.py:537} INFO - Filling up the DagBag from /opt/airflow/dags/subdags/subdag_transforms.py
[2023-12-06T10:22:52.855+0000] {processor.py:768} WARNING - No viable dags retrieved from /opt/airflow/dags/subdags/subdag_transforms.py
[2023-12-06T10:22:52.868+0000] {processor.py:176} INFO - Processing /opt/airflow/dags/subdags/subdag_transforms.py took 0.023 seconds
[2023-12-06T10:23:23.173+0000] {processor.py:154} INFO - Started process (PID=581) to work on /opt/airflow/dags/subdags/subdag_transforms.py
[2023-12-06T10:23:23.174+0000] {processor.py:756} INFO - Processing file /opt/airflow/dags/subdags/subdag_transforms.py for tasks to queue
[2023-12-06T10:23:23.174+0000] {logging_mixin.py:120} INFO - [2023-12-06T10:23:23.174+0000] {dagbag.py:537} INFO - Filling up the DagBag from /opt/airflow/dags/subdags/subdag_transforms.py
[2023-12-06T10:23:23.178+0000] {processor.py:768} WARNING - No viable dags retrieved from /opt/airflow/dags/subdags/subdag_transforms.py
[2023-12-06T10:23:23.188+0000] {processor.py:176} INFO - Processing /opt/airflow/dags/subdags/subdag_transforms.py took 0.018 seconds
[2023-12-06T10:23:53.590+0000] {processor.py:154} INFO - Started process (PID=623) to work on /opt/airflow/dags/subdags/subdag_transforms.py
[2023-12-06T10:23:53.591+0000] {processor.py:756} INFO - Processing file /opt/airflow/dags/subdags/subdag_transforms.py for tasks to queue
[2023-12-06T10:23:53.591+0000] {logging_mixin.py:120} INFO - [2023-12-06T10:23:53.591+0000] {dagbag.py:537} INFO - Filling up the DagBag from /opt/airflow/dags/subdags/subdag_transforms.py
[2023-12-06T10:23:53.595+0000] {processor.py:768} WARNING - No viable dags retrieved from /opt/airflow/dags/subdags/subdag_transforms.py
[2023-12-06T10:23:53.606+0000] {processor.py:176} INFO - Processing /opt/airflow/dags/subdags/subdag_transforms.py took 0.018 seconds
[2023-12-06T10:24:23.807+0000] {processor.py:154} INFO - Started process (PID=656) to work on /opt/airflow/dags/subdags/subdag_transforms.py
[2023-12-06T10:24:23.808+0000] {processor.py:756} INFO - Processing file /opt/airflow/dags/subdags/subdag_transforms.py for tasks to queue
[2023-12-06T10:24:23.809+0000] {logging_mixin.py:120} INFO - [2023-12-06T10:24:23.809+0000] {dagbag.py:537} INFO - Filling up the DagBag from /opt/airflow/dags/subdags/subdag_transforms.py
[2023-12-06T10:24:23.814+0000] {processor.py:768} WARNING - No viable dags retrieved from /opt/airflow/dags/subdags/subdag_transforms.py
[2023-12-06T10:24:23.826+0000] {processor.py:176} INFO - Processing /opt/airflow/dags/subdags/subdag_transforms.py took 0.022 seconds
[2023-12-06T10:24:54.015+0000] {processor.py:154} INFO - Started process (PID=698) to work on /opt/airflow/dags/subdags/subdag_transforms.py
[2023-12-06T10:24:54.016+0000] {processor.py:756} INFO - Processing file /opt/airflow/dags/subdags/subdag_transforms.py for tasks to queue
[2023-12-06T10:24:54.017+0000] {logging_mixin.py:120} INFO - [2023-12-06T10:24:54.017+0000] {dagbag.py:537} INFO - Filling up the DagBag from /opt/airflow/dags/subdags/subdag_transforms.py
[2023-12-06T10:24:54.022+0000] {processor.py:768} WARNING - No viable dags retrieved from /opt/airflow/dags/subdags/subdag_transforms.py
[2023-12-06T10:24:54.032+0000] {processor.py:176} INFO - Processing /opt/airflow/dags/subdags/subdag_transforms.py took 0.020 seconds
[2023-12-06T10:25:24.661+0000] {processor.py:154} INFO - Started process (PID=740) to work on /opt/airflow/dags/subdags/subdag_transforms.py
[2023-12-06T10:25:24.661+0000] {processor.py:756} INFO - Processing file /opt/airflow/dags/subdags/subdag_transforms.py for tasks to queue
[2023-12-06T10:25:24.662+0000] {logging_mixin.py:120} INFO - [2023-12-06T10:25:24.662+0000] {dagbag.py:537} INFO - Filling up the DagBag from /opt/airflow/dags/subdags/subdag_transforms.py
[2023-12-06T10:25:24.666+0000] {processor.py:768} WARNING - No viable dags retrieved from /opt/airflow/dags/subdags/subdag_transforms.py
[2023-12-06T10:25:24.676+0000] {processor.py:176} INFO - Processing /opt/airflow/dags/subdags/subdag_transforms.py took 0.018 seconds
[2023-12-06T10:25:55.303+0000] {processor.py:154} INFO - Started process (PID=780) to work on /opt/airflow/dags/subdags/subdag_transforms.py
[2023-12-06T10:25:55.305+0000] {processor.py:756} INFO - Processing file /opt/airflow/dags/subdags/subdag_transforms.py for tasks to queue
[2023-12-06T10:25:55.307+0000] {logging_mixin.py:120} INFO - [2023-12-06T10:25:55.307+0000] {dagbag.py:537} INFO - Filling up the DagBag from /opt/airflow/dags/subdags/subdag_transforms.py
[2023-12-06T10:25:55.315+0000] {processor.py:768} WARNING - No viable dags retrieved from /opt/airflow/dags/subdags/subdag_transforms.py
[2023-12-06T10:25:55.330+0000] {processor.py:176} INFO - Processing /opt/airflow/dags/subdags/subdag_transforms.py took 0.031 seconds
[2023-12-06T10:26:25.801+0000] {processor.py:154} INFO - Started process (PID=816) to work on /opt/airflow/dags/subdags/subdag_transforms.py
[2023-12-06T10:26:25.801+0000] {processor.py:756} INFO - Processing file /opt/airflow/dags/subdags/subdag_transforms.py for tasks to queue
[2023-12-06T10:26:25.802+0000] {logging_mixin.py:120} INFO - [2023-12-06T10:26:25.802+0000] {dagbag.py:537} INFO - Filling up the DagBag from /opt/airflow/dags/subdags/subdag_transforms.py
[2023-12-06T10:26:25.805+0000] {processor.py:768} WARNING - No viable dags retrieved from /opt/airflow/dags/subdags/subdag_transforms.py
[2023-12-06T10:26:25.816+0000] {processor.py:176} INFO - Processing /opt/airflow/dags/subdags/subdag_transforms.py took 0.018 seconds
[2023-12-06T10:26:56.808+0000] {processor.py:154} INFO - Started process (PID=858) to work on /opt/airflow/dags/subdags/subdag_transforms.py
[2023-12-06T10:26:56.809+0000] {processor.py:756} INFO - Processing file /opt/airflow/dags/subdags/subdag_transforms.py for tasks to queue
[2023-12-06T10:26:56.809+0000] {logging_mixin.py:120} INFO - [2023-12-06T10:26:56.809+0000] {dagbag.py:537} INFO - Filling up the DagBag from /opt/airflow/dags/subdags/subdag_transforms.py
[2023-12-06T10:26:56.813+0000] {processor.py:768} WARNING - No viable dags retrieved from /opt/airflow/dags/subdags/subdag_transforms.py
[2023-12-06T10:26:56.825+0000] {processor.py:176} INFO - Processing /opt/airflow/dags/subdags/subdag_transforms.py took 0.019 seconds
[2023-12-06T10:27:27.270+0000] {processor.py:154} INFO - Started process (PID=901) to work on /opt/airflow/dags/subdags/subdag_transforms.py
[2023-12-06T10:27:27.271+0000] {processor.py:756} INFO - Processing file /opt/airflow/dags/subdags/subdag_transforms.py for tasks to queue
[2023-12-06T10:27:27.271+0000] {logging_mixin.py:120} INFO - [2023-12-06T10:27:27.271+0000] {dagbag.py:537} INFO - Filling up the DagBag from /opt/airflow/dags/subdags/subdag_transforms.py
[2023-12-06T10:27:27.276+0000] {processor.py:768} WARNING - No viable dags retrieved from /opt/airflow/dags/subdags/subdag_transforms.py
[2023-12-06T10:27:27.292+0000] {processor.py:176} INFO - Processing /opt/airflow/dags/subdags/subdag_transforms.py took 0.026 seconds
[2023-12-06T10:27:57.329+0000] {processor.py:154} INFO - Started process (PID=934) to work on /opt/airflow/dags/subdags/subdag_transforms.py
[2023-12-06T10:27:57.331+0000] {processor.py:756} INFO - Processing file /opt/airflow/dags/subdags/subdag_transforms.py for tasks to queue
[2023-12-06T10:27:57.331+0000] {logging_mixin.py:120} INFO - [2023-12-06T10:27:57.331+0000] {dagbag.py:537} INFO - Filling up the DagBag from /opt/airflow/dags/subdags/subdag_transforms.py
[2023-12-06T10:27:57.342+0000] {processor.py:768} WARNING - No viable dags retrieved from /opt/airflow/dags/subdags/subdag_transforms.py
[2023-12-06T10:27:57.356+0000] {processor.py:176} INFO - Processing /opt/airflow/dags/subdags/subdag_transforms.py took 0.031 seconds
[2023-12-06T10:28:27.607+0000] {processor.py:154} INFO - Started process (PID=978) to work on /opt/airflow/dags/subdags/subdag_transforms.py
[2023-12-06T10:28:27.607+0000] {processor.py:756} INFO - Processing file /opt/airflow/dags/subdags/subdag_transforms.py for tasks to queue
[2023-12-06T10:28:27.608+0000] {logging_mixin.py:120} INFO - [2023-12-06T10:28:27.608+0000] {dagbag.py:537} INFO - Filling up the DagBag from /opt/airflow/dags/subdags/subdag_transforms.py
[2023-12-06T10:28:27.612+0000] {processor.py:768} WARNING - No viable dags retrieved from /opt/airflow/dags/subdags/subdag_transforms.py
[2023-12-06T10:28:27.623+0000] {processor.py:176} INFO - Processing /opt/airflow/dags/subdags/subdag_transforms.py took 0.019 seconds
[2023-12-06T10:28:57.656+0000] {processor.py:154} INFO - Started process (PID=1019) to work on /opt/airflow/dags/subdags/subdag_transforms.py
[2023-12-06T10:28:57.656+0000] {processor.py:756} INFO - Processing file /opt/airflow/dags/subdags/subdag_transforms.py for tasks to queue
[2023-12-06T10:28:57.657+0000] {logging_mixin.py:120} INFO - [2023-12-06T10:28:57.657+0000] {dagbag.py:537} INFO - Filling up the DagBag from /opt/airflow/dags/subdags/subdag_transforms.py
[2023-12-06T10:28:57.661+0000] {processor.py:768} WARNING - No viable dags retrieved from /opt/airflow/dags/subdags/subdag_transforms.py
[2023-12-06T10:28:57.673+0000] {processor.py:176} INFO - Processing /opt/airflow/dags/subdags/subdag_transforms.py took 0.019 seconds
[2023-12-06T20:11:04.691+0000] {processor.py:154} INFO - Started process (PID=55) to work on /opt/airflow/dags/subdags/subdag_transforms.py
[2023-12-06T20:11:04.707+0000] {processor.py:756} INFO - Processing file /opt/airflow/dags/subdags/subdag_transforms.py for tasks to queue
[2023-12-06T20:11:04.708+0000] {logging_mixin.py:120} INFO - [2023-12-06T20:11:04.708+0000] {dagbag.py:537} INFO - Filling up the DagBag from /opt/airflow/dags/subdags/subdag_transforms.py
[2023-12-06T20:11:04.715+0000] {processor.py:768} WARNING - No viable dags retrieved from /opt/airflow/dags/subdags/subdag_transforms.py
[2023-12-06T20:11:04.761+0000] {processor.py:176} INFO - Processing /opt/airflow/dags/subdags/subdag_transforms.py took 0.090 seconds
[2023-12-06T20:11:35.106+0000] {processor.py:154} INFO - Started process (PID=86) to work on /opt/airflow/dags/subdags/subdag_transforms.py
[2023-12-06T20:11:35.120+0000] {processor.py:756} INFO - Processing file /opt/airflow/dags/subdags/subdag_transforms.py for tasks to queue
[2023-12-06T20:11:35.121+0000] {logging_mixin.py:120} INFO - [2023-12-06T20:11:35.121+0000] {dagbag.py:537} INFO - Filling up the DagBag from /opt/airflow/dags/subdags/subdag_transforms.py
[2023-12-06T20:11:35.137+0000] {processor.py:768} WARNING - No viable dags retrieved from /opt/airflow/dags/subdags/subdag_transforms.py
[2023-12-06T20:11:35.169+0000] {processor.py:176} INFO - Processing /opt/airflow/dags/subdags/subdag_transforms.py took 0.092 seconds
[2023-12-06T20:12:06.251+0000] {processor.py:154} INFO - Started process (PID=120) to work on /opt/airflow/dags/subdags/subdag_transforms.py
[2023-12-06T20:12:06.265+0000] {processor.py:756} INFO - Processing file /opt/airflow/dags/subdags/subdag_transforms.py for tasks to queue
[2023-12-06T20:12:06.269+0000] {logging_mixin.py:120} INFO - [2023-12-06T20:12:06.269+0000] {dagbag.py:537} INFO - Filling up the DagBag from /opt/airflow/dags/subdags/subdag_transforms.py
[2023-12-06T20:12:06.363+0000] {processor.py:768} WARNING - No viable dags retrieved from /opt/airflow/dags/subdags/subdag_transforms.py
[2023-12-06T20:12:06.530+0000] {processor.py:176} INFO - Processing /opt/airflow/dags/subdags/subdag_transforms.py took 0.317 seconds
[2023-12-06T20:12:37.379+0000] {processor.py:154} INFO - Started process (PID=153) to work on /opt/airflow/dags/subdags/subdag_transforms.py
[2023-12-06T20:12:37.404+0000] {processor.py:756} INFO - Processing file /opt/airflow/dags/subdags/subdag_transforms.py for tasks to queue
[2023-12-06T20:12:37.405+0000] {logging_mixin.py:120} INFO - [2023-12-06T20:12:37.404+0000] {dagbag.py:537} INFO - Filling up the DagBag from /opt/airflow/dags/subdags/subdag_transforms.py
[2023-12-06T20:12:37.410+0000] {processor.py:768} WARNING - No viable dags retrieved from /opt/airflow/dags/subdags/subdag_transforms.py
[2023-12-06T20:12:37.511+0000] {processor.py:176} INFO - Processing /opt/airflow/dags/subdags/subdag_transforms.py took 0.135 seconds
[2023-12-06T20:13:08.084+0000] {processor.py:154} INFO - Started process (PID=195) to work on /opt/airflow/dags/subdags/subdag_transforms.py
[2023-12-06T20:13:08.094+0000] {processor.py:756} INFO - Processing file /opt/airflow/dags/subdags/subdag_transforms.py for tasks to queue
[2023-12-06T20:13:08.095+0000] {logging_mixin.py:120} INFO - [2023-12-06T20:13:08.095+0000] {dagbag.py:537} INFO - Filling up the DagBag from /opt/airflow/dags/subdags/subdag_transforms.py
[2023-12-06T20:13:08.105+0000] {processor.py:768} WARNING - No viable dags retrieved from /opt/airflow/dags/subdags/subdag_transforms.py
[2023-12-06T20:13:08.133+0000] {processor.py:176} INFO - Processing /opt/airflow/dags/subdags/subdag_transforms.py took 0.061 seconds
[2023-12-06T20:13:38.529+0000] {processor.py:154} INFO - Started process (PID=228) to work on /opt/airflow/dags/subdags/subdag_transforms.py
[2023-12-06T20:13:38.537+0000] {processor.py:756} INFO - Processing file /opt/airflow/dags/subdags/subdag_transforms.py for tasks to queue
[2023-12-06T20:13:38.538+0000] {logging_mixin.py:120} INFO - [2023-12-06T20:13:38.538+0000] {dagbag.py:537} INFO - Filling up the DagBag from /opt/airflow/dags/subdags/subdag_transforms.py
[2023-12-06T20:13:38.556+0000] {processor.py:768} WARNING - No viable dags retrieved from /opt/airflow/dags/subdags/subdag_transforms.py
[2023-12-06T20:13:38.603+0000] {processor.py:176} INFO - Processing /opt/airflow/dags/subdags/subdag_transforms.py took 0.077 seconds
[2023-12-06T20:14:08.779+0000] {processor.py:154} INFO - Started process (PID=261) to work on /opt/airflow/dags/subdags/subdag_transforms.py
[2023-12-06T20:14:08.780+0000] {processor.py:756} INFO - Processing file /opt/airflow/dags/subdags/subdag_transforms.py for tasks to queue
[2023-12-06T20:14:08.781+0000] {logging_mixin.py:120} INFO - [2023-12-06T20:14:08.781+0000] {dagbag.py:537} INFO - Filling up the DagBag from /opt/airflow/dags/subdags/subdag_transforms.py
[2023-12-06T20:14:08.786+0000] {processor.py:768} WARNING - No viable dags retrieved from /opt/airflow/dags/subdags/subdag_transforms.py
[2023-12-06T20:14:08.801+0000] {processor.py:176} INFO - Processing /opt/airflow/dags/subdags/subdag_transforms.py took 0.025 seconds
[2023-12-06T20:14:39.554+0000] {processor.py:154} INFO - Started process (PID=295) to work on /opt/airflow/dags/subdags/subdag_transforms.py
[2023-12-06T20:14:39.565+0000] {processor.py:756} INFO - Processing file /opt/airflow/dags/subdags/subdag_transforms.py for tasks to queue
[2023-12-06T20:14:39.566+0000] {logging_mixin.py:120} INFO - [2023-12-06T20:14:39.566+0000] {dagbag.py:537} INFO - Filling up the DagBag from /opt/airflow/dags/subdags/subdag_transforms.py
[2023-12-06T20:14:39.578+0000] {processor.py:768} WARNING - No viable dags retrieved from /opt/airflow/dags/subdags/subdag_transforms.py
[2023-12-06T20:14:39.599+0000] {processor.py:176} INFO - Processing /opt/airflow/dags/subdags/subdag_transforms.py took 0.048 seconds
[2023-12-06T20:15:10.075+0000] {processor.py:154} INFO - Started process (PID=336) to work on /opt/airflow/dags/subdags/subdag_transforms.py
[2023-12-06T20:15:10.076+0000] {processor.py:756} INFO - Processing file /opt/airflow/dags/subdags/subdag_transforms.py for tasks to queue
[2023-12-06T20:15:10.080+0000] {logging_mixin.py:120} INFO - [2023-12-06T20:15:10.079+0000] {dagbag.py:537} INFO - Filling up the DagBag from /opt/airflow/dags/subdags/subdag_transforms.py
[2023-12-06T20:15:10.085+0000] {processor.py:768} WARNING - No viable dags retrieved from /opt/airflow/dags/subdags/subdag_transforms.py
[2023-12-06T20:15:10.113+0000] {processor.py:176} INFO - Processing /opt/airflow/dags/subdags/subdag_transforms.py took 0.046 seconds
[2023-12-06T20:15:40.736+0000] {processor.py:154} INFO - Started process (PID=368) to work on /opt/airflow/dags/subdags/subdag_transforms.py
[2023-12-06T20:15:40.737+0000] {processor.py:756} INFO - Processing file /opt/airflow/dags/subdags/subdag_transforms.py for tasks to queue
[2023-12-06T20:15:40.737+0000] {logging_mixin.py:120} INFO - [2023-12-06T20:15:40.737+0000] {dagbag.py:537} INFO - Filling up the DagBag from /opt/airflow/dags/subdags/subdag_transforms.py
[2023-12-06T20:15:40.742+0000] {processor.py:768} WARNING - No viable dags retrieved from /opt/airflow/dags/subdags/subdag_transforms.py
[2023-12-06T20:15:40.757+0000] {processor.py:176} INFO - Processing /opt/airflow/dags/subdags/subdag_transforms.py took 0.023 seconds
[2023-12-06T20:16:11.634+0000] {processor.py:154} INFO - Started process (PID=410) to work on /opt/airflow/dags/subdags/subdag_transforms.py
[2023-12-06T20:16:11.640+0000] {processor.py:756} INFO - Processing file /opt/airflow/dags/subdags/subdag_transforms.py for tasks to queue
[2023-12-06T20:16:11.641+0000] {logging_mixin.py:120} INFO - [2023-12-06T20:16:11.640+0000] {dagbag.py:537} INFO - Filling up the DagBag from /opt/airflow/dags/subdags/subdag_transforms.py
[2023-12-06T20:16:11.656+0000] {processor.py:768} WARNING - No viable dags retrieved from /opt/airflow/dags/subdags/subdag_transforms.py
[2023-12-06T20:16:11.683+0000] {processor.py:176} INFO - Processing /opt/airflow/dags/subdags/subdag_transforms.py took 0.052 seconds
[2023-12-06T20:16:41.790+0000] {processor.py:154} INFO - Started process (PID=452) to work on /opt/airflow/dags/subdags/subdag_transforms.py
[2023-12-06T20:16:41.791+0000] {processor.py:756} INFO - Processing file /opt/airflow/dags/subdags/subdag_transforms.py for tasks to queue
[2023-12-06T20:16:41.792+0000] {logging_mixin.py:120} INFO - [2023-12-06T20:16:41.791+0000] {dagbag.py:537} INFO - Filling up the DagBag from /opt/airflow/dags/subdags/subdag_transforms.py
[2023-12-06T20:16:41.797+0000] {processor.py:768} WARNING - No viable dags retrieved from /opt/airflow/dags/subdags/subdag_transforms.py
[2023-12-06T20:16:41.814+0000] {processor.py:176} INFO - Processing /opt/airflow/dags/subdags/subdag_transforms.py took 0.027 seconds
[2023-12-06T20:17:12.134+0000] {processor.py:154} INFO - Started process (PID=485) to work on /opt/airflow/dags/subdags/subdag_transforms.py
[2023-12-06T20:17:12.143+0000] {processor.py:756} INFO - Processing file /opt/airflow/dags/subdags/subdag_transforms.py for tasks to queue
[2023-12-06T20:17:12.144+0000] {logging_mixin.py:120} INFO - [2023-12-06T20:17:12.144+0000] {dagbag.py:537} INFO - Filling up the DagBag from /opt/airflow/dags/subdags/subdag_transforms.py
[2023-12-06T20:17:12.153+0000] {processor.py:768} WARNING - No viable dags retrieved from /opt/airflow/dags/subdags/subdag_transforms.py
[2023-12-06T20:17:12.204+0000] {processor.py:176} INFO - Processing /opt/airflow/dags/subdags/subdag_transforms.py took 0.084 seconds
[2023-12-06T20:17:42.821+0000] {processor.py:154} INFO - Started process (PID=526) to work on /opt/airflow/dags/subdags/subdag_transforms.py
[2023-12-06T20:17:42.831+0000] {processor.py:756} INFO - Processing file /opt/airflow/dags/subdags/subdag_transforms.py for tasks to queue
[2023-12-06T20:17:42.832+0000] {logging_mixin.py:120} INFO - [2023-12-06T20:17:42.832+0000] {dagbag.py:537} INFO - Filling up the DagBag from /opt/airflow/dags/subdags/subdag_transforms.py
[2023-12-06T20:17:42.847+0000] {processor.py:768} WARNING - No viable dags retrieved from /opt/airflow/dags/subdags/subdag_transforms.py
[2023-12-06T20:17:42.881+0000] {processor.py:176} INFO - Processing /opt/airflow/dags/subdags/subdag_transforms.py took 0.075 seconds
[2023-12-06T20:18:13.799+0000] {processor.py:154} INFO - Started process (PID=569) to work on /opt/airflow/dags/subdags/subdag_transforms.py
[2023-12-06T20:18:13.800+0000] {processor.py:756} INFO - Processing file /opt/airflow/dags/subdags/subdag_transforms.py for tasks to queue
[2023-12-06T20:18:13.801+0000] {logging_mixin.py:120} INFO - [2023-12-06T20:18:13.800+0000] {dagbag.py:537} INFO - Filling up the DagBag from /opt/airflow/dags/subdags/subdag_transforms.py
[2023-12-06T20:18:13.806+0000] {processor.py:768} WARNING - No viable dags retrieved from /opt/airflow/dags/subdags/subdag_transforms.py
[2023-12-06T20:18:13.823+0000] {processor.py:176} INFO - Processing /opt/airflow/dags/subdags/subdag_transforms.py took 0.027 seconds
[2023-12-06T20:18:43.932+0000] {processor.py:154} INFO - Started process (PID=609) to work on /opt/airflow/dags/subdags/subdag_transforms.py
[2023-12-06T20:18:43.936+0000] {processor.py:756} INFO - Processing file /opt/airflow/dags/subdags/subdag_transforms.py for tasks to queue
[2023-12-06T20:18:43.938+0000] {logging_mixin.py:120} INFO - [2023-12-06T20:18:43.937+0000] {dagbag.py:537} INFO - Filling up the DagBag from /opt/airflow/dags/subdags/subdag_transforms.py
[2023-12-06T20:18:43.947+0000] {processor.py:768} WARNING - No viable dags retrieved from /opt/airflow/dags/subdags/subdag_transforms.py
[2023-12-06T20:18:43.967+0000] {processor.py:176} INFO - Processing /opt/airflow/dags/subdags/subdag_transforms.py took 0.039 seconds
[2023-12-06T20:19:14.874+0000] {processor.py:154} INFO - Started process (PID=645) to work on /opt/airflow/dags/subdags/subdag_transforms.py
[2023-12-06T20:19:14.879+0000] {processor.py:756} INFO - Processing file /opt/airflow/dags/subdags/subdag_transforms.py for tasks to queue
[2023-12-06T20:19:14.880+0000] {logging_mixin.py:120} INFO - [2023-12-06T20:19:14.880+0000] {dagbag.py:537} INFO - Filling up the DagBag from /opt/airflow/dags/subdags/subdag_transforms.py
[2023-12-06T20:19:14.893+0000] {processor.py:768} WARNING - No viable dags retrieved from /opt/airflow/dags/subdags/subdag_transforms.py
[2023-12-06T20:19:14.909+0000] {processor.py:176} INFO - Processing /opt/airflow/dags/subdags/subdag_transforms.py took 0.046 seconds
[2023-12-06T20:19:45.865+0000] {processor.py:154} INFO - Started process (PID=688) to work on /opt/airflow/dags/subdags/subdag_transforms.py
[2023-12-06T20:19:45.866+0000] {processor.py:756} INFO - Processing file /opt/airflow/dags/subdags/subdag_transforms.py for tasks to queue
[2023-12-06T20:19:45.867+0000] {logging_mixin.py:120} INFO - [2023-12-06T20:19:45.867+0000] {dagbag.py:537} INFO - Filling up the DagBag from /opt/airflow/dags/subdags/subdag_transforms.py
[2023-12-06T20:19:45.875+0000] {processor.py:768} WARNING - No viable dags retrieved from /opt/airflow/dags/subdags/subdag_transforms.py
[2023-12-06T20:19:45.891+0000] {processor.py:176} INFO - Processing /opt/airflow/dags/subdags/subdag_transforms.py took 0.029 seconds
[2023-12-06T20:20:16.534+0000] {processor.py:154} INFO - Started process (PID=733) to work on /opt/airflow/dags/subdags/subdag_transforms.py
[2023-12-06T20:20:16.535+0000] {processor.py:756} INFO - Processing file /opt/airflow/dags/subdags/subdag_transforms.py for tasks to queue
[2023-12-06T20:20:16.536+0000] {logging_mixin.py:120} INFO - [2023-12-06T20:20:16.535+0000] {dagbag.py:537} INFO - Filling up the DagBag from /opt/airflow/dags/subdags/subdag_transforms.py
[2023-12-06T20:20:16.541+0000] {processor.py:768} WARNING - No viable dags retrieved from /opt/airflow/dags/subdags/subdag_transforms.py
[2023-12-06T20:20:16.556+0000] {processor.py:176} INFO - Processing /opt/airflow/dags/subdags/subdag_transforms.py took 0.026 seconds
[2023-12-06T20:20:46.849+0000] {processor.py:154} INFO - Started process (PID=766) to work on /opt/airflow/dags/subdags/subdag_transforms.py
[2023-12-06T20:20:46.863+0000] {processor.py:756} INFO - Processing file /opt/airflow/dags/subdags/subdag_transforms.py for tasks to queue
[2023-12-06T20:20:46.864+0000] {logging_mixin.py:120} INFO - [2023-12-06T20:20:46.864+0000] {dagbag.py:537} INFO - Filling up the DagBag from /opt/airflow/dags/subdags/subdag_transforms.py
[2023-12-06T20:20:46.881+0000] {processor.py:768} WARNING - No viable dags retrieved from /opt/airflow/dags/subdags/subdag_transforms.py
[2023-12-06T20:20:46.945+0000] {processor.py:176} INFO - Processing /opt/airflow/dags/subdags/subdag_transforms.py took 0.111 seconds
[2023-12-06T20:21:17.465+0000] {processor.py:154} INFO - Started process (PID=809) to work on /opt/airflow/dags/subdags/subdag_transforms.py
[2023-12-06T20:21:17.466+0000] {processor.py:756} INFO - Processing file /opt/airflow/dags/subdags/subdag_transforms.py for tasks to queue
[2023-12-06T20:21:17.467+0000] {logging_mixin.py:120} INFO - [2023-12-06T20:21:17.466+0000] {dagbag.py:537} INFO - Filling up the DagBag from /opt/airflow/dags/subdags/subdag_transforms.py
[2023-12-06T20:21:17.471+0000] {processor.py:768} WARNING - No viable dags retrieved from /opt/airflow/dags/subdags/subdag_transforms.py
[2023-12-06T20:21:17.492+0000] {processor.py:176} INFO - Processing /opt/airflow/dags/subdags/subdag_transforms.py took 0.030 seconds
[2023-12-06T20:21:47.839+0000] {processor.py:154} INFO - Started process (PID=850) to work on /opt/airflow/dags/subdags/subdag_transforms.py
[2023-12-06T20:21:47.839+0000] {processor.py:756} INFO - Processing file /opt/airflow/dags/subdags/subdag_transforms.py for tasks to queue
[2023-12-06T20:21:47.840+0000] {logging_mixin.py:120} INFO - [2023-12-06T20:21:47.840+0000] {dagbag.py:537} INFO - Filling up the DagBag from /opt/airflow/dags/subdags/subdag_transforms.py
[2023-12-06T20:21:47.845+0000] {processor.py:768} WARNING - No viable dags retrieved from /opt/airflow/dags/subdags/subdag_transforms.py
[2023-12-06T20:21:47.859+0000] {processor.py:176} INFO - Processing /opt/airflow/dags/subdags/subdag_transforms.py took 0.024 seconds
[2023-12-06T20:22:18.501+0000] {processor.py:154} INFO - Started process (PID=881) to work on /opt/airflow/dags/subdags/subdag_transforms.py
[2023-12-06T20:22:18.502+0000] {processor.py:756} INFO - Processing file /opt/airflow/dags/subdags/subdag_transforms.py for tasks to queue
[2023-12-06T20:22:18.503+0000] {logging_mixin.py:120} INFO - [2023-12-06T20:22:18.502+0000] {dagbag.py:537} INFO - Filling up the DagBag from /opt/airflow/dags/subdags/subdag_transforms.py
[2023-12-06T20:22:18.508+0000] {processor.py:768} WARNING - No viable dags retrieved from /opt/airflow/dags/subdags/subdag_transforms.py
[2023-12-06T20:22:18.529+0000] {processor.py:176} INFO - Processing /opt/airflow/dags/subdags/subdag_transforms.py took 0.033 seconds
[2023-12-06T20:22:48.600+0000] {processor.py:154} INFO - Started process (PID=922) to work on /opt/airflow/dags/subdags/subdag_transforms.py
[2023-12-06T20:22:48.601+0000] {processor.py:756} INFO - Processing file /opt/airflow/dags/subdags/subdag_transforms.py for tasks to queue
[2023-12-06T20:22:48.602+0000] {logging_mixin.py:120} INFO - [2023-12-06T20:22:48.602+0000] {dagbag.py:537} INFO - Filling up the DagBag from /opt/airflow/dags/subdags/subdag_transforms.py
[2023-12-06T20:22:48.608+0000] {processor.py:768} WARNING - No viable dags retrieved from /opt/airflow/dags/subdags/subdag_transforms.py
[2023-12-06T20:22:48.625+0000] {processor.py:176} INFO - Processing /opt/airflow/dags/subdags/subdag_transforms.py took 0.028 seconds
[2023-12-06T20:23:18.694+0000] {processor.py:154} INFO - Started process (PID=964) to work on /opt/airflow/dags/subdags/subdag_transforms.py
[2023-12-06T20:23:18.694+0000] {processor.py:756} INFO - Processing file /opt/airflow/dags/subdags/subdag_transforms.py for tasks to queue
[2023-12-06T20:23:18.695+0000] {logging_mixin.py:120} INFO - [2023-12-06T20:23:18.695+0000] {dagbag.py:537} INFO - Filling up the DagBag from /opt/airflow/dags/subdags/subdag_transforms.py
[2023-12-06T20:23:18.700+0000] {processor.py:768} WARNING - No viable dags retrieved from /opt/airflow/dags/subdags/subdag_transforms.py
[2023-12-06T20:23:18.715+0000] {processor.py:176} INFO - Processing /opt/airflow/dags/subdags/subdag_transforms.py took 0.025 seconds
[2023-12-06T20:23:48.840+0000] {processor.py:154} INFO - Started process (PID=996) to work on /opt/airflow/dags/subdags/subdag_transforms.py
[2023-12-06T20:23:48.841+0000] {processor.py:756} INFO - Processing file /opt/airflow/dags/subdags/subdag_transforms.py for tasks to queue
[2023-12-06T20:23:48.842+0000] {logging_mixin.py:120} INFO - [2023-12-06T20:23:48.842+0000] {dagbag.py:537} INFO - Filling up the DagBag from /opt/airflow/dags/subdags/subdag_transforms.py
[2023-12-06T20:23:48.876+0000] {processor.py:768} WARNING - No viable dags retrieved from /opt/airflow/dags/subdags/subdag_transforms.py
[2023-12-06T20:23:48.928+0000] {processor.py:176} INFO - Processing /opt/airflow/dags/subdags/subdag_transforms.py took 0.095 seconds
[2023-12-06T20:24:19.315+0000] {processor.py:154} INFO - Started process (PID=1038) to work on /opt/airflow/dags/subdags/subdag_transforms.py
[2023-12-06T20:24:19.320+0000] {processor.py:756} INFO - Processing file /opt/airflow/dags/subdags/subdag_transforms.py for tasks to queue
[2023-12-06T20:24:19.321+0000] {logging_mixin.py:120} INFO - [2023-12-06T20:24:19.321+0000] {dagbag.py:537} INFO - Filling up the DagBag from /opt/airflow/dags/subdags/subdag_transforms.py
[2023-12-06T20:24:19.332+0000] {processor.py:768} WARNING - No viable dags retrieved from /opt/airflow/dags/subdags/subdag_transforms.py
[2023-12-06T20:24:19.357+0000] {processor.py:176} INFO - Processing /opt/airflow/dags/subdags/subdag_transforms.py took 0.046 seconds
[2023-12-06T20:24:49.449+0000] {processor.py:154} INFO - Started process (PID=1080) to work on /opt/airflow/dags/subdags/subdag_transforms.py
[2023-12-06T20:24:49.449+0000] {processor.py:756} INFO - Processing file /opt/airflow/dags/subdags/subdag_transforms.py for tasks to queue
[2023-12-06T20:24:49.450+0000] {logging_mixin.py:120} INFO - [2023-12-06T20:24:49.450+0000] {dagbag.py:537} INFO - Filling up the DagBag from /opt/airflow/dags/subdags/subdag_transforms.py
[2023-12-06T20:24:49.459+0000] {processor.py:768} WARNING - No viable dags retrieved from /opt/airflow/dags/subdags/subdag_transforms.py
[2023-12-06T20:24:49.496+0000] {processor.py:176} INFO - Processing /opt/airflow/dags/subdags/subdag_transforms.py took 0.059 seconds
[2023-12-06T20:25:19.934+0000] {processor.py:154} INFO - Started process (PID=1114) to work on /opt/airflow/dags/subdags/subdag_transforms.py
[2023-12-06T20:25:19.936+0000] {processor.py:756} INFO - Processing file /opt/airflow/dags/subdags/subdag_transforms.py for tasks to queue
[2023-12-06T20:25:19.936+0000] {logging_mixin.py:120} INFO - [2023-12-06T20:25:19.936+0000] {dagbag.py:537} INFO - Filling up the DagBag from /opt/airflow/dags/subdags/subdag_transforms.py
[2023-12-06T20:25:19.941+0000] {processor.py:768} WARNING - No viable dags retrieved from /opt/airflow/dags/subdags/subdag_transforms.py
[2023-12-06T20:25:19.958+0000] {processor.py:176} INFO - Processing /opt/airflow/dags/subdags/subdag_transforms.py took 0.027 seconds
[2023-12-06T20:25:50.137+0000] {processor.py:154} INFO - Started process (PID=1156) to work on /opt/airflow/dags/subdags/subdag_transforms.py
[2023-12-06T20:25:50.143+0000] {processor.py:756} INFO - Processing file /opt/airflow/dags/subdags/subdag_transforms.py for tasks to queue
[2023-12-06T20:25:50.144+0000] {logging_mixin.py:120} INFO - [2023-12-06T20:25:50.144+0000] {dagbag.py:537} INFO - Filling up the DagBag from /opt/airflow/dags/subdags/subdag_transforms.py
[2023-12-06T20:25:50.158+0000] {processor.py:768} WARNING - No viable dags retrieved from /opt/airflow/dags/subdags/subdag_transforms.py
[2023-12-06T20:25:50.184+0000] {processor.py:176} INFO - Processing /opt/airflow/dags/subdags/subdag_transforms.py took 0.051 seconds
[2023-12-06T20:26:20.592+0000] {processor.py:154} INFO - Started process (PID=1197) to work on /opt/airflow/dags/subdags/subdag_transforms.py
[2023-12-06T20:26:20.593+0000] {processor.py:756} INFO - Processing file /opt/airflow/dags/subdags/subdag_transforms.py for tasks to queue
[2023-12-06T20:26:20.593+0000] {logging_mixin.py:120} INFO - [2023-12-06T20:26:20.593+0000] {dagbag.py:537} INFO - Filling up the DagBag from /opt/airflow/dags/subdags/subdag_transforms.py
[2023-12-06T20:26:20.608+0000] {processor.py:768} WARNING - No viable dags retrieved from /opt/airflow/dags/subdags/subdag_transforms.py
[2023-12-06T20:26:20.661+0000] {processor.py:176} INFO - Processing /opt/airflow/dags/subdags/subdag_transforms.py took 0.104 seconds
[2023-12-06T20:26:50.718+0000] {processor.py:154} INFO - Started process (PID=1233) to work on /opt/airflow/dags/subdags/subdag_transforms.py
[2023-12-06T20:26:50.719+0000] {processor.py:756} INFO - Processing file /opt/airflow/dags/subdags/subdag_transforms.py for tasks to queue
[2023-12-06T20:26:50.719+0000] {logging_mixin.py:120} INFO - [2023-12-06T20:26:50.719+0000] {dagbag.py:537} INFO - Filling up the DagBag from /opt/airflow/dags/subdags/subdag_transforms.py
[2023-12-06T20:26:50.723+0000] {processor.py:768} WARNING - No viable dags retrieved from /opt/airflow/dags/subdags/subdag_transforms.py
[2023-12-06T20:26:50.734+0000] {processor.py:176} INFO - Processing /opt/airflow/dags/subdags/subdag_transforms.py took 0.018 seconds
[2023-12-06T20:27:20.926+0000] {processor.py:154} INFO - Started process (PID=1274) to work on /opt/airflow/dags/subdags/subdag_transforms.py
[2023-12-06T20:27:20.926+0000] {processor.py:756} INFO - Processing file /opt/airflow/dags/subdags/subdag_transforms.py for tasks to queue
[2023-12-06T20:27:20.927+0000] {logging_mixin.py:120} INFO - [2023-12-06T20:27:20.927+0000] {dagbag.py:537} INFO - Filling up the DagBag from /opt/airflow/dags/subdags/subdag_transforms.py
[2023-12-06T20:27:20.988+0000] {processor.py:768} WARNING - No viable dags retrieved from /opt/airflow/dags/subdags/subdag_transforms.py
[2023-12-06T20:27:21.067+0000] {processor.py:176} INFO - Processing /opt/airflow/dags/subdags/subdag_transforms.py took 0.163 seconds
[2023-12-06T20:27:51.455+0000] {processor.py:154} INFO - Started process (PID=1307) to work on /opt/airflow/dags/subdags/subdag_transforms.py
[2023-12-06T20:27:51.456+0000] {processor.py:756} INFO - Processing file /opt/airflow/dags/subdags/subdag_transforms.py for tasks to queue
[2023-12-06T20:27:51.457+0000] {logging_mixin.py:120} INFO - [2023-12-06T20:27:51.457+0000] {dagbag.py:537} INFO - Filling up the DagBag from /opt/airflow/dags/subdags/subdag_transforms.py
[2023-12-06T20:27:51.463+0000] {processor.py:768} WARNING - No viable dags retrieved from /opt/airflow/dags/subdags/subdag_transforms.py
[2023-12-06T20:27:51.476+0000] {processor.py:176} INFO - Processing /opt/airflow/dags/subdags/subdag_transforms.py took 0.025 seconds
[2023-12-06T20:28:21.579+0000] {processor.py:154} INFO - Started process (PID=1352) to work on /opt/airflow/dags/subdags/subdag_transforms.py
[2023-12-06T20:28:21.583+0000] {processor.py:756} INFO - Processing file /opt/airflow/dags/subdags/subdag_transforms.py for tasks to queue
[2023-12-06T20:28:21.587+0000] {logging_mixin.py:120} INFO - [2023-12-06T20:28:21.587+0000] {dagbag.py:537} INFO - Filling up the DagBag from /opt/airflow/dags/subdags/subdag_transforms.py
[2023-12-06T20:28:21.599+0000] {processor.py:768} WARNING - No viable dags retrieved from /opt/airflow/dags/subdags/subdag_transforms.py
[2023-12-06T20:28:21.630+0000] {processor.py:176} INFO - Processing /opt/airflow/dags/subdags/subdag_transforms.py took 0.054 seconds
[2023-12-06T20:28:51.710+0000] {processor.py:154} INFO - Started process (PID=1386) to work on /opt/airflow/dags/subdags/subdag_transforms.py
[2023-12-06T20:28:51.711+0000] {processor.py:756} INFO - Processing file /opt/airflow/dags/subdags/subdag_transforms.py for tasks to queue
[2023-12-06T20:28:51.712+0000] {logging_mixin.py:120} INFO - [2023-12-06T20:28:51.712+0000] {dagbag.py:537} INFO - Filling up the DagBag from /opt/airflow/dags/subdags/subdag_transforms.py
[2023-12-06T20:28:51.717+0000] {processor.py:768} WARNING - No viable dags retrieved from /opt/airflow/dags/subdags/subdag_transforms.py
[2023-12-06T20:28:51.734+0000] {processor.py:176} INFO - Processing /opt/airflow/dags/subdags/subdag_transforms.py took 0.028 seconds
[2023-12-06T20:29:22.579+0000] {processor.py:154} INFO - Started process (PID=1429) to work on /opt/airflow/dags/subdags/subdag_transforms.py
[2023-12-06T20:29:22.581+0000] {processor.py:756} INFO - Processing file /opt/airflow/dags/subdags/subdag_transforms.py for tasks to queue
[2023-12-06T20:29:22.582+0000] {logging_mixin.py:120} INFO - [2023-12-06T20:29:22.582+0000] {dagbag.py:537} INFO - Filling up the DagBag from /opt/airflow/dags/subdags/subdag_transforms.py
[2023-12-06T20:29:22.590+0000] {processor.py:768} WARNING - No viable dags retrieved from /opt/airflow/dags/subdags/subdag_transforms.py
[2023-12-06T20:29:22.609+0000] {processor.py:176} INFO - Processing /opt/airflow/dags/subdags/subdag_transforms.py took 0.036 seconds
[2023-12-06T20:29:52.734+0000] {processor.py:154} INFO - Started process (PID=1464) to work on /opt/airflow/dags/subdags/subdag_transforms.py
[2023-12-06T20:29:52.735+0000] {processor.py:756} INFO - Processing file /opt/airflow/dags/subdags/subdag_transforms.py for tasks to queue
[2023-12-06T20:29:52.735+0000] {logging_mixin.py:120} INFO - [2023-12-06T20:29:52.735+0000] {dagbag.py:537} INFO - Filling up the DagBag from /opt/airflow/dags/subdags/subdag_transforms.py
[2023-12-06T20:29:52.740+0000] {processor.py:768} WARNING - No viable dags retrieved from /opt/airflow/dags/subdags/subdag_transforms.py
[2023-12-06T20:29:52.756+0000] {processor.py:176} INFO - Processing /opt/airflow/dags/subdags/subdag_transforms.py took 0.031 seconds
[2023-12-06T20:30:22.915+0000] {processor.py:154} INFO - Started process (PID=1505) to work on /opt/airflow/dags/subdags/subdag_transforms.py
[2023-12-06T20:30:22.919+0000] {processor.py:756} INFO - Processing file /opt/airflow/dags/subdags/subdag_transforms.py for tasks to queue
[2023-12-06T20:30:22.920+0000] {logging_mixin.py:120} INFO - [2023-12-06T20:30:22.920+0000] {dagbag.py:537} INFO - Filling up the DagBag from /opt/airflow/dags/subdags/subdag_transforms.py
[2023-12-06T20:30:22.930+0000] {processor.py:768} WARNING - No viable dags retrieved from /opt/airflow/dags/subdags/subdag_transforms.py
[2023-12-06T20:30:22.976+0000] {processor.py:176} INFO - Processing /opt/airflow/dags/subdags/subdag_transforms.py took 0.065 seconds
[2023-12-06T20:30:53.866+0000] {processor.py:154} INFO - Started process (PID=1549) to work on /opt/airflow/dags/subdags/subdag_transforms.py
[2023-12-06T20:30:53.867+0000] {processor.py:756} INFO - Processing file /opt/airflow/dags/subdags/subdag_transforms.py for tasks to queue
[2023-12-06T20:30:53.867+0000] {logging_mixin.py:120} INFO - [2023-12-06T20:30:53.867+0000] {dagbag.py:537} INFO - Filling up the DagBag from /opt/airflow/dags/subdags/subdag_transforms.py
[2023-12-06T20:30:53.872+0000] {processor.py:768} WARNING - No viable dags retrieved from /opt/airflow/dags/subdags/subdag_transforms.py
[2023-12-06T20:30:53.885+0000] {processor.py:176} INFO - Processing /opt/airflow/dags/subdags/subdag_transforms.py took 0.023 seconds
[2023-12-06T20:31:24.412+0000] {processor.py:154} INFO - Started process (PID=1592) to work on /opt/airflow/dags/subdags/subdag_transforms.py
[2023-12-06T20:31:24.414+0000] {processor.py:756} INFO - Processing file /opt/airflow/dags/subdags/subdag_transforms.py for tasks to queue
[2023-12-06T20:31:24.415+0000] {logging_mixin.py:120} INFO - [2023-12-06T20:31:24.414+0000] {dagbag.py:537} INFO - Filling up the DagBag from /opt/airflow/dags/subdags/subdag_transforms.py
[2023-12-06T20:31:24.420+0000] {processor.py:768} WARNING - No viable dags retrieved from /opt/airflow/dags/subdags/subdag_transforms.py
[2023-12-06T20:31:24.434+0000] {processor.py:176} INFO - Processing /opt/airflow/dags/subdags/subdag_transforms.py took 0.025 seconds
[2023-12-06T20:31:54.564+0000] {processor.py:154} INFO - Started process (PID=1626) to work on /opt/airflow/dags/subdags/subdag_transforms.py
[2023-12-06T20:31:54.568+0000] {processor.py:756} INFO - Processing file /opt/airflow/dags/subdags/subdag_transforms.py for tasks to queue
[2023-12-06T20:31:54.568+0000] {logging_mixin.py:120} INFO - [2023-12-06T20:31:54.568+0000] {dagbag.py:537} INFO - Filling up the DagBag from /opt/airflow/dags/subdags/subdag_transforms.py
[2023-12-06T20:31:54.577+0000] {processor.py:768} WARNING - No viable dags retrieved from /opt/airflow/dags/subdags/subdag_transforms.py
[2023-12-06T20:31:54.598+0000] {processor.py:176} INFO - Processing /opt/airflow/dags/subdags/subdag_transforms.py took 0.052 seconds
[2023-12-06T20:32:25.058+0000] {processor.py:154} INFO - Started process (PID=1668) to work on /opt/airflow/dags/subdags/subdag_transforms.py
[2023-12-06T20:32:25.058+0000] {processor.py:756} INFO - Processing file /opt/airflow/dags/subdags/subdag_transforms.py for tasks to queue
[2023-12-06T20:32:25.059+0000] {logging_mixin.py:120} INFO - [2023-12-06T20:32:25.059+0000] {dagbag.py:537} INFO - Filling up the DagBag from /opt/airflow/dags/subdags/subdag_transforms.py
[2023-12-06T20:32:25.065+0000] {processor.py:768} WARNING - No viable dags retrieved from /opt/airflow/dags/subdags/subdag_transforms.py
[2023-12-06T20:32:25.078+0000] {processor.py:176} INFO - Processing /opt/airflow/dags/subdags/subdag_transforms.py took 0.024 seconds
[2023-12-06T20:32:55.300+0000] {processor.py:154} INFO - Started process (PID=1701) to work on /opt/airflow/dags/subdags/subdag_transforms.py
[2023-12-06T20:32:55.300+0000] {processor.py:756} INFO - Processing file /opt/airflow/dags/subdags/subdag_transforms.py for tasks to queue
[2023-12-06T20:32:55.302+0000] {logging_mixin.py:120} INFO - [2023-12-06T20:32:55.301+0000] {dagbag.py:537} INFO - Filling up the DagBag from /opt/airflow/dags/subdags/subdag_transforms.py
[2023-12-06T20:32:55.306+0000] {processor.py:768} WARNING - No viable dags retrieved from /opt/airflow/dags/subdags/subdag_transforms.py
[2023-12-06T20:32:55.320+0000] {processor.py:176} INFO - Processing /opt/airflow/dags/subdags/subdag_transforms.py took 0.023 seconds
[2023-12-06T20:33:25.493+0000] {processor.py:154} INFO - Started process (PID=1746) to work on /opt/airflow/dags/subdags/subdag_transforms.py
[2023-12-06T20:33:25.495+0000] {processor.py:756} INFO - Processing file /opt/airflow/dags/subdags/subdag_transforms.py for tasks to queue
[2023-12-06T20:33:25.496+0000] {logging_mixin.py:120} INFO - [2023-12-06T20:33:25.496+0000] {dagbag.py:537} INFO - Filling up the DagBag from /opt/airflow/dags/subdags/subdag_transforms.py
[2023-12-06T20:33:25.515+0000] {processor.py:768} WARNING - No viable dags retrieved from /opt/airflow/dags/subdags/subdag_transforms.py
[2023-12-06T20:33:25.529+0000] {processor.py:176} INFO - Processing /opt/airflow/dags/subdags/subdag_transforms.py took 0.040 seconds
[2023-12-06T20:33:55.916+0000] {processor.py:154} INFO - Started process (PID=1790) to work on /opt/airflow/dags/subdags/subdag_transforms.py
[2023-12-06T20:33:55.917+0000] {processor.py:756} INFO - Processing file /opt/airflow/dags/subdags/subdag_transforms.py for tasks to queue
[2023-12-06T20:33:55.918+0000] {logging_mixin.py:120} INFO - [2023-12-06T20:33:55.918+0000] {dagbag.py:537} INFO - Filling up the DagBag from /opt/airflow/dags/subdags/subdag_transforms.py
[2023-12-06T20:33:55.931+0000] {processor.py:768} WARNING - No viable dags retrieved from /opt/airflow/dags/subdags/subdag_transforms.py
[2023-12-06T20:33:55.948+0000] {processor.py:176} INFO - Processing /opt/airflow/dags/subdags/subdag_transforms.py took 0.035 seconds
[2023-12-06T20:34:25.991+0000] {processor.py:154} INFO - Started process (PID=1824) to work on /opt/airflow/dags/subdags/subdag_transforms.py
[2023-12-06T20:34:25.991+0000] {processor.py:756} INFO - Processing file /opt/airflow/dags/subdags/subdag_transforms.py for tasks to queue
[2023-12-06T20:34:25.992+0000] {logging_mixin.py:120} INFO - [2023-12-06T20:34:25.992+0000] {dagbag.py:537} INFO - Filling up the DagBag from /opt/airflow/dags/subdags/subdag_transforms.py
[2023-12-06T20:34:25.997+0000] {processor.py:768} WARNING - No viable dags retrieved from /opt/airflow/dags/subdags/subdag_transforms.py
[2023-12-06T20:34:26.012+0000] {processor.py:176} INFO - Processing /opt/airflow/dags/subdags/subdag_transforms.py took 0.024 seconds
[2023-12-06T20:34:56.088+0000] {processor.py:154} INFO - Started process (PID=1866) to work on /opt/airflow/dags/subdags/subdag_transforms.py
[2023-12-06T20:34:56.089+0000] {processor.py:756} INFO - Processing file /opt/airflow/dags/subdags/subdag_transforms.py for tasks to queue
[2023-12-06T20:34:56.089+0000] {logging_mixin.py:120} INFO - [2023-12-06T20:34:56.089+0000] {dagbag.py:537} INFO - Filling up the DagBag from /opt/airflow/dags/subdags/subdag_transforms.py
[2023-12-06T20:34:56.095+0000] {processor.py:768} WARNING - No viable dags retrieved from /opt/airflow/dags/subdags/subdag_transforms.py
[2023-12-06T20:34:56.106+0000] {processor.py:176} INFO - Processing /opt/airflow/dags/subdags/subdag_transforms.py took 0.021 seconds
[2023-12-06T20:35:26.656+0000] {processor.py:154} INFO - Started process (PID=1907) to work on /opt/airflow/dags/subdags/subdag_transforms.py
[2023-12-06T20:35:26.661+0000] {processor.py:756} INFO - Processing file /opt/airflow/dags/subdags/subdag_transforms.py for tasks to queue
[2023-12-06T20:35:26.662+0000] {logging_mixin.py:120} INFO - [2023-12-06T20:35:26.662+0000] {dagbag.py:537} INFO - Filling up the DagBag from /opt/airflow/dags/subdags/subdag_transforms.py
[2023-12-06T20:35:26.669+0000] {processor.py:768} WARNING - No viable dags retrieved from /opt/airflow/dags/subdags/subdag_transforms.py
[2023-12-06T20:35:26.686+0000] {processor.py:176} INFO - Processing /opt/airflow/dags/subdags/subdag_transforms.py took 0.037 seconds
[2023-12-06T20:35:57.014+0000] {processor.py:154} INFO - Started process (PID=1939) to work on /opt/airflow/dags/subdags/subdag_transforms.py
[2023-12-06T20:35:57.014+0000] {processor.py:756} INFO - Processing file /opt/airflow/dags/subdags/subdag_transforms.py for tasks to queue
[2023-12-06T20:35:57.015+0000] {logging_mixin.py:120} INFO - [2023-12-06T20:35:57.015+0000] {dagbag.py:537} INFO - Filling up the DagBag from /opt/airflow/dags/subdags/subdag_transforms.py
[2023-12-06T20:35:57.028+0000] {processor.py:768} WARNING - No viable dags retrieved from /opt/airflow/dags/subdags/subdag_transforms.py
[2023-12-06T20:35:57.052+0000] {processor.py:176} INFO - Processing /opt/airflow/dags/subdags/subdag_transforms.py took 0.041 seconds
[2023-12-06T20:36:27.204+0000] {processor.py:154} INFO - Started process (PID=1972) to work on /opt/airflow/dags/subdags/subdag_transforms.py
[2023-12-06T20:36:27.209+0000] {processor.py:756} INFO - Processing file /opt/airflow/dags/subdags/subdag_transforms.py for tasks to queue
[2023-12-06T20:36:27.210+0000] {logging_mixin.py:120} INFO - [2023-12-06T20:36:27.210+0000] {dagbag.py:537} INFO - Filling up the DagBag from /opt/airflow/dags/subdags/subdag_transforms.py
[2023-12-06T20:36:27.222+0000] {processor.py:768} WARNING - No viable dags retrieved from /opt/airflow/dags/subdags/subdag_transforms.py
[2023-12-06T20:36:27.248+0000] {processor.py:176} INFO - Processing /opt/airflow/dags/subdags/subdag_transforms.py took 0.050 seconds
[2023-12-06T20:36:58.246+0000] {processor.py:154} INFO - Started process (PID=2014) to work on /opt/airflow/dags/subdags/subdag_transforms.py
[2023-12-06T20:36:58.247+0000] {processor.py:756} INFO - Processing file /opt/airflow/dags/subdags/subdag_transforms.py for tasks to queue
[2023-12-06T20:36:58.247+0000] {logging_mixin.py:120} INFO - [2023-12-06T20:36:58.247+0000] {dagbag.py:537} INFO - Filling up the DagBag from /opt/airflow/dags/subdags/subdag_transforms.py
[2023-12-06T20:36:58.252+0000] {processor.py:768} WARNING - No viable dags retrieved from /opt/airflow/dags/subdags/subdag_transforms.py
[2023-12-06T20:36:58.268+0000] {processor.py:176} INFO - Processing /opt/airflow/dags/subdags/subdag_transforms.py took 0.025 seconds
[2023-12-06T20:37:28.962+0000] {processor.py:154} INFO - Started process (PID=2046) to work on /opt/airflow/dags/subdags/subdag_transforms.py
[2023-12-06T20:37:28.963+0000] {processor.py:756} INFO - Processing file /opt/airflow/dags/subdags/subdag_transforms.py for tasks to queue
[2023-12-06T20:37:28.963+0000] {logging_mixin.py:120} INFO - [2023-12-06T20:37:28.963+0000] {dagbag.py:537} INFO - Filling up the DagBag from /opt/airflow/dags/subdags/subdag_transforms.py
[2023-12-06T20:37:28.968+0000] {processor.py:768} WARNING - No viable dags retrieved from /opt/airflow/dags/subdags/subdag_transforms.py
[2023-12-06T20:37:28.982+0000] {processor.py:176} INFO - Processing /opt/airflow/dags/subdags/subdag_transforms.py took 0.023 seconds
[2023-12-06T20:37:59.325+0000] {processor.py:154} INFO - Started process (PID=2090) to work on /opt/airflow/dags/subdags/subdag_transforms.py
[2023-12-06T20:37:59.326+0000] {processor.py:756} INFO - Processing file /opt/airflow/dags/subdags/subdag_transforms.py for tasks to queue
[2023-12-06T20:37:59.327+0000] {logging_mixin.py:120} INFO - [2023-12-06T20:37:59.327+0000] {dagbag.py:537} INFO - Filling up the DagBag from /opt/airflow/dags/subdags/subdag_transforms.py
[2023-12-06T20:37:59.332+0000] {processor.py:768} WARNING - No viable dags retrieved from /opt/airflow/dags/subdags/subdag_transforms.py
[2023-12-06T20:37:59.345+0000] {processor.py:176} INFO - Processing /opt/airflow/dags/subdags/subdag_transforms.py took 0.023 seconds
[2023-12-06T20:38:30.018+0000] {processor.py:154} INFO - Started process (PID=2133) to work on /opt/airflow/dags/subdags/subdag_transforms.py
[2023-12-06T20:38:30.020+0000] {processor.py:756} INFO - Processing file /opt/airflow/dags/subdags/subdag_transforms.py for tasks to queue
[2023-12-06T20:38:30.021+0000] {logging_mixin.py:120} INFO - [2023-12-06T20:38:30.021+0000] {dagbag.py:537} INFO - Filling up the DagBag from /opt/airflow/dags/subdags/subdag_transforms.py
[2023-12-06T20:38:30.026+0000] {processor.py:768} WARNING - No viable dags retrieved from /opt/airflow/dags/subdags/subdag_transforms.py
[2023-12-06T20:38:30.061+0000] {processor.py:176} INFO - Processing /opt/airflow/dags/subdags/subdag_transforms.py took 0.048 seconds
[2023-12-06T20:39:00.126+0000] {processor.py:154} INFO - Started process (PID=2165) to work on /opt/airflow/dags/subdags/subdag_transforms.py
[2023-12-06T20:39:00.127+0000] {processor.py:756} INFO - Processing file /opt/airflow/dags/subdags/subdag_transforms.py for tasks to queue
[2023-12-06T20:39:00.127+0000] {logging_mixin.py:120} INFO - [2023-12-06T20:39:00.127+0000] {dagbag.py:537} INFO - Filling up the DagBag from /opt/airflow/dags/subdags/subdag_transforms.py
[2023-12-06T20:39:00.131+0000] {processor.py:768} WARNING - No viable dags retrieved from /opt/airflow/dags/subdags/subdag_transforms.py
[2023-12-06T20:39:00.141+0000] {processor.py:176} INFO - Processing /opt/airflow/dags/subdags/subdag_transforms.py took 0.018 seconds
[2023-12-06T20:39:30.229+0000] {processor.py:154} INFO - Started process (PID=2198) to work on /opt/airflow/dags/subdags/subdag_transforms.py
[2023-12-06T20:39:30.230+0000] {processor.py:756} INFO - Processing file /opt/airflow/dags/subdags/subdag_transforms.py for tasks to queue
[2023-12-06T20:39:30.231+0000] {logging_mixin.py:120} INFO - [2023-12-06T20:39:30.231+0000] {dagbag.py:537} INFO - Filling up the DagBag from /opt/airflow/dags/subdags/subdag_transforms.py
[2023-12-06T20:39:30.242+0000] {processor.py:768} WARNING - No viable dags retrieved from /opt/airflow/dags/subdags/subdag_transforms.py
[2023-12-06T20:39:30.282+0000] {processor.py:176} INFO - Processing /opt/airflow/dags/subdags/subdag_transforms.py took 0.063 seconds
[2023-12-06T20:40:00.971+0000] {processor.py:154} INFO - Started process (PID=2240) to work on /opt/airflow/dags/subdags/subdag_transforms.py
[2023-12-06T20:40:00.972+0000] {processor.py:756} INFO - Processing file /opt/airflow/dags/subdags/subdag_transforms.py for tasks to queue
[2023-12-06T20:40:00.972+0000] {logging_mixin.py:120} INFO - [2023-12-06T20:40:00.972+0000] {dagbag.py:537} INFO - Filling up the DagBag from /opt/airflow/dags/subdags/subdag_transforms.py
[2023-12-06T20:40:00.989+0000] {processor.py:768} WARNING - No viable dags retrieved from /opt/airflow/dags/subdags/subdag_transforms.py
[2023-12-06T20:40:01.005+0000] {processor.py:176} INFO - Processing /opt/airflow/dags/subdags/subdag_transforms.py took 0.043 seconds
[2023-12-06T20:40:31.573+0000] {processor.py:154} INFO - Started process (PID=2283) to work on /opt/airflow/dags/subdags/subdag_transforms.py
[2023-12-06T20:40:31.574+0000] {processor.py:756} INFO - Processing file /opt/airflow/dags/subdags/subdag_transforms.py for tasks to queue
[2023-12-06T20:40:31.574+0000] {logging_mixin.py:120} INFO - [2023-12-06T20:40:31.574+0000] {dagbag.py:537} INFO - Filling up the DagBag from /opt/airflow/dags/subdags/subdag_transforms.py
[2023-12-06T20:40:31.579+0000] {processor.py:768} WARNING - No viable dags retrieved from /opt/airflow/dags/subdags/subdag_transforms.py
[2023-12-06T20:40:31.592+0000] {processor.py:176} INFO - Processing /opt/airflow/dags/subdags/subdag_transforms.py took 0.023 seconds
[2023-12-06T20:41:01.809+0000] {processor.py:154} INFO - Started process (PID=2316) to work on /opt/airflow/dags/subdags/subdag_transforms.py
[2023-12-06T20:41:01.810+0000] {processor.py:756} INFO - Processing file /opt/airflow/dags/subdags/subdag_transforms.py for tasks to queue
[2023-12-06T20:41:01.811+0000] {logging_mixin.py:120} INFO - [2023-12-06T20:41:01.810+0000] {dagbag.py:537} INFO - Filling up the DagBag from /opt/airflow/dags/subdags/subdag_transforms.py
[2023-12-06T20:41:01.816+0000] {processor.py:768} WARNING - No viable dags retrieved from /opt/airflow/dags/subdags/subdag_transforms.py
[2023-12-06T20:41:01.830+0000] {processor.py:176} INFO - Processing /opt/airflow/dags/subdags/subdag_transforms.py took 0.024 seconds
[2023-12-06T20:41:32.725+0000] {processor.py:154} INFO - Started process (PID=2358) to work on /opt/airflow/dags/subdags/subdag_transforms.py
[2023-12-06T20:41:32.726+0000] {processor.py:756} INFO - Processing file /opt/airflow/dags/subdags/subdag_transforms.py for tasks to queue
[2023-12-06T20:41:32.727+0000] {logging_mixin.py:120} INFO - [2023-12-06T20:41:32.727+0000] {dagbag.py:537} INFO - Filling up the DagBag from /opt/airflow/dags/subdags/subdag_transforms.py
[2023-12-06T20:41:32.736+0000] {processor.py:768} WARNING - No viable dags retrieved from /opt/airflow/dags/subdags/subdag_transforms.py
[2023-12-06T20:41:32.762+0000] {processor.py:176} INFO - Processing /opt/airflow/dags/subdags/subdag_transforms.py took 0.045 seconds
[2023-12-06T20:42:03.058+0000] {processor.py:154} INFO - Started process (PID=2398) to work on /opt/airflow/dags/subdags/subdag_transforms.py
[2023-12-06T20:42:03.059+0000] {processor.py:756} INFO - Processing file /opt/airflow/dags/subdags/subdag_transforms.py for tasks to queue
[2023-12-06T20:42:03.060+0000] {logging_mixin.py:120} INFO - [2023-12-06T20:42:03.060+0000] {dagbag.py:537} INFO - Filling up the DagBag from /opt/airflow/dags/subdags/subdag_transforms.py
[2023-12-06T20:42:03.064+0000] {processor.py:768} WARNING - No viable dags retrieved from /opt/airflow/dags/subdags/subdag_transforms.py
[2023-12-06T20:42:03.079+0000] {processor.py:176} INFO - Processing /opt/airflow/dags/subdags/subdag_transforms.py took 0.025 seconds
[2023-12-06T20:42:33.358+0000] {processor.py:154} INFO - Started process (PID=2432) to work on /opt/airflow/dags/subdags/subdag_transforms.py
[2023-12-06T20:42:33.374+0000] {processor.py:756} INFO - Processing file /opt/airflow/dags/subdags/subdag_transforms.py for tasks to queue
[2023-12-06T20:42:33.374+0000] {logging_mixin.py:120} INFO - [2023-12-06T20:42:33.374+0000] {dagbag.py:537} INFO - Filling up the DagBag from /opt/airflow/dags/subdags/subdag_transforms.py
[2023-12-06T20:42:33.379+0000] {processor.py:768} WARNING - No viable dags retrieved from /opt/airflow/dags/subdags/subdag_transforms.py
[2023-12-06T20:42:33.395+0000] {processor.py:176} INFO - Processing /opt/airflow/dags/subdags/subdag_transforms.py took 0.040 seconds
[2023-12-06T20:43:03.765+0000] {processor.py:154} INFO - Started process (PID=2474) to work on /opt/airflow/dags/subdags/subdag_transforms.py
[2023-12-06T20:43:03.768+0000] {processor.py:756} INFO - Processing file /opt/airflow/dags/subdags/subdag_transforms.py for tasks to queue
[2023-12-06T20:43:03.769+0000] {logging_mixin.py:120} INFO - [2023-12-06T20:43:03.769+0000] {dagbag.py:537} INFO - Filling up the DagBag from /opt/airflow/dags/subdags/subdag_transforms.py
[2023-12-06T20:43:03.774+0000] {processor.py:768} WARNING - No viable dags retrieved from /opt/airflow/dags/subdags/subdag_transforms.py
[2023-12-06T20:43:03.811+0000] {processor.py:176} INFO - Processing /opt/airflow/dags/subdags/subdag_transforms.py took 0.050 seconds
