[2023-11-12T19:53:09.557+0000] {processor.py:154} INFO - Started process (PID=60) to work on /home/airflow/.local/lib/python3.7/site-packages/airflow/example_dags/example_kubernetes_executor.py
[2023-11-12T19:53:09.559+0000] {processor.py:756} INFO - Processing file /home/airflow/.local/lib/python3.7/site-packages/airflow/example_dags/example_kubernetes_executor.py for tasks to queue
[2023-11-12T19:53:09.562+0000] {logging_mixin.py:120} INFO - [2023-11-12T19:53:09.560+0000] {dagbag.py:537} INFO - Filling up the DagBag from /home/airflow/.local/lib/python3.7/site-packages/airflow/example_dags/example_kubernetes_executor.py
[2023-11-12T19:53:09.707+0000] {processor.py:766} INFO - DAG(s) dict_keys(['example_kubernetes_executor']) retrieved from /home/airflow/.local/lib/python3.7/site-packages/airflow/example_dags/example_kubernetes_executor.py
[2023-11-12T19:53:10.453+0000] {logging_mixin.py:120} INFO - [2023-11-12T19:53:10.452+0000] {manager.py:507} INFO - Created Permission View: can edit on DAG:example_kubernetes_executor
[2023-11-12T19:53:10.504+0000] {logging_mixin.py:120} INFO - [2023-11-12T19:53:10.504+0000] {manager.py:507} INFO - Created Permission View: can delete on DAG:example_kubernetes_executor
[2023-11-12T19:53:10.530+0000] {logging_mixin.py:120} INFO - [2023-11-12T19:53:10.529+0000] {manager.py:507} INFO - Created Permission View: can read on DAG:example_kubernetes_executor
[2023-11-12T19:53:10.530+0000] {logging_mixin.py:120} INFO - [2023-11-12T19:53:10.530+0000] {dag.py:2585} INFO - Sync 1 DAGs
[2023-11-12T19:53:10.617+0000] {logging_mixin.py:120} INFO - [2023-11-12T19:53:10.616+0000] {dag.py:2606} INFO - Creating ORM DAG for example_kubernetes_executor
[2023-11-12T19:53:10.673+0000] {logging_mixin.py:120} INFO - [2023-11-12T19:53:10.673+0000] {dag.py:3340} INFO - Setting next_dagrun for example_kubernetes_executor to None, run_after=None
[2023-11-12T19:53:10.759+0000] {processor.py:176} INFO - Processing /home/airflow/.local/lib/python3.7/site-packages/airflow/example_dags/example_kubernetes_executor.py took 1.219 seconds
[2023-11-12T19:53:41.396+0000] {processor.py:154} INFO - Started process (PID=114) to work on /home/airflow/.local/lib/python3.7/site-packages/airflow/example_dags/example_kubernetes_executor.py
[2023-11-12T19:53:41.402+0000] {processor.py:756} INFO - Processing file /home/airflow/.local/lib/python3.7/site-packages/airflow/example_dags/example_kubernetes_executor.py for tasks to queue
[2023-11-12T19:53:41.403+0000] {logging_mixin.py:120} INFO - [2023-11-12T19:53:41.403+0000] {dagbag.py:537} INFO - Filling up the DagBag from /home/airflow/.local/lib/python3.7/site-packages/airflow/example_dags/example_kubernetes_executor.py
[2023-11-12T19:53:41.461+0000] {processor.py:766} INFO - DAG(s) dict_keys(['example_kubernetes_executor']) retrieved from /home/airflow/.local/lib/python3.7/site-packages/airflow/example_dags/example_kubernetes_executor.py
[2023-11-12T19:53:41.508+0000] {logging_mixin.py:120} INFO - [2023-11-12T19:53:41.508+0000] {dag.py:2585} INFO - Sync 1 DAGs
[2023-11-12T19:53:41.540+0000] {logging_mixin.py:120} INFO - [2023-11-12T19:53:41.539+0000] {dag.py:3340} INFO - Setting next_dagrun for example_kubernetes_executor to None, run_after=None
[2023-11-12T19:53:41.577+0000] {processor.py:176} INFO - Processing /home/airflow/.local/lib/python3.7/site-packages/airflow/example_dags/example_kubernetes_executor.py took 0.191 seconds
[2023-11-12T19:54:11.754+0000] {processor.py:154} INFO - Started process (PID=177) to work on /home/airflow/.local/lib/python3.7/site-packages/airflow/example_dags/example_kubernetes_executor.py
[2023-11-12T19:54:11.768+0000] {processor.py:756} INFO - Processing file /home/airflow/.local/lib/python3.7/site-packages/airflow/example_dags/example_kubernetes_executor.py for tasks to queue
[2023-11-12T19:54:11.769+0000] {logging_mixin.py:120} INFO - [2023-11-12T19:54:11.769+0000] {dagbag.py:537} INFO - Filling up the DagBag from /home/airflow/.local/lib/python3.7/site-packages/airflow/example_dags/example_kubernetes_executor.py
[2023-11-12T19:54:11.820+0000] {processor.py:766} INFO - DAG(s) dict_keys(['example_kubernetes_executor']) retrieved from /home/airflow/.local/lib/python3.7/site-packages/airflow/example_dags/example_kubernetes_executor.py
[2023-11-12T19:54:11.869+0000] {logging_mixin.py:120} INFO - [2023-11-12T19:54:11.869+0000] {dag.py:2585} INFO - Sync 1 DAGs
[2023-11-12T19:54:11.895+0000] {logging_mixin.py:120} INFO - [2023-11-12T19:54:11.895+0000] {dag.py:3340} INFO - Setting next_dagrun for example_kubernetes_executor to None, run_after=None
[2023-11-12T19:54:11.921+0000] {processor.py:176} INFO - Processing /home/airflow/.local/lib/python3.7/site-packages/airflow/example_dags/example_kubernetes_executor.py took 0.181 seconds
[2023-11-12T19:57:04.280+0000] {processor.py:154} INFO - Started process (PID=59) to work on /home/airflow/.local/lib/python3.7/site-packages/airflow/example_dags/example_kubernetes_executor.py
[2023-11-12T19:57:04.288+0000] {processor.py:756} INFO - Processing file /home/airflow/.local/lib/python3.7/site-packages/airflow/example_dags/example_kubernetes_executor.py for tasks to queue
[2023-11-12T19:57:04.289+0000] {logging_mixin.py:120} INFO - [2023-11-12T19:57:04.289+0000] {dagbag.py:537} INFO - Filling up the DagBag from /home/airflow/.local/lib/python3.7/site-packages/airflow/example_dags/example_kubernetes_executor.py
[2023-11-12T19:57:04.480+0000] {processor.py:766} INFO - DAG(s) dict_keys(['example_kubernetes_executor']) retrieved from /home/airflow/.local/lib/python3.7/site-packages/airflow/example_dags/example_kubernetes_executor.py
[2023-11-12T19:57:04.841+0000] {logging_mixin.py:120} INFO - [2023-11-12T19:57:04.841+0000] {dag.py:2585} INFO - Sync 1 DAGs
[2023-11-12T19:57:05.029+0000] {logging_mixin.py:120} INFO - [2023-11-12T19:57:05.028+0000] {dag.py:3340} INFO - Setting next_dagrun for example_kubernetes_executor to None, run_after=None
[2023-11-12T19:57:05.129+0000] {processor.py:176} INFO - Processing /home/airflow/.local/lib/python3.7/site-packages/airflow/example_dags/example_kubernetes_executor.py took 0.867 seconds
[2023-11-12T19:57:35.935+0000] {processor.py:154} INFO - Started process (PID=113) to work on /home/airflow/.local/lib/python3.7/site-packages/airflow/example_dags/example_kubernetes_executor.py
[2023-11-12T19:57:35.936+0000] {processor.py:756} INFO - Processing file /home/airflow/.local/lib/python3.7/site-packages/airflow/example_dags/example_kubernetes_executor.py for tasks to queue
[2023-11-12T19:57:35.936+0000] {logging_mixin.py:120} INFO - [2023-11-12T19:57:35.936+0000] {dagbag.py:537} INFO - Filling up the DagBag from /home/airflow/.local/lib/python3.7/site-packages/airflow/example_dags/example_kubernetes_executor.py
[2023-11-12T19:57:35.972+0000] {processor.py:766} INFO - DAG(s) dict_keys(['example_kubernetes_executor']) retrieved from /home/airflow/.local/lib/python3.7/site-packages/airflow/example_dags/example_kubernetes_executor.py
[2023-11-12T19:57:36.027+0000] {logging_mixin.py:120} INFO - [2023-11-12T19:57:36.027+0000] {dag.py:2585} INFO - Sync 1 DAGs
[2023-11-12T19:57:36.058+0000] {logging_mixin.py:120} INFO - [2023-11-12T19:57:36.058+0000] {dag.py:3340} INFO - Setting next_dagrun for example_kubernetes_executor to None, run_after=None
[2023-11-12T19:57:36.084+0000] {processor.py:176} INFO - Processing /home/airflow/.local/lib/python3.7/site-packages/airflow/example_dags/example_kubernetes_executor.py took 0.152 seconds
[2023-11-12T19:58:58.629+0000] {processor.py:154} INFO - Started process (PID=61) to work on /home/airflow/.local/lib/python3.7/site-packages/airflow/example_dags/example_kubernetes_executor.py
[2023-11-12T19:58:58.635+0000] {processor.py:756} INFO - Processing file /home/airflow/.local/lib/python3.7/site-packages/airflow/example_dags/example_kubernetes_executor.py for tasks to queue
[2023-11-12T19:58:58.636+0000] {logging_mixin.py:120} INFO - [2023-11-12T19:58:58.636+0000] {dagbag.py:537} INFO - Filling up the DagBag from /home/airflow/.local/lib/python3.7/site-packages/airflow/example_dags/example_kubernetes_executor.py
[2023-11-12T19:58:58.792+0000] {processor.py:766} INFO - DAG(s) dict_keys(['example_kubernetes_executor']) retrieved from /home/airflow/.local/lib/python3.7/site-packages/airflow/example_dags/example_kubernetes_executor.py
[2023-11-12T19:58:58.914+0000] {logging_mixin.py:120} INFO - [2023-11-12T19:58:58.914+0000] {dag.py:2585} INFO - Sync 1 DAGs
[2023-11-12T19:58:59.013+0000] {logging_mixin.py:120} INFO - [2023-11-12T19:58:59.013+0000] {dag.py:3340} INFO - Setting next_dagrun for example_kubernetes_executor to None, run_after=None
[2023-11-12T19:58:59.081+0000] {processor.py:176} INFO - Processing /home/airflow/.local/lib/python3.7/site-packages/airflow/example_dags/example_kubernetes_executor.py took 0.483 seconds
[2023-11-12T19:59:29.615+0000] {processor.py:154} INFO - Started process (PID=116) to work on /home/airflow/.local/lib/python3.7/site-packages/airflow/example_dags/example_kubernetes_executor.py
[2023-11-12T19:59:29.624+0000] {processor.py:756} INFO - Processing file /home/airflow/.local/lib/python3.7/site-packages/airflow/example_dags/example_kubernetes_executor.py for tasks to queue
[2023-11-12T19:59:29.625+0000] {logging_mixin.py:120} INFO - [2023-11-12T19:59:29.625+0000] {dagbag.py:537} INFO - Filling up the DagBag from /home/airflow/.local/lib/python3.7/site-packages/airflow/example_dags/example_kubernetes_executor.py
[2023-11-12T19:59:29.703+0000] {processor.py:766} INFO - DAG(s) dict_keys(['example_kubernetes_executor']) retrieved from /home/airflow/.local/lib/python3.7/site-packages/airflow/example_dags/example_kubernetes_executor.py
[2023-11-12T19:59:29.853+0000] {logging_mixin.py:120} INFO - [2023-11-12T19:59:29.852+0000] {dag.py:2585} INFO - Sync 1 DAGs
[2023-11-12T19:59:29.916+0000] {logging_mixin.py:120} INFO - [2023-11-12T19:59:29.916+0000] {dag.py:3340} INFO - Setting next_dagrun for example_kubernetes_executor to None, run_after=None
[2023-11-12T19:59:29.950+0000] {processor.py:176} INFO - Processing /home/airflow/.local/lib/python3.7/site-packages/airflow/example_dags/example_kubernetes_executor.py took 0.337 seconds
[2023-11-12T20:00:00.482+0000] {processor.py:154} INFO - Started process (PID=181) to work on /home/airflow/.local/lib/python3.7/site-packages/airflow/example_dags/example_kubernetes_executor.py
[2023-11-12T20:00:00.483+0000] {processor.py:756} INFO - Processing file /home/airflow/.local/lib/python3.7/site-packages/airflow/example_dags/example_kubernetes_executor.py for tasks to queue
[2023-11-12T20:00:00.484+0000] {logging_mixin.py:120} INFO - [2023-11-12T20:00:00.484+0000] {dagbag.py:537} INFO - Filling up the DagBag from /home/airflow/.local/lib/python3.7/site-packages/airflow/example_dags/example_kubernetes_executor.py
[2023-11-12T20:00:00.518+0000] {processor.py:766} INFO - DAG(s) dict_keys(['example_kubernetes_executor']) retrieved from /home/airflow/.local/lib/python3.7/site-packages/airflow/example_dags/example_kubernetes_executor.py
[2023-11-12T20:00:00.566+0000] {logging_mixin.py:120} INFO - [2023-11-12T20:00:00.566+0000] {dag.py:2585} INFO - Sync 1 DAGs
[2023-11-12T20:00:00.595+0000] {logging_mixin.py:120} INFO - [2023-11-12T20:00:00.595+0000] {dag.py:3340} INFO - Setting next_dagrun for example_kubernetes_executor to None, run_after=None
[2023-11-12T20:00:00.670+0000] {processor.py:176} INFO - Processing /home/airflow/.local/lib/python3.7/site-packages/airflow/example_dags/example_kubernetes_executor.py took 0.192 seconds
[2023-11-12T20:00:30.791+0000] {processor.py:154} INFO - Started process (PID=245) to work on /home/airflow/.local/lib/python3.7/site-packages/airflow/example_dags/example_kubernetes_executor.py
[2023-11-12T20:00:30.793+0000] {processor.py:756} INFO - Processing file /home/airflow/.local/lib/python3.7/site-packages/airflow/example_dags/example_kubernetes_executor.py for tasks to queue
[2023-11-12T20:00:30.796+0000] {logging_mixin.py:120} INFO - [2023-11-12T20:00:30.796+0000] {dagbag.py:537} INFO - Filling up the DagBag from /home/airflow/.local/lib/python3.7/site-packages/airflow/example_dags/example_kubernetes_executor.py
[2023-11-12T20:00:30.842+0000] {processor.py:766} INFO - DAG(s) dict_keys(['example_kubernetes_executor']) retrieved from /home/airflow/.local/lib/python3.7/site-packages/airflow/example_dags/example_kubernetes_executor.py
[2023-11-12T20:00:30.891+0000] {logging_mixin.py:120} INFO - [2023-11-12T20:00:30.891+0000] {dag.py:2585} INFO - Sync 1 DAGs
[2023-11-12T20:00:30.936+0000] {logging_mixin.py:120} INFO - [2023-11-12T20:00:30.936+0000] {dag.py:3340} INFO - Setting next_dagrun for example_kubernetes_executor to None, run_after=None
[2023-11-12T20:00:30.977+0000] {processor.py:176} INFO - Processing /home/airflow/.local/lib/python3.7/site-packages/airflow/example_dags/example_kubernetes_executor.py took 0.192 seconds
[2023-11-12T20:01:01.132+0000] {processor.py:154} INFO - Started process (PID=298) to work on /home/airflow/.local/lib/python3.7/site-packages/airflow/example_dags/example_kubernetes_executor.py
[2023-11-12T20:01:01.152+0000] {processor.py:756} INFO - Processing file /home/airflow/.local/lib/python3.7/site-packages/airflow/example_dags/example_kubernetes_executor.py for tasks to queue
[2023-11-12T20:01:01.153+0000] {logging_mixin.py:120} INFO - [2023-11-12T20:01:01.153+0000] {dagbag.py:537} INFO - Filling up the DagBag from /home/airflow/.local/lib/python3.7/site-packages/airflow/example_dags/example_kubernetes_executor.py
[2023-11-12T20:01:01.266+0000] {processor.py:766} INFO - DAG(s) dict_keys(['example_kubernetes_executor']) retrieved from /home/airflow/.local/lib/python3.7/site-packages/airflow/example_dags/example_kubernetes_executor.py
[2023-11-12T20:01:01.356+0000] {logging_mixin.py:120} INFO - [2023-11-12T20:01:01.355+0000] {dag.py:2585} INFO - Sync 1 DAGs
[2023-11-12T20:01:01.425+0000] {logging_mixin.py:120} INFO - [2023-11-12T20:01:01.425+0000] {dag.py:3340} INFO - Setting next_dagrun for example_kubernetes_executor to None, run_after=None
[2023-11-12T20:01:01.472+0000] {processor.py:176} INFO - Processing /home/airflow/.local/lib/python3.7/site-packages/airflow/example_dags/example_kubernetes_executor.py took 0.343 seconds
[2023-11-12T20:01:31.533+0000] {processor.py:154} INFO - Started process (PID=361) to work on /home/airflow/.local/lib/python3.7/site-packages/airflow/example_dags/example_kubernetes_executor.py
[2023-11-12T20:01:31.534+0000] {processor.py:756} INFO - Processing file /home/airflow/.local/lib/python3.7/site-packages/airflow/example_dags/example_kubernetes_executor.py for tasks to queue
[2023-11-12T20:01:31.535+0000] {logging_mixin.py:120} INFO - [2023-11-12T20:01:31.534+0000] {dagbag.py:537} INFO - Filling up the DagBag from /home/airflow/.local/lib/python3.7/site-packages/airflow/example_dags/example_kubernetes_executor.py
[2023-11-12T20:01:31.569+0000] {processor.py:766} INFO - DAG(s) dict_keys(['example_kubernetes_executor']) retrieved from /home/airflow/.local/lib/python3.7/site-packages/airflow/example_dags/example_kubernetes_executor.py
[2023-11-12T20:01:31.617+0000] {logging_mixin.py:120} INFO - [2023-11-12T20:01:31.617+0000] {dag.py:2585} INFO - Sync 1 DAGs
[2023-11-12T20:01:31.649+0000] {logging_mixin.py:120} INFO - [2023-11-12T20:01:31.648+0000] {dag.py:3340} INFO - Setting next_dagrun for example_kubernetes_executor to None, run_after=None
[2023-11-12T20:01:31.690+0000] {processor.py:176} INFO - Processing /home/airflow/.local/lib/python3.7/site-packages/airflow/example_dags/example_kubernetes_executor.py took 0.160 seconds
[2023-11-12T20:02:02.363+0000] {processor.py:154} INFO - Started process (PID=424) to work on /home/airflow/.local/lib/python3.7/site-packages/airflow/example_dags/example_kubernetes_executor.py
[2023-11-12T20:02:02.368+0000] {processor.py:756} INFO - Processing file /home/airflow/.local/lib/python3.7/site-packages/airflow/example_dags/example_kubernetes_executor.py for tasks to queue
[2023-11-12T20:02:02.369+0000] {logging_mixin.py:120} INFO - [2023-11-12T20:02:02.369+0000] {dagbag.py:537} INFO - Filling up the DagBag from /home/airflow/.local/lib/python3.7/site-packages/airflow/example_dags/example_kubernetes_executor.py
[2023-11-12T20:02:02.436+0000] {processor.py:766} INFO - DAG(s) dict_keys(['example_kubernetes_executor']) retrieved from /home/airflow/.local/lib/python3.7/site-packages/airflow/example_dags/example_kubernetes_executor.py
[2023-11-12T20:02:02.531+0000] {logging_mixin.py:120} INFO - [2023-11-12T20:02:02.530+0000] {dag.py:2585} INFO - Sync 1 DAGs
[2023-11-12T20:02:02.592+0000] {logging_mixin.py:120} INFO - [2023-11-12T20:02:02.592+0000] {dag.py:3340} INFO - Setting next_dagrun for example_kubernetes_executor to None, run_after=None
[2023-11-12T20:02:02.635+0000] {processor.py:176} INFO - Processing /home/airflow/.local/lib/python3.7/site-packages/airflow/example_dags/example_kubernetes_executor.py took 0.300 seconds
[2023-11-12T20:02:33.563+0000] {processor.py:154} INFO - Started process (PID=478) to work on /home/airflow/.local/lib/python3.7/site-packages/airflow/example_dags/example_kubernetes_executor.py
[2023-11-12T20:02:33.565+0000] {processor.py:756} INFO - Processing file /home/airflow/.local/lib/python3.7/site-packages/airflow/example_dags/example_kubernetes_executor.py for tasks to queue
[2023-11-12T20:02:33.565+0000] {logging_mixin.py:120} INFO - [2023-11-12T20:02:33.565+0000] {dagbag.py:537} INFO - Filling up the DagBag from /home/airflow/.local/lib/python3.7/site-packages/airflow/example_dags/example_kubernetes_executor.py
[2023-11-12T20:02:33.606+0000] {processor.py:766} INFO - DAG(s) dict_keys(['example_kubernetes_executor']) retrieved from /home/airflow/.local/lib/python3.7/site-packages/airflow/example_dags/example_kubernetes_executor.py
[2023-11-12T20:02:33.753+0000] {logging_mixin.py:120} INFO - [2023-11-12T20:02:33.752+0000] {dag.py:2585} INFO - Sync 1 DAGs
[2023-11-12T20:02:33.821+0000] {logging_mixin.py:120} INFO - [2023-11-12T20:02:33.820+0000] {dag.py:3340} INFO - Setting next_dagrun for example_kubernetes_executor to None, run_after=None
[2023-11-12T20:02:33.850+0000] {processor.py:176} INFO - Processing /home/airflow/.local/lib/python3.7/site-packages/airflow/example_dags/example_kubernetes_executor.py took 0.291 seconds
[2023-11-12T20:03:04.164+0000] {processor.py:154} INFO - Started process (PID=542) to work on /home/airflow/.local/lib/python3.7/site-packages/airflow/example_dags/example_kubernetes_executor.py
[2023-11-12T20:03:04.165+0000] {processor.py:756} INFO - Processing file /home/airflow/.local/lib/python3.7/site-packages/airflow/example_dags/example_kubernetes_executor.py for tasks to queue
[2023-11-12T20:03:04.166+0000] {logging_mixin.py:120} INFO - [2023-11-12T20:03:04.166+0000] {dagbag.py:537} INFO - Filling up the DagBag from /home/airflow/.local/lib/python3.7/site-packages/airflow/example_dags/example_kubernetes_executor.py
[2023-11-12T20:03:04.221+0000] {processor.py:766} INFO - DAG(s) dict_keys(['example_kubernetes_executor']) retrieved from /home/airflow/.local/lib/python3.7/site-packages/airflow/example_dags/example_kubernetes_executor.py
[2023-11-12T20:03:04.423+0000] {logging_mixin.py:120} INFO - [2023-11-12T20:03:04.421+0000] {dag.py:2585} INFO - Sync 1 DAGs
[2023-11-12T20:03:04.528+0000] {logging_mixin.py:120} INFO - [2023-11-12T20:03:04.524+0000] {dag.py:3340} INFO - Setting next_dagrun for example_kubernetes_executor to None, run_after=None
[2023-11-12T20:03:04.610+0000] {processor.py:176} INFO - Processing /home/airflow/.local/lib/python3.7/site-packages/airflow/example_dags/example_kubernetes_executor.py took 0.449 seconds
[2023-11-12T20:03:35.033+0000] {processor.py:154} INFO - Started process (PID=606) to work on /home/airflow/.local/lib/python3.7/site-packages/airflow/example_dags/example_kubernetes_executor.py
[2023-11-12T20:03:35.034+0000] {processor.py:756} INFO - Processing file /home/airflow/.local/lib/python3.7/site-packages/airflow/example_dags/example_kubernetes_executor.py for tasks to queue
[2023-11-12T20:03:35.035+0000] {logging_mixin.py:120} INFO - [2023-11-12T20:03:35.034+0000] {dagbag.py:537} INFO - Filling up the DagBag from /home/airflow/.local/lib/python3.7/site-packages/airflow/example_dags/example_kubernetes_executor.py
[2023-11-12T20:03:35.079+0000] {processor.py:766} INFO - DAG(s) dict_keys(['example_kubernetes_executor']) retrieved from /home/airflow/.local/lib/python3.7/site-packages/airflow/example_dags/example_kubernetes_executor.py
[2023-11-12T20:03:35.131+0000] {logging_mixin.py:120} INFO - [2023-11-12T20:03:35.130+0000] {dag.py:2585} INFO - Sync 1 DAGs
[2023-11-12T20:03:35.162+0000] {logging_mixin.py:120} INFO - [2023-11-12T20:03:35.162+0000] {dag.py:3340} INFO - Setting next_dagrun for example_kubernetes_executor to None, run_after=None
[2023-11-12T20:03:35.186+0000] {processor.py:176} INFO - Processing /home/airflow/.local/lib/python3.7/site-packages/airflow/example_dags/example_kubernetes_executor.py took 0.156 seconds
[2023-11-12T20:04:06.089+0000] {processor.py:154} INFO - Started process (PID=668) to work on /home/airflow/.local/lib/python3.7/site-packages/airflow/example_dags/example_kubernetes_executor.py
[2023-11-12T20:04:06.089+0000] {processor.py:756} INFO - Processing file /home/airflow/.local/lib/python3.7/site-packages/airflow/example_dags/example_kubernetes_executor.py for tasks to queue
[2023-11-12T20:04:06.090+0000] {logging_mixin.py:120} INFO - [2023-11-12T20:04:06.090+0000] {dagbag.py:537} INFO - Filling up the DagBag from /home/airflow/.local/lib/python3.7/site-packages/airflow/example_dags/example_kubernetes_executor.py
[2023-11-12T20:04:06.154+0000] {processor.py:766} INFO - DAG(s) dict_keys(['example_kubernetes_executor']) retrieved from /home/airflow/.local/lib/python3.7/site-packages/airflow/example_dags/example_kubernetes_executor.py
[2023-11-12T20:04:06.265+0000] {logging_mixin.py:120} INFO - [2023-11-12T20:04:06.264+0000] {dag.py:2585} INFO - Sync 1 DAGs
[2023-11-12T20:04:06.325+0000] {logging_mixin.py:120} INFO - [2023-11-12T20:04:06.325+0000] {dag.py:3340} INFO - Setting next_dagrun for example_kubernetes_executor to None, run_after=None
[2023-11-12T20:04:06.374+0000] {processor.py:176} INFO - Processing /home/airflow/.local/lib/python3.7/site-packages/airflow/example_dags/example_kubernetes_executor.py took 0.295 seconds
[2023-11-12T20:04:36.542+0000] {processor.py:154} INFO - Started process (PID=726) to work on /home/airflow/.local/lib/python3.7/site-packages/airflow/example_dags/example_kubernetes_executor.py
[2023-11-12T20:04:36.543+0000] {processor.py:756} INFO - Processing file /home/airflow/.local/lib/python3.7/site-packages/airflow/example_dags/example_kubernetes_executor.py for tasks to queue
[2023-11-12T20:04:36.544+0000] {logging_mixin.py:120} INFO - [2023-11-12T20:04:36.544+0000] {dagbag.py:537} INFO - Filling up the DagBag from /home/airflow/.local/lib/python3.7/site-packages/airflow/example_dags/example_kubernetes_executor.py
[2023-11-12T20:04:36.577+0000] {processor.py:766} INFO - DAG(s) dict_keys(['example_kubernetes_executor']) retrieved from /home/airflow/.local/lib/python3.7/site-packages/airflow/example_dags/example_kubernetes_executor.py
[2023-11-12T20:04:36.626+0000] {logging_mixin.py:120} INFO - [2023-11-12T20:04:36.626+0000] {dag.py:2585} INFO - Sync 1 DAGs
[2023-11-12T20:04:36.655+0000] {logging_mixin.py:120} INFO - [2023-11-12T20:04:36.655+0000] {dag.py:3340} INFO - Setting next_dagrun for example_kubernetes_executor to None, run_after=None
[2023-11-12T20:04:36.698+0000] {processor.py:176} INFO - Processing /home/airflow/.local/lib/python3.7/site-packages/airflow/example_dags/example_kubernetes_executor.py took 0.159 seconds
[2023-11-12T20:05:07.111+0000] {processor.py:154} INFO - Started process (PID=789) to work on /home/airflow/.local/lib/python3.7/site-packages/airflow/example_dags/example_kubernetes_executor.py
[2023-11-12T20:05:07.112+0000] {processor.py:756} INFO - Processing file /home/airflow/.local/lib/python3.7/site-packages/airflow/example_dags/example_kubernetes_executor.py for tasks to queue
[2023-11-12T20:05:07.112+0000] {logging_mixin.py:120} INFO - [2023-11-12T20:05:07.112+0000] {dagbag.py:537} INFO - Filling up the DagBag from /home/airflow/.local/lib/python3.7/site-packages/airflow/example_dags/example_kubernetes_executor.py
[2023-11-12T20:05:07.145+0000] {processor.py:766} INFO - DAG(s) dict_keys(['example_kubernetes_executor']) retrieved from /home/airflow/.local/lib/python3.7/site-packages/airflow/example_dags/example_kubernetes_executor.py
[2023-11-12T20:05:07.195+0000] {logging_mixin.py:120} INFO - [2023-11-12T20:05:07.195+0000] {dag.py:2585} INFO - Sync 1 DAGs
[2023-11-12T20:05:07.226+0000] {logging_mixin.py:120} INFO - [2023-11-12T20:05:07.226+0000] {dag.py:3340} INFO - Setting next_dagrun for example_kubernetes_executor to None, run_after=None
[2023-11-12T20:05:07.252+0000] {processor.py:176} INFO - Processing /home/airflow/.local/lib/python3.7/site-packages/airflow/example_dags/example_kubernetes_executor.py took 0.145 seconds
[2023-11-12T20:05:37.620+0000] {processor.py:154} INFO - Started process (PID=842) to work on /home/airflow/.local/lib/python3.7/site-packages/airflow/example_dags/example_kubernetes_executor.py
[2023-11-12T20:05:37.625+0000] {processor.py:756} INFO - Processing file /home/airflow/.local/lib/python3.7/site-packages/airflow/example_dags/example_kubernetes_executor.py for tasks to queue
[2023-11-12T20:05:37.626+0000] {logging_mixin.py:120} INFO - [2023-11-12T20:05:37.626+0000] {dagbag.py:537} INFO - Filling up the DagBag from /home/airflow/.local/lib/python3.7/site-packages/airflow/example_dags/example_kubernetes_executor.py
[2023-11-12T20:05:37.669+0000] {processor.py:766} INFO - DAG(s) dict_keys(['example_kubernetes_executor']) retrieved from /home/airflow/.local/lib/python3.7/site-packages/airflow/example_dags/example_kubernetes_executor.py
[2023-11-12T20:05:37.718+0000] {logging_mixin.py:120} INFO - [2023-11-12T20:05:37.718+0000] {dag.py:2585} INFO - Sync 1 DAGs
[2023-11-12T20:05:37.772+0000] {logging_mixin.py:120} INFO - [2023-11-12T20:05:37.772+0000] {dag.py:3340} INFO - Setting next_dagrun for example_kubernetes_executor to None, run_after=None
[2023-11-12T20:05:37.801+0000] {processor.py:176} INFO - Processing /home/airflow/.local/lib/python3.7/site-packages/airflow/example_dags/example_kubernetes_executor.py took 0.185 seconds
[2023-11-12T20:06:09.500+0000] {processor.py:154} INFO - Started process (PID=904) to work on /home/airflow/.local/lib/python3.7/site-packages/airflow/example_dags/example_kubernetes_executor.py
[2023-11-12T20:06:09.502+0000] {processor.py:756} INFO - Processing file /home/airflow/.local/lib/python3.7/site-packages/airflow/example_dags/example_kubernetes_executor.py for tasks to queue
[2023-11-12T20:06:09.502+0000] {logging_mixin.py:120} INFO - [2023-11-12T20:06:09.502+0000] {dagbag.py:537} INFO - Filling up the DagBag from /home/airflow/.local/lib/python3.7/site-packages/airflow/example_dags/example_kubernetes_executor.py
[2023-11-12T20:06:09.549+0000] {processor.py:766} INFO - DAG(s) dict_keys(['example_kubernetes_executor']) retrieved from /home/airflow/.local/lib/python3.7/site-packages/airflow/example_dags/example_kubernetes_executor.py
[2023-11-12T20:06:09.598+0000] {logging_mixin.py:120} INFO - [2023-11-12T20:06:09.598+0000] {dag.py:2585} INFO - Sync 1 DAGs
[2023-11-12T20:06:09.631+0000] {logging_mixin.py:120} INFO - [2023-11-12T20:06:09.631+0000] {dag.py:3340} INFO - Setting next_dagrun for example_kubernetes_executor to None, run_after=None
[2023-11-12T20:06:09.667+0000] {processor.py:176} INFO - Processing /home/airflow/.local/lib/python3.7/site-packages/airflow/example_dags/example_kubernetes_executor.py took 0.170 seconds
[2023-11-12T20:06:40.212+0000] {processor.py:154} INFO - Started process (PID=958) to work on /home/airflow/.local/lib/python3.7/site-packages/airflow/example_dags/example_kubernetes_executor.py
[2023-11-12T20:06:40.224+0000] {processor.py:756} INFO - Processing file /home/airflow/.local/lib/python3.7/site-packages/airflow/example_dags/example_kubernetes_executor.py for tasks to queue
[2023-11-12T20:06:40.225+0000] {logging_mixin.py:120} INFO - [2023-11-12T20:06:40.225+0000] {dagbag.py:537} INFO - Filling up the DagBag from /home/airflow/.local/lib/python3.7/site-packages/airflow/example_dags/example_kubernetes_executor.py
[2023-11-12T20:06:40.297+0000] {processor.py:766} INFO - DAG(s) dict_keys(['example_kubernetes_executor']) retrieved from /home/airflow/.local/lib/python3.7/site-packages/airflow/example_dags/example_kubernetes_executor.py
[2023-11-12T20:06:40.406+0000] {logging_mixin.py:120} INFO - [2023-11-12T20:06:40.406+0000] {dag.py:2585} INFO - Sync 1 DAGs
[2023-11-12T20:06:40.451+0000] {logging_mixin.py:120} INFO - [2023-11-12T20:06:40.450+0000] {dag.py:3340} INFO - Setting next_dagrun for example_kubernetes_executor to None, run_after=None
[2023-11-12T20:06:40.511+0000] {processor.py:176} INFO - Processing /home/airflow/.local/lib/python3.7/site-packages/airflow/example_dags/example_kubernetes_executor.py took 0.329 seconds
[2023-11-12T20:07:10.599+0000] {processor.py:154} INFO - Started process (PID=1020) to work on /home/airflow/.local/lib/python3.7/site-packages/airflow/example_dags/example_kubernetes_executor.py
[2023-11-12T20:07:10.601+0000] {processor.py:756} INFO - Processing file /home/airflow/.local/lib/python3.7/site-packages/airflow/example_dags/example_kubernetes_executor.py for tasks to queue
[2023-11-12T20:07:10.602+0000] {logging_mixin.py:120} INFO - [2023-11-12T20:07:10.602+0000] {dagbag.py:537} INFO - Filling up the DagBag from /home/airflow/.local/lib/python3.7/site-packages/airflow/example_dags/example_kubernetes_executor.py
[2023-11-12T20:07:10.636+0000] {processor.py:766} INFO - DAG(s) dict_keys(['example_kubernetes_executor']) retrieved from /home/airflow/.local/lib/python3.7/site-packages/airflow/example_dags/example_kubernetes_executor.py
[2023-11-12T20:07:10.686+0000] {logging_mixin.py:120} INFO - [2023-11-12T20:07:10.686+0000] {dag.py:2585} INFO - Sync 1 DAGs
[2023-11-12T20:07:10.716+0000] {logging_mixin.py:120} INFO - [2023-11-12T20:07:10.716+0000] {dag.py:3340} INFO - Setting next_dagrun for example_kubernetes_executor to None, run_after=None
[2023-11-12T20:07:10.743+0000] {processor.py:176} INFO - Processing /home/airflow/.local/lib/python3.7/site-packages/airflow/example_dags/example_kubernetes_executor.py took 0.148 seconds
[2023-11-12T20:07:40.922+0000] {processor.py:154} INFO - Started process (PID=1073) to work on /home/airflow/.local/lib/python3.7/site-packages/airflow/example_dags/example_kubernetes_executor.py
[2023-11-12T20:07:40.923+0000] {processor.py:756} INFO - Processing file /home/airflow/.local/lib/python3.7/site-packages/airflow/example_dags/example_kubernetes_executor.py for tasks to queue
[2023-11-12T20:07:40.924+0000] {logging_mixin.py:120} INFO - [2023-11-12T20:07:40.924+0000] {dagbag.py:537} INFO - Filling up the DagBag from /home/airflow/.local/lib/python3.7/site-packages/airflow/example_dags/example_kubernetes_executor.py
[2023-11-12T20:07:40.960+0000] {processor.py:766} INFO - DAG(s) dict_keys(['example_kubernetes_executor']) retrieved from /home/airflow/.local/lib/python3.7/site-packages/airflow/example_dags/example_kubernetes_executor.py
[2023-11-12T20:07:41.006+0000] {logging_mixin.py:120} INFO - [2023-11-12T20:07:41.006+0000] {dag.py:2585} INFO - Sync 1 DAGs
[2023-11-12T20:07:41.026+0000] {logging_mixin.py:120} INFO - [2023-11-12T20:07:41.026+0000] {dag.py:3340} INFO - Setting next_dagrun for example_kubernetes_executor to None, run_after=None
[2023-11-12T20:07:41.046+0000] {processor.py:176} INFO - Processing /home/airflow/.local/lib/python3.7/site-packages/airflow/example_dags/example_kubernetes_executor.py took 0.127 seconds
[2023-11-12T20:08:12.021+0000] {processor.py:154} INFO - Started process (PID=1135) to work on /home/airflow/.local/lib/python3.7/site-packages/airflow/example_dags/example_kubernetes_executor.py
[2023-11-12T20:08:12.034+0000] {processor.py:756} INFO - Processing file /home/airflow/.local/lib/python3.7/site-packages/airflow/example_dags/example_kubernetes_executor.py for tasks to queue
[2023-11-12T20:08:12.035+0000] {logging_mixin.py:120} INFO - [2023-11-12T20:08:12.035+0000] {dagbag.py:537} INFO - Filling up the DagBag from /home/airflow/.local/lib/python3.7/site-packages/airflow/example_dags/example_kubernetes_executor.py
[2023-11-12T20:08:12.099+0000] {processor.py:766} INFO - DAG(s) dict_keys(['example_kubernetes_executor']) retrieved from /home/airflow/.local/lib/python3.7/site-packages/airflow/example_dags/example_kubernetes_executor.py
[2023-11-12T20:08:12.212+0000] {logging_mixin.py:120} INFO - [2023-11-12T20:08:12.212+0000] {dag.py:2585} INFO - Sync 1 DAGs
[2023-11-12T20:08:12.260+0000] {logging_mixin.py:120} INFO - [2023-11-12T20:08:12.260+0000] {dag.py:3340} INFO - Setting next_dagrun for example_kubernetes_executor to None, run_after=None
[2023-11-12T20:08:12.309+0000] {processor.py:176} INFO - Processing /home/airflow/.local/lib/python3.7/site-packages/airflow/example_dags/example_kubernetes_executor.py took 0.294 seconds
[2023-11-12T20:08:42.765+0000] {processor.py:154} INFO - Started process (PID=1189) to work on /home/airflow/.local/lib/python3.7/site-packages/airflow/example_dags/example_kubernetes_executor.py
[2023-11-12T20:08:42.765+0000] {processor.py:756} INFO - Processing file /home/airflow/.local/lib/python3.7/site-packages/airflow/example_dags/example_kubernetes_executor.py for tasks to queue
[2023-11-12T20:08:42.766+0000] {logging_mixin.py:120} INFO - [2023-11-12T20:08:42.766+0000] {dagbag.py:537} INFO - Filling up the DagBag from /home/airflow/.local/lib/python3.7/site-packages/airflow/example_dags/example_kubernetes_executor.py
[2023-11-12T20:08:42.802+0000] {processor.py:766} INFO - DAG(s) dict_keys(['example_kubernetes_executor']) retrieved from /home/airflow/.local/lib/python3.7/site-packages/airflow/example_dags/example_kubernetes_executor.py
[2023-11-12T20:08:42.854+0000] {logging_mixin.py:120} INFO - [2023-11-12T20:08:42.854+0000] {dag.py:2585} INFO - Sync 1 DAGs
[2023-11-12T20:08:42.881+0000] {logging_mixin.py:120} INFO - [2023-11-12T20:08:42.881+0000] {dag.py:3340} INFO - Setting next_dagrun for example_kubernetes_executor to None, run_after=None
[2023-11-12T20:08:42.907+0000] {processor.py:176} INFO - Processing /home/airflow/.local/lib/python3.7/site-packages/airflow/example_dags/example_kubernetes_executor.py took 0.147 seconds
[2023-11-12T20:09:15.169+0000] {processor.py:154} INFO - Started process (PID=1252) to work on /home/airflow/.local/lib/python3.7/site-packages/airflow/example_dags/example_kubernetes_executor.py
[2023-11-12T20:09:15.172+0000] {processor.py:756} INFO - Processing file /home/airflow/.local/lib/python3.7/site-packages/airflow/example_dags/example_kubernetes_executor.py for tasks to queue
[2023-11-12T20:09:15.174+0000] {logging_mixin.py:120} INFO - [2023-11-12T20:09:15.173+0000] {dagbag.py:537} INFO - Filling up the DagBag from /home/airflow/.local/lib/python3.7/site-packages/airflow/example_dags/example_kubernetes_executor.py
[2023-11-12T20:09:15.281+0000] {processor.py:766} INFO - DAG(s) dict_keys(['example_kubernetes_executor']) retrieved from /home/airflow/.local/lib/python3.7/site-packages/airflow/example_dags/example_kubernetes_executor.py
[2023-11-12T20:09:15.507+0000] {logging_mixin.py:120} INFO - [2023-11-12T20:09:15.507+0000] {dag.py:2585} INFO - Sync 1 DAGs
[2023-11-12T20:09:15.557+0000] {logging_mixin.py:120} INFO - [2023-11-12T20:09:15.557+0000] {dag.py:3340} INFO - Setting next_dagrun for example_kubernetes_executor to None, run_after=None
[2023-11-12T20:09:15.589+0000] {processor.py:176} INFO - Processing /home/airflow/.local/lib/python3.7/site-packages/airflow/example_dags/example_kubernetes_executor.py took 0.437 seconds
[2023-11-12T20:09:45.623+0000] {processor.py:154} INFO - Started process (PID=1305) to work on /home/airflow/.local/lib/python3.7/site-packages/airflow/example_dags/example_kubernetes_executor.py
[2023-11-12T20:09:45.624+0000] {processor.py:756} INFO - Processing file /home/airflow/.local/lib/python3.7/site-packages/airflow/example_dags/example_kubernetes_executor.py for tasks to queue
[2023-11-12T20:09:45.625+0000] {logging_mixin.py:120} INFO - [2023-11-12T20:09:45.624+0000] {dagbag.py:537} INFO - Filling up the DagBag from /home/airflow/.local/lib/python3.7/site-packages/airflow/example_dags/example_kubernetes_executor.py
[2023-11-12T20:09:45.679+0000] {processor.py:766} INFO - DAG(s) dict_keys(['example_kubernetes_executor']) retrieved from /home/airflow/.local/lib/python3.7/site-packages/airflow/example_dags/example_kubernetes_executor.py
[2023-11-12T20:09:45.741+0000] {logging_mixin.py:120} INFO - [2023-11-12T20:09:45.740+0000] {dag.py:2585} INFO - Sync 1 DAGs
[2023-11-12T20:09:45.779+0000] {logging_mixin.py:120} INFO - [2023-11-12T20:09:45.778+0000] {dag.py:3340} INFO - Setting next_dagrun for example_kubernetes_executor to None, run_after=None
[2023-11-12T20:09:45.807+0000] {processor.py:176} INFO - Processing /home/airflow/.local/lib/python3.7/site-packages/airflow/example_dags/example_kubernetes_executor.py took 0.188 seconds
[2023-11-12T20:10:17.353+0000] {processor.py:154} INFO - Started process (PID=1363) to work on /home/airflow/.local/lib/python3.7/site-packages/airflow/example_dags/example_kubernetes_executor.py
[2023-11-12T20:10:17.362+0000] {processor.py:756} INFO - Processing file /home/airflow/.local/lib/python3.7/site-packages/airflow/example_dags/example_kubernetes_executor.py for tasks to queue
[2023-11-12T20:10:17.363+0000] {logging_mixin.py:120} INFO - [2023-11-12T20:10:17.363+0000] {dagbag.py:537} INFO - Filling up the DagBag from /home/airflow/.local/lib/python3.7/site-packages/airflow/example_dags/example_kubernetes_executor.py
[2023-11-12T20:10:17.558+0000] {processor.py:766} INFO - DAG(s) dict_keys(['example_kubernetes_executor']) retrieved from /home/airflow/.local/lib/python3.7/site-packages/airflow/example_dags/example_kubernetes_executor.py
[2023-11-12T20:10:17.990+0000] {logging_mixin.py:120} INFO - [2023-11-12T20:10:17.989+0000] {dag.py:2585} INFO - Sync 1 DAGs
[2023-11-12T20:10:18.187+0000] {logging_mixin.py:120} INFO - [2023-11-12T20:10:18.187+0000] {dag.py:3340} INFO - Setting next_dagrun for example_kubernetes_executor to None, run_after=None
[2023-11-12T20:10:18.344+0000] {processor.py:176} INFO - Processing /home/airflow/.local/lib/python3.7/site-packages/airflow/example_dags/example_kubernetes_executor.py took 1.027 seconds
[2023-11-12T20:10:49.035+0000] {processor.py:154} INFO - Started process (PID=1419) to work on /home/airflow/.local/lib/python3.7/site-packages/airflow/example_dags/example_kubernetes_executor.py
[2023-11-12T20:10:49.036+0000] {processor.py:756} INFO - Processing file /home/airflow/.local/lib/python3.7/site-packages/airflow/example_dags/example_kubernetes_executor.py for tasks to queue
[2023-11-12T20:10:49.056+0000] {logging_mixin.py:120} INFO - [2023-11-12T20:10:49.056+0000] {dagbag.py:537} INFO - Filling up the DagBag from /home/airflow/.local/lib/python3.7/site-packages/airflow/example_dags/example_kubernetes_executor.py
[2023-11-12T20:10:49.411+0000] {processor.py:766} INFO - DAG(s) dict_keys(['example_kubernetes_executor']) retrieved from /home/airflow/.local/lib/python3.7/site-packages/airflow/example_dags/example_kubernetes_executor.py
[2023-11-12T20:10:49.826+0000] {logging_mixin.py:120} INFO - [2023-11-12T20:10:49.826+0000] {dag.py:2585} INFO - Sync 1 DAGs
[2023-11-12T20:10:49.954+0000] {logging_mixin.py:120} INFO - [2023-11-12T20:10:49.950+0000] {dag.py:3340} INFO - Setting next_dagrun for example_kubernetes_executor to None, run_after=None
[2023-11-12T20:10:50.065+0000] {processor.py:176} INFO - Processing /home/airflow/.local/lib/python3.7/site-packages/airflow/example_dags/example_kubernetes_executor.py took 1.045 seconds
[2023-11-12T20:11:20.616+0000] {processor.py:154} INFO - Started process (PID=1472) to work on /home/airflow/.local/lib/python3.7/site-packages/airflow/example_dags/example_kubernetes_executor.py
[2023-11-12T20:11:20.617+0000] {processor.py:756} INFO - Processing file /home/airflow/.local/lib/python3.7/site-packages/airflow/example_dags/example_kubernetes_executor.py for tasks to queue
[2023-11-12T20:11:20.618+0000] {logging_mixin.py:120} INFO - [2023-11-12T20:11:20.618+0000] {dagbag.py:537} INFO - Filling up the DagBag from /home/airflow/.local/lib/python3.7/site-packages/airflow/example_dags/example_kubernetes_executor.py
[2023-11-12T20:11:20.683+0000] {processor.py:766} INFO - DAG(s) dict_keys(['example_kubernetes_executor']) retrieved from /home/airflow/.local/lib/python3.7/site-packages/airflow/example_dags/example_kubernetes_executor.py
[2023-11-12T20:11:20.734+0000] {logging_mixin.py:120} INFO - [2023-11-12T20:11:20.734+0000] {dag.py:2585} INFO - Sync 1 DAGs
[2023-11-12T20:11:20.766+0000] {logging_mixin.py:120} INFO - [2023-11-12T20:11:20.766+0000] {dag.py:3340} INFO - Setting next_dagrun for example_kubernetes_executor to None, run_after=None
[2023-11-12T20:11:20.793+0000] {processor.py:176} INFO - Processing /home/airflow/.local/lib/python3.7/site-packages/airflow/example_dags/example_kubernetes_executor.py took 0.180 seconds
[2023-11-12T20:11:51.690+0000] {processor.py:154} INFO - Started process (PID=1534) to work on /home/airflow/.local/lib/python3.7/site-packages/airflow/example_dags/example_kubernetes_executor.py
[2023-11-12T20:11:51.691+0000] {processor.py:756} INFO - Processing file /home/airflow/.local/lib/python3.7/site-packages/airflow/example_dags/example_kubernetes_executor.py for tasks to queue
[2023-11-12T20:11:51.692+0000] {logging_mixin.py:120} INFO - [2023-11-12T20:11:51.692+0000] {dagbag.py:537} INFO - Filling up the DagBag from /home/airflow/.local/lib/python3.7/site-packages/airflow/example_dags/example_kubernetes_executor.py
[2023-11-12T20:11:51.727+0000] {processor.py:766} INFO - DAG(s) dict_keys(['example_kubernetes_executor']) retrieved from /home/airflow/.local/lib/python3.7/site-packages/airflow/example_dags/example_kubernetes_executor.py
[2023-11-12T20:11:51.812+0000] {logging_mixin.py:120} INFO - [2023-11-12T20:11:51.812+0000] {dag.py:2585} INFO - Sync 1 DAGs
[2023-11-12T20:11:51.886+0000] {logging_mixin.py:120} INFO - [2023-11-12T20:11:51.886+0000] {dag.py:3340} INFO - Setting next_dagrun for example_kubernetes_executor to None, run_after=None
[2023-11-12T20:11:51.962+0000] {processor.py:176} INFO - Processing /home/airflow/.local/lib/python3.7/site-packages/airflow/example_dags/example_kubernetes_executor.py took 0.275 seconds
[2023-11-12T20:12:22.915+0000] {processor.py:154} INFO - Started process (PID=1597) to work on /home/airflow/.local/lib/python3.7/site-packages/airflow/example_dags/example_kubernetes_executor.py
[2023-11-12T20:12:22.916+0000] {processor.py:756} INFO - Processing file /home/airflow/.local/lib/python3.7/site-packages/airflow/example_dags/example_kubernetes_executor.py for tasks to queue
[2023-11-12T20:12:22.917+0000] {logging_mixin.py:120} INFO - [2023-11-12T20:12:22.917+0000] {dagbag.py:537} INFO - Filling up the DagBag from /home/airflow/.local/lib/python3.7/site-packages/airflow/example_dags/example_kubernetes_executor.py
[2023-11-12T20:12:23.023+0000] {processor.py:766} INFO - DAG(s) dict_keys(['example_kubernetes_executor']) retrieved from /home/airflow/.local/lib/python3.7/site-packages/airflow/example_dags/example_kubernetes_executor.py
[2023-11-12T20:12:23.320+0000] {logging_mixin.py:120} INFO - [2023-11-12T20:12:23.317+0000] {dag.py:2585} INFO - Sync 1 DAGs
[2023-11-12T20:12:23.449+0000] {logging_mixin.py:120} INFO - [2023-11-12T20:12:23.449+0000] {dag.py:3340} INFO - Setting next_dagrun for example_kubernetes_executor to None, run_after=None
[2023-11-12T20:12:23.517+0000] {processor.py:176} INFO - Processing /home/airflow/.local/lib/python3.7/site-packages/airflow/example_dags/example_kubernetes_executor.py took 0.613 seconds
[2023-11-12T20:12:53.791+0000] {processor.py:154} INFO - Started process (PID=1650) to work on /home/airflow/.local/lib/python3.7/site-packages/airflow/example_dags/example_kubernetes_executor.py
[2023-11-12T20:12:53.792+0000] {processor.py:756} INFO - Processing file /home/airflow/.local/lib/python3.7/site-packages/airflow/example_dags/example_kubernetes_executor.py for tasks to queue
[2023-11-12T20:12:53.792+0000] {logging_mixin.py:120} INFO - [2023-11-12T20:12:53.792+0000] {dagbag.py:537} INFO - Filling up the DagBag from /home/airflow/.local/lib/python3.7/site-packages/airflow/example_dags/example_kubernetes_executor.py
[2023-11-12T20:12:53.816+0000] {processor.py:766} INFO - DAG(s) dict_keys(['example_kubernetes_executor']) retrieved from /home/airflow/.local/lib/python3.7/site-packages/airflow/example_dags/example_kubernetes_executor.py
[2023-11-12T20:12:53.850+0000] {logging_mixin.py:120} INFO - [2023-11-12T20:12:53.850+0000] {dag.py:2585} INFO - Sync 1 DAGs
[2023-11-12T20:12:53.874+0000] {logging_mixin.py:120} INFO - [2023-11-12T20:12:53.874+0000] {dag.py:3340} INFO - Setting next_dagrun for example_kubernetes_executor to None, run_after=None
[2023-11-12T20:12:53.900+0000] {processor.py:176} INFO - Processing /home/airflow/.local/lib/python3.7/site-packages/airflow/example_dags/example_kubernetes_executor.py took 0.112 seconds
[2023-11-12T20:13:24.039+0000] {processor.py:154} INFO - Started process (PID=1712) to work on /home/airflow/.local/lib/python3.7/site-packages/airflow/example_dags/example_kubernetes_executor.py
[2023-11-12T20:13:24.040+0000] {processor.py:756} INFO - Processing file /home/airflow/.local/lib/python3.7/site-packages/airflow/example_dags/example_kubernetes_executor.py for tasks to queue
[2023-11-12T20:13:24.041+0000] {logging_mixin.py:120} INFO - [2023-11-12T20:13:24.041+0000] {dagbag.py:537} INFO - Filling up the DagBag from /home/airflow/.local/lib/python3.7/site-packages/airflow/example_dags/example_kubernetes_executor.py
[2023-11-12T20:13:24.076+0000] {processor.py:766} INFO - DAG(s) dict_keys(['example_kubernetes_executor']) retrieved from /home/airflow/.local/lib/python3.7/site-packages/airflow/example_dags/example_kubernetes_executor.py
[2023-11-12T20:13:24.203+0000] {logging_mixin.py:120} INFO - [2023-11-12T20:13:24.203+0000] {dag.py:2585} INFO - Sync 1 DAGs
[2023-11-12T20:13:24.253+0000] {logging_mixin.py:120} INFO - [2023-11-12T20:13:24.253+0000] {dag.py:3340} INFO - Setting next_dagrun for example_kubernetes_executor to None, run_after=None
[2023-11-12T20:13:24.290+0000] {processor.py:176} INFO - Processing /home/airflow/.local/lib/python3.7/site-packages/airflow/example_dags/example_kubernetes_executor.py took 0.255 seconds
[2023-11-12T20:13:54.773+0000] {processor.py:154} INFO - Started process (PID=1766) to work on /home/airflow/.local/lib/python3.7/site-packages/airflow/example_dags/example_kubernetes_executor.py
[2023-11-12T20:13:54.774+0000] {processor.py:756} INFO - Processing file /home/airflow/.local/lib/python3.7/site-packages/airflow/example_dags/example_kubernetes_executor.py for tasks to queue
[2023-11-12T20:13:54.774+0000] {logging_mixin.py:120} INFO - [2023-11-12T20:13:54.774+0000] {dagbag.py:537} INFO - Filling up the DagBag from /home/airflow/.local/lib/python3.7/site-packages/airflow/example_dags/example_kubernetes_executor.py
[2023-11-12T20:13:54.798+0000] {processor.py:766} INFO - DAG(s) dict_keys(['example_kubernetes_executor']) retrieved from /home/airflow/.local/lib/python3.7/site-packages/airflow/example_dags/example_kubernetes_executor.py
[2023-11-12T20:13:54.832+0000] {logging_mixin.py:120} INFO - [2023-11-12T20:13:54.832+0000] {dag.py:2585} INFO - Sync 1 DAGs
[2023-11-12T20:13:54.853+0000] {logging_mixin.py:120} INFO - [2023-11-12T20:13:54.853+0000] {dag.py:3340} INFO - Setting next_dagrun for example_kubernetes_executor to None, run_after=None
[2023-11-12T20:13:54.874+0000] {processor.py:176} INFO - Processing /home/airflow/.local/lib/python3.7/site-packages/airflow/example_dags/example_kubernetes_executor.py took 0.103 seconds
[2023-11-12T20:14:25.342+0000] {processor.py:154} INFO - Started process (PID=1829) to work on /home/airflow/.local/lib/python3.7/site-packages/airflow/example_dags/example_kubernetes_executor.py
[2023-11-12T20:14:25.356+0000] {processor.py:756} INFO - Processing file /home/airflow/.local/lib/python3.7/site-packages/airflow/example_dags/example_kubernetes_executor.py for tasks to queue
[2023-11-12T20:14:25.371+0000] {logging_mixin.py:120} INFO - [2023-11-12T20:14:25.371+0000] {dagbag.py:537} INFO - Filling up the DagBag from /home/airflow/.local/lib/python3.7/site-packages/airflow/example_dags/example_kubernetes_executor.py
[2023-11-12T20:14:25.503+0000] {processor.py:766} INFO - DAG(s) dict_keys(['example_kubernetes_executor']) retrieved from /home/airflow/.local/lib/python3.7/site-packages/airflow/example_dags/example_kubernetes_executor.py
[2023-11-12T20:14:25.653+0000] {logging_mixin.py:120} INFO - [2023-11-12T20:14:25.653+0000] {dag.py:2585} INFO - Sync 1 DAGs
[2023-11-12T20:14:25.725+0000] {logging_mixin.py:120} INFO - [2023-11-12T20:14:25.725+0000] {dag.py:3340} INFO - Setting next_dagrun for example_kubernetes_executor to None, run_after=None
[2023-11-12T20:14:25.773+0000] {processor.py:176} INFO - Processing /home/airflow/.local/lib/python3.7/site-packages/airflow/example_dags/example_kubernetes_executor.py took 0.435 seconds
[2023-11-12T20:14:55.915+0000] {processor.py:154} INFO - Started process (PID=1883) to work on /home/airflow/.local/lib/python3.7/site-packages/airflow/example_dags/example_kubernetes_executor.py
[2023-11-12T20:14:55.918+0000] {processor.py:756} INFO - Processing file /home/airflow/.local/lib/python3.7/site-packages/airflow/example_dags/example_kubernetes_executor.py for tasks to queue
[2023-11-12T20:14:55.919+0000] {logging_mixin.py:120} INFO - [2023-11-12T20:14:55.919+0000] {dagbag.py:537} INFO - Filling up the DagBag from /home/airflow/.local/lib/python3.7/site-packages/airflow/example_dags/example_kubernetes_executor.py
[2023-11-12T20:14:55.973+0000] {processor.py:766} INFO - DAG(s) dict_keys(['example_kubernetes_executor']) retrieved from /home/airflow/.local/lib/python3.7/site-packages/airflow/example_dags/example_kubernetes_executor.py
[2023-11-12T20:14:56.056+0000] {logging_mixin.py:120} INFO - [2023-11-12T20:14:56.056+0000] {dag.py:2585} INFO - Sync 1 DAGs
[2023-11-12T20:14:56.089+0000] {logging_mixin.py:120} INFO - [2023-11-12T20:14:56.089+0000] {dag.py:3340} INFO - Setting next_dagrun for example_kubernetes_executor to None, run_after=None
[2023-11-12T20:14:56.116+0000] {processor.py:176} INFO - Processing /home/airflow/.local/lib/python3.7/site-packages/airflow/example_dags/example_kubernetes_executor.py took 0.208 seconds
[2023-11-12T20:15:26.192+0000] {processor.py:154} INFO - Started process (PID=1946) to work on /home/airflow/.local/lib/python3.7/site-packages/airflow/example_dags/example_kubernetes_executor.py
[2023-11-12T20:15:26.193+0000] {processor.py:756} INFO - Processing file /home/airflow/.local/lib/python3.7/site-packages/airflow/example_dags/example_kubernetes_executor.py for tasks to queue
[2023-11-12T20:15:26.194+0000] {logging_mixin.py:120} INFO - [2023-11-12T20:15:26.194+0000] {dagbag.py:537} INFO - Filling up the DagBag from /home/airflow/.local/lib/python3.7/site-packages/airflow/example_dags/example_kubernetes_executor.py
[2023-11-12T20:15:26.217+0000] {processor.py:766} INFO - DAG(s) dict_keys(['example_kubernetes_executor']) retrieved from /home/airflow/.local/lib/python3.7/site-packages/airflow/example_dags/example_kubernetes_executor.py
[2023-11-12T20:15:26.250+0000] {logging_mixin.py:120} INFO - [2023-11-12T20:15:26.250+0000] {dag.py:2585} INFO - Sync 1 DAGs
[2023-11-12T20:15:26.270+0000] {logging_mixin.py:120} INFO - [2023-11-12T20:15:26.270+0000] {dag.py:3340} INFO - Setting next_dagrun for example_kubernetes_executor to None, run_after=None
[2023-11-12T20:15:26.291+0000] {processor.py:176} INFO - Processing /home/airflow/.local/lib/python3.7/site-packages/airflow/example_dags/example_kubernetes_executor.py took 0.101 seconds
[2023-11-12T20:15:56.473+0000] {processor.py:154} INFO - Started process (PID=2002) to work on /home/airflow/.local/lib/python3.7/site-packages/airflow/example_dags/example_kubernetes_executor.py
[2023-11-12T20:15:56.474+0000] {processor.py:756} INFO - Processing file /home/airflow/.local/lib/python3.7/site-packages/airflow/example_dags/example_kubernetes_executor.py for tasks to queue
[2023-11-12T20:15:56.475+0000] {logging_mixin.py:120} INFO - [2023-11-12T20:15:56.475+0000] {dagbag.py:537} INFO - Filling up the DagBag from /home/airflow/.local/lib/python3.7/site-packages/airflow/example_dags/example_kubernetes_executor.py
[2023-11-12T20:15:56.510+0000] {processor.py:766} INFO - DAG(s) dict_keys(['example_kubernetes_executor']) retrieved from /home/airflow/.local/lib/python3.7/site-packages/airflow/example_dags/example_kubernetes_executor.py
[2023-11-12T20:15:56.545+0000] {logging_mixin.py:120} INFO - [2023-11-12T20:15:56.545+0000] {dag.py:2585} INFO - Sync 1 DAGs
[2023-11-12T20:15:56.565+0000] {logging_mixin.py:120} INFO - [2023-11-12T20:15:56.565+0000] {dag.py:3340} INFO - Setting next_dagrun for example_kubernetes_executor to None, run_after=None
[2023-11-12T20:15:56.587+0000] {processor.py:176} INFO - Processing /home/airflow/.local/lib/python3.7/site-packages/airflow/example_dags/example_kubernetes_executor.py took 0.117 seconds
[2023-11-12T20:16:27.077+0000] {processor.py:154} INFO - Started process (PID=2065) to work on /home/airflow/.local/lib/python3.7/site-packages/airflow/example_dags/example_kubernetes_executor.py
[2023-11-12T20:16:27.078+0000] {processor.py:756} INFO - Processing file /home/airflow/.local/lib/python3.7/site-packages/airflow/example_dags/example_kubernetes_executor.py for tasks to queue
[2023-11-12T20:16:27.079+0000] {logging_mixin.py:120} INFO - [2023-11-12T20:16:27.079+0000] {dagbag.py:537} INFO - Filling up the DagBag from /home/airflow/.local/lib/python3.7/site-packages/airflow/example_dags/example_kubernetes_executor.py
[2023-11-12T20:16:27.106+0000] {processor.py:766} INFO - DAG(s) dict_keys(['example_kubernetes_executor']) retrieved from /home/airflow/.local/lib/python3.7/site-packages/airflow/example_dags/example_kubernetes_executor.py
[2023-11-12T20:16:27.140+0000] {logging_mixin.py:120} INFO - [2023-11-12T20:16:27.140+0000] {dag.py:2585} INFO - Sync 1 DAGs
[2023-11-12T20:16:27.161+0000] {logging_mixin.py:120} INFO - [2023-11-12T20:16:27.161+0000] {dag.py:3340} INFO - Setting next_dagrun for example_kubernetes_executor to None, run_after=None
[2023-11-12T20:16:27.181+0000] {processor.py:176} INFO - Processing /home/airflow/.local/lib/python3.7/site-packages/airflow/example_dags/example_kubernetes_executor.py took 0.108 seconds
[2023-11-12T20:16:57.969+0000] {processor.py:154} INFO - Started process (PID=2124) to work on /home/airflow/.local/lib/python3.7/site-packages/airflow/example_dags/example_kubernetes_executor.py
[2023-11-12T20:16:57.977+0000] {processor.py:756} INFO - Processing file /home/airflow/.local/lib/python3.7/site-packages/airflow/example_dags/example_kubernetes_executor.py for tasks to queue
[2023-11-12T20:16:57.979+0000] {logging_mixin.py:120} INFO - [2023-11-12T20:16:57.979+0000] {dagbag.py:537} INFO - Filling up the DagBag from /home/airflow/.local/lib/python3.7/site-packages/airflow/example_dags/example_kubernetes_executor.py
[2023-11-12T20:16:58.085+0000] {processor.py:766} INFO - DAG(s) dict_keys(['example_kubernetes_executor']) retrieved from /home/airflow/.local/lib/python3.7/site-packages/airflow/example_dags/example_kubernetes_executor.py
[2023-11-12T20:16:58.185+0000] {logging_mixin.py:120} INFO - [2023-11-12T20:16:58.184+0000] {dag.py:2585} INFO - Sync 1 DAGs
[2023-11-12T20:16:58.253+0000] {logging_mixin.py:120} INFO - [2023-11-12T20:16:58.253+0000] {dag.py:3340} INFO - Setting next_dagrun for example_kubernetes_executor to None, run_after=None
[2023-11-12T20:16:58.305+0000] {processor.py:176} INFO - Processing /home/airflow/.local/lib/python3.7/site-packages/airflow/example_dags/example_kubernetes_executor.py took 0.354 seconds
[2023-11-12T20:17:28.478+0000] {processor.py:154} INFO - Started process (PID=2181) to work on /home/airflow/.local/lib/python3.7/site-packages/airflow/example_dags/example_kubernetes_executor.py
[2023-11-12T20:17:28.479+0000] {processor.py:756} INFO - Processing file /home/airflow/.local/lib/python3.7/site-packages/airflow/example_dags/example_kubernetes_executor.py for tasks to queue
[2023-11-12T20:17:28.479+0000] {logging_mixin.py:120} INFO - [2023-11-12T20:17:28.479+0000] {dagbag.py:537} INFO - Filling up the DagBag from /home/airflow/.local/lib/python3.7/site-packages/airflow/example_dags/example_kubernetes_executor.py
[2023-11-12T20:17:28.542+0000] {processor.py:766} INFO - DAG(s) dict_keys(['example_kubernetes_executor']) retrieved from /home/airflow/.local/lib/python3.7/site-packages/airflow/example_dags/example_kubernetes_executor.py
[2023-11-12T20:17:28.609+0000] {logging_mixin.py:120} INFO - [2023-11-12T20:17:28.609+0000] {dag.py:2585} INFO - Sync 1 DAGs
[2023-11-12T20:17:28.628+0000] {logging_mixin.py:120} INFO - [2023-11-12T20:17:28.628+0000] {dag.py:3340} INFO - Setting next_dagrun for example_kubernetes_executor to None, run_after=None
[2023-11-12T20:17:28.649+0000] {processor.py:176} INFO - Processing /home/airflow/.local/lib/python3.7/site-packages/airflow/example_dags/example_kubernetes_executor.py took 0.175 seconds
[2023-11-12T20:17:59.410+0000] {processor.py:154} INFO - Started process (PID=2244) to work on /home/airflow/.local/lib/python3.7/site-packages/airflow/example_dags/example_kubernetes_executor.py
[2023-11-12T20:17:59.411+0000] {processor.py:756} INFO - Processing file /home/airflow/.local/lib/python3.7/site-packages/airflow/example_dags/example_kubernetes_executor.py for tasks to queue
[2023-11-12T20:17:59.412+0000] {logging_mixin.py:120} INFO - [2023-11-12T20:17:59.411+0000] {dagbag.py:537} INFO - Filling up the DagBag from /home/airflow/.local/lib/python3.7/site-packages/airflow/example_dags/example_kubernetes_executor.py
[2023-11-12T20:17:59.446+0000] {processor.py:766} INFO - DAG(s) dict_keys(['example_kubernetes_executor']) retrieved from /home/airflow/.local/lib/python3.7/site-packages/airflow/example_dags/example_kubernetes_executor.py
[2023-11-12T20:17:59.497+0000] {logging_mixin.py:120} INFO - [2023-11-12T20:17:59.497+0000] {dag.py:2585} INFO - Sync 1 DAGs
[2023-11-12T20:17:59.557+0000] {logging_mixin.py:120} INFO - [2023-11-12T20:17:59.557+0000] {dag.py:3340} INFO - Setting next_dagrun for example_kubernetes_executor to None, run_after=None
[2023-11-12T20:17:59.591+0000] {processor.py:176} INFO - Processing /home/airflow/.local/lib/python3.7/site-packages/airflow/example_dags/example_kubernetes_executor.py took 0.184 seconds
[2023-11-12T20:18:30.153+0000] {processor.py:154} INFO - Started process (PID=2298) to work on /home/airflow/.local/lib/python3.7/site-packages/airflow/example_dags/example_kubernetes_executor.py
[2023-11-12T20:18:30.154+0000] {processor.py:756} INFO - Processing file /home/airflow/.local/lib/python3.7/site-packages/airflow/example_dags/example_kubernetes_executor.py for tasks to queue
[2023-11-12T20:18:30.154+0000] {logging_mixin.py:120} INFO - [2023-11-12T20:18:30.154+0000] {dagbag.py:537} INFO - Filling up the DagBag from /home/airflow/.local/lib/python3.7/site-packages/airflow/example_dags/example_kubernetes_executor.py
[2023-11-12T20:18:30.179+0000] {processor.py:766} INFO - DAG(s) dict_keys(['example_kubernetes_executor']) retrieved from /home/airflow/.local/lib/python3.7/site-packages/airflow/example_dags/example_kubernetes_executor.py
[2023-11-12T20:18:30.225+0000] {logging_mixin.py:120} INFO - [2023-11-12T20:18:30.225+0000] {dag.py:2585} INFO - Sync 1 DAGs
[2023-11-12T20:18:30.252+0000] {logging_mixin.py:120} INFO - [2023-11-12T20:18:30.252+0000] {dag.py:3340} INFO - Setting next_dagrun for example_kubernetes_executor to None, run_after=None
[2023-11-12T20:18:30.276+0000] {processor.py:176} INFO - Processing /home/airflow/.local/lib/python3.7/site-packages/airflow/example_dags/example_kubernetes_executor.py took 0.126 seconds
