[2023-11-12T19:53:12.377+0000] {processor.py:154} INFO - Started process (PID=65) to work on /home/airflow/.local/lib/python3.7/site-packages/airflow/example_dags/example_branch_labels.py
[2023-11-12T19:53:12.378+0000] {processor.py:756} INFO - Processing file /home/airflow/.local/lib/python3.7/site-packages/airflow/example_dags/example_branch_labels.py for tasks to queue
[2023-11-12T19:53:12.378+0000] {logging_mixin.py:120} INFO - [2023-11-12T19:53:12.378+0000] {dagbag.py:537} INFO - Filling up the DagBag from /home/airflow/.local/lib/python3.7/site-packages/airflow/example_dags/example_branch_labels.py
[2023-11-12T19:53:12.439+0000] {processor.py:766} INFO - DAG(s) dict_keys(['example_branch_labels']) retrieved from /home/airflow/.local/lib/python3.7/site-packages/airflow/example_dags/example_branch_labels.py
[2023-11-12T19:53:13.287+0000] {logging_mixin.py:120} INFO - [2023-11-12T19:53:13.286+0000] {manager.py:507} INFO - Created Permission View: can edit on DAG:example_branch_labels
[2023-11-12T19:53:13.332+0000] {logging_mixin.py:120} INFO - [2023-11-12T19:53:13.332+0000] {manager.py:507} INFO - Created Permission View: can delete on DAG:example_branch_labels
[2023-11-12T19:53:13.375+0000] {logging_mixin.py:120} INFO - [2023-11-12T19:53:13.375+0000] {manager.py:507} INFO - Created Permission View: can read on DAG:example_branch_labels
[2023-11-12T19:53:13.375+0000] {logging_mixin.py:120} INFO - [2023-11-12T19:53:13.375+0000] {dag.py:2585} INFO - Sync 1 DAGs
[2023-11-12T19:53:13.414+0000] {logging_mixin.py:120} INFO - [2023-11-12T19:53:13.414+0000] {dag.py:2606} INFO - Creating ORM DAG for example_branch_labels
[2023-11-12T19:53:13.459+0000] {logging_mixin.py:120} INFO - [2023-11-12T19:53:13.459+0000] {dag.py:3340} INFO - Setting next_dagrun for example_branch_labels to 2023-11-11T00:00:00+00:00, run_after=2023-11-12T00:00:00+00:00
[2023-11-12T19:53:13.564+0000] {processor.py:176} INFO - Processing /home/airflow/.local/lib/python3.7/site-packages/airflow/example_dags/example_branch_labels.py took 1.201 seconds
[2023-11-12T19:53:44.010+0000] {processor.py:154} INFO - Started process (PID=128) to work on /home/airflow/.local/lib/python3.7/site-packages/airflow/example_dags/example_branch_labels.py
[2023-11-12T19:53:44.010+0000] {processor.py:756} INFO - Processing file /home/airflow/.local/lib/python3.7/site-packages/airflow/example_dags/example_branch_labels.py for tasks to queue
[2023-11-12T19:53:44.011+0000] {logging_mixin.py:120} INFO - [2023-11-12T19:53:44.011+0000] {dagbag.py:537} INFO - Filling up the DagBag from /home/airflow/.local/lib/python3.7/site-packages/airflow/example_dags/example_branch_labels.py
[2023-11-12T19:53:44.030+0000] {processor.py:766} INFO - DAG(s) dict_keys(['example_branch_labels']) retrieved from /home/airflow/.local/lib/python3.7/site-packages/airflow/example_dags/example_branch_labels.py
[2023-11-12T19:53:44.094+0000] {logging_mixin.py:120} INFO - [2023-11-12T19:53:44.094+0000] {dag.py:2585} INFO - Sync 1 DAGs
[2023-11-12T19:53:44.129+0000] {logging_mixin.py:120} INFO - [2023-11-12T19:53:44.129+0000] {dag.py:3340} INFO - Setting next_dagrun for example_branch_labels to 2023-11-11T00:00:00+00:00, run_after=2023-11-12T00:00:00+00:00
[2023-11-12T19:53:44.154+0000] {processor.py:176} INFO - Processing /home/airflow/.local/lib/python3.7/site-packages/airflow/example_dags/example_branch_labels.py took 0.153 seconds
[2023-11-12T19:54:14.259+0000] {processor.py:154} INFO - Started process (PID=182) to work on /home/airflow/.local/lib/python3.7/site-packages/airflow/example_dags/example_branch_labels.py
[2023-11-12T19:54:14.260+0000] {processor.py:756} INFO - Processing file /home/airflow/.local/lib/python3.7/site-packages/airflow/example_dags/example_branch_labels.py for tasks to queue
[2023-11-12T19:54:14.260+0000] {logging_mixin.py:120} INFO - [2023-11-12T19:54:14.260+0000] {dagbag.py:537} INFO - Filling up the DagBag from /home/airflow/.local/lib/python3.7/site-packages/airflow/example_dags/example_branch_labels.py
[2023-11-12T19:54:14.283+0000] {processor.py:766} INFO - DAG(s) dict_keys(['example_branch_labels']) retrieved from /home/airflow/.local/lib/python3.7/site-packages/airflow/example_dags/example_branch_labels.py
[2023-11-12T19:54:14.338+0000] {logging_mixin.py:120} INFO - [2023-11-12T19:54:14.338+0000] {dag.py:2585} INFO - Sync 1 DAGs
[2023-11-12T19:54:14.373+0000] {logging_mixin.py:120} INFO - [2023-11-12T19:54:14.373+0000] {dag.py:3340} INFO - Setting next_dagrun for example_branch_labels to 2023-11-11T00:00:00+00:00, run_after=2023-11-12T00:00:00+00:00
[2023-11-12T19:54:14.402+0000] {processor.py:176} INFO - Processing /home/airflow/.local/lib/python3.7/site-packages/airflow/example_dags/example_branch_labels.py took 0.147 seconds
[2023-11-12T19:57:06.510+0000] {processor.py:154} INFO - Started process (PID=64) to work on /home/airflow/.local/lib/python3.7/site-packages/airflow/example_dags/example_branch_labels.py
[2023-11-12T19:57:06.521+0000] {processor.py:756} INFO - Processing file /home/airflow/.local/lib/python3.7/site-packages/airflow/example_dags/example_branch_labels.py for tasks to queue
[2023-11-12T19:57:06.523+0000] {logging_mixin.py:120} INFO - [2023-11-12T19:57:06.523+0000] {dagbag.py:537} INFO - Filling up the DagBag from /home/airflow/.local/lib/python3.7/site-packages/airflow/example_dags/example_branch_labels.py
[2023-11-12T19:57:06.585+0000] {processor.py:766} INFO - DAG(s) dict_keys(['example_branch_labels']) retrieved from /home/airflow/.local/lib/python3.7/site-packages/airflow/example_dags/example_branch_labels.py
[2023-11-12T19:57:06.757+0000] {logging_mixin.py:120} INFO - [2023-11-12T19:57:06.757+0000] {dag.py:2585} INFO - Sync 1 DAGs
[2023-11-12T19:57:06.944+0000] {logging_mixin.py:120} INFO - [2023-11-12T19:57:06.943+0000] {dag.py:3340} INFO - Setting next_dagrun for example_branch_labels to 2023-11-11T00:00:00+00:00, run_after=2023-11-12T00:00:00+00:00
[2023-11-12T19:57:07.073+0000] {processor.py:176} INFO - Processing /home/airflow/.local/lib/python3.7/site-packages/airflow/example_dags/example_branch_labels.py took 0.578 seconds
[2023-11-12T19:57:37.327+0000] {processor.py:154} INFO - Started process (PID=118) to work on /home/airflow/.local/lib/python3.7/site-packages/airflow/example_dags/example_branch_labels.py
[2023-11-12T19:57:37.328+0000] {processor.py:756} INFO - Processing file /home/airflow/.local/lib/python3.7/site-packages/airflow/example_dags/example_branch_labels.py for tasks to queue
[2023-11-12T19:57:37.329+0000] {logging_mixin.py:120} INFO - [2023-11-12T19:57:37.329+0000] {dagbag.py:537} INFO - Filling up the DagBag from /home/airflow/.local/lib/python3.7/site-packages/airflow/example_dags/example_branch_labels.py
[2023-11-12T19:57:37.344+0000] {processor.py:766} INFO - DAG(s) dict_keys(['example_branch_labels']) retrieved from /home/airflow/.local/lib/python3.7/site-packages/airflow/example_dags/example_branch_labels.py
[2023-11-12T19:57:37.382+0000] {logging_mixin.py:120} INFO - [2023-11-12T19:57:37.382+0000] {dag.py:2585} INFO - Sync 1 DAGs
[2023-11-12T19:57:37.412+0000] {logging_mixin.py:120} INFO - [2023-11-12T19:57:37.412+0000] {dag.py:3340} INFO - Setting next_dagrun for example_branch_labels to 2023-11-11T00:00:00+00:00, run_after=2023-11-12T00:00:00+00:00
[2023-11-12T19:57:37.436+0000] {processor.py:176} INFO - Processing /home/airflow/.local/lib/python3.7/site-packages/airflow/example_dags/example_branch_labels.py took 0.112 seconds
[2023-11-12T19:59:00.372+0000] {processor.py:154} INFO - Started process (PID=66) to work on /home/airflow/.local/lib/python3.7/site-packages/airflow/example_dags/example_branch_labels.py
[2023-11-12T19:59:00.380+0000] {processor.py:756} INFO - Processing file /home/airflow/.local/lib/python3.7/site-packages/airflow/example_dags/example_branch_labels.py for tasks to queue
[2023-11-12T19:59:00.381+0000] {logging_mixin.py:120} INFO - [2023-11-12T19:59:00.381+0000] {dagbag.py:537} INFO - Filling up the DagBag from /home/airflow/.local/lib/python3.7/site-packages/airflow/example_dags/example_branch_labels.py
[2023-11-12T19:59:00.431+0000] {processor.py:766} INFO - DAG(s) dict_keys(['example_branch_labels']) retrieved from /home/airflow/.local/lib/python3.7/site-packages/airflow/example_dags/example_branch_labels.py
[2023-11-12T19:59:00.574+0000] {logging_mixin.py:120} INFO - [2023-11-12T19:59:00.573+0000] {dag.py:2585} INFO - Sync 1 DAGs
[2023-11-12T19:59:00.673+0000] {logging_mixin.py:120} INFO - [2023-11-12T19:59:00.672+0000] {dag.py:3340} INFO - Setting next_dagrun for example_branch_labels to 2023-11-11T00:00:00+00:00, run_after=2023-11-12T00:00:00+00:00
[2023-11-12T19:59:00.741+0000] {processor.py:176} INFO - Processing /home/airflow/.local/lib/python3.7/site-packages/airflow/example_dags/example_branch_labels.py took 0.376 seconds
[2023-11-12T19:59:31.354+0000] {processor.py:154} INFO - Started process (PID=128) to work on /home/airflow/.local/lib/python3.7/site-packages/airflow/example_dags/example_branch_labels.py
[2023-11-12T19:59:31.361+0000] {processor.py:756} INFO - Processing file /home/airflow/.local/lib/python3.7/site-packages/airflow/example_dags/example_branch_labels.py for tasks to queue
[2023-11-12T19:59:31.361+0000] {logging_mixin.py:120} INFO - [2023-11-12T19:59:31.361+0000] {dagbag.py:537} INFO - Filling up the DagBag from /home/airflow/.local/lib/python3.7/site-packages/airflow/example_dags/example_branch_labels.py
[2023-11-12T19:59:31.399+0000] {processor.py:766} INFO - DAG(s) dict_keys(['example_branch_labels']) retrieved from /home/airflow/.local/lib/python3.7/site-packages/airflow/example_dags/example_branch_labels.py
[2023-11-12T19:59:31.485+0000] {logging_mixin.py:120} INFO - [2023-11-12T19:59:31.485+0000] {dag.py:2585} INFO - Sync 1 DAGs
[2023-11-12T19:59:31.529+0000] {logging_mixin.py:120} INFO - [2023-11-12T19:59:31.529+0000] {dag.py:3340} INFO - Setting next_dagrun for example_branch_labels to 2023-11-11T00:00:00+00:00, run_after=2023-11-12T00:00:00+00:00
[2023-11-12T19:59:31.565+0000] {processor.py:176} INFO - Processing /home/airflow/.local/lib/python3.7/site-packages/airflow/example_dags/example_branch_labels.py took 0.222 seconds
[2023-11-12T20:00:02.062+0000] {processor.py:154} INFO - Started process (PID=186) to work on /home/airflow/.local/lib/python3.7/site-packages/airflow/example_dags/example_branch_labels.py
[2023-11-12T20:00:02.063+0000] {processor.py:756} INFO - Processing file /home/airflow/.local/lib/python3.7/site-packages/airflow/example_dags/example_branch_labels.py for tasks to queue
[2023-11-12T20:00:02.063+0000] {logging_mixin.py:120} INFO - [2023-11-12T20:00:02.063+0000] {dagbag.py:537} INFO - Filling up the DagBag from /home/airflow/.local/lib/python3.7/site-packages/airflow/example_dags/example_branch_labels.py
[2023-11-12T20:00:02.079+0000] {processor.py:766} INFO - DAG(s) dict_keys(['example_branch_labels']) retrieved from /home/airflow/.local/lib/python3.7/site-packages/airflow/example_dags/example_branch_labels.py
[2023-11-12T20:00:02.245+0000] {logging_mixin.py:120} INFO - [2023-11-12T20:00:02.245+0000] {dag.py:2585} INFO - Sync 1 DAGs
[2023-11-12T20:00:02.424+0000] {logging_mixin.py:120} INFO - [2023-11-12T20:00:02.424+0000] {dag.py:3340} INFO - Setting next_dagrun for example_branch_labels to 2023-11-11T00:00:00+00:00, run_after=2023-11-12T00:00:00+00:00
[2023-11-12T20:00:02.505+0000] {processor.py:176} INFO - Processing /home/airflow/.local/lib/python3.7/site-packages/airflow/example_dags/example_branch_labels.py took 0.454 seconds
[2023-11-12T20:00:33.370+0000] {processor.py:154} INFO - Started process (PID=249) to work on /home/airflow/.local/lib/python3.7/site-packages/airflow/example_dags/example_branch_labels.py
[2023-11-12T20:00:33.376+0000] {processor.py:756} INFO - Processing file /home/airflow/.local/lib/python3.7/site-packages/airflow/example_dags/example_branch_labels.py for tasks to queue
[2023-11-12T20:00:33.380+0000] {logging_mixin.py:120} INFO - [2023-11-12T20:00:33.380+0000] {dagbag.py:537} INFO - Filling up the DagBag from /home/airflow/.local/lib/python3.7/site-packages/airflow/example_dags/example_branch_labels.py
[2023-11-12T20:00:33.433+0000] {processor.py:766} INFO - DAG(s) dict_keys(['example_branch_labels']) retrieved from /home/airflow/.local/lib/python3.7/site-packages/airflow/example_dags/example_branch_labels.py
[2023-11-12T20:00:33.561+0000] {logging_mixin.py:120} INFO - [2023-11-12T20:00:33.560+0000] {dag.py:2585} INFO - Sync 1 DAGs
[2023-11-12T20:00:33.651+0000] {logging_mixin.py:120} INFO - [2023-11-12T20:00:33.651+0000] {dag.py:3340} INFO - Setting next_dagrun for example_branch_labels to 2023-11-11T00:00:00+00:00, run_after=2023-11-12T00:00:00+00:00
[2023-11-12T20:00:33.705+0000] {processor.py:176} INFO - Processing /home/airflow/.local/lib/python3.7/site-packages/airflow/example_dags/example_branch_labels.py took 0.338 seconds
[2023-11-12T20:01:03.772+0000] {processor.py:154} INFO - Started process (PID=310) to work on /home/airflow/.local/lib/python3.7/site-packages/airflow/example_dags/example_branch_labels.py
[2023-11-12T20:01:03.773+0000] {processor.py:756} INFO - Processing file /home/airflow/.local/lib/python3.7/site-packages/airflow/example_dags/example_branch_labels.py for tasks to queue
[2023-11-12T20:01:03.774+0000] {logging_mixin.py:120} INFO - [2023-11-12T20:01:03.774+0000] {dagbag.py:537} INFO - Filling up the DagBag from /home/airflow/.local/lib/python3.7/site-packages/airflow/example_dags/example_branch_labels.py
[2023-11-12T20:01:03.791+0000] {processor.py:766} INFO - DAG(s) dict_keys(['example_branch_labels']) retrieved from /home/airflow/.local/lib/python3.7/site-packages/airflow/example_dags/example_branch_labels.py
[2023-11-12T20:01:03.927+0000] {logging_mixin.py:120} INFO - [2023-11-12T20:01:03.926+0000] {dag.py:2585} INFO - Sync 1 DAGs
[2023-11-12T20:01:03.975+0000] {logging_mixin.py:120} INFO - [2023-11-12T20:01:03.975+0000] {dag.py:3340} INFO - Setting next_dagrun for example_branch_labels to 2023-11-11T00:00:00+00:00, run_after=2023-11-12T00:00:00+00:00
[2023-11-12T20:01:04.003+0000] {processor.py:176} INFO - Processing /home/airflow/.local/lib/python3.7/site-packages/airflow/example_dags/example_branch_labels.py took 0.234 seconds
[2023-11-12T20:01:34.122+0000] {processor.py:154} INFO - Started process (PID=366) to work on /home/airflow/.local/lib/python3.7/site-packages/airflow/example_dags/example_branch_labels.py
[2023-11-12T20:01:34.122+0000] {processor.py:756} INFO - Processing file /home/airflow/.local/lib/python3.7/site-packages/airflow/example_dags/example_branch_labels.py for tasks to queue
[2023-11-12T20:01:34.123+0000] {logging_mixin.py:120} INFO - [2023-11-12T20:01:34.123+0000] {dagbag.py:537} INFO - Filling up the DagBag from /home/airflow/.local/lib/python3.7/site-packages/airflow/example_dags/example_branch_labels.py
[2023-11-12T20:01:34.135+0000] {processor.py:766} INFO - DAG(s) dict_keys(['example_branch_labels']) retrieved from /home/airflow/.local/lib/python3.7/site-packages/airflow/example_dags/example_branch_labels.py
[2023-11-12T20:01:34.168+0000] {logging_mixin.py:120} INFO - [2023-11-12T20:01:34.168+0000] {dag.py:2585} INFO - Sync 1 DAGs
[2023-11-12T20:01:34.188+0000] {logging_mixin.py:120} INFO - [2023-11-12T20:01:34.188+0000] {dag.py:3340} INFO - Setting next_dagrun for example_branch_labels to 2023-11-11T00:00:00+00:00, run_after=2023-11-12T00:00:00+00:00
[2023-11-12T20:01:34.211+0000] {processor.py:176} INFO - Processing /home/airflow/.local/lib/python3.7/site-packages/airflow/example_dags/example_branch_labels.py took 0.092 seconds
[2023-11-12T20:02:04.921+0000] {processor.py:154} INFO - Started process (PID=429) to work on /home/airflow/.local/lib/python3.7/site-packages/airflow/example_dags/example_branch_labels.py
[2023-11-12T20:02:04.921+0000] {processor.py:756} INFO - Processing file /home/airflow/.local/lib/python3.7/site-packages/airflow/example_dags/example_branch_labels.py for tasks to queue
[2023-11-12T20:02:04.922+0000] {logging_mixin.py:120} INFO - [2023-11-12T20:02:04.922+0000] {dagbag.py:537} INFO - Filling up the DagBag from /home/airflow/.local/lib/python3.7/site-packages/airflow/example_dags/example_branch_labels.py
[2023-11-12T20:02:04.939+0000] {processor.py:766} INFO - DAG(s) dict_keys(['example_branch_labels']) retrieved from /home/airflow/.local/lib/python3.7/site-packages/airflow/example_dags/example_branch_labels.py
[2023-11-12T20:02:05.021+0000] {logging_mixin.py:120} INFO - [2023-11-12T20:02:05.020+0000] {dag.py:2585} INFO - Sync 1 DAGs
[2023-11-12T20:02:05.065+0000] {logging_mixin.py:120} INFO - [2023-11-12T20:02:05.065+0000] {dag.py:3340} INFO - Setting next_dagrun for example_branch_labels to 2023-11-11T00:00:00+00:00, run_after=2023-11-12T00:00:00+00:00
[2023-11-12T20:02:05.104+0000] {processor.py:176} INFO - Processing /home/airflow/.local/lib/python3.7/site-packages/airflow/example_dags/example_branch_labels.py took 0.187 seconds
[2023-11-12T20:02:35.269+0000] {processor.py:154} INFO - Started process (PID=483) to work on /home/airflow/.local/lib/python3.7/site-packages/airflow/example_dags/example_branch_labels.py
[2023-11-12T20:02:35.270+0000] {processor.py:756} INFO - Processing file /home/airflow/.local/lib/python3.7/site-packages/airflow/example_dags/example_branch_labels.py for tasks to queue
[2023-11-12T20:02:35.271+0000] {logging_mixin.py:120} INFO - [2023-11-12T20:02:35.270+0000] {dagbag.py:537} INFO - Filling up the DagBag from /home/airflow/.local/lib/python3.7/site-packages/airflow/example_dags/example_branch_labels.py
[2023-11-12T20:02:35.289+0000] {processor.py:766} INFO - DAG(s) dict_keys(['example_branch_labels']) retrieved from /home/airflow/.local/lib/python3.7/site-packages/airflow/example_dags/example_branch_labels.py
[2023-11-12T20:02:35.336+0000] {logging_mixin.py:120} INFO - [2023-11-12T20:02:35.336+0000] {dag.py:2585} INFO - Sync 1 DAGs
[2023-11-12T20:02:35.369+0000] {logging_mixin.py:120} INFO - [2023-11-12T20:02:35.368+0000] {dag.py:3340} INFO - Setting next_dagrun for example_branch_labels to 2023-11-11T00:00:00+00:00, run_after=2023-11-12T00:00:00+00:00
[2023-11-12T20:02:35.394+0000] {processor.py:176} INFO - Processing /home/airflow/.local/lib/python3.7/site-packages/airflow/example_dags/example_branch_labels.py took 0.128 seconds
[2023-11-12T20:03:06.308+0000] {processor.py:154} INFO - Started process (PID=547) to work on /home/airflow/.local/lib/python3.7/site-packages/airflow/example_dags/example_branch_labels.py
[2023-11-12T20:03:06.308+0000] {processor.py:756} INFO - Processing file /home/airflow/.local/lib/python3.7/site-packages/airflow/example_dags/example_branch_labels.py for tasks to queue
[2023-11-12T20:03:06.309+0000] {logging_mixin.py:120} INFO - [2023-11-12T20:03:06.309+0000] {dagbag.py:537} INFO - Filling up the DagBag from /home/airflow/.local/lib/python3.7/site-packages/airflow/example_dags/example_branch_labels.py
[2023-11-12T20:03:06.346+0000] {processor.py:766} INFO - DAG(s) dict_keys(['example_branch_labels']) retrieved from /home/airflow/.local/lib/python3.7/site-packages/airflow/example_dags/example_branch_labels.py
[2023-11-12T20:03:06.438+0000] {logging_mixin.py:120} INFO - [2023-11-12T20:03:06.438+0000] {dag.py:2585} INFO - Sync 1 DAGs
[2023-11-12T20:03:06.471+0000] {logging_mixin.py:120} INFO - [2023-11-12T20:03:06.471+0000] {dag.py:3340} INFO - Setting next_dagrun for example_branch_labels to 2023-11-11T00:00:00+00:00, run_after=2023-11-12T00:00:00+00:00
[2023-11-12T20:03:06.509+0000] {processor.py:176} INFO - Processing /home/airflow/.local/lib/python3.7/site-packages/airflow/example_dags/example_branch_labels.py took 0.210 seconds
[2023-11-12T20:03:36.608+0000] {processor.py:154} INFO - Started process (PID=611) to work on /home/airflow/.local/lib/python3.7/site-packages/airflow/example_dags/example_branch_labels.py
[2023-11-12T20:03:36.609+0000] {processor.py:756} INFO - Processing file /home/airflow/.local/lib/python3.7/site-packages/airflow/example_dags/example_branch_labels.py for tasks to queue
[2023-11-12T20:03:36.610+0000] {logging_mixin.py:120} INFO - [2023-11-12T20:03:36.610+0000] {dagbag.py:537} INFO - Filling up the DagBag from /home/airflow/.local/lib/python3.7/site-packages/airflow/example_dags/example_branch_labels.py
[2023-11-12T20:03:36.627+0000] {processor.py:766} INFO - DAG(s) dict_keys(['example_branch_labels']) retrieved from /home/airflow/.local/lib/python3.7/site-packages/airflow/example_dags/example_branch_labels.py
[2023-11-12T20:03:36.675+0000] {logging_mixin.py:120} INFO - [2023-11-12T20:03:36.674+0000] {dag.py:2585} INFO - Sync 1 DAGs
[2023-11-12T20:03:36.707+0000] {logging_mixin.py:120} INFO - [2023-11-12T20:03:36.707+0000] {dag.py:3340} INFO - Setting next_dagrun for example_branch_labels to 2023-11-11T00:00:00+00:00, run_after=2023-11-12T00:00:00+00:00
[2023-11-12T20:03:36.733+0000] {processor.py:176} INFO - Processing /home/airflow/.local/lib/python3.7/site-packages/airflow/example_dags/example_branch_labels.py took 0.128 seconds
[2023-11-12T20:04:06.811+0000] {processor.py:154} INFO - Started process (PID=675) to work on /home/airflow/.local/lib/python3.7/site-packages/airflow/example_dags/example_branch_labels.py
[2023-11-12T20:04:06.820+0000] {processor.py:756} INFO - Processing file /home/airflow/.local/lib/python3.7/site-packages/airflow/example_dags/example_branch_labels.py for tasks to queue
[2023-11-12T20:04:06.821+0000] {logging_mixin.py:120} INFO - [2023-11-12T20:04:06.821+0000] {dagbag.py:537} INFO - Filling up the DagBag from /home/airflow/.local/lib/python3.7/site-packages/airflow/example_dags/example_branch_labels.py
[2023-11-12T20:04:06.854+0000] {processor.py:766} INFO - DAG(s) dict_keys(['example_branch_labels']) retrieved from /home/airflow/.local/lib/python3.7/site-packages/airflow/example_dags/example_branch_labels.py
[2023-11-12T20:04:06.932+0000] {logging_mixin.py:120} INFO - [2023-11-12T20:04:06.932+0000] {dag.py:2585} INFO - Sync 1 DAGs
[2023-11-12T20:04:06.969+0000] {logging_mixin.py:120} INFO - [2023-11-12T20:04:06.969+0000] {dag.py:3340} INFO - Setting next_dagrun for example_branch_labels to 2023-11-11T00:00:00+00:00, run_after=2023-11-12T00:00:00+00:00
[2023-11-12T20:04:07.005+0000] {processor.py:176} INFO - Processing /home/airflow/.local/lib/python3.7/site-packages/airflow/example_dags/example_branch_labels.py took 0.198 seconds
[2023-11-12T20:04:37.488+0000] {processor.py:154} INFO - Started process (PID=730) to work on /home/airflow/.local/lib/python3.7/site-packages/airflow/example_dags/example_branch_labels.py
[2023-11-12T20:04:37.505+0000] {processor.py:756} INFO - Processing file /home/airflow/.local/lib/python3.7/site-packages/airflow/example_dags/example_branch_labels.py for tasks to queue
[2023-11-12T20:04:37.506+0000] {logging_mixin.py:120} INFO - [2023-11-12T20:04:37.506+0000] {dagbag.py:537} INFO - Filling up the DagBag from /home/airflow/.local/lib/python3.7/site-packages/airflow/example_dags/example_branch_labels.py
[2023-11-12T20:04:37.536+0000] {processor.py:766} INFO - DAG(s) dict_keys(['example_branch_labels']) retrieved from /home/airflow/.local/lib/python3.7/site-packages/airflow/example_dags/example_branch_labels.py
[2023-11-12T20:04:37.655+0000] {logging_mixin.py:120} INFO - [2023-11-12T20:04:37.655+0000] {dag.py:2585} INFO - Sync 1 DAGs
[2023-11-12T20:04:37.738+0000] {logging_mixin.py:120} INFO - [2023-11-12T20:04:37.738+0000] {dag.py:3340} INFO - Setting next_dagrun for example_branch_labels to 2023-11-11T00:00:00+00:00, run_after=2023-11-12T00:00:00+00:00
[2023-11-12T20:04:37.809+0000] {processor.py:176} INFO - Processing /home/airflow/.local/lib/python3.7/site-packages/airflow/example_dags/example_branch_labels.py took 0.324 seconds
[2023-11-12T20:05:08.526+0000] {processor.py:154} INFO - Started process (PID=794) to work on /home/airflow/.local/lib/python3.7/site-packages/airflow/example_dags/example_branch_labels.py
[2023-11-12T20:05:08.527+0000] {processor.py:756} INFO - Processing file /home/airflow/.local/lib/python3.7/site-packages/airflow/example_dags/example_branch_labels.py for tasks to queue
[2023-11-12T20:05:08.529+0000] {logging_mixin.py:120} INFO - [2023-11-12T20:05:08.529+0000] {dagbag.py:537} INFO - Filling up the DagBag from /home/airflow/.local/lib/python3.7/site-packages/airflow/example_dags/example_branch_labels.py
[2023-11-12T20:05:08.555+0000] {processor.py:766} INFO - DAG(s) dict_keys(['example_branch_labels']) retrieved from /home/airflow/.local/lib/python3.7/site-packages/airflow/example_dags/example_branch_labels.py
[2023-11-12T20:05:08.603+0000] {logging_mixin.py:120} INFO - [2023-11-12T20:05:08.603+0000] {dag.py:2585} INFO - Sync 1 DAGs
[2023-11-12T20:05:08.638+0000] {logging_mixin.py:120} INFO - [2023-11-12T20:05:08.638+0000] {dag.py:3340} INFO - Setting next_dagrun for example_branch_labels to 2023-11-11T00:00:00+00:00, run_after=2023-11-12T00:00:00+00:00
[2023-11-12T20:05:08.663+0000] {processor.py:176} INFO - Processing /home/airflow/.local/lib/python3.7/site-packages/airflow/example_dags/example_branch_labels.py took 0.147 seconds
[2023-11-12T20:05:39.034+0000] {processor.py:154} INFO - Started process (PID=847) to work on /home/airflow/.local/lib/python3.7/site-packages/airflow/example_dags/example_branch_labels.py
[2023-11-12T20:05:39.035+0000] {processor.py:756} INFO - Processing file /home/airflow/.local/lib/python3.7/site-packages/airflow/example_dags/example_branch_labels.py for tasks to queue
[2023-11-12T20:05:39.036+0000] {logging_mixin.py:120} INFO - [2023-11-12T20:05:39.036+0000] {dagbag.py:537} INFO - Filling up the DagBag from /home/airflow/.local/lib/python3.7/site-packages/airflow/example_dags/example_branch_labels.py
[2023-11-12T20:05:39.053+0000] {processor.py:766} INFO - DAG(s) dict_keys(['example_branch_labels']) retrieved from /home/airflow/.local/lib/python3.7/site-packages/airflow/example_dags/example_branch_labels.py
[2023-11-12T20:05:39.113+0000] {logging_mixin.py:120} INFO - [2023-11-12T20:05:39.113+0000] {dag.py:2585} INFO - Sync 1 DAGs
[2023-11-12T20:05:39.146+0000] {logging_mixin.py:120} INFO - [2023-11-12T20:05:39.145+0000] {dag.py:3340} INFO - Setting next_dagrun for example_branch_labels to 2023-11-11T00:00:00+00:00, run_after=2023-11-12T00:00:00+00:00
[2023-11-12T20:05:39.181+0000] {processor.py:176} INFO - Processing /home/airflow/.local/lib/python3.7/site-packages/airflow/example_dags/example_branch_labels.py took 0.150 seconds
[2023-11-12T20:06:10.377+0000] {processor.py:154} INFO - Started process (PID=909) to work on /home/airflow/.local/lib/python3.7/site-packages/airflow/example_dags/example_branch_labels.py
[2023-11-12T20:06:10.378+0000] {processor.py:756} INFO - Processing file /home/airflow/.local/lib/python3.7/site-packages/airflow/example_dags/example_branch_labels.py for tasks to queue
[2023-11-12T20:06:10.379+0000] {logging_mixin.py:120} INFO - [2023-11-12T20:06:10.379+0000] {dagbag.py:537} INFO - Filling up the DagBag from /home/airflow/.local/lib/python3.7/site-packages/airflow/example_dags/example_branch_labels.py
[2023-11-12T20:06:10.395+0000] {processor.py:766} INFO - DAG(s) dict_keys(['example_branch_labels']) retrieved from /home/airflow/.local/lib/python3.7/site-packages/airflow/example_dags/example_branch_labels.py
[2023-11-12T20:06:10.457+0000] {logging_mixin.py:120} INFO - [2023-11-12T20:06:10.457+0000] {dag.py:2585} INFO - Sync 1 DAGs
[2023-11-12T20:06:10.482+0000] {logging_mixin.py:120} INFO - [2023-11-12T20:06:10.482+0000] {dag.py:3340} INFO - Setting next_dagrun for example_branch_labels to 2023-11-11T00:00:00+00:00, run_after=2023-11-12T00:00:00+00:00
[2023-11-12T20:06:10.502+0000] {processor.py:176} INFO - Processing /home/airflow/.local/lib/python3.7/site-packages/airflow/example_dags/example_branch_labels.py took 0.129 seconds
[2023-11-12T20:06:40.843+0000] {processor.py:154} INFO - Started process (PID=963) to work on /home/airflow/.local/lib/python3.7/site-packages/airflow/example_dags/example_branch_labels.py
[2023-11-12T20:06:40.844+0000] {processor.py:756} INFO - Processing file /home/airflow/.local/lib/python3.7/site-packages/airflow/example_dags/example_branch_labels.py for tasks to queue
[2023-11-12T20:06:40.844+0000] {logging_mixin.py:120} INFO - [2023-11-12T20:06:40.844+0000] {dagbag.py:537} INFO - Filling up the DagBag from /home/airflow/.local/lib/python3.7/site-packages/airflow/example_dags/example_branch_labels.py
[2023-11-12T20:06:40.883+0000] {processor.py:766} INFO - DAG(s) dict_keys(['example_branch_labels']) retrieved from /home/airflow/.local/lib/python3.7/site-packages/airflow/example_dags/example_branch_labels.py
[2023-11-12T20:06:40.971+0000] {logging_mixin.py:120} INFO - [2023-11-12T20:06:40.970+0000] {dag.py:2585} INFO - Sync 1 DAGs
[2023-11-12T20:06:41.011+0000] {logging_mixin.py:120} INFO - [2023-11-12T20:06:41.010+0000] {dag.py:3340} INFO - Setting next_dagrun for example_branch_labels to 2023-11-11T00:00:00+00:00, run_after=2023-11-12T00:00:00+00:00
[2023-11-12T20:06:41.036+0000] {processor.py:176} INFO - Processing /home/airflow/.local/lib/python3.7/site-packages/airflow/example_dags/example_branch_labels.py took 0.197 seconds
[2023-11-12T20:07:11.311+0000] {processor.py:154} INFO - Started process (PID=1025) to work on /home/airflow/.local/lib/python3.7/site-packages/airflow/example_dags/example_branch_labels.py
[2023-11-12T20:07:11.312+0000] {processor.py:756} INFO - Processing file /home/airflow/.local/lib/python3.7/site-packages/airflow/example_dags/example_branch_labels.py for tasks to queue
[2023-11-12T20:07:11.313+0000] {logging_mixin.py:120} INFO - [2023-11-12T20:07:11.313+0000] {dagbag.py:537} INFO - Filling up the DagBag from /home/airflow/.local/lib/python3.7/site-packages/airflow/example_dags/example_branch_labels.py
[2023-11-12T20:07:11.332+0000] {processor.py:766} INFO - DAG(s) dict_keys(['example_branch_labels']) retrieved from /home/airflow/.local/lib/python3.7/site-packages/airflow/example_dags/example_branch_labels.py
[2023-11-12T20:07:11.379+0000] {logging_mixin.py:120} INFO - [2023-11-12T20:07:11.379+0000] {dag.py:2585} INFO - Sync 1 DAGs
[2023-11-12T20:07:11.407+0000] {logging_mixin.py:120} INFO - [2023-11-12T20:07:11.407+0000] {dag.py:3340} INFO - Setting next_dagrun for example_branch_labels to 2023-11-11T00:00:00+00:00, run_after=2023-11-12T00:00:00+00:00
[2023-11-12T20:07:11.432+0000] {processor.py:176} INFO - Processing /home/airflow/.local/lib/python3.7/site-packages/airflow/example_dags/example_branch_labels.py took 0.124 seconds
[2023-11-12T20:07:41.714+0000] {processor.py:154} INFO - Started process (PID=1079) to work on /home/airflow/.local/lib/python3.7/site-packages/airflow/example_dags/example_branch_labels.py
[2023-11-12T20:07:41.715+0000] {processor.py:756} INFO - Processing file /home/airflow/.local/lib/python3.7/site-packages/airflow/example_dags/example_branch_labels.py for tasks to queue
[2023-11-12T20:07:41.716+0000] {logging_mixin.py:120} INFO - [2023-11-12T20:07:41.715+0000] {dagbag.py:537} INFO - Filling up the DagBag from /home/airflow/.local/lib/python3.7/site-packages/airflow/example_dags/example_branch_labels.py
[2023-11-12T20:07:41.730+0000] {processor.py:766} INFO - DAG(s) dict_keys(['example_branch_labels']) retrieved from /home/airflow/.local/lib/python3.7/site-packages/airflow/example_dags/example_branch_labels.py
[2023-11-12T20:07:41.855+0000] {logging_mixin.py:120} INFO - [2023-11-12T20:07:41.855+0000] {dag.py:2585} INFO - Sync 1 DAGs
[2023-11-12T20:07:41.889+0000] {logging_mixin.py:120} INFO - [2023-11-12T20:07:41.889+0000] {dag.py:3340} INFO - Setting next_dagrun for example_branch_labels to 2023-11-11T00:00:00+00:00, run_after=2023-11-12T00:00:00+00:00
[2023-11-12T20:07:41.914+0000] {processor.py:176} INFO - Processing /home/airflow/.local/lib/python3.7/site-packages/airflow/example_dags/example_branch_labels.py took 0.205 seconds
[2023-11-12T20:08:13.030+0000] {processor.py:154} INFO - Started process (PID=1141) to work on /home/airflow/.local/lib/python3.7/site-packages/airflow/example_dags/example_branch_labels.py
[2023-11-12T20:08:13.031+0000] {processor.py:756} INFO - Processing file /home/airflow/.local/lib/python3.7/site-packages/airflow/example_dags/example_branch_labels.py for tasks to queue
[2023-11-12T20:08:13.032+0000] {logging_mixin.py:120} INFO - [2023-11-12T20:08:13.032+0000] {dagbag.py:537} INFO - Filling up the DagBag from /home/airflow/.local/lib/python3.7/site-packages/airflow/example_dags/example_branch_labels.py
[2023-11-12T20:08:13.051+0000] {processor.py:766} INFO - DAG(s) dict_keys(['example_branch_labels']) retrieved from /home/airflow/.local/lib/python3.7/site-packages/airflow/example_dags/example_branch_labels.py
[2023-11-12T20:08:13.099+0000] {logging_mixin.py:120} INFO - [2023-11-12T20:08:13.099+0000] {dag.py:2585} INFO - Sync 1 DAGs
[2023-11-12T20:08:13.133+0000] {logging_mixin.py:120} INFO - [2023-11-12T20:08:13.132+0000] {dag.py:3340} INFO - Setting next_dagrun for example_branch_labels to 2023-11-11T00:00:00+00:00, run_after=2023-11-12T00:00:00+00:00
[2023-11-12T20:08:13.157+0000] {processor.py:176} INFO - Processing /home/airflow/.local/lib/python3.7/site-packages/airflow/example_dags/example_branch_labels.py took 0.130 seconds
[2023-11-12T20:08:43.530+0000] {processor.py:154} INFO - Started process (PID=1195) to work on /home/airflow/.local/lib/python3.7/site-packages/airflow/example_dags/example_branch_labels.py
[2023-11-12T20:08:43.531+0000] {processor.py:756} INFO - Processing file /home/airflow/.local/lib/python3.7/site-packages/airflow/example_dags/example_branch_labels.py for tasks to queue
[2023-11-12T20:08:43.531+0000] {logging_mixin.py:120} INFO - [2023-11-12T20:08:43.531+0000] {dagbag.py:537} INFO - Filling up the DagBag from /home/airflow/.local/lib/python3.7/site-packages/airflow/example_dags/example_branch_labels.py
[2023-11-12T20:08:43.558+0000] {processor.py:766} INFO - DAG(s) dict_keys(['example_branch_labels']) retrieved from /home/airflow/.local/lib/python3.7/site-packages/airflow/example_dags/example_branch_labels.py
[2023-11-12T20:08:43.629+0000] {logging_mixin.py:120} INFO - [2023-11-12T20:08:43.629+0000] {dag.py:2585} INFO - Sync 1 DAGs
[2023-11-12T20:08:43.664+0000] {logging_mixin.py:120} INFO - [2023-11-12T20:08:43.664+0000] {dag.py:3340} INFO - Setting next_dagrun for example_branch_labels to 2023-11-11T00:00:00+00:00, run_after=2023-11-12T00:00:00+00:00
[2023-11-12T20:08:43.692+0000] {processor.py:176} INFO - Processing /home/airflow/.local/lib/python3.7/site-packages/airflow/example_dags/example_branch_labels.py took 0.166 seconds
[2023-11-12T20:09:16.145+0000] {processor.py:154} INFO - Started process (PID=1257) to work on /home/airflow/.local/lib/python3.7/site-packages/airflow/example_dags/example_branch_labels.py
[2023-11-12T20:09:16.151+0000] {processor.py:756} INFO - Processing file /home/airflow/.local/lib/python3.7/site-packages/airflow/example_dags/example_branch_labels.py for tasks to queue
[2023-11-12T20:09:16.152+0000] {logging_mixin.py:120} INFO - [2023-11-12T20:09:16.152+0000] {dagbag.py:537} INFO - Filling up the DagBag from /home/airflow/.local/lib/python3.7/site-packages/airflow/example_dags/example_branch_labels.py
[2023-11-12T20:09:16.174+0000] {processor.py:766} INFO - DAG(s) dict_keys(['example_branch_labels']) retrieved from /home/airflow/.local/lib/python3.7/site-packages/airflow/example_dags/example_branch_labels.py
[2023-11-12T20:09:16.224+0000] {logging_mixin.py:120} INFO - [2023-11-12T20:09:16.224+0000] {dag.py:2585} INFO - Sync 1 DAGs
[2023-11-12T20:09:16.261+0000] {logging_mixin.py:120} INFO - [2023-11-12T20:09:16.261+0000] {dag.py:3340} INFO - Setting next_dagrun for example_branch_labels to 2023-11-11T00:00:00+00:00, run_after=2023-11-12T00:00:00+00:00
[2023-11-12T20:09:16.289+0000] {processor.py:176} INFO - Processing /home/airflow/.local/lib/python3.7/site-packages/airflow/example_dags/example_branch_labels.py took 0.148 seconds
[2023-11-12T20:09:46.395+0000] {processor.py:154} INFO - Started process (PID=1310) to work on /home/airflow/.local/lib/python3.7/site-packages/airflow/example_dags/example_branch_labels.py
[2023-11-12T20:09:46.396+0000] {processor.py:756} INFO - Processing file /home/airflow/.local/lib/python3.7/site-packages/airflow/example_dags/example_branch_labels.py for tasks to queue
[2023-11-12T20:09:46.397+0000] {logging_mixin.py:120} INFO - [2023-11-12T20:09:46.397+0000] {dagbag.py:537} INFO - Filling up the DagBag from /home/airflow/.local/lib/python3.7/site-packages/airflow/example_dags/example_branch_labels.py
[2023-11-12T20:09:46.415+0000] {processor.py:766} INFO - DAG(s) dict_keys(['example_branch_labels']) retrieved from /home/airflow/.local/lib/python3.7/site-packages/airflow/example_dags/example_branch_labels.py
[2023-11-12T20:09:46.474+0000] {logging_mixin.py:120} INFO - [2023-11-12T20:09:46.474+0000] {dag.py:2585} INFO - Sync 1 DAGs
[2023-11-12T20:09:46.506+0000] {logging_mixin.py:120} INFO - [2023-11-12T20:09:46.506+0000] {dag.py:3340} INFO - Setting next_dagrun for example_branch_labels to 2023-11-11T00:00:00+00:00, run_after=2023-11-12T00:00:00+00:00
[2023-11-12T20:09:46.539+0000] {processor.py:176} INFO - Processing /home/airflow/.local/lib/python3.7/site-packages/airflow/example_dags/example_branch_labels.py took 0.147 seconds
[2023-11-12T20:10:21.355+0000] {processor.py:154} INFO - Started process (PID=1370) to work on /home/airflow/.local/lib/python3.7/site-packages/airflow/example_dags/example_branch_labels.py
[2023-11-12T20:10:21.369+0000] {processor.py:756} INFO - Processing file /home/airflow/.local/lib/python3.7/site-packages/airflow/example_dags/example_branch_labels.py for tasks to queue
[2023-11-12T20:10:21.369+0000] {logging_mixin.py:120} INFO - [2023-11-12T20:10:21.369+0000] {dagbag.py:537} INFO - Filling up the DagBag from /home/airflow/.local/lib/python3.7/site-packages/airflow/example_dags/example_branch_labels.py
[2023-11-12T20:10:21.427+0000] {processor.py:766} INFO - DAG(s) dict_keys(['example_branch_labels']) retrieved from /home/airflow/.local/lib/python3.7/site-packages/airflow/example_dags/example_branch_labels.py
[2023-11-12T20:10:21.631+0000] {logging_mixin.py:120} INFO - [2023-11-12T20:10:21.630+0000] {dag.py:2585} INFO - Sync 1 DAGs
[2023-11-12T20:10:21.735+0000] {logging_mixin.py:120} INFO - [2023-11-12T20:10:21.735+0000] {dag.py:3340} INFO - Setting next_dagrun for example_branch_labels to 2023-11-11T00:00:00+00:00, run_after=2023-11-12T00:00:00+00:00
[2023-11-12T20:10:21.852+0000] {processor.py:176} INFO - Processing /home/airflow/.local/lib/python3.7/site-packages/airflow/example_dags/example_branch_labels.py took 0.500 seconds
[2023-11-12T20:10:51.984+0000] {processor.py:154} INFO - Started process (PID=1424) to work on /home/airflow/.local/lib/python3.7/site-packages/airflow/example_dags/example_branch_labels.py
[2023-11-12T20:10:51.986+0000] {processor.py:756} INFO - Processing file /home/airflow/.local/lib/python3.7/site-packages/airflow/example_dags/example_branch_labels.py for tasks to queue
[2023-11-12T20:10:51.987+0000] {logging_mixin.py:120} INFO - [2023-11-12T20:10:51.987+0000] {dagbag.py:537} INFO - Filling up the DagBag from /home/airflow/.local/lib/python3.7/site-packages/airflow/example_dags/example_branch_labels.py
[2023-11-12T20:10:52.008+0000] {processor.py:766} INFO - DAG(s) dict_keys(['example_branch_labels']) retrieved from /home/airflow/.local/lib/python3.7/site-packages/airflow/example_dags/example_branch_labels.py
[2023-11-12T20:10:52.061+0000] {logging_mixin.py:120} INFO - [2023-11-12T20:10:52.061+0000] {dag.py:2585} INFO - Sync 1 DAGs
[2023-11-12T20:10:52.101+0000] {logging_mixin.py:120} INFO - [2023-11-12T20:10:52.100+0000] {dag.py:3340} INFO - Setting next_dagrun for example_branch_labels to 2023-11-11T00:00:00+00:00, run_after=2023-11-12T00:00:00+00:00
[2023-11-12T20:10:52.135+0000] {processor.py:176} INFO - Processing /home/airflow/.local/lib/python3.7/site-packages/airflow/example_dags/example_branch_labels.py took 0.154 seconds
[2023-11-12T20:11:22.710+0000] {processor.py:154} INFO - Started process (PID=1477) to work on /home/airflow/.local/lib/python3.7/site-packages/airflow/example_dags/example_branch_labels.py
[2023-11-12T20:11:22.717+0000] {processor.py:756} INFO - Processing file /home/airflow/.local/lib/python3.7/site-packages/airflow/example_dags/example_branch_labels.py for tasks to queue
[2023-11-12T20:11:22.718+0000] {logging_mixin.py:120} INFO - [2023-11-12T20:11:22.718+0000] {dagbag.py:537} INFO - Filling up the DagBag from /home/airflow/.local/lib/python3.7/site-packages/airflow/example_dags/example_branch_labels.py
[2023-11-12T20:11:22.769+0000] {processor.py:766} INFO - DAG(s) dict_keys(['example_branch_labels']) retrieved from /home/airflow/.local/lib/python3.7/site-packages/airflow/example_dags/example_branch_labels.py
[2023-11-12T20:11:22.847+0000] {logging_mixin.py:120} INFO - [2023-11-12T20:11:22.846+0000] {dag.py:2585} INFO - Sync 1 DAGs
[2023-11-12T20:11:22.892+0000] {logging_mixin.py:120} INFO - [2023-11-12T20:11:22.892+0000] {dag.py:3340} INFO - Setting next_dagrun for example_branch_labels to 2023-11-11T00:00:00+00:00, run_after=2023-11-12T00:00:00+00:00
[2023-11-12T20:11:22.949+0000] {processor.py:176} INFO - Processing /home/airflow/.local/lib/python3.7/site-packages/airflow/example_dags/example_branch_labels.py took 0.242 seconds
[2023-11-12T20:11:53.703+0000] {processor.py:154} INFO - Started process (PID=1539) to work on /home/airflow/.local/lib/python3.7/site-packages/airflow/example_dags/example_branch_labels.py
[2023-11-12T20:11:53.705+0000] {processor.py:756} INFO - Processing file /home/airflow/.local/lib/python3.7/site-packages/airflow/example_dags/example_branch_labels.py for tasks to queue
[2023-11-12T20:11:53.706+0000] {logging_mixin.py:120} INFO - [2023-11-12T20:11:53.706+0000] {dagbag.py:537} INFO - Filling up the DagBag from /home/airflow/.local/lib/python3.7/site-packages/airflow/example_dags/example_branch_labels.py
[2023-11-12T20:11:53.755+0000] {processor.py:766} INFO - DAG(s) dict_keys(['example_branch_labels']) retrieved from /home/airflow/.local/lib/python3.7/site-packages/airflow/example_dags/example_branch_labels.py
[2023-11-12T20:11:53.834+0000] {logging_mixin.py:120} INFO - [2023-11-12T20:11:53.834+0000] {dag.py:2585} INFO - Sync 1 DAGs
[2023-11-12T20:11:53.884+0000] {logging_mixin.py:120} INFO - [2023-11-12T20:11:53.884+0000] {dag.py:3340} INFO - Setting next_dagrun for example_branch_labels to 2023-11-11T00:00:00+00:00, run_after=2023-11-12T00:00:00+00:00
[2023-11-12T20:11:53.921+0000] {processor.py:176} INFO - Processing /home/airflow/.local/lib/python3.7/site-packages/airflow/example_dags/example_branch_labels.py took 0.222 seconds
[2023-11-12T20:12:24.768+0000] {processor.py:154} INFO - Started process (PID=1602) to work on /home/airflow/.local/lib/python3.7/site-packages/airflow/example_dags/example_branch_labels.py
[2023-11-12T20:12:24.772+0000] {processor.py:756} INFO - Processing file /home/airflow/.local/lib/python3.7/site-packages/airflow/example_dags/example_branch_labels.py for tasks to queue
[2023-11-12T20:12:24.773+0000] {logging_mixin.py:120} INFO - [2023-11-12T20:12:24.773+0000] {dagbag.py:537} INFO - Filling up the DagBag from /home/airflow/.local/lib/python3.7/site-packages/airflow/example_dags/example_branch_labels.py
[2023-11-12T20:12:24.813+0000] {processor.py:766} INFO - DAG(s) dict_keys(['example_branch_labels']) retrieved from /home/airflow/.local/lib/python3.7/site-packages/airflow/example_dags/example_branch_labels.py
[2023-11-12T20:12:24.910+0000] {logging_mixin.py:120} INFO - [2023-11-12T20:12:24.910+0000] {dag.py:2585} INFO - Sync 1 DAGs
[2023-11-12T20:12:24.981+0000] {logging_mixin.py:120} INFO - [2023-11-12T20:12:24.981+0000] {dag.py:3340} INFO - Setting next_dagrun for example_branch_labels to 2023-11-11T00:00:00+00:00, run_after=2023-11-12T00:00:00+00:00
[2023-11-12T20:12:25.031+0000] {processor.py:176} INFO - Processing /home/airflow/.local/lib/python3.7/site-packages/airflow/example_dags/example_branch_labels.py took 0.278 seconds
[2023-11-12T20:12:55.450+0000] {processor.py:154} INFO - Started process (PID=1656) to work on /home/airflow/.local/lib/python3.7/site-packages/airflow/example_dags/example_branch_labels.py
[2023-11-12T20:12:55.451+0000] {processor.py:756} INFO - Processing file /home/airflow/.local/lib/python3.7/site-packages/airflow/example_dags/example_branch_labels.py for tasks to queue
[2023-11-12T20:12:55.451+0000] {logging_mixin.py:120} INFO - [2023-11-12T20:12:55.451+0000] {dagbag.py:537} INFO - Filling up the DagBag from /home/airflow/.local/lib/python3.7/site-packages/airflow/example_dags/example_branch_labels.py
[2023-11-12T20:12:55.466+0000] {processor.py:766} INFO - DAG(s) dict_keys(['example_branch_labels']) retrieved from /home/airflow/.local/lib/python3.7/site-packages/airflow/example_dags/example_branch_labels.py
[2023-11-12T20:12:55.515+0000] {logging_mixin.py:120} INFO - [2023-11-12T20:12:55.515+0000] {dag.py:2585} INFO - Sync 1 DAGs
[2023-11-12T20:12:55.551+0000] {logging_mixin.py:120} INFO - [2023-11-12T20:12:55.551+0000] {dag.py:3340} INFO - Setting next_dagrun for example_branch_labels to 2023-11-11T00:00:00+00:00, run_after=2023-11-12T00:00:00+00:00
[2023-11-12T20:12:55.580+0000] {processor.py:176} INFO - Processing /home/airflow/.local/lib/python3.7/site-packages/airflow/example_dags/example_branch_labels.py took 0.134 seconds
[2023-11-12T20:13:26.327+0000] {processor.py:154} INFO - Started process (PID=1718) to work on /home/airflow/.local/lib/python3.7/site-packages/airflow/example_dags/example_branch_labels.py
[2023-11-12T20:13:26.327+0000] {processor.py:756} INFO - Processing file /home/airflow/.local/lib/python3.7/site-packages/airflow/example_dags/example_branch_labels.py for tasks to queue
[2023-11-12T20:13:26.328+0000] {logging_mixin.py:120} INFO - [2023-11-12T20:13:26.328+0000] {dagbag.py:537} INFO - Filling up the DagBag from /home/airflow/.local/lib/python3.7/site-packages/airflow/example_dags/example_branch_labels.py
[2023-11-12T20:13:26.343+0000] {processor.py:766} INFO - DAG(s) dict_keys(['example_branch_labels']) retrieved from /home/airflow/.local/lib/python3.7/site-packages/airflow/example_dags/example_branch_labels.py
[2023-11-12T20:13:26.392+0000] {logging_mixin.py:120} INFO - [2023-11-12T20:13:26.392+0000] {dag.py:2585} INFO - Sync 1 DAGs
[2023-11-12T20:13:26.427+0000] {logging_mixin.py:120} INFO - [2023-11-12T20:13:26.427+0000] {dag.py:3340} INFO - Setting next_dagrun for example_branch_labels to 2023-11-11T00:00:00+00:00, run_after=2023-11-12T00:00:00+00:00
[2023-11-12T20:13:26.457+0000] {processor.py:176} INFO - Processing /home/airflow/.local/lib/python3.7/site-packages/airflow/example_dags/example_branch_labels.py took 0.134 seconds
[2023-11-12T20:13:57.855+0000] {processor.py:154} INFO - Started process (PID=1779) to work on /home/airflow/.local/lib/python3.7/site-packages/airflow/example_dags/example_branch_labels.py
[2023-11-12T20:13:57.868+0000] {processor.py:756} INFO - Processing file /home/airflow/.local/lib/python3.7/site-packages/airflow/example_dags/example_branch_labels.py for tasks to queue
[2023-11-12T20:13:57.869+0000] {logging_mixin.py:120} INFO - [2023-11-12T20:13:57.869+0000] {dagbag.py:537} INFO - Filling up the DagBag from /home/airflow/.local/lib/python3.7/site-packages/airflow/example_dags/example_branch_labels.py
[2023-11-12T20:13:57.907+0000] {processor.py:766} INFO - DAG(s) dict_keys(['example_branch_labels']) retrieved from /home/airflow/.local/lib/python3.7/site-packages/airflow/example_dags/example_branch_labels.py
[2023-11-12T20:13:58.081+0000] {logging_mixin.py:120} INFO - [2023-11-12T20:13:58.080+0000] {dag.py:2585} INFO - Sync 1 DAGs
[2023-11-12T20:13:58.205+0000] {logging_mixin.py:120} INFO - [2023-11-12T20:13:58.205+0000] {dag.py:3340} INFO - Setting next_dagrun for example_branch_labels to 2023-11-11T00:00:00+00:00, run_after=2023-11-12T00:00:00+00:00
[2023-11-12T20:13:58.323+0000] {processor.py:176} INFO - Processing /home/airflow/.local/lib/python3.7/site-packages/airflow/example_dags/example_branch_labels.py took 0.471 seconds
[2023-11-12T20:14:28.865+0000] {processor.py:154} INFO - Started process (PID=1835) to work on /home/airflow/.local/lib/python3.7/site-packages/airflow/example_dags/example_branch_labels.py
[2023-11-12T20:14:28.866+0000] {processor.py:756} INFO - Processing file /home/airflow/.local/lib/python3.7/site-packages/airflow/example_dags/example_branch_labels.py for tasks to queue
[2023-11-12T20:14:28.867+0000] {logging_mixin.py:120} INFO - [2023-11-12T20:14:28.867+0000] {dagbag.py:537} INFO - Filling up the DagBag from /home/airflow/.local/lib/python3.7/site-packages/airflow/example_dags/example_branch_labels.py
[2023-11-12T20:14:28.885+0000] {processor.py:766} INFO - DAG(s) dict_keys(['example_branch_labels']) retrieved from /home/airflow/.local/lib/python3.7/site-packages/airflow/example_dags/example_branch_labels.py
[2023-11-12T20:14:28.931+0000] {logging_mixin.py:120} INFO - [2023-11-12T20:14:28.931+0000] {dag.py:2585} INFO - Sync 1 DAGs
[2023-11-12T20:14:28.971+0000] {logging_mixin.py:120} INFO - [2023-11-12T20:14:28.971+0000] {dag.py:3340} INFO - Setting next_dagrun for example_branch_labels to 2023-11-11T00:00:00+00:00, run_after=2023-11-12T00:00:00+00:00
[2023-11-12T20:14:28.999+0000] {processor.py:176} INFO - Processing /home/airflow/.local/lib/python3.7/site-packages/airflow/example_dags/example_branch_labels.py took 0.137 seconds
[2023-11-12T20:14:59.722+0000] {processor.py:154} INFO - Started process (PID=1889) to work on /home/airflow/.local/lib/python3.7/site-packages/airflow/example_dags/example_branch_labels.py
[2023-11-12T20:14:59.722+0000] {processor.py:756} INFO - Processing file /home/airflow/.local/lib/python3.7/site-packages/airflow/example_dags/example_branch_labels.py for tasks to queue
[2023-11-12T20:14:59.723+0000] {logging_mixin.py:120} INFO - [2023-11-12T20:14:59.723+0000] {dagbag.py:537} INFO - Filling up the DagBag from /home/airflow/.local/lib/python3.7/site-packages/airflow/example_dags/example_branch_labels.py
[2023-11-12T20:14:59.782+0000] {processor.py:766} INFO - DAG(s) dict_keys(['example_branch_labels']) retrieved from /home/airflow/.local/lib/python3.7/site-packages/airflow/example_dags/example_branch_labels.py
[2023-11-12T20:14:59.995+0000] {logging_mixin.py:120} INFO - [2023-11-12T20:14:59.995+0000] {dag.py:2585} INFO - Sync 1 DAGs
[2023-11-12T20:15:00.067+0000] {logging_mixin.py:120} INFO - [2023-11-12T20:15:00.067+0000] {dag.py:3340} INFO - Setting next_dagrun for example_branch_labels to 2023-11-11T00:00:00+00:00, run_after=2023-11-12T00:00:00+00:00
[2023-11-12T20:15:00.124+0000] {processor.py:176} INFO - Processing /home/airflow/.local/lib/python3.7/site-packages/airflow/example_dags/example_branch_labels.py took 0.414 seconds
[2023-11-12T20:15:31.071+0000] {processor.py:154} INFO - Started process (PID=1952) to work on /home/airflow/.local/lib/python3.7/site-packages/airflow/example_dags/example_branch_labels.py
[2023-11-12T20:15:31.080+0000] {processor.py:756} INFO - Processing file /home/airflow/.local/lib/python3.7/site-packages/airflow/example_dags/example_branch_labels.py for tasks to queue
[2023-11-12T20:15:31.081+0000] {logging_mixin.py:120} INFO - [2023-11-12T20:15:31.081+0000] {dagbag.py:537} INFO - Filling up the DagBag from /home/airflow/.local/lib/python3.7/site-packages/airflow/example_dags/example_branch_labels.py
[2023-11-12T20:15:31.116+0000] {processor.py:766} INFO - DAG(s) dict_keys(['example_branch_labels']) retrieved from /home/airflow/.local/lib/python3.7/site-packages/airflow/example_dags/example_branch_labels.py
[2023-11-12T20:15:31.205+0000] {logging_mixin.py:120} INFO - [2023-11-12T20:15:31.204+0000] {dag.py:2585} INFO - Sync 1 DAGs
[2023-11-12T20:15:31.271+0000] {logging_mixin.py:120} INFO - [2023-11-12T20:15:31.271+0000] {dag.py:3340} INFO - Setting next_dagrun for example_branch_labels to 2023-11-11T00:00:00+00:00, run_after=2023-11-12T00:00:00+00:00
[2023-11-12T20:15:31.314+0000] {processor.py:176} INFO - Processing /home/airflow/.local/lib/python3.7/site-packages/airflow/example_dags/example_branch_labels.py took 0.246 seconds
[2023-11-12T20:16:02.056+0000] {processor.py:154} INFO - Started process (PID=2017) to work on /home/airflow/.local/lib/python3.7/site-packages/airflow/example_dags/example_branch_labels.py
[2023-11-12T20:16:02.057+0000] {processor.py:756} INFO - Processing file /home/airflow/.local/lib/python3.7/site-packages/airflow/example_dags/example_branch_labels.py for tasks to queue
[2023-11-12T20:16:02.058+0000] {logging_mixin.py:120} INFO - [2023-11-12T20:16:02.058+0000] {dagbag.py:537} INFO - Filling up the DagBag from /home/airflow/.local/lib/python3.7/site-packages/airflow/example_dags/example_branch_labels.py
[2023-11-12T20:16:02.075+0000] {processor.py:766} INFO - DAG(s) dict_keys(['example_branch_labels']) retrieved from /home/airflow/.local/lib/python3.7/site-packages/airflow/example_dags/example_branch_labels.py
[2023-11-12T20:16:02.123+0000] {logging_mixin.py:120} INFO - [2023-11-12T20:16:02.123+0000] {dag.py:2585} INFO - Sync 1 DAGs
[2023-11-12T20:16:02.156+0000] {logging_mixin.py:120} INFO - [2023-11-12T20:16:02.156+0000] {dag.py:3340} INFO - Setting next_dagrun for example_branch_labels to 2023-11-11T00:00:00+00:00, run_after=2023-11-12T00:00:00+00:00
[2023-11-12T20:16:02.185+0000] {processor.py:176} INFO - Processing /home/airflow/.local/lib/python3.7/site-packages/airflow/example_dags/example_branch_labels.py took 0.133 seconds
[2023-11-12T20:16:32.293+0000] {processor.py:154} INFO - Started process (PID=2070) to work on /home/airflow/.local/lib/python3.7/site-packages/airflow/example_dags/example_branch_labels.py
[2023-11-12T20:16:32.294+0000] {processor.py:756} INFO - Processing file /home/airflow/.local/lib/python3.7/site-packages/airflow/example_dags/example_branch_labels.py for tasks to queue
[2023-11-12T20:16:32.295+0000] {logging_mixin.py:120} INFO - [2023-11-12T20:16:32.294+0000] {dagbag.py:537} INFO - Filling up the DagBag from /home/airflow/.local/lib/python3.7/site-packages/airflow/example_dags/example_branch_labels.py
[2023-11-12T20:16:32.332+0000] {processor.py:766} INFO - DAG(s) dict_keys(['example_branch_labels']) retrieved from /home/airflow/.local/lib/python3.7/site-packages/airflow/example_dags/example_branch_labels.py
[2023-11-12T20:16:32.421+0000] {logging_mixin.py:120} INFO - [2023-11-12T20:16:32.421+0000] {dag.py:2585} INFO - Sync 1 DAGs
[2023-11-12T20:16:32.459+0000] {logging_mixin.py:120} INFO - [2023-11-12T20:16:32.459+0000] {dag.py:3340} INFO - Setting next_dagrun for example_branch_labels to 2023-11-11T00:00:00+00:00, run_after=2023-11-12T00:00:00+00:00
[2023-11-12T20:16:32.484+0000] {processor.py:176} INFO - Processing /home/airflow/.local/lib/python3.7/site-packages/airflow/example_dags/example_branch_labels.py took 0.194 seconds
[2023-11-12T20:17:02.782+0000] {processor.py:154} INFO - Started process (PID=2132) to work on /home/airflow/.local/lib/python3.7/site-packages/airflow/example_dags/example_branch_labels.py
[2023-11-12T20:17:02.789+0000] {processor.py:756} INFO - Processing file /home/airflow/.local/lib/python3.7/site-packages/airflow/example_dags/example_branch_labels.py for tasks to queue
[2023-11-12T20:17:02.790+0000] {logging_mixin.py:120} INFO - [2023-11-12T20:17:02.789+0000] {dagbag.py:537} INFO - Filling up the DagBag from /home/airflow/.local/lib/python3.7/site-packages/airflow/example_dags/example_branch_labels.py
[2023-11-12T20:17:02.822+0000] {processor.py:766} INFO - DAG(s) dict_keys(['example_branch_labels']) retrieved from /home/airflow/.local/lib/python3.7/site-packages/airflow/example_dags/example_branch_labels.py
[2023-11-12T20:17:02.994+0000] {logging_mixin.py:120} INFO - [2023-11-12T20:17:02.993+0000] {dag.py:2585} INFO - Sync 1 DAGs
[2023-11-12T20:17:03.103+0000] {logging_mixin.py:120} INFO - [2023-11-12T20:17:03.103+0000] {dag.py:3340} INFO - Setting next_dagrun for example_branch_labels to 2023-11-11T00:00:00+00:00, run_after=2023-11-12T00:00:00+00:00
[2023-11-12T20:17:03.195+0000] {processor.py:176} INFO - Processing /home/airflow/.local/lib/python3.7/site-packages/airflow/example_dags/example_branch_labels.py took 0.416 seconds
[2023-11-12T20:17:33.931+0000] {processor.py:154} INFO - Started process (PID=2195) to work on /home/airflow/.local/lib/python3.7/site-packages/airflow/example_dags/example_branch_labels.py
[2023-11-12T20:17:33.941+0000] {processor.py:756} INFO - Processing file /home/airflow/.local/lib/python3.7/site-packages/airflow/example_dags/example_branch_labels.py for tasks to queue
[2023-11-12T20:17:33.942+0000] {logging_mixin.py:120} INFO - [2023-11-12T20:17:33.942+0000] {dagbag.py:537} INFO - Filling up the DagBag from /home/airflow/.local/lib/python3.7/site-packages/airflow/example_dags/example_branch_labels.py
[2023-11-12T20:17:33.980+0000] {processor.py:766} INFO - DAG(s) dict_keys(['example_branch_labels']) retrieved from /home/airflow/.local/lib/python3.7/site-packages/airflow/example_dags/example_branch_labels.py
[2023-11-12T20:17:34.125+0000] {logging_mixin.py:120} INFO - [2023-11-12T20:17:34.125+0000] {dag.py:2585} INFO - Sync 1 DAGs
[2023-11-12T20:17:34.231+0000] {logging_mixin.py:120} INFO - [2023-11-12T20:17:34.231+0000] {dag.py:3340} INFO - Setting next_dagrun for example_branch_labels to 2023-11-11T00:00:00+00:00, run_after=2023-11-12T00:00:00+00:00
[2023-11-12T20:17:34.373+0000] {processor.py:176} INFO - Processing /home/airflow/.local/lib/python3.7/site-packages/airflow/example_dags/example_branch_labels.py took 0.445 seconds
[2023-11-12T20:18:04.854+0000] {processor.py:154} INFO - Started process (PID=2249) to work on /home/airflow/.local/lib/python3.7/site-packages/airflow/example_dags/example_branch_labels.py
[2023-11-12T20:18:04.855+0000] {processor.py:756} INFO - Processing file /home/airflow/.local/lib/python3.7/site-packages/airflow/example_dags/example_branch_labels.py for tasks to queue
[2023-11-12T20:18:04.856+0000] {logging_mixin.py:120} INFO - [2023-11-12T20:18:04.856+0000] {dagbag.py:537} INFO - Filling up the DagBag from /home/airflow/.local/lib/python3.7/site-packages/airflow/example_dags/example_branch_labels.py
[2023-11-12T20:18:04.875+0000] {processor.py:766} INFO - DAG(s) dict_keys(['example_branch_labels']) retrieved from /home/airflow/.local/lib/python3.7/site-packages/airflow/example_dags/example_branch_labels.py
[2023-11-12T20:18:04.925+0000] {logging_mixin.py:120} INFO - [2023-11-12T20:18:04.925+0000] {dag.py:2585} INFO - Sync 1 DAGs
[2023-11-12T20:18:04.960+0000] {logging_mixin.py:120} INFO - [2023-11-12T20:18:04.960+0000] {dag.py:3340} INFO - Setting next_dagrun for example_branch_labels to 2023-11-11T00:00:00+00:00, run_after=2023-11-12T00:00:00+00:00
[2023-11-12T20:18:04.990+0000] {processor.py:176} INFO - Processing /home/airflow/.local/lib/python3.7/site-packages/airflow/example_dags/example_branch_labels.py took 0.139 seconds
