[2023-11-12T19:53:18.331+0000] {processor.py:154} INFO - Started process (PID=82) to work on /home/airflow/.local/lib/python3.7/site-packages/airflow/example_dags/example_python_operator.py
[2023-11-12T19:53:18.332+0000] {processor.py:756} INFO - Processing file /home/airflow/.local/lib/python3.7/site-packages/airflow/example_dags/example_python_operator.py for tasks to queue
[2023-11-12T19:53:18.333+0000] {logging_mixin.py:120} INFO - [2023-11-12T19:53:18.333+0000] {dagbag.py:537} INFO - Filling up the DagBag from /home/airflow/.local/lib/python3.7/site-packages/airflow/example_dags/example_python_operator.py
[2023-11-12T19:53:18.374+0000] {logging_mixin.py:120} INFO - [2023-11-12T19:53:18.374+0000] {taskmixin.py:205} WARNING - Dependency <Task(_PythonDecoratedOperator): print_the_context>, log_sql_query already registered for DAG: example_python_operator
[2023-11-12T19:53:18.374+0000] {logging_mixin.py:120} INFO - [2023-11-12T19:53:18.374+0000] {taskmixin.py:205} WARNING - Dependency <Task(_PythonDecoratedOperator): log_sql_query>, print_the_context already registered for DAG: example_python_operator
[2023-11-12T19:53:18.375+0000] {logging_mixin.py:120} INFO - [2023-11-12T19:53:18.375+0000] {taskmixin.py:205} WARNING - Dependency <Task(_PythonDecoratedOperator): print_the_context>, log_sql_query already registered for DAG: example_python_operator
[2023-11-12T19:53:18.375+0000] {logging_mixin.py:120} INFO - [2023-11-12T19:53:18.375+0000] {taskmixin.py:205} WARNING - Dependency <Task(_PythonDecoratedOperator): log_sql_query>, print_the_context already registered for DAG: example_python_operator
[2023-11-12T19:53:18.376+0000] {logging_mixin.py:120} INFO - [2023-11-12T19:53:18.376+0000] {taskmixin.py:205} WARNING - Dependency <Task(_PythonDecoratedOperator): print_the_context>, log_sql_query already registered for DAG: example_python_operator
[2023-11-12T19:53:18.381+0000] {logging_mixin.py:120} INFO - [2023-11-12T19:53:18.376+0000] {taskmixin.py:205} WARNING - Dependency <Task(_PythonDecoratedOperator): log_sql_query>, print_the_context already registered for DAG: example_python_operator
[2023-11-12T19:53:18.382+0000] {logging_mixin.py:120} INFO - [2023-11-12T19:53:18.382+0000] {taskmixin.py:205} WARNING - Dependency <Task(_PythonDecoratedOperator): print_the_context>, log_sql_query already registered for DAG: example_python_operator
[2023-11-12T19:53:18.382+0000] {logging_mixin.py:120} INFO - [2023-11-12T19:53:18.382+0000] {taskmixin.py:205} WARNING - Dependency <Task(_PythonDecoratedOperator): log_sql_query>, print_the_context already registered for DAG: example_python_operator
[2023-11-12T19:53:18.409+0000] {processor.py:766} INFO - DAG(s) dict_keys(['example_python_operator']) retrieved from /home/airflow/.local/lib/python3.7/site-packages/airflow/example_dags/example_python_operator.py
[2023-11-12T19:53:19.166+0000] {logging_mixin.py:120} INFO - [2023-11-12T19:53:19.166+0000] {manager.py:507} INFO - Created Permission View: can edit on DAG:example_python_operator
[2023-11-12T19:53:19.196+0000] {logging_mixin.py:120} INFO - [2023-11-12T19:53:19.196+0000] {manager.py:507} INFO - Created Permission View: can delete on DAG:example_python_operator
[2023-11-12T19:53:19.240+0000] {logging_mixin.py:120} INFO - [2023-11-12T19:53:19.239+0000] {manager.py:507} INFO - Created Permission View: can read on DAG:example_python_operator
[2023-11-12T19:53:19.241+0000] {logging_mixin.py:120} INFO - [2023-11-12T19:53:19.241+0000] {dag.py:2585} INFO - Sync 1 DAGs
[2023-11-12T19:53:19.334+0000] {logging_mixin.py:120} INFO - [2023-11-12T19:53:19.333+0000] {dag.py:2606} INFO - Creating ORM DAG for example_python_operator
[2023-11-12T19:53:19.389+0000] {logging_mixin.py:120} INFO - [2023-11-12T19:53:19.389+0000] {dag.py:3340} INFO - Setting next_dagrun for example_python_operator to None, run_after=None
[2023-11-12T19:53:19.514+0000] {processor.py:176} INFO - Processing /home/airflow/.local/lib/python3.7/site-packages/airflow/example_dags/example_python_operator.py took 1.189 seconds
[2023-11-12T19:53:49.724+0000] {processor.py:154} INFO - Started process (PID=135) to work on /home/airflow/.local/lib/python3.7/site-packages/airflow/example_dags/example_python_operator.py
[2023-11-12T19:53:49.724+0000] {processor.py:756} INFO - Processing file /home/airflow/.local/lib/python3.7/site-packages/airflow/example_dags/example_python_operator.py for tasks to queue
[2023-11-12T19:53:49.725+0000] {logging_mixin.py:120} INFO - [2023-11-12T19:53:49.725+0000] {dagbag.py:537} INFO - Filling up the DagBag from /home/airflow/.local/lib/python3.7/site-packages/airflow/example_dags/example_python_operator.py
[2023-11-12T19:53:49.742+0000] {logging_mixin.py:120} INFO - [2023-11-12T19:53:49.741+0000] {taskmixin.py:205} WARNING - Dependency <Task(_PythonDecoratedOperator): print_the_context>, log_sql_query already registered for DAG: example_python_operator
[2023-11-12T19:53:49.742+0000] {logging_mixin.py:120} INFO - [2023-11-12T19:53:49.742+0000] {taskmixin.py:205} WARNING - Dependency <Task(_PythonDecoratedOperator): log_sql_query>, print_the_context already registered for DAG: example_python_operator
[2023-11-12T19:53:49.742+0000] {logging_mixin.py:120} INFO - [2023-11-12T19:53:49.742+0000] {taskmixin.py:205} WARNING - Dependency <Task(_PythonDecoratedOperator): print_the_context>, log_sql_query already registered for DAG: example_python_operator
[2023-11-12T19:53:49.742+0000] {logging_mixin.py:120} INFO - [2023-11-12T19:53:49.742+0000] {taskmixin.py:205} WARNING - Dependency <Task(_PythonDecoratedOperator): log_sql_query>, print_the_context already registered for DAG: example_python_operator
[2023-11-12T19:53:49.743+0000] {logging_mixin.py:120} INFO - [2023-11-12T19:53:49.743+0000] {taskmixin.py:205} WARNING - Dependency <Task(_PythonDecoratedOperator): print_the_context>, log_sql_query already registered for DAG: example_python_operator
[2023-11-12T19:53:49.743+0000] {logging_mixin.py:120} INFO - [2023-11-12T19:53:49.743+0000] {taskmixin.py:205} WARNING - Dependency <Task(_PythonDecoratedOperator): log_sql_query>, print_the_context already registered for DAG: example_python_operator
[2023-11-12T19:53:49.744+0000] {logging_mixin.py:120} INFO - [2023-11-12T19:53:49.744+0000] {taskmixin.py:205} WARNING - Dependency <Task(_PythonDecoratedOperator): print_the_context>, log_sql_query already registered for DAG: example_python_operator
[2023-11-12T19:53:49.744+0000] {logging_mixin.py:120} INFO - [2023-11-12T19:53:49.744+0000] {taskmixin.py:205} WARNING - Dependency <Task(_PythonDecoratedOperator): log_sql_query>, print_the_context already registered for DAG: example_python_operator
[2023-11-12T19:53:49.750+0000] {processor.py:766} INFO - DAG(s) dict_keys(['example_python_operator']) retrieved from /home/airflow/.local/lib/python3.7/site-packages/airflow/example_dags/example_python_operator.py
[2023-11-12T19:53:49.819+0000] {logging_mixin.py:120} INFO - [2023-11-12T19:53:49.819+0000] {dag.py:2585} INFO - Sync 1 DAGs
[2023-11-12T19:53:49.848+0000] {logging_mixin.py:120} INFO - [2023-11-12T19:53:49.848+0000] {dag.py:3340} INFO - Setting next_dagrun for example_python_operator to None, run_after=None
[2023-11-12T19:53:49.877+0000] {processor.py:176} INFO - Processing /home/airflow/.local/lib/python3.7/site-packages/airflow/example_dags/example_python_operator.py took 0.158 seconds
[2023-11-12T19:54:20.004+0000] {processor.py:154} INFO - Started process (PID=198) to work on /home/airflow/.local/lib/python3.7/site-packages/airflow/example_dags/example_python_operator.py
[2023-11-12T19:54:20.005+0000] {processor.py:756} INFO - Processing file /home/airflow/.local/lib/python3.7/site-packages/airflow/example_dags/example_python_operator.py for tasks to queue
[2023-11-12T19:54:20.006+0000] {logging_mixin.py:120} INFO - [2023-11-12T19:54:20.005+0000] {dagbag.py:537} INFO - Filling up the DagBag from /home/airflow/.local/lib/python3.7/site-packages/airflow/example_dags/example_python_operator.py
[2023-11-12T19:54:20.024+0000] {logging_mixin.py:120} INFO - [2023-11-12T19:54:20.024+0000] {taskmixin.py:205} WARNING - Dependency <Task(_PythonDecoratedOperator): print_the_context>, log_sql_query already registered for DAG: example_python_operator
[2023-11-12T19:54:20.025+0000] {logging_mixin.py:120} INFO - [2023-11-12T19:54:20.025+0000] {taskmixin.py:205} WARNING - Dependency <Task(_PythonDecoratedOperator): log_sql_query>, print_the_context already registered for DAG: example_python_operator
[2023-11-12T19:54:20.026+0000] {logging_mixin.py:120} INFO - [2023-11-12T19:54:20.025+0000] {taskmixin.py:205} WARNING - Dependency <Task(_PythonDecoratedOperator): print_the_context>, log_sql_query already registered for DAG: example_python_operator
[2023-11-12T19:54:20.026+0000] {logging_mixin.py:120} INFO - [2023-11-12T19:54:20.026+0000] {taskmixin.py:205} WARNING - Dependency <Task(_PythonDecoratedOperator): log_sql_query>, print_the_context already registered for DAG: example_python_operator
[2023-11-12T19:54:20.027+0000] {logging_mixin.py:120} INFO - [2023-11-12T19:54:20.027+0000] {taskmixin.py:205} WARNING - Dependency <Task(_PythonDecoratedOperator): print_the_context>, log_sql_query already registered for DAG: example_python_operator
[2023-11-12T19:54:20.027+0000] {logging_mixin.py:120} INFO - [2023-11-12T19:54:20.027+0000] {taskmixin.py:205} WARNING - Dependency <Task(_PythonDecoratedOperator): log_sql_query>, print_the_context already registered for DAG: example_python_operator
[2023-11-12T19:54:20.028+0000] {logging_mixin.py:120} INFO - [2023-11-12T19:54:20.028+0000] {taskmixin.py:205} WARNING - Dependency <Task(_PythonDecoratedOperator): print_the_context>, log_sql_query already registered for DAG: example_python_operator
[2023-11-12T19:54:20.028+0000] {logging_mixin.py:120} INFO - [2023-11-12T19:54:20.028+0000] {taskmixin.py:205} WARNING - Dependency <Task(_PythonDecoratedOperator): log_sql_query>, print_the_context already registered for DAG: example_python_operator
[2023-11-12T19:54:20.037+0000] {processor.py:766} INFO - DAG(s) dict_keys(['example_python_operator']) retrieved from /home/airflow/.local/lib/python3.7/site-packages/airflow/example_dags/example_python_operator.py
[2023-11-12T19:54:20.087+0000] {logging_mixin.py:120} INFO - [2023-11-12T19:54:20.087+0000] {dag.py:2585} INFO - Sync 1 DAGs
[2023-11-12T19:54:20.111+0000] {logging_mixin.py:120} INFO - [2023-11-12T19:54:20.111+0000] {dag.py:3340} INFO - Setting next_dagrun for example_python_operator to None, run_after=None
[2023-11-12T19:54:20.136+0000] {processor.py:176} INFO - Processing /home/airflow/.local/lib/python3.7/site-packages/airflow/example_dags/example_python_operator.py took 0.138 seconds
[2023-11-12T19:57:09.898+0000] {processor.py:154} INFO - Started process (PID=72) to work on /home/airflow/.local/lib/python3.7/site-packages/airflow/example_dags/example_python_operator.py
[2023-11-12T19:57:09.899+0000] {processor.py:756} INFO - Processing file /home/airflow/.local/lib/python3.7/site-packages/airflow/example_dags/example_python_operator.py for tasks to queue
[2023-11-12T19:57:09.900+0000] {logging_mixin.py:120} INFO - [2023-11-12T19:57:09.900+0000] {dagbag.py:537} INFO - Filling up the DagBag from /home/airflow/.local/lib/python3.7/site-packages/airflow/example_dags/example_python_operator.py
[2023-11-12T19:57:10.004+0000] {logging_mixin.py:120} INFO - [2023-11-12T19:57:10.003+0000] {taskmixin.py:205} WARNING - Dependency <Task(_PythonDecoratedOperator): print_the_context>, log_sql_query already registered for DAG: example_python_operator
[2023-11-12T19:57:10.029+0000] {logging_mixin.py:120} INFO - [2023-11-12T19:57:10.029+0000] {taskmixin.py:205} WARNING - Dependency <Task(_PythonDecoratedOperator): log_sql_query>, print_the_context already registered for DAG: example_python_operator
[2023-11-12T19:57:10.037+0000] {logging_mixin.py:120} INFO - [2023-11-12T19:57:10.037+0000] {taskmixin.py:205} WARNING - Dependency <Task(_PythonDecoratedOperator): print_the_context>, log_sql_query already registered for DAG: example_python_operator
[2023-11-12T19:57:10.043+0000] {logging_mixin.py:120} INFO - [2023-11-12T19:57:10.043+0000] {taskmixin.py:205} WARNING - Dependency <Task(_PythonDecoratedOperator): log_sql_query>, print_the_context already registered for DAG: example_python_operator
[2023-11-12T19:57:10.044+0000] {logging_mixin.py:120} INFO - [2023-11-12T19:57:10.044+0000] {taskmixin.py:205} WARNING - Dependency <Task(_PythonDecoratedOperator): print_the_context>, log_sql_query already registered for DAG: example_python_operator
[2023-11-12T19:57:10.047+0000] {logging_mixin.py:120} INFO - [2023-11-12T19:57:10.047+0000] {taskmixin.py:205} WARNING - Dependency <Task(_PythonDecoratedOperator): log_sql_query>, print_the_context already registered for DAG: example_python_operator
[2023-11-12T19:57:10.048+0000] {logging_mixin.py:120} INFO - [2023-11-12T19:57:10.047+0000] {taskmixin.py:205} WARNING - Dependency <Task(_PythonDecoratedOperator): print_the_context>, log_sql_query already registered for DAG: example_python_operator
[2023-11-12T19:57:10.056+0000] {logging_mixin.py:120} INFO - [2023-11-12T19:57:10.056+0000] {taskmixin.py:205} WARNING - Dependency <Task(_PythonDecoratedOperator): log_sql_query>, print_the_context already registered for DAG: example_python_operator
[2023-11-12T19:57:10.154+0000] {processor.py:766} INFO - DAG(s) dict_keys(['example_python_operator']) retrieved from /home/airflow/.local/lib/python3.7/site-packages/airflow/example_dags/example_python_operator.py
[2023-11-12T19:57:10.581+0000] {logging_mixin.py:120} INFO - [2023-11-12T19:57:10.581+0000] {dag.py:2585} INFO - Sync 1 DAGs
[2023-11-12T19:57:10.717+0000] {logging_mixin.py:120} INFO - [2023-11-12T19:57:10.717+0000] {dag.py:3340} INFO - Setting next_dagrun for example_python_operator to None, run_after=None
[2023-11-12T19:57:10.833+0000] {processor.py:176} INFO - Processing /home/airflow/.local/lib/python3.7/site-packages/airflow/example_dags/example_python_operator.py took 0.990 seconds
[2023-11-12T19:59:03.327+0000] {processor.py:154} INFO - Started process (PID=74) to work on /home/airflow/.local/lib/python3.7/site-packages/airflow/example_dags/example_python_operator.py
[2023-11-12T19:59:03.334+0000] {processor.py:756} INFO - Processing file /home/airflow/.local/lib/python3.7/site-packages/airflow/example_dags/example_python_operator.py for tasks to queue
[2023-11-12T19:59:03.338+0000] {logging_mixin.py:120} INFO - [2023-11-12T19:59:03.336+0000] {dagbag.py:537} INFO - Filling up the DagBag from /home/airflow/.local/lib/python3.7/site-packages/airflow/example_dags/example_python_operator.py
[2023-11-12T19:59:03.428+0000] {logging_mixin.py:120} INFO - [2023-11-12T19:59:03.428+0000] {taskmixin.py:205} WARNING - Dependency <Task(_PythonDecoratedOperator): print_the_context>, log_sql_query already registered for DAG: example_python_operator
[2023-11-12T19:59:03.435+0000] {logging_mixin.py:120} INFO - [2023-11-12T19:59:03.435+0000] {taskmixin.py:205} WARNING - Dependency <Task(_PythonDecoratedOperator): log_sql_query>, print_the_context already registered for DAG: example_python_operator
[2023-11-12T19:59:03.436+0000] {logging_mixin.py:120} INFO - [2023-11-12T19:59:03.435+0000] {taskmixin.py:205} WARNING - Dependency <Task(_PythonDecoratedOperator): print_the_context>, log_sql_query already registered for DAG: example_python_operator
[2023-11-12T19:59:03.436+0000] {logging_mixin.py:120} INFO - [2023-11-12T19:59:03.436+0000] {taskmixin.py:205} WARNING - Dependency <Task(_PythonDecoratedOperator): log_sql_query>, print_the_context already registered for DAG: example_python_operator
[2023-11-12T19:59:03.437+0000] {logging_mixin.py:120} INFO - [2023-11-12T19:59:03.437+0000] {taskmixin.py:205} WARNING - Dependency <Task(_PythonDecoratedOperator): print_the_context>, log_sql_query already registered for DAG: example_python_operator
[2023-11-12T19:59:03.443+0000] {logging_mixin.py:120} INFO - [2023-11-12T19:59:03.443+0000] {taskmixin.py:205} WARNING - Dependency <Task(_PythonDecoratedOperator): log_sql_query>, print_the_context already registered for DAG: example_python_operator
[2023-11-12T19:59:03.444+0000] {logging_mixin.py:120} INFO - [2023-11-12T19:59:03.444+0000] {taskmixin.py:205} WARNING - Dependency <Task(_PythonDecoratedOperator): print_the_context>, log_sql_query already registered for DAG: example_python_operator
[2023-11-12T19:59:03.444+0000] {logging_mixin.py:120} INFO - [2023-11-12T19:59:03.444+0000] {taskmixin.py:205} WARNING - Dependency <Task(_PythonDecoratedOperator): log_sql_query>, print_the_context already registered for DAG: example_python_operator
[2023-11-12T19:59:03.479+0000] {processor.py:766} INFO - DAG(s) dict_keys(['example_python_operator']) retrieved from /home/airflow/.local/lib/python3.7/site-packages/airflow/example_dags/example_python_operator.py
[2023-11-12T19:59:03.809+0000] {logging_mixin.py:120} INFO - [2023-11-12T19:59:03.809+0000] {dag.py:2585} INFO - Sync 1 DAGs
[2023-11-12T19:59:03.987+0000] {logging_mixin.py:120} INFO - [2023-11-12T19:59:03.986+0000] {dag.py:3340} INFO - Setting next_dagrun for example_python_operator to None, run_after=None
[2023-11-12T19:59:04.077+0000] {processor.py:176} INFO - Processing /home/airflow/.local/lib/python3.7/site-packages/airflow/example_dags/example_python_operator.py took 0.758 seconds
[2023-11-12T19:59:34.499+0000] {processor.py:154} INFO - Started process (PID=137) to work on /home/airflow/.local/lib/python3.7/site-packages/airflow/example_dags/example_python_operator.py
[2023-11-12T19:59:34.504+0000] {processor.py:756} INFO - Processing file /home/airflow/.local/lib/python3.7/site-packages/airflow/example_dags/example_python_operator.py for tasks to queue
[2023-11-12T19:59:34.505+0000] {logging_mixin.py:120} INFO - [2023-11-12T19:59:34.505+0000] {dagbag.py:537} INFO - Filling up the DagBag from /home/airflow/.local/lib/python3.7/site-packages/airflow/example_dags/example_python_operator.py
[2023-11-12T19:59:34.559+0000] {logging_mixin.py:120} INFO - [2023-11-12T19:59:34.559+0000] {taskmixin.py:205} WARNING - Dependency <Task(_PythonDecoratedOperator): print_the_context>, log_sql_query already registered for DAG: example_python_operator
[2023-11-12T19:59:34.559+0000] {logging_mixin.py:120} INFO - [2023-11-12T19:59:34.559+0000] {taskmixin.py:205} WARNING - Dependency <Task(_PythonDecoratedOperator): log_sql_query>, print_the_context already registered for DAG: example_python_operator
[2023-11-12T19:59:34.562+0000] {logging_mixin.py:120} INFO - [2023-11-12T19:59:34.560+0000] {taskmixin.py:205} WARNING - Dependency <Task(_PythonDecoratedOperator): print_the_context>, log_sql_query already registered for DAG: example_python_operator
[2023-11-12T19:59:34.566+0000] {logging_mixin.py:120} INFO - [2023-11-12T19:59:34.564+0000] {taskmixin.py:205} WARNING - Dependency <Task(_PythonDecoratedOperator): log_sql_query>, print_the_context already registered for DAG: example_python_operator
[2023-11-12T19:59:34.569+0000] {logging_mixin.py:120} INFO - [2023-11-12T19:59:34.569+0000] {taskmixin.py:205} WARNING - Dependency <Task(_PythonDecoratedOperator): print_the_context>, log_sql_query already registered for DAG: example_python_operator
[2023-11-12T19:59:34.569+0000] {logging_mixin.py:120} INFO - [2023-11-12T19:59:34.569+0000] {taskmixin.py:205} WARNING - Dependency <Task(_PythonDecoratedOperator): log_sql_query>, print_the_context already registered for DAG: example_python_operator
[2023-11-12T19:59:34.570+0000] {logging_mixin.py:120} INFO - [2023-11-12T19:59:34.570+0000] {taskmixin.py:205} WARNING - Dependency <Task(_PythonDecoratedOperator): print_the_context>, log_sql_query already registered for DAG: example_python_operator
[2023-11-12T19:59:34.570+0000] {logging_mixin.py:120} INFO - [2023-11-12T19:59:34.570+0000] {taskmixin.py:205} WARNING - Dependency <Task(_PythonDecoratedOperator): log_sql_query>, print_the_context already registered for DAG: example_python_operator
[2023-11-12T19:59:34.590+0000] {processor.py:766} INFO - DAG(s) dict_keys(['example_python_operator']) retrieved from /home/airflow/.local/lib/python3.7/site-packages/airflow/example_dags/example_python_operator.py
[2023-11-12T19:59:34.641+0000] {logging_mixin.py:120} INFO - [2023-11-12T19:59:34.641+0000] {dag.py:2585} INFO - Sync 1 DAGs
[2023-11-12T19:59:34.673+0000] {logging_mixin.py:120} INFO - [2023-11-12T19:59:34.673+0000] {dag.py:3340} INFO - Setting next_dagrun for example_python_operator to None, run_after=None
[2023-11-12T19:59:34.698+0000] {processor.py:176} INFO - Processing /home/airflow/.local/lib/python3.7/site-packages/airflow/example_dags/example_python_operator.py took 0.203 seconds
[2023-11-12T20:00:05.239+0000] {processor.py:154} INFO - Started process (PID=193) to work on /home/airflow/.local/lib/python3.7/site-packages/airflow/example_dags/example_python_operator.py
[2023-11-12T20:00:05.240+0000] {processor.py:756} INFO - Processing file /home/airflow/.local/lib/python3.7/site-packages/airflow/example_dags/example_python_operator.py for tasks to queue
[2023-11-12T20:00:05.240+0000] {logging_mixin.py:120} INFO - [2023-11-12T20:00:05.240+0000] {dagbag.py:537} INFO - Filling up the DagBag from /home/airflow/.local/lib/python3.7/site-packages/airflow/example_dags/example_python_operator.py
[2023-11-12T20:00:05.267+0000] {logging_mixin.py:120} INFO - [2023-11-12T20:00:05.264+0000] {taskmixin.py:205} WARNING - Dependency <Task(_PythonDecoratedOperator): print_the_context>, log_sql_query already registered for DAG: example_python_operator
[2023-11-12T20:00:05.267+0000] {logging_mixin.py:120} INFO - [2023-11-12T20:00:05.267+0000] {taskmixin.py:205} WARNING - Dependency <Task(_PythonDecoratedOperator): log_sql_query>, print_the_context already registered for DAG: example_python_operator
[2023-11-12T20:00:05.269+0000] {logging_mixin.py:120} INFO - [2023-11-12T20:00:05.269+0000] {taskmixin.py:205} WARNING - Dependency <Task(_PythonDecoratedOperator): print_the_context>, log_sql_query already registered for DAG: example_python_operator
[2023-11-12T20:00:05.272+0000] {logging_mixin.py:120} INFO - [2023-11-12T20:00:05.272+0000] {taskmixin.py:205} WARNING - Dependency <Task(_PythonDecoratedOperator): log_sql_query>, print_the_context already registered for DAG: example_python_operator
[2023-11-12T20:00:05.273+0000] {logging_mixin.py:120} INFO - [2023-11-12T20:00:05.273+0000] {taskmixin.py:205} WARNING - Dependency <Task(_PythonDecoratedOperator): print_the_context>, log_sql_query already registered for DAG: example_python_operator
[2023-11-12T20:00:05.273+0000] {logging_mixin.py:120} INFO - [2023-11-12T20:00:05.273+0000] {taskmixin.py:205} WARNING - Dependency <Task(_PythonDecoratedOperator): log_sql_query>, print_the_context already registered for DAG: example_python_operator
[2023-11-12T20:00:05.274+0000] {logging_mixin.py:120} INFO - [2023-11-12T20:00:05.274+0000] {taskmixin.py:205} WARNING - Dependency <Task(_PythonDecoratedOperator): print_the_context>, log_sql_query already registered for DAG: example_python_operator
[2023-11-12T20:00:05.275+0000] {logging_mixin.py:120} INFO - [2023-11-12T20:00:05.274+0000] {taskmixin.py:205} WARNING - Dependency <Task(_PythonDecoratedOperator): log_sql_query>, print_the_context already registered for DAG: example_python_operator
[2023-11-12T20:00:05.286+0000] {processor.py:766} INFO - DAG(s) dict_keys(['example_python_operator']) retrieved from /home/airflow/.local/lib/python3.7/site-packages/airflow/example_dags/example_python_operator.py
[2023-11-12T20:00:05.332+0000] {logging_mixin.py:120} INFO - [2023-11-12T20:00:05.332+0000] {dag.py:2585} INFO - Sync 1 DAGs
[2023-11-12T20:00:05.359+0000] {logging_mixin.py:120} INFO - [2023-11-12T20:00:05.359+0000] {dag.py:3340} INFO - Setting next_dagrun for example_python_operator to None, run_after=None
[2023-11-12T20:00:05.380+0000] {processor.py:176} INFO - Processing /home/airflow/.local/lib/python3.7/site-packages/airflow/example_dags/example_python_operator.py took 0.143 seconds
[2023-11-12T20:00:35.681+0000] {processor.py:154} INFO - Started process (PID=256) to work on /home/airflow/.local/lib/python3.7/site-packages/airflow/example_dags/example_python_operator.py
[2023-11-12T20:00:35.682+0000] {processor.py:756} INFO - Processing file /home/airflow/.local/lib/python3.7/site-packages/airflow/example_dags/example_python_operator.py for tasks to queue
[2023-11-12T20:00:35.682+0000] {logging_mixin.py:120} INFO - [2023-11-12T20:00:35.682+0000] {dagbag.py:537} INFO - Filling up the DagBag from /home/airflow/.local/lib/python3.7/site-packages/airflow/example_dags/example_python_operator.py
[2023-11-12T20:00:35.696+0000] {logging_mixin.py:120} INFO - [2023-11-12T20:00:35.696+0000] {taskmixin.py:205} WARNING - Dependency <Task(_PythonDecoratedOperator): print_the_context>, log_sql_query already registered for DAG: example_python_operator
[2023-11-12T20:00:35.697+0000] {logging_mixin.py:120} INFO - [2023-11-12T20:00:35.697+0000] {taskmixin.py:205} WARNING - Dependency <Task(_PythonDecoratedOperator): log_sql_query>, print_the_context already registered for DAG: example_python_operator
[2023-11-12T20:00:35.697+0000] {logging_mixin.py:120} INFO - [2023-11-12T20:00:35.697+0000] {taskmixin.py:205} WARNING - Dependency <Task(_PythonDecoratedOperator): print_the_context>, log_sql_query already registered for DAG: example_python_operator
[2023-11-12T20:00:35.697+0000] {logging_mixin.py:120} INFO - [2023-11-12T20:00:35.697+0000] {taskmixin.py:205} WARNING - Dependency <Task(_PythonDecoratedOperator): log_sql_query>, print_the_context already registered for DAG: example_python_operator
[2023-11-12T20:00:35.698+0000] {logging_mixin.py:120} INFO - [2023-11-12T20:00:35.698+0000] {taskmixin.py:205} WARNING - Dependency <Task(_PythonDecoratedOperator): print_the_context>, log_sql_query already registered for DAG: example_python_operator
[2023-11-12T20:00:35.698+0000] {logging_mixin.py:120} INFO - [2023-11-12T20:00:35.698+0000] {taskmixin.py:205} WARNING - Dependency <Task(_PythonDecoratedOperator): log_sql_query>, print_the_context already registered for DAG: example_python_operator
[2023-11-12T20:00:35.699+0000] {logging_mixin.py:120} INFO - [2023-11-12T20:00:35.699+0000] {taskmixin.py:205} WARNING - Dependency <Task(_PythonDecoratedOperator): print_the_context>, log_sql_query already registered for DAG: example_python_operator
[2023-11-12T20:00:35.700+0000] {logging_mixin.py:120} INFO - [2023-11-12T20:00:35.700+0000] {taskmixin.py:205} WARNING - Dependency <Task(_PythonDecoratedOperator): log_sql_query>, print_the_context already registered for DAG: example_python_operator
[2023-11-12T20:00:35.708+0000] {processor.py:766} INFO - DAG(s) dict_keys(['example_python_operator']) retrieved from /home/airflow/.local/lib/python3.7/site-packages/airflow/example_dags/example_python_operator.py
[2023-11-12T20:00:35.745+0000] {logging_mixin.py:120} INFO - [2023-11-12T20:00:35.745+0000] {dag.py:2585} INFO - Sync 1 DAGs
[2023-11-12T20:00:35.764+0000] {logging_mixin.py:120} INFO - [2023-11-12T20:00:35.764+0000] {dag.py:3340} INFO - Setting next_dagrun for example_python_operator to None, run_after=None
[2023-11-12T20:00:35.785+0000] {processor.py:176} INFO - Processing /home/airflow/.local/lib/python3.7/site-packages/airflow/example_dags/example_python_operator.py took 0.106 seconds
[2023-11-12T20:01:06.434+0000] {processor.py:154} INFO - Started process (PID=319) to work on /home/airflow/.local/lib/python3.7/site-packages/airflow/example_dags/example_python_operator.py
[2023-11-12T20:01:06.434+0000] {processor.py:756} INFO - Processing file /home/airflow/.local/lib/python3.7/site-packages/airflow/example_dags/example_python_operator.py for tasks to queue
[2023-11-12T20:01:06.435+0000] {logging_mixin.py:120} INFO - [2023-11-12T20:01:06.435+0000] {dagbag.py:537} INFO - Filling up the DagBag from /home/airflow/.local/lib/python3.7/site-packages/airflow/example_dags/example_python_operator.py
[2023-11-12T20:01:06.450+0000] {logging_mixin.py:120} INFO - [2023-11-12T20:01:06.450+0000] {taskmixin.py:205} WARNING - Dependency <Task(_PythonDecoratedOperator): print_the_context>, log_sql_query already registered for DAG: example_python_operator
[2023-11-12T20:01:06.450+0000] {logging_mixin.py:120} INFO - [2023-11-12T20:01:06.450+0000] {taskmixin.py:205} WARNING - Dependency <Task(_PythonDecoratedOperator): log_sql_query>, print_the_context already registered for DAG: example_python_operator
[2023-11-12T20:01:06.451+0000] {logging_mixin.py:120} INFO - [2023-11-12T20:01:06.450+0000] {taskmixin.py:205} WARNING - Dependency <Task(_PythonDecoratedOperator): print_the_context>, log_sql_query already registered for DAG: example_python_operator
[2023-11-12T20:01:06.451+0000] {logging_mixin.py:120} INFO - [2023-11-12T20:01:06.451+0000] {taskmixin.py:205} WARNING - Dependency <Task(_PythonDecoratedOperator): log_sql_query>, print_the_context already registered for DAG: example_python_operator
[2023-11-12T20:01:06.452+0000] {logging_mixin.py:120} INFO - [2023-11-12T20:01:06.451+0000] {taskmixin.py:205} WARNING - Dependency <Task(_PythonDecoratedOperator): print_the_context>, log_sql_query already registered for DAG: example_python_operator
[2023-11-12T20:01:06.452+0000] {logging_mixin.py:120} INFO - [2023-11-12T20:01:06.452+0000] {taskmixin.py:205} WARNING - Dependency <Task(_PythonDecoratedOperator): log_sql_query>, print_the_context already registered for DAG: example_python_operator
[2023-11-12T20:01:06.453+0000] {logging_mixin.py:120} INFO - [2023-11-12T20:01:06.453+0000] {taskmixin.py:205} WARNING - Dependency <Task(_PythonDecoratedOperator): print_the_context>, log_sql_query already registered for DAG: example_python_operator
[2023-11-12T20:01:06.453+0000] {logging_mixin.py:120} INFO - [2023-11-12T20:01:06.453+0000] {taskmixin.py:205} WARNING - Dependency <Task(_PythonDecoratedOperator): log_sql_query>, print_the_context already registered for DAG: example_python_operator
[2023-11-12T20:01:06.459+0000] {processor.py:766} INFO - DAG(s) dict_keys(['example_python_operator']) retrieved from /home/airflow/.local/lib/python3.7/site-packages/airflow/example_dags/example_python_operator.py
[2023-11-12T20:01:06.493+0000] {logging_mixin.py:120} INFO - [2023-11-12T20:01:06.493+0000] {dag.py:2585} INFO - Sync 1 DAGs
[2023-11-12T20:01:06.515+0000] {logging_mixin.py:120} INFO - [2023-11-12T20:01:06.515+0000] {dag.py:3340} INFO - Setting next_dagrun for example_python_operator to None, run_after=None
[2023-11-12T20:01:06.545+0000] {processor.py:176} INFO - Processing /home/airflow/.local/lib/python3.7/site-packages/airflow/example_dags/example_python_operator.py took 0.114 seconds
[2023-11-12T20:01:37.357+0000] {processor.py:154} INFO - Started process (PID=373) to work on /home/airflow/.local/lib/python3.7/site-packages/airflow/example_dags/example_python_operator.py
[2023-11-12T20:01:37.358+0000] {processor.py:756} INFO - Processing file /home/airflow/.local/lib/python3.7/site-packages/airflow/example_dags/example_python_operator.py for tasks to queue
[2023-11-12T20:01:37.358+0000] {logging_mixin.py:120} INFO - [2023-11-12T20:01:37.358+0000] {dagbag.py:537} INFO - Filling up the DagBag from /home/airflow/.local/lib/python3.7/site-packages/airflow/example_dags/example_python_operator.py
[2023-11-12T20:01:37.371+0000] {logging_mixin.py:120} INFO - [2023-11-12T20:01:37.371+0000] {taskmixin.py:205} WARNING - Dependency <Task(_PythonDecoratedOperator): print_the_context>, log_sql_query already registered for DAG: example_python_operator
[2023-11-12T20:01:37.371+0000] {logging_mixin.py:120} INFO - [2023-11-12T20:01:37.371+0000] {taskmixin.py:205} WARNING - Dependency <Task(_PythonDecoratedOperator): log_sql_query>, print_the_context already registered for DAG: example_python_operator
[2023-11-12T20:01:37.372+0000] {logging_mixin.py:120} INFO - [2023-11-12T20:01:37.372+0000] {taskmixin.py:205} WARNING - Dependency <Task(_PythonDecoratedOperator): print_the_context>, log_sql_query already registered for DAG: example_python_operator
[2023-11-12T20:01:37.372+0000] {logging_mixin.py:120} INFO - [2023-11-12T20:01:37.372+0000] {taskmixin.py:205} WARNING - Dependency <Task(_PythonDecoratedOperator): log_sql_query>, print_the_context already registered for DAG: example_python_operator
[2023-11-12T20:01:37.373+0000] {logging_mixin.py:120} INFO - [2023-11-12T20:01:37.372+0000] {taskmixin.py:205} WARNING - Dependency <Task(_PythonDecoratedOperator): print_the_context>, log_sql_query already registered for DAG: example_python_operator
[2023-11-12T20:01:37.373+0000] {logging_mixin.py:120} INFO - [2023-11-12T20:01:37.373+0000] {taskmixin.py:205} WARNING - Dependency <Task(_PythonDecoratedOperator): log_sql_query>, print_the_context already registered for DAG: example_python_operator
[2023-11-12T20:01:37.373+0000] {logging_mixin.py:120} INFO - [2023-11-12T20:01:37.373+0000] {taskmixin.py:205} WARNING - Dependency <Task(_PythonDecoratedOperator): print_the_context>, log_sql_query already registered for DAG: example_python_operator
[2023-11-12T20:01:37.374+0000] {logging_mixin.py:120} INFO - [2023-11-12T20:01:37.373+0000] {taskmixin.py:205} WARNING - Dependency <Task(_PythonDecoratedOperator): log_sql_query>, print_the_context already registered for DAG: example_python_operator
[2023-11-12T20:01:37.380+0000] {processor.py:766} INFO - DAG(s) dict_keys(['example_python_operator']) retrieved from /home/airflow/.local/lib/python3.7/site-packages/airflow/example_dags/example_python_operator.py
[2023-11-12T20:01:37.415+0000] {logging_mixin.py:120} INFO - [2023-11-12T20:01:37.415+0000] {dag.py:2585} INFO - Sync 1 DAGs
[2023-11-12T20:01:37.436+0000] {logging_mixin.py:120} INFO - [2023-11-12T20:01:37.436+0000] {dag.py:3340} INFO - Setting next_dagrun for example_python_operator to None, run_after=None
[2023-11-12T20:01:37.457+0000] {processor.py:176} INFO - Processing /home/airflow/.local/lib/python3.7/site-packages/airflow/example_dags/example_python_operator.py took 0.102 seconds
[2023-11-12T20:02:08.054+0000] {processor.py:154} INFO - Started process (PID=436) to work on /home/airflow/.local/lib/python3.7/site-packages/airflow/example_dags/example_python_operator.py
[2023-11-12T20:02:08.054+0000] {processor.py:756} INFO - Processing file /home/airflow/.local/lib/python3.7/site-packages/airflow/example_dags/example_python_operator.py for tasks to queue
[2023-11-12T20:02:08.055+0000] {logging_mixin.py:120} INFO - [2023-11-12T20:02:08.055+0000] {dagbag.py:537} INFO - Filling up the DagBag from /home/airflow/.local/lib/python3.7/site-packages/airflow/example_dags/example_python_operator.py
[2023-11-12T20:02:08.068+0000] {logging_mixin.py:120} INFO - [2023-11-12T20:02:08.068+0000] {taskmixin.py:205} WARNING - Dependency <Task(_PythonDecoratedOperator): print_the_context>, log_sql_query already registered for DAG: example_python_operator
[2023-11-12T20:02:08.068+0000] {logging_mixin.py:120} INFO - [2023-11-12T20:02:08.068+0000] {taskmixin.py:205} WARNING - Dependency <Task(_PythonDecoratedOperator): log_sql_query>, print_the_context already registered for DAG: example_python_operator
[2023-11-12T20:02:08.068+0000] {logging_mixin.py:120} INFO - [2023-11-12T20:02:08.068+0000] {taskmixin.py:205} WARNING - Dependency <Task(_PythonDecoratedOperator): print_the_context>, log_sql_query already registered for DAG: example_python_operator
[2023-11-12T20:02:08.069+0000] {logging_mixin.py:120} INFO - [2023-11-12T20:02:08.069+0000] {taskmixin.py:205} WARNING - Dependency <Task(_PythonDecoratedOperator): log_sql_query>, print_the_context already registered for DAG: example_python_operator
[2023-11-12T20:02:08.069+0000] {logging_mixin.py:120} INFO - [2023-11-12T20:02:08.069+0000] {taskmixin.py:205} WARNING - Dependency <Task(_PythonDecoratedOperator): print_the_context>, log_sql_query already registered for DAG: example_python_operator
[2023-11-12T20:02:08.069+0000] {logging_mixin.py:120} INFO - [2023-11-12T20:02:08.069+0000] {taskmixin.py:205} WARNING - Dependency <Task(_PythonDecoratedOperator): log_sql_query>, print_the_context already registered for DAG: example_python_operator
[2023-11-12T20:02:08.070+0000] {logging_mixin.py:120} INFO - [2023-11-12T20:02:08.070+0000] {taskmixin.py:205} WARNING - Dependency <Task(_PythonDecoratedOperator): print_the_context>, log_sql_query already registered for DAG: example_python_operator
[2023-11-12T20:02:08.070+0000] {logging_mixin.py:120} INFO - [2023-11-12T20:02:08.070+0000] {taskmixin.py:205} WARNING - Dependency <Task(_PythonDecoratedOperator): log_sql_query>, print_the_context already registered for DAG: example_python_operator
[2023-11-12T20:02:08.076+0000] {processor.py:766} INFO - DAG(s) dict_keys(['example_python_operator']) retrieved from /home/airflow/.local/lib/python3.7/site-packages/airflow/example_dags/example_python_operator.py
[2023-11-12T20:02:08.112+0000] {logging_mixin.py:120} INFO - [2023-11-12T20:02:08.112+0000] {dag.py:2585} INFO - Sync 1 DAGs
[2023-11-12T20:02:08.131+0000] {logging_mixin.py:120} INFO - [2023-11-12T20:02:08.131+0000] {dag.py:3340} INFO - Setting next_dagrun for example_python_operator to None, run_after=None
[2023-11-12T20:02:08.152+0000] {processor.py:176} INFO - Processing /home/airflow/.local/lib/python3.7/site-packages/airflow/example_dags/example_python_operator.py took 0.100 seconds
[2023-11-12T20:02:39.104+0000] {processor.py:154} INFO - Started process (PID=499) to work on /home/airflow/.local/lib/python3.7/site-packages/airflow/example_dags/example_python_operator.py
[2023-11-12T20:02:39.105+0000] {processor.py:756} INFO - Processing file /home/airflow/.local/lib/python3.7/site-packages/airflow/example_dags/example_python_operator.py for tasks to queue
[2023-11-12T20:02:39.105+0000] {logging_mixin.py:120} INFO - [2023-11-12T20:02:39.105+0000] {dagbag.py:537} INFO - Filling up the DagBag from /home/airflow/.local/lib/python3.7/site-packages/airflow/example_dags/example_python_operator.py
[2023-11-12T20:02:39.118+0000] {logging_mixin.py:120} INFO - [2023-11-12T20:02:39.118+0000] {taskmixin.py:205} WARNING - Dependency <Task(_PythonDecoratedOperator): print_the_context>, log_sql_query already registered for DAG: example_python_operator
[2023-11-12T20:02:39.118+0000] {logging_mixin.py:120} INFO - [2023-11-12T20:02:39.118+0000] {taskmixin.py:205} WARNING - Dependency <Task(_PythonDecoratedOperator): log_sql_query>, print_the_context already registered for DAG: example_python_operator
[2023-11-12T20:02:39.119+0000] {logging_mixin.py:120} INFO - [2023-11-12T20:02:39.119+0000] {taskmixin.py:205} WARNING - Dependency <Task(_PythonDecoratedOperator): print_the_context>, log_sql_query already registered for DAG: example_python_operator
[2023-11-12T20:02:39.119+0000] {logging_mixin.py:120} INFO - [2023-11-12T20:02:39.119+0000] {taskmixin.py:205} WARNING - Dependency <Task(_PythonDecoratedOperator): log_sql_query>, print_the_context already registered for DAG: example_python_operator
[2023-11-12T20:02:39.120+0000] {logging_mixin.py:120} INFO - [2023-11-12T20:02:39.120+0000] {taskmixin.py:205} WARNING - Dependency <Task(_PythonDecoratedOperator): print_the_context>, log_sql_query already registered for DAG: example_python_operator
[2023-11-12T20:02:39.120+0000] {logging_mixin.py:120} INFO - [2023-11-12T20:02:39.120+0000] {taskmixin.py:205} WARNING - Dependency <Task(_PythonDecoratedOperator): log_sql_query>, print_the_context already registered for DAG: example_python_operator
[2023-11-12T20:02:39.120+0000] {logging_mixin.py:120} INFO - [2023-11-12T20:02:39.120+0000] {taskmixin.py:205} WARNING - Dependency <Task(_PythonDecoratedOperator): print_the_context>, log_sql_query already registered for DAG: example_python_operator
[2023-11-12T20:02:39.121+0000] {logging_mixin.py:120} INFO - [2023-11-12T20:02:39.120+0000] {taskmixin.py:205} WARNING - Dependency <Task(_PythonDecoratedOperator): log_sql_query>, print_the_context already registered for DAG: example_python_operator
[2023-11-12T20:02:39.127+0000] {processor.py:766} INFO - DAG(s) dict_keys(['example_python_operator']) retrieved from /home/airflow/.local/lib/python3.7/site-packages/airflow/example_dags/example_python_operator.py
[2023-11-12T20:02:39.175+0000] {logging_mixin.py:120} INFO - [2023-11-12T20:02:39.175+0000] {dag.py:2585} INFO - Sync 1 DAGs
[2023-11-12T20:02:39.206+0000] {logging_mixin.py:120} INFO - [2023-11-12T20:02:39.206+0000] {dag.py:3340} INFO - Setting next_dagrun for example_python_operator to None, run_after=None
[2023-11-12T20:02:39.227+0000] {processor.py:176} INFO - Processing /home/airflow/.local/lib/python3.7/site-packages/airflow/example_dags/example_python_operator.py took 0.126 seconds
[2023-11-12T20:03:09.380+0000] {processor.py:154} INFO - Started process (PID=561) to work on /home/airflow/.local/lib/python3.7/site-packages/airflow/example_dags/example_python_operator.py
[2023-11-12T20:03:09.381+0000] {processor.py:756} INFO - Processing file /home/airflow/.local/lib/python3.7/site-packages/airflow/example_dags/example_python_operator.py for tasks to queue
[2023-11-12T20:03:09.382+0000] {logging_mixin.py:120} INFO - [2023-11-12T20:03:09.382+0000] {dagbag.py:537} INFO - Filling up the DagBag from /home/airflow/.local/lib/python3.7/site-packages/airflow/example_dags/example_python_operator.py
[2023-11-12T20:03:09.401+0000] {logging_mixin.py:120} INFO - [2023-11-12T20:03:09.401+0000] {taskmixin.py:205} WARNING - Dependency <Task(_PythonDecoratedOperator): print_the_context>, log_sql_query already registered for DAG: example_python_operator
[2023-11-12T20:03:09.401+0000] {logging_mixin.py:120} INFO - [2023-11-12T20:03:09.401+0000] {taskmixin.py:205} WARNING - Dependency <Task(_PythonDecoratedOperator): log_sql_query>, print_the_context already registered for DAG: example_python_operator
[2023-11-12T20:03:09.402+0000] {logging_mixin.py:120} INFO - [2023-11-12T20:03:09.402+0000] {taskmixin.py:205} WARNING - Dependency <Task(_PythonDecoratedOperator): print_the_context>, log_sql_query already registered for DAG: example_python_operator
[2023-11-12T20:03:09.402+0000] {logging_mixin.py:120} INFO - [2023-11-12T20:03:09.402+0000] {taskmixin.py:205} WARNING - Dependency <Task(_PythonDecoratedOperator): log_sql_query>, print_the_context already registered for DAG: example_python_operator
[2023-11-12T20:03:09.403+0000] {logging_mixin.py:120} INFO - [2023-11-12T20:03:09.403+0000] {taskmixin.py:205} WARNING - Dependency <Task(_PythonDecoratedOperator): print_the_context>, log_sql_query already registered for DAG: example_python_operator
[2023-11-12T20:03:09.403+0000] {logging_mixin.py:120} INFO - [2023-11-12T20:03:09.403+0000] {taskmixin.py:205} WARNING - Dependency <Task(_PythonDecoratedOperator): log_sql_query>, print_the_context already registered for DAG: example_python_operator
[2023-11-12T20:03:09.404+0000] {logging_mixin.py:120} INFO - [2023-11-12T20:03:09.404+0000] {taskmixin.py:205} WARNING - Dependency <Task(_PythonDecoratedOperator): print_the_context>, log_sql_query already registered for DAG: example_python_operator
[2023-11-12T20:03:09.404+0000] {logging_mixin.py:120} INFO - [2023-11-12T20:03:09.404+0000] {taskmixin.py:205} WARNING - Dependency <Task(_PythonDecoratedOperator): log_sql_query>, print_the_context already registered for DAG: example_python_operator
[2023-11-12T20:03:09.413+0000] {processor.py:766} INFO - DAG(s) dict_keys(['example_python_operator']) retrieved from /home/airflow/.local/lib/python3.7/site-packages/airflow/example_dags/example_python_operator.py
[2023-11-12T20:03:09.475+0000] {logging_mixin.py:120} INFO - [2023-11-12T20:03:09.475+0000] {dag.py:2585} INFO - Sync 1 DAGs
[2023-11-12T20:03:09.505+0000] {logging_mixin.py:120} INFO - [2023-11-12T20:03:09.505+0000] {dag.py:3340} INFO - Setting next_dagrun for example_python_operator to None, run_after=None
[2023-11-12T20:03:09.536+0000] {processor.py:176} INFO - Processing /home/airflow/.local/lib/python3.7/site-packages/airflow/example_dags/example_python_operator.py took 0.159 seconds
[2023-11-12T20:03:40.656+0000] {processor.py:154} INFO - Started process (PID=618) to work on /home/airflow/.local/lib/python3.7/site-packages/airflow/example_dags/example_python_operator.py
[2023-11-12T20:03:40.663+0000] {processor.py:756} INFO - Processing file /home/airflow/.local/lib/python3.7/site-packages/airflow/example_dags/example_python_operator.py for tasks to queue
[2023-11-12T20:03:40.663+0000] {logging_mixin.py:120} INFO - [2023-11-12T20:03:40.663+0000] {dagbag.py:537} INFO - Filling up the DagBag from /home/airflow/.local/lib/python3.7/site-packages/airflow/example_dags/example_python_operator.py
[2023-11-12T20:03:40.705+0000] {logging_mixin.py:120} INFO - [2023-11-12T20:03:40.705+0000] {taskmixin.py:205} WARNING - Dependency <Task(_PythonDecoratedOperator): print_the_context>, log_sql_query already registered for DAG: example_python_operator
[2023-11-12T20:03:40.706+0000] {logging_mixin.py:120} INFO - [2023-11-12T20:03:40.705+0000] {taskmixin.py:205} WARNING - Dependency <Task(_PythonDecoratedOperator): log_sql_query>, print_the_context already registered for DAG: example_python_operator
[2023-11-12T20:03:40.706+0000] {logging_mixin.py:120} INFO - [2023-11-12T20:03:40.706+0000] {taskmixin.py:205} WARNING - Dependency <Task(_PythonDecoratedOperator): print_the_context>, log_sql_query already registered for DAG: example_python_operator
[2023-11-12T20:03:40.707+0000] {logging_mixin.py:120} INFO - [2023-11-12T20:03:40.707+0000] {taskmixin.py:205} WARNING - Dependency <Task(_PythonDecoratedOperator): log_sql_query>, print_the_context already registered for DAG: example_python_operator
[2023-11-12T20:03:40.708+0000] {logging_mixin.py:120} INFO - [2023-11-12T20:03:40.708+0000] {taskmixin.py:205} WARNING - Dependency <Task(_PythonDecoratedOperator): print_the_context>, log_sql_query already registered for DAG: example_python_operator
[2023-11-12T20:03:40.708+0000] {logging_mixin.py:120} INFO - [2023-11-12T20:03:40.708+0000] {taskmixin.py:205} WARNING - Dependency <Task(_PythonDecoratedOperator): log_sql_query>, print_the_context already registered for DAG: example_python_operator
[2023-11-12T20:03:40.709+0000] {logging_mixin.py:120} INFO - [2023-11-12T20:03:40.709+0000] {taskmixin.py:205} WARNING - Dependency <Task(_PythonDecoratedOperator): print_the_context>, log_sql_query already registered for DAG: example_python_operator
[2023-11-12T20:03:40.709+0000] {logging_mixin.py:120} INFO - [2023-11-12T20:03:40.709+0000] {taskmixin.py:205} WARNING - Dependency <Task(_PythonDecoratedOperator): log_sql_query>, print_the_context already registered for DAG: example_python_operator
[2023-11-12T20:03:40.720+0000] {processor.py:766} INFO - DAG(s) dict_keys(['example_python_operator']) retrieved from /home/airflow/.local/lib/python3.7/site-packages/airflow/example_dags/example_python_operator.py
[2023-11-12T20:03:40.772+0000] {logging_mixin.py:120} INFO - [2023-11-12T20:03:40.772+0000] {dag.py:2585} INFO - Sync 1 DAGs
[2023-11-12T20:03:40.827+0000] {logging_mixin.py:120} INFO - [2023-11-12T20:03:40.827+0000] {dag.py:3340} INFO - Setting next_dagrun for example_python_operator to None, run_after=None
[2023-11-12T20:03:40.868+0000] {processor.py:176} INFO - Processing /home/airflow/.local/lib/python3.7/site-packages/airflow/example_dags/example_python_operator.py took 0.215 seconds
[2023-11-12T20:04:11.563+0000] {processor.py:154} INFO - Started process (PID=682) to work on /home/airflow/.local/lib/python3.7/site-packages/airflow/example_dags/example_python_operator.py
[2023-11-12T20:04:11.564+0000] {processor.py:756} INFO - Processing file /home/airflow/.local/lib/python3.7/site-packages/airflow/example_dags/example_python_operator.py for tasks to queue
[2023-11-12T20:04:11.565+0000] {logging_mixin.py:120} INFO - [2023-11-12T20:04:11.565+0000] {dagbag.py:537} INFO - Filling up the DagBag from /home/airflow/.local/lib/python3.7/site-packages/airflow/example_dags/example_python_operator.py
[2023-11-12T20:04:11.583+0000] {logging_mixin.py:120} INFO - [2023-11-12T20:04:11.583+0000] {taskmixin.py:205} WARNING - Dependency <Task(_PythonDecoratedOperator): print_the_context>, log_sql_query already registered for DAG: example_python_operator
[2023-11-12T20:04:11.583+0000] {logging_mixin.py:120} INFO - [2023-11-12T20:04:11.583+0000] {taskmixin.py:205} WARNING - Dependency <Task(_PythonDecoratedOperator): log_sql_query>, print_the_context already registered for DAG: example_python_operator
[2023-11-12T20:04:11.584+0000] {logging_mixin.py:120} INFO - [2023-11-12T20:04:11.584+0000] {taskmixin.py:205} WARNING - Dependency <Task(_PythonDecoratedOperator): print_the_context>, log_sql_query already registered for DAG: example_python_operator
[2023-11-12T20:04:11.584+0000] {logging_mixin.py:120} INFO - [2023-11-12T20:04:11.584+0000] {taskmixin.py:205} WARNING - Dependency <Task(_PythonDecoratedOperator): log_sql_query>, print_the_context already registered for DAG: example_python_operator
[2023-11-12T20:04:11.585+0000] {logging_mixin.py:120} INFO - [2023-11-12T20:04:11.585+0000] {taskmixin.py:205} WARNING - Dependency <Task(_PythonDecoratedOperator): print_the_context>, log_sql_query already registered for DAG: example_python_operator
[2023-11-12T20:04:11.585+0000] {logging_mixin.py:120} INFO - [2023-11-12T20:04:11.585+0000] {taskmixin.py:205} WARNING - Dependency <Task(_PythonDecoratedOperator): log_sql_query>, print_the_context already registered for DAG: example_python_operator
[2023-11-12T20:04:11.586+0000] {logging_mixin.py:120} INFO - [2023-11-12T20:04:11.586+0000] {taskmixin.py:205} WARNING - Dependency <Task(_PythonDecoratedOperator): print_the_context>, log_sql_query already registered for DAG: example_python_operator
[2023-11-12T20:04:11.586+0000] {logging_mixin.py:120} INFO - [2023-11-12T20:04:11.586+0000] {taskmixin.py:205} WARNING - Dependency <Task(_PythonDecoratedOperator): log_sql_query>, print_the_context already registered for DAG: example_python_operator
[2023-11-12T20:04:11.593+0000] {processor.py:766} INFO - DAG(s) dict_keys(['example_python_operator']) retrieved from /home/airflow/.local/lib/python3.7/site-packages/airflow/example_dags/example_python_operator.py
[2023-11-12T20:04:11.641+0000] {logging_mixin.py:120} INFO - [2023-11-12T20:04:11.641+0000] {dag.py:2585} INFO - Sync 1 DAGs
[2023-11-12T20:04:11.675+0000] {logging_mixin.py:120} INFO - [2023-11-12T20:04:11.675+0000] {dag.py:3340} INFO - Setting next_dagrun for example_python_operator to None, run_after=None
[2023-11-12T20:04:11.706+0000] {processor.py:176} INFO - Processing /home/airflow/.local/lib/python3.7/site-packages/airflow/example_dags/example_python_operator.py took 0.146 seconds
[2023-11-12T20:04:42.456+0000] {processor.py:154} INFO - Started process (PID=746) to work on /home/airflow/.local/lib/python3.7/site-packages/airflow/example_dags/example_python_operator.py
[2023-11-12T20:04:42.458+0000] {processor.py:756} INFO - Processing file /home/airflow/.local/lib/python3.7/site-packages/airflow/example_dags/example_python_operator.py for tasks to queue
[2023-11-12T20:04:42.463+0000] {logging_mixin.py:120} INFO - [2023-11-12T20:04:42.463+0000] {dagbag.py:537} INFO - Filling up the DagBag from /home/airflow/.local/lib/python3.7/site-packages/airflow/example_dags/example_python_operator.py
[2023-11-12T20:04:42.490+0000] {logging_mixin.py:120} INFO - [2023-11-12T20:04:42.490+0000] {taskmixin.py:205} WARNING - Dependency <Task(_PythonDecoratedOperator): print_the_context>, log_sql_query already registered for DAG: example_python_operator
[2023-11-12T20:04:42.490+0000] {logging_mixin.py:120} INFO - [2023-11-12T20:04:42.490+0000] {taskmixin.py:205} WARNING - Dependency <Task(_PythonDecoratedOperator): log_sql_query>, print_the_context already registered for DAG: example_python_operator
[2023-11-12T20:04:42.491+0000] {logging_mixin.py:120} INFO - [2023-11-12T20:04:42.491+0000] {taskmixin.py:205} WARNING - Dependency <Task(_PythonDecoratedOperator): print_the_context>, log_sql_query already registered for DAG: example_python_operator
[2023-11-12T20:04:42.491+0000] {logging_mixin.py:120} INFO - [2023-11-12T20:04:42.491+0000] {taskmixin.py:205} WARNING - Dependency <Task(_PythonDecoratedOperator): log_sql_query>, print_the_context already registered for DAG: example_python_operator
[2023-11-12T20:04:42.492+0000] {logging_mixin.py:120} INFO - [2023-11-12T20:04:42.492+0000] {taskmixin.py:205} WARNING - Dependency <Task(_PythonDecoratedOperator): print_the_context>, log_sql_query already registered for DAG: example_python_operator
[2023-11-12T20:04:42.493+0000] {logging_mixin.py:120} INFO - [2023-11-12T20:04:42.493+0000] {taskmixin.py:205} WARNING - Dependency <Task(_PythonDecoratedOperator): log_sql_query>, print_the_context already registered for DAG: example_python_operator
[2023-11-12T20:04:42.494+0000] {logging_mixin.py:120} INFO - [2023-11-12T20:04:42.494+0000] {taskmixin.py:205} WARNING - Dependency <Task(_PythonDecoratedOperator): print_the_context>, log_sql_query already registered for DAG: example_python_operator
[2023-11-12T20:04:42.494+0000] {logging_mixin.py:120} INFO - [2023-11-12T20:04:42.494+0000] {taskmixin.py:205} WARNING - Dependency <Task(_PythonDecoratedOperator): log_sql_query>, print_the_context already registered for DAG: example_python_operator
[2023-11-12T20:04:42.504+0000] {processor.py:766} INFO - DAG(s) dict_keys(['example_python_operator']) retrieved from /home/airflow/.local/lib/python3.7/site-packages/airflow/example_dags/example_python_operator.py
[2023-11-12T20:04:42.556+0000] {logging_mixin.py:120} INFO - [2023-11-12T20:04:42.556+0000] {dag.py:2585} INFO - Sync 1 DAGs
[2023-11-12T20:04:42.588+0000] {logging_mixin.py:120} INFO - [2023-11-12T20:04:42.588+0000] {dag.py:3340} INFO - Setting next_dagrun for example_python_operator to None, run_after=None
[2023-11-12T20:04:42.616+0000] {processor.py:176} INFO - Processing /home/airflow/.local/lib/python3.7/site-packages/airflow/example_dags/example_python_operator.py took 0.164 seconds
[2023-11-12T20:05:13.263+0000] {processor.py:154} INFO - Started process (PID=801) to work on /home/airflow/.local/lib/python3.7/site-packages/airflow/example_dags/example_python_operator.py
[2023-11-12T20:05:13.264+0000] {processor.py:756} INFO - Processing file /home/airflow/.local/lib/python3.7/site-packages/airflow/example_dags/example_python_operator.py for tasks to queue
[2023-11-12T20:05:13.265+0000] {logging_mixin.py:120} INFO - [2023-11-12T20:05:13.265+0000] {dagbag.py:537} INFO - Filling up the DagBag from /home/airflow/.local/lib/python3.7/site-packages/airflow/example_dags/example_python_operator.py
[2023-11-12T20:05:13.284+0000] {logging_mixin.py:120} INFO - [2023-11-12T20:05:13.284+0000] {taskmixin.py:205} WARNING - Dependency <Task(_PythonDecoratedOperator): print_the_context>, log_sql_query already registered for DAG: example_python_operator
[2023-11-12T20:05:13.284+0000] {logging_mixin.py:120} INFO - [2023-11-12T20:05:13.284+0000] {taskmixin.py:205} WARNING - Dependency <Task(_PythonDecoratedOperator): log_sql_query>, print_the_context already registered for DAG: example_python_operator
[2023-11-12T20:05:13.285+0000] {logging_mixin.py:120} INFO - [2023-11-12T20:05:13.285+0000] {taskmixin.py:205} WARNING - Dependency <Task(_PythonDecoratedOperator): print_the_context>, log_sql_query already registered for DAG: example_python_operator
[2023-11-12T20:05:13.286+0000] {logging_mixin.py:120} INFO - [2023-11-12T20:05:13.286+0000] {taskmixin.py:205} WARNING - Dependency <Task(_PythonDecoratedOperator): log_sql_query>, print_the_context already registered for DAG: example_python_operator
[2023-11-12T20:05:13.287+0000] {logging_mixin.py:120} INFO - [2023-11-12T20:05:13.287+0000] {taskmixin.py:205} WARNING - Dependency <Task(_PythonDecoratedOperator): print_the_context>, log_sql_query already registered for DAG: example_python_operator
[2023-11-12T20:05:13.287+0000] {logging_mixin.py:120} INFO - [2023-11-12T20:05:13.287+0000] {taskmixin.py:205} WARNING - Dependency <Task(_PythonDecoratedOperator): log_sql_query>, print_the_context already registered for DAG: example_python_operator
[2023-11-12T20:05:13.288+0000] {logging_mixin.py:120} INFO - [2023-11-12T20:05:13.288+0000] {taskmixin.py:205} WARNING - Dependency <Task(_PythonDecoratedOperator): print_the_context>, log_sql_query already registered for DAG: example_python_operator
[2023-11-12T20:05:13.288+0000] {logging_mixin.py:120} INFO - [2023-11-12T20:05:13.288+0000] {taskmixin.py:205} WARNING - Dependency <Task(_PythonDecoratedOperator): log_sql_query>, print_the_context already registered for DAG: example_python_operator
[2023-11-12T20:05:13.299+0000] {processor.py:766} INFO - DAG(s) dict_keys(['example_python_operator']) retrieved from /home/airflow/.local/lib/python3.7/site-packages/airflow/example_dags/example_python_operator.py
[2023-11-12T20:05:13.406+0000] {logging_mixin.py:120} INFO - [2023-11-12T20:05:13.406+0000] {dag.py:2585} INFO - Sync 1 DAGs
[2023-11-12T20:05:13.478+0000] {logging_mixin.py:120} INFO - [2023-11-12T20:05:13.478+0000] {dag.py:3340} INFO - Setting next_dagrun for example_python_operator to None, run_after=None
[2023-11-12T20:05:13.513+0000] {processor.py:176} INFO - Processing /home/airflow/.local/lib/python3.7/site-packages/airflow/example_dags/example_python_operator.py took 0.253 seconds
[2023-11-12T20:05:44.030+0000] {processor.py:154} INFO - Started process (PID=863) to work on /home/airflow/.local/lib/python3.7/site-packages/airflow/example_dags/example_python_operator.py
[2023-11-12T20:05:44.031+0000] {processor.py:756} INFO - Processing file /home/airflow/.local/lib/python3.7/site-packages/airflow/example_dags/example_python_operator.py for tasks to queue
[2023-11-12T20:05:44.032+0000] {logging_mixin.py:120} INFO - [2023-11-12T20:05:44.032+0000] {dagbag.py:537} INFO - Filling up the DagBag from /home/airflow/.local/lib/python3.7/site-packages/airflow/example_dags/example_python_operator.py
[2023-11-12T20:05:44.082+0000] {logging_mixin.py:120} INFO - [2023-11-12T20:05:44.082+0000] {taskmixin.py:205} WARNING - Dependency <Task(_PythonDecoratedOperator): print_the_context>, log_sql_query already registered for DAG: example_python_operator
[2023-11-12T20:05:44.082+0000] {logging_mixin.py:120} INFO - [2023-11-12T20:05:44.082+0000] {taskmixin.py:205} WARNING - Dependency <Task(_PythonDecoratedOperator): log_sql_query>, print_the_context already registered for DAG: example_python_operator
[2023-11-12T20:05:44.083+0000] {logging_mixin.py:120} INFO - [2023-11-12T20:05:44.083+0000] {taskmixin.py:205} WARNING - Dependency <Task(_PythonDecoratedOperator): print_the_context>, log_sql_query already registered for DAG: example_python_operator
[2023-11-12T20:05:44.084+0000] {logging_mixin.py:120} INFO - [2023-11-12T20:05:44.084+0000] {taskmixin.py:205} WARNING - Dependency <Task(_PythonDecoratedOperator): log_sql_query>, print_the_context already registered for DAG: example_python_operator
[2023-11-12T20:05:44.088+0000] {logging_mixin.py:120} INFO - [2023-11-12T20:05:44.088+0000] {taskmixin.py:205} WARNING - Dependency <Task(_PythonDecoratedOperator): print_the_context>, log_sql_query already registered for DAG: example_python_operator
[2023-11-12T20:05:44.090+0000] {logging_mixin.py:120} INFO - [2023-11-12T20:05:44.089+0000] {taskmixin.py:205} WARNING - Dependency <Task(_PythonDecoratedOperator): log_sql_query>, print_the_context already registered for DAG: example_python_operator
[2023-11-12T20:05:44.092+0000] {logging_mixin.py:120} INFO - [2023-11-12T20:05:44.092+0000] {taskmixin.py:205} WARNING - Dependency <Task(_PythonDecoratedOperator): print_the_context>, log_sql_query already registered for DAG: example_python_operator
[2023-11-12T20:05:44.093+0000] {logging_mixin.py:120} INFO - [2023-11-12T20:05:44.093+0000] {taskmixin.py:205} WARNING - Dependency <Task(_PythonDecoratedOperator): log_sql_query>, print_the_context already registered for DAG: example_python_operator
[2023-11-12T20:05:44.107+0000] {processor.py:766} INFO - DAG(s) dict_keys(['example_python_operator']) retrieved from /home/airflow/.local/lib/python3.7/site-packages/airflow/example_dags/example_python_operator.py
[2023-11-12T20:05:44.209+0000] {logging_mixin.py:120} INFO - [2023-11-12T20:05:44.208+0000] {dag.py:2585} INFO - Sync 1 DAGs
[2023-11-12T20:05:44.285+0000] {logging_mixin.py:120} INFO - [2023-11-12T20:05:44.285+0000] {dag.py:3340} INFO - Setting next_dagrun for example_python_operator to None, run_after=None
[2023-11-12T20:05:44.345+0000] {processor.py:176} INFO - Processing /home/airflow/.local/lib/python3.7/site-packages/airflow/example_dags/example_python_operator.py took 0.333 seconds
[2023-11-12T20:06:15.504+0000] {processor.py:154} INFO - Started process (PID=916) to work on /home/airflow/.local/lib/python3.7/site-packages/airflow/example_dags/example_python_operator.py
[2023-11-12T20:06:15.507+0000] {processor.py:756} INFO - Processing file /home/airflow/.local/lib/python3.7/site-packages/airflow/example_dags/example_python_operator.py for tasks to queue
[2023-11-12T20:06:15.515+0000] {logging_mixin.py:120} INFO - [2023-11-12T20:06:15.515+0000] {dagbag.py:537} INFO - Filling up the DagBag from /home/airflow/.local/lib/python3.7/site-packages/airflow/example_dags/example_python_operator.py
[2023-11-12T20:06:15.584+0000] {logging_mixin.py:120} INFO - [2023-11-12T20:06:15.584+0000] {taskmixin.py:205} WARNING - Dependency <Task(_PythonDecoratedOperator): print_the_context>, log_sql_query already registered for DAG: example_python_operator
[2023-11-12T20:06:15.616+0000] {logging_mixin.py:120} INFO - [2023-11-12T20:06:15.616+0000] {taskmixin.py:205} WARNING - Dependency <Task(_PythonDecoratedOperator): log_sql_query>, print_the_context already registered for DAG: example_python_operator
[2023-11-12T20:06:15.629+0000] {logging_mixin.py:120} INFO - [2023-11-12T20:06:15.629+0000] {taskmixin.py:205} WARNING - Dependency <Task(_PythonDecoratedOperator): print_the_context>, log_sql_query already registered for DAG: example_python_operator
[2023-11-12T20:06:15.630+0000] {logging_mixin.py:120} INFO - [2023-11-12T20:06:15.630+0000] {taskmixin.py:205} WARNING - Dependency <Task(_PythonDecoratedOperator): log_sql_query>, print_the_context already registered for DAG: example_python_operator
[2023-11-12T20:06:15.631+0000] {logging_mixin.py:120} INFO - [2023-11-12T20:06:15.630+0000] {taskmixin.py:205} WARNING - Dependency <Task(_PythonDecoratedOperator): print_the_context>, log_sql_query already registered for DAG: example_python_operator
[2023-11-12T20:06:15.631+0000] {logging_mixin.py:120} INFO - [2023-11-12T20:06:15.631+0000] {taskmixin.py:205} WARNING - Dependency <Task(_PythonDecoratedOperator): log_sql_query>, print_the_context already registered for DAG: example_python_operator
[2023-11-12T20:06:15.632+0000] {logging_mixin.py:120} INFO - [2023-11-12T20:06:15.632+0000] {taskmixin.py:205} WARNING - Dependency <Task(_PythonDecoratedOperator): print_the_context>, log_sql_query already registered for DAG: example_python_operator
[2023-11-12T20:06:15.642+0000] {logging_mixin.py:120} INFO - [2023-11-12T20:06:15.642+0000] {taskmixin.py:205} WARNING - Dependency <Task(_PythonDecoratedOperator): log_sql_query>, print_the_context already registered for DAG: example_python_operator
[2023-11-12T20:06:15.686+0000] {processor.py:766} INFO - DAG(s) dict_keys(['example_python_operator']) retrieved from /home/airflow/.local/lib/python3.7/site-packages/airflow/example_dags/example_python_operator.py
[2023-11-12T20:06:15.789+0000] {logging_mixin.py:120} INFO - [2023-11-12T20:06:15.789+0000] {dag.py:2585} INFO - Sync 1 DAGs
[2023-11-12T20:06:15.861+0000] {logging_mixin.py:120} INFO - [2023-11-12T20:06:15.861+0000] {dag.py:3340} INFO - Setting next_dagrun for example_python_operator to None, run_after=None
[2023-11-12T20:06:15.919+0000] {processor.py:176} INFO - Processing /home/airflow/.local/lib/python3.7/site-packages/airflow/example_dags/example_python_operator.py took 0.418 seconds
[2023-11-12T20:06:46.652+0000] {processor.py:154} INFO - Started process (PID=979) to work on /home/airflow/.local/lib/python3.7/site-packages/airflow/example_dags/example_python_operator.py
[2023-11-12T20:06:46.654+0000] {processor.py:756} INFO - Processing file /home/airflow/.local/lib/python3.7/site-packages/airflow/example_dags/example_python_operator.py for tasks to queue
[2023-11-12T20:06:46.655+0000] {logging_mixin.py:120} INFO - [2023-11-12T20:06:46.655+0000] {dagbag.py:537} INFO - Filling up the DagBag from /home/airflow/.local/lib/python3.7/site-packages/airflow/example_dags/example_python_operator.py
[2023-11-12T20:06:46.674+0000] {logging_mixin.py:120} INFO - [2023-11-12T20:06:46.673+0000] {taskmixin.py:205} WARNING - Dependency <Task(_PythonDecoratedOperator): print_the_context>, log_sql_query already registered for DAG: example_python_operator
[2023-11-12T20:06:46.674+0000] {logging_mixin.py:120} INFO - [2023-11-12T20:06:46.674+0000] {taskmixin.py:205} WARNING - Dependency <Task(_PythonDecoratedOperator): log_sql_query>, print_the_context already registered for DAG: example_python_operator
[2023-11-12T20:06:46.675+0000] {logging_mixin.py:120} INFO - [2023-11-12T20:06:46.675+0000] {taskmixin.py:205} WARNING - Dependency <Task(_PythonDecoratedOperator): print_the_context>, log_sql_query already registered for DAG: example_python_operator
[2023-11-12T20:06:46.675+0000] {logging_mixin.py:120} INFO - [2023-11-12T20:06:46.675+0000] {taskmixin.py:205} WARNING - Dependency <Task(_PythonDecoratedOperator): log_sql_query>, print_the_context already registered for DAG: example_python_operator
[2023-11-12T20:06:46.679+0000] {logging_mixin.py:120} INFO - [2023-11-12T20:06:46.679+0000] {taskmixin.py:205} WARNING - Dependency <Task(_PythonDecoratedOperator): print_the_context>, log_sql_query already registered for DAG: example_python_operator
[2023-11-12T20:06:46.680+0000] {logging_mixin.py:120} INFO - [2023-11-12T20:06:46.680+0000] {taskmixin.py:205} WARNING - Dependency <Task(_PythonDecoratedOperator): log_sql_query>, print_the_context already registered for DAG: example_python_operator
[2023-11-12T20:06:46.681+0000] {logging_mixin.py:120} INFO - [2023-11-12T20:06:46.681+0000] {taskmixin.py:205} WARNING - Dependency <Task(_PythonDecoratedOperator): print_the_context>, log_sql_query already registered for DAG: example_python_operator
[2023-11-12T20:06:46.681+0000] {logging_mixin.py:120} INFO - [2023-11-12T20:06:46.681+0000] {taskmixin.py:205} WARNING - Dependency <Task(_PythonDecoratedOperator): log_sql_query>, print_the_context already registered for DAG: example_python_operator
[2023-11-12T20:06:46.709+0000] {processor.py:766} INFO - DAG(s) dict_keys(['example_python_operator']) retrieved from /home/airflow/.local/lib/python3.7/site-packages/airflow/example_dags/example_python_operator.py
[2023-11-12T20:06:46.789+0000] {logging_mixin.py:120} INFO - [2023-11-12T20:06:46.789+0000] {dag.py:2585} INFO - Sync 1 DAGs
[2023-11-12T20:06:46.820+0000] {logging_mixin.py:120} INFO - [2023-11-12T20:06:46.820+0000] {dag.py:3340} INFO - Setting next_dagrun for example_python_operator to None, run_after=None
[2023-11-12T20:06:46.848+0000] {processor.py:176} INFO - Processing /home/airflow/.local/lib/python3.7/site-packages/airflow/example_dags/example_python_operator.py took 0.199 seconds
[2023-11-12T20:07:16.902+0000] {processor.py:154} INFO - Started process (PID=1031) to work on /home/airflow/.local/lib/python3.7/site-packages/airflow/example_dags/example_python_operator.py
[2023-11-12T20:07:16.903+0000] {processor.py:756} INFO - Processing file /home/airflow/.local/lib/python3.7/site-packages/airflow/example_dags/example_python_operator.py for tasks to queue
[2023-11-12T20:07:16.903+0000] {logging_mixin.py:120} INFO - [2023-11-12T20:07:16.903+0000] {dagbag.py:537} INFO - Filling up the DagBag from /home/airflow/.local/lib/python3.7/site-packages/airflow/example_dags/example_python_operator.py
[2023-11-12T20:07:16.923+0000] {logging_mixin.py:120} INFO - [2023-11-12T20:07:16.923+0000] {taskmixin.py:205} WARNING - Dependency <Task(_PythonDecoratedOperator): print_the_context>, log_sql_query already registered for DAG: example_python_operator
[2023-11-12T20:07:16.923+0000] {logging_mixin.py:120} INFO - [2023-11-12T20:07:16.923+0000] {taskmixin.py:205} WARNING - Dependency <Task(_PythonDecoratedOperator): log_sql_query>, print_the_context already registered for DAG: example_python_operator
[2023-11-12T20:07:16.924+0000] {logging_mixin.py:120} INFO - [2023-11-12T20:07:16.923+0000] {taskmixin.py:205} WARNING - Dependency <Task(_PythonDecoratedOperator): print_the_context>, log_sql_query already registered for DAG: example_python_operator
[2023-11-12T20:07:16.924+0000] {logging_mixin.py:120} INFO - [2023-11-12T20:07:16.924+0000] {taskmixin.py:205} WARNING - Dependency <Task(_PythonDecoratedOperator): log_sql_query>, print_the_context already registered for DAG: example_python_operator
[2023-11-12T20:07:16.924+0000] {logging_mixin.py:120} INFO - [2023-11-12T20:07:16.924+0000] {taskmixin.py:205} WARNING - Dependency <Task(_PythonDecoratedOperator): print_the_context>, log_sql_query already registered for DAG: example_python_operator
[2023-11-12T20:07:16.925+0000] {logging_mixin.py:120} INFO - [2023-11-12T20:07:16.925+0000] {taskmixin.py:205} WARNING - Dependency <Task(_PythonDecoratedOperator): log_sql_query>, print_the_context already registered for DAG: example_python_operator
[2023-11-12T20:07:16.925+0000] {logging_mixin.py:120} INFO - [2023-11-12T20:07:16.925+0000] {taskmixin.py:205} WARNING - Dependency <Task(_PythonDecoratedOperator): print_the_context>, log_sql_query already registered for DAG: example_python_operator
[2023-11-12T20:07:16.925+0000] {logging_mixin.py:120} INFO - [2023-11-12T20:07:16.925+0000] {taskmixin.py:205} WARNING - Dependency <Task(_PythonDecoratedOperator): log_sql_query>, print_the_context already registered for DAG: example_python_operator
[2023-11-12T20:07:16.935+0000] {processor.py:766} INFO - DAG(s) dict_keys(['example_python_operator']) retrieved from /home/airflow/.local/lib/python3.7/site-packages/airflow/example_dags/example_python_operator.py
[2023-11-12T20:07:17.013+0000] {logging_mixin.py:120} INFO - [2023-11-12T20:07:17.012+0000] {dag.py:2585} INFO - Sync 1 DAGs
[2023-11-12T20:07:17.034+0000] {logging_mixin.py:120} INFO - [2023-11-12T20:07:17.034+0000] {dag.py:3340} INFO - Setting next_dagrun for example_python_operator to None, run_after=None
[2023-11-12T20:07:17.056+0000] {processor.py:176} INFO - Processing /home/airflow/.local/lib/python3.7/site-packages/airflow/example_dags/example_python_operator.py took 0.160 seconds
