[2023-11-12T19:53:15.529+0000] {processor.py:154} INFO - Started process (PID=78) to work on /home/airflow/.local/lib/python3.7/site-packages/airflow/example_dags/example_branch_day_of_week_operator.py
[2023-11-12T19:53:15.530+0000] {processor.py:756} INFO - Processing file /home/airflow/.local/lib/python3.7/site-packages/airflow/example_dags/example_branch_day_of_week_operator.py for tasks to queue
[2023-11-12T19:53:15.531+0000] {logging_mixin.py:120} INFO - [2023-11-12T19:53:15.531+0000] {dagbag.py:537} INFO - Filling up the DagBag from /home/airflow/.local/lib/python3.7/site-packages/airflow/example_dags/example_branch_day_of_week_operator.py
[2023-11-12T19:53:15.650+0000] {processor.py:766} INFO - DAG(s) dict_keys(['example_weekday_branch_operator']) retrieved from /home/airflow/.local/lib/python3.7/site-packages/airflow/example_dags/example_branch_day_of_week_operator.py
[2023-11-12T19:53:16.645+0000] {logging_mixin.py:120} INFO - [2023-11-12T19:53:16.644+0000] {manager.py:507} INFO - Created Permission View: can edit on DAG:example_weekday_branch_operator
[2023-11-12T19:53:16.669+0000] {logging_mixin.py:120} INFO - [2023-11-12T19:53:16.669+0000] {manager.py:507} INFO - Created Permission View: can delete on DAG:example_weekday_branch_operator
[2023-11-12T19:53:16.687+0000] {logging_mixin.py:120} INFO - [2023-11-12T19:53:16.687+0000] {manager.py:507} INFO - Created Permission View: can read on DAG:example_weekday_branch_operator
[2023-11-12T19:53:16.688+0000] {logging_mixin.py:120} INFO - [2023-11-12T19:53:16.688+0000] {dag.py:2585} INFO - Sync 1 DAGs
[2023-11-12T19:53:16.725+0000] {logging_mixin.py:120} INFO - [2023-11-12T19:53:16.725+0000] {dag.py:2606} INFO - Creating ORM DAG for example_weekday_branch_operator
[2023-11-12T19:53:16.774+0000] {logging_mixin.py:120} INFO - [2023-11-12T19:53:16.774+0000] {dag.py:3340} INFO - Setting next_dagrun for example_weekday_branch_operator to 2023-11-11T00:00:00+00:00, run_after=2023-11-12T00:00:00+00:00
[2023-11-12T19:53:16.847+0000] {processor.py:176} INFO - Processing /home/airflow/.local/lib/python3.7/site-packages/airflow/example_dags/example_branch_day_of_week_operator.py took 1.356 seconds
[2023-11-12T19:53:47.321+0000] {processor.py:154} INFO - Started process (PID=132) to work on /home/airflow/.local/lib/python3.7/site-packages/airflow/example_dags/example_branch_day_of_week_operator.py
[2023-11-12T19:53:47.321+0000] {processor.py:756} INFO - Processing file /home/airflow/.local/lib/python3.7/site-packages/airflow/example_dags/example_branch_day_of_week_operator.py for tasks to queue
[2023-11-12T19:53:47.322+0000] {logging_mixin.py:120} INFO - [2023-11-12T19:53:47.322+0000] {dagbag.py:537} INFO - Filling up the DagBag from /home/airflow/.local/lib/python3.7/site-packages/airflow/example_dags/example_branch_day_of_week_operator.py
[2023-11-12T19:53:47.386+0000] {processor.py:766} INFO - DAG(s) dict_keys(['example_weekday_branch_operator']) retrieved from /home/airflow/.local/lib/python3.7/site-packages/airflow/example_dags/example_branch_day_of_week_operator.py
[2023-11-12T19:53:47.490+0000] {logging_mixin.py:120} INFO - [2023-11-12T19:53:47.490+0000] {dag.py:2585} INFO - Sync 1 DAGs
[2023-11-12T19:53:47.544+0000] {logging_mixin.py:120} INFO - [2023-11-12T19:53:47.544+0000] {dag.py:3340} INFO - Setting next_dagrun for example_weekday_branch_operator to 2023-11-11T00:00:00+00:00, run_after=2023-11-12T00:00:00+00:00
[2023-11-12T19:53:47.570+0000] {processor.py:176} INFO - Processing /home/airflow/.local/lib/python3.7/site-packages/airflow/example_dags/example_branch_day_of_week_operator.py took 0.269 seconds
[2023-11-12T19:54:17.626+0000] {processor.py:154} INFO - Started process (PID=195) to work on /home/airflow/.local/lib/python3.7/site-packages/airflow/example_dags/example_branch_day_of_week_operator.py
[2023-11-12T19:54:17.636+0000] {processor.py:756} INFO - Processing file /home/airflow/.local/lib/python3.7/site-packages/airflow/example_dags/example_branch_day_of_week_operator.py for tasks to queue
[2023-11-12T19:54:17.637+0000] {logging_mixin.py:120} INFO - [2023-11-12T19:54:17.637+0000] {dagbag.py:537} INFO - Filling up the DagBag from /home/airflow/.local/lib/python3.7/site-packages/airflow/example_dags/example_branch_day_of_week_operator.py
[2023-11-12T19:54:17.667+0000] {processor.py:766} INFO - DAG(s) dict_keys(['example_weekday_branch_operator']) retrieved from /home/airflow/.local/lib/python3.7/site-packages/airflow/example_dags/example_branch_day_of_week_operator.py
[2023-11-12T19:54:17.805+0000] {logging_mixin.py:120} INFO - [2023-11-12T19:54:17.805+0000] {dag.py:2585} INFO - Sync 1 DAGs
[2023-11-12T19:54:17.844+0000] {logging_mixin.py:120} INFO - [2023-11-12T19:54:17.844+0000] {dag.py:3340} INFO - Setting next_dagrun for example_weekday_branch_operator to 2023-11-11T00:00:00+00:00, run_after=2023-11-12T00:00:00+00:00
[2023-11-12T19:54:17.871+0000] {processor.py:176} INFO - Processing /home/airflow/.local/lib/python3.7/site-packages/airflow/example_dags/example_branch_day_of_week_operator.py took 0.248 seconds
[2023-11-12T19:57:08.135+0000] {processor.py:154} INFO - Started process (PID=68) to work on /home/airflow/.local/lib/python3.7/site-packages/airflow/example_dags/example_branch_day_of_week_operator.py
[2023-11-12T19:57:08.143+0000] {processor.py:756} INFO - Processing file /home/airflow/.local/lib/python3.7/site-packages/airflow/example_dags/example_branch_day_of_week_operator.py for tasks to queue
[2023-11-12T19:57:08.145+0000] {logging_mixin.py:120} INFO - [2023-11-12T19:57:08.145+0000] {dagbag.py:537} INFO - Filling up the DagBag from /home/airflow/.local/lib/python3.7/site-packages/airflow/example_dags/example_branch_day_of_week_operator.py
[2023-11-12T19:57:08.231+0000] {processor.py:766} INFO - DAG(s) dict_keys(['example_weekday_branch_operator']) retrieved from /home/airflow/.local/lib/python3.7/site-packages/airflow/example_dags/example_branch_day_of_week_operator.py
[2023-11-12T19:57:08.473+0000] {logging_mixin.py:120} INFO - [2023-11-12T19:57:08.473+0000] {dag.py:2585} INFO - Sync 1 DAGs
[2023-11-12T19:57:08.722+0000] {logging_mixin.py:120} INFO - [2023-11-12T19:57:08.722+0000] {dag.py:3340} INFO - Setting next_dagrun for example_weekday_branch_operator to 2023-11-11T00:00:00+00:00, run_after=2023-11-12T00:00:00+00:00
[2023-11-12T19:57:08.852+0000] {processor.py:176} INFO - Processing /home/airflow/.local/lib/python3.7/site-packages/airflow/example_dags/example_branch_day_of_week_operator.py took 0.721 seconds
[2023-11-12T19:57:38.964+0000] {processor.py:154} INFO - Started process (PID=131) to work on /home/airflow/.local/lib/python3.7/site-packages/airflow/example_dags/example_branch_day_of_week_operator.py
[2023-11-12T19:57:38.964+0000] {processor.py:756} INFO - Processing file /home/airflow/.local/lib/python3.7/site-packages/airflow/example_dags/example_branch_day_of_week_operator.py for tasks to queue
[2023-11-12T19:57:38.965+0000] {logging_mixin.py:120} INFO - [2023-11-12T19:57:38.965+0000] {dagbag.py:537} INFO - Filling up the DagBag from /home/airflow/.local/lib/python3.7/site-packages/airflow/example_dags/example_branch_day_of_week_operator.py
[2023-11-12T19:57:38.985+0000] {processor.py:766} INFO - DAG(s) dict_keys(['example_weekday_branch_operator']) retrieved from /home/airflow/.local/lib/python3.7/site-packages/airflow/example_dags/example_branch_day_of_week_operator.py
[2023-11-12T19:57:39.032+0000] {logging_mixin.py:120} INFO - [2023-11-12T19:57:39.032+0000] {dag.py:2585} INFO - Sync 1 DAGs
[2023-11-12T19:57:39.078+0000] {logging_mixin.py:120} INFO - [2023-11-12T19:57:39.077+0000] {dag.py:3340} INFO - Setting next_dagrun for example_weekday_branch_operator to 2023-11-11T00:00:00+00:00, run_after=2023-11-12T00:00:00+00:00
[2023-11-12T19:57:39.116+0000] {processor.py:176} INFO - Processing /home/airflow/.local/lib/python3.7/site-packages/airflow/example_dags/example_branch_day_of_week_operator.py took 0.156 seconds
[2023-11-12T19:59:01.727+0000] {processor.py:154} INFO - Started process (PID=70) to work on /home/airflow/.local/lib/python3.7/site-packages/airflow/example_dags/example_branch_day_of_week_operator.py
[2023-11-12T19:59:01.753+0000] {processor.py:756} INFO - Processing file /home/airflow/.local/lib/python3.7/site-packages/airflow/example_dags/example_branch_day_of_week_operator.py for tasks to queue
[2023-11-12T19:59:01.754+0000] {logging_mixin.py:120} INFO - [2023-11-12T19:59:01.754+0000] {dagbag.py:537} INFO - Filling up the DagBag from /home/airflow/.local/lib/python3.7/site-packages/airflow/example_dags/example_branch_day_of_week_operator.py
[2023-11-12T19:59:01.844+0000] {processor.py:766} INFO - DAG(s) dict_keys(['example_weekday_branch_operator']) retrieved from /home/airflow/.local/lib/python3.7/site-packages/airflow/example_dags/example_branch_day_of_week_operator.py
[2023-11-12T19:59:01.942+0000] {logging_mixin.py:120} INFO - [2023-11-12T19:59:01.942+0000] {dag.py:2585} INFO - Sync 1 DAGs
[2023-11-12T19:59:01.999+0000] {logging_mixin.py:120} INFO - [2023-11-12T19:59:01.999+0000] {dag.py:3340} INFO - Setting next_dagrun for example_weekday_branch_operator to 2023-11-11T00:00:00+00:00, run_after=2023-11-12T00:00:00+00:00
[2023-11-12T19:59:02.084+0000] {processor.py:176} INFO - Processing /home/airflow/.local/lib/python3.7/site-packages/airflow/example_dags/example_branch_day_of_week_operator.py took 0.362 seconds
[2023-11-12T19:59:32.139+0000] {processor.py:154} INFO - Started process (PID=133) to work on /home/airflow/.local/lib/python3.7/site-packages/airflow/example_dags/example_branch_day_of_week_operator.py
[2023-11-12T19:59:32.141+0000] {processor.py:756} INFO - Processing file /home/airflow/.local/lib/python3.7/site-packages/airflow/example_dags/example_branch_day_of_week_operator.py for tasks to queue
[2023-11-12T19:59:32.142+0000] {logging_mixin.py:120} INFO - [2023-11-12T19:59:32.142+0000] {dagbag.py:537} INFO - Filling up the DagBag from /home/airflow/.local/lib/python3.7/site-packages/airflow/example_dags/example_branch_day_of_week_operator.py
[2023-11-12T19:59:32.163+0000] {processor.py:766} INFO - DAG(s) dict_keys(['example_weekday_branch_operator']) retrieved from /home/airflow/.local/lib/python3.7/site-packages/airflow/example_dags/example_branch_day_of_week_operator.py
[2023-11-12T19:59:32.211+0000] {logging_mixin.py:120} INFO - [2023-11-12T19:59:32.211+0000] {dag.py:2585} INFO - Sync 1 DAGs
[2023-11-12T19:59:32.246+0000] {logging_mixin.py:120} INFO - [2023-11-12T19:59:32.246+0000] {dag.py:3340} INFO - Setting next_dagrun for example_weekday_branch_operator to 2023-11-11T00:00:00+00:00, run_after=2023-11-12T00:00:00+00:00
[2023-11-12T19:59:32.273+0000] {processor.py:176} INFO - Processing /home/airflow/.local/lib/python3.7/site-packages/airflow/example_dags/example_branch_day_of_week_operator.py took 0.137 seconds
[2023-11-12T20:00:02.734+0000] {processor.py:154} INFO - Started process (PID=189) to work on /home/airflow/.local/lib/python3.7/site-packages/airflow/example_dags/example_branch_day_of_week_operator.py
[2023-11-12T20:00:02.734+0000] {processor.py:756} INFO - Processing file /home/airflow/.local/lib/python3.7/site-packages/airflow/example_dags/example_branch_day_of_week_operator.py for tasks to queue
[2023-11-12T20:00:02.735+0000] {logging_mixin.py:120} INFO - [2023-11-12T20:00:02.735+0000] {dagbag.py:537} INFO - Filling up the DagBag from /home/airflow/.local/lib/python3.7/site-packages/airflow/example_dags/example_branch_day_of_week_operator.py
[2023-11-12T20:00:02.753+0000] {processor.py:766} INFO - DAG(s) dict_keys(['example_weekday_branch_operator']) retrieved from /home/airflow/.local/lib/python3.7/site-packages/airflow/example_dags/example_branch_day_of_week_operator.py
[2023-11-12T20:00:02.841+0000] {logging_mixin.py:120} INFO - [2023-11-12T20:00:02.841+0000] {dag.py:2585} INFO - Sync 1 DAGs
[2023-11-12T20:00:02.877+0000] {logging_mixin.py:120} INFO - [2023-11-12T20:00:02.877+0000] {dag.py:3340} INFO - Setting next_dagrun for example_weekday_branch_operator to 2023-11-11T00:00:00+00:00, run_after=2023-11-12T00:00:00+00:00
[2023-11-12T20:00:02.921+0000] {processor.py:176} INFO - Processing /home/airflow/.local/lib/python3.7/site-packages/airflow/example_dags/example_branch_day_of_week_operator.py took 0.191 seconds
[2023-11-12T20:00:34.146+0000] {processor.py:154} INFO - Started process (PID=253) to work on /home/airflow/.local/lib/python3.7/site-packages/airflow/example_dags/example_branch_day_of_week_operator.py
[2023-11-12T20:00:34.149+0000] {processor.py:756} INFO - Processing file /home/airflow/.local/lib/python3.7/site-packages/airflow/example_dags/example_branch_day_of_week_operator.py for tasks to queue
[2023-11-12T20:00:34.151+0000] {logging_mixin.py:120} INFO - [2023-11-12T20:00:34.150+0000] {dagbag.py:537} INFO - Filling up the DagBag from /home/airflow/.local/lib/python3.7/site-packages/airflow/example_dags/example_branch_day_of_week_operator.py
[2023-11-12T20:00:34.205+0000] {processor.py:766} INFO - DAG(s) dict_keys(['example_weekday_branch_operator']) retrieved from /home/airflow/.local/lib/python3.7/site-packages/airflow/example_dags/example_branch_day_of_week_operator.py
[2023-11-12T20:00:34.268+0000] {logging_mixin.py:120} INFO - [2023-11-12T20:00:34.268+0000] {dag.py:2585} INFO - Sync 1 DAGs
[2023-11-12T20:00:34.311+0000] {logging_mixin.py:120} INFO - [2023-11-12T20:00:34.311+0000] {dag.py:3340} INFO - Setting next_dagrun for example_weekday_branch_operator to 2023-11-11T00:00:00+00:00, run_after=2023-11-12T00:00:00+00:00
[2023-11-12T20:00:34.389+0000] {processor.py:176} INFO - Processing /home/airflow/.local/lib/python3.7/site-packages/airflow/example_dags/example_branch_day_of_week_operator.py took 0.259 seconds
[2023-11-12T20:01:04.791+0000] {processor.py:154} INFO - Started process (PID=316) to work on /home/airflow/.local/lib/python3.7/site-packages/airflow/example_dags/example_branch_day_of_week_operator.py
[2023-11-12T20:01:04.801+0000] {processor.py:756} INFO - Processing file /home/airflow/.local/lib/python3.7/site-packages/airflow/example_dags/example_branch_day_of_week_operator.py for tasks to queue
[2023-11-12T20:01:04.801+0000] {logging_mixin.py:120} INFO - [2023-11-12T20:01:04.801+0000] {dagbag.py:537} INFO - Filling up the DagBag from /home/airflow/.local/lib/python3.7/site-packages/airflow/example_dags/example_branch_day_of_week_operator.py
[2023-11-12T20:01:04.837+0000] {processor.py:766} INFO - DAG(s) dict_keys(['example_weekday_branch_operator']) retrieved from /home/airflow/.local/lib/python3.7/site-packages/airflow/example_dags/example_branch_day_of_week_operator.py
[2023-11-12T20:01:04.932+0000] {logging_mixin.py:120} INFO - [2023-11-12T20:01:04.931+0000] {dag.py:2585} INFO - Sync 1 DAGs
[2023-11-12T20:01:04.998+0000] {logging_mixin.py:120} INFO - [2023-11-12T20:01:04.998+0000] {dag.py:3340} INFO - Setting next_dagrun for example_weekday_branch_operator to 2023-11-11T00:00:00+00:00, run_after=2023-11-12T00:00:00+00:00
[2023-11-12T20:01:05.033+0000] {processor.py:176} INFO - Processing /home/airflow/.local/lib/python3.7/site-packages/airflow/example_dags/example_branch_day_of_week_operator.py took 0.246 seconds
[2023-11-12T20:01:35.691+0000] {processor.py:154} INFO - Started process (PID=370) to work on /home/airflow/.local/lib/python3.7/site-packages/airflow/example_dags/example_branch_day_of_week_operator.py
[2023-11-12T20:01:35.692+0000] {processor.py:756} INFO - Processing file /home/airflow/.local/lib/python3.7/site-packages/airflow/example_dags/example_branch_day_of_week_operator.py for tasks to queue
[2023-11-12T20:01:35.693+0000] {logging_mixin.py:120} INFO - [2023-11-12T20:01:35.693+0000] {dagbag.py:537} INFO - Filling up the DagBag from /home/airflow/.local/lib/python3.7/site-packages/airflow/example_dags/example_branch_day_of_week_operator.py
[2023-11-12T20:01:35.713+0000] {processor.py:766} INFO - DAG(s) dict_keys(['example_weekday_branch_operator']) retrieved from /home/airflow/.local/lib/python3.7/site-packages/airflow/example_dags/example_branch_day_of_week_operator.py
[2023-11-12T20:01:35.826+0000] {logging_mixin.py:120} INFO - [2023-11-12T20:01:35.826+0000] {dag.py:2585} INFO - Sync 1 DAGs
[2023-11-12T20:01:35.925+0000] {logging_mixin.py:120} INFO - [2023-11-12T20:01:35.925+0000] {dag.py:3340} INFO - Setting next_dagrun for example_weekday_branch_operator to 2023-11-11T00:00:00+00:00, run_after=2023-11-12T00:00:00+00:00
[2023-11-12T20:01:35.985+0000] {processor.py:176} INFO - Processing /home/airflow/.local/lib/python3.7/site-packages/airflow/example_dags/example_branch_day_of_week_operator.py took 0.298 seconds
[2023-11-12T20:02:06.546+0000] {processor.py:154} INFO - Started process (PID=433) to work on /home/airflow/.local/lib/python3.7/site-packages/airflow/example_dags/example_branch_day_of_week_operator.py
[2023-11-12T20:02:06.552+0000] {processor.py:756} INFO - Processing file /home/airflow/.local/lib/python3.7/site-packages/airflow/example_dags/example_branch_day_of_week_operator.py for tasks to queue
[2023-11-12T20:02:06.553+0000] {logging_mixin.py:120} INFO - [2023-11-12T20:02:06.553+0000] {dagbag.py:537} INFO - Filling up the DagBag from /home/airflow/.local/lib/python3.7/site-packages/airflow/example_dags/example_branch_day_of_week_operator.py
[2023-11-12T20:02:06.587+0000] {processor.py:766} INFO - DAG(s) dict_keys(['example_weekday_branch_operator']) retrieved from /home/airflow/.local/lib/python3.7/site-packages/airflow/example_dags/example_branch_day_of_week_operator.py
[2023-11-12T20:02:06.690+0000] {logging_mixin.py:120} INFO - [2023-11-12T20:02:06.689+0000] {dag.py:2585} INFO - Sync 1 DAGs
[2023-11-12T20:02:06.752+0000] {logging_mixin.py:120} INFO - [2023-11-12T20:02:06.752+0000] {dag.py:3340} INFO - Setting next_dagrun for example_weekday_branch_operator to 2023-11-11T00:00:00+00:00, run_after=2023-11-12T00:00:00+00:00
[2023-11-12T20:02:06.795+0000] {processor.py:176} INFO - Processing /home/airflow/.local/lib/python3.7/site-packages/airflow/example_dags/example_branch_day_of_week_operator.py took 0.252 seconds
[2023-11-12T20:02:37.616+0000] {processor.py:154} INFO - Started process (PID=496) to work on /home/airflow/.local/lib/python3.7/site-packages/airflow/example_dags/example_branch_day_of_week_operator.py
[2023-11-12T20:02:37.617+0000] {processor.py:756} INFO - Processing file /home/airflow/.local/lib/python3.7/site-packages/airflow/example_dags/example_branch_day_of_week_operator.py for tasks to queue
[2023-11-12T20:02:37.618+0000] {logging_mixin.py:120} INFO - [2023-11-12T20:02:37.617+0000] {dagbag.py:537} INFO - Filling up the DagBag from /home/airflow/.local/lib/python3.7/site-packages/airflow/example_dags/example_branch_day_of_week_operator.py
[2023-11-12T20:02:37.637+0000] {processor.py:766} INFO - DAG(s) dict_keys(['example_weekday_branch_operator']) retrieved from /home/airflow/.local/lib/python3.7/site-packages/airflow/example_dags/example_branch_day_of_week_operator.py
[2023-11-12T20:02:37.683+0000] {logging_mixin.py:120} INFO - [2023-11-12T20:02:37.683+0000] {dag.py:2585} INFO - Sync 1 DAGs
[2023-11-12T20:02:37.731+0000] {logging_mixin.py:120} INFO - [2023-11-12T20:02:37.731+0000] {dag.py:3340} INFO - Setting next_dagrun for example_weekday_branch_operator to 2023-11-11T00:00:00+00:00, run_after=2023-11-12T00:00:00+00:00
[2023-11-12T20:02:37.758+0000] {processor.py:176} INFO - Processing /home/airflow/.local/lib/python3.7/site-packages/airflow/example_dags/example_branch_day_of_week_operator.py took 0.145 seconds
[2023-11-12T20:03:08.629+0000] {processor.py:154} INFO - Started process (PID=551) to work on /home/airflow/.local/lib/python3.7/site-packages/airflow/example_dags/example_branch_day_of_week_operator.py
[2023-11-12T20:03:08.629+0000] {processor.py:756} INFO - Processing file /home/airflow/.local/lib/python3.7/site-packages/airflow/example_dags/example_branch_day_of_week_operator.py for tasks to queue
[2023-11-12T20:03:08.630+0000] {logging_mixin.py:120} INFO - [2023-11-12T20:03:08.630+0000] {dagbag.py:537} INFO - Filling up the DagBag from /home/airflow/.local/lib/python3.7/site-packages/airflow/example_dags/example_branch_day_of_week_operator.py
[2023-11-12T20:03:08.648+0000] {processor.py:766} INFO - DAG(s) dict_keys(['example_weekday_branch_operator']) retrieved from /home/airflow/.local/lib/python3.7/site-packages/airflow/example_dags/example_branch_day_of_week_operator.py
[2023-11-12T20:03:08.695+0000] {logging_mixin.py:120} INFO - [2023-11-12T20:03:08.695+0000] {dag.py:2585} INFO - Sync 1 DAGs
[2023-11-12T20:03:08.744+0000] {logging_mixin.py:120} INFO - [2023-11-12T20:03:08.744+0000] {dag.py:3340} INFO - Setting next_dagrun for example_weekday_branch_operator to 2023-11-11T00:00:00+00:00, run_after=2023-11-12T00:00:00+00:00
[2023-11-12T20:03:08.787+0000] {processor.py:176} INFO - Processing /home/airflow/.local/lib/python3.7/site-packages/airflow/example_dags/example_branch_day_of_week_operator.py took 0.161 seconds
[2023-11-12T20:03:38.954+0000] {processor.py:154} INFO - Started process (PID=614) to work on /home/airflow/.local/lib/python3.7/site-packages/airflow/example_dags/example_branch_day_of_week_operator.py
[2023-11-12T20:03:38.955+0000] {processor.py:756} INFO - Processing file /home/airflow/.local/lib/python3.7/site-packages/airflow/example_dags/example_branch_day_of_week_operator.py for tasks to queue
[2023-11-12T20:03:38.956+0000] {logging_mixin.py:120} INFO - [2023-11-12T20:03:38.956+0000] {dagbag.py:537} INFO - Filling up the DagBag from /home/airflow/.local/lib/python3.7/site-packages/airflow/example_dags/example_branch_day_of_week_operator.py
[2023-11-12T20:03:38.987+0000] {processor.py:766} INFO - DAG(s) dict_keys(['example_weekday_branch_operator']) retrieved from /home/airflow/.local/lib/python3.7/site-packages/airflow/example_dags/example_branch_day_of_week_operator.py
[2023-11-12T20:03:39.061+0000] {logging_mixin.py:120} INFO - [2023-11-12T20:03:39.061+0000] {dag.py:2585} INFO - Sync 1 DAGs
[2023-11-12T20:03:39.108+0000] {logging_mixin.py:120} INFO - [2023-11-12T20:03:39.108+0000] {dag.py:3340} INFO - Setting next_dagrun for example_weekday_branch_operator to 2023-11-11T00:00:00+00:00, run_after=2023-11-12T00:00:00+00:00
[2023-11-12T20:03:39.138+0000] {processor.py:176} INFO - Processing /home/airflow/.local/lib/python3.7/site-packages/airflow/example_dags/example_branch_day_of_week_operator.py took 0.187 seconds
[2023-11-12T20:04:09.167+0000] {processor.py:154} INFO - Started process (PID=678) to work on /home/airflow/.local/lib/python3.7/site-packages/airflow/example_dags/example_branch_day_of_week_operator.py
[2023-11-12T20:04:09.167+0000] {processor.py:756} INFO - Processing file /home/airflow/.local/lib/python3.7/site-packages/airflow/example_dags/example_branch_day_of_week_operator.py for tasks to queue
[2023-11-12T20:04:09.168+0000] {logging_mixin.py:120} INFO - [2023-11-12T20:04:09.167+0000] {dagbag.py:537} INFO - Filling up the DagBag from /home/airflow/.local/lib/python3.7/site-packages/airflow/example_dags/example_branch_day_of_week_operator.py
[2023-11-12T20:04:09.181+0000] {processor.py:766} INFO - DAG(s) dict_keys(['example_weekday_branch_operator']) retrieved from /home/airflow/.local/lib/python3.7/site-packages/airflow/example_dags/example_branch_day_of_week_operator.py
[2023-11-12T20:04:09.214+0000] {logging_mixin.py:120} INFO - [2023-11-12T20:04:09.214+0000] {dag.py:2585} INFO - Sync 1 DAGs
[2023-11-12T20:04:09.235+0000] {logging_mixin.py:120} INFO - [2023-11-12T20:04:09.235+0000] {dag.py:3340} INFO - Setting next_dagrun for example_weekday_branch_operator to 2023-11-11T00:00:00+00:00, run_after=2023-11-12T00:00:00+00:00
[2023-11-12T20:04:09.259+0000] {processor.py:176} INFO - Processing /home/airflow/.local/lib/python3.7/site-packages/airflow/example_dags/example_branch_day_of_week_operator.py took 0.095 seconds
[2023-11-12T20:04:39.965+0000] {processor.py:154} INFO - Started process (PID=733) to work on /home/airflow/.local/lib/python3.7/site-packages/airflow/example_dags/example_branch_day_of_week_operator.py
[2023-11-12T20:04:39.966+0000] {processor.py:756} INFO - Processing file /home/airflow/.local/lib/python3.7/site-packages/airflow/example_dags/example_branch_day_of_week_operator.py for tasks to queue
[2023-11-12T20:04:39.967+0000] {logging_mixin.py:120} INFO - [2023-11-12T20:04:39.966+0000] {dagbag.py:537} INFO - Filling up the DagBag from /home/airflow/.local/lib/python3.7/site-packages/airflow/example_dags/example_branch_day_of_week_operator.py
[2023-11-12T20:04:39.980+0000] {processor.py:766} INFO - DAG(s) dict_keys(['example_weekday_branch_operator']) retrieved from /home/airflow/.local/lib/python3.7/site-packages/airflow/example_dags/example_branch_day_of_week_operator.py
[2023-11-12T20:04:40.015+0000] {logging_mixin.py:120} INFO - [2023-11-12T20:04:40.015+0000] {dag.py:2585} INFO - Sync 1 DAGs
[2023-11-12T20:04:40.038+0000] {logging_mixin.py:120} INFO - [2023-11-12T20:04:40.038+0000] {dag.py:3340} INFO - Setting next_dagrun for example_weekday_branch_operator to 2023-11-11T00:00:00+00:00, run_after=2023-11-12T00:00:00+00:00
[2023-11-12T20:04:40.061+0000] {processor.py:176} INFO - Processing /home/airflow/.local/lib/python3.7/site-packages/airflow/example_dags/example_branch_day_of_week_operator.py took 0.098 seconds
[2023-11-12T20:05:10.731+0000] {processor.py:154} INFO - Started process (PID=797) to work on /home/airflow/.local/lib/python3.7/site-packages/airflow/example_dags/example_branch_day_of_week_operator.py
[2023-11-12T20:05:10.732+0000] {processor.py:756} INFO - Processing file /home/airflow/.local/lib/python3.7/site-packages/airflow/example_dags/example_branch_day_of_week_operator.py for tasks to queue
[2023-11-12T20:05:10.732+0000] {logging_mixin.py:120} INFO - [2023-11-12T20:05:10.732+0000] {dagbag.py:537} INFO - Filling up the DagBag from /home/airflow/.local/lib/python3.7/site-packages/airflow/example_dags/example_branch_day_of_week_operator.py
[2023-11-12T20:05:10.745+0000] {processor.py:766} INFO - DAG(s) dict_keys(['example_weekday_branch_operator']) retrieved from /home/airflow/.local/lib/python3.7/site-packages/airflow/example_dags/example_branch_day_of_week_operator.py
[2023-11-12T20:05:10.778+0000] {logging_mixin.py:120} INFO - [2023-11-12T20:05:10.778+0000] {dag.py:2585} INFO - Sync 1 DAGs
[2023-11-12T20:05:10.799+0000] {logging_mixin.py:120} INFO - [2023-11-12T20:05:10.798+0000] {dag.py:3340} INFO - Setting next_dagrun for example_weekday_branch_operator to 2023-11-11T00:00:00+00:00, run_after=2023-11-12T00:00:00+00:00
[2023-11-12T20:05:10.826+0000] {processor.py:176} INFO - Processing /home/airflow/.local/lib/python3.7/site-packages/airflow/example_dags/example_branch_day_of_week_operator.py took 0.097 seconds
[2023-11-12T20:05:41.292+0000] {processor.py:154} INFO - Started process (PID=850) to work on /home/airflow/.local/lib/python3.7/site-packages/airflow/example_dags/example_branch_day_of_week_operator.py
[2023-11-12T20:05:41.293+0000] {processor.py:756} INFO - Processing file /home/airflow/.local/lib/python3.7/site-packages/airflow/example_dags/example_branch_day_of_week_operator.py for tasks to queue
[2023-11-12T20:05:41.294+0000] {logging_mixin.py:120} INFO - [2023-11-12T20:05:41.294+0000] {dagbag.py:537} INFO - Filling up the DagBag from /home/airflow/.local/lib/python3.7/site-packages/airflow/example_dags/example_branch_day_of_week_operator.py
[2023-11-12T20:05:41.312+0000] {processor.py:766} INFO - DAG(s) dict_keys(['example_weekday_branch_operator']) retrieved from /home/airflow/.local/lib/python3.7/site-packages/airflow/example_dags/example_branch_day_of_week_operator.py
[2023-11-12T20:05:41.372+0000] {logging_mixin.py:120} INFO - [2023-11-12T20:05:41.372+0000] {dag.py:2585} INFO - Sync 1 DAGs
[2023-11-12T20:05:41.425+0000] {logging_mixin.py:120} INFO - [2023-11-12T20:05:41.425+0000] {dag.py:3340} INFO - Setting next_dagrun for example_weekday_branch_operator to 2023-11-11T00:00:00+00:00, run_after=2023-11-12T00:00:00+00:00
[2023-11-12T20:05:41.508+0000] {processor.py:176} INFO - Processing /home/airflow/.local/lib/python3.7/site-packages/airflow/example_dags/example_branch_day_of_week_operator.py took 0.219 seconds
[2023-11-12T20:06:11.642+0000] {processor.py:154} INFO - Started process (PID=912) to work on /home/airflow/.local/lib/python3.7/site-packages/airflow/example_dags/example_branch_day_of_week_operator.py
[2023-11-12T20:06:11.642+0000] {processor.py:756} INFO - Processing file /home/airflow/.local/lib/python3.7/site-packages/airflow/example_dags/example_branch_day_of_week_operator.py for tasks to queue
[2023-11-12T20:06:11.643+0000] {logging_mixin.py:120} INFO - [2023-11-12T20:06:11.643+0000] {dagbag.py:537} INFO - Filling up the DagBag from /home/airflow/.local/lib/python3.7/site-packages/airflow/example_dags/example_branch_day_of_week_operator.py
[2023-11-12T20:06:11.655+0000] {processor.py:766} INFO - DAG(s) dict_keys(['example_weekday_branch_operator']) retrieved from /home/airflow/.local/lib/python3.7/site-packages/airflow/example_dags/example_branch_day_of_week_operator.py
[2023-11-12T20:06:11.688+0000] {logging_mixin.py:120} INFO - [2023-11-12T20:06:11.688+0000] {dag.py:2585} INFO - Sync 1 DAGs
[2023-11-12T20:06:11.709+0000] {logging_mixin.py:120} INFO - [2023-11-12T20:06:11.709+0000] {dag.py:3340} INFO - Setting next_dagrun for example_weekday_branch_operator to 2023-11-11T00:00:00+00:00, run_after=2023-11-12T00:00:00+00:00
[2023-11-12T20:06:11.730+0000] {processor.py:176} INFO - Processing /home/airflow/.local/lib/python3.7/site-packages/airflow/example_dags/example_branch_day_of_week_operator.py took 0.091 seconds
[2023-11-12T20:06:42.174+0000] {processor.py:154} INFO - Started process (PID=966) to work on /home/airflow/.local/lib/python3.7/site-packages/airflow/example_dags/example_branch_day_of_week_operator.py
[2023-11-12T20:06:42.175+0000] {processor.py:756} INFO - Processing file /home/airflow/.local/lib/python3.7/site-packages/airflow/example_dags/example_branch_day_of_week_operator.py for tasks to queue
[2023-11-12T20:06:42.175+0000] {logging_mixin.py:120} INFO - [2023-11-12T20:06:42.175+0000] {dagbag.py:537} INFO - Filling up the DagBag from /home/airflow/.local/lib/python3.7/site-packages/airflow/example_dags/example_branch_day_of_week_operator.py
[2023-11-12T20:06:42.188+0000] {processor.py:766} INFO - DAG(s) dict_keys(['example_weekday_branch_operator']) retrieved from /home/airflow/.local/lib/python3.7/site-packages/airflow/example_dags/example_branch_day_of_week_operator.py
[2023-11-12T20:06:42.223+0000] {logging_mixin.py:120} INFO - [2023-11-12T20:06:42.223+0000] {dag.py:2585} INFO - Sync 1 DAGs
[2023-11-12T20:06:42.271+0000] {logging_mixin.py:120} INFO - [2023-11-12T20:06:42.271+0000] {dag.py:3340} INFO - Setting next_dagrun for example_weekday_branch_operator to 2023-11-11T00:00:00+00:00, run_after=2023-11-12T00:00:00+00:00
[2023-11-12T20:06:42.317+0000] {processor.py:176} INFO - Processing /home/airflow/.local/lib/python3.7/site-packages/airflow/example_dags/example_branch_day_of_week_operator.py took 0.145 seconds
