[2023-11-12T19:53:06.618+0000] {processor.py:154} INFO - Started process (PID=55) to work on /home/airflow/.local/lib/python3.7/site-packages/airflow/example_dags/example_time_delta_sensor_async.py
[2023-11-12T19:53:06.619+0000] {processor.py:756} INFO - Processing file /home/airflow/.local/lib/python3.7/site-packages/airflow/example_dags/example_time_delta_sensor_async.py for tasks to queue
[2023-11-12T19:53:06.620+0000] {logging_mixin.py:120} INFO - [2023-11-12T19:53:06.619+0000] {dagbag.py:537} INFO - Filling up the DagBag from /home/airflow/.local/lib/python3.7/site-packages/airflow/example_dags/example_time_delta_sensor_async.py
[2023-11-12T19:53:06.669+0000] {processor.py:766} INFO - DAG(s) dict_keys(['example_time_delta_sensor_async']) retrieved from /home/airflow/.local/lib/python3.7/site-packages/airflow/example_dags/example_time_delta_sensor_async.py
[2023-11-12T19:53:08.005+0000] {logging_mixin.py:120} INFO - [2023-11-12T19:53:08.005+0000] {manager.py:507} INFO - Created Permission View: can edit on DAG:example_time_delta_sensor_async
[2023-11-12T19:53:08.053+0000] {logging_mixin.py:120} INFO - [2023-11-12T19:53:08.052+0000] {manager.py:507} INFO - Created Permission View: can delete on DAG:example_time_delta_sensor_async
[2023-11-12T19:53:08.077+0000] {logging_mixin.py:120} INFO - [2023-11-12T19:53:08.077+0000] {manager.py:507} INFO - Created Permission View: can read on DAG:example_time_delta_sensor_async
[2023-11-12T19:53:08.077+0000] {logging_mixin.py:120} INFO - [2023-11-12T19:53:08.077+0000] {dag.py:2585} INFO - Sync 1 DAGs
[2023-11-12T19:53:08.122+0000] {logging_mixin.py:120} INFO - [2023-11-12T19:53:08.122+0000] {dag.py:2606} INFO - Creating ORM DAG for example_time_delta_sensor_async
[2023-11-12T19:53:08.178+0000] {logging_mixin.py:120} INFO - [2023-11-12T19:53:08.178+0000] {dag.py:3340} INFO - Setting next_dagrun for example_time_delta_sensor_async to None, run_after=None
[2023-11-12T19:53:08.257+0000] {processor.py:176} INFO - Processing /home/airflow/.local/lib/python3.7/site-packages/airflow/example_dags/example_time_delta_sensor_async.py took 1.646 seconds
[2023-11-12T19:53:38.931+0000] {processor.py:154} INFO - Started process (PID=109) to work on /home/airflow/.local/lib/python3.7/site-packages/airflow/example_dags/example_time_delta_sensor_async.py
[2023-11-12T19:53:38.932+0000] {processor.py:756} INFO - Processing file /home/airflow/.local/lib/python3.7/site-packages/airflow/example_dags/example_time_delta_sensor_async.py for tasks to queue
[2023-11-12T19:53:38.933+0000] {logging_mixin.py:120} INFO - [2023-11-12T19:53:38.932+0000] {dagbag.py:537} INFO - Filling up the DagBag from /home/airflow/.local/lib/python3.7/site-packages/airflow/example_dags/example_time_delta_sensor_async.py
[2023-11-12T19:53:38.949+0000] {processor.py:766} INFO - DAG(s) dict_keys(['example_time_delta_sensor_async']) retrieved from /home/airflow/.local/lib/python3.7/site-packages/airflow/example_dags/example_time_delta_sensor_async.py
[2023-11-12T19:53:39.183+0000] {logging_mixin.py:120} INFO - [2023-11-12T19:53:39.183+0000] {dag.py:2585} INFO - Sync 1 DAGs
[2023-11-12T19:53:39.206+0000] {logging_mixin.py:120} INFO - [2023-11-12T19:53:39.206+0000] {dag.py:3340} INFO - Setting next_dagrun for example_time_delta_sensor_async to None, run_after=None
[2023-11-12T19:53:39.228+0000] {processor.py:176} INFO - Processing /home/airflow/.local/lib/python3.7/site-packages/airflow/example_dags/example_time_delta_sensor_async.py took 0.300 seconds
[2023-11-12T19:54:09.570+0000] {processor.py:154} INFO - Started process (PID=172) to work on /home/airflow/.local/lib/python3.7/site-packages/airflow/example_dags/example_time_delta_sensor_async.py
[2023-11-12T19:54:09.576+0000] {processor.py:756} INFO - Processing file /home/airflow/.local/lib/python3.7/site-packages/airflow/example_dags/example_time_delta_sensor_async.py for tasks to queue
[2023-11-12T19:54:09.577+0000] {logging_mixin.py:120} INFO - [2023-11-12T19:54:09.577+0000] {dagbag.py:537} INFO - Filling up the DagBag from /home/airflow/.local/lib/python3.7/site-packages/airflow/example_dags/example_time_delta_sensor_async.py
[2023-11-12T19:54:09.608+0000] {processor.py:766} INFO - DAG(s) dict_keys(['example_time_delta_sensor_async']) retrieved from /home/airflow/.local/lib/python3.7/site-packages/airflow/example_dags/example_time_delta_sensor_async.py
[2023-11-12T19:54:10.298+0000] {logging_mixin.py:120} INFO - [2023-11-12T19:54:10.297+0000] {dag.py:2585} INFO - Sync 1 DAGs
[2023-11-12T19:54:10.338+0000] {logging_mixin.py:120} INFO - [2023-11-12T19:54:10.338+0000] {dag.py:3340} INFO - Setting next_dagrun for example_time_delta_sensor_async to None, run_after=None
[2023-11-12T19:54:10.409+0000] {processor.py:176} INFO - Processing /home/airflow/.local/lib/python3.7/site-packages/airflow/example_dags/example_time_delta_sensor_async.py took 0.842 seconds
[2023-11-12T19:57:02.640+0000] {processor.py:154} INFO - Started process (PID=54) to work on /home/airflow/.local/lib/python3.7/site-packages/airflow/example_dags/example_time_delta_sensor_async.py
[2023-11-12T19:57:02.645+0000] {processor.py:756} INFO - Processing file /home/airflow/.local/lib/python3.7/site-packages/airflow/example_dags/example_time_delta_sensor_async.py for tasks to queue
[2023-11-12T19:57:02.651+0000] {logging_mixin.py:120} INFO - [2023-11-12T19:57:02.651+0000] {dagbag.py:537} INFO - Filling up the DagBag from /home/airflow/.local/lib/python3.7/site-packages/airflow/example_dags/example_time_delta_sensor_async.py
[2023-11-12T19:57:02.690+0000] {processor.py:766} INFO - DAG(s) dict_keys(['example_time_delta_sensor_async']) retrieved from /home/airflow/.local/lib/python3.7/site-packages/airflow/example_dags/example_time_delta_sensor_async.py
[2023-11-12T19:57:03.697+0000] {logging_mixin.py:120} INFO - [2023-11-12T19:57:03.696+0000] {dag.py:2585} INFO - Sync 1 DAGs
[2023-11-12T19:57:03.797+0000] {logging_mixin.py:120} INFO - [2023-11-12T19:57:03.797+0000] {dag.py:3340} INFO - Setting next_dagrun for example_time_delta_sensor_async to None, run_after=None
[2023-11-12T19:57:03.860+0000] {processor.py:176} INFO - Processing /home/airflow/.local/lib/python3.7/site-packages/airflow/example_dags/example_time_delta_sensor_async.py took 1.223 seconds
[2023-11-12T19:57:33.957+0000] {processor.py:154} INFO - Started process (PID=108) to work on /home/airflow/.local/lib/python3.7/site-packages/airflow/example_dags/example_time_delta_sensor_async.py
[2023-11-12T19:57:33.965+0000] {processor.py:756} INFO - Processing file /home/airflow/.local/lib/python3.7/site-packages/airflow/example_dags/example_time_delta_sensor_async.py for tasks to queue
[2023-11-12T19:57:33.965+0000] {logging_mixin.py:120} INFO - [2023-11-12T19:57:33.965+0000] {dagbag.py:537} INFO - Filling up the DagBag from /home/airflow/.local/lib/python3.7/site-packages/airflow/example_dags/example_time_delta_sensor_async.py
[2023-11-12T19:57:34.004+0000] {processor.py:766} INFO - DAG(s) dict_keys(['example_time_delta_sensor_async']) retrieved from /home/airflow/.local/lib/python3.7/site-packages/airflow/example_dags/example_time_delta_sensor_async.py
[2023-11-12T19:57:34.537+0000] {logging_mixin.py:120} INFO - [2023-11-12T19:57:34.537+0000] {dag.py:2585} INFO - Sync 1 DAGs
[2023-11-12T19:57:34.597+0000] {logging_mixin.py:120} INFO - [2023-11-12T19:57:34.597+0000] {dag.py:3340} INFO - Setting next_dagrun for example_time_delta_sensor_async to None, run_after=None
[2023-11-12T19:57:34.658+0000] {processor.py:176} INFO - Processing /home/airflow/.local/lib/python3.7/site-packages/airflow/example_dags/example_time_delta_sensor_async.py took 0.704 seconds
[2023-11-12T19:58:57.005+0000] {processor.py:154} INFO - Started process (PID=56) to work on /home/airflow/.local/lib/python3.7/site-packages/airflow/example_dags/example_time_delta_sensor_async.py
[2023-11-12T19:58:57.006+0000] {processor.py:756} INFO - Processing file /home/airflow/.local/lib/python3.7/site-packages/airflow/example_dags/example_time_delta_sensor_async.py for tasks to queue
[2023-11-12T19:58:57.007+0000] {logging_mixin.py:120} INFO - [2023-11-12T19:58:57.007+0000] {dagbag.py:537} INFO - Filling up the DagBag from /home/airflow/.local/lib/python3.7/site-packages/airflow/example_dags/example_time_delta_sensor_async.py
[2023-11-12T19:58:57.044+0000] {processor.py:766} INFO - DAG(s) dict_keys(['example_time_delta_sensor_async']) retrieved from /home/airflow/.local/lib/python3.7/site-packages/airflow/example_dags/example_time_delta_sensor_async.py
[2023-11-12T19:58:57.465+0000] {logging_mixin.py:120} INFO - [2023-11-12T19:58:57.464+0000] {dag.py:2585} INFO - Sync 1 DAGs
[2023-11-12T19:58:57.498+0000] {logging_mixin.py:120} INFO - [2023-11-12T19:58:57.498+0000] {dag.py:3340} INFO - Setting next_dagrun for example_time_delta_sensor_async to None, run_after=None
[2023-11-12T19:58:57.538+0000] {processor.py:176} INFO - Processing /home/airflow/.local/lib/python3.7/site-packages/airflow/example_dags/example_time_delta_sensor_async.py took 0.548 seconds
[2023-11-12T19:59:27.942+0000] {processor.py:154} INFO - Started process (PID=111) to work on /home/airflow/.local/lib/python3.7/site-packages/airflow/example_dags/example_time_delta_sensor_async.py
[2023-11-12T19:59:27.942+0000] {processor.py:756} INFO - Processing file /home/airflow/.local/lib/python3.7/site-packages/airflow/example_dags/example_time_delta_sensor_async.py for tasks to queue
[2023-11-12T19:59:27.943+0000] {logging_mixin.py:120} INFO - [2023-11-12T19:59:27.943+0000] {dagbag.py:537} INFO - Filling up the DagBag from /home/airflow/.local/lib/python3.7/site-packages/airflow/example_dags/example_time_delta_sensor_async.py
[2023-11-12T19:59:27.954+0000] {processor.py:766} INFO - DAG(s) dict_keys(['example_time_delta_sensor_async']) retrieved from /home/airflow/.local/lib/python3.7/site-packages/airflow/example_dags/example_time_delta_sensor_async.py
[2023-11-12T19:59:28.115+0000] {logging_mixin.py:120} INFO - [2023-11-12T19:59:28.115+0000] {dag.py:2585} INFO - Sync 1 DAGs
[2023-11-12T19:59:28.135+0000] {logging_mixin.py:120} INFO - [2023-11-12T19:59:28.135+0000] {dag.py:3340} INFO - Setting next_dagrun for example_time_delta_sensor_async to None, run_after=None
[2023-11-12T19:59:28.157+0000] {processor.py:176} INFO - Processing /home/airflow/.local/lib/python3.7/site-packages/airflow/example_dags/example_time_delta_sensor_async.py took 0.219 seconds
[2023-11-12T19:59:58.439+0000] {processor.py:154} INFO - Started process (PID=176) to work on /home/airflow/.local/lib/python3.7/site-packages/airflow/example_dags/example_time_delta_sensor_async.py
[2023-11-12T19:59:58.440+0000] {processor.py:756} INFO - Processing file /home/airflow/.local/lib/python3.7/site-packages/airflow/example_dags/example_time_delta_sensor_async.py for tasks to queue
[2023-11-12T19:59:58.440+0000] {logging_mixin.py:120} INFO - [2023-11-12T19:59:58.440+0000] {dagbag.py:537} INFO - Filling up the DagBag from /home/airflow/.local/lib/python3.7/site-packages/airflow/example_dags/example_time_delta_sensor_async.py
[2023-11-12T19:59:58.476+0000] {processor.py:766} INFO - DAG(s) dict_keys(['example_time_delta_sensor_async']) retrieved from /home/airflow/.local/lib/python3.7/site-packages/airflow/example_dags/example_time_delta_sensor_async.py
[2023-11-12T19:59:59.142+0000] {logging_mixin.py:120} INFO - [2023-11-12T19:59:59.142+0000] {dag.py:2585} INFO - Sync 1 DAGs
[2023-11-12T19:59:59.209+0000] {logging_mixin.py:120} INFO - [2023-11-12T19:59:59.208+0000] {dag.py:3340} INFO - Setting next_dagrun for example_time_delta_sensor_async to None, run_after=None
[2023-11-12T19:59:59.242+0000] {processor.py:176} INFO - Processing /home/airflow/.local/lib/python3.7/site-packages/airflow/example_dags/example_time_delta_sensor_async.py took 0.814 seconds
[2023-11-12T20:00:29.342+0000] {processor.py:154} INFO - Started process (PID=231) to work on /home/airflow/.local/lib/python3.7/site-packages/airflow/example_dags/example_time_delta_sensor_async.py
[2023-11-12T20:00:29.342+0000] {processor.py:756} INFO - Processing file /home/airflow/.local/lib/python3.7/site-packages/airflow/example_dags/example_time_delta_sensor_async.py for tasks to queue
[2023-11-12T20:00:29.343+0000] {logging_mixin.py:120} INFO - [2023-11-12T20:00:29.343+0000] {dagbag.py:537} INFO - Filling up the DagBag from /home/airflow/.local/lib/python3.7/site-packages/airflow/example_dags/example_time_delta_sensor_async.py
[2023-11-12T20:00:29.357+0000] {processor.py:766} INFO - DAG(s) dict_keys(['example_time_delta_sensor_async']) retrieved from /home/airflow/.local/lib/python3.7/site-packages/airflow/example_dags/example_time_delta_sensor_async.py
[2023-11-12T20:00:29.589+0000] {logging_mixin.py:120} INFO - [2023-11-12T20:00:29.589+0000] {dag.py:2585} INFO - Sync 1 DAGs
[2023-11-12T20:00:29.620+0000] {logging_mixin.py:120} INFO - [2023-11-12T20:00:29.620+0000] {dag.py:3340} INFO - Setting next_dagrun for example_time_delta_sensor_async to None, run_after=None
[2023-11-12T20:00:29.645+0000] {processor.py:176} INFO - Processing /home/airflow/.local/lib/python3.7/site-packages/airflow/example_dags/example_time_delta_sensor_async.py took 0.307 seconds
[2023-11-12T20:01:00.057+0000] {processor.py:154} INFO - Started process (PID=293) to work on /home/airflow/.local/lib/python3.7/site-packages/airflow/example_dags/example_time_delta_sensor_async.py
[2023-11-12T20:01:00.057+0000] {processor.py:756} INFO - Processing file /home/airflow/.local/lib/python3.7/site-packages/airflow/example_dags/example_time_delta_sensor_async.py for tasks to queue
[2023-11-12T20:01:00.058+0000] {logging_mixin.py:120} INFO - [2023-11-12T20:01:00.058+0000] {dagbag.py:537} INFO - Filling up the DagBag from /home/airflow/.local/lib/python3.7/site-packages/airflow/example_dags/example_time_delta_sensor_async.py
[2023-11-12T20:01:00.075+0000] {processor.py:766} INFO - DAG(s) dict_keys(['example_time_delta_sensor_async']) retrieved from /home/airflow/.local/lib/python3.7/site-packages/airflow/example_dags/example_time_delta_sensor_async.py
[2023-11-12T20:01:00.354+0000] {logging_mixin.py:120} INFO - [2023-11-12T20:01:00.353+0000] {dag.py:2585} INFO - Sync 1 DAGs
[2023-11-12T20:01:00.383+0000] {logging_mixin.py:120} INFO - [2023-11-12T20:01:00.383+0000] {dag.py:3340} INFO - Setting next_dagrun for example_time_delta_sensor_async to None, run_after=None
[2023-11-12T20:01:00.410+0000] {processor.py:176} INFO - Processing /home/airflow/.local/lib/python3.7/site-packages/airflow/example_dags/example_time_delta_sensor_async.py took 0.357 seconds
[2023-11-12T20:01:30.461+0000] {processor.py:154} INFO - Started process (PID=356) to work on /home/airflow/.local/lib/python3.7/site-packages/airflow/example_dags/example_time_delta_sensor_async.py
[2023-11-12T20:01:30.461+0000] {processor.py:756} INFO - Processing file /home/airflow/.local/lib/python3.7/site-packages/airflow/example_dags/example_time_delta_sensor_async.py for tasks to queue
[2023-11-12T20:01:30.462+0000] {logging_mixin.py:120} INFO - [2023-11-12T20:01:30.462+0000] {dagbag.py:537} INFO - Filling up the DagBag from /home/airflow/.local/lib/python3.7/site-packages/airflow/example_dags/example_time_delta_sensor_async.py
[2023-11-12T20:01:30.477+0000] {processor.py:766} INFO - DAG(s) dict_keys(['example_time_delta_sensor_async']) retrieved from /home/airflow/.local/lib/python3.7/site-packages/airflow/example_dags/example_time_delta_sensor_async.py
[2023-11-12T20:01:30.856+0000] {logging_mixin.py:120} INFO - [2023-11-12T20:01:30.856+0000] {dag.py:2585} INFO - Sync 1 DAGs
[2023-11-12T20:01:30.887+0000] {logging_mixin.py:120} INFO - [2023-11-12T20:01:30.887+0000] {dag.py:3340} INFO - Setting next_dagrun for example_time_delta_sensor_async to None, run_after=None
[2023-11-12T20:01:30.913+0000] {processor.py:176} INFO - Processing /home/airflow/.local/lib/python3.7/site-packages/airflow/example_dags/example_time_delta_sensor_async.py took 0.461 seconds
[2023-11-12T20:02:01.288+0000] {processor.py:154} INFO - Started process (PID=410) to work on /home/airflow/.local/lib/python3.7/site-packages/airflow/example_dags/example_time_delta_sensor_async.py
[2023-11-12T20:02:01.289+0000] {processor.py:756} INFO - Processing file /home/airflow/.local/lib/python3.7/site-packages/airflow/example_dags/example_time_delta_sensor_async.py for tasks to queue
[2023-11-12T20:02:01.290+0000] {logging_mixin.py:120} INFO - [2023-11-12T20:02:01.289+0000] {dagbag.py:537} INFO - Filling up the DagBag from /home/airflow/.local/lib/python3.7/site-packages/airflow/example_dags/example_time_delta_sensor_async.py
[2023-11-12T20:02:01.300+0000] {processor.py:766} INFO - DAG(s) dict_keys(['example_time_delta_sensor_async']) retrieved from /home/airflow/.local/lib/python3.7/site-packages/airflow/example_dags/example_time_delta_sensor_async.py
[2023-11-12T20:02:01.722+0000] {logging_mixin.py:120} INFO - [2023-11-12T20:02:01.722+0000] {dag.py:2585} INFO - Sync 1 DAGs
[2023-11-12T20:02:01.754+0000] {logging_mixin.py:120} INFO - [2023-11-12T20:02:01.753+0000] {dag.py:3340} INFO - Setting next_dagrun for example_time_delta_sensor_async to None, run_after=None
[2023-11-12T20:02:01.785+0000] {processor.py:176} INFO - Processing /home/airflow/.local/lib/python3.7/site-packages/airflow/example_dags/example_time_delta_sensor_async.py took 0.500 seconds
[2023-11-12T20:02:31.893+0000] {processor.py:154} INFO - Started process (PID=473) to work on /home/airflow/.local/lib/python3.7/site-packages/airflow/example_dags/example_time_delta_sensor_async.py
[2023-11-12T20:02:31.894+0000] {processor.py:756} INFO - Processing file /home/airflow/.local/lib/python3.7/site-packages/airflow/example_dags/example_time_delta_sensor_async.py for tasks to queue
[2023-11-12T20:02:31.894+0000] {logging_mixin.py:120} INFO - [2023-11-12T20:02:31.894+0000] {dagbag.py:537} INFO - Filling up the DagBag from /home/airflow/.local/lib/python3.7/site-packages/airflow/example_dags/example_time_delta_sensor_async.py
[2023-11-12T20:02:31.905+0000] {processor.py:766} INFO - DAG(s) dict_keys(['example_time_delta_sensor_async']) retrieved from /home/airflow/.local/lib/python3.7/site-packages/airflow/example_dags/example_time_delta_sensor_async.py
[2023-11-12T20:02:32.078+0000] {logging_mixin.py:120} INFO - [2023-11-12T20:02:32.078+0000] {dag.py:2585} INFO - Sync 1 DAGs
[2023-11-12T20:02:32.097+0000] {logging_mixin.py:120} INFO - [2023-11-12T20:02:32.097+0000] {dag.py:3340} INFO - Setting next_dagrun for example_time_delta_sensor_async to None, run_after=None
[2023-11-12T20:02:32.118+0000] {processor.py:176} INFO - Processing /home/airflow/.local/lib/python3.7/site-packages/airflow/example_dags/example_time_delta_sensor_async.py took 0.227 seconds
[2023-11-12T20:03:02.569+0000] {processor.py:154} INFO - Started process (PID=537) to work on /home/airflow/.local/lib/python3.7/site-packages/airflow/example_dags/example_time_delta_sensor_async.py
[2023-11-12T20:03:02.569+0000] {processor.py:756} INFO - Processing file /home/airflow/.local/lib/python3.7/site-packages/airflow/example_dags/example_time_delta_sensor_async.py for tasks to queue
[2023-11-12T20:03:02.570+0000] {logging_mixin.py:120} INFO - [2023-11-12T20:03:02.570+0000] {dagbag.py:537} INFO - Filling up the DagBag from /home/airflow/.local/lib/python3.7/site-packages/airflow/example_dags/example_time_delta_sensor_async.py
[2023-11-12T20:03:02.584+0000] {processor.py:766} INFO - DAG(s) dict_keys(['example_time_delta_sensor_async']) retrieved from /home/airflow/.local/lib/python3.7/site-packages/airflow/example_dags/example_time_delta_sensor_async.py
[2023-11-12T20:03:02.971+0000] {logging_mixin.py:120} INFO - [2023-11-12T20:03:02.971+0000] {dag.py:2585} INFO - Sync 1 DAGs
[2023-11-12T20:03:03.004+0000] {logging_mixin.py:120} INFO - [2023-11-12T20:03:03.004+0000] {dag.py:3340} INFO - Setting next_dagrun for example_time_delta_sensor_async to None, run_after=None
[2023-11-12T20:03:03.031+0000] {processor.py:176} INFO - Processing /home/airflow/.local/lib/python3.7/site-packages/airflow/example_dags/example_time_delta_sensor_async.py took 0.465 seconds
[2023-11-12T20:03:33.613+0000] {processor.py:154} INFO - Started process (PID=603) to work on /home/airflow/.local/lib/python3.7/site-packages/airflow/example_dags/example_time_delta_sensor_async.py
[2023-11-12T20:03:33.614+0000] {processor.py:756} INFO - Processing file /home/airflow/.local/lib/python3.7/site-packages/airflow/example_dags/example_time_delta_sensor_async.py for tasks to queue
[2023-11-12T20:03:33.615+0000] {logging_mixin.py:120} INFO - [2023-11-12T20:03:33.615+0000] {dagbag.py:537} INFO - Filling up the DagBag from /home/airflow/.local/lib/python3.7/site-packages/airflow/example_dags/example_time_delta_sensor_async.py
[2023-11-12T20:03:33.629+0000] {processor.py:766} INFO - DAG(s) dict_keys(['example_time_delta_sensor_async']) retrieved from /home/airflow/.local/lib/python3.7/site-packages/airflow/example_dags/example_time_delta_sensor_async.py
[2023-11-12T20:03:33.940+0000] {logging_mixin.py:120} INFO - [2023-11-12T20:03:33.940+0000] {dag.py:2585} INFO - Sync 1 DAGs
[2023-11-12T20:03:33.969+0000] {logging_mixin.py:120} INFO - [2023-11-12T20:03:33.969+0000] {dag.py:3340} INFO - Setting next_dagrun for example_time_delta_sensor_async to None, run_after=None
[2023-11-12T20:03:33.994+0000] {processor.py:176} INFO - Processing /home/airflow/.local/lib/python3.7/site-packages/airflow/example_dags/example_time_delta_sensor_async.py took 0.384 seconds
[2023-11-12T20:04:04.100+0000] {processor.py:154} INFO - Started process (PID=657) to work on /home/airflow/.local/lib/python3.7/site-packages/airflow/example_dags/example_time_delta_sensor_async.py
[2023-11-12T20:04:04.102+0000] {processor.py:756} INFO - Processing file /home/airflow/.local/lib/python3.7/site-packages/airflow/example_dags/example_time_delta_sensor_async.py for tasks to queue
[2023-11-12T20:04:04.105+0000] {logging_mixin.py:120} INFO - [2023-11-12T20:04:04.105+0000] {dagbag.py:537} INFO - Filling up the DagBag from /home/airflow/.local/lib/python3.7/site-packages/airflow/example_dags/example_time_delta_sensor_async.py
[2023-11-12T20:04:04.131+0000] {processor.py:766} INFO - DAG(s) dict_keys(['example_time_delta_sensor_async']) retrieved from /home/airflow/.local/lib/python3.7/site-packages/airflow/example_dags/example_time_delta_sensor_async.py
[2023-11-12T20:04:04.732+0000] {logging_mixin.py:120} INFO - [2023-11-12T20:04:04.732+0000] {dag.py:2585} INFO - Sync 1 DAGs
[2023-11-12T20:04:04.793+0000] {logging_mixin.py:120} INFO - [2023-11-12T20:04:04.793+0000] {dag.py:3340} INFO - Setting next_dagrun for example_time_delta_sensor_async to None, run_after=None
[2023-11-12T20:04:04.868+0000] {processor.py:176} INFO - Processing /home/airflow/.local/lib/python3.7/site-packages/airflow/example_dags/example_time_delta_sensor_async.py took 0.775 seconds
[2023-11-12T20:04:35.757+0000] {processor.py:154} INFO - Started process (PID=722) to work on /home/airflow/.local/lib/python3.7/site-packages/airflow/example_dags/example_time_delta_sensor_async.py
[2023-11-12T20:04:35.757+0000] {processor.py:756} INFO - Processing file /home/airflow/.local/lib/python3.7/site-packages/airflow/example_dags/example_time_delta_sensor_async.py for tasks to queue
[2023-11-12T20:04:35.758+0000] {logging_mixin.py:120} INFO - [2023-11-12T20:04:35.758+0000] {dagbag.py:537} INFO - Filling up the DagBag from /home/airflow/.local/lib/python3.7/site-packages/airflow/example_dags/example_time_delta_sensor_async.py
[2023-11-12T20:04:35.772+0000] {processor.py:766} INFO - DAG(s) dict_keys(['example_time_delta_sensor_async']) retrieved from /home/airflow/.local/lib/python3.7/site-packages/airflow/example_dags/example_time_delta_sensor_async.py
[2023-11-12T20:04:36.237+0000] {logging_mixin.py:120} INFO - [2023-11-12T20:04:36.237+0000] {dag.py:2585} INFO - Sync 1 DAGs
[2023-11-12T20:04:36.308+0000] {logging_mixin.py:120} INFO - [2023-11-12T20:04:36.308+0000] {dag.py:3340} INFO - Setting next_dagrun for example_time_delta_sensor_async to None, run_after=None
[2023-11-12T20:04:36.335+0000] {processor.py:176} INFO - Processing /home/airflow/.local/lib/python3.7/site-packages/airflow/example_dags/example_time_delta_sensor_async.py took 0.582 seconds
[2023-11-12T20:05:06.744+0000] {processor.py:154} INFO - Started process (PID=786) to work on /home/airflow/.local/lib/python3.7/site-packages/airflow/example_dags/example_time_delta_sensor_async.py
[2023-11-12T20:05:06.745+0000] {processor.py:756} INFO - Processing file /home/airflow/.local/lib/python3.7/site-packages/airflow/example_dags/example_time_delta_sensor_async.py for tasks to queue
[2023-11-12T20:05:06.746+0000] {logging_mixin.py:120} INFO - [2023-11-12T20:05:06.745+0000] {dagbag.py:537} INFO - Filling up the DagBag from /home/airflow/.local/lib/python3.7/site-packages/airflow/example_dags/example_time_delta_sensor_async.py
[2023-11-12T20:05:06.761+0000] {processor.py:766} INFO - DAG(s) dict_keys(['example_time_delta_sensor_async']) retrieved from /home/airflow/.local/lib/python3.7/site-packages/airflow/example_dags/example_time_delta_sensor_async.py
[2023-11-12T20:05:07.061+0000] {logging_mixin.py:120} INFO - [2023-11-12T20:05:07.061+0000] {dag.py:2585} INFO - Sync 1 DAGs
[2023-11-12T20:05:07.086+0000] {logging_mixin.py:120} INFO - [2023-11-12T20:05:07.086+0000] {dag.py:3340} INFO - Setting next_dagrun for example_time_delta_sensor_async to None, run_after=None
[2023-11-12T20:05:07.115+0000] {processor.py:176} INFO - Processing /home/airflow/.local/lib/python3.7/site-packages/airflow/example_dags/example_time_delta_sensor_async.py took 0.375 seconds
[2023-11-12T20:05:37.218+0000] {processor.py:154} INFO - Started process (PID=839) to work on /home/airflow/.local/lib/python3.7/site-packages/airflow/example_dags/example_time_delta_sensor_async.py
[2023-11-12T20:05:37.219+0000] {processor.py:756} INFO - Processing file /home/airflow/.local/lib/python3.7/site-packages/airflow/example_dags/example_time_delta_sensor_async.py for tasks to queue
[2023-11-12T20:05:37.220+0000] {logging_mixin.py:120} INFO - [2023-11-12T20:05:37.219+0000] {dagbag.py:537} INFO - Filling up the DagBag from /home/airflow/.local/lib/python3.7/site-packages/airflow/example_dags/example_time_delta_sensor_async.py
[2023-11-12T20:05:37.235+0000] {processor.py:766} INFO - DAG(s) dict_keys(['example_time_delta_sensor_async']) retrieved from /home/airflow/.local/lib/python3.7/site-packages/airflow/example_dags/example_time_delta_sensor_async.py
[2023-11-12T20:05:37.584+0000] {logging_mixin.py:120} INFO - [2023-11-12T20:05:37.584+0000] {dag.py:2585} INFO - Sync 1 DAGs
[2023-11-12T20:05:37.614+0000] {logging_mixin.py:120} INFO - [2023-11-12T20:05:37.614+0000] {dag.py:3340} INFO - Setting next_dagrun for example_time_delta_sensor_async to None, run_after=None
[2023-11-12T20:05:37.644+0000] {processor.py:176} INFO - Processing /home/airflow/.local/lib/python3.7/site-packages/airflow/example_dags/example_time_delta_sensor_async.py took 0.429 seconds
[2023-11-12T20:06:08.579+0000] {processor.py:154} INFO - Started process (PID=901) to work on /home/airflow/.local/lib/python3.7/site-packages/airflow/example_dags/example_time_delta_sensor_async.py
[2023-11-12T20:06:08.592+0000] {processor.py:756} INFO - Processing file /home/airflow/.local/lib/python3.7/site-packages/airflow/example_dags/example_time_delta_sensor_async.py for tasks to queue
[2023-11-12T20:06:08.593+0000] {logging_mixin.py:120} INFO - [2023-11-12T20:06:08.593+0000] {dagbag.py:537} INFO - Filling up the DagBag from /home/airflow/.local/lib/python3.7/site-packages/airflow/example_dags/example_time_delta_sensor_async.py
[2023-11-12T20:06:08.662+0000] {processor.py:766} INFO - DAG(s) dict_keys(['example_time_delta_sensor_async']) retrieved from /home/airflow/.local/lib/python3.7/site-packages/airflow/example_dags/example_time_delta_sensor_async.py
[2023-11-12T20:06:09.380+0000] {logging_mixin.py:120} INFO - [2023-11-12T20:06:09.379+0000] {dag.py:2585} INFO - Sync 1 DAGs
[2023-11-12T20:06:09.433+0000] {logging_mixin.py:120} INFO - [2023-11-12T20:06:09.433+0000] {dag.py:3340} INFO - Setting next_dagrun for example_time_delta_sensor_async to None, run_after=None
[2023-11-12T20:06:09.464+0000] {processor.py:176} INFO - Processing /home/airflow/.local/lib/python3.7/site-packages/airflow/example_dags/example_time_delta_sensor_async.py took 0.901 seconds
[2023-11-12T20:06:39.550+0000] {processor.py:154} INFO - Started process (PID=956) to work on /home/airflow/.local/lib/python3.7/site-packages/airflow/example_dags/example_time_delta_sensor_async.py
[2023-11-12T20:06:39.551+0000] {processor.py:756} INFO - Processing file /home/airflow/.local/lib/python3.7/site-packages/airflow/example_dags/example_time_delta_sensor_async.py for tasks to queue
[2023-11-12T20:06:39.552+0000] {logging_mixin.py:120} INFO - [2023-11-12T20:06:39.552+0000] {dagbag.py:537} INFO - Filling up the DagBag from /home/airflow/.local/lib/python3.7/site-packages/airflow/example_dags/example_time_delta_sensor_async.py
[2023-11-12T20:06:39.587+0000] {processor.py:766} INFO - DAG(s) dict_keys(['example_time_delta_sensor_async']) retrieved from /home/airflow/.local/lib/python3.7/site-packages/airflow/example_dags/example_time_delta_sensor_async.py
[2023-11-12T20:06:40.290+0000] {logging_mixin.py:120} INFO - [2023-11-12T20:06:40.289+0000] {dag.py:2585} INFO - Sync 1 DAGs
[2023-11-12T20:06:40.365+0000] {logging_mixin.py:120} INFO - [2023-11-12T20:06:40.365+0000] {dag.py:3340} INFO - Setting next_dagrun for example_time_delta_sensor_async to None, run_after=None
[2023-11-12T20:06:40.402+0000] {processor.py:176} INFO - Processing /home/airflow/.local/lib/python3.7/site-packages/airflow/example_dags/example_time_delta_sensor_async.py took 0.860 seconds
[2023-11-12T20:07:10.566+0000] {processor.py:154} INFO - Started process (PID=1019) to work on /home/airflow/.local/lib/python3.7/site-packages/airflow/example_dags/example_time_delta_sensor_async.py
[2023-11-12T20:07:10.566+0000] {processor.py:756} INFO - Processing file /home/airflow/.local/lib/python3.7/site-packages/airflow/example_dags/example_time_delta_sensor_async.py for tasks to queue
[2023-11-12T20:07:10.567+0000] {logging_mixin.py:120} INFO - [2023-11-12T20:07:10.567+0000] {dagbag.py:537} INFO - Filling up the DagBag from /home/airflow/.local/lib/python3.7/site-packages/airflow/example_dags/example_time_delta_sensor_async.py
[2023-11-12T20:07:10.580+0000] {processor.py:766} INFO - DAG(s) dict_keys(['example_time_delta_sensor_async']) retrieved from /home/airflow/.local/lib/python3.7/site-packages/airflow/example_dags/example_time_delta_sensor_async.py
[2023-11-12T20:07:10.918+0000] {logging_mixin.py:120} INFO - [2023-11-12T20:07:10.918+0000] {dag.py:2585} INFO - Sync 1 DAGs
[2023-11-12T20:07:10.952+0000] {logging_mixin.py:120} INFO - [2023-11-12T20:07:10.952+0000] {dag.py:3340} INFO - Setting next_dagrun for example_time_delta_sensor_async to None, run_after=None
[2023-11-12T20:07:10.998+0000] {processor.py:176} INFO - Processing /home/airflow/.local/lib/python3.7/site-packages/airflow/example_dags/example_time_delta_sensor_async.py took 0.436 seconds
[2023-11-12T20:07:41.067+0000] {processor.py:154} INFO - Started process (PID=1074) to work on /home/airflow/.local/lib/python3.7/site-packages/airflow/example_dags/example_time_delta_sensor_async.py
[2023-11-12T20:07:41.067+0000] {processor.py:756} INFO - Processing file /home/airflow/.local/lib/python3.7/site-packages/airflow/example_dags/example_time_delta_sensor_async.py for tasks to queue
[2023-11-12T20:07:41.068+0000] {logging_mixin.py:120} INFO - [2023-11-12T20:07:41.068+0000] {dagbag.py:537} INFO - Filling up the DagBag from /home/airflow/.local/lib/python3.7/site-packages/airflow/example_dags/example_time_delta_sensor_async.py
[2023-11-12T20:07:41.079+0000] {processor.py:766} INFO - DAG(s) dict_keys(['example_time_delta_sensor_async']) retrieved from /home/airflow/.local/lib/python3.7/site-packages/airflow/example_dags/example_time_delta_sensor_async.py
[2023-11-12T20:07:41.260+0000] {logging_mixin.py:120} INFO - [2023-11-12T20:07:41.260+0000] {dag.py:2585} INFO - Sync 1 DAGs
[2023-11-12T20:07:41.285+0000] {logging_mixin.py:120} INFO - [2023-11-12T20:07:41.284+0000] {dag.py:3340} INFO - Setting next_dagrun for example_time_delta_sensor_async to None, run_after=None
[2023-11-12T20:07:41.305+0000] {processor.py:176} INFO - Processing /home/airflow/.local/lib/python3.7/site-packages/airflow/example_dags/example_time_delta_sensor_async.py took 0.241 seconds
[2023-11-12T20:08:12.058+0000] {processor.py:154} INFO - Started process (PID=1136) to work on /home/airflow/.local/lib/python3.7/site-packages/airflow/example_dags/example_time_delta_sensor_async.py
[2023-11-12T20:08:12.058+0000] {processor.py:756} INFO - Processing file /home/airflow/.local/lib/python3.7/site-packages/airflow/example_dags/example_time_delta_sensor_async.py for tasks to queue
[2023-11-12T20:08:12.059+0000] {logging_mixin.py:120} INFO - [2023-11-12T20:08:12.059+0000] {dagbag.py:537} INFO - Filling up the DagBag from /home/airflow/.local/lib/python3.7/site-packages/airflow/example_dags/example_time_delta_sensor_async.py
[2023-11-12T20:08:12.082+0000] {processor.py:766} INFO - DAG(s) dict_keys(['example_time_delta_sensor_async']) retrieved from /home/airflow/.local/lib/python3.7/site-packages/airflow/example_dags/example_time_delta_sensor_async.py
[2023-11-12T20:08:12.647+0000] {logging_mixin.py:120} INFO - [2023-11-12T20:08:12.647+0000] {dag.py:2585} INFO - Sync 1 DAGs
[2023-11-12T20:08:12.701+0000] {logging_mixin.py:120} INFO - [2023-11-12T20:08:12.701+0000] {dag.py:3340} INFO - Setting next_dagrun for example_time_delta_sensor_async to None, run_after=None
[2023-11-12T20:08:12.739+0000] {processor.py:176} INFO - Processing /home/airflow/.local/lib/python3.7/site-packages/airflow/example_dags/example_time_delta_sensor_async.py took 0.697 seconds
[2023-11-12T20:08:43.011+0000] {processor.py:154} INFO - Started process (PID=1191) to work on /home/airflow/.local/lib/python3.7/site-packages/airflow/example_dags/example_time_delta_sensor_async.py
[2023-11-12T20:08:43.018+0000] {processor.py:756} INFO - Processing file /home/airflow/.local/lib/python3.7/site-packages/airflow/example_dags/example_time_delta_sensor_async.py for tasks to queue
[2023-11-12T20:08:43.019+0000] {logging_mixin.py:120} INFO - [2023-11-12T20:08:43.019+0000] {dagbag.py:537} INFO - Filling up the DagBag from /home/airflow/.local/lib/python3.7/site-packages/airflow/example_dags/example_time_delta_sensor_async.py
[2023-11-12T20:08:43.040+0000] {processor.py:766} INFO - DAG(s) dict_keys(['example_time_delta_sensor_async']) retrieved from /home/airflow/.local/lib/python3.7/site-packages/airflow/example_dags/example_time_delta_sensor_async.py
[2023-11-12T20:08:43.319+0000] {logging_mixin.py:120} INFO - [2023-11-12T20:08:43.319+0000] {dag.py:2585} INFO - Sync 1 DAGs
[2023-11-12T20:08:43.349+0000] {logging_mixin.py:120} INFO - [2023-11-12T20:08:43.348+0000] {dag.py:3340} INFO - Setting next_dagrun for example_time_delta_sensor_async to None, run_after=None
[2023-11-12T20:08:43.379+0000] {processor.py:176} INFO - Processing /home/airflow/.local/lib/python3.7/site-packages/airflow/example_dags/example_time_delta_sensor_async.py took 0.372 seconds
[2023-11-12T20:09:13.977+0000] {processor.py:154} INFO - Started process (PID=1250) to work on /home/airflow/.local/lib/python3.7/site-packages/airflow/example_dags/example_time_delta_sensor_async.py
[2023-11-12T20:09:13.991+0000] {processor.py:756} INFO - Processing file /home/airflow/.local/lib/python3.7/site-packages/airflow/example_dags/example_time_delta_sensor_async.py for tasks to queue
[2023-11-12T20:09:13.992+0000] {logging_mixin.py:120} INFO - [2023-11-12T20:09:13.992+0000] {dagbag.py:537} INFO - Filling up the DagBag from /home/airflow/.local/lib/python3.7/site-packages/airflow/example_dags/example_time_delta_sensor_async.py
[2023-11-12T20:09:14.050+0000] {processor.py:766} INFO - DAG(s) dict_keys(['example_time_delta_sensor_async']) retrieved from /home/airflow/.local/lib/python3.7/site-packages/airflow/example_dags/example_time_delta_sensor_async.py
[2023-11-12T20:09:15.344+0000] {logging_mixin.py:120} INFO - [2023-11-12T20:09:15.344+0000] {dag.py:2585} INFO - Sync 1 DAGs
[2023-11-12T20:09:15.527+0000] {logging_mixin.py:120} INFO - [2023-11-12T20:09:15.527+0000] {dag.py:3340} INFO - Setting next_dagrun for example_time_delta_sensor_async to None, run_after=None
[2023-11-12T20:09:15.568+0000] {processor.py:176} INFO - Processing /home/airflow/.local/lib/python3.7/site-packages/airflow/example_dags/example_time_delta_sensor_async.py took 1.594 seconds
[2023-11-12T20:09:45.607+0000] {processor.py:154} INFO - Started process (PID=1304) to work on /home/airflow/.local/lib/python3.7/site-packages/airflow/example_dags/example_time_delta_sensor_async.py
[2023-11-12T20:09:45.608+0000] {processor.py:756} INFO - Processing file /home/airflow/.local/lib/python3.7/site-packages/airflow/example_dags/example_time_delta_sensor_async.py for tasks to queue
[2023-11-12T20:09:45.609+0000] {logging_mixin.py:120} INFO - [2023-11-12T20:09:45.609+0000] {dagbag.py:537} INFO - Filling up the DagBag from /home/airflow/.local/lib/python3.7/site-packages/airflow/example_dags/example_time_delta_sensor_async.py
[2023-11-12T20:09:45.631+0000] {processor.py:766} INFO - DAG(s) dict_keys(['example_time_delta_sensor_async']) retrieved from /home/airflow/.local/lib/python3.7/site-packages/airflow/example_dags/example_time_delta_sensor_async.py
[2023-11-12T20:09:45.904+0000] {logging_mixin.py:120} INFO - [2023-11-12T20:09:45.904+0000] {dag.py:2585} INFO - Sync 1 DAGs
[2023-11-12T20:09:45.926+0000] {logging_mixin.py:120} INFO - [2023-11-12T20:09:45.926+0000] {dag.py:3340} INFO - Setting next_dagrun for example_time_delta_sensor_async to None, run_after=None
[2023-11-12T20:09:45.952+0000] {processor.py:176} INFO - Processing /home/airflow/.local/lib/python3.7/site-packages/airflow/example_dags/example_time_delta_sensor_async.py took 0.348 seconds
[2023-11-12T20:10:16.349+0000] {processor.py:154} INFO - Started process (PID=1355) to work on /home/airflow/.local/lib/python3.7/site-packages/airflow/example_dags/example_time_delta_sensor_async.py
[2023-11-12T20:10:16.350+0000] {processor.py:756} INFO - Processing file /home/airflow/.local/lib/python3.7/site-packages/airflow/example_dags/example_time_delta_sensor_async.py for tasks to queue
[2023-11-12T20:10:16.351+0000] {logging_mixin.py:120} INFO - [2023-11-12T20:10:16.351+0000] {dagbag.py:537} INFO - Filling up the DagBag from /home/airflow/.local/lib/python3.7/site-packages/airflow/example_dags/example_time_delta_sensor_async.py
[2023-11-12T20:10:16.412+0000] {processor.py:766} INFO - DAG(s) dict_keys(['example_time_delta_sensor_async']) retrieved from /home/airflow/.local/lib/python3.7/site-packages/airflow/example_dags/example_time_delta_sensor_async.py
[2023-11-12T20:10:18.446+0000] {logging_mixin.py:120} INFO - [2023-11-12T20:10:18.446+0000] {dag.py:2585} INFO - Sync 1 DAGs
[2023-11-12T20:10:18.663+0000] {logging_mixin.py:120} INFO - [2023-11-12T20:10:18.663+0000] {dag.py:3340} INFO - Setting next_dagrun for example_time_delta_sensor_async to None, run_after=None
[2023-11-12T20:10:18.805+0000] {processor.py:176} INFO - Processing /home/airflow/.local/lib/python3.7/site-packages/airflow/example_dags/example_time_delta_sensor_async.py took 2.468 seconds
[2023-11-12T20:10:48.971+0000] {processor.py:154} INFO - Started process (PID=1418) to work on /home/airflow/.local/lib/python3.7/site-packages/airflow/example_dags/example_time_delta_sensor_async.py
[2023-11-12T20:10:48.972+0000] {processor.py:756} INFO - Processing file /home/airflow/.local/lib/python3.7/site-packages/airflow/example_dags/example_time_delta_sensor_async.py for tasks to queue
[2023-11-12T20:10:48.973+0000] {logging_mixin.py:120} INFO - [2023-11-12T20:10:48.973+0000] {dagbag.py:537} INFO - Filling up the DagBag from /home/airflow/.local/lib/python3.7/site-packages/airflow/example_dags/example_time_delta_sensor_async.py
[2023-11-12T20:10:49.011+0000] {processor.py:766} INFO - DAG(s) dict_keys(['example_time_delta_sensor_async']) retrieved from /home/airflow/.local/lib/python3.7/site-packages/airflow/example_dags/example_time_delta_sensor_async.py
[2023-11-12T20:10:50.273+0000] {logging_mixin.py:120} INFO - [2023-11-12T20:10:50.272+0000] {dag.py:2585} INFO - Sync 1 DAGs
[2023-11-12T20:10:50.338+0000] {logging_mixin.py:120} INFO - [2023-11-12T20:10:50.338+0000] {dag.py:3340} INFO - Setting next_dagrun for example_time_delta_sensor_async to None, run_after=None
[2023-11-12T20:10:50.397+0000] {processor.py:176} INFO - Processing /home/airflow/.local/lib/python3.7/site-packages/airflow/example_dags/example_time_delta_sensor_async.py took 1.434 seconds
[2023-11-12T20:11:20.609+0000] {processor.py:154} INFO - Started process (PID=1471) to work on /home/airflow/.local/lib/python3.7/site-packages/airflow/example_dags/example_time_delta_sensor_async.py
[2023-11-12T20:11:20.612+0000] {processor.py:756} INFO - Processing file /home/airflow/.local/lib/python3.7/site-packages/airflow/example_dags/example_time_delta_sensor_async.py for tasks to queue
[2023-11-12T20:11:20.613+0000] {logging_mixin.py:120} INFO - [2023-11-12T20:11:20.613+0000] {dagbag.py:537} INFO - Filling up the DagBag from /home/airflow/.local/lib/python3.7/site-packages/airflow/example_dags/example_time_delta_sensor_async.py
[2023-11-12T20:11:20.628+0000] {processor.py:766} INFO - DAG(s) dict_keys(['example_time_delta_sensor_async']) retrieved from /home/airflow/.local/lib/python3.7/site-packages/airflow/example_dags/example_time_delta_sensor_async.py
[2023-11-12T20:11:20.933+0000] {logging_mixin.py:120} INFO - [2023-11-12T20:11:20.933+0000] {dag.py:2585} INFO - Sync 1 DAGs
[2023-11-12T20:11:20.970+0000] {logging_mixin.py:120} INFO - [2023-11-12T20:11:20.970+0000] {dag.py:3340} INFO - Setting next_dagrun for example_time_delta_sensor_async to None, run_after=None
[2023-11-12T20:11:20.995+0000] {processor.py:176} INFO - Processing /home/airflow/.local/lib/python3.7/site-packages/airflow/example_dags/example_time_delta_sensor_async.py took 0.389 seconds
[2023-11-12T20:11:51.679+0000] {processor.py:154} INFO - Started process (PID=1533) to work on /home/airflow/.local/lib/python3.7/site-packages/airflow/example_dags/example_time_delta_sensor_async.py
[2023-11-12T20:11:51.680+0000] {processor.py:756} INFO - Processing file /home/airflow/.local/lib/python3.7/site-packages/airflow/example_dags/example_time_delta_sensor_async.py for tasks to queue
[2023-11-12T20:11:51.681+0000] {logging_mixin.py:120} INFO - [2023-11-12T20:11:51.681+0000] {dagbag.py:537} INFO - Filling up the DagBag from /home/airflow/.local/lib/python3.7/site-packages/airflow/example_dags/example_time_delta_sensor_async.py
[2023-11-12T20:11:51.695+0000] {processor.py:766} INFO - DAG(s) dict_keys(['example_time_delta_sensor_async']) retrieved from /home/airflow/.local/lib/python3.7/site-packages/airflow/example_dags/example_time_delta_sensor_async.py
[2023-11-12T20:11:52.208+0000] {logging_mixin.py:120} INFO - [2023-11-12T20:11:52.208+0000] {dag.py:2585} INFO - Sync 1 DAGs
[2023-11-12T20:11:52.257+0000] {logging_mixin.py:120} INFO - [2023-11-12T20:11:52.257+0000] {dag.py:3340} INFO - Setting next_dagrun for example_time_delta_sensor_async to None, run_after=None
[2023-11-12T20:11:52.303+0000] {processor.py:176} INFO - Processing /home/airflow/.local/lib/python3.7/site-packages/airflow/example_dags/example_time_delta_sensor_async.py took 0.628 seconds
[2023-11-12T20:12:22.887+0000] {processor.py:154} INFO - Started process (PID=1596) to work on /home/airflow/.local/lib/python3.7/site-packages/airflow/example_dags/example_time_delta_sensor_async.py
[2023-11-12T20:12:22.905+0000] {processor.py:756} INFO - Processing file /home/airflow/.local/lib/python3.7/site-packages/airflow/example_dags/example_time_delta_sensor_async.py for tasks to queue
[2023-11-12T20:12:22.906+0000] {logging_mixin.py:120} INFO - [2023-11-12T20:12:22.906+0000] {dagbag.py:537} INFO - Filling up the DagBag from /home/airflow/.local/lib/python3.7/site-packages/airflow/example_dags/example_time_delta_sensor_async.py
[2023-11-12T20:12:22.945+0000] {processor.py:766} INFO - DAG(s) dict_keys(['example_time_delta_sensor_async']) retrieved from /home/airflow/.local/lib/python3.7/site-packages/airflow/example_dags/example_time_delta_sensor_async.py
[2023-11-12T20:12:24.005+0000] {logging_mixin.py:120} INFO - [2023-11-12T20:12:24.004+0000] {dag.py:2585} INFO - Sync 1 DAGs
[2023-11-12T20:12:24.055+0000] {logging_mixin.py:120} INFO - [2023-11-12T20:12:24.055+0000] {dag.py:3340} INFO - Setting next_dagrun for example_time_delta_sensor_async to None, run_after=None
[2023-11-12T20:12:24.092+0000] {processor.py:176} INFO - Processing /home/airflow/.local/lib/python3.7/site-packages/airflow/example_dags/example_time_delta_sensor_async.py took 1.208 seconds
[2023-11-12T20:12:54.890+0000] {processor.py:154} INFO - Started process (PID=1651) to work on /home/airflow/.local/lib/python3.7/site-packages/airflow/example_dags/example_time_delta_sensor_async.py
[2023-11-12T20:12:54.891+0000] {processor.py:756} INFO - Processing file /home/airflow/.local/lib/python3.7/site-packages/airflow/example_dags/example_time_delta_sensor_async.py for tasks to queue
[2023-11-12T20:12:54.891+0000] {logging_mixin.py:120} INFO - [2023-11-12T20:12:54.891+0000] {dagbag.py:537} INFO - Filling up the DagBag from /home/airflow/.local/lib/python3.7/site-packages/airflow/example_dags/example_time_delta_sensor_async.py
[2023-11-12T20:12:54.905+0000] {processor.py:766} INFO - DAG(s) dict_keys(['example_time_delta_sensor_async']) retrieved from /home/airflow/.local/lib/python3.7/site-packages/airflow/example_dags/example_time_delta_sensor_async.py
[2023-11-12T20:12:55.194+0000] {logging_mixin.py:120} INFO - [2023-11-12T20:12:55.194+0000] {dag.py:2585} INFO - Sync 1 DAGs
[2023-11-12T20:12:55.225+0000] {logging_mixin.py:120} INFO - [2023-11-12T20:12:55.225+0000] {dag.py:3340} INFO - Setting next_dagrun for example_time_delta_sensor_async to None, run_after=None
[2023-11-12T20:12:55.255+0000] {processor.py:176} INFO - Processing /home/airflow/.local/lib/python3.7/site-packages/airflow/example_dags/example_time_delta_sensor_async.py took 0.369 seconds
[2023-11-12T20:13:25.344+0000] {processor.py:154} INFO - Started process (PID=1713) to work on /home/airflow/.local/lib/python3.7/site-packages/airflow/example_dags/example_time_delta_sensor_async.py
[2023-11-12T20:13:25.353+0000] {processor.py:756} INFO - Processing file /home/airflow/.local/lib/python3.7/site-packages/airflow/example_dags/example_time_delta_sensor_async.py for tasks to queue
[2023-11-12T20:13:25.354+0000] {logging_mixin.py:120} INFO - [2023-11-12T20:13:25.354+0000] {dagbag.py:537} INFO - Filling up the DagBag from /home/airflow/.local/lib/python3.7/site-packages/airflow/example_dags/example_time_delta_sensor_async.py
[2023-11-12T20:13:25.381+0000] {processor.py:766} INFO - DAG(s) dict_keys(['example_time_delta_sensor_async']) retrieved from /home/airflow/.local/lib/python3.7/site-packages/airflow/example_dags/example_time_delta_sensor_async.py
[2023-11-12T20:13:26.055+0000] {logging_mixin.py:120} INFO - [2023-11-12T20:13:26.055+0000] {dag.py:2585} INFO - Sync 1 DAGs
[2023-11-12T20:13:26.085+0000] {logging_mixin.py:120} INFO - [2023-11-12T20:13:26.085+0000] {dag.py:3340} INFO - Setting next_dagrun for example_time_delta_sensor_async to None, run_after=None
[2023-11-12T20:13:26.111+0000] {processor.py:176} INFO - Processing /home/airflow/.local/lib/python3.7/site-packages/airflow/example_dags/example_time_delta_sensor_async.py took 0.772 seconds
[2023-11-12T20:13:56.923+0000] {processor.py:154} INFO - Started process (PID=1768) to work on /home/airflow/.local/lib/python3.7/site-packages/airflow/example_dags/example_time_delta_sensor_async.py
[2023-11-12T20:13:56.926+0000] {processor.py:756} INFO - Processing file /home/airflow/.local/lib/python3.7/site-packages/airflow/example_dags/example_time_delta_sensor_async.py for tasks to queue
[2023-11-12T20:13:56.932+0000] {logging_mixin.py:120} INFO - [2023-11-12T20:13:56.932+0000] {dagbag.py:537} INFO - Filling up the DagBag from /home/airflow/.local/lib/python3.7/site-packages/airflow/example_dags/example_time_delta_sensor_async.py
[2023-11-12T20:13:56.958+0000] {processor.py:766} INFO - DAG(s) dict_keys(['example_time_delta_sensor_async']) retrieved from /home/airflow/.local/lib/python3.7/site-packages/airflow/example_dags/example_time_delta_sensor_async.py
[2023-11-12T20:13:57.498+0000] {logging_mixin.py:120} INFO - [2023-11-12T20:13:57.498+0000] {dag.py:2585} INFO - Sync 1 DAGs
[2023-11-12T20:13:57.591+0000] {logging_mixin.py:120} INFO - [2023-11-12T20:13:57.591+0000] {dag.py:3340} INFO - Setting next_dagrun for example_time_delta_sensor_async to None, run_after=None
[2023-11-12T20:13:57.663+0000] {processor.py:176} INFO - Processing /home/airflow/.local/lib/python3.7/site-packages/airflow/example_dags/example_time_delta_sensor_async.py took 0.743 seconds
[2023-11-12T20:14:28.415+0000] {processor.py:154} INFO - Started process (PID=1832) to work on /home/airflow/.local/lib/python3.7/site-packages/airflow/example_dags/example_time_delta_sensor_async.py
[2023-11-12T20:14:28.424+0000] {processor.py:756} INFO - Processing file /home/airflow/.local/lib/python3.7/site-packages/airflow/example_dags/example_time_delta_sensor_async.py for tasks to queue
[2023-11-12T20:14:28.425+0000] {logging_mixin.py:120} INFO - [2023-11-12T20:14:28.425+0000] {dagbag.py:537} INFO - Filling up the DagBag from /home/airflow/.local/lib/python3.7/site-packages/airflow/example_dags/example_time_delta_sensor_async.py
[2023-11-12T20:14:28.451+0000] {processor.py:766} INFO - DAG(s) dict_keys(['example_time_delta_sensor_async']) retrieved from /home/airflow/.local/lib/python3.7/site-packages/airflow/example_dags/example_time_delta_sensor_async.py
[2023-11-12T20:14:28.837+0000] {logging_mixin.py:120} INFO - [2023-11-12T20:14:28.837+0000] {dag.py:2585} INFO - Sync 1 DAGs
[2023-11-12T20:14:28.870+0000] {logging_mixin.py:120} INFO - [2023-11-12T20:14:28.869+0000] {dag.py:3340} INFO - Setting next_dagrun for example_time_delta_sensor_async to None, run_after=None
[2023-11-12T20:14:28.896+0000] {processor.py:176} INFO - Processing /home/airflow/.local/lib/python3.7/site-packages/airflow/example_dags/example_time_delta_sensor_async.py took 0.485 seconds
[2023-11-12T20:14:59.137+0000] {processor.py:154} INFO - Started process (PID=1886) to work on /home/airflow/.local/lib/python3.7/site-packages/airflow/example_dags/example_time_delta_sensor_async.py
[2023-11-12T20:14:59.138+0000] {processor.py:756} INFO - Processing file /home/airflow/.local/lib/python3.7/site-packages/airflow/example_dags/example_time_delta_sensor_async.py for tasks to queue
[2023-11-12T20:14:59.139+0000] {logging_mixin.py:120} INFO - [2023-11-12T20:14:59.139+0000] {dagbag.py:537} INFO - Filling up the DagBag from /home/airflow/.local/lib/python3.7/site-packages/airflow/example_dags/example_time_delta_sensor_async.py
[2023-11-12T20:14:59.153+0000] {processor.py:766} INFO - DAG(s) dict_keys(['example_time_delta_sensor_async']) retrieved from /home/airflow/.local/lib/python3.7/site-packages/airflow/example_dags/example_time_delta_sensor_async.py
[2023-11-12T20:14:59.529+0000] {logging_mixin.py:120} INFO - [2023-11-12T20:14:59.528+0000] {dag.py:2585} INFO - Sync 1 DAGs
[2023-11-12T20:14:59.644+0000] {logging_mixin.py:120} INFO - [2023-11-12T20:14:59.644+0000] {dag.py:3340} INFO - Setting next_dagrun for example_time_delta_sensor_async to None, run_after=None
[2023-11-12T20:14:59.690+0000] {processor.py:176} INFO - Processing /home/airflow/.local/lib/python3.7/site-packages/airflow/example_dags/example_time_delta_sensor_async.py took 0.556 seconds
[2023-11-12T20:15:30.506+0000] {processor.py:154} INFO - Started process (PID=1950) to work on /home/airflow/.local/lib/python3.7/site-packages/airflow/example_dags/example_time_delta_sensor_async.py
[2023-11-12T20:15:30.514+0000] {processor.py:756} INFO - Processing file /home/airflow/.local/lib/python3.7/site-packages/airflow/example_dags/example_time_delta_sensor_async.py for tasks to queue
[2023-11-12T20:15:30.515+0000] {logging_mixin.py:120} INFO - [2023-11-12T20:15:30.515+0000] {dagbag.py:537} INFO - Filling up the DagBag from /home/airflow/.local/lib/python3.7/site-packages/airflow/example_dags/example_time_delta_sensor_async.py
[2023-11-12T20:15:30.558+0000] {processor.py:766} INFO - DAG(s) dict_keys(['example_time_delta_sensor_async']) retrieved from /home/airflow/.local/lib/python3.7/site-packages/airflow/example_dags/example_time_delta_sensor_async.py
[2023-11-12T20:15:31.214+0000] {logging_mixin.py:120} INFO - [2023-11-12T20:15:31.214+0000] {dag.py:2585} INFO - Sync 1 DAGs
[2023-11-12T20:15:31.261+0000] {logging_mixin.py:120} INFO - [2023-11-12T20:15:31.261+0000] {dag.py:3340} INFO - Setting next_dagrun for example_time_delta_sensor_async to None, run_after=None
[2023-11-12T20:15:31.292+0000] {processor.py:176} INFO - Processing /home/airflow/.local/lib/python3.7/site-packages/airflow/example_dags/example_time_delta_sensor_async.py took 0.790 seconds
[2023-11-12T20:16:01.867+0000] {processor.py:154} INFO - Started process (PID=2015) to work on /home/airflow/.local/lib/python3.7/site-packages/airflow/example_dags/example_time_delta_sensor_async.py
[2023-11-12T20:16:01.868+0000] {processor.py:756} INFO - Processing file /home/airflow/.local/lib/python3.7/site-packages/airflow/example_dags/example_time_delta_sensor_async.py for tasks to queue
[2023-11-12T20:16:01.869+0000] {logging_mixin.py:120} INFO - [2023-11-12T20:16:01.869+0000] {dagbag.py:537} INFO - Filling up the DagBag from /home/airflow/.local/lib/python3.7/site-packages/airflow/example_dags/example_time_delta_sensor_async.py
[2023-11-12T20:16:01.885+0000] {processor.py:766} INFO - DAG(s) dict_keys(['example_time_delta_sensor_async']) retrieved from /home/airflow/.local/lib/python3.7/site-packages/airflow/example_dags/example_time_delta_sensor_async.py
[2023-11-12T20:16:02.173+0000] {logging_mixin.py:120} INFO - [2023-11-12T20:16:02.173+0000] {dag.py:2585} INFO - Sync 1 DAGs
[2023-11-12T20:16:02.257+0000] {logging_mixin.py:120} INFO - [2023-11-12T20:16:02.255+0000] {dag.py:3340} INFO - Setting next_dagrun for example_time_delta_sensor_async to None, run_after=None
[2023-11-12T20:16:02.291+0000] {processor.py:176} INFO - Processing /home/airflow/.local/lib/python3.7/site-packages/airflow/example_dags/example_time_delta_sensor_async.py took 0.427 seconds
[2023-11-12T20:16:32.502+0000] {processor.py:154} INFO - Started process (PID=2071) to work on /home/airflow/.local/lib/python3.7/site-packages/airflow/example_dags/example_time_delta_sensor_async.py
[2023-11-12T20:16:32.503+0000] {processor.py:756} INFO - Processing file /home/airflow/.local/lib/python3.7/site-packages/airflow/example_dags/example_time_delta_sensor_async.py for tasks to queue
[2023-11-12T20:16:32.503+0000] {logging_mixin.py:120} INFO - [2023-11-12T20:16:32.503+0000] {dagbag.py:537} INFO - Filling up the DagBag from /home/airflow/.local/lib/python3.7/site-packages/airflow/example_dags/example_time_delta_sensor_async.py
[2023-11-12T20:16:32.518+0000] {processor.py:766} INFO - DAG(s) dict_keys(['example_time_delta_sensor_async']) retrieved from /home/airflow/.local/lib/python3.7/site-packages/airflow/example_dags/example_time_delta_sensor_async.py
[2023-11-12T20:16:32.883+0000] {logging_mixin.py:120} INFO - [2023-11-12T20:16:32.883+0000] {dag.py:2585} INFO - Sync 1 DAGs
[2023-11-12T20:16:32.916+0000] {logging_mixin.py:120} INFO - [2023-11-12T20:16:32.916+0000] {dag.py:3340} INFO - Setting next_dagrun for example_time_delta_sensor_async to None, run_after=None
[2023-11-12T20:16:32.939+0000] {processor.py:176} INFO - Processing /home/airflow/.local/lib/python3.7/site-packages/airflow/example_dags/example_time_delta_sensor_async.py took 0.439 seconds
[2023-11-12T20:17:03.266+0000] {processor.py:154} INFO - Started process (PID=2134) to work on /home/airflow/.local/lib/python3.7/site-packages/airflow/example_dags/example_time_delta_sensor_async.py
[2023-11-12T20:17:03.272+0000] {processor.py:756} INFO - Processing file /home/airflow/.local/lib/python3.7/site-packages/airflow/example_dags/example_time_delta_sensor_async.py for tasks to queue
[2023-11-12T20:17:03.272+0000] {logging_mixin.py:120} INFO - [2023-11-12T20:17:03.272+0000] {dagbag.py:537} INFO - Filling up the DagBag from /home/airflow/.local/lib/python3.7/site-packages/airflow/example_dags/example_time_delta_sensor_async.py
[2023-11-12T20:17:03.296+0000] {processor.py:766} INFO - DAG(s) dict_keys(['example_time_delta_sensor_async']) retrieved from /home/airflow/.local/lib/python3.7/site-packages/airflow/example_dags/example_time_delta_sensor_async.py
[2023-11-12T20:17:03.853+0000] {logging_mixin.py:120} INFO - [2023-11-12T20:17:03.853+0000] {dag.py:2585} INFO - Sync 1 DAGs
[2023-11-12T20:17:03.933+0000] {logging_mixin.py:120} INFO - [2023-11-12T20:17:03.933+0000] {dag.py:3340} INFO - Setting next_dagrun for example_time_delta_sensor_async to None, run_after=None
[2023-11-12T20:17:04.028+0000] {processor.py:176} INFO - Processing /home/airflow/.local/lib/python3.7/site-packages/airflow/example_dags/example_time_delta_sensor_async.py took 0.766 seconds
[2023-11-12T20:17:34.827+0000] {processor.py:154} INFO - Started process (PID=2197) to work on /home/airflow/.local/lib/python3.7/site-packages/airflow/example_dags/example_time_delta_sensor_async.py
[2023-11-12T20:17:34.833+0000] {processor.py:756} INFO - Processing file /home/airflow/.local/lib/python3.7/site-packages/airflow/example_dags/example_time_delta_sensor_async.py for tasks to queue
[2023-11-12T20:17:34.834+0000] {logging_mixin.py:120} INFO - [2023-11-12T20:17:34.834+0000] {dagbag.py:537} INFO - Filling up the DagBag from /home/airflow/.local/lib/python3.7/site-packages/airflow/example_dags/example_time_delta_sensor_async.py
[2023-11-12T20:17:34.858+0000] {processor.py:766} INFO - DAG(s) dict_keys(['example_time_delta_sensor_async']) retrieved from /home/airflow/.local/lib/python3.7/site-packages/airflow/example_dags/example_time_delta_sensor_async.py
[2023-11-12T20:17:35.258+0000] {logging_mixin.py:120} INFO - [2023-11-12T20:17:35.258+0000] {dag.py:2585} INFO - Sync 1 DAGs
[2023-11-12T20:17:35.327+0000] {logging_mixin.py:120} INFO - [2023-11-12T20:17:35.326+0000] {dag.py:3340} INFO - Setting next_dagrun for example_time_delta_sensor_async to None, run_after=None
[2023-11-12T20:17:35.361+0000] {processor.py:176} INFO - Processing /home/airflow/.local/lib/python3.7/site-packages/airflow/example_dags/example_time_delta_sensor_async.py took 0.537 seconds
[2023-11-12T20:18:06.028+0000] {processor.py:154} INFO - Started process (PID=2251) to work on /home/airflow/.local/lib/python3.7/site-packages/airflow/example_dags/example_time_delta_sensor_async.py
[2023-11-12T20:18:06.029+0000] {processor.py:756} INFO - Processing file /home/airflow/.local/lib/python3.7/site-packages/airflow/example_dags/example_time_delta_sensor_async.py for tasks to queue
[2023-11-12T20:18:06.030+0000] {logging_mixin.py:120} INFO - [2023-11-12T20:18:06.029+0000] {dagbag.py:537} INFO - Filling up the DagBag from /home/airflow/.local/lib/python3.7/site-packages/airflow/example_dags/example_time_delta_sensor_async.py
[2023-11-12T20:18:06.046+0000] {processor.py:766} INFO - DAG(s) dict_keys(['example_time_delta_sensor_async']) retrieved from /home/airflow/.local/lib/python3.7/site-packages/airflow/example_dags/example_time_delta_sensor_async.py
[2023-11-12T20:18:06.352+0000] {logging_mixin.py:120} INFO - [2023-11-12T20:18:06.352+0000] {dag.py:2585} INFO - Sync 1 DAGs
[2023-11-12T20:18:06.390+0000] {logging_mixin.py:120} INFO - [2023-11-12T20:18:06.390+0000] {dag.py:3340} INFO - Setting next_dagrun for example_time_delta_sensor_async to None, run_after=None
[2023-11-12T20:18:06.421+0000] {processor.py:176} INFO - Processing /home/airflow/.local/lib/python3.7/site-packages/airflow/example_dags/example_time_delta_sensor_async.py took 0.397 seconds
