[2023-11-12T19:53:04.040+0000] {processor.py:154} INFO - Started process (PID=51) to work on /home/airflow/.local/lib/python3.7/site-packages/airflow/example_dags/example_task_group_decorator.py
[2023-11-12T19:53:04.041+0000] {processor.py:756} INFO - Processing file /home/airflow/.local/lib/python3.7/site-packages/airflow/example_dags/example_task_group_decorator.py for tasks to queue
[2023-11-12T19:53:04.041+0000] {logging_mixin.py:120} INFO - [2023-11-12T19:53:04.041+0000] {dagbag.py:537} INFO - Filling up the DagBag from /home/airflow/.local/lib/python3.7/site-packages/airflow/example_dags/example_task_group_decorator.py
[2023-11-12T19:53:04.143+0000] {processor.py:766} INFO - DAG(s) dict_keys(['example_task_group_decorator']) retrieved from /home/airflow/.local/lib/python3.7/site-packages/airflow/example_dags/example_task_group_decorator.py
[2023-11-12T19:53:04.848+0000] {logging_mixin.py:120} INFO - [2023-11-12T19:53:04.848+0000] {manager.py:507} INFO - Created Permission View: can edit on DAG:example_task_group_decorator
[2023-11-12T19:53:04.880+0000] {logging_mixin.py:120} INFO - [2023-11-12T19:53:04.880+0000] {manager.py:507} INFO - Created Permission View: can delete on DAG:example_task_group_decorator
[2023-11-12T19:53:04.896+0000] {logging_mixin.py:120} INFO - [2023-11-12T19:53:04.896+0000] {manager.py:507} INFO - Created Permission View: can read on DAG:example_task_group_decorator
[2023-11-12T19:53:04.896+0000] {logging_mixin.py:120} INFO - [2023-11-12T19:53:04.896+0000] {dag.py:2585} INFO - Sync 1 DAGs
[2023-11-12T19:53:04.934+0000] {logging_mixin.py:120} INFO - [2023-11-12T19:53:04.934+0000] {dag.py:2606} INFO - Creating ORM DAG for example_task_group_decorator
[2023-11-12T19:53:05.129+0000] {logging_mixin.py:120} INFO - [2023-11-12T19:53:05.129+0000] {dag.py:3340} INFO - Setting next_dagrun for example_task_group_decorator to 2023-11-11T19:53:05.129292+00:00, run_after=2023-11-12T19:53:05.129292+00:00
[2023-11-12T19:53:05.202+0000] {processor.py:176} INFO - Processing /home/airflow/.local/lib/python3.7/site-packages/airflow/example_dags/example_task_group_decorator.py took 1.174 seconds
[2023-11-12T19:53:35.343+0000] {processor.py:154} INFO - Started process (PID=105) to work on /home/airflow/.local/lib/python3.7/site-packages/airflow/example_dags/example_task_group_decorator.py
[2023-11-12T19:53:35.344+0000] {processor.py:756} INFO - Processing file /home/airflow/.local/lib/python3.7/site-packages/airflow/example_dags/example_task_group_decorator.py for tasks to queue
[2023-11-12T19:53:35.345+0000] {logging_mixin.py:120} INFO - [2023-11-12T19:53:35.345+0000] {dagbag.py:537} INFO - Filling up the DagBag from /home/airflow/.local/lib/python3.7/site-packages/airflow/example_dags/example_task_group_decorator.py
[2023-11-12T19:53:35.403+0000] {processor.py:766} INFO - DAG(s) dict_keys(['example_task_group_decorator']) retrieved from /home/airflow/.local/lib/python3.7/site-packages/airflow/example_dags/example_task_group_decorator.py
[2023-11-12T19:53:35.528+0000] {logging_mixin.py:120} INFO - [2023-11-12T19:53:35.527+0000] {dag.py:2585} INFO - Sync 1 DAGs
[2023-11-12T19:53:35.572+0000] {logging_mixin.py:120} INFO - [2023-11-12T19:53:35.572+0000] {dag.py:3340} INFO - Setting next_dagrun for example_task_group_decorator to 2023-11-11T19:53:35.572367+00:00, run_after=2023-11-12T19:53:35.572367+00:00
[2023-11-12T19:53:35.603+0000] {processor.py:176} INFO - Processing /home/airflow/.local/lib/python3.7/site-packages/airflow/example_dags/example_task_group_decorator.py took 0.263 seconds
[2023-11-12T19:54:05.974+0000] {processor.py:154} INFO - Started process (PID=168) to work on /home/airflow/.local/lib/python3.7/site-packages/airflow/example_dags/example_task_group_decorator.py
[2023-11-12T19:54:05.976+0000] {processor.py:756} INFO - Processing file /home/airflow/.local/lib/python3.7/site-packages/airflow/example_dags/example_task_group_decorator.py for tasks to queue
[2023-11-12T19:54:05.977+0000] {logging_mixin.py:120} INFO - [2023-11-12T19:54:05.977+0000] {dagbag.py:537} INFO - Filling up the DagBag from /home/airflow/.local/lib/python3.7/site-packages/airflow/example_dags/example_task_group_decorator.py
[2023-11-12T19:54:06.053+0000] {processor.py:766} INFO - DAG(s) dict_keys(['example_task_group_decorator']) retrieved from /home/airflow/.local/lib/python3.7/site-packages/airflow/example_dags/example_task_group_decorator.py
[2023-11-12T19:54:06.177+0000] {logging_mixin.py:120} INFO - [2023-11-12T19:54:06.176+0000] {dag.py:2585} INFO - Sync 1 DAGs
[2023-11-12T19:54:06.263+0000] {logging_mixin.py:120} INFO - [2023-11-12T19:54:06.263+0000] {dag.py:3340} INFO - Setting next_dagrun for example_task_group_decorator to 2023-11-11T19:54:06.263342+00:00, run_after=2023-11-12T19:54:06.263342+00:00
[2023-11-12T19:54:06.316+0000] {processor.py:176} INFO - Processing /home/airflow/.local/lib/python3.7/site-packages/airflow/example_dags/example_task_group_decorator.py took 0.351 seconds
[2023-11-12T19:57:01.459+0000] {processor.py:154} INFO - Started process (PID=50) to work on /home/airflow/.local/lib/python3.7/site-packages/airflow/example_dags/example_task_group_decorator.py
[2023-11-12T19:57:01.464+0000] {processor.py:756} INFO - Processing file /home/airflow/.local/lib/python3.7/site-packages/airflow/example_dags/example_task_group_decorator.py for tasks to queue
[2023-11-12T19:57:01.465+0000] {logging_mixin.py:120} INFO - [2023-11-12T19:57:01.465+0000] {dagbag.py:537} INFO - Filling up the DagBag from /home/airflow/.local/lib/python3.7/site-packages/airflow/example_dags/example_task_group_decorator.py
[2023-11-12T19:57:01.560+0000] {processor.py:766} INFO - DAG(s) dict_keys(['example_task_group_decorator']) retrieved from /home/airflow/.local/lib/python3.7/site-packages/airflow/example_dags/example_task_group_decorator.py
[2023-11-12T19:57:01.712+0000] {logging_mixin.py:120} INFO - [2023-11-12T19:57:01.711+0000] {dag.py:2585} INFO - Sync 1 DAGs
[2023-11-12T19:57:01.805+0000] {logging_mixin.py:120} INFO - [2023-11-12T19:57:01.804+0000] {dag.py:3340} INFO - Setting next_dagrun for example_task_group_decorator to 2023-11-11T19:57:01.804533+00:00, run_after=2023-11-12T19:57:01.804533+00:00
[2023-11-12T19:57:01.865+0000] {processor.py:176} INFO - Processing /home/airflow/.local/lib/python3.7/site-packages/airflow/example_dags/example_task_group_decorator.py took 0.410 seconds
[2023-11-12T19:57:32.558+0000] {processor.py:154} INFO - Started process (PID=104) to work on /home/airflow/.local/lib/python3.7/site-packages/airflow/example_dags/example_task_group_decorator.py
[2023-11-12T19:57:32.559+0000] {processor.py:756} INFO - Processing file /home/airflow/.local/lib/python3.7/site-packages/airflow/example_dags/example_task_group_decorator.py for tasks to queue
[2023-11-12T19:57:32.560+0000] {logging_mixin.py:120} INFO - [2023-11-12T19:57:32.560+0000] {dagbag.py:537} INFO - Filling up the DagBag from /home/airflow/.local/lib/python3.7/site-packages/airflow/example_dags/example_task_group_decorator.py
[2023-11-12T19:57:32.599+0000] {processor.py:766} INFO - DAG(s) dict_keys(['example_task_group_decorator']) retrieved from /home/airflow/.local/lib/python3.7/site-packages/airflow/example_dags/example_task_group_decorator.py
[2023-11-12T19:57:32.650+0000] {logging_mixin.py:120} INFO - [2023-11-12T19:57:32.649+0000] {dag.py:2585} INFO - Sync 1 DAGs
[2023-11-12T19:57:32.680+0000] {logging_mixin.py:120} INFO - [2023-11-12T19:57:32.680+0000] {dag.py:3340} INFO - Setting next_dagrun for example_task_group_decorator to 2023-11-11T19:57:32.679908+00:00, run_after=2023-11-12T19:57:32.679908+00:00
[2023-11-12T19:57:32.709+0000] {processor.py:176} INFO - Processing /home/airflow/.local/lib/python3.7/site-packages/airflow/example_dags/example_task_group_decorator.py took 0.153 seconds
[2023-11-12T19:58:55.376+0000] {processor.py:154} INFO - Started process (PID=52) to work on /home/airflow/.local/lib/python3.7/site-packages/airflow/example_dags/example_task_group_decorator.py
[2023-11-12T19:58:55.406+0000] {processor.py:756} INFO - Processing file /home/airflow/.local/lib/python3.7/site-packages/airflow/example_dags/example_task_group_decorator.py for tasks to queue
[2023-11-12T19:58:55.407+0000] {logging_mixin.py:120} INFO - [2023-11-12T19:58:55.406+0000] {dagbag.py:537} INFO - Filling up the DagBag from /home/airflow/.local/lib/python3.7/site-packages/airflow/example_dags/example_task_group_decorator.py
[2023-11-12T19:58:55.556+0000] {processor.py:766} INFO - DAG(s) dict_keys(['example_task_group_decorator']) retrieved from /home/airflow/.local/lib/python3.7/site-packages/airflow/example_dags/example_task_group_decorator.py
[2023-11-12T19:58:55.829+0000] {logging_mixin.py:120} INFO - [2023-11-12T19:58:55.829+0000] {dag.py:2585} INFO - Sync 1 DAGs
[2023-11-12T19:58:55.955+0000] {logging_mixin.py:120} INFO - [2023-11-12T19:58:55.954+0000] {dag.py:3340} INFO - Setting next_dagrun for example_task_group_decorator to 2023-11-11T19:58:55.954709+00:00, run_after=2023-11-12T19:58:55.954709+00:00
[2023-11-12T19:58:56.061+0000] {processor.py:176} INFO - Processing /home/airflow/.local/lib/python3.7/site-packages/airflow/example_dags/example_task_group_decorator.py took 0.701 seconds
[2023-11-12T19:59:26.555+0000] {processor.py:154} INFO - Started process (PID=107) to work on /home/airflow/.local/lib/python3.7/site-packages/airflow/example_dags/example_task_group_decorator.py
[2023-11-12T19:59:26.556+0000] {processor.py:756} INFO - Processing file /home/airflow/.local/lib/python3.7/site-packages/airflow/example_dags/example_task_group_decorator.py for tasks to queue
[2023-11-12T19:59:26.556+0000] {logging_mixin.py:120} INFO - [2023-11-12T19:59:26.556+0000] {dagbag.py:537} INFO - Filling up the DagBag from /home/airflow/.local/lib/python3.7/site-packages/airflow/example_dags/example_task_group_decorator.py
[2023-11-12T19:59:26.599+0000] {processor.py:766} INFO - DAG(s) dict_keys(['example_task_group_decorator']) retrieved from /home/airflow/.local/lib/python3.7/site-packages/airflow/example_dags/example_task_group_decorator.py
[2023-11-12T19:59:26.648+0000] {logging_mixin.py:120} INFO - [2023-11-12T19:59:26.648+0000] {dag.py:2585} INFO - Sync 1 DAGs
[2023-11-12T19:59:26.696+0000] {logging_mixin.py:120} INFO - [2023-11-12T19:59:26.696+0000] {dag.py:3340} INFO - Setting next_dagrun for example_task_group_decorator to 2023-11-11T19:59:26.696508+00:00, run_after=2023-11-12T19:59:26.696508+00:00
[2023-11-12T19:59:26.726+0000] {processor.py:176} INFO - Processing /home/airflow/.local/lib/python3.7/site-packages/airflow/example_dags/example_task_group_decorator.py took 0.175 seconds
[2023-11-12T19:59:57.111+0000] {processor.py:154} INFO - Started process (PID=172) to work on /home/airflow/.local/lib/python3.7/site-packages/airflow/example_dags/example_task_group_decorator.py
[2023-11-12T19:59:57.125+0000] {processor.py:756} INFO - Processing file /home/airflow/.local/lib/python3.7/site-packages/airflow/example_dags/example_task_group_decorator.py for tasks to queue
[2023-11-12T19:59:57.125+0000] {logging_mixin.py:120} INFO - [2023-11-12T19:59:57.125+0000] {dagbag.py:537} INFO - Filling up the DagBag from /home/airflow/.local/lib/python3.7/site-packages/airflow/example_dags/example_task_group_decorator.py
[2023-11-12T19:59:57.225+0000] {processor.py:766} INFO - DAG(s) dict_keys(['example_task_group_decorator']) retrieved from /home/airflow/.local/lib/python3.7/site-packages/airflow/example_dags/example_task_group_decorator.py
[2023-11-12T19:59:57.409+0000] {logging_mixin.py:120} INFO - [2023-11-12T19:59:57.409+0000] {dag.py:2585} INFO - Sync 1 DAGs
[2023-11-12T19:59:57.472+0000] {logging_mixin.py:120} INFO - [2023-11-12T19:59:57.472+0000] {dag.py:3340} INFO - Setting next_dagrun for example_task_group_decorator to 2023-11-11T19:59:57.472000+00:00, run_after=2023-11-12T19:59:57.472000+00:00
[2023-11-12T19:59:57.553+0000] {processor.py:176} INFO - Processing /home/airflow/.local/lib/python3.7/site-packages/airflow/example_dags/example_task_group_decorator.py took 0.450 seconds
[2023-11-12T20:00:27.845+0000] {processor.py:154} INFO - Started process (PID=226) to work on /home/airflow/.local/lib/python3.7/site-packages/airflow/example_dags/example_task_group_decorator.py
[2023-11-12T20:00:27.846+0000] {processor.py:756} INFO - Processing file /home/airflow/.local/lib/python3.7/site-packages/airflow/example_dags/example_task_group_decorator.py for tasks to queue
[2023-11-12T20:00:27.846+0000] {logging_mixin.py:120} INFO - [2023-11-12T20:00:27.846+0000] {dagbag.py:537} INFO - Filling up the DagBag from /home/airflow/.local/lib/python3.7/site-packages/airflow/example_dags/example_task_group_decorator.py
[2023-11-12T20:00:27.881+0000] {processor.py:766} INFO - DAG(s) dict_keys(['example_task_group_decorator']) retrieved from /home/airflow/.local/lib/python3.7/site-packages/airflow/example_dags/example_task_group_decorator.py
[2023-11-12T20:00:27.937+0000] {logging_mixin.py:120} INFO - [2023-11-12T20:00:27.937+0000] {dag.py:2585} INFO - Sync 1 DAGs
[2023-11-12T20:00:27.972+0000] {logging_mixin.py:120} INFO - [2023-11-12T20:00:27.971+0000] {dag.py:3340} INFO - Setting next_dagrun for example_task_group_decorator to 2023-11-11T20:00:27.971654+00:00, run_after=2023-11-12T20:00:27.971654+00:00
[2023-11-12T20:00:28.002+0000] {processor.py:176} INFO - Processing /home/airflow/.local/lib/python3.7/site-packages/airflow/example_dags/example_task_group_decorator.py took 0.162 seconds
[2023-11-12T20:00:58.606+0000] {processor.py:154} INFO - Started process (PID=289) to work on /home/airflow/.local/lib/python3.7/site-packages/airflow/example_dags/example_task_group_decorator.py
[2023-11-12T20:00:58.606+0000] {processor.py:756} INFO - Processing file /home/airflow/.local/lib/python3.7/site-packages/airflow/example_dags/example_task_group_decorator.py for tasks to queue
[2023-11-12T20:00:58.607+0000] {logging_mixin.py:120} INFO - [2023-11-12T20:00:58.607+0000] {dagbag.py:537} INFO - Filling up the DagBag from /home/airflow/.local/lib/python3.7/site-packages/airflow/example_dags/example_task_group_decorator.py
[2023-11-12T20:00:58.644+0000] {processor.py:766} INFO - DAG(s) dict_keys(['example_task_group_decorator']) retrieved from /home/airflow/.local/lib/python3.7/site-packages/airflow/example_dags/example_task_group_decorator.py
[2023-11-12T20:00:58.697+0000] {logging_mixin.py:120} INFO - [2023-11-12T20:00:58.697+0000] {dag.py:2585} INFO - Sync 1 DAGs
[2023-11-12T20:00:58.728+0000] {logging_mixin.py:120} INFO - [2023-11-12T20:00:58.728+0000] {dag.py:3340} INFO - Setting next_dagrun for example_task_group_decorator to 2023-11-11T20:00:58.727957+00:00, run_after=2023-11-12T20:00:58.727957+00:00
[2023-11-12T20:00:58.755+0000] {processor.py:176} INFO - Processing /home/airflow/.local/lib/python3.7/site-packages/airflow/example_dags/example_task_group_decorator.py took 0.164 seconds
[2023-11-12T20:01:28.991+0000] {processor.py:154} INFO - Started process (PID=352) to work on /home/airflow/.local/lib/python3.7/site-packages/airflow/example_dags/example_task_group_decorator.py
[2023-11-12T20:01:28.992+0000] {processor.py:756} INFO - Processing file /home/airflow/.local/lib/python3.7/site-packages/airflow/example_dags/example_task_group_decorator.py for tasks to queue
[2023-11-12T20:01:28.992+0000] {logging_mixin.py:120} INFO - [2023-11-12T20:01:28.992+0000] {dagbag.py:537} INFO - Filling up the DagBag from /home/airflow/.local/lib/python3.7/site-packages/airflow/example_dags/example_task_group_decorator.py
[2023-11-12T20:01:29.028+0000] {processor.py:766} INFO - DAG(s) dict_keys(['example_task_group_decorator']) retrieved from /home/airflow/.local/lib/python3.7/site-packages/airflow/example_dags/example_task_group_decorator.py
[2023-11-12T20:01:29.076+0000] {logging_mixin.py:120} INFO - [2023-11-12T20:01:29.076+0000] {dag.py:2585} INFO - Sync 1 DAGs
[2023-11-12T20:01:29.108+0000] {logging_mixin.py:120} INFO - [2023-11-12T20:01:29.107+0000] {dag.py:3340} INFO - Setting next_dagrun for example_task_group_decorator to 2023-11-11T20:01:29.107694+00:00, run_after=2023-11-12T20:01:29.107694+00:00
[2023-11-12T20:01:29.136+0000] {processor.py:176} INFO - Processing /home/airflow/.local/lib/python3.7/site-packages/airflow/example_dags/example_task_group_decorator.py took 0.148 seconds
[2023-11-12T20:01:59.874+0000] {processor.py:154} INFO - Started process (PID=406) to work on /home/airflow/.local/lib/python3.7/site-packages/airflow/example_dags/example_task_group_decorator.py
[2023-11-12T20:01:59.875+0000] {processor.py:756} INFO - Processing file /home/airflow/.local/lib/python3.7/site-packages/airflow/example_dags/example_task_group_decorator.py for tasks to queue
[2023-11-12T20:01:59.876+0000] {logging_mixin.py:120} INFO - [2023-11-12T20:01:59.875+0000] {dagbag.py:537} INFO - Filling up the DagBag from /home/airflow/.local/lib/python3.7/site-packages/airflow/example_dags/example_task_group_decorator.py
[2023-11-12T20:01:59.911+0000] {processor.py:766} INFO - DAG(s) dict_keys(['example_task_group_decorator']) retrieved from /home/airflow/.local/lib/python3.7/site-packages/airflow/example_dags/example_task_group_decorator.py
[2023-11-12T20:01:59.963+0000] {logging_mixin.py:120} INFO - [2023-11-12T20:01:59.963+0000] {dag.py:2585} INFO - Sync 1 DAGs
[2023-11-12T20:01:59.999+0000] {logging_mixin.py:120} INFO - [2023-11-12T20:01:59.999+0000] {dag.py:3340} INFO - Setting next_dagrun for example_task_group_decorator to 2023-11-11T20:01:59.998834+00:00, run_after=2023-11-12T20:01:59.998834+00:00
[2023-11-12T20:02:00.043+0000] {processor.py:176} INFO - Processing /home/airflow/.local/lib/python3.7/site-packages/airflow/example_dags/example_task_group_decorator.py took 0.172 seconds
[2023-11-12T20:02:30.502+0000] {processor.py:154} INFO - Started process (PID=469) to work on /home/airflow/.local/lib/python3.7/site-packages/airflow/example_dags/example_task_group_decorator.py
[2023-11-12T20:02:30.503+0000] {processor.py:756} INFO - Processing file /home/airflow/.local/lib/python3.7/site-packages/airflow/example_dags/example_task_group_decorator.py for tasks to queue
[2023-11-12T20:02:30.504+0000] {logging_mixin.py:120} INFO - [2023-11-12T20:02:30.504+0000] {dagbag.py:537} INFO - Filling up the DagBag from /home/airflow/.local/lib/python3.7/site-packages/airflow/example_dags/example_task_group_decorator.py
[2023-11-12T20:02:30.543+0000] {processor.py:766} INFO - DAG(s) dict_keys(['example_task_group_decorator']) retrieved from /home/airflow/.local/lib/python3.7/site-packages/airflow/example_dags/example_task_group_decorator.py
[2023-11-12T20:02:30.598+0000] {logging_mixin.py:120} INFO - [2023-11-12T20:02:30.598+0000] {dag.py:2585} INFO - Sync 1 DAGs
[2023-11-12T20:02:30.629+0000] {logging_mixin.py:120} INFO - [2023-11-12T20:02:30.629+0000] {dag.py:3340} INFO - Setting next_dagrun for example_task_group_decorator to 2023-11-11T20:02:30.628963+00:00, run_after=2023-11-12T20:02:30.628963+00:00
[2023-11-12T20:02:30.660+0000] {processor.py:176} INFO - Processing /home/airflow/.local/lib/python3.7/site-packages/airflow/example_dags/example_task_group_decorator.py took 0.161 seconds
[2023-11-12T20:03:01.214+0000] {processor.py:154} INFO - Started process (PID=533) to work on /home/airflow/.local/lib/python3.7/site-packages/airflow/example_dags/example_task_group_decorator.py
[2023-11-12T20:03:01.215+0000] {processor.py:756} INFO - Processing file /home/airflow/.local/lib/python3.7/site-packages/airflow/example_dags/example_task_group_decorator.py for tasks to queue
[2023-11-12T20:03:01.215+0000] {logging_mixin.py:120} INFO - [2023-11-12T20:03:01.215+0000] {dagbag.py:537} INFO - Filling up the DagBag from /home/airflow/.local/lib/python3.7/site-packages/airflow/example_dags/example_task_group_decorator.py
[2023-11-12T20:03:01.261+0000] {processor.py:766} INFO - DAG(s) dict_keys(['example_task_group_decorator']) retrieved from /home/airflow/.local/lib/python3.7/site-packages/airflow/example_dags/example_task_group_decorator.py
[2023-11-12T20:03:01.314+0000] {logging_mixin.py:120} INFO - [2023-11-12T20:03:01.314+0000] {dag.py:2585} INFO - Sync 1 DAGs
[2023-11-12T20:03:01.347+0000] {logging_mixin.py:120} INFO - [2023-11-12T20:03:01.347+0000] {dag.py:3340} INFO - Setting next_dagrun for example_task_group_decorator to 2023-11-11T20:03:01.346899+00:00, run_after=2023-11-12T20:03:01.346899+00:00
[2023-11-12T20:03:01.371+0000] {processor.py:176} INFO - Processing /home/airflow/.local/lib/python3.7/site-packages/airflow/example_dags/example_task_group_decorator.py took 0.160 seconds
[2023-11-12T20:03:31.732+0000] {processor.py:154} INFO - Started process (PID=588) to work on /home/airflow/.local/lib/python3.7/site-packages/airflow/example_dags/example_task_group_decorator.py
[2023-11-12T20:03:31.735+0000] {processor.py:756} INFO - Processing file /home/airflow/.local/lib/python3.7/site-packages/airflow/example_dags/example_task_group_decorator.py for tasks to queue
[2023-11-12T20:03:31.738+0000] {logging_mixin.py:120} INFO - [2023-11-12T20:03:31.738+0000] {dagbag.py:537} INFO - Filling up the DagBag from /home/airflow/.local/lib/python3.7/site-packages/airflow/example_dags/example_task_group_decorator.py
[2023-11-12T20:03:31.829+0000] {processor.py:766} INFO - DAG(s) dict_keys(['example_task_group_decorator']) retrieved from /home/airflow/.local/lib/python3.7/site-packages/airflow/example_dags/example_task_group_decorator.py
[2023-11-12T20:03:31.937+0000] {logging_mixin.py:120} INFO - [2023-11-12T20:03:31.937+0000] {dag.py:2585} INFO - Sync 1 DAGs
[2023-11-12T20:03:31.979+0000] {logging_mixin.py:120} INFO - [2023-11-12T20:03:31.979+0000] {dag.py:3340} INFO - Setting next_dagrun for example_task_group_decorator to 2023-11-11T20:03:31.979216+00:00, run_after=2023-11-12T20:03:31.979216+00:00
[2023-11-12T20:03:32.014+0000] {processor.py:176} INFO - Processing /home/airflow/.local/lib/python3.7/site-packages/airflow/example_dags/example_task_group_decorator.py took 0.291 seconds
[2023-11-12T20:04:02.113+0000] {processor.py:154} INFO - Started process (PID=652) to work on /home/airflow/.local/lib/python3.7/site-packages/airflow/example_dags/example_task_group_decorator.py
[2023-11-12T20:04:02.114+0000] {processor.py:756} INFO - Processing file /home/airflow/.local/lib/python3.7/site-packages/airflow/example_dags/example_task_group_decorator.py for tasks to queue
[2023-11-12T20:04:02.114+0000] {logging_mixin.py:120} INFO - [2023-11-12T20:04:02.114+0000] {dagbag.py:537} INFO - Filling up the DagBag from /home/airflow/.local/lib/python3.7/site-packages/airflow/example_dags/example_task_group_decorator.py
[2023-11-12T20:04:02.222+0000] {processor.py:766} INFO - DAG(s) dict_keys(['example_task_group_decorator']) retrieved from /home/airflow/.local/lib/python3.7/site-packages/airflow/example_dags/example_task_group_decorator.py
[2023-11-12T20:04:02.405+0000] {logging_mixin.py:120} INFO - [2023-11-12T20:04:02.405+0000] {dag.py:2585} INFO - Sync 1 DAGs
[2023-11-12T20:04:02.462+0000] {logging_mixin.py:120} INFO - [2023-11-12T20:04:02.461+0000] {dag.py:3340} INFO - Setting next_dagrun for example_task_group_decorator to 2023-11-11T20:04:02.461585+00:00, run_after=2023-11-12T20:04:02.461585+00:00
[2023-11-12T20:04:02.525+0000] {processor.py:176} INFO - Processing /home/airflow/.local/lib/python3.7/site-packages/airflow/example_dags/example_task_group_decorator.py took 0.433 seconds
[2023-11-12T20:04:33.055+0000] {processor.py:154} INFO - Started process (PID=716) to work on /home/airflow/.local/lib/python3.7/site-packages/airflow/example_dags/example_task_group_decorator.py
[2023-11-12T20:04:33.055+0000] {processor.py:756} INFO - Processing file /home/airflow/.local/lib/python3.7/site-packages/airflow/example_dags/example_task_group_decorator.py for tasks to queue
[2023-11-12T20:04:33.056+0000] {logging_mixin.py:120} INFO - [2023-11-12T20:04:33.056+0000] {dagbag.py:537} INFO - Filling up the DagBag from /home/airflow/.local/lib/python3.7/site-packages/airflow/example_dags/example_task_group_decorator.py
[2023-11-12T20:04:33.124+0000] {processor.py:766} INFO - DAG(s) dict_keys(['example_task_group_decorator']) retrieved from /home/airflow/.local/lib/python3.7/site-packages/airflow/example_dags/example_task_group_decorator.py
[2023-11-12T20:04:33.268+0000] {logging_mixin.py:120} INFO - [2023-11-12T20:04:33.268+0000] {dag.py:2585} INFO - Sync 1 DAGs
[2023-11-12T20:04:33.296+0000] {logging_mixin.py:120} INFO - [2023-11-12T20:04:33.296+0000] {dag.py:3340} INFO - Setting next_dagrun for example_task_group_decorator to 2023-11-11T20:04:33.296458+00:00, run_after=2023-11-12T20:04:33.296458+00:00
[2023-11-12T20:04:33.337+0000] {processor.py:176} INFO - Processing /home/airflow/.local/lib/python3.7/site-packages/airflow/example_dags/example_task_group_decorator.py took 0.285 seconds
[2023-11-12T20:05:04.244+0000] {processor.py:154} INFO - Started process (PID=778) to work on /home/airflow/.local/lib/python3.7/site-packages/airflow/example_dags/example_task_group_decorator.py
[2023-11-12T20:05:04.262+0000] {processor.py:756} INFO - Processing file /home/airflow/.local/lib/python3.7/site-packages/airflow/example_dags/example_task_group_decorator.py for tasks to queue
[2023-11-12T20:05:04.266+0000] {logging_mixin.py:120} INFO - [2023-11-12T20:05:04.266+0000] {dagbag.py:537} INFO - Filling up the DagBag from /home/airflow/.local/lib/python3.7/site-packages/airflow/example_dags/example_task_group_decorator.py
[2023-11-12T20:05:04.504+0000] {processor.py:766} INFO - DAG(s) dict_keys(['example_task_group_decorator']) retrieved from /home/airflow/.local/lib/python3.7/site-packages/airflow/example_dags/example_task_group_decorator.py
[2023-11-12T20:05:04.898+0000] {logging_mixin.py:120} INFO - [2023-11-12T20:05:04.898+0000] {dag.py:2585} INFO - Sync 1 DAGs
[2023-11-12T20:05:05.055+0000] {logging_mixin.py:120} INFO - [2023-11-12T20:05:05.054+0000] {dag.py:3340} INFO - Setting next_dagrun for example_task_group_decorator to 2023-11-11T20:05:05.054605+00:00, run_after=2023-11-12T20:05:05.054605+00:00
[2023-11-12T20:05:05.205+0000] {processor.py:176} INFO - Processing /home/airflow/.local/lib/python3.7/site-packages/airflow/example_dags/example_task_group_decorator.py took 0.965 seconds
[2023-11-12T20:05:35.620+0000] {processor.py:154} INFO - Started process (PID=833) to work on /home/airflow/.local/lib/python3.7/site-packages/airflow/example_dags/example_task_group_decorator.py
[2023-11-12T20:05:35.621+0000] {processor.py:756} INFO - Processing file /home/airflow/.local/lib/python3.7/site-packages/airflow/example_dags/example_task_group_decorator.py for tasks to queue
[2023-11-12T20:05:35.622+0000] {logging_mixin.py:120} INFO - [2023-11-12T20:05:35.622+0000] {dagbag.py:537} INFO - Filling up the DagBag from /home/airflow/.local/lib/python3.7/site-packages/airflow/example_dags/example_task_group_decorator.py
[2023-11-12T20:05:35.664+0000] {processor.py:766} INFO - DAG(s) dict_keys(['example_task_group_decorator']) retrieved from /home/airflow/.local/lib/python3.7/site-packages/airflow/example_dags/example_task_group_decorator.py
[2023-11-12T20:05:35.724+0000] {logging_mixin.py:120} INFO - [2023-11-12T20:05:35.723+0000] {dag.py:2585} INFO - Sync 1 DAGs
[2023-11-12T20:05:35.756+0000] {logging_mixin.py:120} INFO - [2023-11-12T20:05:35.756+0000] {dag.py:3340} INFO - Setting next_dagrun for example_task_group_decorator to 2023-11-11T20:05:35.756012+00:00, run_after=2023-11-12T20:05:35.756012+00:00
[2023-11-12T20:05:35.780+0000] {processor.py:176} INFO - Processing /home/airflow/.local/lib/python3.7/site-packages/airflow/example_dags/example_task_group_decorator.py took 0.163 seconds
[2023-11-12T20:06:06.792+0000] {processor.py:154} INFO - Started process (PID=893) to work on /home/airflow/.local/lib/python3.7/site-packages/airflow/example_dags/example_task_group_decorator.py
[2023-11-12T20:06:06.795+0000] {processor.py:756} INFO - Processing file /home/airflow/.local/lib/python3.7/site-packages/airflow/example_dags/example_task_group_decorator.py for tasks to queue
[2023-11-12T20:06:06.796+0000] {logging_mixin.py:120} INFO - [2023-11-12T20:06:06.796+0000] {dagbag.py:537} INFO - Filling up the DagBag from /home/airflow/.local/lib/python3.7/site-packages/airflow/example_dags/example_task_group_decorator.py
[2023-11-12T20:06:06.929+0000] {processor.py:766} INFO - DAG(s) dict_keys(['example_task_group_decorator']) retrieved from /home/airflow/.local/lib/python3.7/site-packages/airflow/example_dags/example_task_group_decorator.py
[2023-11-12T20:06:07.085+0000] {logging_mixin.py:120} INFO - [2023-11-12T20:06:07.084+0000] {dag.py:2585} INFO - Sync 1 DAGs
[2023-11-12T20:06:07.266+0000] {logging_mixin.py:120} INFO - [2023-11-12T20:06:07.266+0000] {dag.py:3340} INFO - Setting next_dagrun for example_task_group_decorator to 2023-11-11T20:06:07.266152+00:00, run_after=2023-11-12T20:06:07.266152+00:00
[2023-11-12T20:06:07.403+0000] {processor.py:176} INFO - Processing /home/airflow/.local/lib/python3.7/site-packages/airflow/example_dags/example_task_group_decorator.py took 0.635 seconds
[2023-11-12T20:06:38.195+0000] {processor.py:154} INFO - Started process (PID=949) to work on /home/airflow/.local/lib/python3.7/site-packages/airflow/example_dags/example_task_group_decorator.py
[2023-11-12T20:06:38.196+0000] {processor.py:756} INFO - Processing file /home/airflow/.local/lib/python3.7/site-packages/airflow/example_dags/example_task_group_decorator.py for tasks to queue
[2023-11-12T20:06:38.196+0000] {logging_mixin.py:120} INFO - [2023-11-12T20:06:38.196+0000] {dagbag.py:537} INFO - Filling up the DagBag from /home/airflow/.local/lib/python3.7/site-packages/airflow/example_dags/example_task_group_decorator.py
[2023-11-12T20:06:38.263+0000] {processor.py:766} INFO - DAG(s) dict_keys(['example_task_group_decorator']) retrieved from /home/airflow/.local/lib/python3.7/site-packages/airflow/example_dags/example_task_group_decorator.py
[2023-11-12T20:06:38.335+0000] {logging_mixin.py:120} INFO - [2023-11-12T20:06:38.334+0000] {dag.py:2585} INFO - Sync 1 DAGs
[2023-11-12T20:06:38.413+0000] {logging_mixin.py:120} INFO - [2023-11-12T20:06:38.413+0000] {dag.py:3340} INFO - Setting next_dagrun for example_task_group_decorator to 2023-11-11T20:06:38.412615+00:00, run_after=2023-11-12T20:06:38.412615+00:00
[2023-11-12T20:06:38.458+0000] {processor.py:176} INFO - Processing /home/airflow/.local/lib/python3.7/site-packages/airflow/example_dags/example_task_group_decorator.py took 0.269 seconds
