[2023-11-12T19:53:07.008+0000] {processor.py:154} INFO - Started process (PID=56) to work on /home/airflow/.local/lib/python3.7/site-packages/airflow/example_dags/example_skip_dag.py
[2023-11-12T19:53:07.009+0000] {processor.py:756} INFO - Processing file /home/airflow/.local/lib/python3.7/site-packages/airflow/example_dags/example_skip_dag.py for tasks to queue
[2023-11-12T19:53:07.022+0000] {logging_mixin.py:120} INFO - [2023-11-12T19:53:07.022+0000] {dagbag.py:537} INFO - Filling up the DagBag from /home/airflow/.local/lib/python3.7/site-packages/airflow/example_dags/example_skip_dag.py
[2023-11-12T19:53:07.075+0000] {processor.py:766} INFO - DAG(s) dict_keys(['example_skip_dag']) retrieved from /home/airflow/.local/lib/python3.7/site-packages/airflow/example_dags/example_skip_dag.py
[2023-11-12T19:53:07.754+0000] {logging_mixin.py:120} INFO - [2023-11-12T19:53:07.754+0000] {manager.py:507} INFO - Created Permission View: can edit on DAG:example_skip_dag
[2023-11-12T19:53:07.789+0000] {logging_mixin.py:120} INFO - [2023-11-12T19:53:07.788+0000] {manager.py:507} INFO - Created Permission View: can delete on DAG:example_skip_dag
[2023-11-12T19:53:07.812+0000] {logging_mixin.py:120} INFO - [2023-11-12T19:53:07.812+0000] {manager.py:507} INFO - Created Permission View: can read on DAG:example_skip_dag
[2023-11-12T19:53:07.812+0000] {logging_mixin.py:120} INFO - [2023-11-12T19:53:07.812+0000] {dag.py:2585} INFO - Sync 1 DAGs
[2023-11-12T19:53:07.857+0000] {logging_mixin.py:120} INFO - [2023-11-12T19:53:07.857+0000] {dag.py:2606} INFO - Creating ORM DAG for example_skip_dag
[2023-11-12T19:53:07.910+0000] {logging_mixin.py:120} INFO - [2023-11-12T19:53:07.910+0000] {dag.py:3340} INFO - Setting next_dagrun for example_skip_dag to 2023-11-11T19:53:07.910077+00:00, run_after=2023-11-12T19:53:07.910077+00:00
[2023-11-12T19:53:07.985+0000] {processor.py:176} INFO - Processing /home/airflow/.local/lib/python3.7/site-packages/airflow/example_dags/example_skip_dag.py took 0.992 seconds
[2023-11-12T19:53:38.941+0000] {processor.py:154} INFO - Started process (PID=110) to work on /home/airflow/.local/lib/python3.7/site-packages/airflow/example_dags/example_skip_dag.py
[2023-11-12T19:53:38.943+0000] {processor.py:756} INFO - Processing file /home/airflow/.local/lib/python3.7/site-packages/airflow/example_dags/example_skip_dag.py for tasks to queue
[2023-11-12T19:53:38.944+0000] {logging_mixin.py:120} INFO - [2023-11-12T19:53:38.943+0000] {dagbag.py:537} INFO - Filling up the DagBag from /home/airflow/.local/lib/python3.7/site-packages/airflow/example_dags/example_skip_dag.py
[2023-11-12T19:53:38.961+0000] {processor.py:766} INFO - DAG(s) dict_keys(['example_skip_dag']) retrieved from /home/airflow/.local/lib/python3.7/site-packages/airflow/example_dags/example_skip_dag.py
[2023-11-12T19:53:39.014+0000] {logging_mixin.py:120} INFO - [2023-11-12T19:53:39.014+0000] {dag.py:2585} INFO - Sync 1 DAGs
[2023-11-12T19:53:39.045+0000] {logging_mixin.py:120} INFO - [2023-11-12T19:53:39.045+0000] {dag.py:3340} INFO - Setting next_dagrun for example_skip_dag to 2023-11-11T19:53:39.044866+00:00, run_after=2023-11-12T19:53:39.044866+00:00
[2023-11-12T19:53:39.072+0000] {processor.py:176} INFO - Processing /home/airflow/.local/lib/python3.7/site-packages/airflow/example_dags/example_skip_dag.py took 0.135 seconds
[2023-11-12T19:54:09.589+0000] {processor.py:154} INFO - Started process (PID=173) to work on /home/airflow/.local/lib/python3.7/site-packages/airflow/example_dags/example_skip_dag.py
[2023-11-12T19:54:09.590+0000] {processor.py:756} INFO - Processing file /home/airflow/.local/lib/python3.7/site-packages/airflow/example_dags/example_skip_dag.py for tasks to queue
[2023-11-12T19:54:09.591+0000] {logging_mixin.py:120} INFO - [2023-11-12T19:54:09.591+0000] {dagbag.py:537} INFO - Filling up the DagBag from /home/airflow/.local/lib/python3.7/site-packages/airflow/example_dags/example_skip_dag.py
[2023-11-12T19:54:09.618+0000] {processor.py:766} INFO - DAG(s) dict_keys(['example_skip_dag']) retrieved from /home/airflow/.local/lib/python3.7/site-packages/airflow/example_dags/example_skip_dag.py
[2023-11-12T19:54:09.799+0000] {logging_mixin.py:120} INFO - [2023-11-12T19:54:09.799+0000] {dag.py:2585} INFO - Sync 1 DAGs
[2023-11-12T19:54:09.855+0000] {logging_mixin.py:120} INFO - [2023-11-12T19:54:09.855+0000] {dag.py:3340} INFO - Setting next_dagrun for example_skip_dag to 2023-11-11T19:54:09.854762+00:00, run_after=2023-11-12T19:54:09.854762+00:00
[2023-11-12T19:54:09.886+0000] {processor.py:176} INFO - Processing /home/airflow/.local/lib/python3.7/site-packages/airflow/example_dags/example_skip_dag.py took 0.312 seconds
[2023-11-12T19:57:02.849+0000] {processor.py:154} INFO - Started process (PID=55) to work on /home/airflow/.local/lib/python3.7/site-packages/airflow/example_dags/example_skip_dag.py
[2023-11-12T19:57:02.853+0000] {processor.py:756} INFO - Processing file /home/airflow/.local/lib/python3.7/site-packages/airflow/example_dags/example_skip_dag.py for tasks to queue
[2023-11-12T19:57:02.854+0000] {logging_mixin.py:120} INFO - [2023-11-12T19:57:02.853+0000] {dagbag.py:537} INFO - Filling up the DagBag from /home/airflow/.local/lib/python3.7/site-packages/airflow/example_dags/example_skip_dag.py
[2023-11-12T19:57:02.890+0000] {processor.py:766} INFO - DAG(s) dict_keys(['example_skip_dag']) retrieved from /home/airflow/.local/lib/python3.7/site-packages/airflow/example_dags/example_skip_dag.py
[2023-11-12T19:57:02.977+0000] {logging_mixin.py:120} INFO - [2023-11-12T19:57:02.976+0000] {dag.py:2585} INFO - Sync 1 DAGs
[2023-11-12T19:57:03.042+0000] {logging_mixin.py:120} INFO - [2023-11-12T19:57:03.042+0000] {dag.py:3340} INFO - Setting next_dagrun for example_skip_dag to 2023-11-11T19:57:03.042292+00:00, run_after=2023-11-12T19:57:03.042292+00:00
[2023-11-12T19:57:03.125+0000] {processor.py:176} INFO - Processing /home/airflow/.local/lib/python3.7/site-packages/airflow/example_dags/example_skip_dag.py took 0.279 seconds
[2023-11-12T19:57:33.964+0000] {processor.py:154} INFO - Started process (PID=109) to work on /home/airflow/.local/lib/python3.7/site-packages/airflow/example_dags/example_skip_dag.py
[2023-11-12T19:57:33.968+0000] {processor.py:756} INFO - Processing file /home/airflow/.local/lib/python3.7/site-packages/airflow/example_dags/example_skip_dag.py for tasks to queue
[2023-11-12T19:57:33.969+0000] {logging_mixin.py:120} INFO - [2023-11-12T19:57:33.969+0000] {dagbag.py:537} INFO - Filling up the DagBag from /home/airflow/.local/lib/python3.7/site-packages/airflow/example_dags/example_skip_dag.py
[2023-11-12T19:57:34.023+0000] {processor.py:766} INFO - DAG(s) dict_keys(['example_skip_dag']) retrieved from /home/airflow/.local/lib/python3.7/site-packages/airflow/example_dags/example_skip_dag.py
[2023-11-12T19:57:34.177+0000] {logging_mixin.py:120} INFO - [2023-11-12T19:57:34.176+0000] {dag.py:2585} INFO - Sync 1 DAGs
[2023-11-12T19:57:34.233+0000] {logging_mixin.py:120} INFO - [2023-11-12T19:57:34.233+0000] {dag.py:3340} INFO - Setting next_dagrun for example_skip_dag to 2023-11-11T19:57:34.232781+00:00, run_after=2023-11-12T19:57:34.232781+00:00
[2023-11-12T19:57:34.321+0000] {processor.py:176} INFO - Processing /home/airflow/.local/lib/python3.7/site-packages/airflow/example_dags/example_skip_dag.py took 0.360 seconds
[2023-11-12T19:58:57.606+0000] {processor.py:154} INFO - Started process (PID=57) to work on /home/airflow/.local/lib/python3.7/site-packages/airflow/example_dags/example_skip_dag.py
[2023-11-12T19:58:57.623+0000] {processor.py:756} INFO - Processing file /home/airflow/.local/lib/python3.7/site-packages/airflow/example_dags/example_skip_dag.py for tasks to queue
[2023-11-12T19:58:57.626+0000] {logging_mixin.py:120} INFO - [2023-11-12T19:58:57.626+0000] {dagbag.py:537} INFO - Filling up the DagBag from /home/airflow/.local/lib/python3.7/site-packages/airflow/example_dags/example_skip_dag.py
[2023-11-12T19:58:57.704+0000] {processor.py:766} INFO - DAG(s) dict_keys(['example_skip_dag']) retrieved from /home/airflow/.local/lib/python3.7/site-packages/airflow/example_dags/example_skip_dag.py
[2023-11-12T19:58:57.861+0000] {logging_mixin.py:120} INFO - [2023-11-12T19:58:57.860+0000] {dag.py:2585} INFO - Sync 1 DAGs
[2023-11-12T19:58:57.953+0000] {logging_mixin.py:120} INFO - [2023-11-12T19:58:57.953+0000] {dag.py:3340} INFO - Setting next_dagrun for example_skip_dag to 2023-11-11T19:58:57.953080+00:00, run_after=2023-11-12T19:58:57.953080+00:00
[2023-11-12T19:58:58.021+0000] {processor.py:176} INFO - Processing /home/airflow/.local/lib/python3.7/site-packages/airflow/example_dags/example_skip_dag.py took 0.418 seconds
[2023-11-12T19:59:28.178+0000] {processor.py:154} INFO - Started process (PID=112) to work on /home/airflow/.local/lib/python3.7/site-packages/airflow/example_dags/example_skip_dag.py
[2023-11-12T19:59:28.179+0000] {processor.py:756} INFO - Processing file /home/airflow/.local/lib/python3.7/site-packages/airflow/example_dags/example_skip_dag.py for tasks to queue
[2023-11-12T19:59:28.179+0000] {logging_mixin.py:120} INFO - [2023-11-12T19:59:28.179+0000] {dagbag.py:537} INFO - Filling up the DagBag from /home/airflow/.local/lib/python3.7/site-packages/airflow/example_dags/example_skip_dag.py
[2023-11-12T19:59:28.198+0000] {processor.py:766} INFO - DAG(s) dict_keys(['example_skip_dag']) retrieved from /home/airflow/.local/lib/python3.7/site-packages/airflow/example_dags/example_skip_dag.py
[2023-11-12T19:59:28.271+0000] {logging_mixin.py:120} INFO - [2023-11-12T19:59:28.270+0000] {dag.py:2585} INFO - Sync 1 DAGs
[2023-11-12T19:59:28.316+0000] {logging_mixin.py:120} INFO - [2023-11-12T19:59:28.316+0000] {dag.py:3340} INFO - Setting next_dagrun for example_skip_dag to 2023-11-11T19:59:28.316321+00:00, run_after=2023-11-12T19:59:28.316321+00:00
[2023-11-12T19:59:28.345+0000] {processor.py:176} INFO - Processing /home/airflow/.local/lib/python3.7/site-packages/airflow/example_dags/example_skip_dag.py took 0.170 seconds
[2023-11-12T19:59:58.612+0000] {processor.py:154} INFO - Started process (PID=177) to work on /home/airflow/.local/lib/python3.7/site-packages/airflow/example_dags/example_skip_dag.py
[2023-11-12T19:59:58.612+0000] {processor.py:756} INFO - Processing file /home/airflow/.local/lib/python3.7/site-packages/airflow/example_dags/example_skip_dag.py for tasks to queue
[2023-11-12T19:59:58.617+0000] {logging_mixin.py:120} INFO - [2023-11-12T19:59:58.616+0000] {dagbag.py:537} INFO - Filling up the DagBag from /home/airflow/.local/lib/python3.7/site-packages/airflow/example_dags/example_skip_dag.py
[2023-11-12T19:59:58.651+0000] {processor.py:766} INFO - DAG(s) dict_keys(['example_skip_dag']) retrieved from /home/airflow/.local/lib/python3.7/site-packages/airflow/example_dags/example_skip_dag.py
[2023-11-12T19:59:58.766+0000] {logging_mixin.py:120} INFO - [2023-11-12T19:59:58.766+0000] {dag.py:2585} INFO - Sync 1 DAGs
[2023-11-12T19:59:58.861+0000] {logging_mixin.py:120} INFO - [2023-11-12T19:59:58.861+0000] {dag.py:3340} INFO - Setting next_dagrun for example_skip_dag to 2023-11-11T19:59:58.861472+00:00, run_after=2023-11-12T19:59:58.861472+00:00
[2023-11-12T19:59:58.921+0000] {processor.py:176} INFO - Processing /home/airflow/.local/lib/python3.7/site-packages/airflow/example_dags/example_skip_dag.py took 0.330 seconds
[2023-11-12T20:00:29.228+0000] {processor.py:154} INFO - Started process (PID=230) to work on /home/airflow/.local/lib/python3.7/site-packages/airflow/example_dags/example_skip_dag.py
[2023-11-12T20:00:29.229+0000] {processor.py:756} INFO - Processing file /home/airflow/.local/lib/python3.7/site-packages/airflow/example_dags/example_skip_dag.py for tasks to queue
[2023-11-12T20:00:29.230+0000] {logging_mixin.py:120} INFO - [2023-11-12T20:00:29.230+0000] {dagbag.py:537} INFO - Filling up the DagBag from /home/airflow/.local/lib/python3.7/site-packages/airflow/example_dags/example_skip_dag.py
[2023-11-12T20:00:29.246+0000] {processor.py:766} INFO - DAG(s) dict_keys(['example_skip_dag']) retrieved from /home/airflow/.local/lib/python3.7/site-packages/airflow/example_dags/example_skip_dag.py
[2023-11-12T20:00:29.280+0000] {logging_mixin.py:120} INFO - [2023-11-12T20:00:29.280+0000] {dag.py:2585} INFO - Sync 1 DAGs
[2023-11-12T20:00:29.299+0000] {logging_mixin.py:120} INFO - [2023-11-12T20:00:29.299+0000] {dag.py:3340} INFO - Setting next_dagrun for example_skip_dag to 2023-11-11T20:00:29.299507+00:00, run_after=2023-11-12T20:00:29.299507+00:00
[2023-11-12T20:00:29.320+0000] {processor.py:176} INFO - Processing /home/airflow/.local/lib/python3.7/site-packages/airflow/example_dags/example_skip_dag.py took 0.094 seconds
[2023-11-12T20:01:00.449+0000] {processor.py:154} INFO - Started process (PID=294) to work on /home/airflow/.local/lib/python3.7/site-packages/airflow/example_dags/example_skip_dag.py
[2023-11-12T20:01:00.457+0000] {processor.py:756} INFO - Processing file /home/airflow/.local/lib/python3.7/site-packages/airflow/example_dags/example_skip_dag.py for tasks to queue
[2023-11-12T20:01:00.457+0000] {logging_mixin.py:120} INFO - [2023-11-12T20:01:00.457+0000] {dagbag.py:537} INFO - Filling up the DagBag from /home/airflow/.local/lib/python3.7/site-packages/airflow/example_dags/example_skip_dag.py
[2023-11-12T20:01:00.491+0000] {processor.py:766} INFO - DAG(s) dict_keys(['example_skip_dag']) retrieved from /home/airflow/.local/lib/python3.7/site-packages/airflow/example_dags/example_skip_dag.py
[2023-11-12T20:01:00.581+0000] {logging_mixin.py:120} INFO - [2023-11-12T20:01:00.580+0000] {dag.py:2585} INFO - Sync 1 DAGs
[2023-11-12T20:01:00.646+0000] {logging_mixin.py:120} INFO - [2023-11-12T20:01:00.645+0000] {dag.py:3340} INFO - Setting next_dagrun for example_skip_dag to 2023-11-11T20:01:00.645670+00:00, run_after=2023-11-12T20:01:00.645670+00:00
[2023-11-12T20:01:00.688+0000] {processor.py:176} INFO - Processing /home/airflow/.local/lib/python3.7/site-packages/airflow/example_dags/example_skip_dag.py took 0.242 seconds
[2023-11-12T20:01:30.953+0000] {processor.py:154} INFO - Started process (PID=357) to work on /home/airflow/.local/lib/python3.7/site-packages/airflow/example_dags/example_skip_dag.py
[2023-11-12T20:01:30.958+0000] {processor.py:756} INFO - Processing file /home/airflow/.local/lib/python3.7/site-packages/airflow/example_dags/example_skip_dag.py for tasks to queue
[2023-11-12T20:01:30.959+0000] {logging_mixin.py:120} INFO - [2023-11-12T20:01:30.959+0000] {dagbag.py:537} INFO - Filling up the DagBag from /home/airflow/.local/lib/python3.7/site-packages/airflow/example_dags/example_skip_dag.py
[2023-11-12T20:01:30.988+0000] {processor.py:766} INFO - DAG(s) dict_keys(['example_skip_dag']) retrieved from /home/airflow/.local/lib/python3.7/site-packages/airflow/example_dags/example_skip_dag.py
[2023-11-12T20:01:31.062+0000] {logging_mixin.py:120} INFO - [2023-11-12T20:01:31.062+0000] {dag.py:2585} INFO - Sync 1 DAGs
[2023-11-12T20:01:31.119+0000] {logging_mixin.py:120} INFO - [2023-11-12T20:01:31.119+0000] {dag.py:3340} INFO - Setting next_dagrun for example_skip_dag to 2023-11-11T20:01:31.119160+00:00, run_after=2023-11-12T20:01:31.119160+00:00
[2023-11-12T20:01:31.153+0000] {processor.py:176} INFO - Processing /home/airflow/.local/lib/python3.7/site-packages/airflow/example_dags/example_skip_dag.py took 0.207 seconds
[2023-11-12T20:02:01.822+0000] {processor.py:154} INFO - Started process (PID=420) to work on /home/airflow/.local/lib/python3.7/site-packages/airflow/example_dags/example_skip_dag.py
[2023-11-12T20:02:01.822+0000] {processor.py:756} INFO - Processing file /home/airflow/.local/lib/python3.7/site-packages/airflow/example_dags/example_skip_dag.py for tasks to queue
[2023-11-12T20:02:01.824+0000] {logging_mixin.py:120} INFO - [2023-11-12T20:02:01.824+0000] {dagbag.py:537} INFO - Filling up the DagBag from /home/airflow/.local/lib/python3.7/site-packages/airflow/example_dags/example_skip_dag.py
[2023-11-12T20:02:01.883+0000] {processor.py:766} INFO - DAG(s) dict_keys(['example_skip_dag']) retrieved from /home/airflow/.local/lib/python3.7/site-packages/airflow/example_dags/example_skip_dag.py
[2023-11-12T20:02:01.935+0000] {logging_mixin.py:120} INFO - [2023-11-12T20:02:01.934+0000] {dag.py:2585} INFO - Sync 1 DAGs
[2023-11-12T20:02:01.968+0000] {logging_mixin.py:120} INFO - [2023-11-12T20:02:01.968+0000] {dag.py:3340} INFO - Setting next_dagrun for example_skip_dag to 2023-11-11T20:02:01.967798+00:00, run_after=2023-11-12T20:02:01.967798+00:00
[2023-11-12T20:02:01.999+0000] {processor.py:176} INFO - Processing /home/airflow/.local/lib/python3.7/site-packages/airflow/example_dags/example_skip_dag.py took 0.180 seconds
[2023-11-12T20:02:32.139+0000] {processor.py:154} INFO - Started process (PID=474) to work on /home/airflow/.local/lib/python3.7/site-packages/airflow/example_dags/example_skip_dag.py
[2023-11-12T20:02:32.139+0000] {processor.py:756} INFO - Processing file /home/airflow/.local/lib/python3.7/site-packages/airflow/example_dags/example_skip_dag.py for tasks to queue
[2023-11-12T20:02:32.140+0000] {logging_mixin.py:120} INFO - [2023-11-12T20:02:32.140+0000] {dagbag.py:537} INFO - Filling up the DagBag from /home/airflow/.local/lib/python3.7/site-packages/airflow/example_dags/example_skip_dag.py
[2023-11-12T20:02:32.157+0000] {processor.py:766} INFO - DAG(s) dict_keys(['example_skip_dag']) retrieved from /home/airflow/.local/lib/python3.7/site-packages/airflow/example_dags/example_skip_dag.py
[2023-11-12T20:02:32.206+0000] {logging_mixin.py:120} INFO - [2023-11-12T20:02:32.205+0000] {dag.py:2585} INFO - Sync 1 DAGs
[2023-11-12T20:02:32.263+0000] {logging_mixin.py:120} INFO - [2023-11-12T20:02:32.263+0000] {dag.py:3340} INFO - Setting next_dagrun for example_skip_dag to 2023-11-11T20:02:32.263199+00:00, run_after=2023-11-12T20:02:32.263199+00:00
[2023-11-12T20:02:32.290+0000] {processor.py:176} INFO - Processing /home/airflow/.local/lib/python3.7/site-packages/airflow/example_dags/example_skip_dag.py took 0.154 seconds
[2023-11-12T20:03:02.596+0000] {processor.py:154} INFO - Started process (PID=538) to work on /home/airflow/.local/lib/python3.7/site-packages/airflow/example_dags/example_skip_dag.py
[2023-11-12T20:03:02.600+0000] {processor.py:756} INFO - Processing file /home/airflow/.local/lib/python3.7/site-packages/airflow/example_dags/example_skip_dag.py for tasks to queue
[2023-11-12T20:03:02.601+0000] {logging_mixin.py:120} INFO - [2023-11-12T20:03:02.601+0000] {dagbag.py:537} INFO - Filling up the DagBag from /home/airflow/.local/lib/python3.7/site-packages/airflow/example_dags/example_skip_dag.py
[2023-11-12T20:03:02.625+0000] {processor.py:766} INFO - DAG(s) dict_keys(['example_skip_dag']) retrieved from /home/airflow/.local/lib/python3.7/site-packages/airflow/example_dags/example_skip_dag.py
[2023-11-12T20:03:02.700+0000] {logging_mixin.py:120} INFO - [2023-11-12T20:03:02.700+0000] {dag.py:2585} INFO - Sync 1 DAGs
[2023-11-12T20:03:02.745+0000] {logging_mixin.py:120} INFO - [2023-11-12T20:03:02.745+0000] {dag.py:3340} INFO - Setting next_dagrun for example_skip_dag to 2023-11-11T20:03:02.744772+00:00, run_after=2023-11-12T20:03:02.744772+00:00
[2023-11-12T20:03:02.779+0000] {processor.py:176} INFO - Processing /home/airflow/.local/lib/python3.7/site-packages/airflow/example_dags/example_skip_dag.py took 0.187 seconds
[2023-11-12T20:03:33.367+0000] {processor.py:154} INFO - Started process (PID=601) to work on /home/airflow/.local/lib/python3.7/site-packages/airflow/example_dags/example_skip_dag.py
[2023-11-12T20:03:33.367+0000] {processor.py:756} INFO - Processing file /home/airflow/.local/lib/python3.7/site-packages/airflow/example_dags/example_skip_dag.py for tasks to queue
[2023-11-12T20:03:33.368+0000] {logging_mixin.py:120} INFO - [2023-11-12T20:03:33.368+0000] {dagbag.py:537} INFO - Filling up the DagBag from /home/airflow/.local/lib/python3.7/site-packages/airflow/example_dags/example_skip_dag.py
[2023-11-12T20:03:33.380+0000] {processor.py:766} INFO - DAG(s) dict_keys(['example_skip_dag']) retrieved from /home/airflow/.local/lib/python3.7/site-packages/airflow/example_dags/example_skip_dag.py
[2023-11-12T20:03:33.414+0000] {logging_mixin.py:120} INFO - [2023-11-12T20:03:33.413+0000] {dag.py:2585} INFO - Sync 1 DAGs
[2023-11-12T20:03:33.442+0000] {logging_mixin.py:120} INFO - [2023-11-12T20:03:33.441+0000] {dag.py:3340} INFO - Setting next_dagrun for example_skip_dag to 2023-11-11T20:03:33.441606+00:00, run_after=2023-11-12T20:03:33.441606+00:00
[2023-11-12T20:03:33.472+0000] {processor.py:176} INFO - Processing /home/airflow/.local/lib/python3.7/site-packages/airflow/example_dags/example_skip_dag.py took 0.108 seconds
[2023-11-12T20:04:03.958+0000] {processor.py:154} INFO - Started process (PID=656) to work on /home/airflow/.local/lib/python3.7/site-packages/airflow/example_dags/example_skip_dag.py
[2023-11-12T20:04:03.959+0000] {processor.py:756} INFO - Processing file /home/airflow/.local/lib/python3.7/site-packages/airflow/example_dags/example_skip_dag.py for tasks to queue
[2023-11-12T20:04:03.959+0000] {logging_mixin.py:120} INFO - [2023-11-12T20:04:03.959+0000] {dagbag.py:537} INFO - Filling up the DagBag from /home/airflow/.local/lib/python3.7/site-packages/airflow/example_dags/example_skip_dag.py
[2023-11-12T20:04:03.976+0000] {processor.py:766} INFO - DAG(s) dict_keys(['example_skip_dag']) retrieved from /home/airflow/.local/lib/python3.7/site-packages/airflow/example_dags/example_skip_dag.py
[2023-11-12T20:04:04.054+0000] {logging_mixin.py:120} INFO - [2023-11-12T20:04:04.054+0000] {dag.py:2585} INFO - Sync 1 DAGs
[2023-11-12T20:04:04.102+0000] {logging_mixin.py:120} INFO - [2023-11-12T20:04:04.101+0000] {dag.py:3340} INFO - Setting next_dagrun for example_skip_dag to 2023-11-11T20:04:04.101675+00:00, run_after=2023-11-12T20:04:04.101675+00:00
[2023-11-12T20:04:04.145+0000] {processor.py:176} INFO - Processing /home/airflow/.local/lib/python3.7/site-packages/airflow/example_dags/example_skip_dag.py took 0.192 seconds
[2023-11-12T20:04:34.634+0000] {processor.py:154} INFO - Started process (PID=720) to work on /home/airflow/.local/lib/python3.7/site-packages/airflow/example_dags/example_skip_dag.py
[2023-11-12T20:04:34.635+0000] {processor.py:756} INFO - Processing file /home/airflow/.local/lib/python3.7/site-packages/airflow/example_dags/example_skip_dag.py for tasks to queue
[2023-11-12T20:04:34.635+0000] {logging_mixin.py:120} INFO - [2023-11-12T20:04:34.635+0000] {dagbag.py:537} INFO - Filling up the DagBag from /home/airflow/.local/lib/python3.7/site-packages/airflow/example_dags/example_skip_dag.py
[2023-11-12T20:04:34.650+0000] {processor.py:766} INFO - DAG(s) dict_keys(['example_skip_dag']) retrieved from /home/airflow/.local/lib/python3.7/site-packages/airflow/example_dags/example_skip_dag.py
[2023-11-12T20:04:34.685+0000] {logging_mixin.py:120} INFO - [2023-11-12T20:04:34.685+0000] {dag.py:2585} INFO - Sync 1 DAGs
[2023-11-12T20:04:34.705+0000] {logging_mixin.py:120} INFO - [2023-11-12T20:04:34.705+0000] {dag.py:3340} INFO - Setting next_dagrun for example_skip_dag to 2023-11-11T20:04:34.705169+00:00, run_after=2023-11-12T20:04:34.705169+00:00
[2023-11-12T20:04:34.727+0000] {processor.py:176} INFO - Processing /home/airflow/.local/lib/python3.7/site-packages/airflow/example_dags/example_skip_dag.py took 0.096 seconds
[2023-11-12T20:05:05.572+0000] {processor.py:154} INFO - Started process (PID=784) to work on /home/airflow/.local/lib/python3.7/site-packages/airflow/example_dags/example_skip_dag.py
[2023-11-12T20:05:05.573+0000] {processor.py:756} INFO - Processing file /home/airflow/.local/lib/python3.7/site-packages/airflow/example_dags/example_skip_dag.py for tasks to queue
[2023-11-12T20:05:05.574+0000] {logging_mixin.py:120} INFO - [2023-11-12T20:05:05.574+0000] {dagbag.py:537} INFO - Filling up the DagBag from /home/airflow/.local/lib/python3.7/site-packages/airflow/example_dags/example_skip_dag.py
[2023-11-12T20:05:05.603+0000] {processor.py:766} INFO - DAG(s) dict_keys(['example_skip_dag']) retrieved from /home/airflow/.local/lib/python3.7/site-packages/airflow/example_dags/example_skip_dag.py
[2023-11-12T20:05:05.739+0000] {logging_mixin.py:120} INFO - [2023-11-12T20:05:05.739+0000] {dag.py:2585} INFO - Sync 1 DAGs
[2023-11-12T20:05:05.805+0000] {logging_mixin.py:120} INFO - [2023-11-12T20:05:05.805+0000] {dag.py:3340} INFO - Setting next_dagrun for example_skip_dag to 2023-11-11T20:05:05.805046+00:00, run_after=2023-11-12T20:05:05.805046+00:00
[2023-11-12T20:05:05.884+0000] {processor.py:176} INFO - Processing /home/airflow/.local/lib/python3.7/site-packages/airflow/example_dags/example_skip_dag.py took 0.329 seconds
[2023-11-12T20:05:36.061+0000] {processor.py:154} INFO - Started process (PID=837) to work on /home/airflow/.local/lib/python3.7/site-packages/airflow/example_dags/example_skip_dag.py
[2023-11-12T20:05:36.062+0000] {processor.py:756} INFO - Processing file /home/airflow/.local/lib/python3.7/site-packages/airflow/example_dags/example_skip_dag.py for tasks to queue
[2023-11-12T20:05:36.063+0000] {logging_mixin.py:120} INFO - [2023-11-12T20:05:36.063+0000] {dagbag.py:537} INFO - Filling up the DagBag from /home/airflow/.local/lib/python3.7/site-packages/airflow/example_dags/example_skip_dag.py
[2023-11-12T20:05:36.082+0000] {processor.py:766} INFO - DAG(s) dict_keys(['example_skip_dag']) retrieved from /home/airflow/.local/lib/python3.7/site-packages/airflow/example_dags/example_skip_dag.py
[2023-11-12T20:05:36.128+0000] {logging_mixin.py:120} INFO - [2023-11-12T20:05:36.128+0000] {dag.py:2585} INFO - Sync 1 DAGs
[2023-11-12T20:05:36.158+0000] {logging_mixin.py:120} INFO - [2023-11-12T20:05:36.158+0000] {dag.py:3340} INFO - Setting next_dagrun for example_skip_dag to 2023-11-11T20:05:36.157888+00:00, run_after=2023-11-12T20:05:36.157888+00:00
[2023-11-12T20:05:36.184+0000] {processor.py:176} INFO - Processing /home/airflow/.local/lib/python3.7/site-packages/airflow/example_dags/example_skip_dag.py took 0.130 seconds
[2023-11-12T20:06:08.061+0000] {processor.py:154} INFO - Started process (PID=899) to work on /home/airflow/.local/lib/python3.7/site-packages/airflow/example_dags/example_skip_dag.py
[2023-11-12T20:06:08.068+0000] {processor.py:756} INFO - Processing file /home/airflow/.local/lib/python3.7/site-packages/airflow/example_dags/example_skip_dag.py for tasks to queue
[2023-11-12T20:06:08.073+0000] {logging_mixin.py:120} INFO - [2023-11-12T20:06:08.073+0000] {dagbag.py:537} INFO - Filling up the DagBag from /home/airflow/.local/lib/python3.7/site-packages/airflow/example_dags/example_skip_dag.py
[2023-11-12T20:06:08.144+0000] {processor.py:766} INFO - DAG(s) dict_keys(['example_skip_dag']) retrieved from /home/airflow/.local/lib/python3.7/site-packages/airflow/example_dags/example_skip_dag.py
[2023-11-12T20:06:08.333+0000] {logging_mixin.py:120} INFO - [2023-11-12T20:06:08.332+0000] {dag.py:2585} INFO - Sync 1 DAGs
[2023-11-12T20:06:08.454+0000] {logging_mixin.py:120} INFO - [2023-11-12T20:06:08.454+0000] {dag.py:3340} INFO - Setting next_dagrun for example_skip_dag to 2023-11-11T20:06:08.454286+00:00, run_after=2023-11-12T20:06:08.454286+00:00
[2023-11-12T20:06:08.520+0000] {processor.py:176} INFO - Processing /home/airflow/.local/lib/python3.7/site-packages/airflow/example_dags/example_skip_dag.py took 0.480 seconds
[2023-11-12T20:06:39.113+0000] {processor.py:154} INFO - Started process (PID=953) to work on /home/airflow/.local/lib/python3.7/site-packages/airflow/example_dags/example_skip_dag.py
[2023-11-12T20:06:39.114+0000] {processor.py:756} INFO - Processing file /home/airflow/.local/lib/python3.7/site-packages/airflow/example_dags/example_skip_dag.py for tasks to queue
[2023-11-12T20:06:39.115+0000] {logging_mixin.py:120} INFO - [2023-11-12T20:06:39.115+0000] {dagbag.py:537} INFO - Filling up the DagBag from /home/airflow/.local/lib/python3.7/site-packages/airflow/example_dags/example_skip_dag.py
[2023-11-12T20:06:39.154+0000] {processor.py:766} INFO - DAG(s) dict_keys(['example_skip_dag']) retrieved from /home/airflow/.local/lib/python3.7/site-packages/airflow/example_dags/example_skip_dag.py
[2023-11-12T20:06:39.274+0000] {logging_mixin.py:120} INFO - [2023-11-12T20:06:39.274+0000] {dag.py:2585} INFO - Sync 1 DAGs
[2023-11-12T20:06:39.343+0000] {logging_mixin.py:120} INFO - [2023-11-12T20:06:39.343+0000] {dag.py:3340} INFO - Setting next_dagrun for example_skip_dag to 2023-11-11T20:06:39.342936+00:00, run_after=2023-11-12T20:06:39.342936+00:00
[2023-11-12T20:06:39.378+0000] {processor.py:176} INFO - Processing /home/airflow/.local/lib/python3.7/site-packages/airflow/example_dags/example_skip_dag.py took 0.271 seconds
[2023-11-12T20:07:10.108+0000] {processor.py:154} INFO - Started process (PID=1015) to work on /home/airflow/.local/lib/python3.7/site-packages/airflow/example_dags/example_skip_dag.py
[2023-11-12T20:07:10.109+0000] {processor.py:756} INFO - Processing file /home/airflow/.local/lib/python3.7/site-packages/airflow/example_dags/example_skip_dag.py for tasks to queue
[2023-11-12T20:07:10.110+0000] {logging_mixin.py:120} INFO - [2023-11-12T20:07:10.110+0000] {dagbag.py:537} INFO - Filling up the DagBag from /home/airflow/.local/lib/python3.7/site-packages/airflow/example_dags/example_skip_dag.py
[2023-11-12T20:07:10.129+0000] {processor.py:766} INFO - DAG(s) dict_keys(['example_skip_dag']) retrieved from /home/airflow/.local/lib/python3.7/site-packages/airflow/example_dags/example_skip_dag.py
[2023-11-12T20:07:10.186+0000] {logging_mixin.py:120} INFO - [2023-11-12T20:07:10.185+0000] {dag.py:2585} INFO - Sync 1 DAGs
[2023-11-12T20:07:10.221+0000] {logging_mixin.py:120} INFO - [2023-11-12T20:07:10.221+0000] {dag.py:3340} INFO - Setting next_dagrun for example_skip_dag to 2023-11-11T20:07:10.221200+00:00, run_after=2023-11-12T20:07:10.221200+00:00
[2023-11-12T20:07:10.252+0000] {processor.py:176} INFO - Processing /home/airflow/.local/lib/python3.7/site-packages/airflow/example_dags/example_skip_dag.py took 0.148 seconds
