[2023-11-12T19:53:03.112+0000] {processor.py:154} INFO - Started process (PID=49) to work on /home/airflow/.local/lib/python3.7/site-packages/airflow/example_dags/example_local_kubernetes_executor.py
[2023-11-12T19:53:03.113+0000] {processor.py:756} INFO - Processing file /home/airflow/.local/lib/python3.7/site-packages/airflow/example_dags/example_local_kubernetes_executor.py for tasks to queue
[2023-11-12T19:53:03.113+0000] {logging_mixin.py:120} INFO - [2023-11-12T19:53:03.113+0000] {dagbag.py:537} INFO - Filling up the DagBag from /home/airflow/.local/lib/python3.7/site-packages/airflow/example_dags/example_local_kubernetes_executor.py
[2023-11-12T19:53:03.170+0000] {processor.py:766} INFO - DAG(s) dict_keys(['example_local_kubernetes_executor']) retrieved from /home/airflow/.local/lib/python3.7/site-packages/airflow/example_dags/example_local_kubernetes_executor.py
[2023-11-12T19:53:03.749+0000] {logging_mixin.py:120} INFO - [2023-11-12T19:53:03.748+0000] {manager.py:507} INFO - Created Permission View: can edit on DAG:example_local_kubernetes_executor
[2023-11-12T19:53:03.780+0000] {logging_mixin.py:120} INFO - [2023-11-12T19:53:03.780+0000] {manager.py:507} INFO - Created Permission View: can delete on DAG:example_local_kubernetes_executor
[2023-11-12T19:53:03.809+0000] {logging_mixin.py:120} INFO - [2023-11-12T19:53:03.808+0000] {manager.py:507} INFO - Created Permission View: can read on DAG:example_local_kubernetes_executor
[2023-11-12T19:53:03.809+0000] {logging_mixin.py:120} INFO - [2023-11-12T19:53:03.809+0000] {dag.py:2585} INFO - Sync 1 DAGs
[2023-11-12T19:53:03.859+0000] {logging_mixin.py:120} INFO - [2023-11-12T19:53:03.852+0000] {dag.py:2606} INFO - Creating ORM DAG for example_local_kubernetes_executor
[2023-11-12T19:53:03.899+0000] {logging_mixin.py:120} INFO - [2023-11-12T19:53:03.899+0000] {dag.py:3340} INFO - Setting next_dagrun for example_local_kubernetes_executor to None, run_after=None
[2023-11-12T19:53:03.946+0000] {processor.py:176} INFO - Processing /home/airflow/.local/lib/python3.7/site-packages/airflow/example_dags/example_local_kubernetes_executor.py took 0.853 seconds
[2023-11-12T19:53:34.311+0000] {processor.py:154} INFO - Started process (PID=103) to work on /home/airflow/.local/lib/python3.7/site-packages/airflow/example_dags/example_local_kubernetes_executor.py
[2023-11-12T19:53:34.312+0000] {processor.py:756} INFO - Processing file /home/airflow/.local/lib/python3.7/site-packages/airflow/example_dags/example_local_kubernetes_executor.py for tasks to queue
[2023-11-12T19:53:34.313+0000] {logging_mixin.py:120} INFO - [2023-11-12T19:53:34.313+0000] {dagbag.py:537} INFO - Filling up the DagBag from /home/airflow/.local/lib/python3.7/site-packages/airflow/example_dags/example_local_kubernetes_executor.py
[2023-11-12T19:53:34.348+0000] {processor.py:766} INFO - DAG(s) dict_keys(['example_local_kubernetes_executor']) retrieved from /home/airflow/.local/lib/python3.7/site-packages/airflow/example_dags/example_local_kubernetes_executor.py
[2023-11-12T19:53:34.403+0000] {logging_mixin.py:120} INFO - [2023-11-12T19:53:34.403+0000] {dag.py:2585} INFO - Sync 1 DAGs
[2023-11-12T19:53:34.432+0000] {logging_mixin.py:120} INFO - [2023-11-12T19:53:34.432+0000] {dag.py:3340} INFO - Setting next_dagrun for example_local_kubernetes_executor to None, run_after=None
[2023-11-12T19:53:34.456+0000] {processor.py:176} INFO - Processing /home/airflow/.local/lib/python3.7/site-packages/airflow/example_dags/example_local_kubernetes_executor.py took 0.147 seconds
[2023-11-12T19:54:04.833+0000] {processor.py:154} INFO - Started process (PID=158) to work on /home/airflow/.local/lib/python3.7/site-packages/airflow/example_dags/example_local_kubernetes_executor.py
[2023-11-12T19:54:04.834+0000] {processor.py:756} INFO - Processing file /home/airflow/.local/lib/python3.7/site-packages/airflow/example_dags/example_local_kubernetes_executor.py for tasks to queue
[2023-11-12T19:54:04.838+0000] {logging_mixin.py:120} INFO - [2023-11-12T19:54:04.837+0000] {dagbag.py:537} INFO - Filling up the DagBag from /home/airflow/.local/lib/python3.7/site-packages/airflow/example_dags/example_local_kubernetes_executor.py
[2023-11-12T19:54:04.914+0000] {processor.py:766} INFO - DAG(s) dict_keys(['example_local_kubernetes_executor']) retrieved from /home/airflow/.local/lib/python3.7/site-packages/airflow/example_dags/example_local_kubernetes_executor.py
[2023-11-12T19:54:04.997+0000] {logging_mixin.py:120} INFO - [2023-11-12T19:54:04.997+0000] {dag.py:2585} INFO - Sync 1 DAGs
[2023-11-12T19:54:05.058+0000] {logging_mixin.py:120} INFO - [2023-11-12T19:54:05.058+0000] {dag.py:3340} INFO - Setting next_dagrun for example_local_kubernetes_executor to None, run_after=None
[2023-11-12T19:54:05.089+0000] {processor.py:176} INFO - Processing /home/airflow/.local/lib/python3.7/site-packages/airflow/example_dags/example_local_kubernetes_executor.py took 0.266 seconds
[2023-11-12T19:57:01.028+0000] {processor.py:154} INFO - Started process (PID=48) to work on /home/airflow/.local/lib/python3.7/site-packages/airflow/example_dags/example_local_kubernetes_executor.py
[2023-11-12T19:57:01.033+0000] {processor.py:756} INFO - Processing file /home/airflow/.local/lib/python3.7/site-packages/airflow/example_dags/example_local_kubernetes_executor.py for tasks to queue
[2023-11-12T19:57:01.033+0000] {logging_mixin.py:120} INFO - [2023-11-12T19:57:01.033+0000] {dagbag.py:537} INFO - Filling up the DagBag from /home/airflow/.local/lib/python3.7/site-packages/airflow/example_dags/example_local_kubernetes_executor.py
[2023-11-12T19:57:01.128+0000] {processor.py:766} INFO - DAG(s) dict_keys(['example_local_kubernetes_executor']) retrieved from /home/airflow/.local/lib/python3.7/site-packages/airflow/example_dags/example_local_kubernetes_executor.py
[2023-11-12T19:57:01.263+0000] {logging_mixin.py:120} INFO - [2023-11-12T19:57:01.262+0000] {dag.py:2585} INFO - Sync 1 DAGs
[2023-11-12T19:57:01.341+0000] {logging_mixin.py:120} INFO - [2023-11-12T19:57:01.341+0000] {dag.py:3340} INFO - Setting next_dagrun for example_local_kubernetes_executor to None, run_after=None
[2023-11-12T19:57:01.405+0000] {processor.py:176} INFO - Processing /home/airflow/.local/lib/python3.7/site-packages/airflow/example_dags/example_local_kubernetes_executor.py took 0.386 seconds
[2023-11-12T19:57:31.541+0000] {processor.py:154} INFO - Started process (PID=102) to work on /home/airflow/.local/lib/python3.7/site-packages/airflow/example_dags/example_local_kubernetes_executor.py
[2023-11-12T19:57:31.542+0000] {processor.py:756} INFO - Processing file /home/airflow/.local/lib/python3.7/site-packages/airflow/example_dags/example_local_kubernetes_executor.py for tasks to queue
[2023-11-12T19:57:31.542+0000] {logging_mixin.py:120} INFO - [2023-11-12T19:57:31.542+0000] {dagbag.py:537} INFO - Filling up the DagBag from /home/airflow/.local/lib/python3.7/site-packages/airflow/example_dags/example_local_kubernetes_executor.py
[2023-11-12T19:57:31.571+0000] {processor.py:766} INFO - DAG(s) dict_keys(['example_local_kubernetes_executor']) retrieved from /home/airflow/.local/lib/python3.7/site-packages/airflow/example_dags/example_local_kubernetes_executor.py
[2023-11-12T19:57:31.612+0000] {logging_mixin.py:120} INFO - [2023-11-12T19:57:31.612+0000] {dag.py:2585} INFO - Sync 1 DAGs
[2023-11-12T19:57:31.632+0000] {logging_mixin.py:120} INFO - [2023-11-12T19:57:31.632+0000] {dag.py:3340} INFO - Setting next_dagrun for example_local_kubernetes_executor to None, run_after=None
[2023-11-12T19:57:31.652+0000] {processor.py:176} INFO - Processing /home/airflow/.local/lib/python3.7/site-packages/airflow/example_dags/example_local_kubernetes_executor.py took 0.114 seconds
[2023-11-12T19:58:54.832+0000] {processor.py:154} INFO - Started process (PID=50) to work on /home/airflow/.local/lib/python3.7/site-packages/airflow/example_dags/example_local_kubernetes_executor.py
[2023-11-12T19:58:54.837+0000] {processor.py:756} INFO - Processing file /home/airflow/.local/lib/python3.7/site-packages/airflow/example_dags/example_local_kubernetes_executor.py for tasks to queue
[2023-11-12T19:58:54.838+0000] {logging_mixin.py:120} INFO - [2023-11-12T19:58:54.838+0000] {dagbag.py:537} INFO - Filling up the DagBag from /home/airflow/.local/lib/python3.7/site-packages/airflow/example_dags/example_local_kubernetes_executor.py
[2023-11-12T19:58:54.938+0000] {processor.py:766} INFO - DAG(s) dict_keys(['example_local_kubernetes_executor']) retrieved from /home/airflow/.local/lib/python3.7/site-packages/airflow/example_dags/example_local_kubernetes_executor.py
[2023-11-12T19:58:55.085+0000] {logging_mixin.py:120} INFO - [2023-11-12T19:58:55.084+0000] {dag.py:2585} INFO - Sync 1 DAGs
[2023-11-12T19:58:55.185+0000] {logging_mixin.py:120} INFO - [2023-11-12T19:58:55.185+0000] {dag.py:3340} INFO - Setting next_dagrun for example_local_kubernetes_executor to None, run_after=None
[2023-11-12T19:58:55.241+0000] {processor.py:176} INFO - Processing /home/airflow/.local/lib/python3.7/site-packages/airflow/example_dags/example_local_kubernetes_executor.py took 0.427 seconds
[2023-11-12T19:59:25.531+0000] {processor.py:154} INFO - Started process (PID=105) to work on /home/airflow/.local/lib/python3.7/site-packages/airflow/example_dags/example_local_kubernetes_executor.py
[2023-11-12T19:59:25.531+0000] {processor.py:756} INFO - Processing file /home/airflow/.local/lib/python3.7/site-packages/airflow/example_dags/example_local_kubernetes_executor.py for tasks to queue
[2023-11-12T19:59:25.532+0000] {logging_mixin.py:120} INFO - [2023-11-12T19:59:25.532+0000] {dagbag.py:537} INFO - Filling up the DagBag from /home/airflow/.local/lib/python3.7/site-packages/airflow/example_dags/example_local_kubernetes_executor.py
[2023-11-12T19:59:25.552+0000] {processor.py:766} INFO - DAG(s) dict_keys(['example_local_kubernetes_executor']) retrieved from /home/airflow/.local/lib/python3.7/site-packages/airflow/example_dags/example_local_kubernetes_executor.py
[2023-11-12T19:59:25.582+0000] {logging_mixin.py:120} INFO - [2023-11-12T19:59:25.582+0000] {dag.py:2585} INFO - Sync 1 DAGs
[2023-11-12T19:59:25.604+0000] {logging_mixin.py:120} INFO - [2023-11-12T19:59:25.604+0000] {dag.py:3340} INFO - Setting next_dagrun for example_local_kubernetes_executor to None, run_after=None
[2023-11-12T19:59:25.629+0000] {processor.py:176} INFO - Processing /home/airflow/.local/lib/python3.7/site-packages/airflow/example_dags/example_local_kubernetes_executor.py took 0.101 seconds
[2023-11-12T19:59:56.049+0000] {processor.py:154} INFO - Started process (PID=170) to work on /home/airflow/.local/lib/python3.7/site-packages/airflow/example_dags/example_local_kubernetes_executor.py
[2023-11-12T19:59:56.050+0000] {processor.py:756} INFO - Processing file /home/airflow/.local/lib/python3.7/site-packages/airflow/example_dags/example_local_kubernetes_executor.py for tasks to queue
[2023-11-12T19:59:56.050+0000] {logging_mixin.py:120} INFO - [2023-11-12T19:59:56.050+0000] {dagbag.py:537} INFO - Filling up the DagBag from /home/airflow/.local/lib/python3.7/site-packages/airflow/example_dags/example_local_kubernetes_executor.py
[2023-11-12T19:59:56.087+0000] {processor.py:766} INFO - DAG(s) dict_keys(['example_local_kubernetes_executor']) retrieved from /home/airflow/.local/lib/python3.7/site-packages/airflow/example_dags/example_local_kubernetes_executor.py
[2023-11-12T19:59:56.151+0000] {logging_mixin.py:120} INFO - [2023-11-12T19:59:56.151+0000] {dag.py:2585} INFO - Sync 1 DAGs
[2023-11-12T19:59:56.183+0000] {logging_mixin.py:120} INFO - [2023-11-12T19:59:56.183+0000] {dag.py:3340} INFO - Setting next_dagrun for example_local_kubernetes_executor to None, run_after=None
[2023-11-12T19:59:56.217+0000] {processor.py:176} INFO - Processing /home/airflow/.local/lib/python3.7/site-packages/airflow/example_dags/example_local_kubernetes_executor.py took 0.198 seconds
[2023-11-12T20:00:26.769+0000] {processor.py:154} INFO - Started process (PID=224) to work on /home/airflow/.local/lib/python3.7/site-packages/airflow/example_dags/example_local_kubernetes_executor.py
[2023-11-12T20:00:26.770+0000] {processor.py:756} INFO - Processing file /home/airflow/.local/lib/python3.7/site-packages/airflow/example_dags/example_local_kubernetes_executor.py for tasks to queue
[2023-11-12T20:00:26.770+0000] {logging_mixin.py:120} INFO - [2023-11-12T20:00:26.770+0000] {dagbag.py:537} INFO - Filling up the DagBag from /home/airflow/.local/lib/python3.7/site-packages/airflow/example_dags/example_local_kubernetes_executor.py
[2023-11-12T20:00:26.829+0000] {processor.py:766} INFO - DAG(s) dict_keys(['example_local_kubernetes_executor']) retrieved from /home/airflow/.local/lib/python3.7/site-packages/airflow/example_dags/example_local_kubernetes_executor.py
[2023-11-12T20:00:26.875+0000] {logging_mixin.py:120} INFO - [2023-11-12T20:00:26.875+0000] {dag.py:2585} INFO - Sync 1 DAGs
[2023-11-12T20:00:26.906+0000] {logging_mixin.py:120} INFO - [2023-11-12T20:00:26.906+0000] {dag.py:3340} INFO - Setting next_dagrun for example_local_kubernetes_executor to None, run_after=None
[2023-11-12T20:00:26.932+0000] {processor.py:176} INFO - Processing /home/airflow/.local/lib/python3.7/site-packages/airflow/example_dags/example_local_kubernetes_executor.py took 0.176 seconds
[2023-11-12T20:00:57.536+0000] {processor.py:154} INFO - Started process (PID=287) to work on /home/airflow/.local/lib/python3.7/site-packages/airflow/example_dags/example_local_kubernetes_executor.py
[2023-11-12T20:00:57.541+0000] {processor.py:756} INFO - Processing file /home/airflow/.local/lib/python3.7/site-packages/airflow/example_dags/example_local_kubernetes_executor.py for tasks to queue
[2023-11-12T20:00:57.543+0000] {logging_mixin.py:120} INFO - [2023-11-12T20:00:57.543+0000] {dagbag.py:537} INFO - Filling up the DagBag from /home/airflow/.local/lib/python3.7/site-packages/airflow/example_dags/example_local_kubernetes_executor.py
[2023-11-12T20:00:57.594+0000] {processor.py:766} INFO - DAG(s) dict_keys(['example_local_kubernetes_executor']) retrieved from /home/airflow/.local/lib/python3.7/site-packages/airflow/example_dags/example_local_kubernetes_executor.py
[2023-11-12T20:00:57.637+0000] {logging_mixin.py:120} INFO - [2023-11-12T20:00:57.637+0000] {dag.py:2585} INFO - Sync 1 DAGs
[2023-11-12T20:00:57.656+0000] {logging_mixin.py:120} INFO - [2023-11-12T20:00:57.656+0000] {dag.py:3340} INFO - Setting next_dagrun for example_local_kubernetes_executor to None, run_after=None
[2023-11-12T20:00:57.677+0000] {processor.py:176} INFO - Processing /home/airflow/.local/lib/python3.7/site-packages/airflow/example_dags/example_local_kubernetes_executor.py took 0.145 seconds
[2023-11-12T20:01:27.915+0000] {processor.py:154} INFO - Started process (PID=350) to work on /home/airflow/.local/lib/python3.7/site-packages/airflow/example_dags/example_local_kubernetes_executor.py
[2023-11-12T20:01:27.916+0000] {processor.py:756} INFO - Processing file /home/airflow/.local/lib/python3.7/site-packages/airflow/example_dags/example_local_kubernetes_executor.py for tasks to queue
[2023-11-12T20:01:27.917+0000] {logging_mixin.py:120} INFO - [2023-11-12T20:01:27.916+0000] {dagbag.py:537} INFO - Filling up the DagBag from /home/airflow/.local/lib/python3.7/site-packages/airflow/example_dags/example_local_kubernetes_executor.py
[2023-11-12T20:01:27.950+0000] {processor.py:766} INFO - DAG(s) dict_keys(['example_local_kubernetes_executor']) retrieved from /home/airflow/.local/lib/python3.7/site-packages/airflow/example_dags/example_local_kubernetes_executor.py
[2023-11-12T20:01:27.998+0000] {logging_mixin.py:120} INFO - [2023-11-12T20:01:27.998+0000] {dag.py:2585} INFO - Sync 1 DAGs
[2023-11-12T20:01:28.032+0000] {logging_mixin.py:120} INFO - [2023-11-12T20:01:28.032+0000] {dag.py:3340} INFO - Setting next_dagrun for example_local_kubernetes_executor to None, run_after=None
[2023-11-12T20:01:28.058+0000] {processor.py:176} INFO - Processing /home/airflow/.local/lib/python3.7/site-packages/airflow/example_dags/example_local_kubernetes_executor.py took 0.147 seconds
[2023-11-12T20:01:58.812+0000] {processor.py:154} INFO - Started process (PID=404) to work on /home/airflow/.local/lib/python3.7/site-packages/airflow/example_dags/example_local_kubernetes_executor.py
[2023-11-12T20:01:58.813+0000] {processor.py:756} INFO - Processing file /home/airflow/.local/lib/python3.7/site-packages/airflow/example_dags/example_local_kubernetes_executor.py for tasks to queue
[2023-11-12T20:01:58.814+0000] {logging_mixin.py:120} INFO - [2023-11-12T20:01:58.813+0000] {dagbag.py:537} INFO - Filling up the DagBag from /home/airflow/.local/lib/python3.7/site-packages/airflow/example_dags/example_local_kubernetes_executor.py
[2023-11-12T20:01:58.839+0000] {processor.py:766} INFO - DAG(s) dict_keys(['example_local_kubernetes_executor']) retrieved from /home/airflow/.local/lib/python3.7/site-packages/airflow/example_dags/example_local_kubernetes_executor.py
[2023-11-12T20:01:58.898+0000] {logging_mixin.py:120} INFO - [2023-11-12T20:01:58.898+0000] {dag.py:2585} INFO - Sync 1 DAGs
[2023-11-12T20:01:58.930+0000] {logging_mixin.py:120} INFO - [2023-11-12T20:01:58.930+0000] {dag.py:3340} INFO - Setting next_dagrun for example_local_kubernetes_executor to None, run_after=None
[2023-11-12T20:01:58.963+0000] {processor.py:176} INFO - Processing /home/airflow/.local/lib/python3.7/site-packages/airflow/example_dags/example_local_kubernetes_executor.py took 0.161 seconds
[2023-11-12T20:02:29.486+0000] {processor.py:154} INFO - Started process (PID=467) to work on /home/airflow/.local/lib/python3.7/site-packages/airflow/example_dags/example_local_kubernetes_executor.py
[2023-11-12T20:02:29.487+0000] {processor.py:756} INFO - Processing file /home/airflow/.local/lib/python3.7/site-packages/airflow/example_dags/example_local_kubernetes_executor.py for tasks to queue
[2023-11-12T20:02:29.488+0000] {logging_mixin.py:120} INFO - [2023-11-12T20:02:29.488+0000] {dagbag.py:537} INFO - Filling up the DagBag from /home/airflow/.local/lib/python3.7/site-packages/airflow/example_dags/example_local_kubernetes_executor.py
[2023-11-12T20:02:29.513+0000] {processor.py:766} INFO - DAG(s) dict_keys(['example_local_kubernetes_executor']) retrieved from /home/airflow/.local/lib/python3.7/site-packages/airflow/example_dags/example_local_kubernetes_executor.py
[2023-11-12T20:02:29.559+0000] {logging_mixin.py:120} INFO - [2023-11-12T20:02:29.559+0000] {dag.py:2585} INFO - Sync 1 DAGs
[2023-11-12T20:02:29.591+0000] {logging_mixin.py:120} INFO - [2023-11-12T20:02:29.591+0000] {dag.py:3340} INFO - Setting next_dagrun for example_local_kubernetes_executor to None, run_after=None
[2023-11-12T20:02:29.618+0000] {processor.py:176} INFO - Processing /home/airflow/.local/lib/python3.7/site-packages/airflow/example_dags/example_local_kubernetes_executor.py took 0.134 seconds
[2023-11-12T20:03:00.196+0000] {processor.py:154} INFO - Started process (PID=531) to work on /home/airflow/.local/lib/python3.7/site-packages/airflow/example_dags/example_local_kubernetes_executor.py
[2023-11-12T20:03:00.197+0000] {processor.py:756} INFO - Processing file /home/airflow/.local/lib/python3.7/site-packages/airflow/example_dags/example_local_kubernetes_executor.py for tasks to queue
[2023-11-12T20:03:00.197+0000] {logging_mixin.py:120} INFO - [2023-11-12T20:03:00.197+0000] {dagbag.py:537} INFO - Filling up the DagBag from /home/airflow/.local/lib/python3.7/site-packages/airflow/example_dags/example_local_kubernetes_executor.py
[2023-11-12T20:03:00.218+0000] {processor.py:766} INFO - DAG(s) dict_keys(['example_local_kubernetes_executor']) retrieved from /home/airflow/.local/lib/python3.7/site-packages/airflow/example_dags/example_local_kubernetes_executor.py
[2023-11-12T20:03:00.255+0000] {logging_mixin.py:120} INFO - [2023-11-12T20:03:00.254+0000] {dag.py:2585} INFO - Sync 1 DAGs
[2023-11-12T20:03:00.274+0000] {logging_mixin.py:120} INFO - [2023-11-12T20:03:00.274+0000] {dag.py:3340} INFO - Setting next_dagrun for example_local_kubernetes_executor to None, run_after=None
[2023-11-12T20:03:00.295+0000] {processor.py:176} INFO - Processing /home/airflow/.local/lib/python3.7/site-packages/airflow/example_dags/example_local_kubernetes_executor.py took 0.101 seconds
[2023-11-12T20:03:30.674+0000] {processor.py:154} INFO - Started process (PID=586) to work on /home/airflow/.local/lib/python3.7/site-packages/airflow/example_dags/example_local_kubernetes_executor.py
[2023-11-12T20:03:30.674+0000] {processor.py:756} INFO - Processing file /home/airflow/.local/lib/python3.7/site-packages/airflow/example_dags/example_local_kubernetes_executor.py for tasks to queue
[2023-11-12T20:03:30.675+0000] {logging_mixin.py:120} INFO - [2023-11-12T20:03:30.675+0000] {dagbag.py:537} INFO - Filling up the DagBag from /home/airflow/.local/lib/python3.7/site-packages/airflow/example_dags/example_local_kubernetes_executor.py
[2023-11-12T20:03:30.700+0000] {processor.py:766} INFO - DAG(s) dict_keys(['example_local_kubernetes_executor']) retrieved from /home/airflow/.local/lib/python3.7/site-packages/airflow/example_dags/example_local_kubernetes_executor.py
[2023-11-12T20:03:30.731+0000] {logging_mixin.py:120} INFO - [2023-11-12T20:03:30.731+0000] {dag.py:2585} INFO - Sync 1 DAGs
[2023-11-12T20:03:30.754+0000] {logging_mixin.py:120} INFO - [2023-11-12T20:03:30.754+0000] {dag.py:3340} INFO - Setting next_dagrun for example_local_kubernetes_executor to None, run_after=None
[2023-11-12T20:03:30.777+0000] {processor.py:176} INFO - Processing /home/airflow/.local/lib/python3.7/site-packages/airflow/example_dags/example_local_kubernetes_executor.py took 0.107 seconds
[2023-11-12T20:04:00.956+0000] {processor.py:154} INFO - Started process (PID=650) to work on /home/airflow/.local/lib/python3.7/site-packages/airflow/example_dags/example_local_kubernetes_executor.py
[2023-11-12T20:04:00.956+0000] {processor.py:756} INFO - Processing file /home/airflow/.local/lib/python3.7/site-packages/airflow/example_dags/example_local_kubernetes_executor.py for tasks to queue
[2023-11-12T20:04:00.957+0000] {logging_mixin.py:120} INFO - [2023-11-12T20:04:00.957+0000] {dagbag.py:537} INFO - Filling up the DagBag from /home/airflow/.local/lib/python3.7/site-packages/airflow/example_dags/example_local_kubernetes_executor.py
[2023-11-12T20:04:00.980+0000] {processor.py:766} INFO - DAG(s) dict_keys(['example_local_kubernetes_executor']) retrieved from /home/airflow/.local/lib/python3.7/site-packages/airflow/example_dags/example_local_kubernetes_executor.py
[2023-11-12T20:04:01.011+0000] {logging_mixin.py:120} INFO - [2023-11-12T20:04:01.011+0000] {dag.py:2585} INFO - Sync 1 DAGs
[2023-11-12T20:04:01.031+0000] {logging_mixin.py:120} INFO - [2023-11-12T20:04:01.031+0000] {dag.py:3340} INFO - Setting next_dagrun for example_local_kubernetes_executor to None, run_after=None
[2023-11-12T20:04:01.052+0000] {processor.py:176} INFO - Processing /home/airflow/.local/lib/python3.7/site-packages/airflow/example_dags/example_local_kubernetes_executor.py took 0.100 seconds
[2023-11-12T20:04:32.029+0000] {processor.py:154} INFO - Started process (PID=714) to work on /home/airflow/.local/lib/python3.7/site-packages/airflow/example_dags/example_local_kubernetes_executor.py
[2023-11-12T20:04:32.029+0000] {processor.py:756} INFO - Processing file /home/airflow/.local/lib/python3.7/site-packages/airflow/example_dags/example_local_kubernetes_executor.py for tasks to queue
[2023-11-12T20:04:32.030+0000] {logging_mixin.py:120} INFO - [2023-11-12T20:04:32.030+0000] {dagbag.py:537} INFO - Filling up the DagBag from /home/airflow/.local/lib/python3.7/site-packages/airflow/example_dags/example_local_kubernetes_executor.py
[2023-11-12T20:04:32.050+0000] {processor.py:766} INFO - DAG(s) dict_keys(['example_local_kubernetes_executor']) retrieved from /home/airflow/.local/lib/python3.7/site-packages/airflow/example_dags/example_local_kubernetes_executor.py
[2023-11-12T20:04:32.092+0000] {logging_mixin.py:120} INFO - [2023-11-12T20:04:32.092+0000] {dag.py:2585} INFO - Sync 1 DAGs
[2023-11-12T20:04:32.114+0000] {logging_mixin.py:120} INFO - [2023-11-12T20:04:32.114+0000] {dag.py:3340} INFO - Setting next_dagrun for example_local_kubernetes_executor to None, run_after=None
[2023-11-12T20:04:32.138+0000] {processor.py:176} INFO - Processing /home/airflow/.local/lib/python3.7/site-packages/airflow/example_dags/example_local_kubernetes_executor.py took 0.121 seconds
[2023-11-12T20:05:03.375+0000] {processor.py:154} INFO - Started process (PID=768) to work on /home/airflow/.local/lib/python3.7/site-packages/airflow/example_dags/example_local_kubernetes_executor.py
[2023-11-12T20:05:03.376+0000] {processor.py:756} INFO - Processing file /home/airflow/.local/lib/python3.7/site-packages/airflow/example_dags/example_local_kubernetes_executor.py for tasks to queue
[2023-11-12T20:05:03.377+0000] {logging_mixin.py:120} INFO - [2023-11-12T20:05:03.377+0000] {dagbag.py:537} INFO - Filling up the DagBag from /home/airflow/.local/lib/python3.7/site-packages/airflow/example_dags/example_local_kubernetes_executor.py
[2023-11-12T20:05:03.514+0000] {processor.py:766} INFO - DAG(s) dict_keys(['example_local_kubernetes_executor']) retrieved from /home/airflow/.local/lib/python3.7/site-packages/airflow/example_dags/example_local_kubernetes_executor.py
[2023-11-12T20:05:03.873+0000] {logging_mixin.py:120} INFO - [2023-11-12T20:05:03.869+0000] {dag.py:2585} INFO - Sync 1 DAGs
[2023-11-12T20:05:03.976+0000] {logging_mixin.py:120} INFO - [2023-11-12T20:05:03.976+0000] {dag.py:3340} INFO - Setting next_dagrun for example_local_kubernetes_executor to None, run_after=None
[2023-11-12T20:05:04.083+0000] {processor.py:176} INFO - Processing /home/airflow/.local/lib/python3.7/site-packages/airflow/example_dags/example_local_kubernetes_executor.py took 0.719 seconds
[2023-11-12T20:05:34.387+0000] {processor.py:154} INFO - Started process (PID=831) to work on /home/airflow/.local/lib/python3.7/site-packages/airflow/example_dags/example_local_kubernetes_executor.py
[2023-11-12T20:05:34.388+0000] {processor.py:756} INFO - Processing file /home/airflow/.local/lib/python3.7/site-packages/airflow/example_dags/example_local_kubernetes_executor.py for tasks to queue
[2023-11-12T20:05:34.389+0000] {logging_mixin.py:120} INFO - [2023-11-12T20:05:34.389+0000] {dagbag.py:537} INFO - Filling up the DagBag from /home/airflow/.local/lib/python3.7/site-packages/airflow/example_dags/example_local_kubernetes_executor.py
[2023-11-12T20:05:34.603+0000] {processor.py:766} INFO - DAG(s) dict_keys(['example_local_kubernetes_executor']) retrieved from /home/airflow/.local/lib/python3.7/site-packages/airflow/example_dags/example_local_kubernetes_executor.py
[2023-11-12T20:05:34.676+0000] {logging_mixin.py:120} INFO - [2023-11-12T20:05:34.676+0000] {dag.py:2585} INFO - Sync 1 DAGs
[2023-11-12T20:05:34.699+0000] {logging_mixin.py:120} INFO - [2023-11-12T20:05:34.699+0000] {dag.py:3340} INFO - Setting next_dagrun for example_local_kubernetes_executor to None, run_after=None
[2023-11-12T20:05:34.720+0000] {processor.py:176} INFO - Processing /home/airflow/.local/lib/python3.7/site-packages/airflow/example_dags/example_local_kubernetes_executor.py took 0.337 seconds
[2023-11-12T20:06:05.433+0000] {processor.py:154} INFO - Started process (PID=884) to work on /home/airflow/.local/lib/python3.7/site-packages/airflow/example_dags/example_local_kubernetes_executor.py
[2023-11-12T20:06:05.434+0000] {processor.py:756} INFO - Processing file /home/airflow/.local/lib/python3.7/site-packages/airflow/example_dags/example_local_kubernetes_executor.py for tasks to queue
[2023-11-12T20:06:05.434+0000] {logging_mixin.py:120} INFO - [2023-11-12T20:06:05.434+0000] {dagbag.py:537} INFO - Filling up the DagBag from /home/airflow/.local/lib/python3.7/site-packages/airflow/example_dags/example_local_kubernetes_executor.py
[2023-11-12T20:06:05.461+0000] {processor.py:766} INFO - DAG(s) dict_keys(['example_local_kubernetes_executor']) retrieved from /home/airflow/.local/lib/python3.7/site-packages/airflow/example_dags/example_local_kubernetes_executor.py
[2023-11-12T20:06:05.545+0000] {logging_mixin.py:120} INFO - [2023-11-12T20:06:05.544+0000] {dag.py:2585} INFO - Sync 1 DAGs
[2023-11-12T20:06:05.617+0000] {logging_mixin.py:120} INFO - [2023-11-12T20:06:05.617+0000] {dag.py:3340} INFO - Setting next_dagrun for example_local_kubernetes_executor to None, run_after=None
[2023-11-12T20:06:05.698+0000] {processor.py:176} INFO - Processing /home/airflow/.local/lib/python3.7/site-packages/airflow/example_dags/example_local_kubernetes_executor.py took 0.268 seconds
[2023-11-12T20:06:35.985+0000] {processor.py:154} INFO - Started process (PID=947) to work on /home/airflow/.local/lib/python3.7/site-packages/airflow/example_dags/example_local_kubernetes_executor.py
[2023-11-12T20:06:35.986+0000] {processor.py:756} INFO - Processing file /home/airflow/.local/lib/python3.7/site-packages/airflow/example_dags/example_local_kubernetes_executor.py for tasks to queue
[2023-11-12T20:06:35.987+0000] {logging_mixin.py:120} INFO - [2023-11-12T20:06:35.987+0000] {dagbag.py:537} INFO - Filling up the DagBag from /home/airflow/.local/lib/python3.7/site-packages/airflow/example_dags/example_local_kubernetes_executor.py
[2023-11-12T20:06:36.012+0000] {processor.py:766} INFO - DAG(s) dict_keys(['example_local_kubernetes_executor']) retrieved from /home/airflow/.local/lib/python3.7/site-packages/airflow/example_dags/example_local_kubernetes_executor.py
[2023-11-12T20:06:36.095+0000] {logging_mixin.py:120} INFO - [2023-11-12T20:06:36.094+0000] {dag.py:2585} INFO - Sync 1 DAGs
[2023-11-12T20:06:36.122+0000] {logging_mixin.py:120} INFO - [2023-11-12T20:06:36.122+0000] {dag.py:3340} INFO - Setting next_dagrun for example_local_kubernetes_executor to None, run_after=None
[2023-11-12T20:06:36.149+0000] {processor.py:176} INFO - Processing /home/airflow/.local/lib/python3.7/site-packages/airflow/example_dags/example_local_kubernetes_executor.py took 0.167 seconds
