[2023-11-12T19:53:11.458+0000] {processor.py:154} INFO - Started process (PID=63) to work on /home/airflow/.local/lib/python3.7/site-packages/airflow/example_dags/example_trigger_target_dag.py
[2023-11-12T19:53:11.459+0000] {processor.py:756} INFO - Processing file /home/airflow/.local/lib/python3.7/site-packages/airflow/example_dags/example_trigger_target_dag.py for tasks to queue
[2023-11-12T19:53:11.459+0000] {logging_mixin.py:120} INFO - [2023-11-12T19:53:11.459+0000] {dagbag.py:537} INFO - Filling up the DagBag from /home/airflow/.local/lib/python3.7/site-packages/airflow/example_dags/example_trigger_target_dag.py
[2023-11-12T19:53:11.536+0000] {processor.py:766} INFO - DAG(s) dict_keys(['example_trigger_target_dag']) retrieved from /home/airflow/.local/lib/python3.7/site-packages/airflow/example_dags/example_trigger_target_dag.py
[2023-11-12T19:53:12.036+0000] {logging_mixin.py:120} INFO - [2023-11-12T19:53:12.036+0000] {manager.py:507} INFO - Created Permission View: can edit on DAG:example_trigger_target_dag
[2023-11-12T19:53:12.064+0000] {logging_mixin.py:120} INFO - [2023-11-12T19:53:12.064+0000] {manager.py:507} INFO - Created Permission View: can delete on DAG:example_trigger_target_dag
[2023-11-12T19:53:12.083+0000] {logging_mixin.py:120} INFO - [2023-11-12T19:53:12.082+0000] {manager.py:507} INFO - Created Permission View: can read on DAG:example_trigger_target_dag
[2023-11-12T19:53:12.083+0000] {logging_mixin.py:120} INFO - [2023-11-12T19:53:12.083+0000] {dag.py:2585} INFO - Sync 1 DAGs
[2023-11-12T19:53:12.130+0000] {logging_mixin.py:120} INFO - [2023-11-12T19:53:12.130+0000] {dag.py:2606} INFO - Creating ORM DAG for example_trigger_target_dag
[2023-11-12T19:53:12.193+0000] {logging_mixin.py:120} INFO - [2023-11-12T19:53:12.193+0000] {dag.py:3340} INFO - Setting next_dagrun for example_trigger_target_dag to None, run_after=None
[2023-11-12T19:53:12.277+0000] {processor.py:176} INFO - Processing /home/airflow/.local/lib/python3.7/site-packages/airflow/example_dags/example_trigger_target_dag.py took 0.837 seconds
[2023-11-12T19:53:42.676+0000] {processor.py:154} INFO - Started process (PID=126) to work on /home/airflow/.local/lib/python3.7/site-packages/airflow/example_dags/example_trigger_target_dag.py
[2023-11-12T19:53:42.682+0000] {processor.py:756} INFO - Processing file /home/airflow/.local/lib/python3.7/site-packages/airflow/example_dags/example_trigger_target_dag.py for tasks to queue
[2023-11-12T19:53:42.683+0000] {logging_mixin.py:120} INFO - [2023-11-12T19:53:42.683+0000] {dagbag.py:537} INFO - Filling up the DagBag from /home/airflow/.local/lib/python3.7/site-packages/airflow/example_dags/example_trigger_target_dag.py
[2023-11-12T19:53:42.740+0000] {processor.py:766} INFO - DAG(s) dict_keys(['example_trigger_target_dag']) retrieved from /home/airflow/.local/lib/python3.7/site-packages/airflow/example_dags/example_trigger_target_dag.py
[2023-11-12T19:53:42.841+0000] {logging_mixin.py:120} INFO - [2023-11-12T19:53:42.841+0000] {dag.py:2585} INFO - Sync 1 DAGs
[2023-11-12T19:53:42.932+0000] {logging_mixin.py:120} INFO - [2023-11-12T19:53:42.932+0000] {dag.py:3340} INFO - Setting next_dagrun for example_trigger_target_dag to None, run_after=None
[2023-11-12T19:53:42.969+0000] {processor.py:176} INFO - Processing /home/airflow/.local/lib/python3.7/site-packages/airflow/example_dags/example_trigger_target_dag.py took 0.296 seconds
[2023-11-12T19:54:13.071+0000] {processor.py:154} INFO - Started process (PID=180) to work on /home/airflow/.local/lib/python3.7/site-packages/airflow/example_dags/example_trigger_target_dag.py
[2023-11-12T19:54:13.072+0000] {processor.py:756} INFO - Processing file /home/airflow/.local/lib/python3.7/site-packages/airflow/example_dags/example_trigger_target_dag.py for tasks to queue
[2023-11-12T19:54:13.072+0000] {logging_mixin.py:120} INFO - [2023-11-12T19:54:13.072+0000] {dagbag.py:537} INFO - Filling up the DagBag from /home/airflow/.local/lib/python3.7/site-packages/airflow/example_dags/example_trigger_target_dag.py
[2023-11-12T19:54:13.097+0000] {processor.py:766} INFO - DAG(s) dict_keys(['example_trigger_target_dag']) retrieved from /home/airflow/.local/lib/python3.7/site-packages/airflow/example_dags/example_trigger_target_dag.py
[2023-11-12T19:54:13.155+0000] {logging_mixin.py:120} INFO - [2023-11-12T19:54:13.155+0000] {dag.py:2585} INFO - Sync 1 DAGs
[2023-11-12T19:54:13.185+0000] {logging_mixin.py:120} INFO - [2023-11-12T19:54:13.185+0000] {dag.py:3340} INFO - Setting next_dagrun for example_trigger_target_dag to None, run_after=None
[2023-11-12T19:54:13.215+0000] {processor.py:176} INFO - Processing /home/airflow/.local/lib/python3.7/site-packages/airflow/example_dags/example_trigger_target_dag.py took 0.149 seconds
[2023-11-12T19:57:05.711+0000] {processor.py:154} INFO - Started process (PID=62) to work on /home/airflow/.local/lib/python3.7/site-packages/airflow/example_dags/example_trigger_target_dag.py
[2023-11-12T19:57:05.728+0000] {processor.py:756} INFO - Processing file /home/airflow/.local/lib/python3.7/site-packages/airflow/example_dags/example_trigger_target_dag.py for tasks to queue
[2023-11-12T19:57:05.729+0000] {logging_mixin.py:120} INFO - [2023-11-12T19:57:05.729+0000] {dagbag.py:537} INFO - Filling up the DagBag from /home/airflow/.local/lib/python3.7/site-packages/airflow/example_dags/example_trigger_target_dag.py
[2023-11-12T19:57:05.855+0000] {processor.py:766} INFO - DAG(s) dict_keys(['example_trigger_target_dag']) retrieved from /home/airflow/.local/lib/python3.7/site-packages/airflow/example_dags/example_trigger_target_dag.py
[2023-11-12T19:57:06.141+0000] {logging_mixin.py:120} INFO - [2023-11-12T19:57:06.141+0000] {dag.py:2585} INFO - Sync 1 DAGs
[2023-11-12T19:57:06.293+0000] {logging_mixin.py:120} INFO - [2023-11-12T19:57:06.293+0000] {dag.py:3340} INFO - Setting next_dagrun for example_trigger_target_dag to None, run_after=None
[2023-11-12T19:57:06.375+0000] {processor.py:176} INFO - Processing /home/airflow/.local/lib/python3.7/site-packages/airflow/example_dags/example_trigger_target_dag.py took 0.667 seconds
[2023-11-12T19:57:37.138+0000] {processor.py:154} INFO - Started process (PID=116) to work on /home/airflow/.local/lib/python3.7/site-packages/airflow/example_dags/example_trigger_target_dag.py
[2023-11-12T19:57:37.138+0000] {processor.py:756} INFO - Processing file /home/airflow/.local/lib/python3.7/site-packages/airflow/example_dags/example_trigger_target_dag.py for tasks to queue
[2023-11-12T19:57:37.139+0000] {logging_mixin.py:120} INFO - [2023-11-12T19:57:37.139+0000] {dagbag.py:537} INFO - Filling up the DagBag from /home/airflow/.local/lib/python3.7/site-packages/airflow/example_dags/example_trigger_target_dag.py
[2023-11-12T19:57:37.183+0000] {processor.py:766} INFO - DAG(s) dict_keys(['example_trigger_target_dag']) retrieved from /home/airflow/.local/lib/python3.7/site-packages/airflow/example_dags/example_trigger_target_dag.py
[2023-11-12T19:57:37.240+0000] {logging_mixin.py:120} INFO - [2023-11-12T19:57:37.239+0000] {dag.py:2585} INFO - Sync 1 DAGs
[2023-11-12T19:57:37.271+0000] {logging_mixin.py:120} INFO - [2023-11-12T19:57:37.271+0000] {dag.py:3340} INFO - Setting next_dagrun for example_trigger_target_dag to None, run_after=None
[2023-11-12T19:57:37.297+0000] {processor.py:176} INFO - Processing /home/airflow/.local/lib/python3.7/site-packages/airflow/example_dags/example_trigger_target_dag.py took 0.162 seconds
[2023-11-12T19:58:59.387+0000] {processor.py:154} INFO - Started process (PID=64) to work on /home/airflow/.local/lib/python3.7/site-packages/airflow/example_dags/example_trigger_target_dag.py
[2023-11-12T19:58:59.394+0000] {processor.py:756} INFO - Processing file /home/airflow/.local/lib/python3.7/site-packages/airflow/example_dags/example_trigger_target_dag.py for tasks to queue
[2023-11-12T19:58:59.401+0000] {logging_mixin.py:120} INFO - [2023-11-12T19:58:59.400+0000] {dagbag.py:537} INFO - Filling up the DagBag from /home/airflow/.local/lib/python3.7/site-packages/airflow/example_dags/example_trigger_target_dag.py
[2023-11-12T19:58:59.496+0000] {processor.py:766} INFO - DAG(s) dict_keys(['example_trigger_target_dag']) retrieved from /home/airflow/.local/lib/python3.7/site-packages/airflow/example_dags/example_trigger_target_dag.py
[2023-11-12T19:58:59.673+0000] {logging_mixin.py:120} INFO - [2023-11-12T19:58:59.673+0000] {dag.py:2585} INFO - Sync 1 DAGs
[2023-11-12T19:58:59.897+0000] {logging_mixin.py:120} INFO - [2023-11-12T19:58:59.897+0000] {dag.py:3340} INFO - Setting next_dagrun for example_trigger_target_dag to None, run_after=None
[2023-11-12T19:58:59.977+0000] {processor.py:176} INFO - Processing /home/airflow/.local/lib/python3.7/site-packages/airflow/example_dags/example_trigger_target_dag.py took 0.613 seconds
[2023-11-12T19:59:30.997+0000] {processor.py:154} INFO - Started process (PID=119) to work on /home/airflow/.local/lib/python3.7/site-packages/airflow/example_dags/example_trigger_target_dag.py
[2023-11-12T19:59:30.998+0000] {processor.py:756} INFO - Processing file /home/airflow/.local/lib/python3.7/site-packages/airflow/example_dags/example_trigger_target_dag.py for tasks to queue
[2023-11-12T19:59:30.999+0000] {logging_mixin.py:120} INFO - [2023-11-12T19:59:30.998+0000] {dagbag.py:537} INFO - Filling up the DagBag from /home/airflow/.local/lib/python3.7/site-packages/airflow/example_dags/example_trigger_target_dag.py
[2023-11-12T19:59:31.031+0000] {processor.py:766} INFO - DAG(s) dict_keys(['example_trigger_target_dag']) retrieved from /home/airflow/.local/lib/python3.7/site-packages/airflow/example_dags/example_trigger_target_dag.py
[2023-11-12T19:59:31.094+0000] {logging_mixin.py:120} INFO - [2023-11-12T19:59:31.094+0000] {dag.py:2585} INFO - Sync 1 DAGs
[2023-11-12T19:59:31.144+0000] {logging_mixin.py:120} INFO - [2023-11-12T19:59:31.144+0000] {dag.py:3340} INFO - Setting next_dagrun for example_trigger_target_dag to None, run_after=None
[2023-11-12T19:59:31.185+0000] {processor.py:176} INFO - Processing /home/airflow/.local/lib/python3.7/site-packages/airflow/example_dags/example_trigger_target_dag.py took 0.190 seconds
[2023-11-12T20:00:01.699+0000] {processor.py:154} INFO - Started process (PID=184) to work on /home/airflow/.local/lib/python3.7/site-packages/airflow/example_dags/example_trigger_target_dag.py
[2023-11-12T20:00:01.700+0000] {processor.py:756} INFO - Processing file /home/airflow/.local/lib/python3.7/site-packages/airflow/example_dags/example_trigger_target_dag.py for tasks to queue
[2023-11-12T20:00:01.701+0000] {logging_mixin.py:120} INFO - [2023-11-12T20:00:01.700+0000] {dagbag.py:537} INFO - Filling up the DagBag from /home/airflow/.local/lib/python3.7/site-packages/airflow/example_dags/example_trigger_target_dag.py
[2023-11-12T20:00:01.727+0000] {processor.py:766} INFO - DAG(s) dict_keys(['example_trigger_target_dag']) retrieved from /home/airflow/.local/lib/python3.7/site-packages/airflow/example_dags/example_trigger_target_dag.py
[2023-11-12T20:00:01.771+0000] {logging_mixin.py:120} INFO - [2023-11-12T20:00:01.771+0000] {dag.py:2585} INFO - Sync 1 DAGs
[2023-11-12T20:00:01.809+0000] {logging_mixin.py:120} INFO - [2023-11-12T20:00:01.809+0000] {dag.py:3340} INFO - Setting next_dagrun for example_trigger_target_dag to None, run_after=None
[2023-11-12T20:00:01.862+0000] {processor.py:176} INFO - Processing /home/airflow/.local/lib/python3.7/site-packages/airflow/example_dags/example_trigger_target_dag.py took 0.167 seconds
[2023-11-12T20:00:32.017+0000] {processor.py:154} INFO - Started process (PID=246) to work on /home/airflow/.local/lib/python3.7/site-packages/airflow/example_dags/example_trigger_target_dag.py
[2023-11-12T20:00:32.017+0000] {processor.py:756} INFO - Processing file /home/airflow/.local/lib/python3.7/site-packages/airflow/example_dags/example_trigger_target_dag.py for tasks to queue
[2023-11-12T20:00:32.018+0000] {logging_mixin.py:120} INFO - [2023-11-12T20:00:32.018+0000] {dagbag.py:537} INFO - Filling up the DagBag from /home/airflow/.local/lib/python3.7/site-packages/airflow/example_dags/example_trigger_target_dag.py
[2023-11-12T20:00:32.035+0000] {processor.py:766} INFO - DAG(s) dict_keys(['example_trigger_target_dag']) retrieved from /home/airflow/.local/lib/python3.7/site-packages/airflow/example_dags/example_trigger_target_dag.py
[2023-11-12T20:00:32.070+0000] {logging_mixin.py:120} INFO - [2023-11-12T20:00:32.070+0000] {dag.py:2585} INFO - Sync 1 DAGs
[2023-11-12T20:00:32.101+0000] {logging_mixin.py:120} INFO - [2023-11-12T20:00:32.101+0000] {dag.py:3340} INFO - Setting next_dagrun for example_trigger_target_dag to None, run_after=None
[2023-11-12T20:00:32.128+0000] {processor.py:176} INFO - Processing /home/airflow/.local/lib/python3.7/site-packages/airflow/example_dags/example_trigger_target_dag.py took 0.114 seconds
[2023-11-12T20:01:02.530+0000] {processor.py:154} INFO - Started process (PID=301) to work on /home/airflow/.local/lib/python3.7/site-packages/airflow/example_dags/example_trigger_target_dag.py
[2023-11-12T20:01:02.531+0000] {processor.py:756} INFO - Processing file /home/airflow/.local/lib/python3.7/site-packages/airflow/example_dags/example_trigger_target_dag.py for tasks to queue
[2023-11-12T20:01:02.531+0000] {logging_mixin.py:120} INFO - [2023-11-12T20:01:02.531+0000] {dagbag.py:537} INFO - Filling up the DagBag from /home/airflow/.local/lib/python3.7/site-packages/airflow/example_dags/example_trigger_target_dag.py
[2023-11-12T20:01:02.560+0000] {processor.py:766} INFO - DAG(s) dict_keys(['example_trigger_target_dag']) retrieved from /home/airflow/.local/lib/python3.7/site-packages/airflow/example_dags/example_trigger_target_dag.py
[2023-11-12T20:01:02.606+0000] {logging_mixin.py:120} INFO - [2023-11-12T20:01:02.605+0000] {dag.py:2585} INFO - Sync 1 DAGs
[2023-11-12T20:01:02.636+0000] {logging_mixin.py:120} INFO - [2023-11-12T20:01:02.635+0000] {dag.py:3340} INFO - Setting next_dagrun for example_trigger_target_dag to None, run_after=None
[2023-11-12T20:01:02.664+0000] {processor.py:176} INFO - Processing /home/airflow/.local/lib/python3.7/site-packages/airflow/example_dags/example_trigger_target_dag.py took 0.137 seconds
[2023-11-12T20:01:32.727+0000] {processor.py:154} INFO - Started process (PID=363) to work on /home/airflow/.local/lib/python3.7/site-packages/airflow/example_dags/example_trigger_target_dag.py
[2023-11-12T20:01:32.728+0000] {processor.py:756} INFO - Processing file /home/airflow/.local/lib/python3.7/site-packages/airflow/example_dags/example_trigger_target_dag.py for tasks to queue
[2023-11-12T20:01:32.729+0000] {logging_mixin.py:120} INFO - [2023-11-12T20:01:32.728+0000] {dagbag.py:537} INFO - Filling up the DagBag from /home/airflow/.local/lib/python3.7/site-packages/airflow/example_dags/example_trigger_target_dag.py
[2023-11-12T20:01:32.747+0000] {processor.py:766} INFO - DAG(s) dict_keys(['example_trigger_target_dag']) retrieved from /home/airflow/.local/lib/python3.7/site-packages/airflow/example_dags/example_trigger_target_dag.py
[2023-11-12T20:01:32.785+0000] {logging_mixin.py:120} INFO - [2023-11-12T20:01:32.785+0000] {dag.py:2585} INFO - Sync 1 DAGs
[2023-11-12T20:01:32.807+0000] {logging_mixin.py:120} INFO - [2023-11-12T20:01:32.807+0000] {dag.py:3340} INFO - Setting next_dagrun for example_trigger_target_dag to None, run_after=None
[2023-11-12T20:01:32.827+0000] {processor.py:176} INFO - Processing /home/airflow/.local/lib/python3.7/site-packages/airflow/example_dags/example_trigger_target_dag.py took 0.102 seconds
[2023-11-12T20:02:03.695+0000] {processor.py:154} INFO - Started process (PID=427) to work on /home/airflow/.local/lib/python3.7/site-packages/airflow/example_dags/example_trigger_target_dag.py
[2023-11-12T20:02:03.696+0000] {processor.py:756} INFO - Processing file /home/airflow/.local/lib/python3.7/site-packages/airflow/example_dags/example_trigger_target_dag.py for tasks to queue
[2023-11-12T20:02:03.697+0000] {logging_mixin.py:120} INFO - [2023-11-12T20:02:03.697+0000] {dagbag.py:537} INFO - Filling up the DagBag from /home/airflow/.local/lib/python3.7/site-packages/airflow/example_dags/example_trigger_target_dag.py
[2023-11-12T20:02:03.723+0000] {processor.py:766} INFO - DAG(s) dict_keys(['example_trigger_target_dag']) retrieved from /home/airflow/.local/lib/python3.7/site-packages/airflow/example_dags/example_trigger_target_dag.py
[2023-11-12T20:02:03.771+0000] {logging_mixin.py:120} INFO - [2023-11-12T20:02:03.771+0000] {dag.py:2585} INFO - Sync 1 DAGs
[2023-11-12T20:02:03.802+0000] {logging_mixin.py:120} INFO - [2023-11-12T20:02:03.802+0000] {dag.py:3340} INFO - Setting next_dagrun for example_trigger_target_dag to None, run_after=None
[2023-11-12T20:02:03.831+0000] {processor.py:176} INFO - Processing /home/airflow/.local/lib/python3.7/site-packages/airflow/example_dags/example_trigger_target_dag.py took 0.139 seconds
[2023-11-12T20:02:33.879+0000] {processor.py:154} INFO - Started process (PID=480) to work on /home/airflow/.local/lib/python3.7/site-packages/airflow/example_dags/example_trigger_target_dag.py
[2023-11-12T20:02:33.880+0000] {processor.py:756} INFO - Processing file /home/airflow/.local/lib/python3.7/site-packages/airflow/example_dags/example_trigger_target_dag.py for tasks to queue
[2023-11-12T20:02:33.880+0000] {logging_mixin.py:120} INFO - [2023-11-12T20:02:33.880+0000] {dagbag.py:537} INFO - Filling up the DagBag from /home/airflow/.local/lib/python3.7/site-packages/airflow/example_dags/example_trigger_target_dag.py
[2023-11-12T20:02:33.908+0000] {processor.py:766} INFO - DAG(s) dict_keys(['example_trigger_target_dag']) retrieved from /home/airflow/.local/lib/python3.7/site-packages/airflow/example_dags/example_trigger_target_dag.py
[2023-11-12T20:02:33.963+0000] {logging_mixin.py:120} INFO - [2023-11-12T20:02:33.963+0000] {dag.py:2585} INFO - Sync 1 DAGs
[2023-11-12T20:02:34.008+0000] {logging_mixin.py:120} INFO - [2023-11-12T20:02:34.007+0000] {dag.py:3340} INFO - Setting next_dagrun for example_trigger_target_dag to None, run_after=None
[2023-11-12T20:02:34.068+0000] {processor.py:176} INFO - Processing /home/airflow/.local/lib/python3.7/site-packages/airflow/example_dags/example_trigger_target_dag.py took 0.193 seconds
[2023-11-12T20:03:04.691+0000] {processor.py:154} INFO - Started process (PID=544) to work on /home/airflow/.local/lib/python3.7/site-packages/airflow/example_dags/example_trigger_target_dag.py
[2023-11-12T20:03:04.693+0000] {processor.py:756} INFO - Processing file /home/airflow/.local/lib/python3.7/site-packages/airflow/example_dags/example_trigger_target_dag.py for tasks to queue
[2023-11-12T20:03:04.694+0000] {logging_mixin.py:120} INFO - [2023-11-12T20:03:04.694+0000] {dagbag.py:537} INFO - Filling up the DagBag from /home/airflow/.local/lib/python3.7/site-packages/airflow/example_dags/example_trigger_target_dag.py
[2023-11-12T20:03:04.723+0000] {processor.py:766} INFO - DAG(s) dict_keys(['example_trigger_target_dag']) retrieved from /home/airflow/.local/lib/python3.7/site-packages/airflow/example_dags/example_trigger_target_dag.py
[2023-11-12T20:03:04.837+0000] {logging_mixin.py:120} INFO - [2023-11-12T20:03:04.836+0000] {dag.py:2585} INFO - Sync 1 DAGs
[2023-11-12T20:03:04.903+0000] {logging_mixin.py:120} INFO - [2023-11-12T20:03:04.903+0000] {dag.py:3340} INFO - Setting next_dagrun for example_trigger_target_dag to None, run_after=None
[2023-11-12T20:03:04.986+0000] {processor.py:176} INFO - Processing /home/airflow/.local/lib/python3.7/site-packages/airflow/example_dags/example_trigger_target_dag.py took 0.299 seconds
[2023-11-12T20:03:35.212+0000] {processor.py:154} INFO - Started process (PID=608) to work on /home/airflow/.local/lib/python3.7/site-packages/airflow/example_dags/example_trigger_target_dag.py
[2023-11-12T20:03:35.213+0000] {processor.py:756} INFO - Processing file /home/airflow/.local/lib/python3.7/site-packages/airflow/example_dags/example_trigger_target_dag.py for tasks to queue
[2023-11-12T20:03:35.213+0000] {logging_mixin.py:120} INFO - [2023-11-12T20:03:35.213+0000] {dagbag.py:537} INFO - Filling up the DagBag from /home/airflow/.local/lib/python3.7/site-packages/airflow/example_dags/example_trigger_target_dag.py
[2023-11-12T20:03:35.232+0000] {processor.py:766} INFO - DAG(s) dict_keys(['example_trigger_target_dag']) retrieved from /home/airflow/.local/lib/python3.7/site-packages/airflow/example_dags/example_trigger_target_dag.py
[2023-11-12T20:03:35.264+0000] {logging_mixin.py:120} INFO - [2023-11-12T20:03:35.264+0000] {dag.py:2585} INFO - Sync 1 DAGs
[2023-11-12T20:03:35.284+0000] {logging_mixin.py:120} INFO - [2023-11-12T20:03:35.284+0000] {dag.py:3340} INFO - Setting next_dagrun for example_trigger_target_dag to None, run_after=None
[2023-11-12T20:03:35.305+0000] {processor.py:176} INFO - Processing /home/airflow/.local/lib/python3.7/site-packages/airflow/example_dags/example_trigger_target_dag.py took 0.095 seconds
[2023-11-12T20:04:06.435+0000] {processor.py:154} INFO - Started process (PID=673) to work on /home/airflow/.local/lib/python3.7/site-packages/airflow/example_dags/example_trigger_target_dag.py
[2023-11-12T20:04:06.440+0000] {processor.py:756} INFO - Processing file /home/airflow/.local/lib/python3.7/site-packages/airflow/example_dags/example_trigger_target_dag.py for tasks to queue
[2023-11-12T20:04:06.441+0000] {logging_mixin.py:120} INFO - [2023-11-12T20:04:06.441+0000] {dagbag.py:537} INFO - Filling up the DagBag from /home/airflow/.local/lib/python3.7/site-packages/airflow/example_dags/example_trigger_target_dag.py
[2023-11-12T20:04:06.484+0000] {processor.py:766} INFO - DAG(s) dict_keys(['example_trigger_target_dag']) retrieved from /home/airflow/.local/lib/python3.7/site-packages/airflow/example_dags/example_trigger_target_dag.py
[2023-11-12T20:04:06.568+0000] {logging_mixin.py:120} INFO - [2023-11-12T20:04:06.568+0000] {dag.py:2585} INFO - Sync 1 DAGs
[2023-11-12T20:04:06.602+0000] {logging_mixin.py:120} INFO - [2023-11-12T20:04:06.602+0000] {dag.py:3340} INFO - Setting next_dagrun for example_trigger_target_dag to None, run_after=None
[2023-11-12T20:04:06.640+0000] {processor.py:176} INFO - Processing /home/airflow/.local/lib/python3.7/site-packages/airflow/example_dags/example_trigger_target_dag.py took 0.208 seconds
[2023-11-12T20:04:36.738+0000] {processor.py:154} INFO - Started process (PID=727) to work on /home/airflow/.local/lib/python3.7/site-packages/airflow/example_dags/example_trigger_target_dag.py
[2023-11-12T20:04:36.739+0000] {processor.py:756} INFO - Processing file /home/airflow/.local/lib/python3.7/site-packages/airflow/example_dags/example_trigger_target_dag.py for tasks to queue
[2023-11-12T20:04:36.740+0000] {logging_mixin.py:120} INFO - [2023-11-12T20:04:36.739+0000] {dagbag.py:537} INFO - Filling up the DagBag from /home/airflow/.local/lib/python3.7/site-packages/airflow/example_dags/example_trigger_target_dag.py
[2023-11-12T20:04:36.773+0000] {processor.py:766} INFO - DAG(s) dict_keys(['example_trigger_target_dag']) retrieved from /home/airflow/.local/lib/python3.7/site-packages/airflow/example_dags/example_trigger_target_dag.py
[2023-11-12T20:04:36.861+0000] {logging_mixin.py:120} INFO - [2023-11-12T20:04:36.860+0000] {dag.py:2585} INFO - Sync 1 DAGs
[2023-11-12T20:04:36.906+0000] {logging_mixin.py:120} INFO - [2023-11-12T20:04:36.906+0000] {dag.py:3340} INFO - Setting next_dagrun for example_trigger_target_dag to None, run_after=None
[2023-11-12T20:04:36.943+0000] {processor.py:176} INFO - Processing /home/airflow/.local/lib/python3.7/site-packages/airflow/example_dags/example_trigger_target_dag.py took 0.211 seconds
[2023-11-12T20:05:07.290+0000] {processor.py:154} INFO - Started process (PID=791) to work on /home/airflow/.local/lib/python3.7/site-packages/airflow/example_dags/example_trigger_target_dag.py
[2023-11-12T20:05:07.290+0000] {processor.py:756} INFO - Processing file /home/airflow/.local/lib/python3.7/site-packages/airflow/example_dags/example_trigger_target_dag.py for tasks to queue
[2023-11-12T20:05:07.292+0000] {logging_mixin.py:120} INFO - [2023-11-12T20:05:07.291+0000] {dagbag.py:537} INFO - Filling up the DagBag from /home/airflow/.local/lib/python3.7/site-packages/airflow/example_dags/example_trigger_target_dag.py
[2023-11-12T20:05:07.317+0000] {processor.py:766} INFO - DAG(s) dict_keys(['example_trigger_target_dag']) retrieved from /home/airflow/.local/lib/python3.7/site-packages/airflow/example_dags/example_trigger_target_dag.py
[2023-11-12T20:05:07.351+0000] {logging_mixin.py:120} INFO - [2023-11-12T20:05:07.351+0000] {dag.py:2585} INFO - Sync 1 DAGs
[2023-11-12T20:05:07.372+0000] {logging_mixin.py:120} INFO - [2023-11-12T20:05:07.372+0000] {dag.py:3340} INFO - Setting next_dagrun for example_trigger_target_dag to None, run_after=None
[2023-11-12T20:05:07.401+0000] {processor.py:176} INFO - Processing /home/airflow/.local/lib/python3.7/site-packages/airflow/example_dags/example_trigger_target_dag.py took 0.115 seconds
[2023-11-12T20:05:37.830+0000] {processor.py:154} INFO - Started process (PID=844) to work on /home/airflow/.local/lib/python3.7/site-packages/airflow/example_dags/example_trigger_target_dag.py
[2023-11-12T20:05:37.831+0000] {processor.py:756} INFO - Processing file /home/airflow/.local/lib/python3.7/site-packages/airflow/example_dags/example_trigger_target_dag.py for tasks to queue
[2023-11-12T20:05:37.831+0000] {logging_mixin.py:120} INFO - [2023-11-12T20:05:37.831+0000] {dagbag.py:537} INFO - Filling up the DagBag from /home/airflow/.local/lib/python3.7/site-packages/airflow/example_dags/example_trigger_target_dag.py
[2023-11-12T20:05:37.853+0000] {processor.py:766} INFO - DAG(s) dict_keys(['example_trigger_target_dag']) retrieved from /home/airflow/.local/lib/python3.7/site-packages/airflow/example_dags/example_trigger_target_dag.py
[2023-11-12T20:05:37.885+0000] {logging_mixin.py:120} INFO - [2023-11-12T20:05:37.885+0000] {dag.py:2585} INFO - Sync 1 DAGs
[2023-11-12T20:05:37.907+0000] {logging_mixin.py:120} INFO - [2023-11-12T20:05:37.907+0000] {dag.py:3340} INFO - Setting next_dagrun for example_trigger_target_dag to None, run_after=None
[2023-11-12T20:05:37.930+0000] {processor.py:176} INFO - Processing /home/airflow/.local/lib/python3.7/site-packages/airflow/example_dags/example_trigger_target_dag.py took 0.104 seconds
[2023-11-12T20:06:09.717+0000] {processor.py:154} INFO - Started process (PID=906) to work on /home/airflow/.local/lib/python3.7/site-packages/airflow/example_dags/example_trigger_target_dag.py
[2023-11-12T20:06:09.718+0000] {processor.py:756} INFO - Processing file /home/airflow/.local/lib/python3.7/site-packages/airflow/example_dags/example_trigger_target_dag.py for tasks to queue
[2023-11-12T20:06:09.719+0000] {logging_mixin.py:120} INFO - [2023-11-12T20:06:09.719+0000] {dagbag.py:537} INFO - Filling up the DagBag from /home/airflow/.local/lib/python3.7/site-packages/airflow/example_dags/example_trigger_target_dag.py
[2023-11-12T20:06:09.765+0000] {processor.py:766} INFO - DAG(s) dict_keys(['example_trigger_target_dag']) retrieved from /home/airflow/.local/lib/python3.7/site-packages/airflow/example_dags/example_trigger_target_dag.py
[2023-11-12T20:06:09.860+0000] {logging_mixin.py:120} INFO - [2023-11-12T20:06:09.860+0000] {dag.py:2585} INFO - Sync 1 DAGs
[2023-11-12T20:06:09.917+0000] {logging_mixin.py:120} INFO - [2023-11-12T20:06:09.917+0000] {dag.py:3340} INFO - Setting next_dagrun for example_trigger_target_dag to None, run_after=None
[2023-11-12T20:06:09.952+0000] {processor.py:176} INFO - Processing /home/airflow/.local/lib/python3.7/site-packages/airflow/example_dags/example_trigger_target_dag.py took 0.247 seconds
[2023-11-12T20:06:40.667+0000] {processor.py:154} INFO - Started process (PID=961) to work on /home/airflow/.local/lib/python3.7/site-packages/airflow/example_dags/example_trigger_target_dag.py
[2023-11-12T20:06:40.669+0000] {processor.py:756} INFO - Processing file /home/airflow/.local/lib/python3.7/site-packages/airflow/example_dags/example_trigger_target_dag.py for tasks to queue
[2023-11-12T20:06:40.669+0000] {logging_mixin.py:120} INFO - [2023-11-12T20:06:40.669+0000] {dagbag.py:537} INFO - Filling up the DagBag from /home/airflow/.local/lib/python3.7/site-packages/airflow/example_dags/example_trigger_target_dag.py
[2023-11-12T20:06:40.703+0000] {processor.py:766} INFO - DAG(s) dict_keys(['example_trigger_target_dag']) retrieved from /home/airflow/.local/lib/python3.7/site-packages/airflow/example_dags/example_trigger_target_dag.py
[2023-11-12T20:06:40.749+0000] {logging_mixin.py:120} INFO - [2023-11-12T20:06:40.749+0000] {dag.py:2585} INFO - Sync 1 DAGs
[2023-11-12T20:06:40.779+0000] {logging_mixin.py:120} INFO - [2023-11-12T20:06:40.779+0000] {dag.py:3340} INFO - Setting next_dagrun for example_trigger_target_dag to None, run_after=None
[2023-11-12T20:06:40.809+0000] {processor.py:176} INFO - Processing /home/airflow/.local/lib/python3.7/site-packages/airflow/example_dags/example_trigger_target_dag.py took 0.145 seconds
[2023-11-12T20:07:11.113+0000] {processor.py:154} INFO - Started process (PID=1023) to work on /home/airflow/.local/lib/python3.7/site-packages/airflow/example_dags/example_trigger_target_dag.py
[2023-11-12T20:07:11.114+0000] {processor.py:756} INFO - Processing file /home/airflow/.local/lib/python3.7/site-packages/airflow/example_dags/example_trigger_target_dag.py for tasks to queue
[2023-11-12T20:07:11.115+0000] {logging_mixin.py:120} INFO - [2023-11-12T20:07:11.115+0000] {dagbag.py:537} INFO - Filling up the DagBag from /home/airflow/.local/lib/python3.7/site-packages/airflow/example_dags/example_trigger_target_dag.py
[2023-11-12T20:07:11.144+0000] {processor.py:766} INFO - DAG(s) dict_keys(['example_trigger_target_dag']) retrieved from /home/airflow/.local/lib/python3.7/site-packages/airflow/example_dags/example_trigger_target_dag.py
[2023-11-12T20:07:11.196+0000] {logging_mixin.py:120} INFO - [2023-11-12T20:07:11.195+0000] {dag.py:2585} INFO - Sync 1 DAGs
[2023-11-12T20:07:11.227+0000] {logging_mixin.py:120} INFO - [2023-11-12T20:07:11.227+0000] {dag.py:3340} INFO - Setting next_dagrun for example_trigger_target_dag to None, run_after=None
[2023-11-12T20:07:11.259+0000] {processor.py:176} INFO - Processing /home/airflow/.local/lib/python3.7/site-packages/airflow/example_dags/example_trigger_target_dag.py took 0.149 seconds
[2023-11-12T20:07:41.526+0000] {processor.py:154} INFO - Started process (PID=1077) to work on /home/airflow/.local/lib/python3.7/site-packages/airflow/example_dags/example_trigger_target_dag.py
[2023-11-12T20:07:41.527+0000] {processor.py:756} INFO - Processing file /home/airflow/.local/lib/python3.7/site-packages/airflow/example_dags/example_trigger_target_dag.py for tasks to queue
[2023-11-12T20:07:41.528+0000] {logging_mixin.py:120} INFO - [2023-11-12T20:07:41.528+0000] {dagbag.py:537} INFO - Filling up the DagBag from /home/airflow/.local/lib/python3.7/site-packages/airflow/example_dags/example_trigger_target_dag.py
[2023-11-12T20:07:41.553+0000] {processor.py:766} INFO - DAG(s) dict_keys(['example_trigger_target_dag']) retrieved from /home/airflow/.local/lib/python3.7/site-packages/airflow/example_dags/example_trigger_target_dag.py
[2023-11-12T20:07:41.617+0000] {logging_mixin.py:120} INFO - [2023-11-12T20:07:41.617+0000] {dag.py:2585} INFO - Sync 1 DAGs
[2023-11-12T20:07:41.651+0000] {logging_mixin.py:120} INFO - [2023-11-12T20:07:41.651+0000] {dag.py:3340} INFO - Setting next_dagrun for example_trigger_target_dag to None, run_after=None
[2023-11-12T20:07:41.680+0000] {processor.py:176} INFO - Processing /home/airflow/.local/lib/python3.7/site-packages/airflow/example_dags/example_trigger_target_dag.py took 0.158 seconds
[2023-11-12T20:08:12.789+0000] {processor.py:154} INFO - Started process (PID=1139) to work on /home/airflow/.local/lib/python3.7/site-packages/airflow/example_dags/example_trigger_target_dag.py
[2023-11-12T20:08:12.792+0000] {processor.py:756} INFO - Processing file /home/airflow/.local/lib/python3.7/site-packages/airflow/example_dags/example_trigger_target_dag.py for tasks to queue
[2023-11-12T20:08:12.796+0000] {logging_mixin.py:120} INFO - [2023-11-12T20:08:12.796+0000] {dagbag.py:537} INFO - Filling up the DagBag from /home/airflow/.local/lib/python3.7/site-packages/airflow/example_dags/example_trigger_target_dag.py
[2023-11-12T20:08:12.867+0000] {processor.py:766} INFO - DAG(s) dict_keys(['example_trigger_target_dag']) retrieved from /home/airflow/.local/lib/python3.7/site-packages/airflow/example_dags/example_trigger_target_dag.py
[2023-11-12T20:08:12.918+0000] {logging_mixin.py:120} INFO - [2023-11-12T20:08:12.918+0000] {dag.py:2585} INFO - Sync 1 DAGs
[2023-11-12T20:08:12.955+0000] {logging_mixin.py:120} INFO - [2023-11-12T20:08:12.955+0000] {dag.py:3340} INFO - Setting next_dagrun for example_trigger_target_dag to None, run_after=None
[2023-11-12T20:08:12.981+0000] {processor.py:176} INFO - Processing /home/airflow/.local/lib/python3.7/site-packages/airflow/example_dags/example_trigger_target_dag.py took 0.203 seconds
[2023-11-12T20:08:43.366+0000] {processor.py:154} INFO - Started process (PID=1193) to work on /home/airflow/.local/lib/python3.7/site-packages/airflow/example_dags/example_trigger_target_dag.py
[2023-11-12T20:08:43.367+0000] {processor.py:756} INFO - Processing file /home/airflow/.local/lib/python3.7/site-packages/airflow/example_dags/example_trigger_target_dag.py for tasks to queue
[2023-11-12T20:08:43.368+0000] {logging_mixin.py:120} INFO - [2023-11-12T20:08:43.368+0000] {dagbag.py:537} INFO - Filling up the DagBag from /home/airflow/.local/lib/python3.7/site-packages/airflow/example_dags/example_trigger_target_dag.py
[2023-11-12T20:08:43.391+0000] {processor.py:766} INFO - DAG(s) dict_keys(['example_trigger_target_dag']) retrieved from /home/airflow/.local/lib/python3.7/site-packages/airflow/example_dags/example_trigger_target_dag.py
[2023-11-12T20:08:43.440+0000] {logging_mixin.py:120} INFO - [2023-11-12T20:08:43.440+0000] {dag.py:2585} INFO - Sync 1 DAGs
[2023-11-12T20:08:43.472+0000] {logging_mixin.py:120} INFO - [2023-11-12T20:08:43.472+0000] {dag.py:3340} INFO - Setting next_dagrun for example_trigger_target_dag to None, run_after=None
[2023-11-12T20:08:43.499+0000] {processor.py:176} INFO - Processing /home/airflow/.local/lib/python3.7/site-packages/airflow/example_dags/example_trigger_target_dag.py took 0.134 seconds
[2023-11-12T20:09:15.889+0000] {processor.py:154} INFO - Started process (PID=1255) to work on /home/airflow/.local/lib/python3.7/site-packages/airflow/example_dags/example_trigger_target_dag.py
[2023-11-12T20:09:15.892+0000] {processor.py:756} INFO - Processing file /home/airflow/.local/lib/python3.7/site-packages/airflow/example_dags/example_trigger_target_dag.py for tasks to queue
[2023-11-12T20:09:15.892+0000] {logging_mixin.py:120} INFO - [2023-11-12T20:09:15.892+0000] {dagbag.py:537} INFO - Filling up the DagBag from /home/airflow/.local/lib/python3.7/site-packages/airflow/example_dags/example_trigger_target_dag.py
[2023-11-12T20:09:15.953+0000] {processor.py:766} INFO - DAG(s) dict_keys(['example_trigger_target_dag']) retrieved from /home/airflow/.local/lib/python3.7/site-packages/airflow/example_dags/example_trigger_target_dag.py
[2023-11-12T20:09:16.026+0000] {logging_mixin.py:120} INFO - [2023-11-12T20:09:16.026+0000] {dag.py:2585} INFO - Sync 1 DAGs
[2023-11-12T20:09:16.067+0000] {logging_mixin.py:120} INFO - [2023-11-12T20:09:16.067+0000] {dag.py:3340} INFO - Setting next_dagrun for example_trigger_target_dag to None, run_after=None
[2023-11-12T20:09:16.097+0000] {processor.py:176} INFO - Processing /home/airflow/.local/lib/python3.7/site-packages/airflow/example_dags/example_trigger_target_dag.py took 0.222 seconds
[2023-11-12T20:09:46.273+0000] {processor.py:154} INFO - Started process (PID=1308) to work on /home/airflow/.local/lib/python3.7/site-packages/airflow/example_dags/example_trigger_target_dag.py
[2023-11-12T20:09:46.274+0000] {processor.py:756} INFO - Processing file /home/airflow/.local/lib/python3.7/site-packages/airflow/example_dags/example_trigger_target_dag.py for tasks to queue
[2023-11-12T20:09:46.274+0000] {logging_mixin.py:120} INFO - [2023-11-12T20:09:46.274+0000] {dagbag.py:537} INFO - Filling up the DagBag from /home/airflow/.local/lib/python3.7/site-packages/airflow/example_dags/example_trigger_target_dag.py
[2023-11-12T20:09:46.292+0000] {processor.py:766} INFO - DAG(s) dict_keys(['example_trigger_target_dag']) retrieved from /home/airflow/.local/lib/python3.7/site-packages/airflow/example_dags/example_trigger_target_dag.py
[2023-11-12T20:09:46.323+0000] {logging_mixin.py:120} INFO - [2023-11-12T20:09:46.323+0000] {dag.py:2585} INFO - Sync 1 DAGs
[2023-11-12T20:09:46.343+0000] {logging_mixin.py:120} INFO - [2023-11-12T20:09:46.343+0000] {dag.py:3340} INFO - Setting next_dagrun for example_trigger_target_dag to None, run_after=None
[2023-11-12T20:09:46.366+0000] {processor.py:176} INFO - Processing /home/airflow/.local/lib/python3.7/site-packages/airflow/example_dags/example_trigger_target_dag.py took 0.096 seconds
[2023-11-12T20:10:19.931+0000] {processor.py:154} INFO - Started process (PID=1368) to work on /home/airflow/.local/lib/python3.7/site-packages/airflow/example_dags/example_trigger_target_dag.py
[2023-11-12T20:10:19.939+0000] {processor.py:756} INFO - Processing file /home/airflow/.local/lib/python3.7/site-packages/airflow/example_dags/example_trigger_target_dag.py for tasks to queue
[2023-11-12T20:10:19.942+0000] {logging_mixin.py:120} INFO - [2023-11-12T20:10:19.940+0000] {dagbag.py:537} INFO - Filling up the DagBag from /home/airflow/.local/lib/python3.7/site-packages/airflow/example_dags/example_trigger_target_dag.py
[2023-11-12T20:10:19.996+0000] {processor.py:766} INFO - DAG(s) dict_keys(['example_trigger_target_dag']) retrieved from /home/airflow/.local/lib/python3.7/site-packages/airflow/example_dags/example_trigger_target_dag.py
[2023-11-12T20:10:20.390+0000] {logging_mixin.py:120} INFO - [2023-11-12T20:10:20.390+0000] {dag.py:2585} INFO - Sync 1 DAGs
[2023-11-12T20:10:20.618+0000] {logging_mixin.py:120} INFO - [2023-11-12T20:10:20.618+0000] {dag.py:3340} INFO - Setting next_dagrun for example_trigger_target_dag to None, run_after=None
[2023-11-12T20:10:20.739+0000] {processor.py:176} INFO - Processing /home/airflow/.local/lib/python3.7/site-packages/airflow/example_dags/example_trigger_target_dag.py took 0.828 seconds
[2023-11-12T20:10:51.486+0000] {processor.py:154} INFO - Started process (PID=1422) to work on /home/airflow/.local/lib/python3.7/site-packages/airflow/example_dags/example_trigger_target_dag.py
[2023-11-12T20:10:51.488+0000] {processor.py:756} INFO - Processing file /home/airflow/.local/lib/python3.7/site-packages/airflow/example_dags/example_trigger_target_dag.py for tasks to queue
[2023-11-12T20:10:51.489+0000] {logging_mixin.py:120} INFO - [2023-11-12T20:10:51.489+0000] {dagbag.py:537} INFO - Filling up the DagBag from /home/airflow/.local/lib/python3.7/site-packages/airflow/example_dags/example_trigger_target_dag.py
[2023-11-12T20:10:51.529+0000] {processor.py:766} INFO - DAG(s) dict_keys(['example_trigger_target_dag']) retrieved from /home/airflow/.local/lib/python3.7/site-packages/airflow/example_dags/example_trigger_target_dag.py
[2023-11-12T20:10:51.659+0000] {logging_mixin.py:120} INFO - [2023-11-12T20:10:51.658+0000] {dag.py:2585} INFO - Sync 1 DAGs
[2023-11-12T20:10:51.705+0000] {logging_mixin.py:120} INFO - [2023-11-12T20:10:51.705+0000] {dag.py:3340} INFO - Setting next_dagrun for example_trigger_target_dag to None, run_after=None
[2023-11-12T20:10:51.773+0000] {processor.py:176} INFO - Processing /home/airflow/.local/lib/python3.7/site-packages/airflow/example_dags/example_trigger_target_dag.py took 0.298 seconds
[2023-11-12T20:11:22.056+0000] {processor.py:154} INFO - Started process (PID=1475) to work on /home/airflow/.local/lib/python3.7/site-packages/airflow/example_dags/example_trigger_target_dag.py
[2023-11-12T20:11:22.057+0000] {processor.py:756} INFO - Processing file /home/airflow/.local/lib/python3.7/site-packages/airflow/example_dags/example_trigger_target_dag.py for tasks to queue
[2023-11-12T20:11:22.064+0000] {logging_mixin.py:120} INFO - [2023-11-12T20:11:22.064+0000] {dagbag.py:537} INFO - Filling up the DagBag from /home/airflow/.local/lib/python3.7/site-packages/airflow/example_dags/example_trigger_target_dag.py
[2023-11-12T20:11:22.154+0000] {processor.py:766} INFO - DAG(s) dict_keys(['example_trigger_target_dag']) retrieved from /home/airflow/.local/lib/python3.7/site-packages/airflow/example_dags/example_trigger_target_dag.py
[2023-11-12T20:11:22.227+0000] {logging_mixin.py:120} INFO - [2023-11-12T20:11:22.227+0000] {dag.py:2585} INFO - Sync 1 DAGs
[2023-11-12T20:11:22.286+0000] {logging_mixin.py:120} INFO - [2023-11-12T20:11:22.286+0000] {dag.py:3340} INFO - Setting next_dagrun for example_trigger_target_dag to None, run_after=None
[2023-11-12T20:11:22.330+0000] {processor.py:176} INFO - Processing /home/airflow/.local/lib/python3.7/site-packages/airflow/example_dags/example_trigger_target_dag.py took 0.288 seconds
[2023-11-12T20:11:52.388+0000] {processor.py:154} INFO - Started process (PID=1536) to work on /home/airflow/.local/lib/python3.7/site-packages/airflow/example_dags/example_trigger_target_dag.py
[2023-11-12T20:11:52.390+0000] {processor.py:756} INFO - Processing file /home/airflow/.local/lib/python3.7/site-packages/airflow/example_dags/example_trigger_target_dag.py for tasks to queue
[2023-11-12T20:11:52.391+0000] {logging_mixin.py:120} INFO - [2023-11-12T20:11:52.391+0000] {dagbag.py:537} INFO - Filling up the DagBag from /home/airflow/.local/lib/python3.7/site-packages/airflow/example_dags/example_trigger_target_dag.py
[2023-11-12T20:11:52.422+0000] {processor.py:766} INFO - DAG(s) dict_keys(['example_trigger_target_dag']) retrieved from /home/airflow/.local/lib/python3.7/site-packages/airflow/example_dags/example_trigger_target_dag.py
[2023-11-12T20:11:52.472+0000] {logging_mixin.py:120} INFO - [2023-11-12T20:11:52.472+0000] {dag.py:2585} INFO - Sync 1 DAGs
[2023-11-12T20:11:52.504+0000] {logging_mixin.py:120} INFO - [2023-11-12T20:11:52.504+0000] {dag.py:3340} INFO - Setting next_dagrun for example_trigger_target_dag to None, run_after=None
[2023-11-12T20:11:52.535+0000] {processor.py:176} INFO - Processing /home/airflow/.local/lib/python3.7/site-packages/airflow/example_dags/example_trigger_target_dag.py took 0.150 seconds
[2023-11-12T20:12:24.110+0000] {processor.py:154} INFO - Started process (PID=1599) to work on /home/airflow/.local/lib/python3.7/site-packages/airflow/example_dags/example_trigger_target_dag.py
[2023-11-12T20:12:24.111+0000] {processor.py:756} INFO - Processing file /home/airflow/.local/lib/python3.7/site-packages/airflow/example_dags/example_trigger_target_dag.py for tasks to queue
[2023-11-12T20:12:24.118+0000] {logging_mixin.py:120} INFO - [2023-11-12T20:12:24.118+0000] {dagbag.py:537} INFO - Filling up the DagBag from /home/airflow/.local/lib/python3.7/site-packages/airflow/example_dags/example_trigger_target_dag.py
[2023-11-12T20:12:24.151+0000] {processor.py:766} INFO - DAG(s) dict_keys(['example_trigger_target_dag']) retrieved from /home/airflow/.local/lib/python3.7/site-packages/airflow/example_dags/example_trigger_target_dag.py
[2023-11-12T20:12:24.237+0000] {logging_mixin.py:120} INFO - [2023-11-12T20:12:24.236+0000] {dag.py:2585} INFO - Sync 1 DAGs
[2023-11-12T20:12:24.338+0000] {logging_mixin.py:120} INFO - [2023-11-12T20:12:24.337+0000] {dag.py:3340} INFO - Setting next_dagrun for example_trigger_target_dag to None, run_after=None
[2023-11-12T20:12:24.444+0000] {processor.py:176} INFO - Processing /home/airflow/.local/lib/python3.7/site-packages/airflow/example_dags/example_trigger_target_dag.py took 0.337 seconds
[2023-11-12T20:12:55.285+0000] {processor.py:154} INFO - Started process (PID=1654) to work on /home/airflow/.local/lib/python3.7/site-packages/airflow/example_dags/example_trigger_target_dag.py
[2023-11-12T20:12:55.286+0000] {processor.py:756} INFO - Processing file /home/airflow/.local/lib/python3.7/site-packages/airflow/example_dags/example_trigger_target_dag.py for tasks to queue
[2023-11-12T20:12:55.287+0000] {logging_mixin.py:120} INFO - [2023-11-12T20:12:55.286+0000] {dagbag.py:537} INFO - Filling up the DagBag from /home/airflow/.local/lib/python3.7/site-packages/airflow/example_dags/example_trigger_target_dag.py
[2023-11-12T20:12:55.311+0000] {processor.py:766} INFO - DAG(s) dict_keys(['example_trigger_target_dag']) retrieved from /home/airflow/.local/lib/python3.7/site-packages/airflow/example_dags/example_trigger_target_dag.py
[2023-11-12T20:12:55.358+0000] {logging_mixin.py:120} INFO - [2023-11-12T20:12:55.358+0000] {dag.py:2585} INFO - Sync 1 DAGs
[2023-11-12T20:12:55.391+0000] {logging_mixin.py:120} INFO - [2023-11-12T20:12:55.391+0000] {dag.py:3340} INFO - Setting next_dagrun for example_trigger_target_dag to None, run_after=None
[2023-11-12T20:12:55.419+0000] {processor.py:176} INFO - Processing /home/airflow/.local/lib/python3.7/site-packages/airflow/example_dags/example_trigger_target_dag.py took 0.137 seconds
[2023-11-12T20:13:26.141+0000] {processor.py:154} INFO - Started process (PID=1716) to work on /home/airflow/.local/lib/python3.7/site-packages/airflow/example_dags/example_trigger_target_dag.py
[2023-11-12T20:13:26.142+0000] {processor.py:756} INFO - Processing file /home/airflow/.local/lib/python3.7/site-packages/airflow/example_dags/example_trigger_target_dag.py for tasks to queue
[2023-11-12T20:13:26.143+0000] {logging_mixin.py:120} INFO - [2023-11-12T20:13:26.143+0000] {dagbag.py:537} INFO - Filling up the DagBag from /home/airflow/.local/lib/python3.7/site-packages/airflow/example_dags/example_trigger_target_dag.py
[2023-11-12T20:13:26.164+0000] {processor.py:766} INFO - DAG(s) dict_keys(['example_trigger_target_dag']) retrieved from /home/airflow/.local/lib/python3.7/site-packages/airflow/example_dags/example_trigger_target_dag.py
[2023-11-12T20:13:26.235+0000] {logging_mixin.py:120} INFO - [2023-11-12T20:13:26.235+0000] {dag.py:2585} INFO - Sync 1 DAGs
[2023-11-12T20:13:26.267+0000] {logging_mixin.py:120} INFO - [2023-11-12T20:13:26.267+0000] {dag.py:3340} INFO - Setting next_dagrun for example_trigger_target_dag to None, run_after=None
[2023-11-12T20:13:26.295+0000] {processor.py:176} INFO - Processing /home/airflow/.local/lib/python3.7/site-packages/airflow/example_dags/example_trigger_target_dag.py took 0.157 seconds
[2023-11-12T20:13:57.383+0000] {processor.py:154} INFO - Started process (PID=1770) to work on /home/airflow/.local/lib/python3.7/site-packages/airflow/example_dags/example_trigger_target_dag.py
[2023-11-12T20:13:57.398+0000] {processor.py:756} INFO - Processing file /home/airflow/.local/lib/python3.7/site-packages/airflow/example_dags/example_trigger_target_dag.py for tasks to queue
[2023-11-12T20:13:57.399+0000] {logging_mixin.py:120} INFO - [2023-11-12T20:13:57.399+0000] {dagbag.py:537} INFO - Filling up the DagBag from /home/airflow/.local/lib/python3.7/site-packages/airflow/example_dags/example_trigger_target_dag.py
[2023-11-12T20:13:57.454+0000] {processor.py:766} INFO - DAG(s) dict_keys(['example_trigger_target_dag']) retrieved from /home/airflow/.local/lib/python3.7/site-packages/airflow/example_dags/example_trigger_target_dag.py
[2023-11-12T20:13:57.547+0000] {logging_mixin.py:120} INFO - [2023-11-12T20:13:57.547+0000] {dag.py:2585} INFO - Sync 1 DAGs
[2023-11-12T20:13:57.639+0000] {logging_mixin.py:120} INFO - [2023-11-12T20:13:57.639+0000] {dag.py:3340} INFO - Setting next_dagrun for example_trigger_target_dag to None, run_after=None
[2023-11-12T20:13:57.759+0000] {processor.py:176} INFO - Processing /home/airflow/.local/lib/python3.7/site-packages/airflow/example_dags/example_trigger_target_dag.py took 0.379 seconds
[2023-11-12T20:14:28.423+0000] {processor.py:154} INFO - Started process (PID=1833) to work on /home/airflow/.local/lib/python3.7/site-packages/airflow/example_dags/example_trigger_target_dag.py
[2023-11-12T20:14:28.431+0000] {processor.py:756} INFO - Processing file /home/airflow/.local/lib/python3.7/site-packages/airflow/example_dags/example_trigger_target_dag.py for tasks to queue
[2023-11-12T20:14:28.432+0000] {logging_mixin.py:120} INFO - [2023-11-12T20:14:28.432+0000] {dagbag.py:537} INFO - Filling up the DagBag from /home/airflow/.local/lib/python3.7/site-packages/airflow/example_dags/example_trigger_target_dag.py
[2023-11-12T20:14:28.465+0000] {processor.py:766} INFO - DAG(s) dict_keys(['example_trigger_target_dag']) retrieved from /home/airflow/.local/lib/python3.7/site-packages/airflow/example_dags/example_trigger_target_dag.py
[2023-11-12T20:14:28.511+0000] {logging_mixin.py:120} INFO - [2023-11-12T20:14:28.511+0000] {dag.py:2585} INFO - Sync 1 DAGs
[2023-11-12T20:14:28.546+0000] {logging_mixin.py:120} INFO - [2023-11-12T20:14:28.546+0000] {dag.py:3340} INFO - Setting next_dagrun for example_trigger_target_dag to None, run_after=None
[2023-11-12T20:14:28.577+0000] {processor.py:176} INFO - Processing /home/airflow/.local/lib/python3.7/site-packages/airflow/example_dags/example_trigger_target_dag.py took 0.157 seconds
[2023-11-12T20:14:59.145+0000] {processor.py:154} INFO - Started process (PID=1887) to work on /home/airflow/.local/lib/python3.7/site-packages/airflow/example_dags/example_trigger_target_dag.py
[2023-11-12T20:14:59.145+0000] {processor.py:756} INFO - Processing file /home/airflow/.local/lib/python3.7/site-packages/airflow/example_dags/example_trigger_target_dag.py for tasks to queue
[2023-11-12T20:14:59.146+0000] {logging_mixin.py:120} INFO - [2023-11-12T20:14:59.146+0000] {dagbag.py:537} INFO - Filling up the DagBag from /home/airflow/.local/lib/python3.7/site-packages/airflow/example_dags/example_trigger_target_dag.py
[2023-11-12T20:14:59.170+0000] {processor.py:766} INFO - DAG(s) dict_keys(['example_trigger_target_dag']) retrieved from /home/airflow/.local/lib/python3.7/site-packages/airflow/example_dags/example_trigger_target_dag.py
[2023-11-12T20:14:59.219+0000] {logging_mixin.py:120} INFO - [2023-11-12T20:14:59.219+0000] {dag.py:2585} INFO - Sync 1 DAGs
[2023-11-12T20:14:59.272+0000] {logging_mixin.py:120} INFO - [2023-11-12T20:14:59.272+0000] {dag.py:3340} INFO - Setting next_dagrun for example_trigger_target_dag to None, run_after=None
[2023-11-12T20:14:59.316+0000] {processor.py:176} INFO - Processing /home/airflow/.local/lib/python3.7/site-packages/airflow/example_dags/example_trigger_target_dag.py took 0.176 seconds
[2023-11-12T20:15:29.485+0000] {processor.py:154} INFO - Started process (PID=1949) to work on /home/airflow/.local/lib/python3.7/site-packages/airflow/example_dags/example_trigger_target_dag.py
[2023-11-12T20:15:29.486+0000] {processor.py:756} INFO - Processing file /home/airflow/.local/lib/python3.7/site-packages/airflow/example_dags/example_trigger_target_dag.py for tasks to queue
[2023-11-12T20:15:29.486+0000] {logging_mixin.py:120} INFO - [2023-11-12T20:15:29.486+0000] {dagbag.py:537} INFO - Filling up the DagBag from /home/airflow/.local/lib/python3.7/site-packages/airflow/example_dags/example_trigger_target_dag.py
[2023-11-12T20:15:29.504+0000] {processor.py:766} INFO - DAG(s) dict_keys(['example_trigger_target_dag']) retrieved from /home/airflow/.local/lib/python3.7/site-packages/airflow/example_dags/example_trigger_target_dag.py
[2023-11-12T20:15:29.541+0000] {logging_mixin.py:120} INFO - [2023-11-12T20:15:29.541+0000] {dag.py:2585} INFO - Sync 1 DAGs
[2023-11-12T20:15:29.576+0000] {logging_mixin.py:120} INFO - [2023-11-12T20:15:29.576+0000] {dag.py:3340} INFO - Setting next_dagrun for example_trigger_target_dag to None, run_after=None
[2023-11-12T20:15:29.600+0000] {processor.py:176} INFO - Processing /home/airflow/.local/lib/python3.7/site-packages/airflow/example_dags/example_trigger_target_dag.py took 0.118 seconds
[2023-11-12T20:15:59.734+0000] {processor.py:154} INFO - Started process (PID=2014) to work on /home/airflow/.local/lib/python3.7/site-packages/airflow/example_dags/example_trigger_target_dag.py
[2023-11-12T20:15:59.740+0000] {processor.py:756} INFO - Processing file /home/airflow/.local/lib/python3.7/site-packages/airflow/example_dags/example_trigger_target_dag.py for tasks to queue
[2023-11-12T20:15:59.741+0000] {logging_mixin.py:120} INFO - [2023-11-12T20:15:59.741+0000] {dagbag.py:537} INFO - Filling up the DagBag from /home/airflow/.local/lib/python3.7/site-packages/airflow/example_dags/example_trigger_target_dag.py
[2023-11-12T20:15:59.792+0000] {processor.py:766} INFO - DAG(s) dict_keys(['example_trigger_target_dag']) retrieved from /home/airflow/.local/lib/python3.7/site-packages/airflow/example_dags/example_trigger_target_dag.py
[2023-11-12T20:15:59.881+0000] {logging_mixin.py:120} INFO - [2023-11-12T20:15:59.880+0000] {dag.py:2585} INFO - Sync 1 DAGs
[2023-11-12T20:15:59.941+0000] {logging_mixin.py:120} INFO - [2023-11-12T20:15:59.941+0000] {dag.py:3340} INFO - Setting next_dagrun for example_trigger_target_dag to None, run_after=None
[2023-11-12T20:16:00.012+0000] {processor.py:176} INFO - Processing /home/airflow/.local/lib/python3.7/site-packages/airflow/example_dags/example_trigger_target_dag.py took 0.284 seconds
[2023-11-12T20:16:30.270+0000] {processor.py:154} INFO - Started process (PID=2068) to work on /home/airflow/.local/lib/python3.7/site-packages/airflow/example_dags/example_trigger_target_dag.py
[2023-11-12T20:16:30.271+0000] {processor.py:756} INFO - Processing file /home/airflow/.local/lib/python3.7/site-packages/airflow/example_dags/example_trigger_target_dag.py for tasks to queue
[2023-11-12T20:16:30.272+0000] {logging_mixin.py:120} INFO - [2023-11-12T20:16:30.272+0000] {dagbag.py:537} INFO - Filling up the DagBag from /home/airflow/.local/lib/python3.7/site-packages/airflow/example_dags/example_trigger_target_dag.py
[2023-11-12T20:16:30.290+0000] {processor.py:766} INFO - DAG(s) dict_keys(['example_trigger_target_dag']) retrieved from /home/airflow/.local/lib/python3.7/site-packages/airflow/example_dags/example_trigger_target_dag.py
[2023-11-12T20:16:30.323+0000] {logging_mixin.py:120} INFO - [2023-11-12T20:16:30.323+0000] {dag.py:2585} INFO - Sync 1 DAGs
[2023-11-12T20:16:30.342+0000] {logging_mixin.py:120} INFO - [2023-11-12T20:16:30.342+0000] {dag.py:3340} INFO - Setting next_dagrun for example_trigger_target_dag to None, run_after=None
[2023-11-12T20:16:30.363+0000] {processor.py:176} INFO - Processing /home/airflow/.local/lib/python3.7/site-packages/airflow/example_dags/example_trigger_target_dag.py took 0.096 seconds
[2023-11-12T20:17:00.751+0000] {processor.py:154} INFO - Started process (PID=2130) to work on /home/airflow/.local/lib/python3.7/site-packages/airflow/example_dags/example_trigger_target_dag.py
[2023-11-12T20:17:00.752+0000] {processor.py:756} INFO - Processing file /home/airflow/.local/lib/python3.7/site-packages/airflow/example_dags/example_trigger_target_dag.py for tasks to queue
[2023-11-12T20:17:00.752+0000] {logging_mixin.py:120} INFO - [2023-11-12T20:17:00.752+0000] {dagbag.py:537} INFO - Filling up the DagBag from /home/airflow/.local/lib/python3.7/site-packages/airflow/example_dags/example_trigger_target_dag.py
[2023-11-12T20:17:00.769+0000] {processor.py:766} INFO - DAG(s) dict_keys(['example_trigger_target_dag']) retrieved from /home/airflow/.local/lib/python3.7/site-packages/airflow/example_dags/example_trigger_target_dag.py
[2023-11-12T20:17:00.802+0000] {logging_mixin.py:120} INFO - [2023-11-12T20:17:00.802+0000] {dag.py:2585} INFO - Sync 1 DAGs
[2023-11-12T20:17:00.821+0000] {logging_mixin.py:120} INFO - [2023-11-12T20:17:00.821+0000] {dag.py:3340} INFO - Setting next_dagrun for example_trigger_target_dag to None, run_after=None
[2023-11-12T20:17:00.843+0000] {processor.py:176} INFO - Processing /home/airflow/.local/lib/python3.7/site-packages/airflow/example_dags/example_trigger_target_dag.py took 0.094 seconds
[2023-11-12T20:17:31.777+0000] {processor.py:154} INFO - Started process (PID=2184) to work on /home/airflow/.local/lib/python3.7/site-packages/airflow/example_dags/example_trigger_target_dag.py
[2023-11-12T20:17:31.778+0000] {processor.py:756} INFO - Processing file /home/airflow/.local/lib/python3.7/site-packages/airflow/example_dags/example_trigger_target_dag.py for tasks to queue
[2023-11-12T20:17:31.779+0000] {logging_mixin.py:120} INFO - [2023-11-12T20:17:31.779+0000] {dagbag.py:537} INFO - Filling up the DagBag from /home/airflow/.local/lib/python3.7/site-packages/airflow/example_dags/example_trigger_target_dag.py
[2023-11-12T20:17:31.814+0000] {processor.py:766} INFO - DAG(s) dict_keys(['example_trigger_target_dag']) retrieved from /home/airflow/.local/lib/python3.7/site-packages/airflow/example_dags/example_trigger_target_dag.py
[2023-11-12T20:17:31.849+0000] {logging_mixin.py:120} INFO - [2023-11-12T20:17:31.848+0000] {dag.py:2585} INFO - Sync 1 DAGs
[2023-11-12T20:17:31.869+0000] {logging_mixin.py:120} INFO - [2023-11-12T20:17:31.869+0000] {dag.py:3340} INFO - Setting next_dagrun for example_trigger_target_dag to None, run_after=None
[2023-11-12T20:17:31.912+0000] {processor.py:176} INFO - Processing /home/airflow/.local/lib/python3.7/site-packages/airflow/example_dags/example_trigger_target_dag.py took 0.138 seconds
[2023-11-12T20:18:02.742+0000] {processor.py:154} INFO - Started process (PID=2247) to work on /home/airflow/.local/lib/python3.7/site-packages/airflow/example_dags/example_trigger_target_dag.py
[2023-11-12T20:18:02.743+0000] {processor.py:756} INFO - Processing file /home/airflow/.local/lib/python3.7/site-packages/airflow/example_dags/example_trigger_target_dag.py for tasks to queue
[2023-11-12T20:18:02.744+0000] {logging_mixin.py:120} INFO - [2023-11-12T20:18:02.744+0000] {dagbag.py:537} INFO - Filling up the DagBag from /home/airflow/.local/lib/python3.7/site-packages/airflow/example_dags/example_trigger_target_dag.py
[2023-11-12T20:18:02.770+0000] {processor.py:766} INFO - DAG(s) dict_keys(['example_trigger_target_dag']) retrieved from /home/airflow/.local/lib/python3.7/site-packages/airflow/example_dags/example_trigger_target_dag.py
[2023-11-12T20:18:02.850+0000] {logging_mixin.py:120} INFO - [2023-11-12T20:18:02.850+0000] {dag.py:2585} INFO - Sync 1 DAGs
[2023-11-12T20:18:02.917+0000] {logging_mixin.py:120} INFO - [2023-11-12T20:18:02.917+0000] {dag.py:3340} INFO - Setting next_dagrun for example_trigger_target_dag to None, run_after=None
[2023-11-12T20:18:02.949+0000] {processor.py:176} INFO - Processing /home/airflow/.local/lib/python3.7/site-packages/airflow/example_dags/example_trigger_target_dag.py took 0.210 seconds
