[2023-11-12T19:53:18.165+0000] {processor.py:154} INFO - Started process (PID=81) to work on /home/airflow/.local/lib/python3.7/site-packages/airflow/example_dags/example_external_task_marker_dag.py
[2023-11-12T19:53:18.166+0000] {processor.py:756} INFO - Processing file /home/airflow/.local/lib/python3.7/site-packages/airflow/example_dags/example_external_task_marker_dag.py for tasks to queue
[2023-11-12T19:53:18.210+0000] {logging_mixin.py:120} INFO - [2023-11-12T19:53:18.167+0000] {dagbag.py:537} INFO - Filling up the DagBag from /home/airflow/.local/lib/python3.7/site-packages/airflow/example_dags/example_external_task_marker_dag.py
[2023-11-12T19:53:18.262+0000] {processor.py:766} INFO - DAG(s) dict_keys(['example_external_task_marker_child', 'example_external_task_marker_parent']) retrieved from /home/airflow/.local/lib/python3.7/site-packages/airflow/example_dags/example_external_task_marker_dag.py
[2023-11-12T19:53:19.944+0000] {logging_mixin.py:120} INFO - [2023-11-12T19:53:19.944+0000] {manager.py:507} INFO - Created Permission View: can edit on DAG:example_external_task_marker_child
[2023-11-12T19:53:19.979+0000] {logging_mixin.py:120} INFO - [2023-11-12T19:53:19.979+0000] {manager.py:507} INFO - Created Permission View: can delete on DAG:example_external_task_marker_child
[2023-11-12T19:53:19.998+0000] {logging_mixin.py:120} INFO - [2023-11-12T19:53:19.998+0000] {manager.py:507} INFO - Created Permission View: can read on DAG:example_external_task_marker_child
[2023-11-12T19:53:20.048+0000] {logging_mixin.py:120} INFO - [2023-11-12T19:53:20.047+0000] {manager.py:507} INFO - Created Permission View: can edit on DAG:example_external_task_marker_parent
[2023-11-12T19:53:20.067+0000] {logging_mixin.py:120} INFO - [2023-11-12T19:53:20.067+0000] {manager.py:507} INFO - Created Permission View: can delete on DAG:example_external_task_marker_parent
[2023-11-12T19:53:20.091+0000] {logging_mixin.py:120} INFO - [2023-11-12T19:53:20.091+0000] {manager.py:507} INFO - Created Permission View: can read on DAG:example_external_task_marker_parent
[2023-11-12T19:53:20.091+0000] {logging_mixin.py:120} INFO - [2023-11-12T19:53:20.091+0000] {dag.py:2585} INFO - Sync 2 DAGs
[2023-11-12T19:53:20.174+0000] {logging_mixin.py:120} INFO - [2023-11-12T19:53:20.173+0000] {dag.py:2606} INFO - Creating ORM DAG for example_external_task_marker_child
[2023-11-12T19:53:20.174+0000] {logging_mixin.py:120} INFO - [2023-11-12T19:53:20.174+0000] {dag.py:2606} INFO - Creating ORM DAG for example_external_task_marker_parent
[2023-11-12T19:53:20.218+0000] {logging_mixin.py:120} INFO - [2023-11-12T19:53:20.218+0000] {dag.py:3340} INFO - Setting next_dagrun for example_external_task_marker_child to None, run_after=None
[2023-11-12T19:53:20.218+0000] {logging_mixin.py:120} INFO - [2023-11-12T19:53:20.218+0000] {dag.py:3340} INFO - Setting next_dagrun for example_external_task_marker_parent to None, run_after=None
[2023-11-12T19:53:20.282+0000] {processor.py:176} INFO - Processing /home/airflow/.local/lib/python3.7/site-packages/airflow/example_dags/example_external_task_marker_dag.py took 2.152 seconds
[2023-11-12T19:53:50.750+0000] {processor.py:154} INFO - Started process (PID=136) to work on /home/airflow/.local/lib/python3.7/site-packages/airflow/example_dags/example_external_task_marker_dag.py
[2023-11-12T19:53:50.751+0000] {processor.py:756} INFO - Processing file /home/airflow/.local/lib/python3.7/site-packages/airflow/example_dags/example_external_task_marker_dag.py for tasks to queue
[2023-11-12T19:53:50.751+0000] {logging_mixin.py:120} INFO - [2023-11-12T19:53:50.751+0000] {dagbag.py:537} INFO - Filling up the DagBag from /home/airflow/.local/lib/python3.7/site-packages/airflow/example_dags/example_external_task_marker_dag.py
[2023-11-12T19:53:50.770+0000] {processor.py:766} INFO - DAG(s) dict_keys(['example_external_task_marker_child', 'example_external_task_marker_parent']) retrieved from /home/airflow/.local/lib/python3.7/site-packages/airflow/example_dags/example_external_task_marker_dag.py
[2023-11-12T19:53:51.081+0000] {logging_mixin.py:120} INFO - [2023-11-12T19:53:51.080+0000] {dag.py:2585} INFO - Sync 2 DAGs
[2023-11-12T19:53:51.104+0000] {logging_mixin.py:120} INFO - [2023-11-12T19:53:51.104+0000] {dag.py:3340} INFO - Setting next_dagrun for example_external_task_marker_child to None, run_after=None
[2023-11-12T19:53:51.106+0000] {logging_mixin.py:120} INFO - [2023-11-12T19:53:51.106+0000] {dag.py:3340} INFO - Setting next_dagrun for example_external_task_marker_parent to None, run_after=None
[2023-11-12T19:53:51.150+0000] {processor.py:176} INFO - Processing /home/airflow/.local/lib/python3.7/site-packages/airflow/example_dags/example_external_task_marker_dag.py took 0.404 seconds
[2023-11-12T19:54:22.035+0000] {processor.py:154} INFO - Started process (PID=199) to work on /home/airflow/.local/lib/python3.7/site-packages/airflow/example_dags/example_external_task_marker_dag.py
[2023-11-12T19:54:22.040+0000] {processor.py:756} INFO - Processing file /home/airflow/.local/lib/python3.7/site-packages/airflow/example_dags/example_external_task_marker_dag.py for tasks to queue
[2023-11-12T19:54:22.049+0000] {logging_mixin.py:120} INFO - [2023-11-12T19:54:22.048+0000] {dagbag.py:537} INFO - Filling up the DagBag from /home/airflow/.local/lib/python3.7/site-packages/airflow/example_dags/example_external_task_marker_dag.py
[2023-11-12T19:54:22.093+0000] {processor.py:766} INFO - DAG(s) dict_keys(['example_external_task_marker_child', 'example_external_task_marker_parent']) retrieved from /home/airflow/.local/lib/python3.7/site-packages/airflow/example_dags/example_external_task_marker_dag.py
[2023-11-12T19:54:22.603+0000] {logging_mixin.py:120} INFO - [2023-11-12T19:54:22.603+0000] {dag.py:2585} INFO - Sync 2 DAGs
[2023-11-12T19:54:22.688+0000] {logging_mixin.py:120} INFO - [2023-11-12T19:54:22.688+0000] {dag.py:3340} INFO - Setting next_dagrun for example_external_task_marker_child to None, run_after=None
[2023-11-12T19:54:22.695+0000] {logging_mixin.py:120} INFO - [2023-11-12T19:54:22.694+0000] {dag.py:3340} INFO - Setting next_dagrun for example_external_task_marker_parent to None, run_after=None
[2023-11-12T19:54:22.748+0000] {processor.py:176} INFO - Processing /home/airflow/.local/lib/python3.7/site-packages/airflow/example_dags/example_external_task_marker_dag.py took 0.717 seconds
[2023-11-12T19:57:09.162+0000] {processor.py:154} INFO - Started process (PID=71) to work on /home/airflow/.local/lib/python3.7/site-packages/airflow/example_dags/example_external_task_marker_dag.py
[2023-11-12T19:57:09.204+0000] {processor.py:756} INFO - Processing file /home/airflow/.local/lib/python3.7/site-packages/airflow/example_dags/example_external_task_marker_dag.py for tasks to queue
[2023-11-12T19:57:09.206+0000] {logging_mixin.py:120} INFO - [2023-11-12T19:57:09.205+0000] {dagbag.py:537} INFO - Filling up the DagBag from /home/airflow/.local/lib/python3.7/site-packages/airflow/example_dags/example_external_task_marker_dag.py
[2023-11-12T19:57:09.363+0000] {processor.py:766} INFO - DAG(s) dict_keys(['example_external_task_marker_parent', 'example_external_task_marker_child']) retrieved from /home/airflow/.local/lib/python3.7/site-packages/airflow/example_dags/example_external_task_marker_dag.py
[2023-11-12T19:57:11.104+0000] {logging_mixin.py:120} INFO - [2023-11-12T19:57:11.104+0000] {dag.py:2585} INFO - Sync 2 DAGs
[2023-11-12T19:57:11.165+0000] {logging_mixin.py:120} INFO - [2023-11-12T19:57:11.165+0000] {dag.py:3340} INFO - Setting next_dagrun for example_external_task_marker_child to None, run_after=None
[2023-11-12T19:57:11.177+0000] {logging_mixin.py:120} INFO - [2023-11-12T19:57:11.177+0000] {dag.py:3340} INFO - Setting next_dagrun for example_external_task_marker_parent to None, run_after=None
[2023-11-12T19:57:11.247+0000] {processor.py:176} INFO - Processing /home/airflow/.local/lib/python3.7/site-packages/airflow/example_dags/example_external_task_marker_dag.py took 2.105 seconds
[2023-11-12T19:59:02.808+0000] {processor.py:154} INFO - Started process (PID=73) to work on /home/airflow/.local/lib/python3.7/site-packages/airflow/example_dags/example_external_task_marker_dag.py
[2023-11-12T19:59:02.809+0000] {processor.py:756} INFO - Processing file /home/airflow/.local/lib/python3.7/site-packages/airflow/example_dags/example_external_task_marker_dag.py for tasks to queue
[2023-11-12T19:59:02.810+0000] {logging_mixin.py:120} INFO - [2023-11-12T19:59:02.810+0000] {dagbag.py:537} INFO - Filling up the DagBag from /home/airflow/.local/lib/python3.7/site-packages/airflow/example_dags/example_external_task_marker_dag.py
[2023-11-12T19:59:02.925+0000] {processor.py:766} INFO - DAG(s) dict_keys(['example_external_task_marker_parent', 'example_external_task_marker_child']) retrieved from /home/airflow/.local/lib/python3.7/site-packages/airflow/example_dags/example_external_task_marker_dag.py
[2023-11-12T19:59:05.021+0000] {logging_mixin.py:120} INFO - [2023-11-12T19:59:05.020+0000] {dag.py:2585} INFO - Sync 2 DAGs
[2023-11-12T19:59:05.325+0000] {logging_mixin.py:120} INFO - [2023-11-12T19:59:05.325+0000] {dag.py:3340} INFO - Setting next_dagrun for example_external_task_marker_child to None, run_after=None
[2023-11-12T19:59:05.332+0000] {logging_mixin.py:120} INFO - [2023-11-12T19:59:05.332+0000] {dag.py:3340} INFO - Setting next_dagrun for example_external_task_marker_parent to None, run_after=None
[2023-11-12T19:59:05.427+0000] {processor.py:176} INFO - Processing /home/airflow/.local/lib/python3.7/site-packages/airflow/example_dags/example_external_task_marker_dag.py took 2.647 seconds
[2023-11-12T19:59:35.553+0000] {processor.py:154} INFO - Started process (PID=138) to work on /home/airflow/.local/lib/python3.7/site-packages/airflow/example_dags/example_external_task_marker_dag.py
[2023-11-12T19:59:35.556+0000] {processor.py:756} INFO - Processing file /home/airflow/.local/lib/python3.7/site-packages/airflow/example_dags/example_external_task_marker_dag.py for tasks to queue
[2023-11-12T19:59:35.557+0000] {logging_mixin.py:120} INFO - [2023-11-12T19:59:35.557+0000] {dagbag.py:537} INFO - Filling up the DagBag from /home/airflow/.local/lib/python3.7/site-packages/airflow/example_dags/example_external_task_marker_dag.py
[2023-11-12T19:59:35.587+0000] {processor.py:766} INFO - DAG(s) dict_keys(['example_external_task_marker_parent', 'example_external_task_marker_child']) retrieved from /home/airflow/.local/lib/python3.7/site-packages/airflow/example_dags/example_external_task_marker_dag.py
[2023-11-12T19:59:35.819+0000] {logging_mixin.py:120} INFO - [2023-11-12T19:59:35.818+0000] {dag.py:2585} INFO - Sync 2 DAGs
[2023-11-12T19:59:35.845+0000] {logging_mixin.py:120} INFO - [2023-11-12T19:59:35.845+0000] {dag.py:3340} INFO - Setting next_dagrun for example_external_task_marker_child to None, run_after=None
[2023-11-12T19:59:35.848+0000] {logging_mixin.py:120} INFO - [2023-11-12T19:59:35.848+0000] {dag.py:3340} INFO - Setting next_dagrun for example_external_task_marker_parent to None, run_after=None
[2023-11-12T19:59:35.873+0000] {processor.py:176} INFO - Processing /home/airflow/.local/lib/python3.7/site-packages/airflow/example_dags/example_external_task_marker_dag.py took 0.323 seconds
[2023-11-12T20:00:06.325+0000] {processor.py:154} INFO - Started process (PID=194) to work on /home/airflow/.local/lib/python3.7/site-packages/airflow/example_dags/example_external_task_marker_dag.py
[2023-11-12T20:00:06.326+0000] {processor.py:756} INFO - Processing file /home/airflow/.local/lib/python3.7/site-packages/airflow/example_dags/example_external_task_marker_dag.py for tasks to queue
[2023-11-12T20:00:06.327+0000] {logging_mixin.py:120} INFO - [2023-11-12T20:00:06.326+0000] {dagbag.py:537} INFO - Filling up the DagBag from /home/airflow/.local/lib/python3.7/site-packages/airflow/example_dags/example_external_task_marker_dag.py
[2023-11-12T20:00:06.344+0000] {processor.py:766} INFO - DAG(s) dict_keys(['example_external_task_marker_parent', 'example_external_task_marker_child']) retrieved from /home/airflow/.local/lib/python3.7/site-packages/airflow/example_dags/example_external_task_marker_dag.py
[2023-11-12T20:00:06.753+0000] {logging_mixin.py:120} INFO - [2023-11-12T20:00:06.753+0000] {dag.py:2585} INFO - Sync 2 DAGs
[2023-11-12T20:00:06.801+0000] {logging_mixin.py:120} INFO - [2023-11-12T20:00:06.800+0000] {dag.py:3340} INFO - Setting next_dagrun for example_external_task_marker_child to None, run_after=None
[2023-11-12T20:00:06.804+0000] {logging_mixin.py:120} INFO - [2023-11-12T20:00:06.804+0000] {dag.py:3340} INFO - Setting next_dagrun for example_external_task_marker_parent to None, run_after=None
[2023-11-12T20:00:06.837+0000] {processor.py:176} INFO - Processing /home/airflow/.local/lib/python3.7/site-packages/airflow/example_dags/example_external_task_marker_dag.py took 0.515 seconds
[2023-11-12T20:00:37.059+0000] {processor.py:154} INFO - Started process (PID=259) to work on /home/airflow/.local/lib/python3.7/site-packages/airflow/example_dags/example_external_task_marker_dag.py
[2023-11-12T20:00:37.060+0000] {processor.py:756} INFO - Processing file /home/airflow/.local/lib/python3.7/site-packages/airflow/example_dags/example_external_task_marker_dag.py for tasks to queue
[2023-11-12T20:00:37.062+0000] {logging_mixin.py:120} INFO - [2023-11-12T20:00:37.062+0000] {dagbag.py:537} INFO - Filling up the DagBag from /home/airflow/.local/lib/python3.7/site-packages/airflow/example_dags/example_external_task_marker_dag.py
[2023-11-12T20:00:37.081+0000] {processor.py:766} INFO - DAG(s) dict_keys(['example_external_task_marker_parent', 'example_external_task_marker_child']) retrieved from /home/airflow/.local/lib/python3.7/site-packages/airflow/example_dags/example_external_task_marker_dag.py
[2023-11-12T20:00:37.504+0000] {logging_mixin.py:120} INFO - [2023-11-12T20:00:37.502+0000] {dag.py:2585} INFO - Sync 2 DAGs
[2023-11-12T20:00:37.537+0000] {logging_mixin.py:120} INFO - [2023-11-12T20:00:37.536+0000] {dag.py:3340} INFO - Setting next_dagrun for example_external_task_marker_child to None, run_after=None
[2023-11-12T20:00:37.540+0000] {logging_mixin.py:120} INFO - [2023-11-12T20:00:37.540+0000] {dag.py:3340} INFO - Setting next_dagrun for example_external_task_marker_parent to None, run_after=None
[2023-11-12T20:00:37.565+0000] {processor.py:176} INFO - Processing /home/airflow/.local/lib/python3.7/site-packages/airflow/example_dags/example_external_task_marker_dag.py took 0.515 seconds
[2023-11-12T20:01:07.926+0000] {processor.py:154} INFO - Started process (PID=323) to work on /home/airflow/.local/lib/python3.7/site-packages/airflow/example_dags/example_external_task_marker_dag.py
[2023-11-12T20:01:07.929+0000] {processor.py:756} INFO - Processing file /home/airflow/.local/lib/python3.7/site-packages/airflow/example_dags/example_external_task_marker_dag.py for tasks to queue
[2023-11-12T20:01:07.930+0000] {logging_mixin.py:120} INFO - [2023-11-12T20:01:07.930+0000] {dagbag.py:537} INFO - Filling up the DagBag from /home/airflow/.local/lib/python3.7/site-packages/airflow/example_dags/example_external_task_marker_dag.py
[2023-11-12T20:01:07.956+0000] {processor.py:766} INFO - DAG(s) dict_keys(['example_external_task_marker_child', 'example_external_task_marker_parent']) retrieved from /home/airflow/.local/lib/python3.7/site-packages/airflow/example_dags/example_external_task_marker_dag.py
[2023-11-12T20:01:08.275+0000] {logging_mixin.py:120} INFO - [2023-11-12T20:01:08.275+0000] {dag.py:2585} INFO - Sync 2 DAGs
[2023-11-12T20:01:08.307+0000] {logging_mixin.py:120} INFO - [2023-11-12T20:01:08.307+0000] {dag.py:3340} INFO - Setting next_dagrun for example_external_task_marker_child to None, run_after=None
[2023-11-12T20:01:08.310+0000] {logging_mixin.py:120} INFO - [2023-11-12T20:01:08.310+0000] {dag.py:3340} INFO - Setting next_dagrun for example_external_task_marker_parent to None, run_after=None
[2023-11-12T20:01:08.336+0000] {processor.py:176} INFO - Processing /home/airflow/.local/lib/python3.7/site-packages/airflow/example_dags/example_external_task_marker_dag.py took 0.418 seconds
[2023-11-12T20:01:38.421+0000] {processor.py:154} INFO - Started process (PID=374) to work on /home/airflow/.local/lib/python3.7/site-packages/airflow/example_dags/example_external_task_marker_dag.py
[2023-11-12T20:01:38.422+0000] {processor.py:756} INFO - Processing file /home/airflow/.local/lib/python3.7/site-packages/airflow/example_dags/example_external_task_marker_dag.py for tasks to queue
[2023-11-12T20:01:38.423+0000] {logging_mixin.py:120} INFO - [2023-11-12T20:01:38.423+0000] {dagbag.py:537} INFO - Filling up the DagBag from /home/airflow/.local/lib/python3.7/site-packages/airflow/example_dags/example_external_task_marker_dag.py
[2023-11-12T20:01:38.447+0000] {processor.py:766} INFO - DAG(s) dict_keys(['example_external_task_marker_parent', 'example_external_task_marker_child']) retrieved from /home/airflow/.local/lib/python3.7/site-packages/airflow/example_dags/example_external_task_marker_dag.py
[2023-11-12T20:01:38.867+0000] {logging_mixin.py:120} INFO - [2023-11-12T20:01:38.867+0000] {dag.py:2585} INFO - Sync 2 DAGs
[2023-11-12T20:01:38.921+0000] {logging_mixin.py:120} INFO - [2023-11-12T20:01:38.921+0000] {dag.py:3340} INFO - Setting next_dagrun for example_external_task_marker_child to None, run_after=None
[2023-11-12T20:01:38.929+0000] {logging_mixin.py:120} INFO - [2023-11-12T20:01:38.928+0000] {dag.py:3340} INFO - Setting next_dagrun for example_external_task_marker_parent to None, run_after=None
[2023-11-12T20:01:38.965+0000] {processor.py:176} INFO - Processing /home/airflow/.local/lib/python3.7/site-packages/airflow/example_dags/example_external_task_marker_dag.py took 0.547 seconds
[2023-11-12T20:02:09.113+0000] {processor.py:154} INFO - Started process (PID=437) to work on /home/airflow/.local/lib/python3.7/site-packages/airflow/example_dags/example_external_task_marker_dag.py
[2023-11-12T20:02:09.113+0000] {processor.py:756} INFO - Processing file /home/airflow/.local/lib/python3.7/site-packages/airflow/example_dags/example_external_task_marker_dag.py for tasks to queue
[2023-11-12T20:02:09.114+0000] {logging_mixin.py:120} INFO - [2023-11-12T20:02:09.114+0000] {dagbag.py:537} INFO - Filling up the DagBag from /home/airflow/.local/lib/python3.7/site-packages/airflow/example_dags/example_external_task_marker_dag.py
[2023-11-12T20:02:09.130+0000] {processor.py:766} INFO - DAG(s) dict_keys(['example_external_task_marker_parent', 'example_external_task_marker_child']) retrieved from /home/airflow/.local/lib/python3.7/site-packages/airflow/example_dags/example_external_task_marker_dag.py
[2023-11-12T20:02:09.431+0000] {logging_mixin.py:120} INFO - [2023-11-12T20:02:09.431+0000] {dag.py:2585} INFO - Sync 2 DAGs
[2023-11-12T20:02:09.467+0000] {logging_mixin.py:120} INFO - [2023-11-12T20:02:09.467+0000] {dag.py:3340} INFO - Setting next_dagrun for example_external_task_marker_child to None, run_after=None
[2023-11-12T20:02:09.471+0000] {logging_mixin.py:120} INFO - [2023-11-12T20:02:09.471+0000] {dag.py:3340} INFO - Setting next_dagrun for example_external_task_marker_parent to None, run_after=None
[2023-11-12T20:02:09.511+0000] {processor.py:176} INFO - Processing /home/airflow/.local/lib/python3.7/site-packages/airflow/example_dags/example_external_task_marker_dag.py took 0.401 seconds
[2023-11-12T20:02:40.167+0000] {processor.py:154} INFO - Started process (PID=500) to work on /home/airflow/.local/lib/python3.7/site-packages/airflow/example_dags/example_external_task_marker_dag.py
[2023-11-12T20:02:40.170+0000] {processor.py:756} INFO - Processing file /home/airflow/.local/lib/python3.7/site-packages/airflow/example_dags/example_external_task_marker_dag.py for tasks to queue
[2023-11-12T20:02:40.171+0000] {logging_mixin.py:120} INFO - [2023-11-12T20:02:40.170+0000] {dagbag.py:537} INFO - Filling up the DagBag from /home/airflow/.local/lib/python3.7/site-packages/airflow/example_dags/example_external_task_marker_dag.py
[2023-11-12T20:02:40.213+0000] {processor.py:766} INFO - DAG(s) dict_keys(['example_external_task_marker_child', 'example_external_task_marker_parent']) retrieved from /home/airflow/.local/lib/python3.7/site-packages/airflow/example_dags/example_external_task_marker_dag.py
[2023-11-12T20:02:40.787+0000] {logging_mixin.py:120} INFO - [2023-11-12T20:02:40.787+0000] {dag.py:2585} INFO - Sync 2 DAGs
[2023-11-12T20:02:40.873+0000] {logging_mixin.py:120} INFO - [2023-11-12T20:02:40.873+0000] {dag.py:3340} INFO - Setting next_dagrun for example_external_task_marker_child to None, run_after=None
[2023-11-12T20:02:40.882+0000] {logging_mixin.py:120} INFO - [2023-11-12T20:02:40.882+0000] {dag.py:3340} INFO - Setting next_dagrun for example_external_task_marker_parent to None, run_after=None
[2023-11-12T20:02:40.944+0000] {processor.py:176} INFO - Processing /home/airflow/.local/lib/python3.7/site-packages/airflow/example_dags/example_external_task_marker_dag.py took 0.781 seconds
[2023-11-12T20:03:11.586+0000] {processor.py:154} INFO - Started process (PID=565) to work on /home/airflow/.local/lib/python3.7/site-packages/airflow/example_dags/example_external_task_marker_dag.py
[2023-11-12T20:03:11.586+0000] {processor.py:756} INFO - Processing file /home/airflow/.local/lib/python3.7/site-packages/airflow/example_dags/example_external_task_marker_dag.py for tasks to queue
[2023-11-12T20:03:11.587+0000] {logging_mixin.py:120} INFO - [2023-11-12T20:03:11.587+0000] {dagbag.py:537} INFO - Filling up the DagBag from /home/airflow/.local/lib/python3.7/site-packages/airflow/example_dags/example_external_task_marker_dag.py
[2023-11-12T20:03:11.603+0000] {processor.py:766} INFO - DAG(s) dict_keys(['example_external_task_marker_child', 'example_external_task_marker_parent']) retrieved from /home/airflow/.local/lib/python3.7/site-packages/airflow/example_dags/example_external_task_marker_dag.py
[2023-11-12T20:03:11.878+0000] {logging_mixin.py:120} INFO - [2023-11-12T20:03:11.878+0000] {dag.py:2585} INFO - Sync 2 DAGs
[2023-11-12T20:03:11.951+0000] {logging_mixin.py:120} INFO - [2023-11-12T20:03:11.951+0000] {dag.py:3340} INFO - Setting next_dagrun for example_external_task_marker_child to None, run_after=None
[2023-11-12T20:03:11.955+0000] {logging_mixin.py:120} INFO - [2023-11-12T20:03:11.955+0000] {dag.py:3340} INFO - Setting next_dagrun for example_external_task_marker_parent to None, run_after=None
[2023-11-12T20:03:11.996+0000] {processor.py:176} INFO - Processing /home/airflow/.local/lib/python3.7/site-packages/airflow/example_dags/example_external_task_marker_dag.py took 0.414 seconds
[2023-11-12T20:03:42.125+0000] {processor.py:154} INFO - Started process (PID=621) to work on /home/airflow/.local/lib/python3.7/site-packages/airflow/example_dags/example_external_task_marker_dag.py
[2023-11-12T20:03:42.126+0000] {processor.py:756} INFO - Processing file /home/airflow/.local/lib/python3.7/site-packages/airflow/example_dags/example_external_task_marker_dag.py for tasks to queue
[2023-11-12T20:03:42.126+0000] {logging_mixin.py:120} INFO - [2023-11-12T20:03:42.126+0000] {dagbag.py:537} INFO - Filling up the DagBag from /home/airflow/.local/lib/python3.7/site-packages/airflow/example_dags/example_external_task_marker_dag.py
[2023-11-12T20:03:42.162+0000] {processor.py:766} INFO - DAG(s) dict_keys(['example_external_task_marker_parent', 'example_external_task_marker_child']) retrieved from /home/airflow/.local/lib/python3.7/site-packages/airflow/example_dags/example_external_task_marker_dag.py
[2023-11-12T20:03:42.901+0000] {logging_mixin.py:120} INFO - [2023-11-12T20:03:42.900+0000] {dag.py:2585} INFO - Sync 2 DAGs
[2023-11-12T20:03:43.055+0000] {logging_mixin.py:120} INFO - [2023-11-12T20:03:43.055+0000] {dag.py:3340} INFO - Setting next_dagrun for example_external_task_marker_child to None, run_after=None
[2023-11-12T20:03:43.074+0000] {logging_mixin.py:120} INFO - [2023-11-12T20:03:43.073+0000] {dag.py:3340} INFO - Setting next_dagrun for example_external_task_marker_parent to None, run_after=None
[2023-11-12T20:03:43.137+0000] {processor.py:176} INFO - Processing /home/airflow/.local/lib/python3.7/site-packages/airflow/example_dags/example_external_task_marker_dag.py took 1.016 seconds
[2023-11-12T20:04:13.989+0000] {processor.py:154} INFO - Started process (PID=686) to work on /home/airflow/.local/lib/python3.7/site-packages/airflow/example_dags/example_external_task_marker_dag.py
[2023-11-12T20:04:13.994+0000] {processor.py:756} INFO - Processing file /home/airflow/.local/lib/python3.7/site-packages/airflow/example_dags/example_external_task_marker_dag.py for tasks to queue
[2023-11-12T20:04:13.995+0000] {logging_mixin.py:120} INFO - [2023-11-12T20:04:13.995+0000] {dagbag.py:537} INFO - Filling up the DagBag from /home/airflow/.local/lib/python3.7/site-packages/airflow/example_dags/example_external_task_marker_dag.py
[2023-11-12T20:04:14.043+0000] {processor.py:766} INFO - DAG(s) dict_keys(['example_external_task_marker_parent', 'example_external_task_marker_child']) retrieved from /home/airflow/.local/lib/python3.7/site-packages/airflow/example_dags/example_external_task_marker_dag.py
[2023-11-12T20:04:14.560+0000] {logging_mixin.py:120} INFO - [2023-11-12T20:04:14.559+0000] {dag.py:2585} INFO - Sync 2 DAGs
[2023-11-12T20:04:14.595+0000] {logging_mixin.py:120} INFO - [2023-11-12T20:04:14.595+0000] {dag.py:3340} INFO - Setting next_dagrun for example_external_task_marker_child to None, run_after=None
[2023-11-12T20:04:14.610+0000] {logging_mixin.py:120} INFO - [2023-11-12T20:04:14.610+0000] {dag.py:3340} INFO - Setting next_dagrun for example_external_task_marker_parent to None, run_after=None
[2023-11-12T20:04:14.645+0000] {processor.py:176} INFO - Processing /home/airflow/.local/lib/python3.7/site-packages/airflow/example_dags/example_external_task_marker_dag.py took 0.660 seconds
[2023-11-12T20:04:44.804+0000] {processor.py:154} INFO - Started process (PID=750) to work on /home/airflow/.local/lib/python3.7/site-packages/airflow/example_dags/example_external_task_marker_dag.py
[2023-11-12T20:04:44.805+0000] {processor.py:756} INFO - Processing file /home/airflow/.local/lib/python3.7/site-packages/airflow/example_dags/example_external_task_marker_dag.py for tasks to queue
[2023-11-12T20:04:44.805+0000] {logging_mixin.py:120} INFO - [2023-11-12T20:04:44.805+0000] {dagbag.py:537} INFO - Filling up the DagBag from /home/airflow/.local/lib/python3.7/site-packages/airflow/example_dags/example_external_task_marker_dag.py
[2023-11-12T20:04:44.822+0000] {processor.py:766} INFO - DAG(s) dict_keys(['example_external_task_marker_parent', 'example_external_task_marker_child']) retrieved from /home/airflow/.local/lib/python3.7/site-packages/airflow/example_dags/example_external_task_marker_dag.py
[2023-11-12T20:04:45.099+0000] {logging_mixin.py:120} INFO - [2023-11-12T20:04:45.098+0000] {dag.py:2585} INFO - Sync 2 DAGs
[2023-11-12T20:04:45.126+0000] {logging_mixin.py:120} INFO - [2023-11-12T20:04:45.126+0000] {dag.py:3340} INFO - Setting next_dagrun for example_external_task_marker_child to None, run_after=None
[2023-11-12T20:04:45.129+0000] {logging_mixin.py:120} INFO - [2023-11-12T20:04:45.129+0000] {dag.py:3340} INFO - Setting next_dagrun for example_external_task_marker_parent to None, run_after=None
[2023-11-12T20:04:45.152+0000] {processor.py:176} INFO - Processing /home/airflow/.local/lib/python3.7/site-packages/airflow/example_dags/example_external_task_marker_dag.py took 0.350 seconds
[2023-11-12T20:05:15.724+0000] {processor.py:154} INFO - Started process (PID=805) to work on /home/airflow/.local/lib/python3.7/site-packages/airflow/example_dags/example_external_task_marker_dag.py
[2023-11-12T20:05:15.725+0000] {processor.py:756} INFO - Processing file /home/airflow/.local/lib/python3.7/site-packages/airflow/example_dags/example_external_task_marker_dag.py for tasks to queue
[2023-11-12T20:05:15.726+0000] {logging_mixin.py:120} INFO - [2023-11-12T20:05:15.726+0000] {dagbag.py:537} INFO - Filling up the DagBag from /home/airflow/.local/lib/python3.7/site-packages/airflow/example_dags/example_external_task_marker_dag.py
[2023-11-12T20:05:15.760+0000] {processor.py:766} INFO - DAG(s) dict_keys(['example_external_task_marker_child', 'example_external_task_marker_parent']) retrieved from /home/airflow/.local/lib/python3.7/site-packages/airflow/example_dags/example_external_task_marker_dag.py
[2023-11-12T20:05:16.855+0000] {logging_mixin.py:120} INFO - [2023-11-12T20:05:16.855+0000] {dag.py:2585} INFO - Sync 2 DAGs
[2023-11-12T20:05:16.997+0000] {logging_mixin.py:120} INFO - [2023-11-12T20:05:16.997+0000] {dag.py:3340} INFO - Setting next_dagrun for example_external_task_marker_child to None, run_after=None
[2023-11-12T20:05:17.033+0000] {logging_mixin.py:120} INFO - [2023-11-12T20:05:17.033+0000] {dag.py:3340} INFO - Setting next_dagrun for example_external_task_marker_parent to None, run_after=None
[2023-11-12T20:05:17.182+0000] {processor.py:176} INFO - Processing /home/airflow/.local/lib/python3.7/site-packages/airflow/example_dags/example_external_task_marker_dag.py took 1.464 seconds
[2023-11-12T20:05:47.740+0000] {processor.py:154} INFO - Started process (PID=868) to work on /home/airflow/.local/lib/python3.7/site-packages/airflow/example_dags/example_external_task_marker_dag.py
[2023-11-12T20:05:47.741+0000] {processor.py:756} INFO - Processing file /home/airflow/.local/lib/python3.7/site-packages/airflow/example_dags/example_external_task_marker_dag.py for tasks to queue
[2023-11-12T20:05:47.747+0000] {logging_mixin.py:120} INFO - [2023-11-12T20:05:47.746+0000] {dagbag.py:537} INFO - Filling up the DagBag from /home/airflow/.local/lib/python3.7/site-packages/airflow/example_dags/example_external_task_marker_dag.py
[2023-11-12T20:05:47.762+0000] {processor.py:766} INFO - DAG(s) dict_keys(['example_external_task_marker_child', 'example_external_task_marker_parent']) retrieved from /home/airflow/.local/lib/python3.7/site-packages/airflow/example_dags/example_external_task_marker_dag.py
[2023-11-12T20:05:48.045+0000] {logging_mixin.py:120} INFO - [2023-11-12T20:05:48.045+0000] {dag.py:2585} INFO - Sync 2 DAGs
[2023-11-12T20:05:48.075+0000] {logging_mixin.py:120} INFO - [2023-11-12T20:05:48.074+0000] {dag.py:3340} INFO - Setting next_dagrun for example_external_task_marker_child to None, run_after=None
[2023-11-12T20:05:48.078+0000] {logging_mixin.py:120} INFO - [2023-11-12T20:05:48.078+0000] {dag.py:3340} INFO - Setting next_dagrun for example_external_task_marker_parent to None, run_after=None
[2023-11-12T20:05:48.101+0000] {processor.py:176} INFO - Processing /home/airflow/.local/lib/python3.7/site-packages/airflow/example_dags/example_external_task_marker_dag.py took 0.367 seconds
[2023-11-12T20:06:18.142+0000] {processor.py:154} INFO - Started process (PID=921) to work on /home/airflow/.local/lib/python3.7/site-packages/airflow/example_dags/example_external_task_marker_dag.py
[2023-11-12T20:06:18.143+0000] {processor.py:756} INFO - Processing file /home/airflow/.local/lib/python3.7/site-packages/airflow/example_dags/example_external_task_marker_dag.py for tasks to queue
[2023-11-12T20:06:18.144+0000] {logging_mixin.py:120} INFO - [2023-11-12T20:06:18.144+0000] {dagbag.py:537} INFO - Filling up the DagBag from /home/airflow/.local/lib/python3.7/site-packages/airflow/example_dags/example_external_task_marker_dag.py
[2023-11-12T20:06:18.161+0000] {processor.py:766} INFO - DAG(s) dict_keys(['example_external_task_marker_parent', 'example_external_task_marker_child']) retrieved from /home/airflow/.local/lib/python3.7/site-packages/airflow/example_dags/example_external_task_marker_dag.py
[2023-11-12T20:06:18.510+0000] {logging_mixin.py:120} INFO - [2023-11-12T20:06:18.510+0000] {dag.py:2585} INFO - Sync 2 DAGs
[2023-11-12T20:06:18.560+0000] {logging_mixin.py:120} INFO - [2023-11-12T20:06:18.560+0000] {dag.py:3340} INFO - Setting next_dagrun for example_external_task_marker_child to None, run_after=None
[2023-11-12T20:06:18.572+0000] {logging_mixin.py:120} INFO - [2023-11-12T20:06:18.572+0000] {dag.py:3340} INFO - Setting next_dagrun for example_external_task_marker_parent to None, run_after=None
[2023-11-12T20:06:18.616+0000] {processor.py:176} INFO - Processing /home/airflow/.local/lib/python3.7/site-packages/airflow/example_dags/example_external_task_marker_dag.py took 0.477 seconds
[2023-11-12T20:06:49.172+0000] {processor.py:154} INFO - Started process (PID=984) to work on /home/airflow/.local/lib/python3.7/site-packages/airflow/example_dags/example_external_task_marker_dag.py
[2023-11-12T20:06:49.173+0000] {processor.py:756} INFO - Processing file /home/airflow/.local/lib/python3.7/site-packages/airflow/example_dags/example_external_task_marker_dag.py for tasks to queue
[2023-11-12T20:06:49.174+0000] {logging_mixin.py:120} INFO - [2023-11-12T20:06:49.173+0000] {dagbag.py:537} INFO - Filling up the DagBag from /home/airflow/.local/lib/python3.7/site-packages/airflow/example_dags/example_external_task_marker_dag.py
[2023-11-12T20:06:49.191+0000] {processor.py:766} INFO - DAG(s) dict_keys(['example_external_task_marker_child', 'example_external_task_marker_parent']) retrieved from /home/airflow/.local/lib/python3.7/site-packages/airflow/example_dags/example_external_task_marker_dag.py
[2023-11-12T20:06:49.728+0000] {logging_mixin.py:120} INFO - [2023-11-12T20:06:49.728+0000] {dag.py:2585} INFO - Sync 2 DAGs
[2023-11-12T20:06:49.756+0000] {logging_mixin.py:120} INFO - [2023-11-12T20:06:49.756+0000] {dag.py:3340} INFO - Setting next_dagrun for example_external_task_marker_child to None, run_after=None
[2023-11-12T20:06:49.760+0000] {logging_mixin.py:120} INFO - [2023-11-12T20:06:49.760+0000] {dag.py:3340} INFO - Setting next_dagrun for example_external_task_marker_parent to None, run_after=None
[2023-11-12T20:06:49.784+0000] {processor.py:176} INFO - Processing /home/airflow/.local/lib/python3.7/site-packages/airflow/example_dags/example_external_task_marker_dag.py took 0.615 seconds
[2023-11-12T20:07:20.239+0000] {processor.py:154} INFO - Started process (PID=1048) to work on /home/airflow/.local/lib/python3.7/site-packages/airflow/example_dags/example_external_task_marker_dag.py
[2023-11-12T20:07:20.243+0000] {processor.py:756} INFO - Processing file /home/airflow/.local/lib/python3.7/site-packages/airflow/example_dags/example_external_task_marker_dag.py for tasks to queue
[2023-11-12T20:07:20.252+0000] {logging_mixin.py:120} INFO - [2023-11-12T20:07:20.252+0000] {dagbag.py:537} INFO - Filling up the DagBag from /home/airflow/.local/lib/python3.7/site-packages/airflow/example_dags/example_external_task_marker_dag.py
[2023-11-12T20:07:20.347+0000] {processor.py:766} INFO - DAG(s) dict_keys(['example_external_task_marker_child', 'example_external_task_marker_parent']) retrieved from /home/airflow/.local/lib/python3.7/site-packages/airflow/example_dags/example_external_task_marker_dag.py
[2023-11-12T20:07:21.153+0000] {logging_mixin.py:120} INFO - [2023-11-12T20:07:21.153+0000] {dag.py:2585} INFO - Sync 2 DAGs
[2023-11-12T20:07:21.183+0000] {logging_mixin.py:120} INFO - [2023-11-12T20:07:21.183+0000] {dag.py:3340} INFO - Setting next_dagrun for example_external_task_marker_child to None, run_after=None
[2023-11-12T20:07:21.187+0000] {logging_mixin.py:120} INFO - [2023-11-12T20:07:21.187+0000] {dag.py:3340} INFO - Setting next_dagrun for example_external_task_marker_parent to None, run_after=None
[2023-11-12T20:07:21.221+0000] {processor.py:176} INFO - Processing /home/airflow/.local/lib/python3.7/site-packages/airflow/example_dags/example_external_task_marker_dag.py took 1.005 seconds
[2023-11-12T20:07:52.177+0000] {processor.py:154} INFO - Started process (PID=1105) to work on /home/airflow/.local/lib/python3.7/site-packages/airflow/example_dags/example_external_task_marker_dag.py
[2023-11-12T20:07:52.177+0000] {processor.py:756} INFO - Processing file /home/airflow/.local/lib/python3.7/site-packages/airflow/example_dags/example_external_task_marker_dag.py for tasks to queue
[2023-11-12T20:07:52.178+0000] {logging_mixin.py:120} INFO - [2023-11-12T20:07:52.178+0000] {dagbag.py:537} INFO - Filling up the DagBag from /home/airflow/.local/lib/python3.7/site-packages/airflow/example_dags/example_external_task_marker_dag.py
[2023-11-12T20:07:52.200+0000] {processor.py:766} INFO - DAG(s) dict_keys(['example_external_task_marker_parent', 'example_external_task_marker_child']) retrieved from /home/airflow/.local/lib/python3.7/site-packages/airflow/example_dags/example_external_task_marker_dag.py
[2023-11-12T20:07:52.429+0000] {logging_mixin.py:120} INFO - [2023-11-12T20:07:52.428+0000] {dag.py:2585} INFO - Sync 2 DAGs
[2023-11-12T20:07:52.460+0000] {logging_mixin.py:120} INFO - [2023-11-12T20:07:52.460+0000] {dag.py:3340} INFO - Setting next_dagrun for example_external_task_marker_child to None, run_after=None
[2023-11-12T20:07:52.464+0000] {logging_mixin.py:120} INFO - [2023-11-12T20:07:52.464+0000] {dag.py:3340} INFO - Setting next_dagrun for example_external_task_marker_parent to None, run_after=None
[2023-11-12T20:07:52.491+0000] {processor.py:176} INFO - Processing /home/airflow/.local/lib/python3.7/site-packages/airflow/example_dags/example_external_task_marker_dag.py took 0.317 seconds
[2023-11-12T20:08:22.678+0000] {processor.py:154} INFO - Started process (PID=1167) to work on /home/airflow/.local/lib/python3.7/site-packages/airflow/example_dags/example_external_task_marker_dag.py
[2023-11-12T20:08:22.678+0000] {processor.py:756} INFO - Processing file /home/airflow/.local/lib/python3.7/site-packages/airflow/example_dags/example_external_task_marker_dag.py for tasks to queue
[2023-11-12T20:08:22.679+0000] {logging_mixin.py:120} INFO - [2023-11-12T20:08:22.679+0000] {dagbag.py:537} INFO - Filling up the DagBag from /home/airflow/.local/lib/python3.7/site-packages/airflow/example_dags/example_external_task_marker_dag.py
[2023-11-12T20:08:22.720+0000] {processor.py:766} INFO - DAG(s) dict_keys(['example_external_task_marker_child', 'example_external_task_marker_parent']) retrieved from /home/airflow/.local/lib/python3.7/site-packages/airflow/example_dags/example_external_task_marker_dag.py
[2023-11-12T20:08:23.084+0000] {logging_mixin.py:120} INFO - [2023-11-12T20:08:23.084+0000] {dag.py:2585} INFO - Sync 2 DAGs
[2023-11-12T20:08:23.127+0000] {logging_mixin.py:120} INFO - [2023-11-12T20:08:23.127+0000] {dag.py:3340} INFO - Setting next_dagrun for example_external_task_marker_child to None, run_after=None
[2023-11-12T20:08:23.135+0000] {logging_mixin.py:120} INFO - [2023-11-12T20:08:23.135+0000] {dag.py:3340} INFO - Setting next_dagrun for example_external_task_marker_parent to None, run_after=None
[2023-11-12T20:08:23.159+0000] {processor.py:176} INFO - Processing /home/airflow/.local/lib/python3.7/site-packages/airflow/example_dags/example_external_task_marker_dag.py took 0.489 seconds
[2023-11-12T20:08:53.366+0000] {processor.py:154} INFO - Started process (PID=1215) to work on /home/airflow/.local/lib/python3.7/site-packages/airflow/example_dags/example_external_task_marker_dag.py
[2023-11-12T20:08:53.367+0000] {processor.py:756} INFO - Processing file /home/airflow/.local/lib/python3.7/site-packages/airflow/example_dags/example_external_task_marker_dag.py for tasks to queue
[2023-11-12T20:08:53.368+0000] {logging_mixin.py:120} INFO - [2023-11-12T20:08:53.368+0000] {dagbag.py:537} INFO - Filling up the DagBag from /home/airflow/.local/lib/python3.7/site-packages/airflow/example_dags/example_external_task_marker_dag.py
[2023-11-12T20:08:53.384+0000] {processor.py:766} INFO - DAG(s) dict_keys(['example_external_task_marker_parent', 'example_external_task_marker_child']) retrieved from /home/airflow/.local/lib/python3.7/site-packages/airflow/example_dags/example_external_task_marker_dag.py
[2023-11-12T20:08:53.733+0000] {logging_mixin.py:120} INFO - [2023-11-12T20:08:53.733+0000] {dag.py:2585} INFO - Sync 2 DAGs
[2023-11-12T20:08:53.762+0000] {logging_mixin.py:120} INFO - [2023-11-12T20:08:53.762+0000] {dag.py:3340} INFO - Setting next_dagrun for example_external_task_marker_child to None, run_after=None
[2023-11-12T20:08:53.766+0000] {logging_mixin.py:120} INFO - [2023-11-12T20:08:53.766+0000] {dag.py:3340} INFO - Setting next_dagrun for example_external_task_marker_parent to None, run_after=None
[2023-11-12T20:08:53.790+0000] {processor.py:176} INFO - Processing /home/airflow/.local/lib/python3.7/site-packages/airflow/example_dags/example_external_task_marker_dag.py took 0.427 seconds
[2023-11-12T20:09:24.679+0000] {processor.py:154} INFO - Started process (PID=1270) to work on /home/airflow/.local/lib/python3.7/site-packages/airflow/example_dags/example_external_task_marker_dag.py
[2023-11-12T20:09:24.681+0000] {processor.py:756} INFO - Processing file /home/airflow/.local/lib/python3.7/site-packages/airflow/example_dags/example_external_task_marker_dag.py for tasks to queue
[2023-11-12T20:09:24.683+0000] {logging_mixin.py:120} INFO - [2023-11-12T20:09:24.683+0000] {dagbag.py:537} INFO - Filling up the DagBag from /home/airflow/.local/lib/python3.7/site-packages/airflow/example_dags/example_external_task_marker_dag.py
[2023-11-12T20:09:24.699+0000] {processor.py:766} INFO - DAG(s) dict_keys(['example_external_task_marker_child', 'example_external_task_marker_parent']) retrieved from /home/airflow/.local/lib/python3.7/site-packages/airflow/example_dags/example_external_task_marker_dag.py
[2023-11-12T20:09:25.063+0000] {logging_mixin.py:120} INFO - [2023-11-12T20:09:25.063+0000] {dag.py:2585} INFO - Sync 2 DAGs
[2023-11-12T20:09:25.096+0000] {logging_mixin.py:120} INFO - [2023-11-12T20:09:25.096+0000] {dag.py:3340} INFO - Setting next_dagrun for example_external_task_marker_child to None, run_after=None
[2023-11-12T20:09:25.099+0000] {logging_mixin.py:120} INFO - [2023-11-12T20:09:25.099+0000] {dag.py:3340} INFO - Setting next_dagrun for example_external_task_marker_parent to None, run_after=None
[2023-11-12T20:09:25.125+0000] {processor.py:176} INFO - Processing /home/airflow/.local/lib/python3.7/site-packages/airflow/example_dags/example_external_task_marker_dag.py took 0.450 seconds
[2023-11-12T20:09:55.583+0000] {processor.py:154} INFO - Started process (PID=1331) to work on /home/airflow/.local/lib/python3.7/site-packages/airflow/example_dags/example_external_task_marker_dag.py
[2023-11-12T20:09:55.585+0000] {processor.py:756} INFO - Processing file /home/airflow/.local/lib/python3.7/site-packages/airflow/example_dags/example_external_task_marker_dag.py for tasks to queue
[2023-11-12T20:09:55.586+0000] {logging_mixin.py:120} INFO - [2023-11-12T20:09:55.586+0000] {dagbag.py:537} INFO - Filling up the DagBag from /home/airflow/.local/lib/python3.7/site-packages/airflow/example_dags/example_external_task_marker_dag.py
[2023-11-12T20:09:55.603+0000] {processor.py:766} INFO - DAG(s) dict_keys(['example_external_task_marker_parent', 'example_external_task_marker_child']) retrieved from /home/airflow/.local/lib/python3.7/site-packages/airflow/example_dags/example_external_task_marker_dag.py
[2023-11-12T20:09:55.946+0000] {logging_mixin.py:120} INFO - [2023-11-12T20:09:55.946+0000] {dag.py:2585} INFO - Sync 2 DAGs
[2023-11-12T20:09:55.973+0000] {logging_mixin.py:120} INFO - [2023-11-12T20:09:55.973+0000] {dag.py:3340} INFO - Setting next_dagrun for example_external_task_marker_child to None, run_after=None
[2023-11-12T20:09:55.976+0000] {logging_mixin.py:120} INFO - [2023-11-12T20:09:55.976+0000] {dag.py:3340} INFO - Setting next_dagrun for example_external_task_marker_parent to None, run_after=None
[2023-11-12T20:09:56.002+0000] {processor.py:176} INFO - Processing /home/airflow/.local/lib/python3.7/site-packages/airflow/example_dags/example_external_task_marker_dag.py took 0.422 seconds
[2023-11-12T20:10:26.075+0000] {processor.py:154} INFO - Started process (PID=1384) to work on /home/airflow/.local/lib/python3.7/site-packages/airflow/example_dags/example_external_task_marker_dag.py
[2023-11-12T20:10:26.078+0000] {processor.py:756} INFO - Processing file /home/airflow/.local/lib/python3.7/site-packages/airflow/example_dags/example_external_task_marker_dag.py for tasks to queue
[2023-11-12T20:10:26.079+0000] {logging_mixin.py:120} INFO - [2023-11-12T20:10:26.079+0000] {dagbag.py:537} INFO - Filling up the DagBag from /home/airflow/.local/lib/python3.7/site-packages/airflow/example_dags/example_external_task_marker_dag.py
[2023-11-12T20:10:26.099+0000] {processor.py:766} INFO - DAG(s) dict_keys(['example_external_task_marker_child', 'example_external_task_marker_parent']) retrieved from /home/airflow/.local/lib/python3.7/site-packages/airflow/example_dags/example_external_task_marker_dag.py
[2023-11-12T20:10:26.535+0000] {logging_mixin.py:120} INFO - [2023-11-12T20:10:26.535+0000] {dag.py:2585} INFO - Sync 2 DAGs
[2023-11-12T20:10:26.607+0000] {logging_mixin.py:120} INFO - [2023-11-12T20:10:26.607+0000] {dag.py:3340} INFO - Setting next_dagrun for example_external_task_marker_child to None, run_after=None
[2023-11-12T20:10:26.612+0000] {logging_mixin.py:120} INFO - [2023-11-12T20:10:26.612+0000] {dag.py:3340} INFO - Setting next_dagrun for example_external_task_marker_parent to None, run_after=None
[2023-11-12T20:10:26.636+0000] {processor.py:176} INFO - Processing /home/airflow/.local/lib/python3.7/site-packages/airflow/example_dags/example_external_task_marker_dag.py took 0.564 seconds
[2023-11-12T20:10:56.774+0000] {processor.py:154} INFO - Started process (PID=1437) to work on /home/airflow/.local/lib/python3.7/site-packages/airflow/example_dags/example_external_task_marker_dag.py
[2023-11-12T20:10:56.780+0000] {processor.py:756} INFO - Processing file /home/airflow/.local/lib/python3.7/site-packages/airflow/example_dags/example_external_task_marker_dag.py for tasks to queue
[2023-11-12T20:10:56.781+0000] {logging_mixin.py:120} INFO - [2023-11-12T20:10:56.781+0000] {dagbag.py:537} INFO - Filling up the DagBag from /home/airflow/.local/lib/python3.7/site-packages/airflow/example_dags/example_external_task_marker_dag.py
[2023-11-12T20:10:56.805+0000] {processor.py:766} INFO - DAG(s) dict_keys(['example_external_task_marker_child', 'example_external_task_marker_parent']) retrieved from /home/airflow/.local/lib/python3.7/site-packages/airflow/example_dags/example_external_task_marker_dag.py
[2023-11-12T20:10:57.238+0000] {logging_mixin.py:120} INFO - [2023-11-12T20:10:57.238+0000] {dag.py:2585} INFO - Sync 2 DAGs
[2023-11-12T20:10:57.272+0000] {logging_mixin.py:120} INFO - [2023-11-12T20:10:57.272+0000] {dag.py:3340} INFO - Setting next_dagrun for example_external_task_marker_child to None, run_after=None
[2023-11-12T20:10:57.282+0000] {logging_mixin.py:120} INFO - [2023-11-12T20:10:57.282+0000] {dag.py:3340} INFO - Setting next_dagrun for example_external_task_marker_parent to None, run_after=None
[2023-11-12T20:10:57.311+0000] {processor.py:176} INFO - Processing /home/airflow/.local/lib/python3.7/site-packages/airflow/example_dags/example_external_task_marker_dag.py took 0.544 seconds
[2023-11-12T20:11:27.455+0000] {processor.py:154} INFO - Started process (PID=1501) to work on /home/airflow/.local/lib/python3.7/site-packages/airflow/example_dags/example_external_task_marker_dag.py
[2023-11-12T20:11:27.459+0000] {processor.py:756} INFO - Processing file /home/airflow/.local/lib/python3.7/site-packages/airflow/example_dags/example_external_task_marker_dag.py for tasks to queue
[2023-11-12T20:11:27.460+0000] {logging_mixin.py:120} INFO - [2023-11-12T20:11:27.460+0000] {dagbag.py:537} INFO - Filling up the DagBag from /home/airflow/.local/lib/python3.7/site-packages/airflow/example_dags/example_external_task_marker_dag.py
[2023-11-12T20:11:27.477+0000] {processor.py:766} INFO - DAG(s) dict_keys(['example_external_task_marker_parent', 'example_external_task_marker_child']) retrieved from /home/airflow/.local/lib/python3.7/site-packages/airflow/example_dags/example_external_task_marker_dag.py
[2023-11-12T20:11:27.776+0000] {logging_mixin.py:120} INFO - [2023-11-12T20:11:27.776+0000] {dag.py:2585} INFO - Sync 2 DAGs
[2023-11-12T20:11:27.796+0000] {logging_mixin.py:120} INFO - [2023-11-12T20:11:27.796+0000] {dag.py:3340} INFO - Setting next_dagrun for example_external_task_marker_child to None, run_after=None
[2023-11-12T20:11:27.799+0000] {logging_mixin.py:120} INFO - [2023-11-12T20:11:27.799+0000] {dag.py:3340} INFO - Setting next_dagrun for example_external_task_marker_parent to None, run_after=None
[2023-11-12T20:11:27.824+0000] {processor.py:176} INFO - Processing /home/airflow/.local/lib/python3.7/site-packages/airflow/example_dags/example_external_task_marker_dag.py took 0.372 seconds
[2023-11-12T20:11:58.291+0000] {processor.py:154} INFO - Started process (PID=1556) to work on /home/airflow/.local/lib/python3.7/site-packages/airflow/example_dags/example_external_task_marker_dag.py
[2023-11-12T20:11:58.297+0000] {processor.py:756} INFO - Processing file /home/airflow/.local/lib/python3.7/site-packages/airflow/example_dags/example_external_task_marker_dag.py for tasks to queue
[2023-11-12T20:11:58.299+0000] {logging_mixin.py:120} INFO - [2023-11-12T20:11:58.299+0000] {dagbag.py:537} INFO - Filling up the DagBag from /home/airflow/.local/lib/python3.7/site-packages/airflow/example_dags/example_external_task_marker_dag.py
[2023-11-12T20:11:58.317+0000] {processor.py:766} INFO - DAG(s) dict_keys(['example_external_task_marker_parent', 'example_external_task_marker_child']) retrieved from /home/airflow/.local/lib/python3.7/site-packages/airflow/example_dags/example_external_task_marker_dag.py
[2023-11-12T20:11:58.592+0000] {logging_mixin.py:120} INFO - [2023-11-12T20:11:58.592+0000] {dag.py:2585} INFO - Sync 2 DAGs
[2023-11-12T20:11:58.639+0000] {logging_mixin.py:120} INFO - [2023-11-12T20:11:58.638+0000] {dag.py:3340} INFO - Setting next_dagrun for example_external_task_marker_child to None, run_after=None
[2023-11-12T20:11:58.651+0000] {logging_mixin.py:120} INFO - [2023-11-12T20:11:58.651+0000] {dag.py:3340} INFO - Setting next_dagrun for example_external_task_marker_parent to None, run_after=None
[2023-11-12T20:11:58.707+0000] {processor.py:176} INFO - Processing /home/airflow/.local/lib/python3.7/site-packages/airflow/example_dags/example_external_task_marker_dag.py took 0.423 seconds
[2023-11-12T20:12:29.063+0000] {processor.py:154} INFO - Started process (PID=1619) to work on /home/airflow/.local/lib/python3.7/site-packages/airflow/example_dags/example_external_task_marker_dag.py
[2023-11-12T20:12:29.064+0000] {processor.py:756} INFO - Processing file /home/airflow/.local/lib/python3.7/site-packages/airflow/example_dags/example_external_task_marker_dag.py for tasks to queue
[2023-11-12T20:12:29.064+0000] {logging_mixin.py:120} INFO - [2023-11-12T20:12:29.064+0000] {dagbag.py:537} INFO - Filling up the DagBag from /home/airflow/.local/lib/python3.7/site-packages/airflow/example_dags/example_external_task_marker_dag.py
[2023-11-12T20:12:29.082+0000] {processor.py:766} INFO - DAG(s) dict_keys(['example_external_task_marker_child', 'example_external_task_marker_parent']) retrieved from /home/airflow/.local/lib/python3.7/site-packages/airflow/example_dags/example_external_task_marker_dag.py
[2023-11-12T20:12:29.318+0000] {logging_mixin.py:120} INFO - [2023-11-12T20:12:29.318+0000] {dag.py:2585} INFO - Sync 2 DAGs
[2023-11-12T20:12:29.342+0000] {logging_mixin.py:120} INFO - [2023-11-12T20:12:29.342+0000] {dag.py:3340} INFO - Setting next_dagrun for example_external_task_marker_child to None, run_after=None
[2023-11-12T20:12:29.344+0000] {logging_mixin.py:120} INFO - [2023-11-12T20:12:29.344+0000] {dag.py:3340} INFO - Setting next_dagrun for example_external_task_marker_parent to None, run_after=None
[2023-11-12T20:12:29.366+0000] {processor.py:176} INFO - Processing /home/airflow/.local/lib/python3.7/site-packages/airflow/example_dags/example_external_task_marker_dag.py took 0.307 seconds
[2023-11-12T20:12:59.631+0000] {processor.py:154} INFO - Started process (PID=1675) to work on /home/airflow/.local/lib/python3.7/site-packages/airflow/example_dags/example_external_task_marker_dag.py
[2023-11-12T20:12:59.644+0000] {processor.py:756} INFO - Processing file /home/airflow/.local/lib/python3.7/site-packages/airflow/example_dags/example_external_task_marker_dag.py for tasks to queue
[2023-11-12T20:12:59.645+0000] {logging_mixin.py:120} INFO - [2023-11-12T20:12:59.645+0000] {dagbag.py:537} INFO - Filling up the DagBag from /home/airflow/.local/lib/python3.7/site-packages/airflow/example_dags/example_external_task_marker_dag.py
[2023-11-12T20:12:59.707+0000] {processor.py:766} INFO - DAG(s) dict_keys(['example_external_task_marker_child', 'example_external_task_marker_parent']) retrieved from /home/airflow/.local/lib/python3.7/site-packages/airflow/example_dags/example_external_task_marker_dag.py
[2023-11-12T20:13:00.351+0000] {logging_mixin.py:120} INFO - [2023-11-12T20:13:00.351+0000] {dag.py:2585} INFO - Sync 2 DAGs
[2023-11-12T20:13:00.409+0000] {logging_mixin.py:120} INFO - [2023-11-12T20:13:00.409+0000] {dag.py:3340} INFO - Setting next_dagrun for example_external_task_marker_child to None, run_after=None
[2023-11-12T20:13:00.420+0000] {logging_mixin.py:120} INFO - [2023-11-12T20:13:00.420+0000] {dag.py:3340} INFO - Setting next_dagrun for example_external_task_marker_parent to None, run_after=None
[2023-11-12T20:13:00.464+0000] {processor.py:176} INFO - Processing /home/airflow/.local/lib/python3.7/site-packages/airflow/example_dags/example_external_task_marker_dag.py took 0.848 seconds
[2023-11-12T20:13:30.756+0000] {processor.py:154} INFO - Started process (PID=1732) to work on /home/airflow/.local/lib/python3.7/site-packages/airflow/example_dags/example_external_task_marker_dag.py
[2023-11-12T20:13:30.757+0000] {processor.py:756} INFO - Processing file /home/airflow/.local/lib/python3.7/site-packages/airflow/example_dags/example_external_task_marker_dag.py for tasks to queue
[2023-11-12T20:13:30.758+0000] {logging_mixin.py:120} INFO - [2023-11-12T20:13:30.757+0000] {dagbag.py:537} INFO - Filling up the DagBag from /home/airflow/.local/lib/python3.7/site-packages/airflow/example_dags/example_external_task_marker_dag.py
[2023-11-12T20:13:30.774+0000] {processor.py:766} INFO - DAG(s) dict_keys(['example_external_task_marker_parent', 'example_external_task_marker_child']) retrieved from /home/airflow/.local/lib/python3.7/site-packages/airflow/example_dags/example_external_task_marker_dag.py
[2023-11-12T20:13:31.065+0000] {logging_mixin.py:120} INFO - [2023-11-12T20:13:31.065+0000] {dag.py:2585} INFO - Sync 2 DAGs
[2023-11-12T20:13:31.096+0000] {logging_mixin.py:120} INFO - [2023-11-12T20:13:31.096+0000] {dag.py:3340} INFO - Setting next_dagrun for example_external_task_marker_child to None, run_after=None
[2023-11-12T20:13:31.102+0000] {logging_mixin.py:120} INFO - [2023-11-12T20:13:31.102+0000] {dag.py:3340} INFO - Setting next_dagrun for example_external_task_marker_parent to None, run_after=None
[2023-11-12T20:13:31.123+0000] {processor.py:176} INFO - Processing /home/airflow/.local/lib/python3.7/site-packages/airflow/example_dags/example_external_task_marker_dag.py took 0.370 seconds
[2023-11-12T20:14:02.450+0000] {processor.py:154} INFO - Started process (PID=1798) to work on /home/airflow/.local/lib/python3.7/site-packages/airflow/example_dags/example_external_task_marker_dag.py
[2023-11-12T20:14:02.461+0000] {processor.py:756} INFO - Processing file /home/airflow/.local/lib/python3.7/site-packages/airflow/example_dags/example_external_task_marker_dag.py for tasks to queue
[2023-11-12T20:14:02.462+0000] {logging_mixin.py:120} INFO - [2023-11-12T20:14:02.462+0000] {dagbag.py:537} INFO - Filling up the DagBag from /home/airflow/.local/lib/python3.7/site-packages/airflow/example_dags/example_external_task_marker_dag.py
[2023-11-12T20:14:02.492+0000] {processor.py:766} INFO - DAG(s) dict_keys(['example_external_task_marker_child', 'example_external_task_marker_parent']) retrieved from /home/airflow/.local/lib/python3.7/site-packages/airflow/example_dags/example_external_task_marker_dag.py
[2023-11-12T20:14:02.730+0000] {logging_mixin.py:120} INFO - [2023-11-12T20:14:02.730+0000] {dag.py:2585} INFO - Sync 2 DAGs
[2023-11-12T20:14:02.750+0000] {logging_mixin.py:120} INFO - [2023-11-12T20:14:02.750+0000] {dag.py:3340} INFO - Setting next_dagrun for example_external_task_marker_child to None, run_after=None
[2023-11-12T20:14:02.753+0000] {logging_mixin.py:120} INFO - [2023-11-12T20:14:02.753+0000] {dag.py:3340} INFO - Setting next_dagrun for example_external_task_marker_parent to None, run_after=None
[2023-11-12T20:14:02.773+0000] {processor.py:176} INFO - Processing /home/airflow/.local/lib/python3.7/site-packages/airflow/example_dags/example_external_task_marker_dag.py took 0.346 seconds
[2023-11-12T20:14:32.979+0000] {processor.py:154} INFO - Started process (PID=1848) to work on /home/airflow/.local/lib/python3.7/site-packages/airflow/example_dags/example_external_task_marker_dag.py
[2023-11-12T20:14:32.986+0000] {processor.py:756} INFO - Processing file /home/airflow/.local/lib/python3.7/site-packages/airflow/example_dags/example_external_task_marker_dag.py for tasks to queue
[2023-11-12T20:14:32.987+0000] {logging_mixin.py:120} INFO - [2023-11-12T20:14:32.987+0000] {dagbag.py:537} INFO - Filling up the DagBag from /home/airflow/.local/lib/python3.7/site-packages/airflow/example_dags/example_external_task_marker_dag.py
[2023-11-12T20:14:33.015+0000] {processor.py:766} INFO - DAG(s) dict_keys(['example_external_task_marker_child', 'example_external_task_marker_parent']) retrieved from /home/airflow/.local/lib/python3.7/site-packages/airflow/example_dags/example_external_task_marker_dag.py
[2023-11-12T20:14:33.559+0000] {logging_mixin.py:120} INFO - [2023-11-12T20:14:33.559+0000] {dag.py:2585} INFO - Sync 2 DAGs
[2023-11-12T20:14:33.594+0000] {logging_mixin.py:120} INFO - [2023-11-12T20:14:33.593+0000] {dag.py:3340} INFO - Setting next_dagrun for example_external_task_marker_child to None, run_after=None
[2023-11-12T20:14:33.597+0000] {logging_mixin.py:120} INFO - [2023-11-12T20:14:33.597+0000] {dag.py:3340} INFO - Setting next_dagrun for example_external_task_marker_parent to None, run_after=None
[2023-11-12T20:14:33.630+0000] {processor.py:176} INFO - Processing /home/airflow/.local/lib/python3.7/site-packages/airflow/example_dags/example_external_task_marker_dag.py took 0.656 seconds
[2023-11-12T20:15:04.023+0000] {processor.py:154} INFO - Started process (PID=1911) to work on /home/airflow/.local/lib/python3.7/site-packages/airflow/example_dags/example_external_task_marker_dag.py
[2023-11-12T20:15:04.024+0000] {processor.py:756} INFO - Processing file /home/airflow/.local/lib/python3.7/site-packages/airflow/example_dags/example_external_task_marker_dag.py for tasks to queue
[2023-11-12T20:15:04.024+0000] {logging_mixin.py:120} INFO - [2023-11-12T20:15:04.024+0000] {dagbag.py:537} INFO - Filling up the DagBag from /home/airflow/.local/lib/python3.7/site-packages/airflow/example_dags/example_external_task_marker_dag.py
[2023-11-12T20:15:04.046+0000] {processor.py:766} INFO - DAG(s) dict_keys(['example_external_task_marker_child', 'example_external_task_marker_parent']) retrieved from /home/airflow/.local/lib/python3.7/site-packages/airflow/example_dags/example_external_task_marker_dag.py
[2023-11-12T20:15:04.370+0000] {logging_mixin.py:120} INFO - [2023-11-12T20:15:04.369+0000] {dag.py:2585} INFO - Sync 2 DAGs
[2023-11-12T20:15:04.402+0000] {logging_mixin.py:120} INFO - [2023-11-12T20:15:04.401+0000] {dag.py:3340} INFO - Setting next_dagrun for example_external_task_marker_child to None, run_after=None
[2023-11-12T20:15:04.405+0000] {logging_mixin.py:120} INFO - [2023-11-12T20:15:04.405+0000] {dag.py:3340} INFO - Setting next_dagrun for example_external_task_marker_parent to None, run_after=None
[2023-11-12T20:15:04.448+0000] {processor.py:176} INFO - Processing /home/airflow/.local/lib/python3.7/site-packages/airflow/example_dags/example_external_task_marker_dag.py took 0.428 seconds
[2023-11-12T20:15:34.549+0000] {processor.py:154} INFO - Started process (PID=1965) to work on /home/airflow/.local/lib/python3.7/site-packages/airflow/example_dags/example_external_task_marker_dag.py
[2023-11-12T20:15:34.550+0000] {processor.py:756} INFO - Processing file /home/airflow/.local/lib/python3.7/site-packages/airflow/example_dags/example_external_task_marker_dag.py for tasks to queue
[2023-11-12T20:15:34.551+0000] {logging_mixin.py:120} INFO - [2023-11-12T20:15:34.551+0000] {dagbag.py:537} INFO - Filling up the DagBag from /home/airflow/.local/lib/python3.7/site-packages/airflow/example_dags/example_external_task_marker_dag.py
[2023-11-12T20:15:34.571+0000] {processor.py:766} INFO - DAG(s) dict_keys(['example_external_task_marker_child', 'example_external_task_marker_parent']) retrieved from /home/airflow/.local/lib/python3.7/site-packages/airflow/example_dags/example_external_task_marker_dag.py
[2023-11-12T20:15:35.101+0000] {logging_mixin.py:120} INFO - [2023-11-12T20:15:35.101+0000] {dag.py:2585} INFO - Sync 2 DAGs
[2023-11-12T20:15:35.181+0000] {logging_mixin.py:120} INFO - [2023-11-12T20:15:35.181+0000] {dag.py:3340} INFO - Setting next_dagrun for example_external_task_marker_child to None, run_after=None
[2023-11-12T20:15:35.185+0000] {logging_mixin.py:120} INFO - [2023-11-12T20:15:35.185+0000] {dag.py:3340} INFO - Setting next_dagrun for example_external_task_marker_parent to None, run_after=None
[2023-11-12T20:15:35.224+0000] {processor.py:176} INFO - Processing /home/airflow/.local/lib/python3.7/site-packages/airflow/example_dags/example_external_task_marker_dag.py took 0.677 seconds
[2023-11-12T20:16:05.313+0000] {processor.py:154} INFO - Started process (PID=2029) to work on /home/airflow/.local/lib/python3.7/site-packages/airflow/example_dags/example_external_task_marker_dag.py
[2023-11-12T20:16:05.319+0000] {processor.py:756} INFO - Processing file /home/airflow/.local/lib/python3.7/site-packages/airflow/example_dags/example_external_task_marker_dag.py for tasks to queue
[2023-11-12T20:16:05.320+0000] {logging_mixin.py:120} INFO - [2023-11-12T20:16:05.320+0000] {dagbag.py:537} INFO - Filling up the DagBag from /home/airflow/.local/lib/python3.7/site-packages/airflow/example_dags/example_external_task_marker_dag.py
[2023-11-12T20:16:05.373+0000] {processor.py:766} INFO - DAG(s) dict_keys(['example_external_task_marker_parent', 'example_external_task_marker_child']) retrieved from /home/airflow/.local/lib/python3.7/site-packages/airflow/example_dags/example_external_task_marker_dag.py
[2023-11-12T20:16:05.667+0000] {logging_mixin.py:120} INFO - [2023-11-12T20:16:05.666+0000] {dag.py:2585} INFO - Sync 2 DAGs
[2023-11-12T20:16:05.699+0000] {logging_mixin.py:120} INFO - [2023-11-12T20:16:05.698+0000] {dag.py:3340} INFO - Setting next_dagrun for example_external_task_marker_child to None, run_after=None
[2023-11-12T20:16:05.702+0000] {logging_mixin.py:120} INFO - [2023-11-12T20:16:05.702+0000] {dag.py:3340} INFO - Setting next_dagrun for example_external_task_marker_parent to None, run_after=None
[2023-11-12T20:16:05.730+0000] {processor.py:176} INFO - Processing /home/airflow/.local/lib/python3.7/site-packages/airflow/example_dags/example_external_task_marker_dag.py took 0.433 seconds
[2023-11-12T20:16:36.438+0000] {processor.py:154} INFO - Started process (PID=2091) to work on /home/airflow/.local/lib/python3.7/site-packages/airflow/example_dags/example_external_task_marker_dag.py
[2023-11-12T20:16:36.438+0000] {processor.py:756} INFO - Processing file /home/airflow/.local/lib/python3.7/site-packages/airflow/example_dags/example_external_task_marker_dag.py for tasks to queue
[2023-11-12T20:16:36.439+0000] {logging_mixin.py:120} INFO - [2023-11-12T20:16:36.439+0000] {dagbag.py:537} INFO - Filling up the DagBag from /home/airflow/.local/lib/python3.7/site-packages/airflow/example_dags/example_external_task_marker_dag.py
[2023-11-12T20:16:36.457+0000] {processor.py:766} INFO - DAG(s) dict_keys(['example_external_task_marker_parent', 'example_external_task_marker_child']) retrieved from /home/airflow/.local/lib/python3.7/site-packages/airflow/example_dags/example_external_task_marker_dag.py
[2023-11-12T20:16:36.737+0000] {logging_mixin.py:120} INFO - [2023-11-12T20:16:36.737+0000] {dag.py:2585} INFO - Sync 2 DAGs
[2023-11-12T20:16:36.765+0000] {logging_mixin.py:120} INFO - [2023-11-12T20:16:36.765+0000] {dag.py:3340} INFO - Setting next_dagrun for example_external_task_marker_child to None, run_after=None
[2023-11-12T20:16:36.769+0000] {logging_mixin.py:120} INFO - [2023-11-12T20:16:36.768+0000] {dag.py:3340} INFO - Setting next_dagrun for example_external_task_marker_parent to None, run_after=None
[2023-11-12T20:16:36.791+0000] {processor.py:176} INFO - Processing /home/airflow/.local/lib/python3.7/site-packages/airflow/example_dags/example_external_task_marker_dag.py took 0.357 seconds
[2023-11-12T20:17:07.481+0000] {processor.py:154} INFO - Started process (PID=2146) to work on /home/airflow/.local/lib/python3.7/site-packages/airflow/example_dags/example_external_task_marker_dag.py
[2023-11-12T20:17:07.499+0000] {processor.py:756} INFO - Processing file /home/airflow/.local/lib/python3.7/site-packages/airflow/example_dags/example_external_task_marker_dag.py for tasks to queue
[2023-11-12T20:17:07.500+0000] {logging_mixin.py:120} INFO - [2023-11-12T20:17:07.500+0000] {dagbag.py:537} INFO - Filling up the DagBag from /home/airflow/.local/lib/python3.7/site-packages/airflow/example_dags/example_external_task_marker_dag.py
[2023-11-12T20:17:07.524+0000] {processor.py:766} INFO - DAG(s) dict_keys(['example_external_task_marker_child', 'example_external_task_marker_parent']) retrieved from /home/airflow/.local/lib/python3.7/site-packages/airflow/example_dags/example_external_task_marker_dag.py
[2023-11-12T20:17:07.812+0000] {logging_mixin.py:120} INFO - [2023-11-12T20:17:07.812+0000] {dag.py:2585} INFO - Sync 2 DAGs
[2023-11-12T20:17:07.843+0000] {logging_mixin.py:120} INFO - [2023-11-12T20:17:07.843+0000] {dag.py:3340} INFO - Setting next_dagrun for example_external_task_marker_child to None, run_after=None
[2023-11-12T20:17:07.846+0000] {logging_mixin.py:120} INFO - [2023-11-12T20:17:07.846+0000] {dag.py:3340} INFO - Setting next_dagrun for example_external_task_marker_parent to None, run_after=None
[2023-11-12T20:17:07.869+0000] {processor.py:176} INFO - Processing /home/airflow/.local/lib/python3.7/site-packages/airflow/example_dags/example_external_task_marker_dag.py took 0.395 seconds
[2023-11-12T20:17:38.586+0000] {processor.py:154} INFO - Started process (PID=2209) to work on /home/airflow/.local/lib/python3.7/site-packages/airflow/example_dags/example_external_task_marker_dag.py
[2023-11-12T20:17:38.586+0000] {processor.py:756} INFO - Processing file /home/airflow/.local/lib/python3.7/site-packages/airflow/example_dags/example_external_task_marker_dag.py for tasks to queue
[2023-11-12T20:17:38.587+0000] {logging_mixin.py:120} INFO - [2023-11-12T20:17:38.587+0000] {dagbag.py:537} INFO - Filling up the DagBag from /home/airflow/.local/lib/python3.7/site-packages/airflow/example_dags/example_external_task_marker_dag.py
[2023-11-12T20:17:38.604+0000] {processor.py:766} INFO - DAG(s) dict_keys(['example_external_task_marker_parent', 'example_external_task_marker_child']) retrieved from /home/airflow/.local/lib/python3.7/site-packages/airflow/example_dags/example_external_task_marker_dag.py
[2023-11-12T20:17:38.995+0000] {logging_mixin.py:120} INFO - [2023-11-12T20:17:38.995+0000] {dag.py:2585} INFO - Sync 2 DAGs
[2023-11-12T20:17:39.084+0000] {logging_mixin.py:120} INFO - [2023-11-12T20:17:39.084+0000] {dag.py:3340} INFO - Setting next_dagrun for example_external_task_marker_child to None, run_after=None
[2023-11-12T20:17:39.097+0000] {logging_mixin.py:120} INFO - [2023-11-12T20:17:39.097+0000] {dag.py:3340} INFO - Setting next_dagrun for example_external_task_marker_parent to None, run_after=None
[2023-11-12T20:17:39.124+0000] {processor.py:176} INFO - Processing /home/airflow/.local/lib/python3.7/site-packages/airflow/example_dags/example_external_task_marker_dag.py took 0.542 seconds
[2023-11-12T20:18:09.458+0000] {processor.py:154} INFO - Started process (PID=2262) to work on /home/airflow/.local/lib/python3.7/site-packages/airflow/example_dags/example_external_task_marker_dag.py
[2023-11-12T20:18:09.458+0000] {processor.py:756} INFO - Processing file /home/airflow/.local/lib/python3.7/site-packages/airflow/example_dags/example_external_task_marker_dag.py for tasks to queue
[2023-11-12T20:18:09.459+0000] {logging_mixin.py:120} INFO - [2023-11-12T20:18:09.459+0000] {dagbag.py:537} INFO - Filling up the DagBag from /home/airflow/.local/lib/python3.7/site-packages/airflow/example_dags/example_external_task_marker_dag.py
[2023-11-12T20:18:09.476+0000] {processor.py:766} INFO - DAG(s) dict_keys(['example_external_task_marker_child', 'example_external_task_marker_parent']) retrieved from /home/airflow/.local/lib/python3.7/site-packages/airflow/example_dags/example_external_task_marker_dag.py
[2023-11-12T20:18:09.973+0000] {logging_mixin.py:120} INFO - [2023-11-12T20:18:09.972+0000] {dag.py:2585} INFO - Sync 2 DAGs
[2023-11-12T20:18:10.054+0000] {logging_mixin.py:120} INFO - [2023-11-12T20:18:10.054+0000] {dag.py:3340} INFO - Setting next_dagrun for example_external_task_marker_child to None, run_after=None
[2023-11-12T20:18:10.062+0000] {logging_mixin.py:120} INFO - [2023-11-12T20:18:10.062+0000] {dag.py:3340} INFO - Setting next_dagrun for example_external_task_marker_parent to None, run_after=None
[2023-11-12T20:18:10.121+0000] {processor.py:176} INFO - Processing /home/airflow/.local/lib/python3.7/site-packages/airflow/example_dags/example_external_task_marker_dag.py took 0.668 seconds
