[2023-11-12T19:53:10.931+0000] {processor.py:154} INFO - Started process (PID=62) to work on /home/airflow/.local/lib/python3.7/site-packages/airflow/example_dags/example_dag_decorator.py
[2023-11-12T19:53:10.937+0000] {processor.py:756} INFO - Processing file /home/airflow/.local/lib/python3.7/site-packages/airflow/example_dags/example_dag_decorator.py for tasks to queue
[2023-11-12T19:53:10.940+0000] {logging_mixin.py:120} INFO - [2023-11-12T19:53:10.940+0000] {dagbag.py:537} INFO - Filling up the DagBag from /home/airflow/.local/lib/python3.7/site-packages/airflow/example_dags/example_dag_decorator.py
[2023-11-12T19:53:11.010+0000] {logging_mixin.py:120} INFO - [2023-11-12T19:53:11.010+0000] {taskmixin.py:205} WARNING - Dependency <Task(_PythonDecoratedOperator): prepare_email>, send_email already registered for DAG: example_dag_decorator
[2023-11-12T19:53:11.012+0000] {logging_mixin.py:120} INFO - [2023-11-12T19:53:11.012+0000] {taskmixin.py:205} WARNING - Dependency <Task(EmailOperator): send_email>, prepare_email already registered for DAG: example_dag_decorator
[2023-11-12T19:53:11.059+0000] {processor.py:766} INFO - DAG(s) dict_keys(['example_dag_decorator']) retrieved from /home/airflow/.local/lib/python3.7/site-packages/airflow/example_dags/example_dag_decorator.py
[2023-11-12T19:53:11.629+0000] {logging_mixin.py:120} INFO - [2023-11-12T19:53:11.628+0000] {manager.py:507} INFO - Created Permission View: can edit on DAG:example_dag_decorator
[2023-11-12T19:53:11.660+0000] {logging_mixin.py:120} INFO - [2023-11-12T19:53:11.660+0000] {manager.py:507} INFO - Created Permission View: can delete on DAG:example_dag_decorator
[2023-11-12T19:53:11.682+0000] {logging_mixin.py:120} INFO - [2023-11-12T19:53:11.682+0000] {manager.py:507} INFO - Created Permission View: can read on DAG:example_dag_decorator
[2023-11-12T19:53:11.682+0000] {logging_mixin.py:120} INFO - [2023-11-12T19:53:11.682+0000] {dag.py:2585} INFO - Sync 1 DAGs
[2023-11-12T19:53:11.730+0000] {logging_mixin.py:120} INFO - [2023-11-12T19:53:11.730+0000] {dag.py:2606} INFO - Creating ORM DAG for example_dag_decorator
[2023-11-12T19:53:11.769+0000] {logging_mixin.py:120} INFO - [2023-11-12T19:53:11.768+0000] {dag.py:3340} INFO - Setting next_dagrun for example_dag_decorator to None, run_after=None
[2023-11-12T19:53:11.831+0000] {processor.py:176} INFO - Processing /home/airflow/.local/lib/python3.7/site-packages/airflow/example_dags/example_dag_decorator.py took 0.906 seconds
[2023-11-12T19:53:42.666+0000] {processor.py:154} INFO - Started process (PID=125) to work on /home/airflow/.local/lib/python3.7/site-packages/airflow/example_dags/example_dag_decorator.py
[2023-11-12T19:53:42.668+0000] {processor.py:756} INFO - Processing file /home/airflow/.local/lib/python3.7/site-packages/airflow/example_dags/example_dag_decorator.py for tasks to queue
[2023-11-12T19:53:42.668+0000] {logging_mixin.py:120} INFO - [2023-11-12T19:53:42.668+0000] {dagbag.py:537} INFO - Filling up the DagBag from /home/airflow/.local/lib/python3.7/site-packages/airflow/example_dags/example_dag_decorator.py
[2023-11-12T19:53:42.687+0000] {logging_mixin.py:120} INFO - [2023-11-12T19:53:42.687+0000] {taskmixin.py:205} WARNING - Dependency <Task(_PythonDecoratedOperator): prepare_email>, send_email already registered for DAG: example_dag_decorator
[2023-11-12T19:53:42.687+0000] {logging_mixin.py:120} INFO - [2023-11-12T19:53:42.687+0000] {taskmixin.py:205} WARNING - Dependency <Task(EmailOperator): send_email>, prepare_email already registered for DAG: example_dag_decorator
[2023-11-12T19:53:42.702+0000] {processor.py:766} INFO - DAG(s) dict_keys(['example_dag_decorator']) retrieved from /home/airflow/.local/lib/python3.7/site-packages/airflow/example_dags/example_dag_decorator.py
[2023-11-12T19:53:42.830+0000] {logging_mixin.py:120} INFO - [2023-11-12T19:53:42.830+0000] {dag.py:2585} INFO - Sync 1 DAGs
[2023-11-12T19:53:42.918+0000] {logging_mixin.py:120} INFO - [2023-11-12T19:53:42.918+0000] {dag.py:3340} INFO - Setting next_dagrun for example_dag_decorator to None, run_after=None
[2023-11-12T19:53:42.962+0000] {processor.py:176} INFO - Processing /home/airflow/.local/lib/python3.7/site-packages/airflow/example_dags/example_dag_decorator.py took 0.299 seconds
[2023-11-12T19:54:13.061+0000] {processor.py:154} INFO - Started process (PID=179) to work on /home/airflow/.local/lib/python3.7/site-packages/airflow/example_dags/example_dag_decorator.py
[2023-11-12T19:54:13.061+0000] {processor.py:756} INFO - Processing file /home/airflow/.local/lib/python3.7/site-packages/airflow/example_dags/example_dag_decorator.py for tasks to queue
[2023-11-12T19:54:13.062+0000] {logging_mixin.py:120} INFO - [2023-11-12T19:54:13.062+0000] {dagbag.py:537} INFO - Filling up the DagBag from /home/airflow/.local/lib/python3.7/site-packages/airflow/example_dags/example_dag_decorator.py
[2023-11-12T19:54:13.082+0000] {logging_mixin.py:120} INFO - [2023-11-12T19:54:13.081+0000] {taskmixin.py:205} WARNING - Dependency <Task(_PythonDecoratedOperator): prepare_email>, send_email already registered for DAG: example_dag_decorator
[2023-11-12T19:54:13.082+0000] {logging_mixin.py:120} INFO - [2023-11-12T19:54:13.082+0000] {taskmixin.py:205} WARNING - Dependency <Task(EmailOperator): send_email>, prepare_email already registered for DAG: example_dag_decorator
[2023-11-12T19:54:13.097+0000] {processor.py:766} INFO - DAG(s) dict_keys(['example_dag_decorator']) retrieved from /home/airflow/.local/lib/python3.7/site-packages/airflow/example_dags/example_dag_decorator.py
[2023-11-12T19:54:13.198+0000] {logging_mixin.py:120} INFO - [2023-11-12T19:54:13.198+0000] {dag.py:2585} INFO - Sync 1 DAGs
[2023-11-12T19:54:13.228+0000] {logging_mixin.py:120} INFO - [2023-11-12T19:54:13.228+0000] {dag.py:3340} INFO - Setting next_dagrun for example_dag_decorator to None, run_after=None
[2023-11-12T19:54:13.252+0000] {processor.py:176} INFO - Processing /home/airflow/.local/lib/python3.7/site-packages/airflow/example_dags/example_dag_decorator.py took 0.194 seconds
[2023-11-12T19:57:05.243+0000] {processor.py:154} INFO - Started process (PID=61) to work on /home/airflow/.local/lib/python3.7/site-packages/airflow/example_dags/example_dag_decorator.py
[2023-11-12T19:57:05.249+0000] {processor.py:756} INFO - Processing file /home/airflow/.local/lib/python3.7/site-packages/airflow/example_dags/example_dag_decorator.py for tasks to queue
[2023-11-12T19:57:05.249+0000] {logging_mixin.py:120} INFO - [2023-11-12T19:57:05.249+0000] {dagbag.py:537} INFO - Filling up the DagBag from /home/airflow/.local/lib/python3.7/site-packages/airflow/example_dags/example_dag_decorator.py
[2023-11-12T19:57:05.372+0000] {logging_mixin.py:120} INFO - [2023-11-12T19:57:05.357+0000] {taskmixin.py:205} WARNING - Dependency <Task(_PythonDecoratedOperator): prepare_email>, send_email already registered for DAG: example_dag_decorator
[2023-11-12T19:57:05.373+0000] {logging_mixin.py:120} INFO - [2023-11-12T19:57:05.372+0000] {taskmixin.py:205} WARNING - Dependency <Task(EmailOperator): send_email>, prepare_email already registered for DAG: example_dag_decorator
[2023-11-12T19:57:05.472+0000] {processor.py:766} INFO - DAG(s) dict_keys(['example_dag_decorator']) retrieved from /home/airflow/.local/lib/python3.7/site-packages/airflow/example_dags/example_dag_decorator.py
[2023-11-12T19:57:05.702+0000] {logging_mixin.py:120} INFO - [2023-11-12T19:57:05.702+0000] {dag.py:2585} INFO - Sync 1 DAGs
[2023-11-12T19:57:05.898+0000] {logging_mixin.py:120} INFO - [2023-11-12T19:57:05.898+0000] {dag.py:3340} INFO - Setting next_dagrun for example_dag_decorator to None, run_after=None
[2023-11-12T19:57:06.029+0000] {processor.py:176} INFO - Processing /home/airflow/.local/lib/python3.7/site-packages/airflow/example_dags/example_dag_decorator.py took 0.801 seconds
[2023-11-12T19:57:36.119+0000] {processor.py:154} INFO - Started process (PID=115) to work on /home/airflow/.local/lib/python3.7/site-packages/airflow/example_dags/example_dag_decorator.py
[2023-11-12T19:57:36.121+0000] {processor.py:756} INFO - Processing file /home/airflow/.local/lib/python3.7/site-packages/airflow/example_dags/example_dag_decorator.py for tasks to queue
[2023-11-12T19:57:36.122+0000] {logging_mixin.py:120} INFO - [2023-11-12T19:57:36.122+0000] {dagbag.py:537} INFO - Filling up the DagBag from /home/airflow/.local/lib/python3.7/site-packages/airflow/example_dags/example_dag_decorator.py
[2023-11-12T19:57:36.144+0000] {logging_mixin.py:120} INFO - [2023-11-12T19:57:36.144+0000] {taskmixin.py:205} WARNING - Dependency <Task(_PythonDecoratedOperator): prepare_email>, send_email already registered for DAG: example_dag_decorator
[2023-11-12T19:57:36.144+0000] {logging_mixin.py:120} INFO - [2023-11-12T19:57:36.144+0000] {taskmixin.py:205} WARNING - Dependency <Task(EmailOperator): send_email>, prepare_email already registered for DAG: example_dag_decorator
[2023-11-12T19:57:36.160+0000] {processor.py:766} INFO - DAG(s) dict_keys(['example_dag_decorator']) retrieved from /home/airflow/.local/lib/python3.7/site-packages/airflow/example_dags/example_dag_decorator.py
[2023-11-12T19:57:36.241+0000] {logging_mixin.py:120} INFO - [2023-11-12T19:57:36.241+0000] {dag.py:2585} INFO - Sync 1 DAGs
[2023-11-12T19:57:36.259+0000] {logging_mixin.py:120} INFO - [2023-11-12T19:57:36.259+0000] {dag.py:3340} INFO - Setting next_dagrun for example_dag_decorator to None, run_after=None
[2023-11-12T19:57:36.280+0000] {processor.py:176} INFO - Processing /home/airflow/.local/lib/python3.7/site-packages/airflow/example_dags/example_dag_decorator.py took 0.164 seconds
[2023-11-12T19:58:59.182+0000] {processor.py:154} INFO - Started process (PID=63) to work on /home/airflow/.local/lib/python3.7/site-packages/airflow/example_dags/example_dag_decorator.py
[2023-11-12T19:58:59.185+0000] {processor.py:756} INFO - Processing file /home/airflow/.local/lib/python3.7/site-packages/airflow/example_dags/example_dag_decorator.py for tasks to queue
[2023-11-12T19:58:59.188+0000] {logging_mixin.py:120} INFO - [2023-11-12T19:58:59.188+0000] {dagbag.py:537} INFO - Filling up the DagBag from /home/airflow/.local/lib/python3.7/site-packages/airflow/example_dags/example_dag_decorator.py
[2023-11-12T19:58:59.259+0000] {logging_mixin.py:120} INFO - [2023-11-12T19:58:59.259+0000] {taskmixin.py:205} WARNING - Dependency <Task(_PythonDecoratedOperator): prepare_email>, send_email already registered for DAG: example_dag_decorator
[2023-11-12T19:58:59.264+0000] {logging_mixin.py:120} INFO - [2023-11-12T19:58:59.264+0000] {taskmixin.py:205} WARNING - Dependency <Task(EmailOperator): send_email>, prepare_email already registered for DAG: example_dag_decorator
[2023-11-12T19:58:59.358+0000] {processor.py:766} INFO - DAG(s) dict_keys(['example_dag_decorator']) retrieved from /home/airflow/.local/lib/python3.7/site-packages/airflow/example_dags/example_dag_decorator.py
[2023-11-12T19:58:59.865+0000] {logging_mixin.py:120} INFO - [2023-11-12T19:58:59.865+0000] {dag.py:2585} INFO - Sync 1 DAGs
[2023-11-12T19:58:59.967+0000] {logging_mixin.py:120} INFO - [2023-11-12T19:58:59.966+0000] {dag.py:3340} INFO - Setting next_dagrun for example_dag_decorator to None, run_after=None
[2023-11-12T19:59:00.025+0000] {processor.py:176} INFO - Processing /home/airflow/.local/lib/python3.7/site-packages/airflow/example_dags/example_dag_decorator.py took 0.861 seconds
[2023-11-12T19:59:30.984+0000] {processor.py:154} INFO - Started process (PID=118) to work on /home/airflow/.local/lib/python3.7/site-packages/airflow/example_dags/example_dag_decorator.py
[2023-11-12T19:59:30.985+0000] {processor.py:756} INFO - Processing file /home/airflow/.local/lib/python3.7/site-packages/airflow/example_dags/example_dag_decorator.py for tasks to queue
[2023-11-12T19:59:30.986+0000] {logging_mixin.py:120} INFO - [2023-11-12T19:59:30.985+0000] {dagbag.py:537} INFO - Filling up the DagBag from /home/airflow/.local/lib/python3.7/site-packages/airflow/example_dags/example_dag_decorator.py
[2023-11-12T19:59:31.006+0000] {logging_mixin.py:120} INFO - [2023-11-12T19:59:31.006+0000] {taskmixin.py:205} WARNING - Dependency <Task(_PythonDecoratedOperator): prepare_email>, send_email already registered for DAG: example_dag_decorator
[2023-11-12T19:59:31.006+0000] {logging_mixin.py:120} INFO - [2023-11-12T19:59:31.006+0000] {taskmixin.py:205} WARNING - Dependency <Task(EmailOperator): send_email>, prepare_email already registered for DAG: example_dag_decorator
[2023-11-12T19:59:31.026+0000] {processor.py:766} INFO - DAG(s) dict_keys(['example_dag_decorator']) retrieved from /home/airflow/.local/lib/python3.7/site-packages/airflow/example_dags/example_dag_decorator.py
[2023-11-12T19:59:31.226+0000] {logging_mixin.py:120} INFO - [2023-11-12T19:59:31.226+0000] {dag.py:2585} INFO - Sync 1 DAGs
[2023-11-12T19:59:31.256+0000] {logging_mixin.py:120} INFO - [2023-11-12T19:59:31.256+0000] {dag.py:3340} INFO - Setting next_dagrun for example_dag_decorator to None, run_after=None
[2023-11-12T19:59:31.293+0000] {processor.py:176} INFO - Processing /home/airflow/.local/lib/python3.7/site-packages/airflow/example_dags/example_dag_decorator.py took 0.312 seconds
[2023-11-12T20:00:01.686+0000] {processor.py:154} INFO - Started process (PID=183) to work on /home/airflow/.local/lib/python3.7/site-packages/airflow/example_dags/example_dag_decorator.py
[2023-11-12T20:00:01.687+0000] {processor.py:756} INFO - Processing file /home/airflow/.local/lib/python3.7/site-packages/airflow/example_dags/example_dag_decorator.py for tasks to queue
[2023-11-12T20:00:01.688+0000] {logging_mixin.py:120} INFO - [2023-11-12T20:00:01.688+0000] {dagbag.py:537} INFO - Filling up the DagBag from /home/airflow/.local/lib/python3.7/site-packages/airflow/example_dags/example_dag_decorator.py
[2023-11-12T20:00:01.710+0000] {logging_mixin.py:120} INFO - [2023-11-12T20:00:01.710+0000] {taskmixin.py:205} WARNING - Dependency <Task(_PythonDecoratedOperator): prepare_email>, send_email already registered for DAG: example_dag_decorator
[2023-11-12T20:00:01.710+0000] {logging_mixin.py:120} INFO - [2023-11-12T20:00:01.710+0000] {taskmixin.py:205} WARNING - Dependency <Task(EmailOperator): send_email>, prepare_email already registered for DAG: example_dag_decorator
[2023-11-12T20:00:01.726+0000] {processor.py:766} INFO - DAG(s) dict_keys(['example_dag_decorator']) retrieved from /home/airflow/.local/lib/python3.7/site-packages/airflow/example_dags/example_dag_decorator.py
[2023-11-12T20:00:01.870+0000] {logging_mixin.py:120} INFO - [2023-11-12T20:00:01.870+0000] {dag.py:2585} INFO - Sync 1 DAGs
[2023-11-12T20:00:01.935+0000] {logging_mixin.py:120} INFO - [2023-11-12T20:00:01.934+0000] {dag.py:3340} INFO - Setting next_dagrun for example_dag_decorator to None, run_after=None
[2023-11-12T20:00:01.998+0000] {processor.py:176} INFO - Processing /home/airflow/.local/lib/python3.7/site-packages/airflow/example_dags/example_dag_decorator.py took 0.315 seconds
[2023-11-12T20:00:32.080+0000] {processor.py:154} INFO - Started process (PID=247) to work on /home/airflow/.local/lib/python3.7/site-packages/airflow/example_dags/example_dag_decorator.py
[2023-11-12T20:00:32.081+0000] {processor.py:756} INFO - Processing file /home/airflow/.local/lib/python3.7/site-packages/airflow/example_dags/example_dag_decorator.py for tasks to queue
[2023-11-12T20:00:32.081+0000] {logging_mixin.py:120} INFO - [2023-11-12T20:00:32.081+0000] {dagbag.py:537} INFO - Filling up the DagBag from /home/airflow/.local/lib/python3.7/site-packages/airflow/example_dags/example_dag_decorator.py
[2023-11-12T20:00:32.099+0000] {logging_mixin.py:120} INFO - [2023-11-12T20:00:32.099+0000] {taskmixin.py:205} WARNING - Dependency <Task(_PythonDecoratedOperator): prepare_email>, send_email already registered for DAG: example_dag_decorator
[2023-11-12T20:00:32.099+0000] {logging_mixin.py:120} INFO - [2023-11-12T20:00:32.099+0000] {taskmixin.py:205} WARNING - Dependency <Task(EmailOperator): send_email>, prepare_email already registered for DAG: example_dag_decorator
[2023-11-12T20:00:32.113+0000] {processor.py:766} INFO - DAG(s) dict_keys(['example_dag_decorator']) retrieved from /home/airflow/.local/lib/python3.7/site-packages/airflow/example_dags/example_dag_decorator.py
[2023-11-12T20:00:32.214+0000] {logging_mixin.py:120} INFO - [2023-11-12T20:00:32.214+0000] {dag.py:2585} INFO - Sync 1 DAGs
[2023-11-12T20:00:32.286+0000] {logging_mixin.py:120} INFO - [2023-11-12T20:00:32.286+0000] {dag.py:3340} INFO - Setting next_dagrun for example_dag_decorator to None, run_after=None
[2023-11-12T20:00:32.322+0000] {processor.py:176} INFO - Processing /home/airflow/.local/lib/python3.7/site-packages/airflow/example_dags/example_dag_decorator.py took 0.245 seconds
[2023-11-12T20:01:02.520+0000] {processor.py:154} INFO - Started process (PID=300) to work on /home/airflow/.local/lib/python3.7/site-packages/airflow/example_dags/example_dag_decorator.py
[2023-11-12T20:01:02.520+0000] {processor.py:756} INFO - Processing file /home/airflow/.local/lib/python3.7/site-packages/airflow/example_dags/example_dag_decorator.py for tasks to queue
[2023-11-12T20:01:02.521+0000] {logging_mixin.py:120} INFO - [2023-11-12T20:01:02.521+0000] {dagbag.py:537} INFO - Filling up the DagBag from /home/airflow/.local/lib/python3.7/site-packages/airflow/example_dags/example_dag_decorator.py
[2023-11-12T20:01:02.539+0000] {logging_mixin.py:120} INFO - [2023-11-12T20:01:02.538+0000] {taskmixin.py:205} WARNING - Dependency <Task(_PythonDecoratedOperator): prepare_email>, send_email already registered for DAG: example_dag_decorator
[2023-11-12T20:01:02.539+0000] {logging_mixin.py:120} INFO - [2023-11-12T20:01:02.539+0000] {taskmixin.py:205} WARNING - Dependency <Task(EmailOperator): send_email>, prepare_email already registered for DAG: example_dag_decorator
[2023-11-12T20:01:02.555+0000] {processor.py:766} INFO - DAG(s) dict_keys(['example_dag_decorator']) retrieved from /home/airflow/.local/lib/python3.7/site-packages/airflow/example_dags/example_dag_decorator.py
[2023-11-12T20:01:02.655+0000] {logging_mixin.py:120} INFO - [2023-11-12T20:01:02.655+0000] {dag.py:2585} INFO - Sync 1 DAGs
[2023-11-12T20:01:02.683+0000] {logging_mixin.py:120} INFO - [2023-11-12T20:01:02.683+0000] {dag.py:3340} INFO - Setting next_dagrun for example_dag_decorator to None, run_after=None
[2023-11-12T20:01:02.713+0000] {processor.py:176} INFO - Processing /home/airflow/.local/lib/python3.7/site-packages/airflow/example_dags/example_dag_decorator.py took 0.196 seconds
[2023-11-12T20:01:32.848+0000] {processor.py:154} INFO - Started process (PID=364) to work on /home/airflow/.local/lib/python3.7/site-packages/airflow/example_dags/example_dag_decorator.py
[2023-11-12T20:01:32.848+0000] {processor.py:756} INFO - Processing file /home/airflow/.local/lib/python3.7/site-packages/airflow/example_dags/example_dag_decorator.py for tasks to queue
[2023-11-12T20:01:32.849+0000] {logging_mixin.py:120} INFO - [2023-11-12T20:01:32.849+0000] {dagbag.py:537} INFO - Filling up the DagBag from /home/airflow/.local/lib/python3.7/site-packages/airflow/example_dags/example_dag_decorator.py
[2023-11-12T20:01:32.861+0000] {logging_mixin.py:120} INFO - [2023-11-12T20:01:32.861+0000] {taskmixin.py:205} WARNING - Dependency <Task(_PythonDecoratedOperator): prepare_email>, send_email already registered for DAG: example_dag_decorator
[2023-11-12T20:01:32.862+0000] {logging_mixin.py:120} INFO - [2023-11-12T20:01:32.862+0000] {taskmixin.py:205} WARNING - Dependency <Task(EmailOperator): send_email>, prepare_email already registered for DAG: example_dag_decorator
[2023-11-12T20:01:32.872+0000] {processor.py:766} INFO - DAG(s) dict_keys(['example_dag_decorator']) retrieved from /home/airflow/.local/lib/python3.7/site-packages/airflow/example_dags/example_dag_decorator.py
[2023-11-12T20:01:32.939+0000] {logging_mixin.py:120} INFO - [2023-11-12T20:01:32.939+0000] {dag.py:2585} INFO - Sync 1 DAGs
[2023-11-12T20:01:32.957+0000] {logging_mixin.py:120} INFO - [2023-11-12T20:01:32.957+0000] {dag.py:3340} INFO - Setting next_dagrun for example_dag_decorator to None, run_after=None
[2023-11-12T20:01:32.980+0000] {processor.py:176} INFO - Processing /home/airflow/.local/lib/python3.7/site-packages/airflow/example_dags/example_dag_decorator.py took 0.134 seconds
[2023-11-12T20:02:03.687+0000] {processor.py:154} INFO - Started process (PID=426) to work on /home/airflow/.local/lib/python3.7/site-packages/airflow/example_dags/example_dag_decorator.py
[2023-11-12T20:02:03.688+0000] {processor.py:756} INFO - Processing file /home/airflow/.local/lib/python3.7/site-packages/airflow/example_dags/example_dag_decorator.py for tasks to queue
[2023-11-12T20:02:03.688+0000] {logging_mixin.py:120} INFO - [2023-11-12T20:02:03.688+0000] {dagbag.py:537} INFO - Filling up the DagBag from /home/airflow/.local/lib/python3.7/site-packages/airflow/example_dags/example_dag_decorator.py
[2023-11-12T20:02:03.707+0000] {logging_mixin.py:120} INFO - [2023-11-12T20:02:03.707+0000] {taskmixin.py:205} WARNING - Dependency <Task(_PythonDecoratedOperator): prepare_email>, send_email already registered for DAG: example_dag_decorator
[2023-11-12T20:02:03.707+0000] {logging_mixin.py:120} INFO - [2023-11-12T20:02:03.707+0000] {taskmixin.py:205} WARNING - Dependency <Task(EmailOperator): send_email>, prepare_email already registered for DAG: example_dag_decorator
[2023-11-12T20:02:03.726+0000] {processor.py:766} INFO - DAG(s) dict_keys(['example_dag_decorator']) retrieved from /home/airflow/.local/lib/python3.7/site-packages/airflow/example_dags/example_dag_decorator.py
[2023-11-12T20:02:03.828+0000] {logging_mixin.py:120} INFO - [2023-11-12T20:02:03.828+0000] {dag.py:2585} INFO - Sync 1 DAGs
[2023-11-12T20:02:03.855+0000] {logging_mixin.py:120} INFO - [2023-11-12T20:02:03.855+0000] {dag.py:3340} INFO - Setting next_dagrun for example_dag_decorator to None, run_after=None
[2023-11-12T20:02:03.886+0000] {processor.py:176} INFO - Processing /home/airflow/.local/lib/python3.7/site-packages/airflow/example_dags/example_dag_decorator.py took 0.203 seconds
[2023-11-12T20:02:33.932+0000] {processor.py:154} INFO - Started process (PID=481) to work on /home/airflow/.local/lib/python3.7/site-packages/airflow/example_dags/example_dag_decorator.py
[2023-11-12T20:02:33.934+0000] {processor.py:756} INFO - Processing file /home/airflow/.local/lib/python3.7/site-packages/airflow/example_dags/example_dag_decorator.py for tasks to queue
[2023-11-12T20:02:33.934+0000] {logging_mixin.py:120} INFO - [2023-11-12T20:02:33.934+0000] {dagbag.py:537} INFO - Filling up the DagBag from /home/airflow/.local/lib/python3.7/site-packages/airflow/example_dags/example_dag_decorator.py
[2023-11-12T20:02:33.953+0000] {logging_mixin.py:120} INFO - [2023-11-12T20:02:33.953+0000] {taskmixin.py:205} WARNING - Dependency <Task(_PythonDecoratedOperator): prepare_email>, send_email already registered for DAG: example_dag_decorator
[2023-11-12T20:02:33.953+0000] {logging_mixin.py:120} INFO - [2023-11-12T20:02:33.953+0000] {taskmixin.py:205} WARNING - Dependency <Task(EmailOperator): send_email>, prepare_email already registered for DAG: example_dag_decorator
[2023-11-12T20:02:33.971+0000] {processor.py:766} INFO - DAG(s) dict_keys(['example_dag_decorator']) retrieved from /home/airflow/.local/lib/python3.7/site-packages/airflow/example_dags/example_dag_decorator.py
[2023-11-12T20:02:34.182+0000] {logging_mixin.py:120} INFO - [2023-11-12T20:02:34.181+0000] {dag.py:2585} INFO - Sync 1 DAGs
[2023-11-12T20:02:34.211+0000] {logging_mixin.py:120} INFO - [2023-11-12T20:02:34.211+0000] {dag.py:3340} INFO - Setting next_dagrun for example_dag_decorator to None, run_after=None
[2023-11-12T20:02:34.237+0000] {processor.py:176} INFO - Processing /home/airflow/.local/lib/python3.7/site-packages/airflow/example_dags/example_dag_decorator.py took 0.308 seconds
[2023-11-12T20:03:04.774+0000] {processor.py:154} INFO - Started process (PID=545) to work on /home/airflow/.local/lib/python3.7/site-packages/airflow/example_dags/example_dag_decorator.py
[2023-11-12T20:03:04.775+0000] {processor.py:756} INFO - Processing file /home/airflow/.local/lib/python3.7/site-packages/airflow/example_dags/example_dag_decorator.py for tasks to queue
[2023-11-12T20:03:04.776+0000] {logging_mixin.py:120} INFO - [2023-11-12T20:03:04.776+0000] {dagbag.py:537} INFO - Filling up the DagBag from /home/airflow/.local/lib/python3.7/site-packages/airflow/example_dags/example_dag_decorator.py
[2023-11-12T20:03:04.806+0000] {logging_mixin.py:120} INFO - [2023-11-12T20:03:04.806+0000] {taskmixin.py:205} WARNING - Dependency <Task(_PythonDecoratedOperator): prepare_email>, send_email already registered for DAG: example_dag_decorator
[2023-11-12T20:03:04.812+0000] {logging_mixin.py:120} INFO - [2023-11-12T20:03:04.812+0000] {taskmixin.py:205} WARNING - Dependency <Task(EmailOperator): send_email>, prepare_email already registered for DAG: example_dag_decorator
[2023-11-12T20:03:04.861+0000] {processor.py:766} INFO - DAG(s) dict_keys(['example_dag_decorator']) retrieved from /home/airflow/.local/lib/python3.7/site-packages/airflow/example_dags/example_dag_decorator.py
[2023-11-12T20:03:05.076+0000] {logging_mixin.py:120} INFO - [2023-11-12T20:03:05.076+0000] {dag.py:2585} INFO - Sync 1 DAGs
[2023-11-12T20:03:05.131+0000] {logging_mixin.py:120} INFO - [2023-11-12T20:03:05.131+0000] {dag.py:3340} INFO - Setting next_dagrun for example_dag_decorator to None, run_after=None
[2023-11-12T20:03:05.242+0000] {processor.py:176} INFO - Processing /home/airflow/.local/lib/python3.7/site-packages/airflow/example_dags/example_dag_decorator.py took 0.474 seconds
[2023-11-12T20:03:35.327+0000] {processor.py:154} INFO - Started process (PID=609) to work on /home/airflow/.local/lib/python3.7/site-packages/airflow/example_dags/example_dag_decorator.py
[2023-11-12T20:03:35.327+0000] {processor.py:756} INFO - Processing file /home/airflow/.local/lib/python3.7/site-packages/airflow/example_dags/example_dag_decorator.py for tasks to queue
[2023-11-12T20:03:35.328+0000] {logging_mixin.py:120} INFO - [2023-11-12T20:03:35.328+0000] {dagbag.py:537} INFO - Filling up the DagBag from /home/airflow/.local/lib/python3.7/site-packages/airflow/example_dags/example_dag_decorator.py
[2023-11-12T20:03:35.340+0000] {logging_mixin.py:120} INFO - [2023-11-12T20:03:35.340+0000] {taskmixin.py:205} WARNING - Dependency <Task(_PythonDecoratedOperator): prepare_email>, send_email already registered for DAG: example_dag_decorator
[2023-11-12T20:03:35.341+0000] {logging_mixin.py:120} INFO - [2023-11-12T20:03:35.341+0000] {taskmixin.py:205} WARNING - Dependency <Task(EmailOperator): send_email>, prepare_email already registered for DAG: example_dag_decorator
[2023-11-12T20:03:35.351+0000] {processor.py:766} INFO - DAG(s) dict_keys(['example_dag_decorator']) retrieved from /home/airflow/.local/lib/python3.7/site-packages/airflow/example_dags/example_dag_decorator.py
[2023-11-12T20:03:35.416+0000] {logging_mixin.py:120} INFO - [2023-11-12T20:03:35.416+0000] {dag.py:2585} INFO - Sync 1 DAGs
[2023-11-12T20:03:35.434+0000] {logging_mixin.py:120} INFO - [2023-11-12T20:03:35.434+0000] {dag.py:3340} INFO - Setting next_dagrun for example_dag_decorator to None, run_after=None
[2023-11-12T20:03:35.455+0000] {processor.py:176} INFO - Processing /home/airflow/.local/lib/python3.7/site-packages/airflow/example_dags/example_dag_decorator.py took 0.132 seconds
[2023-11-12T20:04:06.367+0000] {processor.py:154} INFO - Started process (PID=672) to work on /home/airflow/.local/lib/python3.7/site-packages/airflow/example_dags/example_dag_decorator.py
[2023-11-12T20:04:06.370+0000] {processor.py:756} INFO - Processing file /home/airflow/.local/lib/python3.7/site-packages/airflow/example_dags/example_dag_decorator.py for tasks to queue
[2023-11-12T20:04:06.371+0000] {logging_mixin.py:120} INFO - [2023-11-12T20:04:06.371+0000] {dagbag.py:537} INFO - Filling up the DagBag from /home/airflow/.local/lib/python3.7/site-packages/airflow/example_dags/example_dag_decorator.py
[2023-11-12T20:04:06.420+0000] {logging_mixin.py:120} INFO - [2023-11-12T20:04:06.420+0000] {taskmixin.py:205} WARNING - Dependency <Task(_PythonDecoratedOperator): prepare_email>, send_email already registered for DAG: example_dag_decorator
[2023-11-12T20:04:06.421+0000] {logging_mixin.py:120} INFO - [2023-11-12T20:04:06.421+0000] {taskmixin.py:205} WARNING - Dependency <Task(EmailOperator): send_email>, prepare_email already registered for DAG: example_dag_decorator
[2023-11-12T20:04:06.436+0000] {processor.py:766} INFO - DAG(s) dict_keys(['example_dag_decorator']) retrieved from /home/airflow/.local/lib/python3.7/site-packages/airflow/example_dags/example_dag_decorator.py
[2023-11-12T20:04:06.652+0000] {logging_mixin.py:120} INFO - [2023-11-12T20:04:06.652+0000] {dag.py:2585} INFO - Sync 1 DAGs
[2023-11-12T20:04:06.705+0000] {logging_mixin.py:120} INFO - [2023-11-12T20:04:06.705+0000] {dag.py:3340} INFO - Setting next_dagrun for example_dag_decorator to None, run_after=None
[2023-11-12T20:04:06.750+0000] {processor.py:176} INFO - Processing /home/airflow/.local/lib/python3.7/site-packages/airflow/example_dags/example_dag_decorator.py took 0.392 seconds
[2023-11-12T20:04:37.017+0000] {processor.py:154} INFO - Started process (PID=728) to work on /home/airflow/.local/lib/python3.7/site-packages/airflow/example_dags/example_dag_decorator.py
[2023-11-12T20:04:37.018+0000] {processor.py:756} INFO - Processing file /home/airflow/.local/lib/python3.7/site-packages/airflow/example_dags/example_dag_decorator.py for tasks to queue
[2023-11-12T20:04:37.020+0000] {logging_mixin.py:120} INFO - [2023-11-12T20:04:37.020+0000] {dagbag.py:537} INFO - Filling up the DagBag from /home/airflow/.local/lib/python3.7/site-packages/airflow/example_dags/example_dag_decorator.py
[2023-11-12T20:04:37.082+0000] {logging_mixin.py:120} INFO - [2023-11-12T20:04:37.082+0000] {taskmixin.py:205} WARNING - Dependency <Task(_PythonDecoratedOperator): prepare_email>, send_email already registered for DAG: example_dag_decorator
[2023-11-12T20:04:37.082+0000] {logging_mixin.py:120} INFO - [2023-11-12T20:04:37.082+0000] {taskmixin.py:205} WARNING - Dependency <Task(EmailOperator): send_email>, prepare_email already registered for DAG: example_dag_decorator
[2023-11-12T20:04:37.160+0000] {processor.py:766} INFO - DAG(s) dict_keys(['example_dag_decorator']) retrieved from /home/airflow/.local/lib/python3.7/site-packages/airflow/example_dags/example_dag_decorator.py
[2023-11-12T20:04:37.490+0000] {logging_mixin.py:120} INFO - [2023-11-12T20:04:37.490+0000] {dag.py:2585} INFO - Sync 1 DAGs
[2023-11-12T20:04:37.540+0000] {logging_mixin.py:120} INFO - [2023-11-12T20:04:37.540+0000] {dag.py:3340} INFO - Setting next_dagrun for example_dag_decorator to None, run_after=None
[2023-11-12T20:04:37.590+0000] {processor.py:176} INFO - Processing /home/airflow/.local/lib/python3.7/site-packages/airflow/example_dags/example_dag_decorator.py took 0.582 seconds
[2023-11-12T20:05:08.335+0000] {processor.py:154} INFO - Started process (PID=792) to work on /home/airflow/.local/lib/python3.7/site-packages/airflow/example_dags/example_dag_decorator.py
[2023-11-12T20:05:08.336+0000] {processor.py:756} INFO - Processing file /home/airflow/.local/lib/python3.7/site-packages/airflow/example_dags/example_dag_decorator.py for tasks to queue
[2023-11-12T20:05:08.336+0000] {logging_mixin.py:120} INFO - [2023-11-12T20:05:08.336+0000] {dagbag.py:537} INFO - Filling up the DagBag from /home/airflow/.local/lib/python3.7/site-packages/airflow/example_dags/example_dag_decorator.py
[2023-11-12T20:05:08.354+0000] {logging_mixin.py:120} INFO - [2023-11-12T20:05:08.353+0000] {taskmixin.py:205} WARNING - Dependency <Task(_PythonDecoratedOperator): prepare_email>, send_email already registered for DAG: example_dag_decorator
[2023-11-12T20:05:08.354+0000] {logging_mixin.py:120} INFO - [2023-11-12T20:05:08.354+0000] {taskmixin.py:205} WARNING - Dependency <Task(EmailOperator): send_email>, prepare_email already registered for DAG: example_dag_decorator
[2023-11-12T20:05:08.369+0000] {processor.py:766} INFO - DAG(s) dict_keys(['example_dag_decorator']) retrieved from /home/airflow/.local/lib/python3.7/site-packages/airflow/example_dags/example_dag_decorator.py
[2023-11-12T20:05:08.472+0000] {logging_mixin.py:120} INFO - [2023-11-12T20:05:08.471+0000] {dag.py:2585} INFO - Sync 1 DAGs
[2023-11-12T20:05:08.510+0000] {logging_mixin.py:120} INFO - [2023-11-12T20:05:08.510+0000] {dag.py:3340} INFO - Setting next_dagrun for example_dag_decorator to None, run_after=None
[2023-11-12T20:05:08.543+0000] {processor.py:176} INFO - Processing /home/airflow/.local/lib/python3.7/site-packages/airflow/example_dags/example_dag_decorator.py took 0.211 seconds
[2023-11-12T20:05:38.861+0000] {processor.py:154} INFO - Started process (PID=845) to work on /home/airflow/.local/lib/python3.7/site-packages/airflow/example_dags/example_dag_decorator.py
[2023-11-12T20:05:38.862+0000] {processor.py:756} INFO - Processing file /home/airflow/.local/lib/python3.7/site-packages/airflow/example_dags/example_dag_decorator.py for tasks to queue
[2023-11-12T20:05:38.863+0000] {logging_mixin.py:120} INFO - [2023-11-12T20:05:38.863+0000] {dagbag.py:537} INFO - Filling up the DagBag from /home/airflow/.local/lib/python3.7/site-packages/airflow/example_dags/example_dag_decorator.py
[2023-11-12T20:05:38.881+0000] {logging_mixin.py:120} INFO - [2023-11-12T20:05:38.881+0000] {taskmixin.py:205} WARNING - Dependency <Task(_PythonDecoratedOperator): prepare_email>, send_email already registered for DAG: example_dag_decorator
[2023-11-12T20:05:38.881+0000] {logging_mixin.py:120} INFO - [2023-11-12T20:05:38.881+0000] {taskmixin.py:205} WARNING - Dependency <Task(EmailOperator): send_email>, prepare_email already registered for DAG: example_dag_decorator
[2023-11-12T20:05:38.896+0000] {processor.py:766} INFO - DAG(s) dict_keys(['example_dag_decorator']) retrieved from /home/airflow/.local/lib/python3.7/site-packages/airflow/example_dags/example_dag_decorator.py
[2023-11-12T20:05:39.006+0000] {logging_mixin.py:120} INFO - [2023-11-12T20:05:39.006+0000] {dag.py:2585} INFO - Sync 1 DAGs
[2023-11-12T20:05:39.033+0000] {logging_mixin.py:120} INFO - [2023-11-12T20:05:39.033+0000] {dag.py:3340} INFO - Setting next_dagrun for example_dag_decorator to None, run_after=None
[2023-11-12T20:05:39.061+0000] {processor.py:176} INFO - Processing /home/airflow/.local/lib/python3.7/site-packages/airflow/example_dags/example_dag_decorator.py took 0.202 seconds
[2023-11-12T20:06:09.875+0000] {processor.py:154} INFO - Started process (PID=907) to work on /home/airflow/.local/lib/python3.7/site-packages/airflow/example_dags/example_dag_decorator.py
[2023-11-12T20:06:09.880+0000] {processor.py:756} INFO - Processing file /home/airflow/.local/lib/python3.7/site-packages/airflow/example_dags/example_dag_decorator.py for tasks to queue
[2023-11-12T20:06:09.881+0000] {logging_mixin.py:120} INFO - [2023-11-12T20:06:09.881+0000] {dagbag.py:537} INFO - Filling up the DagBag from /home/airflow/.local/lib/python3.7/site-packages/airflow/example_dags/example_dag_decorator.py
[2023-11-12T20:06:09.900+0000] {logging_mixin.py:120} INFO - [2023-11-12T20:06:09.899+0000] {taskmixin.py:205} WARNING - Dependency <Task(_PythonDecoratedOperator): prepare_email>, send_email already registered for DAG: example_dag_decorator
[2023-11-12T20:06:09.900+0000] {logging_mixin.py:120} INFO - [2023-11-12T20:06:09.900+0000] {taskmixin.py:205} WARNING - Dependency <Task(EmailOperator): send_email>, prepare_email already registered for DAG: example_dag_decorator
[2023-11-12T20:06:09.917+0000] {processor.py:766} INFO - DAG(s) dict_keys(['example_dag_decorator']) retrieved from /home/airflow/.local/lib/python3.7/site-packages/airflow/example_dags/example_dag_decorator.py
[2023-11-12T20:06:10.223+0000] {logging_mixin.py:120} INFO - [2023-11-12T20:06:10.223+0000] {dag.py:2585} INFO - Sync 1 DAGs
[2023-11-12T20:06:10.325+0000] {logging_mixin.py:120} INFO - [2023-11-12T20:06:10.324+0000] {dag.py:3340} INFO - Setting next_dagrun for example_dag_decorator to None, run_after=None
[2023-11-12T20:06:10.355+0000] {processor.py:176} INFO - Processing /home/airflow/.local/lib/python3.7/site-packages/airflow/example_dags/example_dag_decorator.py took 0.484 seconds
[2023-11-12T20:06:40.587+0000] {processor.py:154} INFO - Started process (PID=960) to work on /home/airflow/.local/lib/python3.7/site-packages/airflow/example_dags/example_dag_decorator.py
[2023-11-12T20:06:40.593+0000] {processor.py:756} INFO - Processing file /home/airflow/.local/lib/python3.7/site-packages/airflow/example_dags/example_dag_decorator.py for tasks to queue
[2023-11-12T20:06:40.595+0000] {logging_mixin.py:120} INFO - [2023-11-12T20:06:40.595+0000] {dagbag.py:537} INFO - Filling up the DagBag from /home/airflow/.local/lib/python3.7/site-packages/airflow/example_dags/example_dag_decorator.py
[2023-11-12T20:06:40.614+0000] {logging_mixin.py:120} INFO - [2023-11-12T20:06:40.614+0000] {taskmixin.py:205} WARNING - Dependency <Task(_PythonDecoratedOperator): prepare_email>, send_email already registered for DAG: example_dag_decorator
[2023-11-12T20:06:40.615+0000] {logging_mixin.py:120} INFO - [2023-11-12T20:06:40.615+0000] {taskmixin.py:205} WARNING - Dependency <Task(EmailOperator): send_email>, prepare_email already registered for DAG: example_dag_decorator
[2023-11-12T20:06:40.637+0000] {processor.py:766} INFO - DAG(s) dict_keys(['example_dag_decorator']) retrieved from /home/airflow/.local/lib/python3.7/site-packages/airflow/example_dags/example_dag_decorator.py
[2023-11-12T20:06:40.742+0000] {logging_mixin.py:120} INFO - [2023-11-12T20:06:40.741+0000] {dag.py:2585} INFO - Sync 1 DAGs
[2023-11-12T20:06:40.771+0000] {logging_mixin.py:120} INFO - [2023-11-12T20:06:40.771+0000] {dag.py:3340} INFO - Setting next_dagrun for example_dag_decorator to None, run_after=None
[2023-11-12T20:06:40.798+0000] {processor.py:176} INFO - Processing /home/airflow/.local/lib/python3.7/site-packages/airflow/example_dags/example_dag_decorator.py took 0.217 seconds
[2023-11-12T20:07:11.057+0000] {processor.py:154} INFO - Started process (PID=1022) to work on /home/airflow/.local/lib/python3.7/site-packages/airflow/example_dags/example_dag_decorator.py
[2023-11-12T20:07:11.058+0000] {processor.py:756} INFO - Processing file /home/airflow/.local/lib/python3.7/site-packages/airflow/example_dags/example_dag_decorator.py for tasks to queue
[2023-11-12T20:07:11.059+0000] {logging_mixin.py:120} INFO - [2023-11-12T20:07:11.059+0000] {dagbag.py:537} INFO - Filling up the DagBag from /home/airflow/.local/lib/python3.7/site-packages/airflow/example_dags/example_dag_decorator.py
[2023-11-12T20:07:11.083+0000] {logging_mixin.py:120} INFO - [2023-11-12T20:07:11.082+0000] {taskmixin.py:205} WARNING - Dependency <Task(_PythonDecoratedOperator): prepare_email>, send_email already registered for DAG: example_dag_decorator
[2023-11-12T20:07:11.083+0000] {logging_mixin.py:120} INFO - [2023-11-12T20:07:11.083+0000] {taskmixin.py:205} WARNING - Dependency <Task(EmailOperator): send_email>, prepare_email already registered for DAG: example_dag_decorator
[2023-11-12T20:07:11.099+0000] {processor.py:766} INFO - DAG(s) dict_keys(['example_dag_decorator']) retrieved from /home/airflow/.local/lib/python3.7/site-packages/airflow/example_dags/example_dag_decorator.py
[2023-11-12T20:07:11.218+0000] {logging_mixin.py:120} INFO - [2023-11-12T20:07:11.218+0000] {dag.py:2585} INFO - Sync 1 DAGs
[2023-11-12T20:07:11.248+0000] {logging_mixin.py:120} INFO - [2023-11-12T20:07:11.248+0000] {dag.py:3340} INFO - Setting next_dagrun for example_dag_decorator to None, run_after=None
[2023-11-12T20:07:11.279+0000] {processor.py:176} INFO - Processing /home/airflow/.local/lib/python3.7/site-packages/airflow/example_dags/example_dag_decorator.py took 0.225 seconds
[2023-11-12T20:07:41.338+0000] {processor.py:154} INFO - Started process (PID=1076) to work on /home/airflow/.local/lib/python3.7/site-packages/airflow/example_dags/example_dag_decorator.py
[2023-11-12T20:07:41.338+0000] {processor.py:756} INFO - Processing file /home/airflow/.local/lib/python3.7/site-packages/airflow/example_dags/example_dag_decorator.py for tasks to queue
[2023-11-12T20:07:41.339+0000] {logging_mixin.py:120} INFO - [2023-11-12T20:07:41.339+0000] {dagbag.py:537} INFO - Filling up the DagBag from /home/airflow/.local/lib/python3.7/site-packages/airflow/example_dags/example_dag_decorator.py
[2023-11-12T20:07:41.356+0000] {logging_mixin.py:120} INFO - [2023-11-12T20:07:41.356+0000] {taskmixin.py:205} WARNING - Dependency <Task(_PythonDecoratedOperator): prepare_email>, send_email already registered for DAG: example_dag_decorator
[2023-11-12T20:07:41.357+0000] {logging_mixin.py:120} INFO - [2023-11-12T20:07:41.357+0000] {taskmixin.py:205} WARNING - Dependency <Task(EmailOperator): send_email>, prepare_email already registered for DAG: example_dag_decorator
[2023-11-12T20:07:41.371+0000] {processor.py:766} INFO - DAG(s) dict_keys(['example_dag_decorator']) retrieved from /home/airflow/.local/lib/python3.7/site-packages/airflow/example_dags/example_dag_decorator.py
[2023-11-12T20:07:41.512+0000] {logging_mixin.py:120} INFO - [2023-11-12T20:07:41.512+0000] {dag.py:2585} INFO - Sync 1 DAGs
[2023-11-12T20:07:41.549+0000] {logging_mixin.py:120} INFO - [2023-11-12T20:07:41.549+0000] {dag.py:3340} INFO - Setting next_dagrun for example_dag_decorator to None, run_after=None
[2023-11-12T20:07:41.581+0000] {processor.py:176} INFO - Processing /home/airflow/.local/lib/python3.7/site-packages/airflow/example_dags/example_dag_decorator.py took 0.246 seconds
[2023-11-12T20:08:12.656+0000] {processor.py:154} INFO - Started process (PID=1138) to work on /home/airflow/.local/lib/python3.7/site-packages/airflow/example_dags/example_dag_decorator.py
[2023-11-12T20:08:12.663+0000] {processor.py:756} INFO - Processing file /home/airflow/.local/lib/python3.7/site-packages/airflow/example_dags/example_dag_decorator.py for tasks to queue
[2023-11-12T20:08:12.664+0000] {logging_mixin.py:120} INFO - [2023-11-12T20:08:12.664+0000] {dagbag.py:537} INFO - Filling up the DagBag from /home/airflow/.local/lib/python3.7/site-packages/airflow/example_dags/example_dag_decorator.py
[2023-11-12T20:08:12.699+0000] {logging_mixin.py:120} INFO - [2023-11-12T20:08:12.698+0000] {taskmixin.py:205} WARNING - Dependency <Task(_PythonDecoratedOperator): prepare_email>, send_email already registered for DAG: example_dag_decorator
[2023-11-12T20:08:12.699+0000] {logging_mixin.py:120} INFO - [2023-11-12T20:08:12.699+0000] {taskmixin.py:205} WARNING - Dependency <Task(EmailOperator): send_email>, prepare_email already registered for DAG: example_dag_decorator
[2023-11-12T20:08:12.728+0000] {processor.py:766} INFO - DAG(s) dict_keys(['example_dag_decorator']) retrieved from /home/airflow/.local/lib/python3.7/site-packages/airflow/example_dags/example_dag_decorator.py
[2023-11-12T20:08:12.940+0000] {logging_mixin.py:120} INFO - [2023-11-12T20:08:12.940+0000] {dag.py:2585} INFO - Sync 1 DAGs
[2023-11-12T20:08:12.969+0000] {logging_mixin.py:120} INFO - [2023-11-12T20:08:12.969+0000] {dag.py:3340} INFO - Setting next_dagrun for example_dag_decorator to None, run_after=None
[2023-11-12T20:08:12.996+0000] {processor.py:176} INFO - Processing /home/airflow/.local/lib/python3.7/site-packages/airflow/example_dags/example_dag_decorator.py took 0.346 seconds
[2023-11-12T20:08:43.130+0000] {processor.py:154} INFO - Started process (PID=1192) to work on /home/airflow/.local/lib/python3.7/site-packages/airflow/example_dags/example_dag_decorator.py
[2023-11-12T20:08:43.131+0000] {processor.py:756} INFO - Processing file /home/airflow/.local/lib/python3.7/site-packages/airflow/example_dags/example_dag_decorator.py for tasks to queue
[2023-11-12T20:08:43.131+0000] {logging_mixin.py:120} INFO - [2023-11-12T20:08:43.131+0000] {dagbag.py:537} INFO - Filling up the DagBag from /home/airflow/.local/lib/python3.7/site-packages/airflow/example_dags/example_dag_decorator.py
[2023-11-12T20:08:43.153+0000] {logging_mixin.py:120} INFO - [2023-11-12T20:08:43.153+0000] {taskmixin.py:205} WARNING - Dependency <Task(_PythonDecoratedOperator): prepare_email>, send_email already registered for DAG: example_dag_decorator
[2023-11-12T20:08:43.153+0000] {logging_mixin.py:120} INFO - [2023-11-12T20:08:43.153+0000] {taskmixin.py:205} WARNING - Dependency <Task(EmailOperator): send_email>, prepare_email already registered for DAG: example_dag_decorator
[2023-11-12T20:08:43.168+0000] {processor.py:766} INFO - DAG(s) dict_keys(['example_dag_decorator']) retrieved from /home/airflow/.local/lib/python3.7/site-packages/airflow/example_dags/example_dag_decorator.py
[2023-11-12T20:08:43.276+0000] {logging_mixin.py:120} INFO - [2023-11-12T20:08:43.276+0000] {dag.py:2585} INFO - Sync 1 DAGs
[2023-11-12T20:08:43.308+0000] {logging_mixin.py:120} INFO - [2023-11-12T20:08:43.308+0000] {dag.py:3340} INFO - Setting next_dagrun for example_dag_decorator to None, run_after=None
[2023-11-12T20:08:43.335+0000] {processor.py:176} INFO - Processing /home/airflow/.local/lib/python3.7/site-packages/airflow/example_dags/example_dag_decorator.py took 0.209 seconds
[2023-11-12T20:09:15.634+0000] {processor.py:154} INFO - Started process (PID=1254) to work on /home/airflow/.local/lib/python3.7/site-packages/airflow/example_dags/example_dag_decorator.py
[2023-11-12T20:09:15.645+0000] {processor.py:756} INFO - Processing file /home/airflow/.local/lib/python3.7/site-packages/airflow/example_dags/example_dag_decorator.py for tasks to queue
[2023-11-12T20:09:15.647+0000] {logging_mixin.py:120} INFO - [2023-11-12T20:09:15.647+0000] {dagbag.py:537} INFO - Filling up the DagBag from /home/airflow/.local/lib/python3.7/site-packages/airflow/example_dags/example_dag_decorator.py
[2023-11-12T20:09:15.680+0000] {logging_mixin.py:120} INFO - [2023-11-12T20:09:15.680+0000] {taskmixin.py:205} WARNING - Dependency <Task(_PythonDecoratedOperator): prepare_email>, send_email already registered for DAG: example_dag_decorator
[2023-11-12T20:09:15.681+0000] {logging_mixin.py:120} INFO - [2023-11-12T20:09:15.681+0000] {taskmixin.py:205} WARNING - Dependency <Task(EmailOperator): send_email>, prepare_email already registered for DAG: example_dag_decorator
[2023-11-12T20:09:15.715+0000] {processor.py:766} INFO - DAG(s) dict_keys(['example_dag_decorator']) retrieved from /home/airflow/.local/lib/python3.7/site-packages/airflow/example_dags/example_dag_decorator.py
[2023-11-12T20:09:15.930+0000] {logging_mixin.py:120} INFO - [2023-11-12T20:09:15.929+0000] {dag.py:2585} INFO - Sync 1 DAGs
[2023-11-12T20:09:15.978+0000] {logging_mixin.py:120} INFO - [2023-11-12T20:09:15.978+0000] {dag.py:3340} INFO - Setting next_dagrun for example_dag_decorator to None, run_after=None
[2023-11-12T20:09:16.027+0000] {processor.py:176} INFO - Processing /home/airflow/.local/lib/python3.7/site-packages/airflow/example_dags/example_dag_decorator.py took 0.396 seconds
[2023-11-12T20:09:46.103+0000] {processor.py:154} INFO - Started process (PID=1307) to work on /home/airflow/.local/lib/python3.7/site-packages/airflow/example_dags/example_dag_decorator.py
[2023-11-12T20:09:46.104+0000] {processor.py:756} INFO - Processing file /home/airflow/.local/lib/python3.7/site-packages/airflow/example_dags/example_dag_decorator.py for tasks to queue
[2023-11-12T20:09:46.104+0000] {logging_mixin.py:120} INFO - [2023-11-12T20:09:46.104+0000] {dagbag.py:537} INFO - Filling up the DagBag from /home/airflow/.local/lib/python3.7/site-packages/airflow/example_dags/example_dag_decorator.py
[2023-11-12T20:09:46.118+0000] {logging_mixin.py:120} INFO - [2023-11-12T20:09:46.118+0000] {taskmixin.py:205} WARNING - Dependency <Task(_PythonDecoratedOperator): prepare_email>, send_email already registered for DAG: example_dag_decorator
[2023-11-12T20:09:46.119+0000] {logging_mixin.py:120} INFO - [2023-11-12T20:09:46.119+0000] {taskmixin.py:205} WARNING - Dependency <Task(EmailOperator): send_email>, prepare_email already registered for DAG: example_dag_decorator
[2023-11-12T20:09:46.135+0000] {processor.py:766} INFO - DAG(s) dict_keys(['example_dag_decorator']) retrieved from /home/airflow/.local/lib/python3.7/site-packages/airflow/example_dags/example_dag_decorator.py
[2023-11-12T20:09:46.208+0000] {logging_mixin.py:120} INFO - [2023-11-12T20:09:46.208+0000] {dag.py:2585} INFO - Sync 1 DAGs
[2023-11-12T20:09:46.226+0000] {logging_mixin.py:120} INFO - [2023-11-12T20:09:46.226+0000] {dag.py:3340} INFO - Setting next_dagrun for example_dag_decorator to None, run_after=None
[2023-11-12T20:09:46.251+0000] {processor.py:176} INFO - Processing /home/airflow/.local/lib/python3.7/site-packages/airflow/example_dags/example_dag_decorator.py took 0.151 seconds
[2023-11-12T20:10:18.948+0000] {processor.py:154} INFO - Started process (PID=1365) to work on /home/airflow/.local/lib/python3.7/site-packages/airflow/example_dags/example_dag_decorator.py
[2023-11-12T20:10:18.955+0000] {processor.py:756} INFO - Processing file /home/airflow/.local/lib/python3.7/site-packages/airflow/example_dags/example_dag_decorator.py for tasks to queue
[2023-11-12T20:10:18.959+0000] {logging_mixin.py:120} INFO - [2023-11-12T20:10:18.959+0000] {dagbag.py:537} INFO - Filling up the DagBag from /home/airflow/.local/lib/python3.7/site-packages/airflow/example_dags/example_dag_decorator.py
[2023-11-12T20:10:19.090+0000] {logging_mixin.py:120} INFO - [2023-11-12T20:10:19.090+0000] {taskmixin.py:205} WARNING - Dependency <Task(_PythonDecoratedOperator): prepare_email>, send_email already registered for DAG: example_dag_decorator
[2023-11-12T20:10:19.114+0000] {logging_mixin.py:120} INFO - [2023-11-12T20:10:19.114+0000] {taskmixin.py:205} WARNING - Dependency <Task(EmailOperator): send_email>, prepare_email already registered for DAG: example_dag_decorator
[2023-11-12T20:10:19.183+0000] {processor.py:766} INFO - DAG(s) dict_keys(['example_dag_decorator']) retrieved from /home/airflow/.local/lib/python3.7/site-packages/airflow/example_dags/example_dag_decorator.py
[2023-11-12T20:10:20.233+0000] {logging_mixin.py:120} INFO - [2023-11-12T20:10:20.233+0000] {dag.py:2585} INFO - Sync 1 DAGs
[2023-11-12T20:10:20.581+0000] {logging_mixin.py:120} INFO - [2023-11-12T20:10:20.581+0000] {dag.py:3340} INFO - Setting next_dagrun for example_dag_decorator to None, run_after=None
[2023-11-12T20:10:20.680+0000] {processor.py:176} INFO - Processing /home/airflow/.local/lib/python3.7/site-packages/airflow/example_dags/example_dag_decorator.py took 1.739 seconds
[2023-11-12T20:10:51.468+0000] {processor.py:154} INFO - Started process (PID=1421) to work on /home/airflow/.local/lib/python3.7/site-packages/airflow/example_dags/example_dag_decorator.py
[2023-11-12T20:10:51.469+0000] {processor.py:756} INFO - Processing file /home/airflow/.local/lib/python3.7/site-packages/airflow/example_dags/example_dag_decorator.py for tasks to queue
[2023-11-12T20:10:51.470+0000] {logging_mixin.py:120} INFO - [2023-11-12T20:10:51.470+0000] {dagbag.py:537} INFO - Filling up the DagBag from /home/airflow/.local/lib/python3.7/site-packages/airflow/example_dags/example_dag_decorator.py
[2023-11-12T20:10:51.500+0000] {logging_mixin.py:120} INFO - [2023-11-12T20:10:51.500+0000] {taskmixin.py:205} WARNING - Dependency <Task(_PythonDecoratedOperator): prepare_email>, send_email already registered for DAG: example_dag_decorator
[2023-11-12T20:10:51.501+0000] {logging_mixin.py:120} INFO - [2023-11-12T20:10:51.501+0000] {taskmixin.py:205} WARNING - Dependency <Task(EmailOperator): send_email>, prepare_email already registered for DAG: example_dag_decorator
[2023-11-12T20:10:51.516+0000] {processor.py:766} INFO - DAG(s) dict_keys(['example_dag_decorator']) retrieved from /home/airflow/.local/lib/python3.7/site-packages/airflow/example_dags/example_dag_decorator.py
[2023-11-12T20:10:51.809+0000] {logging_mixin.py:120} INFO - [2023-11-12T20:10:51.809+0000] {dag.py:2585} INFO - Sync 1 DAGs
[2023-11-12T20:10:51.854+0000] {logging_mixin.py:120} INFO - [2023-11-12T20:10:51.854+0000] {dag.py:3340} INFO - Setting next_dagrun for example_dag_decorator to None, run_after=None
[2023-11-12T20:10:51.884+0000] {processor.py:176} INFO - Processing /home/airflow/.local/lib/python3.7/site-packages/airflow/example_dags/example_dag_decorator.py took 0.424 seconds
[2023-11-12T20:11:22.030+0000] {processor.py:154} INFO - Started process (PID=1474) to work on /home/airflow/.local/lib/python3.7/site-packages/airflow/example_dags/example_dag_decorator.py
[2023-11-12T20:11:22.040+0000] {processor.py:756} INFO - Processing file /home/airflow/.local/lib/python3.7/site-packages/airflow/example_dags/example_dag_decorator.py for tasks to queue
[2023-11-12T20:11:22.048+0000] {logging_mixin.py:120} INFO - [2023-11-12T20:11:22.047+0000] {dagbag.py:537} INFO - Filling up the DagBag from /home/airflow/.local/lib/python3.7/site-packages/airflow/example_dags/example_dag_decorator.py
[2023-11-12T20:11:22.135+0000] {logging_mixin.py:120} INFO - [2023-11-12T20:11:22.135+0000] {taskmixin.py:205} WARNING - Dependency <Task(_PythonDecoratedOperator): prepare_email>, send_email already registered for DAG: example_dag_decorator
[2023-11-12T20:11:22.141+0000] {logging_mixin.py:120} INFO - [2023-11-12T20:11:22.141+0000] {taskmixin.py:205} WARNING - Dependency <Task(EmailOperator): send_email>, prepare_email already registered for DAG: example_dag_decorator
[2023-11-12T20:11:22.183+0000] {processor.py:766} INFO - DAG(s) dict_keys(['example_dag_decorator']) retrieved from /home/airflow/.local/lib/python3.7/site-packages/airflow/example_dags/example_dag_decorator.py
[2023-11-12T20:11:22.418+0000] {logging_mixin.py:120} INFO - [2023-11-12T20:11:22.418+0000] {dag.py:2585} INFO - Sync 1 DAGs
[2023-11-12T20:11:22.542+0000] {logging_mixin.py:120} INFO - [2023-11-12T20:11:22.541+0000] {dag.py:3340} INFO - Setting next_dagrun for example_dag_decorator to None, run_after=None
[2023-11-12T20:11:22.612+0000] {processor.py:176} INFO - Processing /home/airflow/.local/lib/python3.7/site-packages/airflow/example_dags/example_dag_decorator.py took 0.590 seconds
[2023-11-12T20:11:53.420+0000] {processor.py:154} INFO - Started process (PID=1537) to work on /home/airflow/.local/lib/python3.7/site-packages/airflow/example_dags/example_dag_decorator.py
[2023-11-12T20:11:53.424+0000] {processor.py:756} INFO - Processing file /home/airflow/.local/lib/python3.7/site-packages/airflow/example_dags/example_dag_decorator.py for tasks to queue
[2023-11-12T20:11:53.425+0000] {logging_mixin.py:120} INFO - [2023-11-12T20:11:53.425+0000] {dagbag.py:537} INFO - Filling up the DagBag from /home/airflow/.local/lib/python3.7/site-packages/airflow/example_dags/example_dag_decorator.py
[2023-11-12T20:11:53.464+0000] {logging_mixin.py:120} INFO - [2023-11-12T20:11:53.464+0000] {taskmixin.py:205} WARNING - Dependency <Task(_PythonDecoratedOperator): prepare_email>, send_email already registered for DAG: example_dag_decorator
[2023-11-12T20:11:53.471+0000] {logging_mixin.py:120} INFO - [2023-11-12T20:11:53.471+0000] {taskmixin.py:205} WARNING - Dependency <Task(EmailOperator): send_email>, prepare_email already registered for DAG: example_dag_decorator
[2023-11-12T20:11:53.543+0000] {processor.py:766} INFO - DAG(s) dict_keys(['example_dag_decorator']) retrieved from /home/airflow/.local/lib/python3.7/site-packages/airflow/example_dags/example_dag_decorator.py
[2023-11-12T20:11:53.789+0000] {logging_mixin.py:120} INFO - [2023-11-12T20:11:53.788+0000] {dag.py:2585} INFO - Sync 1 DAGs
[2023-11-12T20:11:53.820+0000] {logging_mixin.py:120} INFO - [2023-11-12T20:11:53.820+0000] {dag.py:3340} INFO - Setting next_dagrun for example_dag_decorator to None, run_after=None
[2023-11-12T20:11:53.849+0000] {processor.py:176} INFO - Processing /home/airflow/.local/lib/python3.7/site-packages/airflow/example_dags/example_dag_decorator.py took 0.433 seconds
[2023-11-12T20:12:24.139+0000] {processor.py:154} INFO - Started process (PID=1600) to work on /home/airflow/.local/lib/python3.7/site-packages/airflow/example_dags/example_dag_decorator.py
[2023-11-12T20:12:24.143+0000] {processor.py:756} INFO - Processing file /home/airflow/.local/lib/python3.7/site-packages/airflow/example_dags/example_dag_decorator.py for tasks to queue
[2023-11-12T20:12:24.143+0000] {logging_mixin.py:120} INFO - [2023-11-12T20:12:24.143+0000] {dagbag.py:537} INFO - Filling up the DagBag from /home/airflow/.local/lib/python3.7/site-packages/airflow/example_dags/example_dag_decorator.py
[2023-11-12T20:12:24.176+0000] {logging_mixin.py:120} INFO - [2023-11-12T20:12:24.175+0000] {taskmixin.py:205} WARNING - Dependency <Task(_PythonDecoratedOperator): prepare_email>, send_email already registered for DAG: example_dag_decorator
[2023-11-12T20:12:24.177+0000] {logging_mixin.py:120} INFO - [2023-11-12T20:12:24.177+0000] {taskmixin.py:205} WARNING - Dependency <Task(EmailOperator): send_email>, prepare_email already registered for DAG: example_dag_decorator
[2023-11-12T20:12:24.232+0000] {processor.py:766} INFO - DAG(s) dict_keys(['example_dag_decorator']) retrieved from /home/airflow/.local/lib/python3.7/site-packages/airflow/example_dags/example_dag_decorator.py
[2023-11-12T20:12:24.534+0000] {logging_mixin.py:120} INFO - [2023-11-12T20:12:24.534+0000] {dag.py:2585} INFO - Sync 1 DAGs
[2023-11-12T20:12:24.618+0000] {logging_mixin.py:120} INFO - [2023-11-12T20:12:24.617+0000] {dag.py:3340} INFO - Setting next_dagrun for example_dag_decorator to None, run_after=None
[2023-11-12T20:12:24.683+0000] {processor.py:176} INFO - Processing /home/airflow/.local/lib/python3.7/site-packages/airflow/example_dags/example_dag_decorator.py took 0.547 seconds
[2023-11-12T20:12:55.095+0000] {processor.py:154} INFO - Started process (PID=1653) to work on /home/airflow/.local/lib/python3.7/site-packages/airflow/example_dags/example_dag_decorator.py
[2023-11-12T20:12:55.096+0000] {processor.py:756} INFO - Processing file /home/airflow/.local/lib/python3.7/site-packages/airflow/example_dags/example_dag_decorator.py for tasks to queue
[2023-11-12T20:12:55.097+0000] {logging_mixin.py:120} INFO - [2023-11-12T20:12:55.097+0000] {dagbag.py:537} INFO - Filling up the DagBag from /home/airflow/.local/lib/python3.7/site-packages/airflow/example_dags/example_dag_decorator.py
[2023-11-12T20:12:55.114+0000] {logging_mixin.py:120} INFO - [2023-11-12T20:12:55.114+0000] {taskmixin.py:205} WARNING - Dependency <Task(_PythonDecoratedOperator): prepare_email>, send_email already registered for DAG: example_dag_decorator
[2023-11-12T20:12:55.115+0000] {logging_mixin.py:120} INFO - [2023-11-12T20:12:55.115+0000] {taskmixin.py:205} WARNING - Dependency <Task(EmailOperator): send_email>, prepare_email already registered for DAG: example_dag_decorator
[2023-11-12T20:12:55.131+0000] {processor.py:766} INFO - DAG(s) dict_keys(['example_dag_decorator']) retrieved from /home/airflow/.local/lib/python3.7/site-packages/airflow/example_dags/example_dag_decorator.py
[2023-11-12T20:12:55.238+0000] {logging_mixin.py:120} INFO - [2023-11-12T20:12:55.237+0000] {dag.py:2585} INFO - Sync 1 DAGs
[2023-11-12T20:12:55.267+0000] {logging_mixin.py:120} INFO - [2023-11-12T20:12:55.267+0000] {dag.py:3340} INFO - Setting next_dagrun for example_dag_decorator to None, run_after=None
[2023-11-12T20:12:55.297+0000] {processor.py:176} INFO - Processing /home/airflow/.local/lib/python3.7/site-packages/airflow/example_dags/example_dag_decorator.py took 0.205 seconds
[2023-11-12T20:13:25.909+0000] {processor.py:154} INFO - Started process (PID=1715) to work on /home/airflow/.local/lib/python3.7/site-packages/airflow/example_dags/example_dag_decorator.py
[2023-11-12T20:13:25.910+0000] {processor.py:756} INFO - Processing file /home/airflow/.local/lib/python3.7/site-packages/airflow/example_dags/example_dag_decorator.py for tasks to queue
[2023-11-12T20:13:25.911+0000] {logging_mixin.py:120} INFO - [2023-11-12T20:13:25.911+0000] {dagbag.py:537} INFO - Filling up the DagBag from /home/airflow/.local/lib/python3.7/site-packages/airflow/example_dags/example_dag_decorator.py
[2023-11-12T20:13:25.948+0000] {logging_mixin.py:120} INFO - [2023-11-12T20:13:25.948+0000] {taskmixin.py:205} WARNING - Dependency <Task(_PythonDecoratedOperator): prepare_email>, send_email already registered for DAG: example_dag_decorator
[2023-11-12T20:13:25.949+0000] {logging_mixin.py:120} INFO - [2023-11-12T20:13:25.949+0000] {taskmixin.py:205} WARNING - Dependency <Task(EmailOperator): send_email>, prepare_email already registered for DAG: example_dag_decorator
[2023-11-12T20:13:25.975+0000] {processor.py:766} INFO - DAG(s) dict_keys(['example_dag_decorator']) retrieved from /home/airflow/.local/lib/python3.7/site-packages/airflow/example_dags/example_dag_decorator.py
[2023-11-12T20:13:26.099+0000] {logging_mixin.py:120} INFO - [2023-11-12T20:13:26.099+0000] {dag.py:2585} INFO - Sync 1 DAGs
[2023-11-12T20:13:26.128+0000] {logging_mixin.py:120} INFO - [2023-11-12T20:13:26.128+0000] {dag.py:3340} INFO - Setting next_dagrun for example_dag_decorator to None, run_after=None
[2023-11-12T20:13:26.159+0000] {processor.py:176} INFO - Processing /home/airflow/.local/lib/python3.7/site-packages/airflow/example_dags/example_dag_decorator.py took 0.261 seconds
[2023-11-12T20:13:56.930+0000] {processor.py:154} INFO - Started process (PID=1769) to work on /home/airflow/.local/lib/python3.7/site-packages/airflow/example_dags/example_dag_decorator.py
[2023-11-12T20:13:56.941+0000] {processor.py:756} INFO - Processing file /home/airflow/.local/lib/python3.7/site-packages/airflow/example_dags/example_dag_decorator.py for tasks to queue
[2023-11-12T20:13:56.942+0000] {logging_mixin.py:120} INFO - [2023-11-12T20:13:56.942+0000] {dagbag.py:537} INFO - Filling up the DagBag from /home/airflow/.local/lib/python3.7/site-packages/airflow/example_dags/example_dag_decorator.py
[2023-11-12T20:13:56.975+0000] {logging_mixin.py:120} INFO - [2023-11-12T20:13:56.975+0000] {taskmixin.py:205} WARNING - Dependency <Task(_PythonDecoratedOperator): prepare_email>, send_email already registered for DAG: example_dag_decorator
[2023-11-12T20:13:56.976+0000] {logging_mixin.py:120} INFO - [2023-11-12T20:13:56.976+0000] {taskmixin.py:205} WARNING - Dependency <Task(EmailOperator): send_email>, prepare_email already registered for DAG: example_dag_decorator
[2023-11-12T20:13:57.003+0000] {processor.py:766} INFO - DAG(s) dict_keys(['example_dag_decorator']) retrieved from /home/airflow/.local/lib/python3.7/site-packages/airflow/example_dags/example_dag_decorator.py
[2023-11-12T20:13:57.209+0000] {logging_mixin.py:120} INFO - [2023-11-12T20:13:57.209+0000] {dag.py:2585} INFO - Sync 1 DAGs
[2023-11-12T20:13:57.277+0000] {logging_mixin.py:120} INFO - [2023-11-12T20:13:57.277+0000] {dag.py:3340} INFO - Setting next_dagrun for example_dag_decorator to None, run_after=None
[2023-11-12T20:13:57.336+0000] {processor.py:176} INFO - Processing /home/airflow/.local/lib/python3.7/site-packages/airflow/example_dags/example_dag_decorator.py took 0.409 seconds
[2023-11-12T20:14:27.395+0000] {processor.py:154} INFO - Started process (PID=1831) to work on /home/airflow/.local/lib/python3.7/site-packages/airflow/example_dags/example_dag_decorator.py
[2023-11-12T20:14:27.396+0000] {processor.py:756} INFO - Processing file /home/airflow/.local/lib/python3.7/site-packages/airflow/example_dags/example_dag_decorator.py for tasks to queue
[2023-11-12T20:14:27.397+0000] {logging_mixin.py:120} INFO - [2023-11-12T20:14:27.397+0000] {dagbag.py:537} INFO - Filling up the DagBag from /home/airflow/.local/lib/python3.7/site-packages/airflow/example_dags/example_dag_decorator.py
[2023-11-12T20:14:27.409+0000] {logging_mixin.py:120} INFO - [2023-11-12T20:14:27.409+0000] {taskmixin.py:205} WARNING - Dependency <Task(_PythonDecoratedOperator): prepare_email>, send_email already registered for DAG: example_dag_decorator
[2023-11-12T20:14:27.410+0000] {logging_mixin.py:120} INFO - [2023-11-12T20:14:27.410+0000] {taskmixin.py:205} WARNING - Dependency <Task(EmailOperator): send_email>, prepare_email already registered for DAG: example_dag_decorator
[2023-11-12T20:14:27.420+0000] {processor.py:766} INFO - DAG(s) dict_keys(['example_dag_decorator']) retrieved from /home/airflow/.local/lib/python3.7/site-packages/airflow/example_dags/example_dag_decorator.py
[2023-11-12T20:14:27.490+0000] {logging_mixin.py:120} INFO - [2023-11-12T20:14:27.489+0000] {dag.py:2585} INFO - Sync 1 DAGs
[2023-11-12T20:14:27.508+0000] {logging_mixin.py:120} INFO - [2023-11-12T20:14:27.507+0000] {dag.py:3340} INFO - Setting next_dagrun for example_dag_decorator to None, run_after=None
[2023-11-12T20:14:27.531+0000] {processor.py:176} INFO - Processing /home/airflow/.local/lib/python3.7/site-packages/airflow/example_dags/example_dag_decorator.py took 0.138 seconds
[2023-11-12T20:14:58.014+0000] {processor.py:154} INFO - Started process (PID=1885) to work on /home/airflow/.local/lib/python3.7/site-packages/airflow/example_dags/example_dag_decorator.py
[2023-11-12T20:14:58.016+0000] {processor.py:756} INFO - Processing file /home/airflow/.local/lib/python3.7/site-packages/airflow/example_dags/example_dag_decorator.py for tasks to queue
[2023-11-12T20:14:58.017+0000] {logging_mixin.py:120} INFO - [2023-11-12T20:14:58.017+0000] {dagbag.py:537} INFO - Filling up the DagBag from /home/airflow/.local/lib/python3.7/site-packages/airflow/example_dags/example_dag_decorator.py
[2023-11-12T20:14:58.036+0000] {logging_mixin.py:120} INFO - [2023-11-12T20:14:58.036+0000] {taskmixin.py:205} WARNING - Dependency <Task(_PythonDecoratedOperator): prepare_email>, send_email already registered for DAG: example_dag_decorator
[2023-11-12T20:14:58.036+0000] {logging_mixin.py:120} INFO - [2023-11-12T20:14:58.036+0000] {taskmixin.py:205} WARNING - Dependency <Task(EmailOperator): send_email>, prepare_email already registered for DAG: example_dag_decorator
[2023-11-12T20:14:58.053+0000] {processor.py:766} INFO - DAG(s) dict_keys(['example_dag_decorator']) retrieved from /home/airflow/.local/lib/python3.7/site-packages/airflow/example_dags/example_dag_decorator.py
[2023-11-12T20:14:58.137+0000] {logging_mixin.py:120} INFO - [2023-11-12T20:14:58.137+0000] {dag.py:2585} INFO - Sync 1 DAGs
[2023-11-12T20:14:58.156+0000] {logging_mixin.py:120} INFO - [2023-11-12T20:14:58.156+0000] {dag.py:3340} INFO - Setting next_dagrun for example_dag_decorator to None, run_after=None
[2023-11-12T20:14:58.180+0000] {processor.py:176} INFO - Processing /home/airflow/.local/lib/python3.7/site-packages/airflow/example_dags/example_dag_decorator.py took 0.169 seconds
[2023-11-12T20:15:28.325+0000] {processor.py:154} INFO - Started process (PID=1948) to work on /home/airflow/.local/lib/python3.7/site-packages/airflow/example_dags/example_dag_decorator.py
[2023-11-12T20:15:28.325+0000] {processor.py:756} INFO - Processing file /home/airflow/.local/lib/python3.7/site-packages/airflow/example_dags/example_dag_decorator.py for tasks to queue
[2023-11-12T20:15:28.326+0000] {logging_mixin.py:120} INFO - [2023-11-12T20:15:28.326+0000] {dagbag.py:537} INFO - Filling up the DagBag from /home/airflow/.local/lib/python3.7/site-packages/airflow/example_dags/example_dag_decorator.py
[2023-11-12T20:15:28.339+0000] {logging_mixin.py:120} INFO - [2023-11-12T20:15:28.339+0000] {taskmixin.py:205} WARNING - Dependency <Task(_PythonDecoratedOperator): prepare_email>, send_email already registered for DAG: example_dag_decorator
[2023-11-12T20:15:28.339+0000] {logging_mixin.py:120} INFO - [2023-11-12T20:15:28.339+0000] {taskmixin.py:205} WARNING - Dependency <Task(EmailOperator): send_email>, prepare_email already registered for DAG: example_dag_decorator
[2023-11-12T20:15:28.349+0000] {processor.py:766} INFO - DAG(s) dict_keys(['example_dag_decorator']) retrieved from /home/airflow/.local/lib/python3.7/site-packages/airflow/example_dags/example_dag_decorator.py
[2023-11-12T20:15:28.419+0000] {logging_mixin.py:120} INFO - [2023-11-12T20:15:28.419+0000] {dag.py:2585} INFO - Sync 1 DAGs
[2023-11-12T20:15:28.438+0000] {logging_mixin.py:120} INFO - [2023-11-12T20:15:28.438+0000] {dag.py:3340} INFO - Setting next_dagrun for example_dag_decorator to None, run_after=None
[2023-11-12T20:15:28.460+0000] {processor.py:176} INFO - Processing /home/airflow/.local/lib/python3.7/site-packages/airflow/example_dags/example_dag_decorator.py took 0.138 seconds
[2023-11-12T20:15:58.621+0000] {processor.py:154} INFO - Started process (PID=2004) to work on /home/airflow/.local/lib/python3.7/site-packages/airflow/example_dags/example_dag_decorator.py
[2023-11-12T20:15:58.622+0000] {processor.py:756} INFO - Processing file /home/airflow/.local/lib/python3.7/site-packages/airflow/example_dags/example_dag_decorator.py for tasks to queue
[2023-11-12T20:15:58.623+0000] {logging_mixin.py:120} INFO - [2023-11-12T20:15:58.623+0000] {dagbag.py:537} INFO - Filling up the DagBag from /home/airflow/.local/lib/python3.7/site-packages/airflow/example_dags/example_dag_decorator.py
[2023-11-12T20:15:58.641+0000] {logging_mixin.py:120} INFO - [2023-11-12T20:15:58.641+0000] {taskmixin.py:205} WARNING - Dependency <Task(_PythonDecoratedOperator): prepare_email>, send_email already registered for DAG: example_dag_decorator
[2023-11-12T20:15:58.641+0000] {logging_mixin.py:120} INFO - [2023-11-12T20:15:58.641+0000] {taskmixin.py:205} WARNING - Dependency <Task(EmailOperator): send_email>, prepare_email already registered for DAG: example_dag_decorator
[2023-11-12T20:15:58.657+0000] {processor.py:766} INFO - DAG(s) dict_keys(['example_dag_decorator']) retrieved from /home/airflow/.local/lib/python3.7/site-packages/airflow/example_dags/example_dag_decorator.py
[2023-11-12T20:15:58.759+0000] {logging_mixin.py:120} INFO - [2023-11-12T20:15:58.759+0000] {dag.py:2585} INFO - Sync 1 DAGs
[2023-11-12T20:15:58.787+0000] {logging_mixin.py:120} INFO - [2023-11-12T20:15:58.787+0000] {dag.py:3340} INFO - Setting next_dagrun for example_dag_decorator to None, run_after=None
[2023-11-12T20:15:58.818+0000] {processor.py:176} INFO - Processing /home/airflow/.local/lib/python3.7/site-packages/airflow/example_dags/example_dag_decorator.py took 0.200 seconds
[2023-11-12T20:16:29.217+0000] {processor.py:154} INFO - Started process (PID=2067) to work on /home/airflow/.local/lib/python3.7/site-packages/airflow/example_dags/example_dag_decorator.py
[2023-11-12T20:16:29.218+0000] {processor.py:756} INFO - Processing file /home/airflow/.local/lib/python3.7/site-packages/airflow/example_dags/example_dag_decorator.py for tasks to queue
[2023-11-12T20:16:29.219+0000] {logging_mixin.py:120} INFO - [2023-11-12T20:16:29.219+0000] {dagbag.py:537} INFO - Filling up the DagBag from /home/airflow/.local/lib/python3.7/site-packages/airflow/example_dags/example_dag_decorator.py
[2023-11-12T20:16:29.238+0000] {logging_mixin.py:120} INFO - [2023-11-12T20:16:29.238+0000] {taskmixin.py:205} WARNING - Dependency <Task(_PythonDecoratedOperator): prepare_email>, send_email already registered for DAG: example_dag_decorator
[2023-11-12T20:16:29.238+0000] {logging_mixin.py:120} INFO - [2023-11-12T20:16:29.238+0000] {taskmixin.py:205} WARNING - Dependency <Task(EmailOperator): send_email>, prepare_email already registered for DAG: example_dag_decorator
[2023-11-12T20:16:29.259+0000] {processor.py:766} INFO - DAG(s) dict_keys(['example_dag_decorator']) retrieved from /home/airflow/.local/lib/python3.7/site-packages/airflow/example_dags/example_dag_decorator.py
[2023-11-12T20:16:29.468+0000] {logging_mixin.py:120} INFO - [2023-11-12T20:16:29.468+0000] {dag.py:2585} INFO - Sync 1 DAGs
[2023-11-12T20:16:29.520+0000] {logging_mixin.py:120} INFO - [2023-11-12T20:16:29.519+0000] {dag.py:3340} INFO - Setting next_dagrun for example_dag_decorator to None, run_after=None
[2023-11-12T20:16:29.549+0000] {processor.py:176} INFO - Processing /home/airflow/.local/lib/python3.7/site-packages/airflow/example_dags/example_dag_decorator.py took 0.335 seconds
[2023-11-12T20:16:59.745+0000] {processor.py:154} INFO - Started process (PID=2129) to work on /home/airflow/.local/lib/python3.7/site-packages/airflow/example_dags/example_dag_decorator.py
[2023-11-12T20:16:59.745+0000] {processor.py:756} INFO - Processing file /home/airflow/.local/lib/python3.7/site-packages/airflow/example_dags/example_dag_decorator.py for tasks to queue
[2023-11-12T20:16:59.746+0000] {logging_mixin.py:120} INFO - [2023-11-12T20:16:59.746+0000] {dagbag.py:537} INFO - Filling up the DagBag from /home/airflow/.local/lib/python3.7/site-packages/airflow/example_dags/example_dag_decorator.py
[2023-11-12T20:16:59.766+0000] {logging_mixin.py:120} INFO - [2023-11-12T20:16:59.766+0000] {taskmixin.py:205} WARNING - Dependency <Task(_PythonDecoratedOperator): prepare_email>, send_email already registered for DAG: example_dag_decorator
[2023-11-12T20:16:59.766+0000] {logging_mixin.py:120} INFO - [2023-11-12T20:16:59.766+0000] {taskmixin.py:205} WARNING - Dependency <Task(EmailOperator): send_email>, prepare_email already registered for DAG: example_dag_decorator
[2023-11-12T20:16:59.787+0000] {processor.py:766} INFO - DAG(s) dict_keys(['example_dag_decorator']) retrieved from /home/airflow/.local/lib/python3.7/site-packages/airflow/example_dags/example_dag_decorator.py
[2023-11-12T20:16:59.874+0000] {logging_mixin.py:120} INFO - [2023-11-12T20:16:59.874+0000] {dag.py:2585} INFO - Sync 1 DAGs
[2023-11-12T20:16:59.903+0000] {logging_mixin.py:120} INFO - [2023-11-12T20:16:59.903+0000] {dag.py:3340} INFO - Setting next_dagrun for example_dag_decorator to None, run_after=None
[2023-11-12T20:16:59.928+0000] {processor.py:176} INFO - Processing /home/airflow/.local/lib/python3.7/site-packages/airflow/example_dags/example_dag_decorator.py took 0.187 seconds
[2023-11-12T20:17:30.679+0000] {processor.py:154} INFO - Started process (PID=2183) to work on /home/airflow/.local/lib/python3.7/site-packages/airflow/example_dags/example_dag_decorator.py
[2023-11-12T20:17:30.680+0000] {processor.py:756} INFO - Processing file /home/airflow/.local/lib/python3.7/site-packages/airflow/example_dags/example_dag_decorator.py for tasks to queue
[2023-11-12T20:17:30.680+0000] {logging_mixin.py:120} INFO - [2023-11-12T20:17:30.680+0000] {dagbag.py:537} INFO - Filling up the DagBag from /home/airflow/.local/lib/python3.7/site-packages/airflow/example_dags/example_dag_decorator.py
[2023-11-12T20:17:30.693+0000] {logging_mixin.py:120} INFO - [2023-11-12T20:17:30.693+0000] {taskmixin.py:205} WARNING - Dependency <Task(_PythonDecoratedOperator): prepare_email>, send_email already registered for DAG: example_dag_decorator
[2023-11-12T20:17:30.693+0000] {logging_mixin.py:120} INFO - [2023-11-12T20:17:30.693+0000] {taskmixin.py:205} WARNING - Dependency <Task(EmailOperator): send_email>, prepare_email already registered for DAG: example_dag_decorator
[2023-11-12T20:17:30.704+0000] {processor.py:766} INFO - DAG(s) dict_keys(['example_dag_decorator']) retrieved from /home/airflow/.local/lib/python3.7/site-packages/airflow/example_dags/example_dag_decorator.py
[2023-11-12T20:17:30.788+0000] {logging_mixin.py:120} INFO - [2023-11-12T20:17:30.788+0000] {dag.py:2585} INFO - Sync 1 DAGs
[2023-11-12T20:17:30.808+0000] {logging_mixin.py:120} INFO - [2023-11-12T20:17:30.808+0000] {dag.py:3340} INFO - Setting next_dagrun for example_dag_decorator to None, run_after=None
[2023-11-12T20:17:30.830+0000] {processor.py:176} INFO - Processing /home/airflow/.local/lib/python3.7/site-packages/airflow/example_dags/example_dag_decorator.py took 0.153 seconds
[2023-11-12T20:18:01.633+0000] {processor.py:154} INFO - Started process (PID=2246) to work on /home/airflow/.local/lib/python3.7/site-packages/airflow/example_dags/example_dag_decorator.py
[2023-11-12T20:18:01.634+0000] {processor.py:756} INFO - Processing file /home/airflow/.local/lib/python3.7/site-packages/airflow/example_dags/example_dag_decorator.py for tasks to queue
[2023-11-12T20:18:01.635+0000] {logging_mixin.py:120} INFO - [2023-11-12T20:18:01.635+0000] {dagbag.py:537} INFO - Filling up the DagBag from /home/airflow/.local/lib/python3.7/site-packages/airflow/example_dags/example_dag_decorator.py
[2023-11-12T20:18:01.649+0000] {logging_mixin.py:120} INFO - [2023-11-12T20:18:01.648+0000] {taskmixin.py:205} WARNING - Dependency <Task(_PythonDecoratedOperator): prepare_email>, send_email already registered for DAG: example_dag_decorator
[2023-11-12T20:18:01.649+0000] {logging_mixin.py:120} INFO - [2023-11-12T20:18:01.649+0000] {taskmixin.py:205} WARNING - Dependency <Task(EmailOperator): send_email>, prepare_email already registered for DAG: example_dag_decorator
[2023-11-12T20:18:01.662+0000] {processor.py:766} INFO - DAG(s) dict_keys(['example_dag_decorator']) retrieved from /home/airflow/.local/lib/python3.7/site-packages/airflow/example_dags/example_dag_decorator.py
[2023-11-12T20:18:01.748+0000] {logging_mixin.py:120} INFO - [2023-11-12T20:18:01.748+0000] {dag.py:2585} INFO - Sync 1 DAGs
[2023-11-12T20:18:01.770+0000] {logging_mixin.py:120} INFO - [2023-11-12T20:18:01.770+0000] {dag.py:3340} INFO - Setting next_dagrun for example_dag_decorator to None, run_after=None
[2023-11-12T20:18:01.797+0000] {processor.py:176} INFO - Processing /home/airflow/.local/lib/python3.7/site-packages/airflow/example_dags/example_dag_decorator.py took 0.167 seconds
[2023-11-12T20:18:32.272+0000] {processor.py:154} INFO - Started process (PID=2300) to work on /home/airflow/.local/lib/python3.7/site-packages/airflow/example_dags/example_dag_decorator.py
[2023-11-12T20:18:32.315+0000] {processor.py:756} INFO - Processing file /home/airflow/.local/lib/python3.7/site-packages/airflow/example_dags/example_dag_decorator.py for tasks to queue
[2023-11-12T20:18:32.316+0000] {logging_mixin.py:120} INFO - [2023-11-12T20:18:32.316+0000] {dagbag.py:537} INFO - Filling up the DagBag from /home/airflow/.local/lib/python3.7/site-packages/airflow/example_dags/example_dag_decorator.py
