[2023-11-12T19:53:11.961+0000] {processor.py:154} INFO - Started process (PID=64) to work on /home/airflow/.local/lib/python3.7/site-packages/airflow/example_dags/example_short_circuit_operator.py
[2023-11-12T19:53:11.962+0000] {processor.py:756} INFO - Processing file /home/airflow/.local/lib/python3.7/site-packages/airflow/example_dags/example_short_circuit_operator.py for tasks to queue
[2023-11-12T19:53:11.962+0000] {logging_mixin.py:120} INFO - [2023-11-12T19:53:11.962+0000] {dagbag.py:537} INFO - Filling up the DagBag from /home/airflow/.local/lib/python3.7/site-packages/airflow/example_dags/example_short_circuit_operator.py
[2023-11-12T19:53:12.048+0000] {processor.py:766} INFO - DAG(s) dict_keys(['example_short_circuit_operator']) retrieved from /home/airflow/.local/lib/python3.7/site-packages/airflow/example_dags/example_short_circuit_operator.py
[2023-11-12T19:53:12.621+0000] {logging_mixin.py:120} INFO - [2023-11-12T19:53:12.621+0000] {manager.py:507} INFO - Created Permission View: can edit on DAG:example_short_circuit_operator
[2023-11-12T19:53:12.666+0000] {logging_mixin.py:120} INFO - [2023-11-12T19:53:12.666+0000] {manager.py:507} INFO - Created Permission View: can delete on DAG:example_short_circuit_operator
[2023-11-12T19:53:12.685+0000] {logging_mixin.py:120} INFO - [2023-11-12T19:53:12.685+0000] {manager.py:507} INFO - Created Permission View: can read on DAG:example_short_circuit_operator
[2023-11-12T19:53:12.685+0000] {logging_mixin.py:120} INFO - [2023-11-12T19:53:12.685+0000] {dag.py:2585} INFO - Sync 1 DAGs
[2023-11-12T19:53:12.731+0000] {logging_mixin.py:120} INFO - [2023-11-12T19:53:12.731+0000] {dag.py:2606} INFO - Creating ORM DAG for example_short_circuit_operator
[2023-11-12T19:53:12.824+0000] {logging_mixin.py:120} INFO - [2023-11-12T19:53:12.824+0000] {dag.py:3340} INFO - Setting next_dagrun for example_short_circuit_operator to 2023-11-11T19:53:12.824114+00:00, run_after=2023-11-12T19:53:12.824114+00:00
[2023-11-12T19:53:12.947+0000] {processor.py:176} INFO - Processing /home/airflow/.local/lib/python3.7/site-packages/airflow/example_dags/example_short_circuit_operator.py took 0.995 seconds
[2023-11-12T19:53:43.994+0000] {processor.py:154} INFO - Started process (PID=127) to work on /home/airflow/.local/lib/python3.7/site-packages/airflow/example_dags/example_short_circuit_operator.py
[2023-11-12T19:53:43.995+0000] {processor.py:756} INFO - Processing file /home/airflow/.local/lib/python3.7/site-packages/airflow/example_dags/example_short_circuit_operator.py for tasks to queue
[2023-11-12T19:53:43.996+0000] {logging_mixin.py:120} INFO - [2023-11-12T19:53:43.995+0000] {dagbag.py:537} INFO - Filling up the DagBag from /home/airflow/.local/lib/python3.7/site-packages/airflow/example_dags/example_short_circuit_operator.py
[2023-11-12T19:53:44.018+0000] {processor.py:766} INFO - DAG(s) dict_keys(['example_short_circuit_operator']) retrieved from /home/airflow/.local/lib/python3.7/site-packages/airflow/example_dags/example_short_circuit_operator.py
[2023-11-12T19:53:44.079+0000] {logging_mixin.py:120} INFO - [2023-11-12T19:53:44.079+0000] {dag.py:2585} INFO - Sync 1 DAGs
[2023-11-12T19:53:44.111+0000] {logging_mixin.py:120} INFO - [2023-11-12T19:53:44.111+0000] {dag.py:3340} INFO - Setting next_dagrun for example_short_circuit_operator to 2023-11-11T19:53:44.111093+00:00, run_after=2023-11-12T19:53:44.111093+00:00
[2023-11-12T19:53:44.140+0000] {processor.py:176} INFO - Processing /home/airflow/.local/lib/python3.7/site-packages/airflow/example_dags/example_short_circuit_operator.py took 0.149 seconds
[2023-11-12T19:54:14.249+0000] {processor.py:154} INFO - Started process (PID=181) to work on /home/airflow/.local/lib/python3.7/site-packages/airflow/example_dags/example_short_circuit_operator.py
[2023-11-12T19:54:14.250+0000] {processor.py:756} INFO - Processing file /home/airflow/.local/lib/python3.7/site-packages/airflow/example_dags/example_short_circuit_operator.py for tasks to queue
[2023-11-12T19:54:14.251+0000] {logging_mixin.py:120} INFO - [2023-11-12T19:54:14.251+0000] {dagbag.py:537} INFO - Filling up the DagBag from /home/airflow/.local/lib/python3.7/site-packages/airflow/example_dags/example_short_circuit_operator.py
[2023-11-12T19:54:14.271+0000] {processor.py:766} INFO - DAG(s) dict_keys(['example_short_circuit_operator']) retrieved from /home/airflow/.local/lib/python3.7/site-packages/airflow/example_dags/example_short_circuit_operator.py
[2023-11-12T19:54:14.357+0000] {logging_mixin.py:120} INFO - [2023-11-12T19:54:14.357+0000] {dag.py:2585} INFO - Sync 1 DAGs
[2023-11-12T19:54:14.400+0000] {logging_mixin.py:120} INFO - [2023-11-12T19:54:14.399+0000] {dag.py:3340} INFO - Setting next_dagrun for example_short_circuit_operator to 2023-11-11T19:54:14.399501+00:00, run_after=2023-11-12T19:54:14.399501+00:00
[2023-11-12T19:54:14.424+0000] {processor.py:176} INFO - Processing /home/airflow/.local/lib/python3.7/site-packages/airflow/example_dags/example_short_circuit_operator.py took 0.178 seconds
[2023-11-12T19:57:06.120+0000] {processor.py:154} INFO - Started process (PID=63) to work on /home/airflow/.local/lib/python3.7/site-packages/airflow/example_dags/example_short_circuit_operator.py
[2023-11-12T19:57:06.133+0000] {processor.py:756} INFO - Processing file /home/airflow/.local/lib/python3.7/site-packages/airflow/example_dags/example_short_circuit_operator.py for tasks to queue
[2023-11-12T19:57:06.133+0000] {logging_mixin.py:120} INFO - [2023-11-12T19:57:06.133+0000] {dagbag.py:537} INFO - Filling up the DagBag from /home/airflow/.local/lib/python3.7/site-packages/airflow/example_dags/example_short_circuit_operator.py
[2023-11-12T19:57:06.223+0000] {processor.py:766} INFO - DAG(s) dict_keys(['example_short_circuit_operator']) retrieved from /home/airflow/.local/lib/python3.7/site-packages/airflow/example_dags/example_short_circuit_operator.py
[2023-11-12T19:57:06.421+0000] {logging_mixin.py:120} INFO - [2023-11-12T19:57:06.421+0000] {dag.py:2585} INFO - Sync 1 DAGs
[2023-11-12T19:57:06.473+0000] {logging_mixin.py:120} INFO - [2023-11-12T19:57:06.473+0000] {dag.py:3340} INFO - Setting next_dagrun for example_short_circuit_operator to 2023-11-11T19:57:06.473021+00:00, run_after=2023-11-12T19:57:06.473021+00:00
[2023-11-12T19:57:06.533+0000] {processor.py:176} INFO - Processing /home/airflow/.local/lib/python3.7/site-packages/airflow/example_dags/example_short_circuit_operator.py took 0.416 seconds
[2023-11-12T19:57:37.147+0000] {processor.py:154} INFO - Started process (PID=117) to work on /home/airflow/.local/lib/python3.7/site-packages/airflow/example_dags/example_short_circuit_operator.py
[2023-11-12T19:57:37.147+0000] {processor.py:756} INFO - Processing file /home/airflow/.local/lib/python3.7/site-packages/airflow/example_dags/example_short_circuit_operator.py for tasks to queue
[2023-11-12T19:57:37.148+0000] {logging_mixin.py:120} INFO - [2023-11-12T19:57:37.148+0000] {dagbag.py:537} INFO - Filling up the DagBag from /home/airflow/.local/lib/python3.7/site-packages/airflow/example_dags/example_short_circuit_operator.py
[2023-11-12T19:57:37.171+0000] {processor.py:766} INFO - DAG(s) dict_keys(['example_short_circuit_operator']) retrieved from /home/airflow/.local/lib/python3.7/site-packages/airflow/example_dags/example_short_circuit_operator.py
[2023-11-12T19:57:37.242+0000] {logging_mixin.py:120} INFO - [2023-11-12T19:57:37.242+0000] {dag.py:2585} INFO - Sync 1 DAGs
[2023-11-12T19:57:37.273+0000] {logging_mixin.py:120} INFO - [2023-11-12T19:57:37.273+0000] {dag.py:3340} INFO - Setting next_dagrun for example_short_circuit_operator to 2023-11-11T19:57:37.273162+00:00, run_after=2023-11-12T19:57:37.273162+00:00
[2023-11-12T19:57:37.308+0000] {processor.py:176} INFO - Processing /home/airflow/.local/lib/python3.7/site-packages/airflow/example_dags/example_short_circuit_operator.py took 0.164 seconds
[2023-11-12T19:59:00.064+0000] {processor.py:154} INFO - Started process (PID=65) to work on /home/airflow/.local/lib/python3.7/site-packages/airflow/example_dags/example_short_circuit_operator.py
[2023-11-12T19:59:00.069+0000] {processor.py:756} INFO - Processing file /home/airflow/.local/lib/python3.7/site-packages/airflow/example_dags/example_short_circuit_operator.py for tasks to queue
[2023-11-12T19:59:00.070+0000] {logging_mixin.py:120} INFO - [2023-11-12T19:59:00.069+0000] {dagbag.py:537} INFO - Filling up the DagBag from /home/airflow/.local/lib/python3.7/site-packages/airflow/example_dags/example_short_circuit_operator.py
[2023-11-12T19:59:00.114+0000] {processor.py:766} INFO - DAG(s) dict_keys(['example_short_circuit_operator']) retrieved from /home/airflow/.local/lib/python3.7/site-packages/airflow/example_dags/example_short_circuit_operator.py
[2023-11-12T19:59:00.213+0000] {logging_mixin.py:120} INFO - [2023-11-12T19:59:00.213+0000] {dag.py:2585} INFO - Sync 1 DAGs
[2023-11-12T19:59:00.278+0000] {logging_mixin.py:120} INFO - [2023-11-12T19:59:00.278+0000] {dag.py:3340} INFO - Setting next_dagrun for example_short_circuit_operator to 2023-11-11T19:59:00.278396+00:00, run_after=2023-11-12T19:59:00.278396+00:00
[2023-11-12T19:59:00.329+0000] {processor.py:176} INFO - Processing /home/airflow/.local/lib/python3.7/site-packages/airflow/example_dags/example_short_circuit_operator.py took 0.277 seconds
[2023-11-12T19:59:31.231+0000] {processor.py:154} INFO - Started process (PID=127) to work on /home/airflow/.local/lib/python3.7/site-packages/airflow/example_dags/example_short_circuit_operator.py
[2023-11-12T19:59:31.240+0000] {processor.py:756} INFO - Processing file /home/airflow/.local/lib/python3.7/site-packages/airflow/example_dags/example_short_circuit_operator.py for tasks to queue
[2023-11-12T19:59:31.241+0000] {logging_mixin.py:120} INFO - [2023-11-12T19:59:31.241+0000] {dagbag.py:537} INFO - Filling up the DagBag from /home/airflow/.local/lib/python3.7/site-packages/airflow/example_dags/example_short_circuit_operator.py
[2023-11-12T19:59:31.279+0000] {processor.py:766} INFO - DAG(s) dict_keys(['example_short_circuit_operator']) retrieved from /home/airflow/.local/lib/python3.7/site-packages/airflow/example_dags/example_short_circuit_operator.py
[2023-11-12T19:59:31.366+0000] {logging_mixin.py:120} INFO - [2023-11-12T19:59:31.365+0000] {dag.py:2585} INFO - Sync 1 DAGs
[2023-11-12T19:59:31.427+0000] {logging_mixin.py:120} INFO - [2023-11-12T19:59:31.427+0000] {dag.py:3340} INFO - Setting next_dagrun for example_short_circuit_operator to 2023-11-11T19:59:31.427129+00:00, run_after=2023-11-12T19:59:31.427129+00:00
[2023-11-12T19:59:31.485+0000] {processor.py:176} INFO - Processing /home/airflow/.local/lib/python3.7/site-packages/airflow/example_dags/example_short_circuit_operator.py took 0.257 seconds
[2023-11-12T20:00:01.926+0000] {processor.py:154} INFO - Started process (PID=185) to work on /home/airflow/.local/lib/python3.7/site-packages/airflow/example_dags/example_short_circuit_operator.py
[2023-11-12T20:00:01.927+0000] {processor.py:756} INFO - Processing file /home/airflow/.local/lib/python3.7/site-packages/airflow/example_dags/example_short_circuit_operator.py for tasks to queue
[2023-11-12T20:00:01.928+0000] {logging_mixin.py:120} INFO - [2023-11-12T20:00:01.927+0000] {dagbag.py:537} INFO - Filling up the DagBag from /home/airflow/.local/lib/python3.7/site-packages/airflow/example_dags/example_short_circuit_operator.py
[2023-11-12T20:00:01.960+0000] {processor.py:766} INFO - DAG(s) dict_keys(['example_short_circuit_operator']) retrieved from /home/airflow/.local/lib/python3.7/site-packages/airflow/example_dags/example_short_circuit_operator.py
[2023-11-12T20:00:02.009+0000] {logging_mixin.py:120} INFO - [2023-11-12T20:00:02.009+0000] {dag.py:2585} INFO - Sync 1 DAGs
[2023-11-12T20:00:02.050+0000] {logging_mixin.py:120} INFO - [2023-11-12T20:00:02.049+0000] {dag.py:3340} INFO - Setting next_dagrun for example_short_circuit_operator to 2023-11-11T20:00:02.049593+00:00, run_after=2023-11-12T20:00:02.049593+00:00
[2023-11-12T20:00:02.085+0000] {processor.py:176} INFO - Processing /home/airflow/.local/lib/python3.7/site-packages/airflow/example_dags/example_short_circuit_operator.py took 0.162 seconds
[2023-11-12T20:00:32.160+0000] {processor.py:154} INFO - Started process (PID=248) to work on /home/airflow/.local/lib/python3.7/site-packages/airflow/example_dags/example_short_circuit_operator.py
[2023-11-12T20:00:32.161+0000] {processor.py:756} INFO - Processing file /home/airflow/.local/lib/python3.7/site-packages/airflow/example_dags/example_short_circuit_operator.py for tasks to queue
[2023-11-12T20:00:32.161+0000] {logging_mixin.py:120} INFO - [2023-11-12T20:00:32.161+0000] {dagbag.py:537} INFO - Filling up the DagBag from /home/airflow/.local/lib/python3.7/site-packages/airflow/example_dags/example_short_circuit_operator.py
[2023-11-12T20:00:32.181+0000] {processor.py:766} INFO - DAG(s) dict_keys(['example_short_circuit_operator']) retrieved from /home/airflow/.local/lib/python3.7/site-packages/airflow/example_dags/example_short_circuit_operator.py
[2023-11-12T20:00:32.231+0000] {logging_mixin.py:120} INFO - [2023-11-12T20:00:32.231+0000] {dag.py:2585} INFO - Sync 1 DAGs
[2023-11-12T20:00:32.264+0000] {logging_mixin.py:120} INFO - [2023-11-12T20:00:32.263+0000] {dag.py:3340} INFO - Setting next_dagrun for example_short_circuit_operator to 2023-11-11T20:00:32.263716+00:00, run_after=2023-11-12T20:00:32.263716+00:00
[2023-11-12T20:00:32.303+0000] {processor.py:176} INFO - Processing /home/airflow/.local/lib/python3.7/site-packages/airflow/example_dags/example_short_circuit_operator.py took 0.147 seconds
[2023-11-12T20:01:02.693+0000] {processor.py:154} INFO - Started process (PID=302) to work on /home/airflow/.local/lib/python3.7/site-packages/airflow/example_dags/example_short_circuit_operator.py
[2023-11-12T20:01:02.694+0000] {processor.py:756} INFO - Processing file /home/airflow/.local/lib/python3.7/site-packages/airflow/example_dags/example_short_circuit_operator.py for tasks to queue
[2023-11-12T20:01:02.695+0000] {logging_mixin.py:120} INFO - [2023-11-12T20:01:02.694+0000] {dagbag.py:537} INFO - Filling up the DagBag from /home/airflow/.local/lib/python3.7/site-packages/airflow/example_dags/example_short_circuit_operator.py
[2023-11-12T20:01:02.712+0000] {processor.py:766} INFO - DAG(s) dict_keys(['example_short_circuit_operator']) retrieved from /home/airflow/.local/lib/python3.7/site-packages/airflow/example_dags/example_short_circuit_operator.py
[2023-11-12T20:01:02.770+0000] {logging_mixin.py:120} INFO - [2023-11-12T20:01:02.770+0000] {dag.py:2585} INFO - Sync 1 DAGs
[2023-11-12T20:01:02.796+0000] {logging_mixin.py:120} INFO - [2023-11-12T20:01:02.794+0000] {dag.py:3340} INFO - Setting next_dagrun for example_short_circuit_operator to 2023-11-11T20:01:02.794334+00:00, run_after=2023-11-12T20:01:02.794334+00:00
[2023-11-12T20:01:02.831+0000] {processor.py:176} INFO - Processing /home/airflow/.local/lib/python3.7/site-packages/airflow/example_dags/example_short_circuit_operator.py took 0.141 seconds
[2023-11-12T20:01:33.001+0000] {processor.py:154} INFO - Started process (PID=365) to work on /home/airflow/.local/lib/python3.7/site-packages/airflow/example_dags/example_short_circuit_operator.py
[2023-11-12T20:01:33.002+0000] {processor.py:756} INFO - Processing file /home/airflow/.local/lib/python3.7/site-packages/airflow/example_dags/example_short_circuit_operator.py for tasks to queue
[2023-11-12T20:01:33.002+0000] {logging_mixin.py:120} INFO - [2023-11-12T20:01:33.002+0000] {dagbag.py:537} INFO - Filling up the DagBag from /home/airflow/.local/lib/python3.7/site-packages/airflow/example_dags/example_short_circuit_operator.py
[2023-11-12T20:01:33.021+0000] {processor.py:766} INFO - DAG(s) dict_keys(['example_short_circuit_operator']) retrieved from /home/airflow/.local/lib/python3.7/site-packages/airflow/example_dags/example_short_circuit_operator.py
[2023-11-12T20:01:33.055+0000] {logging_mixin.py:120} INFO - [2023-11-12T20:01:33.054+0000] {dag.py:2585} INFO - Sync 1 DAGs
[2023-11-12T20:01:33.075+0000] {logging_mixin.py:120} INFO - [2023-11-12T20:01:33.075+0000] {dag.py:3340} INFO - Setting next_dagrun for example_short_circuit_operator to 2023-11-11T20:01:33.075259+00:00, run_after=2023-11-12T20:01:33.075259+00:00
[2023-11-12T20:01:33.097+0000] {processor.py:176} INFO - Processing /home/airflow/.local/lib/python3.7/site-packages/airflow/example_dags/example_short_circuit_operator.py took 0.099 seconds
[2023-11-12T20:02:03.862+0000] {processor.py:154} INFO - Started process (PID=428) to work on /home/airflow/.local/lib/python3.7/site-packages/airflow/example_dags/example_short_circuit_operator.py
[2023-11-12T20:02:03.863+0000] {processor.py:756} INFO - Processing file /home/airflow/.local/lib/python3.7/site-packages/airflow/example_dags/example_short_circuit_operator.py for tasks to queue
[2023-11-12T20:02:03.863+0000] {logging_mixin.py:120} INFO - [2023-11-12T20:02:03.863+0000] {dagbag.py:537} INFO - Filling up the DagBag from /home/airflow/.local/lib/python3.7/site-packages/airflow/example_dags/example_short_circuit_operator.py
[2023-11-12T20:02:03.882+0000] {processor.py:766} INFO - DAG(s) dict_keys(['example_short_circuit_operator']) retrieved from /home/airflow/.local/lib/python3.7/site-packages/airflow/example_dags/example_short_circuit_operator.py
[2023-11-12T20:02:03.922+0000] {logging_mixin.py:120} INFO - [2023-11-12T20:02:03.922+0000] {dag.py:2585} INFO - Sync 1 DAGs
[2023-11-12T20:02:03.942+0000] {logging_mixin.py:120} INFO - [2023-11-12T20:02:03.942+0000] {dag.py:3340} INFO - Setting next_dagrun for example_short_circuit_operator to 2023-11-11T20:02:03.942684+00:00, run_after=2023-11-12T20:02:03.942684+00:00
[2023-11-12T20:02:03.963+0000] {processor.py:176} INFO - Processing /home/airflow/.local/lib/python3.7/site-packages/airflow/example_dags/example_short_circuit_operator.py took 0.105 seconds
[2023-11-12T20:02:34.107+0000] {processor.py:154} INFO - Started process (PID=482) to work on /home/airflow/.local/lib/python3.7/site-packages/airflow/example_dags/example_short_circuit_operator.py
[2023-11-12T20:02:34.108+0000] {processor.py:756} INFO - Processing file /home/airflow/.local/lib/python3.7/site-packages/airflow/example_dags/example_short_circuit_operator.py for tasks to queue
[2023-11-12T20:02:34.109+0000] {logging_mixin.py:120} INFO - [2023-11-12T20:02:34.108+0000] {dagbag.py:537} INFO - Filling up the DagBag from /home/airflow/.local/lib/python3.7/site-packages/airflow/example_dags/example_short_circuit_operator.py
[2023-11-12T20:02:34.131+0000] {processor.py:766} INFO - DAG(s) dict_keys(['example_short_circuit_operator']) retrieved from /home/airflow/.local/lib/python3.7/site-packages/airflow/example_dags/example_short_circuit_operator.py
[2023-11-12T20:02:34.187+0000] {logging_mixin.py:120} INFO - [2023-11-12T20:02:34.186+0000] {dag.py:2585} INFO - Sync 1 DAGs
[2023-11-12T20:02:34.219+0000] {logging_mixin.py:120} INFO - [2023-11-12T20:02:34.219+0000] {dag.py:3340} INFO - Setting next_dagrun for example_short_circuit_operator to 2023-11-11T20:02:34.219075+00:00, run_after=2023-11-12T20:02:34.219075+00:00
[2023-11-12T20:02:34.245+0000] {processor.py:176} INFO - Processing /home/airflow/.local/lib/python3.7/site-packages/airflow/example_dags/example_short_circuit_operator.py took 0.142 seconds
[2023-11-12T20:03:05.049+0000] {processor.py:154} INFO - Started process (PID=546) to work on /home/airflow/.local/lib/python3.7/site-packages/airflow/example_dags/example_short_circuit_operator.py
[2023-11-12T20:03:05.050+0000] {processor.py:756} INFO - Processing file /home/airflow/.local/lib/python3.7/site-packages/airflow/example_dags/example_short_circuit_operator.py for tasks to queue
[2023-11-12T20:03:05.050+0000] {logging_mixin.py:120} INFO - [2023-11-12T20:03:05.050+0000] {dagbag.py:537} INFO - Filling up the DagBag from /home/airflow/.local/lib/python3.7/site-packages/airflow/example_dags/example_short_circuit_operator.py
[2023-11-12T20:03:05.093+0000] {processor.py:766} INFO - DAG(s) dict_keys(['example_short_circuit_operator']) retrieved from /home/airflow/.local/lib/python3.7/site-packages/airflow/example_dags/example_short_circuit_operator.py
[2023-11-12T20:03:05.162+0000] {logging_mixin.py:120} INFO - [2023-11-12T20:03:05.162+0000] {dag.py:2585} INFO - Sync 1 DAGs
[2023-11-12T20:03:05.239+0000] {logging_mixin.py:120} INFO - [2023-11-12T20:03:05.239+0000] {dag.py:3340} INFO - Setting next_dagrun for example_short_circuit_operator to 2023-11-11T20:03:05.238978+00:00, run_after=2023-11-12T20:03:05.238978+00:00
[2023-11-12T20:03:05.321+0000] {processor.py:176} INFO - Processing /home/airflow/.local/lib/python3.7/site-packages/airflow/example_dags/example_short_circuit_operator.py took 0.275 seconds
[2023-11-12T20:03:35.475+0000] {processor.py:154} INFO - Started process (PID=610) to work on /home/airflow/.local/lib/python3.7/site-packages/airflow/example_dags/example_short_circuit_operator.py
[2023-11-12T20:03:35.476+0000] {processor.py:756} INFO - Processing file /home/airflow/.local/lib/python3.7/site-packages/airflow/example_dags/example_short_circuit_operator.py for tasks to queue
[2023-11-12T20:03:35.476+0000] {logging_mixin.py:120} INFO - [2023-11-12T20:03:35.476+0000] {dagbag.py:537} INFO - Filling up the DagBag from /home/airflow/.local/lib/python3.7/site-packages/airflow/example_dags/example_short_circuit_operator.py
[2023-11-12T20:03:35.490+0000] {processor.py:766} INFO - DAG(s) dict_keys(['example_short_circuit_operator']) retrieved from /home/airflow/.local/lib/python3.7/site-packages/airflow/example_dags/example_short_circuit_operator.py
[2023-11-12T20:03:35.533+0000] {logging_mixin.py:120} INFO - [2023-11-12T20:03:35.533+0000] {dag.py:2585} INFO - Sync 1 DAGs
[2023-11-12T20:03:35.561+0000] {logging_mixin.py:120} INFO - [2023-11-12T20:03:35.561+0000] {dag.py:3340} INFO - Setting next_dagrun for example_short_circuit_operator to 2023-11-11T20:03:35.561687+00:00, run_after=2023-11-12T20:03:35.561687+00:00
[2023-11-12T20:03:35.583+0000] {processor.py:176} INFO - Processing /home/airflow/.local/lib/python3.7/site-packages/airflow/example_dags/example_short_circuit_operator.py took 0.110 seconds
[2023-11-12T20:04:06.681+0000] {processor.py:154} INFO - Started process (PID=674) to work on /home/airflow/.local/lib/python3.7/site-packages/airflow/example_dags/example_short_circuit_operator.py
[2023-11-12T20:04:06.682+0000] {processor.py:756} INFO - Processing file /home/airflow/.local/lib/python3.7/site-packages/airflow/example_dags/example_short_circuit_operator.py for tasks to queue
[2023-11-12T20:04:06.683+0000] {logging_mixin.py:120} INFO - [2023-11-12T20:04:06.683+0000] {dagbag.py:537} INFO - Filling up the DagBag from /home/airflow/.local/lib/python3.7/site-packages/airflow/example_dags/example_short_circuit_operator.py
[2023-11-12T20:04:06.733+0000] {processor.py:766} INFO - DAG(s) dict_keys(['example_short_circuit_operator']) retrieved from /home/airflow/.local/lib/python3.7/site-packages/airflow/example_dags/example_short_circuit_operator.py
[2023-11-12T20:04:06.809+0000] {logging_mixin.py:120} INFO - [2023-11-12T20:04:06.809+0000] {dag.py:2585} INFO - Sync 1 DAGs
[2023-11-12T20:04:06.842+0000] {logging_mixin.py:120} INFO - [2023-11-12T20:04:06.842+0000] {dag.py:3340} INFO - Setting next_dagrun for example_short_circuit_operator to 2023-11-11T20:04:06.841961+00:00, run_after=2023-11-12T20:04:06.841961+00:00
[2023-11-12T20:04:06.877+0000] {processor.py:176} INFO - Processing /home/airflow/.local/lib/python3.7/site-packages/airflow/example_dags/example_short_circuit_operator.py took 0.199 seconds
[2023-11-12T20:04:37.056+0000] {processor.py:154} INFO - Started process (PID=729) to work on /home/airflow/.local/lib/python3.7/site-packages/airflow/example_dags/example_short_circuit_operator.py
[2023-11-12T20:04:37.063+0000] {processor.py:756} INFO - Processing file /home/airflow/.local/lib/python3.7/site-packages/airflow/example_dags/example_short_circuit_operator.py for tasks to queue
[2023-11-12T20:04:37.084+0000] {logging_mixin.py:120} INFO - [2023-11-12T20:04:37.084+0000] {dagbag.py:537} INFO - Filling up the DagBag from /home/airflow/.local/lib/python3.7/site-packages/airflow/example_dags/example_short_circuit_operator.py
[2023-11-12T20:04:37.183+0000] {processor.py:766} INFO - DAG(s) dict_keys(['example_short_circuit_operator']) retrieved from /home/airflow/.local/lib/python3.7/site-packages/airflow/example_dags/example_short_circuit_operator.py
[2023-11-12T20:04:37.339+0000] {logging_mixin.py:120} INFO - [2023-11-12T20:04:37.338+0000] {dag.py:2585} INFO - Sync 1 DAGs
[2023-11-12T20:04:37.394+0000] {logging_mixin.py:120} INFO - [2023-11-12T20:04:37.393+0000] {dag.py:3340} INFO - Setting next_dagrun for example_short_circuit_operator to 2023-11-11T20:04:37.393679+00:00, run_after=2023-11-12T20:04:37.393679+00:00
[2023-11-12T20:04:37.441+0000] {processor.py:176} INFO - Processing /home/airflow/.local/lib/python3.7/site-packages/airflow/example_dags/example_short_circuit_operator.py took 0.390 seconds
[2023-11-12T20:05:08.344+0000] {processor.py:154} INFO - Started process (PID=793) to work on /home/airflow/.local/lib/python3.7/site-packages/airflow/example_dags/example_short_circuit_operator.py
[2023-11-12T20:05:08.345+0000] {processor.py:756} INFO - Processing file /home/airflow/.local/lib/python3.7/site-packages/airflow/example_dags/example_short_circuit_operator.py for tasks to queue
[2023-11-12T20:05:08.346+0000] {logging_mixin.py:120} INFO - [2023-11-12T20:05:08.345+0000] {dagbag.py:537} INFO - Filling up the DagBag from /home/airflow/.local/lib/python3.7/site-packages/airflow/example_dags/example_short_circuit_operator.py
[2023-11-12T20:05:08.366+0000] {processor.py:766} INFO - DAG(s) dict_keys(['example_short_circuit_operator']) retrieved from /home/airflow/.local/lib/python3.7/site-packages/airflow/example_dags/example_short_circuit_operator.py
[2023-11-12T20:05:08.416+0000] {logging_mixin.py:120} INFO - [2023-11-12T20:05:08.416+0000] {dag.py:2585} INFO - Sync 1 DAGs
[2023-11-12T20:05:08.447+0000] {logging_mixin.py:120} INFO - [2023-11-12T20:05:08.447+0000] {dag.py:3340} INFO - Setting next_dagrun for example_short_circuit_operator to 2023-11-11T20:05:08.447141+00:00, run_after=2023-11-12T20:05:08.447141+00:00
[2023-11-12T20:05:08.477+0000] {processor.py:176} INFO - Processing /home/airflow/.local/lib/python3.7/site-packages/airflow/example_dags/example_short_circuit_operator.py took 0.136 seconds
[2023-11-12T20:05:38.870+0000] {processor.py:154} INFO - Started process (PID=846) to work on /home/airflow/.local/lib/python3.7/site-packages/airflow/example_dags/example_short_circuit_operator.py
[2023-11-12T20:05:38.871+0000] {processor.py:756} INFO - Processing file /home/airflow/.local/lib/python3.7/site-packages/airflow/example_dags/example_short_circuit_operator.py for tasks to queue
[2023-11-12T20:05:38.872+0000] {logging_mixin.py:120} INFO - [2023-11-12T20:05:38.871+0000] {dagbag.py:537} INFO - Filling up the DagBag from /home/airflow/.local/lib/python3.7/site-packages/airflow/example_dags/example_short_circuit_operator.py
[2023-11-12T20:05:38.892+0000] {processor.py:766} INFO - DAG(s) dict_keys(['example_short_circuit_operator']) retrieved from /home/airflow/.local/lib/python3.7/site-packages/airflow/example_dags/example_short_circuit_operator.py
[2023-11-12T20:05:38.944+0000] {logging_mixin.py:120} INFO - [2023-11-12T20:05:38.944+0000] {dag.py:2585} INFO - Sync 1 DAGs
[2023-11-12T20:05:38.977+0000] {logging_mixin.py:120} INFO - [2023-11-12T20:05:38.977+0000] {dag.py:3340} INFO - Setting next_dagrun for example_short_circuit_operator to 2023-11-11T20:05:38.976837+00:00, run_after=2023-11-12T20:05:38.976837+00:00
[2023-11-12T20:05:39.005+0000] {processor.py:176} INFO - Processing /home/airflow/.local/lib/python3.7/site-packages/airflow/example_dags/example_short_circuit_operator.py took 0.138 seconds
[2023-11-12T20:06:10.031+0000] {processor.py:154} INFO - Started process (PID=908) to work on /home/airflow/.local/lib/python3.7/site-packages/airflow/example_dags/example_short_circuit_operator.py
[2023-11-12T20:06:10.032+0000] {processor.py:756} INFO - Processing file /home/airflow/.local/lib/python3.7/site-packages/airflow/example_dags/example_short_circuit_operator.py for tasks to queue
[2023-11-12T20:06:10.033+0000] {logging_mixin.py:120} INFO - [2023-11-12T20:06:10.033+0000] {dagbag.py:537} INFO - Filling up the DagBag from /home/airflow/.local/lib/python3.7/site-packages/airflow/example_dags/example_short_circuit_operator.py
[2023-11-12T20:06:10.069+0000] {processor.py:766} INFO - DAG(s) dict_keys(['example_short_circuit_operator']) retrieved from /home/airflow/.local/lib/python3.7/site-packages/airflow/example_dags/example_short_circuit_operator.py
[2023-11-12T20:06:10.225+0000] {logging_mixin.py:120} INFO - [2023-11-12T20:06:10.225+0000] {dag.py:2585} INFO - Sync 1 DAGs
[2023-11-12T20:06:10.275+0000] {logging_mixin.py:120} INFO - [2023-11-12T20:06:10.275+0000] {dag.py:3340} INFO - Setting next_dagrun for example_short_circuit_operator to 2023-11-11T20:06:10.275000+00:00, run_after=2023-11-12T20:06:10.275000+00:00
[2023-11-12T20:06:10.325+0000] {processor.py:176} INFO - Processing /home/airflow/.local/lib/python3.7/site-packages/airflow/example_dags/example_short_circuit_operator.py took 0.306 seconds
[2023-11-12T20:06:40.826+0000] {processor.py:154} INFO - Started process (PID=962) to work on /home/airflow/.local/lib/python3.7/site-packages/airflow/example_dags/example_short_circuit_operator.py
[2023-11-12T20:06:40.826+0000] {processor.py:756} INFO - Processing file /home/airflow/.local/lib/python3.7/site-packages/airflow/example_dags/example_short_circuit_operator.py for tasks to queue
[2023-11-12T20:06:40.827+0000] {logging_mixin.py:120} INFO - [2023-11-12T20:06:40.827+0000] {dagbag.py:537} INFO - Filling up the DagBag from /home/airflow/.local/lib/python3.7/site-packages/airflow/example_dags/example_short_circuit_operator.py
[2023-11-12T20:06:40.846+0000] {processor.py:766} INFO - DAG(s) dict_keys(['example_short_circuit_operator']) retrieved from /home/airflow/.local/lib/python3.7/site-packages/airflow/example_dags/example_short_circuit_operator.py
[2023-11-12T20:06:40.905+0000] {logging_mixin.py:120} INFO - [2023-11-12T20:06:40.905+0000] {dag.py:2585} INFO - Sync 1 DAGs
[2023-11-12T20:06:40.924+0000] {logging_mixin.py:120} INFO - [2023-11-12T20:06:40.924+0000] {dag.py:3340} INFO - Setting next_dagrun for example_short_circuit_operator to 2023-11-11T20:06:40.924301+00:00, run_after=2023-11-12T20:06:40.924301+00:00
[2023-11-12T20:06:40.961+0000] {processor.py:176} INFO - Processing /home/airflow/.local/lib/python3.7/site-packages/airflow/example_dags/example_short_circuit_operator.py took 0.138 seconds
[2023-11-12T20:07:11.284+0000] {processor.py:154} INFO - Started process (PID=1024) to work on /home/airflow/.local/lib/python3.7/site-packages/airflow/example_dags/example_short_circuit_operator.py
[2023-11-12T20:07:11.285+0000] {processor.py:756} INFO - Processing file /home/airflow/.local/lib/python3.7/site-packages/airflow/example_dags/example_short_circuit_operator.py for tasks to queue
[2023-11-12T20:07:11.286+0000] {logging_mixin.py:120} INFO - [2023-11-12T20:07:11.286+0000] {dagbag.py:537} INFO - Filling up the DagBag from /home/airflow/.local/lib/python3.7/site-packages/airflow/example_dags/example_short_circuit_operator.py
[2023-11-12T20:07:11.306+0000] {processor.py:766} INFO - DAG(s) dict_keys(['example_short_circuit_operator']) retrieved from /home/airflow/.local/lib/python3.7/site-packages/airflow/example_dags/example_short_circuit_operator.py
[2023-11-12T20:07:11.354+0000] {logging_mixin.py:120} INFO - [2023-11-12T20:07:11.353+0000] {dag.py:2585} INFO - Sync 1 DAGs
[2023-11-12T20:07:11.385+0000] {logging_mixin.py:120} INFO - [2023-11-12T20:07:11.385+0000] {dag.py:3340} INFO - Setting next_dagrun for example_short_circuit_operator to 2023-11-11T20:07:11.385224+00:00, run_after=2023-11-12T20:07:11.385224+00:00
[2023-11-12T20:07:11.416+0000] {processor.py:176} INFO - Processing /home/airflow/.local/lib/python3.7/site-packages/airflow/example_dags/example_short_circuit_operator.py took 0.135 seconds
[2023-11-12T20:07:41.614+0000] {processor.py:154} INFO - Started process (PID=1078) to work on /home/airflow/.local/lib/python3.7/site-packages/airflow/example_dags/example_short_circuit_operator.py
[2023-11-12T20:07:41.615+0000] {processor.py:756} INFO - Processing file /home/airflow/.local/lib/python3.7/site-packages/airflow/example_dags/example_short_circuit_operator.py for tasks to queue
[2023-11-12T20:07:41.616+0000] {logging_mixin.py:120} INFO - [2023-11-12T20:07:41.616+0000] {dagbag.py:537} INFO - Filling up the DagBag from /home/airflow/.local/lib/python3.7/site-packages/airflow/example_dags/example_short_circuit_operator.py
[2023-11-12T20:07:41.635+0000] {processor.py:766} INFO - DAG(s) dict_keys(['example_short_circuit_operator']) retrieved from /home/airflow/.local/lib/python3.7/site-packages/airflow/example_dags/example_short_circuit_operator.py
[2023-11-12T20:07:41.682+0000] {logging_mixin.py:120} INFO - [2023-11-12T20:07:41.682+0000] {dag.py:2585} INFO - Sync 1 DAGs
[2023-11-12T20:07:41.711+0000] {logging_mixin.py:120} INFO - [2023-11-12T20:07:41.711+0000] {dag.py:3340} INFO - Setting next_dagrun for example_short_circuit_operator to 2023-11-11T20:07:41.710770+00:00, run_after=2023-11-12T20:07:41.710770+00:00
[2023-11-12T20:07:41.738+0000] {processor.py:176} INFO - Processing /home/airflow/.local/lib/python3.7/site-packages/airflow/example_dags/example_short_circuit_operator.py took 0.127 seconds
[2023-11-12T20:08:13.010+0000] {processor.py:154} INFO - Started process (PID=1140) to work on /home/airflow/.local/lib/python3.7/site-packages/airflow/example_dags/example_short_circuit_operator.py
[2023-11-12T20:08:13.011+0000] {processor.py:756} INFO - Processing file /home/airflow/.local/lib/python3.7/site-packages/airflow/example_dags/example_short_circuit_operator.py for tasks to queue
[2023-11-12T20:08:13.012+0000] {logging_mixin.py:120} INFO - [2023-11-12T20:08:13.011+0000] {dagbag.py:537} INFO - Filling up the DagBag from /home/airflow/.local/lib/python3.7/site-packages/airflow/example_dags/example_short_circuit_operator.py
[2023-11-12T20:08:13.032+0000] {processor.py:766} INFO - DAG(s) dict_keys(['example_short_circuit_operator']) retrieved from /home/airflow/.local/lib/python3.7/site-packages/airflow/example_dags/example_short_circuit_operator.py
[2023-11-12T20:08:13.082+0000] {logging_mixin.py:120} INFO - [2023-11-12T20:08:13.081+0000] {dag.py:2585} INFO - Sync 1 DAGs
[2023-11-12T20:08:13.114+0000] {logging_mixin.py:120} INFO - [2023-11-12T20:08:13.114+0000] {dag.py:3340} INFO - Setting next_dagrun for example_short_circuit_operator to 2023-11-11T20:08:13.114043+00:00, run_after=2023-11-12T20:08:13.114043+00:00
[2023-11-12T20:08:13.146+0000] {processor.py:176} INFO - Processing /home/airflow/.local/lib/python3.7/site-packages/airflow/example_dags/example_short_circuit_operator.py took 0.139 seconds
[2023-11-12T20:08:43.416+0000] {processor.py:154} INFO - Started process (PID=1194) to work on /home/airflow/.local/lib/python3.7/site-packages/airflow/example_dags/example_short_circuit_operator.py
[2023-11-12T20:08:43.417+0000] {processor.py:756} INFO - Processing file /home/airflow/.local/lib/python3.7/site-packages/airflow/example_dags/example_short_circuit_operator.py for tasks to queue
[2023-11-12T20:08:43.417+0000] {logging_mixin.py:120} INFO - [2023-11-12T20:08:43.417+0000] {dagbag.py:537} INFO - Filling up the DagBag from /home/airflow/.local/lib/python3.7/site-packages/airflow/example_dags/example_short_circuit_operator.py
[2023-11-12T20:08:43.437+0000] {processor.py:766} INFO - DAG(s) dict_keys(['example_short_circuit_operator']) retrieved from /home/airflow/.local/lib/python3.7/site-packages/airflow/example_dags/example_short_circuit_operator.py
[2023-11-12T20:08:43.486+0000] {logging_mixin.py:120} INFO - [2023-11-12T20:08:43.486+0000] {dag.py:2585} INFO - Sync 1 DAGs
[2023-11-12T20:08:43.514+0000] {logging_mixin.py:120} INFO - [2023-11-12T20:08:43.514+0000] {dag.py:3340} INFO - Setting next_dagrun for example_short_circuit_operator to 2023-11-11T20:08:43.513831+00:00, run_after=2023-11-12T20:08:43.513831+00:00
[2023-11-12T20:08:43.549+0000] {processor.py:176} INFO - Processing /home/airflow/.local/lib/python3.7/site-packages/airflow/example_dags/example_short_circuit_operator.py took 0.137 seconds
[2023-11-12T20:09:16.082+0000] {processor.py:154} INFO - Started process (PID=1256) to work on /home/airflow/.local/lib/python3.7/site-packages/airflow/example_dags/example_short_circuit_operator.py
[2023-11-12T20:09:16.082+0000] {processor.py:756} INFO - Processing file /home/airflow/.local/lib/python3.7/site-packages/airflow/example_dags/example_short_circuit_operator.py for tasks to queue
[2023-11-12T20:09:16.083+0000] {logging_mixin.py:120} INFO - [2023-11-12T20:09:16.083+0000] {dagbag.py:537} INFO - Filling up the DagBag from /home/airflow/.local/lib/python3.7/site-packages/airflow/example_dags/example_short_circuit_operator.py
[2023-11-12T20:09:16.103+0000] {processor.py:766} INFO - DAG(s) dict_keys(['example_short_circuit_operator']) retrieved from /home/airflow/.local/lib/python3.7/site-packages/airflow/example_dags/example_short_circuit_operator.py
[2023-11-12T20:09:16.170+0000] {logging_mixin.py:120} INFO - [2023-11-12T20:09:16.170+0000] {dag.py:2585} INFO - Sync 1 DAGs
[2023-11-12T20:09:16.231+0000] {logging_mixin.py:120} INFO - [2023-11-12T20:09:16.231+0000] {dag.py:3340} INFO - Setting next_dagrun for example_short_circuit_operator to 2023-11-11T20:09:16.231264+00:00, run_after=2023-11-12T20:09:16.231264+00:00
[2023-11-12T20:09:16.275+0000] {processor.py:176} INFO - Processing /home/airflow/.local/lib/python3.7/site-packages/airflow/example_dags/example_short_circuit_operator.py took 0.197 seconds
[2023-11-12T20:09:46.388+0000] {processor.py:154} INFO - Started process (PID=1309) to work on /home/airflow/.local/lib/python3.7/site-packages/airflow/example_dags/example_short_circuit_operator.py
[2023-11-12T20:09:46.388+0000] {processor.py:756} INFO - Processing file /home/airflow/.local/lib/python3.7/site-packages/airflow/example_dags/example_short_circuit_operator.py for tasks to queue
[2023-11-12T20:09:46.389+0000] {logging_mixin.py:120} INFO - [2023-11-12T20:09:46.389+0000] {dagbag.py:537} INFO - Filling up the DagBag from /home/airflow/.local/lib/python3.7/site-packages/airflow/example_dags/example_short_circuit_operator.py
[2023-11-12T20:09:46.415+0000] {processor.py:766} INFO - DAG(s) dict_keys(['example_short_circuit_operator']) retrieved from /home/airflow/.local/lib/python3.7/site-packages/airflow/example_dags/example_short_circuit_operator.py
[2023-11-12T20:09:46.471+0000] {logging_mixin.py:120} INFO - [2023-11-12T20:09:46.471+0000] {dag.py:2585} INFO - Sync 1 DAGs
[2023-11-12T20:09:46.501+0000] {logging_mixin.py:120} INFO - [2023-11-12T20:09:46.501+0000] {dag.py:3340} INFO - Setting next_dagrun for example_short_circuit_operator to 2023-11-11T20:09:46.501595+00:00, run_after=2023-11-12T20:09:46.501595+00:00
[2023-11-12T20:09:46.529+0000] {processor.py:176} INFO - Processing /home/airflow/.local/lib/python3.7/site-packages/airflow/example_dags/example_short_circuit_operator.py took 0.145 seconds
[2023-11-12T20:10:20.798+0000] {processor.py:154} INFO - Started process (PID=1369) to work on /home/airflow/.local/lib/python3.7/site-packages/airflow/example_dags/example_short_circuit_operator.py
[2023-11-12T20:10:20.804+0000] {processor.py:756} INFO - Processing file /home/airflow/.local/lib/python3.7/site-packages/airflow/example_dags/example_short_circuit_operator.py for tasks to queue
[2023-11-12T20:10:20.806+0000] {logging_mixin.py:120} INFO - [2023-11-12T20:10:20.806+0000] {dagbag.py:537} INFO - Filling up the DagBag from /home/airflow/.local/lib/python3.7/site-packages/airflow/example_dags/example_short_circuit_operator.py
[2023-11-12T20:10:20.898+0000] {processor.py:766} INFO - DAG(s) dict_keys(['example_short_circuit_operator']) retrieved from /home/airflow/.local/lib/python3.7/site-packages/airflow/example_dags/example_short_circuit_operator.py
[2023-11-12T20:10:21.100+0000] {logging_mixin.py:120} INFO - [2023-11-12T20:10:21.099+0000] {dag.py:2585} INFO - Sync 1 DAGs
[2023-11-12T20:10:21.254+0000] {logging_mixin.py:120} INFO - [2023-11-12T20:10:21.253+0000] {dag.py:3340} INFO - Setting next_dagrun for example_short_circuit_operator to 2023-11-11T20:10:21.253623+00:00, run_after=2023-11-12T20:10:21.253623+00:00
[2023-11-12T20:10:21.297+0000] {processor.py:176} INFO - Processing /home/airflow/.local/lib/python3.7/site-packages/airflow/example_dags/example_short_circuit_operator.py took 0.511 seconds
[2023-11-12T20:10:51.838+0000] {processor.py:154} INFO - Started process (PID=1423) to work on /home/airflow/.local/lib/python3.7/site-packages/airflow/example_dags/example_short_circuit_operator.py
[2023-11-12T20:10:51.840+0000] {processor.py:756} INFO - Processing file /home/airflow/.local/lib/python3.7/site-packages/airflow/example_dags/example_short_circuit_operator.py for tasks to queue
[2023-11-12T20:10:51.841+0000] {logging_mixin.py:120} INFO - [2023-11-12T20:10:51.841+0000] {dagbag.py:537} INFO - Filling up the DagBag from /home/airflow/.local/lib/python3.7/site-packages/airflow/example_dags/example_short_circuit_operator.py
[2023-11-12T20:10:51.862+0000] {processor.py:766} INFO - DAG(s) dict_keys(['example_short_circuit_operator']) retrieved from /home/airflow/.local/lib/python3.7/site-packages/airflow/example_dags/example_short_circuit_operator.py
[2023-11-12T20:10:51.918+0000] {logging_mixin.py:120} INFO - [2023-11-12T20:10:51.918+0000] {dag.py:2585} INFO - Sync 1 DAGs
[2023-11-12T20:10:51.938+0000] {logging_mixin.py:120} INFO - [2023-11-12T20:10:51.938+0000] {dag.py:3340} INFO - Setting next_dagrun for example_short_circuit_operator to 2023-11-11T20:10:51.938097+00:00, run_after=2023-11-12T20:10:51.938097+00:00
[2023-11-12T20:10:51.959+0000] {processor.py:176} INFO - Processing /home/airflow/.local/lib/python3.7/site-packages/airflow/example_dags/example_short_circuit_operator.py took 0.129 seconds
[2023-11-12T20:11:22.392+0000] {processor.py:154} INFO - Started process (PID=1476) to work on /home/airflow/.local/lib/python3.7/site-packages/airflow/example_dags/example_short_circuit_operator.py
[2023-11-12T20:11:22.405+0000] {processor.py:756} INFO - Processing file /home/airflow/.local/lib/python3.7/site-packages/airflow/example_dags/example_short_circuit_operator.py for tasks to queue
[2023-11-12T20:11:22.407+0000] {logging_mixin.py:120} INFO - [2023-11-12T20:11:22.407+0000] {dagbag.py:537} INFO - Filling up the DagBag from /home/airflow/.local/lib/python3.7/site-packages/airflow/example_dags/example_short_circuit_operator.py
[2023-11-12T20:11:22.501+0000] {processor.py:766} INFO - DAG(s) dict_keys(['example_short_circuit_operator']) retrieved from /home/airflow/.local/lib/python3.7/site-packages/airflow/example_dags/example_short_circuit_operator.py
[2023-11-12T20:11:22.649+0000] {logging_mixin.py:120} INFO - [2023-11-12T20:11:22.649+0000] {dag.py:2585} INFO - Sync 1 DAGs
[2023-11-12T20:11:22.693+0000] {logging_mixin.py:120} INFO - [2023-11-12T20:11:22.693+0000] {dag.py:3340} INFO - Setting next_dagrun for example_short_circuit_operator to 2023-11-11T20:11:22.693446+00:00, run_after=2023-11-12T20:11:22.693446+00:00
[2023-11-12T20:11:22.737+0000] {processor.py:176} INFO - Processing /home/airflow/.local/lib/python3.7/site-packages/airflow/example_dags/example_short_circuit_operator.py took 0.349 seconds
[2023-11-12T20:11:53.432+0000] {processor.py:154} INFO - Started process (PID=1538) to work on /home/airflow/.local/lib/python3.7/site-packages/airflow/example_dags/example_short_circuit_operator.py
[2023-11-12T20:11:53.441+0000] {processor.py:756} INFO - Processing file /home/airflow/.local/lib/python3.7/site-packages/airflow/example_dags/example_short_circuit_operator.py for tasks to queue
[2023-11-12T20:11:53.442+0000] {logging_mixin.py:120} INFO - [2023-11-12T20:11:53.442+0000] {dagbag.py:537} INFO - Filling up the DagBag from /home/airflow/.local/lib/python3.7/site-packages/airflow/example_dags/example_short_circuit_operator.py
[2023-11-12T20:11:53.492+0000] {processor.py:766} INFO - DAG(s) dict_keys(['example_short_circuit_operator']) retrieved from /home/airflow/.local/lib/python3.7/site-packages/airflow/example_dags/example_short_circuit_operator.py
[2023-11-12T20:11:53.580+0000] {logging_mixin.py:120} INFO - [2023-11-12T20:11:53.580+0000] {dag.py:2585} INFO - Sync 1 DAGs
[2023-11-12T20:11:53.628+0000] {logging_mixin.py:120} INFO - [2023-11-12T20:11:53.628+0000] {dag.py:3340} INFO - Setting next_dagrun for example_short_circuit_operator to 2023-11-11T20:11:53.628273+00:00, run_after=2023-11-12T20:11:53.628273+00:00
[2023-11-12T20:11:53.669+0000] {processor.py:176} INFO - Processing /home/airflow/.local/lib/python3.7/site-packages/airflow/example_dags/example_short_circuit_operator.py took 0.240 seconds
[2023-11-12T20:12:24.611+0000] {processor.py:154} INFO - Started process (PID=1601) to work on /home/airflow/.local/lib/python3.7/site-packages/airflow/example_dags/example_short_circuit_operator.py
[2023-11-12T20:12:24.619+0000] {processor.py:756} INFO - Processing file /home/airflow/.local/lib/python3.7/site-packages/airflow/example_dags/example_short_circuit_operator.py for tasks to queue
[2023-11-12T20:12:24.621+0000] {logging_mixin.py:120} INFO - [2023-11-12T20:12:24.621+0000] {dagbag.py:537} INFO - Filling up the DagBag from /home/airflow/.local/lib/python3.7/site-packages/airflow/example_dags/example_short_circuit_operator.py
[2023-11-12T20:12:24.666+0000] {processor.py:766} INFO - DAG(s) dict_keys(['example_short_circuit_operator']) retrieved from /home/airflow/.local/lib/python3.7/site-packages/airflow/example_dags/example_short_circuit_operator.py
[2023-11-12T20:12:24.810+0000] {logging_mixin.py:120} INFO - [2023-11-12T20:12:24.810+0000] {dag.py:2585} INFO - Sync 1 DAGs
[2023-11-12T20:12:24.877+0000] {logging_mixin.py:120} INFO - [2023-11-12T20:12:24.877+0000] {dag.py:3340} INFO - Setting next_dagrun for example_short_circuit_operator to 2023-11-11T20:12:24.877073+00:00, run_after=2023-11-12T20:12:24.877073+00:00
[2023-11-12T20:12:24.917+0000] {processor.py:176} INFO - Processing /home/airflow/.local/lib/python3.7/site-packages/airflow/example_dags/example_short_circuit_operator.py took 0.317 seconds
[2023-11-12T20:12:55.333+0000] {processor.py:154} INFO - Started process (PID=1655) to work on /home/airflow/.local/lib/python3.7/site-packages/airflow/example_dags/example_short_circuit_operator.py
[2023-11-12T20:12:55.334+0000] {processor.py:756} INFO - Processing file /home/airflow/.local/lib/python3.7/site-packages/airflow/example_dags/example_short_circuit_operator.py for tasks to queue
[2023-11-12T20:12:55.335+0000] {logging_mixin.py:120} INFO - [2023-11-12T20:12:55.335+0000] {dagbag.py:537} INFO - Filling up the DagBag from /home/airflow/.local/lib/python3.7/site-packages/airflow/example_dags/example_short_circuit_operator.py
[2023-11-12T20:12:55.356+0000] {processor.py:766} INFO - DAG(s) dict_keys(['example_short_circuit_operator']) retrieved from /home/airflow/.local/lib/python3.7/site-packages/airflow/example_dags/example_short_circuit_operator.py
[2023-11-12T20:12:55.407+0000] {logging_mixin.py:120} INFO - [2023-11-12T20:12:55.407+0000] {dag.py:2585} INFO - Sync 1 DAGs
[2023-11-12T20:12:55.439+0000] {logging_mixin.py:120} INFO - [2023-11-12T20:12:55.439+0000] {dag.py:3340} INFO - Setting next_dagrun for example_short_circuit_operator to 2023-11-11T20:12:55.439362+00:00, run_after=2023-11-12T20:12:55.439362+00:00
[2023-11-12T20:12:55.468+0000] {processor.py:176} INFO - Processing /home/airflow/.local/lib/python3.7/site-packages/airflow/example_dags/example_short_circuit_operator.py took 0.139 seconds
[2023-11-12T20:13:26.195+0000] {processor.py:154} INFO - Started process (PID=1717) to work on /home/airflow/.local/lib/python3.7/site-packages/airflow/example_dags/example_short_circuit_operator.py
[2023-11-12T20:13:26.197+0000] {processor.py:756} INFO - Processing file /home/airflow/.local/lib/python3.7/site-packages/airflow/example_dags/example_short_circuit_operator.py for tasks to queue
[2023-11-12T20:13:26.198+0000] {logging_mixin.py:120} INFO - [2023-11-12T20:13:26.197+0000] {dagbag.py:537} INFO - Filling up the DagBag from /home/airflow/.local/lib/python3.7/site-packages/airflow/example_dags/example_short_circuit_operator.py
[2023-11-12T20:13:26.226+0000] {processor.py:766} INFO - DAG(s) dict_keys(['example_short_circuit_operator']) retrieved from /home/airflow/.local/lib/python3.7/site-packages/airflow/example_dags/example_short_circuit_operator.py
[2023-11-12T20:13:26.289+0000] {logging_mixin.py:120} INFO - [2023-11-12T20:13:26.289+0000] {dag.py:2585} INFO - Sync 1 DAGs
[2023-11-12T20:13:26.324+0000] {logging_mixin.py:120} INFO - [2023-11-12T20:13:26.324+0000] {dag.py:3340} INFO - Setting next_dagrun for example_short_circuit_operator to 2023-11-11T20:13:26.324312+00:00, run_after=2023-11-12T20:13:26.324312+00:00
[2023-11-12T20:13:26.353+0000] {processor.py:176} INFO - Processing /home/airflow/.local/lib/python3.7/site-packages/airflow/example_dags/example_short_circuit_operator.py took 0.162 seconds
[2023-11-12T20:13:57.811+0000] {processor.py:154} INFO - Started process (PID=1777) to work on /home/airflow/.local/lib/python3.7/site-packages/airflow/example_dags/example_short_circuit_operator.py
[2023-11-12T20:13:57.816+0000] {processor.py:756} INFO - Processing file /home/airflow/.local/lib/python3.7/site-packages/airflow/example_dags/example_short_circuit_operator.py for tasks to queue
[2023-11-12T20:13:57.817+0000] {logging_mixin.py:120} INFO - [2023-11-12T20:13:57.817+0000] {dagbag.py:537} INFO - Filling up the DagBag from /home/airflow/.local/lib/python3.7/site-packages/airflow/example_dags/example_short_circuit_operator.py
[2023-11-12T20:13:57.861+0000] {processor.py:766} INFO - DAG(s) dict_keys(['example_short_circuit_operator']) retrieved from /home/airflow/.local/lib/python3.7/site-packages/airflow/example_dags/example_short_circuit_operator.py
[2023-11-12T20:13:57.941+0000] {logging_mixin.py:120} INFO - [2023-11-12T20:13:57.941+0000] {dag.py:2585} INFO - Sync 1 DAGs
[2023-11-12T20:13:57.973+0000] {logging_mixin.py:120} INFO - [2023-11-12T20:13:57.973+0000] {dag.py:3340} INFO - Setting next_dagrun for example_short_circuit_operator to 2023-11-11T20:13:57.973204+00:00, run_after=2023-11-12T20:13:57.973204+00:00
[2023-11-12T20:13:58.009+0000] {processor.py:176} INFO - Processing /home/airflow/.local/lib/python3.7/site-packages/airflow/example_dags/example_short_circuit_operator.py took 0.201 seconds
[2023-11-12T20:14:28.647+0000] {processor.py:154} INFO - Started process (PID=1834) to work on /home/airflow/.local/lib/python3.7/site-packages/airflow/example_dags/example_short_circuit_operator.py
[2023-11-12T20:14:28.657+0000] {processor.py:756} INFO - Processing file /home/airflow/.local/lib/python3.7/site-packages/airflow/example_dags/example_short_circuit_operator.py for tasks to queue
[2023-11-12T20:14:28.658+0000] {logging_mixin.py:120} INFO - [2023-11-12T20:14:28.658+0000] {dagbag.py:537} INFO - Filling up the DagBag from /home/airflow/.local/lib/python3.7/site-packages/airflow/example_dags/example_short_circuit_operator.py
[2023-11-12T20:14:28.701+0000] {processor.py:766} INFO - DAG(s) dict_keys(['example_short_circuit_operator']) retrieved from /home/airflow/.local/lib/python3.7/site-packages/airflow/example_dags/example_short_circuit_operator.py
[2023-11-12T20:14:28.768+0000] {logging_mixin.py:120} INFO - [2023-11-12T20:14:28.768+0000] {dag.py:2585} INFO - Sync 1 DAGs
[2023-11-12T20:14:28.802+0000] {logging_mixin.py:120} INFO - [2023-11-12T20:14:28.802+0000] {dag.py:3340} INFO - Setting next_dagrun for example_short_circuit_operator to 2023-11-11T20:14:28.801845+00:00, run_after=2023-11-12T20:14:28.801845+00:00
[2023-11-12T20:14:28.830+0000] {processor.py:176} INFO - Processing /home/airflow/.local/lib/python3.7/site-packages/airflow/example_dags/example_short_circuit_operator.py took 0.186 seconds
[2023-11-12T20:14:59.362+0000] {processor.py:154} INFO - Started process (PID=1888) to work on /home/airflow/.local/lib/python3.7/site-packages/airflow/example_dags/example_short_circuit_operator.py
[2023-11-12T20:14:59.373+0000] {processor.py:756} INFO - Processing file /home/airflow/.local/lib/python3.7/site-packages/airflow/example_dags/example_short_circuit_operator.py for tasks to queue
[2023-11-12T20:14:59.381+0000] {logging_mixin.py:120} INFO - [2023-11-12T20:14:59.380+0000] {dagbag.py:537} INFO - Filling up the DagBag from /home/airflow/.local/lib/python3.7/site-packages/airflow/example_dags/example_short_circuit_operator.py
[2023-11-12T20:14:59.423+0000] {processor.py:766} INFO - DAG(s) dict_keys(['example_short_circuit_operator']) retrieved from /home/airflow/.local/lib/python3.7/site-packages/airflow/example_dags/example_short_circuit_operator.py
[2023-11-12T20:14:59.538+0000] {logging_mixin.py:120} INFO - [2023-11-12T20:14:59.538+0000] {dag.py:2585} INFO - Sync 1 DAGs
[2023-11-12T20:14:59.632+0000] {logging_mixin.py:120} INFO - [2023-11-12T20:14:59.632+0000] {dag.py:3340} INFO - Setting next_dagrun for example_short_circuit_operator to 2023-11-11T20:14:59.632360+00:00, run_after=2023-11-12T20:14:59.632360+00:00
[2023-11-12T20:14:59.662+0000] {processor.py:176} INFO - Processing /home/airflow/.local/lib/python3.7/site-packages/airflow/example_dags/example_short_circuit_operator.py took 0.303 seconds
[2023-11-12T20:15:30.513+0000] {processor.py:154} INFO - Started process (PID=1951) to work on /home/airflow/.local/lib/python3.7/site-packages/airflow/example_dags/example_short_circuit_operator.py
[2023-11-12T20:15:30.524+0000] {processor.py:756} INFO - Processing file /home/airflow/.local/lib/python3.7/site-packages/airflow/example_dags/example_short_circuit_operator.py for tasks to queue
[2023-11-12T20:15:30.526+0000] {logging_mixin.py:120} INFO - [2023-11-12T20:15:30.525+0000] {dagbag.py:537} INFO - Filling up the DagBag from /home/airflow/.local/lib/python3.7/site-packages/airflow/example_dags/example_short_circuit_operator.py
[2023-11-12T20:15:30.576+0000] {processor.py:766} INFO - DAG(s) dict_keys(['example_short_circuit_operator']) retrieved from /home/airflow/.local/lib/python3.7/site-packages/airflow/example_dags/example_short_circuit_operator.py
[2023-11-12T20:15:30.759+0000] {logging_mixin.py:120} INFO - [2023-11-12T20:15:30.759+0000] {dag.py:2585} INFO - Sync 1 DAGs
[2023-11-12T20:15:30.934+0000] {logging_mixin.py:120} INFO - [2023-11-12T20:15:30.933+0000] {dag.py:3340} INFO - Setting next_dagrun for example_short_circuit_operator to 2023-11-11T20:15:30.933658+00:00, run_after=2023-11-12T20:15:30.933658+00:00
[2023-11-12T20:15:31.003+0000] {processor.py:176} INFO - Processing /home/airflow/.local/lib/python3.7/site-packages/airflow/example_dags/example_short_circuit_operator.py took 0.493 seconds
[2023-11-12T20:16:01.879+0000] {processor.py:154} INFO - Started process (PID=2016) to work on /home/airflow/.local/lib/python3.7/site-packages/airflow/example_dags/example_short_circuit_operator.py
[2023-11-12T20:16:01.880+0000] {processor.py:756} INFO - Processing file /home/airflow/.local/lib/python3.7/site-packages/airflow/example_dags/example_short_circuit_operator.py for tasks to queue
[2023-11-12T20:16:01.881+0000] {logging_mixin.py:120} INFO - [2023-11-12T20:16:01.881+0000] {dagbag.py:537} INFO - Filling up the DagBag from /home/airflow/.local/lib/python3.7/site-packages/airflow/example_dags/example_short_circuit_operator.py
[2023-11-12T20:16:01.900+0000] {processor.py:766} INFO - DAG(s) dict_keys(['example_short_circuit_operator']) retrieved from /home/airflow/.local/lib/python3.7/site-packages/airflow/example_dags/example_short_circuit_operator.py
[2023-11-12T20:16:01.960+0000] {logging_mixin.py:120} INFO - [2023-11-12T20:16:01.960+0000] {dag.py:2585} INFO - Sync 1 DAGs
[2023-11-12T20:16:01.990+0000] {logging_mixin.py:120} INFO - [2023-11-12T20:16:01.990+0000] {dag.py:3340} INFO - Setting next_dagrun for example_short_circuit_operator to 2023-11-11T20:16:01.990386+00:00, run_after=2023-11-12T20:16:01.990386+00:00
[2023-11-12T20:16:02.021+0000] {processor.py:176} INFO - Processing /home/airflow/.local/lib/python3.7/site-packages/airflow/example_dags/example_short_circuit_operator.py took 0.146 seconds
[2023-11-12T20:16:32.286+0000] {processor.py:154} INFO - Started process (PID=2069) to work on /home/airflow/.local/lib/python3.7/site-packages/airflow/example_dags/example_short_circuit_operator.py
[2023-11-12T20:16:32.287+0000] {processor.py:756} INFO - Processing file /home/airflow/.local/lib/python3.7/site-packages/airflow/example_dags/example_short_circuit_operator.py for tasks to queue
[2023-11-12T20:16:32.288+0000] {logging_mixin.py:120} INFO - [2023-11-12T20:16:32.288+0000] {dagbag.py:537} INFO - Filling up the DagBag from /home/airflow/.local/lib/python3.7/site-packages/airflow/example_dags/example_short_circuit_operator.py
[2023-11-12T20:16:32.316+0000] {processor.py:766} INFO - DAG(s) dict_keys(['example_short_circuit_operator']) retrieved from /home/airflow/.local/lib/python3.7/site-packages/airflow/example_dags/example_short_circuit_operator.py
[2023-11-12T20:16:32.406+0000] {logging_mixin.py:120} INFO - [2023-11-12T20:16:32.406+0000] {dag.py:2585} INFO - Sync 1 DAGs
[2023-11-12T20:16:32.445+0000] {logging_mixin.py:120} INFO - [2023-11-12T20:16:32.445+0000] {dag.py:3340} INFO - Setting next_dagrun for example_short_circuit_operator to 2023-11-11T20:16:32.445019+00:00, run_after=2023-11-12T20:16:32.445019+00:00
[2023-11-12T20:16:32.474+0000] {processor.py:176} INFO - Processing /home/airflow/.local/lib/python3.7/site-packages/airflow/example_dags/example_short_circuit_operator.py took 0.191 seconds
[2023-11-12T20:17:02.775+0000] {processor.py:154} INFO - Started process (PID=2131) to work on /home/airflow/.local/lib/python3.7/site-packages/airflow/example_dags/example_short_circuit_operator.py
[2023-11-12T20:17:02.783+0000] {processor.py:756} INFO - Processing file /home/airflow/.local/lib/python3.7/site-packages/airflow/example_dags/example_short_circuit_operator.py for tasks to queue
[2023-11-12T20:17:02.784+0000] {logging_mixin.py:120} INFO - [2023-11-12T20:17:02.784+0000] {dagbag.py:537} INFO - Filling up the DagBag from /home/airflow/.local/lib/python3.7/site-packages/airflow/example_dags/example_short_circuit_operator.py
[2023-11-12T20:17:02.825+0000] {processor.py:766} INFO - DAG(s) dict_keys(['example_short_circuit_operator']) retrieved from /home/airflow/.local/lib/python3.7/site-packages/airflow/example_dags/example_short_circuit_operator.py
[2023-11-12T20:17:02.994+0000] {logging_mixin.py:120} INFO - [2023-11-12T20:17:02.994+0000] {dag.py:2585} INFO - Sync 1 DAGs
[2023-11-12T20:17:03.081+0000] {logging_mixin.py:120} INFO - [2023-11-12T20:17:03.080+0000] {dag.py:3340} INFO - Setting next_dagrun for example_short_circuit_operator to 2023-11-11T20:17:03.080698+00:00, run_after=2023-11-12T20:17:03.080698+00:00
[2023-11-12T20:17:03.142+0000] {processor.py:176} INFO - Processing /home/airflow/.local/lib/python3.7/site-packages/airflow/example_dags/example_short_circuit_operator.py took 0.370 seconds
[2023-11-12T20:17:33.915+0000] {processor.py:154} INFO - Started process (PID=2194) to work on /home/airflow/.local/lib/python3.7/site-packages/airflow/example_dags/example_short_circuit_operator.py
[2023-11-12T20:17:33.920+0000] {processor.py:756} INFO - Processing file /home/airflow/.local/lib/python3.7/site-packages/airflow/example_dags/example_short_circuit_operator.py for tasks to queue
[2023-11-12T20:17:33.921+0000] {logging_mixin.py:120} INFO - [2023-11-12T20:17:33.921+0000] {dagbag.py:537} INFO - Filling up the DagBag from /home/airflow/.local/lib/python3.7/site-packages/airflow/example_dags/example_short_circuit_operator.py
[2023-11-12T20:17:34.004+0000] {processor.py:766} INFO - DAG(s) dict_keys(['example_short_circuit_operator']) retrieved from /home/airflow/.local/lib/python3.7/site-packages/airflow/example_dags/example_short_circuit_operator.py
[2023-11-12T20:17:34.152+0000] {logging_mixin.py:120} INFO - [2023-11-12T20:17:34.152+0000] {dag.py:2585} INFO - Sync 1 DAGs
[2023-11-12T20:17:34.247+0000] {logging_mixin.py:120} INFO - [2023-11-12T20:17:34.247+0000] {dag.py:3340} INFO - Setting next_dagrun for example_short_circuit_operator to 2023-11-11T20:17:34.246783+00:00, run_after=2023-11-12T20:17:34.246783+00:00
[2023-11-12T20:17:34.390+0000] {processor.py:176} INFO - Processing /home/airflow/.local/lib/python3.7/site-packages/airflow/example_dags/example_short_circuit_operator.py took 0.494 seconds
[2023-11-12T20:18:04.845+0000] {processor.py:154} INFO - Started process (PID=2248) to work on /home/airflow/.local/lib/python3.7/site-packages/airflow/example_dags/example_short_circuit_operator.py
[2023-11-12T20:18:04.846+0000] {processor.py:756} INFO - Processing file /home/airflow/.local/lib/python3.7/site-packages/airflow/example_dags/example_short_circuit_operator.py for tasks to queue
[2023-11-12T20:18:04.846+0000] {logging_mixin.py:120} INFO - [2023-11-12T20:18:04.846+0000] {dagbag.py:537} INFO - Filling up the DagBag from /home/airflow/.local/lib/python3.7/site-packages/airflow/example_dags/example_short_circuit_operator.py
[2023-11-12T20:18:04.867+0000] {processor.py:766} INFO - DAG(s) dict_keys(['example_short_circuit_operator']) retrieved from /home/airflow/.local/lib/python3.7/site-packages/airflow/example_dags/example_short_circuit_operator.py
[2023-11-12T20:18:04.920+0000] {logging_mixin.py:120} INFO - [2023-11-12T20:18:04.920+0000] {dag.py:2585} INFO - Sync 1 DAGs
[2023-11-12T20:18:04.954+0000] {logging_mixin.py:120} INFO - [2023-11-12T20:18:04.954+0000] {dag.py:3340} INFO - Setting next_dagrun for example_short_circuit_operator to 2023-11-11T20:18:04.954487+00:00, run_after=2023-11-12T20:18:04.954487+00:00
[2023-11-12T20:18:04.982+0000] {processor.py:176} INFO - Processing /home/airflow/.local/lib/python3.7/site-packages/airflow/example_dags/example_short_circuit_operator.py took 0.141 seconds
