[2023-11-12T19:53:20.401+0000] {processor.py:154} INFO - Started process (PID=84) to work on /home/airflow/.local/lib/python3.7/site-packages/airflow/example_dags/example_complex.py
[2023-11-12T19:53:20.413+0000] {processor.py:756} INFO - Processing file /home/airflow/.local/lib/python3.7/site-packages/airflow/example_dags/example_complex.py for tasks to queue
[2023-11-12T19:53:20.416+0000] {logging_mixin.py:120} INFO - [2023-11-12T19:53:20.413+0000] {dagbag.py:537} INFO - Filling up the DagBag from /home/airflow/.local/lib/python3.7/site-packages/airflow/example_dags/example_complex.py
[2023-11-12T19:53:20.481+0000] {logging_mixin.py:120} INFO - [2023-11-12T19:53:20.480+0000] {taskmixin.py:205} WARNING - Dependency <Task(BashOperator): create_entry_group>, delete_entry_group already registered for DAG: example_complex
[2023-11-12T19:53:20.481+0000] {logging_mixin.py:120} INFO - [2023-11-12T19:53:20.481+0000] {taskmixin.py:205} WARNING - Dependency <Task(BashOperator): delete_entry_group>, create_entry_group already registered for DAG: example_complex
[2023-11-12T19:53:20.481+0000] {logging_mixin.py:120} INFO - [2023-11-12T19:53:20.481+0000] {taskmixin.py:205} WARNING - Dependency <Task(BashOperator): create_entry_gcs>, delete_entry already registered for DAG: example_complex
[2023-11-12T19:53:20.481+0000] {logging_mixin.py:120} INFO - [2023-11-12T19:53:20.481+0000] {taskmixin.py:205} WARNING - Dependency <Task(BashOperator): delete_entry>, create_entry_gcs already registered for DAG: example_complex
[2023-11-12T19:53:20.482+0000] {logging_mixin.py:120} INFO - [2023-11-12T19:53:20.482+0000] {taskmixin.py:205} WARNING - Dependency <Task(BashOperator): create_tag>, delete_tag already registered for DAG: example_complex
[2023-11-12T19:53:20.490+0000] {logging_mixin.py:120} INFO - [2023-11-12T19:53:20.482+0000] {taskmixin.py:205} WARNING - Dependency <Task(BashOperator): delete_tag>, create_tag already registered for DAG: example_complex
[2023-11-12T19:53:20.523+0000] {processor.py:766} INFO - DAG(s) dict_keys(['example_complex']) retrieved from /home/airflow/.local/lib/python3.7/site-packages/airflow/example_dags/example_complex.py
[2023-11-12T19:53:20.978+0000] {logging_mixin.py:120} INFO - [2023-11-12T19:53:20.978+0000] {manager.py:507} INFO - Created Permission View: can edit on DAG:example_complex
[2023-11-12T19:53:21.016+0000] {logging_mixin.py:120} INFO - [2023-11-12T19:53:21.015+0000] {manager.py:507} INFO - Created Permission View: can delete on DAG:example_complex
[2023-11-12T19:53:21.035+0000] {logging_mixin.py:120} INFO - [2023-11-12T19:53:21.035+0000] {manager.py:507} INFO - Created Permission View: can read on DAG:example_complex
[2023-11-12T19:53:21.035+0000] {logging_mixin.py:120} INFO - [2023-11-12T19:53:21.035+0000] {dag.py:2585} INFO - Sync 1 DAGs
[2023-11-12T19:53:21.073+0000] {logging_mixin.py:120} INFO - [2023-11-12T19:53:21.073+0000] {dag.py:2606} INFO - Creating ORM DAG for example_complex
[2023-11-12T19:53:21.121+0000] {logging_mixin.py:120} INFO - [2023-11-12T19:53:21.121+0000] {dag.py:3340} INFO - Setting next_dagrun for example_complex to None, run_after=None
[2023-11-12T19:53:21.235+0000] {processor.py:176} INFO - Processing /home/airflow/.local/lib/python3.7/site-packages/airflow/example_dags/example_complex.py took 0.852 seconds
[2023-11-12T19:53:51.297+0000] {processor.py:154} INFO - Started process (PID=138) to work on /home/airflow/.local/lib/python3.7/site-packages/airflow/example_dags/example_complex.py
[2023-11-12T19:53:51.298+0000] {processor.py:756} INFO - Processing file /home/airflow/.local/lib/python3.7/site-packages/airflow/example_dags/example_complex.py for tasks to queue
[2023-11-12T19:53:51.299+0000] {logging_mixin.py:120} INFO - [2023-11-12T19:53:51.299+0000] {dagbag.py:537} INFO - Filling up the DagBag from /home/airflow/.local/lib/python3.7/site-packages/airflow/example_dags/example_complex.py
[2023-11-12T19:53:51.315+0000] {logging_mixin.py:120} INFO - [2023-11-12T19:53:51.315+0000] {taskmixin.py:205} WARNING - Dependency <Task(BashOperator): create_entry_group>, delete_entry_group already registered for DAG: example_complex
[2023-11-12T19:53:51.316+0000] {logging_mixin.py:120} INFO - [2023-11-12T19:53:51.316+0000] {taskmixin.py:205} WARNING - Dependency <Task(BashOperator): delete_entry_group>, create_entry_group already registered for DAG: example_complex
[2023-11-12T19:53:51.316+0000] {logging_mixin.py:120} INFO - [2023-11-12T19:53:51.316+0000] {taskmixin.py:205} WARNING - Dependency <Task(BashOperator): create_entry_gcs>, delete_entry already registered for DAG: example_complex
[2023-11-12T19:53:51.316+0000] {logging_mixin.py:120} INFO - [2023-11-12T19:53:51.316+0000] {taskmixin.py:205} WARNING - Dependency <Task(BashOperator): delete_entry>, create_entry_gcs already registered for DAG: example_complex
[2023-11-12T19:53:51.317+0000] {logging_mixin.py:120} INFO - [2023-11-12T19:53:51.317+0000] {taskmixin.py:205} WARNING - Dependency <Task(BashOperator): create_tag>, delete_tag already registered for DAG: example_complex
[2023-11-12T19:53:51.318+0000] {logging_mixin.py:120} INFO - [2023-11-12T19:53:51.317+0000] {taskmixin.py:205} WARNING - Dependency <Task(BashOperator): delete_tag>, create_tag already registered for DAG: example_complex
[2023-11-12T19:53:51.328+0000] {processor.py:766} INFO - DAG(s) dict_keys(['example_complex']) retrieved from /home/airflow/.local/lib/python3.7/site-packages/airflow/example_dags/example_complex.py
[2023-11-12T19:53:51.384+0000] {logging_mixin.py:120} INFO - [2023-11-12T19:53:51.384+0000] {dag.py:2585} INFO - Sync 1 DAGs
[2023-11-12T19:53:51.416+0000] {logging_mixin.py:120} INFO - [2023-11-12T19:53:51.416+0000] {dag.py:3340} INFO - Setting next_dagrun for example_complex to None, run_after=None
[2023-11-12T19:53:51.443+0000] {processor.py:176} INFO - Processing /home/airflow/.local/lib/python3.7/site-packages/airflow/example_dags/example_complex.py took 0.149 seconds
[2023-11-12T19:54:22.455+0000] {processor.py:154} INFO - Started process (PID=201) to work on /home/airflow/.local/lib/python3.7/site-packages/airflow/example_dags/example_complex.py
[2023-11-12T19:54:22.461+0000] {processor.py:756} INFO - Processing file /home/airflow/.local/lib/python3.7/site-packages/airflow/example_dags/example_complex.py for tasks to queue
[2023-11-12T19:54:22.462+0000] {logging_mixin.py:120} INFO - [2023-11-12T19:54:22.462+0000] {dagbag.py:537} INFO - Filling up the DagBag from /home/airflow/.local/lib/python3.7/site-packages/airflow/example_dags/example_complex.py
[2023-11-12T19:54:22.489+0000] {logging_mixin.py:120} INFO - [2023-11-12T19:54:22.489+0000] {taskmixin.py:205} WARNING - Dependency <Task(BashOperator): create_entry_group>, delete_entry_group already registered for DAG: example_complex
[2023-11-12T19:54:22.490+0000] {logging_mixin.py:120} INFO - [2023-11-12T19:54:22.490+0000] {taskmixin.py:205} WARNING - Dependency <Task(BashOperator): delete_entry_group>, create_entry_group already registered for DAG: example_complex
[2023-11-12T19:54:22.492+0000] {logging_mixin.py:120} INFO - [2023-11-12T19:54:22.492+0000] {taskmixin.py:205} WARNING - Dependency <Task(BashOperator): create_entry_gcs>, delete_entry already registered for DAG: example_complex
[2023-11-12T19:54:22.493+0000] {logging_mixin.py:120} INFO - [2023-11-12T19:54:22.492+0000] {taskmixin.py:205} WARNING - Dependency <Task(BashOperator): delete_entry>, create_entry_gcs already registered for DAG: example_complex
[2023-11-12T19:54:22.494+0000] {logging_mixin.py:120} INFO - [2023-11-12T19:54:22.494+0000] {taskmixin.py:205} WARNING - Dependency <Task(BashOperator): create_tag>, delete_tag already registered for DAG: example_complex
[2023-11-12T19:54:22.494+0000] {logging_mixin.py:120} INFO - [2023-11-12T19:54:22.494+0000] {taskmixin.py:205} WARNING - Dependency <Task(BashOperator): delete_tag>, create_tag already registered for DAG: example_complex
[2023-11-12T19:54:22.520+0000] {processor.py:766} INFO - DAG(s) dict_keys(['example_complex']) retrieved from /home/airflow/.local/lib/python3.7/site-packages/airflow/example_dags/example_complex.py
[2023-11-12T19:54:22.641+0000] {logging_mixin.py:120} INFO - [2023-11-12T19:54:22.641+0000] {dag.py:2585} INFO - Sync 1 DAGs
[2023-11-12T19:54:22.713+0000] {logging_mixin.py:120} INFO - [2023-11-12T19:54:22.713+0000] {dag.py:3340} INFO - Setting next_dagrun for example_complex to None, run_after=None
[2023-11-12T19:54:22.802+0000] {processor.py:176} INFO - Processing /home/airflow/.local/lib/python3.7/site-packages/airflow/example_dags/example_complex.py took 0.359 seconds
[2023-11-12T19:57:11.400+0000] {processor.py:154} INFO - Started process (PID=74) to work on /home/airflow/.local/lib/python3.7/site-packages/airflow/example_dags/example_complex.py
[2023-11-12T19:57:11.401+0000] {processor.py:756} INFO - Processing file /home/airflow/.local/lib/python3.7/site-packages/airflow/example_dags/example_complex.py for tasks to queue
[2023-11-12T19:57:11.402+0000] {logging_mixin.py:120} INFO - [2023-11-12T19:57:11.402+0000] {dagbag.py:537} INFO - Filling up the DagBag from /home/airflow/.local/lib/python3.7/site-packages/airflow/example_dags/example_complex.py
[2023-11-12T19:57:11.524+0000] {logging_mixin.py:120} INFO - [2023-11-12T19:57:11.520+0000] {taskmixin.py:205} WARNING - Dependency <Task(BashOperator): create_entry_group>, delete_entry_group already registered for DAG: example_complex
[2023-11-12T19:57:11.528+0000] {logging_mixin.py:120} INFO - [2023-11-12T19:57:11.528+0000] {taskmixin.py:205} WARNING - Dependency <Task(BashOperator): delete_entry_group>, create_entry_group already registered for DAG: example_complex
[2023-11-12T19:57:11.529+0000] {logging_mixin.py:120} INFO - [2023-11-12T19:57:11.529+0000] {taskmixin.py:205} WARNING - Dependency <Task(BashOperator): create_entry_gcs>, delete_entry already registered for DAG: example_complex
[2023-11-12T19:57:11.529+0000] {logging_mixin.py:120} INFO - [2023-11-12T19:57:11.529+0000] {taskmixin.py:205} WARNING - Dependency <Task(BashOperator): delete_entry>, create_entry_gcs already registered for DAG: example_complex
[2023-11-12T19:57:11.529+0000] {logging_mixin.py:120} INFO - [2023-11-12T19:57:11.529+0000] {taskmixin.py:205} WARNING - Dependency <Task(BashOperator): create_tag>, delete_tag already registered for DAG: example_complex
[2023-11-12T19:57:11.531+0000] {logging_mixin.py:120} INFO - [2023-11-12T19:57:11.531+0000] {taskmixin.py:205} WARNING - Dependency <Task(BashOperator): delete_tag>, create_tag already registered for DAG: example_complex
[2023-11-12T19:57:11.622+0000] {processor.py:766} INFO - DAG(s) dict_keys(['example_complex']) retrieved from /home/airflow/.local/lib/python3.7/site-packages/airflow/example_dags/example_complex.py
[2023-11-12T19:57:11.853+0000] {logging_mixin.py:120} INFO - [2023-11-12T19:57:11.853+0000] {dag.py:2585} INFO - Sync 1 DAGs
[2023-11-12T19:57:11.973+0000] {logging_mixin.py:120} INFO - [2023-11-12T19:57:11.973+0000] {dag.py:3340} INFO - Setting next_dagrun for example_complex to None, run_after=None
[2023-11-12T19:57:12.027+0000] {processor.py:176} INFO - Processing /home/airflow/.local/lib/python3.7/site-packages/airflow/example_dags/example_complex.py took 0.686 seconds
[2023-11-12T19:59:05.334+0000] {processor.py:154} INFO - Started process (PID=76) to work on /home/airflow/.local/lib/python3.7/site-packages/airflow/example_dags/example_complex.py
[2023-11-12T19:59:05.335+0000] {processor.py:756} INFO - Processing file /home/airflow/.local/lib/python3.7/site-packages/airflow/example_dags/example_complex.py for tasks to queue
[2023-11-12T19:59:05.341+0000] {logging_mixin.py:120} INFO - [2023-11-12T19:59:05.341+0000] {dagbag.py:537} INFO - Filling up the DagBag from /home/airflow/.local/lib/python3.7/site-packages/airflow/example_dags/example_complex.py
[2023-11-12T19:59:05.373+0000] {logging_mixin.py:120} INFO - [2023-11-12T19:59:05.373+0000] {taskmixin.py:205} WARNING - Dependency <Task(BashOperator): create_entry_group>, delete_entry_group already registered for DAG: example_complex
[2023-11-12T19:59:05.374+0000] {logging_mixin.py:120} INFO - [2023-11-12T19:59:05.373+0000] {taskmixin.py:205} WARNING - Dependency <Task(BashOperator): delete_entry_group>, create_entry_group already registered for DAG: example_complex
[2023-11-12T19:59:05.374+0000] {logging_mixin.py:120} INFO - [2023-11-12T19:59:05.374+0000] {taskmixin.py:205} WARNING - Dependency <Task(BashOperator): create_entry_gcs>, delete_entry already registered for DAG: example_complex
[2023-11-12T19:59:05.374+0000] {logging_mixin.py:120} INFO - [2023-11-12T19:59:05.374+0000] {taskmixin.py:205} WARNING - Dependency <Task(BashOperator): delete_entry>, create_entry_gcs already registered for DAG: example_complex
[2023-11-12T19:59:05.375+0000] {logging_mixin.py:120} INFO - [2023-11-12T19:59:05.375+0000] {taskmixin.py:205} WARNING - Dependency <Task(BashOperator): create_tag>, delete_tag already registered for DAG: example_complex
[2023-11-12T19:59:05.375+0000] {logging_mixin.py:120} INFO - [2023-11-12T19:59:05.375+0000] {taskmixin.py:205} WARNING - Dependency <Task(BashOperator): delete_tag>, create_tag already registered for DAG: example_complex
[2023-11-12T19:59:05.400+0000] {processor.py:766} INFO - DAG(s) dict_keys(['example_complex']) retrieved from /home/airflow/.local/lib/python3.7/site-packages/airflow/example_dags/example_complex.py
[2023-11-12T19:59:05.601+0000] {logging_mixin.py:120} INFO - [2023-11-12T19:59:05.600+0000] {dag.py:2585} INFO - Sync 1 DAGs
[2023-11-12T19:59:05.689+0000] {logging_mixin.py:120} INFO - [2023-11-12T19:59:05.689+0000] {dag.py:3340} INFO - Setting next_dagrun for example_complex to None, run_after=None
[2023-11-12T19:59:05.781+0000] {processor.py:176} INFO - Processing /home/airflow/.local/lib/python3.7/site-packages/airflow/example_dags/example_complex.py took 0.453 seconds
[2023-11-12T19:59:35.904+0000] {processor.py:154} INFO - Started process (PID=140) to work on /home/airflow/.local/lib/python3.7/site-packages/airflow/example_dags/example_complex.py
[2023-11-12T19:59:35.904+0000] {processor.py:756} INFO - Processing file /home/airflow/.local/lib/python3.7/site-packages/airflow/example_dags/example_complex.py for tasks to queue
[2023-11-12T19:59:35.905+0000] {logging_mixin.py:120} INFO - [2023-11-12T19:59:35.905+0000] {dagbag.py:537} INFO - Filling up the DagBag from /home/airflow/.local/lib/python3.7/site-packages/airflow/example_dags/example_complex.py
[2023-11-12T19:59:35.922+0000] {logging_mixin.py:120} INFO - [2023-11-12T19:59:35.922+0000] {taskmixin.py:205} WARNING - Dependency <Task(BashOperator): create_entry_group>, delete_entry_group already registered for DAG: example_complex
[2023-11-12T19:59:35.922+0000] {logging_mixin.py:120} INFO - [2023-11-12T19:59:35.922+0000] {taskmixin.py:205} WARNING - Dependency <Task(BashOperator): delete_entry_group>, create_entry_group already registered for DAG: example_complex
[2023-11-12T19:59:35.923+0000] {logging_mixin.py:120} INFO - [2023-11-12T19:59:35.922+0000] {taskmixin.py:205} WARNING - Dependency <Task(BashOperator): create_entry_gcs>, delete_entry already registered for DAG: example_complex
[2023-11-12T19:59:35.923+0000] {logging_mixin.py:120} INFO - [2023-11-12T19:59:35.923+0000] {taskmixin.py:205} WARNING - Dependency <Task(BashOperator): delete_entry>, create_entry_gcs already registered for DAG: example_complex
[2023-11-12T19:59:35.923+0000] {logging_mixin.py:120} INFO - [2023-11-12T19:59:35.923+0000] {taskmixin.py:205} WARNING - Dependency <Task(BashOperator): create_tag>, delete_tag already registered for DAG: example_complex
[2023-11-12T19:59:35.924+0000] {logging_mixin.py:120} INFO - [2023-11-12T19:59:35.924+0000] {taskmixin.py:205} WARNING - Dependency <Task(BashOperator): delete_tag>, create_tag already registered for DAG: example_complex
[2023-11-12T19:59:35.934+0000] {processor.py:766} INFO - DAG(s) dict_keys(['example_complex']) retrieved from /home/airflow/.local/lib/python3.7/site-packages/airflow/example_dags/example_complex.py
[2023-11-12T19:59:36.017+0000] {logging_mixin.py:120} INFO - [2023-11-12T19:59:36.017+0000] {dag.py:2585} INFO - Sync 1 DAGs
[2023-11-12T19:59:36.043+0000] {logging_mixin.py:120} INFO - [2023-11-12T19:59:36.043+0000] {dag.py:3340} INFO - Setting next_dagrun for example_complex to None, run_after=None
[2023-11-12T19:59:36.083+0000] {processor.py:176} INFO - Processing /home/airflow/.local/lib/python3.7/site-packages/airflow/example_dags/example_complex.py took 0.182 seconds
[2023-11-12T20:00:06.563+0000] {processor.py:154} INFO - Started process (PID=201) to work on /home/airflow/.local/lib/python3.7/site-packages/airflow/example_dags/example_complex.py
[2023-11-12T20:00:06.564+0000] {processor.py:756} INFO - Processing file /home/airflow/.local/lib/python3.7/site-packages/airflow/example_dags/example_complex.py for tasks to queue
[2023-11-12T20:00:06.569+0000] {logging_mixin.py:120} INFO - [2023-11-12T20:00:06.569+0000] {dagbag.py:537} INFO - Filling up the DagBag from /home/airflow/.local/lib/python3.7/site-packages/airflow/example_dags/example_complex.py
[2023-11-12T20:00:06.588+0000] {logging_mixin.py:120} INFO - [2023-11-12T20:00:06.588+0000] {taskmixin.py:205} WARNING - Dependency <Task(BashOperator): create_entry_group>, delete_entry_group already registered for DAG: example_complex
[2023-11-12T20:00:06.588+0000] {logging_mixin.py:120} INFO - [2023-11-12T20:00:06.588+0000] {taskmixin.py:205} WARNING - Dependency <Task(BashOperator): delete_entry_group>, create_entry_group already registered for DAG: example_complex
[2023-11-12T20:00:06.589+0000] {logging_mixin.py:120} INFO - [2023-11-12T20:00:06.588+0000] {taskmixin.py:205} WARNING - Dependency <Task(BashOperator): create_entry_gcs>, delete_entry already registered for DAG: example_complex
[2023-11-12T20:00:06.589+0000] {logging_mixin.py:120} INFO - [2023-11-12T20:00:06.589+0000] {taskmixin.py:205} WARNING - Dependency <Task(BashOperator): delete_entry>, create_entry_gcs already registered for DAG: example_complex
[2023-11-12T20:00:06.590+0000] {logging_mixin.py:120} INFO - [2023-11-12T20:00:06.590+0000] {taskmixin.py:205} WARNING - Dependency <Task(BashOperator): create_tag>, delete_tag already registered for DAG: example_complex
[2023-11-12T20:00:06.590+0000] {logging_mixin.py:120} INFO - [2023-11-12T20:00:06.590+0000] {taskmixin.py:205} WARNING - Dependency <Task(BashOperator): delete_tag>, create_tag already registered for DAG: example_complex
[2023-11-12T20:00:06.602+0000] {processor.py:766} INFO - DAG(s) dict_keys(['example_complex']) retrieved from /home/airflow/.local/lib/python3.7/site-packages/airflow/example_dags/example_complex.py
[2023-11-12T20:00:06.658+0000] {logging_mixin.py:120} INFO - [2023-11-12T20:00:06.658+0000] {dag.py:2585} INFO - Sync 1 DAGs
[2023-11-12T20:00:06.689+0000] {logging_mixin.py:120} INFO - [2023-11-12T20:00:06.688+0000] {dag.py:3340} INFO - Setting next_dagrun for example_complex to None, run_after=None
[2023-11-12T20:00:06.717+0000] {processor.py:176} INFO - Processing /home/airflow/.local/lib/python3.7/site-packages/airflow/example_dags/example_complex.py took 0.157 seconds
[2023-11-12T20:00:36.814+0000] {processor.py:154} INFO - Started process (PID=258) to work on /home/airflow/.local/lib/python3.7/site-packages/airflow/example_dags/example_complex.py
[2023-11-12T20:00:36.815+0000] {processor.py:756} INFO - Processing file /home/airflow/.local/lib/python3.7/site-packages/airflow/example_dags/example_complex.py for tasks to queue
[2023-11-12T20:00:36.816+0000] {logging_mixin.py:120} INFO - [2023-11-12T20:00:36.815+0000] {dagbag.py:537} INFO - Filling up the DagBag from /home/airflow/.local/lib/python3.7/site-packages/airflow/example_dags/example_complex.py
[2023-11-12T20:00:36.844+0000] {logging_mixin.py:120} INFO - [2023-11-12T20:00:36.844+0000] {taskmixin.py:205} WARNING - Dependency <Task(BashOperator): create_entry_group>, delete_entry_group already registered for DAG: example_complex
[2023-11-12T20:00:36.845+0000] {logging_mixin.py:120} INFO - [2023-11-12T20:00:36.845+0000] {taskmixin.py:205} WARNING - Dependency <Task(BashOperator): delete_entry_group>, create_entry_group already registered for DAG: example_complex
[2023-11-12T20:00:36.845+0000] {logging_mixin.py:120} INFO - [2023-11-12T20:00:36.845+0000] {taskmixin.py:205} WARNING - Dependency <Task(BashOperator): create_entry_gcs>, delete_entry already registered for DAG: example_complex
[2023-11-12T20:00:36.845+0000] {logging_mixin.py:120} INFO - [2023-11-12T20:00:36.845+0000] {taskmixin.py:205} WARNING - Dependency <Task(BashOperator): delete_entry>, create_entry_gcs already registered for DAG: example_complex
[2023-11-12T20:00:36.846+0000] {logging_mixin.py:120} INFO - [2023-11-12T20:00:36.846+0000] {taskmixin.py:205} WARNING - Dependency <Task(BashOperator): create_tag>, delete_tag already registered for DAG: example_complex
[2023-11-12T20:00:36.846+0000] {logging_mixin.py:120} INFO - [2023-11-12T20:00:36.846+0000] {taskmixin.py:205} WARNING - Dependency <Task(BashOperator): delete_tag>, create_tag already registered for DAG: example_complex
[2023-11-12T20:00:36.856+0000] {processor.py:766} INFO - DAG(s) dict_keys(['example_complex']) retrieved from /home/airflow/.local/lib/python3.7/site-packages/airflow/example_dags/example_complex.py
[2023-11-12T20:00:36.911+0000] {logging_mixin.py:120} INFO - [2023-11-12T20:00:36.911+0000] {dag.py:2585} INFO - Sync 1 DAGs
[2023-11-12T20:00:36.951+0000] {logging_mixin.py:120} INFO - [2023-11-12T20:00:36.951+0000] {dag.py:3340} INFO - Setting next_dagrun for example_complex to None, run_after=None
[2023-11-12T20:00:36.998+0000] {processor.py:176} INFO - Processing /home/airflow/.local/lib/python3.7/site-packages/airflow/example_dags/example_complex.py took 0.187 seconds
[2023-11-12T20:01:07.541+0000] {processor.py:154} INFO - Started process (PID=321) to work on /home/airflow/.local/lib/python3.7/site-packages/airflow/example_dags/example_complex.py
[2023-11-12T20:01:07.541+0000] {processor.py:756} INFO - Processing file /home/airflow/.local/lib/python3.7/site-packages/airflow/example_dags/example_complex.py for tasks to queue
[2023-11-12T20:01:07.553+0000] {logging_mixin.py:120} INFO - [2023-11-12T20:01:07.553+0000] {dagbag.py:537} INFO - Filling up the DagBag from /home/airflow/.local/lib/python3.7/site-packages/airflow/example_dags/example_complex.py
[2023-11-12T20:01:07.581+0000] {logging_mixin.py:120} INFO - [2023-11-12T20:01:07.581+0000] {taskmixin.py:205} WARNING - Dependency <Task(BashOperator): create_entry_group>, delete_entry_group already registered for DAG: example_complex
[2023-11-12T20:01:07.581+0000] {logging_mixin.py:120} INFO - [2023-11-12T20:01:07.581+0000] {taskmixin.py:205} WARNING - Dependency <Task(BashOperator): delete_entry_group>, create_entry_group already registered for DAG: example_complex
[2023-11-12T20:01:07.582+0000] {logging_mixin.py:120} INFO - [2023-11-12T20:01:07.582+0000] {taskmixin.py:205} WARNING - Dependency <Task(BashOperator): create_entry_gcs>, delete_entry already registered for DAG: example_complex
[2023-11-12T20:01:07.582+0000] {logging_mixin.py:120} INFO - [2023-11-12T20:01:07.582+0000] {taskmixin.py:205} WARNING - Dependency <Task(BashOperator): delete_entry>, create_entry_gcs already registered for DAG: example_complex
[2023-11-12T20:01:07.583+0000] {logging_mixin.py:120} INFO - [2023-11-12T20:01:07.582+0000] {taskmixin.py:205} WARNING - Dependency <Task(BashOperator): create_tag>, delete_tag already registered for DAG: example_complex
[2023-11-12T20:01:07.583+0000] {logging_mixin.py:120} INFO - [2023-11-12T20:01:07.583+0000] {taskmixin.py:205} WARNING - Dependency <Task(BashOperator): delete_tag>, create_tag already registered for DAG: example_complex
[2023-11-12T20:01:07.601+0000] {processor.py:766} INFO - DAG(s) dict_keys(['example_complex']) retrieved from /home/airflow/.local/lib/python3.7/site-packages/airflow/example_dags/example_complex.py
[2023-11-12T20:01:07.719+0000] {logging_mixin.py:120} INFO - [2023-11-12T20:01:07.719+0000] {dag.py:2585} INFO - Sync 1 DAGs
[2023-11-12T20:01:07.773+0000] {logging_mixin.py:120} INFO - [2023-11-12T20:01:07.773+0000] {dag.py:3340} INFO - Setting next_dagrun for example_complex to None, run_after=None
[2023-11-12T20:01:07.836+0000] {processor.py:176} INFO - Processing /home/airflow/.local/lib/python3.7/site-packages/airflow/example_dags/example_complex.py took 0.299 seconds
[2023-11-12T20:01:38.676+0000] {processor.py:154} INFO - Started process (PID=382) to work on /home/airflow/.local/lib/python3.7/site-packages/airflow/example_dags/example_complex.py
[2023-11-12T20:01:38.677+0000] {processor.py:756} INFO - Processing file /home/airflow/.local/lib/python3.7/site-packages/airflow/example_dags/example_complex.py for tasks to queue
[2023-11-12T20:01:38.678+0000] {logging_mixin.py:120} INFO - [2023-11-12T20:01:38.678+0000] {dagbag.py:537} INFO - Filling up the DagBag from /home/airflow/.local/lib/python3.7/site-packages/airflow/example_dags/example_complex.py
[2023-11-12T20:01:38.692+0000] {logging_mixin.py:120} INFO - [2023-11-12T20:01:38.692+0000] {taskmixin.py:205} WARNING - Dependency <Task(BashOperator): create_entry_group>, delete_entry_group already registered for DAG: example_complex
[2023-11-12T20:01:38.692+0000] {logging_mixin.py:120} INFO - [2023-11-12T20:01:38.692+0000] {taskmixin.py:205} WARNING - Dependency <Task(BashOperator): delete_entry_group>, create_entry_group already registered for DAG: example_complex
[2023-11-12T20:01:38.693+0000] {logging_mixin.py:120} INFO - [2023-11-12T20:01:38.693+0000] {taskmixin.py:205} WARNING - Dependency <Task(BashOperator): create_entry_gcs>, delete_entry already registered for DAG: example_complex
[2023-11-12T20:01:38.693+0000] {logging_mixin.py:120} INFO - [2023-11-12T20:01:38.693+0000] {taskmixin.py:205} WARNING - Dependency <Task(BashOperator): delete_entry>, create_entry_gcs already registered for DAG: example_complex
[2023-11-12T20:01:38.694+0000] {logging_mixin.py:120} INFO - [2023-11-12T20:01:38.693+0000] {taskmixin.py:205} WARNING - Dependency <Task(BashOperator): create_tag>, delete_tag already registered for DAG: example_complex
[2023-11-12T20:01:38.694+0000] {logging_mixin.py:120} INFO - [2023-11-12T20:01:38.694+0000] {taskmixin.py:205} WARNING - Dependency <Task(BashOperator): delete_tag>, create_tag already registered for DAG: example_complex
[2023-11-12T20:01:38.703+0000] {processor.py:766} INFO - DAG(s) dict_keys(['example_complex']) retrieved from /home/airflow/.local/lib/python3.7/site-packages/airflow/example_dags/example_complex.py
[2023-11-12T20:01:38.788+0000] {logging_mixin.py:120} INFO - [2023-11-12T20:01:38.788+0000] {dag.py:2585} INFO - Sync 1 DAGs
[2023-11-12T20:01:38.871+0000] {logging_mixin.py:120} INFO - [2023-11-12T20:01:38.871+0000] {dag.py:3340} INFO - Setting next_dagrun for example_complex to None, run_after=None
[2023-11-12T20:01:38.910+0000] {processor.py:176} INFO - Processing /home/airflow/.local/lib/python3.7/site-packages/airflow/example_dags/example_complex.py took 0.238 seconds
[2023-11-12T20:02:09.289+0000] {processor.py:154} INFO - Started process (PID=439) to work on /home/airflow/.local/lib/python3.7/site-packages/airflow/example_dags/example_complex.py
[2023-11-12T20:02:09.290+0000] {processor.py:756} INFO - Processing file /home/airflow/.local/lib/python3.7/site-packages/airflow/example_dags/example_complex.py for tasks to queue
[2023-11-12T20:02:09.291+0000] {logging_mixin.py:120} INFO - [2023-11-12T20:02:09.291+0000] {dagbag.py:537} INFO - Filling up the DagBag from /home/airflow/.local/lib/python3.7/site-packages/airflow/example_dags/example_complex.py
[2023-11-12T20:02:09.305+0000] {logging_mixin.py:120} INFO - [2023-11-12T20:02:09.305+0000] {taskmixin.py:205} WARNING - Dependency <Task(BashOperator): create_entry_group>, delete_entry_group already registered for DAG: example_complex
[2023-11-12T20:02:09.305+0000] {logging_mixin.py:120} INFO - [2023-11-12T20:02:09.305+0000] {taskmixin.py:205} WARNING - Dependency <Task(BashOperator): delete_entry_group>, create_entry_group already registered for DAG: example_complex
[2023-11-12T20:02:09.306+0000] {logging_mixin.py:120} INFO - [2023-11-12T20:02:09.305+0000] {taskmixin.py:205} WARNING - Dependency <Task(BashOperator): create_entry_gcs>, delete_entry already registered for DAG: example_complex
[2023-11-12T20:02:09.306+0000] {logging_mixin.py:120} INFO - [2023-11-12T20:02:09.306+0000] {taskmixin.py:205} WARNING - Dependency <Task(BashOperator): delete_entry>, create_entry_gcs already registered for DAG: example_complex
[2023-11-12T20:02:09.306+0000] {logging_mixin.py:120} INFO - [2023-11-12T20:02:09.306+0000] {taskmixin.py:205} WARNING - Dependency <Task(BashOperator): create_tag>, delete_tag already registered for DAG: example_complex
[2023-11-12T20:02:09.307+0000] {logging_mixin.py:120} INFO - [2023-11-12T20:02:09.306+0000] {taskmixin.py:205} WARNING - Dependency <Task(BashOperator): delete_tag>, create_tag already registered for DAG: example_complex
[2023-11-12T20:02:09.316+0000] {processor.py:766} INFO - DAG(s) dict_keys(['example_complex']) retrieved from /home/airflow/.local/lib/python3.7/site-packages/airflow/example_dags/example_complex.py
[2023-11-12T20:02:09.385+0000] {logging_mixin.py:120} INFO - [2023-11-12T20:02:09.385+0000] {dag.py:2585} INFO - Sync 1 DAGs
[2023-11-12T20:02:09.438+0000] {logging_mixin.py:120} INFO - [2023-11-12T20:02:09.438+0000] {dag.py:3340} INFO - Setting next_dagrun for example_complex to None, run_after=None
[2023-11-12T20:02:09.487+0000] {processor.py:176} INFO - Processing /home/airflow/.local/lib/python3.7/site-packages/airflow/example_dags/example_complex.py took 0.202 seconds
[2023-11-12T20:02:40.424+0000] {processor.py:154} INFO - Started process (PID=502) to work on /home/airflow/.local/lib/python3.7/site-packages/airflow/example_dags/example_complex.py
[2023-11-12T20:02:40.424+0000] {processor.py:756} INFO - Processing file /home/airflow/.local/lib/python3.7/site-packages/airflow/example_dags/example_complex.py for tasks to queue
[2023-11-12T20:02:40.425+0000] {logging_mixin.py:120} INFO - [2023-11-12T20:02:40.425+0000] {dagbag.py:537} INFO - Filling up the DagBag from /home/airflow/.local/lib/python3.7/site-packages/airflow/example_dags/example_complex.py
[2023-11-12T20:02:40.453+0000] {logging_mixin.py:120} INFO - [2023-11-12T20:02:40.452+0000] {taskmixin.py:205} WARNING - Dependency <Task(BashOperator): create_entry_group>, delete_entry_group already registered for DAG: example_complex
[2023-11-12T20:02:40.453+0000] {logging_mixin.py:120} INFO - [2023-11-12T20:02:40.453+0000] {taskmixin.py:205} WARNING - Dependency <Task(BashOperator): delete_entry_group>, create_entry_group already registered for DAG: example_complex
[2023-11-12T20:02:40.453+0000] {logging_mixin.py:120} INFO - [2023-11-12T20:02:40.453+0000] {taskmixin.py:205} WARNING - Dependency <Task(BashOperator): create_entry_gcs>, delete_entry already registered for DAG: example_complex
[2023-11-12T20:02:40.453+0000] {logging_mixin.py:120} INFO - [2023-11-12T20:02:40.453+0000] {taskmixin.py:205} WARNING - Dependency <Task(BashOperator): delete_entry>, create_entry_gcs already registered for DAG: example_complex
[2023-11-12T20:02:40.454+0000] {logging_mixin.py:120} INFO - [2023-11-12T20:02:40.454+0000] {taskmixin.py:205} WARNING - Dependency <Task(BashOperator): create_tag>, delete_tag already registered for DAG: example_complex
[2023-11-12T20:02:40.455+0000] {logging_mixin.py:120} INFO - [2023-11-12T20:02:40.455+0000] {taskmixin.py:205} WARNING - Dependency <Task(BashOperator): delete_tag>, create_tag already registered for DAG: example_complex
[2023-11-12T20:02:40.472+0000] {processor.py:766} INFO - DAG(s) dict_keys(['example_complex']) retrieved from /home/airflow/.local/lib/python3.7/site-packages/airflow/example_dags/example_complex.py
[2023-11-12T20:02:40.585+0000] {logging_mixin.py:120} INFO - [2023-11-12T20:02:40.584+0000] {dag.py:2585} INFO - Sync 1 DAGs
[2023-11-12T20:02:40.645+0000] {logging_mixin.py:120} INFO - [2023-11-12T20:02:40.645+0000] {dag.py:3340} INFO - Setting next_dagrun for example_complex to None, run_after=None
[2023-11-12T20:02:40.684+0000] {processor.py:176} INFO - Processing /home/airflow/.local/lib/python3.7/site-packages/airflow/example_dags/example_complex.py took 0.264 seconds
[2023-11-12T20:03:11.595+0000] {processor.py:154} INFO - Started process (PID=566) to work on /home/airflow/.local/lib/python3.7/site-packages/airflow/example_dags/example_complex.py
[2023-11-12T20:03:11.595+0000] {processor.py:756} INFO - Processing file /home/airflow/.local/lib/python3.7/site-packages/airflow/example_dags/example_complex.py for tasks to queue
[2023-11-12T20:03:11.596+0000] {logging_mixin.py:120} INFO - [2023-11-12T20:03:11.596+0000] {dagbag.py:537} INFO - Filling up the DagBag from /home/airflow/.local/lib/python3.7/site-packages/airflow/example_dags/example_complex.py
[2023-11-12T20:03:11.611+0000] {logging_mixin.py:120} INFO - [2023-11-12T20:03:11.611+0000] {taskmixin.py:205} WARNING - Dependency <Task(BashOperator): create_entry_group>, delete_entry_group already registered for DAG: example_complex
[2023-11-12T20:03:11.611+0000] {logging_mixin.py:120} INFO - [2023-11-12T20:03:11.611+0000] {taskmixin.py:205} WARNING - Dependency <Task(BashOperator): delete_entry_group>, create_entry_group already registered for DAG: example_complex
[2023-11-12T20:03:11.612+0000] {logging_mixin.py:120} INFO - [2023-11-12T20:03:11.611+0000] {taskmixin.py:205} WARNING - Dependency <Task(BashOperator): create_entry_gcs>, delete_entry already registered for DAG: example_complex
[2023-11-12T20:03:11.612+0000] {logging_mixin.py:120} INFO - [2023-11-12T20:03:11.612+0000] {taskmixin.py:205} WARNING - Dependency <Task(BashOperator): delete_entry>, create_entry_gcs already registered for DAG: example_complex
[2023-11-12T20:03:11.612+0000] {logging_mixin.py:120} INFO - [2023-11-12T20:03:11.612+0000] {taskmixin.py:205} WARNING - Dependency <Task(BashOperator): create_tag>, delete_tag already registered for DAG: example_complex
[2023-11-12T20:03:11.613+0000] {logging_mixin.py:120} INFO - [2023-11-12T20:03:11.612+0000] {taskmixin.py:205} WARNING - Dependency <Task(BashOperator): delete_tag>, create_tag already registered for DAG: example_complex
[2023-11-12T20:03:11.622+0000] {processor.py:766} INFO - DAG(s) dict_keys(['example_complex']) retrieved from /home/airflow/.local/lib/python3.7/site-packages/airflow/example_dags/example_complex.py
[2023-11-12T20:03:11.677+0000] {logging_mixin.py:120} INFO - [2023-11-12T20:03:11.676+0000] {dag.py:2585} INFO - Sync 1 DAGs
[2023-11-12T20:03:11.709+0000] {logging_mixin.py:120} INFO - [2023-11-12T20:03:11.709+0000] {dag.py:3340} INFO - Setting next_dagrun for example_complex to None, run_after=None
[2023-11-12T20:03:11.737+0000] {processor.py:176} INFO - Processing /home/airflow/.local/lib/python3.7/site-packages/airflow/example_dags/example_complex.py took 0.146 seconds
[2023-11-12T20:03:41.938+0000] {processor.py:154} INFO - Started process (PID=620) to work on /home/airflow/.local/lib/python3.7/site-packages/airflow/example_dags/example_complex.py
[2023-11-12T20:03:41.939+0000] {processor.py:756} INFO - Processing file /home/airflow/.local/lib/python3.7/site-packages/airflow/example_dags/example_complex.py for tasks to queue
[2023-11-12T20:03:41.939+0000] {logging_mixin.py:120} INFO - [2023-11-12T20:03:41.939+0000] {dagbag.py:537} INFO - Filling up the DagBag from /home/airflow/.local/lib/python3.7/site-packages/airflow/example_dags/example_complex.py
[2023-11-12T20:03:41.968+0000] {logging_mixin.py:120} INFO - [2023-11-12T20:03:41.968+0000] {taskmixin.py:205} WARNING - Dependency <Task(BashOperator): create_entry_group>, delete_entry_group already registered for DAG: example_complex
[2023-11-12T20:03:41.968+0000] {logging_mixin.py:120} INFO - [2023-11-12T20:03:41.968+0000] {taskmixin.py:205} WARNING - Dependency <Task(BashOperator): delete_entry_group>, create_entry_group already registered for DAG: example_complex
[2023-11-12T20:03:41.969+0000] {logging_mixin.py:120} INFO - [2023-11-12T20:03:41.969+0000] {taskmixin.py:205} WARNING - Dependency <Task(BashOperator): create_entry_gcs>, delete_entry already registered for DAG: example_complex
[2023-11-12T20:03:41.969+0000] {logging_mixin.py:120} INFO - [2023-11-12T20:03:41.969+0000] {taskmixin.py:205} WARNING - Dependency <Task(BashOperator): delete_entry>, create_entry_gcs already registered for DAG: example_complex
[2023-11-12T20:03:41.970+0000] {logging_mixin.py:120} INFO - [2023-11-12T20:03:41.969+0000] {taskmixin.py:205} WARNING - Dependency <Task(BashOperator): create_tag>, delete_tag already registered for DAG: example_complex
[2023-11-12T20:03:41.970+0000] {logging_mixin.py:120} INFO - [2023-11-12T20:03:41.970+0000] {taskmixin.py:205} WARNING - Dependency <Task(BashOperator): delete_tag>, create_tag already registered for DAG: example_complex
[2023-11-12T20:03:41.980+0000] {processor.py:766} INFO - DAG(s) dict_keys(['example_complex']) retrieved from /home/airflow/.local/lib/python3.7/site-packages/airflow/example_dags/example_complex.py
[2023-11-12T20:03:42.062+0000] {logging_mixin.py:120} INFO - [2023-11-12T20:03:42.062+0000] {dag.py:2585} INFO - Sync 1 DAGs
[2023-11-12T20:03:42.092+0000] {logging_mixin.py:120} INFO - [2023-11-12T20:03:42.092+0000] {dag.py:3340} INFO - Setting next_dagrun for example_complex to None, run_after=None
[2023-11-12T20:03:42.136+0000] {processor.py:176} INFO - Processing /home/airflow/.local/lib/python3.7/site-packages/airflow/example_dags/example_complex.py took 0.207 seconds
[2023-11-12T20:04:12.738+0000] {processor.py:154} INFO - Started process (PID=684) to work on /home/airflow/.local/lib/python3.7/site-packages/airflow/example_dags/example_complex.py
[2023-11-12T20:04:12.739+0000] {processor.py:756} INFO - Processing file /home/airflow/.local/lib/python3.7/site-packages/airflow/example_dags/example_complex.py for tasks to queue
[2023-11-12T20:04:12.740+0000] {logging_mixin.py:120} INFO - [2023-11-12T20:04:12.740+0000] {dagbag.py:537} INFO - Filling up the DagBag from /home/airflow/.local/lib/python3.7/site-packages/airflow/example_dags/example_complex.py
[2023-11-12T20:04:12.754+0000] {logging_mixin.py:120} INFO - [2023-11-12T20:04:12.754+0000] {taskmixin.py:205} WARNING - Dependency <Task(BashOperator): create_entry_group>, delete_entry_group already registered for DAG: example_complex
[2023-11-12T20:04:12.754+0000] {logging_mixin.py:120} INFO - [2023-11-12T20:04:12.754+0000] {taskmixin.py:205} WARNING - Dependency <Task(BashOperator): delete_entry_group>, create_entry_group already registered for DAG: example_complex
[2023-11-12T20:04:12.755+0000] {logging_mixin.py:120} INFO - [2023-11-12T20:04:12.755+0000] {taskmixin.py:205} WARNING - Dependency <Task(BashOperator): create_entry_gcs>, delete_entry already registered for DAG: example_complex
[2023-11-12T20:04:12.755+0000] {logging_mixin.py:120} INFO - [2023-11-12T20:04:12.755+0000] {taskmixin.py:205} WARNING - Dependency <Task(BashOperator): delete_entry>, create_entry_gcs already registered for DAG: example_complex
[2023-11-12T20:04:12.755+0000] {logging_mixin.py:120} INFO - [2023-11-12T20:04:12.755+0000] {taskmixin.py:205} WARNING - Dependency <Task(BashOperator): create_tag>, delete_tag already registered for DAG: example_complex
[2023-11-12T20:04:12.756+0000] {logging_mixin.py:120} INFO - [2023-11-12T20:04:12.756+0000] {taskmixin.py:205} WARNING - Dependency <Task(BashOperator): delete_tag>, create_tag already registered for DAG: example_complex
[2023-11-12T20:04:12.765+0000] {processor.py:766} INFO - DAG(s) dict_keys(['example_complex']) retrieved from /home/airflow/.local/lib/python3.7/site-packages/airflow/example_dags/example_complex.py
[2023-11-12T20:04:12.872+0000] {logging_mixin.py:120} INFO - [2023-11-12T20:04:12.872+0000] {dag.py:2585} INFO - Sync 1 DAGs
[2023-11-12T20:04:12.912+0000] {logging_mixin.py:120} INFO - [2023-11-12T20:04:12.912+0000] {dag.py:3340} INFO - Setting next_dagrun for example_complex to None, run_after=None
[2023-11-12T20:04:12.957+0000] {processor.py:176} INFO - Processing /home/airflow/.local/lib/python3.7/site-packages/airflow/example_dags/example_complex.py took 0.222 seconds
[2023-11-12T20:04:43.648+0000] {processor.py:154} INFO - Started process (PID=748) to work on /home/airflow/.local/lib/python3.7/site-packages/airflow/example_dags/example_complex.py
[2023-11-12T20:04:43.652+0000] {processor.py:756} INFO - Processing file /home/airflow/.local/lib/python3.7/site-packages/airflow/example_dags/example_complex.py for tasks to queue
[2023-11-12T20:04:43.653+0000] {logging_mixin.py:120} INFO - [2023-11-12T20:04:43.653+0000] {dagbag.py:537} INFO - Filling up the DagBag from /home/airflow/.local/lib/python3.7/site-packages/airflow/example_dags/example_complex.py
[2023-11-12T20:04:43.670+0000] {logging_mixin.py:120} INFO - [2023-11-12T20:04:43.670+0000] {taskmixin.py:205} WARNING - Dependency <Task(BashOperator): create_entry_group>, delete_entry_group already registered for DAG: example_complex
[2023-11-12T20:04:43.670+0000] {logging_mixin.py:120} INFO - [2023-11-12T20:04:43.670+0000] {taskmixin.py:205} WARNING - Dependency <Task(BashOperator): delete_entry_group>, create_entry_group already registered for DAG: example_complex
[2023-11-12T20:04:43.671+0000] {logging_mixin.py:120} INFO - [2023-11-12T20:04:43.671+0000] {taskmixin.py:205} WARNING - Dependency <Task(BashOperator): create_entry_gcs>, delete_entry already registered for DAG: example_complex
[2023-11-12T20:04:43.671+0000] {logging_mixin.py:120} INFO - [2023-11-12T20:04:43.671+0000] {taskmixin.py:205} WARNING - Dependency <Task(BashOperator): delete_entry>, create_entry_gcs already registered for DAG: example_complex
[2023-11-12T20:04:43.671+0000] {logging_mixin.py:120} INFO - [2023-11-12T20:04:43.671+0000] {taskmixin.py:205} WARNING - Dependency <Task(BashOperator): create_tag>, delete_tag already registered for DAG: example_complex
[2023-11-12T20:04:43.672+0000] {logging_mixin.py:120} INFO - [2023-11-12T20:04:43.672+0000] {taskmixin.py:205} WARNING - Dependency <Task(BashOperator): delete_tag>, create_tag already registered for DAG: example_complex
[2023-11-12T20:04:43.681+0000] {processor.py:766} INFO - DAG(s) dict_keys(['example_complex']) retrieved from /home/airflow/.local/lib/python3.7/site-packages/airflow/example_dags/example_complex.py
[2023-11-12T20:04:43.736+0000] {logging_mixin.py:120} INFO - [2023-11-12T20:04:43.736+0000] {dag.py:2585} INFO - Sync 1 DAGs
[2023-11-12T20:04:43.765+0000] {logging_mixin.py:120} INFO - [2023-11-12T20:04:43.765+0000] {dag.py:3340} INFO - Setting next_dagrun for example_complex to None, run_after=None
[2023-11-12T20:04:43.790+0000] {processor.py:176} INFO - Processing /home/airflow/.local/lib/python3.7/site-packages/airflow/example_dags/example_complex.py took 0.145 seconds
[2023-11-12T20:05:14.546+0000] {processor.py:154} INFO - Started process (PID=803) to work on /home/airflow/.local/lib/python3.7/site-packages/airflow/example_dags/example_complex.py
[2023-11-12T20:05:14.547+0000] {processor.py:756} INFO - Processing file /home/airflow/.local/lib/python3.7/site-packages/airflow/example_dags/example_complex.py for tasks to queue
[2023-11-12T20:05:14.548+0000] {logging_mixin.py:120} INFO - [2023-11-12T20:05:14.548+0000] {dagbag.py:537} INFO - Filling up the DagBag from /home/airflow/.local/lib/python3.7/site-packages/airflow/example_dags/example_complex.py
[2023-11-12T20:05:14.563+0000] {logging_mixin.py:120} INFO - [2023-11-12T20:05:14.563+0000] {taskmixin.py:205} WARNING - Dependency <Task(BashOperator): create_entry_group>, delete_entry_group already registered for DAG: example_complex
[2023-11-12T20:05:14.563+0000] {logging_mixin.py:120} INFO - [2023-11-12T20:05:14.563+0000] {taskmixin.py:205} WARNING - Dependency <Task(BashOperator): delete_entry_group>, create_entry_group already registered for DAG: example_complex
[2023-11-12T20:05:14.563+0000] {logging_mixin.py:120} INFO - [2023-11-12T20:05:14.563+0000] {taskmixin.py:205} WARNING - Dependency <Task(BashOperator): create_entry_gcs>, delete_entry already registered for DAG: example_complex
[2023-11-12T20:05:14.564+0000] {logging_mixin.py:120} INFO - [2023-11-12T20:05:14.564+0000] {taskmixin.py:205} WARNING - Dependency <Task(BashOperator): delete_entry>, create_entry_gcs already registered for DAG: example_complex
[2023-11-12T20:05:14.564+0000] {logging_mixin.py:120} INFO - [2023-11-12T20:05:14.564+0000] {taskmixin.py:205} WARNING - Dependency <Task(BashOperator): create_tag>, delete_tag already registered for DAG: example_complex
[2023-11-12T20:05:14.564+0000] {logging_mixin.py:120} INFO - [2023-11-12T20:05:14.564+0000] {taskmixin.py:205} WARNING - Dependency <Task(BashOperator): delete_tag>, create_tag already registered for DAG: example_complex
[2023-11-12T20:05:14.574+0000] {processor.py:766} INFO - DAG(s) dict_keys(['example_complex']) retrieved from /home/airflow/.local/lib/python3.7/site-packages/airflow/example_dags/example_complex.py
[2023-11-12T20:05:14.633+0000] {logging_mixin.py:120} INFO - [2023-11-12T20:05:14.633+0000] {dag.py:2585} INFO - Sync 1 DAGs
[2023-11-12T20:05:14.665+0000] {logging_mixin.py:120} INFO - [2023-11-12T20:05:14.665+0000] {dag.py:3340} INFO - Setting next_dagrun for example_complex to None, run_after=None
[2023-11-12T20:05:14.692+0000] {processor.py:176} INFO - Processing /home/airflow/.local/lib/python3.7/site-packages/airflow/example_dags/example_complex.py took 0.148 seconds
[2023-11-12T20:05:45.538+0000] {processor.py:154} INFO - Started process (PID=865) to work on /home/airflow/.local/lib/python3.7/site-packages/airflow/example_dags/example_complex.py
[2023-11-12T20:05:45.539+0000] {processor.py:756} INFO - Processing file /home/airflow/.local/lib/python3.7/site-packages/airflow/example_dags/example_complex.py for tasks to queue
[2023-11-12T20:05:45.539+0000] {logging_mixin.py:120} INFO - [2023-11-12T20:05:45.539+0000] {dagbag.py:537} INFO - Filling up the DagBag from /home/airflow/.local/lib/python3.7/site-packages/airflow/example_dags/example_complex.py
[2023-11-12T20:05:45.555+0000] {logging_mixin.py:120} INFO - [2023-11-12T20:05:45.554+0000] {taskmixin.py:205} WARNING - Dependency <Task(BashOperator): create_entry_group>, delete_entry_group already registered for DAG: example_complex
[2023-11-12T20:05:45.555+0000] {logging_mixin.py:120} INFO - [2023-11-12T20:05:45.555+0000] {taskmixin.py:205} WARNING - Dependency <Task(BashOperator): delete_entry_group>, create_entry_group already registered for DAG: example_complex
[2023-11-12T20:05:45.555+0000] {logging_mixin.py:120} INFO - [2023-11-12T20:05:45.555+0000] {taskmixin.py:205} WARNING - Dependency <Task(BashOperator): create_entry_gcs>, delete_entry already registered for DAG: example_complex
[2023-11-12T20:05:45.555+0000] {logging_mixin.py:120} INFO - [2023-11-12T20:05:45.555+0000] {taskmixin.py:205} WARNING - Dependency <Task(BashOperator): delete_entry>, create_entry_gcs already registered for DAG: example_complex
[2023-11-12T20:05:45.556+0000] {logging_mixin.py:120} INFO - [2023-11-12T20:05:45.556+0000] {taskmixin.py:205} WARNING - Dependency <Task(BashOperator): create_tag>, delete_tag already registered for DAG: example_complex
[2023-11-12T20:05:45.556+0000] {logging_mixin.py:120} INFO - [2023-11-12T20:05:45.556+0000] {taskmixin.py:205} WARNING - Dependency <Task(BashOperator): delete_tag>, create_tag already registered for DAG: example_complex
[2023-11-12T20:05:45.566+0000] {processor.py:766} INFO - DAG(s) dict_keys(['example_complex']) retrieved from /home/airflow/.local/lib/python3.7/site-packages/airflow/example_dags/example_complex.py
[2023-11-12T20:05:45.625+0000] {logging_mixin.py:120} INFO - [2023-11-12T20:05:45.625+0000] {dag.py:2585} INFO - Sync 1 DAGs
[2023-11-12T20:05:45.657+0000] {logging_mixin.py:120} INFO - [2023-11-12T20:05:45.656+0000] {dag.py:3340} INFO - Setting next_dagrun for example_complex to None, run_after=None
[2023-11-12T20:05:45.687+0000] {processor.py:176} INFO - Processing /home/airflow/.local/lib/python3.7/site-packages/airflow/example_dags/example_complex.py took 0.152 seconds
[2023-11-12T20:06:16.019+0000] {processor.py:154} INFO - Started process (PID=918) to work on /home/airflow/.local/lib/python3.7/site-packages/airflow/example_dags/example_complex.py
[2023-11-12T20:06:16.020+0000] {processor.py:756} INFO - Processing file /home/airflow/.local/lib/python3.7/site-packages/airflow/example_dags/example_complex.py for tasks to queue
[2023-11-12T20:06:16.021+0000] {logging_mixin.py:120} INFO - [2023-11-12T20:06:16.021+0000] {dagbag.py:537} INFO - Filling up the DagBag from /home/airflow/.local/lib/python3.7/site-packages/airflow/example_dags/example_complex.py
[2023-11-12T20:06:16.090+0000] {logging_mixin.py:120} INFO - [2023-11-12T20:06:16.090+0000] {taskmixin.py:205} WARNING - Dependency <Task(BashOperator): create_entry_group>, delete_entry_group already registered for DAG: example_complex
[2023-11-12T20:06:16.092+0000] {logging_mixin.py:120} INFO - [2023-11-12T20:06:16.092+0000] {taskmixin.py:205} WARNING - Dependency <Task(BashOperator): delete_entry_group>, create_entry_group already registered for DAG: example_complex
[2023-11-12T20:06:16.094+0000] {logging_mixin.py:120} INFO - [2023-11-12T20:06:16.094+0000] {taskmixin.py:205} WARNING - Dependency <Task(BashOperator): create_entry_gcs>, delete_entry already registered for DAG: example_complex
[2023-11-12T20:06:16.094+0000] {logging_mixin.py:120} INFO - [2023-11-12T20:06:16.094+0000] {taskmixin.py:205} WARNING - Dependency <Task(BashOperator): delete_entry>, create_entry_gcs already registered for DAG: example_complex
[2023-11-12T20:06:16.095+0000] {logging_mixin.py:120} INFO - [2023-11-12T20:06:16.095+0000] {taskmixin.py:205} WARNING - Dependency <Task(BashOperator): create_tag>, delete_tag already registered for DAG: example_complex
[2023-11-12T20:06:16.095+0000] {logging_mixin.py:120} INFO - [2023-11-12T20:06:16.095+0000] {taskmixin.py:205} WARNING - Dependency <Task(BashOperator): delete_tag>, create_tag already registered for DAG: example_complex
[2023-11-12T20:06:16.110+0000] {processor.py:766} INFO - DAG(s) dict_keys(['example_complex']) retrieved from /home/airflow/.local/lib/python3.7/site-packages/airflow/example_dags/example_complex.py
[2023-11-12T20:06:16.296+0000] {logging_mixin.py:120} INFO - [2023-11-12T20:06:16.296+0000] {dag.py:2585} INFO - Sync 1 DAGs
[2023-11-12T20:06:16.381+0000] {logging_mixin.py:120} INFO - [2023-11-12T20:06:16.381+0000] {dag.py:3340} INFO - Setting next_dagrun for example_complex to None, run_after=None
[2023-11-12T20:06:16.443+0000] {processor.py:176} INFO - Processing /home/airflow/.local/lib/python3.7/site-packages/airflow/example_dags/example_complex.py took 0.429 seconds
