[2023-11-12T19:53:16.963+0000] {processor.py:154} INFO - Started process (PID=79) to work on /home/airflow/.local/lib/python3.7/site-packages/airflow/example_dags/example_latest_only.py
[2023-11-12T19:53:16.978+0000] {processor.py:756} INFO - Processing file /home/airflow/.local/lib/python3.7/site-packages/airflow/example_dags/example_latest_only.py for tasks to queue
[2023-11-12T19:53:16.982+0000] {logging_mixin.py:120} INFO - [2023-11-12T19:53:16.982+0000] {dagbag.py:537} INFO - Filling up the DagBag from /home/airflow/.local/lib/python3.7/site-packages/airflow/example_dags/example_latest_only.py
[2023-11-12T19:53:17.047+0000] {processor.py:766} INFO - DAG(s) dict_keys(['latest_only']) retrieved from /home/airflow/.local/lib/python3.7/site-packages/airflow/example_dags/example_latest_only.py
[2023-11-12T19:53:17.772+0000] {logging_mixin.py:120} INFO - [2023-11-12T19:53:17.772+0000] {manager.py:507} INFO - Created Permission View: can edit on DAG:latest_only
[2023-11-12T19:53:17.804+0000] {logging_mixin.py:120} INFO - [2023-11-12T19:53:17.804+0000] {manager.py:507} INFO - Created Permission View: can delete on DAG:latest_only
[2023-11-12T19:53:17.819+0000] {logging_mixin.py:120} INFO - [2023-11-12T19:53:17.819+0000] {manager.py:507} INFO - Created Permission View: can read on DAG:latest_only
[2023-11-12T19:53:17.819+0000] {logging_mixin.py:120} INFO - [2023-11-12T19:53:17.819+0000] {dag.py:2585} INFO - Sync 1 DAGs
[2023-11-12T19:53:17.854+0000] {logging_mixin.py:120} INFO - [2023-11-12T19:53:17.854+0000] {dag.py:2606} INFO - Creating ORM DAG for latest_only
[2023-11-12T19:53:17.921+0000] {logging_mixin.py:120} INFO - [2023-11-12T19:53:17.921+0000] {dag.py:3340} INFO - Setting next_dagrun for latest_only to 2023-11-12T15:53:17.921143+00:00, run_after=2023-11-12T19:53:17.921143+00:00
[2023-11-12T19:53:18.003+0000] {processor.py:176} INFO - Processing /home/airflow/.local/lib/python3.7/site-packages/airflow/example_dags/example_latest_only.py took 1.053 seconds
[2023-11-12T19:53:48.551+0000] {processor.py:154} INFO - Started process (PID=133) to work on /home/airflow/.local/lib/python3.7/site-packages/airflow/example_dags/example_latest_only.py
[2023-11-12T19:53:48.551+0000] {processor.py:756} INFO - Processing file /home/airflow/.local/lib/python3.7/site-packages/airflow/example_dags/example_latest_only.py for tasks to queue
[2023-11-12T19:53:48.552+0000] {logging_mixin.py:120} INFO - [2023-11-12T19:53:48.552+0000] {dagbag.py:537} INFO - Filling up the DagBag from /home/airflow/.local/lib/python3.7/site-packages/airflow/example_dags/example_latest_only.py
[2023-11-12T19:53:48.570+0000] {processor.py:766} INFO - DAG(s) dict_keys(['latest_only']) retrieved from /home/airflow/.local/lib/python3.7/site-packages/airflow/example_dags/example_latest_only.py
[2023-11-12T19:53:48.621+0000] {logging_mixin.py:120} INFO - [2023-11-12T19:53:48.621+0000] {dag.py:2585} INFO - Sync 1 DAGs
[2023-11-12T19:53:48.653+0000] {logging_mixin.py:120} INFO - [2023-11-12T19:53:48.653+0000] {dag.py:3340} INFO - Setting next_dagrun for latest_only to 2023-11-12T15:53:48.653066+00:00, run_after=2023-11-12T19:53:48.653066+00:00
[2023-11-12T19:53:48.683+0000] {processor.py:176} INFO - Processing /home/airflow/.local/lib/python3.7/site-packages/airflow/example_dags/example_latest_only.py took 0.136 seconds
[2023-11-12T19:54:18.838+0000] {processor.py:154} INFO - Started process (PID=196) to work on /home/airflow/.local/lib/python3.7/site-packages/airflow/example_dags/example_latest_only.py
[2023-11-12T19:54:18.838+0000] {processor.py:756} INFO - Processing file /home/airflow/.local/lib/python3.7/site-packages/airflow/example_dags/example_latest_only.py for tasks to queue
[2023-11-12T19:54:18.839+0000] {logging_mixin.py:120} INFO - [2023-11-12T19:54:18.839+0000] {dagbag.py:537} INFO - Filling up the DagBag from /home/airflow/.local/lib/python3.7/site-packages/airflow/example_dags/example_latest_only.py
[2023-11-12T19:54:18.855+0000] {processor.py:766} INFO - DAG(s) dict_keys(['latest_only']) retrieved from /home/airflow/.local/lib/python3.7/site-packages/airflow/example_dags/example_latest_only.py
[2023-11-12T19:54:18.906+0000] {logging_mixin.py:120} INFO - [2023-11-12T19:54:18.906+0000] {dag.py:2585} INFO - Sync 1 DAGs
[2023-11-12T19:54:18.938+0000] {logging_mixin.py:120} INFO - [2023-11-12T19:54:18.938+0000] {dag.py:3340} INFO - Setting next_dagrun for latest_only to 2023-11-12T15:54:18.938348+00:00, run_after=2023-11-12T19:54:18.938348+00:00
[2023-11-12T19:54:18.965+0000] {processor.py:176} INFO - Processing /home/airflow/.local/lib/python3.7/site-packages/airflow/example_dags/example_latest_only.py took 0.131 seconds
[2023-11-12T19:57:08.289+0000] {processor.py:154} INFO - Started process (PID=69) to work on /home/airflow/.local/lib/python3.7/site-packages/airflow/example_dags/example_latest_only.py
[2023-11-12T19:57:08.289+0000] {processor.py:756} INFO - Processing file /home/airflow/.local/lib/python3.7/site-packages/airflow/example_dags/example_latest_only.py for tasks to queue
[2023-11-12T19:57:08.290+0000] {logging_mixin.py:120} INFO - [2023-11-12T19:57:08.290+0000] {dagbag.py:537} INFO - Filling up the DagBag from /home/airflow/.local/lib/python3.7/site-packages/airflow/example_dags/example_latest_only.py
[2023-11-12T19:57:08.344+0000] {processor.py:766} INFO - DAG(s) dict_keys(['latest_only']) retrieved from /home/airflow/.local/lib/python3.7/site-packages/airflow/example_dags/example_latest_only.py
[2023-11-12T19:57:08.689+0000] {logging_mixin.py:120} INFO - [2023-11-12T19:57:08.688+0000] {dag.py:2585} INFO - Sync 1 DAGs
[2023-11-12T19:57:08.896+0000] {logging_mixin.py:120} INFO - [2023-11-12T19:57:08.895+0000] {dag.py:3340} INFO - Setting next_dagrun for latest_only to 2023-11-12T15:57:08.895554+00:00, run_after=2023-11-12T19:57:08.895554+00:00
[2023-11-12T19:57:09.015+0000] {processor.py:176} INFO - Processing /home/airflow/.local/lib/python3.7/site-packages/airflow/example_dags/example_latest_only.py took 0.746 seconds
[2023-11-12T19:57:39.174+0000] {processor.py:154} INFO - Started process (PID=132) to work on /home/airflow/.local/lib/python3.7/site-packages/airflow/example_dags/example_latest_only.py
[2023-11-12T19:57:39.175+0000] {processor.py:756} INFO - Processing file /home/airflow/.local/lib/python3.7/site-packages/airflow/example_dags/example_latest_only.py for tasks to queue
[2023-11-12T19:57:39.176+0000] {logging_mixin.py:120} INFO - [2023-11-12T19:57:39.176+0000] {dagbag.py:537} INFO - Filling up the DagBag from /home/airflow/.local/lib/python3.7/site-packages/airflow/example_dags/example_latest_only.py
[2023-11-12T19:57:39.193+0000] {processor.py:766} INFO - DAG(s) dict_keys(['latest_only']) retrieved from /home/airflow/.local/lib/python3.7/site-packages/airflow/example_dags/example_latest_only.py
[2023-11-12T19:57:39.245+0000] {logging_mixin.py:120} INFO - [2023-11-12T19:57:39.245+0000] {dag.py:2585} INFO - Sync 1 DAGs
[2023-11-12T19:57:39.279+0000] {logging_mixin.py:120} INFO - [2023-11-12T19:57:39.278+0000] {dag.py:3340} INFO - Setting next_dagrun for latest_only to 2023-11-12T15:57:39.278708+00:00, run_after=2023-11-12T19:57:39.278708+00:00
[2023-11-12T19:57:39.304+0000] {processor.py:176} INFO - Processing /home/airflow/.local/lib/python3.7/site-packages/airflow/example_dags/example_latest_only.py took 0.134 seconds
[2023-11-12T19:59:02.163+0000] {processor.py:154} INFO - Started process (PID=71) to work on /home/airflow/.local/lib/python3.7/site-packages/airflow/example_dags/example_latest_only.py
[2023-11-12T19:59:02.173+0000] {processor.py:756} INFO - Processing file /home/airflow/.local/lib/python3.7/site-packages/airflow/example_dags/example_latest_only.py for tasks to queue
[2023-11-12T19:59:02.175+0000] {logging_mixin.py:120} INFO - [2023-11-12T19:59:02.175+0000] {dagbag.py:537} INFO - Filling up the DagBag from /home/airflow/.local/lib/python3.7/site-packages/airflow/example_dags/example_latest_only.py
[2023-11-12T19:59:02.230+0000] {processor.py:766} INFO - DAG(s) dict_keys(['latest_only']) retrieved from /home/airflow/.local/lib/python3.7/site-packages/airflow/example_dags/example_latest_only.py
[2023-11-12T19:59:02.450+0000] {logging_mixin.py:120} INFO - [2023-11-12T19:59:02.450+0000] {dag.py:2585} INFO - Sync 1 DAGs
[2023-11-12T19:59:02.589+0000] {logging_mixin.py:120} INFO - [2023-11-12T19:59:02.588+0000] {dag.py:3340} INFO - Setting next_dagrun for latest_only to 2023-11-12T15:59:02.588604+00:00, run_after=2023-11-12T19:59:02.588604+00:00
[2023-11-12T19:59:02.655+0000] {processor.py:176} INFO - Processing /home/airflow/.local/lib/python3.7/site-packages/airflow/example_dags/example_latest_only.py took 0.506 seconds
[2023-11-12T19:59:33.311+0000] {processor.py:154} INFO - Started process (PID=135) to work on /home/airflow/.local/lib/python3.7/site-packages/airflow/example_dags/example_latest_only.py
[2023-11-12T19:59:33.312+0000] {processor.py:756} INFO - Processing file /home/airflow/.local/lib/python3.7/site-packages/airflow/example_dags/example_latest_only.py for tasks to queue
[2023-11-12T19:59:33.313+0000] {logging_mixin.py:120} INFO - [2023-11-12T19:59:33.313+0000] {dagbag.py:537} INFO - Filling up the DagBag from /home/airflow/.local/lib/python3.7/site-packages/airflow/example_dags/example_latest_only.py
[2023-11-12T19:59:33.332+0000] {processor.py:766} INFO - DAG(s) dict_keys(['latest_only']) retrieved from /home/airflow/.local/lib/python3.7/site-packages/airflow/example_dags/example_latest_only.py
[2023-11-12T19:59:33.384+0000] {logging_mixin.py:120} INFO - [2023-11-12T19:59:33.384+0000] {dag.py:2585} INFO - Sync 1 DAGs
[2023-11-12T19:59:33.417+0000] {logging_mixin.py:120} INFO - [2023-11-12T19:59:33.417+0000] {dag.py:3340} INFO - Setting next_dagrun for latest_only to 2023-11-12T15:59:33.416933+00:00, run_after=2023-11-12T19:59:33.416933+00:00
[2023-11-12T19:59:33.455+0000] {processor.py:176} INFO - Processing /home/airflow/.local/lib/python3.7/site-packages/airflow/example_dags/example_latest_only.py took 0.146 seconds
[2023-11-12T20:00:03.993+0000] {processor.py:154} INFO - Started process (PID=191) to work on /home/airflow/.local/lib/python3.7/site-packages/airflow/example_dags/example_latest_only.py
[2023-11-12T20:00:03.998+0000] {processor.py:756} INFO - Processing file /home/airflow/.local/lib/python3.7/site-packages/airflow/example_dags/example_latest_only.py for tasks to queue
[2023-11-12T20:00:03.999+0000] {logging_mixin.py:120} INFO - [2023-11-12T20:00:03.999+0000] {dagbag.py:537} INFO - Filling up the DagBag from /home/airflow/.local/lib/python3.7/site-packages/airflow/example_dags/example_latest_only.py
[2023-11-12T20:00:04.031+0000] {processor.py:766} INFO - DAG(s) dict_keys(['latest_only']) retrieved from /home/airflow/.local/lib/python3.7/site-packages/airflow/example_dags/example_latest_only.py
[2023-11-12T20:00:04.153+0000] {logging_mixin.py:120} INFO - [2023-11-12T20:00:04.152+0000] {dag.py:2585} INFO - Sync 1 DAGs
[2023-11-12T20:00:04.230+0000] {logging_mixin.py:120} INFO - [2023-11-12T20:00:04.230+0000] {dag.py:3340} INFO - Setting next_dagrun for latest_only to 2023-11-12T16:00:04.230456+00:00, run_after=2023-11-12T20:00:04.230456+00:00
[2023-11-12T20:00:04.281+0000] {processor.py:176} INFO - Processing /home/airflow/.local/lib/python3.7/site-packages/airflow/example_dags/example_latest_only.py took 0.292 seconds
[2023-11-12T20:00:34.497+0000] {processor.py:154} INFO - Started process (PID=254) to work on /home/airflow/.local/lib/python3.7/site-packages/airflow/example_dags/example_latest_only.py
[2023-11-12T20:00:34.498+0000] {processor.py:756} INFO - Processing file /home/airflow/.local/lib/python3.7/site-packages/airflow/example_dags/example_latest_only.py for tasks to queue
[2023-11-12T20:00:34.500+0000] {logging_mixin.py:120} INFO - [2023-11-12T20:00:34.500+0000] {dagbag.py:537} INFO - Filling up the DagBag from /home/airflow/.local/lib/python3.7/site-packages/airflow/example_dags/example_latest_only.py
[2023-11-12T20:00:34.545+0000] {processor.py:766} INFO - DAG(s) dict_keys(['latest_only']) retrieved from /home/airflow/.local/lib/python3.7/site-packages/airflow/example_dags/example_latest_only.py
[2023-11-12T20:00:34.632+0000] {logging_mixin.py:120} INFO - [2023-11-12T20:00:34.632+0000] {dag.py:2585} INFO - Sync 1 DAGs
[2023-11-12T20:00:34.657+0000] {logging_mixin.py:120} INFO - [2023-11-12T20:00:34.657+0000] {dag.py:3340} INFO - Setting next_dagrun for latest_only to 2023-11-12T16:00:34.657442+00:00, run_after=2023-11-12T20:00:34.657442+00:00
[2023-11-12T20:00:34.681+0000] {processor.py:176} INFO - Processing /home/airflow/.local/lib/python3.7/site-packages/airflow/example_dags/example_latest_only.py took 0.194 seconds
[2023-11-12T20:01:05.087+0000] {processor.py:154} INFO - Started process (PID=317) to work on /home/airflow/.local/lib/python3.7/site-packages/airflow/example_dags/example_latest_only.py
[2023-11-12T20:01:05.096+0000] {processor.py:756} INFO - Processing file /home/airflow/.local/lib/python3.7/site-packages/airflow/example_dags/example_latest_only.py for tasks to queue
[2023-11-12T20:01:05.096+0000] {logging_mixin.py:120} INFO - [2023-11-12T20:01:05.096+0000] {dagbag.py:537} INFO - Filling up the DagBag from /home/airflow/.local/lib/python3.7/site-packages/airflow/example_dags/example_latest_only.py
[2023-11-12T20:01:05.144+0000] {processor.py:766} INFO - DAG(s) dict_keys(['latest_only']) retrieved from /home/airflow/.local/lib/python3.7/site-packages/airflow/example_dags/example_latest_only.py
[2023-11-12T20:01:05.249+0000] {logging_mixin.py:120} INFO - [2023-11-12T20:01:05.249+0000] {dag.py:2585} INFO - Sync 1 DAGs
[2023-11-12T20:01:05.317+0000] {logging_mixin.py:120} INFO - [2023-11-12T20:01:05.317+0000] {dag.py:3340} INFO - Setting next_dagrun for latest_only to 2023-11-12T16:01:05.317015+00:00, run_after=2023-11-12T20:01:05.317015+00:00
[2023-11-12T20:01:05.398+0000] {processor.py:176} INFO - Processing /home/airflow/.local/lib/python3.7/site-packages/airflow/example_dags/example_latest_only.py took 0.314 seconds
[2023-11-12T20:01:36.060+0000] {processor.py:154} INFO - Started process (PID=371) to work on /home/airflow/.local/lib/python3.7/site-packages/airflow/example_dags/example_latest_only.py
[2023-11-12T20:01:36.069+0000] {processor.py:756} INFO - Processing file /home/airflow/.local/lib/python3.7/site-packages/airflow/example_dags/example_latest_only.py for tasks to queue
[2023-11-12T20:01:36.070+0000] {logging_mixin.py:120} INFO - [2023-11-12T20:01:36.070+0000] {dagbag.py:537} INFO - Filling up the DagBag from /home/airflow/.local/lib/python3.7/site-packages/airflow/example_dags/example_latest_only.py
[2023-11-12T20:01:36.103+0000] {processor.py:766} INFO - DAG(s) dict_keys(['latest_only']) retrieved from /home/airflow/.local/lib/python3.7/site-packages/airflow/example_dags/example_latest_only.py
[2023-11-12T20:01:36.168+0000] {logging_mixin.py:120} INFO - [2023-11-12T20:01:36.167+0000] {dag.py:2585} INFO - Sync 1 DAGs
[2023-11-12T20:01:36.247+0000] {logging_mixin.py:120} INFO - [2023-11-12T20:01:36.246+0000] {dag.py:3340} INFO - Setting next_dagrun for latest_only to 2023-11-12T16:01:36.245391+00:00, run_after=2023-11-12T20:01:36.245391+00:00
[2023-11-12T20:01:36.312+0000] {processor.py:176} INFO - Processing /home/airflow/.local/lib/python3.7/site-packages/airflow/example_dags/example_latest_only.py took 0.258 seconds
[2023-11-12T20:02:06.839+0000] {processor.py:154} INFO - Started process (PID=434) to work on /home/airflow/.local/lib/python3.7/site-packages/airflow/example_dags/example_latest_only.py
[2023-11-12T20:02:06.840+0000] {processor.py:756} INFO - Processing file /home/airflow/.local/lib/python3.7/site-packages/airflow/example_dags/example_latest_only.py for tasks to queue
[2023-11-12T20:02:06.840+0000] {logging_mixin.py:120} INFO - [2023-11-12T20:02:06.840+0000] {dagbag.py:537} INFO - Filling up the DagBag from /home/airflow/.local/lib/python3.7/site-packages/airflow/example_dags/example_latest_only.py
[2023-11-12T20:02:06.857+0000] {processor.py:766} INFO - DAG(s) dict_keys(['latest_only']) retrieved from /home/airflow/.local/lib/python3.7/site-packages/airflow/example_dags/example_latest_only.py
[2023-11-12T20:02:06.902+0000] {logging_mixin.py:120} INFO - [2023-11-12T20:02:06.902+0000] {dag.py:2585} INFO - Sync 1 DAGs
[2023-11-12T20:02:06.971+0000] {logging_mixin.py:120} INFO - [2023-11-12T20:02:06.962+0000] {dag.py:3340} INFO - Setting next_dagrun for latest_only to 2023-11-12T16:02:06.961425+00:00, run_after=2023-11-12T20:02:06.961425+00:00
[2023-11-12T20:02:07.004+0000] {processor.py:176} INFO - Processing /home/airflow/.local/lib/python3.7/site-packages/airflow/example_dags/example_latest_only.py took 0.170 seconds
[2023-11-12T20:02:37.854+0000] {processor.py:154} INFO - Started process (PID=497) to work on /home/airflow/.local/lib/python3.7/site-packages/airflow/example_dags/example_latest_only.py
[2023-11-12T20:02:37.855+0000] {processor.py:756} INFO - Processing file /home/airflow/.local/lib/python3.7/site-packages/airflow/example_dags/example_latest_only.py for tasks to queue
[2023-11-12T20:02:37.870+0000] {logging_mixin.py:120} INFO - [2023-11-12T20:02:37.870+0000] {dagbag.py:537} INFO - Filling up the DagBag from /home/airflow/.local/lib/python3.7/site-packages/airflow/example_dags/example_latest_only.py
[2023-11-12T20:02:37.893+0000] {processor.py:766} INFO - DAG(s) dict_keys(['latest_only']) retrieved from /home/airflow/.local/lib/python3.7/site-packages/airflow/example_dags/example_latest_only.py
[2023-11-12T20:02:37.947+0000] {logging_mixin.py:120} INFO - [2023-11-12T20:02:37.947+0000] {dag.py:2585} INFO - Sync 1 DAGs
[2023-11-12T20:02:37.991+0000] {logging_mixin.py:120} INFO - [2023-11-12T20:02:37.991+0000] {dag.py:3340} INFO - Setting next_dagrun for latest_only to 2023-11-12T16:02:37.990751+00:00, run_after=2023-11-12T20:02:37.990751+00:00
[2023-11-12T20:02:38.038+0000] {processor.py:176} INFO - Processing /home/airflow/.local/lib/python3.7/site-packages/airflow/example_dags/example_latest_only.py took 0.191 seconds
[2023-11-12T20:03:08.925+0000] {processor.py:154} INFO - Started process (PID=552) to work on /home/airflow/.local/lib/python3.7/site-packages/airflow/example_dags/example_latest_only.py
[2023-11-12T20:03:08.926+0000] {processor.py:756} INFO - Processing file /home/airflow/.local/lib/python3.7/site-packages/airflow/example_dags/example_latest_only.py for tasks to queue
[2023-11-12T20:03:08.926+0000] {logging_mixin.py:120} INFO - [2023-11-12T20:03:08.926+0000] {dagbag.py:537} INFO - Filling up the DagBag from /home/airflow/.local/lib/python3.7/site-packages/airflow/example_dags/example_latest_only.py
[2023-11-12T20:03:08.978+0000] {processor.py:766} INFO - DAG(s) dict_keys(['latest_only']) retrieved from /home/airflow/.local/lib/python3.7/site-packages/airflow/example_dags/example_latest_only.py
[2023-11-12T20:03:09.075+0000] {logging_mixin.py:120} INFO - [2023-11-12T20:03:09.075+0000] {dag.py:2585} INFO - Sync 1 DAGs
[2023-11-12T20:03:09.127+0000] {logging_mixin.py:120} INFO - [2023-11-12T20:03:09.127+0000] {dag.py:3340} INFO - Setting next_dagrun for latest_only to 2023-11-12T16:03:09.127397+00:00, run_after=2023-11-12T20:03:09.127397+00:00
[2023-11-12T20:03:09.162+0000] {processor.py:176} INFO - Processing /home/airflow/.local/lib/python3.7/site-packages/airflow/example_dags/example_latest_only.py took 0.264 seconds
[2023-11-12T20:03:40.008+0000] {processor.py:154} INFO - Started process (PID=616) to work on /home/airflow/.local/lib/python3.7/site-packages/airflow/example_dags/example_latest_only.py
[2023-11-12T20:03:40.013+0000] {processor.py:756} INFO - Processing file /home/airflow/.local/lib/python3.7/site-packages/airflow/example_dags/example_latest_only.py for tasks to queue
[2023-11-12T20:03:40.014+0000] {logging_mixin.py:120} INFO - [2023-11-12T20:03:40.014+0000] {dagbag.py:537} INFO - Filling up the DagBag from /home/airflow/.local/lib/python3.7/site-packages/airflow/example_dags/example_latest_only.py
[2023-11-12T20:03:40.037+0000] {processor.py:766} INFO - DAG(s) dict_keys(['latest_only']) retrieved from /home/airflow/.local/lib/python3.7/site-packages/airflow/example_dags/example_latest_only.py
[2023-11-12T20:03:40.108+0000] {logging_mixin.py:120} INFO - [2023-11-12T20:03:40.108+0000] {dag.py:2585} INFO - Sync 1 DAGs
[2023-11-12T20:03:40.173+0000] {logging_mixin.py:120} INFO - [2023-11-12T20:03:40.173+0000] {dag.py:3340} INFO - Setting next_dagrun for latest_only to 2023-11-12T16:03:40.173234+00:00, run_after=2023-11-12T20:03:40.173234+00:00
[2023-11-12T20:03:40.253+0000] {processor.py:176} INFO - Processing /home/airflow/.local/lib/python3.7/site-packages/airflow/example_dags/example_latest_only.py took 0.261 seconds
[2023-11-12T20:04:11.189+0000] {processor.py:154} INFO - Started process (PID=680) to work on /home/airflow/.local/lib/python3.7/site-packages/airflow/example_dags/example_latest_only.py
[2023-11-12T20:04:11.190+0000] {processor.py:756} INFO - Processing file /home/airflow/.local/lib/python3.7/site-packages/airflow/example_dags/example_latest_only.py for tasks to queue
[2023-11-12T20:04:11.190+0000] {logging_mixin.py:120} INFO - [2023-11-12T20:04:11.190+0000] {dagbag.py:537} INFO - Filling up the DagBag from /home/airflow/.local/lib/python3.7/site-packages/airflow/example_dags/example_latest_only.py
[2023-11-12T20:04:11.206+0000] {processor.py:766} INFO - DAG(s) dict_keys(['latest_only']) retrieved from /home/airflow/.local/lib/python3.7/site-packages/airflow/example_dags/example_latest_only.py
[2023-11-12T20:04:11.252+0000] {logging_mixin.py:120} INFO - [2023-11-12T20:04:11.252+0000] {dag.py:2585} INFO - Sync 1 DAGs
[2023-11-12T20:04:11.284+0000] {logging_mixin.py:120} INFO - [2023-11-12T20:04:11.284+0000] {dag.py:3340} INFO - Setting next_dagrun for latest_only to 2023-11-12T16:04:11.284442+00:00, run_after=2023-11-12T20:04:11.284442+00:00
[2023-11-12T20:04:11.322+0000] {processor.py:176} INFO - Processing /home/airflow/.local/lib/python3.7/site-packages/airflow/example_dags/example_latest_only.py took 0.137 seconds
[2023-11-12T20:04:42.016+0000] {processor.py:154} INFO - Started process (PID=744) to work on /home/airflow/.local/lib/python3.7/site-packages/airflow/example_dags/example_latest_only.py
[2023-11-12T20:04:42.017+0000] {processor.py:756} INFO - Processing file /home/airflow/.local/lib/python3.7/site-packages/airflow/example_dags/example_latest_only.py for tasks to queue
[2023-11-12T20:04:42.018+0000] {logging_mixin.py:120} INFO - [2023-11-12T20:04:42.018+0000] {dagbag.py:537} INFO - Filling up the DagBag from /home/airflow/.local/lib/python3.7/site-packages/airflow/example_dags/example_latest_only.py
[2023-11-12T20:04:42.038+0000] {processor.py:766} INFO - DAG(s) dict_keys(['latest_only']) retrieved from /home/airflow/.local/lib/python3.7/site-packages/airflow/example_dags/example_latest_only.py
[2023-11-12T20:04:42.158+0000] {logging_mixin.py:120} INFO - [2023-11-12T20:04:42.157+0000] {dag.py:2585} INFO - Sync 1 DAGs
[2023-11-12T20:04:42.188+0000] {logging_mixin.py:120} INFO - [2023-11-12T20:04:42.188+0000] {dag.py:3340} INFO - Setting next_dagrun for latest_only to 2023-11-12T16:04:42.188274+00:00, run_after=2023-11-12T20:04:42.188274+00:00
[2023-11-12T20:04:42.214+0000] {processor.py:176} INFO - Processing /home/airflow/.local/lib/python3.7/site-packages/airflow/example_dags/example_latest_only.py took 0.210 seconds
[2023-11-12T20:05:12.754+0000] {processor.py:154} INFO - Started process (PID=799) to work on /home/airflow/.local/lib/python3.7/site-packages/airflow/example_dags/example_latest_only.py
[2023-11-12T20:05:12.754+0000] {processor.py:756} INFO - Processing file /home/airflow/.local/lib/python3.7/site-packages/airflow/example_dags/example_latest_only.py for tasks to queue
[2023-11-12T20:05:12.755+0000] {logging_mixin.py:120} INFO - [2023-11-12T20:05:12.755+0000] {dagbag.py:537} INFO - Filling up the DagBag from /home/airflow/.local/lib/python3.7/site-packages/airflow/example_dags/example_latest_only.py
[2023-11-12T20:05:12.771+0000] {processor.py:766} INFO - DAG(s) dict_keys(['latest_only']) retrieved from /home/airflow/.local/lib/python3.7/site-packages/airflow/example_dags/example_latest_only.py
[2023-11-12T20:05:12.842+0000] {logging_mixin.py:120} INFO - [2023-11-12T20:05:12.842+0000] {dag.py:2585} INFO - Sync 1 DAGs
[2023-11-12T20:05:12.925+0000] {logging_mixin.py:120} INFO - [2023-11-12T20:05:12.924+0000] {dag.py:3340} INFO - Setting next_dagrun for latest_only to 2023-11-12T16:05:12.924612+00:00, run_after=2023-11-12T20:05:12.924612+00:00
[2023-11-12T20:05:12.980+0000] {processor.py:176} INFO - Processing /home/airflow/.local/lib/python3.7/site-packages/airflow/example_dags/example_latest_only.py took 0.229 seconds
[2023-11-12T20:05:43.403+0000] {processor.py:154} INFO - Started process (PID=860) to work on /home/airflow/.local/lib/python3.7/site-packages/airflow/example_dags/example_latest_only.py
[2023-11-12T20:05:43.403+0000] {processor.py:756} INFO - Processing file /home/airflow/.local/lib/python3.7/site-packages/airflow/example_dags/example_latest_only.py for tasks to queue
[2023-11-12T20:05:43.404+0000] {logging_mixin.py:120} INFO - [2023-11-12T20:05:43.404+0000] {dagbag.py:537} INFO - Filling up the DagBag from /home/airflow/.local/lib/python3.7/site-packages/airflow/example_dags/example_latest_only.py
[2023-11-12T20:05:43.467+0000] {processor.py:766} INFO - DAG(s) dict_keys(['latest_only']) retrieved from /home/airflow/.local/lib/python3.7/site-packages/airflow/example_dags/example_latest_only.py
[2023-11-12T20:05:43.615+0000] {logging_mixin.py:120} INFO - [2023-11-12T20:05:43.615+0000] {dag.py:2585} INFO - Sync 1 DAGs
[2023-11-12T20:05:43.738+0000] {logging_mixin.py:120} INFO - [2023-11-12T20:05:43.738+0000] {dag.py:3340} INFO - Setting next_dagrun for latest_only to 2023-11-12T16:05:43.737269+00:00, run_after=2023-11-12T20:05:43.737269+00:00
[2023-11-12T20:05:43.852+0000] {processor.py:176} INFO - Processing /home/airflow/.local/lib/python3.7/site-packages/airflow/example_dags/example_latest_only.py took 0.452 seconds
[2023-11-12T20:06:14.678+0000] {processor.py:154} INFO - Started process (PID=914) to work on /home/airflow/.local/lib/python3.7/site-packages/airflow/example_dags/example_latest_only.py
[2023-11-12T20:06:14.686+0000] {processor.py:756} INFO - Processing file /home/airflow/.local/lib/python3.7/site-packages/airflow/example_dags/example_latest_only.py for tasks to queue
[2023-11-12T20:06:14.687+0000] {logging_mixin.py:120} INFO - [2023-11-12T20:06:14.686+0000] {dagbag.py:537} INFO - Filling up the DagBag from /home/airflow/.local/lib/python3.7/site-packages/airflow/example_dags/example_latest_only.py
[2023-11-12T20:06:14.719+0000] {processor.py:766} INFO - DAG(s) dict_keys(['latest_only']) retrieved from /home/airflow/.local/lib/python3.7/site-packages/airflow/example_dags/example_latest_only.py
[2023-11-12T20:06:14.846+0000] {logging_mixin.py:120} INFO - [2023-11-12T20:06:14.846+0000] {dag.py:2585} INFO - Sync 1 DAGs
[2023-11-12T20:06:14.944+0000] {logging_mixin.py:120} INFO - [2023-11-12T20:06:14.944+0000] {dag.py:3340} INFO - Setting next_dagrun for latest_only to 2023-11-12T16:06:14.941082+00:00, run_after=2023-11-12T20:06:14.941082+00:00
[2023-11-12T20:06:15.063+0000] {processor.py:176} INFO - Processing /home/airflow/.local/lib/python3.7/site-packages/airflow/example_dags/example_latest_only.py took 0.388 seconds
[2023-11-12T20:06:45.281+0000] {processor.py:154} INFO - Started process (PID=976) to work on /home/airflow/.local/lib/python3.7/site-packages/airflow/example_dags/example_latest_only.py
[2023-11-12T20:06:45.282+0000] {processor.py:756} INFO - Processing file /home/airflow/.local/lib/python3.7/site-packages/airflow/example_dags/example_latest_only.py for tasks to queue
[2023-11-12T20:06:45.283+0000] {logging_mixin.py:120} INFO - [2023-11-12T20:06:45.283+0000] {dagbag.py:537} INFO - Filling up the DagBag from /home/airflow/.local/lib/python3.7/site-packages/airflow/example_dags/example_latest_only.py
[2023-11-12T20:06:45.296+0000] {processor.py:766} INFO - DAG(s) dict_keys(['latest_only']) retrieved from /home/airflow/.local/lib/python3.7/site-packages/airflow/example_dags/example_latest_only.py
[2023-11-12T20:06:45.329+0000] {logging_mixin.py:120} INFO - [2023-11-12T20:06:45.329+0000] {dag.py:2585} INFO - Sync 1 DAGs
[2023-11-12T20:06:45.362+0000] {logging_mixin.py:120} INFO - [2023-11-12T20:06:45.362+0000] {dag.py:3340} INFO - Setting next_dagrun for latest_only to 2023-11-12T16:06:45.362625+00:00, run_after=2023-11-12T20:06:45.362625+00:00
[2023-11-12T20:06:45.386+0000] {processor.py:176} INFO - Processing /home/airflow/.local/lib/python3.7/site-packages/airflow/example_dags/example_latest_only.py took 0.107 seconds
[2023-11-12T20:07:15.606+0000] {processor.py:154} INFO - Started process (PID=1029) to work on /home/airflow/.local/lib/python3.7/site-packages/airflow/example_dags/example_latest_only.py
[2023-11-12T20:07:15.607+0000] {processor.py:756} INFO - Processing file /home/airflow/.local/lib/python3.7/site-packages/airflow/example_dags/example_latest_only.py for tasks to queue
[2023-11-12T20:07:15.608+0000] {logging_mixin.py:120} INFO - [2023-11-12T20:07:15.607+0000] {dagbag.py:537} INFO - Filling up the DagBag from /home/airflow/.local/lib/python3.7/site-packages/airflow/example_dags/example_latest_only.py
[2023-11-12T20:07:15.619+0000] {processor.py:766} INFO - DAG(s) dict_keys(['latest_only']) retrieved from /home/airflow/.local/lib/python3.7/site-packages/airflow/example_dags/example_latest_only.py
[2023-11-12T20:07:15.655+0000] {logging_mixin.py:120} INFO - [2023-11-12T20:07:15.655+0000] {dag.py:2585} INFO - Sync 1 DAGs
[2023-11-12T20:07:15.675+0000] {logging_mixin.py:120} INFO - [2023-11-12T20:07:15.675+0000] {dag.py:3340} INFO - Setting next_dagrun for latest_only to 2023-11-12T16:07:15.675594+00:00, run_after=2023-11-12T20:07:15.675594+00:00
[2023-11-12T20:07:15.698+0000] {processor.py:176} INFO - Processing /home/airflow/.local/lib/python3.7/site-packages/airflow/example_dags/example_latest_only.py took 0.094 seconds
[2023-11-12T20:07:46.088+0000] {processor.py:154} INFO - Started process (PID=1092) to work on /home/airflow/.local/lib/python3.7/site-packages/airflow/example_dags/example_latest_only.py
[2023-11-12T20:07:46.089+0000] {processor.py:756} INFO - Processing file /home/airflow/.local/lib/python3.7/site-packages/airflow/example_dags/example_latest_only.py for tasks to queue
[2023-11-12T20:07:46.089+0000] {logging_mixin.py:120} INFO - [2023-11-12T20:07:46.089+0000] {dagbag.py:537} INFO - Filling up the DagBag from /home/airflow/.local/lib/python3.7/site-packages/airflow/example_dags/example_latest_only.py
[2023-11-12T20:07:46.102+0000] {processor.py:766} INFO - DAG(s) dict_keys(['latest_only']) retrieved from /home/airflow/.local/lib/python3.7/site-packages/airflow/example_dags/example_latest_only.py
[2023-11-12T20:07:46.140+0000] {logging_mixin.py:120} INFO - [2023-11-12T20:07:46.139+0000] {dag.py:2585} INFO - Sync 1 DAGs
[2023-11-12T20:07:46.159+0000] {logging_mixin.py:120} INFO - [2023-11-12T20:07:46.159+0000] {dag.py:3340} INFO - Setting next_dagrun for latest_only to 2023-11-12T16:07:46.159658+00:00, run_after=2023-11-12T20:07:46.159658+00:00
[2023-11-12T20:07:46.185+0000] {processor.py:176} INFO - Processing /home/airflow/.local/lib/python3.7/site-packages/airflow/example_dags/example_latest_only.py took 0.100 seconds
[2023-11-12T20:08:16.371+0000] {processor.py:154} INFO - Started process (PID=1145) to work on /home/airflow/.local/lib/python3.7/site-packages/airflow/example_dags/example_latest_only.py
[2023-11-12T20:08:16.371+0000] {processor.py:756} INFO - Processing file /home/airflow/.local/lib/python3.7/site-packages/airflow/example_dags/example_latest_only.py for tasks to queue
[2023-11-12T20:08:16.372+0000] {logging_mixin.py:120} INFO - [2023-11-12T20:08:16.372+0000] {dagbag.py:537} INFO - Filling up the DagBag from /home/airflow/.local/lib/python3.7/site-packages/airflow/example_dags/example_latest_only.py
[2023-11-12T20:08:16.383+0000] {processor.py:766} INFO - DAG(s) dict_keys(['latest_only']) retrieved from /home/airflow/.local/lib/python3.7/site-packages/airflow/example_dags/example_latest_only.py
[2023-11-12T20:08:16.415+0000] {logging_mixin.py:120} INFO - [2023-11-12T20:08:16.415+0000] {dag.py:2585} INFO - Sync 1 DAGs
[2023-11-12T20:08:16.436+0000] {logging_mixin.py:120} INFO - [2023-11-12T20:08:16.436+0000] {dag.py:3340} INFO - Setting next_dagrun for latest_only to 2023-11-12T16:08:16.436643+00:00, run_after=2023-11-12T20:08:16.436643+00:00
[2023-11-12T20:08:16.459+0000] {processor.py:176} INFO - Processing /home/airflow/.local/lib/python3.7/site-packages/airflow/example_dags/example_latest_only.py took 0.090 seconds
[2023-11-12T20:08:46.944+0000] {processor.py:154} INFO - Started process (PID=1207) to work on /home/airflow/.local/lib/python3.7/site-packages/airflow/example_dags/example_latest_only.py
[2023-11-12T20:08:46.952+0000] {processor.py:756} INFO - Processing file /home/airflow/.local/lib/python3.7/site-packages/airflow/example_dags/example_latest_only.py for tasks to queue
[2023-11-12T20:08:46.954+0000] {logging_mixin.py:120} INFO - [2023-11-12T20:08:46.953+0000] {dagbag.py:537} INFO - Filling up the DagBag from /home/airflow/.local/lib/python3.7/site-packages/airflow/example_dags/example_latest_only.py
[2023-11-12T20:08:47.008+0000] {processor.py:766} INFO - DAG(s) dict_keys(['latest_only']) retrieved from /home/airflow/.local/lib/python3.7/site-packages/airflow/example_dags/example_latest_only.py
[2023-11-12T20:08:47.257+0000] {logging_mixin.py:120} INFO - [2023-11-12T20:08:47.257+0000] {dag.py:2585} INFO - Sync 1 DAGs
[2023-11-12T20:08:47.357+0000] {logging_mixin.py:120} INFO - [2023-11-12T20:08:47.357+0000] {dag.py:3340} INFO - Setting next_dagrun for latest_only to 2023-11-12T16:08:47.357059+00:00, run_after=2023-11-12T20:08:47.357059+00:00
[2023-11-12T20:08:47.437+0000] {processor.py:176} INFO - Processing /home/airflow/.local/lib/python3.7/site-packages/airflow/example_dags/example_latest_only.py took 0.507 seconds
[2023-11-12T20:09:17.755+0000] {processor.py:154} INFO - Started process (PID=1261) to work on /home/airflow/.local/lib/python3.7/site-packages/airflow/example_dags/example_latest_only.py
[2023-11-12T20:09:17.761+0000] {processor.py:756} INFO - Processing file /home/airflow/.local/lib/python3.7/site-packages/airflow/example_dags/example_latest_only.py for tasks to queue
[2023-11-12T20:09:17.762+0000] {logging_mixin.py:120} INFO - [2023-11-12T20:09:17.762+0000] {dagbag.py:537} INFO - Filling up the DagBag from /home/airflow/.local/lib/python3.7/site-packages/airflow/example_dags/example_latest_only.py
[2023-11-12T20:09:17.780+0000] {processor.py:766} INFO - DAG(s) dict_keys(['latest_only']) retrieved from /home/airflow/.local/lib/python3.7/site-packages/airflow/example_dags/example_latest_only.py
[2023-11-12T20:09:17.831+0000] {logging_mixin.py:120} INFO - [2023-11-12T20:09:17.831+0000] {dag.py:2585} INFO - Sync 1 DAGs
[2023-11-12T20:09:17.864+0000] {logging_mixin.py:120} INFO - [2023-11-12T20:09:17.864+0000] {dag.py:3340} INFO - Setting next_dagrun for latest_only to 2023-11-12T16:09:17.864280+00:00, run_after=2023-11-12T20:09:17.864280+00:00
[2023-11-12T20:09:17.886+0000] {processor.py:176} INFO - Processing /home/airflow/.local/lib/python3.7/site-packages/airflow/example_dags/example_latest_only.py took 0.135 seconds
[2023-11-12T20:09:48.742+0000] {processor.py:154} INFO - Started process (PID=1314) to work on /home/airflow/.local/lib/python3.7/site-packages/airflow/example_dags/example_latest_only.py
[2023-11-12T20:09:48.742+0000] {processor.py:756} INFO - Processing file /home/airflow/.local/lib/python3.7/site-packages/airflow/example_dags/example_latest_only.py for tasks to queue
[2023-11-12T20:09:48.743+0000] {logging_mixin.py:120} INFO - [2023-11-12T20:09:48.743+0000] {dagbag.py:537} INFO - Filling up the DagBag from /home/airflow/.local/lib/python3.7/site-packages/airflow/example_dags/example_latest_only.py
[2023-11-12T20:09:48.754+0000] {processor.py:766} INFO - DAG(s) dict_keys(['latest_only']) retrieved from /home/airflow/.local/lib/python3.7/site-packages/airflow/example_dags/example_latest_only.py
[2023-11-12T20:09:48.784+0000] {logging_mixin.py:120} INFO - [2023-11-12T20:09:48.784+0000] {dag.py:2585} INFO - Sync 1 DAGs
[2023-11-12T20:09:48.804+0000] {logging_mixin.py:120} INFO - [2023-11-12T20:09:48.804+0000] {dag.py:3340} INFO - Setting next_dagrun for latest_only to 2023-11-12T16:09:48.803963+00:00, run_after=2023-11-12T20:09:48.803963+00:00
[2023-11-12T20:09:48.826+0000] {processor.py:176} INFO - Processing /home/airflow/.local/lib/python3.7/site-packages/airflow/example_dags/example_latest_only.py took 0.088 seconds
[2023-11-12T20:10:22.269+0000] {processor.py:154} INFO - Started process (PID=1374) to work on /home/airflow/.local/lib/python3.7/site-packages/airflow/example_dags/example_latest_only.py
[2023-11-12T20:10:22.270+0000] {processor.py:756} INFO - Processing file /home/airflow/.local/lib/python3.7/site-packages/airflow/example_dags/example_latest_only.py for tasks to queue
[2023-11-12T20:10:22.271+0000] {logging_mixin.py:120} INFO - [2023-11-12T20:10:22.271+0000] {dagbag.py:537} INFO - Filling up the DagBag from /home/airflow/.local/lib/python3.7/site-packages/airflow/example_dags/example_latest_only.py
[2023-11-12T20:10:22.304+0000] {processor.py:766} INFO - DAG(s) dict_keys(['latest_only']) retrieved from /home/airflow/.local/lib/python3.7/site-packages/airflow/example_dags/example_latest_only.py
[2023-11-12T20:10:22.383+0000] {logging_mixin.py:120} INFO - [2023-11-12T20:10:22.383+0000] {dag.py:2585} INFO - Sync 1 DAGs
[2023-11-12T20:10:22.424+0000] {logging_mixin.py:120} INFO - [2023-11-12T20:10:22.420+0000] {dag.py:3340} INFO - Setting next_dagrun for latest_only to 2023-11-12T16:10:22.419464+00:00, run_after=2023-11-12T20:10:22.419464+00:00
[2023-11-12T20:10:22.531+0000] {processor.py:176} INFO - Processing /home/airflow/.local/lib/python3.7/site-packages/airflow/example_dags/example_latest_only.py took 0.277 seconds
[2023-11-12T20:10:53.433+0000] {processor.py:154} INFO - Started process (PID=1428) to work on /home/airflow/.local/lib/python3.7/site-packages/airflow/example_dags/example_latest_only.py
[2023-11-12T20:10:53.434+0000] {processor.py:756} INFO - Processing file /home/airflow/.local/lib/python3.7/site-packages/airflow/example_dags/example_latest_only.py for tasks to queue
[2023-11-12T20:10:53.434+0000] {logging_mixin.py:120} INFO - [2023-11-12T20:10:53.434+0000] {dagbag.py:537} INFO - Filling up the DagBag from /home/airflow/.local/lib/python3.7/site-packages/airflow/example_dags/example_latest_only.py
[2023-11-12T20:10:53.458+0000] {processor.py:766} INFO - DAG(s) dict_keys(['latest_only']) retrieved from /home/airflow/.local/lib/python3.7/site-packages/airflow/example_dags/example_latest_only.py
[2023-11-12T20:10:53.508+0000] {logging_mixin.py:120} INFO - [2023-11-12T20:10:53.508+0000] {dag.py:2585} INFO - Sync 1 DAGs
[2023-11-12T20:10:53.573+0000] {logging_mixin.py:120} INFO - [2023-11-12T20:10:53.573+0000] {dag.py:3340} INFO - Setting next_dagrun for latest_only to 2023-11-12T16:10:53.573088+00:00, run_after=2023-11-12T20:10:53.573088+00:00
[2023-11-12T20:10:53.620+0000] {processor.py:176} INFO - Processing /home/airflow/.local/lib/python3.7/site-packages/airflow/example_dags/example_latest_only.py took 0.190 seconds
[2023-11-12T20:11:24.371+0000] {processor.py:154} INFO - Started process (PID=1490) to work on /home/airflow/.local/lib/python3.7/site-packages/airflow/example_dags/example_latest_only.py
[2023-11-12T20:11:24.372+0000] {processor.py:756} INFO - Processing file /home/airflow/.local/lib/python3.7/site-packages/airflow/example_dags/example_latest_only.py for tasks to queue
[2023-11-12T20:11:24.373+0000] {logging_mixin.py:120} INFO - [2023-11-12T20:11:24.373+0000] {dagbag.py:537} INFO - Filling up the DagBag from /home/airflow/.local/lib/python3.7/site-packages/airflow/example_dags/example_latest_only.py
[2023-11-12T20:11:24.407+0000] {processor.py:766} INFO - DAG(s) dict_keys(['latest_only']) retrieved from /home/airflow/.local/lib/python3.7/site-packages/airflow/example_dags/example_latest_only.py
[2023-11-12T20:11:24.517+0000] {logging_mixin.py:120} INFO - [2023-11-12T20:11:24.516+0000] {dag.py:2585} INFO - Sync 1 DAGs
[2023-11-12T20:11:24.610+0000] {logging_mixin.py:120} INFO - [2023-11-12T20:11:24.610+0000] {dag.py:3340} INFO - Setting next_dagrun for latest_only to 2023-11-12T16:11:24.610272+00:00, run_after=2023-11-12T20:11:24.610272+00:00
[2023-11-12T20:11:24.671+0000] {processor.py:176} INFO - Processing /home/airflow/.local/lib/python3.7/site-packages/airflow/example_dags/example_latest_only.py took 0.320 seconds
[2023-11-12T20:11:55.137+0000] {processor.py:154} INFO - Started process (PID=1543) to work on /home/airflow/.local/lib/python3.7/site-packages/airflow/example_dags/example_latest_only.py
[2023-11-12T20:11:55.138+0000] {processor.py:756} INFO - Processing file /home/airflow/.local/lib/python3.7/site-packages/airflow/example_dags/example_latest_only.py for tasks to queue
[2023-11-12T20:11:55.139+0000] {logging_mixin.py:120} INFO - [2023-11-12T20:11:55.139+0000] {dagbag.py:537} INFO - Filling up the DagBag from /home/airflow/.local/lib/python3.7/site-packages/airflow/example_dags/example_latest_only.py
[2023-11-12T20:11:55.158+0000] {processor.py:766} INFO - DAG(s) dict_keys(['latest_only']) retrieved from /home/airflow/.local/lib/python3.7/site-packages/airflow/example_dags/example_latest_only.py
[2023-11-12T20:11:55.211+0000] {logging_mixin.py:120} INFO - [2023-11-12T20:11:55.210+0000] {dag.py:2585} INFO - Sync 1 DAGs
[2023-11-12T20:11:55.244+0000] {logging_mixin.py:120} INFO - [2023-11-12T20:11:55.244+0000] {dag.py:3340} INFO - Setting next_dagrun for latest_only to 2023-11-12T16:11:55.243876+00:00, run_after=2023-11-12T20:11:55.243876+00:00
[2023-11-12T20:11:55.272+0000] {processor.py:176} INFO - Processing /home/airflow/.local/lib/python3.7/site-packages/airflow/example_dags/example_latest_only.py took 0.138 seconds
[2023-11-12T20:12:25.522+0000] {processor.py:154} INFO - Started process (PID=1606) to work on /home/airflow/.local/lib/python3.7/site-packages/airflow/example_dags/example_latest_only.py
[2023-11-12T20:12:25.523+0000] {processor.py:756} INFO - Processing file /home/airflow/.local/lib/python3.7/site-packages/airflow/example_dags/example_latest_only.py for tasks to queue
[2023-11-12T20:12:25.523+0000] {logging_mixin.py:120} INFO - [2023-11-12T20:12:25.523+0000] {dagbag.py:537} INFO - Filling up the DagBag from /home/airflow/.local/lib/python3.7/site-packages/airflow/example_dags/example_latest_only.py
[2023-11-12T20:12:25.549+0000] {processor.py:766} INFO - DAG(s) dict_keys(['latest_only']) retrieved from /home/airflow/.local/lib/python3.7/site-packages/airflow/example_dags/example_latest_only.py
[2023-11-12T20:12:25.598+0000] {logging_mixin.py:120} INFO - [2023-11-12T20:12:25.598+0000] {dag.py:2585} INFO - Sync 1 DAGs
[2023-11-12T20:12:25.636+0000] {logging_mixin.py:120} INFO - [2023-11-12T20:12:25.636+0000] {dag.py:3340} INFO - Setting next_dagrun for latest_only to 2023-11-12T16:12:25.635944+00:00, run_after=2023-11-12T20:12:25.635944+00:00
[2023-11-12T20:12:25.671+0000] {processor.py:176} INFO - Processing /home/airflow/.local/lib/python3.7/site-packages/airflow/example_dags/example_latest_only.py took 0.152 seconds
[2023-11-12T20:12:56.037+0000] {processor.py:154} INFO - Started process (PID=1660) to work on /home/airflow/.local/lib/python3.7/site-packages/airflow/example_dags/example_latest_only.py
[2023-11-12T20:12:56.038+0000] {processor.py:756} INFO - Processing file /home/airflow/.local/lib/python3.7/site-packages/airflow/example_dags/example_latest_only.py for tasks to queue
[2023-11-12T20:12:56.039+0000] {logging_mixin.py:120} INFO - [2023-11-12T20:12:56.039+0000] {dagbag.py:537} INFO - Filling up the DagBag from /home/airflow/.local/lib/python3.7/site-packages/airflow/example_dags/example_latest_only.py
[2023-11-12T20:12:56.056+0000] {processor.py:766} INFO - DAG(s) dict_keys(['latest_only']) retrieved from /home/airflow/.local/lib/python3.7/site-packages/airflow/example_dags/example_latest_only.py
[2023-11-12T20:12:56.098+0000] {logging_mixin.py:120} INFO - [2023-11-12T20:12:56.098+0000] {dag.py:2585} INFO - Sync 1 DAGs
[2023-11-12T20:12:56.131+0000] {logging_mixin.py:120} INFO - [2023-11-12T20:12:56.131+0000] {dag.py:3340} INFO - Setting next_dagrun for latest_only to 2023-11-12T16:12:56.131177+00:00, run_after=2023-11-12T20:12:56.131177+00:00
[2023-11-12T20:12:56.158+0000] {processor.py:176} INFO - Processing /home/airflow/.local/lib/python3.7/site-packages/airflow/example_dags/example_latest_only.py took 0.126 seconds
[2023-11-12T20:13:26.824+0000] {processor.py:154} INFO - Started process (PID=1722) to work on /home/airflow/.local/lib/python3.7/site-packages/airflow/example_dags/example_latest_only.py
[2023-11-12T20:13:26.825+0000] {processor.py:756} INFO - Processing file /home/airflow/.local/lib/python3.7/site-packages/airflow/example_dags/example_latest_only.py for tasks to queue
[2023-11-12T20:13:26.826+0000] {logging_mixin.py:120} INFO - [2023-11-12T20:13:26.826+0000] {dagbag.py:537} INFO - Filling up the DagBag from /home/airflow/.local/lib/python3.7/site-packages/airflow/example_dags/example_latest_only.py
[2023-11-12T20:13:26.859+0000] {processor.py:766} INFO - DAG(s) dict_keys(['latest_only']) retrieved from /home/airflow/.local/lib/python3.7/site-packages/airflow/example_dags/example_latest_only.py
[2023-11-12T20:13:26.907+0000] {logging_mixin.py:120} INFO - [2023-11-12T20:13:26.907+0000] {dag.py:2585} INFO - Sync 1 DAGs
[2023-11-12T20:13:26.941+0000] {logging_mixin.py:120} INFO - [2023-11-12T20:13:26.941+0000] {dag.py:3340} INFO - Setting next_dagrun for latest_only to 2023-11-12T16:13:26.939694+00:00, run_after=2023-11-12T20:13:26.939694+00:00
[2023-11-12T20:13:26.971+0000] {processor.py:176} INFO - Processing /home/airflow/.local/lib/python3.7/site-packages/airflow/example_dags/example_latest_only.py took 0.150 seconds
[2023-11-12T20:13:58.902+0000] {processor.py:154} INFO - Started process (PID=1785) to work on /home/airflow/.local/lib/python3.7/site-packages/airflow/example_dags/example_latest_only.py
[2023-11-12T20:13:58.903+0000] {processor.py:756} INFO - Processing file /home/airflow/.local/lib/python3.7/site-packages/airflow/example_dags/example_latest_only.py for tasks to queue
[2023-11-12T20:13:58.904+0000] {logging_mixin.py:120} INFO - [2023-11-12T20:13:58.904+0000] {dagbag.py:537} INFO - Filling up the DagBag from /home/airflow/.local/lib/python3.7/site-packages/airflow/example_dags/example_latest_only.py
[2023-11-12T20:13:58.921+0000] {processor.py:766} INFO - DAG(s) dict_keys(['latest_only']) retrieved from /home/airflow/.local/lib/python3.7/site-packages/airflow/example_dags/example_latest_only.py
[2023-11-12T20:13:58.974+0000] {logging_mixin.py:120} INFO - [2023-11-12T20:13:58.974+0000] {dag.py:2585} INFO - Sync 1 DAGs
[2023-11-12T20:13:59.014+0000] {logging_mixin.py:120} INFO - [2023-11-12T20:13:59.014+0000] {dag.py:3340} INFO - Setting next_dagrun for latest_only to 2023-11-12T16:13:59.014155+00:00, run_after=2023-11-12T20:13:59.014155+00:00
[2023-11-12T20:13:59.046+0000] {processor.py:176} INFO - Processing /home/airflow/.local/lib/python3.7/site-packages/airflow/example_dags/example_latest_only.py took 0.147 seconds
[2023-11-12T20:14:29.251+0000] {processor.py:154} INFO - Started process (PID=1839) to work on /home/airflow/.local/lib/python3.7/site-packages/airflow/example_dags/example_latest_only.py
[2023-11-12T20:14:29.252+0000] {processor.py:756} INFO - Processing file /home/airflow/.local/lib/python3.7/site-packages/airflow/example_dags/example_latest_only.py for tasks to queue
[2023-11-12T20:14:29.252+0000] {logging_mixin.py:120} INFO - [2023-11-12T20:14:29.252+0000] {dagbag.py:537} INFO - Filling up the DagBag from /home/airflow/.local/lib/python3.7/site-packages/airflow/example_dags/example_latest_only.py
[2023-11-12T20:14:29.264+0000] {processor.py:766} INFO - DAG(s) dict_keys(['latest_only']) retrieved from /home/airflow/.local/lib/python3.7/site-packages/airflow/example_dags/example_latest_only.py
[2023-11-12T20:14:29.297+0000] {logging_mixin.py:120} INFO - [2023-11-12T20:14:29.297+0000] {dag.py:2585} INFO - Sync 1 DAGs
[2023-11-12T20:14:29.317+0000] {logging_mixin.py:120} INFO - [2023-11-12T20:14:29.317+0000] {dag.py:3340} INFO - Setting next_dagrun for latest_only to 2023-11-12T16:14:29.317419+00:00, run_after=2023-11-12T20:14:29.317419+00:00
[2023-11-12T20:14:29.346+0000] {processor.py:176} INFO - Processing /home/airflow/.local/lib/python3.7/site-packages/airflow/example_dags/example_latest_only.py took 0.097 seconds
[2023-11-12T20:15:00.325+0000] {processor.py:154} INFO - Started process (PID=1893) to work on /home/airflow/.local/lib/python3.7/site-packages/airflow/example_dags/example_latest_only.py
[2023-11-12T20:15:00.331+0000] {processor.py:756} INFO - Processing file /home/airflow/.local/lib/python3.7/site-packages/airflow/example_dags/example_latest_only.py for tasks to queue
[2023-11-12T20:15:00.337+0000] {logging_mixin.py:120} INFO - [2023-11-12T20:15:00.337+0000] {dagbag.py:537} INFO - Filling up the DagBag from /home/airflow/.local/lib/python3.7/site-packages/airflow/example_dags/example_latest_only.py
[2023-11-12T20:15:00.367+0000] {processor.py:766} INFO - DAG(s) dict_keys(['latest_only']) retrieved from /home/airflow/.local/lib/python3.7/site-packages/airflow/example_dags/example_latest_only.py
[2023-11-12T20:15:00.460+0000] {logging_mixin.py:120} INFO - [2023-11-12T20:15:00.460+0000] {dag.py:2585} INFO - Sync 1 DAGs
[2023-11-12T20:15:00.549+0000] {logging_mixin.py:120} INFO - [2023-11-12T20:15:00.549+0000] {dag.py:3340} INFO - Setting next_dagrun for latest_only to 2023-11-12T16:15:00.549175+00:00, run_after=2023-11-12T20:15:00.549175+00:00
[2023-11-12T20:15:00.603+0000] {processor.py:176} INFO - Processing /home/airflow/.local/lib/python3.7/site-packages/airflow/example_dags/example_latest_only.py took 0.281 seconds
[2023-11-12T20:15:31.662+0000] {processor.py:154} INFO - Started process (PID=1956) to work on /home/airflow/.local/lib/python3.7/site-packages/airflow/example_dags/example_latest_only.py
[2023-11-12T20:15:31.669+0000] {processor.py:756} INFO - Processing file /home/airflow/.local/lib/python3.7/site-packages/airflow/example_dags/example_latest_only.py for tasks to queue
[2023-11-12T20:15:31.669+0000] {logging_mixin.py:120} INFO - [2023-11-12T20:15:31.669+0000] {dagbag.py:537} INFO - Filling up the DagBag from /home/airflow/.local/lib/python3.7/site-packages/airflow/example_dags/example_latest_only.py
[2023-11-12T20:15:31.703+0000] {processor.py:766} INFO - DAG(s) dict_keys(['latest_only']) retrieved from /home/airflow/.local/lib/python3.7/site-packages/airflow/example_dags/example_latest_only.py
[2023-11-12T20:15:31.757+0000] {logging_mixin.py:120} INFO - [2023-11-12T20:15:31.757+0000] {dag.py:2585} INFO - Sync 1 DAGs
[2023-11-12T20:15:31.789+0000] {logging_mixin.py:120} INFO - [2023-11-12T20:15:31.789+0000] {dag.py:3340} INFO - Setting next_dagrun for latest_only to 2023-11-12T16:15:31.788760+00:00, run_after=2023-11-12T20:15:31.788760+00:00
[2023-11-12T20:15:31.814+0000] {processor.py:176} INFO - Processing /home/airflow/.local/lib/python3.7/site-packages/airflow/example_dags/example_latest_only.py took 0.155 seconds
[2023-11-12T20:16:02.506+0000] {processor.py:154} INFO - Started process (PID=2021) to work on /home/airflow/.local/lib/python3.7/site-packages/airflow/example_dags/example_latest_only.py
[2023-11-12T20:16:02.507+0000] {processor.py:756} INFO - Processing file /home/airflow/.local/lib/python3.7/site-packages/airflow/example_dags/example_latest_only.py for tasks to queue
[2023-11-12T20:16:02.508+0000] {logging_mixin.py:120} INFO - [2023-11-12T20:16:02.508+0000] {dagbag.py:537} INFO - Filling up the DagBag from /home/airflow/.local/lib/python3.7/site-packages/airflow/example_dags/example_latest_only.py
[2023-11-12T20:16:02.523+0000] {processor.py:766} INFO - DAG(s) dict_keys(['latest_only']) retrieved from /home/airflow/.local/lib/python3.7/site-packages/airflow/example_dags/example_latest_only.py
[2023-11-12T20:16:02.565+0000] {logging_mixin.py:120} INFO - [2023-11-12T20:16:02.565+0000] {dag.py:2585} INFO - Sync 1 DAGs
[2023-11-12T20:16:02.597+0000] {logging_mixin.py:120} INFO - [2023-11-12T20:16:02.596+0000] {dag.py:3340} INFO - Setting next_dagrun for latest_only to 2023-11-12T16:16:02.596720+00:00, run_after=2023-11-12T20:16:02.596720+00:00
[2023-11-12T20:16:02.626+0000] {processor.py:176} INFO - Processing /home/airflow/.local/lib/python3.7/site-packages/airflow/example_dags/example_latest_only.py took 0.122 seconds
[2023-11-12T20:16:32.984+0000] {processor.py:154} INFO - Started process (PID=2075) to work on /home/airflow/.local/lib/python3.7/site-packages/airflow/example_dags/example_latest_only.py
[2023-11-12T20:16:32.985+0000] {processor.py:756} INFO - Processing file /home/airflow/.local/lib/python3.7/site-packages/airflow/example_dags/example_latest_only.py for tasks to queue
[2023-11-12T20:16:32.985+0000] {logging_mixin.py:120} INFO - [2023-11-12T20:16:32.985+0000] {dagbag.py:537} INFO - Filling up the DagBag from /home/airflow/.local/lib/python3.7/site-packages/airflow/example_dags/example_latest_only.py
[2023-11-12T20:16:33.004+0000] {processor.py:766} INFO - DAG(s) dict_keys(['latest_only']) retrieved from /home/airflow/.local/lib/python3.7/site-packages/airflow/example_dags/example_latest_only.py
[2023-11-12T20:16:33.049+0000] {logging_mixin.py:120} INFO - [2023-11-12T20:16:33.049+0000] {dag.py:2585} INFO - Sync 1 DAGs
[2023-11-12T20:16:33.080+0000] {logging_mixin.py:120} INFO - [2023-11-12T20:16:33.079+0000] {dag.py:3340} INFO - Setting next_dagrun for latest_only to 2023-11-12T16:16:33.079702+00:00, run_after=2023-11-12T20:16:33.079702+00:00
[2023-11-12T20:16:33.104+0000] {processor.py:176} INFO - Processing /home/airflow/.local/lib/python3.7/site-packages/airflow/example_dags/example_latest_only.py took 0.125 seconds
[2023-11-12T20:17:04.071+0000] {processor.py:154} INFO - Started process (PID=2137) to work on /home/airflow/.local/lib/python3.7/site-packages/airflow/example_dags/example_latest_only.py
[2023-11-12T20:17:04.072+0000] {processor.py:756} INFO - Processing file /home/airflow/.local/lib/python3.7/site-packages/airflow/example_dags/example_latest_only.py for tasks to queue
[2023-11-12T20:17:04.073+0000] {logging_mixin.py:120} INFO - [2023-11-12T20:17:04.073+0000] {dagbag.py:537} INFO - Filling up the DagBag from /home/airflow/.local/lib/python3.7/site-packages/airflow/example_dags/example_latest_only.py
[2023-11-12T20:17:04.093+0000] {processor.py:766} INFO - DAG(s) dict_keys(['latest_only']) retrieved from /home/airflow/.local/lib/python3.7/site-packages/airflow/example_dags/example_latest_only.py
[2023-11-12T20:17:04.164+0000] {logging_mixin.py:120} INFO - [2023-11-12T20:17:04.164+0000] {dag.py:2585} INFO - Sync 1 DAGs
[2023-11-12T20:17:04.219+0000] {logging_mixin.py:120} INFO - [2023-11-12T20:17:04.219+0000] {dag.py:3340} INFO - Setting next_dagrun for latest_only to 2023-11-12T16:17:04.218810+00:00, run_after=2023-11-12T20:17:04.218810+00:00
[2023-11-12T20:17:04.270+0000] {processor.py:176} INFO - Processing /home/airflow/.local/lib/python3.7/site-packages/airflow/example_dags/example_latest_only.py took 0.203 seconds
[2023-11-12T20:17:35.427+0000] {processor.py:154} INFO - Started process (PID=2200) to work on /home/airflow/.local/lib/python3.7/site-packages/airflow/example_dags/example_latest_only.py
[2023-11-12T20:17:35.428+0000] {processor.py:756} INFO - Processing file /home/airflow/.local/lib/python3.7/site-packages/airflow/example_dags/example_latest_only.py for tasks to queue
[2023-11-12T20:17:35.429+0000] {logging_mixin.py:120} INFO - [2023-11-12T20:17:35.429+0000] {dagbag.py:537} INFO - Filling up the DagBag from /home/airflow/.local/lib/python3.7/site-packages/airflow/example_dags/example_latest_only.py
[2023-11-12T20:17:35.459+0000] {processor.py:766} INFO - DAG(s) dict_keys(['latest_only']) retrieved from /home/airflow/.local/lib/python3.7/site-packages/airflow/example_dags/example_latest_only.py
[2023-11-12T20:17:35.507+0000] {logging_mixin.py:120} INFO - [2023-11-12T20:17:35.507+0000] {dag.py:2585} INFO - Sync 1 DAGs
[2023-11-12T20:17:35.569+0000] {logging_mixin.py:120} INFO - [2023-11-12T20:17:35.569+0000] {dag.py:3340} INFO - Setting next_dagrun for latest_only to 2023-11-12T16:17:35.569295+00:00, run_after=2023-11-12T20:17:35.569295+00:00
[2023-11-12T20:17:35.606+0000] {processor.py:176} INFO - Processing /home/airflow/.local/lib/python3.7/site-packages/airflow/example_dags/example_latest_only.py took 0.182 seconds
[2023-11-12T20:18:06.459+0000] {processor.py:154} INFO - Started process (PID=2254) to work on /home/airflow/.local/lib/python3.7/site-packages/airflow/example_dags/example_latest_only.py
[2023-11-12T20:18:06.460+0000] {processor.py:756} INFO - Processing file /home/airflow/.local/lib/python3.7/site-packages/airflow/example_dags/example_latest_only.py for tasks to queue
[2023-11-12T20:18:06.460+0000] {logging_mixin.py:120} INFO - [2023-11-12T20:18:06.460+0000] {dagbag.py:537} INFO - Filling up the DagBag from /home/airflow/.local/lib/python3.7/site-packages/airflow/example_dags/example_latest_only.py
[2023-11-12T20:18:06.476+0000] {processor.py:766} INFO - DAG(s) dict_keys(['latest_only']) retrieved from /home/airflow/.local/lib/python3.7/site-packages/airflow/example_dags/example_latest_only.py
[2023-11-12T20:18:06.532+0000] {logging_mixin.py:120} INFO - [2023-11-12T20:18:06.532+0000] {dag.py:2585} INFO - Sync 1 DAGs
[2023-11-12T20:18:06.567+0000] {logging_mixin.py:120} INFO - [2023-11-12T20:18:06.567+0000] {dag.py:3340} INFO - Setting next_dagrun for latest_only to 2023-11-12T16:18:06.567207+00:00, run_after=2023-11-12T20:18:06.567207+00:00
[2023-11-12T20:18:06.599+0000] {processor.py:176} INFO - Processing /home/airflow/.local/lib/python3.7/site-packages/airflow/example_dags/example_latest_only.py took 0.144 seconds
