[2023-11-12T19:53:05.275+0000] {processor.py:154} INFO - Started process (PID=52) to work on /home/airflow/.local/lib/python3.7/site-packages/airflow/example_dags/example_branch_python_dop_operator_3.py
[2023-11-12T19:53:05.278+0000] {processor.py:756} INFO - Processing file /home/airflow/.local/lib/python3.7/site-packages/airflow/example_dags/example_branch_python_dop_operator_3.py for tasks to queue
[2023-11-12T19:53:05.279+0000] {logging_mixin.py:120} INFO - [2023-11-12T19:53:05.278+0000] {dagbag.py:537} INFO - Filling up the DagBag from /home/airflow/.local/lib/python3.7/site-packages/airflow/example_dags/example_branch_python_dop_operator_3.py
[2023-11-12T19:53:05.361+0000] {processor.py:766} INFO - DAG(s) dict_keys(['example_branch_dop_operator_v3']) retrieved from /home/airflow/.local/lib/python3.7/site-packages/airflow/example_dags/example_branch_python_dop_operator_3.py
[2023-11-12T19:53:05.566+0000] {logging_mixin.py:120} INFO - [2023-11-12T19:53:05.565+0000] {manager.py:507} INFO - Created Permission View: can edit on DAG:example_branch_dop_operator_v3
[2023-11-12T19:53:05.586+0000] {logging_mixin.py:120} INFO - [2023-11-12T19:53:05.586+0000] {manager.py:507} INFO - Created Permission View: can delete on DAG:example_branch_dop_operator_v3
[2023-11-12T19:53:05.600+0000] {logging_mixin.py:120} INFO - [2023-11-12T19:53:05.600+0000] {manager.py:507} INFO - Created Permission View: can read on DAG:example_branch_dop_operator_v3
[2023-11-12T19:53:05.600+0000] {logging_mixin.py:120} INFO - [2023-11-12T19:53:05.600+0000] {dag.py:2585} INFO - Sync 1 DAGs
[2023-11-12T19:53:05.620+0000] {logging_mixin.py:120} INFO - [2023-11-12T19:53:05.620+0000] {dag.py:2606} INFO - Creating ORM DAG for example_branch_dop_operator_v3
[2023-11-12T19:53:05.672+0000] {logging_mixin.py:120} INFO - [2023-11-12T19:53:05.672+0000] {dag.py:3340} INFO - Setting next_dagrun for example_branch_dop_operator_v3 to 2023-11-12T19:52:00+00:00, run_after=2023-11-12T19:53:00+00:00
[2023-11-12T19:53:05.747+0000] {processor.py:176} INFO - Processing /home/airflow/.local/lib/python3.7/site-packages/airflow/example_dags/example_branch_python_dop_operator_3.py took 0.475 seconds
[2023-11-12T19:53:36.581+0000] {processor.py:154} INFO - Started process (PID=106) to work on /home/airflow/.local/lib/python3.7/site-packages/airflow/example_dags/example_branch_python_dop_operator_3.py
[2023-11-12T19:53:36.582+0000] {processor.py:756} INFO - Processing file /home/airflow/.local/lib/python3.7/site-packages/airflow/example_dags/example_branch_python_dop_operator_3.py for tasks to queue
[2023-11-12T19:53:36.583+0000] {logging_mixin.py:120} INFO - [2023-11-12T19:53:36.583+0000] {dagbag.py:537} INFO - Filling up the DagBag from /home/airflow/.local/lib/python3.7/site-packages/airflow/example_dags/example_branch_python_dop_operator_3.py
[2023-11-12T19:53:36.612+0000] {processor.py:766} INFO - DAG(s) dict_keys(['example_branch_dop_operator_v3']) retrieved from /home/airflow/.local/lib/python3.7/site-packages/airflow/example_dags/example_branch_python_dop_operator_3.py
[2023-11-12T19:53:36.696+0000] {logging_mixin.py:120} INFO - [2023-11-12T19:53:36.695+0000] {dag.py:2585} INFO - Sync 1 DAGs
[2023-11-12T19:53:36.748+0000] {logging_mixin.py:120} INFO - [2023-11-12T19:53:36.747+0000] {dag.py:3340} INFO - Setting next_dagrun for example_branch_dop_operator_v3 to 2023-11-12T19:52:00+00:00, run_after=2023-11-12T19:53:00+00:00
[2023-11-12T19:53:36.781+0000] {processor.py:176} INFO - Processing /home/airflow/.local/lib/python3.7/site-packages/airflow/example_dags/example_branch_python_dop_operator_3.py took 0.204 seconds
[2023-11-12T19:54:07.371+0000] {processor.py:154} INFO - Started process (PID=169) to work on /home/airflow/.local/lib/python3.7/site-packages/airflow/example_dags/example_branch_python_dop_operator_3.py
[2023-11-12T19:54:07.371+0000] {processor.py:756} INFO - Processing file /home/airflow/.local/lib/python3.7/site-packages/airflow/example_dags/example_branch_python_dop_operator_3.py for tasks to queue
[2023-11-12T19:54:07.372+0000] {logging_mixin.py:120} INFO - [2023-11-12T19:54:07.372+0000] {dagbag.py:537} INFO - Filling up the DagBag from /home/airflow/.local/lib/python3.7/site-packages/airflow/example_dags/example_branch_python_dop_operator_3.py
[2023-11-12T19:54:07.400+0000] {processor.py:766} INFO - DAG(s) dict_keys(['example_branch_dop_operator_v3']) retrieved from /home/airflow/.local/lib/python3.7/site-packages/airflow/example_dags/example_branch_python_dop_operator_3.py
[2023-11-12T19:54:07.448+0000] {logging_mixin.py:120} INFO - [2023-11-12T19:54:07.447+0000] {dag.py:2585} INFO - Sync 1 DAGs
[2023-11-12T19:54:07.485+0000] {logging_mixin.py:120} INFO - [2023-11-12T19:54:07.485+0000] {dag.py:3340} INFO - Setting next_dagrun for example_branch_dop_operator_v3 to 2023-11-12T19:53:00+00:00, run_after=2023-11-12T19:54:00+00:00
[2023-11-12T19:54:07.510+0000] {processor.py:176} INFO - Processing /home/airflow/.local/lib/python3.7/site-packages/airflow/example_dags/example_branch_python_dop_operator_3.py took 0.142 seconds
[2023-11-12T19:57:01.951+0000] {processor.py:154} INFO - Started process (PID=51) to work on /home/airflow/.local/lib/python3.7/site-packages/airflow/example_dags/example_branch_python_dop_operator_3.py
[2023-11-12T19:57:01.968+0000] {processor.py:756} INFO - Processing file /home/airflow/.local/lib/python3.7/site-packages/airflow/example_dags/example_branch_python_dop_operator_3.py for tasks to queue
[2023-11-12T19:57:01.969+0000] {logging_mixin.py:120} INFO - [2023-11-12T19:57:01.969+0000] {dagbag.py:537} INFO - Filling up the DagBag from /home/airflow/.local/lib/python3.7/site-packages/airflow/example_dags/example_branch_python_dop_operator_3.py
[2023-11-12T19:57:02.066+0000] {processor.py:766} INFO - DAG(s) dict_keys(['example_branch_dop_operator_v3']) retrieved from /home/airflow/.local/lib/python3.7/site-packages/airflow/example_dags/example_branch_python_dop_operator_3.py
[2023-11-12T19:57:02.189+0000] {logging_mixin.py:120} INFO - [2023-11-12T19:57:02.188+0000] {dag.py:2585} INFO - Sync 1 DAGs
[2023-11-12T19:57:02.315+0000] {logging_mixin.py:120} INFO - [2023-11-12T19:57:02.315+0000] {dag.py:3340} INFO - Setting next_dagrun for example_branch_dop_operator_v3 to 2023-11-12T19:56:00+00:00, run_after=2023-11-12T19:57:00+00:00
[2023-11-12T19:57:02.387+0000] {processor.py:176} INFO - Processing /home/airflow/.local/lib/python3.7/site-packages/airflow/example_dags/example_branch_python_dop_operator_3.py took 0.447 seconds
[2023-11-12T19:57:32.736+0000] {processor.py:154} INFO - Started process (PID=105) to work on /home/airflow/.local/lib/python3.7/site-packages/airflow/example_dags/example_branch_python_dop_operator_3.py
[2023-11-12T19:57:32.737+0000] {processor.py:756} INFO - Processing file /home/airflow/.local/lib/python3.7/site-packages/airflow/example_dags/example_branch_python_dop_operator_3.py for tasks to queue
[2023-11-12T19:57:32.737+0000] {logging_mixin.py:120} INFO - [2023-11-12T19:57:32.737+0000] {dagbag.py:537} INFO - Filling up the DagBag from /home/airflow/.local/lib/python3.7/site-packages/airflow/example_dags/example_branch_python_dop_operator_3.py
[2023-11-12T19:57:32.766+0000] {processor.py:766} INFO - DAG(s) dict_keys(['example_branch_dop_operator_v3']) retrieved from /home/airflow/.local/lib/python3.7/site-packages/airflow/example_dags/example_branch_python_dop_operator_3.py
[2023-11-12T19:57:32.812+0000] {logging_mixin.py:120} INFO - [2023-11-12T19:57:32.812+0000] {dag.py:2585} INFO - Sync 1 DAGs
[2023-11-12T19:57:32.851+0000] {logging_mixin.py:120} INFO - [2023-11-12T19:57:32.851+0000] {dag.py:3340} INFO - Setting next_dagrun for example_branch_dop_operator_v3 to 2023-11-12T19:56:00+00:00, run_after=2023-11-12T19:57:00+00:00
[2023-11-12T19:57:32.876+0000] {processor.py:176} INFO - Processing /home/airflow/.local/lib/python3.7/site-packages/airflow/example_dags/example_branch_python_dop_operator_3.py took 0.144 seconds
[2023-11-12T19:58:56.133+0000] {processor.py:154} INFO - Started process (PID=53) to work on /home/airflow/.local/lib/python3.7/site-packages/airflow/example_dags/example_branch_python_dop_operator_3.py
[2023-11-12T19:58:56.138+0000] {processor.py:756} INFO - Processing file /home/airflow/.local/lib/python3.7/site-packages/airflow/example_dags/example_branch_python_dop_operator_3.py for tasks to queue
[2023-11-12T19:58:56.143+0000] {logging_mixin.py:120} INFO - [2023-11-12T19:58:56.143+0000] {dagbag.py:537} INFO - Filling up the DagBag from /home/airflow/.local/lib/python3.7/site-packages/airflow/example_dags/example_branch_python_dop_operator_3.py
[2023-11-12T19:58:56.191+0000] {processor.py:766} INFO - DAG(s) dict_keys(['example_branch_dop_operator_v3']) retrieved from /home/airflow/.local/lib/python3.7/site-packages/airflow/example_dags/example_branch_python_dop_operator_3.py
[2023-11-12T19:58:56.287+0000] {logging_mixin.py:120} INFO - [2023-11-12T19:58:56.287+0000] {dag.py:2585} INFO - Sync 1 DAGs
[2023-11-12T19:58:56.429+0000] {logging_mixin.py:120} INFO - [2023-11-12T19:58:56.428+0000] {dag.py:3340} INFO - Setting next_dagrun for example_branch_dop_operator_v3 to 2023-11-12T19:57:00+00:00, run_after=2023-11-12T19:58:00+00:00
[2023-11-12T19:58:56.476+0000] {processor.py:176} INFO - Processing /home/airflow/.local/lib/python3.7/site-packages/airflow/example_dags/example_branch_python_dop_operator_3.py took 0.346 seconds
[2023-11-12T19:59:26.743+0000] {processor.py:154} INFO - Started process (PID=108) to work on /home/airflow/.local/lib/python3.7/site-packages/airflow/example_dags/example_branch_python_dop_operator_3.py
[2023-11-12T19:59:26.743+0000] {processor.py:756} INFO - Processing file /home/airflow/.local/lib/python3.7/site-packages/airflow/example_dags/example_branch_python_dop_operator_3.py for tasks to queue
[2023-11-12T19:59:26.744+0000] {logging_mixin.py:120} INFO - [2023-11-12T19:59:26.744+0000] {dagbag.py:537} INFO - Filling up the DagBag from /home/airflow/.local/lib/python3.7/site-packages/airflow/example_dags/example_branch_python_dop_operator_3.py
[2023-11-12T19:59:26.765+0000] {processor.py:766} INFO - DAG(s) dict_keys(['example_branch_dop_operator_v3']) retrieved from /home/airflow/.local/lib/python3.7/site-packages/airflow/example_dags/example_branch_python_dop_operator_3.py
[2023-11-12T19:59:26.807+0000] {logging_mixin.py:120} INFO - [2023-11-12T19:59:26.807+0000] {dag.py:2585} INFO - Sync 1 DAGs
[2023-11-12T19:59:26.830+0000] {logging_mixin.py:120} INFO - [2023-11-12T19:59:26.830+0000] {dag.py:3340} INFO - Setting next_dagrun for example_branch_dop_operator_v3 to 2023-11-12T19:58:00+00:00, run_after=2023-11-12T19:59:00+00:00
[2023-11-12T19:59:26.851+0000] {processor.py:176} INFO - Processing /home/airflow/.local/lib/python3.7/site-packages/airflow/example_dags/example_branch_python_dop_operator_3.py took 0.111 seconds
[2023-11-12T19:59:57.615+0000] {processor.py:154} INFO - Started process (PID=173) to work on /home/airflow/.local/lib/python3.7/site-packages/airflow/example_dags/example_branch_python_dop_operator_3.py
[2023-11-12T19:59:57.620+0000] {processor.py:756} INFO - Processing file /home/airflow/.local/lib/python3.7/site-packages/airflow/example_dags/example_branch_python_dop_operator_3.py for tasks to queue
[2023-11-12T19:59:57.621+0000] {logging_mixin.py:120} INFO - [2023-11-12T19:59:57.621+0000] {dagbag.py:537} INFO - Filling up the DagBag from /home/airflow/.local/lib/python3.7/site-packages/airflow/example_dags/example_branch_python_dop_operator_3.py
[2023-11-12T19:59:57.717+0000] {processor.py:766} INFO - DAG(s) dict_keys(['example_branch_dop_operator_v3']) retrieved from /home/airflow/.local/lib/python3.7/site-packages/airflow/example_dags/example_branch_python_dop_operator_3.py
[2023-11-12T19:59:57.822+0000] {logging_mixin.py:120} INFO - [2023-11-12T19:59:57.821+0000] {dag.py:2585} INFO - Sync 1 DAGs
[2023-11-12T19:59:57.897+0000] {logging_mixin.py:120} INFO - [2023-11-12T19:59:57.897+0000] {dag.py:3340} INFO - Setting next_dagrun for example_branch_dop_operator_v3 to 2023-11-12T19:58:00+00:00, run_after=2023-11-12T19:59:00+00:00
[2023-11-12T19:59:57.942+0000] {processor.py:176} INFO - Processing /home/airflow/.local/lib/python3.7/site-packages/airflow/example_dags/example_branch_python_dop_operator_3.py took 0.330 seconds
[2023-11-12T20:00:28.031+0000] {processor.py:154} INFO - Started process (PID=227) to work on /home/airflow/.local/lib/python3.7/site-packages/airflow/example_dags/example_branch_python_dop_operator_3.py
[2023-11-12T20:00:28.031+0000] {processor.py:756} INFO - Processing file /home/airflow/.local/lib/python3.7/site-packages/airflow/example_dags/example_branch_python_dop_operator_3.py for tasks to queue
[2023-11-12T20:00:28.032+0000] {logging_mixin.py:120} INFO - [2023-11-12T20:00:28.032+0000] {dagbag.py:537} INFO - Filling up the DagBag from /home/airflow/.local/lib/python3.7/site-packages/airflow/example_dags/example_branch_python_dop_operator_3.py
[2023-11-12T20:00:28.051+0000] {processor.py:766} INFO - DAG(s) dict_keys(['example_branch_dop_operator_v3']) retrieved from /home/airflow/.local/lib/python3.7/site-packages/airflow/example_dags/example_branch_python_dop_operator_3.py
[2023-11-12T20:00:28.084+0000] {logging_mixin.py:120} INFO - [2023-11-12T20:00:28.084+0000] {dag.py:2585} INFO - Sync 1 DAGs
[2023-11-12T20:00:28.108+0000] {logging_mixin.py:120} INFO - [2023-11-12T20:00:28.107+0000] {dag.py:3340} INFO - Setting next_dagrun for example_branch_dop_operator_v3 to 2023-11-12T19:59:00+00:00, run_after=2023-11-12T20:00:00+00:00
[2023-11-12T20:00:28.132+0000] {processor.py:176} INFO - Processing /home/airflow/.local/lib/python3.7/site-packages/airflow/example_dags/example_branch_python_dop_operator_3.py took 0.105 seconds
[2023-11-12T20:00:58.782+0000] {processor.py:154} INFO - Started process (PID=290) to work on /home/airflow/.local/lib/python3.7/site-packages/airflow/example_dags/example_branch_python_dop_operator_3.py
[2023-11-12T20:00:58.782+0000] {processor.py:756} INFO - Processing file /home/airflow/.local/lib/python3.7/site-packages/airflow/example_dags/example_branch_python_dop_operator_3.py for tasks to queue
[2023-11-12T20:00:58.783+0000] {logging_mixin.py:120} INFO - [2023-11-12T20:00:58.783+0000] {dagbag.py:537} INFO - Filling up the DagBag from /home/airflow/.local/lib/python3.7/site-packages/airflow/example_dags/example_branch_python_dop_operator_3.py
[2023-11-12T20:00:58.802+0000] {processor.py:766} INFO - DAG(s) dict_keys(['example_branch_dop_operator_v3']) retrieved from /home/airflow/.local/lib/python3.7/site-packages/airflow/example_dags/example_branch_python_dop_operator_3.py
[2023-11-12T20:00:58.835+0000] {logging_mixin.py:120} INFO - [2023-11-12T20:00:58.835+0000] {dag.py:2585} INFO - Sync 1 DAGs
[2023-11-12T20:00:58.858+0000] {logging_mixin.py:120} INFO - [2023-11-12T20:00:58.858+0000] {dag.py:3340} INFO - Setting next_dagrun for example_branch_dop_operator_v3 to 2023-11-12T19:59:00+00:00, run_after=2023-11-12T20:00:00+00:00
[2023-11-12T20:00:58.882+0000] {processor.py:176} INFO - Processing /home/airflow/.local/lib/python3.7/site-packages/airflow/example_dags/example_branch_python_dop_operator_3.py took 0.103 seconds
[2023-11-12T20:01:29.160+0000] {processor.py:154} INFO - Started process (PID=353) to work on /home/airflow/.local/lib/python3.7/site-packages/airflow/example_dags/example_branch_python_dop_operator_3.py
[2023-11-12T20:01:29.161+0000] {processor.py:756} INFO - Processing file /home/airflow/.local/lib/python3.7/site-packages/airflow/example_dags/example_branch_python_dop_operator_3.py for tasks to queue
[2023-11-12T20:01:29.161+0000] {logging_mixin.py:120} INFO - [2023-11-12T20:01:29.161+0000] {dagbag.py:537} INFO - Filling up the DagBag from /home/airflow/.local/lib/python3.7/site-packages/airflow/example_dags/example_branch_python_dop_operator_3.py
[2023-11-12T20:01:29.192+0000] {processor.py:766} INFO - DAG(s) dict_keys(['example_branch_dop_operator_v3']) retrieved from /home/airflow/.local/lib/python3.7/site-packages/airflow/example_dags/example_branch_python_dop_operator_3.py
[2023-11-12T20:01:29.225+0000] {logging_mixin.py:120} INFO - [2023-11-12T20:01:29.225+0000] {dag.py:2585} INFO - Sync 1 DAGs
[2023-11-12T20:01:29.249+0000] {logging_mixin.py:120} INFO - [2023-11-12T20:01:29.249+0000] {dag.py:3340} INFO - Setting next_dagrun for example_branch_dop_operator_v3 to 2023-11-12T20:00:00+00:00, run_after=2023-11-12T20:01:00+00:00
[2023-11-12T20:01:29.276+0000] {processor.py:176} INFO - Processing /home/airflow/.local/lib/python3.7/site-packages/airflow/example_dags/example_branch_python_dop_operator_3.py took 0.119 seconds
[2023-11-12T20:02:00.110+0000] {processor.py:154} INFO - Started process (PID=407) to work on /home/airflow/.local/lib/python3.7/site-packages/airflow/example_dags/example_branch_python_dop_operator_3.py
[2023-11-12T20:02:00.117+0000] {processor.py:756} INFO - Processing file /home/airflow/.local/lib/python3.7/site-packages/airflow/example_dags/example_branch_python_dop_operator_3.py for tasks to queue
[2023-11-12T20:02:00.118+0000] {logging_mixin.py:120} INFO - [2023-11-12T20:02:00.117+0000] {dagbag.py:537} INFO - Filling up the DagBag from /home/airflow/.local/lib/python3.7/site-packages/airflow/example_dags/example_branch_python_dop_operator_3.py
[2023-11-12T20:02:00.154+0000] {processor.py:766} INFO - DAG(s) dict_keys(['example_branch_dop_operator_v3']) retrieved from /home/airflow/.local/lib/python3.7/site-packages/airflow/example_dags/example_branch_python_dop_operator_3.py
[2023-11-12T20:02:00.186+0000] {logging_mixin.py:120} INFO - [2023-11-12T20:02:00.186+0000] {dag.py:2585} INFO - Sync 1 DAGs
[2023-11-12T20:02:00.210+0000] {logging_mixin.py:120} INFO - [2023-11-12T20:02:00.210+0000] {dag.py:3340} INFO - Setting next_dagrun for example_branch_dop_operator_v3 to 2023-11-12T20:01:00+00:00, run_after=2023-11-12T20:02:00+00:00
[2023-11-12T20:02:00.233+0000] {processor.py:176} INFO - Processing /home/airflow/.local/lib/python3.7/site-packages/airflow/example_dags/example_branch_python_dop_operator_3.py took 0.129 seconds
[2023-11-12T20:02:30.688+0000] {processor.py:154} INFO - Started process (PID=470) to work on /home/airflow/.local/lib/python3.7/site-packages/airflow/example_dags/example_branch_python_dop_operator_3.py
[2023-11-12T20:02:30.690+0000] {processor.py:756} INFO - Processing file /home/airflow/.local/lib/python3.7/site-packages/airflow/example_dags/example_branch_python_dop_operator_3.py for tasks to queue
[2023-11-12T20:02:30.690+0000] {logging_mixin.py:120} INFO - [2023-11-12T20:02:30.690+0000] {dagbag.py:537} INFO - Filling up the DagBag from /home/airflow/.local/lib/python3.7/site-packages/airflow/example_dags/example_branch_python_dop_operator_3.py
[2023-11-12T20:02:30.714+0000] {processor.py:766} INFO - DAG(s) dict_keys(['example_branch_dop_operator_v3']) retrieved from /home/airflow/.local/lib/python3.7/site-packages/airflow/example_dags/example_branch_python_dop_operator_3.py
[2023-11-12T20:02:30.746+0000] {logging_mixin.py:120} INFO - [2023-11-12T20:02:30.746+0000] {dag.py:2585} INFO - Sync 1 DAGs
[2023-11-12T20:02:30.775+0000] {logging_mixin.py:120} INFO - [2023-11-12T20:02:30.775+0000] {dag.py:3340} INFO - Setting next_dagrun for example_branch_dop_operator_v3 to 2023-11-12T20:01:00+00:00, run_after=2023-11-12T20:02:00+00:00
[2023-11-12T20:02:30.801+0000] {processor.py:176} INFO - Processing /home/airflow/.local/lib/python3.7/site-packages/airflow/example_dags/example_branch_python_dop_operator_3.py took 0.116 seconds
[2023-11-12T20:03:01.397+0000] {processor.py:154} INFO - Started process (PID=534) to work on /home/airflow/.local/lib/python3.7/site-packages/airflow/example_dags/example_branch_python_dop_operator_3.py
[2023-11-12T20:03:01.398+0000] {processor.py:756} INFO - Processing file /home/airflow/.local/lib/python3.7/site-packages/airflow/example_dags/example_branch_python_dop_operator_3.py for tasks to queue
[2023-11-12T20:03:01.398+0000] {logging_mixin.py:120} INFO - [2023-11-12T20:03:01.398+0000] {dagbag.py:537} INFO - Filling up the DagBag from /home/airflow/.local/lib/python3.7/site-packages/airflow/example_dags/example_branch_python_dop_operator_3.py
[2023-11-12T20:03:01.417+0000] {processor.py:766} INFO - DAG(s) dict_keys(['example_branch_dop_operator_v3']) retrieved from /home/airflow/.local/lib/python3.7/site-packages/airflow/example_dags/example_branch_python_dop_operator_3.py
[2023-11-12T20:03:01.449+0000] {logging_mixin.py:120} INFO - [2023-11-12T20:03:01.449+0000] {dag.py:2585} INFO - Sync 1 DAGs
[2023-11-12T20:03:01.472+0000] {logging_mixin.py:120} INFO - [2023-11-12T20:03:01.472+0000] {dag.py:3340} INFO - Setting next_dagrun for example_branch_dop_operator_v3 to 2023-11-12T20:02:00+00:00, run_after=2023-11-12T20:03:00+00:00
[2023-11-12T20:03:01.493+0000] {processor.py:176} INFO - Processing /home/airflow/.local/lib/python3.7/site-packages/airflow/example_dags/example_branch_python_dop_operator_3.py took 0.098 seconds
[2023-11-12T20:03:32.008+0000] {processor.py:154} INFO - Started process (PID=596) to work on /home/airflow/.local/lib/python3.7/site-packages/airflow/example_dags/example_branch_python_dop_operator_3.py
[2023-11-12T20:03:32.008+0000] {processor.py:756} INFO - Processing file /home/airflow/.local/lib/python3.7/site-packages/airflow/example_dags/example_branch_python_dop_operator_3.py for tasks to queue
[2023-11-12T20:03:32.009+0000] {logging_mixin.py:120} INFO - [2023-11-12T20:03:32.009+0000] {dagbag.py:537} INFO - Filling up the DagBag from /home/airflow/.local/lib/python3.7/site-packages/airflow/example_dags/example_branch_python_dop_operator_3.py
[2023-11-12T20:03:32.042+0000] {processor.py:766} INFO - DAG(s) dict_keys(['example_branch_dop_operator_v3']) retrieved from /home/airflow/.local/lib/python3.7/site-packages/airflow/example_dags/example_branch_python_dop_operator_3.py
[2023-11-12T20:03:32.134+0000] {logging_mixin.py:120} INFO - [2023-11-12T20:03:32.133+0000] {dag.py:2585} INFO - Sync 1 DAGs
[2023-11-12T20:03:32.170+0000] {logging_mixin.py:120} INFO - [2023-11-12T20:03:32.170+0000] {dag.py:3340} INFO - Setting next_dagrun for example_branch_dop_operator_v3 to 2023-11-12T20:02:00+00:00, run_after=2023-11-12T20:03:00+00:00
[2023-11-12T20:03:32.197+0000] {processor.py:176} INFO - Processing /home/airflow/.local/lib/python3.7/site-packages/airflow/example_dags/example_branch_python_dop_operator_3.py took 0.192 seconds
[2023-11-12T20:04:02.475+0000] {processor.py:154} INFO - Started process (PID=653) to work on /home/airflow/.local/lib/python3.7/site-packages/airflow/example_dags/example_branch_python_dop_operator_3.py
[2023-11-12T20:04:02.476+0000] {processor.py:756} INFO - Processing file /home/airflow/.local/lib/python3.7/site-packages/airflow/example_dags/example_branch_python_dop_operator_3.py for tasks to queue
[2023-11-12T20:04:02.477+0000] {logging_mixin.py:120} INFO - [2023-11-12T20:04:02.477+0000] {dagbag.py:537} INFO - Filling up the DagBag from /home/airflow/.local/lib/python3.7/site-packages/airflow/example_dags/example_branch_python_dop_operator_3.py
[2023-11-12T20:04:02.506+0000] {processor.py:766} INFO - DAG(s) dict_keys(['example_branch_dop_operator_v3']) retrieved from /home/airflow/.local/lib/python3.7/site-packages/airflow/example_dags/example_branch_python_dop_operator_3.py
[2023-11-12T20:04:02.575+0000] {logging_mixin.py:120} INFO - [2023-11-12T20:04:02.575+0000] {dag.py:2585} INFO - Sync 1 DAGs
[2023-11-12T20:04:02.615+0000] {logging_mixin.py:120} INFO - [2023-11-12T20:04:02.615+0000] {dag.py:3340} INFO - Setting next_dagrun for example_branch_dop_operator_v3 to 2023-11-12T20:03:00+00:00, run_after=2023-11-12T20:04:00+00:00
[2023-11-12T20:04:02.643+0000] {processor.py:176} INFO - Processing /home/airflow/.local/lib/python3.7/site-packages/airflow/example_dags/example_branch_python_dop_operator_3.py took 0.171 seconds
[2023-11-12T20:04:33.309+0000] {processor.py:154} INFO - Started process (PID=717) to work on /home/airflow/.local/lib/python3.7/site-packages/airflow/example_dags/example_branch_python_dop_operator_3.py
[2023-11-12T20:04:33.310+0000] {processor.py:756} INFO - Processing file /home/airflow/.local/lib/python3.7/site-packages/airflow/example_dags/example_branch_python_dop_operator_3.py for tasks to queue
[2023-11-12T20:04:33.310+0000] {logging_mixin.py:120} INFO - [2023-11-12T20:04:33.310+0000] {dagbag.py:537} INFO - Filling up the DagBag from /home/airflow/.local/lib/python3.7/site-packages/airflow/example_dags/example_branch_python_dop_operator_3.py
[2023-11-12T20:04:33.336+0000] {processor.py:766} INFO - DAG(s) dict_keys(['example_branch_dop_operator_v3']) retrieved from /home/airflow/.local/lib/python3.7/site-packages/airflow/example_dags/example_branch_python_dop_operator_3.py
[2023-11-12T20:04:33.377+0000] {logging_mixin.py:120} INFO - [2023-11-12T20:04:33.377+0000] {dag.py:2585} INFO - Sync 1 DAGs
[2023-11-12T20:04:33.401+0000] {logging_mixin.py:120} INFO - [2023-11-12T20:04:33.401+0000] {dag.py:3340} INFO - Setting next_dagrun for example_branch_dop_operator_v3 to 2023-11-12T20:03:00+00:00, run_after=2023-11-12T20:04:00+00:00
[2023-11-12T20:04:33.422+0000] {processor.py:176} INFO - Processing /home/airflow/.local/lib/python3.7/site-packages/airflow/example_dags/example_branch_python_dop_operator_3.py took 0.117 seconds
[2023-11-12T20:05:04.869+0000] {processor.py:154} INFO - Started process (PID=779) to work on /home/airflow/.local/lib/python3.7/site-packages/airflow/example_dags/example_branch_python_dop_operator_3.py
[2023-11-12T20:05:04.869+0000] {processor.py:756} INFO - Processing file /home/airflow/.local/lib/python3.7/site-packages/airflow/example_dags/example_branch_python_dop_operator_3.py for tasks to queue
[2023-11-12T20:05:04.870+0000] {logging_mixin.py:120} INFO - [2023-11-12T20:05:04.870+0000] {dagbag.py:537} INFO - Filling up the DagBag from /home/airflow/.local/lib/python3.7/site-packages/airflow/example_dags/example_branch_python_dop_operator_3.py
[2023-11-12T20:05:05.018+0000] {processor.py:766} INFO - DAG(s) dict_keys(['example_branch_dop_operator_v3']) retrieved from /home/airflow/.local/lib/python3.7/site-packages/airflow/example_dags/example_branch_python_dop_operator_3.py
[2023-11-12T20:05:05.291+0000] {logging_mixin.py:120} INFO - [2023-11-12T20:05:05.291+0000] {dag.py:2585} INFO - Sync 1 DAGs
[2023-11-12T20:05:05.352+0000] {logging_mixin.py:120} INFO - [2023-11-12T20:05:05.352+0000] {dag.py:3340} INFO - Setting next_dagrun for example_branch_dop_operator_v3 to 2023-11-12T20:04:00+00:00, run_after=2023-11-12T20:05:00+00:00
[2023-11-12T20:05:05.405+0000] {processor.py:176} INFO - Processing /home/airflow/.local/lib/python3.7/site-packages/airflow/example_dags/example_branch_python_dop_operator_3.py took 0.553 seconds
[2023-11-12T20:05:35.807+0000] {processor.py:154} INFO - Started process (PID=834) to work on /home/airflow/.local/lib/python3.7/site-packages/airflow/example_dags/example_branch_python_dop_operator_3.py
[2023-11-12T20:05:35.808+0000] {processor.py:756} INFO - Processing file /home/airflow/.local/lib/python3.7/site-packages/airflow/example_dags/example_branch_python_dop_operator_3.py for tasks to queue
[2023-11-12T20:05:35.809+0000] {logging_mixin.py:120} INFO - [2023-11-12T20:05:35.808+0000] {dagbag.py:537} INFO - Filling up the DagBag from /home/airflow/.local/lib/python3.7/site-packages/airflow/example_dags/example_branch_python_dop_operator_3.py
[2023-11-12T20:05:35.837+0000] {processor.py:766} INFO - DAG(s) dict_keys(['example_branch_dop_operator_v3']) retrieved from /home/airflow/.local/lib/python3.7/site-packages/airflow/example_dags/example_branch_python_dop_operator_3.py
[2023-11-12T20:05:35.891+0000] {logging_mixin.py:120} INFO - [2023-11-12T20:05:35.891+0000] {dag.py:2585} INFO - Sync 1 DAGs
[2023-11-12T20:05:35.949+0000] {logging_mixin.py:120} INFO - [2023-11-12T20:05:35.949+0000] {dag.py:3340} INFO - Setting next_dagrun for example_branch_dop_operator_v3 to 2023-11-12T20:04:00+00:00, run_after=2023-11-12T20:05:00+00:00
[2023-11-12T20:05:35.995+0000] {processor.py:176} INFO - Processing /home/airflow/.local/lib/python3.7/site-packages/airflow/example_dags/example_branch_python_dop_operator_3.py took 0.191 seconds
[2023-11-12T20:06:07.410+0000] {processor.py:154} INFO - Started process (PID=894) to work on /home/airflow/.local/lib/python3.7/site-packages/airflow/example_dags/example_branch_python_dop_operator_3.py
[2023-11-12T20:06:07.419+0000] {processor.py:756} INFO - Processing file /home/airflow/.local/lib/python3.7/site-packages/airflow/example_dags/example_branch_python_dop_operator_3.py for tasks to queue
[2023-11-12T20:06:07.420+0000] {logging_mixin.py:120} INFO - [2023-11-12T20:06:07.420+0000] {dagbag.py:537} INFO - Filling up the DagBag from /home/airflow/.local/lib/python3.7/site-packages/airflow/example_dags/example_branch_python_dop_operator_3.py
[2023-11-12T20:06:07.523+0000] {processor.py:766} INFO - DAG(s) dict_keys(['example_branch_dop_operator_v3']) retrieved from /home/airflow/.local/lib/python3.7/site-packages/airflow/example_dags/example_branch_python_dop_operator_3.py
[2023-11-12T20:06:07.663+0000] {logging_mixin.py:120} INFO - [2023-11-12T20:06:07.662+0000] {dag.py:2585} INFO - Sync 1 DAGs
[2023-11-12T20:06:07.777+0000] {logging_mixin.py:120} INFO - [2023-11-12T20:06:07.777+0000] {dag.py:3340} INFO - Setting next_dagrun for example_branch_dop_operator_v3 to 2023-11-12T20:05:00+00:00, run_after=2023-11-12T20:06:00+00:00
[2023-11-12T20:06:07.848+0000] {processor.py:176} INFO - Processing /home/airflow/.local/lib/python3.7/site-packages/airflow/example_dags/example_branch_python_dop_operator_3.py took 0.451 seconds
[2023-11-12T20:06:38.541+0000] {processor.py:154} INFO - Started process (PID=950) to work on /home/airflow/.local/lib/python3.7/site-packages/airflow/example_dags/example_branch_python_dop_operator_3.py
[2023-11-12T20:06:38.543+0000] {processor.py:756} INFO - Processing file /home/airflow/.local/lib/python3.7/site-packages/airflow/example_dags/example_branch_python_dop_operator_3.py for tasks to queue
[2023-11-12T20:06:38.544+0000] {logging_mixin.py:120} INFO - [2023-11-12T20:06:38.544+0000] {dagbag.py:537} INFO - Filling up the DagBag from /home/airflow/.local/lib/python3.7/site-packages/airflow/example_dags/example_branch_python_dop_operator_3.py
[2023-11-12T20:06:38.646+0000] {processor.py:766} INFO - DAG(s) dict_keys(['example_branch_dop_operator_v3']) retrieved from /home/airflow/.local/lib/python3.7/site-packages/airflow/example_dags/example_branch_python_dop_operator_3.py
[2023-11-12T20:06:38.726+0000] {logging_mixin.py:120} INFO - [2023-11-12T20:06:38.726+0000] {dag.py:2585} INFO - Sync 1 DAGs
[2023-11-12T20:06:38.765+0000] {logging_mixin.py:120} INFO - [2023-11-12T20:06:38.765+0000] {dag.py:3340} INFO - Setting next_dagrun for example_branch_dop_operator_v3 to 2023-11-12T20:05:00+00:00, run_after=2023-11-12T20:06:00+00:00
[2023-11-12T20:06:38.806+0000] {processor.py:176} INFO - Processing /home/airflow/.local/lib/python3.7/site-packages/airflow/example_dags/example_branch_python_dop_operator_3.py took 0.281 seconds
[2023-11-12T20:07:09.812+0000] {processor.py:154} INFO - Started process (PID=1012) to work on /home/airflow/.local/lib/python3.7/site-packages/airflow/example_dags/example_branch_python_dop_operator_3.py
[2023-11-12T20:07:09.821+0000] {processor.py:756} INFO - Processing file /home/airflow/.local/lib/python3.7/site-packages/airflow/example_dags/example_branch_python_dop_operator_3.py for tasks to queue
[2023-11-12T20:07:09.822+0000] {logging_mixin.py:120} INFO - [2023-11-12T20:07:09.822+0000] {dagbag.py:537} INFO - Filling up the DagBag from /home/airflow/.local/lib/python3.7/site-packages/airflow/example_dags/example_branch_python_dop_operator_3.py
[2023-11-12T20:07:09.897+0000] {processor.py:766} INFO - DAG(s) dict_keys(['example_branch_dop_operator_v3']) retrieved from /home/airflow/.local/lib/python3.7/site-packages/airflow/example_dags/example_branch_python_dop_operator_3.py
[2023-11-12T20:07:09.985+0000] {logging_mixin.py:120} INFO - [2023-11-12T20:07:09.985+0000] {dag.py:2585} INFO - Sync 1 DAGs
[2023-11-12T20:07:10.031+0000] {logging_mixin.py:120} INFO - [2023-11-12T20:07:10.031+0000] {dag.py:3340} INFO - Setting next_dagrun for example_branch_dop_operator_v3 to 2023-11-12T20:06:00+00:00, run_after=2023-11-12T20:07:00+00:00
[2023-11-12T20:07:10.059+0000] {processor.py:176} INFO - Processing /home/airflow/.local/lib/python3.7/site-packages/airflow/example_dags/example_branch_python_dop_operator_3.py took 0.263 seconds
[2023-11-12T20:07:40.172+0000] {processor.py:154} INFO - Started process (PID=1066) to work on /home/airflow/.local/lib/python3.7/site-packages/airflow/example_dags/example_branch_python_dop_operator_3.py
[2023-11-12T20:07:40.175+0000] {processor.py:756} INFO - Processing file /home/airflow/.local/lib/python3.7/site-packages/airflow/example_dags/example_branch_python_dop_operator_3.py for tasks to queue
[2023-11-12T20:07:40.176+0000] {logging_mixin.py:120} INFO - [2023-11-12T20:07:40.176+0000] {dagbag.py:537} INFO - Filling up the DagBag from /home/airflow/.local/lib/python3.7/site-packages/airflow/example_dags/example_branch_python_dop_operator_3.py
[2023-11-12T20:07:40.206+0000] {processor.py:766} INFO - DAG(s) dict_keys(['example_branch_dop_operator_v3']) retrieved from /home/airflow/.local/lib/python3.7/site-packages/airflow/example_dags/example_branch_python_dop_operator_3.py
[2023-11-12T20:07:40.266+0000] {logging_mixin.py:120} INFO - [2023-11-12T20:07:40.265+0000] {dag.py:2585} INFO - Sync 1 DAGs
[2023-11-12T20:07:40.307+0000] {logging_mixin.py:120} INFO - [2023-11-12T20:07:40.307+0000] {dag.py:3340} INFO - Setting next_dagrun for example_branch_dop_operator_v3 to 2023-11-12T20:06:00+00:00, run_after=2023-11-12T20:07:00+00:00
[2023-11-12T20:07:40.345+0000] {processor.py:176} INFO - Processing /home/airflow/.local/lib/python3.7/site-packages/airflow/example_dags/example_branch_python_dop_operator_3.py took 0.177 seconds
[2023-11-12T20:08:10.688+0000] {processor.py:154} INFO - Started process (PID=1128) to work on /home/airflow/.local/lib/python3.7/site-packages/airflow/example_dags/example_branch_python_dop_operator_3.py
[2023-11-12T20:08:10.695+0000] {processor.py:756} INFO - Processing file /home/airflow/.local/lib/python3.7/site-packages/airflow/example_dags/example_branch_python_dop_operator_3.py for tasks to queue
[2023-11-12T20:08:10.696+0000] {logging_mixin.py:120} INFO - [2023-11-12T20:08:10.696+0000] {dagbag.py:537} INFO - Filling up the DagBag from /home/airflow/.local/lib/python3.7/site-packages/airflow/example_dags/example_branch_python_dop_operator_3.py
[2023-11-12T20:08:10.779+0000] {processor.py:766} INFO - DAG(s) dict_keys(['example_branch_dop_operator_v3']) retrieved from /home/airflow/.local/lib/python3.7/site-packages/airflow/example_dags/example_branch_python_dop_operator_3.py
[2023-11-12T20:08:10.897+0000] {logging_mixin.py:120} INFO - [2023-11-12T20:08:10.896+0000] {dag.py:2585} INFO - Sync 1 DAGs
[2023-11-12T20:08:10.961+0000] {logging_mixin.py:120} INFO - [2023-11-12T20:08:10.961+0000] {dag.py:3340} INFO - Setting next_dagrun for example_branch_dop_operator_v3 to 2023-11-12T20:07:00+00:00, run_after=2023-11-12T20:08:00+00:00
[2023-11-12T20:08:11.018+0000] {processor.py:176} INFO - Processing /home/airflow/.local/lib/python3.7/site-packages/airflow/example_dags/example_branch_python_dop_operator_3.py took 0.339 seconds
[2023-11-12T20:08:41.081+0000] {processor.py:154} INFO - Started process (PID=1182) to work on /home/airflow/.local/lib/python3.7/site-packages/airflow/example_dags/example_branch_python_dop_operator_3.py
[2023-11-12T20:08:41.082+0000] {processor.py:756} INFO - Processing file /home/airflow/.local/lib/python3.7/site-packages/airflow/example_dags/example_branch_python_dop_operator_3.py for tasks to queue
[2023-11-12T20:08:41.082+0000] {logging_mixin.py:120} INFO - [2023-11-12T20:08:41.082+0000] {dagbag.py:537} INFO - Filling up the DagBag from /home/airflow/.local/lib/python3.7/site-packages/airflow/example_dags/example_branch_python_dop_operator_3.py
[2023-11-12T20:08:41.112+0000] {processor.py:766} INFO - DAG(s) dict_keys(['example_branch_dop_operator_v3']) retrieved from /home/airflow/.local/lib/python3.7/site-packages/airflow/example_dags/example_branch_python_dop_operator_3.py
[2023-11-12T20:08:41.164+0000] {logging_mixin.py:120} INFO - [2023-11-12T20:08:41.163+0000] {dag.py:2585} INFO - Sync 1 DAGs
[2023-11-12T20:08:41.215+0000] {logging_mixin.py:120} INFO - [2023-11-12T20:08:41.215+0000] {dag.py:3340} INFO - Setting next_dagrun for example_branch_dop_operator_v3 to 2023-11-12T20:07:00+00:00, run_after=2023-11-12T20:08:00+00:00
[2023-11-12T20:08:41.241+0000] {processor.py:176} INFO - Processing /home/airflow/.local/lib/python3.7/site-packages/airflow/example_dags/example_branch_python_dop_operator_3.py took 0.163 seconds
[2023-11-12T20:09:11.555+0000] {processor.py:154} INFO - Started process (PID=1235) to work on /home/airflow/.local/lib/python3.7/site-packages/airflow/example_dags/example_branch_python_dop_operator_3.py
[2023-11-12T20:09:11.555+0000] {processor.py:756} INFO - Processing file /home/airflow/.local/lib/python3.7/site-packages/airflow/example_dags/example_branch_python_dop_operator_3.py for tasks to queue
[2023-11-12T20:09:11.556+0000] {logging_mixin.py:120} INFO - [2023-11-12T20:09:11.556+0000] {dagbag.py:537} INFO - Filling up the DagBag from /home/airflow/.local/lib/python3.7/site-packages/airflow/example_dags/example_branch_python_dop_operator_3.py
[2023-11-12T20:09:11.585+0000] {processor.py:766} INFO - DAG(s) dict_keys(['example_branch_dop_operator_v3']) retrieved from /home/airflow/.local/lib/python3.7/site-packages/airflow/example_dags/example_branch_python_dop_operator_3.py
[2023-11-12T20:09:11.655+0000] {logging_mixin.py:120} INFO - [2023-11-12T20:09:11.654+0000] {dag.py:2585} INFO - Sync 1 DAGs
[2023-11-12T20:09:11.723+0000] {logging_mixin.py:120} INFO - [2023-11-12T20:09:11.722+0000] {dag.py:3340} INFO - Setting next_dagrun for example_branch_dop_operator_v3 to 2023-11-12T20:08:00+00:00, run_after=2023-11-12T20:09:00+00:00
[2023-11-12T20:09:11.748+0000] {processor.py:176} INFO - Processing /home/airflow/.local/lib/python3.7/site-packages/airflow/example_dags/example_branch_python_dop_operator_3.py took 0.196 seconds
[2023-11-12T20:09:41.954+0000] {processor.py:154} INFO - Started process (PID=1297) to work on /home/airflow/.local/lib/python3.7/site-packages/airflow/example_dags/example_branch_python_dop_operator_3.py
[2023-11-12T20:09:41.955+0000] {processor.py:756} INFO - Processing file /home/airflow/.local/lib/python3.7/site-packages/airflow/example_dags/example_branch_python_dop_operator_3.py for tasks to queue
[2023-11-12T20:09:41.956+0000] {logging_mixin.py:120} INFO - [2023-11-12T20:09:41.956+0000] {dagbag.py:537} INFO - Filling up the DagBag from /home/airflow/.local/lib/python3.7/site-packages/airflow/example_dags/example_branch_python_dop_operator_3.py
[2023-11-12T20:09:41.984+0000] {processor.py:766} INFO - DAG(s) dict_keys(['example_branch_dop_operator_v3']) retrieved from /home/airflow/.local/lib/python3.7/site-packages/airflow/example_dags/example_branch_python_dop_operator_3.py
[2023-11-12T20:09:42.062+0000] {logging_mixin.py:120} INFO - [2023-11-12T20:09:42.062+0000] {dag.py:2585} INFO - Sync 1 DAGs
[2023-11-12T20:09:42.096+0000] {logging_mixin.py:120} INFO - [2023-11-12T20:09:42.096+0000] {dag.py:3340} INFO - Setting next_dagrun for example_branch_dop_operator_v3 to 2023-11-12T20:08:00+00:00, run_after=2023-11-12T20:09:00+00:00
[2023-11-12T20:09:42.124+0000] {processor.py:176} INFO - Processing /home/airflow/.local/lib/python3.7/site-packages/airflow/example_dags/example_branch_python_dop_operator_3.py took 0.172 seconds
[2023-11-12T20:10:12.618+0000] {processor.py:154} INFO - Started process (PID=1349) to work on /home/airflow/.local/lib/python3.7/site-packages/airflow/example_dags/example_branch_python_dop_operator_3.py
[2023-11-12T20:10:12.622+0000] {processor.py:756} INFO - Processing file /home/airflow/.local/lib/python3.7/site-packages/airflow/example_dags/example_branch_python_dop_operator_3.py for tasks to queue
[2023-11-12T20:10:12.624+0000] {logging_mixin.py:120} INFO - [2023-11-12T20:10:12.623+0000] {dagbag.py:537} INFO - Filling up the DagBag from /home/airflow/.local/lib/python3.7/site-packages/airflow/example_dags/example_branch_python_dop_operator_3.py
[2023-11-12T20:10:12.673+0000] {processor.py:766} INFO - DAG(s) dict_keys(['example_branch_dop_operator_v3']) retrieved from /home/airflow/.local/lib/python3.7/site-packages/airflow/example_dags/example_branch_python_dop_operator_3.py
[2023-11-12T20:10:12.761+0000] {logging_mixin.py:120} INFO - [2023-11-12T20:10:12.761+0000] {dag.py:2585} INFO - Sync 1 DAGs
[2023-11-12T20:10:12.824+0000] {logging_mixin.py:120} INFO - [2023-11-12T20:10:12.824+0000] {dag.py:3340} INFO - Setting next_dagrun for example_branch_dop_operator_v3 to 2023-11-12T20:09:00+00:00, run_after=2023-11-12T20:10:00+00:00
[2023-11-12T20:10:12.870+0000] {processor.py:176} INFO - Processing /home/airflow/.local/lib/python3.7/site-packages/airflow/example_dags/example_branch_python_dop_operator_3.py took 0.256 seconds
[2023-11-12T20:10:43.614+0000] {processor.py:154} INFO - Started process (PID=1402) to work on /home/airflow/.local/lib/python3.7/site-packages/airflow/example_dags/example_branch_python_dop_operator_3.py
[2023-11-12T20:10:43.621+0000] {processor.py:756} INFO - Processing file /home/airflow/.local/lib/python3.7/site-packages/airflow/example_dags/example_branch_python_dop_operator_3.py for tasks to queue
[2023-11-12T20:10:43.622+0000] {logging_mixin.py:120} INFO - [2023-11-12T20:10:43.622+0000] {dagbag.py:537} INFO - Filling up the DagBag from /home/airflow/.local/lib/python3.7/site-packages/airflow/example_dags/example_branch_python_dop_operator_3.py
[2023-11-12T20:10:43.678+0000] {processor.py:766} INFO - DAG(s) dict_keys(['example_branch_dop_operator_v3']) retrieved from /home/airflow/.local/lib/python3.7/site-packages/airflow/example_dags/example_branch_python_dop_operator_3.py
[2023-11-12T20:10:43.758+0000] {logging_mixin.py:120} INFO - [2023-11-12T20:10:43.757+0000] {dag.py:2585} INFO - Sync 1 DAGs
[2023-11-12T20:10:43.798+0000] {logging_mixin.py:120} INFO - [2023-11-12T20:10:43.798+0000] {dag.py:3340} INFO - Setting next_dagrun for example_branch_dop_operator_v3 to 2023-11-12T20:09:00+00:00, run_after=2023-11-12T20:10:00+00:00
[2023-11-12T20:10:43.841+0000] {processor.py:176} INFO - Processing /home/airflow/.local/lib/python3.7/site-packages/airflow/example_dags/example_branch_python_dop_operator_3.py took 0.231 seconds
[2023-11-12T20:11:14.074+0000] {processor.py:154} INFO - Started process (PID=1464) to work on /home/airflow/.local/lib/python3.7/site-packages/airflow/example_dags/example_branch_python_dop_operator_3.py
[2023-11-12T20:11:14.075+0000] {processor.py:756} INFO - Processing file /home/airflow/.local/lib/python3.7/site-packages/airflow/example_dags/example_branch_python_dop_operator_3.py for tasks to queue
[2023-11-12T20:11:14.076+0000] {logging_mixin.py:120} INFO - [2023-11-12T20:11:14.076+0000] {dagbag.py:537} INFO - Filling up the DagBag from /home/airflow/.local/lib/python3.7/site-packages/airflow/example_dags/example_branch_python_dop_operator_3.py
[2023-11-12T20:11:14.099+0000] {processor.py:766} INFO - DAG(s) dict_keys(['example_branch_dop_operator_v3']) retrieved from /home/airflow/.local/lib/python3.7/site-packages/airflow/example_dags/example_branch_python_dop_operator_3.py
[2023-11-12T20:11:14.130+0000] {logging_mixin.py:120} INFO - [2023-11-12T20:11:14.130+0000] {dag.py:2585} INFO - Sync 1 DAGs
[2023-11-12T20:11:14.153+0000] {logging_mixin.py:120} INFO - [2023-11-12T20:11:14.153+0000] {dag.py:3340} INFO - Setting next_dagrun for example_branch_dop_operator_v3 to 2023-11-12T20:10:00+00:00, run_after=2023-11-12T20:11:00+00:00
[2023-11-12T20:11:14.176+0000] {processor.py:176} INFO - Processing /home/airflow/.local/lib/python3.7/site-packages/airflow/example_dags/example_branch_python_dop_operator_3.py took 0.106 seconds
[2023-11-12T20:11:45.140+0000] {processor.py:154} INFO - Started process (PID=1518) to work on /home/airflow/.local/lib/python3.7/site-packages/airflow/example_dags/example_branch_python_dop_operator_3.py
[2023-11-12T20:11:45.141+0000] {processor.py:756} INFO - Processing file /home/airflow/.local/lib/python3.7/site-packages/airflow/example_dags/example_branch_python_dop_operator_3.py for tasks to queue
[2023-11-12T20:11:45.142+0000] {logging_mixin.py:120} INFO - [2023-11-12T20:11:45.142+0000] {dagbag.py:537} INFO - Filling up the DagBag from /home/airflow/.local/lib/python3.7/site-packages/airflow/example_dags/example_branch_python_dop_operator_3.py
[2023-11-12T20:11:45.171+0000] {processor.py:766} INFO - DAG(s) dict_keys(['example_branch_dop_operator_v3']) retrieved from /home/airflow/.local/lib/python3.7/site-packages/airflow/example_dags/example_branch_python_dop_operator_3.py
[2023-11-12T20:11:45.221+0000] {logging_mixin.py:120} INFO - [2023-11-12T20:11:45.221+0000] {dag.py:2585} INFO - Sync 1 DAGs
[2023-11-12T20:11:45.262+0000] {logging_mixin.py:120} INFO - [2023-11-12T20:11:45.262+0000] {dag.py:3340} INFO - Setting next_dagrun for example_branch_dop_operator_v3 to 2023-11-12T20:10:00+00:00, run_after=2023-11-12T20:11:00+00:00
[2023-11-12T20:11:45.294+0000] {processor.py:176} INFO - Processing /home/airflow/.local/lib/python3.7/site-packages/airflow/example_dags/example_branch_python_dop_operator_3.py took 0.157 seconds
[2023-11-12T20:12:16.009+0000] {processor.py:154} INFO - Started process (PID=1580) to work on /home/airflow/.local/lib/python3.7/site-packages/airflow/example_dags/example_branch_python_dop_operator_3.py
[2023-11-12T20:12:16.010+0000] {processor.py:756} INFO - Processing file /home/airflow/.local/lib/python3.7/site-packages/airflow/example_dags/example_branch_python_dop_operator_3.py for tasks to queue
[2023-11-12T20:12:16.011+0000] {logging_mixin.py:120} INFO - [2023-11-12T20:12:16.010+0000] {dagbag.py:537} INFO - Filling up the DagBag from /home/airflow/.local/lib/python3.7/site-packages/airflow/example_dags/example_branch_python_dop_operator_3.py
[2023-11-12T20:12:16.047+0000] {processor.py:766} INFO - DAG(s) dict_keys(['example_branch_dop_operator_v3']) retrieved from /home/airflow/.local/lib/python3.7/site-packages/airflow/example_dags/example_branch_python_dop_operator_3.py
[2023-11-12T20:12:16.169+0000] {logging_mixin.py:120} INFO - [2023-11-12T20:12:16.169+0000] {dag.py:2585} INFO - Sync 1 DAGs
[2023-11-12T20:12:16.309+0000] {logging_mixin.py:120} INFO - [2023-11-12T20:12:16.309+0000] {dag.py:3340} INFO - Setting next_dagrun for example_branch_dop_operator_v3 to 2023-11-12T20:11:00+00:00, run_after=2023-11-12T20:12:00+00:00
[2023-11-12T20:12:16.374+0000] {processor.py:176} INFO - Processing /home/airflow/.local/lib/python3.7/site-packages/airflow/example_dags/example_branch_python_dop_operator_3.py took 0.388 seconds
[2023-11-12T20:12:46.731+0000] {processor.py:154} INFO - Started process (PID=1635) to work on /home/airflow/.local/lib/python3.7/site-packages/airflow/example_dags/example_branch_python_dop_operator_3.py
[2023-11-12T20:12:46.744+0000] {processor.py:756} INFO - Processing file /home/airflow/.local/lib/python3.7/site-packages/airflow/example_dags/example_branch_python_dop_operator_3.py for tasks to queue
[2023-11-12T20:12:46.745+0000] {logging_mixin.py:120} INFO - [2023-11-12T20:12:46.745+0000] {dagbag.py:537} INFO - Filling up the DagBag from /home/airflow/.local/lib/python3.7/site-packages/airflow/example_dags/example_branch_python_dop_operator_3.py
[2023-11-12T20:12:46.792+0000] {processor.py:766} INFO - DAG(s) dict_keys(['example_branch_dop_operator_v3']) retrieved from /home/airflow/.local/lib/python3.7/site-packages/airflow/example_dags/example_branch_python_dop_operator_3.py
[2023-11-12T20:12:46.878+0000] {logging_mixin.py:120} INFO - [2023-11-12T20:12:46.878+0000] {dag.py:2585} INFO - Sync 1 DAGs
[2023-11-12T20:12:47.003+0000] {logging_mixin.py:120} INFO - [2023-11-12T20:12:47.002+0000] {dag.py:3340} INFO - Setting next_dagrun for example_branch_dop_operator_v3 to 2023-11-12T20:11:00+00:00, run_after=2023-11-12T20:12:00+00:00
[2023-11-12T20:12:47.077+0000] {processor.py:176} INFO - Processing /home/airflow/.local/lib/python3.7/site-packages/airflow/example_dags/example_branch_python_dop_operator_3.py took 0.349 seconds
[2023-11-12T20:13:17.161+0000] {processor.py:154} INFO - Started process (PID=1696) to work on /home/airflow/.local/lib/python3.7/site-packages/airflow/example_dags/example_branch_python_dop_operator_3.py
[2023-11-12T20:13:17.162+0000] {processor.py:756} INFO - Processing file /home/airflow/.local/lib/python3.7/site-packages/airflow/example_dags/example_branch_python_dop_operator_3.py for tasks to queue
[2023-11-12T20:13:17.163+0000] {logging_mixin.py:120} INFO - [2023-11-12T20:13:17.163+0000] {dagbag.py:537} INFO - Filling up the DagBag from /home/airflow/.local/lib/python3.7/site-packages/airflow/example_dags/example_branch_python_dop_operator_3.py
[2023-11-12T20:13:17.211+0000] {processor.py:766} INFO - DAG(s) dict_keys(['example_branch_dop_operator_v3']) retrieved from /home/airflow/.local/lib/python3.7/site-packages/airflow/example_dags/example_branch_python_dop_operator_3.py
[2023-11-12T20:13:17.301+0000] {logging_mixin.py:120} INFO - [2023-11-12T20:13:17.301+0000] {dag.py:2585} INFO - Sync 1 DAGs
[2023-11-12T20:13:17.328+0000] {logging_mixin.py:120} INFO - [2023-11-12T20:13:17.327+0000] {dag.py:3340} INFO - Setting next_dagrun for example_branch_dop_operator_v3 to 2023-11-12T20:12:00+00:00, run_after=2023-11-12T20:13:00+00:00
[2023-11-12T20:13:17.359+0000] {processor.py:176} INFO - Processing /home/airflow/.local/lib/python3.7/site-packages/airflow/example_dags/example_branch_python_dop_operator_3.py took 0.201 seconds
[2023-11-12T20:13:47.971+0000] {processor.py:154} INFO - Started process (PID=1759) to work on /home/airflow/.local/lib/python3.7/site-packages/airflow/example_dags/example_branch_python_dop_operator_3.py
[2023-11-12T20:13:47.972+0000] {processor.py:756} INFO - Processing file /home/airflow/.local/lib/python3.7/site-packages/airflow/example_dags/example_branch_python_dop_operator_3.py for tasks to queue
[2023-11-12T20:13:47.973+0000] {logging_mixin.py:120} INFO - [2023-11-12T20:13:47.973+0000] {dagbag.py:537} INFO - Filling up the DagBag from /home/airflow/.local/lib/python3.7/site-packages/airflow/example_dags/example_branch_python_dop_operator_3.py
[2023-11-12T20:13:48.006+0000] {processor.py:766} INFO - DAG(s) dict_keys(['example_branch_dop_operator_v3']) retrieved from /home/airflow/.local/lib/python3.7/site-packages/airflow/example_dags/example_branch_python_dop_operator_3.py
[2023-11-12T20:13:48.145+0000] {logging_mixin.py:120} INFO - [2023-11-12T20:13:48.144+0000] {dag.py:2585} INFO - Sync 1 DAGs
[2023-11-12T20:13:48.271+0000] {logging_mixin.py:120} INFO - [2023-11-12T20:13:48.271+0000] {dag.py:3340} INFO - Setting next_dagrun for example_branch_dop_operator_v3 to 2023-11-12T20:12:00+00:00, run_after=2023-11-12T20:13:00+00:00
[2023-11-12T20:13:48.370+0000] {processor.py:176} INFO - Processing /home/airflow/.local/lib/python3.7/site-packages/airflow/example_dags/example_branch_python_dop_operator_3.py took 0.402 seconds
[2023-11-12T20:14:18.529+0000] {processor.py:154} INFO - Started process (PID=1814) to work on /home/airflow/.local/lib/python3.7/site-packages/airflow/example_dags/example_branch_python_dop_operator_3.py
[2023-11-12T20:14:18.529+0000] {processor.py:756} INFO - Processing file /home/airflow/.local/lib/python3.7/site-packages/airflow/example_dags/example_branch_python_dop_operator_3.py for tasks to queue
[2023-11-12T20:14:18.530+0000] {logging_mixin.py:120} INFO - [2023-11-12T20:14:18.530+0000] {dagbag.py:537} INFO - Filling up the DagBag from /home/airflow/.local/lib/python3.7/site-packages/airflow/example_dags/example_branch_python_dop_operator_3.py
[2023-11-12T20:14:18.551+0000] {processor.py:766} INFO - DAG(s) dict_keys(['example_branch_dop_operator_v3']) retrieved from /home/airflow/.local/lib/python3.7/site-packages/airflow/example_dags/example_branch_python_dop_operator_3.py
[2023-11-12T20:14:18.586+0000] {logging_mixin.py:120} INFO - [2023-11-12T20:14:18.586+0000] {dag.py:2585} INFO - Sync 1 DAGs
[2023-11-12T20:14:18.619+0000] {logging_mixin.py:120} INFO - [2023-11-12T20:14:18.619+0000] {dag.py:3340} INFO - Setting next_dagrun for example_branch_dop_operator_v3 to 2023-11-12T20:13:00+00:00, run_after=2023-11-12T20:14:00+00:00
[2023-11-12T20:14:18.640+0000] {processor.py:176} INFO - Processing /home/airflow/.local/lib/python3.7/site-packages/airflow/example_dags/example_branch_python_dop_operator_3.py took 0.115 seconds
[2023-11-12T20:14:48.814+0000] {processor.py:154} INFO - Started process (PID=1874) to work on /home/airflow/.local/lib/python3.7/site-packages/airflow/example_dags/example_branch_python_dop_operator_3.py
[2023-11-12T20:14:48.824+0000] {processor.py:756} INFO - Processing file /home/airflow/.local/lib/python3.7/site-packages/airflow/example_dags/example_branch_python_dop_operator_3.py for tasks to queue
[2023-11-12T20:14:48.825+0000] {logging_mixin.py:120} INFO - [2023-11-12T20:14:48.825+0000] {dagbag.py:537} INFO - Filling up the DagBag from /home/airflow/.local/lib/python3.7/site-packages/airflow/example_dags/example_branch_python_dop_operator_3.py
[2023-11-12T20:14:48.886+0000] {processor.py:766} INFO - DAG(s) dict_keys(['example_branch_dop_operator_v3']) retrieved from /home/airflow/.local/lib/python3.7/site-packages/airflow/example_dags/example_branch_python_dop_operator_3.py
[2023-11-12T20:14:49.061+0000] {logging_mixin.py:120} INFO - [2023-11-12T20:14:49.060+0000] {dag.py:2585} INFO - Sync 1 DAGs
[2023-11-12T20:14:49.152+0000] {logging_mixin.py:120} INFO - [2023-11-12T20:14:49.152+0000] {dag.py:3340} INFO - Setting next_dagrun for example_branch_dop_operator_v3 to 2023-11-12T20:13:00+00:00, run_after=2023-11-12T20:14:00+00:00
[2023-11-12T20:14:49.201+0000] {processor.py:176} INFO - Processing /home/airflow/.local/lib/python3.7/site-packages/airflow/example_dags/example_branch_python_dop_operator_3.py took 0.390 seconds
[2023-11-12T20:15:19.448+0000] {processor.py:154} INFO - Started process (PID=1930) to work on /home/airflow/.local/lib/python3.7/site-packages/airflow/example_dags/example_branch_python_dop_operator_3.py
[2023-11-12T20:15:19.457+0000] {processor.py:756} INFO - Processing file /home/airflow/.local/lib/python3.7/site-packages/airflow/example_dags/example_branch_python_dop_operator_3.py for tasks to queue
[2023-11-12T20:15:19.458+0000] {logging_mixin.py:120} INFO - [2023-11-12T20:15:19.458+0000] {dagbag.py:537} INFO - Filling up the DagBag from /home/airflow/.local/lib/python3.7/site-packages/airflow/example_dags/example_branch_python_dop_operator_3.py
[2023-11-12T20:15:19.518+0000] {processor.py:766} INFO - DAG(s) dict_keys(['example_branch_dop_operator_v3']) retrieved from /home/airflow/.local/lib/python3.7/site-packages/airflow/example_dags/example_branch_python_dop_operator_3.py
[2023-11-12T20:15:19.657+0000] {logging_mixin.py:120} INFO - [2023-11-12T20:15:19.657+0000] {dag.py:2585} INFO - Sync 1 DAGs
[2023-11-12T20:15:19.725+0000] {logging_mixin.py:120} INFO - [2023-11-12T20:15:19.725+0000] {dag.py:3340} INFO - Setting next_dagrun for example_branch_dop_operator_v3 to 2023-11-12T20:14:00+00:00, run_after=2023-11-12T20:15:00+00:00
[2023-11-12T20:15:19.779+0000] {processor.py:176} INFO - Processing /home/airflow/.local/lib/python3.7/site-packages/airflow/example_dags/example_branch_python_dop_operator_3.py took 0.336 seconds
[2023-11-12T20:15:49.928+0000] {processor.py:154} INFO - Started process (PID=1995) to work on /home/airflow/.local/lib/python3.7/site-packages/airflow/example_dags/example_branch_python_dop_operator_3.py
[2023-11-12T20:15:49.929+0000] {processor.py:756} INFO - Processing file /home/airflow/.local/lib/python3.7/site-packages/airflow/example_dags/example_branch_python_dop_operator_3.py for tasks to queue
[2023-11-12T20:15:49.930+0000] {logging_mixin.py:120} INFO - [2023-11-12T20:15:49.930+0000] {dagbag.py:537} INFO - Filling up the DagBag from /home/airflow/.local/lib/python3.7/site-packages/airflow/example_dags/example_branch_python_dop_operator_3.py
[2023-11-12T20:15:49.958+0000] {processor.py:766} INFO - DAG(s) dict_keys(['example_branch_dop_operator_v3']) retrieved from /home/airflow/.local/lib/python3.7/site-packages/airflow/example_dags/example_branch_python_dop_operator_3.py
[2023-11-12T20:15:50.011+0000] {logging_mixin.py:120} INFO - [2023-11-12T20:15:50.010+0000] {dag.py:2585} INFO - Sync 1 DAGs
[2023-11-12T20:15:50.047+0000] {logging_mixin.py:120} INFO - [2023-11-12T20:15:50.047+0000] {dag.py:3340} INFO - Setting next_dagrun for example_branch_dop_operator_v3 to 2023-11-12T20:14:00+00:00, run_after=2023-11-12T20:15:00+00:00
[2023-11-12T20:15:50.078+0000] {processor.py:176} INFO - Processing /home/airflow/.local/lib/python3.7/site-packages/airflow/example_dags/example_branch_python_dop_operator_3.py took 0.153 seconds
[2023-11-12T20:16:20.119+0000] {processor.py:154} INFO - Started process (PID=2049) to work on /home/airflow/.local/lib/python3.7/site-packages/airflow/example_dags/example_branch_python_dop_operator_3.py
[2023-11-12T20:16:20.120+0000] {processor.py:756} INFO - Processing file /home/airflow/.local/lib/python3.7/site-packages/airflow/example_dags/example_branch_python_dop_operator_3.py for tasks to queue
[2023-11-12T20:16:20.121+0000] {logging_mixin.py:120} INFO - [2023-11-12T20:16:20.121+0000] {dagbag.py:537} INFO - Filling up the DagBag from /home/airflow/.local/lib/python3.7/site-packages/airflow/example_dags/example_branch_python_dop_operator_3.py
[2023-11-12T20:16:20.153+0000] {processor.py:766} INFO - DAG(s) dict_keys(['example_branch_dop_operator_v3']) retrieved from /home/airflow/.local/lib/python3.7/site-packages/airflow/example_dags/example_branch_python_dop_operator_3.py
[2023-11-12T20:16:20.198+0000] {logging_mixin.py:120} INFO - [2023-11-12T20:16:20.198+0000] {dag.py:2585} INFO - Sync 1 DAGs
[2023-11-12T20:16:20.248+0000] {logging_mixin.py:120} INFO - [2023-11-12T20:16:20.247+0000] {dag.py:3340} INFO - Setting next_dagrun for example_branch_dop_operator_v3 to 2023-11-12T20:15:00+00:00, run_after=2023-11-12T20:16:00+00:00
[2023-11-12T20:16:20.276+0000] {processor.py:176} INFO - Processing /home/airflow/.local/lib/python3.7/site-packages/airflow/example_dags/example_branch_python_dop_operator_3.py took 0.160 seconds
[2023-11-12T20:16:50.324+0000] {processor.py:154} INFO - Started process (PID=2111) to work on /home/airflow/.local/lib/python3.7/site-packages/airflow/example_dags/example_branch_python_dop_operator_3.py
[2023-11-12T20:16:50.325+0000] {processor.py:756} INFO - Processing file /home/airflow/.local/lib/python3.7/site-packages/airflow/example_dags/example_branch_python_dop_operator_3.py for tasks to queue
[2023-11-12T20:16:50.326+0000] {logging_mixin.py:120} INFO - [2023-11-12T20:16:50.326+0000] {dagbag.py:537} INFO - Filling up the DagBag from /home/airflow/.local/lib/python3.7/site-packages/airflow/example_dags/example_branch_python_dop_operator_3.py
[2023-11-12T20:16:50.353+0000] {processor.py:766} INFO - DAG(s) dict_keys(['example_branch_dop_operator_v3']) retrieved from /home/airflow/.local/lib/python3.7/site-packages/airflow/example_dags/example_branch_python_dop_operator_3.py
[2023-11-12T20:16:50.399+0000] {logging_mixin.py:120} INFO - [2023-11-12T20:16:50.399+0000] {dag.py:2585} INFO - Sync 1 DAGs
[2023-11-12T20:16:50.438+0000] {logging_mixin.py:120} INFO - [2023-11-12T20:16:50.437+0000] {dag.py:3340} INFO - Setting next_dagrun for example_branch_dop_operator_v3 to 2023-11-12T20:15:00+00:00, run_after=2023-11-12T20:16:00+00:00
[2023-11-12T20:16:50.462+0000] {processor.py:176} INFO - Processing /home/airflow/.local/lib/python3.7/site-packages/airflow/example_dags/example_branch_python_dop_operator_3.py took 0.141 seconds
[2023-11-12T20:17:20.963+0000] {processor.py:154} INFO - Started process (PID=2165) to work on /home/airflow/.local/lib/python3.7/site-packages/airflow/example_dags/example_branch_python_dop_operator_3.py
[2023-11-12T20:17:20.984+0000] {processor.py:756} INFO - Processing file /home/airflow/.local/lib/python3.7/site-packages/airflow/example_dags/example_branch_python_dop_operator_3.py for tasks to queue
[2023-11-12T20:17:20.985+0000] {logging_mixin.py:120} INFO - [2023-11-12T20:17:20.985+0000] {dagbag.py:537} INFO - Filling up the DagBag from /home/airflow/.local/lib/python3.7/site-packages/airflow/example_dags/example_branch_python_dop_operator_3.py
[2023-11-12T20:17:21.031+0000] {processor.py:766} INFO - DAG(s) dict_keys(['example_branch_dop_operator_v3']) retrieved from /home/airflow/.local/lib/python3.7/site-packages/airflow/example_dags/example_branch_python_dop_operator_3.py
[2023-11-12T20:17:21.168+0000] {logging_mixin.py:120} INFO - [2023-11-12T20:17:21.167+0000] {dag.py:2585} INFO - Sync 1 DAGs
[2023-11-12T20:17:21.244+0000] {logging_mixin.py:120} INFO - [2023-11-12T20:17:21.244+0000] {dag.py:3340} INFO - Setting next_dagrun for example_branch_dop_operator_v3 to 2023-11-12T20:16:00+00:00, run_after=2023-11-12T20:17:00+00:00
[2023-11-12T20:17:21.289+0000] {processor.py:176} INFO - Processing /home/airflow/.local/lib/python3.7/site-packages/airflow/example_dags/example_branch_python_dop_operator_3.py took 0.329 seconds
[2023-11-12T20:17:51.441+0000] {processor.py:154} INFO - Started process (PID=2228) to work on /home/airflow/.local/lib/python3.7/site-packages/airflow/example_dags/example_branch_python_dop_operator_3.py
[2023-11-12T20:17:51.447+0000] {processor.py:756} INFO - Processing file /home/airflow/.local/lib/python3.7/site-packages/airflow/example_dags/example_branch_python_dop_operator_3.py for tasks to queue
[2023-11-12T20:17:51.448+0000] {logging_mixin.py:120} INFO - [2023-11-12T20:17:51.448+0000] {dagbag.py:537} INFO - Filling up the DagBag from /home/airflow/.local/lib/python3.7/site-packages/airflow/example_dags/example_branch_python_dop_operator_3.py
[2023-11-12T20:17:51.507+0000] {processor.py:766} INFO - DAG(s) dict_keys(['example_branch_dop_operator_v3']) retrieved from /home/airflow/.local/lib/python3.7/site-packages/airflow/example_dags/example_branch_python_dop_operator_3.py
[2023-11-12T20:17:51.629+0000] {logging_mixin.py:120} INFO - [2023-11-12T20:17:51.628+0000] {dag.py:2585} INFO - Sync 1 DAGs
[2023-11-12T20:17:51.699+0000] {logging_mixin.py:120} INFO - [2023-11-12T20:17:51.699+0000] {dag.py:3340} INFO - Setting next_dagrun for example_branch_dop_operator_v3 to 2023-11-12T20:16:00+00:00, run_after=2023-11-12T20:17:00+00:00
[2023-11-12T20:17:51.734+0000] {processor.py:176} INFO - Processing /home/airflow/.local/lib/python3.7/site-packages/airflow/example_dags/example_branch_python_dop_operator_3.py took 0.301 seconds
[2023-11-12T20:18:22.302+0000] {processor.py:154} INFO - Started process (PID=2282) to work on /home/airflow/.local/lib/python3.7/site-packages/airflow/example_dags/example_branch_python_dop_operator_3.py
[2023-11-12T20:18:22.303+0000] {processor.py:756} INFO - Processing file /home/airflow/.local/lib/python3.7/site-packages/airflow/example_dags/example_branch_python_dop_operator_3.py for tasks to queue
[2023-11-12T20:18:22.304+0000] {logging_mixin.py:120} INFO - [2023-11-12T20:18:22.303+0000] {dagbag.py:537} INFO - Filling up the DagBag from /home/airflow/.local/lib/python3.7/site-packages/airflow/example_dags/example_branch_python_dop_operator_3.py
[2023-11-12T20:18:22.357+0000] {processor.py:766} INFO - DAG(s) dict_keys(['example_branch_dop_operator_v3']) retrieved from /home/airflow/.local/lib/python3.7/site-packages/airflow/example_dags/example_branch_python_dop_operator_3.py
[2023-11-12T20:18:22.438+0000] {logging_mixin.py:120} INFO - [2023-11-12T20:18:22.438+0000] {dag.py:2585} INFO - Sync 1 DAGs
[2023-11-12T20:18:22.490+0000] {logging_mixin.py:120} INFO - [2023-11-12T20:18:22.490+0000] {dag.py:3340} INFO - Setting next_dagrun for example_branch_dop_operator_v3 to 2023-11-12T20:17:00+00:00, run_after=2023-11-12T20:18:00+00:00
[2023-11-12T20:18:22.549+0000] {processor.py:176} INFO - Processing /home/airflow/.local/lib/python3.7/site-packages/airflow/example_dags/example_branch_python_dop_operator_3.py took 0.257 seconds
