[2023-11-12T19:53:01.362+0000] {processor.py:154} INFO - Started process (PID=47) to work on /home/airflow/.local/lib/python3.7/site-packages/airflow/example_dags/example_branch_operator_decorator.py
[2023-11-12T19:53:01.367+0000] {processor.py:756} INFO - Processing file /home/airflow/.local/lib/python3.7/site-packages/airflow/example_dags/example_branch_operator_decorator.py for tasks to queue
[2023-11-12T19:53:01.370+0000] {logging_mixin.py:120} INFO - [2023-11-12T19:53:01.370+0000] {dagbag.py:537} INFO - Filling up the DagBag from /home/airflow/.local/lib/python3.7/site-packages/airflow/example_dags/example_branch_operator_decorator.py
[2023-11-12T19:53:01.612+0000] {processor.py:766} INFO - DAG(s) dict_keys(['example_branch_python_operator_decorator']) retrieved from /home/airflow/.local/lib/python3.7/site-packages/airflow/example_dags/example_branch_operator_decorator.py
[2023-11-12T19:53:02.832+0000] {logging_mixin.py:120} INFO - [2023-11-12T19:53:02.832+0000] {manager.py:507} INFO - Created Permission View: can edit on DAG:example_branch_python_operator_decorator
[2023-11-12T19:53:02.870+0000] {logging_mixin.py:120} INFO - [2023-11-12T19:53:02.870+0000] {manager.py:507} INFO - Created Permission View: can delete on DAG:example_branch_python_operator_decorator
[2023-11-12T19:53:02.906+0000] {logging_mixin.py:120} INFO - [2023-11-12T19:53:02.906+0000] {manager.py:507} INFO - Created Permission View: can read on DAG:example_branch_python_operator_decorator
[2023-11-12T19:53:02.906+0000] {logging_mixin.py:120} INFO - [2023-11-12T19:53:02.906+0000] {dag.py:2585} INFO - Sync 1 DAGs
[2023-11-12T19:53:02.947+0000] {logging_mixin.py:120} INFO - [2023-11-12T19:53:02.947+0000] {dag.py:2606} INFO - Creating ORM DAG for example_branch_python_operator_decorator
[2023-11-12T19:53:02.989+0000] {logging_mixin.py:120} INFO - [2023-11-12T19:53:02.989+0000] {dag.py:3340} INFO - Setting next_dagrun for example_branch_python_operator_decorator to 2023-11-11T00:00:00+00:00, run_after=2023-11-12T00:00:00+00:00
[2023-11-12T19:53:03.064+0000] {processor.py:176} INFO - Processing /home/airflow/.local/lib/python3.7/site-packages/airflow/example_dags/example_branch_operator_decorator.py took 1.749 seconds
[2023-11-12T19:53:33.128+0000] {processor.py:154} INFO - Started process (PID=101) to work on /home/airflow/.local/lib/python3.7/site-packages/airflow/example_dags/example_branch_operator_decorator.py
[2023-11-12T19:53:33.129+0000] {processor.py:756} INFO - Processing file /home/airflow/.local/lib/python3.7/site-packages/airflow/example_dags/example_branch_operator_decorator.py for tasks to queue
[2023-11-12T19:53:33.130+0000] {logging_mixin.py:120} INFO - [2023-11-12T19:53:33.130+0000] {dagbag.py:537} INFO - Filling up the DagBag from /home/airflow/.local/lib/python3.7/site-packages/airflow/example_dags/example_branch_operator_decorator.py
[2023-11-12T19:53:33.162+0000] {processor.py:766} INFO - DAG(s) dict_keys(['example_branch_python_operator_decorator']) retrieved from /home/airflow/.local/lib/python3.7/site-packages/airflow/example_dags/example_branch_operator_decorator.py
[2023-11-12T19:53:33.214+0000] {logging_mixin.py:120} INFO - [2023-11-12T19:53:33.214+0000] {dag.py:2585} INFO - Sync 1 DAGs
[2023-11-12T19:53:33.246+0000] {logging_mixin.py:120} INFO - [2023-11-12T19:53:33.246+0000] {dag.py:3340} INFO - Setting next_dagrun for example_branch_python_operator_decorator to 2023-11-11T00:00:00+00:00, run_after=2023-11-12T00:00:00+00:00
[2023-11-12T19:53:33.290+0000] {processor.py:176} INFO - Processing /home/airflow/.local/lib/python3.7/site-packages/airflow/example_dags/example_branch_operator_decorator.py took 0.164 seconds
[2023-11-12T19:54:04.005+0000] {processor.py:154} INFO - Started process (PID=156) to work on /home/airflow/.local/lib/python3.7/site-packages/airflow/example_dags/example_branch_operator_decorator.py
[2023-11-12T19:54:04.014+0000] {processor.py:756} INFO - Processing file /home/airflow/.local/lib/python3.7/site-packages/airflow/example_dags/example_branch_operator_decorator.py for tasks to queue
[2023-11-12T19:54:04.017+0000] {logging_mixin.py:120} INFO - [2023-11-12T19:54:04.017+0000] {dagbag.py:537} INFO - Filling up the DagBag from /home/airflow/.local/lib/python3.7/site-packages/airflow/example_dags/example_branch_operator_decorator.py
[2023-11-12T19:54:04.105+0000] {processor.py:766} INFO - DAG(s) dict_keys(['example_branch_python_operator_decorator']) retrieved from /home/airflow/.local/lib/python3.7/site-packages/airflow/example_dags/example_branch_operator_decorator.py
[2023-11-12T19:54:04.522+0000] {logging_mixin.py:120} INFO - [2023-11-12T19:54:04.522+0000] {dag.py:2585} INFO - Sync 1 DAGs
[2023-11-12T19:54:04.768+0000] {logging_mixin.py:120} INFO - [2023-11-12T19:54:04.768+0000] {dag.py:3340} INFO - Setting next_dagrun for example_branch_python_operator_decorator to 2023-11-11T00:00:00+00:00, run_after=2023-11-12T00:00:00+00:00
[2023-11-12T19:54:04.883+0000] {processor.py:176} INFO - Processing /home/airflow/.local/lib/python3.7/site-packages/airflow/example_dags/example_branch_operator_decorator.py took 0.887 seconds
[2023-11-12T19:57:00.123+0000] {processor.py:154} INFO - Started process (PID=46) to work on /home/airflow/.local/lib/python3.7/site-packages/airflow/example_dags/example_branch_operator_decorator.py
[2023-11-12T19:57:00.134+0000] {processor.py:756} INFO - Processing file /home/airflow/.local/lib/python3.7/site-packages/airflow/example_dags/example_branch_operator_decorator.py for tasks to queue
[2023-11-12T19:57:00.138+0000] {logging_mixin.py:120} INFO - [2023-11-12T19:57:00.138+0000] {dagbag.py:537} INFO - Filling up the DagBag from /home/airflow/.local/lib/python3.7/site-packages/airflow/example_dags/example_branch_operator_decorator.py
[2023-11-12T19:57:00.498+0000] {processor.py:766} INFO - DAG(s) dict_keys(['example_branch_python_operator_decorator']) retrieved from /home/airflow/.local/lib/python3.7/site-packages/airflow/example_dags/example_branch_operator_decorator.py
[2023-11-12T19:57:00.789+0000] {logging_mixin.py:120} INFO - [2023-11-12T19:57:00.789+0000] {dag.py:2585} INFO - Sync 1 DAGs
[2023-11-12T19:57:00.892+0000] {logging_mixin.py:120} INFO - [2023-11-12T19:57:00.892+0000] {dag.py:3340} INFO - Setting next_dagrun for example_branch_python_operator_decorator to 2023-11-11T00:00:00+00:00, run_after=2023-11-12T00:00:00+00:00
[2023-11-12T19:57:00.965+0000] {processor.py:176} INFO - Processing /home/airflow/.local/lib/python3.7/site-packages/airflow/example_dags/example_branch_operator_decorator.py took 0.844 seconds
[2023-11-12T19:57:31.298+0000] {processor.py:154} INFO - Started process (PID=100) to work on /home/airflow/.local/lib/python3.7/site-packages/airflow/example_dags/example_branch_operator_decorator.py
[2023-11-12T19:57:31.299+0000] {processor.py:756} INFO - Processing file /home/airflow/.local/lib/python3.7/site-packages/airflow/example_dags/example_branch_operator_decorator.py for tasks to queue
[2023-11-12T19:57:31.299+0000] {logging_mixin.py:120} INFO - [2023-11-12T19:57:31.299+0000] {dagbag.py:537} INFO - Filling up the DagBag from /home/airflow/.local/lib/python3.7/site-packages/airflow/example_dags/example_branch_operator_decorator.py
[2023-11-12T19:57:31.330+0000] {processor.py:766} INFO - DAG(s) dict_keys(['example_branch_python_operator_decorator']) retrieved from /home/airflow/.local/lib/python3.7/site-packages/airflow/example_dags/example_branch_operator_decorator.py
[2023-11-12T19:57:31.386+0000] {logging_mixin.py:120} INFO - [2023-11-12T19:57:31.386+0000] {dag.py:2585} INFO - Sync 1 DAGs
[2023-11-12T19:57:31.463+0000] {logging_mixin.py:120} INFO - [2023-11-12T19:57:31.462+0000] {dag.py:3340} INFO - Setting next_dagrun for example_branch_python_operator_decorator to 2023-11-11T00:00:00+00:00, run_after=2023-11-12T00:00:00+00:00
[2023-11-12T19:57:31.501+0000] {processor.py:176} INFO - Processing /home/airflow/.local/lib/python3.7/site-packages/airflow/example_dags/example_branch_operator_decorator.py took 0.207 seconds
[2023-11-12T19:58:53.596+0000] {processor.py:154} INFO - Started process (PID=48) to work on /home/airflow/.local/lib/python3.7/site-packages/airflow/example_dags/example_branch_operator_decorator.py
[2023-11-12T19:58:53.611+0000] {processor.py:756} INFO - Processing file /home/airflow/.local/lib/python3.7/site-packages/airflow/example_dags/example_branch_operator_decorator.py for tasks to queue
[2023-11-12T19:58:53.612+0000] {logging_mixin.py:120} INFO - [2023-11-12T19:58:53.612+0000] {dagbag.py:537} INFO - Filling up the DagBag from /home/airflow/.local/lib/python3.7/site-packages/airflow/example_dags/example_branch_operator_decorator.py
[2023-11-12T19:58:53.974+0000] {processor.py:766} INFO - DAG(s) dict_keys(['example_branch_python_operator_decorator']) retrieved from /home/airflow/.local/lib/python3.7/site-packages/airflow/example_dags/example_branch_operator_decorator.py
[2023-11-12T19:58:54.409+0000] {logging_mixin.py:120} INFO - [2023-11-12T19:58:54.409+0000] {dag.py:2585} INFO - Sync 1 DAGs
[2023-11-12T19:58:54.535+0000] {logging_mixin.py:120} INFO - [2023-11-12T19:58:54.535+0000] {dag.py:3340} INFO - Setting next_dagrun for example_branch_python_operator_decorator to 2023-11-11T00:00:00+00:00, run_after=2023-11-12T00:00:00+00:00
[2023-11-12T19:58:54.750+0000] {processor.py:176} INFO - Processing /home/airflow/.local/lib/python3.7/site-packages/airflow/example_dags/example_branch_operator_decorator.py took 1.158 seconds
[2023-11-12T19:59:25.369+0000] {processor.py:154} INFO - Started process (PID=103) to work on /home/airflow/.local/lib/python3.7/site-packages/airflow/example_dags/example_branch_operator_decorator.py
[2023-11-12T19:59:25.370+0000] {processor.py:756} INFO - Processing file /home/airflow/.local/lib/python3.7/site-packages/airflow/example_dags/example_branch_operator_decorator.py for tasks to queue
[2023-11-12T19:59:25.370+0000] {logging_mixin.py:120} INFO - [2023-11-12T19:59:25.370+0000] {dagbag.py:537} INFO - Filling up the DagBag from /home/airflow/.local/lib/python3.7/site-packages/airflow/example_dags/example_branch_operator_decorator.py
[2023-11-12T19:59:25.400+0000] {processor.py:766} INFO - DAG(s) dict_keys(['example_branch_python_operator_decorator']) retrieved from /home/airflow/.local/lib/python3.7/site-packages/airflow/example_dags/example_branch_operator_decorator.py
[2023-11-12T19:59:25.446+0000] {logging_mixin.py:120} INFO - [2023-11-12T19:59:25.446+0000] {dag.py:2585} INFO - Sync 1 DAGs
[2023-11-12T19:59:25.478+0000] {logging_mixin.py:120} INFO - [2023-11-12T19:59:25.478+0000] {dag.py:3340} INFO - Setting next_dagrun for example_branch_python_operator_decorator to 2023-11-11T00:00:00+00:00, run_after=2023-11-12T00:00:00+00:00
[2023-11-12T19:59:25.512+0000] {processor.py:176} INFO - Processing /home/airflow/.local/lib/python3.7/site-packages/airflow/example_dags/example_branch_operator_decorator.py took 0.147 seconds
[2023-11-12T19:59:55.659+0000] {processor.py:154} INFO - Started process (PID=168) to work on /home/airflow/.local/lib/python3.7/site-packages/airflow/example_dags/example_branch_operator_decorator.py
[2023-11-12T19:59:55.670+0000] {processor.py:756} INFO - Processing file /home/airflow/.local/lib/python3.7/site-packages/airflow/example_dags/example_branch_operator_decorator.py for tasks to queue
[2023-11-12T19:59:55.671+0000] {logging_mixin.py:120} INFO - [2023-11-12T19:59:55.671+0000] {dagbag.py:537} INFO - Filling up the DagBag from /home/airflow/.local/lib/python3.7/site-packages/airflow/example_dags/example_branch_operator_decorator.py
[2023-11-12T19:59:55.727+0000] {processor.py:766} INFO - DAG(s) dict_keys(['example_branch_python_operator_decorator']) retrieved from /home/airflow/.local/lib/python3.7/site-packages/airflow/example_dags/example_branch_operator_decorator.py
[2023-11-12T19:59:55.821+0000] {logging_mixin.py:120} INFO - [2023-11-12T19:59:55.820+0000] {dag.py:2585} INFO - Sync 1 DAGs
[2023-11-12T19:59:55.911+0000] {logging_mixin.py:120} INFO - [2023-11-12T19:59:55.911+0000] {dag.py:3340} INFO - Setting next_dagrun for example_branch_python_operator_decorator to 2023-11-11T00:00:00+00:00, run_after=2023-11-12T00:00:00+00:00
[2023-11-12T19:59:55.977+0000] {processor.py:176} INFO - Processing /home/airflow/.local/lib/python3.7/site-packages/airflow/example_dags/example_branch_operator_decorator.py took 0.320 seconds
[2023-11-12T20:00:26.473+0000] {processor.py:154} INFO - Started process (PID=222) to work on /home/airflow/.local/lib/python3.7/site-packages/airflow/example_dags/example_branch_operator_decorator.py
[2023-11-12T20:00:26.474+0000] {processor.py:756} INFO - Processing file /home/airflow/.local/lib/python3.7/site-packages/airflow/example_dags/example_branch_operator_decorator.py for tasks to queue
[2023-11-12T20:00:26.477+0000] {logging_mixin.py:120} INFO - [2023-11-12T20:00:26.476+0000] {dagbag.py:537} INFO - Filling up the DagBag from /home/airflow/.local/lib/python3.7/site-packages/airflow/example_dags/example_branch_operator_decorator.py
[2023-11-12T20:00:26.569+0000] {processor.py:766} INFO - DAG(s) dict_keys(['example_branch_python_operator_decorator']) retrieved from /home/airflow/.local/lib/python3.7/site-packages/airflow/example_dags/example_branch_operator_decorator.py
[2023-11-12T20:00:26.694+0000] {logging_mixin.py:120} INFO - [2023-11-12T20:00:26.694+0000] {dag.py:2585} INFO - Sync 1 DAGs
[2023-11-12T20:00:26.756+0000] {logging_mixin.py:120} INFO - [2023-11-12T20:00:26.756+0000] {dag.py:3340} INFO - Setting next_dagrun for example_branch_python_operator_decorator to 2023-11-11T00:00:00+00:00, run_after=2023-11-12T00:00:00+00:00
[2023-11-12T20:00:26.793+0000] {processor.py:176} INFO - Processing /home/airflow/.local/lib/python3.7/site-packages/airflow/example_dags/example_branch_operator_decorator.py took 0.324 seconds
[2023-11-12T20:00:57.094+0000] {processor.py:154} INFO - Started process (PID=285) to work on /home/airflow/.local/lib/python3.7/site-packages/airflow/example_dags/example_branch_operator_decorator.py
[2023-11-12T20:00:57.095+0000] {processor.py:756} INFO - Processing file /home/airflow/.local/lib/python3.7/site-packages/airflow/example_dags/example_branch_operator_decorator.py for tasks to queue
[2023-11-12T20:00:57.096+0000] {logging_mixin.py:120} INFO - [2023-11-12T20:00:57.096+0000] {dagbag.py:537} INFO - Filling up the DagBag from /home/airflow/.local/lib/python3.7/site-packages/airflow/example_dags/example_branch_operator_decorator.py
[2023-11-12T20:00:57.207+0000] {processor.py:766} INFO - DAG(s) dict_keys(['example_branch_python_operator_decorator']) retrieved from /home/airflow/.local/lib/python3.7/site-packages/airflow/example_dags/example_branch_operator_decorator.py
[2023-11-12T20:00:57.383+0000] {logging_mixin.py:120} INFO - [2023-11-12T20:00:57.383+0000] {dag.py:2585} INFO - Sync 1 DAGs
[2023-11-12T20:00:57.467+0000] {logging_mixin.py:120} INFO - [2023-11-12T20:00:57.467+0000] {dag.py:3340} INFO - Setting next_dagrun for example_branch_python_operator_decorator to 2023-11-11T00:00:00+00:00, run_after=2023-11-12T00:00:00+00:00
[2023-11-12T20:00:57.514+0000] {processor.py:176} INFO - Processing /home/airflow/.local/lib/python3.7/site-packages/airflow/example_dags/example_branch_operator_decorator.py took 0.423 seconds
[2023-11-12T20:01:27.587+0000] {processor.py:154} INFO - Started process (PID=348) to work on /home/airflow/.local/lib/python3.7/site-packages/airflow/example_dags/example_branch_operator_decorator.py
[2023-11-12T20:01:27.588+0000] {processor.py:756} INFO - Processing file /home/airflow/.local/lib/python3.7/site-packages/airflow/example_dags/example_branch_operator_decorator.py for tasks to queue
[2023-11-12T20:01:27.589+0000] {logging_mixin.py:120} INFO - [2023-11-12T20:01:27.589+0000] {dagbag.py:537} INFO - Filling up the DagBag from /home/airflow/.local/lib/python3.7/site-packages/airflow/example_dags/example_branch_operator_decorator.py
[2023-11-12T20:01:27.622+0000] {processor.py:766} INFO - DAG(s) dict_keys(['example_branch_python_operator_decorator']) retrieved from /home/airflow/.local/lib/python3.7/site-packages/airflow/example_dags/example_branch_operator_decorator.py
[2023-11-12T20:01:27.707+0000] {logging_mixin.py:120} INFO - [2023-11-12T20:01:27.706+0000] {dag.py:2585} INFO - Sync 1 DAGs
[2023-11-12T20:01:27.803+0000] {logging_mixin.py:120} INFO - [2023-11-12T20:01:27.803+0000] {dag.py:3340} INFO - Setting next_dagrun for example_branch_python_operator_decorator to 2023-11-11T00:00:00+00:00, run_after=2023-11-12T00:00:00+00:00
[2023-11-12T20:01:27.849+0000] {processor.py:176} INFO - Processing /home/airflow/.local/lib/python3.7/site-packages/airflow/example_dags/example_branch_operator_decorator.py took 0.270 seconds
[2023-11-12T20:01:58.530+0000] {processor.py:154} INFO - Started process (PID=402) to work on /home/airflow/.local/lib/python3.7/site-packages/airflow/example_dags/example_branch_operator_decorator.py
[2023-11-12T20:01:58.533+0000] {processor.py:756} INFO - Processing file /home/airflow/.local/lib/python3.7/site-packages/airflow/example_dags/example_branch_operator_decorator.py for tasks to queue
[2023-11-12T20:01:58.534+0000] {logging_mixin.py:120} INFO - [2023-11-12T20:01:58.534+0000] {dagbag.py:537} INFO - Filling up the DagBag from /home/airflow/.local/lib/python3.7/site-packages/airflow/example_dags/example_branch_operator_decorator.py
[2023-11-12T20:01:58.564+0000] {processor.py:766} INFO - DAG(s) dict_keys(['example_branch_python_operator_decorator']) retrieved from /home/airflow/.local/lib/python3.7/site-packages/airflow/example_dags/example_branch_operator_decorator.py
[2023-11-12T20:01:58.650+0000] {logging_mixin.py:120} INFO - [2023-11-12T20:01:58.650+0000] {dag.py:2585} INFO - Sync 1 DAGs
[2023-11-12T20:01:58.727+0000] {logging_mixin.py:120} INFO - [2023-11-12T20:01:58.726+0000] {dag.py:3340} INFO - Setting next_dagrun for example_branch_python_operator_decorator to 2023-11-11T00:00:00+00:00, run_after=2023-11-12T00:00:00+00:00
[2023-11-12T20:01:58.776+0000] {processor.py:176} INFO - Processing /home/airflow/.local/lib/python3.7/site-packages/airflow/example_dags/example_branch_operator_decorator.py took 0.249 seconds
[2023-11-12T20:02:29.204+0000] {processor.py:154} INFO - Started process (PID=465) to work on /home/airflow/.local/lib/python3.7/site-packages/airflow/example_dags/example_branch_operator_decorator.py
[2023-11-12T20:02:29.213+0000] {processor.py:756} INFO - Processing file /home/airflow/.local/lib/python3.7/site-packages/airflow/example_dags/example_branch_operator_decorator.py for tasks to queue
[2023-11-12T20:02:29.214+0000] {logging_mixin.py:120} INFO - [2023-11-12T20:02:29.214+0000] {dagbag.py:537} INFO - Filling up the DagBag from /home/airflow/.local/lib/python3.7/site-packages/airflow/example_dags/example_branch_operator_decorator.py
[2023-11-12T20:02:29.268+0000] {processor.py:766} INFO - DAG(s) dict_keys(['example_branch_python_operator_decorator']) retrieved from /home/airflow/.local/lib/python3.7/site-packages/airflow/example_dags/example_branch_operator_decorator.py
[2023-11-12T20:02:29.335+0000] {logging_mixin.py:120} INFO - [2023-11-12T20:02:29.335+0000] {dag.py:2585} INFO - Sync 1 DAGs
[2023-11-12T20:02:29.397+0000] {logging_mixin.py:120} INFO - [2023-11-12T20:02:29.396+0000] {dag.py:3340} INFO - Setting next_dagrun for example_branch_python_operator_decorator to 2023-11-11T00:00:00+00:00, run_after=2023-11-12T00:00:00+00:00
[2023-11-12T20:02:29.457+0000] {processor.py:176} INFO - Processing /home/airflow/.local/lib/python3.7/site-packages/airflow/example_dags/example_branch_operator_decorator.py took 0.256 seconds
[2023-11-12T20:02:59.955+0000] {processor.py:154} INFO - Started process (PID=529) to work on /home/airflow/.local/lib/python3.7/site-packages/airflow/example_dags/example_branch_operator_decorator.py
[2023-11-12T20:02:59.957+0000] {processor.py:756} INFO - Processing file /home/airflow/.local/lib/python3.7/site-packages/airflow/example_dags/example_branch_operator_decorator.py for tasks to queue
[2023-11-12T20:02:59.957+0000] {logging_mixin.py:120} INFO - [2023-11-12T20:02:59.957+0000] {dagbag.py:537} INFO - Filling up the DagBag from /home/airflow/.local/lib/python3.7/site-packages/airflow/example_dags/example_branch_operator_decorator.py
[2023-11-12T20:03:00.002+0000] {processor.py:766} INFO - DAG(s) dict_keys(['example_branch_python_operator_decorator']) retrieved from /home/airflow/.local/lib/python3.7/site-packages/airflow/example_dags/example_branch_operator_decorator.py
[2023-11-12T20:03:00.091+0000] {logging_mixin.py:120} INFO - [2023-11-12T20:03:00.091+0000] {dag.py:2585} INFO - Sync 1 DAGs
[2023-11-12T20:03:00.138+0000] {logging_mixin.py:120} INFO - [2023-11-12T20:03:00.137+0000] {dag.py:3340} INFO - Setting next_dagrun for example_branch_python_operator_decorator to 2023-11-11T00:00:00+00:00, run_after=2023-11-12T00:00:00+00:00
[2023-11-12T20:03:00.170+0000] {processor.py:176} INFO - Processing /home/airflow/.local/lib/python3.7/site-packages/airflow/example_dags/example_branch_operator_decorator.py took 0.219 seconds
[2023-11-12T20:03:30.475+0000] {processor.py:154} INFO - Started process (PID=584) to work on /home/airflow/.local/lib/python3.7/site-packages/airflow/example_dags/example_branch_operator_decorator.py
[2023-11-12T20:03:30.475+0000] {processor.py:756} INFO - Processing file /home/airflow/.local/lib/python3.7/site-packages/airflow/example_dags/example_branch_operator_decorator.py for tasks to queue
[2023-11-12T20:03:30.476+0000] {logging_mixin.py:120} INFO - [2023-11-12T20:03:30.476+0000] {dagbag.py:537} INFO - Filling up the DagBag from /home/airflow/.local/lib/python3.7/site-packages/airflow/example_dags/example_branch_operator_decorator.py
[2023-11-12T20:03:30.510+0000] {processor.py:766} INFO - DAG(s) dict_keys(['example_branch_python_operator_decorator']) retrieved from /home/airflow/.local/lib/python3.7/site-packages/airflow/example_dags/example_branch_operator_decorator.py
[2023-11-12T20:03:30.567+0000] {logging_mixin.py:120} INFO - [2023-11-12T20:03:30.567+0000] {dag.py:2585} INFO - Sync 1 DAGs
[2023-11-12T20:03:30.604+0000] {logging_mixin.py:120} INFO - [2023-11-12T20:03:30.603+0000] {dag.py:3340} INFO - Setting next_dagrun for example_branch_python_operator_decorator to 2023-11-11T00:00:00+00:00, run_after=2023-11-12T00:00:00+00:00
[2023-11-12T20:03:30.647+0000] {processor.py:176} INFO - Processing /home/airflow/.local/lib/python3.7/site-packages/airflow/example_dags/example_branch_operator_decorator.py took 0.175 seconds
[2023-11-12T20:04:00.790+0000] {processor.py:154} INFO - Started process (PID=648) to work on /home/airflow/.local/lib/python3.7/site-packages/airflow/example_dags/example_branch_operator_decorator.py
[2023-11-12T20:04:00.801+0000] {processor.py:756} INFO - Processing file /home/airflow/.local/lib/python3.7/site-packages/airflow/example_dags/example_branch_operator_decorator.py for tasks to queue
[2023-11-12T20:04:00.802+0000] {logging_mixin.py:120} INFO - [2023-11-12T20:04:00.802+0000] {dagbag.py:537} INFO - Filling up the DagBag from /home/airflow/.local/lib/python3.7/site-packages/airflow/example_dags/example_branch_operator_decorator.py
[2023-11-12T20:04:00.844+0000] {processor.py:766} INFO - DAG(s) dict_keys(['example_branch_python_operator_decorator']) retrieved from /home/airflow/.local/lib/python3.7/site-packages/airflow/example_dags/example_branch_operator_decorator.py
[2023-11-12T20:04:00.899+0000] {logging_mixin.py:120} INFO - [2023-11-12T20:04:00.899+0000] {dag.py:2585} INFO - Sync 1 DAGs
[2023-11-12T20:04:00.928+0000] {logging_mixin.py:120} INFO - [2023-11-12T20:04:00.928+0000] {dag.py:3340} INFO - Setting next_dagrun for example_branch_python_operator_decorator to 2023-11-11T00:00:00+00:00, run_after=2023-11-12T00:00:00+00:00
[2023-11-12T20:04:00.953+0000] {processor.py:176} INFO - Processing /home/airflow/.local/lib/python3.7/site-packages/airflow/example_dags/example_branch_operator_decorator.py took 0.175 seconds
[2023-11-12T20:04:31.855+0000] {processor.py:154} INFO - Started process (PID=712) to work on /home/airflow/.local/lib/python3.7/site-packages/airflow/example_dags/example_branch_operator_decorator.py
[2023-11-12T20:04:31.856+0000] {processor.py:756} INFO - Processing file /home/airflow/.local/lib/python3.7/site-packages/airflow/example_dags/example_branch_operator_decorator.py for tasks to queue
[2023-11-12T20:04:31.856+0000] {logging_mixin.py:120} INFO - [2023-11-12T20:04:31.856+0000] {dagbag.py:537} INFO - Filling up the DagBag from /home/airflow/.local/lib/python3.7/site-packages/airflow/example_dags/example_branch_operator_decorator.py
[2023-11-12T20:04:31.886+0000] {processor.py:766} INFO - DAG(s) dict_keys(['example_branch_python_operator_decorator']) retrieved from /home/airflow/.local/lib/python3.7/site-packages/airflow/example_dags/example_branch_operator_decorator.py
[2023-11-12T20:04:31.935+0000] {logging_mixin.py:120} INFO - [2023-11-12T20:04:31.935+0000] {dag.py:2585} INFO - Sync 1 DAGs
[2023-11-12T20:04:31.966+0000] {logging_mixin.py:120} INFO - [2023-11-12T20:04:31.966+0000] {dag.py:3340} INFO - Setting next_dagrun for example_branch_python_operator_decorator to 2023-11-11T00:00:00+00:00, run_after=2023-11-12T00:00:00+00:00
[2023-11-12T20:04:32.005+0000] {processor.py:176} INFO - Processing /home/airflow/.local/lib/python3.7/site-packages/airflow/example_dags/example_branch_operator_decorator.py took 0.153 seconds
[2023-11-12T20:05:02.464+0000] {processor.py:154} INFO - Started process (PID=766) to work on /home/airflow/.local/lib/python3.7/site-packages/airflow/example_dags/example_branch_operator_decorator.py
[2023-11-12T20:05:02.473+0000] {processor.py:756} INFO - Processing file /home/airflow/.local/lib/python3.7/site-packages/airflow/example_dags/example_branch_operator_decorator.py for tasks to queue
[2023-11-12T20:05:02.474+0000] {logging_mixin.py:120} INFO - [2023-11-12T20:05:02.474+0000] {dagbag.py:537} INFO - Filling up the DagBag from /home/airflow/.local/lib/python3.7/site-packages/airflow/example_dags/example_branch_operator_decorator.py
[2023-11-12T20:05:02.686+0000] {processor.py:766} INFO - DAG(s) dict_keys(['example_branch_python_operator_decorator']) retrieved from /home/airflow/.local/lib/python3.7/site-packages/airflow/example_dags/example_branch_operator_decorator.py
[2023-11-12T20:05:03.179+0000] {logging_mixin.py:120} INFO - [2023-11-12T20:05:03.179+0000] {dag.py:2585} INFO - Sync 1 DAGs
[2023-11-12T20:05:03.350+0000] {logging_mixin.py:120} INFO - [2023-11-12T20:05:03.350+0000] {dag.py:3340} INFO - Setting next_dagrun for example_branch_python_operator_decorator to 2023-11-11T00:00:00+00:00, run_after=2023-11-12T00:00:00+00:00
[2023-11-12T20:05:03.455+0000] {processor.py:176} INFO - Processing /home/airflow/.local/lib/python3.7/site-packages/airflow/example_dags/example_branch_operator_decorator.py took 0.996 seconds
[2023-11-12T20:05:34.097+0000] {processor.py:154} INFO - Started process (PID=829) to work on /home/airflow/.local/lib/python3.7/site-packages/airflow/example_dags/example_branch_operator_decorator.py
[2023-11-12T20:05:34.098+0000] {processor.py:756} INFO - Processing file /home/airflow/.local/lib/python3.7/site-packages/airflow/example_dags/example_branch_operator_decorator.py for tasks to queue
[2023-11-12T20:05:34.099+0000] {logging_mixin.py:120} INFO - [2023-11-12T20:05:34.099+0000] {dagbag.py:537} INFO - Filling up the DagBag from /home/airflow/.local/lib/python3.7/site-packages/airflow/example_dags/example_branch_operator_decorator.py
[2023-11-12T20:05:34.137+0000] {processor.py:766} INFO - DAG(s) dict_keys(['example_branch_python_operator_decorator']) retrieved from /home/airflow/.local/lib/python3.7/site-packages/airflow/example_dags/example_branch_operator_decorator.py
[2023-11-12T20:05:34.233+0000] {logging_mixin.py:120} INFO - [2023-11-12T20:05:34.232+0000] {dag.py:2585} INFO - Sync 1 DAGs
[2023-11-12T20:05:34.317+0000] {logging_mixin.py:120} INFO - [2023-11-12T20:05:34.317+0000] {dag.py:3340} INFO - Setting next_dagrun for example_branch_python_operator_decorator to 2023-11-11T00:00:00+00:00, run_after=2023-11-12T00:00:00+00:00
[2023-11-12T20:05:34.496+0000] {processor.py:176} INFO - Processing /home/airflow/.local/lib/python3.7/site-packages/airflow/example_dags/example_branch_operator_decorator.py took 0.402 seconds
[2023-11-12T20:06:05.425+0000] {processor.py:154} INFO - Started process (PID=883) to work on /home/airflow/.local/lib/python3.7/site-packages/airflow/example_dags/example_branch_operator_decorator.py
[2023-11-12T20:06:05.426+0000] {processor.py:756} INFO - Processing file /home/airflow/.local/lib/python3.7/site-packages/airflow/example_dags/example_branch_operator_decorator.py for tasks to queue
[2023-11-12T20:06:05.426+0000] {logging_mixin.py:120} INFO - [2023-11-12T20:06:05.426+0000] {dagbag.py:537} INFO - Filling up the DagBag from /home/airflow/.local/lib/python3.7/site-packages/airflow/example_dags/example_branch_operator_decorator.py
[2023-11-12T20:06:05.457+0000] {processor.py:766} INFO - DAG(s) dict_keys(['example_branch_python_operator_decorator']) retrieved from /home/airflow/.local/lib/python3.7/site-packages/airflow/example_dags/example_branch_operator_decorator.py
[2023-11-12T20:06:05.547+0000] {logging_mixin.py:120} INFO - [2023-11-12T20:06:05.547+0000] {dag.py:2585} INFO - Sync 1 DAGs
[2023-11-12T20:06:05.621+0000] {logging_mixin.py:120} INFO - [2023-11-12T20:06:05.620+0000] {dag.py:3340} INFO - Setting next_dagrun for example_branch_python_operator_decorator to 2023-11-11T00:00:00+00:00, run_after=2023-11-12T00:00:00+00:00
[2023-11-12T20:06:05.673+0000] {processor.py:176} INFO - Processing /home/airflow/.local/lib/python3.7/site-packages/airflow/example_dags/example_branch_operator_decorator.py took 0.251 seconds
[2023-11-12T20:06:35.975+0000] {processor.py:154} INFO - Started process (PID=946) to work on /home/airflow/.local/lib/python3.7/site-packages/airflow/example_dags/example_branch_operator_decorator.py
[2023-11-12T20:06:35.976+0000] {processor.py:756} INFO - Processing file /home/airflow/.local/lib/python3.7/site-packages/airflow/example_dags/example_branch_operator_decorator.py for tasks to queue
[2023-11-12T20:06:35.978+0000] {logging_mixin.py:120} INFO - [2023-11-12T20:06:35.977+0000] {dagbag.py:537} INFO - Filling up the DagBag from /home/airflow/.local/lib/python3.7/site-packages/airflow/example_dags/example_branch_operator_decorator.py
[2023-11-12T20:06:36.008+0000] {processor.py:766} INFO - DAG(s) dict_keys(['example_branch_python_operator_decorator']) retrieved from /home/airflow/.local/lib/python3.7/site-packages/airflow/example_dags/example_branch_operator_decorator.py
[2023-11-12T20:06:36.058+0000] {logging_mixin.py:120} INFO - [2023-11-12T20:06:36.058+0000] {dag.py:2585} INFO - Sync 1 DAGs
[2023-11-12T20:06:36.106+0000] {logging_mixin.py:120} INFO - [2023-11-12T20:06:36.105+0000] {dag.py:3340} INFO - Setting next_dagrun for example_branch_python_operator_decorator to 2023-11-11T00:00:00+00:00, run_after=2023-11-12T00:00:00+00:00
[2023-11-12T20:06:36.133+0000] {processor.py:176} INFO - Processing /home/airflow/.local/lib/python3.7/site-packages/airflow/example_dags/example_branch_operator_decorator.py took 0.161 seconds
[2023-11-12T20:07:06.982+0000] {processor.py:154} INFO - Started process (PID=1000) to work on /home/airflow/.local/lib/python3.7/site-packages/airflow/example_dags/example_branch_operator_decorator.py
[2023-11-12T20:07:06.983+0000] {processor.py:756} INFO - Processing file /home/airflow/.local/lib/python3.7/site-packages/airflow/example_dags/example_branch_operator_decorator.py for tasks to queue
[2023-11-12T20:07:06.984+0000] {logging_mixin.py:120} INFO - [2023-11-12T20:07:06.984+0000] {dagbag.py:537} INFO - Filling up the DagBag from /home/airflow/.local/lib/python3.7/site-packages/airflow/example_dags/example_branch_operator_decorator.py
[2023-11-12T20:07:07.080+0000] {processor.py:766} INFO - DAG(s) dict_keys(['example_branch_python_operator_decorator']) retrieved from /home/airflow/.local/lib/python3.7/site-packages/airflow/example_dags/example_branch_operator_decorator.py
[2023-11-12T20:07:07.272+0000] {logging_mixin.py:120} INFO - [2023-11-12T20:07:07.272+0000] {dag.py:2585} INFO - Sync 1 DAGs
[2023-11-12T20:07:07.344+0000] {logging_mixin.py:120} INFO - [2023-11-12T20:07:07.344+0000] {dag.py:3340} INFO - Setting next_dagrun for example_branch_python_operator_decorator to 2023-11-11T00:00:00+00:00, run_after=2023-11-12T00:00:00+00:00
[2023-11-12T20:07:07.392+0000] {processor.py:176} INFO - Processing /home/airflow/.local/lib/python3.7/site-packages/airflow/example_dags/example_branch_operator_decorator.py took 0.417 seconds
[2023-11-12T20:07:37.485+0000] {processor.py:154} INFO - Started process (PID=1062) to work on /home/airflow/.local/lib/python3.7/site-packages/airflow/example_dags/example_branch_operator_decorator.py
[2023-11-12T20:07:37.487+0000] {processor.py:756} INFO - Processing file /home/airflow/.local/lib/python3.7/site-packages/airflow/example_dags/example_branch_operator_decorator.py for tasks to queue
[2023-11-12T20:07:37.488+0000] {logging_mixin.py:120} INFO - [2023-11-12T20:07:37.487+0000] {dagbag.py:537} INFO - Filling up the DagBag from /home/airflow/.local/lib/python3.7/site-packages/airflow/example_dags/example_branch_operator_decorator.py
[2023-11-12T20:07:37.581+0000] {processor.py:766} INFO - DAG(s) dict_keys(['example_branch_python_operator_decorator']) retrieved from /home/airflow/.local/lib/python3.7/site-packages/airflow/example_dags/example_branch_operator_decorator.py
[2023-11-12T20:07:37.822+0000] {logging_mixin.py:120} INFO - [2023-11-12T20:07:37.821+0000] {dag.py:2585} INFO - Sync 1 DAGs
[2023-11-12T20:07:37.897+0000] {logging_mixin.py:120} INFO - [2023-11-12T20:07:37.897+0000] {dag.py:3340} INFO - Setting next_dagrun for example_branch_python_operator_decorator to 2023-11-11T00:00:00+00:00, run_after=2023-11-12T00:00:00+00:00
[2023-11-12T20:07:37.933+0000] {processor.py:176} INFO - Processing /home/airflow/.local/lib/python3.7/site-packages/airflow/example_dags/example_branch_operator_decorator.py took 0.455 seconds
[2023-11-12T20:08:08.769+0000] {processor.py:154} INFO - Started process (PID=1124) to work on /home/airflow/.local/lib/python3.7/site-packages/airflow/example_dags/example_branch_operator_decorator.py
[2023-11-12T20:08:08.778+0000] {processor.py:756} INFO - Processing file /home/airflow/.local/lib/python3.7/site-packages/airflow/example_dags/example_branch_operator_decorator.py for tasks to queue
[2023-11-12T20:08:08.786+0000] {logging_mixin.py:120} INFO - [2023-11-12T20:08:08.786+0000] {dagbag.py:537} INFO - Filling up the DagBag from /home/airflow/.local/lib/python3.7/site-packages/airflow/example_dags/example_branch_operator_decorator.py
[2023-11-12T20:08:08.975+0000] {processor.py:766} INFO - DAG(s) dict_keys(['example_branch_python_operator_decorator']) retrieved from /home/airflow/.local/lib/python3.7/site-packages/airflow/example_dags/example_branch_operator_decorator.py
[2023-11-12T20:08:09.208+0000] {logging_mixin.py:120} INFO - [2023-11-12T20:08:09.208+0000] {dag.py:2585} INFO - Sync 1 DAGs
[2023-11-12T20:08:09.300+0000] {logging_mixin.py:120} INFO - [2023-11-12T20:08:09.294+0000] {dag.py:3340} INFO - Setting next_dagrun for example_branch_python_operator_decorator to 2023-11-11T00:00:00+00:00, run_after=2023-11-12T00:00:00+00:00
[2023-11-12T20:08:09.345+0000] {processor.py:176} INFO - Processing /home/airflow/.local/lib/python3.7/site-packages/airflow/example_dags/example_branch_operator_decorator.py took 0.612 seconds
[2023-11-12T20:08:39.807+0000] {processor.py:154} INFO - Started process (PID=1178) to work on /home/airflow/.local/lib/python3.7/site-packages/airflow/example_dags/example_branch_operator_decorator.py
[2023-11-12T20:08:39.810+0000] {processor.py:756} INFO - Processing file /home/airflow/.local/lib/python3.7/site-packages/airflow/example_dags/example_branch_operator_decorator.py for tasks to queue
[2023-11-12T20:08:39.811+0000] {logging_mixin.py:120} INFO - [2023-11-12T20:08:39.811+0000] {dagbag.py:537} INFO - Filling up the DagBag from /home/airflow/.local/lib/python3.7/site-packages/airflow/example_dags/example_branch_operator_decorator.py
[2023-11-12T20:08:39.892+0000] {processor.py:766} INFO - DAG(s) dict_keys(['example_branch_python_operator_decorator']) retrieved from /home/airflow/.local/lib/python3.7/site-packages/airflow/example_dags/example_branch_operator_decorator.py
[2023-11-12T20:08:40.010+0000] {logging_mixin.py:120} INFO - [2023-11-12T20:08:40.010+0000] {dag.py:2585} INFO - Sync 1 DAGs
[2023-11-12T20:08:40.086+0000] {logging_mixin.py:120} INFO - [2023-11-12T20:08:40.086+0000] {dag.py:3340} INFO - Setting next_dagrun for example_branch_python_operator_decorator to 2023-11-11T00:00:00+00:00, run_after=2023-11-12T00:00:00+00:00
[2023-11-12T20:08:40.125+0000] {processor.py:176} INFO - Processing /home/airflow/.local/lib/python3.7/site-packages/airflow/example_dags/example_branch_operator_decorator.py took 0.325 seconds
[2023-11-12T20:09:10.187+0000] {processor.py:154} INFO - Started process (PID=1231) to work on /home/airflow/.local/lib/python3.7/site-packages/airflow/example_dags/example_branch_operator_decorator.py
[2023-11-12T20:09:10.188+0000] {processor.py:756} INFO - Processing file /home/airflow/.local/lib/python3.7/site-packages/airflow/example_dags/example_branch_operator_decorator.py for tasks to queue
[2023-11-12T20:09:10.188+0000] {logging_mixin.py:120} INFO - [2023-11-12T20:09:10.188+0000] {dagbag.py:537} INFO - Filling up the DagBag from /home/airflow/.local/lib/python3.7/site-packages/airflow/example_dags/example_branch_operator_decorator.py
[2023-11-12T20:09:10.218+0000] {processor.py:766} INFO - DAG(s) dict_keys(['example_branch_python_operator_decorator']) retrieved from /home/airflow/.local/lib/python3.7/site-packages/airflow/example_dags/example_branch_operator_decorator.py
[2023-11-12T20:09:10.272+0000] {logging_mixin.py:120} INFO - [2023-11-12T20:09:10.272+0000] {dag.py:2585} INFO - Sync 1 DAGs
[2023-11-12T20:09:10.307+0000] {logging_mixin.py:120} INFO - [2023-11-12T20:09:10.307+0000] {dag.py:3340} INFO - Setting next_dagrun for example_branch_python_operator_decorator to 2023-11-11T00:00:00+00:00, run_after=2023-11-12T00:00:00+00:00
[2023-11-12T20:09:10.333+0000] {processor.py:176} INFO - Processing /home/airflow/.local/lib/python3.7/site-packages/airflow/example_dags/example_branch_operator_decorator.py took 0.150 seconds
[2023-11-12T20:09:40.395+0000] {processor.py:154} INFO - Started process (PID=1293) to work on /home/airflow/.local/lib/python3.7/site-packages/airflow/example_dags/example_branch_operator_decorator.py
[2023-11-12T20:09:40.397+0000] {processor.py:756} INFO - Processing file /home/airflow/.local/lib/python3.7/site-packages/airflow/example_dags/example_branch_operator_decorator.py for tasks to queue
[2023-11-12T20:09:40.401+0000] {logging_mixin.py:120} INFO - [2023-11-12T20:09:40.401+0000] {dagbag.py:537} INFO - Filling up the DagBag from /home/airflow/.local/lib/python3.7/site-packages/airflow/example_dags/example_branch_operator_decorator.py
[2023-11-12T20:09:40.458+0000] {processor.py:766} INFO - DAG(s) dict_keys(['example_branch_python_operator_decorator']) retrieved from /home/airflow/.local/lib/python3.7/site-packages/airflow/example_dags/example_branch_operator_decorator.py
[2023-11-12T20:09:40.557+0000] {logging_mixin.py:120} INFO - [2023-11-12T20:09:40.556+0000] {dag.py:2585} INFO - Sync 1 DAGs
[2023-11-12T20:09:40.625+0000] {logging_mixin.py:120} INFO - [2023-11-12T20:09:40.625+0000] {dag.py:3340} INFO - Setting next_dagrun for example_branch_python_operator_decorator to 2023-11-11T00:00:00+00:00, run_after=2023-11-12T00:00:00+00:00
[2023-11-12T20:09:40.657+0000] {processor.py:176} INFO - Processing /home/airflow/.local/lib/python3.7/site-packages/airflow/example_dags/example_branch_operator_decorator.py took 0.265 seconds
[2023-11-12T20:10:11.169+0000] {processor.py:154} INFO - Started process (PID=1345) to work on /home/airflow/.local/lib/python3.7/site-packages/airflow/example_dags/example_branch_operator_decorator.py
[2023-11-12T20:10:11.171+0000] {processor.py:756} INFO - Processing file /home/airflow/.local/lib/python3.7/site-packages/airflow/example_dags/example_branch_operator_decorator.py for tasks to queue
[2023-11-12T20:10:11.172+0000] {logging_mixin.py:120} INFO - [2023-11-12T20:10:11.172+0000] {dagbag.py:537} INFO - Filling up the DagBag from /home/airflow/.local/lib/python3.7/site-packages/airflow/example_dags/example_branch_operator_decorator.py
[2023-11-12T20:10:11.201+0000] {processor.py:766} INFO - DAG(s) dict_keys(['example_branch_python_operator_decorator']) retrieved from /home/airflow/.local/lib/python3.7/site-packages/airflow/example_dags/example_branch_operator_decorator.py
[2023-11-12T20:10:11.258+0000] {logging_mixin.py:120} INFO - [2023-11-12T20:10:11.257+0000] {dag.py:2585} INFO - Sync 1 DAGs
[2023-11-12T20:10:11.313+0000] {logging_mixin.py:120} INFO - [2023-11-12T20:10:11.313+0000] {dag.py:3340} INFO - Setting next_dagrun for example_branch_python_operator_decorator to 2023-11-11T00:00:00+00:00, run_after=2023-11-12T00:00:00+00:00
[2023-11-12T20:10:11.383+0000] {processor.py:176} INFO - Processing /home/airflow/.local/lib/python3.7/site-packages/airflow/example_dags/example_branch_operator_decorator.py took 0.218 seconds
[2023-11-12T20:10:41.767+0000] {processor.py:154} INFO - Started process (PID=1398) to work on /home/airflow/.local/lib/python3.7/site-packages/airflow/example_dags/example_branch_operator_decorator.py
[2023-11-12T20:10:41.768+0000] {processor.py:756} INFO - Processing file /home/airflow/.local/lib/python3.7/site-packages/airflow/example_dags/example_branch_operator_decorator.py for tasks to queue
[2023-11-12T20:10:41.769+0000] {logging_mixin.py:120} INFO - [2023-11-12T20:10:41.769+0000] {dagbag.py:537} INFO - Filling up the DagBag from /home/airflow/.local/lib/python3.7/site-packages/airflow/example_dags/example_branch_operator_decorator.py
[2023-11-12T20:10:41.819+0000] {processor.py:766} INFO - DAG(s) dict_keys(['example_branch_python_operator_decorator']) retrieved from /home/airflow/.local/lib/python3.7/site-packages/airflow/example_dags/example_branch_operator_decorator.py
[2023-11-12T20:10:41.911+0000] {logging_mixin.py:120} INFO - [2023-11-12T20:10:41.911+0000] {dag.py:2585} INFO - Sync 1 DAGs
[2023-11-12T20:10:42.026+0000] {logging_mixin.py:120} INFO - [2023-11-12T20:10:42.022+0000] {dag.py:3340} INFO - Setting next_dagrun for example_branch_python_operator_decorator to 2023-11-11T00:00:00+00:00, run_after=2023-11-12T00:00:00+00:00
[2023-11-12T20:10:42.076+0000] {processor.py:176} INFO - Processing /home/airflow/.local/lib/python3.7/site-packages/airflow/example_dags/example_branch_operator_decorator.py took 0.312 seconds
[2023-11-12T20:11:12.527+0000] {processor.py:154} INFO - Started process (PID=1460) to work on /home/airflow/.local/lib/python3.7/site-packages/airflow/example_dags/example_branch_operator_decorator.py
[2023-11-12T20:11:12.530+0000] {processor.py:756} INFO - Processing file /home/airflow/.local/lib/python3.7/site-packages/airflow/example_dags/example_branch_operator_decorator.py for tasks to queue
[2023-11-12T20:11:12.533+0000] {logging_mixin.py:120} INFO - [2023-11-12T20:11:12.531+0000] {dagbag.py:537} INFO - Filling up the DagBag from /home/airflow/.local/lib/python3.7/site-packages/airflow/example_dags/example_branch_operator_decorator.py
[2023-11-12T20:11:12.628+0000] {processor.py:766} INFO - DAG(s) dict_keys(['example_branch_python_operator_decorator']) retrieved from /home/airflow/.local/lib/python3.7/site-packages/airflow/example_dags/example_branch_operator_decorator.py
[2023-11-12T20:11:12.753+0000] {logging_mixin.py:120} INFO - [2023-11-12T20:11:12.752+0000] {dag.py:2585} INFO - Sync 1 DAGs
[2023-11-12T20:11:12.806+0000] {logging_mixin.py:120} INFO - [2023-11-12T20:11:12.806+0000] {dag.py:3340} INFO - Setting next_dagrun for example_branch_python_operator_decorator to 2023-11-11T00:00:00+00:00, run_after=2023-11-12T00:00:00+00:00
[2023-11-12T20:11:12.852+0000] {processor.py:176} INFO - Processing /home/airflow/.local/lib/python3.7/site-packages/airflow/example_dags/example_branch_operator_decorator.py took 0.340 seconds
[2023-11-12T20:11:43.753+0000] {processor.py:154} INFO - Started process (PID=1514) to work on /home/airflow/.local/lib/python3.7/site-packages/airflow/example_dags/example_branch_operator_decorator.py
[2023-11-12T20:11:43.754+0000] {processor.py:756} INFO - Processing file /home/airflow/.local/lib/python3.7/site-packages/airflow/example_dags/example_branch_operator_decorator.py for tasks to queue
[2023-11-12T20:11:43.755+0000] {logging_mixin.py:120} INFO - [2023-11-12T20:11:43.755+0000] {dagbag.py:537} INFO - Filling up the DagBag from /home/airflow/.local/lib/python3.7/site-packages/airflow/example_dags/example_branch_operator_decorator.py
[2023-11-12T20:11:43.784+0000] {processor.py:766} INFO - DAG(s) dict_keys(['example_branch_python_operator_decorator']) retrieved from /home/airflow/.local/lib/python3.7/site-packages/airflow/example_dags/example_branch_operator_decorator.py
[2023-11-12T20:11:43.836+0000] {logging_mixin.py:120} INFO - [2023-11-12T20:11:43.836+0000] {dag.py:2585} INFO - Sync 1 DAGs
[2023-11-12T20:11:43.870+0000] {logging_mixin.py:120} INFO - [2023-11-12T20:11:43.869+0000] {dag.py:3340} INFO - Setting next_dagrun for example_branch_python_operator_decorator to 2023-11-11T00:00:00+00:00, run_after=2023-11-12T00:00:00+00:00
[2023-11-12T20:11:43.904+0000] {processor.py:176} INFO - Processing /home/airflow/.local/lib/python3.7/site-packages/airflow/example_dags/example_branch_operator_decorator.py took 0.155 seconds
[2023-11-12T20:12:14.392+0000] {processor.py:154} INFO - Started process (PID=1576) to work on /home/airflow/.local/lib/python3.7/site-packages/airflow/example_dags/example_branch_operator_decorator.py
[2023-11-12T20:12:14.393+0000] {processor.py:756} INFO - Processing file /home/airflow/.local/lib/python3.7/site-packages/airflow/example_dags/example_branch_operator_decorator.py for tasks to queue
[2023-11-12T20:12:14.394+0000] {logging_mixin.py:120} INFO - [2023-11-12T20:12:14.394+0000] {dagbag.py:537} INFO - Filling up the DagBag from /home/airflow/.local/lib/python3.7/site-packages/airflow/example_dags/example_branch_operator_decorator.py
[2023-11-12T20:12:14.429+0000] {processor.py:766} INFO - DAG(s) dict_keys(['example_branch_python_operator_decorator']) retrieved from /home/airflow/.local/lib/python3.7/site-packages/airflow/example_dags/example_branch_operator_decorator.py
[2023-11-12T20:12:14.480+0000] {logging_mixin.py:120} INFO - [2023-11-12T20:12:14.479+0000] {dag.py:2585} INFO - Sync 1 DAGs
[2023-11-12T20:12:14.517+0000] {logging_mixin.py:120} INFO - [2023-11-12T20:12:14.517+0000] {dag.py:3340} INFO - Setting next_dagrun for example_branch_python_operator_decorator to 2023-11-11T00:00:00+00:00, run_after=2023-11-12T00:00:00+00:00
[2023-11-12T20:12:14.546+0000] {processor.py:176} INFO - Processing /home/airflow/.local/lib/python3.7/site-packages/airflow/example_dags/example_branch_operator_decorator.py took 0.158 seconds
[2023-11-12T20:12:45.148+0000] {processor.py:154} INFO - Started process (PID=1631) to work on /home/airflow/.local/lib/python3.7/site-packages/airflow/example_dags/example_branch_operator_decorator.py
[2023-11-12T20:12:45.151+0000] {processor.py:756} INFO - Processing file /home/airflow/.local/lib/python3.7/site-packages/airflow/example_dags/example_branch_operator_decorator.py for tasks to queue
[2023-11-12T20:12:45.152+0000] {logging_mixin.py:120} INFO - [2023-11-12T20:12:45.152+0000] {dagbag.py:537} INFO - Filling up the DagBag from /home/airflow/.local/lib/python3.7/site-packages/airflow/example_dags/example_branch_operator_decorator.py
[2023-11-12T20:12:45.183+0000] {processor.py:766} INFO - DAG(s) dict_keys(['example_branch_python_operator_decorator']) retrieved from /home/airflow/.local/lib/python3.7/site-packages/airflow/example_dags/example_branch_operator_decorator.py
[2023-11-12T20:12:45.284+0000] {logging_mixin.py:120} INFO - [2023-11-12T20:12:45.284+0000] {dag.py:2585} INFO - Sync 1 DAGs
[2023-11-12T20:12:45.354+0000] {logging_mixin.py:120} INFO - [2023-11-12T20:12:45.354+0000] {dag.py:3340} INFO - Setting next_dagrun for example_branch_python_operator_decorator to 2023-11-11T00:00:00+00:00, run_after=2023-11-12T00:00:00+00:00
[2023-11-12T20:12:45.381+0000] {processor.py:176} INFO - Processing /home/airflow/.local/lib/python3.7/site-packages/airflow/example_dags/example_branch_operator_decorator.py took 0.238 seconds
[2023-11-12T20:13:15.670+0000] {processor.py:154} INFO - Started process (PID=1692) to work on /home/airflow/.local/lib/python3.7/site-packages/airflow/example_dags/example_branch_operator_decorator.py
[2023-11-12T20:13:15.671+0000] {processor.py:756} INFO - Processing file /home/airflow/.local/lib/python3.7/site-packages/airflow/example_dags/example_branch_operator_decorator.py for tasks to queue
[2023-11-12T20:13:15.672+0000] {logging_mixin.py:120} INFO - [2023-11-12T20:13:15.672+0000] {dagbag.py:537} INFO - Filling up the DagBag from /home/airflow/.local/lib/python3.7/site-packages/airflow/example_dags/example_branch_operator_decorator.py
[2023-11-12T20:13:15.701+0000] {processor.py:766} INFO - DAG(s) dict_keys(['example_branch_python_operator_decorator']) retrieved from /home/airflow/.local/lib/python3.7/site-packages/airflow/example_dags/example_branch_operator_decorator.py
[2023-11-12T20:13:15.756+0000] {logging_mixin.py:120} INFO - [2023-11-12T20:13:15.756+0000] {dag.py:2585} INFO - Sync 1 DAGs
[2023-11-12T20:13:15.787+0000] {logging_mixin.py:120} INFO - [2023-11-12T20:13:15.787+0000] {dag.py:3340} INFO - Setting next_dagrun for example_branch_python_operator_decorator to 2023-11-11T00:00:00+00:00, run_after=2023-11-12T00:00:00+00:00
[2023-11-12T20:13:15.822+0000] {processor.py:176} INFO - Processing /home/airflow/.local/lib/python3.7/site-packages/airflow/example_dags/example_branch_operator_decorator.py took 0.156 seconds
[2023-11-12T20:13:46.261+0000] {processor.py:154} INFO - Started process (PID=1753) to work on /home/airflow/.local/lib/python3.7/site-packages/airflow/example_dags/example_branch_operator_decorator.py
[2023-11-12T20:13:46.263+0000] {processor.py:756} INFO - Processing file /home/airflow/.local/lib/python3.7/site-packages/airflow/example_dags/example_branch_operator_decorator.py for tasks to queue
[2023-11-12T20:13:46.265+0000] {logging_mixin.py:120} INFO - [2023-11-12T20:13:46.265+0000] {dagbag.py:537} INFO - Filling up the DagBag from /home/airflow/.local/lib/python3.7/site-packages/airflow/example_dags/example_branch_operator_decorator.py
[2023-11-12T20:13:46.297+0000] {processor.py:766} INFO - DAG(s) dict_keys(['example_branch_python_operator_decorator']) retrieved from /home/airflow/.local/lib/python3.7/site-packages/airflow/example_dags/example_branch_operator_decorator.py
[2023-11-12T20:13:46.394+0000] {logging_mixin.py:120} INFO - [2023-11-12T20:13:46.392+0000] {dag.py:2585} INFO - Sync 1 DAGs
[2023-11-12T20:13:46.448+0000] {logging_mixin.py:120} INFO - [2023-11-12T20:13:46.448+0000] {dag.py:3340} INFO - Setting next_dagrun for example_branch_python_operator_decorator to 2023-11-11T00:00:00+00:00, run_after=2023-11-12T00:00:00+00:00
[2023-11-12T20:13:46.505+0000] {processor.py:176} INFO - Processing /home/airflow/.local/lib/python3.7/site-packages/airflow/example_dags/example_branch_operator_decorator.py took 0.265 seconds
[2023-11-12T20:14:16.856+0000] {processor.py:154} INFO - Started process (PID=1809) to work on /home/airflow/.local/lib/python3.7/site-packages/airflow/example_dags/example_branch_operator_decorator.py
[2023-11-12T20:14:16.856+0000] {processor.py:756} INFO - Processing file /home/airflow/.local/lib/python3.7/site-packages/airflow/example_dags/example_branch_operator_decorator.py for tasks to queue
[2023-11-12T20:14:16.858+0000] {logging_mixin.py:120} INFO - [2023-11-12T20:14:16.858+0000] {dagbag.py:537} INFO - Filling up the DagBag from /home/airflow/.local/lib/python3.7/site-packages/airflow/example_dags/example_branch_operator_decorator.py
[2023-11-12T20:14:16.888+0000] {processor.py:766} INFO - DAG(s) dict_keys(['example_branch_python_operator_decorator']) retrieved from /home/airflow/.local/lib/python3.7/site-packages/airflow/example_dags/example_branch_operator_decorator.py
[2023-11-12T20:14:16.938+0000] {logging_mixin.py:120} INFO - [2023-11-12T20:14:16.938+0000] {dag.py:2585} INFO - Sync 1 DAGs
[2023-11-12T20:14:16.971+0000] {logging_mixin.py:120} INFO - [2023-11-12T20:14:16.971+0000] {dag.py:3340} INFO - Setting next_dagrun for example_branch_python_operator_decorator to 2023-11-11T00:00:00+00:00, run_after=2023-11-12T00:00:00+00:00
[2023-11-12T20:14:16.997+0000] {processor.py:176} INFO - Processing /home/airflow/.local/lib/python3.7/site-packages/airflow/example_dags/example_branch_operator_decorator.py took 0.144 seconds
[2023-11-12T20:14:47.091+0000] {processor.py:154} INFO - Started process (PID=1863) to work on /home/airflow/.local/lib/python3.7/site-packages/airflow/example_dags/example_branch_operator_decorator.py
[2023-11-12T20:14:47.097+0000] {processor.py:756} INFO - Processing file /home/airflow/.local/lib/python3.7/site-packages/airflow/example_dags/example_branch_operator_decorator.py for tasks to queue
[2023-11-12T20:14:47.098+0000] {logging_mixin.py:120} INFO - [2023-11-12T20:14:47.098+0000] {dagbag.py:537} INFO - Filling up the DagBag from /home/airflow/.local/lib/python3.7/site-packages/airflow/example_dags/example_branch_operator_decorator.py
[2023-11-12T20:14:47.132+0000] {processor.py:766} INFO - DAG(s) dict_keys(['example_branch_python_operator_decorator']) retrieved from /home/airflow/.local/lib/python3.7/site-packages/airflow/example_dags/example_branch_operator_decorator.py
[2023-11-12T20:14:47.243+0000] {logging_mixin.py:120} INFO - [2023-11-12T20:14:47.242+0000] {dag.py:2585} INFO - Sync 1 DAGs
[2023-11-12T20:14:47.331+0000] {logging_mixin.py:120} INFO - [2023-11-12T20:14:47.330+0000] {dag.py:3340} INFO - Setting next_dagrun for example_branch_python_operator_decorator to 2023-11-11T00:00:00+00:00, run_after=2023-11-12T00:00:00+00:00
[2023-11-12T20:14:47.410+0000] {processor.py:176} INFO - Processing /home/airflow/.local/lib/python3.7/site-packages/airflow/example_dags/example_branch_operator_decorator.py took 0.322 seconds
[2023-11-12T20:15:17.876+0000] {processor.py:154} INFO - Started process (PID=1926) to work on /home/airflow/.local/lib/python3.7/site-packages/airflow/example_dags/example_branch_operator_decorator.py
[2023-11-12T20:15:17.877+0000] {processor.py:756} INFO - Processing file /home/airflow/.local/lib/python3.7/site-packages/airflow/example_dags/example_branch_operator_decorator.py for tasks to queue
[2023-11-12T20:15:17.877+0000] {logging_mixin.py:120} INFO - [2023-11-12T20:15:17.877+0000] {dagbag.py:537} INFO - Filling up the DagBag from /home/airflow/.local/lib/python3.7/site-packages/airflow/example_dags/example_branch_operator_decorator.py
[2023-11-12T20:15:17.908+0000] {processor.py:766} INFO - DAG(s) dict_keys(['example_branch_python_operator_decorator']) retrieved from /home/airflow/.local/lib/python3.7/site-packages/airflow/example_dags/example_branch_operator_decorator.py
[2023-11-12T20:15:17.978+0000] {logging_mixin.py:120} INFO - [2023-11-12T20:15:17.978+0000] {dag.py:2585} INFO - Sync 1 DAGs
[2023-11-12T20:15:18.024+0000] {logging_mixin.py:120} INFO - [2023-11-12T20:15:18.023+0000] {dag.py:3340} INFO - Setting next_dagrun for example_branch_python_operator_decorator to 2023-11-11T00:00:00+00:00, run_after=2023-11-12T00:00:00+00:00
[2023-11-12T20:15:18.089+0000] {processor.py:176} INFO - Processing /home/airflow/.local/lib/python3.7/site-packages/airflow/example_dags/example_branch_operator_decorator.py took 0.216 seconds
[2023-11-12T20:15:48.734+0000] {processor.py:154} INFO - Started process (PID=1991) to work on /home/airflow/.local/lib/python3.7/site-packages/airflow/example_dags/example_branch_operator_decorator.py
[2023-11-12T20:15:48.735+0000] {processor.py:756} INFO - Processing file /home/airflow/.local/lib/python3.7/site-packages/airflow/example_dags/example_branch_operator_decorator.py for tasks to queue
[2023-11-12T20:15:48.736+0000] {logging_mixin.py:120} INFO - [2023-11-12T20:15:48.736+0000] {dagbag.py:537} INFO - Filling up the DagBag from /home/airflow/.local/lib/python3.7/site-packages/airflow/example_dags/example_branch_operator_decorator.py
[2023-11-12T20:15:48.799+0000] {processor.py:766} INFO - DAG(s) dict_keys(['example_branch_python_operator_decorator']) retrieved from /home/airflow/.local/lib/python3.7/site-packages/airflow/example_dags/example_branch_operator_decorator.py
[2023-11-12T20:15:48.878+0000] {logging_mixin.py:120} INFO - [2023-11-12T20:15:48.877+0000] {dag.py:2585} INFO - Sync 1 DAGs
[2023-11-12T20:15:48.943+0000] {logging_mixin.py:120} INFO - [2023-11-12T20:15:48.943+0000] {dag.py:3340} INFO - Setting next_dagrun for example_branch_python_operator_decorator to 2023-11-11T00:00:00+00:00, run_after=2023-11-12T00:00:00+00:00
[2023-11-12T20:15:48.984+0000] {processor.py:176} INFO - Processing /home/airflow/.local/lib/python3.7/site-packages/airflow/example_dags/example_branch_operator_decorator.py took 0.261 seconds
[2023-11-12T20:16:19.733+0000] {processor.py:154} INFO - Started process (PID=2045) to work on /home/airflow/.local/lib/python3.7/site-packages/airflow/example_dags/example_branch_operator_decorator.py
[2023-11-12T20:16:19.733+0000] {processor.py:756} INFO - Processing file /home/airflow/.local/lib/python3.7/site-packages/airflow/example_dags/example_branch_operator_decorator.py for tasks to queue
[2023-11-12T20:16:19.734+0000] {logging_mixin.py:120} INFO - [2023-11-12T20:16:19.734+0000] {dagbag.py:537} INFO - Filling up the DagBag from /home/airflow/.local/lib/python3.7/site-packages/airflow/example_dags/example_branch_operator_decorator.py
[2023-11-12T20:16:19.764+0000] {processor.py:766} INFO - DAG(s) dict_keys(['example_branch_python_operator_decorator']) retrieved from /home/airflow/.local/lib/python3.7/site-packages/airflow/example_dags/example_branch_operator_decorator.py
[2023-11-12T20:16:19.813+0000] {logging_mixin.py:120} INFO - [2023-11-12T20:16:19.812+0000] {dag.py:2585} INFO - Sync 1 DAGs
[2023-11-12T20:16:19.847+0000] {logging_mixin.py:120} INFO - [2023-11-12T20:16:19.847+0000] {dag.py:3340} INFO - Setting next_dagrun for example_branch_python_operator_decorator to 2023-11-11T00:00:00+00:00, run_after=2023-11-12T00:00:00+00:00
[2023-11-12T20:16:19.873+0000] {processor.py:176} INFO - Processing /home/airflow/.local/lib/python3.7/site-packages/airflow/example_dags/example_branch_operator_decorator.py took 0.143 seconds
[2023-11-12T20:16:49.987+0000] {processor.py:154} INFO - Started process (PID=2107) to work on /home/airflow/.local/lib/python3.7/site-packages/airflow/example_dags/example_branch_operator_decorator.py
[2023-11-12T20:16:49.988+0000] {processor.py:756} INFO - Processing file /home/airflow/.local/lib/python3.7/site-packages/airflow/example_dags/example_branch_operator_decorator.py for tasks to queue
[2023-11-12T20:16:49.989+0000] {logging_mixin.py:120} INFO - [2023-11-12T20:16:49.989+0000] {dagbag.py:537} INFO - Filling up the DagBag from /home/airflow/.local/lib/python3.7/site-packages/airflow/example_dags/example_branch_operator_decorator.py
[2023-11-12T20:16:50.019+0000] {processor.py:766} INFO - DAG(s) dict_keys(['example_branch_python_operator_decorator']) retrieved from /home/airflow/.local/lib/python3.7/site-packages/airflow/example_dags/example_branch_operator_decorator.py
[2023-11-12T20:16:50.095+0000] {logging_mixin.py:120} INFO - [2023-11-12T20:16:50.095+0000] {dag.py:2585} INFO - Sync 1 DAGs
[2023-11-12T20:16:50.129+0000] {logging_mixin.py:120} INFO - [2023-11-12T20:16:50.128+0000] {dag.py:3340} INFO - Setting next_dagrun for example_branch_python_operator_decorator to 2023-11-11T00:00:00+00:00, run_after=2023-11-12T00:00:00+00:00
[2023-11-12T20:16:50.152+0000] {processor.py:176} INFO - Processing /home/airflow/.local/lib/python3.7/site-packages/airflow/example_dags/example_branch_operator_decorator.py took 0.168 seconds
[2023-11-12T20:17:20.332+0000] {processor.py:154} INFO - Started process (PID=2161) to work on /home/airflow/.local/lib/python3.7/site-packages/airflow/example_dags/example_branch_operator_decorator.py
[2023-11-12T20:17:20.333+0000] {processor.py:756} INFO - Processing file /home/airflow/.local/lib/python3.7/site-packages/airflow/example_dags/example_branch_operator_decorator.py for tasks to queue
[2023-11-12T20:17:20.333+0000] {logging_mixin.py:120} INFO - [2023-11-12T20:17:20.333+0000] {dagbag.py:537} INFO - Filling up the DagBag from /home/airflow/.local/lib/python3.7/site-packages/airflow/example_dags/example_branch_operator_decorator.py
[2023-11-12T20:17:20.364+0000] {processor.py:766} INFO - DAG(s) dict_keys(['example_branch_python_operator_decorator']) retrieved from /home/airflow/.local/lib/python3.7/site-packages/airflow/example_dags/example_branch_operator_decorator.py
[2023-11-12T20:17:20.416+0000] {logging_mixin.py:120} INFO - [2023-11-12T20:17:20.416+0000] {dag.py:2585} INFO - Sync 1 DAGs
[2023-11-12T20:17:20.523+0000] {logging_mixin.py:120} INFO - [2023-11-12T20:17:20.522+0000] {dag.py:3340} INFO - Setting next_dagrun for example_branch_python_operator_decorator to 2023-11-11T00:00:00+00:00, run_after=2023-11-12T00:00:00+00:00
[2023-11-12T20:17:20.580+0000] {processor.py:176} INFO - Processing /home/airflow/.local/lib/python3.7/site-packages/airflow/example_dags/example_branch_operator_decorator.py took 0.251 seconds
[2023-11-12T20:17:50.907+0000] {processor.py:154} INFO - Started process (PID=2224) to work on /home/airflow/.local/lib/python3.7/site-packages/airflow/example_dags/example_branch_operator_decorator.py
[2023-11-12T20:17:50.917+0000] {processor.py:756} INFO - Processing file /home/airflow/.local/lib/python3.7/site-packages/airflow/example_dags/example_branch_operator_decorator.py for tasks to queue
[2023-11-12T20:17:50.918+0000] {logging_mixin.py:120} INFO - [2023-11-12T20:17:50.917+0000] {dagbag.py:537} INFO - Filling up the DagBag from /home/airflow/.local/lib/python3.7/site-packages/airflow/example_dags/example_branch_operator_decorator.py
[2023-11-12T20:17:50.977+0000] {processor.py:766} INFO - DAG(s) dict_keys(['example_branch_python_operator_decorator']) retrieved from /home/airflow/.local/lib/python3.7/site-packages/airflow/example_dags/example_branch_operator_decorator.py
[2023-11-12T20:17:51.044+0000] {logging_mixin.py:120} INFO - [2023-11-12T20:17:51.044+0000] {dag.py:2585} INFO - Sync 1 DAGs
[2023-11-12T20:17:51.083+0000] {logging_mixin.py:120} INFO - [2023-11-12T20:17:51.083+0000] {dag.py:3340} INFO - Setting next_dagrun for example_branch_python_operator_decorator to 2023-11-11T00:00:00+00:00, run_after=2023-11-12T00:00:00+00:00
[2023-11-12T20:17:51.115+0000] {processor.py:176} INFO - Processing /home/airflow/.local/lib/python3.7/site-packages/airflow/example_dags/example_branch_operator_decorator.py took 0.212 seconds
[2023-11-12T20:18:21.285+0000] {processor.py:154} INFO - Started process (PID=2278) to work on /home/airflow/.local/lib/python3.7/site-packages/airflow/example_dags/example_branch_operator_decorator.py
[2023-11-12T20:18:21.286+0000] {processor.py:756} INFO - Processing file /home/airflow/.local/lib/python3.7/site-packages/airflow/example_dags/example_branch_operator_decorator.py for tasks to queue
[2023-11-12T20:18:21.287+0000] {logging_mixin.py:120} INFO - [2023-11-12T20:18:21.287+0000] {dagbag.py:537} INFO - Filling up the DagBag from /home/airflow/.local/lib/python3.7/site-packages/airflow/example_dags/example_branch_operator_decorator.py
[2023-11-12T20:18:21.400+0000] {processor.py:766} INFO - DAG(s) dict_keys(['example_branch_python_operator_decorator']) retrieved from /home/airflow/.local/lib/python3.7/site-packages/airflow/example_dags/example_branch_operator_decorator.py
[2023-11-12T20:18:21.540+0000] {logging_mixin.py:120} INFO - [2023-11-12T20:18:21.539+0000] {dag.py:2585} INFO - Sync 1 DAGs
[2023-11-12T20:18:21.627+0000] {logging_mixin.py:120} INFO - [2023-11-12T20:18:21.627+0000] {dag.py:3340} INFO - Setting next_dagrun for example_branch_python_operator_decorator to 2023-11-11T00:00:00+00:00, run_after=2023-11-12T00:00:00+00:00
[2023-11-12T20:18:21.719+0000] {processor.py:176} INFO - Processing /home/airflow/.local/lib/python3.7/site-packages/airflow/example_dags/example_branch_operator_decorator.py took 0.450 seconds
