[2023-11-12T19:53:22.143+0000] {processor.py:154} INFO - Started process (PID=88) to work on /home/airflow/.local/lib/python3.7/site-packages/airflow/example_dags/example_branch_datetime_operator.py
[2023-11-12T19:53:22.147+0000] {processor.py:756} INFO - Processing file /home/airflow/.local/lib/python3.7/site-packages/airflow/example_dags/example_branch_datetime_operator.py for tasks to queue
[2023-11-12T19:53:22.147+0000] {logging_mixin.py:120} INFO - [2023-11-12T19:53:22.147+0000] {dagbag.py:537} INFO - Filling up the DagBag from /home/airflow/.local/lib/python3.7/site-packages/airflow/example_dags/example_branch_datetime_operator.py
[2023-11-12T19:53:22.207+0000] {processor.py:766} INFO - DAG(s) dict_keys(['example_branch_datetime_operator', 'example_branch_datetime_operator_3', 'example_branch_datetime_operator_2']) retrieved from /home/airflow/.local/lib/python3.7/site-packages/airflow/example_dags/example_branch_datetime_operator.py
[2023-11-12T19:53:22.661+0000] {logging_mixin.py:120} INFO - [2023-11-12T19:53:22.661+0000] {manager.py:507} INFO - Created Permission View: can edit on DAG:example_branch_datetime_operator
[2023-11-12T19:53:22.694+0000] {logging_mixin.py:120} INFO - [2023-11-12T19:53:22.694+0000] {manager.py:507} INFO - Created Permission View: can delete on DAG:example_branch_datetime_operator
[2023-11-12T19:53:22.720+0000] {logging_mixin.py:120} INFO - [2023-11-12T19:53:22.720+0000] {manager.py:507} INFO - Created Permission View: can read on DAG:example_branch_datetime_operator
[2023-11-12T19:53:22.761+0000] {logging_mixin.py:120} INFO - [2023-11-12T19:53:22.761+0000] {manager.py:507} INFO - Created Permission View: can edit on DAG:example_branch_datetime_operator_3
[2023-11-12T19:53:22.776+0000] {logging_mixin.py:120} INFO - [2023-11-12T19:53:22.776+0000] {manager.py:507} INFO - Created Permission View: can delete on DAG:example_branch_datetime_operator_3
[2023-11-12T19:53:22.793+0000] {logging_mixin.py:120} INFO - [2023-11-12T19:53:22.793+0000] {manager.py:507} INFO - Created Permission View: can read on DAG:example_branch_datetime_operator_3
[2023-11-12T19:53:22.832+0000] {logging_mixin.py:120} INFO - [2023-11-12T19:53:22.832+0000] {manager.py:507} INFO - Created Permission View: can edit on DAG:example_branch_datetime_operator_2
[2023-11-12T19:53:22.848+0000] {logging_mixin.py:120} INFO - [2023-11-12T19:53:22.848+0000] {manager.py:507} INFO - Created Permission View: can delete on DAG:example_branch_datetime_operator_2
[2023-11-12T19:53:22.870+0000] {logging_mixin.py:120} INFO - [2023-11-12T19:53:22.869+0000] {manager.py:507} INFO - Created Permission View: can read on DAG:example_branch_datetime_operator_2
[2023-11-12T19:53:22.870+0000] {logging_mixin.py:120} INFO - [2023-11-12T19:53:22.870+0000] {dag.py:2585} INFO - Sync 3 DAGs
[2023-11-12T19:53:22.906+0000] {logging_mixin.py:120} INFO - [2023-11-12T19:53:22.906+0000] {dag.py:2606} INFO - Creating ORM DAG for example_branch_datetime_operator
[2023-11-12T19:53:22.907+0000] {logging_mixin.py:120} INFO - [2023-11-12T19:53:22.907+0000] {dag.py:2606} INFO - Creating ORM DAG for example_branch_datetime_operator_2
[2023-11-12T19:53:22.908+0000] {logging_mixin.py:120} INFO - [2023-11-12T19:53:22.907+0000] {dag.py:2606} INFO - Creating ORM DAG for example_branch_datetime_operator_3
[2023-11-12T19:53:22.952+0000] {logging_mixin.py:120} INFO - [2023-11-12T19:53:22.952+0000] {dag.py:3340} INFO - Setting next_dagrun for example_branch_datetime_operator to 2023-11-11T00:00:00+00:00, run_after=2023-11-12T00:00:00+00:00
[2023-11-12T19:53:22.954+0000] {logging_mixin.py:120} INFO - [2023-11-12T19:53:22.954+0000] {dag.py:3340} INFO - Setting next_dagrun for example_branch_datetime_operator_2 to 2023-11-11T00:00:00+00:00, run_after=2023-11-12T00:00:00+00:00
[2023-11-12T19:53:22.961+0000] {logging_mixin.py:120} INFO - [2023-11-12T19:53:22.961+0000] {dag.py:3340} INFO - Setting next_dagrun for example_branch_datetime_operator_3 to 2023-11-11T00:00:00+00:00, run_after=2023-11-12T00:00:00+00:00
[2023-11-12T19:53:23.020+0000] {processor.py:176} INFO - Processing /home/airflow/.local/lib/python3.7/site-packages/airflow/example_dags/example_branch_datetime_operator.py took 0.885 seconds
[2023-11-12T19:53:53.653+0000] {processor.py:154} INFO - Started process (PID=142) to work on /home/airflow/.local/lib/python3.7/site-packages/airflow/example_dags/example_branch_datetime_operator.py
[2023-11-12T19:53:53.653+0000] {processor.py:756} INFO - Processing file /home/airflow/.local/lib/python3.7/site-packages/airflow/example_dags/example_branch_datetime_operator.py for tasks to queue
[2023-11-12T19:53:53.656+0000] {logging_mixin.py:120} INFO - [2023-11-12T19:53:53.656+0000] {dagbag.py:537} INFO - Filling up the DagBag from /home/airflow/.local/lib/python3.7/site-packages/airflow/example_dags/example_branch_datetime_operator.py
[2023-11-12T19:53:53.679+0000] {processor.py:766} INFO - DAG(s) dict_keys(['example_branch_datetime_operator_2', 'example_branch_datetime_operator_3', 'example_branch_datetime_operator']) retrieved from /home/airflow/.local/lib/python3.7/site-packages/airflow/example_dags/example_branch_datetime_operator.py
[2023-11-12T19:53:53.738+0000] {logging_mixin.py:120} INFO - [2023-11-12T19:53:53.738+0000] {dag.py:2585} INFO - Sync 3 DAGs
[2023-11-12T19:53:53.781+0000] {logging_mixin.py:120} INFO - [2023-11-12T19:53:53.781+0000] {dag.py:3340} INFO - Setting next_dagrun for example_branch_datetime_operator to 2023-11-11T00:00:00+00:00, run_after=2023-11-12T00:00:00+00:00
[2023-11-12T19:53:53.787+0000] {logging_mixin.py:120} INFO - [2023-11-12T19:53:53.787+0000] {dag.py:3340} INFO - Setting next_dagrun for example_branch_datetime_operator_2 to 2023-11-11T00:00:00+00:00, run_after=2023-11-12T00:00:00+00:00
[2023-11-12T19:53:53.790+0000] {logging_mixin.py:120} INFO - [2023-11-12T19:53:53.790+0000] {dag.py:3340} INFO - Setting next_dagrun for example_branch_datetime_operator_3 to 2023-11-11T00:00:00+00:00, run_after=2023-11-12T00:00:00+00:00
[2023-11-12T19:53:53.825+0000] {processor.py:176} INFO - Processing /home/airflow/.local/lib/python3.7/site-packages/airflow/example_dags/example_branch_datetime_operator.py took 0.175 seconds
[2023-11-12T19:54:24.027+0000] {processor.py:154} INFO - Started process (PID=205) to work on /home/airflow/.local/lib/python3.7/site-packages/airflow/example_dags/example_branch_datetime_operator.py
[2023-11-12T19:54:24.028+0000] {processor.py:756} INFO - Processing file /home/airflow/.local/lib/python3.7/site-packages/airflow/example_dags/example_branch_datetime_operator.py for tasks to queue
[2023-11-12T19:54:24.028+0000] {logging_mixin.py:120} INFO - [2023-11-12T19:54:24.028+0000] {dagbag.py:537} INFO - Filling up the DagBag from /home/airflow/.local/lib/python3.7/site-packages/airflow/example_dags/example_branch_datetime_operator.py
[2023-11-12T19:54:24.050+0000] {processor.py:766} INFO - DAG(s) dict_keys(['example_branch_datetime_operator_2', 'example_branch_datetime_operator_3', 'example_branch_datetime_operator']) retrieved from /home/airflow/.local/lib/python3.7/site-packages/airflow/example_dags/example_branch_datetime_operator.py
[2023-11-12T19:54:24.113+0000] {logging_mixin.py:120} INFO - [2023-11-12T19:54:24.113+0000] {dag.py:2585} INFO - Sync 3 DAGs
[2023-11-12T19:54:24.148+0000] {logging_mixin.py:120} INFO - [2023-11-12T19:54:24.148+0000] {dag.py:3340} INFO - Setting next_dagrun for example_branch_datetime_operator to 2023-11-11T00:00:00+00:00, run_after=2023-11-12T00:00:00+00:00
[2023-11-12T19:54:24.161+0000] {logging_mixin.py:120} INFO - [2023-11-12T19:54:24.161+0000] {dag.py:3340} INFO - Setting next_dagrun for example_branch_datetime_operator_2 to 2023-11-11T00:00:00+00:00, run_after=2023-11-12T00:00:00+00:00
[2023-11-12T19:54:24.163+0000] {logging_mixin.py:120} INFO - [2023-11-12T19:54:24.163+0000] {dag.py:3340} INFO - Setting next_dagrun for example_branch_datetime_operator_3 to 2023-11-11T00:00:00+00:00, run_after=2023-11-12T00:00:00+00:00
[2023-11-12T19:54:24.193+0000] {processor.py:176} INFO - Processing /home/airflow/.local/lib/python3.7/site-packages/airflow/example_dags/example_branch_datetime_operator.py took 0.170 seconds
[2023-11-12T19:57:12.510+0000] {processor.py:154} INFO - Started process (PID=85) to work on /home/airflow/.local/lib/python3.7/site-packages/airflow/example_dags/example_branch_datetime_operator.py
[2023-11-12T19:57:12.517+0000] {processor.py:756} INFO - Processing file /home/airflow/.local/lib/python3.7/site-packages/airflow/example_dags/example_branch_datetime_operator.py for tasks to queue
[2023-11-12T19:57:12.518+0000] {logging_mixin.py:120} INFO - [2023-11-12T19:57:12.517+0000] {dagbag.py:537} INFO - Filling up the DagBag from /home/airflow/.local/lib/python3.7/site-packages/airflow/example_dags/example_branch_datetime_operator.py
[2023-11-12T19:57:12.601+0000] {processor.py:766} INFO - DAG(s) dict_keys(['example_branch_datetime_operator', 'example_branch_datetime_operator_2', 'example_branch_datetime_operator_3']) retrieved from /home/airflow/.local/lib/python3.7/site-packages/airflow/example_dags/example_branch_datetime_operator.py
[2023-11-12T19:57:12.780+0000] {logging_mixin.py:120} INFO - [2023-11-12T19:57:12.780+0000] {dag.py:2585} INFO - Sync 3 DAGs
[2023-11-12T19:57:12.903+0000] {logging_mixin.py:120} INFO - [2023-11-12T19:57:12.903+0000] {dag.py:3340} INFO - Setting next_dagrun for example_branch_datetime_operator to 2023-11-11T00:00:00+00:00, run_after=2023-11-12T00:00:00+00:00
[2023-11-12T19:57:12.923+0000] {logging_mixin.py:120} INFO - [2023-11-12T19:57:12.923+0000] {dag.py:3340} INFO - Setting next_dagrun for example_branch_datetime_operator_2 to 2023-11-11T00:00:00+00:00, run_after=2023-11-12T00:00:00+00:00
[2023-11-12T19:57:12.935+0000] {logging_mixin.py:120} INFO - [2023-11-12T19:57:12.935+0000] {dag.py:3340} INFO - Setting next_dagrun for example_branch_datetime_operator_3 to 2023-11-11T00:00:00+00:00, run_after=2023-11-12T00:00:00+00:00
[2023-11-12T19:57:13.019+0000] {processor.py:176} INFO - Processing /home/airflow/.local/lib/python3.7/site-packages/airflow/example_dags/example_branch_datetime_operator.py took 0.515 seconds
[2023-11-12T19:59:06.420+0000] {processor.py:154} INFO - Started process (PID=87) to work on /home/airflow/.local/lib/python3.7/site-packages/airflow/example_dags/example_branch_datetime_operator.py
[2023-11-12T19:59:06.431+0000] {processor.py:756} INFO - Processing file /home/airflow/.local/lib/python3.7/site-packages/airflow/example_dags/example_branch_datetime_operator.py for tasks to queue
[2023-11-12T19:59:06.432+0000] {logging_mixin.py:120} INFO - [2023-11-12T19:59:06.431+0000] {dagbag.py:537} INFO - Filling up the DagBag from /home/airflow/.local/lib/python3.7/site-packages/airflow/example_dags/example_branch_datetime_operator.py
[2023-11-12T19:59:06.505+0000] {processor.py:766} INFO - DAG(s) dict_keys(['example_branch_datetime_operator_3', 'example_branch_datetime_operator', 'example_branch_datetime_operator_2']) retrieved from /home/airflow/.local/lib/python3.7/site-packages/airflow/example_dags/example_branch_datetime_operator.py
[2023-11-12T19:59:06.673+0000] {logging_mixin.py:120} INFO - [2023-11-12T19:59:06.672+0000] {dag.py:2585} INFO - Sync 3 DAGs
[2023-11-12T19:59:06.824+0000] {logging_mixin.py:120} INFO - [2023-11-12T19:59:06.824+0000] {dag.py:3340} INFO - Setting next_dagrun for example_branch_datetime_operator to 2023-11-11T00:00:00+00:00, run_after=2023-11-12T00:00:00+00:00
[2023-11-12T19:59:06.840+0000] {logging_mixin.py:120} INFO - [2023-11-12T19:59:06.840+0000] {dag.py:3340} INFO - Setting next_dagrun for example_branch_datetime_operator_2 to 2023-11-11T00:00:00+00:00, run_after=2023-11-12T00:00:00+00:00
[2023-11-12T19:59:06.867+0000] {logging_mixin.py:120} INFO - [2023-11-12T19:59:06.866+0000] {dag.py:3340} INFO - Setting next_dagrun for example_branch_datetime_operator_3 to 2023-11-11T00:00:00+00:00, run_after=2023-11-12T00:00:00+00:00
[2023-11-12T19:59:06.937+0000] {processor.py:176} INFO - Processing /home/airflow/.local/lib/python3.7/site-packages/airflow/example_dags/example_branch_datetime_operator.py took 0.524 seconds
[2023-11-12T19:59:37.279+0000] {processor.py:154} INFO - Started process (PID=144) to work on /home/airflow/.local/lib/python3.7/site-packages/airflow/example_dags/example_branch_datetime_operator.py
[2023-11-12T19:59:37.280+0000] {processor.py:756} INFO - Processing file /home/airflow/.local/lib/python3.7/site-packages/airflow/example_dags/example_branch_datetime_operator.py for tasks to queue
[2023-11-12T19:59:37.280+0000] {logging_mixin.py:120} INFO - [2023-11-12T19:59:37.280+0000] {dagbag.py:537} INFO - Filling up the DagBag from /home/airflow/.local/lib/python3.7/site-packages/airflow/example_dags/example_branch_datetime_operator.py
[2023-11-12T19:59:37.302+0000] {processor.py:766} INFO - DAG(s) dict_keys(['example_branch_datetime_operator_3', 'example_branch_datetime_operator_2', 'example_branch_datetime_operator']) retrieved from /home/airflow/.local/lib/python3.7/site-packages/airflow/example_dags/example_branch_datetime_operator.py
[2023-11-12T19:59:37.355+0000] {logging_mixin.py:120} INFO - [2023-11-12T19:59:37.354+0000] {dag.py:2585} INFO - Sync 3 DAGs
[2023-11-12T19:59:37.388+0000] {logging_mixin.py:120} INFO - [2023-11-12T19:59:37.388+0000] {dag.py:3340} INFO - Setting next_dagrun for example_branch_datetime_operator to 2023-11-11T00:00:00+00:00, run_after=2023-11-12T00:00:00+00:00
[2023-11-12T19:59:37.394+0000] {logging_mixin.py:120} INFO - [2023-11-12T19:59:37.393+0000] {dag.py:3340} INFO - Setting next_dagrun for example_branch_datetime_operator_2 to 2023-11-11T00:00:00+00:00, run_after=2023-11-12T00:00:00+00:00
[2023-11-12T19:59:37.398+0000] {logging_mixin.py:120} INFO - [2023-11-12T19:59:37.398+0000] {dag.py:3340} INFO - Setting next_dagrun for example_branch_datetime_operator_3 to 2023-11-11T00:00:00+00:00, run_after=2023-11-12T00:00:00+00:00
[2023-11-12T19:59:37.419+0000] {processor.py:176} INFO - Processing /home/airflow/.local/lib/python3.7/site-packages/airflow/example_dags/example_branch_datetime_operator.py took 0.143 seconds
[2023-11-12T20:00:08.080+0000] {processor.py:154} INFO - Started process (PID=208) to work on /home/airflow/.local/lib/python3.7/site-packages/airflow/example_dags/example_branch_datetime_operator.py
[2023-11-12T20:00:08.081+0000] {processor.py:756} INFO - Processing file /home/airflow/.local/lib/python3.7/site-packages/airflow/example_dags/example_branch_datetime_operator.py for tasks to queue
[2023-11-12T20:00:08.081+0000] {logging_mixin.py:120} INFO - [2023-11-12T20:00:08.081+0000] {dagbag.py:537} INFO - Filling up the DagBag from /home/airflow/.local/lib/python3.7/site-packages/airflow/example_dags/example_branch_datetime_operator.py
[2023-11-12T20:00:08.103+0000] {processor.py:766} INFO - DAG(s) dict_keys(['example_branch_datetime_operator_2', 'example_branch_datetime_operator_3', 'example_branch_datetime_operator']) retrieved from /home/airflow/.local/lib/python3.7/site-packages/airflow/example_dags/example_branch_datetime_operator.py
[2023-11-12T20:00:08.192+0000] {logging_mixin.py:120} INFO - [2023-11-12T20:00:08.192+0000] {dag.py:2585} INFO - Sync 3 DAGs
[2023-11-12T20:00:08.262+0000] {logging_mixin.py:120} INFO - [2023-11-12T20:00:08.262+0000] {dag.py:3340} INFO - Setting next_dagrun for example_branch_datetime_operator to 2023-11-11T00:00:00+00:00, run_after=2023-11-12T00:00:00+00:00
[2023-11-12T20:00:08.268+0000] {logging_mixin.py:120} INFO - [2023-11-12T20:00:08.268+0000] {dag.py:3340} INFO - Setting next_dagrun for example_branch_datetime_operator_2 to 2023-11-11T00:00:00+00:00, run_after=2023-11-12T00:00:00+00:00
[2023-11-12T20:00:08.273+0000] {logging_mixin.py:120} INFO - [2023-11-12T20:00:08.273+0000] {dag.py:3340} INFO - Setting next_dagrun for example_branch_datetime_operator_3 to 2023-11-11T00:00:00+00:00, run_after=2023-11-12T00:00:00+00:00
[2023-11-12T20:00:08.304+0000] {processor.py:176} INFO - Processing /home/airflow/.local/lib/python3.7/site-packages/airflow/example_dags/example_branch_datetime_operator.py took 0.227 seconds
[2023-11-12T20:00:38.760+0000] {processor.py:154} INFO - Started process (PID=263) to work on /home/airflow/.local/lib/python3.7/site-packages/airflow/example_dags/example_branch_datetime_operator.py
[2023-11-12T20:00:38.769+0000] {processor.py:756} INFO - Processing file /home/airflow/.local/lib/python3.7/site-packages/airflow/example_dags/example_branch_datetime_operator.py for tasks to queue
[2023-11-12T20:00:38.770+0000] {logging_mixin.py:120} INFO - [2023-11-12T20:00:38.770+0000] {dagbag.py:537} INFO - Filling up the DagBag from /home/airflow/.local/lib/python3.7/site-packages/airflow/example_dags/example_branch_datetime_operator.py
[2023-11-12T20:00:38.807+0000] {processor.py:766} INFO - DAG(s) dict_keys(['example_branch_datetime_operator_2', 'example_branch_datetime_operator_3', 'example_branch_datetime_operator']) retrieved from /home/airflow/.local/lib/python3.7/site-packages/airflow/example_dags/example_branch_datetime_operator.py
[2023-11-12T20:00:38.863+0000] {logging_mixin.py:120} INFO - [2023-11-12T20:00:38.863+0000] {dag.py:2585} INFO - Sync 3 DAGs
[2023-11-12T20:00:38.896+0000] {logging_mixin.py:120} INFO - [2023-11-12T20:00:38.896+0000] {dag.py:3340} INFO - Setting next_dagrun for example_branch_datetime_operator to 2023-11-11T00:00:00+00:00, run_after=2023-11-12T00:00:00+00:00
[2023-11-12T20:00:38.901+0000] {logging_mixin.py:120} INFO - [2023-11-12T20:00:38.901+0000] {dag.py:3340} INFO - Setting next_dagrun for example_branch_datetime_operator_2 to 2023-11-11T00:00:00+00:00, run_after=2023-11-12T00:00:00+00:00
[2023-11-12T20:00:38.904+0000] {logging_mixin.py:120} INFO - [2023-11-12T20:00:38.904+0000] {dag.py:3340} INFO - Setting next_dagrun for example_branch_datetime_operator_3 to 2023-11-11T00:00:00+00:00, run_after=2023-11-12T00:00:00+00:00
[2023-11-12T20:00:38.926+0000] {processor.py:176} INFO - Processing /home/airflow/.local/lib/python3.7/site-packages/airflow/example_dags/example_branch_datetime_operator.py took 0.170 seconds
[2023-11-12T20:01:09.232+0000] {processor.py:154} INFO - Started process (PID=326) to work on /home/airflow/.local/lib/python3.7/site-packages/airflow/example_dags/example_branch_datetime_operator.py
[2023-11-12T20:01:09.232+0000] {processor.py:756} INFO - Processing file /home/airflow/.local/lib/python3.7/site-packages/airflow/example_dags/example_branch_datetime_operator.py for tasks to queue
[2023-11-12T20:01:09.236+0000] {logging_mixin.py:120} INFO - [2023-11-12T20:01:09.236+0000] {dagbag.py:537} INFO - Filling up the DagBag from /home/airflow/.local/lib/python3.7/site-packages/airflow/example_dags/example_branch_datetime_operator.py
[2023-11-12T20:01:09.261+0000] {processor.py:766} INFO - DAG(s) dict_keys(['example_branch_datetime_operator', 'example_branch_datetime_operator_2', 'example_branch_datetime_operator_3']) retrieved from /home/airflow/.local/lib/python3.7/site-packages/airflow/example_dags/example_branch_datetime_operator.py
[2023-11-12T20:01:09.323+0000] {logging_mixin.py:120} INFO - [2023-11-12T20:01:09.323+0000] {dag.py:2585} INFO - Sync 3 DAGs
[2023-11-12T20:01:09.356+0000] {logging_mixin.py:120} INFO - [2023-11-12T20:01:09.356+0000] {dag.py:3340} INFO - Setting next_dagrun for example_branch_datetime_operator to 2023-11-11T00:00:00+00:00, run_after=2023-11-12T00:00:00+00:00
[2023-11-12T20:01:09.362+0000] {logging_mixin.py:120} INFO - [2023-11-12T20:01:09.362+0000] {dag.py:3340} INFO - Setting next_dagrun for example_branch_datetime_operator_2 to 2023-11-11T00:00:00+00:00, run_after=2023-11-12T00:00:00+00:00
[2023-11-12T20:01:09.365+0000] {logging_mixin.py:120} INFO - [2023-11-12T20:01:09.365+0000] {dag.py:3340} INFO - Setting next_dagrun for example_branch_datetime_operator_3 to 2023-11-11T00:00:00+00:00, run_after=2023-11-12T00:00:00+00:00
[2023-11-12T20:01:09.387+0000] {processor.py:176} INFO - Processing /home/airflow/.local/lib/python3.7/site-packages/airflow/example_dags/example_branch_datetime_operator.py took 0.159 seconds
[2023-11-12T20:01:40.182+0000] {processor.py:154} INFO - Started process (PID=389) to work on /home/airflow/.local/lib/python3.7/site-packages/airflow/example_dags/example_branch_datetime_operator.py
[2023-11-12T20:01:40.182+0000] {processor.py:756} INFO - Processing file /home/airflow/.local/lib/python3.7/site-packages/airflow/example_dags/example_branch_datetime_operator.py for tasks to queue
[2023-11-12T20:01:40.183+0000] {logging_mixin.py:120} INFO - [2023-11-12T20:01:40.183+0000] {dagbag.py:537} INFO - Filling up the DagBag from /home/airflow/.local/lib/python3.7/site-packages/airflow/example_dags/example_branch_datetime_operator.py
[2023-11-12T20:01:40.199+0000] {processor.py:766} INFO - DAG(s) dict_keys(['example_branch_datetime_operator_3', 'example_branch_datetime_operator', 'example_branch_datetime_operator_2']) retrieved from /home/airflow/.local/lib/python3.7/site-packages/airflow/example_dags/example_branch_datetime_operator.py
[2023-11-12T20:01:40.236+0000] {logging_mixin.py:120} INFO - [2023-11-12T20:01:40.236+0000] {dag.py:2585} INFO - Sync 3 DAGs
[2023-11-12T20:01:40.258+0000] {logging_mixin.py:120} INFO - [2023-11-12T20:01:40.257+0000] {dag.py:3340} INFO - Setting next_dagrun for example_branch_datetime_operator to 2023-11-11T00:00:00+00:00, run_after=2023-11-12T00:00:00+00:00
[2023-11-12T20:01:40.261+0000] {logging_mixin.py:120} INFO - [2023-11-12T20:01:40.261+0000] {dag.py:3340} INFO - Setting next_dagrun for example_branch_datetime_operator_2 to 2023-11-11T00:00:00+00:00, run_after=2023-11-12T00:00:00+00:00
[2023-11-12T20:01:40.263+0000] {logging_mixin.py:120} INFO - [2023-11-12T20:01:40.263+0000] {dag.py:3340} INFO - Setting next_dagrun for example_branch_datetime_operator_3 to 2023-11-11T00:00:00+00:00, run_after=2023-11-12T00:00:00+00:00
[2023-11-12T20:01:40.283+0000] {processor.py:176} INFO - Processing /home/airflow/.local/lib/python3.7/site-packages/airflow/example_dags/example_branch_datetime_operator.py took 0.104 seconds
[2023-11-12T20:02:10.814+0000] {processor.py:154} INFO - Started process (PID=443) to work on /home/airflow/.local/lib/python3.7/site-packages/airflow/example_dags/example_branch_datetime_operator.py
[2023-11-12T20:02:10.814+0000] {processor.py:756} INFO - Processing file /home/airflow/.local/lib/python3.7/site-packages/airflow/example_dags/example_branch_datetime_operator.py for tasks to queue
[2023-11-12T20:02:10.815+0000] {logging_mixin.py:120} INFO - [2023-11-12T20:02:10.815+0000] {dagbag.py:537} INFO - Filling up the DagBag from /home/airflow/.local/lib/python3.7/site-packages/airflow/example_dags/example_branch_datetime_operator.py
[2023-11-12T20:02:10.869+0000] {processor.py:766} INFO - DAG(s) dict_keys(['example_branch_datetime_operator_2', 'example_branch_datetime_operator_3', 'example_branch_datetime_operator']) retrieved from /home/airflow/.local/lib/python3.7/site-packages/airflow/example_dags/example_branch_datetime_operator.py
[2023-11-12T20:02:10.931+0000] {logging_mixin.py:120} INFO - [2023-11-12T20:02:10.931+0000] {dag.py:2585} INFO - Sync 3 DAGs
[2023-11-12T20:02:10.970+0000] {logging_mixin.py:120} INFO - [2023-11-12T20:02:10.969+0000] {dag.py:3340} INFO - Setting next_dagrun for example_branch_datetime_operator to 2023-11-11T00:00:00+00:00, run_after=2023-11-12T00:00:00+00:00
[2023-11-12T20:02:10.976+0000] {logging_mixin.py:120} INFO - [2023-11-12T20:02:10.976+0000] {dag.py:3340} INFO - Setting next_dagrun for example_branch_datetime_operator_2 to 2023-11-11T00:00:00+00:00, run_after=2023-11-12T00:00:00+00:00
[2023-11-12T20:02:10.980+0000] {logging_mixin.py:120} INFO - [2023-11-12T20:02:10.979+0000] {dag.py:3340} INFO - Setting next_dagrun for example_branch_datetime_operator_3 to 2023-11-11T00:00:00+00:00, run_after=2023-11-12T00:00:00+00:00
[2023-11-12T20:02:11.005+0000] {processor.py:176} INFO - Processing /home/airflow/.local/lib/python3.7/site-packages/airflow/example_dags/example_branch_datetime_operator.py took 0.199 seconds
[2023-11-12T20:02:41.435+0000] {processor.py:154} INFO - Started process (PID=506) to work on /home/airflow/.local/lib/python3.7/site-packages/airflow/example_dags/example_branch_datetime_operator.py
[2023-11-12T20:02:41.436+0000] {processor.py:756} INFO - Processing file /home/airflow/.local/lib/python3.7/site-packages/airflow/example_dags/example_branch_datetime_operator.py for tasks to queue
[2023-11-12T20:02:41.436+0000] {logging_mixin.py:120} INFO - [2023-11-12T20:02:41.436+0000] {dagbag.py:537} INFO - Filling up the DagBag from /home/airflow/.local/lib/python3.7/site-packages/airflow/example_dags/example_branch_datetime_operator.py
[2023-11-12T20:02:41.475+0000] {processor.py:766} INFO - DAG(s) dict_keys(['example_branch_datetime_operator_3', 'example_branch_datetime_operator', 'example_branch_datetime_operator_2']) retrieved from /home/airflow/.local/lib/python3.7/site-packages/airflow/example_dags/example_branch_datetime_operator.py
[2023-11-12T20:02:41.675+0000] {logging_mixin.py:120} INFO - [2023-11-12T20:02:41.675+0000] {dag.py:2585} INFO - Sync 3 DAGs
[2023-11-12T20:02:41.715+0000] {logging_mixin.py:120} INFO - [2023-11-12T20:02:41.715+0000] {dag.py:3340} INFO - Setting next_dagrun for example_branch_datetime_operator to 2023-11-11T00:00:00+00:00, run_after=2023-11-12T00:00:00+00:00
[2023-11-12T20:02:41.728+0000] {logging_mixin.py:120} INFO - [2023-11-12T20:02:41.727+0000] {dag.py:3340} INFO - Setting next_dagrun for example_branch_datetime_operator_2 to 2023-11-11T00:00:00+00:00, run_after=2023-11-12T00:00:00+00:00
[2023-11-12T20:02:41.733+0000] {logging_mixin.py:120} INFO - [2023-11-12T20:02:41.733+0000] {dag.py:3340} INFO - Setting next_dagrun for example_branch_datetime_operator_3 to 2023-11-11T00:00:00+00:00, run_after=2023-11-12T00:00:00+00:00
[2023-11-12T20:02:41.776+0000] {processor.py:176} INFO - Processing /home/airflow/.local/lib/python3.7/site-packages/airflow/example_dags/example_branch_datetime_operator.py took 0.350 seconds
[2023-11-12T20:03:12.194+0000] {processor.py:154} INFO - Started process (PID=570) to work on /home/airflow/.local/lib/python3.7/site-packages/airflow/example_dags/example_branch_datetime_operator.py
[2023-11-12T20:03:12.195+0000] {processor.py:756} INFO - Processing file /home/airflow/.local/lib/python3.7/site-packages/airflow/example_dags/example_branch_datetime_operator.py for tasks to queue
[2023-11-12T20:03:12.195+0000] {logging_mixin.py:120} INFO - [2023-11-12T20:03:12.195+0000] {dagbag.py:537} INFO - Filling up the DagBag from /home/airflow/.local/lib/python3.7/site-packages/airflow/example_dags/example_branch_datetime_operator.py
[2023-11-12T20:03:12.218+0000] {processor.py:766} INFO - DAG(s) dict_keys(['example_branch_datetime_operator_3', 'example_branch_datetime_operator', 'example_branch_datetime_operator_2']) retrieved from /home/airflow/.local/lib/python3.7/site-packages/airflow/example_dags/example_branch_datetime_operator.py
[2023-11-12T20:03:12.271+0000] {logging_mixin.py:120} INFO - [2023-11-12T20:03:12.271+0000] {dag.py:2585} INFO - Sync 3 DAGs
[2023-11-12T20:03:12.302+0000] {logging_mixin.py:120} INFO - [2023-11-12T20:03:12.302+0000] {dag.py:3340} INFO - Setting next_dagrun for example_branch_datetime_operator to 2023-11-11T00:00:00+00:00, run_after=2023-11-12T00:00:00+00:00
[2023-11-12T20:03:12.308+0000] {logging_mixin.py:120} INFO - [2023-11-12T20:03:12.307+0000] {dag.py:3340} INFO - Setting next_dagrun for example_branch_datetime_operator_2 to 2023-11-11T00:00:00+00:00, run_after=2023-11-12T00:00:00+00:00
[2023-11-12T20:03:12.311+0000] {logging_mixin.py:120} INFO - [2023-11-12T20:03:12.311+0000] {dag.py:3340} INFO - Setting next_dagrun for example_branch_datetime_operator_3 to 2023-11-11T00:00:00+00:00, run_after=2023-11-12T00:00:00+00:00
[2023-11-12T20:03:12.334+0000] {processor.py:176} INFO - Processing /home/airflow/.local/lib/python3.7/site-packages/airflow/example_dags/example_branch_datetime_operator.py took 0.145 seconds
[2023-11-12T20:03:43.293+0000] {processor.py:154} INFO - Started process (PID=625) to work on /home/airflow/.local/lib/python3.7/site-packages/airflow/example_dags/example_branch_datetime_operator.py
[2023-11-12T20:03:43.294+0000] {processor.py:756} INFO - Processing file /home/airflow/.local/lib/python3.7/site-packages/airflow/example_dags/example_branch_datetime_operator.py for tasks to queue
[2023-11-12T20:03:43.295+0000] {logging_mixin.py:120} INFO - [2023-11-12T20:03:43.294+0000] {dagbag.py:537} INFO - Filling up the DagBag from /home/airflow/.local/lib/python3.7/site-packages/airflow/example_dags/example_branch_datetime_operator.py
[2023-11-12T20:03:43.317+0000] {processor.py:766} INFO - DAG(s) dict_keys(['example_branch_datetime_operator', 'example_branch_datetime_operator_2', 'example_branch_datetime_operator_3']) retrieved from /home/airflow/.local/lib/python3.7/site-packages/airflow/example_dags/example_branch_datetime_operator.py
[2023-11-12T20:03:43.452+0000] {logging_mixin.py:120} INFO - [2023-11-12T20:03:43.452+0000] {dag.py:2585} INFO - Sync 3 DAGs
[2023-11-12T20:03:43.509+0000] {logging_mixin.py:120} INFO - [2023-11-12T20:03:43.509+0000] {dag.py:3340} INFO - Setting next_dagrun for example_branch_datetime_operator to 2023-11-11T00:00:00+00:00, run_after=2023-11-12T00:00:00+00:00
[2023-11-12T20:03:43.515+0000] {logging_mixin.py:120} INFO - [2023-11-12T20:03:43.515+0000] {dag.py:3340} INFO - Setting next_dagrun for example_branch_datetime_operator_2 to 2023-11-11T00:00:00+00:00, run_after=2023-11-12T00:00:00+00:00
[2023-11-12T20:03:43.518+0000] {logging_mixin.py:120} INFO - [2023-11-12T20:03:43.518+0000] {dag.py:3340} INFO - Setting next_dagrun for example_branch_datetime_operator_3 to 2023-11-11T00:00:00+00:00, run_after=2023-11-12T00:00:00+00:00
[2023-11-12T20:03:43.557+0000] {processor.py:176} INFO - Processing /home/airflow/.local/lib/python3.7/site-packages/airflow/example_dags/example_branch_datetime_operator.py took 0.267 seconds
[2023-11-12T20:04:14.475+0000] {processor.py:154} INFO - Started process (PID=689) to work on /home/airflow/.local/lib/python3.7/site-packages/airflow/example_dags/example_branch_datetime_operator.py
[2023-11-12T20:04:14.490+0000] {processor.py:756} INFO - Processing file /home/airflow/.local/lib/python3.7/site-packages/airflow/example_dags/example_branch_datetime_operator.py for tasks to queue
[2023-11-12T20:04:14.490+0000] {logging_mixin.py:120} INFO - [2023-11-12T20:04:14.490+0000] {dagbag.py:537} INFO - Filling up the DagBag from /home/airflow/.local/lib/python3.7/site-packages/airflow/example_dags/example_branch_datetime_operator.py
[2023-11-12T20:04:14.514+0000] {processor.py:766} INFO - DAG(s) dict_keys(['example_branch_datetime_operator_2', 'example_branch_datetime_operator', 'example_branch_datetime_operator_3']) retrieved from /home/airflow/.local/lib/python3.7/site-packages/airflow/example_dags/example_branch_datetime_operator.py
[2023-11-12T20:04:14.567+0000] {logging_mixin.py:120} INFO - [2023-11-12T20:04:14.567+0000] {dag.py:2585} INFO - Sync 3 DAGs
[2023-11-12T20:04:14.609+0000] {logging_mixin.py:120} INFO - [2023-11-12T20:04:14.609+0000] {dag.py:3340} INFO - Setting next_dagrun for example_branch_datetime_operator to 2023-11-11T00:00:00+00:00, run_after=2023-11-12T00:00:00+00:00
[2023-11-12T20:04:14.626+0000] {logging_mixin.py:120} INFO - [2023-11-12T20:04:14.626+0000] {dag.py:3340} INFO - Setting next_dagrun for example_branch_datetime_operator_2 to 2023-11-11T00:00:00+00:00, run_after=2023-11-12T00:00:00+00:00
[2023-11-12T20:04:14.631+0000] {logging_mixin.py:120} INFO - [2023-11-12T20:04:14.631+0000] {dag.py:3340} INFO - Setting next_dagrun for example_branch_datetime_operator_3 to 2023-11-11T00:00:00+00:00, run_after=2023-11-12T00:00:00+00:00
[2023-11-12T20:04:14.656+0000] {processor.py:176} INFO - Processing /home/airflow/.local/lib/python3.7/site-packages/airflow/example_dags/example_branch_datetime_operator.py took 0.192 seconds
[2023-11-12T20:04:45.162+0000] {processor.py:154} INFO - Started process (PID=753) to work on /home/airflow/.local/lib/python3.7/site-packages/airflow/example_dags/example_branch_datetime_operator.py
[2023-11-12T20:04:45.163+0000] {processor.py:756} INFO - Processing file /home/airflow/.local/lib/python3.7/site-packages/airflow/example_dags/example_branch_datetime_operator.py for tasks to queue
[2023-11-12T20:04:45.163+0000] {logging_mixin.py:120} INFO - [2023-11-12T20:04:45.163+0000] {dagbag.py:537} INFO - Filling up the DagBag from /home/airflow/.local/lib/python3.7/site-packages/airflow/example_dags/example_branch_datetime_operator.py
[2023-11-12T20:04:45.185+0000] {processor.py:766} INFO - DAG(s) dict_keys(['example_branch_datetime_operator_3', 'example_branch_datetime_operator', 'example_branch_datetime_operator_2']) retrieved from /home/airflow/.local/lib/python3.7/site-packages/airflow/example_dags/example_branch_datetime_operator.py
[2023-11-12T20:04:45.242+0000] {logging_mixin.py:120} INFO - [2023-11-12T20:04:45.242+0000] {dag.py:2585} INFO - Sync 3 DAGs
[2023-11-12T20:04:45.275+0000] {logging_mixin.py:120} INFO - [2023-11-12T20:04:45.274+0000] {dag.py:3340} INFO - Setting next_dagrun for example_branch_datetime_operator to 2023-11-11T00:00:00+00:00, run_after=2023-11-12T00:00:00+00:00
[2023-11-12T20:04:45.280+0000] {logging_mixin.py:120} INFO - [2023-11-12T20:04:45.280+0000] {dag.py:3340} INFO - Setting next_dagrun for example_branch_datetime_operator_2 to 2023-11-11T00:00:00+00:00, run_after=2023-11-12T00:00:00+00:00
[2023-11-12T20:04:45.284+0000] {logging_mixin.py:120} INFO - [2023-11-12T20:04:45.283+0000] {dag.py:3340} INFO - Setting next_dagrun for example_branch_datetime_operator_3 to 2023-11-11T00:00:00+00:00, run_after=2023-11-12T00:00:00+00:00
[2023-11-12T20:04:45.307+0000] {processor.py:176} INFO - Processing /home/airflow/.local/lib/python3.7/site-packages/airflow/example_dags/example_branch_datetime_operator.py took 0.148 seconds
[2023-11-12T20:05:17.026+0000] {processor.py:154} INFO - Started process (PID=814) to work on /home/airflow/.local/lib/python3.7/site-packages/airflow/example_dags/example_branch_datetime_operator.py
[2023-11-12T20:05:17.034+0000] {processor.py:756} INFO - Processing file /home/airflow/.local/lib/python3.7/site-packages/airflow/example_dags/example_branch_datetime_operator.py for tasks to queue
[2023-11-12T20:05:17.035+0000] {logging_mixin.py:120} INFO - [2023-11-12T20:05:17.035+0000] {dagbag.py:537} INFO - Filling up the DagBag from /home/airflow/.local/lib/python3.7/site-packages/airflow/example_dags/example_branch_datetime_operator.py
[2023-11-12T20:05:17.159+0000] {processor.py:766} INFO - DAG(s) dict_keys(['example_branch_datetime_operator', 'example_branch_datetime_operator_3', 'example_branch_datetime_operator_2']) retrieved from /home/airflow/.local/lib/python3.7/site-packages/airflow/example_dags/example_branch_datetime_operator.py
[2023-11-12T20:05:17.373+0000] {logging_mixin.py:120} INFO - [2023-11-12T20:05:17.373+0000] {dag.py:2585} INFO - Sync 3 DAGs
[2023-11-12T20:05:17.505+0000] {logging_mixin.py:120} INFO - [2023-11-12T20:05:17.505+0000] {dag.py:3340} INFO - Setting next_dagrun for example_branch_datetime_operator to 2023-11-11T00:00:00+00:00, run_after=2023-11-12T00:00:00+00:00
[2023-11-12T20:05:17.541+0000] {logging_mixin.py:120} INFO - [2023-11-12T20:05:17.541+0000] {dag.py:3340} INFO - Setting next_dagrun for example_branch_datetime_operator_2 to 2023-11-11T00:00:00+00:00, run_after=2023-11-12T00:00:00+00:00
[2023-11-12T20:05:17.567+0000] {logging_mixin.py:120} INFO - [2023-11-12T20:05:17.567+0000] {dag.py:3340} INFO - Setting next_dagrun for example_branch_datetime_operator_3 to 2023-11-11T00:00:00+00:00, run_after=2023-11-12T00:00:00+00:00
[2023-11-12T20:05:17.649+0000] {processor.py:176} INFO - Processing /home/airflow/.local/lib/python3.7/site-packages/airflow/example_dags/example_branch_datetime_operator.py took 0.632 seconds
[2023-11-12T20:05:47.888+0000] {processor.py:154} INFO - Started process (PID=870) to work on /home/airflow/.local/lib/python3.7/site-packages/airflow/example_dags/example_branch_datetime_operator.py
[2023-11-12T20:05:47.889+0000] {processor.py:756} INFO - Processing file /home/airflow/.local/lib/python3.7/site-packages/airflow/example_dags/example_branch_datetime_operator.py for tasks to queue
[2023-11-12T20:05:47.899+0000] {logging_mixin.py:120} INFO - [2023-11-12T20:05:47.899+0000] {dagbag.py:537} INFO - Filling up the DagBag from /home/airflow/.local/lib/python3.7/site-packages/airflow/example_dags/example_branch_datetime_operator.py
[2023-11-12T20:05:47.943+0000] {processor.py:766} INFO - DAG(s) dict_keys(['example_branch_datetime_operator', 'example_branch_datetime_operator_2', 'example_branch_datetime_operator_3']) retrieved from /home/airflow/.local/lib/python3.7/site-packages/airflow/example_dags/example_branch_datetime_operator.py
[2023-11-12T20:05:48.002+0000] {logging_mixin.py:120} INFO - [2023-11-12T20:05:48.002+0000] {dag.py:2585} INFO - Sync 3 DAGs
[2023-11-12T20:05:48.036+0000] {logging_mixin.py:120} INFO - [2023-11-12T20:05:48.035+0000] {dag.py:3340} INFO - Setting next_dagrun for example_branch_datetime_operator to 2023-11-11T00:00:00+00:00, run_after=2023-11-12T00:00:00+00:00
[2023-11-12T20:05:48.045+0000] {logging_mixin.py:120} INFO - [2023-11-12T20:05:48.045+0000] {dag.py:3340} INFO - Setting next_dagrun for example_branch_datetime_operator_2 to 2023-11-11T00:00:00+00:00, run_after=2023-11-12T00:00:00+00:00
[2023-11-12T20:05:48.048+0000] {logging_mixin.py:120} INFO - [2023-11-12T20:05:48.048+0000] {dag.py:3340} INFO - Setting next_dagrun for example_branch_datetime_operator_3 to 2023-11-11T00:00:00+00:00, run_after=2023-11-12T00:00:00+00:00
[2023-11-12T20:05:48.074+0000] {processor.py:176} INFO - Processing /home/airflow/.local/lib/python3.7/site-packages/airflow/example_dags/example_branch_datetime_operator.py took 0.189 seconds
[2023-11-12T20:06:18.306+0000] {processor.py:154} INFO - Started process (PID=923) to work on /home/airflow/.local/lib/python3.7/site-packages/airflow/example_dags/example_branch_datetime_operator.py
[2023-11-12T20:06:18.307+0000] {processor.py:756} INFO - Processing file /home/airflow/.local/lib/python3.7/site-packages/airflow/example_dags/example_branch_datetime_operator.py for tasks to queue
[2023-11-12T20:06:18.307+0000] {logging_mixin.py:120} INFO - [2023-11-12T20:06:18.307+0000] {dagbag.py:537} INFO - Filling up the DagBag from /home/airflow/.local/lib/python3.7/site-packages/airflow/example_dags/example_branch_datetime_operator.py
[2023-11-12T20:06:18.329+0000] {processor.py:766} INFO - DAG(s) dict_keys(['example_branch_datetime_operator_3', 'example_branch_datetime_operator', 'example_branch_datetime_operator_2']) retrieved from /home/airflow/.local/lib/python3.7/site-packages/airflow/example_dags/example_branch_datetime_operator.py
[2023-11-12T20:06:18.385+0000] {logging_mixin.py:120} INFO - [2023-11-12T20:06:18.384+0000] {dag.py:2585} INFO - Sync 3 DAGs
[2023-11-12T20:06:18.435+0000] {logging_mixin.py:120} INFO - [2023-11-12T20:06:18.435+0000] {dag.py:3340} INFO - Setting next_dagrun for example_branch_datetime_operator to 2023-11-11T00:00:00+00:00, run_after=2023-11-12T00:00:00+00:00
[2023-11-12T20:06:18.451+0000] {logging_mixin.py:120} INFO - [2023-11-12T20:06:18.451+0000] {dag.py:3340} INFO - Setting next_dagrun for example_branch_datetime_operator_2 to 2023-11-11T00:00:00+00:00, run_after=2023-11-12T00:00:00+00:00
[2023-11-12T20:06:18.455+0000] {logging_mixin.py:120} INFO - [2023-11-12T20:06:18.455+0000] {dag.py:3340} INFO - Setting next_dagrun for example_branch_datetime_operator_3 to 2023-11-11T00:00:00+00:00, run_after=2023-11-12T00:00:00+00:00
[2023-11-12T20:06:18.499+0000] {processor.py:176} INFO - Processing /home/airflow/.local/lib/python3.7/site-packages/airflow/example_dags/example_branch_datetime_operator.py took 0.196 seconds
[2023-11-12T20:06:49.381+0000] {processor.py:154} INFO - Started process (PID=986) to work on /home/airflow/.local/lib/python3.7/site-packages/airflow/example_dags/example_branch_datetime_operator.py
[2023-11-12T20:06:49.382+0000] {processor.py:756} INFO - Processing file /home/airflow/.local/lib/python3.7/site-packages/airflow/example_dags/example_branch_datetime_operator.py for tasks to queue
[2023-11-12T20:06:49.383+0000] {logging_mixin.py:120} INFO - [2023-11-12T20:06:49.382+0000] {dagbag.py:537} INFO - Filling up the DagBag from /home/airflow/.local/lib/python3.7/site-packages/airflow/example_dags/example_branch_datetime_operator.py
[2023-11-12T20:06:49.419+0000] {processor.py:766} INFO - DAG(s) dict_keys(['example_branch_datetime_operator', 'example_branch_datetime_operator_2', 'example_branch_datetime_operator_3']) retrieved from /home/airflow/.local/lib/python3.7/site-packages/airflow/example_dags/example_branch_datetime_operator.py
[2023-11-12T20:06:49.519+0000] {logging_mixin.py:120} INFO - [2023-11-12T20:06:49.518+0000] {dag.py:2585} INFO - Sync 3 DAGs
[2023-11-12T20:06:49.552+0000] {logging_mixin.py:120} INFO - [2023-11-12T20:06:49.552+0000] {dag.py:3340} INFO - Setting next_dagrun for example_branch_datetime_operator to 2023-11-11T00:00:00+00:00, run_after=2023-11-12T00:00:00+00:00
[2023-11-12T20:06:49.558+0000] {logging_mixin.py:120} INFO - [2023-11-12T20:06:49.558+0000] {dag.py:3340} INFO - Setting next_dagrun for example_branch_datetime_operator_2 to 2023-11-11T00:00:00+00:00, run_after=2023-11-12T00:00:00+00:00
[2023-11-12T20:06:49.561+0000] {logging_mixin.py:120} INFO - [2023-11-12T20:06:49.561+0000] {dag.py:3340} INFO - Setting next_dagrun for example_branch_datetime_operator_3 to 2023-11-11T00:00:00+00:00, run_after=2023-11-12T00:00:00+00:00
[2023-11-12T20:06:49.585+0000] {processor.py:176} INFO - Processing /home/airflow/.local/lib/python3.7/site-packages/airflow/example_dags/example_branch_datetime_operator.py took 0.210 seconds
[2023-11-12T20:07:19.686+0000] {processor.py:154} INFO - Started process (PID=1047) to work on /home/airflow/.local/lib/python3.7/site-packages/airflow/example_dags/example_branch_datetime_operator.py
[2023-11-12T20:07:19.687+0000] {processor.py:756} INFO - Processing file /home/airflow/.local/lib/python3.7/site-packages/airflow/example_dags/example_branch_datetime_operator.py for tasks to queue
[2023-11-12T20:07:19.688+0000] {logging_mixin.py:120} INFO - [2023-11-12T20:07:19.688+0000] {dagbag.py:537} INFO - Filling up the DagBag from /home/airflow/.local/lib/python3.7/site-packages/airflow/example_dags/example_branch_datetime_operator.py
[2023-11-12T20:07:19.746+0000] {processor.py:766} INFO - DAG(s) dict_keys(['example_branch_datetime_operator_2', 'example_branch_datetime_operator', 'example_branch_datetime_operator_3']) retrieved from /home/airflow/.local/lib/python3.7/site-packages/airflow/example_dags/example_branch_datetime_operator.py
[2023-11-12T20:07:19.905+0000] {logging_mixin.py:120} INFO - [2023-11-12T20:07:19.905+0000] {dag.py:2585} INFO - Sync 3 DAGs
[2023-11-12T20:07:19.981+0000] {logging_mixin.py:120} INFO - [2023-11-12T20:07:19.981+0000] {dag.py:3340} INFO - Setting next_dagrun for example_branch_datetime_operator to 2023-11-11T00:00:00+00:00, run_after=2023-11-12T00:00:00+00:00
[2023-11-12T20:07:20.010+0000] {logging_mixin.py:120} INFO - [2023-11-12T20:07:20.010+0000] {dag.py:3340} INFO - Setting next_dagrun for example_branch_datetime_operator_2 to 2023-11-11T00:00:00+00:00, run_after=2023-11-12T00:00:00+00:00
[2023-11-12T20:07:20.024+0000] {logging_mixin.py:120} INFO - [2023-11-12T20:07:20.023+0000] {dag.py:3340} INFO - Setting next_dagrun for example_branch_datetime_operator_3 to 2023-11-11T00:00:00+00:00, run_after=2023-11-12T00:00:00+00:00
[2023-11-12T20:07:20.100+0000] {processor.py:176} INFO - Processing /home/airflow/.local/lib/python3.7/site-packages/airflow/example_dags/example_branch_datetime_operator.py took 0.425 seconds
[2023-11-12T20:07:50.776+0000] {processor.py:154} INFO - Started process (PID=1101) to work on /home/airflow/.local/lib/python3.7/site-packages/airflow/example_dags/example_branch_datetime_operator.py
[2023-11-12T20:07:50.778+0000] {processor.py:756} INFO - Processing file /home/airflow/.local/lib/python3.7/site-packages/airflow/example_dags/example_branch_datetime_operator.py for tasks to queue
[2023-11-12T20:07:50.778+0000] {logging_mixin.py:120} INFO - [2023-11-12T20:07:50.778+0000] {dagbag.py:537} INFO - Filling up the DagBag from /home/airflow/.local/lib/python3.7/site-packages/airflow/example_dags/example_branch_datetime_operator.py
[2023-11-12T20:07:50.802+0000] {processor.py:766} INFO - DAG(s) dict_keys(['example_branch_datetime_operator_2', 'example_branch_datetime_operator_3', 'example_branch_datetime_operator']) retrieved from /home/airflow/.local/lib/python3.7/site-packages/airflow/example_dags/example_branch_datetime_operator.py
[2023-11-12T20:07:50.859+0000] {logging_mixin.py:120} INFO - [2023-11-12T20:07:50.859+0000] {dag.py:2585} INFO - Sync 3 DAGs
[2023-11-12T20:07:50.913+0000] {logging_mixin.py:120} INFO - [2023-11-12T20:07:50.913+0000] {dag.py:3340} INFO - Setting next_dagrun for example_branch_datetime_operator to 2023-11-11T00:00:00+00:00, run_after=2023-11-12T00:00:00+00:00
[2023-11-12T20:07:50.923+0000] {logging_mixin.py:120} INFO - [2023-11-12T20:07:50.922+0000] {dag.py:3340} INFO - Setting next_dagrun for example_branch_datetime_operator_2 to 2023-11-11T00:00:00+00:00, run_after=2023-11-12T00:00:00+00:00
[2023-11-12T20:07:50.927+0000] {logging_mixin.py:120} INFO - [2023-11-12T20:07:50.927+0000] {dag.py:3340} INFO - Setting next_dagrun for example_branch_datetime_operator_3 to 2023-11-11T00:00:00+00:00, run_after=2023-11-12T00:00:00+00:00
[2023-11-12T20:07:50.962+0000] {processor.py:176} INFO - Processing /home/airflow/.local/lib/python3.7/site-packages/airflow/example_dags/example_branch_datetime_operator.py took 0.189 seconds
[2023-11-12T20:08:21.801+0000] {processor.py:154} INFO - Started process (PID=1163) to work on /home/airflow/.local/lib/python3.7/site-packages/airflow/example_dags/example_branch_datetime_operator.py
[2023-11-12T20:08:21.816+0000] {processor.py:756} INFO - Processing file /home/airflow/.local/lib/python3.7/site-packages/airflow/example_dags/example_branch_datetime_operator.py for tasks to queue
[2023-11-12T20:08:21.817+0000] {logging_mixin.py:120} INFO - [2023-11-12T20:08:21.817+0000] {dagbag.py:537} INFO - Filling up the DagBag from /home/airflow/.local/lib/python3.7/site-packages/airflow/example_dags/example_branch_datetime_operator.py
[2023-11-12T20:08:21.887+0000] {processor.py:766} INFO - DAG(s) dict_keys(['example_branch_datetime_operator', 'example_branch_datetime_operator_2', 'example_branch_datetime_operator_3']) retrieved from /home/airflow/.local/lib/python3.7/site-packages/airflow/example_dags/example_branch_datetime_operator.py
[2023-11-12T20:08:22.170+0000] {logging_mixin.py:120} INFO - [2023-11-12T20:08:22.170+0000] {dag.py:2585} INFO - Sync 3 DAGs
[2023-11-12T20:08:22.277+0000] {logging_mixin.py:120} INFO - [2023-11-12T20:08:22.277+0000] {dag.py:3340} INFO - Setting next_dagrun for example_branch_datetime_operator to 2023-11-11T00:00:00+00:00, run_after=2023-11-12T00:00:00+00:00
[2023-11-12T20:08:22.305+0000] {logging_mixin.py:120} INFO - [2023-11-12T20:08:22.305+0000] {dag.py:3340} INFO - Setting next_dagrun for example_branch_datetime_operator_2 to 2023-11-11T00:00:00+00:00, run_after=2023-11-12T00:00:00+00:00
[2023-11-12T20:08:22.311+0000] {logging_mixin.py:120} INFO - [2023-11-12T20:08:22.311+0000] {dag.py:3340} INFO - Setting next_dagrun for example_branch_datetime_operator_3 to 2023-11-11T00:00:00+00:00, run_after=2023-11-12T00:00:00+00:00
[2023-11-12T20:08:22.385+0000] {processor.py:176} INFO - Processing /home/airflow/.local/lib/python3.7/site-packages/airflow/example_dags/example_branch_datetime_operator.py took 0.587 seconds
[2023-11-12T20:08:53.626+0000] {processor.py:154} INFO - Started process (PID=1217) to work on /home/airflow/.local/lib/python3.7/site-packages/airflow/example_dags/example_branch_datetime_operator.py
[2023-11-12T20:08:53.627+0000] {processor.py:756} INFO - Processing file /home/airflow/.local/lib/python3.7/site-packages/airflow/example_dags/example_branch_datetime_operator.py for tasks to queue
[2023-11-12T20:08:53.627+0000] {logging_mixin.py:120} INFO - [2023-11-12T20:08:53.627+0000] {dagbag.py:537} INFO - Filling up the DagBag from /home/airflow/.local/lib/python3.7/site-packages/airflow/example_dags/example_branch_datetime_operator.py
[2023-11-12T20:08:53.667+0000] {processor.py:766} INFO - DAG(s) dict_keys(['example_branch_datetime_operator_3', 'example_branch_datetime_operator_2', 'example_branch_datetime_operator']) retrieved from /home/airflow/.local/lib/python3.7/site-packages/airflow/example_dags/example_branch_datetime_operator.py
[2023-11-12T20:08:53.733+0000] {logging_mixin.py:120} INFO - [2023-11-12T20:08:53.732+0000] {dag.py:2585} INFO - Sync 3 DAGs
[2023-11-12T20:08:53.765+0000] {logging_mixin.py:120} INFO - [2023-11-12T20:08:53.765+0000] {dag.py:3340} INFO - Setting next_dagrun for example_branch_datetime_operator to 2023-11-11T00:00:00+00:00, run_after=2023-11-12T00:00:00+00:00
[2023-11-12T20:08:53.771+0000] {logging_mixin.py:120} INFO - [2023-11-12T20:08:53.771+0000] {dag.py:3340} INFO - Setting next_dagrun for example_branch_datetime_operator_2 to 2023-11-11T00:00:00+00:00, run_after=2023-11-12T00:00:00+00:00
[2023-11-12T20:08:53.774+0000] {logging_mixin.py:120} INFO - [2023-11-12T20:08:53.774+0000] {dag.py:3340} INFO - Setting next_dagrun for example_branch_datetime_operator_3 to 2023-11-11T00:00:00+00:00, run_after=2023-11-12T00:00:00+00:00
[2023-11-12T20:08:53.799+0000] {processor.py:176} INFO - Processing /home/airflow/.local/lib/python3.7/site-packages/airflow/example_dags/example_branch_datetime_operator.py took 0.176 seconds
[2023-11-12T20:09:24.694+0000] {processor.py:154} INFO - Started process (PID=1271) to work on /home/airflow/.local/lib/python3.7/site-packages/airflow/example_dags/example_branch_datetime_operator.py
[2023-11-12T20:09:24.695+0000] {processor.py:756} INFO - Processing file /home/airflow/.local/lib/python3.7/site-packages/airflow/example_dags/example_branch_datetime_operator.py for tasks to queue
[2023-11-12T20:09:24.696+0000] {logging_mixin.py:120} INFO - [2023-11-12T20:09:24.696+0000] {dagbag.py:537} INFO - Filling up the DagBag from /home/airflow/.local/lib/python3.7/site-packages/airflow/example_dags/example_branch_datetime_operator.py
[2023-11-12T20:09:24.717+0000] {processor.py:766} INFO - DAG(s) dict_keys(['example_branch_datetime_operator_2', 'example_branch_datetime_operator_3', 'example_branch_datetime_operator']) retrieved from /home/airflow/.local/lib/python3.7/site-packages/airflow/example_dags/example_branch_datetime_operator.py
[2023-11-12T20:09:24.783+0000] {logging_mixin.py:120} INFO - [2023-11-12T20:09:24.783+0000] {dag.py:2585} INFO - Sync 3 DAGs
[2023-11-12T20:09:24.867+0000] {logging_mixin.py:120} INFO - [2023-11-12T20:09:24.867+0000] {dag.py:3340} INFO - Setting next_dagrun for example_branch_datetime_operator to 2023-11-11T00:00:00+00:00, run_after=2023-11-12T00:00:00+00:00
[2023-11-12T20:09:24.879+0000] {logging_mixin.py:120} INFO - [2023-11-12T20:09:24.879+0000] {dag.py:3340} INFO - Setting next_dagrun for example_branch_datetime_operator_2 to 2023-11-11T00:00:00+00:00, run_after=2023-11-12T00:00:00+00:00
[2023-11-12T20:09:24.883+0000] {logging_mixin.py:120} INFO - [2023-11-12T20:09:24.883+0000] {dag.py:3340} INFO - Setting next_dagrun for example_branch_datetime_operator_3 to 2023-11-11T00:00:00+00:00, run_after=2023-11-12T00:00:00+00:00
[2023-11-12T20:09:24.908+0000] {processor.py:176} INFO - Processing /home/airflow/.local/lib/python3.7/site-packages/airflow/example_dags/example_branch_datetime_operator.py took 0.218 seconds
[2023-11-12T20:09:55.590+0000] {processor.py:154} INFO - Started process (PID=1332) to work on /home/airflow/.local/lib/python3.7/site-packages/airflow/example_dags/example_branch_datetime_operator.py
[2023-11-12T20:09:55.591+0000] {processor.py:756} INFO - Processing file /home/airflow/.local/lib/python3.7/site-packages/airflow/example_dags/example_branch_datetime_operator.py for tasks to queue
[2023-11-12T20:09:55.591+0000] {logging_mixin.py:120} INFO - [2023-11-12T20:09:55.591+0000] {dagbag.py:537} INFO - Filling up the DagBag from /home/airflow/.local/lib/python3.7/site-packages/airflow/example_dags/example_branch_datetime_operator.py
[2023-11-12T20:09:55.614+0000] {processor.py:766} INFO - DAG(s) dict_keys(['example_branch_datetime_operator', 'example_branch_datetime_operator_2', 'example_branch_datetime_operator_3']) retrieved from /home/airflow/.local/lib/python3.7/site-packages/airflow/example_dags/example_branch_datetime_operator.py
[2023-11-12T20:09:55.669+0000] {logging_mixin.py:120} INFO - [2023-11-12T20:09:55.669+0000] {dag.py:2585} INFO - Sync 3 DAGs
[2023-11-12T20:09:55.703+0000] {logging_mixin.py:120} INFO - [2023-11-12T20:09:55.703+0000] {dag.py:3340} INFO - Setting next_dagrun for example_branch_datetime_operator to 2023-11-11T00:00:00+00:00, run_after=2023-11-12T00:00:00+00:00
[2023-11-12T20:09:55.708+0000] {logging_mixin.py:120} INFO - [2023-11-12T20:09:55.708+0000] {dag.py:3340} INFO - Setting next_dagrun for example_branch_datetime_operator_2 to 2023-11-11T00:00:00+00:00, run_after=2023-11-12T00:00:00+00:00
[2023-11-12T20:09:55.718+0000] {logging_mixin.py:120} INFO - [2023-11-12T20:09:55.718+0000] {dag.py:3340} INFO - Setting next_dagrun for example_branch_datetime_operator_3 to 2023-11-11T00:00:00+00:00, run_after=2023-11-12T00:00:00+00:00
[2023-11-12T20:09:55.769+0000] {processor.py:176} INFO - Processing /home/airflow/.local/lib/python3.7/site-packages/airflow/example_dags/example_branch_datetime_operator.py took 0.182 seconds
[2023-11-12T20:10:25.945+0000] {processor.py:154} INFO - Started process (PID=1383) to work on /home/airflow/.local/lib/python3.7/site-packages/airflow/example_dags/example_branch_datetime_operator.py
[2023-11-12T20:10:25.946+0000] {processor.py:756} INFO - Processing file /home/airflow/.local/lib/python3.7/site-packages/airflow/example_dags/example_branch_datetime_operator.py for tasks to queue
[2023-11-12T20:10:25.947+0000] {logging_mixin.py:120} INFO - [2023-11-12T20:10:25.947+0000] {dagbag.py:537} INFO - Filling up the DagBag from /home/airflow/.local/lib/python3.7/site-packages/airflow/example_dags/example_branch_datetime_operator.py
[2023-11-12T20:10:25.978+0000] {processor.py:766} INFO - DAG(s) dict_keys(['example_branch_datetime_operator_3', 'example_branch_datetime_operator_2', 'example_branch_datetime_operator']) retrieved from /home/airflow/.local/lib/python3.7/site-packages/airflow/example_dags/example_branch_datetime_operator.py
[2023-11-12T20:10:26.040+0000] {logging_mixin.py:120} INFO - [2023-11-12T20:10:26.040+0000] {dag.py:2585} INFO - Sync 3 DAGs
[2023-11-12T20:10:26.111+0000] {logging_mixin.py:120} INFO - [2023-11-12T20:10:26.111+0000] {dag.py:3340} INFO - Setting next_dagrun for example_branch_datetime_operator to 2023-11-11T00:00:00+00:00, run_after=2023-11-12T00:00:00+00:00
[2023-11-12T20:10:26.144+0000] {logging_mixin.py:120} INFO - [2023-11-12T20:10:26.144+0000] {dag.py:3340} INFO - Setting next_dagrun for example_branch_datetime_operator_2 to 2023-11-11T00:00:00+00:00, run_after=2023-11-12T00:00:00+00:00
[2023-11-12T20:10:26.152+0000] {logging_mixin.py:120} INFO - [2023-11-12T20:10:26.152+0000] {dag.py:3340} INFO - Setting next_dagrun for example_branch_datetime_operator_3 to 2023-11-11T00:00:00+00:00, run_after=2023-11-12T00:00:00+00:00
[2023-11-12T20:10:26.233+0000] {processor.py:176} INFO - Processing /home/airflow/.local/lib/python3.7/site-packages/airflow/example_dags/example_branch_datetime_operator.py took 0.291 seconds
[2023-11-12T20:10:56.779+0000] {processor.py:154} INFO - Started process (PID=1438) to work on /home/airflow/.local/lib/python3.7/site-packages/airflow/example_dags/example_branch_datetime_operator.py
[2023-11-12T20:10:56.788+0000] {processor.py:756} INFO - Processing file /home/airflow/.local/lib/python3.7/site-packages/airflow/example_dags/example_branch_datetime_operator.py for tasks to queue
[2023-11-12T20:10:56.789+0000] {logging_mixin.py:120} INFO - [2023-11-12T20:10:56.789+0000] {dagbag.py:537} INFO - Filling up the DagBag from /home/airflow/.local/lib/python3.7/site-packages/airflow/example_dags/example_branch_datetime_operator.py
[2023-11-12T20:10:56.845+0000] {processor.py:766} INFO - DAG(s) dict_keys(['example_branch_datetime_operator_3', 'example_branch_datetime_operator', 'example_branch_datetime_operator_2']) retrieved from /home/airflow/.local/lib/python3.7/site-packages/airflow/example_dags/example_branch_datetime_operator.py
[2023-11-12T20:10:56.969+0000] {logging_mixin.py:120} INFO - [2023-11-12T20:10:56.969+0000] {dag.py:2585} INFO - Sync 3 DAGs
[2023-11-12T20:10:57.056+0000] {logging_mixin.py:120} INFO - [2023-11-12T20:10:57.056+0000] {dag.py:3340} INFO - Setting next_dagrun for example_branch_datetime_operator to 2023-11-11T00:00:00+00:00, run_after=2023-11-12T00:00:00+00:00
[2023-11-12T20:10:57.065+0000] {logging_mixin.py:120} INFO - [2023-11-12T20:10:57.065+0000] {dag.py:3340} INFO - Setting next_dagrun for example_branch_datetime_operator_2 to 2023-11-11T00:00:00+00:00, run_after=2023-11-12T00:00:00+00:00
[2023-11-12T20:10:57.069+0000] {logging_mixin.py:120} INFO - [2023-11-12T20:10:57.069+0000] {dag.py:3340} INFO - Setting next_dagrun for example_branch_datetime_operator_3 to 2023-11-11T00:00:00+00:00, run_after=2023-11-12T00:00:00+00:00
[2023-11-12T20:10:57.099+0000] {processor.py:176} INFO - Processing /home/airflow/.local/lib/python3.7/site-packages/airflow/example_dags/example_branch_datetime_operator.py took 0.324 seconds
[2023-11-12T20:11:27.184+0000] {processor.py:154} INFO - Started process (PID=1499) to work on /home/airflow/.local/lib/python3.7/site-packages/airflow/example_dags/example_branch_datetime_operator.py
[2023-11-12T20:11:27.184+0000] {processor.py:756} INFO - Processing file /home/airflow/.local/lib/python3.7/site-packages/airflow/example_dags/example_branch_datetime_operator.py for tasks to queue
[2023-11-12T20:11:27.185+0000] {logging_mixin.py:120} INFO - [2023-11-12T20:11:27.185+0000] {dagbag.py:537} INFO - Filling up the DagBag from /home/airflow/.local/lib/python3.7/site-packages/airflow/example_dags/example_branch_datetime_operator.py
[2023-11-12T20:11:27.220+0000] {processor.py:766} INFO - DAG(s) dict_keys(['example_branch_datetime_operator', 'example_branch_datetime_operator_2', 'example_branch_datetime_operator_3']) retrieved from /home/airflow/.local/lib/python3.7/site-packages/airflow/example_dags/example_branch_datetime_operator.py
[2023-11-12T20:11:27.260+0000] {logging_mixin.py:120} INFO - [2023-11-12T20:11:27.260+0000] {dag.py:2585} INFO - Sync 3 DAGs
[2023-11-12T20:11:27.283+0000] {logging_mixin.py:120} INFO - [2023-11-12T20:11:27.283+0000] {dag.py:3340} INFO - Setting next_dagrun for example_branch_datetime_operator to 2023-11-11T00:00:00+00:00, run_after=2023-11-12T00:00:00+00:00
[2023-11-12T20:11:27.287+0000] {logging_mixin.py:120} INFO - [2023-11-12T20:11:27.287+0000] {dag.py:3340} INFO - Setting next_dagrun for example_branch_datetime_operator_2 to 2023-11-11T00:00:00+00:00, run_after=2023-11-12T00:00:00+00:00
[2023-11-12T20:11:27.289+0000] {logging_mixin.py:120} INFO - [2023-11-12T20:11:27.289+0000] {dag.py:3340} INFO - Setting next_dagrun for example_branch_datetime_operator_3 to 2023-11-11T00:00:00+00:00, run_after=2023-11-12T00:00:00+00:00
[2023-11-12T20:11:27.313+0000] {processor.py:176} INFO - Processing /home/airflow/.local/lib/python3.7/site-packages/airflow/example_dags/example_branch_datetime_operator.py took 0.134 seconds
[2023-11-12T20:11:57.800+0000] {processor.py:154} INFO - Started process (PID=1552) to work on /home/airflow/.local/lib/python3.7/site-packages/airflow/example_dags/example_branch_datetime_operator.py
[2023-11-12T20:11:57.809+0000] {processor.py:756} INFO - Processing file /home/airflow/.local/lib/python3.7/site-packages/airflow/example_dags/example_branch_datetime_operator.py for tasks to queue
[2023-11-12T20:11:57.810+0000] {logging_mixin.py:120} INFO - [2023-11-12T20:11:57.810+0000] {dagbag.py:537} INFO - Filling up the DagBag from /home/airflow/.local/lib/python3.7/site-packages/airflow/example_dags/example_branch_datetime_operator.py
[2023-11-12T20:11:57.849+0000] {processor.py:766} INFO - DAG(s) dict_keys(['example_branch_datetime_operator_3', 'example_branch_datetime_operator_2', 'example_branch_datetime_operator']) retrieved from /home/airflow/.local/lib/python3.7/site-packages/airflow/example_dags/example_branch_datetime_operator.py
[2023-11-12T20:11:57.937+0000] {logging_mixin.py:120} INFO - [2023-11-12T20:11:57.936+0000] {dag.py:2585} INFO - Sync 3 DAGs
[2023-11-12T20:11:57.979+0000] {logging_mixin.py:120} INFO - [2023-11-12T20:11:57.979+0000] {dag.py:3340} INFO - Setting next_dagrun for example_branch_datetime_operator to 2023-11-11T00:00:00+00:00, run_after=2023-11-12T00:00:00+00:00
[2023-11-12T20:11:57.987+0000] {logging_mixin.py:120} INFO - [2023-11-12T20:11:57.987+0000] {dag.py:3340} INFO - Setting next_dagrun for example_branch_datetime_operator_2 to 2023-11-11T00:00:00+00:00, run_after=2023-11-12T00:00:00+00:00
[2023-11-12T20:11:58.007+0000] {logging_mixin.py:120} INFO - [2023-11-12T20:11:58.007+0000] {dag.py:3340} INFO - Setting next_dagrun for example_branch_datetime_operator_3 to 2023-11-11T00:00:00+00:00, run_after=2023-11-12T00:00:00+00:00
[2023-11-12T20:11:58.059+0000] {processor.py:176} INFO - Processing /home/airflow/.local/lib/python3.7/site-packages/airflow/example_dags/example_branch_datetime_operator.py took 0.268 seconds
[2023-11-12T20:12:28.661+0000] {processor.py:154} INFO - Started process (PID=1615) to work on /home/airflow/.local/lib/python3.7/site-packages/airflow/example_dags/example_branch_datetime_operator.py
[2023-11-12T20:12:28.662+0000] {processor.py:756} INFO - Processing file /home/airflow/.local/lib/python3.7/site-packages/airflow/example_dags/example_branch_datetime_operator.py for tasks to queue
[2023-11-12T20:12:28.663+0000] {logging_mixin.py:120} INFO - [2023-11-12T20:12:28.663+0000] {dagbag.py:537} INFO - Filling up the DagBag from /home/airflow/.local/lib/python3.7/site-packages/airflow/example_dags/example_branch_datetime_operator.py
[2023-11-12T20:12:28.720+0000] {processor.py:766} INFO - DAG(s) dict_keys(['example_branch_datetime_operator_3', 'example_branch_datetime_operator_2', 'example_branch_datetime_operator']) retrieved from /home/airflow/.local/lib/python3.7/site-packages/airflow/example_dags/example_branch_datetime_operator.py
[2023-11-12T20:12:28.778+0000] {logging_mixin.py:120} INFO - [2023-11-12T20:12:28.777+0000] {dag.py:2585} INFO - Sync 3 DAGs
[2023-11-12T20:12:28.815+0000] {logging_mixin.py:120} INFO - [2023-11-12T20:12:28.815+0000] {dag.py:3340} INFO - Setting next_dagrun for example_branch_datetime_operator to 2023-11-11T00:00:00+00:00, run_after=2023-11-12T00:00:00+00:00
[2023-11-12T20:12:28.821+0000] {logging_mixin.py:120} INFO - [2023-11-12T20:12:28.821+0000] {dag.py:3340} INFO - Setting next_dagrun for example_branch_datetime_operator_2 to 2023-11-11T00:00:00+00:00, run_after=2023-11-12T00:00:00+00:00
[2023-11-12T20:12:28.825+0000] {logging_mixin.py:120} INFO - [2023-11-12T20:12:28.825+0000] {dag.py:3340} INFO - Setting next_dagrun for example_branch_datetime_operator_3 to 2023-11-11T00:00:00+00:00, run_after=2023-11-12T00:00:00+00:00
[2023-11-12T20:12:28.855+0000] {processor.py:176} INFO - Processing /home/airflow/.local/lib/python3.7/site-packages/airflow/example_dags/example_branch_datetime_operator.py took 0.208 seconds
[2023-11-12T20:12:59.975+0000] {processor.py:154} INFO - Started process (PID=1676) to work on /home/airflow/.local/lib/python3.7/site-packages/airflow/example_dags/example_branch_datetime_operator.py
[2023-11-12T20:12:59.976+0000] {processor.py:756} INFO - Processing file /home/airflow/.local/lib/python3.7/site-packages/airflow/example_dags/example_branch_datetime_operator.py for tasks to queue
[2023-11-12T20:12:59.977+0000] {logging_mixin.py:120} INFO - [2023-11-12T20:12:59.977+0000] {dagbag.py:537} INFO - Filling up the DagBag from /home/airflow/.local/lib/python3.7/site-packages/airflow/example_dags/example_branch_datetime_operator.py
[2023-11-12T20:13:00.033+0000] {processor.py:766} INFO - DAG(s) dict_keys(['example_branch_datetime_operator_3', 'example_branch_datetime_operator_2', 'example_branch_datetime_operator']) retrieved from /home/airflow/.local/lib/python3.7/site-packages/airflow/example_dags/example_branch_datetime_operator.py
[2023-11-12T20:13:00.180+0000] {logging_mixin.py:120} INFO - [2023-11-12T20:13:00.180+0000] {dag.py:2585} INFO - Sync 3 DAGs
[2023-11-12T20:13:00.251+0000] {logging_mixin.py:120} INFO - [2023-11-12T20:13:00.251+0000] {dag.py:3340} INFO - Setting next_dagrun for example_branch_datetime_operator to 2023-11-11T00:00:00+00:00, run_after=2023-11-12T00:00:00+00:00
[2023-11-12T20:13:00.263+0000] {logging_mixin.py:120} INFO - [2023-11-12T20:13:00.263+0000] {dag.py:3340} INFO - Setting next_dagrun for example_branch_datetime_operator_2 to 2023-11-11T00:00:00+00:00, run_after=2023-11-12T00:00:00+00:00
[2023-11-12T20:13:00.267+0000] {logging_mixin.py:120} INFO - [2023-11-12T20:13:00.266+0000] {dag.py:3340} INFO - Setting next_dagrun for example_branch_datetime_operator_3 to 2023-11-11T00:00:00+00:00, run_after=2023-11-12T00:00:00+00:00
[2023-11-12T20:13:00.304+0000] {processor.py:176} INFO - Processing /home/airflow/.local/lib/python3.7/site-packages/airflow/example_dags/example_branch_datetime_operator.py took 0.346 seconds
[2023-11-12T20:13:30.566+0000] {processor.py:154} INFO - Started process (PID=1731) to work on /home/airflow/.local/lib/python3.7/site-packages/airflow/example_dags/example_branch_datetime_operator.py
[2023-11-12T20:13:30.567+0000] {processor.py:756} INFO - Processing file /home/airflow/.local/lib/python3.7/site-packages/airflow/example_dags/example_branch_datetime_operator.py for tasks to queue
[2023-11-12T20:13:30.568+0000] {logging_mixin.py:120} INFO - [2023-11-12T20:13:30.567+0000] {dagbag.py:537} INFO - Filling up the DagBag from /home/airflow/.local/lib/python3.7/site-packages/airflow/example_dags/example_branch_datetime_operator.py
[2023-11-12T20:13:30.591+0000] {processor.py:766} INFO - DAG(s) dict_keys(['example_branch_datetime_operator', 'example_branch_datetime_operator_3', 'example_branch_datetime_operator_2']) retrieved from /home/airflow/.local/lib/python3.7/site-packages/airflow/example_dags/example_branch_datetime_operator.py
[2023-11-12T20:13:30.660+0000] {logging_mixin.py:120} INFO - [2023-11-12T20:13:30.660+0000] {dag.py:2585} INFO - Sync 3 DAGs
[2023-11-12T20:13:30.693+0000] {logging_mixin.py:120} INFO - [2023-11-12T20:13:30.693+0000] {dag.py:3340} INFO - Setting next_dagrun for example_branch_datetime_operator to 2023-11-11T00:00:00+00:00, run_after=2023-11-12T00:00:00+00:00
[2023-11-12T20:13:30.699+0000] {logging_mixin.py:120} INFO - [2023-11-12T20:13:30.699+0000] {dag.py:3340} INFO - Setting next_dagrun for example_branch_datetime_operator_2 to 2023-11-11T00:00:00+00:00, run_after=2023-11-12T00:00:00+00:00
[2023-11-12T20:13:30.702+0000] {logging_mixin.py:120} INFO - [2023-11-12T20:13:30.702+0000] {dag.py:3340} INFO - Setting next_dagrun for example_branch_datetime_operator_3 to 2023-11-11T00:00:00+00:00, run_after=2023-11-12T00:00:00+00:00
[2023-11-12T20:13:30.726+0000] {processor.py:176} INFO - Processing /home/airflow/.local/lib/python3.7/site-packages/airflow/example_dags/example_branch_datetime_operator.py took 0.163 seconds
[2023-11-12T20:14:01.728+0000] {processor.py:154} INFO - Started process (PID=1794) to work on /home/airflow/.local/lib/python3.7/site-packages/airflow/example_dags/example_branch_datetime_operator.py
[2023-11-12T20:14:01.730+0000] {processor.py:756} INFO - Processing file /home/airflow/.local/lib/python3.7/site-packages/airflow/example_dags/example_branch_datetime_operator.py for tasks to queue
[2023-11-12T20:14:01.733+0000] {logging_mixin.py:120} INFO - [2023-11-12T20:14:01.733+0000] {dagbag.py:537} INFO - Filling up the DagBag from /home/airflow/.local/lib/python3.7/site-packages/airflow/example_dags/example_branch_datetime_operator.py
[2023-11-12T20:14:01.799+0000] {processor.py:766} INFO - DAG(s) dict_keys(['example_branch_datetime_operator', 'example_branch_datetime_operator_2', 'example_branch_datetime_operator_3']) retrieved from /home/airflow/.local/lib/python3.7/site-packages/airflow/example_dags/example_branch_datetime_operator.py
[2023-11-12T20:14:01.974+0000] {logging_mixin.py:120} INFO - [2023-11-12T20:14:01.973+0000] {dag.py:2585} INFO - Sync 3 DAGs
[2023-11-12T20:14:02.095+0000] {logging_mixin.py:120} INFO - [2023-11-12T20:14:02.095+0000] {dag.py:3340} INFO - Setting next_dagrun for example_branch_datetime_operator to 2023-11-11T00:00:00+00:00, run_after=2023-11-12T00:00:00+00:00
[2023-11-12T20:14:02.129+0000] {logging_mixin.py:120} INFO - [2023-11-12T20:14:02.129+0000] {dag.py:3340} INFO - Setting next_dagrun for example_branch_datetime_operator_2 to 2023-11-11T00:00:00+00:00, run_after=2023-11-12T00:00:00+00:00
[2023-11-12T20:14:02.139+0000] {logging_mixin.py:120} INFO - [2023-11-12T20:14:02.139+0000] {dag.py:3340} INFO - Setting next_dagrun for example_branch_datetime_operator_3 to 2023-11-11T00:00:00+00:00, run_after=2023-11-12T00:00:00+00:00
[2023-11-12T20:14:02.200+0000] {processor.py:176} INFO - Processing /home/airflow/.local/lib/python3.7/site-packages/airflow/example_dags/example_branch_datetime_operator.py took 0.486 seconds
[2023-11-12T20:14:33.658+0000] {processor.py:154} INFO - Started process (PID=1849) to work on /home/airflow/.local/lib/python3.7/site-packages/airflow/example_dags/example_branch_datetime_operator.py
[2023-11-12T20:14:33.659+0000] {processor.py:756} INFO - Processing file /home/airflow/.local/lib/python3.7/site-packages/airflow/example_dags/example_branch_datetime_operator.py for tasks to queue
[2023-11-12T20:14:33.660+0000] {logging_mixin.py:120} INFO - [2023-11-12T20:14:33.660+0000] {dagbag.py:537} INFO - Filling up the DagBag from /home/airflow/.local/lib/python3.7/site-packages/airflow/example_dags/example_branch_datetime_operator.py
[2023-11-12T20:14:33.683+0000] {processor.py:766} INFO - DAG(s) dict_keys(['example_branch_datetime_operator_3', 'example_branch_datetime_operator_2', 'example_branch_datetime_operator']) retrieved from /home/airflow/.local/lib/python3.7/site-packages/airflow/example_dags/example_branch_datetime_operator.py
[2023-11-12T20:14:33.736+0000] {logging_mixin.py:120} INFO - [2023-11-12T20:14:33.736+0000] {dag.py:2585} INFO - Sync 3 DAGs
[2023-11-12T20:14:33.774+0000] {logging_mixin.py:120} INFO - [2023-11-12T20:14:33.773+0000] {dag.py:3340} INFO - Setting next_dagrun for example_branch_datetime_operator to 2023-11-11T00:00:00+00:00, run_after=2023-11-12T00:00:00+00:00
[2023-11-12T20:14:33.781+0000] {logging_mixin.py:120} INFO - [2023-11-12T20:14:33.781+0000] {dag.py:3340} INFO - Setting next_dagrun for example_branch_datetime_operator_2 to 2023-11-11T00:00:00+00:00, run_after=2023-11-12T00:00:00+00:00
[2023-11-12T20:14:33.785+0000] {logging_mixin.py:120} INFO - [2023-11-12T20:14:33.785+0000] {dag.py:3340} INFO - Setting next_dagrun for example_branch_datetime_operator_3 to 2023-11-11T00:00:00+00:00, run_after=2023-11-12T00:00:00+00:00
[2023-11-12T20:14:33.817+0000] {processor.py:176} INFO - Processing /home/airflow/.local/lib/python3.7/site-packages/airflow/example_dags/example_branch_datetime_operator.py took 0.163 seconds
[2023-11-12T20:15:04.482+0000] {processor.py:154} INFO - Started process (PID=1912) to work on /home/airflow/.local/lib/python3.7/site-packages/airflow/example_dags/example_branch_datetime_operator.py
[2023-11-12T20:15:04.487+0000] {processor.py:756} INFO - Processing file /home/airflow/.local/lib/python3.7/site-packages/airflow/example_dags/example_branch_datetime_operator.py for tasks to queue
[2023-11-12T20:15:04.489+0000] {logging_mixin.py:120} INFO - [2023-11-12T20:15:04.489+0000] {dagbag.py:537} INFO - Filling up the DagBag from /home/airflow/.local/lib/python3.7/site-packages/airflow/example_dags/example_branch_datetime_operator.py
[2023-11-12T20:15:04.525+0000] {processor.py:766} INFO - DAG(s) dict_keys(['example_branch_datetime_operator_3', 'example_branch_datetime_operator_2', 'example_branch_datetime_operator']) retrieved from /home/airflow/.local/lib/python3.7/site-packages/airflow/example_dags/example_branch_datetime_operator.py
[2023-11-12T20:15:04.633+0000] {logging_mixin.py:120} INFO - [2023-11-12T20:15:04.632+0000] {dag.py:2585} INFO - Sync 3 DAGs
[2023-11-12T20:15:04.667+0000] {logging_mixin.py:120} INFO - [2023-11-12T20:15:04.667+0000] {dag.py:3340} INFO - Setting next_dagrun for example_branch_datetime_operator to 2023-11-11T00:00:00+00:00, run_after=2023-11-12T00:00:00+00:00
[2023-11-12T20:15:04.673+0000] {logging_mixin.py:120} INFO - [2023-11-12T20:15:04.673+0000] {dag.py:3340} INFO - Setting next_dagrun for example_branch_datetime_operator_2 to 2023-11-11T00:00:00+00:00, run_after=2023-11-12T00:00:00+00:00
[2023-11-12T20:15:04.677+0000] {logging_mixin.py:120} INFO - [2023-11-12T20:15:04.676+0000] {dag.py:3340} INFO - Setting next_dagrun for example_branch_datetime_operator_3 to 2023-11-11T00:00:00+00:00, run_after=2023-11-12T00:00:00+00:00
[2023-11-12T20:15:04.701+0000] {processor.py:176} INFO - Processing /home/airflow/.local/lib/python3.7/site-packages/airflow/example_dags/example_branch_datetime_operator.py took 0.222 seconds
[2023-11-12T20:15:35.264+0000] {processor.py:154} INFO - Started process (PID=1966) to work on /home/airflow/.local/lib/python3.7/site-packages/airflow/example_dags/example_branch_datetime_operator.py
[2023-11-12T20:15:35.266+0000] {processor.py:756} INFO - Processing file /home/airflow/.local/lib/python3.7/site-packages/airflow/example_dags/example_branch_datetime_operator.py for tasks to queue
[2023-11-12T20:15:35.268+0000] {logging_mixin.py:120} INFO - [2023-11-12T20:15:35.266+0000] {dagbag.py:537} INFO - Filling up the DagBag from /home/airflow/.local/lib/python3.7/site-packages/airflow/example_dags/example_branch_datetime_operator.py
[2023-11-12T20:15:35.318+0000] {processor.py:766} INFO - DAG(s) dict_keys(['example_branch_datetime_operator_2', 'example_branch_datetime_operator', 'example_branch_datetime_operator_3']) retrieved from /home/airflow/.local/lib/python3.7/site-packages/airflow/example_dags/example_branch_datetime_operator.py
[2023-11-12T20:15:35.371+0000] {logging_mixin.py:120} INFO - [2023-11-12T20:15:35.371+0000] {dag.py:2585} INFO - Sync 3 DAGs
[2023-11-12T20:15:35.407+0000] {logging_mixin.py:120} INFO - [2023-11-12T20:15:35.406+0000] {dag.py:3340} INFO - Setting next_dagrun for example_branch_datetime_operator to 2023-11-11T00:00:00+00:00, run_after=2023-11-12T00:00:00+00:00
[2023-11-12T20:15:35.412+0000] {logging_mixin.py:120} INFO - [2023-11-12T20:15:35.412+0000] {dag.py:3340} INFO - Setting next_dagrun for example_branch_datetime_operator_2 to 2023-11-11T00:00:00+00:00, run_after=2023-11-12T00:00:00+00:00
[2023-11-12T20:15:35.415+0000] {logging_mixin.py:120} INFO - [2023-11-12T20:15:35.415+0000] {dag.py:3340} INFO - Setting next_dagrun for example_branch_datetime_operator_3 to 2023-11-11T00:00:00+00:00, run_after=2023-11-12T00:00:00+00:00
[2023-11-12T20:15:35.442+0000] {processor.py:176} INFO - Processing /home/airflow/.local/lib/python3.7/site-packages/airflow/example_dags/example_branch_datetime_operator.py took 0.181 seconds
[2023-11-12T20:16:05.775+0000] {processor.py:154} INFO - Started process (PID=2031) to work on /home/airflow/.local/lib/python3.7/site-packages/airflow/example_dags/example_branch_datetime_operator.py
[2023-11-12T20:16:05.784+0000] {processor.py:756} INFO - Processing file /home/airflow/.local/lib/python3.7/site-packages/airflow/example_dags/example_branch_datetime_operator.py for tasks to queue
[2023-11-12T20:16:05.785+0000] {logging_mixin.py:120} INFO - [2023-11-12T20:16:05.785+0000] {dagbag.py:537} INFO - Filling up the DagBag from /home/airflow/.local/lib/python3.7/site-packages/airflow/example_dags/example_branch_datetime_operator.py
[2023-11-12T20:16:05.823+0000] {processor.py:766} INFO - DAG(s) dict_keys(['example_branch_datetime_operator_2', 'example_branch_datetime_operator', 'example_branch_datetime_operator_3']) retrieved from /home/airflow/.local/lib/python3.7/site-packages/airflow/example_dags/example_branch_datetime_operator.py
[2023-11-12T20:16:05.961+0000] {logging_mixin.py:120} INFO - [2023-11-12T20:16:05.961+0000] {dag.py:2585} INFO - Sync 3 DAGs
[2023-11-12T20:16:06.027+0000] {logging_mixin.py:120} INFO - [2023-11-12T20:16:06.026+0000] {dag.py:3340} INFO - Setting next_dagrun for example_branch_datetime_operator to 2023-11-11T00:00:00+00:00, run_after=2023-11-12T00:00:00+00:00
[2023-11-12T20:16:06.038+0000] {logging_mixin.py:120} INFO - [2023-11-12T20:16:06.038+0000] {dag.py:3340} INFO - Setting next_dagrun for example_branch_datetime_operator_2 to 2023-11-11T00:00:00+00:00, run_after=2023-11-12T00:00:00+00:00
[2023-11-12T20:16:06.041+0000] {logging_mixin.py:120} INFO - [2023-11-12T20:16:06.041+0000] {dag.py:3340} INFO - Setting next_dagrun for example_branch_datetime_operator_3 to 2023-11-11T00:00:00+00:00, run_after=2023-11-12T00:00:00+00:00
[2023-11-12T20:16:06.084+0000] {processor.py:176} INFO - Processing /home/airflow/.local/lib/python3.7/site-packages/airflow/example_dags/example_branch_datetime_operator.py took 0.312 seconds
[2023-11-12T20:16:36.453+0000] {processor.py:154} INFO - Started process (PID=2092) to work on /home/airflow/.local/lib/python3.7/site-packages/airflow/example_dags/example_branch_datetime_operator.py
[2023-11-12T20:16:36.453+0000] {processor.py:756} INFO - Processing file /home/airflow/.local/lib/python3.7/site-packages/airflow/example_dags/example_branch_datetime_operator.py for tasks to queue
[2023-11-12T20:16:36.454+0000] {logging_mixin.py:120} INFO - [2023-11-12T20:16:36.454+0000] {dagbag.py:537} INFO - Filling up the DagBag from /home/airflow/.local/lib/python3.7/site-packages/airflow/example_dags/example_branch_datetime_operator.py
[2023-11-12T20:16:36.475+0000] {processor.py:766} INFO - DAG(s) dict_keys(['example_branch_datetime_operator_3', 'example_branch_datetime_operator', 'example_branch_datetime_operator_2']) retrieved from /home/airflow/.local/lib/python3.7/site-packages/airflow/example_dags/example_branch_datetime_operator.py
[2023-11-12T20:16:36.534+0000] {logging_mixin.py:120} INFO - [2023-11-12T20:16:36.534+0000] {dag.py:2585} INFO - Sync 3 DAGs
[2023-11-12T20:16:36.581+0000] {logging_mixin.py:120} INFO - [2023-11-12T20:16:36.581+0000] {dag.py:3340} INFO - Setting next_dagrun for example_branch_datetime_operator to 2023-11-11T00:00:00+00:00, run_after=2023-11-12T00:00:00+00:00
[2023-11-12T20:16:36.587+0000] {logging_mixin.py:120} INFO - [2023-11-12T20:16:36.586+0000] {dag.py:3340} INFO - Setting next_dagrun for example_branch_datetime_operator_2 to 2023-11-11T00:00:00+00:00, run_after=2023-11-12T00:00:00+00:00
[2023-11-12T20:16:36.590+0000] {logging_mixin.py:120} INFO - [2023-11-12T20:16:36.590+0000] {dag.py:3340} INFO - Setting next_dagrun for example_branch_datetime_operator_3 to 2023-11-11T00:00:00+00:00, run_after=2023-11-12T00:00:00+00:00
[2023-11-12T20:16:36.615+0000] {processor.py:176} INFO - Processing /home/airflow/.local/lib/python3.7/site-packages/airflow/example_dags/example_branch_datetime_operator.py took 0.168 seconds
[2023-11-12T20:17:07.899+0000] {processor.py:154} INFO - Started process (PID=2147) to work on /home/airflow/.local/lib/python3.7/site-packages/airflow/example_dags/example_branch_datetime_operator.py
[2023-11-12T20:17:07.900+0000] {processor.py:756} INFO - Processing file /home/airflow/.local/lib/python3.7/site-packages/airflow/example_dags/example_branch_datetime_operator.py for tasks to queue
[2023-11-12T20:17:07.901+0000] {logging_mixin.py:120} INFO - [2023-11-12T20:17:07.901+0000] {dagbag.py:537} INFO - Filling up the DagBag from /home/airflow/.local/lib/python3.7/site-packages/airflow/example_dags/example_branch_datetime_operator.py
[2023-11-12T20:17:07.922+0000] {processor.py:766} INFO - DAG(s) dict_keys(['example_branch_datetime_operator_2', 'example_branch_datetime_operator_3', 'example_branch_datetime_operator']) retrieved from /home/airflow/.local/lib/python3.7/site-packages/airflow/example_dags/example_branch_datetime_operator.py
[2023-11-12T20:17:07.975+0000] {logging_mixin.py:120} INFO - [2023-11-12T20:17:07.975+0000] {dag.py:2585} INFO - Sync 3 DAGs
[2023-11-12T20:17:08.027+0000] {logging_mixin.py:120} INFO - [2023-11-12T20:17:08.027+0000] {dag.py:3340} INFO - Setting next_dagrun for example_branch_datetime_operator to 2023-11-11T00:00:00+00:00, run_after=2023-11-12T00:00:00+00:00
[2023-11-12T20:17:08.033+0000] {logging_mixin.py:120} INFO - [2023-11-12T20:17:08.033+0000] {dag.py:3340} INFO - Setting next_dagrun for example_branch_datetime_operator_2 to 2023-11-11T00:00:00+00:00, run_after=2023-11-12T00:00:00+00:00
[2023-11-12T20:17:08.037+0000] {logging_mixin.py:120} INFO - [2023-11-12T20:17:08.037+0000] {dag.py:3340} INFO - Setting next_dagrun for example_branch_datetime_operator_3 to 2023-11-11T00:00:00+00:00, run_after=2023-11-12T00:00:00+00:00
[2023-11-12T20:17:08.069+0000] {processor.py:176} INFO - Processing /home/airflow/.local/lib/python3.7/site-packages/airflow/example_dags/example_branch_datetime_operator.py took 0.174 seconds
[2023-11-12T20:17:39.184+0000] {processor.py:154} INFO - Started process (PID=2210) to work on /home/airflow/.local/lib/python3.7/site-packages/airflow/example_dags/example_branch_datetime_operator.py
[2023-11-12T20:17:39.185+0000] {processor.py:756} INFO - Processing file /home/airflow/.local/lib/python3.7/site-packages/airflow/example_dags/example_branch_datetime_operator.py for tasks to queue
[2023-11-12T20:17:39.186+0000] {logging_mixin.py:120} INFO - [2023-11-12T20:17:39.186+0000] {dagbag.py:537} INFO - Filling up the DagBag from /home/airflow/.local/lib/python3.7/site-packages/airflow/example_dags/example_branch_datetime_operator.py
[2023-11-12T20:17:39.228+0000] {processor.py:766} INFO - DAG(s) dict_keys(['example_branch_datetime_operator_3', 'example_branch_datetime_operator_2', 'example_branch_datetime_operator']) retrieved from /home/airflow/.local/lib/python3.7/site-packages/airflow/example_dags/example_branch_datetime_operator.py
[2023-11-12T20:17:39.336+0000] {logging_mixin.py:120} INFO - [2023-11-12T20:17:39.336+0000] {dag.py:2585} INFO - Sync 3 DAGs
[2023-11-12T20:17:39.405+0000] {logging_mixin.py:120} INFO - [2023-11-12T20:17:39.404+0000] {dag.py:3340} INFO - Setting next_dagrun for example_branch_datetime_operator to 2023-11-11T00:00:00+00:00, run_after=2023-11-12T00:00:00+00:00
[2023-11-12T20:17:39.415+0000] {logging_mixin.py:120} INFO - [2023-11-12T20:17:39.415+0000] {dag.py:3340} INFO - Setting next_dagrun for example_branch_datetime_operator_2 to 2023-11-11T00:00:00+00:00, run_after=2023-11-12T00:00:00+00:00
[2023-11-12T20:17:39.423+0000] {logging_mixin.py:120} INFO - [2023-11-12T20:17:39.423+0000] {dag.py:3340} INFO - Setting next_dagrun for example_branch_datetime_operator_3 to 2023-11-11T00:00:00+00:00, run_after=2023-11-12T00:00:00+00:00
[2023-11-12T20:17:39.460+0000] {processor.py:176} INFO - Processing /home/airflow/.local/lib/python3.7/site-packages/airflow/example_dags/example_branch_datetime_operator.py took 0.288 seconds
[2023-11-12T20:18:09.513+0000] {processor.py:154} INFO - Started process (PID=2263) to work on /home/airflow/.local/lib/python3.7/site-packages/airflow/example_dags/example_branch_datetime_operator.py
[2023-11-12T20:18:09.514+0000] {processor.py:756} INFO - Processing file /home/airflow/.local/lib/python3.7/site-packages/airflow/example_dags/example_branch_datetime_operator.py for tasks to queue
[2023-11-12T20:18:09.515+0000] {logging_mixin.py:120} INFO - [2023-11-12T20:18:09.515+0000] {dagbag.py:537} INFO - Filling up the DagBag from /home/airflow/.local/lib/python3.7/site-packages/airflow/example_dags/example_branch_datetime_operator.py
[2023-11-12T20:18:09.542+0000] {processor.py:766} INFO - DAG(s) dict_keys(['example_branch_datetime_operator', 'example_branch_datetime_operator_2', 'example_branch_datetime_operator_3']) retrieved from /home/airflow/.local/lib/python3.7/site-packages/airflow/example_dags/example_branch_datetime_operator.py
[2023-11-12T20:18:09.701+0000] {logging_mixin.py:120} INFO - [2023-11-12T20:18:09.700+0000] {dag.py:2585} INFO - Sync 3 DAGs
[2023-11-12T20:18:09.779+0000] {logging_mixin.py:120} INFO - [2023-11-12T20:18:09.779+0000] {dag.py:3340} INFO - Setting next_dagrun for example_branch_datetime_operator to 2023-11-11T00:00:00+00:00, run_after=2023-11-12T00:00:00+00:00
[2023-11-12T20:18:09.792+0000] {logging_mixin.py:120} INFO - [2023-11-12T20:18:09.792+0000] {dag.py:3340} INFO - Setting next_dagrun for example_branch_datetime_operator_2 to 2023-11-11T00:00:00+00:00, run_after=2023-11-12T00:00:00+00:00
[2023-11-12T20:18:09.809+0000] {logging_mixin.py:120} INFO - [2023-11-12T20:18:09.808+0000] {dag.py:3340} INFO - Setting next_dagrun for example_branch_datetime_operator_3 to 2023-11-11T00:00:00+00:00, run_after=2023-11-12T00:00:00+00:00
[2023-11-12T20:18:09.847+0000] {processor.py:176} INFO - Processing /home/airflow/.local/lib/python3.7/site-packages/airflow/example_dags/example_branch_datetime_operator.py took 0.338 seconds
