[2023-11-12T19:53:17.004+0000] {processor.py:154} INFO - Started process (PID=80) to work on /home/airflow/.local/lib/python3.7/site-packages/airflow/example_dags/example_xcomargs.py
[2023-11-12T19:53:17.006+0000] {processor.py:756} INFO - Processing file /home/airflow/.local/lib/python3.7/site-packages/airflow/example_dags/example_xcomargs.py for tasks to queue
[2023-11-12T19:53:17.006+0000] {logging_mixin.py:120} INFO - [2023-11-12T19:53:17.006+0000] {dagbag.py:537} INFO - Filling up the DagBag from /home/airflow/.local/lib/python3.7/site-packages/airflow/example_dags/example_xcomargs.py
[2023-11-12T19:53:17.157+0000] {processor.py:766} INFO - DAG(s) dict_keys(['example_xcom_args', 'example_xcom_args_with_operators']) retrieved from /home/airflow/.local/lib/python3.7/site-packages/airflow/example_dags/example_xcomargs.py
[2023-11-12T19:53:17.862+0000] {logging_mixin.py:120} INFO - [2023-11-12T19:53:17.862+0000] {manager.py:507} INFO - Created Permission View: can edit on DAG:example_xcom_args
[2023-11-12T19:53:17.900+0000] {logging_mixin.py:120} INFO - [2023-11-12T19:53:17.900+0000] {manager.py:507} INFO - Created Permission View: can delete on DAG:example_xcom_args
[2023-11-12T19:53:17.914+0000] {logging_mixin.py:120} INFO - [2023-11-12T19:53:17.914+0000] {manager.py:507} INFO - Created Permission View: can read on DAG:example_xcom_args
[2023-11-12T19:53:17.970+0000] {logging_mixin.py:120} INFO - [2023-11-12T19:53:17.970+0000] {manager.py:507} INFO - Created Permission View: can edit on DAG:example_xcom_args_with_operators
[2023-11-12T19:53:17.990+0000] {logging_mixin.py:120} INFO - [2023-11-12T19:53:17.990+0000] {manager.py:507} INFO - Created Permission View: can delete on DAG:example_xcom_args_with_operators
[2023-11-12T19:53:18.024+0000] {logging_mixin.py:120} INFO - [2023-11-12T19:53:18.024+0000] {manager.py:507} INFO - Created Permission View: can read on DAG:example_xcom_args_with_operators
[2023-11-12T19:53:18.025+0000] {logging_mixin.py:120} INFO - [2023-11-12T19:53:18.025+0000] {dag.py:2585} INFO - Sync 2 DAGs
[2023-11-12T19:53:18.061+0000] {logging_mixin.py:120} INFO - [2023-11-12T19:53:18.059+0000] {dag.py:2606} INFO - Creating ORM DAG for example_xcom_args
[2023-11-12T19:53:18.062+0000] {logging_mixin.py:120} INFO - [2023-11-12T19:53:18.062+0000] {dag.py:2606} INFO - Creating ORM DAG for example_xcom_args_with_operators
[2023-11-12T19:53:18.080+0000] {logging_mixin.py:120} INFO - [2023-11-12T19:53:18.080+0000] {dag.py:3340} INFO - Setting next_dagrun for example_xcom_args to None, run_after=None
[2023-11-12T19:53:18.089+0000] {logging_mixin.py:120} INFO - [2023-11-12T19:53:18.089+0000] {dag.py:3340} INFO - Setting next_dagrun for example_xcom_args_with_operators to None, run_after=None
[2023-11-12T19:53:18.220+0000] {processor.py:176} INFO - Processing /home/airflow/.local/lib/python3.7/site-packages/airflow/example_dags/example_xcomargs.py took 1.225 seconds
[2023-11-12T19:53:48.565+0000] {processor.py:154} INFO - Started process (PID=134) to work on /home/airflow/.local/lib/python3.7/site-packages/airflow/example_dags/example_xcomargs.py
[2023-11-12T19:53:48.566+0000] {processor.py:756} INFO - Processing file /home/airflow/.local/lib/python3.7/site-packages/airflow/example_dags/example_xcomargs.py for tasks to queue
[2023-11-12T19:53:48.566+0000] {logging_mixin.py:120} INFO - [2023-11-12T19:53:48.566+0000] {dagbag.py:537} INFO - Filling up the DagBag from /home/airflow/.local/lib/python3.7/site-packages/airflow/example_dags/example_xcomargs.py
[2023-11-12T19:53:48.595+0000] {processor.py:766} INFO - DAG(s) dict_keys(['example_xcom_args', 'example_xcom_args_with_operators']) retrieved from /home/airflow/.local/lib/python3.7/site-packages/airflow/example_dags/example_xcomargs.py
[2023-11-12T19:53:48.647+0000] {logging_mixin.py:120} INFO - [2023-11-12T19:53:48.647+0000] {dag.py:2585} INFO - Sync 2 DAGs
[2023-11-12T19:53:48.675+0000] {logging_mixin.py:120} INFO - [2023-11-12T19:53:48.675+0000] {dag.py:3340} INFO - Setting next_dagrun for example_xcom_args to None, run_after=None
[2023-11-12T19:53:48.679+0000] {logging_mixin.py:120} INFO - [2023-11-12T19:53:48.679+0000] {dag.py:3340} INFO - Setting next_dagrun for example_xcom_args_with_operators to None, run_after=None
[2023-11-12T19:53:48.702+0000] {processor.py:176} INFO - Processing /home/airflow/.local/lib/python3.7/site-packages/airflow/example_dags/example_xcomargs.py took 0.140 seconds
[2023-11-12T19:54:18.846+0000] {processor.py:154} INFO - Started process (PID=197) to work on /home/airflow/.local/lib/python3.7/site-packages/airflow/example_dags/example_xcomargs.py
[2023-11-12T19:54:18.846+0000] {processor.py:756} INFO - Processing file /home/airflow/.local/lib/python3.7/site-packages/airflow/example_dags/example_xcomargs.py for tasks to queue
[2023-11-12T19:54:18.847+0000] {logging_mixin.py:120} INFO - [2023-11-12T19:54:18.847+0000] {dagbag.py:537} INFO - Filling up the DagBag from /home/airflow/.local/lib/python3.7/site-packages/airflow/example_dags/example_xcomargs.py
[2023-11-12T19:54:18.875+0000] {processor.py:766} INFO - DAG(s) dict_keys(['example_xcom_args', 'example_xcom_args_with_operators']) retrieved from /home/airflow/.local/lib/python3.7/site-packages/airflow/example_dags/example_xcomargs.py
[2023-11-12T19:54:18.927+0000] {logging_mixin.py:120} INFO - [2023-11-12T19:54:18.927+0000] {dag.py:2585} INFO - Sync 2 DAGs
[2023-11-12T19:54:18.958+0000] {logging_mixin.py:120} INFO - [2023-11-12T19:54:18.958+0000] {dag.py:3340} INFO - Setting next_dagrun for example_xcom_args to None, run_after=None
[2023-11-12T19:54:18.962+0000] {logging_mixin.py:120} INFO - [2023-11-12T19:54:18.962+0000] {dag.py:3340} INFO - Setting next_dagrun for example_xcom_args_with_operators to None, run_after=None
[2023-11-12T19:54:18.984+0000] {processor.py:176} INFO - Processing /home/airflow/.local/lib/python3.7/site-packages/airflow/example_dags/example_xcomargs.py took 0.141 seconds
[2023-11-12T19:57:08.939+0000] {processor.py:154} INFO - Started process (PID=70) to work on /home/airflow/.local/lib/python3.7/site-packages/airflow/example_dags/example_xcomargs.py
[2023-11-12T19:57:08.948+0000] {processor.py:756} INFO - Processing file /home/airflow/.local/lib/python3.7/site-packages/airflow/example_dags/example_xcomargs.py for tasks to queue
[2023-11-12T19:57:08.949+0000] {logging_mixin.py:120} INFO - [2023-11-12T19:57:08.949+0000] {dagbag.py:537} INFO - Filling up the DagBag from /home/airflow/.local/lib/python3.7/site-packages/airflow/example_dags/example_xcomargs.py
[2023-11-12T19:57:09.078+0000] {processor.py:766} INFO - DAG(s) dict_keys(['example_xcom_args_with_operators', 'example_xcom_args']) retrieved from /home/airflow/.local/lib/python3.7/site-packages/airflow/example_dags/example_xcomargs.py
[2023-11-12T19:57:09.364+0000] {logging_mixin.py:120} INFO - [2023-11-12T19:57:09.364+0000] {dag.py:2585} INFO - Sync 2 DAGs
[2023-11-12T19:57:09.544+0000] {logging_mixin.py:120} INFO - [2023-11-12T19:57:09.543+0000] {dag.py:3340} INFO - Setting next_dagrun for example_xcom_args to None, run_after=None
[2023-11-12T19:57:09.590+0000] {logging_mixin.py:120} INFO - [2023-11-12T19:57:09.589+0000] {dag.py:3340} INFO - Setting next_dagrun for example_xcom_args_with_operators to None, run_after=None
[2023-11-12T19:57:09.694+0000] {processor.py:176} INFO - Processing /home/airflow/.local/lib/python3.7/site-packages/airflow/example_dags/example_xcomargs.py took 0.766 seconds
[2023-11-12T19:57:40.244+0000] {processor.py:154} INFO - Started process (PID=133) to work on /home/airflow/.local/lib/python3.7/site-packages/airflow/example_dags/example_xcomargs.py
[2023-11-12T19:57:40.247+0000] {processor.py:756} INFO - Processing file /home/airflow/.local/lib/python3.7/site-packages/airflow/example_dags/example_xcomargs.py for tasks to queue
[2023-11-12T19:57:40.248+0000] {logging_mixin.py:120} INFO - [2023-11-12T19:57:40.248+0000] {dagbag.py:537} INFO - Filling up the DagBag from /home/airflow/.local/lib/python3.7/site-packages/airflow/example_dags/example_xcomargs.py
[2023-11-12T19:57:40.315+0000] {processor.py:766} INFO - DAG(s) dict_keys(['example_xcom_args', 'example_xcom_args_with_operators']) retrieved from /home/airflow/.local/lib/python3.7/site-packages/airflow/example_dags/example_xcomargs.py
[2023-11-12T19:57:40.432+0000] {logging_mixin.py:120} INFO - [2023-11-12T19:57:40.432+0000] {dag.py:2585} INFO - Sync 2 DAGs
[2023-11-12T19:57:40.492+0000] {logging_mixin.py:120} INFO - [2023-11-12T19:57:40.492+0000] {dag.py:3340} INFO - Setting next_dagrun for example_xcom_args to None, run_after=None
[2023-11-12T19:57:40.504+0000] {logging_mixin.py:120} INFO - [2023-11-12T19:57:40.504+0000] {dag.py:3340} INFO - Setting next_dagrun for example_xcom_args_with_operators to None, run_after=None
[2023-11-12T19:57:40.534+0000] {processor.py:176} INFO - Processing /home/airflow/.local/lib/python3.7/site-packages/airflow/example_dags/example_xcomargs.py took 0.305 seconds
[2023-11-12T19:59:02.332+0000] {processor.py:154} INFO - Started process (PID=72) to work on /home/airflow/.local/lib/python3.7/site-packages/airflow/example_dags/example_xcomargs.py
[2023-11-12T19:59:02.355+0000] {processor.py:756} INFO - Processing file /home/airflow/.local/lib/python3.7/site-packages/airflow/example_dags/example_xcomargs.py for tasks to queue
[2023-11-12T19:59:02.364+0000] {logging_mixin.py:120} INFO - [2023-11-12T19:59:02.364+0000] {dagbag.py:537} INFO - Filling up the DagBag from /home/airflow/.local/lib/python3.7/site-packages/airflow/example_dags/example_xcomargs.py
[2023-11-12T19:59:02.534+0000] {processor.py:766} INFO - DAG(s) dict_keys(['example_xcom_args_with_operators', 'example_xcom_args']) retrieved from /home/airflow/.local/lib/python3.7/site-packages/airflow/example_dags/example_xcomargs.py
[2023-11-12T19:59:02.849+0000] {logging_mixin.py:120} INFO - [2023-11-12T19:59:02.848+0000] {dag.py:2585} INFO - Sync 2 DAGs
[2023-11-12T19:59:03.028+0000] {logging_mixin.py:120} INFO - [2023-11-12T19:59:03.028+0000] {dag.py:3340} INFO - Setting next_dagrun for example_xcom_args to None, run_after=None
[2023-11-12T19:59:03.038+0000] {logging_mixin.py:120} INFO - [2023-11-12T19:59:03.038+0000] {dag.py:3340} INFO - Setting next_dagrun for example_xcom_args_with_operators to None, run_after=None
[2023-11-12T19:59:03.109+0000] {processor.py:176} INFO - Processing /home/airflow/.local/lib/python3.7/site-packages/airflow/example_dags/example_xcomargs.py took 0.791 seconds
[2023-11-12T19:59:33.319+0000] {processor.py:154} INFO - Started process (PID=136) to work on /home/airflow/.local/lib/python3.7/site-packages/airflow/example_dags/example_xcomargs.py
[2023-11-12T19:59:33.320+0000] {processor.py:756} INFO - Processing file /home/airflow/.local/lib/python3.7/site-packages/airflow/example_dags/example_xcomargs.py for tasks to queue
[2023-11-12T19:59:33.321+0000] {logging_mixin.py:120} INFO - [2023-11-12T19:59:33.321+0000] {dagbag.py:537} INFO - Filling up the DagBag from /home/airflow/.local/lib/python3.7/site-packages/airflow/example_dags/example_xcomargs.py
[2023-11-12T19:59:33.349+0000] {processor.py:766} INFO - DAG(s) dict_keys(['example_xcom_args_with_operators', 'example_xcom_args']) retrieved from /home/airflow/.local/lib/python3.7/site-packages/airflow/example_dags/example_xcomargs.py
[2023-11-12T19:59:33.400+0000] {logging_mixin.py:120} INFO - [2023-11-12T19:59:33.400+0000] {dag.py:2585} INFO - Sync 2 DAGs
[2023-11-12T19:59:33.444+0000] {logging_mixin.py:120} INFO - [2023-11-12T19:59:33.444+0000] {dag.py:3340} INFO - Setting next_dagrun for example_xcom_args to None, run_after=None
[2023-11-12T19:59:33.447+0000] {logging_mixin.py:120} INFO - [2023-11-12T19:59:33.447+0000] {dag.py:3340} INFO - Setting next_dagrun for example_xcom_args_with_operators to None, run_after=None
[2023-11-12T19:59:33.472+0000] {processor.py:176} INFO - Processing /home/airflow/.local/lib/python3.7/site-packages/airflow/example_dags/example_xcomargs.py took 0.155 seconds
[2023-11-12T20:00:04.004+0000] {processor.py:154} INFO - Started process (PID=192) to work on /home/airflow/.local/lib/python3.7/site-packages/airflow/example_dags/example_xcomargs.py
[2023-11-12T20:00:04.012+0000] {processor.py:756} INFO - Processing file /home/airflow/.local/lib/python3.7/site-packages/airflow/example_dags/example_xcomargs.py for tasks to queue
[2023-11-12T20:00:04.013+0000] {logging_mixin.py:120} INFO - [2023-11-12T20:00:04.013+0000] {dagbag.py:537} INFO - Filling up the DagBag from /home/airflow/.local/lib/python3.7/site-packages/airflow/example_dags/example_xcomargs.py
[2023-11-12T20:00:04.062+0000] {processor.py:766} INFO - DAG(s) dict_keys(['example_xcom_args_with_operators', 'example_xcom_args']) retrieved from /home/airflow/.local/lib/python3.7/site-packages/airflow/example_dags/example_xcomargs.py
[2023-11-12T20:00:04.121+0000] {logging_mixin.py:120} INFO - [2023-11-12T20:00:04.121+0000] {dag.py:2585} INFO - Sync 2 DAGs
[2023-11-12T20:00:04.153+0000] {logging_mixin.py:120} INFO - [2023-11-12T20:00:04.153+0000] {dag.py:3340} INFO - Setting next_dagrun for example_xcom_args to None, run_after=None
[2023-11-12T20:00:04.157+0000] {logging_mixin.py:120} INFO - [2023-11-12T20:00:04.157+0000] {dag.py:3340} INFO - Setting next_dagrun for example_xcom_args_with_operators to None, run_after=None
[2023-11-12T20:00:04.202+0000] {processor.py:176} INFO - Processing /home/airflow/.local/lib/python3.7/site-packages/airflow/example_dags/example_xcomargs.py took 0.201 seconds
[2023-11-12T20:00:34.487+0000] {processor.py:154} INFO - Started process (PID=255) to work on /home/airflow/.local/lib/python3.7/site-packages/airflow/example_dags/example_xcomargs.py
[2023-11-12T20:00:34.492+0000] {processor.py:756} INFO - Processing file /home/airflow/.local/lib/python3.7/site-packages/airflow/example_dags/example_xcomargs.py for tasks to queue
[2023-11-12T20:00:34.496+0000] {logging_mixin.py:120} INFO - [2023-11-12T20:00:34.496+0000] {dagbag.py:537} INFO - Filling up the DagBag from /home/airflow/.local/lib/python3.7/site-packages/airflow/example_dags/example_xcomargs.py
[2023-11-12T20:00:34.537+0000] {processor.py:766} INFO - DAG(s) dict_keys(['example_xcom_args_with_operators', 'example_xcom_args']) retrieved from /home/airflow/.local/lib/python3.7/site-packages/airflow/example_dags/example_xcomargs.py
[2023-11-12T20:00:34.587+0000] {logging_mixin.py:120} INFO - [2023-11-12T20:00:34.587+0000] {dag.py:2585} INFO - Sync 2 DAGs
[2023-11-12T20:00:34.622+0000] {logging_mixin.py:120} INFO - [2023-11-12T20:00:34.622+0000] {dag.py:3340} INFO - Setting next_dagrun for example_xcom_args to None, run_after=None
[2023-11-12T20:00:34.625+0000] {logging_mixin.py:120} INFO - [2023-11-12T20:00:34.625+0000] {dag.py:3340} INFO - Setting next_dagrun for example_xcom_args_with_operators to None, run_after=None
[2023-11-12T20:00:34.649+0000] {processor.py:176} INFO - Processing /home/airflow/.local/lib/python3.7/site-packages/airflow/example_dags/example_xcomargs.py took 0.171 seconds
[2023-11-12T20:01:05.159+0000] {processor.py:154} INFO - Started process (PID=318) to work on /home/airflow/.local/lib/python3.7/site-packages/airflow/example_dags/example_xcomargs.py
[2023-11-12T20:01:05.160+0000] {processor.py:756} INFO - Processing file /home/airflow/.local/lib/python3.7/site-packages/airflow/example_dags/example_xcomargs.py for tasks to queue
[2023-11-12T20:01:05.160+0000] {logging_mixin.py:120} INFO - [2023-11-12T20:01:05.160+0000] {dagbag.py:537} INFO - Filling up the DagBag from /home/airflow/.local/lib/python3.7/site-packages/airflow/example_dags/example_xcomargs.py
[2023-11-12T20:01:05.230+0000] {processor.py:766} INFO - DAG(s) dict_keys(['example_xcom_args', 'example_xcom_args_with_operators']) retrieved from /home/airflow/.local/lib/python3.7/site-packages/airflow/example_dags/example_xcomargs.py
[2023-11-12T20:01:05.379+0000] {logging_mixin.py:120} INFO - [2023-11-12T20:01:05.379+0000] {dag.py:2585} INFO - Sync 2 DAGs
[2023-11-12T20:01:05.440+0000] {logging_mixin.py:120} INFO - [2023-11-12T20:01:05.440+0000] {dag.py:3340} INFO - Setting next_dagrun for example_xcom_args to None, run_after=None
[2023-11-12T20:01:05.445+0000] {logging_mixin.py:120} INFO - [2023-11-12T20:01:05.445+0000] {dag.py:3340} INFO - Setting next_dagrun for example_xcom_args_with_operators to None, run_after=None
[2023-11-12T20:01:05.483+0000] {processor.py:176} INFO - Processing /home/airflow/.local/lib/python3.7/site-packages/airflow/example_dags/example_xcomargs.py took 0.339 seconds
[2023-11-12T20:01:36.182+0000] {processor.py:154} INFO - Started process (PID=372) to work on /home/airflow/.local/lib/python3.7/site-packages/airflow/example_dags/example_xcomargs.py
[2023-11-12T20:01:36.188+0000] {processor.py:756} INFO - Processing file /home/airflow/.local/lib/python3.7/site-packages/airflow/example_dags/example_xcomargs.py for tasks to queue
[2023-11-12T20:01:36.189+0000] {logging_mixin.py:120} INFO - [2023-11-12T20:01:36.188+0000] {dagbag.py:537} INFO - Filling up the DagBag from /home/airflow/.local/lib/python3.7/site-packages/airflow/example_dags/example_xcomargs.py
[2023-11-12T20:01:36.226+0000] {processor.py:766} INFO - DAG(s) dict_keys(['example_xcom_args', 'example_xcom_args_with_operators']) retrieved from /home/airflow/.local/lib/python3.7/site-packages/airflow/example_dags/example_xcomargs.py
[2023-11-12T20:01:36.309+0000] {logging_mixin.py:120} INFO - [2023-11-12T20:01:36.309+0000] {dag.py:2585} INFO - Sync 2 DAGs
[2023-11-12T20:01:36.363+0000] {logging_mixin.py:120} INFO - [2023-11-12T20:01:36.363+0000] {dag.py:3340} INFO - Setting next_dagrun for example_xcom_args to None, run_after=None
[2023-11-12T20:01:36.368+0000] {logging_mixin.py:120} INFO - [2023-11-12T20:01:36.368+0000] {dag.py:3340} INFO - Setting next_dagrun for example_xcom_args_with_operators to None, run_after=None
[2023-11-12T20:01:36.391+0000] {processor.py:176} INFO - Processing /home/airflow/.local/lib/python3.7/site-packages/airflow/example_dags/example_xcomargs.py took 0.216 seconds
[2023-11-12T20:02:06.925+0000] {processor.py:154} INFO - Started process (PID=435) to work on /home/airflow/.local/lib/python3.7/site-packages/airflow/example_dags/example_xcomargs.py
[2023-11-12T20:02:06.926+0000] {processor.py:756} INFO - Processing file /home/airflow/.local/lib/python3.7/site-packages/airflow/example_dags/example_xcomargs.py for tasks to queue
[2023-11-12T20:02:06.927+0000] {logging_mixin.py:120} INFO - [2023-11-12T20:02:06.927+0000] {dagbag.py:537} INFO - Filling up the DagBag from /home/airflow/.local/lib/python3.7/site-packages/airflow/example_dags/example_xcomargs.py
[2023-11-12T20:02:06.967+0000] {processor.py:766} INFO - DAG(s) dict_keys(['example_xcom_args', 'example_xcom_args_with_operators']) retrieved from /home/airflow/.local/lib/python3.7/site-packages/airflow/example_dags/example_xcomargs.py
[2023-11-12T20:02:07.022+0000] {logging_mixin.py:120} INFO - [2023-11-12T20:02:07.022+0000] {dag.py:2585} INFO - Sync 2 DAGs
[2023-11-12T20:02:07.049+0000] {logging_mixin.py:120} INFO - [2023-11-12T20:02:07.049+0000] {dag.py:3340} INFO - Setting next_dagrun for example_xcom_args to None, run_after=None
[2023-11-12T20:02:07.052+0000] {logging_mixin.py:120} INFO - [2023-11-12T20:02:07.052+0000] {dag.py:3340} INFO - Setting next_dagrun for example_xcom_args_with_operators to None, run_after=None
[2023-11-12T20:02:07.077+0000] {processor.py:176} INFO - Processing /home/airflow/.local/lib/python3.7/site-packages/airflow/example_dags/example_xcomargs.py took 0.155 seconds
[2023-11-12T20:02:37.909+0000] {processor.py:154} INFO - Started process (PID=498) to work on /home/airflow/.local/lib/python3.7/site-packages/airflow/example_dags/example_xcomargs.py
[2023-11-12T20:02:37.909+0000] {processor.py:756} INFO - Processing file /home/airflow/.local/lib/python3.7/site-packages/airflow/example_dags/example_xcomargs.py for tasks to queue
[2023-11-12T20:02:37.910+0000] {logging_mixin.py:120} INFO - [2023-11-12T20:02:37.910+0000] {dagbag.py:537} INFO - Filling up the DagBag from /home/airflow/.local/lib/python3.7/site-packages/airflow/example_dags/example_xcomargs.py
[2023-11-12T20:02:37.942+0000] {processor.py:766} INFO - DAG(s) dict_keys(['example_xcom_args_with_operators', 'example_xcom_args']) retrieved from /home/airflow/.local/lib/python3.7/site-packages/airflow/example_dags/example_xcomargs.py
[2023-11-12T20:02:38.024+0000] {logging_mixin.py:120} INFO - [2023-11-12T20:02:38.024+0000] {dag.py:2585} INFO - Sync 2 DAGs
[2023-11-12T20:02:38.066+0000] {logging_mixin.py:120} INFO - [2023-11-12T20:02:38.065+0000] {dag.py:3340} INFO - Setting next_dagrun for example_xcom_args to None, run_after=None
[2023-11-12T20:02:38.073+0000] {logging_mixin.py:120} INFO - [2023-11-12T20:02:38.073+0000] {dag.py:3340} INFO - Setting next_dagrun for example_xcom_args_with_operators to None, run_after=None
[2023-11-12T20:02:38.113+0000] {processor.py:176} INFO - Processing /home/airflow/.local/lib/python3.7/site-packages/airflow/example_dags/example_xcomargs.py took 0.208 seconds
[2023-11-12T20:03:09.220+0000] {processor.py:154} INFO - Started process (PID=553) to work on /home/airflow/.local/lib/python3.7/site-packages/airflow/example_dags/example_xcomargs.py
[2023-11-12T20:03:09.221+0000] {processor.py:756} INFO - Processing file /home/airflow/.local/lib/python3.7/site-packages/airflow/example_dags/example_xcomargs.py for tasks to queue
[2023-11-12T20:03:09.221+0000] {logging_mixin.py:120} INFO - [2023-11-12T20:03:09.221+0000] {dagbag.py:537} INFO - Filling up the DagBag from /home/airflow/.local/lib/python3.7/site-packages/airflow/example_dags/example_xcomargs.py
[2023-11-12T20:03:09.241+0000] {processor.py:766} INFO - DAG(s) dict_keys(['example_xcom_args_with_operators', 'example_xcom_args']) retrieved from /home/airflow/.local/lib/python3.7/site-packages/airflow/example_dags/example_xcomargs.py
[2023-11-12T20:03:09.288+0000] {logging_mixin.py:120} INFO - [2023-11-12T20:03:09.288+0000] {dag.py:2585} INFO - Sync 2 DAGs
[2023-11-12T20:03:09.321+0000] {logging_mixin.py:120} INFO - [2023-11-12T20:03:09.321+0000] {dag.py:3340} INFO - Setting next_dagrun for example_xcom_args to None, run_after=None
[2023-11-12T20:03:09.324+0000] {logging_mixin.py:120} INFO - [2023-11-12T20:03:09.324+0000] {dag.py:3340} INFO - Setting next_dagrun for example_xcom_args_with_operators to None, run_after=None
[2023-11-12T20:03:09.349+0000] {processor.py:176} INFO - Processing /home/airflow/.local/lib/python3.7/site-packages/airflow/example_dags/example_xcomargs.py took 0.131 seconds
[2023-11-12T20:03:40.302+0000] {processor.py:154} INFO - Started process (PID=617) to work on /home/airflow/.local/lib/python3.7/site-packages/airflow/example_dags/example_xcomargs.py
[2023-11-12T20:03:40.302+0000] {processor.py:756} INFO - Processing file /home/airflow/.local/lib/python3.7/site-packages/airflow/example_dags/example_xcomargs.py for tasks to queue
[2023-11-12T20:03:40.303+0000] {logging_mixin.py:120} INFO - [2023-11-12T20:03:40.303+0000] {dagbag.py:537} INFO - Filling up the DagBag from /home/airflow/.local/lib/python3.7/site-packages/airflow/example_dags/example_xcomargs.py
[2023-11-12T20:03:40.359+0000] {processor.py:766} INFO - DAG(s) dict_keys(['example_xcom_args_with_operators', 'example_xcom_args']) retrieved from /home/airflow/.local/lib/python3.7/site-packages/airflow/example_dags/example_xcomargs.py
[2023-11-12T20:03:40.492+0000] {logging_mixin.py:120} INFO - [2023-11-12T20:03:40.492+0000] {dag.py:2585} INFO - Sync 2 DAGs
[2023-11-12T20:03:40.552+0000] {logging_mixin.py:120} INFO - [2023-11-12T20:03:40.552+0000] {dag.py:3340} INFO - Setting next_dagrun for example_xcom_args to None, run_after=None
[2023-11-12T20:03:40.556+0000] {logging_mixin.py:120} INFO - [2023-11-12T20:03:40.556+0000] {dag.py:3340} INFO - Setting next_dagrun for example_xcom_args_with_operators to None, run_after=None
[2023-11-12T20:03:40.605+0000] {processor.py:176} INFO - Processing /home/airflow/.local/lib/python3.7/site-packages/airflow/example_dags/example_xcomargs.py took 0.314 seconds
[2023-11-12T20:04:11.369+0000] {processor.py:154} INFO - Started process (PID=681) to work on /home/airflow/.local/lib/python3.7/site-packages/airflow/example_dags/example_xcomargs.py
[2023-11-12T20:04:11.370+0000] {processor.py:756} INFO - Processing file /home/airflow/.local/lib/python3.7/site-packages/airflow/example_dags/example_xcomargs.py for tasks to queue
[2023-11-12T20:04:11.371+0000] {logging_mixin.py:120} INFO - [2023-11-12T20:04:11.371+0000] {dagbag.py:537} INFO - Filling up the DagBag from /home/airflow/.local/lib/python3.7/site-packages/airflow/example_dags/example_xcomargs.py
[2023-11-12T20:04:11.401+0000] {processor.py:766} INFO - DAG(s) dict_keys(['example_xcom_args_with_operators', 'example_xcom_args']) retrieved from /home/airflow/.local/lib/python3.7/site-packages/airflow/example_dags/example_xcomargs.py
[2023-11-12T20:04:11.463+0000] {logging_mixin.py:120} INFO - [2023-11-12T20:04:11.463+0000] {dag.py:2585} INFO - Sync 2 DAGs
[2023-11-12T20:04:11.494+0000] {logging_mixin.py:120} INFO - [2023-11-12T20:04:11.494+0000] {dag.py:3340} INFO - Setting next_dagrun for example_xcom_args to None, run_after=None
[2023-11-12T20:04:11.497+0000] {logging_mixin.py:120} INFO - [2023-11-12T20:04:11.497+0000] {dag.py:3340} INFO - Setting next_dagrun for example_xcom_args_with_operators to None, run_after=None
[2023-11-12T20:04:11.522+0000] {processor.py:176} INFO - Processing /home/airflow/.local/lib/python3.7/site-packages/airflow/example_dags/example_xcomargs.py took 0.156 seconds
[2023-11-12T20:04:42.242+0000] {processor.py:154} INFO - Started process (PID=745) to work on /home/airflow/.local/lib/python3.7/site-packages/airflow/example_dags/example_xcomargs.py
[2023-11-12T20:04:42.243+0000] {processor.py:756} INFO - Processing file /home/airflow/.local/lib/python3.7/site-packages/airflow/example_dags/example_xcomargs.py for tasks to queue
[2023-11-12T20:04:42.244+0000] {logging_mixin.py:120} INFO - [2023-11-12T20:04:42.244+0000] {dagbag.py:537} INFO - Filling up the DagBag from /home/airflow/.local/lib/python3.7/site-packages/airflow/example_dags/example_xcomargs.py
[2023-11-12T20:04:42.271+0000] {processor.py:766} INFO - DAG(s) dict_keys(['example_xcom_args', 'example_xcom_args_with_operators']) retrieved from /home/airflow/.local/lib/python3.7/site-packages/airflow/example_dags/example_xcomargs.py
[2023-11-12T20:04:42.346+0000] {logging_mixin.py:120} INFO - [2023-11-12T20:04:42.346+0000] {dag.py:2585} INFO - Sync 2 DAGs
[2023-11-12T20:04:42.383+0000] {logging_mixin.py:120} INFO - [2023-11-12T20:04:42.382+0000] {dag.py:3340} INFO - Setting next_dagrun for example_xcom_args to None, run_after=None
[2023-11-12T20:04:42.388+0000] {logging_mixin.py:120} INFO - [2023-11-12T20:04:42.388+0000] {dag.py:3340} INFO - Setting next_dagrun for example_xcom_args_with_operators to None, run_after=None
[2023-11-12T20:04:42.413+0000] {processor.py:176} INFO - Processing /home/airflow/.local/lib/python3.7/site-packages/airflow/example_dags/example_xcomargs.py took 0.174 seconds
[2023-11-12T20:05:13.067+0000] {processor.py:154} INFO - Started process (PID=800) to work on /home/airflow/.local/lib/python3.7/site-packages/airflow/example_dags/example_xcomargs.py
[2023-11-12T20:05:13.069+0000] {processor.py:756} INFO - Processing file /home/airflow/.local/lib/python3.7/site-packages/airflow/example_dags/example_xcomargs.py for tasks to queue
[2023-11-12T20:05:13.070+0000] {logging_mixin.py:120} INFO - [2023-11-12T20:05:13.070+0000] {dagbag.py:537} INFO - Filling up the DagBag from /home/airflow/.local/lib/python3.7/site-packages/airflow/example_dags/example_xcomargs.py
[2023-11-12T20:05:13.105+0000] {processor.py:766} INFO - DAG(s) dict_keys(['example_xcom_args', 'example_xcom_args_with_operators']) retrieved from /home/airflow/.local/lib/python3.7/site-packages/airflow/example_dags/example_xcomargs.py
[2023-11-12T20:05:13.165+0000] {logging_mixin.py:120} INFO - [2023-11-12T20:05:13.164+0000] {dag.py:2585} INFO - Sync 2 DAGs
[2023-11-12T20:05:13.199+0000] {logging_mixin.py:120} INFO - [2023-11-12T20:05:13.198+0000] {dag.py:3340} INFO - Setting next_dagrun for example_xcom_args to None, run_after=None
[2023-11-12T20:05:13.202+0000] {logging_mixin.py:120} INFO - [2023-11-12T20:05:13.202+0000] {dag.py:3340} INFO - Setting next_dagrun for example_xcom_args_with_operators to None, run_after=None
[2023-11-12T20:05:13.230+0000] {processor.py:176} INFO - Processing /home/airflow/.local/lib/python3.7/site-packages/airflow/example_dags/example_xcomargs.py took 0.167 seconds
[2023-11-12T20:05:43.426+0000] {processor.py:154} INFO - Started process (PID=861) to work on /home/airflow/.local/lib/python3.7/site-packages/airflow/example_dags/example_xcomargs.py
[2023-11-12T20:05:43.437+0000] {processor.py:756} INFO - Processing file /home/airflow/.local/lib/python3.7/site-packages/airflow/example_dags/example_xcomargs.py for tasks to queue
[2023-11-12T20:05:43.445+0000] {logging_mixin.py:120} INFO - [2023-11-12T20:05:43.445+0000] {dagbag.py:537} INFO - Filling up the DagBag from /home/airflow/.local/lib/python3.7/site-packages/airflow/example_dags/example_xcomargs.py
[2023-11-12T20:05:43.534+0000] {processor.py:766} INFO - DAG(s) dict_keys(['example_xcom_args_with_operators', 'example_xcom_args']) retrieved from /home/airflow/.local/lib/python3.7/site-packages/airflow/example_dags/example_xcomargs.py
[2023-11-12T20:05:43.681+0000] {logging_mixin.py:120} INFO - [2023-11-12T20:05:43.680+0000] {dag.py:2585} INFO - Sync 2 DAGs
[2023-11-12T20:05:43.805+0000] {logging_mixin.py:120} INFO - [2023-11-12T20:05:43.793+0000] {dag.py:3340} INFO - Setting next_dagrun for example_xcom_args to None, run_after=None
[2023-11-12T20:05:43.829+0000] {logging_mixin.py:120} INFO - [2023-11-12T20:05:43.829+0000] {dag.py:3340} INFO - Setting next_dagrun for example_xcom_args_with_operators to None, run_after=None
[2023-11-12T20:05:43.898+0000] {processor.py:176} INFO - Processing /home/airflow/.local/lib/python3.7/site-packages/airflow/example_dags/example_xcomargs.py took 0.483 seconds
[2023-11-12T20:06:15.223+0000] {processor.py:154} INFO - Started process (PID=915) to work on /home/airflow/.local/lib/python3.7/site-packages/airflow/example_dags/example_xcomargs.py
[2023-11-12T20:06:15.228+0000] {processor.py:756} INFO - Processing file /home/airflow/.local/lib/python3.7/site-packages/airflow/example_dags/example_xcomargs.py for tasks to queue
[2023-11-12T20:06:15.229+0000] {logging_mixin.py:120} INFO - [2023-11-12T20:06:15.229+0000] {dagbag.py:537} INFO - Filling up the DagBag from /home/airflow/.local/lib/python3.7/site-packages/airflow/example_dags/example_xcomargs.py
[2023-11-12T20:06:15.293+0000] {processor.py:766} INFO - DAG(s) dict_keys(['example_xcom_args', 'example_xcom_args_with_operators']) retrieved from /home/airflow/.local/lib/python3.7/site-packages/airflow/example_dags/example_xcomargs.py
[2023-11-12T20:06:15.439+0000] {logging_mixin.py:120} INFO - [2023-11-12T20:06:15.439+0000] {dag.py:2585} INFO - Sync 2 DAGs
[2023-11-12T20:06:15.487+0000] {logging_mixin.py:120} INFO - [2023-11-12T20:06:15.486+0000] {dag.py:3340} INFO - Setting next_dagrun for example_xcom_args to None, run_after=None
[2023-11-12T20:06:15.490+0000] {logging_mixin.py:120} INFO - [2023-11-12T20:06:15.490+0000] {dag.py:3340} INFO - Setting next_dagrun for example_xcom_args_with_operators to None, run_after=None
[2023-11-12T20:06:15.593+0000] {processor.py:176} INFO - Processing /home/airflow/.local/lib/python3.7/site-packages/airflow/example_dags/example_xcomargs.py took 0.374 seconds
[2023-11-12T20:06:46.413+0000] {processor.py:154} INFO - Started process (PID=978) to work on /home/airflow/.local/lib/python3.7/site-packages/airflow/example_dags/example_xcomargs.py
[2023-11-12T20:06:46.414+0000] {processor.py:756} INFO - Processing file /home/airflow/.local/lib/python3.7/site-packages/airflow/example_dags/example_xcomargs.py for tasks to queue
[2023-11-12T20:06:46.414+0000] {logging_mixin.py:120} INFO - [2023-11-12T20:06:46.414+0000] {dagbag.py:537} INFO - Filling up the DagBag from /home/airflow/.local/lib/python3.7/site-packages/airflow/example_dags/example_xcomargs.py
[2023-11-12T20:06:46.446+0000] {processor.py:766} INFO - DAG(s) dict_keys(['example_xcom_args_with_operators', 'example_xcom_args']) retrieved from /home/airflow/.local/lib/python3.7/site-packages/airflow/example_dags/example_xcomargs.py
[2023-11-12T20:06:46.505+0000] {logging_mixin.py:120} INFO - [2023-11-12T20:06:46.505+0000] {dag.py:2585} INFO - Sync 2 DAGs
[2023-11-12T20:06:46.545+0000] {logging_mixin.py:120} INFO - [2023-11-12T20:06:46.545+0000] {dag.py:3340} INFO - Setting next_dagrun for example_xcom_args to None, run_after=None
[2023-11-12T20:06:46.559+0000] {logging_mixin.py:120} INFO - [2023-11-12T20:06:46.558+0000] {dag.py:3340} INFO - Setting next_dagrun for example_xcom_args_with_operators to None, run_after=None
[2023-11-12T20:06:46.603+0000] {processor.py:176} INFO - Processing /home/airflow/.local/lib/python3.7/site-packages/airflow/example_dags/example_xcomargs.py took 0.193 seconds
[2023-11-12T20:07:16.715+0000] {processor.py:154} INFO - Started process (PID=1030) to work on /home/airflow/.local/lib/python3.7/site-packages/airflow/example_dags/example_xcomargs.py
[2023-11-12T20:07:16.715+0000] {processor.py:756} INFO - Processing file /home/airflow/.local/lib/python3.7/site-packages/airflow/example_dags/example_xcomargs.py for tasks to queue
[2023-11-12T20:07:16.716+0000] {logging_mixin.py:120} INFO - [2023-11-12T20:07:16.716+0000] {dagbag.py:537} INFO - Filling up the DagBag from /home/airflow/.local/lib/python3.7/site-packages/airflow/example_dags/example_xcomargs.py
[2023-11-12T20:07:16.743+0000] {processor.py:766} INFO - DAG(s) dict_keys(['example_xcom_args_with_operators', 'example_xcom_args']) retrieved from /home/airflow/.local/lib/python3.7/site-packages/airflow/example_dags/example_xcomargs.py
[2023-11-12T20:07:16.801+0000] {logging_mixin.py:120} INFO - [2023-11-12T20:07:16.801+0000] {dag.py:2585} INFO - Sync 2 DAGs
[2023-11-12T20:07:16.821+0000] {logging_mixin.py:120} INFO - [2023-11-12T20:07:16.821+0000] {dag.py:3340} INFO - Setting next_dagrun for example_xcom_args to None, run_after=None
[2023-11-12T20:07:16.824+0000] {logging_mixin.py:120} INFO - [2023-11-12T20:07:16.824+0000] {dag.py:3340} INFO - Setting next_dagrun for example_xcom_args_with_operators to None, run_after=None
[2023-11-12T20:07:16.858+0000] {processor.py:176} INFO - Processing /home/airflow/.local/lib/python3.7/site-packages/airflow/example_dags/example_xcomargs.py took 0.146 seconds
