[2023-11-12T19:53:08.369+0000] {processor.py:154} INFO - Started process (PID=58) to work on /home/airflow/.local/lib/python3.7/site-packages/airflow/example_dags/tutorial.py
[2023-11-12T19:53:08.371+0000] {processor.py:756} INFO - Processing file /home/airflow/.local/lib/python3.7/site-packages/airflow/example_dags/tutorial.py for tasks to queue
[2023-11-12T19:53:08.373+0000] {logging_mixin.py:120} INFO - [2023-11-12T19:53:08.373+0000] {dagbag.py:537} INFO - Filling up the DagBag from /home/airflow/.local/lib/python3.7/site-packages/airflow/example_dags/tutorial.py
[2023-11-12T19:53:08.490+0000] {processor.py:766} INFO - DAG(s) dict_keys(['tutorial']) retrieved from /home/airflow/.local/lib/python3.7/site-packages/airflow/example_dags/tutorial.py
[2023-11-12T19:53:09.209+0000] {logging_mixin.py:120} INFO - [2023-11-12T19:53:09.208+0000] {manager.py:507} INFO - Created Permission View: can edit on DAG:tutorial
[2023-11-12T19:53:09.249+0000] {logging_mixin.py:120} INFO - [2023-11-12T19:53:09.248+0000] {manager.py:507} INFO - Created Permission View: can delete on DAG:tutorial
[2023-11-12T19:53:09.273+0000] {logging_mixin.py:120} INFO - [2023-11-12T19:53:09.272+0000] {manager.py:507} INFO - Created Permission View: can read on DAG:tutorial
[2023-11-12T19:53:09.273+0000] {logging_mixin.py:120} INFO - [2023-11-12T19:53:09.273+0000] {dag.py:2585} INFO - Sync 1 DAGs
[2023-11-12T19:53:09.328+0000] {logging_mixin.py:120} INFO - [2023-11-12T19:53:09.328+0000] {dag.py:2606} INFO - Creating ORM DAG for tutorial
[2023-11-12T19:53:09.375+0000] {logging_mixin.py:120} INFO - [2023-11-12T19:53:09.375+0000] {dag.py:3340} INFO - Setting next_dagrun for tutorial to 2023-11-11T19:53:09.375149+00:00, run_after=2023-11-12T19:53:09.375149+00:00
[2023-11-12T19:53:09.452+0000] {processor.py:176} INFO - Processing /home/airflow/.local/lib/python3.7/site-packages/airflow/example_dags/tutorial.py took 1.094 seconds
[2023-11-12T19:53:40.262+0000] {processor.py:154} INFO - Started process (PID=112) to work on /home/airflow/.local/lib/python3.7/site-packages/airflow/example_dags/tutorial.py
[2023-11-12T19:53:40.263+0000] {processor.py:756} INFO - Processing file /home/airflow/.local/lib/python3.7/site-packages/airflow/example_dags/tutorial.py for tasks to queue
[2023-11-12T19:53:40.264+0000] {logging_mixin.py:120} INFO - [2023-11-12T19:53:40.264+0000] {dagbag.py:537} INFO - Filling up the DagBag from /home/airflow/.local/lib/python3.7/site-packages/airflow/example_dags/tutorial.py
[2023-11-12T19:53:40.280+0000] {processor.py:766} INFO - DAG(s) dict_keys(['tutorial']) retrieved from /home/airflow/.local/lib/python3.7/site-packages/airflow/example_dags/tutorial.py
[2023-11-12T19:53:40.331+0000] {logging_mixin.py:120} INFO - [2023-11-12T19:53:40.330+0000] {dag.py:2585} INFO - Sync 1 DAGs
[2023-11-12T19:53:40.366+0000] {logging_mixin.py:120} INFO - [2023-11-12T19:53:40.366+0000] {dag.py:3340} INFO - Setting next_dagrun for tutorial to 2023-11-11T19:53:40.366288+00:00, run_after=2023-11-12T19:53:40.366288+00:00
[2023-11-12T19:53:40.404+0000] {processor.py:176} INFO - Processing /home/airflow/.local/lib/python3.7/site-packages/airflow/example_dags/tutorial.py took 0.144 seconds
[2023-11-12T19:54:10.476+0000] {processor.py:154} INFO - Started process (PID=175) to work on /home/airflow/.local/lib/python3.7/site-packages/airflow/example_dags/tutorial.py
[2023-11-12T19:54:10.477+0000] {processor.py:756} INFO - Processing file /home/airflow/.local/lib/python3.7/site-packages/airflow/example_dags/tutorial.py for tasks to queue
[2023-11-12T19:54:10.477+0000] {logging_mixin.py:120} INFO - [2023-11-12T19:54:10.477+0000] {dagbag.py:537} INFO - Filling up the DagBag from /home/airflow/.local/lib/python3.7/site-packages/airflow/example_dags/tutorial.py
[2023-11-12T19:54:10.505+0000] {processor.py:766} INFO - DAG(s) dict_keys(['tutorial']) retrieved from /home/airflow/.local/lib/python3.7/site-packages/airflow/example_dags/tutorial.py
[2023-11-12T19:54:10.590+0000] {logging_mixin.py:120} INFO - [2023-11-12T19:54:10.590+0000] {dag.py:2585} INFO - Sync 1 DAGs
[2023-11-12T19:54:10.668+0000] {logging_mixin.py:120} INFO - [2023-11-12T19:54:10.668+0000] {dag.py:3340} INFO - Setting next_dagrun for tutorial to 2023-11-11T19:54:10.667709+00:00, run_after=2023-11-12T19:54:10.667709+00:00
[2023-11-12T19:54:10.694+0000] {processor.py:176} INFO - Processing /home/airflow/.local/lib/python3.7/site-packages/airflow/example_dags/tutorial.py took 0.221 seconds
[2023-11-12T19:57:03.733+0000] {processor.py:154} INFO - Started process (PID=57) to work on /home/airflow/.local/lib/python3.7/site-packages/airflow/example_dags/tutorial.py
[2023-11-12T19:57:03.735+0000] {processor.py:756} INFO - Processing file /home/airflow/.local/lib/python3.7/site-packages/airflow/example_dags/tutorial.py for tasks to queue
[2023-11-12T19:57:03.749+0000] {logging_mixin.py:120} INFO - [2023-11-12T19:57:03.749+0000] {dagbag.py:537} INFO - Filling up the DagBag from /home/airflow/.local/lib/python3.7/site-packages/airflow/example_dags/tutorial.py
[2023-11-12T19:57:03.804+0000] {processor.py:766} INFO - DAG(s) dict_keys(['tutorial']) retrieved from /home/airflow/.local/lib/python3.7/site-packages/airflow/example_dags/tutorial.py
[2023-11-12T19:57:03.925+0000] {logging_mixin.py:120} INFO - [2023-11-12T19:57:03.925+0000] {dag.py:2585} INFO - Sync 1 DAGs
[2023-11-12T19:57:04.047+0000] {logging_mixin.py:120} INFO - [2023-11-12T19:57:04.047+0000] {dag.py:3340} INFO - Setting next_dagrun for tutorial to 2023-11-11T19:57:04.047483+00:00, run_after=2023-11-12T19:57:04.047483+00:00
[2023-11-12T19:57:04.160+0000] {processor.py:176} INFO - Processing /home/airflow/.local/lib/python3.7/site-packages/airflow/example_dags/tutorial.py took 0.432 seconds
[2023-11-12T19:57:34.700+0000] {processor.py:154} INFO - Started process (PID=111) to work on /home/airflow/.local/lib/python3.7/site-packages/airflow/example_dags/tutorial.py
[2023-11-12T19:57:34.702+0000] {processor.py:756} INFO - Processing file /home/airflow/.local/lib/python3.7/site-packages/airflow/example_dags/tutorial.py for tasks to queue
[2023-11-12T19:57:34.703+0000] {logging_mixin.py:120} INFO - [2023-11-12T19:57:34.703+0000] {dagbag.py:537} INFO - Filling up the DagBag from /home/airflow/.local/lib/python3.7/site-packages/airflow/example_dags/tutorial.py
[2023-11-12T19:57:34.743+0000] {processor.py:766} INFO - DAG(s) dict_keys(['tutorial']) retrieved from /home/airflow/.local/lib/python3.7/site-packages/airflow/example_dags/tutorial.py
[2023-11-12T19:57:34.793+0000] {logging_mixin.py:120} INFO - [2023-11-12T19:57:34.793+0000] {dag.py:2585} INFO - Sync 1 DAGs
[2023-11-12T19:57:34.849+0000] {logging_mixin.py:120} INFO - [2023-11-12T19:57:34.849+0000] {dag.py:3340} INFO - Setting next_dagrun for tutorial to 2023-11-11T19:57:34.849011+00:00, run_after=2023-11-12T19:57:34.849011+00:00
[2023-11-12T19:57:34.890+0000] {processor.py:176} INFO - Processing /home/airflow/.local/lib/python3.7/site-packages/airflow/example_dags/tutorial.py took 0.196 seconds
[2023-11-12T19:58:58.103+0000] {processor.py:154} INFO - Started process (PID=59) to work on /home/airflow/.local/lib/python3.7/site-packages/airflow/example_dags/tutorial.py
[2023-11-12T19:58:58.111+0000] {processor.py:756} INFO - Processing file /home/airflow/.local/lib/python3.7/site-packages/airflow/example_dags/tutorial.py for tasks to queue
[2023-11-12T19:58:58.114+0000] {logging_mixin.py:120} INFO - [2023-11-12T19:58:58.114+0000] {dagbag.py:537} INFO - Filling up the DagBag from /home/airflow/.local/lib/python3.7/site-packages/airflow/example_dags/tutorial.py
[2023-11-12T19:58:58.168+0000] {processor.py:766} INFO - DAG(s) dict_keys(['tutorial']) retrieved from /home/airflow/.local/lib/python3.7/site-packages/airflow/example_dags/tutorial.py
[2023-11-12T19:58:58.306+0000] {logging_mixin.py:120} INFO - [2023-11-12T19:58:58.306+0000] {dag.py:2585} INFO - Sync 1 DAGs
[2023-11-12T19:58:58.405+0000] {logging_mixin.py:120} INFO - [2023-11-12T19:58:58.405+0000] {dag.py:3340} INFO - Setting next_dagrun for tutorial to 2023-11-11T19:58:58.405074+00:00, run_after=2023-11-12T19:58:58.405074+00:00
[2023-11-12T19:58:58.503+0000] {processor.py:176} INFO - Processing /home/airflow/.local/lib/python3.7/site-packages/airflow/example_dags/tutorial.py took 0.413 seconds
[2023-11-12T19:59:29.387+0000] {processor.py:154} INFO - Started process (PID=114) to work on /home/airflow/.local/lib/python3.7/site-packages/airflow/example_dags/tutorial.py
[2023-11-12T19:59:29.392+0000] {processor.py:756} INFO - Processing file /home/airflow/.local/lib/python3.7/site-packages/airflow/example_dags/tutorial.py for tasks to queue
[2023-11-12T19:59:29.394+0000] {logging_mixin.py:120} INFO - [2023-11-12T19:59:29.394+0000] {dagbag.py:537} INFO - Filling up the DagBag from /home/airflow/.local/lib/python3.7/site-packages/airflow/example_dags/tutorial.py
[2023-11-12T19:59:29.428+0000] {processor.py:766} INFO - DAG(s) dict_keys(['tutorial']) retrieved from /home/airflow/.local/lib/python3.7/site-packages/airflow/example_dags/tutorial.py
[2023-11-12T19:59:29.486+0000] {logging_mixin.py:120} INFO - [2023-11-12T19:59:29.485+0000] {dag.py:2585} INFO - Sync 1 DAGs
[2023-11-12T19:59:29.527+0000] {logging_mixin.py:120} INFO - [2023-11-12T19:59:29.526+0000] {dag.py:3340} INFO - Setting next_dagrun for tutorial to 2023-11-11T19:59:29.526705+00:00, run_after=2023-11-12T19:59:29.526705+00:00
[2023-11-12T19:59:29.558+0000] {processor.py:176} INFO - Processing /home/airflow/.local/lib/python3.7/site-packages/airflow/example_dags/tutorial.py took 0.175 seconds
[2023-11-12T20:00:00.274+0000] {processor.py:154} INFO - Started process (PID=179) to work on /home/airflow/.local/lib/python3.7/site-packages/airflow/example_dags/tutorial.py
[2023-11-12T20:00:00.275+0000] {processor.py:756} INFO - Processing file /home/airflow/.local/lib/python3.7/site-packages/airflow/example_dags/tutorial.py for tasks to queue
[2023-11-12T20:00:00.276+0000] {logging_mixin.py:120} INFO - [2023-11-12T20:00:00.276+0000] {dagbag.py:537} INFO - Filling up the DagBag from /home/airflow/.local/lib/python3.7/site-packages/airflow/example_dags/tutorial.py
[2023-11-12T20:00:00.293+0000] {processor.py:766} INFO - DAG(s) dict_keys(['tutorial']) retrieved from /home/airflow/.local/lib/python3.7/site-packages/airflow/example_dags/tutorial.py
[2023-11-12T20:00:00.342+0000] {logging_mixin.py:120} INFO - [2023-11-12T20:00:00.341+0000] {dag.py:2585} INFO - Sync 1 DAGs
[2023-11-12T20:00:00.373+0000] {logging_mixin.py:120} INFO - [2023-11-12T20:00:00.373+0000] {dag.py:3340} INFO - Setting next_dagrun for tutorial to 2023-11-11T20:00:00.373613+00:00, run_after=2023-11-12T20:00:00.373613+00:00
[2023-11-12T20:00:00.459+0000] {processor.py:176} INFO - Processing /home/airflow/.local/lib/python3.7/site-packages/airflow/example_dags/tutorial.py took 0.188 seconds
[2023-11-12T20:00:30.527+0000] {processor.py:154} INFO - Started process (PID=242) to work on /home/airflow/.local/lib/python3.7/site-packages/airflow/example_dags/tutorial.py
[2023-11-12T20:00:30.528+0000] {processor.py:756} INFO - Processing file /home/airflow/.local/lib/python3.7/site-packages/airflow/example_dags/tutorial.py for tasks to queue
[2023-11-12T20:00:30.529+0000] {logging_mixin.py:120} INFO - [2023-11-12T20:00:30.528+0000] {dagbag.py:537} INFO - Filling up the DagBag from /home/airflow/.local/lib/python3.7/site-packages/airflow/example_dags/tutorial.py
[2023-11-12T20:00:30.545+0000] {processor.py:766} INFO - DAG(s) dict_keys(['tutorial']) retrieved from /home/airflow/.local/lib/python3.7/site-packages/airflow/example_dags/tutorial.py
[2023-11-12T20:00:30.594+0000] {logging_mixin.py:120} INFO - [2023-11-12T20:00:30.593+0000] {dag.py:2585} INFO - Sync 1 DAGs
[2023-11-12T20:00:30.626+0000] {logging_mixin.py:120} INFO - [2023-11-12T20:00:30.626+0000] {dag.py:3340} INFO - Setting next_dagrun for tutorial to 2023-11-11T20:00:30.625776+00:00, run_after=2023-11-12T20:00:30.625776+00:00
[2023-11-12T20:00:30.659+0000] {processor.py:176} INFO - Processing /home/airflow/.local/lib/python3.7/site-packages/airflow/example_dags/tutorial.py took 0.135 seconds
[2023-11-12T20:01:00.717+0000] {processor.py:154} INFO - Started process (PID=296) to work on /home/airflow/.local/lib/python3.7/site-packages/airflow/example_dags/tutorial.py
[2023-11-12T20:01:00.717+0000] {processor.py:756} INFO - Processing file /home/airflow/.local/lib/python3.7/site-packages/airflow/example_dags/tutorial.py for tasks to queue
[2023-11-12T20:01:00.718+0000] {logging_mixin.py:120} INFO - [2023-11-12T20:01:00.718+0000] {dagbag.py:537} INFO - Filling up the DagBag from /home/airflow/.local/lib/python3.7/site-packages/airflow/example_dags/tutorial.py
[2023-11-12T20:01:00.756+0000] {processor.py:766} INFO - DAG(s) dict_keys(['tutorial']) retrieved from /home/airflow/.local/lib/python3.7/site-packages/airflow/example_dags/tutorial.py
[2023-11-12T20:01:00.847+0000] {logging_mixin.py:120} INFO - [2023-11-12T20:01:00.846+0000] {dag.py:2585} INFO - Sync 1 DAGs
[2023-11-12T20:01:00.878+0000] {logging_mixin.py:120} INFO - [2023-11-12T20:01:00.877+0000] {dag.py:3340} INFO - Setting next_dagrun for tutorial to 2023-11-11T20:01:00.877709+00:00, run_after=2023-11-12T20:01:00.877709+00:00
[2023-11-12T20:01:00.905+0000] {processor.py:176} INFO - Processing /home/airflow/.local/lib/python3.7/site-packages/airflow/example_dags/tutorial.py took 0.192 seconds
[2023-11-12T20:01:31.217+0000] {processor.py:154} INFO - Started process (PID=359) to work on /home/airflow/.local/lib/python3.7/site-packages/airflow/example_dags/tutorial.py
[2023-11-12T20:01:31.219+0000] {processor.py:756} INFO - Processing file /home/airflow/.local/lib/python3.7/site-packages/airflow/example_dags/tutorial.py for tasks to queue
[2023-11-12T20:01:31.220+0000] {logging_mixin.py:120} INFO - [2023-11-12T20:01:31.219+0000] {dagbag.py:537} INFO - Filling up the DagBag from /home/airflow/.local/lib/python3.7/site-packages/airflow/example_dags/tutorial.py
[2023-11-12T20:01:31.267+0000] {processor.py:766} INFO - DAG(s) dict_keys(['tutorial']) retrieved from /home/airflow/.local/lib/python3.7/site-packages/airflow/example_dags/tutorial.py
[2023-11-12T20:01:31.333+0000] {logging_mixin.py:120} INFO - [2023-11-12T20:01:31.332+0000] {dag.py:2585} INFO - Sync 1 DAGs
[2023-11-12T20:01:31.395+0000] {logging_mixin.py:120} INFO - [2023-11-12T20:01:31.394+0000] {dag.py:3340} INFO - Setting next_dagrun for tutorial to 2023-11-11T20:01:31.394726+00:00, run_after=2023-11-12T20:01:31.394726+00:00
[2023-11-12T20:01:31.428+0000] {processor.py:176} INFO - Processing /home/airflow/.local/lib/python3.7/site-packages/airflow/example_dags/tutorial.py took 0.219 seconds
[2023-11-12T20:02:02.040+0000] {processor.py:154} INFO - Started process (PID=422) to work on /home/airflow/.local/lib/python3.7/site-packages/airflow/example_dags/tutorial.py
[2023-11-12T20:02:02.040+0000] {processor.py:756} INFO - Processing file /home/airflow/.local/lib/python3.7/site-packages/airflow/example_dags/tutorial.py for tasks to queue
[2023-11-12T20:02:02.041+0000] {logging_mixin.py:120} INFO - [2023-11-12T20:02:02.041+0000] {dagbag.py:537} INFO - Filling up the DagBag from /home/airflow/.local/lib/python3.7/site-packages/airflow/example_dags/tutorial.py
[2023-11-12T20:02:02.065+0000] {processor.py:766} INFO - DAG(s) dict_keys(['tutorial']) retrieved from /home/airflow/.local/lib/python3.7/site-packages/airflow/example_dags/tutorial.py
[2023-11-12T20:02:02.144+0000] {logging_mixin.py:120} INFO - [2023-11-12T20:02:02.144+0000] {dag.py:2585} INFO - Sync 1 DAGs
[2023-11-12T20:02:02.205+0000] {logging_mixin.py:120} INFO - [2023-11-12T20:02:02.205+0000] {dag.py:3340} INFO - Setting next_dagrun for tutorial to 2023-11-11T20:02:02.205013+00:00, run_after=2023-11-12T20:02:02.205013+00:00
[2023-11-12T20:02:02.252+0000] {processor.py:176} INFO - Processing /home/airflow/.local/lib/python3.7/site-packages/airflow/example_dags/tutorial.py took 0.216 seconds
[2023-11-12T20:02:32.326+0000] {processor.py:154} INFO - Started process (PID=476) to work on /home/airflow/.local/lib/python3.7/site-packages/airflow/example_dags/tutorial.py
[2023-11-12T20:02:32.327+0000] {processor.py:756} INFO - Processing file /home/airflow/.local/lib/python3.7/site-packages/airflow/example_dags/tutorial.py for tasks to queue
[2023-11-12T20:02:32.327+0000] {logging_mixin.py:120} INFO - [2023-11-12T20:02:32.327+0000] {dagbag.py:537} INFO - Filling up the DagBag from /home/airflow/.local/lib/python3.7/site-packages/airflow/example_dags/tutorial.py
[2023-11-12T20:02:32.346+0000] {processor.py:766} INFO - DAG(s) dict_keys(['tutorial']) retrieved from /home/airflow/.local/lib/python3.7/site-packages/airflow/example_dags/tutorial.py
[2023-11-12T20:02:32.396+0000] {logging_mixin.py:120} INFO - [2023-11-12T20:02:32.396+0000] {dag.py:2585} INFO - Sync 1 DAGs
[2023-11-12T20:02:32.453+0000] {logging_mixin.py:120} INFO - [2023-11-12T20:02:32.452+0000] {dag.py:3340} INFO - Setting next_dagrun for tutorial to 2023-11-11T20:02:32.452551+00:00, run_after=2023-11-12T20:02:32.452551+00:00
[2023-11-12T20:02:32.513+0000] {processor.py:176} INFO - Processing /home/airflow/.local/lib/python3.7/site-packages/airflow/example_dags/tutorial.py took 0.191 seconds
[2023-11-12T20:03:02.977+0000] {processor.py:154} INFO - Started process (PID=540) to work on /home/airflow/.local/lib/python3.7/site-packages/airflow/example_dags/tutorial.py
[2023-11-12T20:03:02.978+0000] {processor.py:756} INFO - Processing file /home/airflow/.local/lib/python3.7/site-packages/airflow/example_dags/tutorial.py for tasks to queue
[2023-11-12T20:03:02.978+0000] {logging_mixin.py:120} INFO - [2023-11-12T20:03:02.978+0000] {dagbag.py:537} INFO - Filling up the DagBag from /home/airflow/.local/lib/python3.7/site-packages/airflow/example_dags/tutorial.py
[2023-11-12T20:03:02.995+0000] {processor.py:766} INFO - DAG(s) dict_keys(['tutorial']) retrieved from /home/airflow/.local/lib/python3.7/site-packages/airflow/example_dags/tutorial.py
[2023-11-12T20:03:03.038+0000] {logging_mixin.py:120} INFO - [2023-11-12T20:03:03.038+0000] {dag.py:2585} INFO - Sync 1 DAGs
[2023-11-12T20:03:03.091+0000] {logging_mixin.py:120} INFO - [2023-11-12T20:03:03.091+0000] {dag.py:3340} INFO - Setting next_dagrun for tutorial to 2023-11-11T20:03:03.091329+00:00, run_after=2023-11-12T20:03:03.091329+00:00
[2023-11-12T20:03:03.118+0000] {processor.py:176} INFO - Processing /home/airflow/.local/lib/python3.7/site-packages/airflow/example_dags/tutorial.py took 0.145 seconds
[2023-11-12T20:03:33.622+0000] {processor.py:154} INFO - Started process (PID=604) to work on /home/airflow/.local/lib/python3.7/site-packages/airflow/example_dags/tutorial.py
[2023-11-12T20:03:33.622+0000] {processor.py:756} INFO - Processing file /home/airflow/.local/lib/python3.7/site-packages/airflow/example_dags/tutorial.py for tasks to queue
[2023-11-12T20:03:33.623+0000] {logging_mixin.py:120} INFO - [2023-11-12T20:03:33.623+0000] {dagbag.py:537} INFO - Filling up the DagBag from /home/airflow/.local/lib/python3.7/site-packages/airflow/example_dags/tutorial.py
[2023-11-12T20:03:33.643+0000] {processor.py:766} INFO - DAG(s) dict_keys(['tutorial']) retrieved from /home/airflow/.local/lib/python3.7/site-packages/airflow/example_dags/tutorial.py
[2023-11-12T20:03:33.689+0000] {logging_mixin.py:120} INFO - [2023-11-12T20:03:33.689+0000] {dag.py:2585} INFO - Sync 1 DAGs
[2023-11-12T20:03:33.720+0000] {logging_mixin.py:120} INFO - [2023-11-12T20:03:33.720+0000] {dag.py:3340} INFO - Setting next_dagrun for tutorial to 2023-11-11T20:03:33.719849+00:00, run_after=2023-11-12T20:03:33.719849+00:00
[2023-11-12T20:03:33.749+0000] {processor.py:176} INFO - Processing /home/airflow/.local/lib/python3.7/site-packages/airflow/example_dags/tutorial.py took 0.131 seconds
[2023-11-12T20:04:04.690+0000] {processor.py:154} INFO - Started process (PID=659) to work on /home/airflow/.local/lib/python3.7/site-packages/airflow/example_dags/tutorial.py
[2023-11-12T20:04:04.700+0000] {processor.py:756} INFO - Processing file /home/airflow/.local/lib/python3.7/site-packages/airflow/example_dags/tutorial.py for tasks to queue
[2023-11-12T20:04:04.701+0000] {logging_mixin.py:120} INFO - [2023-11-12T20:04:04.701+0000] {dagbag.py:537} INFO - Filling up the DagBag from /home/airflow/.local/lib/python3.7/site-packages/airflow/example_dags/tutorial.py
[2023-11-12T20:04:04.730+0000] {processor.py:766} INFO - DAG(s) dict_keys(['tutorial']) retrieved from /home/airflow/.local/lib/python3.7/site-packages/airflow/example_dags/tutorial.py
[2023-11-12T20:04:04.804+0000] {logging_mixin.py:120} INFO - [2023-11-12T20:04:04.804+0000] {dag.py:2585} INFO - Sync 1 DAGs
[2023-11-12T20:04:04.941+0000] {logging_mixin.py:120} INFO - [2023-11-12T20:04:04.941+0000] {dag.py:3340} INFO - Setting next_dagrun for tutorial to 2023-11-11T20:04:04.941074+00:00, run_after=2023-11-12T20:04:04.941074+00:00
[2023-11-12T20:04:05.013+0000] {processor.py:176} INFO - Processing /home/airflow/.local/lib/python3.7/site-packages/airflow/example_dags/tutorial.py took 0.326 seconds
[2023-11-12T20:04:35.765+0000] {processor.py:154} INFO - Started process (PID=723) to work on /home/airflow/.local/lib/python3.7/site-packages/airflow/example_dags/tutorial.py
[2023-11-12T20:04:35.766+0000] {processor.py:756} INFO - Processing file /home/airflow/.local/lib/python3.7/site-packages/airflow/example_dags/tutorial.py for tasks to queue
[2023-11-12T20:04:35.767+0000] {logging_mixin.py:120} INFO - [2023-11-12T20:04:35.767+0000] {dagbag.py:537} INFO - Filling up the DagBag from /home/airflow/.local/lib/python3.7/site-packages/airflow/example_dags/tutorial.py
[2023-11-12T20:04:35.782+0000] {processor.py:766} INFO - DAG(s) dict_keys(['tutorial']) retrieved from /home/airflow/.local/lib/python3.7/site-packages/airflow/example_dags/tutorial.py
[2023-11-12T20:04:35.846+0000] {logging_mixin.py:120} INFO - [2023-11-12T20:04:35.846+0000] {dag.py:2585} INFO - Sync 1 DAGs
[2023-11-12T20:04:35.906+0000] {logging_mixin.py:120} INFO - [2023-11-12T20:04:35.906+0000] {dag.py:3340} INFO - Setting next_dagrun for tutorial to 2023-11-11T20:04:35.906441+00:00, run_after=2023-11-12T20:04:35.906441+00:00
[2023-11-12T20:04:35.965+0000] {processor.py:176} INFO - Processing /home/airflow/.local/lib/python3.7/site-packages/airflow/example_dags/tutorial.py took 0.204 seconds
[2023-11-12T20:05:06.752+0000] {processor.py:154} INFO - Started process (PID=787) to work on /home/airflow/.local/lib/python3.7/site-packages/airflow/example_dags/tutorial.py
[2023-11-12T20:05:06.753+0000] {processor.py:756} INFO - Processing file /home/airflow/.local/lib/python3.7/site-packages/airflow/example_dags/tutorial.py for tasks to queue
[2023-11-12T20:05:06.754+0000] {logging_mixin.py:120} INFO - [2023-11-12T20:05:06.754+0000] {dagbag.py:537} INFO - Filling up the DagBag from /home/airflow/.local/lib/python3.7/site-packages/airflow/example_dags/tutorial.py
[2023-11-12T20:05:06.770+0000] {processor.py:766} INFO - DAG(s) dict_keys(['tutorial']) retrieved from /home/airflow/.local/lib/python3.7/site-packages/airflow/example_dags/tutorial.py
[2023-11-12T20:05:06.819+0000] {logging_mixin.py:120} INFO - [2023-11-12T20:05:06.818+0000] {dag.py:2585} INFO - Sync 1 DAGs
[2023-11-12T20:05:06.862+0000] {logging_mixin.py:120} INFO - [2023-11-12T20:05:06.860+0000] {dag.py:3340} INFO - Setting next_dagrun for tutorial to 2023-11-11T20:05:06.860189+00:00, run_after=2023-11-12T20:05:06.860189+00:00
[2023-11-12T20:05:06.903+0000] {processor.py:176} INFO - Processing /home/airflow/.local/lib/python3.7/site-packages/airflow/example_dags/tutorial.py took 0.155 seconds
[2023-11-12T20:05:37.228+0000] {processor.py:154} INFO - Started process (PID=840) to work on /home/airflow/.local/lib/python3.7/site-packages/airflow/example_dags/tutorial.py
[2023-11-12T20:05:37.229+0000] {processor.py:756} INFO - Processing file /home/airflow/.local/lib/python3.7/site-packages/airflow/example_dags/tutorial.py for tasks to queue
[2023-11-12T20:05:37.230+0000] {logging_mixin.py:120} INFO - [2023-11-12T20:05:37.230+0000] {dagbag.py:537} INFO - Filling up the DagBag from /home/airflow/.local/lib/python3.7/site-packages/airflow/example_dags/tutorial.py
[2023-11-12T20:05:37.251+0000] {processor.py:766} INFO - DAG(s) dict_keys(['tutorial']) retrieved from /home/airflow/.local/lib/python3.7/site-packages/airflow/example_dags/tutorial.py
[2023-11-12T20:05:37.298+0000] {logging_mixin.py:120} INFO - [2023-11-12T20:05:37.298+0000] {dag.py:2585} INFO - Sync 1 DAGs
[2023-11-12T20:05:37.367+0000] {logging_mixin.py:120} INFO - [2023-11-12T20:05:37.367+0000] {dag.py:3340} INFO - Setting next_dagrun for tutorial to 2023-11-11T20:05:37.366794+00:00, run_after=2023-11-12T20:05:37.366794+00:00
[2023-11-12T20:05:37.412+0000] {processor.py:176} INFO - Processing /home/airflow/.local/lib/python3.7/site-packages/airflow/example_dags/tutorial.py took 0.187 seconds
[2023-11-12T20:06:08.886+0000] {processor.py:154} INFO - Started process (PID=902) to work on /home/airflow/.local/lib/python3.7/site-packages/airflow/example_dags/tutorial.py
[2023-11-12T20:06:08.888+0000] {processor.py:756} INFO - Processing file /home/airflow/.local/lib/python3.7/site-packages/airflow/example_dags/tutorial.py for tasks to queue
[2023-11-12T20:06:08.889+0000] {logging_mixin.py:120} INFO - [2023-11-12T20:06:08.889+0000] {dagbag.py:537} INFO - Filling up the DagBag from /home/airflow/.local/lib/python3.7/site-packages/airflow/example_dags/tutorial.py
[2023-11-12T20:06:08.946+0000] {processor.py:766} INFO - DAG(s) dict_keys(['tutorial']) retrieved from /home/airflow/.local/lib/python3.7/site-packages/airflow/example_dags/tutorial.py
[2023-11-12T20:06:09.045+0000] {logging_mixin.py:120} INFO - [2023-11-12T20:06:09.044+0000] {dag.py:2585} INFO - Sync 1 DAGs
[2023-11-12T20:06:09.106+0000] {logging_mixin.py:120} INFO - [2023-11-12T20:06:09.106+0000] {dag.py:3340} INFO - Setting next_dagrun for tutorial to 2023-11-11T20:06:09.106083+00:00, run_after=2023-11-12T20:06:09.106083+00:00
[2023-11-12T20:06:09.155+0000] {processor.py:176} INFO - Processing /home/airflow/.local/lib/python3.7/site-packages/airflow/example_dags/tutorial.py took 0.282 seconds
[2023-11-12T20:06:39.447+0000] {processor.py:154} INFO - Started process (PID=955) to work on /home/airflow/.local/lib/python3.7/site-packages/airflow/example_dags/tutorial.py
[2023-11-12T20:06:39.453+0000] {processor.py:756} INFO - Processing file /home/airflow/.local/lib/python3.7/site-packages/airflow/example_dags/tutorial.py for tasks to queue
[2023-11-12T20:06:39.453+0000] {logging_mixin.py:120} INFO - [2023-11-12T20:06:39.453+0000] {dagbag.py:537} INFO - Filling up the DagBag from /home/airflow/.local/lib/python3.7/site-packages/airflow/example_dags/tutorial.py
[2023-11-12T20:06:39.483+0000] {processor.py:766} INFO - DAG(s) dict_keys(['tutorial']) retrieved from /home/airflow/.local/lib/python3.7/site-packages/airflow/example_dags/tutorial.py
[2023-11-12T20:06:39.553+0000] {logging_mixin.py:120} INFO - [2023-11-12T20:06:39.553+0000] {dag.py:2585} INFO - Sync 1 DAGs
[2023-11-12T20:06:39.636+0000] {logging_mixin.py:120} INFO - [2023-11-12T20:06:39.636+0000] {dag.py:3340} INFO - Setting next_dagrun for tutorial to 2023-11-11T20:06:39.636176+00:00, run_after=2023-11-12T20:06:39.636176+00:00
[2023-11-12T20:06:39.696+0000] {processor.py:176} INFO - Processing /home/airflow/.local/lib/python3.7/site-packages/airflow/example_dags/tutorial.py took 0.252 seconds
[2023-11-12T20:07:10.382+0000] {processor.py:154} INFO - Started process (PID=1017) to work on /home/airflow/.local/lib/python3.7/site-packages/airflow/example_dags/tutorial.py
[2023-11-12T20:07:10.383+0000] {processor.py:756} INFO - Processing file /home/airflow/.local/lib/python3.7/site-packages/airflow/example_dags/tutorial.py for tasks to queue
[2023-11-12T20:07:10.384+0000] {logging_mixin.py:120} INFO - [2023-11-12T20:07:10.383+0000] {dagbag.py:537} INFO - Filling up the DagBag from /home/airflow/.local/lib/python3.7/site-packages/airflow/example_dags/tutorial.py
[2023-11-12T20:07:10.400+0000] {processor.py:766} INFO - DAG(s) dict_keys(['tutorial']) retrieved from /home/airflow/.local/lib/python3.7/site-packages/airflow/example_dags/tutorial.py
[2023-11-12T20:07:10.473+0000] {logging_mixin.py:120} INFO - [2023-11-12T20:07:10.473+0000] {dag.py:2585} INFO - Sync 1 DAGs
[2023-11-12T20:07:10.511+0000] {logging_mixin.py:120} INFO - [2023-11-12T20:07:10.511+0000] {dag.py:3340} INFO - Setting next_dagrun for tutorial to 2023-11-11T20:07:10.511294+00:00, run_after=2023-11-12T20:07:10.511294+00:00
[2023-11-12T20:07:10.538+0000] {processor.py:176} INFO - Processing /home/airflow/.local/lib/python3.7/site-packages/airflow/example_dags/tutorial.py took 0.159 seconds
[2023-11-12T20:07:40.707+0000] {processor.py:154} INFO - Started process (PID=1071) to work on /home/airflow/.local/lib/python3.7/site-packages/airflow/example_dags/tutorial.py
[2023-11-12T20:07:40.708+0000] {processor.py:756} INFO - Processing file /home/airflow/.local/lib/python3.7/site-packages/airflow/example_dags/tutorial.py for tasks to queue
[2023-11-12T20:07:40.709+0000] {logging_mixin.py:120} INFO - [2023-11-12T20:07:40.709+0000] {dagbag.py:537} INFO - Filling up the DagBag from /home/airflow/.local/lib/python3.7/site-packages/airflow/example_dags/tutorial.py
[2023-11-12T20:07:40.743+0000] {processor.py:766} INFO - DAG(s) dict_keys(['tutorial']) retrieved from /home/airflow/.local/lib/python3.7/site-packages/airflow/example_dags/tutorial.py
[2023-11-12T20:07:40.829+0000] {logging_mixin.py:120} INFO - [2023-11-12T20:07:40.829+0000] {dag.py:2585} INFO - Sync 1 DAGs
[2023-11-12T20:07:40.863+0000] {logging_mixin.py:120} INFO - [2023-11-12T20:07:40.862+0000] {dag.py:3340} INFO - Setting next_dagrun for tutorial to 2023-11-11T20:07:40.862648+00:00, run_after=2023-11-12T20:07:40.862648+00:00
[2023-11-12T20:07:40.889+0000] {processor.py:176} INFO - Processing /home/airflow/.local/lib/python3.7/site-packages/airflow/example_dags/tutorial.py took 0.201 seconds
[2023-11-12T20:08:11.641+0000] {processor.py:154} INFO - Started process (PID=1133) to work on /home/airflow/.local/lib/python3.7/site-packages/airflow/example_dags/tutorial.py
[2023-11-12T20:08:11.648+0000] {processor.py:756} INFO - Processing file /home/airflow/.local/lib/python3.7/site-packages/airflow/example_dags/tutorial.py for tasks to queue
[2023-11-12T20:08:11.649+0000] {logging_mixin.py:120} INFO - [2023-11-12T20:08:11.649+0000] {dagbag.py:537} INFO - Filling up the DagBag from /home/airflow/.local/lib/python3.7/site-packages/airflow/example_dags/tutorial.py
[2023-11-12T20:08:11.726+0000] {processor.py:766} INFO - DAG(s) dict_keys(['tutorial']) retrieved from /home/airflow/.local/lib/python3.7/site-packages/airflow/example_dags/tutorial.py
[2023-11-12T20:08:11.870+0000] {logging_mixin.py:120} INFO - [2023-11-12T20:08:11.869+0000] {dag.py:2585} INFO - Sync 1 DAGs
[2023-11-12T20:08:11.932+0000] {logging_mixin.py:120} INFO - [2023-11-12T20:08:11.932+0000] {dag.py:3340} INFO - Setting next_dagrun for tutorial to 2023-11-11T20:08:11.932050+00:00, run_after=2023-11-12T20:08:11.932050+00:00
[2023-11-12T20:08:11.971+0000] {processor.py:176} INFO - Processing /home/airflow/.local/lib/python3.7/site-packages/airflow/example_dags/tutorial.py took 0.419 seconds
[2023-11-12T20:08:42.515+0000] {processor.py:154} INFO - Started process (PID=1187) to work on /home/airflow/.local/lib/python3.7/site-packages/airflow/example_dags/tutorial.py
[2023-11-12T20:08:42.515+0000] {processor.py:756} INFO - Processing file /home/airflow/.local/lib/python3.7/site-packages/airflow/example_dags/tutorial.py for tasks to queue
[2023-11-12T20:08:42.516+0000] {logging_mixin.py:120} INFO - [2023-11-12T20:08:42.516+0000] {dagbag.py:537} INFO - Filling up the DagBag from /home/airflow/.local/lib/python3.7/site-packages/airflow/example_dags/tutorial.py
[2023-11-12T20:08:42.557+0000] {processor.py:766} INFO - DAG(s) dict_keys(['tutorial']) retrieved from /home/airflow/.local/lib/python3.7/site-packages/airflow/example_dags/tutorial.py
[2023-11-12T20:08:42.628+0000] {logging_mixin.py:120} INFO - [2023-11-12T20:08:42.628+0000] {dag.py:2585} INFO - Sync 1 DAGs
[2023-11-12T20:08:42.690+0000] {logging_mixin.py:120} INFO - [2023-11-12T20:08:42.690+0000] {dag.py:3340} INFO - Setting next_dagrun for tutorial to 2023-11-11T20:08:42.689909+00:00, run_after=2023-11-12T20:08:42.689909+00:00
[2023-11-12T20:08:42.721+0000] {processor.py:176} INFO - Processing /home/airflow/.local/lib/python3.7/site-packages/airflow/example_dags/tutorial.py took 0.210 seconds
[2023-11-12T20:09:13.663+0000] {processor.py:154} INFO - Started process (PID=1249) to work on /home/airflow/.local/lib/python3.7/site-packages/airflow/example_dags/tutorial.py
[2023-11-12T20:09:13.665+0000] {processor.py:756} INFO - Processing file /home/airflow/.local/lib/python3.7/site-packages/airflow/example_dags/tutorial.py for tasks to queue
[2023-11-12T20:09:13.671+0000] {logging_mixin.py:120} INFO - [2023-11-12T20:09:13.671+0000] {dagbag.py:537} INFO - Filling up the DagBag from /home/airflow/.local/lib/python3.7/site-packages/airflow/example_dags/tutorial.py
[2023-11-12T20:09:13.695+0000] {processor.py:766} INFO - DAG(s) dict_keys(['tutorial']) retrieved from /home/airflow/.local/lib/python3.7/site-packages/airflow/example_dags/tutorial.py
[2023-11-12T20:09:13.860+0000] {logging_mixin.py:120} INFO - [2023-11-12T20:09:13.860+0000] {dag.py:2585} INFO - Sync 1 DAGs
[2023-11-12T20:09:13.956+0000] {logging_mixin.py:120} INFO - [2023-11-12T20:09:13.956+0000] {dag.py:3340} INFO - Setting next_dagrun for tutorial to 2023-11-11T20:09:13.956060+00:00, run_after=2023-11-12T20:09:13.956060+00:00
[2023-11-12T20:09:14.027+0000] {processor.py:176} INFO - Processing /home/airflow/.local/lib/python3.7/site-packages/airflow/example_dags/tutorial.py took 0.371 seconds
[2023-11-12T20:09:44.487+0000] {processor.py:154} INFO - Started process (PID=1302) to work on /home/airflow/.local/lib/python3.7/site-packages/airflow/example_dags/tutorial.py
[2023-11-12T20:09:44.487+0000] {processor.py:756} INFO - Processing file /home/airflow/.local/lib/python3.7/site-packages/airflow/example_dags/tutorial.py for tasks to queue
[2023-11-12T20:09:44.488+0000] {logging_mixin.py:120} INFO - [2023-11-12T20:09:44.488+0000] {dagbag.py:537} INFO - Filling up the DagBag from /home/airflow/.local/lib/python3.7/site-packages/airflow/example_dags/tutorial.py
[2023-11-12T20:09:44.500+0000] {processor.py:766} INFO - DAG(s) dict_keys(['tutorial']) retrieved from /home/airflow/.local/lib/python3.7/site-packages/airflow/example_dags/tutorial.py
[2023-11-12T20:09:44.533+0000] {logging_mixin.py:120} INFO - [2023-11-12T20:09:44.533+0000] {dag.py:2585} INFO - Sync 1 DAGs
[2023-11-12T20:09:44.553+0000] {logging_mixin.py:120} INFO - [2023-11-12T20:09:44.553+0000] {dag.py:3340} INFO - Setting next_dagrun for tutorial to 2023-11-11T20:09:44.553252+00:00, run_after=2023-11-12T20:09:44.553252+00:00
[2023-11-12T20:09:44.576+0000] {processor.py:176} INFO - Processing /home/airflow/.local/lib/python3.7/site-packages/airflow/example_dags/tutorial.py took 0.092 seconds
[2023-11-12T20:10:15.316+0000] {processor.py:154} INFO - Started process (PID=1354) to work on /home/airflow/.local/lib/python3.7/site-packages/airflow/example_dags/tutorial.py
[2023-11-12T20:10:15.317+0000] {processor.py:756} INFO - Processing file /home/airflow/.local/lib/python3.7/site-packages/airflow/example_dags/tutorial.py for tasks to queue
[2023-11-12T20:10:15.318+0000] {logging_mixin.py:120} INFO - [2023-11-12T20:10:15.318+0000] {dagbag.py:537} INFO - Filling up the DagBag from /home/airflow/.local/lib/python3.7/site-packages/airflow/example_dags/tutorial.py
[2023-11-12T20:10:15.339+0000] {processor.py:766} INFO - DAG(s) dict_keys(['tutorial']) retrieved from /home/airflow/.local/lib/python3.7/site-packages/airflow/example_dags/tutorial.py
[2023-11-12T20:10:15.383+0000] {logging_mixin.py:120} INFO - [2023-11-12T20:10:15.383+0000] {dag.py:2585} INFO - Sync 1 DAGs
[2023-11-12T20:10:15.425+0000] {logging_mixin.py:120} INFO - [2023-11-12T20:10:15.425+0000] {dag.py:3340} INFO - Setting next_dagrun for tutorial to 2023-11-11T20:10:15.425057+00:00, run_after=2023-11-12T20:10:15.425057+00:00
[2023-11-12T20:10:15.485+0000] {processor.py:176} INFO - Processing /home/airflow/.local/lib/python3.7/site-packages/airflow/example_dags/tutorial.py took 0.173 seconds
[2023-11-12T20:10:46.348+0000] {processor.py:154} INFO - Started process (PID=1416) to work on /home/airflow/.local/lib/python3.7/site-packages/airflow/example_dags/tutorial.py
[2023-11-12T20:10:46.357+0000] {processor.py:756} INFO - Processing file /home/airflow/.local/lib/python3.7/site-packages/airflow/example_dags/tutorial.py for tasks to queue
[2023-11-12T20:10:46.358+0000] {logging_mixin.py:120} INFO - [2023-11-12T20:10:46.358+0000] {dagbag.py:537} INFO - Filling up the DagBag from /home/airflow/.local/lib/python3.7/site-packages/airflow/example_dags/tutorial.py
[2023-11-12T20:10:46.478+0000] {processor.py:766} INFO - DAG(s) dict_keys(['tutorial']) retrieved from /home/airflow/.local/lib/python3.7/site-packages/airflow/example_dags/tutorial.py
[2023-11-12T20:10:46.667+0000] {logging_mixin.py:120} INFO - [2023-11-12T20:10:46.667+0000] {dag.py:2585} INFO - Sync 1 DAGs
[2023-11-12T20:10:46.773+0000] {logging_mixin.py:120} INFO - [2023-11-12T20:10:46.773+0000] {dag.py:3340} INFO - Setting next_dagrun for tutorial to 2023-11-11T20:10:46.773161+00:00, run_after=2023-11-12T20:10:46.773161+00:00
[2023-11-12T20:10:46.877+0000] {processor.py:176} INFO - Processing /home/airflow/.local/lib/python3.7/site-packages/airflow/example_dags/tutorial.py took 0.557 seconds
[2023-11-12T20:11:17.382+0000] {processor.py:154} INFO - Started process (PID=1469) to work on /home/airflow/.local/lib/python3.7/site-packages/airflow/example_dags/tutorial.py
[2023-11-12T20:11:17.383+0000] {processor.py:756} INFO - Processing file /home/airflow/.local/lib/python3.7/site-packages/airflow/example_dags/tutorial.py for tasks to queue
[2023-11-12T20:11:17.384+0000] {logging_mixin.py:120} INFO - [2023-11-12T20:11:17.384+0000] {dagbag.py:537} INFO - Filling up the DagBag from /home/airflow/.local/lib/python3.7/site-packages/airflow/example_dags/tutorial.py
[2023-11-12T20:11:17.400+0000] {processor.py:766} INFO - DAG(s) dict_keys(['tutorial']) retrieved from /home/airflow/.local/lib/python3.7/site-packages/airflow/example_dags/tutorial.py
[2023-11-12T20:11:17.460+0000] {logging_mixin.py:120} INFO - [2023-11-12T20:11:17.459+0000] {dag.py:2585} INFO - Sync 1 DAGs
[2023-11-12T20:11:17.494+0000] {logging_mixin.py:120} INFO - [2023-11-12T20:11:17.494+0000] {dag.py:3340} INFO - Setting next_dagrun for tutorial to 2023-11-11T20:11:17.494350+00:00, run_after=2023-11-12T20:11:17.494350+00:00
[2023-11-12T20:11:17.525+0000] {processor.py:176} INFO - Processing /home/airflow/.local/lib/python3.7/site-packages/airflow/example_dags/tutorial.py took 0.146 seconds
[2023-11-12T20:11:48.441+0000] {processor.py:154} INFO - Started process (PID=1531) to work on /home/airflow/.local/lib/python3.7/site-packages/airflow/example_dags/tutorial.py
[2023-11-12T20:11:48.442+0000] {processor.py:756} INFO - Processing file /home/airflow/.local/lib/python3.7/site-packages/airflow/example_dags/tutorial.py for tasks to queue
[2023-11-12T20:11:48.445+0000] {logging_mixin.py:120} INFO - [2023-11-12T20:11:48.445+0000] {dagbag.py:537} INFO - Filling up the DagBag from /home/airflow/.local/lib/python3.7/site-packages/airflow/example_dags/tutorial.py
[2023-11-12T20:11:48.480+0000] {processor.py:766} INFO - DAG(s) dict_keys(['tutorial']) retrieved from /home/airflow/.local/lib/python3.7/site-packages/airflow/example_dags/tutorial.py
[2023-11-12T20:11:48.574+0000] {logging_mixin.py:120} INFO - [2023-11-12T20:11:48.574+0000] {dag.py:2585} INFO - Sync 1 DAGs
[2023-11-12T20:11:48.607+0000] {logging_mixin.py:120} INFO - [2023-11-12T20:11:48.607+0000] {dag.py:3340} INFO - Setting next_dagrun for tutorial to 2023-11-11T20:11:48.606874+00:00, run_after=2023-11-12T20:11:48.606874+00:00
[2023-11-12T20:11:48.638+0000] {processor.py:176} INFO - Processing /home/airflow/.local/lib/python3.7/site-packages/airflow/example_dags/tutorial.py took 0.203 seconds
[2023-11-12T20:12:18.683+0000] {processor.py:154} INFO - Started process (PID=1585) to work on /home/airflow/.local/lib/python3.7/site-packages/airflow/example_dags/tutorial.py
[2023-11-12T20:12:18.685+0000] {processor.py:756} INFO - Processing file /home/airflow/.local/lib/python3.7/site-packages/airflow/example_dags/tutorial.py for tasks to queue
[2023-11-12T20:12:18.685+0000] {logging_mixin.py:120} INFO - [2023-11-12T20:12:18.685+0000] {dagbag.py:537} INFO - Filling up the DagBag from /home/airflow/.local/lib/python3.7/site-packages/airflow/example_dags/tutorial.py
[2023-11-12T20:12:18.702+0000] {processor.py:766} INFO - DAG(s) dict_keys(['tutorial']) retrieved from /home/airflow/.local/lib/python3.7/site-packages/airflow/example_dags/tutorial.py
[2023-11-12T20:12:18.752+0000] {logging_mixin.py:120} INFO - [2023-11-12T20:12:18.752+0000] {dag.py:2585} INFO - Sync 1 DAGs
[2023-11-12T20:12:18.783+0000] {logging_mixin.py:120} INFO - [2023-11-12T20:12:18.783+0000] {dag.py:3340} INFO - Setting next_dagrun for tutorial to 2023-11-11T20:12:18.783232+00:00, run_after=2023-11-12T20:12:18.783232+00:00
[2023-11-12T20:12:18.813+0000] {processor.py:176} INFO - Processing /home/airflow/.local/lib/python3.7/site-packages/airflow/example_dags/tutorial.py took 0.135 seconds
[2023-11-12T20:12:49.507+0000] {processor.py:154} INFO - Started process (PID=1648) to work on /home/airflow/.local/lib/python3.7/site-packages/airflow/example_dags/tutorial.py
[2023-11-12T20:12:49.511+0000] {processor.py:756} INFO - Processing file /home/airflow/.local/lib/python3.7/site-packages/airflow/example_dags/tutorial.py for tasks to queue
[2023-11-12T20:12:49.512+0000] {logging_mixin.py:120} INFO - [2023-11-12T20:12:49.512+0000] {dagbag.py:537} INFO - Filling up the DagBag from /home/airflow/.local/lib/python3.7/site-packages/airflow/example_dags/tutorial.py
[2023-11-12T20:12:49.602+0000] {processor.py:766} INFO - DAG(s) dict_keys(['tutorial']) retrieved from /home/airflow/.local/lib/python3.7/site-packages/airflow/example_dags/tutorial.py
[2023-11-12T20:12:49.673+0000] {logging_mixin.py:120} INFO - [2023-11-12T20:12:49.672+0000] {dag.py:2585} INFO - Sync 1 DAGs
[2023-11-12T20:12:49.706+0000] {logging_mixin.py:120} INFO - [2023-11-12T20:12:49.706+0000] {dag.py:3340} INFO - Setting next_dagrun for tutorial to 2023-11-11T20:12:49.705844+00:00, run_after=2023-11-12T20:12:49.705844+00:00
[2023-11-12T20:12:49.745+0000] {processor.py:176} INFO - Processing /home/airflow/.local/lib/python3.7/site-packages/airflow/example_dags/tutorial.py took 0.241 seconds
[2023-11-12T20:13:19.898+0000] {processor.py:154} INFO - Started process (PID=1701) to work on /home/airflow/.local/lib/python3.7/site-packages/airflow/example_dags/tutorial.py
[2023-11-12T20:13:19.899+0000] {processor.py:756} INFO - Processing file /home/airflow/.local/lib/python3.7/site-packages/airflow/example_dags/tutorial.py for tasks to queue
[2023-11-12T20:13:19.899+0000] {logging_mixin.py:120} INFO - [2023-11-12T20:13:19.899+0000] {dagbag.py:537} INFO - Filling up the DagBag from /home/airflow/.local/lib/python3.7/site-packages/airflow/example_dags/tutorial.py
[2023-11-12T20:13:19.913+0000] {processor.py:766} INFO - DAG(s) dict_keys(['tutorial']) retrieved from /home/airflow/.local/lib/python3.7/site-packages/airflow/example_dags/tutorial.py
[2023-11-12T20:13:19.947+0000] {logging_mixin.py:120} INFO - [2023-11-12T20:13:19.947+0000] {dag.py:2585} INFO - Sync 1 DAGs
[2023-11-12T20:13:19.966+0000] {logging_mixin.py:120} INFO - [2023-11-12T20:13:19.966+0000] {dag.py:3340} INFO - Setting next_dagrun for tutorial to 2023-11-11T20:13:19.966238+00:00, run_after=2023-11-12T20:13:19.966238+00:00
[2023-11-12T20:13:19.987+0000] {processor.py:176} INFO - Processing /home/airflow/.local/lib/python3.7/site-packages/airflow/example_dags/tutorial.py took 0.092 seconds
[2023-11-12T20:13:50.574+0000] {processor.py:154} INFO - Started process (PID=1764) to work on /home/airflow/.local/lib/python3.7/site-packages/airflow/example_dags/tutorial.py
[2023-11-12T20:13:50.576+0000] {processor.py:756} INFO - Processing file /home/airflow/.local/lib/python3.7/site-packages/airflow/example_dags/tutorial.py for tasks to queue
[2023-11-12T20:13:50.577+0000] {logging_mixin.py:120} INFO - [2023-11-12T20:13:50.577+0000] {dagbag.py:537} INFO - Filling up the DagBag from /home/airflow/.local/lib/python3.7/site-packages/airflow/example_dags/tutorial.py
[2023-11-12T20:13:50.615+0000] {processor.py:766} INFO - DAG(s) dict_keys(['tutorial']) retrieved from /home/airflow/.local/lib/python3.7/site-packages/airflow/example_dags/tutorial.py
[2023-11-12T20:13:50.679+0000] {logging_mixin.py:120} INFO - [2023-11-12T20:13:50.678+0000] {dag.py:2585} INFO - Sync 1 DAGs
[2023-11-12T20:13:50.711+0000] {logging_mixin.py:120} INFO - [2023-11-12T20:13:50.710+0000] {dag.py:3340} INFO - Setting next_dagrun for tutorial to 2023-11-11T20:13:50.710754+00:00, run_after=2023-11-12T20:13:50.710754+00:00
[2023-11-12T20:13:50.734+0000] {processor.py:176} INFO - Processing /home/airflow/.local/lib/python3.7/site-packages/airflow/example_dags/tutorial.py took 0.163 seconds
[2023-11-12T20:14:20.987+0000] {processor.py:154} INFO - Started process (PID=1818) to work on /home/airflow/.local/lib/python3.7/site-packages/airflow/example_dags/tutorial.py
[2023-11-12T20:14:21.000+0000] {processor.py:756} INFO - Processing file /home/airflow/.local/lib/python3.7/site-packages/airflow/example_dags/tutorial.py for tasks to queue
[2023-11-12T20:14:21.001+0000] {logging_mixin.py:120} INFO - [2023-11-12T20:14:21.001+0000] {dagbag.py:537} INFO - Filling up the DagBag from /home/airflow/.local/lib/python3.7/site-packages/airflow/example_dags/tutorial.py
[2023-11-12T20:14:21.054+0000] {processor.py:766} INFO - DAG(s) dict_keys(['tutorial']) retrieved from /home/airflow/.local/lib/python3.7/site-packages/airflow/example_dags/tutorial.py
[2023-11-12T20:14:21.107+0000] {logging_mixin.py:120} INFO - [2023-11-12T20:14:21.107+0000] {dag.py:2585} INFO - Sync 1 DAGs
[2023-11-12T20:14:21.142+0000] {logging_mixin.py:120} INFO - [2023-11-12T20:14:21.141+0000] {dag.py:3340} INFO - Setting next_dagrun for tutorial to 2023-11-11T20:14:21.141706+00:00, run_after=2023-11-12T20:14:21.141706+00:00
[2023-11-12T20:14:21.186+0000] {processor.py:176} INFO - Processing /home/airflow/.local/lib/python3.7/site-packages/airflow/example_dags/tutorial.py took 0.214 seconds
[2023-11-12T20:14:51.675+0000] {processor.py:154} INFO - Started process (PID=1881) to work on /home/airflow/.local/lib/python3.7/site-packages/airflow/example_dags/tutorial.py
[2023-11-12T20:14:51.676+0000] {processor.py:756} INFO - Processing file /home/airflow/.local/lib/python3.7/site-packages/airflow/example_dags/tutorial.py for tasks to queue
[2023-11-12T20:14:51.677+0000] {logging_mixin.py:120} INFO - [2023-11-12T20:14:51.677+0000] {dagbag.py:537} INFO - Filling up the DagBag from /home/airflow/.local/lib/python3.7/site-packages/airflow/example_dags/tutorial.py
[2023-11-12T20:14:51.695+0000] {processor.py:766} INFO - DAG(s) dict_keys(['tutorial']) retrieved from /home/airflow/.local/lib/python3.7/site-packages/airflow/example_dags/tutorial.py
[2023-11-12T20:14:51.753+0000] {logging_mixin.py:120} INFO - [2023-11-12T20:14:51.753+0000] {dag.py:2585} INFO - Sync 1 DAGs
[2023-11-12T20:14:51.814+0000] {logging_mixin.py:120} INFO - [2023-11-12T20:14:51.814+0000] {dag.py:3340} INFO - Setting next_dagrun for tutorial to 2023-11-11T20:14:51.813895+00:00, run_after=2023-11-12T20:14:51.813895+00:00
[2023-11-12T20:14:51.857+0000] {processor.py:176} INFO - Processing /home/airflow/.local/lib/python3.7/site-packages/airflow/example_dags/tutorial.py took 0.184 seconds
[2023-11-12T20:15:21.997+0000] {processor.py:154} INFO - Started process (PID=1935) to work on /home/airflow/.local/lib/python3.7/site-packages/airflow/example_dags/tutorial.py
[2023-11-12T20:15:22.004+0000] {processor.py:756} INFO - Processing file /home/airflow/.local/lib/python3.7/site-packages/airflow/example_dags/tutorial.py for tasks to queue
[2023-11-12T20:15:22.005+0000] {logging_mixin.py:120} INFO - [2023-11-12T20:15:22.005+0000] {dagbag.py:537} INFO - Filling up the DagBag from /home/airflow/.local/lib/python3.7/site-packages/airflow/example_dags/tutorial.py
[2023-11-12T20:15:22.029+0000] {processor.py:766} INFO - DAG(s) dict_keys(['tutorial']) retrieved from /home/airflow/.local/lib/python3.7/site-packages/airflow/example_dags/tutorial.py
[2023-11-12T20:15:22.079+0000] {logging_mixin.py:120} INFO - [2023-11-12T20:15:22.079+0000] {dag.py:2585} INFO - Sync 1 DAGs
[2023-11-12T20:15:22.111+0000] {logging_mixin.py:120} INFO - [2023-11-12T20:15:22.111+0000] {dag.py:3340} INFO - Setting next_dagrun for tutorial to 2023-11-11T20:15:22.110998+00:00, run_after=2023-11-12T20:15:22.110998+00:00
[2023-11-12T20:15:22.137+0000] {processor.py:176} INFO - Processing /home/airflow/.local/lib/python3.7/site-packages/airflow/example_dags/tutorial.py took 0.142 seconds
[2023-11-12T20:15:52.288+0000] {processor.py:154} INFO - Started process (PID=2000) to work on /home/airflow/.local/lib/python3.7/site-packages/airflow/example_dags/tutorial.py
[2023-11-12T20:15:52.289+0000] {processor.py:756} INFO - Processing file /home/airflow/.local/lib/python3.7/site-packages/airflow/example_dags/tutorial.py for tasks to queue
[2023-11-12T20:15:52.290+0000] {logging_mixin.py:120} INFO - [2023-11-12T20:15:52.290+0000] {dagbag.py:537} INFO - Filling up the DagBag from /home/airflow/.local/lib/python3.7/site-packages/airflow/example_dags/tutorial.py
[2023-11-12T20:15:52.306+0000] {processor.py:766} INFO - DAG(s) dict_keys(['tutorial']) retrieved from /home/airflow/.local/lib/python3.7/site-packages/airflow/example_dags/tutorial.py
[2023-11-12T20:15:52.353+0000] {logging_mixin.py:120} INFO - [2023-11-12T20:15:52.353+0000] {dag.py:2585} INFO - Sync 1 DAGs
[2023-11-12T20:15:52.385+0000] {logging_mixin.py:120} INFO - [2023-11-12T20:15:52.384+0000] {dag.py:3340} INFO - Setting next_dagrun for tutorial to 2023-11-11T20:15:52.384713+00:00, run_after=2023-11-12T20:15:52.384713+00:00
[2023-11-12T20:15:52.412+0000] {processor.py:176} INFO - Processing /home/airflow/.local/lib/python3.7/site-packages/airflow/example_dags/tutorial.py took 0.127 seconds
[2023-11-12T20:16:22.487+0000] {processor.py:154} INFO - Started process (PID=2060) to work on /home/airflow/.local/lib/python3.7/site-packages/airflow/example_dags/tutorial.py
[2023-11-12T20:16:22.509+0000] {processor.py:756} INFO - Processing file /home/airflow/.local/lib/python3.7/site-packages/airflow/example_dags/tutorial.py for tasks to queue
[2023-11-12T20:16:22.512+0000] {logging_mixin.py:120} INFO - [2023-11-12T20:16:22.512+0000] {dagbag.py:537} INFO - Filling up the DagBag from /home/airflow/.local/lib/python3.7/site-packages/airflow/example_dags/tutorial.py
[2023-11-12T20:16:22.544+0000] {processor.py:766} INFO - DAG(s) dict_keys(['tutorial']) retrieved from /home/airflow/.local/lib/python3.7/site-packages/airflow/example_dags/tutorial.py
[2023-11-12T20:16:22.716+0000] {logging_mixin.py:120} INFO - [2023-11-12T20:16:22.715+0000] {dag.py:2585} INFO - Sync 1 DAGs
[2023-11-12T20:16:22.772+0000] {logging_mixin.py:120} INFO - [2023-11-12T20:16:22.772+0000] {dag.py:3340} INFO - Setting next_dagrun for tutorial to 2023-11-11T20:16:22.772046+00:00, run_after=2023-11-12T20:16:22.772046+00:00
[2023-11-12T20:16:22.856+0000] {processor.py:176} INFO - Processing /home/airflow/.local/lib/python3.7/site-packages/airflow/example_dags/tutorial.py took 0.381 seconds
[2023-11-12T20:16:53.714+0000] {processor.py:154} INFO - Started process (PID=2116) to work on /home/airflow/.local/lib/python3.7/site-packages/airflow/example_dags/tutorial.py
[2023-11-12T20:16:53.715+0000] {processor.py:756} INFO - Processing file /home/airflow/.local/lib/python3.7/site-packages/airflow/example_dags/tutorial.py for tasks to queue
[2023-11-12T20:16:53.716+0000] {logging_mixin.py:120} INFO - [2023-11-12T20:16:53.716+0000] {dagbag.py:537} INFO - Filling up the DagBag from /home/airflow/.local/lib/python3.7/site-packages/airflow/example_dags/tutorial.py
[2023-11-12T20:16:53.733+0000] {processor.py:766} INFO - DAG(s) dict_keys(['tutorial']) retrieved from /home/airflow/.local/lib/python3.7/site-packages/airflow/example_dags/tutorial.py
[2023-11-12T20:16:53.789+0000] {logging_mixin.py:120} INFO - [2023-11-12T20:16:53.789+0000] {dag.py:2585} INFO - Sync 1 DAGs
[2023-11-12T20:16:53.821+0000] {logging_mixin.py:120} INFO - [2023-11-12T20:16:53.821+0000] {dag.py:3340} INFO - Setting next_dagrun for tutorial to 2023-11-11T20:16:53.821138+00:00, run_after=2023-11-12T20:16:53.821138+00:00
[2023-11-12T20:16:53.849+0000] {processor.py:176} INFO - Processing /home/airflow/.local/lib/python3.7/site-packages/airflow/example_dags/tutorial.py took 0.139 seconds
[2023-11-12T20:17:24.448+0000] {processor.py:154} INFO - Started process (PID=2179) to work on /home/airflow/.local/lib/python3.7/site-packages/airflow/example_dags/tutorial.py
[2023-11-12T20:17:24.449+0000] {processor.py:756} INFO - Processing file /home/airflow/.local/lib/python3.7/site-packages/airflow/example_dags/tutorial.py for tasks to queue
[2023-11-12T20:17:24.449+0000] {logging_mixin.py:120} INFO - [2023-11-12T20:17:24.449+0000] {dagbag.py:537} INFO - Filling up the DagBag from /home/airflow/.local/lib/python3.7/site-packages/airflow/example_dags/tutorial.py
[2023-11-12T20:17:24.470+0000] {processor.py:766} INFO - DAG(s) dict_keys(['tutorial']) retrieved from /home/airflow/.local/lib/python3.7/site-packages/airflow/example_dags/tutorial.py
[2023-11-12T20:17:24.551+0000] {logging_mixin.py:120} INFO - [2023-11-12T20:17:24.550+0000] {dag.py:2585} INFO - Sync 1 DAGs
[2023-11-12T20:17:24.579+0000] {logging_mixin.py:120} INFO - [2023-11-12T20:17:24.578+0000] {dag.py:3340} INFO - Setting next_dagrun for tutorial to 2023-11-11T20:17:24.578689+00:00, run_after=2023-11-12T20:17:24.578689+00:00
[2023-11-12T20:17:24.611+0000] {processor.py:176} INFO - Processing /home/airflow/.local/lib/python3.7/site-packages/airflow/example_dags/tutorial.py took 0.166 seconds
[2023-11-12T20:17:55.164+0000] {processor.py:154} INFO - Started process (PID=2233) to work on /home/airflow/.local/lib/python3.7/site-packages/airflow/example_dags/tutorial.py
[2023-11-12T20:17:55.165+0000] {processor.py:756} INFO - Processing file /home/airflow/.local/lib/python3.7/site-packages/airflow/example_dags/tutorial.py for tasks to queue
[2023-11-12T20:17:55.166+0000] {logging_mixin.py:120} INFO - [2023-11-12T20:17:55.166+0000] {dagbag.py:537} INFO - Filling up the DagBag from /home/airflow/.local/lib/python3.7/site-packages/airflow/example_dags/tutorial.py
[2023-11-12T20:17:55.199+0000] {processor.py:766} INFO - DAG(s) dict_keys(['tutorial']) retrieved from /home/airflow/.local/lib/python3.7/site-packages/airflow/example_dags/tutorial.py
[2023-11-12T20:17:55.253+0000] {logging_mixin.py:120} INFO - [2023-11-12T20:17:55.253+0000] {dag.py:2585} INFO - Sync 1 DAGs
[2023-11-12T20:17:55.288+0000] {logging_mixin.py:120} INFO - [2023-11-12T20:17:55.288+0000] {dag.py:3340} INFO - Setting next_dagrun for tutorial to 2023-11-11T20:17:55.287945+00:00, run_after=2023-11-12T20:17:55.287945+00:00
[2023-11-12T20:17:55.316+0000] {processor.py:176} INFO - Processing /home/airflow/.local/lib/python3.7/site-packages/airflow/example_dags/tutorial.py took 0.155 seconds
[2023-11-12T20:18:25.949+0000] {processor.py:154} INFO - Started process (PID=2296) to work on /home/airflow/.local/lib/python3.7/site-packages/airflow/example_dags/tutorial.py
[2023-11-12T20:18:25.950+0000] {processor.py:756} INFO - Processing file /home/airflow/.local/lib/python3.7/site-packages/airflow/example_dags/tutorial.py for tasks to queue
[2023-11-12T20:18:25.951+0000] {logging_mixin.py:120} INFO - [2023-11-12T20:18:25.951+0000] {dagbag.py:537} INFO - Filling up the DagBag from /home/airflow/.local/lib/python3.7/site-packages/airflow/example_dags/tutorial.py
[2023-11-12T20:18:25.969+0000] {processor.py:766} INFO - DAG(s) dict_keys(['tutorial']) retrieved from /home/airflow/.local/lib/python3.7/site-packages/airflow/example_dags/tutorial.py
[2023-11-12T20:18:26.017+0000] {logging_mixin.py:120} INFO - [2023-11-12T20:18:26.017+0000] {dag.py:2585} INFO - Sync 1 DAGs
[2023-11-12T20:18:26.049+0000] {logging_mixin.py:120} INFO - [2023-11-12T20:18:26.049+0000] {dag.py:3340} INFO - Setting next_dagrun for tutorial to 2023-11-11T20:18:26.049298+00:00, run_after=2023-11-12T20:18:26.049298+00:00
[2023-11-12T20:18:26.082+0000] {processor.py:176} INFO - Processing /home/airflow/.local/lib/python3.7/site-packages/airflow/example_dags/tutorial.py took 0.136 seconds
