[2023-11-12T19:53:20.820+0000] {processor.py:154} INFO - Started process (PID=85) to work on /home/airflow/.local/lib/python3.7/site-packages/airflow/example_dags/tutorial_dag.py
[2023-11-12T19:53:20.821+0000] {processor.py:756} INFO - Processing file /home/airflow/.local/lib/python3.7/site-packages/airflow/example_dags/tutorial_dag.py for tasks to queue
[2023-11-12T19:53:20.822+0000] {logging_mixin.py:120} INFO - [2023-11-12T19:53:20.822+0000] {dagbag.py:537} INFO - Filling up the DagBag from /home/airflow/.local/lib/python3.7/site-packages/airflow/example_dags/tutorial_dag.py
[2023-11-12T19:53:20.880+0000] {processor.py:766} INFO - DAG(s) dict_keys(['tutorial_dag']) retrieved from /home/airflow/.local/lib/python3.7/site-packages/airflow/example_dags/tutorial_dag.py
[2023-11-12T19:53:21.459+0000] {logging_mixin.py:120} INFO - [2023-11-12T19:53:21.458+0000] {manager.py:507} INFO - Created Permission View: can edit on DAG:tutorial_dag
[2023-11-12T19:53:21.497+0000] {logging_mixin.py:120} INFO - [2023-11-12T19:53:21.496+0000] {manager.py:507} INFO - Created Permission View: can delete on DAG:tutorial_dag
[2023-11-12T19:53:21.528+0000] {logging_mixin.py:120} INFO - [2023-11-12T19:53:21.528+0000] {manager.py:507} INFO - Created Permission View: can read on DAG:tutorial_dag
[2023-11-12T19:53:21.528+0000] {logging_mixin.py:120} INFO - [2023-11-12T19:53:21.528+0000] {dag.py:2585} INFO - Sync 1 DAGs
[2023-11-12T19:53:21.583+0000] {logging_mixin.py:120} INFO - [2023-11-12T19:53:21.582+0000] {dag.py:2606} INFO - Creating ORM DAG for tutorial_dag
[2023-11-12T19:53:21.620+0000] {logging_mixin.py:120} INFO - [2023-11-12T19:53:21.620+0000] {dag.py:3340} INFO - Setting next_dagrun for tutorial_dag to None, run_after=None
[2023-11-12T19:53:21.661+0000] {processor.py:176} INFO - Processing /home/airflow/.local/lib/python3.7/site-packages/airflow/example_dags/tutorial_dag.py took 0.844 seconds
[2023-11-12T19:53:52.317+0000] {processor.py:154} INFO - Started process (PID=139) to work on /home/airflow/.local/lib/python3.7/site-packages/airflow/example_dags/tutorial_dag.py
[2023-11-12T19:53:52.320+0000] {processor.py:756} INFO - Processing file /home/airflow/.local/lib/python3.7/site-packages/airflow/example_dags/tutorial_dag.py for tasks to queue
[2023-11-12T19:53:52.325+0000] {logging_mixin.py:120} INFO - [2023-11-12T19:53:52.325+0000] {dagbag.py:537} INFO - Filling up the DagBag from /home/airflow/.local/lib/python3.7/site-packages/airflow/example_dags/tutorial_dag.py
[2023-11-12T19:53:52.350+0000] {processor.py:766} INFO - DAG(s) dict_keys(['tutorial_dag']) retrieved from /home/airflow/.local/lib/python3.7/site-packages/airflow/example_dags/tutorial_dag.py
[2023-11-12T19:53:52.439+0000] {logging_mixin.py:120} INFO - [2023-11-12T19:53:52.438+0000] {dag.py:2585} INFO - Sync 1 DAGs
[2023-11-12T19:53:52.474+0000] {logging_mixin.py:120} INFO - [2023-11-12T19:53:52.474+0000] {dag.py:3340} INFO - Setting next_dagrun for tutorial_dag to None, run_after=None
[2023-11-12T19:53:52.505+0000] {processor.py:176} INFO - Processing /home/airflow/.local/lib/python3.7/site-packages/airflow/example_dags/tutorial_dag.py took 0.192 seconds
[2023-11-12T19:54:22.811+0000] {processor.py:154} INFO - Started process (PID=202) to work on /home/airflow/.local/lib/python3.7/site-packages/airflow/example_dags/tutorial_dag.py
[2023-11-12T19:54:22.817+0000] {processor.py:756} INFO - Processing file /home/airflow/.local/lib/python3.7/site-packages/airflow/example_dags/tutorial_dag.py for tasks to queue
[2023-11-12T19:54:22.818+0000] {logging_mixin.py:120} INFO - [2023-11-12T19:54:22.818+0000] {dagbag.py:537} INFO - Filling up the DagBag from /home/airflow/.local/lib/python3.7/site-packages/airflow/example_dags/tutorial_dag.py
[2023-11-12T19:54:22.837+0000] {processor.py:766} INFO - DAG(s) dict_keys(['tutorial_dag']) retrieved from /home/airflow/.local/lib/python3.7/site-packages/airflow/example_dags/tutorial_dag.py
[2023-11-12T19:54:22.919+0000] {logging_mixin.py:120} INFO - [2023-11-12T19:54:22.919+0000] {dag.py:2585} INFO - Sync 1 DAGs
[2023-11-12T19:54:22.952+0000] {logging_mixin.py:120} INFO - [2023-11-12T19:54:22.952+0000] {dag.py:3340} INFO - Setting next_dagrun for tutorial_dag to None, run_after=None
[2023-11-12T19:54:22.978+0000] {processor.py:176} INFO - Processing /home/airflow/.local/lib/python3.7/site-packages/airflow/example_dags/tutorial_dag.py took 0.183 seconds
[2023-11-12T19:57:11.762+0000] {processor.py:154} INFO - Started process (PID=82) to work on /home/airflow/.local/lib/python3.7/site-packages/airflow/example_dags/tutorial_dag.py
[2023-11-12T19:57:11.777+0000] {processor.py:756} INFO - Processing file /home/airflow/.local/lib/python3.7/site-packages/airflow/example_dags/tutorial_dag.py for tasks to queue
[2023-11-12T19:57:11.785+0000] {logging_mixin.py:120} INFO - [2023-11-12T19:57:11.785+0000] {dagbag.py:537} INFO - Filling up the DagBag from /home/airflow/.local/lib/python3.7/site-packages/airflow/example_dags/tutorial_dag.py
[2023-11-12T19:57:11.828+0000] {processor.py:766} INFO - DAG(s) dict_keys(['tutorial_dag']) retrieved from /home/airflow/.local/lib/python3.7/site-packages/airflow/example_dags/tutorial_dag.py
[2023-11-12T19:57:11.984+0000] {logging_mixin.py:120} INFO - [2023-11-12T19:57:11.980+0000] {dag.py:2585} INFO - Sync 1 DAGs
[2023-11-12T19:57:12.078+0000] {logging_mixin.py:120} INFO - [2023-11-12T19:57:12.078+0000] {dag.py:3340} INFO - Setting next_dagrun for tutorial_dag to None, run_after=None
[2023-11-12T19:57:12.160+0000] {processor.py:176} INFO - Processing /home/airflow/.local/lib/python3.7/site-packages/airflow/example_dags/tutorial_dag.py took 0.433 seconds
[2023-11-12T19:59:05.553+0000] {processor.py:154} INFO - Started process (PID=77) to work on /home/airflow/.local/lib/python3.7/site-packages/airflow/example_dags/tutorial_dag.py
[2023-11-12T19:59:05.557+0000] {processor.py:756} INFO - Processing file /home/airflow/.local/lib/python3.7/site-packages/airflow/example_dags/tutorial_dag.py for tasks to queue
[2023-11-12T19:59:05.557+0000] {logging_mixin.py:120} INFO - [2023-11-12T19:59:05.557+0000] {dagbag.py:537} INFO - Filling up the DagBag from /home/airflow/.local/lib/python3.7/site-packages/airflow/example_dags/tutorial_dag.py
[2023-11-12T19:59:05.613+0000] {processor.py:766} INFO - DAG(s) dict_keys(['tutorial_dag']) retrieved from /home/airflow/.local/lib/python3.7/site-packages/airflow/example_dags/tutorial_dag.py
[2023-11-12T19:59:05.769+0000] {logging_mixin.py:120} INFO - [2023-11-12T19:59:05.769+0000] {dag.py:2585} INFO - Sync 1 DAGs
[2023-11-12T19:59:05.849+0000] {logging_mixin.py:120} INFO - [2023-11-12T19:59:05.849+0000] {dag.py:3340} INFO - Setting next_dagrun for tutorial_dag to None, run_after=None
[2023-11-12T19:59:05.913+0000] {processor.py:176} INFO - Processing /home/airflow/.local/lib/python3.7/site-packages/airflow/example_dags/tutorial_dag.py took 0.367 seconds
[2023-11-12T19:59:36.113+0000] {processor.py:154} INFO - Started process (PID=141) to work on /home/airflow/.local/lib/python3.7/site-packages/airflow/example_dags/tutorial_dag.py
[2023-11-12T19:59:36.114+0000] {processor.py:756} INFO - Processing file /home/airflow/.local/lib/python3.7/site-packages/airflow/example_dags/tutorial_dag.py for tasks to queue
[2023-11-12T19:59:36.114+0000] {logging_mixin.py:120} INFO - [2023-11-12T19:59:36.114+0000] {dagbag.py:537} INFO - Filling up the DagBag from /home/airflow/.local/lib/python3.7/site-packages/airflow/example_dags/tutorial_dag.py
[2023-11-12T19:59:36.127+0000] {processor.py:766} INFO - DAG(s) dict_keys(['tutorial_dag']) retrieved from /home/airflow/.local/lib/python3.7/site-packages/airflow/example_dags/tutorial_dag.py
[2023-11-12T19:59:36.160+0000] {logging_mixin.py:120} INFO - [2023-11-12T19:59:36.160+0000] {dag.py:2585} INFO - Sync 1 DAGs
[2023-11-12T19:59:36.180+0000] {logging_mixin.py:120} INFO - [2023-11-12T19:59:36.179+0000] {dag.py:3340} INFO - Setting next_dagrun for tutorial_dag to None, run_after=None
[2023-11-12T19:59:36.200+0000] {processor.py:176} INFO - Processing /home/airflow/.local/lib/python3.7/site-packages/airflow/example_dags/tutorial_dag.py took 0.090 seconds
[2023-11-12T20:00:06.775+0000] {processor.py:154} INFO - Started process (PID=203) to work on /home/airflow/.local/lib/python3.7/site-packages/airflow/example_dags/tutorial_dag.py
[2023-11-12T20:00:06.781+0000] {processor.py:756} INFO - Processing file /home/airflow/.local/lib/python3.7/site-packages/airflow/example_dags/tutorial_dag.py for tasks to queue
[2023-11-12T20:00:06.789+0000] {logging_mixin.py:120} INFO - [2023-11-12T20:00:06.788+0000] {dagbag.py:537} INFO - Filling up the DagBag from /home/airflow/.local/lib/python3.7/site-packages/airflow/example_dags/tutorial_dag.py
[2023-11-12T20:00:06.812+0000] {processor.py:766} INFO - DAG(s) dict_keys(['tutorial_dag']) retrieved from /home/airflow/.local/lib/python3.7/site-packages/airflow/example_dags/tutorial_dag.py
[2023-11-12T20:00:06.886+0000] {logging_mixin.py:120} INFO - [2023-11-12T20:00:06.886+0000] {dag.py:2585} INFO - Sync 1 DAGs
[2023-11-12T20:00:06.916+0000] {logging_mixin.py:120} INFO - [2023-11-12T20:00:06.916+0000] {dag.py:3340} INFO - Setting next_dagrun for tutorial_dag to None, run_after=None
[2023-11-12T20:00:06.943+0000] {processor.py:176} INFO - Processing /home/airflow/.local/lib/python3.7/site-packages/airflow/example_dags/tutorial_dag.py took 0.171 seconds
[2023-11-12T20:00:37.057+0000] {processor.py:154} INFO - Started process (PID=260) to work on /home/airflow/.local/lib/python3.7/site-packages/airflow/example_dags/tutorial_dag.py
[2023-11-12T20:00:37.061+0000] {processor.py:756} INFO - Processing file /home/airflow/.local/lib/python3.7/site-packages/airflow/example_dags/tutorial_dag.py for tasks to queue
[2023-11-12T20:00:37.065+0000] {logging_mixin.py:120} INFO - [2023-11-12T20:00:37.065+0000] {dagbag.py:537} INFO - Filling up the DagBag from /home/airflow/.local/lib/python3.7/site-packages/airflow/example_dags/tutorial_dag.py
[2023-11-12T20:00:37.143+0000] {processor.py:766} INFO - DAG(s) dict_keys(['tutorial_dag']) retrieved from /home/airflow/.local/lib/python3.7/site-packages/airflow/example_dags/tutorial_dag.py
[2023-11-12T20:00:37.289+0000] {logging_mixin.py:120} INFO - [2023-11-12T20:00:37.289+0000] {dag.py:2585} INFO - Sync 1 DAGs
[2023-11-12T20:00:37.388+0000] {logging_mixin.py:120} INFO - [2023-11-12T20:00:37.388+0000] {dag.py:3340} INFO - Setting next_dagrun for tutorial_dag to None, run_after=None
[2023-11-12T20:00:37.468+0000] {processor.py:176} INFO - Processing /home/airflow/.local/lib/python3.7/site-packages/airflow/example_dags/tutorial_dag.py took 0.419 seconds
[2023-11-12T20:01:07.810+0000] {processor.py:154} INFO - Started process (PID=322) to work on /home/airflow/.local/lib/python3.7/site-packages/airflow/example_dags/tutorial_dag.py
[2023-11-12T20:01:07.811+0000] {processor.py:756} INFO - Processing file /home/airflow/.local/lib/python3.7/site-packages/airflow/example_dags/tutorial_dag.py for tasks to queue
[2023-11-12T20:01:07.812+0000] {logging_mixin.py:120} INFO - [2023-11-12T20:01:07.812+0000] {dagbag.py:537} INFO - Filling up the DagBag from /home/airflow/.local/lib/python3.7/site-packages/airflow/example_dags/tutorial_dag.py
[2023-11-12T20:01:07.829+0000] {processor.py:766} INFO - DAG(s) dict_keys(['tutorial_dag']) retrieved from /home/airflow/.local/lib/python3.7/site-packages/airflow/example_dags/tutorial_dag.py
[2023-11-12T20:01:07.881+0000] {logging_mixin.py:120} INFO - [2023-11-12T20:01:07.881+0000] {dag.py:2585} INFO - Sync 1 DAGs
[2023-11-12T20:01:07.911+0000] {logging_mixin.py:120} INFO - [2023-11-12T20:01:07.911+0000] {dag.py:3340} INFO - Setting next_dagrun for tutorial_dag to None, run_after=None
[2023-11-12T20:01:07.957+0000] {processor.py:176} INFO - Processing /home/airflow/.local/lib/python3.7/site-packages/airflow/example_dags/tutorial_dag.py took 0.150 seconds
[2023-11-12T20:01:38.938+0000] {processor.py:154} INFO - Started process (PID=384) to work on /home/airflow/.local/lib/python3.7/site-packages/airflow/example_dags/tutorial_dag.py
[2023-11-12T20:01:38.941+0000] {processor.py:756} INFO - Processing file /home/airflow/.local/lib/python3.7/site-packages/airflow/example_dags/tutorial_dag.py for tasks to queue
[2023-11-12T20:01:38.942+0000] {logging_mixin.py:120} INFO - [2023-11-12T20:01:38.942+0000] {dagbag.py:537} INFO - Filling up the DagBag from /home/airflow/.local/lib/python3.7/site-packages/airflow/example_dags/tutorial_dag.py
[2023-11-12T20:01:38.977+0000] {processor.py:766} INFO - DAG(s) dict_keys(['tutorial_dag']) retrieved from /home/airflow/.local/lib/python3.7/site-packages/airflow/example_dags/tutorial_dag.py
[2023-11-12T20:01:39.027+0000] {logging_mixin.py:120} INFO - [2023-11-12T20:01:39.027+0000] {dag.py:2585} INFO - Sync 1 DAGs
[2023-11-12T20:01:39.059+0000] {logging_mixin.py:120} INFO - [2023-11-12T20:01:39.059+0000] {dag.py:3340} INFO - Setting next_dagrun for tutorial_dag to None, run_after=None
[2023-11-12T20:01:39.086+0000] {processor.py:176} INFO - Processing /home/airflow/.local/lib/python3.7/site-packages/airflow/example_dags/tutorial_dag.py took 0.151 seconds
[2023-11-12T20:02:09.562+0000] {processor.py:154} INFO - Started process (PID=440) to work on /home/airflow/.local/lib/python3.7/site-packages/airflow/example_dags/tutorial_dag.py
[2023-11-12T20:02:09.563+0000] {processor.py:756} INFO - Processing file /home/airflow/.local/lib/python3.7/site-packages/airflow/example_dags/tutorial_dag.py for tasks to queue
[2023-11-12T20:02:09.565+0000] {logging_mixin.py:120} INFO - [2023-11-12T20:02:09.565+0000] {dagbag.py:537} INFO - Filling up the DagBag from /home/airflow/.local/lib/python3.7/site-packages/airflow/example_dags/tutorial_dag.py
[2023-11-12T20:02:09.581+0000] {processor.py:766} INFO - DAG(s) dict_keys(['tutorial_dag']) retrieved from /home/airflow/.local/lib/python3.7/site-packages/airflow/example_dags/tutorial_dag.py
[2023-11-12T20:02:09.630+0000] {logging_mixin.py:120} INFO - [2023-11-12T20:02:09.630+0000] {dag.py:2585} INFO - Sync 1 DAGs
[2023-11-12T20:02:09.662+0000] {logging_mixin.py:120} INFO - [2023-11-12T20:02:09.662+0000] {dag.py:3340} INFO - Setting next_dagrun for tutorial_dag to None, run_after=None
[2023-11-12T20:02:09.696+0000] {processor.py:176} INFO - Processing /home/airflow/.local/lib/python3.7/site-packages/airflow/example_dags/tutorial_dag.py took 0.143 seconds
[2023-11-12T20:02:40.729+0000] {processor.py:154} INFO - Started process (PID=503) to work on /home/airflow/.local/lib/python3.7/site-packages/airflow/example_dags/tutorial_dag.py
[2023-11-12T20:02:40.730+0000] {processor.py:756} INFO - Processing file /home/airflow/.local/lib/python3.7/site-packages/airflow/example_dags/tutorial_dag.py for tasks to queue
[2023-11-12T20:02:40.731+0000] {logging_mixin.py:120} INFO - [2023-11-12T20:02:40.731+0000] {dagbag.py:537} INFO - Filling up the DagBag from /home/airflow/.local/lib/python3.7/site-packages/airflow/example_dags/tutorial_dag.py
[2023-11-12T20:02:40.759+0000] {processor.py:766} INFO - DAG(s) dict_keys(['tutorial_dag']) retrieved from /home/airflow/.local/lib/python3.7/site-packages/airflow/example_dags/tutorial_dag.py
[2023-11-12T20:02:40.839+0000] {logging_mixin.py:120} INFO - [2023-11-12T20:02:40.839+0000] {dag.py:2585} INFO - Sync 1 DAGs
[2023-11-12T20:02:40.872+0000] {logging_mixin.py:120} INFO - [2023-11-12T20:02:40.872+0000] {dag.py:3340} INFO - Setting next_dagrun for tutorial_dag to None, run_after=None
[2023-11-12T20:02:40.935+0000] {processor.py:176} INFO - Processing /home/airflow/.local/lib/python3.7/site-packages/airflow/example_dags/tutorial_dag.py took 0.221 seconds
[2023-11-12T20:03:11.766+0000] {processor.py:154} INFO - Started process (PID=567) to work on /home/airflow/.local/lib/python3.7/site-packages/airflow/example_dags/tutorial_dag.py
[2023-11-12T20:03:11.767+0000] {processor.py:756} INFO - Processing file /home/airflow/.local/lib/python3.7/site-packages/airflow/example_dags/tutorial_dag.py for tasks to queue
[2023-11-12T20:03:11.768+0000] {logging_mixin.py:120} INFO - [2023-11-12T20:03:11.768+0000] {dagbag.py:537} INFO - Filling up the DagBag from /home/airflow/.local/lib/python3.7/site-packages/airflow/example_dags/tutorial_dag.py
[2023-11-12T20:03:11.783+0000] {processor.py:766} INFO - DAG(s) dict_keys(['tutorial_dag']) retrieved from /home/airflow/.local/lib/python3.7/site-packages/airflow/example_dags/tutorial_dag.py
[2023-11-12T20:03:11.837+0000] {logging_mixin.py:120} INFO - [2023-11-12T20:03:11.836+0000] {dag.py:2585} INFO - Sync 1 DAGs
[2023-11-12T20:03:11.867+0000] {logging_mixin.py:120} INFO - [2023-11-12T20:03:11.867+0000] {dag.py:3340} INFO - Setting next_dagrun for tutorial_dag to None, run_after=None
[2023-11-12T20:03:11.896+0000] {processor.py:176} INFO - Processing /home/airflow/.local/lib/python3.7/site-packages/airflow/example_dags/tutorial_dag.py took 0.133 seconds
[2023-11-12T20:03:42.222+0000] {processor.py:154} INFO - Started process (PID=622) to work on /home/airflow/.local/lib/python3.7/site-packages/airflow/example_dags/tutorial_dag.py
[2023-11-12T20:03:42.223+0000] {processor.py:756} INFO - Processing file /home/airflow/.local/lib/python3.7/site-packages/airflow/example_dags/tutorial_dag.py for tasks to queue
[2023-11-12T20:03:42.223+0000] {logging_mixin.py:120} INFO - [2023-11-12T20:03:42.223+0000] {dagbag.py:537} INFO - Filling up the DagBag from /home/airflow/.local/lib/python3.7/site-packages/airflow/example_dags/tutorial_dag.py
[2023-11-12T20:03:42.250+0000] {processor.py:766} INFO - DAG(s) dict_keys(['tutorial_dag']) retrieved from /home/airflow/.local/lib/python3.7/site-packages/airflow/example_dags/tutorial_dag.py
[2023-11-12T20:03:42.369+0000] {logging_mixin.py:120} INFO - [2023-11-12T20:03:42.369+0000] {dag.py:2585} INFO - Sync 1 DAGs
[2023-11-12T20:03:42.435+0000] {logging_mixin.py:120} INFO - [2023-11-12T20:03:42.435+0000] {dag.py:3340} INFO - Setting next_dagrun for tutorial_dag to None, run_after=None
[2023-11-12T20:03:42.484+0000] {processor.py:176} INFO - Processing /home/airflow/.local/lib/python3.7/site-packages/airflow/example_dags/tutorial_dag.py took 0.265 seconds
[2023-11-12T20:04:12.747+0000] {processor.py:154} INFO - Started process (PID=685) to work on /home/airflow/.local/lib/python3.7/site-packages/airflow/example_dags/tutorial_dag.py
[2023-11-12T20:04:12.748+0000] {processor.py:756} INFO - Processing file /home/airflow/.local/lib/python3.7/site-packages/airflow/example_dags/tutorial_dag.py for tasks to queue
[2023-11-12T20:04:12.748+0000] {logging_mixin.py:120} INFO - [2023-11-12T20:04:12.748+0000] {dagbag.py:537} INFO - Filling up the DagBag from /home/airflow/.local/lib/python3.7/site-packages/airflow/example_dags/tutorial_dag.py
[2023-11-12T20:04:12.762+0000] {processor.py:766} INFO - DAG(s) dict_keys(['tutorial_dag']) retrieved from /home/airflow/.local/lib/python3.7/site-packages/airflow/example_dags/tutorial_dag.py
[2023-11-12T20:04:12.821+0000] {logging_mixin.py:120} INFO - [2023-11-12T20:04:12.821+0000] {dag.py:2585} INFO - Sync 1 DAGs
[2023-11-12T20:04:12.874+0000] {logging_mixin.py:120} INFO - [2023-11-12T20:04:12.873+0000] {dag.py:3340} INFO - Setting next_dagrun for tutorial_dag to None, run_after=None
[2023-11-12T20:04:12.931+0000] {processor.py:176} INFO - Processing /home/airflow/.local/lib/python3.7/site-packages/airflow/example_dags/tutorial_dag.py took 0.187 seconds
[2023-11-12T20:04:43.655+0000] {processor.py:154} INFO - Started process (PID=749) to work on /home/airflow/.local/lib/python3.7/site-packages/airflow/example_dags/tutorial_dag.py
[2023-11-12T20:04:43.655+0000] {processor.py:756} INFO - Processing file /home/airflow/.local/lib/python3.7/site-packages/airflow/example_dags/tutorial_dag.py for tasks to queue
[2023-11-12T20:04:43.656+0000] {logging_mixin.py:120} INFO - [2023-11-12T20:04:43.656+0000] {dagbag.py:537} INFO - Filling up the DagBag from /home/airflow/.local/lib/python3.7/site-packages/airflow/example_dags/tutorial_dag.py
[2023-11-12T20:04:43.670+0000] {processor.py:766} INFO - DAG(s) dict_keys(['tutorial_dag']) retrieved from /home/airflow/.local/lib/python3.7/site-packages/airflow/example_dags/tutorial_dag.py
[2023-11-12T20:04:43.717+0000] {logging_mixin.py:120} INFO - [2023-11-12T20:04:43.717+0000] {dag.py:2585} INFO - Sync 1 DAGs
[2023-11-12T20:04:43.749+0000] {logging_mixin.py:120} INFO - [2023-11-12T20:04:43.749+0000] {dag.py:3340} INFO - Setting next_dagrun for tutorial_dag to None, run_after=None
[2023-11-12T20:04:43.776+0000] {processor.py:176} INFO - Processing /home/airflow/.local/lib/python3.7/site-packages/airflow/example_dags/tutorial_dag.py took 0.124 seconds
[2023-11-12T20:05:14.555+0000] {processor.py:154} INFO - Started process (PID=804) to work on /home/airflow/.local/lib/python3.7/site-packages/airflow/example_dags/tutorial_dag.py
[2023-11-12T20:05:14.555+0000] {processor.py:756} INFO - Processing file /home/airflow/.local/lib/python3.7/site-packages/airflow/example_dags/tutorial_dag.py for tasks to queue
[2023-11-12T20:05:14.556+0000] {logging_mixin.py:120} INFO - [2023-11-12T20:05:14.556+0000] {dagbag.py:537} INFO - Filling up the DagBag from /home/airflow/.local/lib/python3.7/site-packages/airflow/example_dags/tutorial_dag.py
[2023-11-12T20:05:14.573+0000] {processor.py:766} INFO - DAG(s) dict_keys(['tutorial_dag']) retrieved from /home/airflow/.local/lib/python3.7/site-packages/airflow/example_dags/tutorial_dag.py
[2023-11-12T20:05:14.621+0000] {logging_mixin.py:120} INFO - [2023-11-12T20:05:14.621+0000] {dag.py:2585} INFO - Sync 1 DAGs
[2023-11-12T20:05:14.652+0000] {logging_mixin.py:120} INFO - [2023-11-12T20:05:14.652+0000] {dag.py:3340} INFO - Setting next_dagrun for tutorial_dag to None, run_after=None
[2023-11-12T20:05:14.680+0000] {processor.py:176} INFO - Processing /home/airflow/.local/lib/python3.7/site-packages/airflow/example_dags/tutorial_dag.py took 0.129 seconds
[2023-11-12T20:05:45.547+0000] {processor.py:154} INFO - Started process (PID=866) to work on /home/airflow/.local/lib/python3.7/site-packages/airflow/example_dags/tutorial_dag.py
[2023-11-12T20:05:45.548+0000] {processor.py:756} INFO - Processing file /home/airflow/.local/lib/python3.7/site-packages/airflow/example_dags/tutorial_dag.py for tasks to queue
[2023-11-12T20:05:45.549+0000] {logging_mixin.py:120} INFO - [2023-11-12T20:05:45.549+0000] {dagbag.py:537} INFO - Filling up the DagBag from /home/airflow/.local/lib/python3.7/site-packages/airflow/example_dags/tutorial_dag.py
[2023-11-12T20:05:45.566+0000] {processor.py:766} INFO - DAG(s) dict_keys(['tutorial_dag']) retrieved from /home/airflow/.local/lib/python3.7/site-packages/airflow/example_dags/tutorial_dag.py
[2023-11-12T20:05:45.614+0000] {logging_mixin.py:120} INFO - [2023-11-12T20:05:45.614+0000] {dag.py:2585} INFO - Sync 1 DAGs
[2023-11-12T20:05:45.650+0000] {logging_mixin.py:120} INFO - [2023-11-12T20:05:45.650+0000] {dag.py:3340} INFO - Setting next_dagrun for tutorial_dag to None, run_after=None
[2023-11-12T20:05:45.676+0000] {processor.py:176} INFO - Processing /home/airflow/.local/lib/python3.7/site-packages/airflow/example_dags/tutorial_dag.py took 0.132 seconds
[2023-11-12T20:06:16.146+0000] {processor.py:154} INFO - Started process (PID=919) to work on /home/airflow/.local/lib/python3.7/site-packages/airflow/example_dags/tutorial_dag.py
[2023-11-12T20:06:16.153+0000] {processor.py:756} INFO - Processing file /home/airflow/.local/lib/python3.7/site-packages/airflow/example_dags/tutorial_dag.py for tasks to queue
[2023-11-12T20:06:16.154+0000] {logging_mixin.py:120} INFO - [2023-11-12T20:06:16.153+0000] {dagbag.py:537} INFO - Filling up the DagBag from /home/airflow/.local/lib/python3.7/site-packages/airflow/example_dags/tutorial_dag.py
[2023-11-12T20:06:16.191+0000] {processor.py:766} INFO - DAG(s) dict_keys(['tutorial_dag']) retrieved from /home/airflow/.local/lib/python3.7/site-packages/airflow/example_dags/tutorial_dag.py
[2023-11-12T20:06:16.363+0000] {logging_mixin.py:120} INFO - [2023-11-12T20:06:16.363+0000] {dag.py:2585} INFO - Sync 1 DAGs
[2023-11-12T20:06:16.396+0000] {logging_mixin.py:120} INFO - [2023-11-12T20:06:16.395+0000] {dag.py:3340} INFO - Setting next_dagrun for tutorial_dag to None, run_after=None
[2023-11-12T20:06:16.449+0000] {processor.py:176} INFO - Processing /home/airflow/.local/lib/python3.7/site-packages/airflow/example_dags/tutorial_dag.py took 0.316 seconds
[2023-11-12T20:06:47.041+0000] {processor.py:154} INFO - Started process (PID=982) to work on /home/airflow/.local/lib/python3.7/site-packages/airflow/example_dags/tutorial_dag.py
[2023-11-12T20:06:47.042+0000] {processor.py:756} INFO - Processing file /home/airflow/.local/lib/python3.7/site-packages/airflow/example_dags/tutorial_dag.py for tasks to queue
[2023-11-12T20:06:47.044+0000] {logging_mixin.py:120} INFO - [2023-11-12T20:06:47.043+0000] {dagbag.py:537} INFO - Filling up the DagBag from /home/airflow/.local/lib/python3.7/site-packages/airflow/example_dags/tutorial_dag.py
[2023-11-12T20:06:47.057+0000] {processor.py:766} INFO - DAG(s) dict_keys(['tutorial_dag']) retrieved from /home/airflow/.local/lib/python3.7/site-packages/airflow/example_dags/tutorial_dag.py
[2023-11-12T20:06:47.098+0000] {logging_mixin.py:120} INFO - [2023-11-12T20:06:47.098+0000] {dag.py:2585} INFO - Sync 1 DAGs
[2023-11-12T20:06:47.117+0000] {logging_mixin.py:120} INFO - [2023-11-12T20:06:47.117+0000] {dag.py:3340} INFO - Setting next_dagrun for tutorial_dag to None, run_after=None
[2023-11-12T20:06:47.141+0000] {processor.py:176} INFO - Processing /home/airflow/.local/lib/python3.7/site-packages/airflow/example_dags/tutorial_dag.py took 0.105 seconds
[2023-11-12T20:07:17.511+0000] {processor.py:154} INFO - Started process (PID=1035) to work on /home/airflow/.local/lib/python3.7/site-packages/airflow/example_dags/tutorial_dag.py
[2023-11-12T20:07:17.512+0000] {processor.py:756} INFO - Processing file /home/airflow/.local/lib/python3.7/site-packages/airflow/example_dags/tutorial_dag.py for tasks to queue
[2023-11-12T20:07:17.512+0000] {logging_mixin.py:120} INFO - [2023-11-12T20:07:17.512+0000] {dagbag.py:537} INFO - Filling up the DagBag from /home/airflow/.local/lib/python3.7/site-packages/airflow/example_dags/tutorial_dag.py
[2023-11-12T20:07:17.527+0000] {processor.py:766} INFO - DAG(s) dict_keys(['tutorial_dag']) retrieved from /home/airflow/.local/lib/python3.7/site-packages/airflow/example_dags/tutorial_dag.py
[2023-11-12T20:07:17.560+0000] {logging_mixin.py:120} INFO - [2023-11-12T20:07:17.560+0000] {dag.py:2585} INFO - Sync 1 DAGs
[2023-11-12T20:07:17.579+0000] {logging_mixin.py:120} INFO - [2023-11-12T20:07:17.579+0000] {dag.py:3340} INFO - Setting next_dagrun for tutorial_dag to None, run_after=None
[2023-11-12T20:07:17.602+0000] {processor.py:176} INFO - Processing /home/airflow/.local/lib/python3.7/site-packages/airflow/example_dags/tutorial_dag.py took 0.094 seconds
