[2023-11-12T19:53:13.631+0000] {processor.py:154} INFO - Started process (PID=74) to work on /home/airflow/.local/lib/python3.7/site-packages/airflow/example_dags/tutorial_taskflow_api.py
[2023-11-12T19:53:13.644+0000] {processor.py:756} INFO - Processing file /home/airflow/.local/lib/python3.7/site-packages/airflow/example_dags/tutorial_taskflow_api.py for tasks to queue
[2023-11-12T19:53:13.645+0000] {logging_mixin.py:120} INFO - [2023-11-12T19:53:13.645+0000] {dagbag.py:537} INFO - Filling up the DagBag from /home/airflow/.local/lib/python3.7/site-packages/airflow/example_dags/tutorial_taskflow_api.py
[2023-11-12T19:53:13.803+0000] {processor.py:766} INFO - DAG(s) dict_keys(['tutorial_taskflow_api']) retrieved from /home/airflow/.local/lib/python3.7/site-packages/airflow/example_dags/tutorial_taskflow_api.py
[2023-11-12T19:53:14.632+0000] {logging_mixin.py:120} INFO - [2023-11-12T19:53:14.632+0000] {manager.py:507} INFO - Created Permission View: can edit on DAG:tutorial_taskflow_api
[2023-11-12T19:53:14.712+0000] {logging_mixin.py:120} INFO - [2023-11-12T19:53:14.712+0000] {manager.py:507} INFO - Created Permission View: can delete on DAG:tutorial_taskflow_api
[2023-11-12T19:53:14.744+0000] {logging_mixin.py:120} INFO - [2023-11-12T19:53:14.744+0000] {manager.py:507} INFO - Created Permission View: can read on DAG:tutorial_taskflow_api
[2023-11-12T19:53:14.745+0000] {logging_mixin.py:120} INFO - [2023-11-12T19:53:14.745+0000] {dag.py:2585} INFO - Sync 1 DAGs
[2023-11-12T19:53:14.810+0000] {logging_mixin.py:120} INFO - [2023-11-12T19:53:14.810+0000] {dag.py:2606} INFO - Creating ORM DAG for tutorial_taskflow_api
[2023-11-12T19:53:14.871+0000] {logging_mixin.py:120} INFO - [2023-11-12T19:53:14.871+0000] {dag.py:3340} INFO - Setting next_dagrun for tutorial_taskflow_api to None, run_after=None
[2023-11-12T19:53:14.953+0000] {processor.py:176} INFO - Processing /home/airflow/.local/lib/python3.7/site-packages/airflow/example_dags/tutorial_taskflow_api.py took 1.330 seconds
[2023-11-12T19:53:45.168+0000] {processor.py:154} INFO - Started process (PID=129) to work on /home/airflow/.local/lib/python3.7/site-packages/airflow/example_dags/tutorial_taskflow_api.py
[2023-11-12T19:53:45.169+0000] {processor.py:756} INFO - Processing file /home/airflow/.local/lib/python3.7/site-packages/airflow/example_dags/tutorial_taskflow_api.py for tasks to queue
[2023-11-12T19:53:45.170+0000] {logging_mixin.py:120} INFO - [2023-11-12T19:53:45.169+0000] {dagbag.py:537} INFO - Filling up the DagBag from /home/airflow/.local/lib/python3.7/site-packages/airflow/example_dags/tutorial_taskflow_api.py
[2023-11-12T19:53:45.189+0000] {processor.py:766} INFO - DAG(s) dict_keys(['tutorial_taskflow_api']) retrieved from /home/airflow/.local/lib/python3.7/site-packages/airflow/example_dags/tutorial_taskflow_api.py
[2023-11-12T19:53:45.222+0000] {logging_mixin.py:120} INFO - [2023-11-12T19:53:45.222+0000] {dag.py:2585} INFO - Sync 1 DAGs
[2023-11-12T19:53:45.241+0000] {logging_mixin.py:120} INFO - [2023-11-12T19:53:45.241+0000] {dag.py:3340} INFO - Setting next_dagrun for tutorial_taskflow_api to None, run_after=None
[2023-11-12T19:53:45.262+0000] {processor.py:176} INFO - Processing /home/airflow/.local/lib/python3.7/site-packages/airflow/example_dags/tutorial_taskflow_api.py took 0.097 seconds
[2023-11-12T19:54:15.442+0000] {processor.py:154} INFO - Started process (PID=183) to work on /home/airflow/.local/lib/python3.7/site-packages/airflow/example_dags/tutorial_taskflow_api.py
[2023-11-12T19:54:15.443+0000] {processor.py:756} INFO - Processing file /home/airflow/.local/lib/python3.7/site-packages/airflow/example_dags/tutorial_taskflow_api.py for tasks to queue
[2023-11-12T19:54:15.444+0000] {logging_mixin.py:120} INFO - [2023-11-12T19:54:15.443+0000] {dagbag.py:537} INFO - Filling up the DagBag from /home/airflow/.local/lib/python3.7/site-packages/airflow/example_dags/tutorial_taskflow_api.py
[2023-11-12T19:54:15.468+0000] {processor.py:766} INFO - DAG(s) dict_keys(['tutorial_taskflow_api']) retrieved from /home/airflow/.local/lib/python3.7/site-packages/airflow/example_dags/tutorial_taskflow_api.py
[2023-11-12T19:54:15.515+0000] {logging_mixin.py:120} INFO - [2023-11-12T19:54:15.515+0000] {dag.py:2585} INFO - Sync 1 DAGs
[2023-11-12T19:54:15.544+0000] {logging_mixin.py:120} INFO - [2023-11-12T19:54:15.544+0000] {dag.py:3340} INFO - Setting next_dagrun for tutorial_taskflow_api to None, run_after=None
[2023-11-12T19:54:15.570+0000] {processor.py:176} INFO - Processing /home/airflow/.local/lib/python3.7/site-packages/airflow/example_dags/tutorial_taskflow_api.py took 0.137 seconds
[2023-11-12T19:57:07.165+0000] {processor.py:154} INFO - Started process (PID=66) to work on /home/airflow/.local/lib/python3.7/site-packages/airflow/example_dags/tutorial_taskflow_api.py
[2023-11-12T19:57:07.166+0000] {processor.py:756} INFO - Processing file /home/airflow/.local/lib/python3.7/site-packages/airflow/example_dags/tutorial_taskflow_api.py for tasks to queue
[2023-11-12T19:57:07.166+0000] {logging_mixin.py:120} INFO - [2023-11-12T19:57:07.166+0000] {dagbag.py:537} INFO - Filling up the DagBag from /home/airflow/.local/lib/python3.7/site-packages/airflow/example_dags/tutorial_taskflow_api.py
[2023-11-12T19:57:07.246+0000] {processor.py:766} INFO - DAG(s) dict_keys(['tutorial_taskflow_api']) retrieved from /home/airflow/.local/lib/python3.7/site-packages/airflow/example_dags/tutorial_taskflow_api.py
[2023-11-12T19:57:07.362+0000] {logging_mixin.py:120} INFO - [2023-11-12T19:57:07.362+0000] {dag.py:2585} INFO - Sync 1 DAGs
[2023-11-12T19:57:07.478+0000] {logging_mixin.py:120} INFO - [2023-11-12T19:57:07.478+0000] {dag.py:3340} INFO - Setting next_dagrun for tutorial_taskflow_api to None, run_after=None
[2023-11-12T19:57:07.572+0000] {processor.py:176} INFO - Processing /home/airflow/.local/lib/python3.7/site-packages/airflow/example_dags/tutorial_taskflow_api.py took 0.417 seconds
[2023-11-12T19:57:38.380+0000] {processor.py:154} INFO - Started process (PID=129) to work on /home/airflow/.local/lib/python3.7/site-packages/airflow/example_dags/tutorial_taskflow_api.py
[2023-11-12T19:57:38.381+0000] {processor.py:756} INFO - Processing file /home/airflow/.local/lib/python3.7/site-packages/airflow/example_dags/tutorial_taskflow_api.py for tasks to queue
[2023-11-12T19:57:38.382+0000] {logging_mixin.py:120} INFO - [2023-11-12T19:57:38.382+0000] {dagbag.py:537} INFO - Filling up the DagBag from /home/airflow/.local/lib/python3.7/site-packages/airflow/example_dags/tutorial_taskflow_api.py
[2023-11-12T19:57:38.456+0000] {processor.py:766} INFO - DAG(s) dict_keys(['tutorial_taskflow_api']) retrieved from /home/airflow/.local/lib/python3.7/site-packages/airflow/example_dags/tutorial_taskflow_api.py
[2023-11-12T19:57:38.546+0000] {logging_mixin.py:120} INFO - [2023-11-12T19:57:38.546+0000] {dag.py:2585} INFO - Sync 1 DAGs
[2023-11-12T19:57:38.594+0000] {logging_mixin.py:120} INFO - [2023-11-12T19:57:38.594+0000] {dag.py:3340} INFO - Setting next_dagrun for tutorial_taskflow_api to None, run_after=None
[2023-11-12T19:57:38.625+0000] {processor.py:176} INFO - Processing /home/airflow/.local/lib/python3.7/site-packages/airflow/example_dags/tutorial_taskflow_api.py took 0.258 seconds
[2023-11-12T19:59:00.830+0000] {processor.py:154} INFO - Started process (PID=68) to work on /home/airflow/.local/lib/python3.7/site-packages/airflow/example_dags/tutorial_taskflow_api.py
[2023-11-12T19:59:00.836+0000] {processor.py:756} INFO - Processing file /home/airflow/.local/lib/python3.7/site-packages/airflow/example_dags/tutorial_taskflow_api.py for tasks to queue
[2023-11-12T19:59:00.837+0000] {logging_mixin.py:120} INFO - [2023-11-12T19:59:00.837+0000] {dagbag.py:537} INFO - Filling up the DagBag from /home/airflow/.local/lib/python3.7/site-packages/airflow/example_dags/tutorial_taskflow_api.py
[2023-11-12T19:59:00.938+0000] {processor.py:766} INFO - DAG(s) dict_keys(['tutorial_taskflow_api']) retrieved from /home/airflow/.local/lib/python3.7/site-packages/airflow/example_dags/tutorial_taskflow_api.py
[2023-11-12T19:59:01.117+0000] {logging_mixin.py:120} INFO - [2023-11-12T19:59:01.116+0000] {dag.py:2585} INFO - Sync 1 DAGs
[2023-11-12T19:59:01.261+0000] {logging_mixin.py:120} INFO - [2023-11-12T19:59:01.261+0000] {dag.py:3340} INFO - Setting next_dagrun for tutorial_taskflow_api to None, run_after=None
[2023-11-12T19:59:01.385+0000] {processor.py:176} INFO - Processing /home/airflow/.local/lib/python3.7/site-packages/airflow/example_dags/tutorial_taskflow_api.py took 0.563 seconds
[2023-11-12T19:59:31.540+0000] {processor.py:154} INFO - Started process (PID=129) to work on /home/airflow/.local/lib/python3.7/site-packages/airflow/example_dags/tutorial_taskflow_api.py
[2023-11-12T19:59:31.541+0000] {processor.py:756} INFO - Processing file /home/airflow/.local/lib/python3.7/site-packages/airflow/example_dags/tutorial_taskflow_api.py for tasks to queue
[2023-11-12T19:59:31.542+0000] {logging_mixin.py:120} INFO - [2023-11-12T19:59:31.541+0000] {dagbag.py:537} INFO - Filling up the DagBag from /home/airflow/.local/lib/python3.7/site-packages/airflow/example_dags/tutorial_taskflow_api.py
[2023-11-12T19:59:31.567+0000] {processor.py:766} INFO - DAG(s) dict_keys(['tutorial_taskflow_api']) retrieved from /home/airflow/.local/lib/python3.7/site-packages/airflow/example_dags/tutorial_taskflow_api.py
[2023-11-12T19:59:31.615+0000] {logging_mixin.py:120} INFO - [2023-11-12T19:59:31.614+0000] {dag.py:2585} INFO - Sync 1 DAGs
[2023-11-12T19:59:31.646+0000] {logging_mixin.py:120} INFO - [2023-11-12T19:59:31.646+0000] {dag.py:3340} INFO - Setting next_dagrun for tutorial_taskflow_api to None, run_after=None
[2023-11-12T19:59:31.671+0000] {processor.py:176} INFO - Processing /home/airflow/.local/lib/python3.7/site-packages/airflow/example_dags/tutorial_taskflow_api.py took 0.140 seconds
[2023-11-12T20:00:02.132+0000] {processor.py:154} INFO - Started process (PID=187) to work on /home/airflow/.local/lib/python3.7/site-packages/airflow/example_dags/tutorial_taskflow_api.py
[2023-11-12T20:00:02.147+0000] {processor.py:756} INFO - Processing file /home/airflow/.local/lib/python3.7/site-packages/airflow/example_dags/tutorial_taskflow_api.py for tasks to queue
[2023-11-12T20:00:02.150+0000] {logging_mixin.py:120} INFO - [2023-11-12T20:00:02.149+0000] {dagbag.py:537} INFO - Filling up the DagBag from /home/airflow/.local/lib/python3.7/site-packages/airflow/example_dags/tutorial_taskflow_api.py
[2023-11-12T20:00:02.282+0000] {processor.py:766} INFO - DAG(s) dict_keys(['tutorial_taskflow_api']) retrieved from /home/airflow/.local/lib/python3.7/site-packages/airflow/example_dags/tutorial_taskflow_api.py
[2023-11-12T20:00:02.531+0000] {logging_mixin.py:120} INFO - [2023-11-12T20:00:02.531+0000] {dag.py:2585} INFO - Sync 1 DAGs
[2023-11-12T20:00:02.623+0000] {logging_mixin.py:120} INFO - [2023-11-12T20:00:02.622+0000] {dag.py:3340} INFO - Setting next_dagrun for tutorial_taskflow_api to None, run_after=None
[2023-11-12T20:00:02.694+0000] {processor.py:176} INFO - Processing /home/airflow/.local/lib/python3.7/site-packages/airflow/example_dags/tutorial_taskflow_api.py took 0.565 seconds
[2023-11-12T20:00:33.773+0000] {processor.py:154} INFO - Started process (PID=251) to work on /home/airflow/.local/lib/python3.7/site-packages/airflow/example_dags/tutorial_taskflow_api.py
[2023-11-12T20:00:33.774+0000] {processor.py:756} INFO - Processing file /home/airflow/.local/lib/python3.7/site-packages/airflow/example_dags/tutorial_taskflow_api.py for tasks to queue
[2023-11-12T20:00:33.775+0000] {logging_mixin.py:120} INFO - [2023-11-12T20:00:33.775+0000] {dagbag.py:537} INFO - Filling up the DagBag from /home/airflow/.local/lib/python3.7/site-packages/airflow/example_dags/tutorial_taskflow_api.py
[2023-11-12T20:00:33.822+0000] {processor.py:766} INFO - DAG(s) dict_keys(['tutorial_taskflow_api']) retrieved from /home/airflow/.local/lib/python3.7/site-packages/airflow/example_dags/tutorial_taskflow_api.py
[2023-11-12T20:00:33.893+0000] {logging_mixin.py:120} INFO - [2023-11-12T20:00:33.893+0000] {dag.py:2585} INFO - Sync 1 DAGs
[2023-11-12T20:00:33.932+0000] {logging_mixin.py:120} INFO - [2023-11-12T20:00:33.932+0000] {dag.py:3340} INFO - Setting next_dagrun for tutorial_taskflow_api to None, run_after=None
[2023-11-12T20:00:33.961+0000] {processor.py:176} INFO - Processing /home/airflow/.local/lib/python3.7/site-packages/airflow/example_dags/tutorial_taskflow_api.py took 0.191 seconds
[2023-11-12T20:01:04.035+0000] {processor.py:154} INFO - Started process (PID=311) to work on /home/airflow/.local/lib/python3.7/site-packages/airflow/example_dags/tutorial_taskflow_api.py
[2023-11-12T20:01:04.035+0000] {processor.py:756} INFO - Processing file /home/airflow/.local/lib/python3.7/site-packages/airflow/example_dags/tutorial_taskflow_api.py for tasks to queue
[2023-11-12T20:01:04.036+0000] {logging_mixin.py:120} INFO - [2023-11-12T20:01:04.036+0000] {dagbag.py:537} INFO - Filling up the DagBag from /home/airflow/.local/lib/python3.7/site-packages/airflow/example_dags/tutorial_taskflow_api.py
[2023-11-12T20:01:04.061+0000] {processor.py:766} INFO - DAG(s) dict_keys(['tutorial_taskflow_api']) retrieved from /home/airflow/.local/lib/python3.7/site-packages/airflow/example_dags/tutorial_taskflow_api.py
[2023-11-12T20:01:04.108+0000] {logging_mixin.py:120} INFO - [2023-11-12T20:01:04.108+0000] {dag.py:2585} INFO - Sync 1 DAGs
[2023-11-12T20:01:04.141+0000] {logging_mixin.py:120} INFO - [2023-11-12T20:01:04.140+0000] {dag.py:3340} INFO - Setting next_dagrun for tutorial_taskflow_api to None, run_after=None
[2023-11-12T20:01:04.168+0000] {processor.py:176} INFO - Processing /home/airflow/.local/lib/python3.7/site-packages/airflow/example_dags/tutorial_taskflow_api.py took 0.136 seconds
[2023-11-12T20:01:34.231+0000] {processor.py:154} INFO - Started process (PID=367) to work on /home/airflow/.local/lib/python3.7/site-packages/airflow/example_dags/tutorial_taskflow_api.py
[2023-11-12T20:01:34.232+0000] {processor.py:756} INFO - Processing file /home/airflow/.local/lib/python3.7/site-packages/airflow/example_dags/tutorial_taskflow_api.py for tasks to queue
[2023-11-12T20:01:34.232+0000] {logging_mixin.py:120} INFO - [2023-11-12T20:01:34.232+0000] {dagbag.py:537} INFO - Filling up the DagBag from /home/airflow/.local/lib/python3.7/site-packages/airflow/example_dags/tutorial_taskflow_api.py
[2023-11-12T20:01:34.251+0000] {processor.py:766} INFO - DAG(s) dict_keys(['tutorial_taskflow_api']) retrieved from /home/airflow/.local/lib/python3.7/site-packages/airflow/example_dags/tutorial_taskflow_api.py
[2023-11-12T20:01:34.303+0000] {logging_mixin.py:120} INFO - [2023-11-12T20:01:34.303+0000] {dag.py:2585} INFO - Sync 1 DAGs
[2023-11-12T20:01:34.333+0000] {logging_mixin.py:120} INFO - [2023-11-12T20:01:34.333+0000] {dag.py:3340} INFO - Setting next_dagrun for tutorial_taskflow_api to None, run_after=None
[2023-11-12T20:01:34.368+0000] {processor.py:176} INFO - Processing /home/airflow/.local/lib/python3.7/site-packages/airflow/example_dags/tutorial_taskflow_api.py took 0.139 seconds
[2023-11-12T20:02:04.931+0000] {processor.py:154} INFO - Started process (PID=430) to work on /home/airflow/.local/lib/python3.7/site-packages/airflow/example_dags/tutorial_taskflow_api.py
[2023-11-12T20:02:04.932+0000] {processor.py:756} INFO - Processing file /home/airflow/.local/lib/python3.7/site-packages/airflow/example_dags/tutorial_taskflow_api.py for tasks to queue
[2023-11-12T20:02:04.933+0000] {logging_mixin.py:120} INFO - [2023-11-12T20:02:04.932+0000] {dagbag.py:537} INFO - Filling up the DagBag from /home/airflow/.local/lib/python3.7/site-packages/airflow/example_dags/tutorial_taskflow_api.py
[2023-11-12T20:02:04.970+0000] {processor.py:766} INFO - DAG(s) dict_keys(['tutorial_taskflow_api']) retrieved from /home/airflow/.local/lib/python3.7/site-packages/airflow/example_dags/tutorial_taskflow_api.py
[2023-11-12T20:02:05.095+0000] {logging_mixin.py:120} INFO - [2023-11-12T20:02:05.095+0000] {dag.py:2585} INFO - Sync 1 DAGs
[2023-11-12T20:02:05.123+0000] {logging_mixin.py:120} INFO - [2023-11-12T20:02:05.123+0000] {dag.py:3340} INFO - Setting next_dagrun for tutorial_taskflow_api to None, run_after=None
[2023-11-12T20:02:05.151+0000] {processor.py:176} INFO - Processing /home/airflow/.local/lib/python3.7/site-packages/airflow/example_dags/tutorial_taskflow_api.py took 0.223 seconds
[2023-11-12T20:02:35.281+0000] {processor.py:154} INFO - Started process (PID=484) to work on /home/airflow/.local/lib/python3.7/site-packages/airflow/example_dags/tutorial_taskflow_api.py
[2023-11-12T20:02:35.283+0000] {processor.py:756} INFO - Processing file /home/airflow/.local/lib/python3.7/site-packages/airflow/example_dags/tutorial_taskflow_api.py for tasks to queue
[2023-11-12T20:02:35.283+0000] {logging_mixin.py:120} INFO - [2023-11-12T20:02:35.283+0000] {dagbag.py:537} INFO - Filling up the DagBag from /home/airflow/.local/lib/python3.7/site-packages/airflow/example_dags/tutorial_taskflow_api.py
[2023-11-12T20:02:35.307+0000] {processor.py:766} INFO - DAG(s) dict_keys(['tutorial_taskflow_api']) retrieved from /home/airflow/.local/lib/python3.7/site-packages/airflow/example_dags/tutorial_taskflow_api.py
[2023-11-12T20:02:35.355+0000] {logging_mixin.py:120} INFO - [2023-11-12T20:02:35.355+0000] {dag.py:2585} INFO - Sync 1 DAGs
[2023-11-12T20:02:35.383+0000] {logging_mixin.py:120} INFO - [2023-11-12T20:02:35.383+0000] {dag.py:3340} INFO - Setting next_dagrun for tutorial_taskflow_api to None, run_after=None
[2023-11-12T20:02:35.407+0000] {processor.py:176} INFO - Processing /home/airflow/.local/lib/python3.7/site-packages/airflow/example_dags/tutorial_taskflow_api.py took 0.130 seconds
[2023-11-12T20:03:06.317+0000] {processor.py:154} INFO - Started process (PID=548) to work on /home/airflow/.local/lib/python3.7/site-packages/airflow/example_dags/tutorial_taskflow_api.py
[2023-11-12T20:03:06.318+0000] {processor.py:756} INFO - Processing file /home/airflow/.local/lib/python3.7/site-packages/airflow/example_dags/tutorial_taskflow_api.py for tasks to queue
[2023-11-12T20:03:06.318+0000] {logging_mixin.py:120} INFO - [2023-11-12T20:03:06.318+0000] {dagbag.py:537} INFO - Filling up the DagBag from /home/airflow/.local/lib/python3.7/site-packages/airflow/example_dags/tutorial_taskflow_api.py
[2023-11-12T20:03:06.368+0000] {processor.py:766} INFO - DAG(s) dict_keys(['tutorial_taskflow_api']) retrieved from /home/airflow/.local/lib/python3.7/site-packages/airflow/example_dags/tutorial_taskflow_api.py
[2023-11-12T20:03:06.486+0000] {logging_mixin.py:120} INFO - [2023-11-12T20:03:06.486+0000] {dag.py:2585} INFO - Sync 1 DAGs
[2023-11-12T20:03:06.540+0000] {logging_mixin.py:120} INFO - [2023-11-12T20:03:06.540+0000] {dag.py:3340} INFO - Setting next_dagrun for tutorial_taskflow_api to None, run_after=None
[2023-11-12T20:03:06.580+0000] {processor.py:176} INFO - Processing /home/airflow/.local/lib/python3.7/site-packages/airflow/example_dags/tutorial_taskflow_api.py took 0.277 seconds
[2023-11-12T20:03:36.617+0000] {processor.py:154} INFO - Started process (PID=612) to work on /home/airflow/.local/lib/python3.7/site-packages/airflow/example_dags/tutorial_taskflow_api.py
[2023-11-12T20:03:36.617+0000] {processor.py:756} INFO - Processing file /home/airflow/.local/lib/python3.7/site-packages/airflow/example_dags/tutorial_taskflow_api.py for tasks to queue
[2023-11-12T20:03:36.618+0000] {logging_mixin.py:120} INFO - [2023-11-12T20:03:36.618+0000] {dagbag.py:537} INFO - Filling up the DagBag from /home/airflow/.local/lib/python3.7/site-packages/airflow/example_dags/tutorial_taskflow_api.py
[2023-11-12T20:03:36.646+0000] {processor.py:766} INFO - DAG(s) dict_keys(['tutorial_taskflow_api']) retrieved from /home/airflow/.local/lib/python3.7/site-packages/airflow/example_dags/tutorial_taskflow_api.py
[2023-11-12T20:03:36.693+0000] {logging_mixin.py:120} INFO - [2023-11-12T20:03:36.693+0000] {dag.py:2585} INFO - Sync 1 DAGs
[2023-11-12T20:03:36.723+0000] {logging_mixin.py:120} INFO - [2023-11-12T20:03:36.722+0000] {dag.py:3340} INFO - Setting next_dagrun for tutorial_taskflow_api to None, run_after=None
[2023-11-12T20:03:36.748+0000] {processor.py:176} INFO - Processing /home/airflow/.local/lib/python3.7/site-packages/airflow/example_dags/tutorial_taskflow_api.py took 0.135 seconds
[2023-11-12T20:04:06.916+0000] {processor.py:154} INFO - Started process (PID=676) to work on /home/airflow/.local/lib/python3.7/site-packages/airflow/example_dags/tutorial_taskflow_api.py
[2023-11-12T20:04:06.920+0000] {processor.py:756} INFO - Processing file /home/airflow/.local/lib/python3.7/site-packages/airflow/example_dags/tutorial_taskflow_api.py for tasks to queue
[2023-11-12T20:04:06.921+0000] {logging_mixin.py:120} INFO - [2023-11-12T20:04:06.921+0000] {dagbag.py:537} INFO - Filling up the DagBag from /home/airflow/.local/lib/python3.7/site-packages/airflow/example_dags/tutorial_taskflow_api.py
[2023-11-12T20:04:06.974+0000] {processor.py:766} INFO - DAG(s) dict_keys(['tutorial_taskflow_api']) retrieved from /home/airflow/.local/lib/python3.7/site-packages/airflow/example_dags/tutorial_taskflow_api.py
[2023-11-12T20:04:07.054+0000] {logging_mixin.py:120} INFO - [2023-11-12T20:04:07.054+0000] {dag.py:2585} INFO - Sync 1 DAGs
[2023-11-12T20:04:07.087+0000] {logging_mixin.py:120} INFO - [2023-11-12T20:04:07.087+0000] {dag.py:3340} INFO - Setting next_dagrun for tutorial_taskflow_api to None, run_after=None
[2023-11-12T20:04:07.114+0000] {processor.py:176} INFO - Processing /home/airflow/.local/lib/python3.7/site-packages/airflow/example_dags/tutorial_taskflow_api.py took 0.201 seconds
[2023-11-12T20:04:37.652+0000] {processor.py:154} INFO - Started process (PID=731) to work on /home/airflow/.local/lib/python3.7/site-packages/airflow/example_dags/tutorial_taskflow_api.py
[2023-11-12T20:04:37.654+0000] {processor.py:756} INFO - Processing file /home/airflow/.local/lib/python3.7/site-packages/airflow/example_dags/tutorial_taskflow_api.py for tasks to queue
[2023-11-12T20:04:37.655+0000] {logging_mixin.py:120} INFO - [2023-11-12T20:04:37.655+0000] {dagbag.py:537} INFO - Filling up the DagBag from /home/airflow/.local/lib/python3.7/site-packages/airflow/example_dags/tutorial_taskflow_api.py
[2023-11-12T20:04:37.719+0000] {processor.py:766} INFO - DAG(s) dict_keys(['tutorial_taskflow_api']) retrieved from /home/airflow/.local/lib/python3.7/site-packages/airflow/example_dags/tutorial_taskflow_api.py
[2023-11-12T20:04:37.820+0000] {logging_mixin.py:120} INFO - [2023-11-12T20:04:37.820+0000] {dag.py:2585} INFO - Sync 1 DAGs
[2023-11-12T20:04:37.854+0000] {logging_mixin.py:120} INFO - [2023-11-12T20:04:37.854+0000] {dag.py:3340} INFO - Setting next_dagrun for tutorial_taskflow_api to None, run_after=None
[2023-11-12T20:04:37.888+0000] {processor.py:176} INFO - Processing /home/airflow/.local/lib/python3.7/site-packages/airflow/example_dags/tutorial_taskflow_api.py took 0.240 seconds
[2023-11-12T20:05:08.577+0000] {processor.py:154} INFO - Started process (PID=795) to work on /home/airflow/.local/lib/python3.7/site-packages/airflow/example_dags/tutorial_taskflow_api.py
[2023-11-12T20:05:08.578+0000] {processor.py:756} INFO - Processing file /home/airflow/.local/lib/python3.7/site-packages/airflow/example_dags/tutorial_taskflow_api.py for tasks to queue
[2023-11-12T20:05:08.578+0000] {logging_mixin.py:120} INFO - [2023-11-12T20:05:08.578+0000] {dagbag.py:537} INFO - Filling up the DagBag from /home/airflow/.local/lib/python3.7/site-packages/airflow/example_dags/tutorial_taskflow_api.py
[2023-11-12T20:05:08.604+0000] {processor.py:766} INFO - DAG(s) dict_keys(['tutorial_taskflow_api']) retrieved from /home/airflow/.local/lib/python3.7/site-packages/airflow/example_dags/tutorial_taskflow_api.py
[2023-11-12T20:05:08.651+0000] {logging_mixin.py:120} INFO - [2023-11-12T20:05:08.651+0000] {dag.py:2585} INFO - Sync 1 DAGs
[2023-11-12T20:05:08.681+0000] {logging_mixin.py:120} INFO - [2023-11-12T20:05:08.681+0000] {dag.py:3340} INFO - Setting next_dagrun for tutorial_taskflow_api to None, run_after=None
[2023-11-12T20:05:08.701+0000] {processor.py:176} INFO - Processing /home/airflow/.local/lib/python3.7/site-packages/airflow/example_dags/tutorial_taskflow_api.py took 0.128 seconds
[2023-11-12T20:05:39.113+0000] {processor.py:154} INFO - Started process (PID=848) to work on /home/airflow/.local/lib/python3.7/site-packages/airflow/example_dags/tutorial_taskflow_api.py
[2023-11-12T20:05:39.114+0000] {processor.py:756} INFO - Processing file /home/airflow/.local/lib/python3.7/site-packages/airflow/example_dags/tutorial_taskflow_api.py for tasks to queue
[2023-11-12T20:05:39.114+0000] {logging_mixin.py:120} INFO - [2023-11-12T20:05:39.114+0000] {dagbag.py:537} INFO - Filling up the DagBag from /home/airflow/.local/lib/python3.7/site-packages/airflow/example_dags/tutorial_taskflow_api.py
[2023-11-12T20:05:39.158+0000] {processor.py:766} INFO - DAG(s) dict_keys(['tutorial_taskflow_api']) retrieved from /home/airflow/.local/lib/python3.7/site-packages/airflow/example_dags/tutorial_taskflow_api.py
[2023-11-12T20:05:39.214+0000] {logging_mixin.py:120} INFO - [2023-11-12T20:05:39.214+0000] {dag.py:2585} INFO - Sync 1 DAGs
[2023-11-12T20:05:39.235+0000] {logging_mixin.py:120} INFO - [2023-11-12T20:05:39.235+0000] {dag.py:3340} INFO - Setting next_dagrun for tutorial_taskflow_api to None, run_after=None
[2023-11-12T20:05:39.256+0000] {processor.py:176} INFO - Processing /home/airflow/.local/lib/python3.7/site-packages/airflow/example_dags/tutorial_taskflow_api.py took 0.153 seconds
[2023-11-12T20:06:10.522+0000] {processor.py:154} INFO - Started process (PID=910) to work on /home/airflow/.local/lib/python3.7/site-packages/airflow/example_dags/tutorial_taskflow_api.py
[2023-11-12T20:06:10.523+0000] {processor.py:756} INFO - Processing file /home/airflow/.local/lib/python3.7/site-packages/airflow/example_dags/tutorial_taskflow_api.py for tasks to queue
[2023-11-12T20:06:10.523+0000] {logging_mixin.py:120} INFO - [2023-11-12T20:06:10.523+0000] {dagbag.py:537} INFO - Filling up the DagBag from /home/airflow/.local/lib/python3.7/site-packages/airflow/example_dags/tutorial_taskflow_api.py
[2023-11-12T20:06:10.540+0000] {processor.py:766} INFO - DAG(s) dict_keys(['tutorial_taskflow_api']) retrieved from /home/airflow/.local/lib/python3.7/site-packages/airflow/example_dags/tutorial_taskflow_api.py
[2023-11-12T20:06:10.572+0000] {logging_mixin.py:120} INFO - [2023-11-12T20:06:10.572+0000] {dag.py:2585} INFO - Sync 1 DAGs
[2023-11-12T20:06:10.592+0000] {logging_mixin.py:120} INFO - [2023-11-12T20:06:10.592+0000] {dag.py:3340} INFO - Setting next_dagrun for tutorial_taskflow_api to None, run_after=None
[2023-11-12T20:06:10.613+0000] {processor.py:176} INFO - Processing /home/airflow/.local/lib/python3.7/site-packages/airflow/example_dags/tutorial_taskflow_api.py took 0.094 seconds
[2023-11-12T20:06:41.001+0000] {processor.py:154} INFO - Started process (PID=964) to work on /home/airflow/.local/lib/python3.7/site-packages/airflow/example_dags/tutorial_taskflow_api.py
[2023-11-12T20:06:41.002+0000] {processor.py:756} INFO - Processing file /home/airflow/.local/lib/python3.7/site-packages/airflow/example_dags/tutorial_taskflow_api.py for tasks to queue
[2023-11-12T20:06:41.003+0000] {logging_mixin.py:120} INFO - [2023-11-12T20:06:41.002+0000] {dagbag.py:537} INFO - Filling up the DagBag from /home/airflow/.local/lib/python3.7/site-packages/airflow/example_dags/tutorial_taskflow_api.py
[2023-11-12T20:06:41.026+0000] {processor.py:766} INFO - DAG(s) dict_keys(['tutorial_taskflow_api']) retrieved from /home/airflow/.local/lib/python3.7/site-packages/airflow/example_dags/tutorial_taskflow_api.py
[2023-11-12T20:06:41.082+0000] {logging_mixin.py:120} INFO - [2023-11-12T20:06:41.082+0000] {dag.py:2585} INFO - Sync 1 DAGs
[2023-11-12T20:06:41.114+0000] {logging_mixin.py:120} INFO - [2023-11-12T20:06:41.114+0000] {dag.py:3340} INFO - Setting next_dagrun for tutorial_taskflow_api to None, run_after=None
[2023-11-12T20:06:41.142+0000] {processor.py:176} INFO - Processing /home/airflow/.local/lib/python3.7/site-packages/airflow/example_dags/tutorial_taskflow_api.py took 0.145 seconds
[2023-11-12T20:07:11.454+0000] {processor.py:154} INFO - Started process (PID=1026) to work on /home/airflow/.local/lib/python3.7/site-packages/airflow/example_dags/tutorial_taskflow_api.py
[2023-11-12T20:07:11.455+0000] {processor.py:756} INFO - Processing file /home/airflow/.local/lib/python3.7/site-packages/airflow/example_dags/tutorial_taskflow_api.py for tasks to queue
[2023-11-12T20:07:11.456+0000] {logging_mixin.py:120} INFO - [2023-11-12T20:07:11.456+0000] {dagbag.py:537} INFO - Filling up the DagBag from /home/airflow/.local/lib/python3.7/site-packages/airflow/example_dags/tutorial_taskflow_api.py
[2023-11-12T20:07:11.478+0000] {processor.py:766} INFO - DAG(s) dict_keys(['tutorial_taskflow_api']) retrieved from /home/airflow/.local/lib/python3.7/site-packages/airflow/example_dags/tutorial_taskflow_api.py
[2023-11-12T20:07:11.512+0000] {logging_mixin.py:120} INFO - [2023-11-12T20:07:11.512+0000] {dag.py:2585} INFO - Sync 1 DAGs
[2023-11-12T20:07:11.531+0000] {logging_mixin.py:120} INFO - [2023-11-12T20:07:11.531+0000] {dag.py:3340} INFO - Setting next_dagrun for tutorial_taskflow_api to None, run_after=None
[2023-11-12T20:07:11.553+0000] {processor.py:176} INFO - Processing /home/airflow/.local/lib/python3.7/site-packages/airflow/example_dags/tutorial_taskflow_api.py took 0.102 seconds
[2023-11-12T20:07:41.798+0000] {processor.py:154} INFO - Started process (PID=1080) to work on /home/airflow/.local/lib/python3.7/site-packages/airflow/example_dags/tutorial_taskflow_api.py
[2023-11-12T20:07:41.799+0000] {processor.py:756} INFO - Processing file /home/airflow/.local/lib/python3.7/site-packages/airflow/example_dags/tutorial_taskflow_api.py for tasks to queue
[2023-11-12T20:07:41.800+0000] {logging_mixin.py:120} INFO - [2023-11-12T20:07:41.800+0000] {dagbag.py:537} INFO - Filling up the DagBag from /home/airflow/.local/lib/python3.7/site-packages/airflow/example_dags/tutorial_taskflow_api.py
[2023-11-12T20:07:41.830+0000] {processor.py:766} INFO - DAG(s) dict_keys(['tutorial_taskflow_api']) retrieved from /home/airflow/.local/lib/python3.7/site-packages/airflow/example_dags/tutorial_taskflow_api.py
[2023-11-12T20:07:41.888+0000] {logging_mixin.py:120} INFO - [2023-11-12T20:07:41.888+0000] {dag.py:2585} INFO - Sync 1 DAGs
[2023-11-12T20:07:41.916+0000] {logging_mixin.py:120} INFO - [2023-11-12T20:07:41.916+0000] {dag.py:3340} INFO - Setting next_dagrun for tutorial_taskflow_api to None, run_after=None
[2023-11-12T20:07:41.941+0000] {processor.py:176} INFO - Processing /home/airflow/.local/lib/python3.7/site-packages/airflow/example_dags/tutorial_taskflow_api.py took 0.151 seconds
[2023-11-12T20:08:13.171+0000] {processor.py:154} INFO - Started process (PID=1142) to work on /home/airflow/.local/lib/python3.7/site-packages/airflow/example_dags/tutorial_taskflow_api.py
[2023-11-12T20:08:13.172+0000] {processor.py:756} INFO - Processing file /home/airflow/.local/lib/python3.7/site-packages/airflow/example_dags/tutorial_taskflow_api.py for tasks to queue
[2023-11-12T20:08:13.173+0000] {logging_mixin.py:120} INFO - [2023-11-12T20:08:13.173+0000] {dagbag.py:537} INFO - Filling up the DagBag from /home/airflow/.local/lib/python3.7/site-packages/airflow/example_dags/tutorial_taskflow_api.py
[2023-11-12T20:08:13.198+0000] {processor.py:766} INFO - DAG(s) dict_keys(['tutorial_taskflow_api']) retrieved from /home/airflow/.local/lib/python3.7/site-packages/airflow/example_dags/tutorial_taskflow_api.py
[2023-11-12T20:08:13.246+0000] {logging_mixin.py:120} INFO - [2023-11-12T20:08:13.246+0000] {dag.py:2585} INFO - Sync 1 DAGs
[2023-11-12T20:08:13.284+0000] {logging_mixin.py:120} INFO - [2023-11-12T20:08:13.284+0000] {dag.py:3340} INFO - Setting next_dagrun for tutorial_taskflow_api to None, run_after=None
[2023-11-12T20:08:13.324+0000] {processor.py:176} INFO - Processing /home/airflow/.local/lib/python3.7/site-packages/airflow/example_dags/tutorial_taskflow_api.py took 0.156 seconds
[2023-11-12T20:08:43.579+0000] {processor.py:154} INFO - Started process (PID=1196) to work on /home/airflow/.local/lib/python3.7/site-packages/airflow/example_dags/tutorial_taskflow_api.py
[2023-11-12T20:08:43.580+0000] {processor.py:756} INFO - Processing file /home/airflow/.local/lib/python3.7/site-packages/airflow/example_dags/tutorial_taskflow_api.py for tasks to queue
[2023-11-12T20:08:43.581+0000] {logging_mixin.py:120} INFO - [2023-11-12T20:08:43.581+0000] {dagbag.py:537} INFO - Filling up the DagBag from /home/airflow/.local/lib/python3.7/site-packages/airflow/example_dags/tutorial_taskflow_api.py
[2023-11-12T20:08:43.607+0000] {processor.py:766} INFO - DAG(s) dict_keys(['tutorial_taskflow_api']) retrieved from /home/airflow/.local/lib/python3.7/site-packages/airflow/example_dags/tutorial_taskflow_api.py
[2023-11-12T20:08:43.657+0000] {logging_mixin.py:120} INFO - [2023-11-12T20:08:43.656+0000] {dag.py:2585} INFO - Sync 1 DAGs
[2023-11-12T20:08:43.682+0000] {logging_mixin.py:120} INFO - [2023-11-12T20:08:43.682+0000] {dag.py:3340} INFO - Setting next_dagrun for tutorial_taskflow_api to None, run_after=None
[2023-11-12T20:08:43.708+0000] {processor.py:176} INFO - Processing /home/airflow/.local/lib/python3.7/site-packages/airflow/example_dags/tutorial_taskflow_api.py took 0.132 seconds
[2023-11-12T20:09:16.322+0000] {processor.py:154} INFO - Started process (PID=1258) to work on /home/airflow/.local/lib/python3.7/site-packages/airflow/example_dags/tutorial_taskflow_api.py
[2023-11-12T20:09:16.323+0000] {processor.py:756} INFO - Processing file /home/airflow/.local/lib/python3.7/site-packages/airflow/example_dags/tutorial_taskflow_api.py for tasks to queue
[2023-11-12T20:09:16.324+0000] {logging_mixin.py:120} INFO - [2023-11-12T20:09:16.324+0000] {dagbag.py:537} INFO - Filling up the DagBag from /home/airflow/.local/lib/python3.7/site-packages/airflow/example_dags/tutorial_taskflow_api.py
[2023-11-12T20:09:16.348+0000] {processor.py:766} INFO - DAG(s) dict_keys(['tutorial_taskflow_api']) retrieved from /home/airflow/.local/lib/python3.7/site-packages/airflow/example_dags/tutorial_taskflow_api.py
[2023-11-12T20:09:16.408+0000] {logging_mixin.py:120} INFO - [2023-11-12T20:09:16.408+0000] {dag.py:2585} INFO - Sync 1 DAGs
[2023-11-12T20:09:16.455+0000] {logging_mixin.py:120} INFO - [2023-11-12T20:09:16.455+0000] {dag.py:3340} INFO - Setting next_dagrun for tutorial_taskflow_api to None, run_after=None
[2023-11-12T20:09:16.483+0000] {processor.py:176} INFO - Processing /home/airflow/.local/lib/python3.7/site-packages/airflow/example_dags/tutorial_taskflow_api.py took 0.164 seconds
[2023-11-12T20:09:46.557+0000] {processor.py:154} INFO - Started process (PID=1311) to work on /home/airflow/.local/lib/python3.7/site-packages/airflow/example_dags/tutorial_taskflow_api.py
[2023-11-12T20:09:46.558+0000] {processor.py:756} INFO - Processing file /home/airflow/.local/lib/python3.7/site-packages/airflow/example_dags/tutorial_taskflow_api.py for tasks to queue
[2023-11-12T20:09:46.558+0000] {logging_mixin.py:120} INFO - [2023-11-12T20:09:46.558+0000] {dagbag.py:537} INFO - Filling up the DagBag from /home/airflow/.local/lib/python3.7/site-packages/airflow/example_dags/tutorial_taskflow_api.py
[2023-11-12T20:09:46.575+0000] {processor.py:766} INFO - DAG(s) dict_keys(['tutorial_taskflow_api']) retrieved from /home/airflow/.local/lib/python3.7/site-packages/airflow/example_dags/tutorial_taskflow_api.py
[2023-11-12T20:09:46.606+0000] {logging_mixin.py:120} INFO - [2023-11-12T20:09:46.606+0000] {dag.py:2585} INFO - Sync 1 DAGs
[2023-11-12T20:09:46.626+0000] {logging_mixin.py:120} INFO - [2023-11-12T20:09:46.626+0000] {dag.py:3340} INFO - Setting next_dagrun for tutorial_taskflow_api to None, run_after=None
[2023-11-12T20:09:46.651+0000] {processor.py:176} INFO - Processing /home/airflow/.local/lib/python3.7/site-packages/airflow/example_dags/tutorial_taskflow_api.py took 0.097 seconds
[2023-11-12T20:10:21.375+0000] {processor.py:154} INFO - Started process (PID=1371) to work on /home/airflow/.local/lib/python3.7/site-packages/airflow/example_dags/tutorial_taskflow_api.py
[2023-11-12T20:10:21.380+0000] {processor.py:756} INFO - Processing file /home/airflow/.local/lib/python3.7/site-packages/airflow/example_dags/tutorial_taskflow_api.py for tasks to queue
[2023-11-12T20:10:21.381+0000] {logging_mixin.py:120} INFO - [2023-11-12T20:10:21.381+0000] {dagbag.py:537} INFO - Filling up the DagBag from /home/airflow/.local/lib/python3.7/site-packages/airflow/example_dags/tutorial_taskflow_api.py
[2023-11-12T20:10:21.467+0000] {processor.py:766} INFO - DAG(s) dict_keys(['tutorial_taskflow_api']) retrieved from /home/airflow/.local/lib/python3.7/site-packages/airflow/example_dags/tutorial_taskflow_api.py
[2023-11-12T20:10:21.601+0000] {logging_mixin.py:120} INFO - [2023-11-12T20:10:21.601+0000] {dag.py:2585} INFO - Sync 1 DAGs
[2023-11-12T20:10:21.717+0000] {logging_mixin.py:120} INFO - [2023-11-12T20:10:21.717+0000] {dag.py:3340} INFO - Setting next_dagrun for tutorial_taskflow_api to None, run_after=None
[2023-11-12T20:10:21.862+0000] {processor.py:176} INFO - Processing /home/airflow/.local/lib/python3.7/site-packages/airflow/example_dags/tutorial_taskflow_api.py took 0.495 seconds
[2023-11-12T20:10:51.990+0000] {processor.py:154} INFO - Started process (PID=1425) to work on /home/airflow/.local/lib/python3.7/site-packages/airflow/example_dags/tutorial_taskflow_api.py
[2023-11-12T20:10:51.991+0000] {processor.py:756} INFO - Processing file /home/airflow/.local/lib/python3.7/site-packages/airflow/example_dags/tutorial_taskflow_api.py for tasks to queue
[2023-11-12T20:10:51.991+0000] {logging_mixin.py:120} INFO - [2023-11-12T20:10:51.991+0000] {dagbag.py:537} INFO - Filling up the DagBag from /home/airflow/.local/lib/python3.7/site-packages/airflow/example_dags/tutorial_taskflow_api.py
[2023-11-12T20:10:52.015+0000] {processor.py:766} INFO - DAG(s) dict_keys(['tutorial_taskflow_api']) retrieved from /home/airflow/.local/lib/python3.7/site-packages/airflow/example_dags/tutorial_taskflow_api.py
[2023-11-12T20:10:52.080+0000] {logging_mixin.py:120} INFO - [2023-11-12T20:10:52.077+0000] {dag.py:2585} INFO - Sync 1 DAGs
[2023-11-12T20:10:52.143+0000] {logging_mixin.py:120} INFO - [2023-11-12T20:10:52.142+0000] {dag.py:3340} INFO - Setting next_dagrun for tutorial_taskflow_api to None, run_after=None
[2023-11-12T20:10:52.197+0000] {processor.py:176} INFO - Processing /home/airflow/.local/lib/python3.7/site-packages/airflow/example_dags/tutorial_taskflow_api.py took 0.210 seconds
[2023-11-12T20:11:22.823+0000] {processor.py:154} INFO - Started process (PID=1478) to work on /home/airflow/.local/lib/python3.7/site-packages/airflow/example_dags/tutorial_taskflow_api.py
[2023-11-12T20:11:22.828+0000] {processor.py:756} INFO - Processing file /home/airflow/.local/lib/python3.7/site-packages/airflow/example_dags/tutorial_taskflow_api.py for tasks to queue
[2023-11-12T20:11:22.830+0000] {logging_mixin.py:120} INFO - [2023-11-12T20:11:22.829+0000] {dagbag.py:537} INFO - Filling up the DagBag from /home/airflow/.local/lib/python3.7/site-packages/airflow/example_dags/tutorial_taskflow_api.py
[2023-11-12T20:11:22.917+0000] {processor.py:766} INFO - DAG(s) dict_keys(['tutorial_taskflow_api']) retrieved from /home/airflow/.local/lib/python3.7/site-packages/airflow/example_dags/tutorial_taskflow_api.py
[2023-11-12T20:11:23.019+0000] {logging_mixin.py:120} INFO - [2023-11-12T20:11:23.019+0000] {dag.py:2585} INFO - Sync 1 DAGs
[2023-11-12T20:11:23.098+0000] {logging_mixin.py:120} INFO - [2023-11-12T20:11:23.098+0000] {dag.py:3340} INFO - Setting next_dagrun for tutorial_taskflow_api to None, run_after=None
[2023-11-12T20:11:23.126+0000] {processor.py:176} INFO - Processing /home/airflow/.local/lib/python3.7/site-packages/airflow/example_dags/tutorial_taskflow_api.py took 0.325 seconds
[2023-11-12T20:11:53.903+0000] {processor.py:154} INFO - Started process (PID=1540) to work on /home/airflow/.local/lib/python3.7/site-packages/airflow/example_dags/tutorial_taskflow_api.py
[2023-11-12T20:11:53.904+0000] {processor.py:756} INFO - Processing file /home/airflow/.local/lib/python3.7/site-packages/airflow/example_dags/tutorial_taskflow_api.py for tasks to queue
[2023-11-12T20:11:53.905+0000] {logging_mixin.py:120} INFO - [2023-11-12T20:11:53.905+0000] {dagbag.py:537} INFO - Filling up the DagBag from /home/airflow/.local/lib/python3.7/site-packages/airflow/example_dags/tutorial_taskflow_api.py
[2023-11-12T20:11:53.942+0000] {processor.py:766} INFO - DAG(s) dict_keys(['tutorial_taskflow_api']) retrieved from /home/airflow/.local/lib/python3.7/site-packages/airflow/example_dags/tutorial_taskflow_api.py
[2023-11-12T20:11:53.988+0000] {logging_mixin.py:120} INFO - [2023-11-12T20:11:53.988+0000] {dag.py:2585} INFO - Sync 1 DAGs
[2023-11-12T20:11:54.024+0000] {logging_mixin.py:120} INFO - [2023-11-12T20:11:54.023+0000] {dag.py:3340} INFO - Setting next_dagrun for tutorial_taskflow_api to None, run_after=None
[2023-11-12T20:11:54.059+0000] {processor.py:176} INFO - Processing /home/airflow/.local/lib/python3.7/site-packages/airflow/example_dags/tutorial_taskflow_api.py took 0.162 seconds
[2023-11-12T20:12:24.952+0000] {processor.py:154} INFO - Started process (PID=1603) to work on /home/airflow/.local/lib/python3.7/site-packages/airflow/example_dags/tutorial_taskflow_api.py
[2023-11-12T20:12:24.953+0000] {processor.py:756} INFO - Processing file /home/airflow/.local/lib/python3.7/site-packages/airflow/example_dags/tutorial_taskflow_api.py for tasks to queue
[2023-11-12T20:12:24.954+0000] {logging_mixin.py:120} INFO - [2023-11-12T20:12:24.954+0000] {dagbag.py:537} INFO - Filling up the DagBag from /home/airflow/.local/lib/python3.7/site-packages/airflow/example_dags/tutorial_taskflow_api.py
[2023-11-12T20:12:25.002+0000] {processor.py:766} INFO - DAG(s) dict_keys(['tutorial_taskflow_api']) retrieved from /home/airflow/.local/lib/python3.7/site-packages/airflow/example_dags/tutorial_taskflow_api.py
[2023-11-12T20:12:25.090+0000] {logging_mixin.py:120} INFO - [2023-11-12T20:12:25.089+0000] {dag.py:2585} INFO - Sync 1 DAGs
[2023-11-12T20:12:25.123+0000] {logging_mixin.py:120} INFO - [2023-11-12T20:12:25.123+0000] {dag.py:3340} INFO - Setting next_dagrun for tutorial_taskflow_api to None, run_after=None
[2023-11-12T20:12:25.150+0000] {processor.py:176} INFO - Processing /home/airflow/.local/lib/python3.7/site-packages/airflow/example_dags/tutorial_taskflow_api.py took 0.201 seconds
[2023-11-12T20:12:55.512+0000] {processor.py:154} INFO - Started process (PID=1657) to work on /home/airflow/.local/lib/python3.7/site-packages/airflow/example_dags/tutorial_taskflow_api.py
[2023-11-12T20:12:55.513+0000] {processor.py:756} INFO - Processing file /home/airflow/.local/lib/python3.7/site-packages/airflow/example_dags/tutorial_taskflow_api.py for tasks to queue
[2023-11-12T20:12:55.513+0000] {logging_mixin.py:120} INFO - [2023-11-12T20:12:55.513+0000] {dagbag.py:537} INFO - Filling up the DagBag from /home/airflow/.local/lib/python3.7/site-packages/airflow/example_dags/tutorial_taskflow_api.py
[2023-11-12T20:12:55.539+0000] {processor.py:766} INFO - DAG(s) dict_keys(['tutorial_taskflow_api']) retrieved from /home/airflow/.local/lib/python3.7/site-packages/airflow/example_dags/tutorial_taskflow_api.py
[2023-11-12T20:12:55.590+0000] {logging_mixin.py:120} INFO - [2023-11-12T20:12:55.590+0000] {dag.py:2585} INFO - Sync 1 DAGs
[2023-11-12T20:12:55.677+0000] {logging_mixin.py:120} INFO - [2023-11-12T20:12:55.677+0000] {dag.py:3340} INFO - Setting next_dagrun for tutorial_taskflow_api to None, run_after=None
[2023-11-12T20:12:55.761+0000] {processor.py:176} INFO - Processing /home/airflow/.local/lib/python3.7/site-packages/airflow/example_dags/tutorial_taskflow_api.py took 0.253 seconds
[2023-11-12T20:13:26.385+0000] {processor.py:154} INFO - Started process (PID=1719) to work on /home/airflow/.local/lib/python3.7/site-packages/airflow/example_dags/tutorial_taskflow_api.py
[2023-11-12T20:13:26.386+0000] {processor.py:756} INFO - Processing file /home/airflow/.local/lib/python3.7/site-packages/airflow/example_dags/tutorial_taskflow_api.py for tasks to queue
[2023-11-12T20:13:26.387+0000] {logging_mixin.py:120} INFO - [2023-11-12T20:13:26.387+0000] {dagbag.py:537} INFO - Filling up the DagBag from /home/airflow/.local/lib/python3.7/site-packages/airflow/example_dags/tutorial_taskflow_api.py
[2023-11-12T20:13:26.411+0000] {processor.py:766} INFO - DAG(s) dict_keys(['tutorial_taskflow_api']) retrieved from /home/airflow/.local/lib/python3.7/site-packages/airflow/example_dags/tutorial_taskflow_api.py
[2023-11-12T20:13:26.457+0000] {logging_mixin.py:120} INFO - [2023-11-12T20:13:26.457+0000] {dag.py:2585} INFO - Sync 1 DAGs
[2023-11-12T20:13:26.513+0000] {logging_mixin.py:120} INFO - [2023-11-12T20:13:26.513+0000] {dag.py:3340} INFO - Setting next_dagrun for tutorial_taskflow_api to None, run_after=None
[2023-11-12T20:13:26.548+0000] {processor.py:176} INFO - Processing /home/airflow/.local/lib/python3.7/site-packages/airflow/example_dags/tutorial_taskflow_api.py took 0.166 seconds
[2023-11-12T20:13:58.099+0000] {processor.py:154} INFO - Started process (PID=1780) to work on /home/airflow/.local/lib/python3.7/site-packages/airflow/example_dags/tutorial_taskflow_api.py
[2023-11-12T20:13:58.109+0000] {processor.py:756} INFO - Processing file /home/airflow/.local/lib/python3.7/site-packages/airflow/example_dags/tutorial_taskflow_api.py for tasks to queue
[2023-11-12T20:13:58.110+0000] {logging_mixin.py:120} INFO - [2023-11-12T20:13:58.109+0000] {dagbag.py:537} INFO - Filling up the DagBag from /home/airflow/.local/lib/python3.7/site-packages/airflow/example_dags/tutorial_taskflow_api.py
[2023-11-12T20:13:58.234+0000] {processor.py:766} INFO - DAG(s) dict_keys(['tutorial_taskflow_api']) retrieved from /home/airflow/.local/lib/python3.7/site-packages/airflow/example_dags/tutorial_taskflow_api.py
[2023-11-12T20:13:58.419+0000] {logging_mixin.py:120} INFO - [2023-11-12T20:13:58.419+0000] {dag.py:2585} INFO - Sync 1 DAGs
[2023-11-12T20:13:58.481+0000] {logging_mixin.py:120} INFO - [2023-11-12T20:13:58.481+0000] {dag.py:3340} INFO - Setting next_dagrun for tutorial_taskflow_api to None, run_after=None
[2023-11-12T20:13:58.537+0000] {processor.py:176} INFO - Processing /home/airflow/.local/lib/python3.7/site-packages/airflow/example_dags/tutorial_taskflow_api.py took 0.454 seconds
[2023-11-12T20:14:28.929+0000] {processor.py:154} INFO - Started process (PID=1836) to work on /home/airflow/.local/lib/python3.7/site-packages/airflow/example_dags/tutorial_taskflow_api.py
[2023-11-12T20:14:28.930+0000] {processor.py:756} INFO - Processing file /home/airflow/.local/lib/python3.7/site-packages/airflow/example_dags/tutorial_taskflow_api.py for tasks to queue
[2023-11-12T20:14:28.930+0000] {logging_mixin.py:120} INFO - [2023-11-12T20:14:28.930+0000] {dagbag.py:537} INFO - Filling up the DagBag from /home/airflow/.local/lib/python3.7/site-packages/airflow/example_dags/tutorial_taskflow_api.py
[2023-11-12T20:14:28.959+0000] {processor.py:766} INFO - DAG(s) dict_keys(['tutorial_taskflow_api']) retrieved from /home/airflow/.local/lib/python3.7/site-packages/airflow/example_dags/tutorial_taskflow_api.py
[2023-11-12T20:14:29.004+0000] {logging_mixin.py:120} INFO - [2023-11-12T20:14:29.004+0000] {dag.py:2585} INFO - Sync 1 DAGs
[2023-11-12T20:14:29.035+0000] {logging_mixin.py:120} INFO - [2023-11-12T20:14:29.035+0000] {dag.py:3340} INFO - Setting next_dagrun for tutorial_taskflow_api to None, run_after=None
[2023-11-12T20:14:29.062+0000] {processor.py:176} INFO - Processing /home/airflow/.local/lib/python3.7/site-packages/airflow/example_dags/tutorial_taskflow_api.py took 0.137 seconds
[2023-11-12T20:14:59.738+0000] {processor.py:154} INFO - Started process (PID=1890) to work on /home/airflow/.local/lib/python3.7/site-packages/airflow/example_dags/tutorial_taskflow_api.py
[2023-11-12T20:14:59.739+0000] {processor.py:756} INFO - Processing file /home/airflow/.local/lib/python3.7/site-packages/airflow/example_dags/tutorial_taskflow_api.py for tasks to queue
[2023-11-12T20:14:59.740+0000] {logging_mixin.py:120} INFO - [2023-11-12T20:14:59.740+0000] {dagbag.py:537} INFO - Filling up the DagBag from /home/airflow/.local/lib/python3.7/site-packages/airflow/example_dags/tutorial_taskflow_api.py
[2023-11-12T20:14:59.839+0000] {processor.py:766} INFO - DAG(s) dict_keys(['tutorial_taskflow_api']) retrieved from /home/airflow/.local/lib/python3.7/site-packages/airflow/example_dags/tutorial_taskflow_api.py
[2023-11-12T20:14:59.953+0000] {logging_mixin.py:120} INFO - [2023-11-12T20:14:59.953+0000] {dag.py:2585} INFO - Sync 1 DAGs
[2023-11-12T20:14:59.985+0000] {logging_mixin.py:120} INFO - [2023-11-12T20:14:59.985+0000] {dag.py:3340} INFO - Setting next_dagrun for tutorial_taskflow_api to None, run_after=None
[2023-11-12T20:15:00.023+0000] {processor.py:176} INFO - Processing /home/airflow/.local/lib/python3.7/site-packages/airflow/example_dags/tutorial_taskflow_api.py took 0.289 seconds
[2023-11-12T20:15:31.346+0000] {processor.py:154} INFO - Started process (PID=1953) to work on /home/airflow/.local/lib/python3.7/site-packages/airflow/example_dags/tutorial_taskflow_api.py
[2023-11-12T20:15:31.351+0000] {processor.py:756} INFO - Processing file /home/airflow/.local/lib/python3.7/site-packages/airflow/example_dags/tutorial_taskflow_api.py for tasks to queue
[2023-11-12T20:15:31.352+0000] {logging_mixin.py:120} INFO - [2023-11-12T20:15:31.352+0000] {dagbag.py:537} INFO - Filling up the DagBag from /home/airflow/.local/lib/python3.7/site-packages/airflow/example_dags/tutorial_taskflow_api.py
[2023-11-12T20:15:31.392+0000] {processor.py:766} INFO - DAG(s) dict_keys(['tutorial_taskflow_api']) retrieved from /home/airflow/.local/lib/python3.7/site-packages/airflow/example_dags/tutorial_taskflow_api.py
[2023-11-12T20:15:31.493+0000] {logging_mixin.py:120} INFO - [2023-11-12T20:15:31.493+0000] {dag.py:2585} INFO - Sync 1 DAGs
[2023-11-12T20:15:31.565+0000] {logging_mixin.py:120} INFO - [2023-11-12T20:15:31.565+0000] {dag.py:3340} INFO - Setting next_dagrun for tutorial_taskflow_api to None, run_after=None
[2023-11-12T20:15:31.616+0000] {processor.py:176} INFO - Processing /home/airflow/.local/lib/python3.7/site-packages/airflow/example_dags/tutorial_taskflow_api.py took 0.275 seconds
[2023-11-12T20:16:02.233+0000] {processor.py:154} INFO - Started process (PID=2018) to work on /home/airflow/.local/lib/python3.7/site-packages/airflow/example_dags/tutorial_taskflow_api.py
[2023-11-12T20:16:02.233+0000] {processor.py:756} INFO - Processing file /home/airflow/.local/lib/python3.7/site-packages/airflow/example_dags/tutorial_taskflow_api.py for tasks to queue
[2023-11-12T20:16:02.234+0000] {logging_mixin.py:120} INFO - [2023-11-12T20:16:02.234+0000] {dagbag.py:537} INFO - Filling up the DagBag from /home/airflow/.local/lib/python3.7/site-packages/airflow/example_dags/tutorial_taskflow_api.py
[2023-11-12T20:16:02.260+0000] {processor.py:766} INFO - DAG(s) dict_keys(['tutorial_taskflow_api']) retrieved from /home/airflow/.local/lib/python3.7/site-packages/airflow/example_dags/tutorial_taskflow_api.py
[2023-11-12T20:16:02.305+0000] {logging_mixin.py:120} INFO - [2023-11-12T20:16:02.305+0000] {dag.py:2585} INFO - Sync 1 DAGs
[2023-11-12T20:16:02.335+0000] {logging_mixin.py:120} INFO - [2023-11-12T20:16:02.335+0000] {dag.py:3340} INFO - Setting next_dagrun for tutorial_taskflow_api to None, run_after=None
[2023-11-12T20:16:02.363+0000] {processor.py:176} INFO - Processing /home/airflow/.local/lib/python3.7/site-packages/airflow/example_dags/tutorial_taskflow_api.py took 0.134 seconds
[2023-11-12T20:16:32.515+0000] {processor.py:154} INFO - Started process (PID=2072) to work on /home/airflow/.local/lib/python3.7/site-packages/airflow/example_dags/tutorial_taskflow_api.py
[2023-11-12T20:16:32.516+0000] {processor.py:756} INFO - Processing file /home/airflow/.local/lib/python3.7/site-packages/airflow/example_dags/tutorial_taskflow_api.py for tasks to queue
[2023-11-12T20:16:32.517+0000] {logging_mixin.py:120} INFO - [2023-11-12T20:16:32.517+0000] {dagbag.py:537} INFO - Filling up the DagBag from /home/airflow/.local/lib/python3.7/site-packages/airflow/example_dags/tutorial_taskflow_api.py
[2023-11-12T20:16:32.542+0000] {processor.py:766} INFO - DAG(s) dict_keys(['tutorial_taskflow_api']) retrieved from /home/airflow/.local/lib/python3.7/site-packages/airflow/example_dags/tutorial_taskflow_api.py
[2023-11-12T20:16:32.589+0000] {logging_mixin.py:120} INFO - [2023-11-12T20:16:32.588+0000] {dag.py:2585} INFO - Sync 1 DAGs
[2023-11-12T20:16:32.630+0000] {logging_mixin.py:120} INFO - [2023-11-12T20:16:32.630+0000] {dag.py:3340} INFO - Setting next_dagrun for tutorial_taskflow_api to None, run_after=None
[2023-11-12T20:16:32.685+0000] {processor.py:176} INFO - Processing /home/airflow/.local/lib/python3.7/site-packages/airflow/example_dags/tutorial_taskflow_api.py took 0.174 seconds
[2023-11-12T20:17:03.175+0000] {processor.py:154} INFO - Started process (PID=2133) to work on /home/airflow/.local/lib/python3.7/site-packages/airflow/example_dags/tutorial_taskflow_api.py
[2023-11-12T20:17:03.176+0000] {processor.py:756} INFO - Processing file /home/airflow/.local/lib/python3.7/site-packages/airflow/example_dags/tutorial_taskflow_api.py for tasks to queue
[2023-11-12T20:17:03.177+0000] {logging_mixin.py:120} INFO - [2023-11-12T20:17:03.177+0000] {dagbag.py:537} INFO - Filling up the DagBag from /home/airflow/.local/lib/python3.7/site-packages/airflow/example_dags/tutorial_taskflow_api.py
[2023-11-12T20:17:03.210+0000] {processor.py:766} INFO - DAG(s) dict_keys(['tutorial_taskflow_api']) retrieved from /home/airflow/.local/lib/python3.7/site-packages/airflow/example_dags/tutorial_taskflow_api.py
[2023-11-12T20:17:03.297+0000] {logging_mixin.py:120} INFO - [2023-11-12T20:17:03.296+0000] {dag.py:2585} INFO - Sync 1 DAGs
[2023-11-12T20:17:03.346+0000] {logging_mixin.py:120} INFO - [2023-11-12T20:17:03.346+0000] {dag.py:3340} INFO - Setting next_dagrun for tutorial_taskflow_api to None, run_after=None
[2023-11-12T20:17:03.399+0000] {processor.py:176} INFO - Processing /home/airflow/.local/lib/python3.7/site-packages/airflow/example_dags/tutorial_taskflow_api.py took 0.228 seconds
[2023-11-12T20:17:34.527+0000] {processor.py:154} INFO - Started process (PID=2196) to work on /home/airflow/.local/lib/python3.7/site-packages/airflow/example_dags/tutorial_taskflow_api.py
[2023-11-12T20:17:34.533+0000] {processor.py:756} INFO - Processing file /home/airflow/.local/lib/python3.7/site-packages/airflow/example_dags/tutorial_taskflow_api.py for tasks to queue
[2023-11-12T20:17:34.534+0000] {logging_mixin.py:120} INFO - [2023-11-12T20:17:34.534+0000] {dagbag.py:537} INFO - Filling up the DagBag from /home/airflow/.local/lib/python3.7/site-packages/airflow/example_dags/tutorial_taskflow_api.py
[2023-11-12T20:17:34.644+0000] {processor.py:766} INFO - DAG(s) dict_keys(['tutorial_taskflow_api']) retrieved from /home/airflow/.local/lib/python3.7/site-packages/airflow/example_dags/tutorial_taskflow_api.py
[2023-11-12T20:17:34.721+0000] {logging_mixin.py:120} INFO - [2023-11-12T20:17:34.721+0000] {dag.py:2585} INFO - Sync 1 DAGs
[2023-11-12T20:17:34.756+0000] {logging_mixin.py:120} INFO - [2023-11-12T20:17:34.756+0000] {dag.py:3340} INFO - Setting next_dagrun for tutorial_taskflow_api to None, run_after=None
[2023-11-12T20:17:34.784+0000] {processor.py:176} INFO - Processing /home/airflow/.local/lib/python3.7/site-packages/airflow/example_dags/tutorial_taskflow_api.py took 0.280 seconds
[2023-11-12T20:18:05.011+0000] {processor.py:154} INFO - Started process (PID=2250) to work on /home/airflow/.local/lib/python3.7/site-packages/airflow/example_dags/tutorial_taskflow_api.py
[2023-11-12T20:18:05.012+0000] {processor.py:756} INFO - Processing file /home/airflow/.local/lib/python3.7/site-packages/airflow/example_dags/tutorial_taskflow_api.py for tasks to queue
[2023-11-12T20:18:05.013+0000] {logging_mixin.py:120} INFO - [2023-11-12T20:18:05.013+0000] {dagbag.py:537} INFO - Filling up the DagBag from /home/airflow/.local/lib/python3.7/site-packages/airflow/example_dags/tutorial_taskflow_api.py
[2023-11-12T20:18:05.032+0000] {processor.py:766} INFO - DAG(s) dict_keys(['tutorial_taskflow_api']) retrieved from /home/airflow/.local/lib/python3.7/site-packages/airflow/example_dags/tutorial_taskflow_api.py
[2023-11-12T20:18:05.068+0000] {logging_mixin.py:120} INFO - [2023-11-12T20:18:05.068+0000] {dag.py:2585} INFO - Sync 1 DAGs
[2023-11-12T20:18:05.092+0000] {logging_mixin.py:120} INFO - [2023-11-12T20:18:05.092+0000] {dag.py:3340} INFO - Setting next_dagrun for tutorial_taskflow_api to None, run_after=None
[2023-11-12T20:18:05.116+0000] {processor.py:176} INFO - Processing /home/airflow/.local/lib/python3.7/site-packages/airflow/example_dags/tutorial_taskflow_api.py took 0.107 seconds
