[2023-11-25T20:03:18.939+0000] {taskinstance.py:1165} INFO - Dependencies all met for <TaskInstance: parallel_dag.extract_a scheduled__2023-11-24T00:00:00+00:00 [queued]>
[2023-11-25T20:03:19.137+0000] {taskinstance.py:1165} INFO - Dependencies all met for <TaskInstance: parallel_dag.extract_a scheduled__2023-11-24T00:00:00+00:00 [queued]>
[2023-11-25T20:03:19.140+0000] {taskinstance.py:1362} INFO - 
--------------------------------------------------------------------------------
[2023-11-25T20:03:19.145+0000] {taskinstance.py:1363} INFO - Starting attempt 1 of 1
[2023-11-25T20:03:19.167+0000] {taskinstance.py:1364} INFO - 
--------------------------------------------------------------------------------
[2023-11-25T20:03:19.429+0000] {taskinstance.py:1383} INFO - Executing <Task(BashOperator): extract_a> on 2023-11-24 00:00:00+00:00
[2023-11-25T20:03:19.564+0000] {standard_task_runner.py:82} INFO - Running: ['***', 'tasks', 'run', 'parallel_dag', 'extract_a', 'scheduled__2023-11-24T00:00:00+00:00', '--job-id', '117', '--raw', '--subdir', 'DAGS_FOLDER/parallel_dag.py', '--cfg-path', '/tmp/tmpt61hcxn4']
[2023-11-25T20:03:19.623+0000] {standard_task_runner.py:83} INFO - Job 117: Subtask extract_a
[2023-11-25T20:03:19.739+0000] {standard_task_runner.py:55} INFO - Started process 67 to run task
[2023-11-25T20:03:21.045+0000] {task_command.py:376} INFO - Running <TaskInstance: parallel_dag.extract_a scheduled__2023-11-24T00:00:00+00:00 [running]> on host 29305dc74afc
[2023-11-25T20:03:23.521+0000] {taskinstance.py:1592} INFO - Exporting the following env vars:
AIRFLOW_CTX_DAG_OWNER=***
AIRFLOW_CTX_DAG_ID=parallel_dag
AIRFLOW_CTX_TASK_ID=extract_a
AIRFLOW_CTX_EXECUTION_DATE=2023-11-24T00:00:00+00:00
AIRFLOW_CTX_TRY_NUMBER=1
AIRFLOW_CTX_DAG_RUN_ID=scheduled__2023-11-24T00:00:00+00:00
[2023-11-25T20:03:23.540+0000] {subprocess.py:63} INFO - Tmp dir root location: 
 /tmp
[2023-11-25T20:03:23.555+0000] {subprocess.py:75} INFO - Running command: ['/bin/bash', '-c', 'sleep 10']
[2023-11-25T20:03:24.140+0000] {subprocess.py:86} INFO - Output:
[2023-11-25T20:03:34.239+0000] {subprocess.py:97} INFO - Command exited with return code 0
[2023-11-25T20:03:34.481+0000] {taskinstance.py:1406} INFO - Marking task as SUCCESS. dag_id=parallel_dag, task_id=extract_a, execution_date=20231124T000000, start_date=20231125T200318, end_date=20231125T200334
[2023-11-25T20:03:34.765+0000] {local_task_job.py:164} INFO - Task exited with return code 0
[2023-11-25T20:03:35.510+0000] {local_task_job.py:273} INFO - 1 downstream tasks scheduled from follow-on schedule check
