[2023-12-05T19:07:50.324+0000] {taskinstance.py:1165} INFO - Dependencies all met for <TaskInstance: taskgroup_dag.check_files scheduled__2023-12-04T00:00:00+00:00 [queued]>
[2023-12-05T19:07:50.331+0000] {taskinstance.py:1165} INFO - Dependencies all met for <TaskInstance: taskgroup_dag.check_files scheduled__2023-12-04T00:00:00+00:00 [queued]>
[2023-12-05T19:07:50.331+0000] {taskinstance.py:1362} INFO - 
--------------------------------------------------------------------------------
[2023-12-05T19:07:50.331+0000] {taskinstance.py:1363} INFO - Starting attempt 1 of 1
[2023-12-05T19:07:50.331+0000] {taskinstance.py:1364} INFO - 
--------------------------------------------------------------------------------
[2023-12-05T19:07:50.349+0000] {taskinstance.py:1383} INFO - Executing <Task(BashOperator): check_files> on 2023-12-04 00:00:00+00:00
[2023-12-05T19:07:50.355+0000] {standard_task_runner.py:55} INFO - Started process 3798 to run task
[2023-12-05T19:07:50.357+0000] {standard_task_runner.py:82} INFO - Running: ['***', 'tasks', 'run', 'taskgroup_dag', 'check_files', 'scheduled__2023-12-04T00:00:00+00:00', '--job-id', '247', '--raw', '--subdir', 'DAGS_FOLDER/taskgroup_dag.py', '--cfg-path', '/tmp/tmpwzq5t0rq']
[2023-12-05T19:07:50.358+0000] {standard_task_runner.py:83} INFO - Job 247: Subtask check_files
[2023-12-05T19:07:50.410+0000] {task_command.py:376} INFO - Running <TaskInstance: taskgroup_dag.check_files scheduled__2023-12-04T00:00:00+00:00 [running]> on host 29305dc74afc
[2023-12-05T19:07:50.480+0000] {taskinstance.py:1592} INFO - Exporting the following env vars:
AIRFLOW_CTX_DAG_OWNER=***
AIRFLOW_CTX_DAG_ID=taskgroup_dag
AIRFLOW_CTX_TASK_ID=check_files
AIRFLOW_CTX_EXECUTION_DATE=2023-12-04T00:00:00+00:00
AIRFLOW_CTX_TRY_NUMBER=1
AIRFLOW_CTX_DAG_RUN_ID=scheduled__2023-12-04T00:00:00+00:00
[2023-12-05T19:07:50.481+0000] {subprocess.py:63} INFO - Tmp dir root location: 
 /tmp
[2023-12-05T19:07:50.482+0000] {subprocess.py:75} INFO - Running command: ['/bin/bash', '-c', 'sleep 10']
[2023-12-05T19:07:50.497+0000] {subprocess.py:86} INFO - Output:
[2023-12-05T19:08:00.501+0000] {subprocess.py:97} INFO - Command exited with return code 0
[2023-12-05T19:08:00.527+0000] {taskinstance.py:1406} INFO - Marking task as SUCCESS. dag_id=taskgroup_dag, task_id=check_files, execution_date=20231204T000000, start_date=20231205T190750, end_date=20231205T190800
[2023-12-05T19:08:00.579+0000] {local_task_job.py:164} INFO - Task exited with return code 0
[2023-12-05T19:08:00.604+0000] {local_task_job.py:273} INFO - 3 downstream tasks scheduled from follow-on schedule check
