[2023-12-03T07:56:08.963+0000] {processor.py:154} INFO - Started process (PID=48) to work on /opt/airflow/dags/parallel_dag.py
[2023-12-03T07:56:08.964+0000] {processor.py:756} INFO - Processing file /opt/airflow/dags/parallel_dag.py for tasks to queue
[2023-12-03T07:56:08.964+0000] {logging_mixin.py:120} INFO - [2023-12-03T07:56:08.964+0000] {dagbag.py:537} INFO - Filling up the DagBag from /opt/airflow/dags/parallel_dag.py
[2023-12-03T07:56:09.082+0000] {processor.py:766} INFO - DAG(s) dict_keys(['parallel_dag']) retrieved from /opt/airflow/dags/parallel_dag.py
[2023-12-03T07:56:09.415+0000] {logging_mixin.py:120} INFO - [2023-12-03T07:56:09.411+0000] {dag.py:2585} INFO - Sync 1 DAGs
[2023-12-03T07:56:09.718+0000] {logging_mixin.py:120} INFO - [2023-12-03T07:56:09.718+0000] {dag.py:3340} INFO - Setting next_dagrun for parallel_dag to 2023-12-02T00:00:00+00:00, run_after=2023-12-03T00:00:00+00:00
[2023-12-03T07:56:09.938+0000] {processor.py:176} INFO - Processing /opt/airflow/dags/parallel_dag.py took 0.965 seconds
[2023-12-03T07:56:40.147+0000] {processor.py:154} INFO - Started process (PID=70) to work on /opt/airflow/dags/parallel_dag.py
[2023-12-03T07:56:40.155+0000] {processor.py:756} INFO - Processing file /opt/airflow/dags/parallel_dag.py for tasks to queue
[2023-12-03T07:56:40.156+0000] {logging_mixin.py:120} INFO - [2023-12-03T07:56:40.156+0000] {dagbag.py:537} INFO - Filling up the DagBag from /opt/airflow/dags/parallel_dag.py
[2023-12-03T07:56:40.374+0000] {processor.py:766} INFO - DAG(s) dict_keys(['parallel_dag']) retrieved from /opt/airflow/dags/parallel_dag.py
[2023-12-03T07:56:40.548+0000] {logging_mixin.py:120} INFO - [2023-12-03T07:56:40.547+0000] {dag.py:2585} INFO - Sync 1 DAGs
[2023-12-03T07:56:40.680+0000] {logging_mixin.py:120} INFO - [2023-12-03T07:56:40.680+0000] {dag.py:3340} INFO - Setting next_dagrun for parallel_dag to 2023-12-03T00:00:00+00:00, run_after=2023-12-04T00:00:00+00:00
[2023-12-03T07:56:40.777+0000] {processor.py:176} INFO - Processing /opt/airflow/dags/parallel_dag.py took 0.636 seconds
[2023-12-03T07:57:11.293+0000] {processor.py:154} INFO - Started process (PID=94) to work on /opt/airflow/dags/parallel_dag.py
[2023-12-03T07:57:11.294+0000] {processor.py:756} INFO - Processing file /opt/airflow/dags/parallel_dag.py for tasks to queue
[2023-12-03T07:57:11.295+0000] {logging_mixin.py:120} INFO - [2023-12-03T07:57:11.295+0000] {dagbag.py:537} INFO - Filling up the DagBag from /opt/airflow/dags/parallel_dag.py
[2023-12-03T07:57:11.317+0000] {processor.py:766} INFO - DAG(s) dict_keys(['parallel_dag']) retrieved from /opt/airflow/dags/parallel_dag.py
[2023-12-03T07:57:11.365+0000] {logging_mixin.py:120} INFO - [2023-12-03T07:57:11.365+0000] {dag.py:2585} INFO - Sync 1 DAGs
[2023-12-03T07:57:11.405+0000] {logging_mixin.py:120} INFO - [2023-12-03T07:57:11.404+0000] {dag.py:3340} INFO - Setting next_dagrun for parallel_dag to 2023-12-03T00:00:00+00:00, run_after=2023-12-04T00:00:00+00:00
[2023-12-03T07:57:11.436+0000] {processor.py:176} INFO - Processing /opt/airflow/dags/parallel_dag.py took 0.146 seconds
[2023-12-03T07:57:41.819+0000] {processor.py:154} INFO - Started process (PID=126) to work on /opt/airflow/dags/parallel_dag.py
[2023-12-03T07:57:41.821+0000] {processor.py:756} INFO - Processing file /opt/airflow/dags/parallel_dag.py for tasks to queue
[2023-12-03T07:57:41.821+0000] {logging_mixin.py:120} INFO - [2023-12-03T07:57:41.821+0000] {dagbag.py:537} INFO - Filling up the DagBag from /opt/airflow/dags/parallel_dag.py
[2023-12-03T07:57:41.843+0000] {processor.py:766} INFO - DAG(s) dict_keys(['parallel_dag']) retrieved from /opt/airflow/dags/parallel_dag.py
[2023-12-03T07:57:41.932+0000] {logging_mixin.py:120} INFO - [2023-12-03T07:57:41.927+0000] {dag.py:2585} INFO - Sync 1 DAGs
[2023-12-03T07:57:41.964+0000] {logging_mixin.py:120} INFO - [2023-12-03T07:57:41.964+0000] {dag.py:3340} INFO - Setting next_dagrun for parallel_dag to 2023-12-03T00:00:00+00:00, run_after=2023-12-04T00:00:00+00:00
[2023-12-03T07:57:41.996+0000] {processor.py:176} INFO - Processing /opt/airflow/dags/parallel_dag.py took 0.181 seconds
[2023-12-03T07:58:12.301+0000] {processor.py:154} INFO - Started process (PID=161) to work on /opt/airflow/dags/parallel_dag.py
[2023-12-03T07:58:12.302+0000] {processor.py:756} INFO - Processing file /opt/airflow/dags/parallel_dag.py for tasks to queue
[2023-12-03T07:58:12.303+0000] {logging_mixin.py:120} INFO - [2023-12-03T07:58:12.303+0000] {dagbag.py:537} INFO - Filling up the DagBag from /opt/airflow/dags/parallel_dag.py
[2023-12-03T07:58:12.323+0000] {processor.py:766} INFO - DAG(s) dict_keys(['parallel_dag']) retrieved from /opt/airflow/dags/parallel_dag.py
[2023-12-03T07:58:12.372+0000] {logging_mixin.py:120} INFO - [2023-12-03T07:58:12.371+0000] {dag.py:2585} INFO - Sync 1 DAGs
[2023-12-03T07:58:12.408+0000] {logging_mixin.py:120} INFO - [2023-12-03T07:58:12.408+0000] {dag.py:3340} INFO - Setting next_dagrun for parallel_dag to 2023-12-03T00:00:00+00:00, run_after=2023-12-04T00:00:00+00:00
[2023-12-03T07:58:12.446+0000] {processor.py:176} INFO - Processing /opt/airflow/dags/parallel_dag.py took 0.149 seconds
[2023-12-03T07:58:42.803+0000] {processor.py:154} INFO - Started process (PID=196) to work on /opt/airflow/dags/parallel_dag.py
[2023-12-03T07:58:42.805+0000] {processor.py:756} INFO - Processing file /opt/airflow/dags/parallel_dag.py for tasks to queue
[2023-12-03T07:58:42.806+0000] {logging_mixin.py:120} INFO - [2023-12-03T07:58:42.806+0000] {dagbag.py:537} INFO - Filling up the DagBag from /opt/airflow/dags/parallel_dag.py
[2023-12-03T07:58:42.844+0000] {processor.py:766} INFO - DAG(s) dict_keys(['parallel_dag']) retrieved from /opt/airflow/dags/parallel_dag.py
[2023-12-03T07:58:42.930+0000] {logging_mixin.py:120} INFO - [2023-12-03T07:58:42.930+0000] {dag.py:2585} INFO - Sync 1 DAGs
[2023-12-03T07:58:42.964+0000] {logging_mixin.py:120} INFO - [2023-12-03T07:58:42.964+0000] {dag.py:3340} INFO - Setting next_dagrun for parallel_dag to 2023-12-03T00:00:00+00:00, run_after=2023-12-04T00:00:00+00:00
[2023-12-03T07:58:42.994+0000] {processor.py:176} INFO - Processing /opt/airflow/dags/parallel_dag.py took 0.194 seconds
[2023-12-03T07:59:13.256+0000] {processor.py:154} INFO - Started process (PID=220) to work on /opt/airflow/dags/parallel_dag.py
[2023-12-03T07:59:13.256+0000] {processor.py:756} INFO - Processing file /opt/airflow/dags/parallel_dag.py for tasks to queue
[2023-12-03T07:59:13.257+0000] {logging_mixin.py:120} INFO - [2023-12-03T07:59:13.257+0000] {dagbag.py:537} INFO - Filling up the DagBag from /opt/airflow/dags/parallel_dag.py
[2023-12-03T07:59:13.320+0000] {processor.py:766} INFO - DAG(s) dict_keys(['parallel_dag']) retrieved from /opt/airflow/dags/parallel_dag.py
[2023-12-03T07:59:13.482+0000] {logging_mixin.py:120} INFO - [2023-12-03T07:59:13.481+0000] {dag.py:2585} INFO - Sync 1 DAGs
[2023-12-03T07:59:13.593+0000] {logging_mixin.py:120} INFO - [2023-12-03T07:59:13.593+0000] {dag.py:3340} INFO - Setting next_dagrun for parallel_dag to 2023-12-03T00:00:00+00:00, run_after=2023-12-04T00:00:00+00:00
[2023-12-03T07:59:13.684+0000] {processor.py:176} INFO - Processing /opt/airflow/dags/parallel_dag.py took 0.440 seconds
[2023-12-03T07:59:44.198+0000] {processor.py:154} INFO - Started process (PID=253) to work on /opt/airflow/dags/parallel_dag.py
[2023-12-03T07:59:44.200+0000] {processor.py:756} INFO - Processing file /opt/airflow/dags/parallel_dag.py for tasks to queue
[2023-12-03T07:59:44.200+0000] {logging_mixin.py:120} INFO - [2023-12-03T07:59:44.200+0000] {dagbag.py:537} INFO - Filling up the DagBag from /opt/airflow/dags/parallel_dag.py
[2023-12-03T07:59:44.224+0000] {processor.py:766} INFO - DAG(s) dict_keys(['parallel_dag']) retrieved from /opt/airflow/dags/parallel_dag.py
[2023-12-03T07:59:44.296+0000] {logging_mixin.py:120} INFO - [2023-12-03T07:59:44.296+0000] {dag.py:2585} INFO - Sync 1 DAGs
[2023-12-03T07:59:44.373+0000] {logging_mixin.py:120} INFO - [2023-12-03T07:59:44.368+0000] {dag.py:3340} INFO - Setting next_dagrun for parallel_dag to 2023-12-03T00:00:00+00:00, run_after=2023-12-04T00:00:00+00:00
[2023-12-03T07:59:44.427+0000] {processor.py:176} INFO - Processing /opt/airflow/dags/parallel_dag.py took 0.232 seconds
[2023-12-03T08:00:14.803+0000] {processor.py:154} INFO - Started process (PID=286) to work on /opt/airflow/dags/parallel_dag.py
[2023-12-03T08:00:14.815+0000] {processor.py:756} INFO - Processing file /opt/airflow/dags/parallel_dag.py for tasks to queue
[2023-12-03T08:00:14.816+0000] {logging_mixin.py:120} INFO - [2023-12-03T08:00:14.816+0000] {dagbag.py:537} INFO - Filling up the DagBag from /opt/airflow/dags/parallel_dag.py
[2023-12-03T08:00:14.925+0000] {processor.py:766} INFO - DAG(s) dict_keys(['parallel_dag']) retrieved from /opt/airflow/dags/parallel_dag.py
[2023-12-03T08:00:15.100+0000] {logging_mixin.py:120} INFO - [2023-12-03T08:00:15.099+0000] {dag.py:2585} INFO - Sync 1 DAGs
[2023-12-03T08:00:15.213+0000] {logging_mixin.py:120} INFO - [2023-12-03T08:00:15.213+0000] {dag.py:3340} INFO - Setting next_dagrun for parallel_dag to 2023-12-03T00:00:00+00:00, run_after=2023-12-04T00:00:00+00:00
[2023-12-03T08:00:15.271+0000] {processor.py:176} INFO - Processing /opt/airflow/dags/parallel_dag.py took 0.472 seconds
[2023-12-03T08:00:45.661+0000] {processor.py:154} INFO - Started process (PID=309) to work on /opt/airflow/dags/parallel_dag.py
[2023-12-03T08:00:45.662+0000] {processor.py:756} INFO - Processing file /opt/airflow/dags/parallel_dag.py for tasks to queue
[2023-12-03T08:00:45.663+0000] {logging_mixin.py:120} INFO - [2023-12-03T08:00:45.663+0000] {dagbag.py:537} INFO - Filling up the DagBag from /opt/airflow/dags/parallel_dag.py
[2023-12-03T08:00:45.682+0000] {processor.py:766} INFO - DAG(s) dict_keys(['parallel_dag']) retrieved from /opt/airflow/dags/parallel_dag.py
[2023-12-03T08:00:45.734+0000] {logging_mixin.py:120} INFO - [2023-12-03T08:00:45.734+0000] {dag.py:2585} INFO - Sync 1 DAGs
[2023-12-03T08:00:45.778+0000] {logging_mixin.py:120} INFO - [2023-12-03T08:00:45.778+0000] {dag.py:3340} INFO - Setting next_dagrun for parallel_dag to 2023-12-03T00:00:00+00:00, run_after=2023-12-04T00:00:00+00:00
[2023-12-03T08:00:45.811+0000] {processor.py:176} INFO - Processing /opt/airflow/dags/parallel_dag.py took 0.153 seconds
[2023-12-03T08:01:16.148+0000] {processor.py:154} INFO - Started process (PID=342) to work on /opt/airflow/dags/parallel_dag.py
[2023-12-03T08:01:16.156+0000] {processor.py:756} INFO - Processing file /opt/airflow/dags/parallel_dag.py for tasks to queue
[2023-12-03T08:01:16.160+0000] {logging_mixin.py:120} INFO - [2023-12-03T08:01:16.159+0000] {dagbag.py:537} INFO - Filling up the DagBag from /opt/airflow/dags/parallel_dag.py
[2023-12-03T08:01:16.225+0000] {processor.py:766} INFO - DAG(s) dict_keys(['parallel_dag']) retrieved from /opt/airflow/dags/parallel_dag.py
[2023-12-03T08:01:16.402+0000] {logging_mixin.py:120} INFO - [2023-12-03T08:01:16.402+0000] {dag.py:2585} INFO - Sync 1 DAGs
[2023-12-03T08:01:16.530+0000] {logging_mixin.py:120} INFO - [2023-12-03T08:01:16.530+0000] {dag.py:3340} INFO - Setting next_dagrun for parallel_dag to 2023-12-03T00:00:00+00:00, run_after=2023-12-04T00:00:00+00:00
[2023-12-03T08:01:16.631+0000] {processor.py:176} INFO - Processing /opt/airflow/dags/parallel_dag.py took 0.486 seconds
[2023-12-03T08:01:46.876+0000] {processor.py:154} INFO - Started process (PID=366) to work on /opt/airflow/dags/parallel_dag.py
[2023-12-03T08:01:46.877+0000] {processor.py:756} INFO - Processing file /opt/airflow/dags/parallel_dag.py for tasks to queue
[2023-12-03T08:01:46.877+0000] {logging_mixin.py:120} INFO - [2023-12-03T08:01:46.877+0000] {dagbag.py:537} INFO - Filling up the DagBag from /opt/airflow/dags/parallel_dag.py
[2023-12-03T08:01:46.897+0000] {processor.py:766} INFO - DAG(s) dict_keys(['parallel_dag']) retrieved from /opt/airflow/dags/parallel_dag.py
[2023-12-03T08:01:46.962+0000] {logging_mixin.py:120} INFO - [2023-12-03T08:01:46.962+0000] {dag.py:2585} INFO - Sync 1 DAGs
[2023-12-03T08:01:47.010+0000] {logging_mixin.py:120} INFO - [2023-12-03T08:01:47.010+0000] {dag.py:3340} INFO - Setting next_dagrun for parallel_dag to 2023-12-03T00:00:00+00:00, run_after=2023-12-04T00:00:00+00:00
[2023-12-03T08:01:47.037+0000] {processor.py:176} INFO - Processing /opt/airflow/dags/parallel_dag.py took 0.164 seconds
[2023-12-03T08:02:17.346+0000] {processor.py:154} INFO - Started process (PID=400) to work on /opt/airflow/dags/parallel_dag.py
[2023-12-03T08:02:17.352+0000] {processor.py:756} INFO - Processing file /opt/airflow/dags/parallel_dag.py for tasks to queue
[2023-12-03T08:02:17.360+0000] {logging_mixin.py:120} INFO - [2023-12-03T08:02:17.360+0000] {dagbag.py:537} INFO - Filling up the DagBag from /opt/airflow/dags/parallel_dag.py
[2023-12-03T08:02:17.459+0000] {processor.py:766} INFO - DAG(s) dict_keys(['parallel_dag']) retrieved from /opt/airflow/dags/parallel_dag.py
[2023-12-03T08:02:17.749+0000] {logging_mixin.py:120} INFO - [2023-12-03T08:02:17.749+0000] {dag.py:2585} INFO - Sync 1 DAGs
[2023-12-03T08:02:18.056+0000] {logging_mixin.py:120} INFO - [2023-12-03T08:02:18.056+0000] {dag.py:3340} INFO - Setting next_dagrun for parallel_dag to 2023-12-03T00:00:00+00:00, run_after=2023-12-04T00:00:00+00:00
[2023-12-03T08:02:18.158+0000] {processor.py:176} INFO - Processing /opt/airflow/dags/parallel_dag.py took 0.817 seconds
[2023-12-03T08:02:48.292+0000] {processor.py:154} INFO - Started process (PID=433) to work on /opt/airflow/dags/parallel_dag.py
[2023-12-03T08:02:48.293+0000] {processor.py:756} INFO - Processing file /opt/airflow/dags/parallel_dag.py for tasks to queue
[2023-12-03T08:02:48.293+0000] {logging_mixin.py:120} INFO - [2023-12-03T08:02:48.293+0000] {dagbag.py:537} INFO - Filling up the DagBag from /opt/airflow/dags/parallel_dag.py
[2023-12-03T08:02:48.309+0000] {processor.py:766} INFO - DAG(s) dict_keys(['parallel_dag']) retrieved from /opt/airflow/dags/parallel_dag.py
[2023-12-03T08:02:48.342+0000] {logging_mixin.py:120} INFO - [2023-12-03T08:02:48.341+0000] {dag.py:2585} INFO - Sync 1 DAGs
[2023-12-03T08:02:48.362+0000] {logging_mixin.py:120} INFO - [2023-12-03T08:02:48.362+0000] {dag.py:3340} INFO - Setting next_dagrun for parallel_dag to 2023-12-03T00:00:00+00:00, run_after=2023-12-04T00:00:00+00:00
[2023-12-03T08:02:48.383+0000] {processor.py:176} INFO - Processing /opt/airflow/dags/parallel_dag.py took 0.094 seconds
[2023-12-03T08:03:18.599+0000] {processor.py:154} INFO - Started process (PID=456) to work on /opt/airflow/dags/parallel_dag.py
[2023-12-03T08:03:18.600+0000] {processor.py:756} INFO - Processing file /opt/airflow/dags/parallel_dag.py for tasks to queue
[2023-12-03T08:03:18.601+0000] {logging_mixin.py:120} INFO - [2023-12-03T08:03:18.601+0000] {dagbag.py:537} INFO - Filling up the DagBag from /opt/airflow/dags/parallel_dag.py
[2023-12-03T08:03:18.619+0000] {processor.py:766} INFO - DAG(s) dict_keys(['parallel_dag']) retrieved from /opt/airflow/dags/parallel_dag.py
[2023-12-03T08:03:18.663+0000] {logging_mixin.py:120} INFO - [2023-12-03T08:03:18.663+0000] {dag.py:2585} INFO - Sync 1 DAGs
[2023-12-03T08:03:18.743+0000] {logging_mixin.py:120} INFO - [2023-12-03T08:03:18.742+0000] {dag.py:3340} INFO - Setting next_dagrun for parallel_dag to 2023-12-03T00:00:00+00:00, run_after=2023-12-04T00:00:00+00:00
[2023-12-03T08:03:18.775+0000] {processor.py:176} INFO - Processing /opt/airflow/dags/parallel_dag.py took 0.179 seconds
[2023-12-03T08:03:49.234+0000] {processor.py:154} INFO - Started process (PID=488) to work on /opt/airflow/dags/parallel_dag.py
[2023-12-03T08:03:49.235+0000] {processor.py:756} INFO - Processing file /opt/airflow/dags/parallel_dag.py for tasks to queue
[2023-12-03T08:03:49.235+0000] {logging_mixin.py:120} INFO - [2023-12-03T08:03:49.235+0000] {dagbag.py:537} INFO - Filling up the DagBag from /opt/airflow/dags/parallel_dag.py
[2023-12-03T08:03:49.249+0000] {processor.py:766} INFO - DAG(s) dict_keys(['parallel_dag']) retrieved from /opt/airflow/dags/parallel_dag.py
[2023-12-03T08:03:49.283+0000] {logging_mixin.py:120} INFO - [2023-12-03T08:03:49.283+0000] {dag.py:2585} INFO - Sync 1 DAGs
[2023-12-03T08:03:49.313+0000] {logging_mixin.py:120} INFO - [2023-12-03T08:03:49.313+0000] {dag.py:3340} INFO - Setting next_dagrun for parallel_dag to 2023-12-03T00:00:00+00:00, run_after=2023-12-04T00:00:00+00:00
[2023-12-03T08:03:49.333+0000] {processor.py:176} INFO - Processing /opt/airflow/dags/parallel_dag.py took 0.101 seconds
[2023-12-03T08:04:19.583+0000] {processor.py:154} INFO - Started process (PID=521) to work on /opt/airflow/dags/parallel_dag.py
[2023-12-03T08:04:19.593+0000] {processor.py:756} INFO - Processing file /opt/airflow/dags/parallel_dag.py for tasks to queue
[2023-12-03T08:04:19.593+0000] {logging_mixin.py:120} INFO - [2023-12-03T08:04:19.593+0000] {dagbag.py:537} INFO - Filling up the DagBag from /opt/airflow/dags/parallel_dag.py
[2023-12-03T08:04:19.634+0000] {processor.py:766} INFO - DAG(s) dict_keys(['parallel_dag']) retrieved from /opt/airflow/dags/parallel_dag.py
[2023-12-03T08:04:19.742+0000] {logging_mixin.py:120} INFO - [2023-12-03T08:04:19.742+0000] {dag.py:2585} INFO - Sync 1 DAGs
[2023-12-03T08:04:19.806+0000] {logging_mixin.py:120} INFO - [2023-12-03T08:04:19.806+0000] {dag.py:3340} INFO - Setting next_dagrun for parallel_dag to 2023-12-03T00:00:00+00:00, run_after=2023-12-04T00:00:00+00:00
[2023-12-03T08:04:19.846+0000] {processor.py:176} INFO - Processing /opt/airflow/dags/parallel_dag.py took 0.267 seconds
[2023-12-03T08:04:50.673+0000] {processor.py:154} INFO - Started process (PID=545) to work on /opt/airflow/dags/parallel_dag.py
[2023-12-03T08:04:50.674+0000] {processor.py:756} INFO - Processing file /opt/airflow/dags/parallel_dag.py for tasks to queue
[2023-12-03T08:04:50.674+0000] {logging_mixin.py:120} INFO - [2023-12-03T08:04:50.674+0000] {dagbag.py:537} INFO - Filling up the DagBag from /opt/airflow/dags/parallel_dag.py
[2023-12-03T08:04:50.688+0000] {processor.py:766} INFO - DAG(s) dict_keys(['parallel_dag']) retrieved from /opt/airflow/dags/parallel_dag.py
[2023-12-03T08:04:50.720+0000] {logging_mixin.py:120} INFO - [2023-12-03T08:04:50.720+0000] {dag.py:2585} INFO - Sync 1 DAGs
[2023-12-03T08:04:50.741+0000] {logging_mixin.py:120} INFO - [2023-12-03T08:04:50.741+0000] {dag.py:3340} INFO - Setting next_dagrun for parallel_dag to 2023-12-03T00:00:00+00:00, run_after=2023-12-04T00:00:00+00:00
[2023-12-03T08:04:50.760+0000] {processor.py:176} INFO - Processing /opt/airflow/dags/parallel_dag.py took 0.090 seconds
[2023-12-03T08:05:20.880+0000] {processor.py:154} INFO - Started process (PID=578) to work on /opt/airflow/dags/parallel_dag.py
[2023-12-03T08:05:20.880+0000] {processor.py:756} INFO - Processing file /opt/airflow/dags/parallel_dag.py for tasks to queue
[2023-12-03T08:05:20.881+0000] {logging_mixin.py:120} INFO - [2023-12-03T08:05:20.881+0000] {dagbag.py:537} INFO - Filling up the DagBag from /opt/airflow/dags/parallel_dag.py
[2023-12-03T08:05:20.919+0000] {processor.py:766} INFO - DAG(s) dict_keys(['parallel_dag']) retrieved from /opt/airflow/dags/parallel_dag.py
[2023-12-03T08:05:21.009+0000] {logging_mixin.py:120} INFO - [2023-12-03T08:05:21.009+0000] {dag.py:2585} INFO - Sync 1 DAGs
[2023-12-03T08:05:21.104+0000] {logging_mixin.py:120} INFO - [2023-12-03T08:05:21.104+0000] {dag.py:3340} INFO - Setting next_dagrun for parallel_dag to 2023-12-03T00:00:00+00:00, run_after=2023-12-04T00:00:00+00:00
[2023-12-03T08:05:21.177+0000] {processor.py:176} INFO - Processing /opt/airflow/dags/parallel_dag.py took 0.309 seconds
[2023-12-03T08:05:51.453+0000] {processor.py:154} INFO - Started process (PID=613) to work on /opt/airflow/dags/parallel_dag.py
[2023-12-03T08:05:51.454+0000] {processor.py:756} INFO - Processing file /opt/airflow/dags/parallel_dag.py for tasks to queue
[2023-12-03T08:05:51.455+0000] {logging_mixin.py:120} INFO - [2023-12-03T08:05:51.455+0000] {dagbag.py:537} INFO - Filling up the DagBag from /opt/airflow/dags/parallel_dag.py
[2023-12-03T08:05:51.477+0000] {processor.py:766} INFO - DAG(s) dict_keys(['parallel_dag']) retrieved from /opt/airflow/dags/parallel_dag.py
[2023-12-03T08:05:51.523+0000] {logging_mixin.py:120} INFO - [2023-12-03T08:05:51.522+0000] {dag.py:2585} INFO - Sync 1 DAGs
[2023-12-03T08:05:51.555+0000] {logging_mixin.py:120} INFO - [2023-12-03T08:05:51.555+0000] {dag.py:3340} INFO - Setting next_dagrun for parallel_dag to 2023-12-03T00:00:00+00:00, run_after=2023-12-04T00:00:00+00:00
[2023-12-03T08:05:51.582+0000] {processor.py:176} INFO - Processing /opt/airflow/dags/parallel_dag.py took 0.133 seconds
[2023-12-03T08:06:21.717+0000] {processor.py:154} INFO - Started process (PID=637) to work on /opt/airflow/dags/parallel_dag.py
[2023-12-03T08:06:21.718+0000] {processor.py:756} INFO - Processing file /opt/airflow/dags/parallel_dag.py for tasks to queue
[2023-12-03T08:06:21.718+0000] {logging_mixin.py:120} INFO - [2023-12-03T08:06:21.718+0000] {dagbag.py:537} INFO - Filling up the DagBag from /opt/airflow/dags/parallel_dag.py
[2023-12-03T08:06:21.733+0000] {processor.py:766} INFO - DAG(s) dict_keys(['parallel_dag']) retrieved from /opt/airflow/dags/parallel_dag.py
[2023-12-03T08:06:21.768+0000] {logging_mixin.py:120} INFO - [2023-12-03T08:06:21.767+0000] {dag.py:2585} INFO - Sync 1 DAGs
[2023-12-03T08:06:21.793+0000] {logging_mixin.py:120} INFO - [2023-12-03T08:06:21.793+0000] {dag.py:3340} INFO - Setting next_dagrun for parallel_dag to 2023-12-03T00:00:00+00:00, run_after=2023-12-04T00:00:00+00:00
[2023-12-03T08:06:21.812+0000] {processor.py:176} INFO - Processing /opt/airflow/dags/parallel_dag.py took 0.097 seconds
[2023-12-03T08:06:52.055+0000] {processor.py:154} INFO - Started process (PID=669) to work on /opt/airflow/dags/parallel_dag.py
[2023-12-03T08:06:52.055+0000] {processor.py:756} INFO - Processing file /opt/airflow/dags/parallel_dag.py for tasks to queue
[2023-12-03T08:06:52.056+0000] {logging_mixin.py:120} INFO - [2023-12-03T08:06:52.056+0000] {dagbag.py:537} INFO - Filling up the DagBag from /opt/airflow/dags/parallel_dag.py
[2023-12-03T08:06:52.070+0000] {processor.py:766} INFO - DAG(s) dict_keys(['parallel_dag']) retrieved from /opt/airflow/dags/parallel_dag.py
[2023-12-03T08:06:52.103+0000] {logging_mixin.py:120} INFO - [2023-12-03T08:06:52.103+0000] {dag.py:2585} INFO - Sync 1 DAGs
[2023-12-03T08:06:52.125+0000] {logging_mixin.py:120} INFO - [2023-12-03T08:06:52.125+0000] {dag.py:3340} INFO - Setting next_dagrun for parallel_dag to 2023-12-03T00:00:00+00:00, run_after=2023-12-04T00:00:00+00:00
[2023-12-03T08:06:52.145+0000] {processor.py:176} INFO - Processing /opt/airflow/dags/parallel_dag.py took 0.093 seconds
[2023-12-03T08:07:22.197+0000] {processor.py:154} INFO - Started process (PID=690) to work on /opt/airflow/dags/parallel_dag.py
[2023-12-03T08:07:22.198+0000] {processor.py:756} INFO - Processing file /opt/airflow/dags/parallel_dag.py for tasks to queue
[2023-12-03T08:07:22.198+0000] {logging_mixin.py:120} INFO - [2023-12-03T08:07:22.198+0000] {dagbag.py:537} INFO - Filling up the DagBag from /opt/airflow/dags/parallel_dag.py
[2023-12-03T08:07:22.213+0000] {processor.py:766} INFO - DAG(s) dict_keys(['parallel_dag']) retrieved from /opt/airflow/dags/parallel_dag.py
[2023-12-03T08:07:22.247+0000] {logging_mixin.py:120} INFO - [2023-12-03T08:07:22.247+0000] {dag.py:2585} INFO - Sync 1 DAGs
[2023-12-03T08:07:22.269+0000] {logging_mixin.py:120} INFO - [2023-12-03T08:07:22.268+0000] {dag.py:3340} INFO - Setting next_dagrun for parallel_dag to 2023-12-03T00:00:00+00:00, run_after=2023-12-04T00:00:00+00:00
[2023-12-03T08:07:22.289+0000] {processor.py:176} INFO - Processing /opt/airflow/dags/parallel_dag.py took 0.094 seconds
[2023-12-03T08:07:52.389+0000] {processor.py:154} INFO - Started process (PID=722) to work on /opt/airflow/dags/parallel_dag.py
[2023-12-03T08:07:52.389+0000] {processor.py:756} INFO - Processing file /opt/airflow/dags/parallel_dag.py for tasks to queue
[2023-12-03T08:07:52.390+0000] {logging_mixin.py:120} INFO - [2023-12-03T08:07:52.390+0000] {dagbag.py:537} INFO - Filling up the DagBag from /opt/airflow/dags/parallel_dag.py
[2023-12-03T08:07:52.404+0000] {processor.py:766} INFO - DAG(s) dict_keys(['parallel_dag']) retrieved from /opt/airflow/dags/parallel_dag.py
[2023-12-03T08:07:52.436+0000] {logging_mixin.py:120} INFO - [2023-12-03T08:07:52.435+0000] {dag.py:2585} INFO - Sync 1 DAGs
[2023-12-03T08:07:52.456+0000] {logging_mixin.py:120} INFO - [2023-12-03T08:07:52.456+0000] {dag.py:3340} INFO - Setting next_dagrun for parallel_dag to 2023-12-03T00:00:00+00:00, run_after=2023-12-04T00:00:00+00:00
[2023-12-03T08:07:52.478+0000] {processor.py:176} INFO - Processing /opt/airflow/dags/parallel_dag.py took 0.091 seconds
[2023-12-03T08:08:22.686+0000] {processor.py:154} INFO - Started process (PID=745) to work on /opt/airflow/dags/parallel_dag.py
[2023-12-03T08:08:22.687+0000] {processor.py:756} INFO - Processing file /opt/airflow/dags/parallel_dag.py for tasks to queue
[2023-12-03T08:08:22.687+0000] {logging_mixin.py:120} INFO - [2023-12-03T08:08:22.687+0000] {dagbag.py:537} INFO - Filling up the DagBag from /opt/airflow/dags/parallel_dag.py
[2023-12-03T08:08:22.701+0000] {processor.py:766} INFO - DAG(s) dict_keys(['parallel_dag']) retrieved from /opt/airflow/dags/parallel_dag.py
[2023-12-03T08:08:22.733+0000] {logging_mixin.py:120} INFO - [2023-12-03T08:08:22.733+0000] {dag.py:2585} INFO - Sync 1 DAGs
[2023-12-03T08:08:22.755+0000] {logging_mixin.py:120} INFO - [2023-12-03T08:08:22.754+0000] {dag.py:3340} INFO - Setting next_dagrun for parallel_dag to 2023-12-03T00:00:00+00:00, run_after=2023-12-04T00:00:00+00:00
[2023-12-03T08:08:22.774+0000] {processor.py:176} INFO - Processing /opt/airflow/dags/parallel_dag.py took 0.090 seconds
[2023-12-03T08:08:53.168+0000] {processor.py:154} INFO - Started process (PID=779) to work on /opt/airflow/dags/parallel_dag.py
[2023-12-03T08:08:53.169+0000] {processor.py:756} INFO - Processing file /opt/airflow/dags/parallel_dag.py for tasks to queue
[2023-12-03T08:08:53.169+0000] {logging_mixin.py:120} INFO - [2023-12-03T08:08:53.169+0000] {dagbag.py:537} INFO - Filling up the DagBag from /opt/airflow/dags/parallel_dag.py
[2023-12-03T08:08:53.184+0000] {processor.py:766} INFO - DAG(s) dict_keys(['parallel_dag']) retrieved from /opt/airflow/dags/parallel_dag.py
[2023-12-03T08:08:53.215+0000] {logging_mixin.py:120} INFO - [2023-12-03T08:08:53.215+0000] {dag.py:2585} INFO - Sync 1 DAGs
[2023-12-03T08:08:53.236+0000] {logging_mixin.py:120} INFO - [2023-12-03T08:08:53.236+0000] {dag.py:3340} INFO - Setting next_dagrun for parallel_dag to 2023-12-03T00:00:00+00:00, run_after=2023-12-04T00:00:00+00:00
[2023-12-03T08:08:53.257+0000] {processor.py:176} INFO - Processing /opt/airflow/dags/parallel_dag.py took 0.091 seconds
[2023-12-03T08:09:23.517+0000] {processor.py:154} INFO - Started process (PID=812) to work on /opt/airflow/dags/parallel_dag.py
[2023-12-03T08:09:23.518+0000] {processor.py:756} INFO - Processing file /opt/airflow/dags/parallel_dag.py for tasks to queue
[2023-12-03T08:09:23.518+0000] {logging_mixin.py:120} INFO - [2023-12-03T08:09:23.518+0000] {dagbag.py:537} INFO - Filling up the DagBag from /opt/airflow/dags/parallel_dag.py
[2023-12-03T08:09:23.538+0000] {processor.py:766} INFO - DAG(s) dict_keys(['parallel_dag']) retrieved from /opt/airflow/dags/parallel_dag.py
[2023-12-03T08:09:23.586+0000] {logging_mixin.py:120} INFO - [2023-12-03T08:09:23.586+0000] {dag.py:2585} INFO - Sync 1 DAGs
[2023-12-03T08:09:23.620+0000] {logging_mixin.py:120} INFO - [2023-12-03T08:09:23.620+0000] {dag.py:3340} INFO - Setting next_dagrun for parallel_dag to 2023-12-03T00:00:00+00:00, run_after=2023-12-04T00:00:00+00:00
[2023-12-03T08:09:23.646+0000] {processor.py:176} INFO - Processing /opt/airflow/dags/parallel_dag.py took 0.132 seconds
[2023-12-03T08:09:53.845+0000] {processor.py:154} INFO - Started process (PID=836) to work on /opt/airflow/dags/parallel_dag.py
[2023-12-03T08:09:53.846+0000] {processor.py:756} INFO - Processing file /opt/airflow/dags/parallel_dag.py for tasks to queue
[2023-12-03T08:09:53.846+0000] {logging_mixin.py:120} INFO - [2023-12-03T08:09:53.846+0000] {dagbag.py:537} INFO - Filling up the DagBag from /opt/airflow/dags/parallel_dag.py
[2023-12-03T08:09:53.861+0000] {processor.py:766} INFO - DAG(s) dict_keys(['parallel_dag']) retrieved from /opt/airflow/dags/parallel_dag.py
[2023-12-03T08:09:53.916+0000] {logging_mixin.py:120} INFO - [2023-12-03T08:09:53.916+0000] {dag.py:2585} INFO - Sync 1 DAGs
[2023-12-03T08:09:53.938+0000] {logging_mixin.py:120} INFO - [2023-12-03T08:09:53.938+0000] {dag.py:3340} INFO - Setting next_dagrun for parallel_dag to 2023-12-03T00:00:00+00:00, run_after=2023-12-04T00:00:00+00:00
[2023-12-03T08:09:53.968+0000] {processor.py:176} INFO - Processing /opt/airflow/dags/parallel_dag.py took 0.126 seconds
[2023-12-03T08:10:24.142+0000] {processor.py:154} INFO - Started process (PID=871) to work on /opt/airflow/dags/parallel_dag.py
[2023-12-03T08:10:24.143+0000] {processor.py:756} INFO - Processing file /opt/airflow/dags/parallel_dag.py for tasks to queue
[2023-12-03T08:10:24.144+0000] {logging_mixin.py:120} INFO - [2023-12-03T08:10:24.144+0000] {dagbag.py:537} INFO - Filling up the DagBag from /opt/airflow/dags/parallel_dag.py
[2023-12-03T08:10:24.163+0000] {processor.py:766} INFO - DAG(s) dict_keys(['parallel_dag']) retrieved from /opt/airflow/dags/parallel_dag.py
[2023-12-03T08:10:24.215+0000] {logging_mixin.py:120} INFO - [2023-12-03T08:10:24.214+0000] {dag.py:2585} INFO - Sync 1 DAGs
[2023-12-03T08:10:24.252+0000] {logging_mixin.py:120} INFO - [2023-12-03T08:10:24.252+0000] {dag.py:3340} INFO - Setting next_dagrun for parallel_dag to 2023-12-03T00:00:00+00:00, run_after=2023-12-04T00:00:00+00:00
[2023-12-03T08:10:24.286+0000] {processor.py:176} INFO - Processing /opt/airflow/dags/parallel_dag.py took 0.148 seconds
[2023-12-03T08:10:54.592+0000] {processor.py:154} INFO - Started process (PID=904) to work on /opt/airflow/dags/parallel_dag.py
[2023-12-03T08:10:54.593+0000] {processor.py:756} INFO - Processing file /opt/airflow/dags/parallel_dag.py for tasks to queue
[2023-12-03T08:10:54.593+0000] {logging_mixin.py:120} INFO - [2023-12-03T08:10:54.593+0000] {dagbag.py:537} INFO - Filling up the DagBag from /opt/airflow/dags/parallel_dag.py
[2023-12-03T08:10:54.612+0000] {processor.py:766} INFO - DAG(s) dict_keys(['parallel_dag']) retrieved from /opt/airflow/dags/parallel_dag.py
[2023-12-03T08:10:54.658+0000] {logging_mixin.py:120} INFO - [2023-12-03T08:10:54.658+0000] {dag.py:2585} INFO - Sync 1 DAGs
[2023-12-03T08:10:54.692+0000] {logging_mixin.py:120} INFO - [2023-12-03T08:10:54.692+0000] {dag.py:3340} INFO - Setting next_dagrun for parallel_dag to 2023-12-03T00:00:00+00:00, run_after=2023-12-04T00:00:00+00:00
[2023-12-03T08:10:54.717+0000] {processor.py:176} INFO - Processing /opt/airflow/dags/parallel_dag.py took 0.129 seconds
[2023-12-03T08:11:24.753+0000] {processor.py:154} INFO - Started process (PID=936) to work on /opt/airflow/dags/parallel_dag.py
[2023-12-03T08:11:24.754+0000] {processor.py:756} INFO - Processing file /opt/airflow/dags/parallel_dag.py for tasks to queue
[2023-12-03T08:11:24.754+0000] {logging_mixin.py:120} INFO - [2023-12-03T08:11:24.754+0000] {dagbag.py:537} INFO - Filling up the DagBag from /opt/airflow/dags/parallel_dag.py
[2023-12-03T08:11:24.773+0000] {processor.py:766} INFO - DAG(s) dict_keys(['parallel_dag']) retrieved from /opt/airflow/dags/parallel_dag.py
[2023-12-03T08:11:24.820+0000] {logging_mixin.py:120} INFO - [2023-12-03T08:11:24.820+0000] {dag.py:2585} INFO - Sync 1 DAGs
[2023-12-03T08:11:24.853+0000] {logging_mixin.py:120} INFO - [2023-12-03T08:11:24.852+0000] {dag.py:3340} INFO - Setting next_dagrun for parallel_dag to 2023-12-03T00:00:00+00:00, run_after=2023-12-04T00:00:00+00:00
[2023-12-03T08:11:24.877+0000] {processor.py:176} INFO - Processing /opt/airflow/dags/parallel_dag.py took 0.129 seconds
[2023-12-03T08:11:55.180+0000] {processor.py:154} INFO - Started process (PID=959) to work on /opt/airflow/dags/parallel_dag.py
[2023-12-03T08:11:55.181+0000] {processor.py:756} INFO - Processing file /opt/airflow/dags/parallel_dag.py for tasks to queue
[2023-12-03T08:11:55.182+0000] {logging_mixin.py:120} INFO - [2023-12-03T08:11:55.182+0000] {dagbag.py:537} INFO - Filling up the DagBag from /opt/airflow/dags/parallel_dag.py
[2023-12-03T08:11:55.202+0000] {processor.py:766} INFO - DAG(s) dict_keys(['parallel_dag']) retrieved from /opt/airflow/dags/parallel_dag.py
[2023-12-03T08:11:55.247+0000] {logging_mixin.py:120} INFO - [2023-12-03T08:11:55.247+0000] {dag.py:2585} INFO - Sync 1 DAGs
[2023-12-03T08:11:55.280+0000] {logging_mixin.py:120} INFO - [2023-12-03T08:11:55.280+0000] {dag.py:3340} INFO - Setting next_dagrun for parallel_dag to 2023-12-03T00:00:00+00:00, run_after=2023-12-04T00:00:00+00:00
[2023-12-03T08:11:55.305+0000] {processor.py:176} INFO - Processing /opt/airflow/dags/parallel_dag.py took 0.129 seconds
[2023-12-03T08:12:25.607+0000] {processor.py:154} INFO - Started process (PID=991) to work on /opt/airflow/dags/parallel_dag.py
[2023-12-03T08:12:25.608+0000] {processor.py:756} INFO - Processing file /opt/airflow/dags/parallel_dag.py for tasks to queue
[2023-12-03T08:12:25.609+0000] {logging_mixin.py:120} INFO - [2023-12-03T08:12:25.609+0000] {dagbag.py:537} INFO - Filling up the DagBag from /opt/airflow/dags/parallel_dag.py
[2023-12-03T08:12:25.629+0000] {processor.py:766} INFO - DAG(s) dict_keys(['parallel_dag']) retrieved from /opt/airflow/dags/parallel_dag.py
[2023-12-03T08:12:25.673+0000] {logging_mixin.py:120} INFO - [2023-12-03T08:12:25.673+0000] {dag.py:2585} INFO - Sync 1 DAGs
[2023-12-03T08:12:25.706+0000] {logging_mixin.py:120} INFO - [2023-12-03T08:12:25.706+0000] {dag.py:3340} INFO - Setting next_dagrun for parallel_dag to 2023-12-03T00:00:00+00:00, run_after=2023-12-04T00:00:00+00:00
[2023-12-03T08:12:25.730+0000] {processor.py:176} INFO - Processing /opt/airflow/dags/parallel_dag.py took 0.126 seconds
[2023-12-03T08:12:55.964+0000] {processor.py:154} INFO - Started process (PID=1012) to work on /opt/airflow/dags/parallel_dag.py
[2023-12-03T08:12:55.965+0000] {processor.py:756} INFO - Processing file /opt/airflow/dags/parallel_dag.py for tasks to queue
[2023-12-03T08:12:55.966+0000] {logging_mixin.py:120} INFO - [2023-12-03T08:12:55.966+0000] {dagbag.py:537} INFO - Filling up the DagBag from /opt/airflow/dags/parallel_dag.py
[2023-12-03T08:12:55.986+0000] {processor.py:766} INFO - DAG(s) dict_keys(['parallel_dag']) retrieved from /opt/airflow/dags/parallel_dag.py
[2023-12-03T08:12:56.030+0000] {logging_mixin.py:120} INFO - [2023-12-03T08:12:56.030+0000] {dag.py:2585} INFO - Sync 1 DAGs
[2023-12-03T08:12:56.065+0000] {logging_mixin.py:120} INFO - [2023-12-03T08:12:56.064+0000] {dag.py:3340} INFO - Setting next_dagrun for parallel_dag to 2023-12-03T00:00:00+00:00, run_after=2023-12-04T00:00:00+00:00
[2023-12-03T08:12:56.089+0000] {processor.py:176} INFO - Processing /opt/airflow/dags/parallel_dag.py took 0.128 seconds
[2023-12-03T08:13:26.669+0000] {processor.py:154} INFO - Started process (PID=1046) to work on /opt/airflow/dags/parallel_dag.py
[2023-12-03T08:13:26.670+0000] {processor.py:756} INFO - Processing file /opt/airflow/dags/parallel_dag.py for tasks to queue
[2023-12-03T08:13:26.672+0000] {logging_mixin.py:120} INFO - [2023-12-03T08:13:26.671+0000] {dagbag.py:537} INFO - Filling up the DagBag from /opt/airflow/dags/parallel_dag.py
[2023-12-03T08:13:26.751+0000] {processor.py:766} INFO - DAG(s) dict_keys(['parallel_dag']) retrieved from /opt/airflow/dags/parallel_dag.py
[2023-12-03T08:13:26.920+0000] {logging_mixin.py:120} INFO - [2023-12-03T08:13:26.919+0000] {dag.py:2585} INFO - Sync 1 DAGs
[2023-12-03T08:13:27.014+0000] {logging_mixin.py:120} INFO - [2023-12-03T08:13:27.014+0000] {dag.py:3340} INFO - Setting next_dagrun for parallel_dag to 2023-12-03T00:00:00+00:00, run_after=2023-12-04T00:00:00+00:00
[2023-12-03T08:13:27.070+0000] {processor.py:176} INFO - Processing /opt/airflow/dags/parallel_dag.py took 0.421 seconds
[2023-12-03T08:13:58.040+0000] {processor.py:154} INFO - Started process (PID=1079) to work on /opt/airflow/dags/parallel_dag.py
[2023-12-03T08:13:58.040+0000] {processor.py:756} INFO - Processing file /opt/airflow/dags/parallel_dag.py for tasks to queue
[2023-12-03T08:13:58.041+0000] {logging_mixin.py:120} INFO - [2023-12-03T08:13:58.041+0000] {dagbag.py:537} INFO - Filling up the DagBag from /opt/airflow/dags/parallel_dag.py
[2023-12-03T08:13:58.061+0000] {processor.py:766} INFO - DAG(s) dict_keys(['parallel_dag']) retrieved from /opt/airflow/dags/parallel_dag.py
[2023-12-03T08:13:58.107+0000] {logging_mixin.py:120} INFO - [2023-12-03T08:13:58.106+0000] {dag.py:2585} INFO - Sync 1 DAGs
[2023-12-03T08:13:58.139+0000] {logging_mixin.py:120} INFO - [2023-12-03T08:13:58.139+0000] {dag.py:3340} INFO - Setting next_dagrun for parallel_dag to 2023-12-03T00:00:00+00:00, run_after=2023-12-04T00:00:00+00:00
[2023-12-03T08:13:58.163+0000] {processor.py:176} INFO - Processing /opt/airflow/dags/parallel_dag.py took 0.126 seconds
[2023-12-03T08:14:28.407+0000] {processor.py:154} INFO - Started process (PID=1103) to work on /opt/airflow/dags/parallel_dag.py
[2023-12-03T08:14:28.407+0000] {processor.py:756} INFO - Processing file /opt/airflow/dags/parallel_dag.py for tasks to queue
[2023-12-03T08:14:28.408+0000] {logging_mixin.py:120} INFO - [2023-12-03T08:14:28.408+0000] {dagbag.py:537} INFO - Filling up the DagBag from /opt/airflow/dags/parallel_dag.py
[2023-12-03T08:14:28.421+0000] {processor.py:766} INFO - DAG(s) dict_keys(['parallel_dag']) retrieved from /opt/airflow/dags/parallel_dag.py
[2023-12-03T08:14:28.453+0000] {logging_mixin.py:120} INFO - [2023-12-03T08:14:28.453+0000] {dag.py:2585} INFO - Sync 1 DAGs
[2023-12-03T08:14:28.474+0000] {logging_mixin.py:120} INFO - [2023-12-03T08:14:28.474+0000] {dag.py:3340} INFO - Setting next_dagrun for parallel_dag to 2023-12-03T00:00:00+00:00, run_after=2023-12-04T00:00:00+00:00
[2023-12-03T08:14:28.495+0000] {processor.py:176} INFO - Processing /opt/airflow/dags/parallel_dag.py took 0.092 seconds
[2023-12-03T08:14:58.806+0000] {processor.py:154} INFO - Started process (PID=1137) to work on /opt/airflow/dags/parallel_dag.py
[2023-12-03T08:14:58.807+0000] {processor.py:756} INFO - Processing file /opt/airflow/dags/parallel_dag.py for tasks to queue
[2023-12-03T08:14:58.807+0000] {logging_mixin.py:120} INFO - [2023-12-03T08:14:58.807+0000] {dagbag.py:537} INFO - Filling up the DagBag from /opt/airflow/dags/parallel_dag.py
[2023-12-03T08:14:58.821+0000] {processor.py:766} INFO - DAG(s) dict_keys(['parallel_dag']) retrieved from /opt/airflow/dags/parallel_dag.py
[2023-12-03T08:14:58.859+0000] {logging_mixin.py:120} INFO - [2023-12-03T08:14:58.859+0000] {dag.py:2585} INFO - Sync 1 DAGs
[2023-12-03T08:14:58.881+0000] {logging_mixin.py:120} INFO - [2023-12-03T08:14:58.881+0000] {dag.py:3340} INFO - Setting next_dagrun for parallel_dag to 2023-12-03T00:00:00+00:00, run_after=2023-12-04T00:00:00+00:00
[2023-12-03T08:14:58.901+0000] {processor.py:176} INFO - Processing /opt/airflow/dags/parallel_dag.py took 0.097 seconds
[2023-12-03T08:15:29.372+0000] {processor.py:154} INFO - Started process (PID=1171) to work on /opt/airflow/dags/parallel_dag.py
[2023-12-03T08:15:29.373+0000] {processor.py:756} INFO - Processing file /opt/airflow/dags/parallel_dag.py for tasks to queue
[2023-12-03T08:15:29.374+0000] {logging_mixin.py:120} INFO - [2023-12-03T08:15:29.373+0000] {dagbag.py:537} INFO - Filling up the DagBag from /opt/airflow/dags/parallel_dag.py
[2023-12-03T08:15:29.394+0000] {processor.py:766} INFO - DAG(s) dict_keys(['parallel_dag']) retrieved from /opt/airflow/dags/parallel_dag.py
[2023-12-03T08:15:29.430+0000] {logging_mixin.py:120} INFO - [2023-12-03T08:15:29.430+0000] {dag.py:2585} INFO - Sync 1 DAGs
[2023-12-03T08:15:29.451+0000] {logging_mixin.py:120} INFO - [2023-12-03T08:15:29.450+0000] {dag.py:3340} INFO - Setting next_dagrun for parallel_dag to 2023-12-03T00:00:00+00:00, run_after=2023-12-04T00:00:00+00:00
[2023-12-03T08:15:29.472+0000] {processor.py:176} INFO - Processing /opt/airflow/dags/parallel_dag.py took 0.102 seconds
[2023-12-03T08:15:59.581+0000] {processor.py:154} INFO - Started process (PID=1195) to work on /opt/airflow/dags/parallel_dag.py
[2023-12-03T08:15:59.581+0000] {processor.py:756} INFO - Processing file /opt/airflow/dags/parallel_dag.py for tasks to queue
[2023-12-03T08:15:59.582+0000] {logging_mixin.py:120} INFO - [2023-12-03T08:15:59.582+0000] {dagbag.py:537} INFO - Filling up the DagBag from /opt/airflow/dags/parallel_dag.py
[2023-12-03T08:15:59.602+0000] {processor.py:766} INFO - DAG(s) dict_keys(['parallel_dag']) retrieved from /opt/airflow/dags/parallel_dag.py
[2023-12-03T08:15:59.657+0000] {logging_mixin.py:120} INFO - [2023-12-03T08:15:59.657+0000] {dag.py:2585} INFO - Sync 1 DAGs
[2023-12-03T08:15:59.706+0000] {logging_mixin.py:120} INFO - [2023-12-03T08:15:59.705+0000] {dag.py:3340} INFO - Setting next_dagrun for parallel_dag to 2023-12-03T00:00:00+00:00, run_after=2023-12-04T00:00:00+00:00
[2023-12-03T08:15:59.748+0000] {processor.py:176} INFO - Processing /opt/airflow/dags/parallel_dag.py took 0.172 seconds
[2023-12-03T08:16:29.950+0000] {processor.py:154} INFO - Started process (PID=1228) to work on /opt/airflow/dags/parallel_dag.py
[2023-12-03T08:16:29.951+0000] {processor.py:756} INFO - Processing file /opt/airflow/dags/parallel_dag.py for tasks to queue
[2023-12-03T08:16:29.951+0000] {logging_mixin.py:120} INFO - [2023-12-03T08:16:29.951+0000] {dagbag.py:537} INFO - Filling up the DagBag from /opt/airflow/dags/parallel_dag.py
[2023-12-03T08:16:29.965+0000] {processor.py:766} INFO - DAG(s) dict_keys(['parallel_dag']) retrieved from /opt/airflow/dags/parallel_dag.py
[2023-12-03T08:16:29.996+0000] {logging_mixin.py:120} INFO - [2023-12-03T08:16:29.996+0000] {dag.py:2585} INFO - Sync 1 DAGs
[2023-12-03T08:16:30.018+0000] {logging_mixin.py:120} INFO - [2023-12-03T08:16:30.018+0000] {dag.py:3340} INFO - Setting next_dagrun for parallel_dag to 2023-12-03T00:00:00+00:00, run_after=2023-12-04T00:00:00+00:00
[2023-12-03T08:16:30.039+0000] {processor.py:176} INFO - Processing /opt/airflow/dags/parallel_dag.py took 0.092 seconds
[2023-12-03T08:17:00.105+0000] {processor.py:154} INFO - Started process (PID=1262) to work on /opt/airflow/dags/parallel_dag.py
[2023-12-03T08:17:00.106+0000] {processor.py:756} INFO - Processing file /opt/airflow/dags/parallel_dag.py for tasks to queue
[2023-12-03T08:17:00.106+0000] {logging_mixin.py:120} INFO - [2023-12-03T08:17:00.106+0000] {dagbag.py:537} INFO - Filling up the DagBag from /opt/airflow/dags/parallel_dag.py
[2023-12-03T08:17:00.121+0000] {processor.py:766} INFO - DAG(s) dict_keys(['parallel_dag']) retrieved from /opt/airflow/dags/parallel_dag.py
[2023-12-03T08:17:00.154+0000] {logging_mixin.py:120} INFO - [2023-12-03T08:17:00.154+0000] {dag.py:2585} INFO - Sync 1 DAGs
[2023-12-03T08:17:00.176+0000] {logging_mixin.py:120} INFO - [2023-12-03T08:17:00.176+0000] {dag.py:3340} INFO - Setting next_dagrun for parallel_dag to 2023-12-03T00:00:00+00:00, run_after=2023-12-04T00:00:00+00:00
[2023-12-03T08:17:00.195+0000] {processor.py:176} INFO - Processing /opt/airflow/dags/parallel_dag.py took 0.092 seconds
[2023-12-03T08:17:30.406+0000] {processor.py:154} INFO - Started process (PID=1285) to work on /opt/airflow/dags/parallel_dag.py
[2023-12-03T08:17:30.407+0000] {processor.py:756} INFO - Processing file /opt/airflow/dags/parallel_dag.py for tasks to queue
[2023-12-03T08:17:30.407+0000] {logging_mixin.py:120} INFO - [2023-12-03T08:17:30.407+0000] {dagbag.py:537} INFO - Filling up the DagBag from /opt/airflow/dags/parallel_dag.py
[2023-12-03T08:17:30.423+0000] {processor.py:766} INFO - DAG(s) dict_keys(['parallel_dag']) retrieved from /opt/airflow/dags/parallel_dag.py
[2023-12-03T08:17:30.456+0000] {logging_mixin.py:120} INFO - [2023-12-03T08:17:30.456+0000] {dag.py:2585} INFO - Sync 1 DAGs
[2023-12-03T08:17:30.478+0000] {logging_mixin.py:120} INFO - [2023-12-03T08:17:30.477+0000] {dag.py:3340} INFO - Setting next_dagrun for parallel_dag to 2023-12-03T00:00:00+00:00, run_after=2023-12-04T00:00:00+00:00
[2023-12-03T08:17:30.497+0000] {processor.py:176} INFO - Processing /opt/airflow/dags/parallel_dag.py took 0.095 seconds
[2023-12-03T08:18:00.678+0000] {processor.py:154} INFO - Started process (PID=1318) to work on /opt/airflow/dags/parallel_dag.py
[2023-12-03T08:18:00.679+0000] {processor.py:756} INFO - Processing file /opt/airflow/dags/parallel_dag.py for tasks to queue
[2023-12-03T08:18:00.679+0000] {logging_mixin.py:120} INFO - [2023-12-03T08:18:00.679+0000] {dagbag.py:537} INFO - Filling up the DagBag from /opt/airflow/dags/parallel_dag.py
[2023-12-03T08:18:00.693+0000] {processor.py:766} INFO - DAG(s) dict_keys(['parallel_dag']) retrieved from /opt/airflow/dags/parallel_dag.py
[2023-12-03T08:18:00.729+0000] {logging_mixin.py:120} INFO - [2023-12-03T08:18:00.729+0000] {dag.py:2585} INFO - Sync 1 DAGs
[2023-12-03T08:18:00.758+0000] {logging_mixin.py:120} INFO - [2023-12-03T08:18:00.758+0000] {dag.py:3340} INFO - Setting next_dagrun for parallel_dag to 2023-12-03T00:00:00+00:00, run_after=2023-12-04T00:00:00+00:00
[2023-12-03T08:18:00.784+0000] {processor.py:176} INFO - Processing /opt/airflow/dags/parallel_dag.py took 0.108 seconds
[2023-12-03T08:18:30.985+0000] {processor.py:154} INFO - Started process (PID=1341) to work on /opt/airflow/dags/parallel_dag.py
[2023-12-03T08:18:30.986+0000] {processor.py:756} INFO - Processing file /opt/airflow/dags/parallel_dag.py for tasks to queue
[2023-12-03T08:18:30.987+0000] {logging_mixin.py:120} INFO - [2023-12-03T08:18:30.987+0000] {dagbag.py:537} INFO - Filling up the DagBag from /opt/airflow/dags/parallel_dag.py
[2023-12-03T08:18:31.017+0000] {processor.py:766} INFO - DAG(s) dict_keys(['parallel_dag']) retrieved from /opt/airflow/dags/parallel_dag.py
[2023-12-03T08:18:31.120+0000] {logging_mixin.py:120} INFO - [2023-12-03T08:18:31.119+0000] {dag.py:2585} INFO - Sync 1 DAGs
[2023-12-03T08:18:31.156+0000] {logging_mixin.py:120} INFO - [2023-12-03T08:18:31.156+0000] {dag.py:3340} INFO - Setting next_dagrun for parallel_dag to 2023-12-03T00:00:00+00:00, run_after=2023-12-04T00:00:00+00:00
[2023-12-03T08:18:31.223+0000] {processor.py:176} INFO - Processing /opt/airflow/dags/parallel_dag.py took 0.242 seconds
[2023-12-03T08:19:01.454+0000] {processor.py:154} INFO - Started process (PID=1372) to work on /opt/airflow/dags/parallel_dag.py
[2023-12-03T08:19:01.455+0000] {processor.py:756} INFO - Processing file /opt/airflow/dags/parallel_dag.py for tasks to queue
[2023-12-03T08:19:01.455+0000] {logging_mixin.py:120} INFO - [2023-12-03T08:19:01.455+0000] {dagbag.py:537} INFO - Filling up the DagBag from /opt/airflow/dags/parallel_dag.py
[2023-12-03T08:19:01.470+0000] {processor.py:766} INFO - DAG(s) dict_keys(['parallel_dag']) retrieved from /opt/airflow/dags/parallel_dag.py
[2023-12-03T08:19:01.503+0000] {logging_mixin.py:120} INFO - [2023-12-03T08:19:01.502+0000] {dag.py:2585} INFO - Sync 1 DAGs
[2023-12-03T08:19:01.524+0000] {logging_mixin.py:120} INFO - [2023-12-03T08:19:01.524+0000] {dag.py:3340} INFO - Setting next_dagrun for parallel_dag to 2023-12-03T00:00:00+00:00, run_after=2023-12-04T00:00:00+00:00
[2023-12-03T08:19:01.545+0000] {processor.py:176} INFO - Processing /opt/airflow/dags/parallel_dag.py took 0.093 seconds
[2023-12-03T08:19:31.791+0000] {processor.py:154} INFO - Started process (PID=1406) to work on /opt/airflow/dags/parallel_dag.py
[2023-12-03T08:19:31.791+0000] {processor.py:756} INFO - Processing file /opt/airflow/dags/parallel_dag.py for tasks to queue
[2023-12-03T08:19:31.792+0000] {logging_mixin.py:120} INFO - [2023-12-03T08:19:31.792+0000] {dagbag.py:537} INFO - Filling up the DagBag from /opt/airflow/dags/parallel_dag.py
[2023-12-03T08:19:31.806+0000] {processor.py:766} INFO - DAG(s) dict_keys(['parallel_dag']) retrieved from /opt/airflow/dags/parallel_dag.py
[2023-12-03T08:19:31.839+0000] {logging_mixin.py:120} INFO - [2023-12-03T08:19:31.839+0000] {dag.py:2585} INFO - Sync 1 DAGs
[2023-12-03T08:19:31.870+0000] {logging_mixin.py:120} INFO - [2023-12-03T08:19:31.870+0000] {dag.py:3340} INFO - Setting next_dagrun for parallel_dag to 2023-12-03T00:00:00+00:00, run_after=2023-12-04T00:00:00+00:00
[2023-12-03T08:19:31.889+0000] {processor.py:176} INFO - Processing /opt/airflow/dags/parallel_dag.py took 0.101 seconds
[2023-12-03T08:20:02.181+0000] {processor.py:154} INFO - Started process (PID=1430) to work on /opt/airflow/dags/parallel_dag.py
[2023-12-03T08:20:02.181+0000] {processor.py:756} INFO - Processing file /opt/airflow/dags/parallel_dag.py for tasks to queue
[2023-12-03T08:20:02.182+0000] {logging_mixin.py:120} INFO - [2023-12-03T08:20:02.182+0000] {dagbag.py:537} INFO - Filling up the DagBag from /opt/airflow/dags/parallel_dag.py
[2023-12-03T08:20:02.196+0000] {processor.py:766} INFO - DAG(s) dict_keys(['parallel_dag']) retrieved from /opt/airflow/dags/parallel_dag.py
[2023-12-03T08:20:02.228+0000] {logging_mixin.py:120} INFO - [2023-12-03T08:20:02.228+0000] {dag.py:2585} INFO - Sync 1 DAGs
[2023-12-03T08:20:02.249+0000] {logging_mixin.py:120} INFO - [2023-12-03T08:20:02.249+0000] {dag.py:3340} INFO - Setting next_dagrun for parallel_dag to 2023-12-03T00:00:00+00:00, run_after=2023-12-04T00:00:00+00:00
[2023-12-03T08:20:02.269+0000] {processor.py:176} INFO - Processing /opt/airflow/dags/parallel_dag.py took 0.091 seconds
[2023-12-03T08:20:32.632+0000] {processor.py:154} INFO - Started process (PID=1463) to work on /opt/airflow/dags/parallel_dag.py
[2023-12-03T08:20:32.634+0000] {processor.py:756} INFO - Processing file /opt/airflow/dags/parallel_dag.py for tasks to queue
[2023-12-03T08:20:32.635+0000] {logging_mixin.py:120} INFO - [2023-12-03T08:20:32.635+0000] {dagbag.py:537} INFO - Filling up the DagBag from /opt/airflow/dags/parallel_dag.py
[2023-12-03T08:20:32.655+0000] {processor.py:766} INFO - DAG(s) dict_keys(['parallel_dag']) retrieved from /opt/airflow/dags/parallel_dag.py
[2023-12-03T08:20:32.704+0000] {logging_mixin.py:120} INFO - [2023-12-03T08:20:32.704+0000] {dag.py:2585} INFO - Sync 1 DAGs
[2023-12-03T08:20:32.738+0000] {logging_mixin.py:120} INFO - [2023-12-03T08:20:32.738+0000] {dag.py:3340} INFO - Setting next_dagrun for parallel_dag to 2023-12-03T00:00:00+00:00, run_after=2023-12-04T00:00:00+00:00
[2023-12-03T08:20:32.763+0000] {processor.py:176} INFO - Processing /opt/airflow/dags/parallel_dag.py took 0.134 seconds
[2023-12-03T08:21:02.942+0000] {processor.py:154} INFO - Started process (PID=1496) to work on /opt/airflow/dags/parallel_dag.py
[2023-12-03T08:21:02.943+0000] {processor.py:756} INFO - Processing file /opt/airflow/dags/parallel_dag.py for tasks to queue
[2023-12-03T08:21:02.943+0000] {logging_mixin.py:120} INFO - [2023-12-03T08:21:02.943+0000] {dagbag.py:537} INFO - Filling up the DagBag from /opt/airflow/dags/parallel_dag.py
[2023-12-03T08:21:02.957+0000] {processor.py:766} INFO - DAG(s) dict_keys(['parallel_dag']) retrieved from /opt/airflow/dags/parallel_dag.py
[2023-12-03T08:21:02.989+0000] {logging_mixin.py:120} INFO - [2023-12-03T08:21:02.989+0000] {dag.py:2585} INFO - Sync 1 DAGs
[2023-12-03T08:21:03.010+0000] {logging_mixin.py:120} INFO - [2023-12-03T08:21:03.010+0000] {dag.py:3340} INFO - Setting next_dagrun for parallel_dag to 2023-12-03T00:00:00+00:00, run_after=2023-12-04T00:00:00+00:00
[2023-12-03T08:21:03.030+0000] {processor.py:176} INFO - Processing /opt/airflow/dags/parallel_dag.py took 0.091 seconds
[2023-12-03T08:21:33.451+0000] {processor.py:154} INFO - Started process (PID=1521) to work on /opt/airflow/dags/parallel_dag.py
[2023-12-03T08:21:33.451+0000] {processor.py:756} INFO - Processing file /opt/airflow/dags/parallel_dag.py for tasks to queue
[2023-12-03T08:21:33.452+0000] {logging_mixin.py:120} INFO - [2023-12-03T08:21:33.452+0000] {dagbag.py:537} INFO - Filling up the DagBag from /opt/airflow/dags/parallel_dag.py
[2023-12-03T08:21:33.470+0000] {processor.py:766} INFO - DAG(s) dict_keys(['parallel_dag']) retrieved from /opt/airflow/dags/parallel_dag.py
[2023-12-03T08:21:33.509+0000] {logging_mixin.py:120} INFO - [2023-12-03T08:21:33.509+0000] {dag.py:2585} INFO - Sync 1 DAGs
[2023-12-03T08:21:33.531+0000] {logging_mixin.py:120} INFO - [2023-12-03T08:21:33.531+0000] {dag.py:3340} INFO - Setting next_dagrun for parallel_dag to 2023-12-03T00:00:00+00:00, run_after=2023-12-04T00:00:00+00:00
[2023-12-03T08:21:33.552+0000] {processor.py:176} INFO - Processing /opt/airflow/dags/parallel_dag.py took 0.104 seconds
[2023-12-03T08:22:03.756+0000] {processor.py:154} INFO - Started process (PID=1553) to work on /opt/airflow/dags/parallel_dag.py
[2023-12-03T08:22:03.757+0000] {processor.py:756} INFO - Processing file /opt/airflow/dags/parallel_dag.py for tasks to queue
[2023-12-03T08:22:03.758+0000] {logging_mixin.py:120} INFO - [2023-12-03T08:22:03.758+0000] {dagbag.py:537} INFO - Filling up the DagBag from /opt/airflow/dags/parallel_dag.py
[2023-12-03T08:22:03.806+0000] {processor.py:766} INFO - DAG(s) dict_keys(['parallel_dag']) retrieved from /opt/airflow/dags/parallel_dag.py
[2023-12-03T08:22:03.852+0000] {logging_mixin.py:120} INFO - [2023-12-03T08:22:03.852+0000] {dag.py:2585} INFO - Sync 1 DAGs
[2023-12-03T08:22:03.887+0000] {logging_mixin.py:120} INFO - [2023-12-03T08:22:03.887+0000] {dag.py:3340} INFO - Setting next_dagrun for parallel_dag to 2023-12-03T00:00:00+00:00, run_after=2023-12-04T00:00:00+00:00
[2023-12-03T08:22:03.912+0000] {processor.py:176} INFO - Processing /opt/airflow/dags/parallel_dag.py took 0.160 seconds
[2023-12-03T08:22:34.144+0000] {processor.py:154} INFO - Started process (PID=1587) to work on /opt/airflow/dags/parallel_dag.py
[2023-12-03T08:22:34.144+0000] {processor.py:756} INFO - Processing file /opt/airflow/dags/parallel_dag.py for tasks to queue
[2023-12-03T08:22:34.145+0000] {logging_mixin.py:120} INFO - [2023-12-03T08:22:34.145+0000] {dagbag.py:537} INFO - Filling up the DagBag from /opt/airflow/dags/parallel_dag.py
[2023-12-03T08:22:34.159+0000] {processor.py:766} INFO - DAG(s) dict_keys(['parallel_dag']) retrieved from /opt/airflow/dags/parallel_dag.py
[2023-12-03T08:22:34.190+0000] {logging_mixin.py:120} INFO - [2023-12-03T08:22:34.190+0000] {dag.py:2585} INFO - Sync 1 DAGs
[2023-12-03T08:22:34.212+0000] {logging_mixin.py:120} INFO - [2023-12-03T08:22:34.212+0000] {dag.py:3340} INFO - Setting next_dagrun for parallel_dag to 2023-12-03T00:00:00+00:00, run_after=2023-12-04T00:00:00+00:00
[2023-12-03T08:22:34.231+0000] {processor.py:176} INFO - Processing /opt/airflow/dags/parallel_dag.py took 0.090 seconds
[2023-12-03T08:23:04.538+0000] {processor.py:154} INFO - Started process (PID=1620) to work on /opt/airflow/dags/parallel_dag.py
[2023-12-03T08:23:04.539+0000] {processor.py:756} INFO - Processing file /opt/airflow/dags/parallel_dag.py for tasks to queue
[2023-12-03T08:23:04.539+0000] {logging_mixin.py:120} INFO - [2023-12-03T08:23:04.539+0000] {dagbag.py:537} INFO - Filling up the DagBag from /opt/airflow/dags/parallel_dag.py
[2023-12-03T08:23:04.560+0000] {processor.py:766} INFO - DAG(s) dict_keys(['parallel_dag']) retrieved from /opt/airflow/dags/parallel_dag.py
[2023-12-03T08:23:04.606+0000] {logging_mixin.py:120} INFO - [2023-12-03T08:23:04.606+0000] {dag.py:2585} INFO - Sync 1 DAGs
[2023-12-03T08:23:04.638+0000] {logging_mixin.py:120} INFO - [2023-12-03T08:23:04.638+0000] {dag.py:3340} INFO - Setting next_dagrun for parallel_dag to 2023-12-03T00:00:00+00:00, run_after=2023-12-04T00:00:00+00:00
[2023-12-03T08:23:04.662+0000] {processor.py:176} INFO - Processing /opt/airflow/dags/parallel_dag.py took 0.128 seconds
[2023-12-03T08:23:34.735+0000] {processor.py:154} INFO - Started process (PID=1643) to work on /opt/airflow/dags/parallel_dag.py
[2023-12-03T08:23:34.735+0000] {processor.py:756} INFO - Processing file /opt/airflow/dags/parallel_dag.py for tasks to queue
[2023-12-03T08:23:34.736+0000] {logging_mixin.py:120} INFO - [2023-12-03T08:23:34.736+0000] {dagbag.py:537} INFO - Filling up the DagBag from /opt/airflow/dags/parallel_dag.py
[2023-12-03T08:23:34.751+0000] {processor.py:766} INFO - DAG(s) dict_keys(['parallel_dag']) retrieved from /opt/airflow/dags/parallel_dag.py
[2023-12-03T08:23:34.784+0000] {logging_mixin.py:120} INFO - [2023-12-03T08:23:34.784+0000] {dag.py:2585} INFO - Sync 1 DAGs
[2023-12-03T08:23:34.805+0000] {logging_mixin.py:120} INFO - [2023-12-03T08:23:34.805+0000] {dag.py:3340} INFO - Setting next_dagrun for parallel_dag to 2023-12-03T00:00:00+00:00, run_after=2023-12-04T00:00:00+00:00
[2023-12-03T08:23:34.824+0000] {processor.py:176} INFO - Processing /opt/airflow/dags/parallel_dag.py took 0.092 seconds
[2023-12-03T08:24:05.107+0000] {processor.py:154} INFO - Started process (PID=1678) to work on /opt/airflow/dags/parallel_dag.py
[2023-12-03T08:24:05.107+0000] {processor.py:756} INFO - Processing file /opt/airflow/dags/parallel_dag.py for tasks to queue
[2023-12-03T08:24:05.108+0000] {logging_mixin.py:120} INFO - [2023-12-03T08:24:05.108+0000] {dagbag.py:537} INFO - Filling up the DagBag from /opt/airflow/dags/parallel_dag.py
[2023-12-03T08:24:05.122+0000] {processor.py:766} INFO - DAG(s) dict_keys(['parallel_dag']) retrieved from /opt/airflow/dags/parallel_dag.py
[2023-12-03T08:24:05.153+0000] {logging_mixin.py:120} INFO - [2023-12-03T08:24:05.153+0000] {dag.py:2585} INFO - Sync 1 DAGs
[2023-12-03T08:24:05.174+0000] {logging_mixin.py:120} INFO - [2023-12-03T08:24:05.174+0000] {dag.py:3340} INFO - Setting next_dagrun for parallel_dag to 2023-12-03T00:00:00+00:00, run_after=2023-12-04T00:00:00+00:00
[2023-12-03T08:24:05.193+0000] {processor.py:176} INFO - Processing /opt/airflow/dags/parallel_dag.py took 0.089 seconds
[2023-12-03T08:24:35.692+0000] {processor.py:154} INFO - Started process (PID=1710) to work on /opt/airflow/dags/parallel_dag.py
[2023-12-03T08:24:35.693+0000] {processor.py:756} INFO - Processing file /opt/airflow/dags/parallel_dag.py for tasks to queue
[2023-12-03T08:24:35.693+0000] {logging_mixin.py:120} INFO - [2023-12-03T08:24:35.693+0000] {dagbag.py:537} INFO - Filling up the DagBag from /opt/airflow/dags/parallel_dag.py
[2023-12-03T08:24:35.714+0000] {processor.py:766} INFO - DAG(s) dict_keys(['parallel_dag']) retrieved from /opt/airflow/dags/parallel_dag.py
[2023-12-03T08:24:35.756+0000] {logging_mixin.py:120} INFO - [2023-12-03T08:24:35.756+0000] {dag.py:2585} INFO - Sync 1 DAGs
[2023-12-03T08:24:35.778+0000] {logging_mixin.py:120} INFO - [2023-12-03T08:24:35.778+0000] {dag.py:3340} INFO - Setting next_dagrun for parallel_dag to 2023-12-03T00:00:00+00:00, run_after=2023-12-04T00:00:00+00:00
[2023-12-03T08:24:35.798+0000] {processor.py:176} INFO - Processing /opt/airflow/dags/parallel_dag.py took 0.109 seconds
[2023-12-03T08:25:06.009+0000] {processor.py:154} INFO - Started process (PID=1732) to work on /opt/airflow/dags/parallel_dag.py
[2023-12-03T08:25:06.010+0000] {processor.py:756} INFO - Processing file /opt/airflow/dags/parallel_dag.py for tasks to queue
[2023-12-03T08:25:06.010+0000] {logging_mixin.py:120} INFO - [2023-12-03T08:25:06.010+0000] {dagbag.py:537} INFO - Filling up the DagBag from /opt/airflow/dags/parallel_dag.py
[2023-12-03T08:25:06.023+0000] {processor.py:766} INFO - DAG(s) dict_keys(['parallel_dag']) retrieved from /opt/airflow/dags/parallel_dag.py
[2023-12-03T08:25:06.056+0000] {logging_mixin.py:120} INFO - [2023-12-03T08:25:06.056+0000] {dag.py:2585} INFO - Sync 1 DAGs
[2023-12-03T08:25:06.079+0000] {logging_mixin.py:120} INFO - [2023-12-03T08:25:06.079+0000] {dag.py:3340} INFO - Setting next_dagrun for parallel_dag to 2023-12-03T00:00:00+00:00, run_after=2023-12-04T00:00:00+00:00
[2023-12-03T08:25:06.104+0000] {processor.py:176} INFO - Processing /opt/airflow/dags/parallel_dag.py took 0.098 seconds
