[2023-12-03T07:56:08.990+0000] {processor.py:154} INFO - Started process (PID=49) to work on /opt/airflow/dags/producer.py
[2023-12-03T07:56:08.991+0000] {processor.py:756} INFO - Processing file /opt/airflow/dags/producer.py for tasks to queue
[2023-12-03T07:56:08.997+0000] {logging_mixin.py:120} INFO - [2023-12-03T07:56:08.997+0000] {dagbag.py:537} INFO - Filling up the DagBag from /opt/airflow/dags/producer.py
[2023-12-03T07:56:09.125+0000] {processor.py:766} INFO - DAG(s) dict_keys(['producer']) retrieved from /opt/airflow/dags/producer.py
[2023-12-03T07:56:09.386+0000] {logging_mixin.py:120} INFO - [2023-12-03T07:56:09.386+0000] {dag.py:2585} INFO - Sync 1 DAGs
[2023-12-03T07:56:09.667+0000] {logging_mixin.py:120} INFO - [2023-12-03T07:56:09.667+0000] {dag.py:3340} INFO - Setting next_dagrun for producer to 2023-12-02T00:00:00+00:00, run_after=2023-12-03T00:00:00+00:00
[2023-12-03T07:56:09.981+0000] {processor.py:176} INFO - Processing /opt/airflow/dags/producer.py took 0.996 seconds
[2023-12-03T07:56:40.182+0000] {processor.py:154} INFO - Started process (PID=71) to work on /opt/airflow/dags/producer.py
[2023-12-03T07:56:40.191+0000] {processor.py:756} INFO - Processing file /opt/airflow/dags/producer.py for tasks to queue
[2023-12-03T07:56:40.192+0000] {logging_mixin.py:120} INFO - [2023-12-03T07:56:40.192+0000] {dagbag.py:537} INFO - Filling up the DagBag from /opt/airflow/dags/producer.py
[2023-12-03T07:56:40.374+0000] {processor.py:766} INFO - DAG(s) dict_keys(['producer']) retrieved from /opt/airflow/dags/producer.py
[2023-12-03T07:56:40.528+0000] {logging_mixin.py:120} INFO - [2023-12-03T07:56:40.528+0000] {dag.py:2585} INFO - Sync 1 DAGs
[2023-12-03T07:56:40.656+0000] {logging_mixin.py:120} INFO - [2023-12-03T07:56:40.656+0000] {dag.py:3340} INFO - Setting next_dagrun for producer to 2023-12-03T00:00:00+00:00, run_after=2023-12-04T00:00:00+00:00
[2023-12-03T07:56:40.732+0000] {processor.py:176} INFO - Processing /opt/airflow/dags/producer.py took 0.562 seconds
[2023-12-03T07:57:11.302+0000] {processor.py:154} INFO - Started process (PID=95) to work on /opt/airflow/dags/producer.py
[2023-12-03T07:57:11.303+0000] {processor.py:756} INFO - Processing file /opt/airflow/dags/producer.py for tasks to queue
[2023-12-03T07:57:11.304+0000] {logging_mixin.py:120} INFO - [2023-12-03T07:57:11.303+0000] {dagbag.py:537} INFO - Filling up the DagBag from /opt/airflow/dags/producer.py
[2023-12-03T07:57:11.330+0000] {processor.py:766} INFO - DAG(s) dict_keys(['producer']) retrieved from /opt/airflow/dags/producer.py
[2023-12-03T07:57:11.387+0000] {logging_mixin.py:120} INFO - [2023-12-03T07:57:11.387+0000] {dag.py:2585} INFO - Sync 1 DAGs
[2023-12-03T07:57:11.422+0000] {logging_mixin.py:120} INFO - [2023-12-03T07:57:11.422+0000] {dag.py:3340} INFO - Setting next_dagrun for producer to 2023-12-03T00:00:00+00:00, run_after=2023-12-04T00:00:00+00:00
[2023-12-03T07:57:11.448+0000] {processor.py:176} INFO - Processing /opt/airflow/dags/producer.py took 0.150 seconds
[2023-12-03T07:57:41.817+0000] {processor.py:154} INFO - Started process (PID=127) to work on /opt/airflow/dags/producer.py
[2023-12-03T07:57:41.827+0000] {processor.py:756} INFO - Processing file /opt/airflow/dags/producer.py for tasks to queue
[2023-12-03T07:57:41.829+0000] {logging_mixin.py:120} INFO - [2023-12-03T07:57:41.828+0000] {dagbag.py:537} INFO - Filling up the DagBag from /opt/airflow/dags/producer.py
[2023-12-03T07:57:41.873+0000] {processor.py:766} INFO - DAG(s) dict_keys(['producer']) retrieved from /opt/airflow/dags/producer.py
[2023-12-03T07:57:42.016+0000] {logging_mixin.py:120} INFO - [2023-12-03T07:57:42.016+0000] {dag.py:2585} INFO - Sync 1 DAGs
[2023-12-03T07:57:42.056+0000] {logging_mixin.py:120} INFO - [2023-12-03T07:57:42.056+0000] {dag.py:3340} INFO - Setting next_dagrun for producer to 2023-12-03T00:00:00+00:00, run_after=2023-12-04T00:00:00+00:00
[2023-12-03T07:57:42.109+0000] {processor.py:176} INFO - Processing /opt/airflow/dags/producer.py took 0.308 seconds
[2023-12-03T07:58:12.311+0000] {processor.py:154} INFO - Started process (PID=162) to work on /opt/airflow/dags/producer.py
[2023-12-03T07:58:12.312+0000] {processor.py:756} INFO - Processing file /opt/airflow/dags/producer.py for tasks to queue
[2023-12-03T07:58:12.313+0000] {logging_mixin.py:120} INFO - [2023-12-03T07:58:12.313+0000] {dagbag.py:537} INFO - Filling up the DagBag from /opt/airflow/dags/producer.py
[2023-12-03T07:58:12.340+0000] {processor.py:766} INFO - DAG(s) dict_keys(['producer']) retrieved from /opt/airflow/dags/producer.py
[2023-12-03T07:58:12.415+0000] {logging_mixin.py:120} INFO - [2023-12-03T07:58:12.415+0000] {dag.py:2585} INFO - Sync 1 DAGs
[2023-12-03T07:58:12.445+0000] {logging_mixin.py:120} INFO - [2023-12-03T07:58:12.445+0000] {dag.py:3340} INFO - Setting next_dagrun for producer to 2023-12-03T00:00:00+00:00, run_after=2023-12-04T00:00:00+00:00
[2023-12-03T07:58:12.472+0000] {processor.py:176} INFO - Processing /opt/airflow/dags/producer.py took 0.164 seconds
[2023-12-03T07:58:42.830+0000] {processor.py:154} INFO - Started process (PID=197) to work on /opt/airflow/dags/producer.py
[2023-12-03T07:58:42.831+0000] {processor.py:756} INFO - Processing file /opt/airflow/dags/producer.py for tasks to queue
[2023-12-03T07:58:42.832+0000] {logging_mixin.py:120} INFO - [2023-12-03T07:58:42.832+0000] {dagbag.py:537} INFO - Filling up the DagBag from /opt/airflow/dags/producer.py
[2023-12-03T07:58:42.877+0000] {processor.py:766} INFO - DAG(s) dict_keys(['producer']) retrieved from /opt/airflow/dags/producer.py
[2023-12-03T07:58:42.967+0000] {logging_mixin.py:120} INFO - [2023-12-03T07:58:42.967+0000] {dag.py:2585} INFO - Sync 1 DAGs
[2023-12-03T07:58:43.020+0000] {logging_mixin.py:120} INFO - [2023-12-03T07:58:43.020+0000] {dag.py:3340} INFO - Setting next_dagrun for producer to 2023-12-03T00:00:00+00:00, run_after=2023-12-04T00:00:00+00:00
[2023-12-03T07:58:43.052+0000] {processor.py:176} INFO - Processing /opt/airflow/dags/producer.py took 0.225 seconds
[2023-12-03T07:59:13.286+0000] {processor.py:154} INFO - Started process (PID=221) to work on /opt/airflow/dags/producer.py
[2023-12-03T07:59:13.293+0000] {processor.py:756} INFO - Processing file /opt/airflow/dags/producer.py for tasks to queue
[2023-12-03T07:59:13.294+0000] {logging_mixin.py:120} INFO - [2023-12-03T07:59:13.294+0000] {dagbag.py:537} INFO - Filling up the DagBag from /opt/airflow/dags/producer.py
[2023-12-03T07:59:13.380+0000] {processor.py:766} INFO - DAG(s) dict_keys(['producer']) retrieved from /opt/airflow/dags/producer.py
[2023-12-03T07:59:13.601+0000] {logging_mixin.py:120} INFO - [2023-12-03T07:59:13.601+0000] {dag.py:2585} INFO - Sync 1 DAGs
[2023-12-03T07:59:13.710+0000] {logging_mixin.py:120} INFO - [2023-12-03T07:59:13.710+0000] {dag.py:3340} INFO - Setting next_dagrun for producer to 2023-12-03T00:00:00+00:00, run_after=2023-12-04T00:00:00+00:00
[2023-12-03T07:59:13.772+0000] {processor.py:176} INFO - Processing /opt/airflow/dags/producer.py took 0.493 seconds
[2023-12-03T07:59:44.197+0000] {processor.py:154} INFO - Started process (PID=254) to work on /opt/airflow/dags/producer.py
[2023-12-03T07:59:44.208+0000] {processor.py:756} INFO - Processing file /opt/airflow/dags/producer.py for tasks to queue
[2023-12-03T07:59:44.208+0000] {logging_mixin.py:120} INFO - [2023-12-03T07:59:44.208+0000] {dagbag.py:537} INFO - Filling up the DagBag from /opt/airflow/dags/producer.py
[2023-12-03T07:59:44.278+0000] {processor.py:766} INFO - DAG(s) dict_keys(['producer']) retrieved from /opt/airflow/dags/producer.py
[2023-12-03T07:59:44.382+0000] {logging_mixin.py:120} INFO - [2023-12-03T07:59:44.382+0000] {dag.py:2585} INFO - Sync 1 DAGs
[2023-12-03T07:59:44.450+0000] {logging_mixin.py:120} INFO - [2023-12-03T07:59:44.450+0000] {dag.py:3340} INFO - Setting next_dagrun for producer to 2023-12-03T00:00:00+00:00, run_after=2023-12-04T00:00:00+00:00
[2023-12-03T07:59:44.485+0000] {processor.py:176} INFO - Processing /opt/airflow/dags/producer.py took 0.291 seconds
[2023-12-03T08:00:14.860+0000] {processor.py:154} INFO - Started process (PID=287) to work on /opt/airflow/dags/producer.py
[2023-12-03T08:00:14.875+0000] {processor.py:756} INFO - Processing file /opt/airflow/dags/producer.py for tasks to queue
[2023-12-03T08:00:14.876+0000] {logging_mixin.py:120} INFO - [2023-12-03T08:00:14.876+0000] {dagbag.py:537} INFO - Filling up the DagBag from /opt/airflow/dags/producer.py
[2023-12-03T08:00:14.998+0000] {processor.py:766} INFO - DAG(s) dict_keys(['producer']) retrieved from /opt/airflow/dags/producer.py
[2023-12-03T08:00:15.150+0000] {logging_mixin.py:120} INFO - [2023-12-03T08:00:15.150+0000] {dag.py:2585} INFO - Sync 1 DAGs
[2023-12-03T08:00:15.262+0000] {logging_mixin.py:120} INFO - [2023-12-03T08:00:15.261+0000] {dag.py:3340} INFO - Setting next_dagrun for producer to 2023-12-03T00:00:00+00:00, run_after=2023-12-04T00:00:00+00:00
[2023-12-03T08:00:15.336+0000] {processor.py:176} INFO - Processing /opt/airflow/dags/producer.py took 0.502 seconds
[2023-12-03T08:00:45.670+0000] {processor.py:154} INFO - Started process (PID=310) to work on /opt/airflow/dags/producer.py
[2023-12-03T08:00:45.671+0000] {processor.py:756} INFO - Processing file /opt/airflow/dags/producer.py for tasks to queue
[2023-12-03T08:00:45.672+0000] {logging_mixin.py:120} INFO - [2023-12-03T08:00:45.672+0000] {dagbag.py:537} INFO - Filling up the DagBag from /opt/airflow/dags/producer.py
[2023-12-03T08:00:45.699+0000] {processor.py:766} INFO - DAG(s) dict_keys(['producer']) retrieved from /opt/airflow/dags/producer.py
[2023-12-03T08:00:45.767+0000] {logging_mixin.py:120} INFO - [2023-12-03T08:00:45.766+0000] {dag.py:2585} INFO - Sync 1 DAGs
[2023-12-03T08:00:45.820+0000] {logging_mixin.py:120} INFO - [2023-12-03T08:00:45.820+0000] {dag.py:3340} INFO - Setting next_dagrun for producer to 2023-12-03T00:00:00+00:00, run_after=2023-12-04T00:00:00+00:00
[2023-12-03T08:00:45.856+0000] {processor.py:176} INFO - Processing /opt/airflow/dags/producer.py took 0.189 seconds
[2023-12-03T08:01:16.185+0000] {processor.py:154} INFO - Started process (PID=343) to work on /opt/airflow/dags/producer.py
[2023-12-03T08:01:16.186+0000] {processor.py:756} INFO - Processing file /opt/airflow/dags/producer.py for tasks to queue
[2023-12-03T08:01:16.187+0000] {logging_mixin.py:120} INFO - [2023-12-03T08:01:16.187+0000] {dagbag.py:537} INFO - Filling up the DagBag from /opt/airflow/dags/producer.py
[2023-12-03T08:01:16.277+0000] {processor.py:766} INFO - DAG(s) dict_keys(['producer']) retrieved from /opt/airflow/dags/producer.py
[2023-12-03T08:01:16.445+0000] {logging_mixin.py:120} INFO - [2023-12-03T08:01:16.445+0000] {dag.py:2585} INFO - Sync 1 DAGs
[2023-12-03T08:01:16.595+0000] {logging_mixin.py:120} INFO - [2023-12-03T08:01:16.594+0000] {dag.py:3340} INFO - Setting next_dagrun for producer to 2023-12-03T00:00:00+00:00, run_after=2023-12-04T00:00:00+00:00
[2023-12-03T08:01:16.701+0000] {processor.py:176} INFO - Processing /opt/airflow/dags/producer.py took 0.525 seconds
[2023-12-03T08:01:46.886+0000] {processor.py:154} INFO - Started process (PID=367) to work on /opt/airflow/dags/producer.py
[2023-12-03T08:01:46.887+0000] {processor.py:756} INFO - Processing file /opt/airflow/dags/producer.py for tasks to queue
[2023-12-03T08:01:46.887+0000] {logging_mixin.py:120} INFO - [2023-12-03T08:01:46.887+0000] {dagbag.py:537} INFO - Filling up the DagBag from /opt/airflow/dags/producer.py
[2023-12-03T08:01:46.934+0000] {processor.py:766} INFO - DAG(s) dict_keys(['producer']) retrieved from /opt/airflow/dags/producer.py
[2023-12-03T08:01:46.984+0000] {logging_mixin.py:120} INFO - [2023-12-03T08:01:46.984+0000] {dag.py:2585} INFO - Sync 1 DAGs
[2023-12-03T08:01:47.017+0000] {logging_mixin.py:120} INFO - [2023-12-03T08:01:47.017+0000] {dag.py:3340} INFO - Setting next_dagrun for producer to 2023-12-03T00:00:00+00:00, run_after=2023-12-04T00:00:00+00:00
[2023-12-03T08:01:47.049+0000] {processor.py:176} INFO - Processing /opt/airflow/dags/producer.py took 0.167 seconds
[2023-12-03T08:02:17.426+0000] {processor.py:154} INFO - Started process (PID=401) to work on /opt/airflow/dags/producer.py
[2023-12-03T08:02:17.444+0000] {processor.py:756} INFO - Processing file /opt/airflow/dags/producer.py for tasks to queue
[2023-12-03T08:02:17.450+0000] {logging_mixin.py:120} INFO - [2023-12-03T08:02:17.450+0000] {dagbag.py:537} INFO - Filling up the DagBag from /opt/airflow/dags/producer.py
[2023-12-03T08:02:17.603+0000] {processor.py:766} INFO - DAG(s) dict_keys(['producer']) retrieved from /opt/airflow/dags/producer.py
[2023-12-03T08:02:18.080+0000] {logging_mixin.py:120} INFO - [2023-12-03T08:02:18.079+0000] {dag.py:2585} INFO - Sync 1 DAGs
[2023-12-03T08:02:18.215+0000] {logging_mixin.py:120} INFO - [2023-12-03T08:02:18.215+0000] {dag.py:3340} INFO - Setting next_dagrun for producer to 2023-12-03T00:00:00+00:00, run_after=2023-12-04T00:00:00+00:00
[2023-12-03T08:02:18.505+0000] {processor.py:176} INFO - Processing /opt/airflow/dags/producer.py took 1.082 seconds
[2023-12-03T08:02:49.299+0000] {processor.py:154} INFO - Started process (PID=434) to work on /opt/airflow/dags/producer.py
[2023-12-03T08:02:49.300+0000] {processor.py:756} INFO - Processing file /opt/airflow/dags/producer.py for tasks to queue
[2023-12-03T08:02:49.301+0000] {logging_mixin.py:120} INFO - [2023-12-03T08:02:49.301+0000] {dagbag.py:537} INFO - Filling up the DagBag from /opt/airflow/dags/producer.py
[2023-12-03T08:02:49.329+0000] {processor.py:766} INFO - DAG(s) dict_keys(['producer']) retrieved from /opt/airflow/dags/producer.py
[2023-12-03T08:02:49.376+0000] {logging_mixin.py:120} INFO - [2023-12-03T08:02:49.376+0000] {dag.py:2585} INFO - Sync 1 DAGs
[2023-12-03T08:02:49.414+0000] {logging_mixin.py:120} INFO - [2023-12-03T08:02:49.414+0000] {dag.py:3340} INFO - Setting next_dagrun for producer to 2023-12-03T00:00:00+00:00, run_after=2023-12-04T00:00:00+00:00
[2023-12-03T08:02:49.444+0000] {processor.py:176} INFO - Processing /opt/airflow/dags/producer.py took 0.148 seconds
[2023-12-03T08:03:19.630+0000] {processor.py:154} INFO - Started process (PID=464) to work on /opt/airflow/dags/producer.py
[2023-12-03T08:03:19.639+0000] {processor.py:756} INFO - Processing file /opt/airflow/dags/producer.py for tasks to queue
[2023-12-03T08:03:19.640+0000] {logging_mixin.py:120} INFO - [2023-12-03T08:03:19.640+0000] {dagbag.py:537} INFO - Filling up the DagBag from /opt/airflow/dags/producer.py
[2023-12-03T08:03:19.703+0000] {processor.py:766} INFO - DAG(s) dict_keys(['producer']) retrieved from /opt/airflow/dags/producer.py
[2023-12-03T08:03:19.767+0000] {logging_mixin.py:120} INFO - [2023-12-03T08:03:19.767+0000] {dag.py:2585} INFO - Sync 1 DAGs
[2023-12-03T08:03:19.802+0000] {logging_mixin.py:120} INFO - [2023-12-03T08:03:19.801+0000] {dag.py:3340} INFO - Setting next_dagrun for producer to 2023-12-03T00:00:00+00:00, run_after=2023-12-04T00:00:00+00:00
[2023-12-03T08:03:19.837+0000] {processor.py:176} INFO - Processing /opt/airflow/dags/producer.py took 0.218 seconds
[2023-12-03T08:03:50.243+0000] {processor.py:154} INFO - Started process (PID=489) to work on /opt/airflow/dags/producer.py
[2023-12-03T08:03:50.244+0000] {processor.py:756} INFO - Processing file /opt/airflow/dags/producer.py for tasks to queue
[2023-12-03T08:03:50.245+0000] {logging_mixin.py:120} INFO - [2023-12-03T08:03:50.245+0000] {dagbag.py:537} INFO - Filling up the DagBag from /opt/airflow/dags/producer.py
[2023-12-03T08:03:50.271+0000] {processor.py:766} INFO - DAG(s) dict_keys(['producer']) retrieved from /opt/airflow/dags/producer.py
[2023-12-03T08:03:50.320+0000] {logging_mixin.py:120} INFO - [2023-12-03T08:03:50.320+0000] {dag.py:2585} INFO - Sync 1 DAGs
[2023-12-03T08:03:50.357+0000] {logging_mixin.py:120} INFO - [2023-12-03T08:03:50.357+0000] {dag.py:3340} INFO - Setting next_dagrun for producer to 2023-12-03T00:00:00+00:00, run_after=2023-12-04T00:00:00+00:00
[2023-12-03T08:03:50.386+0000] {processor.py:176} INFO - Processing /opt/airflow/dags/producer.py took 0.146 seconds
[2023-12-03T08:04:20.594+0000] {processor.py:154} INFO - Started process (PID=522) to work on /opt/airflow/dags/producer.py
[2023-12-03T08:04:20.597+0000] {processor.py:756} INFO - Processing file /opt/airflow/dags/producer.py for tasks to queue
[2023-12-03T08:04:20.597+0000] {logging_mixin.py:120} INFO - [2023-12-03T08:04:20.597+0000] {dagbag.py:537} INFO - Filling up the DagBag from /opt/airflow/dags/producer.py
[2023-12-03T08:04:20.631+0000] {processor.py:766} INFO - DAG(s) dict_keys(['producer']) retrieved from /opt/airflow/dags/producer.py
[2023-12-03T08:04:20.677+0000] {logging_mixin.py:120} INFO - [2023-12-03T08:04:20.677+0000] {dag.py:2585} INFO - Sync 1 DAGs
[2023-12-03T08:04:20.711+0000] {logging_mixin.py:120} INFO - [2023-12-03T08:04:20.710+0000] {dag.py:3340} INFO - Setting next_dagrun for producer to 2023-12-03T00:00:00+00:00, run_after=2023-12-04T00:00:00+00:00
[2023-12-03T08:04:20.742+0000] {processor.py:176} INFO - Processing /opt/airflow/dags/producer.py took 0.151 seconds
[2023-12-03T08:04:50.782+0000] {processor.py:154} INFO - Started process (PID=546) to work on /opt/airflow/dags/producer.py
[2023-12-03T08:04:50.783+0000] {processor.py:756} INFO - Processing file /opt/airflow/dags/producer.py for tasks to queue
[2023-12-03T08:04:50.784+0000] {logging_mixin.py:120} INFO - [2023-12-03T08:04:50.784+0000] {dagbag.py:537} INFO - Filling up the DagBag from /opt/airflow/dags/producer.py
[2023-12-03T08:04:50.810+0000] {processor.py:766} INFO - DAG(s) dict_keys(['producer']) retrieved from /opt/airflow/dags/producer.py
[2023-12-03T08:04:50.867+0000] {logging_mixin.py:120} INFO - [2023-12-03T08:04:50.867+0000] {dag.py:2585} INFO - Sync 1 DAGs
[2023-12-03T08:04:50.902+0000] {logging_mixin.py:120} INFO - [2023-12-03T08:04:50.902+0000] {dag.py:3340} INFO - Setting next_dagrun for producer to 2023-12-03T00:00:00+00:00, run_after=2023-12-04T00:00:00+00:00
[2023-12-03T08:04:50.959+0000] {processor.py:176} INFO - Processing /opt/airflow/dags/producer.py took 0.181 seconds
[2023-12-03T08:05:21.146+0000] {processor.py:154} INFO - Started process (PID=579) to work on /opt/airflow/dags/producer.py
[2023-12-03T08:05:21.153+0000] {processor.py:756} INFO - Processing file /opt/airflow/dags/producer.py for tasks to queue
[2023-12-03T08:05:21.154+0000] {logging_mixin.py:120} INFO - [2023-12-03T08:05:21.154+0000] {dagbag.py:537} INFO - Filling up the DagBag from /opt/airflow/dags/producer.py
[2023-12-03T08:05:21.290+0000] {processor.py:766} INFO - DAG(s) dict_keys(['producer']) retrieved from /opt/airflow/dags/producer.py
[2023-12-03T08:05:21.530+0000] {logging_mixin.py:120} INFO - [2023-12-03T08:05:21.530+0000] {dag.py:2585} INFO - Sync 1 DAGs
[2023-12-03T08:05:21.704+0000] {logging_mixin.py:120} INFO - [2023-12-03T08:05:21.704+0000] {dag.py:3340} INFO - Setting next_dagrun for producer to 2023-12-03T00:00:00+00:00, run_after=2023-12-04T00:00:00+00:00
[2023-12-03T08:05:21.810+0000] {processor.py:176} INFO - Processing /opt/airflow/dags/producer.py took 0.678 seconds
[2023-12-03T08:05:52.459+0000] {processor.py:154} INFO - Started process (PID=614) to work on /opt/airflow/dags/producer.py
[2023-12-03T08:05:52.460+0000] {processor.py:756} INFO - Processing file /opt/airflow/dags/producer.py for tasks to queue
[2023-12-03T08:05:52.461+0000] {logging_mixin.py:120} INFO - [2023-12-03T08:05:52.461+0000] {dagbag.py:537} INFO - Filling up the DagBag from /opt/airflow/dags/producer.py
[2023-12-03T08:05:52.488+0000] {processor.py:766} INFO - DAG(s) dict_keys(['producer']) retrieved from /opt/airflow/dags/producer.py
[2023-12-03T08:05:52.537+0000] {logging_mixin.py:120} INFO - [2023-12-03T08:05:52.536+0000] {dag.py:2585} INFO - Sync 1 DAGs
[2023-12-03T08:05:52.573+0000] {logging_mixin.py:120} INFO - [2023-12-03T08:05:52.573+0000] {dag.py:3340} INFO - Setting next_dagrun for producer to 2023-12-03T00:00:00+00:00, run_after=2023-12-04T00:00:00+00:00
[2023-12-03T08:05:52.608+0000] {processor.py:176} INFO - Processing /opt/airflow/dags/producer.py took 0.152 seconds
[2023-12-03T08:06:22.769+0000] {processor.py:154} INFO - Started process (PID=638) to work on /opt/airflow/dags/producer.py
[2023-12-03T08:06:22.773+0000] {processor.py:756} INFO - Processing file /opt/airflow/dags/producer.py for tasks to queue
[2023-12-03T08:06:22.774+0000] {logging_mixin.py:120} INFO - [2023-12-03T08:06:22.774+0000] {dagbag.py:537} INFO - Filling up the DagBag from /opt/airflow/dags/producer.py
[2023-12-03T08:06:22.871+0000] {processor.py:766} INFO - DAG(s) dict_keys(['producer']) retrieved from /opt/airflow/dags/producer.py
[2023-12-03T08:06:23.005+0000] {logging_mixin.py:120} INFO - [2023-12-03T08:06:22.998+0000] {dag.py:2585} INFO - Sync 1 DAGs
[2023-12-03T08:06:23.165+0000] {logging_mixin.py:120} INFO - [2023-12-03T08:06:23.165+0000] {dag.py:3340} INFO - Setting next_dagrun for producer to 2023-12-03T00:00:00+00:00, run_after=2023-12-04T00:00:00+00:00
[2023-12-03T08:06:23.239+0000] {processor.py:176} INFO - Processing /opt/airflow/dags/producer.py took 0.478 seconds
[2023-12-03T08:06:54.068+0000] {processor.py:154} INFO - Started process (PID=670) to work on /opt/airflow/dags/producer.py
[2023-12-03T08:06:54.069+0000] {processor.py:756} INFO - Processing file /opt/airflow/dags/producer.py for tasks to queue
[2023-12-03T08:06:54.070+0000] {logging_mixin.py:120} INFO - [2023-12-03T08:06:54.070+0000] {dagbag.py:537} INFO - Filling up the DagBag from /opt/airflow/dags/producer.py
[2023-12-03T08:06:54.099+0000] {processor.py:766} INFO - DAG(s) dict_keys(['producer']) retrieved from /opt/airflow/dags/producer.py
[2023-12-03T08:06:54.156+0000] {logging_mixin.py:120} INFO - [2023-12-03T08:06:54.156+0000] {dag.py:2585} INFO - Sync 1 DAGs
[2023-12-03T08:06:54.198+0000] {logging_mixin.py:120} INFO - [2023-12-03T08:06:54.197+0000] {dag.py:3340} INFO - Setting next_dagrun for producer to 2023-12-03T00:00:00+00:00, run_after=2023-12-04T00:00:00+00:00
[2023-12-03T08:06:54.230+0000] {processor.py:176} INFO - Processing /opt/airflow/dags/producer.py took 0.165 seconds
[2023-12-03T08:07:24.326+0000] {processor.py:154} INFO - Started process (PID=700) to work on /opt/airflow/dags/producer.py
[2023-12-03T08:07:24.328+0000] {processor.py:756} INFO - Processing file /opt/airflow/dags/producer.py for tasks to queue
[2023-12-03T08:07:24.329+0000] {logging_mixin.py:120} INFO - [2023-12-03T08:07:24.329+0000] {dagbag.py:537} INFO - Filling up the DagBag from /opt/airflow/dags/producer.py
[2023-12-03T08:07:24.393+0000] {processor.py:766} INFO - DAG(s) dict_keys(['producer']) retrieved from /opt/airflow/dags/producer.py
[2023-12-03T08:07:24.488+0000] {logging_mixin.py:120} INFO - [2023-12-03T08:07:24.487+0000] {dag.py:2585} INFO - Sync 1 DAGs
[2023-12-03T08:07:24.546+0000] {logging_mixin.py:120} INFO - [2023-12-03T08:07:24.546+0000] {dag.py:3340} INFO - Setting next_dagrun for producer to 2023-12-03T00:00:00+00:00, run_after=2023-12-04T00:00:00+00:00
[2023-12-03T08:07:24.600+0000] {processor.py:176} INFO - Processing /opt/airflow/dags/producer.py took 0.283 seconds
[2023-12-03T08:07:55.406+0000] {processor.py:154} INFO - Started process (PID=723) to work on /opt/airflow/dags/producer.py
[2023-12-03T08:07:55.407+0000] {processor.py:756} INFO - Processing file /opt/airflow/dags/producer.py for tasks to queue
[2023-12-03T08:07:55.408+0000] {logging_mixin.py:120} INFO - [2023-12-03T08:07:55.408+0000] {dagbag.py:537} INFO - Filling up the DagBag from /opt/airflow/dags/producer.py
[2023-12-03T08:07:55.436+0000] {processor.py:766} INFO - DAG(s) dict_keys(['producer']) retrieved from /opt/airflow/dags/producer.py
[2023-12-03T08:07:55.484+0000] {logging_mixin.py:120} INFO - [2023-12-03T08:07:55.484+0000] {dag.py:2585} INFO - Sync 1 DAGs
[2023-12-03T08:07:55.520+0000] {logging_mixin.py:120} INFO - [2023-12-03T08:07:55.520+0000] {dag.py:3340} INFO - Setting next_dagrun for producer to 2023-12-03T00:00:00+00:00, run_after=2023-12-04T00:00:00+00:00
[2023-12-03T08:07:55.548+0000] {processor.py:176} INFO - Processing /opt/airflow/dags/producer.py took 0.145 seconds
[2023-12-03T08:08:25.723+0000] {processor.py:154} INFO - Started process (PID=756) to work on /opt/airflow/dags/producer.py
[2023-12-03T08:08:25.731+0000] {processor.py:756} INFO - Processing file /opt/airflow/dags/producer.py for tasks to queue
[2023-12-03T08:08:25.732+0000] {logging_mixin.py:120} INFO - [2023-12-03T08:08:25.732+0000] {dagbag.py:537} INFO - Filling up the DagBag from /opt/airflow/dags/producer.py
[2023-12-03T08:08:25.785+0000] {processor.py:766} INFO - DAG(s) dict_keys(['producer']) retrieved from /opt/airflow/dags/producer.py
[2023-12-03T08:08:25.861+0000] {logging_mixin.py:120} INFO - [2023-12-03T08:08:25.861+0000] {dag.py:2585} INFO - Sync 1 DAGs
[2023-12-03T08:08:25.921+0000] {logging_mixin.py:120} INFO - [2023-12-03T08:08:25.921+0000] {dag.py:3340} INFO - Setting next_dagrun for producer to 2023-12-03T00:00:00+00:00, run_after=2023-12-04T00:00:00+00:00
[2023-12-03T08:08:25.988+0000] {processor.py:176} INFO - Processing /opt/airflow/dags/producer.py took 0.269 seconds
[2023-12-03T08:08:56.185+0000] {processor.py:154} INFO - Started process (PID=780) to work on /opt/airflow/dags/producer.py
[2023-12-03T08:08:56.186+0000] {processor.py:756} INFO - Processing file /opt/airflow/dags/producer.py for tasks to queue
[2023-12-03T08:08:56.187+0000] {logging_mixin.py:120} INFO - [2023-12-03T08:08:56.187+0000] {dagbag.py:537} INFO - Filling up the DagBag from /opt/airflow/dags/producer.py
[2023-12-03T08:08:56.214+0000] {processor.py:766} INFO - DAG(s) dict_keys(['producer']) retrieved from /opt/airflow/dags/producer.py
[2023-12-03T08:08:56.261+0000] {logging_mixin.py:120} INFO - [2023-12-03T08:08:56.260+0000] {dag.py:2585} INFO - Sync 1 DAGs
[2023-12-03T08:08:56.297+0000] {logging_mixin.py:120} INFO - [2023-12-03T08:08:56.297+0000] {dag.py:3340} INFO - Setting next_dagrun for producer to 2023-12-03T00:00:00+00:00, run_after=2023-12-04T00:00:00+00:00
[2023-12-03T08:08:56.329+0000] {processor.py:176} INFO - Processing /opt/airflow/dags/producer.py took 0.147 seconds
[2023-12-03T08:09:26.534+0000] {processor.py:154} INFO - Started process (PID=813) to work on /opt/airflow/dags/producer.py
[2023-12-03T08:09:26.534+0000] {processor.py:756} INFO - Processing file /opt/airflow/dags/producer.py for tasks to queue
[2023-12-03T08:09:26.535+0000] {logging_mixin.py:120} INFO - [2023-12-03T08:09:26.535+0000] {dagbag.py:537} INFO - Filling up the DagBag from /opt/airflow/dags/producer.py
[2023-12-03T08:09:26.563+0000] {processor.py:766} INFO - DAG(s) dict_keys(['producer']) retrieved from /opt/airflow/dags/producer.py
[2023-12-03T08:09:26.610+0000] {logging_mixin.py:120} INFO - [2023-12-03T08:09:26.610+0000] {dag.py:2585} INFO - Sync 1 DAGs
[2023-12-03T08:09:26.643+0000] {logging_mixin.py:120} INFO - [2023-12-03T08:09:26.643+0000] {dag.py:3340} INFO - Setting next_dagrun for producer to 2023-12-03T00:00:00+00:00, run_after=2023-12-04T00:00:00+00:00
[2023-12-03T08:09:26.675+0000] {processor.py:176} INFO - Processing /opt/airflow/dags/producer.py took 0.144 seconds
[2023-12-03T08:09:56.862+0000] {processor.py:154} INFO - Started process (PID=846) to work on /opt/airflow/dags/producer.py
[2023-12-03T08:09:56.863+0000] {processor.py:756} INFO - Processing file /opt/airflow/dags/producer.py for tasks to queue
[2023-12-03T08:09:56.863+0000] {logging_mixin.py:120} INFO - [2023-12-03T08:09:56.863+0000] {dagbag.py:537} INFO - Filling up the DagBag from /opt/airflow/dags/producer.py
[2023-12-03T08:09:56.890+0000] {processor.py:766} INFO - DAG(s) dict_keys(['producer']) retrieved from /opt/airflow/dags/producer.py
[2023-12-03T08:09:56.939+0000] {logging_mixin.py:120} INFO - [2023-12-03T08:09:56.939+0000] {dag.py:2585} INFO - Sync 1 DAGs
[2023-12-03T08:09:56.972+0000] {logging_mixin.py:120} INFO - [2023-12-03T08:09:56.972+0000] {dag.py:3340} INFO - Setting next_dagrun for producer to 2023-12-03T00:00:00+00:00, run_after=2023-12-04T00:00:00+00:00
[2023-12-03T08:09:57.007+0000] {processor.py:176} INFO - Processing /opt/airflow/dags/producer.py took 0.148 seconds
[2023-12-03T08:10:27.164+0000] {processor.py:154} INFO - Started process (PID=872) to work on /opt/airflow/dags/producer.py
[2023-12-03T08:10:27.166+0000] {processor.py:756} INFO - Processing file /opt/airflow/dags/producer.py for tasks to queue
[2023-12-03T08:10:27.166+0000] {logging_mixin.py:120} INFO - [2023-12-03T08:10:27.166+0000] {dagbag.py:537} INFO - Filling up the DagBag from /opt/airflow/dags/producer.py
[2023-12-03T08:10:27.228+0000] {processor.py:766} INFO - DAG(s) dict_keys(['producer']) retrieved from /opt/airflow/dags/producer.py
[2023-12-03T08:10:27.283+0000] {logging_mixin.py:120} INFO - [2023-12-03T08:10:27.283+0000] {dag.py:2585} INFO - Sync 1 DAGs
[2023-12-03T08:10:27.368+0000] {logging_mixin.py:120} INFO - [2023-12-03T08:10:27.368+0000] {dag.py:3340} INFO - Setting next_dagrun for producer to 2023-12-03T00:00:00+00:00, run_after=2023-12-04T00:00:00+00:00
[2023-12-03T08:10:27.426+0000] {processor.py:176} INFO - Processing /opt/airflow/dags/producer.py took 0.264 seconds
[2023-12-03T08:10:57.607+0000] {processor.py:154} INFO - Started process (PID=905) to work on /opt/airflow/dags/producer.py
[2023-12-03T08:10:57.607+0000] {processor.py:756} INFO - Processing file /opt/airflow/dags/producer.py for tasks to queue
[2023-12-03T08:10:57.608+0000] {logging_mixin.py:120} INFO - [2023-12-03T08:10:57.608+0000] {dagbag.py:537} INFO - Filling up the DagBag from /opt/airflow/dags/producer.py
[2023-12-03T08:10:57.635+0000] {processor.py:766} INFO - DAG(s) dict_keys(['producer']) retrieved from /opt/airflow/dags/producer.py
[2023-12-03T08:10:57.683+0000] {logging_mixin.py:120} INFO - [2023-12-03T08:10:57.683+0000] {dag.py:2585} INFO - Sync 1 DAGs
[2023-12-03T08:10:57.717+0000] {logging_mixin.py:120} INFO - [2023-12-03T08:10:57.717+0000] {dag.py:3340} INFO - Setting next_dagrun for producer to 2023-12-03T00:00:00+00:00, run_after=2023-12-04T00:00:00+00:00
[2023-12-03T08:10:57.762+0000] {processor.py:176} INFO - Processing /opt/airflow/dags/producer.py took 0.159 seconds
[2023-12-03T08:11:27.914+0000] {processor.py:154} INFO - Started process (PID=937) to work on /opt/airflow/dags/producer.py
[2023-12-03T08:11:27.915+0000] {processor.py:756} INFO - Processing file /opt/airflow/dags/producer.py for tasks to queue
[2023-12-03T08:11:27.915+0000] {logging_mixin.py:120} INFO - [2023-12-03T08:11:27.915+0000] {dagbag.py:537} INFO - Filling up the DagBag from /opt/airflow/dags/producer.py
[2023-12-03T08:11:27.942+0000] {processor.py:766} INFO - DAG(s) dict_keys(['producer']) retrieved from /opt/airflow/dags/producer.py
[2023-12-03T08:11:27.988+0000] {logging_mixin.py:120} INFO - [2023-12-03T08:11:27.988+0000] {dag.py:2585} INFO - Sync 1 DAGs
[2023-12-03T08:11:28.022+0000] {logging_mixin.py:120} INFO - [2023-12-03T08:11:28.021+0000] {dag.py:3340} INFO - Setting next_dagrun for producer to 2023-12-03T00:00:00+00:00, run_after=2023-12-04T00:00:00+00:00
[2023-12-03T08:11:28.052+0000] {processor.py:176} INFO - Processing /opt/airflow/dags/producer.py took 0.141 seconds
[2023-12-03T08:11:58.201+0000] {processor.py:154} INFO - Started process (PID=960) to work on /opt/airflow/dags/producer.py
[2023-12-03T08:11:58.202+0000] {processor.py:756} INFO - Processing file /opt/airflow/dags/producer.py for tasks to queue
[2023-12-03T08:11:58.202+0000] {logging_mixin.py:120} INFO - [2023-12-03T08:11:58.202+0000] {dagbag.py:537} INFO - Filling up the DagBag from /opt/airflow/dags/producer.py
[2023-12-03T08:11:58.230+0000] {processor.py:766} INFO - DAG(s) dict_keys(['producer']) retrieved from /opt/airflow/dags/producer.py
[2023-12-03T08:11:58.277+0000] {logging_mixin.py:120} INFO - [2023-12-03T08:11:58.277+0000] {dag.py:2585} INFO - Sync 1 DAGs
[2023-12-03T08:11:58.310+0000] {logging_mixin.py:120} INFO - [2023-12-03T08:11:58.310+0000] {dag.py:3340} INFO - Setting next_dagrun for producer to 2023-12-03T00:00:00+00:00, run_after=2023-12-04T00:00:00+00:00
[2023-12-03T08:11:58.352+0000] {processor.py:176} INFO - Processing /opt/airflow/dags/producer.py took 0.155 seconds
[2023-12-03T08:12:28.622+0000] {processor.py:154} INFO - Started process (PID=992) to work on /opt/airflow/dags/producer.py
[2023-12-03T08:12:28.623+0000] {processor.py:756} INFO - Processing file /opt/airflow/dags/producer.py for tasks to queue
[2023-12-03T08:12:28.624+0000] {logging_mixin.py:120} INFO - [2023-12-03T08:12:28.624+0000] {dagbag.py:537} INFO - Filling up the DagBag from /opt/airflow/dags/producer.py
[2023-12-03T08:12:28.650+0000] {processor.py:766} INFO - DAG(s) dict_keys(['producer']) retrieved from /opt/airflow/dags/producer.py
[2023-12-03T08:12:28.712+0000] {logging_mixin.py:120} INFO - [2023-12-03T08:12:28.712+0000] {dag.py:2585} INFO - Sync 1 DAGs
[2023-12-03T08:12:28.752+0000] {logging_mixin.py:120} INFO - [2023-12-03T08:12:28.752+0000] {dag.py:3340} INFO - Setting next_dagrun for producer to 2023-12-03T00:00:00+00:00, run_after=2023-12-04T00:00:00+00:00
[2023-12-03T08:12:28.794+0000] {processor.py:176} INFO - Processing /opt/airflow/dags/producer.py took 0.175 seconds
[2023-12-03T08:12:59.146+0000] {processor.py:154} INFO - Started process (PID=1025) to work on /opt/airflow/dags/producer.py
[2023-12-03T08:12:59.151+0000] {processor.py:756} INFO - Processing file /opt/airflow/dags/producer.py for tasks to queue
[2023-12-03T08:12:59.152+0000] {logging_mixin.py:120} INFO - [2023-12-03T08:12:59.152+0000] {dagbag.py:537} INFO - Filling up the DagBag from /opt/airflow/dags/producer.py
[2023-12-03T08:12:59.229+0000] {processor.py:766} INFO - DAG(s) dict_keys(['producer']) retrieved from /opt/airflow/dags/producer.py
[2023-12-03T08:12:59.372+0000] {logging_mixin.py:120} INFO - [2023-12-03T08:12:59.371+0000] {dag.py:2585} INFO - Sync 1 DAGs
[2023-12-03T08:12:59.477+0000] {logging_mixin.py:120} INFO - [2023-12-03T08:12:59.477+0000] {dag.py:3340} INFO - Setting next_dagrun for producer to 2023-12-03T00:00:00+00:00, run_after=2023-12-04T00:00:00+00:00
[2023-12-03T08:12:59.599+0000] {processor.py:176} INFO - Processing /opt/airflow/dags/producer.py took 0.465 seconds
[2023-12-03T08:13:29.769+0000] {processor.py:154} INFO - Started process (PID=1049) to work on /opt/airflow/dags/producer.py
[2023-12-03T08:13:29.770+0000] {processor.py:756} INFO - Processing file /opt/airflow/dags/producer.py for tasks to queue
[2023-12-03T08:13:29.770+0000] {logging_mixin.py:120} INFO - [2023-12-03T08:13:29.770+0000] {dagbag.py:537} INFO - Filling up the DagBag from /opt/airflow/dags/producer.py
[2023-12-03T08:13:29.797+0000] {processor.py:766} INFO - DAG(s) dict_keys(['producer']) retrieved from /opt/airflow/dags/producer.py
[2023-12-03T08:13:29.844+0000] {logging_mixin.py:120} INFO - [2023-12-03T08:13:29.844+0000] {dag.py:2585} INFO - Sync 1 DAGs
[2023-12-03T08:13:29.876+0000] {logging_mixin.py:120} INFO - [2023-12-03T08:13:29.876+0000] {dag.py:3340} INFO - Setting next_dagrun for producer to 2023-12-03T00:00:00+00:00, run_after=2023-12-04T00:00:00+00:00
[2023-12-03T08:13:29.908+0000] {processor.py:176} INFO - Processing /opt/airflow/dags/producer.py took 0.142 seconds
[2023-12-03T08:13:59.990+0000] {processor.py:154} INFO - Started process (PID=1082) to work on /opt/airflow/dags/producer.py
[2023-12-03T08:13:59.991+0000] {processor.py:756} INFO - Processing file /opt/airflow/dags/producer.py for tasks to queue
[2023-12-03T08:13:59.991+0000] {logging_mixin.py:120} INFO - [2023-12-03T08:13:59.991+0000] {dagbag.py:537} INFO - Filling up the DagBag from /opt/airflow/dags/producer.py
[2023-12-03T08:14:00.052+0000] {processor.py:766} INFO - DAG(s) dict_keys(['producer']) retrieved from /opt/airflow/dags/producer.py
[2023-12-03T08:14:00.144+0000] {logging_mixin.py:120} INFO - [2023-12-03T08:14:00.144+0000] {dag.py:2585} INFO - Sync 1 DAGs
[2023-12-03T08:14:00.210+0000] {logging_mixin.py:120} INFO - [2023-12-03T08:14:00.210+0000] {dag.py:3340} INFO - Setting next_dagrun for producer to 2023-12-03T00:00:00+00:00, run_after=2023-12-04T00:00:00+00:00
[2023-12-03T08:14:00.253+0000] {processor.py:176} INFO - Processing /opt/airflow/dags/producer.py took 0.270 seconds
[2023-12-03T08:14:30.526+0000] {processor.py:154} INFO - Started process (PID=1106) to work on /opt/airflow/dags/producer.py
[2023-12-03T08:14:30.526+0000] {processor.py:756} INFO - Processing file /opt/airflow/dags/producer.py for tasks to queue
[2023-12-03T08:14:30.527+0000] {logging_mixin.py:120} INFO - [2023-12-03T08:14:30.527+0000] {dagbag.py:537} INFO - Filling up the DagBag from /opt/airflow/dags/producer.py
[2023-12-03T08:14:30.554+0000] {processor.py:766} INFO - DAG(s) dict_keys(['producer']) retrieved from /opt/airflow/dags/producer.py
[2023-12-03T08:14:30.608+0000] {logging_mixin.py:120} INFO - [2023-12-03T08:14:30.608+0000] {dag.py:2585} INFO - Sync 1 DAGs
[2023-12-03T08:14:30.647+0000] {logging_mixin.py:120} INFO - [2023-12-03T08:14:30.646+0000] {dag.py:3340} INFO - Setting next_dagrun for producer to 2023-12-03T00:00:00+00:00, run_after=2023-12-04T00:00:00+00:00
[2023-12-03T08:14:30.675+0000] {processor.py:176} INFO - Processing /opt/airflow/dags/producer.py took 0.153 seconds
[2023-12-03T08:15:00.946+0000] {processor.py:154} INFO - Started process (PID=1140) to work on /opt/airflow/dags/producer.py
[2023-12-03T08:15:00.951+0000] {processor.py:756} INFO - Processing file /opt/airflow/dags/producer.py for tasks to queue
[2023-12-03T08:15:00.952+0000] {logging_mixin.py:120} INFO - [2023-12-03T08:15:00.952+0000] {dagbag.py:537} INFO - Filling up the DagBag from /opt/airflow/dags/producer.py
[2023-12-03T08:15:01.006+0000] {processor.py:766} INFO - DAG(s) dict_keys(['producer']) retrieved from /opt/airflow/dags/producer.py
[2023-12-03T08:15:01.085+0000] {logging_mixin.py:120} INFO - [2023-12-03T08:15:01.084+0000] {dag.py:2585} INFO - Sync 1 DAGs
[2023-12-03T08:15:01.200+0000] {logging_mixin.py:120} INFO - [2023-12-03T08:15:01.200+0000] {dag.py:3340} INFO - Setting next_dagrun for producer to 2023-12-03T00:00:00+00:00, run_after=2023-12-04T00:00:00+00:00
[2023-12-03T08:15:01.299+0000] {processor.py:176} INFO - Processing /opt/airflow/dags/producer.py took 0.357 seconds
[2023-12-03T08:15:31.494+0000] {processor.py:154} INFO - Started process (PID=1175) to work on /opt/airflow/dags/producer.py
[2023-12-03T08:15:31.495+0000] {processor.py:756} INFO - Processing file /opt/airflow/dags/producer.py for tasks to queue
[2023-12-03T08:15:31.496+0000] {logging_mixin.py:120} INFO - [2023-12-03T08:15:31.496+0000] {dagbag.py:537} INFO - Filling up the DagBag from /opt/airflow/dags/producer.py
[2023-12-03T08:15:31.546+0000] {processor.py:766} INFO - DAG(s) dict_keys(['producer']) retrieved from /opt/airflow/dags/producer.py
[2023-12-03T08:15:31.594+0000] {logging_mixin.py:120} INFO - [2023-12-03T08:15:31.593+0000] {dag.py:2585} INFO - Sync 1 DAGs
[2023-12-03T08:15:31.628+0000] {logging_mixin.py:120} INFO - [2023-12-03T08:15:31.627+0000] {dag.py:3340} INFO - Setting next_dagrun for producer to 2023-12-03T00:00:00+00:00, run_after=2023-12-04T00:00:00+00:00
[2023-12-03T08:15:31.656+0000] {processor.py:176} INFO - Processing /opt/airflow/dags/producer.py took 0.173 seconds
[2023-12-03T08:16:01.797+0000] {processor.py:154} INFO - Started process (PID=1205) to work on /opt/airflow/dags/producer.py
[2023-12-03T08:16:01.809+0000] {processor.py:756} INFO - Processing file /opt/airflow/dags/producer.py for tasks to queue
[2023-12-03T08:16:01.810+0000] {logging_mixin.py:120} INFO - [2023-12-03T08:16:01.810+0000] {dagbag.py:537} INFO - Filling up the DagBag from /opt/airflow/dags/producer.py
[2023-12-03T08:16:01.863+0000] {processor.py:766} INFO - DAG(s) dict_keys(['producer']) retrieved from /opt/airflow/dags/producer.py
[2023-12-03T08:16:01.950+0000] {logging_mixin.py:120} INFO - [2023-12-03T08:16:01.950+0000] {dag.py:2585} INFO - Sync 1 DAGs
[2023-12-03T08:16:02.019+0000] {logging_mixin.py:120} INFO - [2023-12-03T08:16:02.019+0000] {dag.py:3340} INFO - Setting next_dagrun for producer to 2023-12-03T00:00:00+00:00, run_after=2023-12-04T00:00:00+00:00
[2023-12-03T08:16:02.078+0000] {processor.py:176} INFO - Processing /opt/airflow/dags/producer.py took 0.284 seconds
[2023-12-03T08:16:32.981+0000] {processor.py:154} INFO - Started process (PID=1229) to work on /opt/airflow/dags/producer.py
[2023-12-03T08:16:32.984+0000] {processor.py:756} INFO - Processing file /opt/airflow/dags/producer.py for tasks to queue
[2023-12-03T08:16:32.984+0000] {logging_mixin.py:120} INFO - [2023-12-03T08:16:32.984+0000] {dagbag.py:537} INFO - Filling up the DagBag from /opt/airflow/dags/producer.py
[2023-12-03T08:16:33.042+0000] {processor.py:766} INFO - DAG(s) dict_keys(['producer']) retrieved from /opt/airflow/dags/producer.py
[2023-12-03T08:16:33.157+0000] {logging_mixin.py:120} INFO - [2023-12-03T08:16:33.157+0000] {dag.py:2585} INFO - Sync 1 DAGs
[2023-12-03T08:16:33.221+0000] {logging_mixin.py:120} INFO - [2023-12-03T08:16:33.220+0000] {dag.py:3340} INFO - Setting next_dagrun for producer to 2023-12-03T00:00:00+00:00, run_after=2023-12-04T00:00:00+00:00
[2023-12-03T08:16:33.298+0000] {processor.py:176} INFO - Processing /opt/airflow/dags/producer.py took 0.319 seconds
[2023-12-03T08:17:04.126+0000] {processor.py:154} INFO - Started process (PID=1263) to work on /opt/airflow/dags/producer.py
[2023-12-03T08:17:04.127+0000] {processor.py:756} INFO - Processing file /opt/airflow/dags/producer.py for tasks to queue
[2023-12-03T08:17:04.127+0000] {logging_mixin.py:120} INFO - [2023-12-03T08:17:04.127+0000] {dagbag.py:537} INFO - Filling up the DagBag from /opt/airflow/dags/producer.py
[2023-12-03T08:17:04.154+0000] {processor.py:766} INFO - DAG(s) dict_keys(['producer']) retrieved from /opt/airflow/dags/producer.py
[2023-12-03T08:17:04.201+0000] {logging_mixin.py:120} INFO - [2023-12-03T08:17:04.201+0000] {dag.py:2585} INFO - Sync 1 DAGs
[2023-12-03T08:17:04.236+0000] {logging_mixin.py:120} INFO - [2023-12-03T08:17:04.236+0000] {dag.py:3340} INFO - Setting next_dagrun for producer to 2023-12-03T00:00:00+00:00, run_after=2023-12-04T00:00:00+00:00
[2023-12-03T08:17:04.274+0000] {processor.py:176} INFO - Processing /opt/airflow/dags/producer.py took 0.151 seconds
[2023-12-03T08:17:34.424+0000] {processor.py:154} INFO - Started process (PID=1295) to work on /opt/airflow/dags/producer.py
[2023-12-03T08:17:34.425+0000] {processor.py:756} INFO - Processing file /opt/airflow/dags/producer.py for tasks to queue
[2023-12-03T08:17:34.426+0000] {logging_mixin.py:120} INFO - [2023-12-03T08:17:34.426+0000] {dagbag.py:537} INFO - Filling up the DagBag from /opt/airflow/dags/producer.py
[2023-12-03T08:17:34.453+0000] {processor.py:766} INFO - DAG(s) dict_keys(['producer']) retrieved from /opt/airflow/dags/producer.py
[2023-12-03T08:17:34.501+0000] {logging_mixin.py:120} INFO - [2023-12-03T08:17:34.500+0000] {dag.py:2585} INFO - Sync 1 DAGs
[2023-12-03T08:17:34.535+0000] {logging_mixin.py:120} INFO - [2023-12-03T08:17:34.535+0000] {dag.py:3340} INFO - Setting next_dagrun for producer to 2023-12-03T00:00:00+00:00, run_after=2023-12-04T00:00:00+00:00
[2023-12-03T08:17:34.570+0000] {processor.py:176} INFO - Processing /opt/airflow/dags/producer.py took 0.149 seconds
[2023-12-03T08:18:04.697+0000] {processor.py:154} INFO - Started process (PID=1319) to work on /opt/airflow/dags/producer.py
[2023-12-03T08:18:04.698+0000] {processor.py:756} INFO - Processing file /opt/airflow/dags/producer.py for tasks to queue
[2023-12-03T08:18:04.698+0000] {logging_mixin.py:120} INFO - [2023-12-03T08:18:04.698+0000] {dagbag.py:537} INFO - Filling up the DagBag from /opt/airflow/dags/producer.py
[2023-12-03T08:18:04.728+0000] {processor.py:766} INFO - DAG(s) dict_keys(['producer']) retrieved from /opt/airflow/dags/producer.py
[2023-12-03T08:18:04.773+0000] {logging_mixin.py:120} INFO - [2023-12-03T08:18:04.773+0000] {dag.py:2585} INFO - Sync 1 DAGs
[2023-12-03T08:18:04.805+0000] {logging_mixin.py:120} INFO - [2023-12-03T08:18:04.805+0000] {dag.py:3340} INFO - Setting next_dagrun for producer to 2023-12-03T00:00:00+00:00, run_after=2023-12-04T00:00:00+00:00
[2023-12-03T08:18:04.838+0000] {processor.py:176} INFO - Processing /opt/airflow/dags/producer.py took 0.144 seconds
[2023-12-03T08:18:35.040+0000] {processor.py:154} INFO - Started process (PID=1350) to work on /opt/airflow/dags/producer.py
[2023-12-03T08:18:35.042+0000] {processor.py:756} INFO - Processing file /opt/airflow/dags/producer.py for tasks to queue
[2023-12-03T08:18:35.055+0000] {logging_mixin.py:120} INFO - [2023-12-03T08:18:35.043+0000] {dagbag.py:537} INFO - Filling up the DagBag from /opt/airflow/dags/producer.py
[2023-12-03T08:18:35.126+0000] {processor.py:766} INFO - DAG(s) dict_keys(['producer']) retrieved from /opt/airflow/dags/producer.py
[2023-12-03T08:18:35.226+0000] {logging_mixin.py:120} INFO - [2023-12-03T08:18:35.225+0000] {dag.py:2585} INFO - Sync 1 DAGs
[2023-12-03T08:18:35.276+0000] {logging_mixin.py:120} INFO - [2023-12-03T08:18:35.276+0000] {dag.py:3340} INFO - Setting next_dagrun for producer to 2023-12-03T00:00:00+00:00, run_after=2023-12-04T00:00:00+00:00
[2023-12-03T08:18:35.318+0000] {processor.py:176} INFO - Processing /opt/airflow/dags/producer.py took 0.297 seconds
[2023-12-03T08:19:05.474+0000] {processor.py:154} INFO - Started process (PID=1373) to work on /opt/airflow/dags/producer.py
[2023-12-03T08:19:05.476+0000] {processor.py:756} INFO - Processing file /opt/airflow/dags/producer.py for tasks to queue
[2023-12-03T08:19:05.477+0000] {logging_mixin.py:120} INFO - [2023-12-03T08:19:05.477+0000] {dagbag.py:537} INFO - Filling up the DagBag from /opt/airflow/dags/producer.py
[2023-12-03T08:19:05.505+0000] {processor.py:766} INFO - DAG(s) dict_keys(['producer']) retrieved from /opt/airflow/dags/producer.py
[2023-12-03T08:19:05.565+0000] {logging_mixin.py:120} INFO - [2023-12-03T08:19:05.565+0000] {dag.py:2585} INFO - Sync 1 DAGs
[2023-12-03T08:19:05.603+0000] {logging_mixin.py:120} INFO - [2023-12-03T08:19:05.603+0000] {dag.py:3340} INFO - Setting next_dagrun for producer to 2023-12-03T00:00:00+00:00, run_after=2023-12-04T00:00:00+00:00
[2023-12-03T08:19:05.646+0000] {processor.py:176} INFO - Processing /opt/airflow/dags/producer.py took 0.175 seconds
[2023-12-03T08:19:35.817+0000] {processor.py:154} INFO - Started process (PID=1407) to work on /opt/airflow/dags/producer.py
[2023-12-03T08:19:35.823+0000] {processor.py:756} INFO - Processing file /opt/airflow/dags/producer.py for tasks to queue
[2023-12-03T08:19:35.824+0000] {logging_mixin.py:120} INFO - [2023-12-03T08:19:35.824+0000] {dagbag.py:537} INFO - Filling up the DagBag from /opt/airflow/dags/producer.py
[2023-12-03T08:19:35.920+0000] {processor.py:766} INFO - DAG(s) dict_keys(['producer']) retrieved from /opt/airflow/dags/producer.py
[2023-12-03T08:19:36.065+0000] {logging_mixin.py:120} INFO - [2023-12-03T08:19:36.065+0000] {dag.py:2585} INFO - Sync 1 DAGs
[2023-12-03T08:19:36.154+0000] {logging_mixin.py:120} INFO - [2023-12-03T08:19:36.154+0000] {dag.py:3340} INFO - Setting next_dagrun for producer to 2023-12-03T00:00:00+00:00, run_after=2023-12-04T00:00:00+00:00
[2023-12-03T08:19:36.273+0000] {processor.py:176} INFO - Processing /opt/airflow/dags/producer.py took 0.460 seconds
[2023-12-03T08:20:06.416+0000] {processor.py:154} INFO - Started process (PID=1441) to work on /opt/airflow/dags/producer.py
[2023-12-03T08:20:06.417+0000] {processor.py:756} INFO - Processing file /opt/airflow/dags/producer.py for tasks to queue
[2023-12-03T08:20:06.417+0000] {logging_mixin.py:120} INFO - [2023-12-03T08:20:06.417+0000] {dagbag.py:537} INFO - Filling up the DagBag from /opt/airflow/dags/producer.py
[2023-12-03T08:20:06.437+0000] {processor.py:766} INFO - DAG(s) dict_keys(['producer']) retrieved from /opt/airflow/dags/producer.py
[2023-12-03T08:20:06.470+0000] {logging_mixin.py:120} INFO - [2023-12-03T08:20:06.470+0000] {dag.py:2585} INFO - Sync 1 DAGs
[2023-12-03T08:20:06.491+0000] {logging_mixin.py:120} INFO - [2023-12-03T08:20:06.491+0000] {dag.py:3340} INFO - Setting next_dagrun for producer to 2023-12-03T00:00:00+00:00, run_after=2023-12-04T00:00:00+00:00
[2023-12-03T08:20:06.514+0000] {processor.py:176} INFO - Processing /opt/airflow/dags/producer.py took 0.100 seconds
[2023-12-03T08:20:36.650+0000] {processor.py:154} INFO - Started process (PID=1464) to work on /opt/airflow/dags/producer.py
[2023-12-03T08:20:36.651+0000] {processor.py:756} INFO - Processing file /opt/airflow/dags/producer.py for tasks to queue
[2023-12-03T08:20:36.652+0000] {logging_mixin.py:120} INFO - [2023-12-03T08:20:36.652+0000] {dagbag.py:537} INFO - Filling up the DagBag from /opt/airflow/dags/producer.py
[2023-12-03T08:20:36.679+0000] {processor.py:766} INFO - DAG(s) dict_keys(['producer']) retrieved from /opt/airflow/dags/producer.py
[2023-12-03T08:20:36.748+0000] {logging_mixin.py:120} INFO - [2023-12-03T08:20:36.748+0000] {dag.py:2585} INFO - Sync 1 DAGs
[2023-12-03T08:20:36.781+0000] {logging_mixin.py:120} INFO - [2023-12-03T08:20:36.781+0000] {dag.py:3340} INFO - Setting next_dagrun for producer to 2023-12-03T00:00:00+00:00, run_after=2023-12-04T00:00:00+00:00
[2023-12-03T08:20:36.821+0000] {processor.py:176} INFO - Processing /opt/airflow/dags/producer.py took 0.173 seconds
[2023-12-03T08:21:06.980+0000] {processor.py:154} INFO - Started process (PID=1497) to work on /opt/airflow/dags/producer.py
[2023-12-03T08:21:06.981+0000] {processor.py:756} INFO - Processing file /opt/airflow/dags/producer.py for tasks to queue
[2023-12-03T08:21:06.982+0000] {logging_mixin.py:120} INFO - [2023-12-03T08:21:06.982+0000] {dagbag.py:537} INFO - Filling up the DagBag from /opt/airflow/dags/producer.py
[2023-12-03T08:21:07.067+0000] {processor.py:766} INFO - DAG(s) dict_keys(['producer']) retrieved from /opt/airflow/dags/producer.py
[2023-12-03T08:21:07.168+0000] {logging_mixin.py:120} INFO - [2023-12-03T08:21:07.167+0000] {dag.py:2585} INFO - Sync 1 DAGs
[2023-12-03T08:21:07.233+0000] {logging_mixin.py:120} INFO - [2023-12-03T08:21:07.233+0000] {dag.py:3340} INFO - Setting next_dagrun for producer to 2023-12-03T00:00:00+00:00, run_after=2023-12-04T00:00:00+00:00
[2023-12-03T08:21:07.276+0000] {processor.py:176} INFO - Processing /opt/airflow/dags/producer.py took 0.306 seconds
[2023-12-03T08:21:37.475+0000] {processor.py:154} INFO - Started process (PID=1531) to work on /opt/airflow/dags/producer.py
[2023-12-03T08:21:37.476+0000] {processor.py:756} INFO - Processing file /opt/airflow/dags/producer.py for tasks to queue
[2023-12-03T08:21:37.476+0000] {logging_mixin.py:120} INFO - [2023-12-03T08:21:37.476+0000] {dagbag.py:537} INFO - Filling up the DagBag from /opt/airflow/dags/producer.py
[2023-12-03T08:21:37.504+0000] {processor.py:766} INFO - DAG(s) dict_keys(['producer']) retrieved from /opt/airflow/dags/producer.py
[2023-12-03T08:21:37.552+0000] {logging_mixin.py:120} INFO - [2023-12-03T08:21:37.552+0000] {dag.py:2585} INFO - Sync 1 DAGs
[2023-12-03T08:21:37.585+0000] {logging_mixin.py:120} INFO - [2023-12-03T08:21:37.585+0000] {dag.py:3340} INFO - Setting next_dagrun for producer to 2023-12-03T00:00:00+00:00, run_after=2023-12-04T00:00:00+00:00
[2023-12-03T08:21:37.621+0000] {processor.py:176} INFO - Processing /opt/airflow/dags/producer.py took 0.149 seconds
[2023-12-03T08:22:07.783+0000] {processor.py:154} INFO - Started process (PID=1562) to work on /opt/airflow/dags/producer.py
[2023-12-03T08:22:07.787+0000] {processor.py:756} INFO - Processing file /opt/airflow/dags/producer.py for tasks to queue
[2023-12-03T08:22:07.788+0000] {logging_mixin.py:120} INFO - [2023-12-03T08:22:07.788+0000] {dagbag.py:537} INFO - Filling up the DagBag from /opt/airflow/dags/producer.py
[2023-12-03T08:22:07.844+0000] {processor.py:766} INFO - DAG(s) dict_keys(['producer']) retrieved from /opt/airflow/dags/producer.py
[2023-12-03T08:22:07.926+0000] {logging_mixin.py:120} INFO - [2023-12-03T08:22:07.926+0000] {dag.py:2585} INFO - Sync 1 DAGs
[2023-12-03T08:22:07.994+0000] {logging_mixin.py:120} INFO - [2023-12-03T08:22:07.994+0000] {dag.py:3340} INFO - Setting next_dagrun for producer to 2023-12-03T00:00:00+00:00, run_after=2023-12-04T00:00:00+00:00
[2023-12-03T08:22:08.029+0000] {processor.py:176} INFO - Processing /opt/airflow/dags/producer.py took 0.251 seconds
[2023-12-03T08:22:38.175+0000] {processor.py:154} INFO - Started process (PID=1588) to work on /opt/airflow/dags/producer.py
[2023-12-03T08:22:38.176+0000] {processor.py:756} INFO - Processing file /opt/airflow/dags/producer.py for tasks to queue
[2023-12-03T08:22:38.176+0000] {logging_mixin.py:120} INFO - [2023-12-03T08:22:38.176+0000] {dagbag.py:537} INFO - Filling up the DagBag from /opt/airflow/dags/producer.py
[2023-12-03T08:22:38.240+0000] {processor.py:766} INFO - DAG(s) dict_keys(['producer']) retrieved from /opt/airflow/dags/producer.py
[2023-12-03T08:22:38.320+0000] {logging_mixin.py:120} INFO - [2023-12-03T08:22:38.320+0000] {dag.py:2585} INFO - Sync 1 DAGs
[2023-12-03T08:22:38.379+0000] {logging_mixin.py:120} INFO - [2023-12-03T08:22:38.379+0000] {dag.py:3340} INFO - Setting next_dagrun for producer to 2023-12-03T00:00:00+00:00, run_after=2023-12-04T00:00:00+00:00
[2023-12-03T08:22:38.413+0000] {processor.py:176} INFO - Processing /opt/airflow/dags/producer.py took 0.243 seconds
[2023-12-03T08:23:08.554+0000] {processor.py:154} INFO - Started process (PID=1621) to work on /opt/airflow/dags/producer.py
[2023-12-03T08:23:08.554+0000] {processor.py:756} INFO - Processing file /opt/airflow/dags/producer.py for tasks to queue
[2023-12-03T08:23:08.555+0000] {logging_mixin.py:120} INFO - [2023-12-03T08:23:08.555+0000] {dagbag.py:537} INFO - Filling up the DagBag from /opt/airflow/dags/producer.py
[2023-12-03T08:23:08.582+0000] {processor.py:766} INFO - DAG(s) dict_keys(['producer']) retrieved from /opt/airflow/dags/producer.py
[2023-12-03T08:23:08.630+0000] {logging_mixin.py:120} INFO - [2023-12-03T08:23:08.629+0000] {dag.py:2585} INFO - Sync 1 DAGs
[2023-12-03T08:23:08.680+0000] {logging_mixin.py:120} INFO - [2023-12-03T08:23:08.679+0000] {dag.py:3340} INFO - Setting next_dagrun for producer to 2023-12-03T00:00:00+00:00, run_after=2023-12-04T00:00:00+00:00
[2023-12-03T08:23:08.712+0000] {processor.py:176} INFO - Processing /opt/airflow/dags/producer.py took 0.162 seconds
[2023-12-03T08:23:38.758+0000] {processor.py:154} INFO - Started process (PID=1654) to work on /opt/airflow/dags/producer.py
[2023-12-03T08:23:38.759+0000] {processor.py:756} INFO - Processing file /opt/airflow/dags/producer.py for tasks to queue
[2023-12-03T08:23:38.760+0000] {logging_mixin.py:120} INFO - [2023-12-03T08:23:38.760+0000] {dagbag.py:537} INFO - Filling up the DagBag from /opt/airflow/dags/producer.py
[2023-12-03T08:23:38.785+0000] {processor.py:766} INFO - DAG(s) dict_keys(['producer']) retrieved from /opt/airflow/dags/producer.py
[2023-12-03T08:23:38.830+0000] {logging_mixin.py:120} INFO - [2023-12-03T08:23:38.830+0000] {dag.py:2585} INFO - Sync 1 DAGs
[2023-12-03T08:23:38.868+0000] {logging_mixin.py:120} INFO - [2023-12-03T08:23:38.867+0000] {dag.py:3340} INFO - Setting next_dagrun for producer to 2023-12-03T00:00:00+00:00, run_after=2023-12-04T00:00:00+00:00
[2023-12-03T08:23:38.899+0000] {processor.py:176} INFO - Processing /opt/airflow/dags/producer.py took 0.144 seconds
[2023-12-03T08:24:09.129+0000] {processor.py:154} INFO - Started process (PID=1679) to work on /opt/airflow/dags/producer.py
[2023-12-03T08:24:09.131+0000] {processor.py:756} INFO - Processing file /opt/airflow/dags/producer.py for tasks to queue
[2023-12-03T08:24:09.132+0000] {logging_mixin.py:120} INFO - [2023-12-03T08:24:09.132+0000] {dagbag.py:537} INFO - Filling up the DagBag from /opt/airflow/dags/producer.py
[2023-12-03T08:24:09.226+0000] {processor.py:766} INFO - DAG(s) dict_keys(['producer']) retrieved from /opt/airflow/dags/producer.py
[2023-12-03T08:24:09.385+0000] {logging_mixin.py:120} INFO - [2023-12-03T08:24:09.385+0000] {dag.py:2585} INFO - Sync 1 DAGs
[2023-12-03T08:24:09.482+0000] {logging_mixin.py:120} INFO - [2023-12-03T08:24:09.482+0000] {dag.py:3340} INFO - Setting next_dagrun for producer to 2023-12-03T00:00:00+00:00, run_after=2023-12-04T00:00:00+00:00
[2023-12-03T08:24:09.537+0000] {processor.py:176} INFO - Processing /opt/airflow/dags/producer.py took 0.411 seconds
[2023-12-03T08:24:39.710+0000] {processor.py:154} INFO - Started process (PID=1711) to work on /opt/airflow/dags/producer.py
[2023-12-03T08:24:39.711+0000] {processor.py:756} INFO - Processing file /opt/airflow/dags/producer.py for tasks to queue
[2023-12-03T08:24:39.712+0000] {logging_mixin.py:120} INFO - [2023-12-03T08:24:39.712+0000] {dagbag.py:537} INFO - Filling up the DagBag from /opt/airflow/dags/producer.py
[2023-12-03T08:24:39.739+0000] {processor.py:766} INFO - DAG(s) dict_keys(['producer']) retrieved from /opt/airflow/dags/producer.py
[2023-12-03T08:24:39.786+0000] {logging_mixin.py:120} INFO - [2023-12-03T08:24:39.786+0000] {dag.py:2585} INFO - Sync 1 DAGs
[2023-12-03T08:24:39.825+0000] {logging_mixin.py:120} INFO - [2023-12-03T08:24:39.825+0000] {dag.py:3340} INFO - Setting next_dagrun for producer to 2023-12-03T00:00:00+00:00, run_after=2023-12-04T00:00:00+00:00
[2023-12-03T08:24:39.863+0000] {processor.py:176} INFO - Processing /opt/airflow/dags/producer.py took 0.156 seconds
[2023-12-03T08:25:10.056+0000] {processor.py:154} INFO - Started process (PID=1733) to work on /opt/airflow/dags/producer.py
[2023-12-03T08:25:10.057+0000] {processor.py:756} INFO - Processing file /opt/airflow/dags/producer.py for tasks to queue
[2023-12-03T08:25:10.057+0000] {logging_mixin.py:120} INFO - [2023-12-03T08:25:10.057+0000] {dagbag.py:537} INFO - Filling up the DagBag from /opt/airflow/dags/producer.py
[2023-12-03T08:25:10.179+0000] {processor.py:766} INFO - DAG(s) dict_keys(['producer']) retrieved from /opt/airflow/dags/producer.py
[2023-12-03T08:25:10.476+0000] {logging_mixin.py:120} INFO - [2023-12-03T08:25:10.476+0000] {dag.py:2585} INFO - Sync 1 DAGs
[2023-12-03T08:25:10.686+0000] {logging_mixin.py:120} INFO - [2023-12-03T08:25:10.685+0000] {dag.py:3340} INFO - Setting next_dagrun for producer to 2023-12-03T00:00:00+00:00, run_after=2023-12-04T00:00:00+00:00
[2023-12-03T08:25:10.913+0000] {processor.py:176} INFO - Processing /opt/airflow/dags/producer.py took 0.868 seconds
