[2023-12-03T07:56:11.247+0000] {processor.py:154} INFO - Started process (PID=57) to work on /opt/airflow/dags/user_processing.py
[2023-12-03T07:56:11.284+0000] {processor.py:756} INFO - Processing file /opt/airflow/dags/user_processing.py for tasks to queue
[2023-12-03T07:56:11.286+0000] {logging_mixin.py:120} INFO - [2023-12-03T07:56:11.286+0000] {dagbag.py:537} INFO - Filling up the DagBag from /opt/airflow/dags/user_processing.py
[2023-12-03T07:56:15.198+0000] {processor.py:766} INFO - DAG(s) dict_keys(['user_processing']) retrieved from /opt/airflow/dags/user_processing.py
[2023-12-03T07:56:17.543+0000] {logging_mixin.py:120} INFO - [2023-12-03T07:56:17.542+0000] {dag.py:2585} INFO - Sync 1 DAGs
[2023-12-03T07:56:17.646+0000] {logging_mixin.py:120} INFO - [2023-12-03T07:56:17.646+0000] {dag.py:3340} INFO - Setting next_dagrun for user_processing to 2023-12-02T00:00:00+00:00, run_after=2023-12-03T00:00:00+00:00
[2023-12-03T07:56:17.713+0000] {processor.py:176} INFO - Processing /opt/airflow/dags/user_processing.py took 6.539 seconds
[2023-12-03T07:56:47.967+0000] {processor.py:154} INFO - Started process (PID=82) to work on /opt/airflow/dags/user_processing.py
[2023-12-03T07:56:47.989+0000] {processor.py:756} INFO - Processing file /opt/airflow/dags/user_processing.py for tasks to queue
[2023-12-03T07:56:47.996+0000] {logging_mixin.py:120} INFO - [2023-12-03T07:56:47.995+0000] {dagbag.py:537} INFO - Filling up the DagBag from /opt/airflow/dags/user_processing.py
[2023-12-03T07:56:50.647+0000] {processor.py:766} INFO - DAG(s) dict_keys(['user_processing']) retrieved from /opt/airflow/dags/user_processing.py
[2023-12-03T07:56:51.172+0000] {logging_mixin.py:120} INFO - [2023-12-03T07:56:51.172+0000] {dag.py:2585} INFO - Sync 1 DAGs
[2023-12-03T07:56:51.246+0000] {logging_mixin.py:120} INFO - [2023-12-03T07:56:51.246+0000] {dag.py:3340} INFO - Setting next_dagrun for user_processing to 2023-12-02T00:00:00+00:00, run_after=2023-12-03T00:00:00+00:00
[2023-12-03T07:56:51.284+0000] {processor.py:176} INFO - Processing /opt/airflow/dags/user_processing.py took 3.321 seconds
[2023-12-03T07:57:21.514+0000] {processor.py:154} INFO - Started process (PID=106) to work on /opt/airflow/dags/user_processing.py
[2023-12-03T07:57:21.515+0000] {processor.py:756} INFO - Processing file /opt/airflow/dags/user_processing.py for tasks to queue
[2023-12-03T07:57:21.515+0000] {logging_mixin.py:120} INFO - [2023-12-03T07:57:21.515+0000] {dagbag.py:537} INFO - Filling up the DagBag from /opt/airflow/dags/user_processing.py
[2023-12-03T07:57:21.808+0000] {processor.py:766} INFO - DAG(s) dict_keys(['user_processing']) retrieved from /opt/airflow/dags/user_processing.py
[2023-12-03T07:57:21.956+0000] {logging_mixin.py:120} INFO - [2023-12-03T07:57:21.956+0000] {dag.py:2585} INFO - Sync 1 DAGs
[2023-12-03T07:57:21.976+0000] {logging_mixin.py:120} INFO - [2023-12-03T07:57:21.976+0000] {dag.py:3340} INFO - Setting next_dagrun for user_processing to 2023-12-02T00:00:00+00:00, run_after=2023-12-03T00:00:00+00:00
[2023-12-03T07:57:21.996+0000] {processor.py:176} INFO - Processing /opt/airflow/dags/user_processing.py took 0.484 seconds
[2023-12-03T07:57:52.195+0000] {processor.py:154} INFO - Started process (PID=139) to work on /opt/airflow/dags/user_processing.py
[2023-12-03T07:57:52.196+0000] {processor.py:756} INFO - Processing file /opt/airflow/dags/user_processing.py for tasks to queue
[2023-12-03T07:57:52.197+0000] {logging_mixin.py:120} INFO - [2023-12-03T07:57:52.197+0000] {dagbag.py:537} INFO - Filling up the DagBag from /opt/airflow/dags/user_processing.py
[2023-12-03T07:57:52.584+0000] {processor.py:766} INFO - DAG(s) dict_keys(['user_processing']) retrieved from /opt/airflow/dags/user_processing.py
[2023-12-03T07:57:52.834+0000] {logging_mixin.py:120} INFO - [2023-12-03T07:57:52.834+0000] {dag.py:2585} INFO - Sync 1 DAGs
[2023-12-03T07:57:52.867+0000] {logging_mixin.py:120} INFO - [2023-12-03T07:57:52.867+0000] {dag.py:3340} INFO - Setting next_dagrun for user_processing to 2023-12-02T00:00:00+00:00, run_after=2023-12-03T00:00:00+00:00
[2023-12-03T07:57:52.893+0000] {processor.py:176} INFO - Processing /opt/airflow/dags/user_processing.py took 0.701 seconds
[2023-12-03T07:58:23.569+0000] {processor.py:154} INFO - Started process (PID=175) to work on /opt/airflow/dags/user_processing.py
[2023-12-03T07:58:23.570+0000] {processor.py:756} INFO - Processing file /opt/airflow/dags/user_processing.py for tasks to queue
[2023-12-03T07:58:23.571+0000] {logging_mixin.py:120} INFO - [2023-12-03T07:58:23.570+0000] {dagbag.py:537} INFO - Filling up the DagBag from /opt/airflow/dags/user_processing.py
[2023-12-03T07:58:23.833+0000] {processor.py:766} INFO - DAG(s) dict_keys(['user_processing']) retrieved from /opt/airflow/dags/user_processing.py
[2023-12-03T07:58:23.981+0000] {logging_mixin.py:120} INFO - [2023-12-03T07:58:23.981+0000] {dag.py:2585} INFO - Sync 1 DAGs
[2023-12-03T07:58:24.002+0000] {logging_mixin.py:120} INFO - [2023-12-03T07:58:24.002+0000] {dag.py:3340} INFO - Setting next_dagrun for user_processing to 2023-12-02T00:00:00+00:00, run_after=2023-12-03T00:00:00+00:00
[2023-12-03T07:58:24.021+0000] {processor.py:176} INFO - Processing /opt/airflow/dags/user_processing.py took 0.456 seconds
[2023-12-03T07:58:54.123+0000] {processor.py:154} INFO - Started process (PID=209) to work on /opt/airflow/dags/user_processing.py
[2023-12-03T07:58:54.124+0000] {processor.py:756} INFO - Processing file /opt/airflow/dags/user_processing.py for tasks to queue
[2023-12-03T07:58:54.125+0000] {logging_mixin.py:120} INFO - [2023-12-03T07:58:54.125+0000] {dagbag.py:537} INFO - Filling up the DagBag from /opt/airflow/dags/user_processing.py
[2023-12-03T07:58:54.539+0000] {processor.py:766} INFO - DAG(s) dict_keys(['user_processing']) retrieved from /opt/airflow/dags/user_processing.py
[2023-12-03T07:58:54.720+0000] {logging_mixin.py:120} INFO - [2023-12-03T07:58:54.720+0000] {dag.py:2585} INFO - Sync 1 DAGs
[2023-12-03T07:58:54.741+0000] {logging_mixin.py:120} INFO - [2023-12-03T07:58:54.741+0000] {dag.py:3340} INFO - Setting next_dagrun for user_processing to 2023-12-02T00:00:00+00:00, run_after=2023-12-03T00:00:00+00:00
[2023-12-03T07:58:54.762+0000] {processor.py:176} INFO - Processing /opt/airflow/dags/user_processing.py took 0.643 seconds
[2023-12-03T07:59:24.850+0000] {processor.py:154} INFO - Started process (PID=233) to work on /opt/airflow/dags/user_processing.py
[2023-12-03T07:59:24.850+0000] {processor.py:756} INFO - Processing file /opt/airflow/dags/user_processing.py for tasks to queue
[2023-12-03T07:59:24.851+0000] {logging_mixin.py:120} INFO - [2023-12-03T07:59:24.851+0000] {dagbag.py:537} INFO - Filling up the DagBag from /opt/airflow/dags/user_processing.py
[2023-12-03T07:59:25.112+0000] {processor.py:766} INFO - DAG(s) dict_keys(['user_processing']) retrieved from /opt/airflow/dags/user_processing.py
[2023-12-03T07:59:25.261+0000] {logging_mixin.py:120} INFO - [2023-12-03T07:59:25.261+0000] {dag.py:2585} INFO - Sync 1 DAGs
[2023-12-03T07:59:25.281+0000] {logging_mixin.py:120} INFO - [2023-12-03T07:59:25.281+0000] {dag.py:3340} INFO - Setting next_dagrun for user_processing to 2023-12-02T00:00:00+00:00, run_after=2023-12-03T00:00:00+00:00
[2023-12-03T07:59:25.300+0000] {processor.py:176} INFO - Processing /opt/airflow/dags/user_processing.py took 0.453 seconds
[2023-12-03T07:59:55.557+0000] {processor.py:154} INFO - Started process (PID=265) to work on /opt/airflow/dags/user_processing.py
[2023-12-03T07:59:55.558+0000] {processor.py:756} INFO - Processing file /opt/airflow/dags/user_processing.py for tasks to queue
[2023-12-03T07:59:55.559+0000] {logging_mixin.py:120} INFO - [2023-12-03T07:59:55.559+0000] {dagbag.py:537} INFO - Filling up the DagBag from /opt/airflow/dags/user_processing.py
[2023-12-03T07:59:55.877+0000] {processor.py:766} INFO - DAG(s) dict_keys(['user_processing']) retrieved from /opt/airflow/dags/user_processing.py
[2023-12-03T07:59:56.141+0000] {logging_mixin.py:120} INFO - [2023-12-03T07:59:56.140+0000] {dag.py:2585} INFO - Sync 1 DAGs
[2023-12-03T07:59:56.178+0000] {logging_mixin.py:120} INFO - [2023-12-03T07:59:56.178+0000] {dag.py:3340} INFO - Setting next_dagrun for user_processing to 2023-12-02T00:00:00+00:00, run_after=2023-12-03T00:00:00+00:00
[2023-12-03T07:59:56.202+0000] {processor.py:176} INFO - Processing /opt/airflow/dags/user_processing.py took 0.647 seconds
[2023-12-03T08:00:26.411+0000] {processor.py:154} INFO - Started process (PID=289) to work on /opt/airflow/dags/user_processing.py
[2023-12-03T08:00:26.411+0000] {processor.py:756} INFO - Processing file /opt/airflow/dags/user_processing.py for tasks to queue
[2023-12-03T08:00:26.412+0000] {logging_mixin.py:120} INFO - [2023-12-03T08:00:26.412+0000] {dagbag.py:537} INFO - Filling up the DagBag from /opt/airflow/dags/user_processing.py
[2023-12-03T08:00:27.011+0000] {processor.py:766} INFO - DAG(s) dict_keys(['user_processing']) retrieved from /opt/airflow/dags/user_processing.py
[2023-12-03T08:00:27.754+0000] {logging_mixin.py:120} INFO - [2023-12-03T08:00:27.754+0000] {dag.py:2585} INFO - Sync 1 DAGs
[2023-12-03T08:00:27.846+0000] {logging_mixin.py:120} INFO - [2023-12-03T08:00:27.846+0000] {dag.py:3340} INFO - Setting next_dagrun for user_processing to 2023-12-02T00:00:00+00:00, run_after=2023-12-03T00:00:00+00:00
[2023-12-03T08:00:27.876+0000] {processor.py:176} INFO - Processing /opt/airflow/dags/user_processing.py took 1.468 seconds
[2023-12-03T08:00:58.070+0000] {processor.py:154} INFO - Started process (PID=321) to work on /opt/airflow/dags/user_processing.py
[2023-12-03T08:00:58.071+0000] {processor.py:756} INFO - Processing file /opt/airflow/dags/user_processing.py for tasks to queue
[2023-12-03T08:00:58.072+0000] {logging_mixin.py:120} INFO - [2023-12-03T08:00:58.072+0000] {dagbag.py:537} INFO - Filling up the DagBag from /opt/airflow/dags/user_processing.py
[2023-12-03T08:00:58.488+0000] {processor.py:766} INFO - DAG(s) dict_keys(['user_processing']) retrieved from /opt/airflow/dags/user_processing.py
[2023-12-03T08:00:58.638+0000] {logging_mixin.py:120} INFO - [2023-12-03T08:00:58.638+0000] {dag.py:2585} INFO - Sync 1 DAGs
[2023-12-03T08:00:58.659+0000] {logging_mixin.py:120} INFO - [2023-12-03T08:00:58.659+0000] {dag.py:3340} INFO - Setting next_dagrun for user_processing to 2023-12-02T00:00:00+00:00, run_after=2023-12-03T00:00:00+00:00
[2023-12-03T08:00:58.678+0000] {processor.py:176} INFO - Processing /opt/airflow/dags/user_processing.py took 0.612 seconds
[2023-12-03T08:01:28.806+0000] {processor.py:154} INFO - Started process (PID=355) to work on /opt/airflow/dags/user_processing.py
[2023-12-03T08:01:28.811+0000] {processor.py:756} INFO - Processing file /opt/airflow/dags/user_processing.py for tasks to queue
[2023-12-03T08:01:28.812+0000] {logging_mixin.py:120} INFO - [2023-12-03T08:01:28.812+0000] {dagbag.py:537} INFO - Filling up the DagBag from /opt/airflow/dags/user_processing.py
[2023-12-03T08:01:29.501+0000] {processor.py:766} INFO - DAG(s) dict_keys(['user_processing']) retrieved from /opt/airflow/dags/user_processing.py
[2023-12-03T08:01:29.807+0000] {logging_mixin.py:120} INFO - [2023-12-03T08:01:29.807+0000] {dag.py:2585} INFO - Sync 1 DAGs
[2023-12-03T08:01:29.841+0000] {logging_mixin.py:120} INFO - [2023-12-03T08:01:29.841+0000] {dag.py:3340} INFO - Setting next_dagrun for user_processing to 2023-12-02T00:00:00+00:00, run_after=2023-12-03T00:00:00+00:00
[2023-12-03T08:01:29.867+0000] {processor.py:176} INFO - Processing /opt/airflow/dags/user_processing.py took 1.063 seconds
[2023-12-03T08:02:00.135+0000] {processor.py:154} INFO - Started process (PID=386) to work on /opt/airflow/dags/user_processing.py
[2023-12-03T08:02:00.136+0000] {processor.py:756} INFO - Processing file /opt/airflow/dags/user_processing.py for tasks to queue
[2023-12-03T08:02:00.137+0000] {logging_mixin.py:120} INFO - [2023-12-03T08:02:00.137+0000] {dagbag.py:537} INFO - Filling up the DagBag from /opt/airflow/dags/user_processing.py
[2023-12-03T08:02:00.521+0000] {processor.py:766} INFO - DAG(s) dict_keys(['user_processing']) retrieved from /opt/airflow/dags/user_processing.py
[2023-12-03T08:02:00.813+0000] {logging_mixin.py:120} INFO - [2023-12-03T08:02:00.812+0000] {dag.py:2585} INFO - Sync 1 DAGs
[2023-12-03T08:02:00.847+0000] {logging_mixin.py:120} INFO - [2023-12-03T08:02:00.846+0000] {dag.py:3340} INFO - Setting next_dagrun for user_processing to 2023-12-02T00:00:00+00:00, run_after=2023-12-03T00:00:00+00:00
[2023-12-03T08:02:00.872+0000] {processor.py:176} INFO - Processing /opt/airflow/dags/user_processing.py took 0.740 seconds
[2023-12-03T08:02:31.105+0000] {processor.py:154} INFO - Started process (PID=412) to work on /opt/airflow/dags/user_processing.py
[2023-12-03T08:02:31.111+0000] {processor.py:756} INFO - Processing file /opt/airflow/dags/user_processing.py for tasks to queue
[2023-12-03T08:02:31.112+0000] {logging_mixin.py:120} INFO - [2023-12-03T08:02:31.112+0000] {dagbag.py:537} INFO - Filling up the DagBag from /opt/airflow/dags/user_processing.py
[2023-12-03T08:02:31.777+0000] {processor.py:766} INFO - DAG(s) dict_keys(['user_processing']) retrieved from /opt/airflow/dags/user_processing.py
[2023-12-03T08:02:32.102+0000] {logging_mixin.py:120} INFO - [2023-12-03T08:02:32.102+0000] {dag.py:2585} INFO - Sync 1 DAGs
[2023-12-03T08:02:32.139+0000] {logging_mixin.py:120} INFO - [2023-12-03T08:02:32.139+0000] {dag.py:3340} INFO - Setting next_dagrun for user_processing to 2023-12-02T00:00:00+00:00, run_after=2023-12-03T00:00:00+00:00
[2023-12-03T08:02:32.183+0000] {processor.py:176} INFO - Processing /opt/airflow/dags/user_processing.py took 1.082 seconds
[2023-12-03T08:03:02.527+0000] {processor.py:154} INFO - Started process (PID=445) to work on /opt/airflow/dags/user_processing.py
[2023-12-03T08:03:02.527+0000] {processor.py:756} INFO - Processing file /opt/airflow/dags/user_processing.py for tasks to queue
[2023-12-03T08:03:02.528+0000] {logging_mixin.py:120} INFO - [2023-12-03T08:03:02.528+0000] {dagbag.py:537} INFO - Filling up the DagBag from /opt/airflow/dags/user_processing.py
[2023-12-03T08:03:02.800+0000] {processor.py:766} INFO - DAG(s) dict_keys(['user_processing']) retrieved from /opt/airflow/dags/user_processing.py
[2023-12-03T08:03:02.973+0000] {logging_mixin.py:120} INFO - [2023-12-03T08:03:02.973+0000] {dag.py:2585} INFO - Sync 1 DAGs
[2023-12-03T08:03:02.994+0000] {logging_mixin.py:120} INFO - [2023-12-03T08:03:02.994+0000] {dag.py:3340} INFO - Setting next_dagrun for user_processing to 2023-12-02T00:00:00+00:00, run_after=2023-12-03T00:00:00+00:00
[2023-12-03T08:03:03.014+0000] {processor.py:176} INFO - Processing /opt/airflow/dags/user_processing.py took 0.491 seconds
[2023-12-03T08:03:33.179+0000] {processor.py:154} INFO - Started process (PID=477) to work on /opt/airflow/dags/user_processing.py
[2023-12-03T08:03:33.180+0000] {processor.py:756} INFO - Processing file /opt/airflow/dags/user_processing.py for tasks to queue
[2023-12-03T08:03:33.181+0000] {logging_mixin.py:120} INFO - [2023-12-03T08:03:33.180+0000] {dagbag.py:537} INFO - Filling up the DagBag from /opt/airflow/dags/user_processing.py
[2023-12-03T08:03:33.451+0000] {processor.py:766} INFO - DAG(s) dict_keys(['user_processing']) retrieved from /opt/airflow/dags/user_processing.py
[2023-12-03T08:03:33.602+0000] {logging_mixin.py:120} INFO - [2023-12-03T08:03:33.601+0000] {dag.py:2585} INFO - Sync 1 DAGs
[2023-12-03T08:03:33.622+0000] {logging_mixin.py:120} INFO - [2023-12-03T08:03:33.622+0000] {dag.py:3340} INFO - Setting next_dagrun for user_processing to 2023-12-02T00:00:00+00:00, run_after=2023-12-03T00:00:00+00:00
[2023-12-03T08:03:33.646+0000] {processor.py:176} INFO - Processing /opt/airflow/dags/user_processing.py took 0.471 seconds
[2023-12-03T08:04:04.474+0000] {processor.py:154} INFO - Started process (PID=500) to work on /opt/airflow/dags/user_processing.py
[2023-12-03T08:04:04.475+0000] {processor.py:756} INFO - Processing file /opt/airflow/dags/user_processing.py for tasks to queue
[2023-12-03T08:04:04.476+0000] {logging_mixin.py:120} INFO - [2023-12-03T08:04:04.475+0000] {dagbag.py:537} INFO - Filling up the DagBag from /opt/airflow/dags/user_processing.py
[2023-12-03T08:04:04.740+0000] {processor.py:766} INFO - DAG(s) dict_keys(['user_processing']) retrieved from /opt/airflow/dags/user_processing.py
[2023-12-03T08:04:04.888+0000] {logging_mixin.py:120} INFO - [2023-12-03T08:04:04.887+0000] {dag.py:2585} INFO - Sync 1 DAGs
[2023-12-03T08:04:04.909+0000] {logging_mixin.py:120} INFO - [2023-12-03T08:04:04.909+0000] {dag.py:3340} INFO - Setting next_dagrun for user_processing to 2023-12-02T00:00:00+00:00, run_after=2023-12-03T00:00:00+00:00
[2023-12-03T08:04:04.929+0000] {processor.py:176} INFO - Processing /opt/airflow/dags/user_processing.py took 0.456 seconds
[2023-12-03T08:04:35.818+0000] {processor.py:154} INFO - Started process (PID=534) to work on /opt/airflow/dags/user_processing.py
[2023-12-03T08:04:35.819+0000] {processor.py:756} INFO - Processing file /opt/airflow/dags/user_processing.py for tasks to queue
[2023-12-03T08:04:35.819+0000] {logging_mixin.py:120} INFO - [2023-12-03T08:04:35.819+0000] {dagbag.py:537} INFO - Filling up the DagBag from /opt/airflow/dags/user_processing.py
[2023-12-03T08:04:36.148+0000] {processor.py:766} INFO - DAG(s) dict_keys(['user_processing']) retrieved from /opt/airflow/dags/user_processing.py
[2023-12-03T08:04:36.462+0000] {logging_mixin.py:120} INFO - [2023-12-03T08:04:36.461+0000] {dag.py:2585} INFO - Sync 1 DAGs
[2023-12-03T08:04:36.518+0000] {logging_mixin.py:120} INFO - [2023-12-03T08:04:36.518+0000] {dag.py:3340} INFO - Setting next_dagrun for user_processing to 2023-12-02T00:00:00+00:00, run_after=2023-12-03T00:00:00+00:00
[2023-12-03T08:04:36.545+0000] {processor.py:176} INFO - Processing /opt/airflow/dags/user_processing.py took 0.729 seconds
[2023-12-03T08:05:07.039+0000] {processor.py:154} INFO - Started process (PID=567) to work on /opt/airflow/dags/user_processing.py
[2023-12-03T08:05:07.040+0000] {processor.py:756} INFO - Processing file /opt/airflow/dags/user_processing.py for tasks to queue
[2023-12-03T08:05:07.040+0000] {logging_mixin.py:120} INFO - [2023-12-03T08:05:07.040+0000] {dagbag.py:537} INFO - Filling up the DagBag from /opt/airflow/dags/user_processing.py
[2023-12-03T08:05:07.328+0000] {processor.py:766} INFO - DAG(s) dict_keys(['user_processing']) retrieved from /opt/airflow/dags/user_processing.py
[2023-12-03T08:05:07.678+0000] {logging_mixin.py:120} INFO - [2023-12-03T08:05:07.677+0000] {dag.py:2585} INFO - Sync 1 DAGs
[2023-12-03T08:05:07.718+0000] {logging_mixin.py:120} INFO - [2023-12-03T08:05:07.718+0000] {dag.py:3340} INFO - Setting next_dagrun for user_processing to 2023-12-02T00:00:00+00:00, run_after=2023-12-03T00:00:00+00:00
[2023-12-03T08:05:07.758+0000] {processor.py:176} INFO - Processing /opt/airflow/dags/user_processing.py took 0.723 seconds
[2023-12-03T08:05:37.927+0000] {processor.py:154} INFO - Started process (PID=591) to work on /opt/airflow/dags/user_processing.py
[2023-12-03T08:05:37.928+0000] {processor.py:756} INFO - Processing file /opt/airflow/dags/user_processing.py for tasks to queue
[2023-12-03T08:05:37.929+0000] {logging_mixin.py:120} INFO - [2023-12-03T08:05:37.928+0000] {dagbag.py:537} INFO - Filling up the DagBag from /opt/airflow/dags/user_processing.py
[2023-12-03T08:05:38.187+0000] {processor.py:766} INFO - DAG(s) dict_keys(['user_processing']) retrieved from /opt/airflow/dags/user_processing.py
[2023-12-03T08:05:38.334+0000] {logging_mixin.py:120} INFO - [2023-12-03T08:05:38.334+0000] {dag.py:2585} INFO - Sync 1 DAGs
[2023-12-03T08:05:38.357+0000] {logging_mixin.py:120} INFO - [2023-12-03T08:05:38.357+0000] {dag.py:3340} INFO - Setting next_dagrun for user_processing to 2023-12-02T00:00:00+00:00, run_after=2023-12-03T00:00:00+00:00
[2023-12-03T08:05:38.382+0000] {processor.py:176} INFO - Processing /opt/airflow/dags/user_processing.py took 0.457 seconds
[2023-12-03T08:06:08.705+0000] {processor.py:154} INFO - Started process (PID=625) to work on /opt/airflow/dags/user_processing.py
[2023-12-03T08:06:08.705+0000] {processor.py:756} INFO - Processing file /opt/airflow/dags/user_processing.py for tasks to queue
[2023-12-03T08:06:08.706+0000] {logging_mixin.py:120} INFO - [2023-12-03T08:06:08.706+0000] {dagbag.py:537} INFO - Filling up the DagBag from /opt/airflow/dags/user_processing.py
[2023-12-03T08:06:09.126+0000] {processor.py:766} INFO - DAG(s) dict_keys(['user_processing']) retrieved from /opt/airflow/dags/user_processing.py
[2023-12-03T08:06:09.423+0000] {logging_mixin.py:120} INFO - [2023-12-03T08:06:09.422+0000] {dag.py:2585} INFO - Sync 1 DAGs
[2023-12-03T08:06:09.460+0000] {logging_mixin.py:120} INFO - [2023-12-03T08:06:09.460+0000] {dag.py:3340} INFO - Setting next_dagrun for user_processing to 2023-12-02T00:00:00+00:00, run_after=2023-12-03T00:00:00+00:00
[2023-12-03T08:06:09.519+0000] {processor.py:176} INFO - Processing /opt/airflow/dags/user_processing.py took 0.821 seconds
[2023-12-03T08:06:40.350+0000] {processor.py:154} INFO - Started process (PID=659) to work on /opt/airflow/dags/user_processing.py
[2023-12-03T08:06:40.359+0000] {processor.py:756} INFO - Processing file /opt/airflow/dags/user_processing.py for tasks to queue
[2023-12-03T08:06:40.360+0000] {logging_mixin.py:120} INFO - [2023-12-03T08:06:40.359+0000] {dagbag.py:537} INFO - Filling up the DagBag from /opt/airflow/dags/user_processing.py
[2023-12-03T08:06:40.790+0000] {processor.py:766} INFO - DAG(s) dict_keys(['user_processing']) retrieved from /opt/airflow/dags/user_processing.py
[2023-12-03T08:06:40.939+0000] {logging_mixin.py:120} INFO - [2023-12-03T08:06:40.939+0000] {dag.py:2585} INFO - Sync 1 DAGs
[2023-12-03T08:06:40.960+0000] {logging_mixin.py:120} INFO - [2023-12-03T08:06:40.960+0000] {dag.py:3340} INFO - Setting next_dagrun for user_processing to 2023-12-02T00:00:00+00:00, run_after=2023-12-03T00:00:00+00:00
[2023-12-03T08:06:40.979+0000] {processor.py:176} INFO - Processing /opt/airflow/dags/user_processing.py took 0.633 seconds
[2023-12-03T08:07:11.391+0000] {processor.py:154} INFO - Started process (PID=688) to work on /opt/airflow/dags/user_processing.py
[2023-12-03T08:07:11.392+0000] {processor.py:756} INFO - Processing file /opt/airflow/dags/user_processing.py for tasks to queue
[2023-12-03T08:07:11.400+0000] {logging_mixin.py:120} INFO - [2023-12-03T08:07:11.400+0000] {dagbag.py:537} INFO - Filling up the DagBag from /opt/airflow/dags/user_processing.py
[2023-12-03T08:07:12.434+0000] {processor.py:766} INFO - DAG(s) dict_keys(['user_processing']) retrieved from /opt/airflow/dags/user_processing.py
[2023-12-03T08:07:13.041+0000] {logging_mixin.py:120} INFO - [2023-12-03T08:07:13.040+0000] {dag.py:2585} INFO - Sync 1 DAGs
[2023-12-03T08:07:13.077+0000] {logging_mixin.py:120} INFO - [2023-12-03T08:07:13.076+0000] {dag.py:3340} INFO - Setting next_dagrun for user_processing to 2023-12-02T00:00:00+00:00, run_after=2023-12-03T00:00:00+00:00
[2023-12-03T08:07:13.120+0000] {processor.py:176} INFO - Processing /opt/airflow/dags/user_processing.py took 1.772 seconds
[2023-12-03T08:07:43.715+0000] {processor.py:154} INFO - Started process (PID=711) to work on /opt/airflow/dags/user_processing.py
[2023-12-03T08:07:43.716+0000] {processor.py:756} INFO - Processing file /opt/airflow/dags/user_processing.py for tasks to queue
[2023-12-03T08:07:43.717+0000] {logging_mixin.py:120} INFO - [2023-12-03T08:07:43.717+0000] {dagbag.py:537} INFO - Filling up the DagBag from /opt/airflow/dags/user_processing.py
[2023-12-03T08:07:44.127+0000] {processor.py:766} INFO - DAG(s) dict_keys(['user_processing']) retrieved from /opt/airflow/dags/user_processing.py
[2023-12-03T08:07:44.295+0000] {logging_mixin.py:120} INFO - [2023-12-03T08:07:44.295+0000] {dag.py:2585} INFO - Sync 1 DAGs
[2023-12-03T08:07:44.317+0000] {logging_mixin.py:120} INFO - [2023-12-03T08:07:44.317+0000] {dag.py:3340} INFO - Setting next_dagrun for user_processing to 2023-12-02T00:00:00+00:00, run_after=2023-12-03T00:00:00+00:00
[2023-12-03T08:07:44.337+0000] {processor.py:176} INFO - Processing /opt/airflow/dags/user_processing.py took 0.626 seconds
[2023-12-03T08:08:14.655+0000] {processor.py:154} INFO - Started process (PID=743) to work on /opt/airflow/dags/user_processing.py
[2023-12-03T08:08:14.655+0000] {processor.py:756} INFO - Processing file /opt/airflow/dags/user_processing.py for tasks to queue
[2023-12-03T08:08:14.657+0000] {logging_mixin.py:120} INFO - [2023-12-03T08:08:14.656+0000] {dagbag.py:537} INFO - Filling up the DagBag from /opt/airflow/dags/user_processing.py
[2023-12-03T08:08:15.046+0000] {processor.py:766} INFO - DAG(s) dict_keys(['user_processing']) retrieved from /opt/airflow/dags/user_processing.py
[2023-12-03T08:08:15.233+0000] {logging_mixin.py:120} INFO - [2023-12-03T08:08:15.233+0000] {dag.py:2585} INFO - Sync 1 DAGs
[2023-12-03T08:08:15.254+0000] {logging_mixin.py:120} INFO - [2023-12-03T08:08:15.254+0000] {dag.py:3340} INFO - Setting next_dagrun for user_processing to 2023-12-02T00:00:00+00:00, run_after=2023-12-03T00:00:00+00:00
[2023-12-03T08:08:15.273+0000] {processor.py:176} INFO - Processing /opt/airflow/dags/user_processing.py took 0.622 seconds
[2023-12-03T08:08:46.112+0000] {processor.py:154} INFO - Started process (PID=767) to work on /opt/airflow/dags/user_processing.py
[2023-12-03T08:08:46.112+0000] {processor.py:756} INFO - Processing file /opt/airflow/dags/user_processing.py for tasks to queue
[2023-12-03T08:08:46.113+0000] {logging_mixin.py:120} INFO - [2023-12-03T08:08:46.113+0000] {dagbag.py:537} INFO - Filling up the DagBag from /opt/airflow/dags/user_processing.py
[2023-12-03T08:08:46.372+0000] {processor.py:766} INFO - DAG(s) dict_keys(['user_processing']) retrieved from /opt/airflow/dags/user_processing.py
[2023-12-03T08:08:46.519+0000] {logging_mixin.py:120} INFO - [2023-12-03T08:08:46.519+0000] {dag.py:2585} INFO - Sync 1 DAGs
[2023-12-03T08:08:46.540+0000] {logging_mixin.py:120} INFO - [2023-12-03T08:08:46.540+0000] {dag.py:3340} INFO - Setting next_dagrun for user_processing to 2023-12-02T00:00:00+00:00, run_after=2023-12-03T00:00:00+00:00
[2023-12-03T08:08:46.560+0000] {processor.py:176} INFO - Processing /opt/airflow/dags/user_processing.py took 0.451 seconds
[2023-12-03T08:09:17.484+0000] {processor.py:154} INFO - Started process (PID=800) to work on /opt/airflow/dags/user_processing.py
[2023-12-03T08:09:17.484+0000] {processor.py:756} INFO - Processing file /opt/airflow/dags/user_processing.py for tasks to queue
[2023-12-03T08:09:17.485+0000] {logging_mixin.py:120} INFO - [2023-12-03T08:09:17.484+0000] {dagbag.py:537} INFO - Filling up the DagBag from /opt/airflow/dags/user_processing.py
[2023-12-03T08:09:17.772+0000] {processor.py:766} INFO - DAG(s) dict_keys(['user_processing']) retrieved from /opt/airflow/dags/user_processing.py
[2023-12-03T08:09:17.952+0000] {logging_mixin.py:120} INFO - [2023-12-03T08:09:17.952+0000] {dag.py:2585} INFO - Sync 1 DAGs
[2023-12-03T08:09:17.973+0000] {logging_mixin.py:120} INFO - [2023-12-03T08:09:17.973+0000] {dag.py:3340} INFO - Setting next_dagrun for user_processing to 2023-12-02T00:00:00+00:00, run_after=2023-12-03T00:00:00+00:00
[2023-12-03T08:09:17.992+0000] {processor.py:176} INFO - Processing /opt/airflow/dags/user_processing.py took 0.511 seconds
[2023-12-03T08:09:48.801+0000] {processor.py:154} INFO - Started process (PID=834) to work on /opt/airflow/dags/user_processing.py
[2023-12-03T08:09:48.804+0000] {processor.py:756} INFO - Processing file /opt/airflow/dags/user_processing.py for tasks to queue
[2023-12-03T08:09:48.805+0000] {logging_mixin.py:120} INFO - [2023-12-03T08:09:48.804+0000] {dagbag.py:537} INFO - Filling up the DagBag from /opt/airflow/dags/user_processing.py
[2023-12-03T08:09:49.500+0000] {processor.py:766} INFO - DAG(s) dict_keys(['user_processing']) retrieved from /opt/airflow/dags/user_processing.py
[2023-12-03T08:09:49.869+0000] {logging_mixin.py:120} INFO - [2023-12-03T08:09:49.868+0000] {dag.py:2585} INFO - Sync 1 DAGs
[2023-12-03T08:09:49.905+0000] {logging_mixin.py:120} INFO - [2023-12-03T08:09:49.904+0000] {dag.py:3340} INFO - Setting next_dagrun for user_processing to 2023-12-02T00:00:00+00:00, run_after=2023-12-03T00:00:00+00:00
[2023-12-03T08:09:49.936+0000] {processor.py:176} INFO - Processing /opt/airflow/dags/user_processing.py took 1.144 seconds
[2023-12-03T08:10:20.115+0000] {processor.py:154} INFO - Started process (PID=869) to work on /opt/airflow/dags/user_processing.py
[2023-12-03T08:10:20.116+0000] {processor.py:756} INFO - Processing file /opt/airflow/dags/user_processing.py for tasks to queue
[2023-12-03T08:10:20.116+0000] {logging_mixin.py:120} INFO - [2023-12-03T08:10:20.116+0000] {dagbag.py:537} INFO - Filling up the DagBag from /opt/airflow/dags/user_processing.py
[2023-12-03T08:10:20.534+0000] {processor.py:766} INFO - DAG(s) dict_keys(['user_processing']) retrieved from /opt/airflow/dags/user_processing.py
[2023-12-03T08:10:20.809+0000] {logging_mixin.py:120} INFO - [2023-12-03T08:10:20.808+0000] {dag.py:2585} INFO - Sync 1 DAGs
[2023-12-03T08:10:20.851+0000] {logging_mixin.py:120} INFO - [2023-12-03T08:10:20.850+0000] {dag.py:3340} INFO - Setting next_dagrun for user_processing to 2023-12-02T00:00:00+00:00, run_after=2023-12-03T00:00:00+00:00
[2023-12-03T08:10:20.875+0000] {processor.py:176} INFO - Processing /opt/airflow/dags/user_processing.py took 0.762 seconds
[2023-12-03T08:10:51.561+0000] {processor.py:154} INFO - Started process (PID=902) to work on /opt/airflow/dags/user_processing.py
[2023-12-03T08:10:51.561+0000] {processor.py:756} INFO - Processing file /opt/airflow/dags/user_processing.py for tasks to queue
[2023-12-03T08:10:51.562+0000] {logging_mixin.py:120} INFO - [2023-12-03T08:10:51.562+0000] {dagbag.py:537} INFO - Filling up the DagBag from /opt/airflow/dags/user_processing.py
[2023-12-03T08:10:51.850+0000] {processor.py:766} INFO - DAG(s) dict_keys(['user_processing']) retrieved from /opt/airflow/dags/user_processing.py
[2023-12-03T08:10:52.020+0000] {logging_mixin.py:120} INFO - [2023-12-03T08:10:52.019+0000] {dag.py:2585} INFO - Sync 1 DAGs
[2023-12-03T08:10:52.051+0000] {logging_mixin.py:120} INFO - [2023-12-03T08:10:52.051+0000] {dag.py:3340} INFO - Setting next_dagrun for user_processing to 2023-12-02T00:00:00+00:00, run_after=2023-12-03T00:00:00+00:00
[2023-12-03T08:10:52.071+0000] {processor.py:176} INFO - Processing /opt/airflow/dags/user_processing.py took 0.513 seconds
[2023-12-03T08:11:22.899+0000] {processor.py:154} INFO - Started process (PID=926) to work on /opt/airflow/dags/user_processing.py
[2023-12-03T08:11:22.899+0000] {processor.py:756} INFO - Processing file /opt/airflow/dags/user_processing.py for tasks to queue
[2023-12-03T08:11:22.900+0000] {logging_mixin.py:120} INFO - [2023-12-03T08:11:22.900+0000] {dagbag.py:537} INFO - Filling up the DagBag from /opt/airflow/dags/user_processing.py
[2023-12-03T08:11:23.285+0000] {processor.py:766} INFO - DAG(s) dict_keys(['user_processing']) retrieved from /opt/airflow/dags/user_processing.py
[2023-12-03T08:11:23.592+0000] {logging_mixin.py:120} INFO - [2023-12-03T08:11:23.592+0000] {dag.py:2585} INFO - Sync 1 DAGs
[2023-12-03T08:11:23.642+0000] {logging_mixin.py:120} INFO - [2023-12-03T08:11:23.641+0000] {dag.py:3340} INFO - Setting next_dagrun for user_processing to 2023-12-02T00:00:00+00:00, run_after=2023-12-03T00:00:00+00:00
[2023-12-03T08:11:23.700+0000] {processor.py:176} INFO - Processing /opt/airflow/dags/user_processing.py took 0.806 seconds
[2023-12-03T08:11:54.030+0000] {processor.py:154} INFO - Started process (PID=957) to work on /opt/airflow/dags/user_processing.py
[2023-12-03T08:11:54.031+0000] {processor.py:756} INFO - Processing file /opt/airflow/dags/user_processing.py for tasks to queue
[2023-12-03T08:11:54.031+0000] {logging_mixin.py:120} INFO - [2023-12-03T08:11:54.031+0000] {dagbag.py:537} INFO - Filling up the DagBag from /opt/airflow/dags/user_processing.py
[2023-12-03T08:11:54.315+0000] {processor.py:766} INFO - DAG(s) dict_keys(['user_processing']) retrieved from /opt/airflow/dags/user_processing.py
[2023-12-03T08:11:54.482+0000] {logging_mixin.py:120} INFO - [2023-12-03T08:11:54.482+0000] {dag.py:2585} INFO - Sync 1 DAGs
[2023-12-03T08:11:54.503+0000] {logging_mixin.py:120} INFO - [2023-12-03T08:11:54.503+0000] {dag.py:3340} INFO - Setting next_dagrun for user_processing to 2023-12-02T00:00:00+00:00, run_after=2023-12-03T00:00:00+00:00
[2023-12-03T08:11:54.523+0000] {processor.py:176} INFO - Processing /opt/airflow/dags/user_processing.py took 0.496 seconds
[2023-12-03T08:12:24.594+0000] {processor.py:154} INFO - Started process (PID=989) to work on /opt/airflow/dags/user_processing.py
[2023-12-03T08:12:24.594+0000] {processor.py:756} INFO - Processing file /opt/airflow/dags/user_processing.py for tasks to queue
[2023-12-03T08:12:24.595+0000] {logging_mixin.py:120} INFO - [2023-12-03T08:12:24.595+0000] {dagbag.py:537} INFO - Filling up the DagBag from /opt/airflow/dags/user_processing.py
[2023-12-03T08:12:24.852+0000] {processor.py:766} INFO - DAG(s) dict_keys(['user_processing']) retrieved from /opt/airflow/dags/user_processing.py
[2023-12-03T08:12:25.019+0000] {logging_mixin.py:120} INFO - [2023-12-03T08:12:25.019+0000] {dag.py:2585} INFO - Sync 1 DAGs
[2023-12-03T08:12:25.048+0000] {logging_mixin.py:120} INFO - [2023-12-03T08:12:25.048+0000] {dag.py:3340} INFO - Setting next_dagrun for user_processing to 2023-12-02T00:00:00+00:00, run_after=2023-12-03T00:00:00+00:00
[2023-12-03T08:12:25.077+0000] {processor.py:176} INFO - Processing /opt/airflow/dags/user_processing.py took 0.486 seconds
[2023-12-03T08:12:55.978+0000] {processor.py:154} INFO - Started process (PID=1013) to work on /opt/airflow/dags/user_processing.py
[2023-12-03T08:12:55.979+0000] {processor.py:756} INFO - Processing file /opt/airflow/dags/user_processing.py for tasks to queue
[2023-12-03T08:12:55.979+0000] {logging_mixin.py:120} INFO - [2023-12-03T08:12:55.979+0000] {dagbag.py:537} INFO - Filling up the DagBag from /opt/airflow/dags/user_processing.py
[2023-12-03T08:12:56.271+0000] {processor.py:766} INFO - DAG(s) dict_keys(['user_processing']) retrieved from /opt/airflow/dags/user_processing.py
[2023-12-03T08:12:56.428+0000] {logging_mixin.py:120} INFO - [2023-12-03T08:12:56.427+0000] {dag.py:2585} INFO - Sync 1 DAGs
[2023-12-03T08:12:56.460+0000] {logging_mixin.py:120} INFO - [2023-12-03T08:12:56.460+0000] {dag.py:3340} INFO - Setting next_dagrun for user_processing to 2023-12-02T00:00:00+00:00, run_after=2023-12-03T00:00:00+00:00
[2023-12-03T08:12:56.487+0000] {processor.py:176} INFO - Processing /opt/airflow/dags/user_processing.py took 0.512 seconds
[2023-12-03T08:13:26.681+0000] {processor.py:154} INFO - Started process (PID=1047) to work on /opt/airflow/dags/user_processing.py
[2023-12-03T08:13:26.691+0000] {processor.py:756} INFO - Processing file /opt/airflow/dags/user_processing.py for tasks to queue
[2023-12-03T08:13:26.692+0000] {logging_mixin.py:120} INFO - [2023-12-03T08:13:26.692+0000] {dagbag.py:537} INFO - Filling up the DagBag from /opt/airflow/dags/user_processing.py
[2023-12-03T08:13:27.668+0000] {processor.py:766} INFO - DAG(s) dict_keys(['user_processing']) retrieved from /opt/airflow/dags/user_processing.py
[2023-12-03T08:13:27.991+0000] {logging_mixin.py:120} INFO - [2023-12-03T08:13:27.991+0000] {dag.py:2585} INFO - Sync 1 DAGs
[2023-12-03T08:13:28.022+0000] {logging_mixin.py:120} INFO - [2023-12-03T08:13:28.022+0000] {dag.py:3340} INFO - Setting next_dagrun for user_processing to 2023-12-02T00:00:00+00:00, run_after=2023-12-03T00:00:00+00:00
[2023-12-03T08:13:28.054+0000] {processor.py:176} INFO - Processing /opt/airflow/dags/user_processing.py took 1.384 seconds
[2023-12-03T08:13:58.194+0000] {processor.py:154} INFO - Started process (PID=1080) to work on /opt/airflow/dags/user_processing.py
[2023-12-03T08:13:58.194+0000] {processor.py:756} INFO - Processing file /opt/airflow/dags/user_processing.py for tasks to queue
[2023-12-03T08:13:58.195+0000] {logging_mixin.py:120} INFO - [2023-12-03T08:13:58.195+0000] {dagbag.py:537} INFO - Filling up the DagBag from /opt/airflow/dags/user_processing.py
[2023-12-03T08:13:58.609+0000] {processor.py:766} INFO - DAG(s) dict_keys(['user_processing']) retrieved from /opt/airflow/dags/user_processing.py
[2023-12-03T08:13:58.881+0000] {logging_mixin.py:120} INFO - [2023-12-03T08:13:58.880+0000] {dag.py:2585} INFO - Sync 1 DAGs
[2023-12-03T08:13:58.913+0000] {logging_mixin.py:120} INFO - [2023-12-03T08:13:58.912+0000] {dag.py:3340} INFO - Setting next_dagrun for user_processing to 2023-12-02T00:00:00+00:00, run_after=2023-12-03T00:00:00+00:00
[2023-12-03T08:13:58.938+0000] {processor.py:176} INFO - Processing /opt/airflow/dags/user_processing.py took 0.748 seconds
[2023-12-03T08:14:29.420+0000] {processor.py:154} INFO - Started process (PID=1104) to work on /opt/airflow/dags/user_processing.py
[2023-12-03T08:14:29.421+0000] {processor.py:756} INFO - Processing file /opt/airflow/dags/user_processing.py for tasks to queue
[2023-12-03T08:14:29.422+0000] {logging_mixin.py:120} INFO - [2023-12-03T08:14:29.421+0000] {dagbag.py:537} INFO - Filling up the DagBag from /opt/airflow/dags/user_processing.py
[2023-12-03T08:14:29.693+0000] {processor.py:766} INFO - DAG(s) dict_keys(['user_processing']) retrieved from /opt/airflow/dags/user_processing.py
[2023-12-03T08:14:29.841+0000] {logging_mixin.py:120} INFO - [2023-12-03T08:14:29.841+0000] {dag.py:2585} INFO - Sync 1 DAGs
[2023-12-03T08:14:29.869+0000] {logging_mixin.py:120} INFO - [2023-12-03T08:14:29.869+0000] {dag.py:3340} INFO - Setting next_dagrun for user_processing to 2023-12-02T00:00:00+00:00, run_after=2023-12-03T00:00:00+00:00
[2023-12-03T08:14:29.889+0000] {processor.py:176} INFO - Processing /opt/airflow/dags/user_processing.py took 0.471 seconds
[2023-12-03T08:14:59.924+0000] {processor.py:154} INFO - Started process (PID=1138) to work on /opt/airflow/dags/user_processing.py
[2023-12-03T08:14:59.924+0000] {processor.py:756} INFO - Processing file /opt/airflow/dags/user_processing.py for tasks to queue
[2023-12-03T08:14:59.925+0000] {logging_mixin.py:120} INFO - [2023-12-03T08:14:59.925+0000] {dagbag.py:537} INFO - Filling up the DagBag from /opt/airflow/dags/user_processing.py
[2023-12-03T08:15:00.194+0000] {processor.py:766} INFO - DAG(s) dict_keys(['user_processing']) retrieved from /opt/airflow/dags/user_processing.py
[2023-12-03T08:15:00.388+0000] {logging_mixin.py:120} INFO - [2023-12-03T08:15:00.388+0000] {dag.py:2585} INFO - Sync 1 DAGs
[2023-12-03T08:15:00.414+0000] {logging_mixin.py:120} INFO - [2023-12-03T08:15:00.414+0000] {dag.py:3340} INFO - Setting next_dagrun for user_processing to 2023-12-02T00:00:00+00:00, run_after=2023-12-03T00:00:00+00:00
[2023-12-03T08:15:00.451+0000] {processor.py:176} INFO - Processing /opt/airflow/dags/user_processing.py took 0.530 seconds
[2023-12-03T08:15:30.494+0000] {processor.py:154} INFO - Started process (PID=1172) to work on /opt/airflow/dags/user_processing.py
[2023-12-03T08:15:30.495+0000] {processor.py:756} INFO - Processing file /opt/airflow/dags/user_processing.py for tasks to queue
[2023-12-03T08:15:30.495+0000] {logging_mixin.py:120} INFO - [2023-12-03T08:15:30.495+0000] {dagbag.py:537} INFO - Filling up the DagBag from /opt/airflow/dags/user_processing.py
[2023-12-03T08:15:30.874+0000] {processor.py:766} INFO - DAG(s) dict_keys(['user_processing']) retrieved from /opt/airflow/dags/user_processing.py
[2023-12-03T08:15:31.196+0000] {logging_mixin.py:120} INFO - [2023-12-03T08:15:31.196+0000] {dag.py:2585} INFO - Sync 1 DAGs
[2023-12-03T08:15:31.228+0000] {logging_mixin.py:120} INFO - [2023-12-03T08:15:31.228+0000] {dag.py:3340} INFO - Setting next_dagrun for user_processing to 2023-12-02T00:00:00+00:00, run_after=2023-12-03T00:00:00+00:00
[2023-12-03T08:15:31.256+0000] {processor.py:176} INFO - Processing /opt/airflow/dags/user_processing.py took 0.764 seconds
[2023-12-03T08:16:02.113+0000] {processor.py:154} INFO - Started process (PID=1207) to work on /opt/airflow/dags/user_processing.py
[2023-12-03T08:16:02.114+0000] {processor.py:756} INFO - Processing file /opt/airflow/dags/user_processing.py for tasks to queue
[2023-12-03T08:16:02.115+0000] {logging_mixin.py:120} INFO - [2023-12-03T08:16:02.115+0000] {dagbag.py:537} INFO - Filling up the DagBag from /opt/airflow/dags/user_processing.py
[2023-12-03T08:16:02.526+0000] {processor.py:766} INFO - DAG(s) dict_keys(['user_processing']) retrieved from /opt/airflow/dags/user_processing.py
[2023-12-03T08:16:02.772+0000] {logging_mixin.py:120} INFO - [2023-12-03T08:16:02.772+0000] {dag.py:2585} INFO - Sync 1 DAGs
[2023-12-03T08:16:02.805+0000] {logging_mixin.py:120} INFO - [2023-12-03T08:16:02.804+0000] {dag.py:3340} INFO - Setting next_dagrun for user_processing to 2023-12-02T00:00:00+00:00, run_after=2023-12-03T00:00:00+00:00
[2023-12-03T08:16:02.827+0000] {processor.py:176} INFO - Processing /opt/airflow/dags/user_processing.py took 0.717 seconds
[2023-12-03T08:16:33.259+0000] {processor.py:154} INFO - Started process (PID=1231) to work on /opt/airflow/dags/user_processing.py
[2023-12-03T08:16:33.259+0000] {processor.py:756} INFO - Processing file /opt/airflow/dags/user_processing.py for tasks to queue
[2023-12-03T08:16:33.261+0000] {logging_mixin.py:120} INFO - [2023-12-03T08:16:33.260+0000] {dagbag.py:537} INFO - Filling up the DagBag from /opt/airflow/dags/user_processing.py
[2023-12-03T08:16:33.661+0000] {processor.py:766} INFO - DAG(s) dict_keys(['user_processing']) retrieved from /opt/airflow/dags/user_processing.py
[2023-12-03T08:16:33.920+0000] {logging_mixin.py:120} INFO - [2023-12-03T08:16:33.919+0000] {dag.py:2585} INFO - Sync 1 DAGs
[2023-12-03T08:16:33.953+0000] {logging_mixin.py:120} INFO - [2023-12-03T08:16:33.953+0000] {dag.py:3340} INFO - Setting next_dagrun for user_processing to 2023-12-02T00:00:00+00:00, run_after=2023-12-03T00:00:00+00:00
[2023-12-03T08:16:33.978+0000] {processor.py:176} INFO - Processing /opt/airflow/dags/user_processing.py took 0.723 seconds
[2023-12-03T08:17:04.290+0000] {processor.py:154} INFO - Started process (PID=1265) to work on /opt/airflow/dags/user_processing.py
[2023-12-03T08:17:04.291+0000] {processor.py:756} INFO - Processing file /opt/airflow/dags/user_processing.py for tasks to queue
[2023-12-03T08:17:04.291+0000] {logging_mixin.py:120} INFO - [2023-12-03T08:17:04.291+0000] {dagbag.py:537} INFO - Filling up the DagBag from /opt/airflow/dags/user_processing.py
[2023-12-03T08:17:04.553+0000] {processor.py:766} INFO - DAG(s) dict_keys(['user_processing']) retrieved from /opt/airflow/dags/user_processing.py
[2023-12-03T08:17:04.720+0000] {logging_mixin.py:120} INFO - [2023-12-03T08:17:04.720+0000] {dag.py:2585} INFO - Sync 1 DAGs
[2023-12-03T08:17:04.754+0000] {logging_mixin.py:120} INFO - [2023-12-03T08:17:04.754+0000] {dag.py:3340} INFO - Setting next_dagrun for user_processing to 2023-12-02T00:00:00+00:00, run_after=2023-12-03T00:00:00+00:00
[2023-12-03T08:17:04.777+0000] {processor.py:176} INFO - Processing /opt/airflow/dags/user_processing.py took 0.490 seconds
[2023-12-03T08:17:35.536+0000] {processor.py:154} INFO - Started process (PID=1297) to work on /opt/airflow/dags/user_processing.py
[2023-12-03T08:17:35.536+0000] {processor.py:756} INFO - Processing file /opt/airflow/dags/user_processing.py for tasks to queue
[2023-12-03T08:17:35.537+0000] {logging_mixin.py:120} INFO - [2023-12-03T08:17:35.537+0000] {dagbag.py:537} INFO - Filling up the DagBag from /opt/airflow/dags/user_processing.py
[2023-12-03T08:17:35.879+0000] {processor.py:766} INFO - DAG(s) dict_keys(['user_processing']) retrieved from /opt/airflow/dags/user_processing.py
[2023-12-03T08:17:36.198+0000] {logging_mixin.py:120} INFO - [2023-12-03T08:17:36.198+0000] {dag.py:2585} INFO - Sync 1 DAGs
[2023-12-03T08:17:36.231+0000] {logging_mixin.py:120} INFO - [2023-12-03T08:17:36.231+0000] {dag.py:3340} INFO - Setting next_dagrun for user_processing to 2023-12-02T00:00:00+00:00, run_after=2023-12-03T00:00:00+00:00
[2023-12-03T08:17:36.255+0000] {processor.py:176} INFO - Processing /opt/airflow/dags/user_processing.py took 0.722 seconds
[2023-12-03T08:18:06.884+0000] {processor.py:154} INFO - Started process (PID=1328) to work on /opt/airflow/dags/user_processing.py
[2023-12-03T08:18:06.895+0000] {processor.py:756} INFO - Processing file /opt/airflow/dags/user_processing.py for tasks to queue
[2023-12-03T08:18:06.896+0000] {logging_mixin.py:120} INFO - [2023-12-03T08:18:06.896+0000] {dagbag.py:537} INFO - Filling up the DagBag from /opt/airflow/dags/user_processing.py
[2023-12-03T08:18:07.696+0000] {processor.py:766} INFO - DAG(s) dict_keys(['user_processing']) retrieved from /opt/airflow/dags/user_processing.py
[2023-12-03T08:18:08.160+0000] {logging_mixin.py:120} INFO - [2023-12-03T08:18:08.160+0000] {dag.py:2585} INFO - Sync 1 DAGs
[2023-12-03T08:18:08.204+0000] {logging_mixin.py:120} INFO - [2023-12-03T08:18:08.204+0000] {dag.py:3340} INFO - Setting next_dagrun for user_processing to 2023-12-02T00:00:00+00:00, run_after=2023-12-03T00:00:00+00:00
[2023-12-03T08:18:08.253+0000] {processor.py:176} INFO - Processing /opt/airflow/dags/user_processing.py took 1.383 seconds
[2023-12-03T08:18:38.351+0000] {processor.py:154} INFO - Started process (PID=1352) to work on /opt/airflow/dags/user_processing.py
[2023-12-03T08:18:38.352+0000] {processor.py:756} INFO - Processing file /opt/airflow/dags/user_processing.py for tasks to queue
[2023-12-03T08:18:38.352+0000] {logging_mixin.py:120} INFO - [2023-12-03T08:18:38.352+0000] {dagbag.py:537} INFO - Filling up the DagBag from /opt/airflow/dags/user_processing.py
[2023-12-03T08:18:38.613+0000] {processor.py:766} INFO - DAG(s) dict_keys(['user_processing']) retrieved from /opt/airflow/dags/user_processing.py
[2023-12-03T08:18:38.764+0000] {logging_mixin.py:120} INFO - [2023-12-03T08:18:38.764+0000] {dag.py:2585} INFO - Sync 1 DAGs
[2023-12-03T08:18:38.789+0000] {logging_mixin.py:120} INFO - [2023-12-03T08:18:38.789+0000] {dag.py:3340} INFO - Setting next_dagrun for user_processing to 2023-12-02T00:00:00+00:00, run_after=2023-12-03T00:00:00+00:00
[2023-12-03T08:18:38.813+0000] {processor.py:176} INFO - Processing /opt/airflow/dags/user_processing.py took 0.464 seconds
[2023-12-03T08:19:09.602+0000] {processor.py:154} INFO - Started process (PID=1385) to work on /opt/airflow/dags/user_processing.py
[2023-12-03T08:19:09.603+0000] {processor.py:756} INFO - Processing file /opt/airflow/dags/user_processing.py for tasks to queue
[2023-12-03T08:19:09.604+0000] {logging_mixin.py:120} INFO - [2023-12-03T08:19:09.604+0000] {dagbag.py:537} INFO - Filling up the DagBag from /opt/airflow/dags/user_processing.py
[2023-12-03T08:19:10.280+0000] {processor.py:766} INFO - DAG(s) dict_keys(['user_processing']) retrieved from /opt/airflow/dags/user_processing.py
[2023-12-03T08:19:10.903+0000] {logging_mixin.py:120} INFO - [2023-12-03T08:19:10.903+0000] {dag.py:2585} INFO - Sync 1 DAGs
[2023-12-03T08:19:10.978+0000] {logging_mixin.py:120} INFO - [2023-12-03T08:19:10.978+0000] {dag.py:3340} INFO - Setting next_dagrun for user_processing to 2023-12-02T00:00:00+00:00, run_after=2023-12-03T00:00:00+00:00
[2023-12-03T08:19:11.022+0000] {processor.py:176} INFO - Processing /opt/airflow/dags/user_processing.py took 1.424 seconds
[2023-12-03T08:19:41.320+0000] {processor.py:154} INFO - Started process (PID=1409) to work on /opt/airflow/dags/user_processing.py
[2023-12-03T08:19:41.321+0000] {processor.py:756} INFO - Processing file /opt/airflow/dags/user_processing.py for tasks to queue
[2023-12-03T08:19:41.322+0000] {logging_mixin.py:120} INFO - [2023-12-03T08:19:41.322+0000] {dagbag.py:537} INFO - Filling up the DagBag from /opt/airflow/dags/user_processing.py
[2023-12-03T08:19:41.742+0000] {processor.py:766} INFO - DAG(s) dict_keys(['user_processing']) retrieved from /opt/airflow/dags/user_processing.py
[2023-12-03T08:19:41.993+0000] {logging_mixin.py:120} INFO - [2023-12-03T08:19:41.993+0000] {dag.py:2585} INFO - Sync 1 DAGs
[2023-12-03T08:19:42.025+0000] {logging_mixin.py:120} INFO - [2023-12-03T08:19:42.025+0000] {dag.py:3340} INFO - Setting next_dagrun for user_processing to 2023-12-02T00:00:00+00:00, run_after=2023-12-03T00:00:00+00:00
[2023-12-03T08:19:42.050+0000] {processor.py:176} INFO - Processing /opt/airflow/dags/user_processing.py took 0.732 seconds
[2023-12-03T08:20:12.444+0000] {processor.py:154} INFO - Started process (PID=1442) to work on /opt/airflow/dags/user_processing.py
[2023-12-03T08:20:12.444+0000] {processor.py:756} INFO - Processing file /opt/airflow/dags/user_processing.py for tasks to queue
[2023-12-03T08:20:12.445+0000] {logging_mixin.py:120} INFO - [2023-12-03T08:20:12.445+0000] {dagbag.py:537} INFO - Filling up the DagBag from /opt/airflow/dags/user_processing.py
[2023-12-03T08:20:12.719+0000] {processor.py:766} INFO - DAG(s) dict_keys(['user_processing']) retrieved from /opt/airflow/dags/user_processing.py
[2023-12-03T08:20:12.896+0000] {logging_mixin.py:120} INFO - [2023-12-03T08:20:12.896+0000] {dag.py:2585} INFO - Sync 1 DAGs
[2023-12-03T08:20:12.918+0000] {logging_mixin.py:120} INFO - [2023-12-03T08:20:12.917+0000] {dag.py:3340} INFO - Setting next_dagrun for user_processing to 2023-12-02T00:00:00+00:00, run_after=2023-12-03T00:00:00+00:00
[2023-12-03T08:20:12.937+0000] {processor.py:176} INFO - Processing /opt/airflow/dags/user_processing.py took 0.496 seconds
[2023-12-03T08:20:43.870+0000] {processor.py:154} INFO - Started process (PID=1476) to work on /opt/airflow/dags/user_processing.py
[2023-12-03T08:20:43.871+0000] {processor.py:756} INFO - Processing file /opt/airflow/dags/user_processing.py for tasks to queue
[2023-12-03T08:20:43.872+0000] {logging_mixin.py:120} INFO - [2023-12-03T08:20:43.872+0000] {dagbag.py:537} INFO - Filling up the DagBag from /opt/airflow/dags/user_processing.py
[2023-12-03T08:20:44.299+0000] {processor.py:766} INFO - DAG(s) dict_keys(['user_processing']) retrieved from /opt/airflow/dags/user_processing.py
[2023-12-03T08:20:44.603+0000] {logging_mixin.py:120} INFO - [2023-12-03T08:20:44.603+0000] {dag.py:2585} INFO - Sync 1 DAGs
[2023-12-03T08:20:44.643+0000] {logging_mixin.py:120} INFO - [2023-12-03T08:20:44.642+0000] {dag.py:3340} INFO - Setting next_dagrun for user_processing to 2023-12-02T00:00:00+00:00, run_after=2023-12-03T00:00:00+00:00
[2023-12-03T08:20:44.681+0000] {processor.py:176} INFO - Processing /opt/airflow/dags/user_processing.py took 0.813 seconds
[2023-12-03T08:21:15.378+0000] {processor.py:154} INFO - Started process (PID=1509) to work on /opt/airflow/dags/user_processing.py
[2023-12-03T08:21:15.380+0000] {processor.py:756} INFO - Processing file /opt/airflow/dags/user_processing.py for tasks to queue
[2023-12-03T08:21:15.381+0000] {logging_mixin.py:120} INFO - [2023-12-03T08:21:15.380+0000] {dagbag.py:537} INFO - Filling up the DagBag from /opt/airflow/dags/user_processing.py
[2023-12-03T08:21:15.881+0000] {processor.py:766} INFO - DAG(s) dict_keys(['user_processing']) retrieved from /opt/airflow/dags/user_processing.py
[2023-12-03T08:21:16.296+0000] {logging_mixin.py:120} INFO - [2023-12-03T08:21:16.295+0000] {dag.py:2585} INFO - Sync 1 DAGs
[2023-12-03T08:21:16.330+0000] {logging_mixin.py:120} INFO - [2023-12-03T08:21:16.330+0000] {dag.py:3340} INFO - Setting next_dagrun for user_processing to 2023-12-02T00:00:00+00:00, run_after=2023-12-03T00:00:00+00:00
[2023-12-03T08:21:16.355+0000] {processor.py:176} INFO - Processing /opt/airflow/dags/user_processing.py took 0.980 seconds
[2023-12-03T08:21:46.674+0000] {processor.py:154} INFO - Started process (PID=1542) to work on /opt/airflow/dags/user_processing.py
[2023-12-03T08:21:46.675+0000] {processor.py:756} INFO - Processing file /opt/airflow/dags/user_processing.py for tasks to queue
[2023-12-03T08:21:46.676+0000] {logging_mixin.py:120} INFO - [2023-12-03T08:21:46.675+0000] {dagbag.py:537} INFO - Filling up the DagBag from /opt/airflow/dags/user_processing.py
[2023-12-03T08:21:47.017+0000] {processor.py:766} INFO - DAG(s) dict_keys(['user_processing']) retrieved from /opt/airflow/dags/user_processing.py
[2023-12-03T08:21:47.189+0000] {logging_mixin.py:120} INFO - [2023-12-03T08:21:47.188+0000] {dag.py:2585} INFO - Sync 1 DAGs
[2023-12-03T08:21:47.215+0000] {logging_mixin.py:120} INFO - [2023-12-03T08:21:47.215+0000] {dag.py:3340} INFO - Setting next_dagrun for user_processing to 2023-12-02T00:00:00+00:00, run_after=2023-12-03T00:00:00+00:00
[2023-12-03T08:21:47.240+0000] {processor.py:176} INFO - Processing /opt/airflow/dags/user_processing.py took 0.569 seconds
[2023-12-03T08:22:18.066+0000] {processor.py:154} INFO - Started process (PID=1566) to work on /opt/airflow/dags/user_processing.py
[2023-12-03T08:22:18.067+0000] {processor.py:756} INFO - Processing file /opt/airflow/dags/user_processing.py for tasks to queue
[2023-12-03T08:22:18.067+0000] {logging_mixin.py:120} INFO - [2023-12-03T08:22:18.067+0000] {dagbag.py:537} INFO - Filling up the DagBag from /opt/airflow/dags/user_processing.py
[2023-12-03T08:22:18.337+0000] {processor.py:766} INFO - DAG(s) dict_keys(['user_processing']) retrieved from /opt/airflow/dags/user_processing.py
[2023-12-03T08:22:18.507+0000] {logging_mixin.py:120} INFO - [2023-12-03T08:22:18.507+0000] {dag.py:2585} INFO - Sync 1 DAGs
[2023-12-03T08:22:18.528+0000] {logging_mixin.py:120} INFO - [2023-12-03T08:22:18.528+0000] {dag.py:3340} INFO - Setting next_dagrun for user_processing to 2023-12-02T00:00:00+00:00, run_after=2023-12-03T00:00:00+00:00
[2023-12-03T08:22:18.547+0000] {processor.py:176} INFO - Processing /opt/airflow/dags/user_processing.py took 0.484 seconds
[2023-12-03T08:22:49.416+0000] {processor.py:154} INFO - Started process (PID=1600) to work on /opt/airflow/dags/user_processing.py
[2023-12-03T08:22:49.417+0000] {processor.py:756} INFO - Processing file /opt/airflow/dags/user_processing.py for tasks to queue
[2023-12-03T08:22:49.418+0000] {logging_mixin.py:120} INFO - [2023-12-03T08:22:49.417+0000] {dagbag.py:537} INFO - Filling up the DagBag from /opt/airflow/dags/user_processing.py
[2023-12-03T08:22:49.670+0000] {processor.py:766} INFO - DAG(s) dict_keys(['user_processing']) retrieved from /opt/airflow/dags/user_processing.py
[2023-12-03T08:22:49.873+0000] {logging_mixin.py:120} INFO - [2023-12-03T08:22:49.873+0000] {dag.py:2585} INFO - Sync 1 DAGs
[2023-12-03T08:22:49.893+0000] {logging_mixin.py:120} INFO - [2023-12-03T08:22:49.893+0000] {dag.py:3340} INFO - Setting next_dagrun for user_processing to 2023-12-02T00:00:00+00:00, run_after=2023-12-03T00:00:00+00:00
[2023-12-03T08:22:49.912+0000] {processor.py:176} INFO - Processing /opt/airflow/dags/user_processing.py took 0.499 seconds
[2023-12-03T08:23:20.803+0000] {processor.py:154} INFO - Started process (PID=1632) to work on /opt/airflow/dags/user_processing.py
[2023-12-03T08:23:20.804+0000] {processor.py:756} INFO - Processing file /opt/airflow/dags/user_processing.py for tasks to queue
[2023-12-03T08:23:20.805+0000] {logging_mixin.py:120} INFO - [2023-12-03T08:23:20.805+0000] {dagbag.py:537} INFO - Filling up the DagBag from /opt/airflow/dags/user_processing.py
[2023-12-03T08:23:21.183+0000] {processor.py:766} INFO - DAG(s) dict_keys(['user_processing']) retrieved from /opt/airflow/dags/user_processing.py
[2023-12-03T08:23:21.480+0000] {logging_mixin.py:120} INFO - [2023-12-03T08:23:21.479+0000] {dag.py:2585} INFO - Sync 1 DAGs
[2023-12-03T08:23:21.547+0000] {logging_mixin.py:120} INFO - [2023-12-03T08:23:21.547+0000] {dag.py:3340} INFO - Setting next_dagrun for user_processing to 2023-12-02T00:00:00+00:00, run_after=2023-12-03T00:00:00+00:00
[2023-12-03T08:23:21.616+0000] {processor.py:176} INFO - Processing /opt/airflow/dags/user_processing.py took 0.816 seconds
[2023-12-03T08:23:51.974+0000] {processor.py:154} INFO - Started process (PID=1666) to work on /opt/airflow/dags/user_processing.py
[2023-12-03T08:23:51.975+0000] {processor.py:756} INFO - Processing file /opt/airflow/dags/user_processing.py for tasks to queue
[2023-12-03T08:23:51.975+0000] {logging_mixin.py:120} INFO - [2023-12-03T08:23:51.975+0000] {dagbag.py:537} INFO - Filling up the DagBag from /opt/airflow/dags/user_processing.py
[2023-12-03T08:23:52.232+0000] {processor.py:766} INFO - DAG(s) dict_keys(['user_processing']) retrieved from /opt/airflow/dags/user_processing.py
[2023-12-03T08:23:52.380+0000] {logging_mixin.py:120} INFO - [2023-12-03T08:23:52.380+0000] {dag.py:2585} INFO - Sync 1 DAGs
[2023-12-03T08:23:52.401+0000] {logging_mixin.py:120} INFO - [2023-12-03T08:23:52.401+0000] {dag.py:3340} INFO - Setting next_dagrun for user_processing to 2023-12-02T00:00:00+00:00, run_after=2023-12-03T00:00:00+00:00
[2023-12-03T08:23:52.421+0000] {processor.py:176} INFO - Processing /opt/airflow/dags/user_processing.py took 0.450 seconds
[2023-12-03T08:24:22.629+0000] {processor.py:154} INFO - Started process (PID=1690) to work on /opt/airflow/dags/user_processing.py
[2023-12-03T08:24:22.630+0000] {processor.py:756} INFO - Processing file /opt/airflow/dags/user_processing.py for tasks to queue
[2023-12-03T08:24:22.631+0000] {logging_mixin.py:120} INFO - [2023-12-03T08:24:22.630+0000] {dagbag.py:537} INFO - Filling up the DagBag from /opt/airflow/dags/user_processing.py
[2023-12-03T08:24:23.249+0000] {processor.py:766} INFO - DAG(s) dict_keys(['user_processing']) retrieved from /opt/airflow/dags/user_processing.py
[2023-12-03T08:24:23.565+0000] {logging_mixin.py:120} INFO - [2023-12-03T08:24:23.564+0000] {dag.py:2585} INFO - Sync 1 DAGs
[2023-12-03T08:24:23.598+0000] {logging_mixin.py:120} INFO - [2023-12-03T08:24:23.597+0000] {dag.py:3340} INFO - Setting next_dagrun for user_processing to 2023-12-02T00:00:00+00:00, run_after=2023-12-03T00:00:00+00:00
[2023-12-03T08:24:23.622+0000] {processor.py:176} INFO - Processing /opt/airflow/dags/user_processing.py took 0.996 seconds
[2023-12-03T08:24:53.935+0000] {processor.py:154} INFO - Started process (PID=1722) to work on /opt/airflow/dags/user_processing.py
[2023-12-03T08:24:53.936+0000] {processor.py:756} INFO - Processing file /opt/airflow/dags/user_processing.py for tasks to queue
[2023-12-03T08:24:53.936+0000] {logging_mixin.py:120} INFO - [2023-12-03T08:24:53.936+0000] {dagbag.py:537} INFO - Filling up the DagBag from /opt/airflow/dags/user_processing.py
[2023-12-03T08:24:54.185+0000] {processor.py:766} INFO - DAG(s) dict_keys(['user_processing']) retrieved from /opt/airflow/dags/user_processing.py
[2023-12-03T08:24:54.358+0000] {logging_mixin.py:120} INFO - [2023-12-03T08:24:54.358+0000] {dag.py:2585} INFO - Sync 1 DAGs
[2023-12-03T08:24:54.384+0000] {logging_mixin.py:120} INFO - [2023-12-03T08:24:54.384+0000] {dag.py:3340} INFO - Setting next_dagrun for user_processing to 2023-12-02T00:00:00+00:00, run_after=2023-12-03T00:00:00+00:00
[2023-12-03T08:24:54.411+0000] {processor.py:176} INFO - Processing /opt/airflow/dags/user_processing.py took 0.479 seconds
[2023-12-03T08:25:25.065+0000] {processor.py:154} INFO - Started process (PID=1753) to work on /opt/airflow/dags/user_processing.py
[2023-12-03T08:25:25.074+0000] {processor.py:756} INFO - Processing file /opt/airflow/dags/user_processing.py for tasks to queue
[2023-12-03T08:25:25.075+0000] {logging_mixin.py:120} INFO - [2023-12-03T08:25:25.075+0000] {dagbag.py:537} INFO - Filling up the DagBag from /opt/airflow/dags/user_processing.py
[2023-12-03T08:25:25.527+0000] {processor.py:766} INFO - DAG(s) dict_keys(['user_processing']) retrieved from /opt/airflow/dags/user_processing.py
[2023-12-03T08:25:25.676+0000] {logging_mixin.py:120} INFO - [2023-12-03T08:25:25.676+0000] {dag.py:2585} INFO - Sync 1 DAGs
[2023-12-03T08:25:25.696+0000] {logging_mixin.py:120} INFO - [2023-12-03T08:25:25.696+0000] {dag.py:3340} INFO - Setting next_dagrun for user_processing to 2023-12-02T00:00:00+00:00, run_after=2023-12-03T00:00:00+00:00
[2023-12-03T08:25:25.716+0000] {processor.py:176} INFO - Processing /opt/airflow/dags/user_processing.py took 0.654 seconds
