[2023-11-22T18:43:09.703+0000] {taskinstance.py:1165} INFO - Dependencies all met for <TaskInstance: consumer.read_dataset dataset_triggered__2023-11-22T18:43:08.688152+00:00 [queued]>
[2023-11-22T18:43:09.710+0000] {taskinstance.py:1165} INFO - Dependencies all met for <TaskInstance: consumer.read_dataset dataset_triggered__2023-11-22T18:43:08.688152+00:00 [queued]>
[2023-11-22T18:43:09.710+0000] {taskinstance.py:1362} INFO - 
--------------------------------------------------------------------------------
[2023-11-22T18:43:09.710+0000] {taskinstance.py:1363} INFO - Starting attempt 1 of 1
[2023-11-22T18:43:09.711+0000] {taskinstance.py:1364} INFO - 
--------------------------------------------------------------------------------
[2023-11-22T18:43:09.731+0000] {taskinstance.py:1383} INFO - Executing <Task(_PythonDecoratedOperator): read_dataset> on 2023-11-22 18:43:08.688152+00:00
[2023-11-22T18:43:09.737+0000] {standard_task_runner.py:55} INFO - Started process 1289 to run task
[2023-11-22T18:43:09.739+0000] {standard_task_runner.py:82} INFO - Running: ['***', 'tasks', 'run', 'consumer', 'read_dataset', 'dataset_triggered__2023-11-22T18:43:08.688152+00:00', '--job-id', '77', '--raw', '--subdir', 'DAGS_FOLDER/consumer.py', '--cfg-path', '/tmp/tmp0wmfzvrx']
[2023-11-22T18:43:09.740+0000] {standard_task_runner.py:83} INFO - Job 77: Subtask read_dataset
[2023-11-22T18:43:09.815+0000] {task_command.py:376} INFO - Running <TaskInstance: consumer.read_dataset dataset_triggered__2023-11-22T18:43:08.688152+00:00 [running]> on host a2be93f5fdfa
[2023-11-22T18:43:09.888+0000] {taskinstance.py:1592} INFO - Exporting the following env vars:
AIRFLOW_CTX_DAG_OWNER=***
AIRFLOW_CTX_DAG_ID=consumer
AIRFLOW_CTX_TASK_ID=read_dataset
AIRFLOW_CTX_EXECUTION_DATE=2023-11-22T18:43:08.688152+00:00
AIRFLOW_CTX_TRY_NUMBER=1
AIRFLOW_CTX_DAG_RUN_ID=dataset_triggered__2023-11-22T18:43:08.688152+00:00
[2023-11-22T18:43:09.889+0000] {logging_mixin.py:120} INFO - producer update
[2023-11-22T18:43:09.889+0000] {python.py:177} INFO - Done. Returned value was: None
[2023-11-22T18:43:09.898+0000] {taskinstance.py:1406} INFO - Marking task as SUCCESS. dag_id=consumer, task_id=read_dataset, execution_date=20231122T184308, start_date=20231122T184309, end_date=20231122T184309
[2023-11-22T18:43:09.951+0000] {local_task_job.py:164} INFO - Task exited with return code 0
[2023-11-22T18:43:09.979+0000] {local_task_job.py:273} INFO - 0 downstream tasks scheduled from follow-on schedule check
