[2023-12-05T19:23:28.524+0000] {taskinstance.py:1165} INFO - Dependencies all met for <TaskInstance: xcom_dag.t2 scheduled__2023-12-04T00:00:00+00:00 [queued]>
[2023-12-05T19:23:28.532+0000] {taskinstance.py:1165} INFO - Dependencies all met for <TaskInstance: xcom_dag.t2 scheduled__2023-12-04T00:00:00+00:00 [queued]>
[2023-12-05T19:23:28.532+0000] {taskinstance.py:1362} INFO - 
--------------------------------------------------------------------------------
[2023-12-05T19:23:28.532+0000] {taskinstance.py:1363} INFO - Starting attempt 2 of 2
[2023-12-05T19:23:28.533+0000] {taskinstance.py:1364} INFO - 
--------------------------------------------------------------------------------
[2023-12-05T19:23:28.552+0000] {taskinstance.py:1383} INFO - Executing <Task(PythonOperator): t2> on 2023-12-04 00:00:00+00:00
[2023-12-05T19:23:28.561+0000] {standard_task_runner.py:55} INFO - Started process 4561 to run task
[2023-12-05T19:23:28.564+0000] {standard_task_runner.py:82} INFO - Running: ['***', 'tasks', 'run', 'xcom_dag', 't2', 'scheduled__2023-12-04T00:00:00+00:00', '--job-id', '255', '--raw', '--subdir', 'DAGS_FOLDER/xcom_dag.py', '--cfg-path', '/tmp/tmp4poys5ac']
[2023-12-05T19:23:28.564+0000] {standard_task_runner.py:83} INFO - Job 255: Subtask t2
[2023-12-05T19:23:28.626+0000] {task_command.py:376} INFO - Running <TaskInstance: xcom_dag.t2 scheduled__2023-12-04T00:00:00+00:00 [running]> on host 29305dc74afc
[2023-12-05T19:23:28.698+0000] {taskinstance.py:1592} INFO - Exporting the following env vars:
AIRFLOW_CTX_DAG_OWNER=***
AIRFLOW_CTX_DAG_ID=xcom_dag
AIRFLOW_CTX_TASK_ID=t2
AIRFLOW_CTX_EXECUTION_DATE=2023-12-04T00:00:00+00:00
AIRFLOW_CTX_TRY_NUMBER=2
AIRFLOW_CTX_DAG_RUN_ID=scheduled__2023-12-04T00:00:00+00:00
[2023-12-05T19:23:28.699+0000] {python.py:177} INFO - Done. Returned value was: None
[2023-12-05T19:23:28.709+0000] {taskinstance.py:1406} INFO - Marking task as SUCCESS. dag_id=xcom_dag, task_id=t2, execution_date=20231204T000000, start_date=20231205T192328, end_date=20231205T192328
[2023-12-05T19:23:28.735+0000] {local_task_job.py:164} INFO - Task exited with return code 0
[2023-12-05T19:23:28.789+0000] {local_task_job.py:273} INFO - 1 downstream tasks scheduled from follow-on schedule check
