[2023-11-22T19:46:38.302+0000] {taskinstance.py:1165} INFO - Dependencies all met for <TaskInstance: parallel_dag.load_a scheduled__2023-11-21T00:00:00+00:00 [queued]>
[2023-11-22T19:46:38.313+0000] {taskinstance.py:1165} INFO - Dependencies all met for <TaskInstance: parallel_dag.load_a scheduled__2023-11-21T00:00:00+00:00 [queued]>
[2023-11-22T19:46:38.313+0000] {taskinstance.py:1362} INFO - 
--------------------------------------------------------------------------------
[2023-11-22T19:46:38.313+0000] {taskinstance.py:1363} INFO - Starting attempt 1 of 1
[2023-11-22T19:46:38.313+0000] {taskinstance.py:1364} INFO - 
--------------------------------------------------------------------------------
[2023-11-22T19:46:38.339+0000] {taskinstance.py:1383} INFO - Executing <Task(BashOperator): load_a> on 2023-11-21 00:00:00+00:00
[2023-11-22T19:46:38.348+0000] {standard_task_runner.py:55} INFO - Started process 459 to run task
[2023-11-22T19:46:38.351+0000] {standard_task_runner.py:82} INFO - Running: ['***', 'tasks', 'run', 'parallel_dag', 'load_a', 'scheduled__2023-11-21T00:00:00+00:00', '--job-id', '87', '--raw', '--subdir', 'DAGS_FOLDER/parallel_dag.py', '--cfg-path', '/tmp/tmpjfzhdyr6']
[2023-11-22T19:46:38.351+0000] {standard_task_runner.py:83} INFO - Job 87: Subtask load_a
[2023-11-22T19:46:38.414+0000] {task_command.py:376} INFO - Running <TaskInstance: parallel_dag.load_a scheduled__2023-11-21T00:00:00+00:00 [running]> on host 49848d97c831
[2023-11-22T19:46:38.520+0000] {taskinstance.py:1592} INFO - Exporting the following env vars:
AIRFLOW_CTX_DAG_OWNER=***
AIRFLOW_CTX_DAG_ID=parallel_dag
AIRFLOW_CTX_TASK_ID=load_a
AIRFLOW_CTX_EXECUTION_DATE=2023-11-21T00:00:00+00:00
AIRFLOW_CTX_TRY_NUMBER=1
AIRFLOW_CTX_DAG_RUN_ID=scheduled__2023-11-21T00:00:00+00:00
[2023-11-22T19:46:38.521+0000] {subprocess.py:63} INFO - Tmp dir root location: 
 /tmp
[2023-11-22T19:46:38.522+0000] {subprocess.py:75} INFO - Running command: ['/bin/bash', '-c', 'sleep 10']
[2023-11-22T19:46:38.537+0000] {subprocess.py:86} INFO - Output:
[2023-11-22T19:46:48.542+0000] {subprocess.py:97} INFO - Command exited with return code 0
[2023-11-22T19:46:48.579+0000] {taskinstance.py:1406} INFO - Marking task as SUCCESS. dag_id=parallel_dag, task_id=load_a, execution_date=20231121T000000, start_date=20231122T194638, end_date=20231122T194648
[2023-11-22T19:46:48.621+0000] {local_task_job.py:164} INFO - Task exited with return code 0
[2023-11-22T19:46:48.657+0000] {local_task_job.py:273} INFO - 1 downstream tasks scheduled from follow-on schedule check
