[2023-12-05T18:33:23.212+0000] {taskinstance.py:1165} INFO - Dependencies all met for <TaskInstance: group_dag.transform_b scheduled__2023-12-04T00:00:00+00:00 [queued]>
[2023-12-05T18:33:23.233+0000] {taskinstance.py:1165} INFO - Dependencies all met for <TaskInstance: group_dag.transform_b scheduled__2023-12-04T00:00:00+00:00 [queued]>
[2023-12-05T18:33:23.233+0000] {taskinstance.py:1362} INFO - 
--------------------------------------------------------------------------------
[2023-12-05T18:33:23.233+0000] {taskinstance.py:1363} INFO - Starting attempt 1 of 1
[2023-12-05T18:33:23.233+0000] {taskinstance.py:1364} INFO - 
--------------------------------------------------------------------------------
[2023-12-05T18:33:23.282+0000] {taskinstance.py:1383} INFO - Executing <Task(BashOperator): transform_b> on 2023-12-04 00:00:00+00:00
[2023-12-05T18:33:23.291+0000] {standard_task_runner.py:55} INFO - Started process 2124 to run task
[2023-12-05T18:33:23.297+0000] {standard_task_runner.py:82} INFO - Running: ['***', 'tasks', 'run', 'group_dag', 'transform_b', 'scheduled__2023-12-04T00:00:00+00:00', '--job-id', '236', '--raw', '--subdir', 'DAGS_FOLDER/group_dag.py', '--cfg-path', '/tmp/tmp4dd0jado']
[2023-12-05T18:33:23.297+0000] {standard_task_runner.py:83} INFO - Job 236: Subtask transform_b
[2023-12-05T18:33:23.412+0000] {task_command.py:376} INFO - Running <TaskInstance: group_dag.transform_b scheduled__2023-12-04T00:00:00+00:00 [running]> on host 29305dc74afc
[2023-12-05T18:33:23.554+0000] {taskinstance.py:1592} INFO - Exporting the following env vars:
AIRFLOW_CTX_DAG_OWNER=***
AIRFLOW_CTX_DAG_ID=group_dag
AIRFLOW_CTX_TASK_ID=transform_b
AIRFLOW_CTX_EXECUTION_DATE=2023-12-04T00:00:00+00:00
AIRFLOW_CTX_TRY_NUMBER=1
AIRFLOW_CTX_DAG_RUN_ID=scheduled__2023-12-04T00:00:00+00:00
[2023-12-05T18:33:23.556+0000] {subprocess.py:63} INFO - Tmp dir root location: 
 /tmp
[2023-12-05T18:33:23.556+0000] {subprocess.py:75} INFO - Running command: ['/bin/bash', '-c', 'sleep 10']
[2023-12-05T18:33:23.576+0000] {subprocess.py:86} INFO - Output:
[2023-12-05T18:33:33.579+0000] {subprocess.py:97} INFO - Command exited with return code 0
[2023-12-05T18:33:33.621+0000] {taskinstance.py:1406} INFO - Marking task as SUCCESS. dag_id=group_dag, task_id=transform_b, execution_date=20231204T000000, start_date=20231205T183323, end_date=20231205T183333
[2023-12-05T18:33:33.688+0000] {local_task_job.py:164} INFO - Task exited with return code 0
[2023-12-05T18:33:33.727+0000] {local_task_job.py:273} INFO - 0 downstream tasks scheduled from follow-on schedule check
