[2023-12-05T17:24:23.893+0000] {taskinstance.py:1165} INFO - Dependencies all met for <TaskInstance: parallel_dag.transform scheduled__2023-12-03T00:00:00+00:00 [queued]>
[2023-12-05T17:24:23.914+0000] {taskinstance.py:1165} INFO - Dependencies all met for <TaskInstance: parallel_dag.transform scheduled__2023-12-03T00:00:00+00:00 [queued]>
[2023-12-05T17:24:23.914+0000] {taskinstance.py:1362} INFO - 
--------------------------------------------------------------------------------
[2023-12-05T17:24:23.915+0000] {taskinstance.py:1363} INFO - Starting attempt 1 of 1
[2023-12-05T17:24:23.915+0000] {taskinstance.py:1364} INFO - 
--------------------------------------------------------------------------------
[2023-12-05T17:24:23.955+0000] {taskinstance.py:1383} INFO - Executing <Task(BashOperator): transform> on 2023-12-03 00:00:00+00:00
[2023-12-05T17:24:23.975+0000] {standard_task_runner.py:55} INFO - Started process 94 to run task
[2023-12-05T17:24:23.980+0000] {standard_task_runner.py:82} INFO - Running: ['***', 'tasks', 'run', 'parallel_dag', 'transform', 'scheduled__2023-12-03T00:00:00+00:00', '--job-id', '194', '--raw', '--subdir', 'DAGS_FOLDER/parallel_dag.py', '--cfg-path', '/tmp/tmpdrh2onja']
[2023-12-05T17:24:23.980+0000] {standard_task_runner.py:83} INFO - Job 194: Subtask transform
[2023-12-05T17:24:24.176+0000] {task_command.py:376} INFO - Running <TaskInstance: parallel_dag.transform scheduled__2023-12-03T00:00:00+00:00 [running]> on host bf9b25df297d
[2023-12-05T17:24:24.378+0000] {taskinstance.py:1592} INFO - Exporting the following env vars:
AIRFLOW_CTX_DAG_OWNER=***
AIRFLOW_CTX_DAG_ID=parallel_dag
AIRFLOW_CTX_TASK_ID=transform
AIRFLOW_CTX_EXECUTION_DATE=2023-12-03T00:00:00+00:00
AIRFLOW_CTX_TRY_NUMBER=1
AIRFLOW_CTX_DAG_RUN_ID=scheduled__2023-12-03T00:00:00+00:00
[2023-12-05T17:24:24.379+0000] {subprocess.py:63} INFO - Tmp dir root location: 
 /tmp
[2023-12-05T17:24:24.380+0000] {subprocess.py:75} INFO - Running command: ['/bin/bash', '-c', 'sleep 30']
[2023-12-05T17:24:24.400+0000] {subprocess.py:86} INFO - Output:
[2023-12-05T17:24:54.413+0000] {subprocess.py:97} INFO - Command exited with return code 0
[2023-12-05T17:24:54.452+0000] {taskinstance.py:1406} INFO - Marking task as SUCCESS. dag_id=parallel_dag, task_id=transform, execution_date=20231203T000000, start_date=20231205T172423, end_date=20231205T172454
[2023-12-05T17:24:54.489+0000] {local_task_job.py:164} INFO - Task exited with return code 0
[2023-12-05T17:24:54.512+0000] {local_task_job.py:273} INFO - 0 downstream tasks scheduled from follow-on schedule check
