[2023-12-05T19:36:26.431+0000] {taskinstance.py:1165} INFO - Dependencies all met for <TaskInstance: xcom_dag.t2 manual__2023-12-05T19:36:22.684954+00:00 [queued]>
[2023-12-05T19:36:26.440+0000] {taskinstance.py:1165} INFO - Dependencies all met for <TaskInstance: xcom_dag.t2 manual__2023-12-05T19:36:22.684954+00:00 [queued]>
[2023-12-05T19:36:26.440+0000] {taskinstance.py:1362} INFO - 
--------------------------------------------------------------------------------
[2023-12-05T19:36:26.440+0000] {taskinstance.py:1363} INFO - Starting attempt 1 of 1
[2023-12-05T19:36:26.440+0000] {taskinstance.py:1364} INFO - 
--------------------------------------------------------------------------------
[2023-12-05T19:36:26.463+0000] {taskinstance.py:1383} INFO - Executing <Task(PythonOperator): t2> on 2023-12-05 19:36:22.684954+00:00
[2023-12-05T19:36:26.472+0000] {standard_task_runner.py:55} INFO - Started process 5195 to run task
[2023-12-05T19:36:26.476+0000] {standard_task_runner.py:82} INFO - Running: ['***', 'tasks', 'run', 'xcom_dag', 't2', 'manual__2023-12-05T19:36:22.684954+00:00', '--job-id', '264', '--raw', '--subdir', 'DAGS_FOLDER/xcom_dag.py', '--cfg-path', '/tmp/tmp628zavj1']
[2023-12-05T19:36:26.477+0000] {standard_task_runner.py:83} INFO - Job 264: Subtask t2
[2023-12-05T19:36:26.597+0000] {task_command.py:376} INFO - Running <TaskInstance: xcom_dag.t2 manual__2023-12-05T19:36:22.684954+00:00 [running]> on host 29305dc74afc
[2023-12-05T19:36:26.684+0000] {taskinstance.py:1592} INFO - Exporting the following env vars:
AIRFLOW_CTX_DAG_OWNER=***
AIRFLOW_CTX_DAG_ID=xcom_dag
AIRFLOW_CTX_TASK_ID=t2
AIRFLOW_CTX_EXECUTION_DATE=2023-12-05T19:36:22.684954+00:00
AIRFLOW_CTX_TRY_NUMBER=1
AIRFLOW_CTX_DAG_RUN_ID=manual__2023-12-05T19:36:22.684954+00:00
[2023-12-05T19:36:26.693+0000] {python.py:177} INFO - Done. Returned value was: None
[2023-12-05T19:36:26.703+0000] {taskinstance.py:1406} INFO - Marking task as SUCCESS. dag_id=xcom_dag, task_id=t2, execution_date=20231205T193622, start_date=20231205T193626, end_date=20231205T193626
[2023-12-05T19:36:26.729+0000] {local_task_job.py:164} INFO - Task exited with return code 0
[2023-12-05T19:36:26.753+0000] {local_task_job.py:273} INFO - 0 downstream tasks scheduled from follow-on schedule check
