[2023-11-23T07:25:04.237+0000] {taskinstance.py:1165} INFO - Dependencies all met for <TaskInstance: consumer.read_dataset dataset_triggered__2023-11-23T07:25:03.200223+00:00 [queued]>
[2023-11-23T07:25:04.250+0000] {taskinstance.py:1165} INFO - Dependencies all met for <TaskInstance: consumer.read_dataset dataset_triggered__2023-11-23T07:25:03.200223+00:00 [queued]>
[2023-11-23T07:25:04.250+0000] {taskinstance.py:1362} INFO - 
--------------------------------------------------------------------------------
[2023-11-23T07:25:04.250+0000] {taskinstance.py:1363} INFO - Starting attempt 1 of 1
[2023-11-23T07:25:04.251+0000] {taskinstance.py:1364} INFO - 
--------------------------------------------------------------------------------
[2023-11-23T07:25:04.281+0000] {taskinstance.py:1383} INFO - Executing <Task(_PythonDecoratedOperator): read_dataset> on 2023-11-23 07:25:03.200223+00:00
[2023-11-23T07:25:04.289+0000] {standard_task_runner.py:55} INFO - Started process 88 to run task
[2023-11-23T07:25:04.292+0000] {standard_task_runner.py:82} INFO - Running: ['***', 'tasks', 'run', 'consumer', 'read_dataset', 'dataset_triggered__2023-11-23T07:25:03.200223+00:00', '--job-id', '108', '--raw', '--subdir', 'DAGS_FOLDER/consumer.py', '--cfg-path', '/tmp/tmpc96wjqkw']
[2023-11-23T07:25:04.293+0000] {standard_task_runner.py:83} INFO - Job 108: Subtask read_dataset
[2023-11-23T07:25:04.395+0000] {task_command.py:376} INFO - Running <TaskInstance: consumer.read_dataset dataset_triggered__2023-11-23T07:25:03.200223+00:00 [running]> on host 29305dc74afc
[2023-11-23T07:25:04.517+0000] {taskinstance.py:1592} INFO - Exporting the following env vars:
AIRFLOW_CTX_DAG_OWNER=***
AIRFLOW_CTX_DAG_ID=consumer
AIRFLOW_CTX_TASK_ID=read_dataset
AIRFLOW_CTX_EXECUTION_DATE=2023-11-23T07:25:03.200223+00:00
AIRFLOW_CTX_TRY_NUMBER=1
AIRFLOW_CTX_DAG_RUN_ID=dataset_triggered__2023-11-23T07:25:03.200223+00:00
[2023-11-23T07:25:04.518+0000] {logging_mixin.py:120} INFO - producer update
[2023-11-23T07:25:04.518+0000] {python.py:177} INFO - Done. Returned value was: None
[2023-11-23T07:25:04.543+0000] {taskinstance.py:1406} INFO - Marking task as SUCCESS. dag_id=consumer, task_id=read_dataset, execution_date=20231123T072503, start_date=20231123T072504, end_date=20231123T072504
[2023-11-23T07:25:04.594+0000] {local_task_job.py:164} INFO - Task exited with return code 0
[2023-11-23T07:25:04.624+0000] {local_task_job.py:273} INFO - 0 downstream tasks scheduled from follow-on schedule check
