[2023-12-05T17:23:56.721+0000] {taskinstance.py:1165} INFO - Dependencies all met for <TaskInstance: parallel_dag.extract_a scheduled__2023-12-03T00:00:00+00:00 [queued]>
[2023-12-05T17:23:56.879+0000] {taskinstance.py:1165} INFO - Dependencies all met for <TaskInstance: parallel_dag.extract_a scheduled__2023-12-03T00:00:00+00:00 [queued]>
[2023-12-05T17:23:56.880+0000] {taskinstance.py:1362} INFO - 
--------------------------------------------------------------------------------
[2023-12-05T17:23:56.880+0000] {taskinstance.py:1363} INFO - Starting attempt 1 of 1
[2023-12-05T17:23:56.896+0000] {taskinstance.py:1364} INFO - 
--------------------------------------------------------------------------------
[2023-12-05T17:23:57.318+0000] {taskinstance.py:1383} INFO - Executing <Task(BashOperator): extract_a> on 2023-12-03 00:00:00+00:00
[2023-12-05T17:23:57.391+0000] {standard_task_runner.py:55} INFO - Started process 67 to run task
[2023-12-05T17:23:57.447+0000] {standard_task_runner.py:82} INFO - Running: ['***', 'tasks', 'run', 'parallel_dag', 'extract_a', 'scheduled__2023-12-03T00:00:00+00:00', '--job-id', '181', '--raw', '--subdir', 'DAGS_FOLDER/parallel_dag.py', '--cfg-path', '/tmp/tmppn3opfvp']
[2023-12-05T17:23:57.452+0000] {standard_task_runner.py:83} INFO - Job 181: Subtask extract_a
[2023-12-05T17:23:58.378+0000] {task_command.py:376} INFO - Running <TaskInstance: parallel_dag.extract_a scheduled__2023-12-03T00:00:00+00:00 [running]> on host 29305dc74afc
[2023-12-05T17:23:59.439+0000] {taskinstance.py:1592} INFO - Exporting the following env vars:
AIRFLOW_CTX_DAG_OWNER=***
AIRFLOW_CTX_DAG_ID=parallel_dag
AIRFLOW_CTX_TASK_ID=extract_a
AIRFLOW_CTX_EXECUTION_DATE=2023-12-03T00:00:00+00:00
AIRFLOW_CTX_TRY_NUMBER=1
AIRFLOW_CTX_DAG_RUN_ID=scheduled__2023-12-03T00:00:00+00:00
[2023-12-05T17:23:59.440+0000] {subprocess.py:63} INFO - Tmp dir root location: 
 /tmp
[2023-12-05T17:23:59.444+0000] {subprocess.py:75} INFO - Running command: ['/bin/bash', '-c', 'sleep 10']
[2023-12-05T17:23:59.529+0000] {subprocess.py:86} INFO - Output:
[2023-12-05T17:24:09.547+0000] {subprocess.py:97} INFO - Command exited with return code 0
[2023-12-05T17:24:09.584+0000] {taskinstance.py:1406} INFO - Marking task as SUCCESS. dag_id=parallel_dag, task_id=extract_a, execution_date=20231203T000000, start_date=20231205T172356, end_date=20231205T172409
[2023-12-05T17:24:09.637+0000] {local_task_job.py:164} INFO - Task exited with return code 0
[2023-12-05T17:24:09.672+0000] {local_task_job.py:273} INFO - 1 downstream tasks scheduled from follow-on schedule check
